[1] 0100|00|d0|01|2e0478|75|u||--
[2] 0100|01|d0|01|2d0588|89|.||--
[3] 0100|00|00|05|fa0001|3423019fa9|4#...||43423
[4] 0100|01|00|0b|f301fe|342301000000000000b876|4#........v||30392
[5] 0100|00|00|05|fa0001|3458016f8b|4X.o.||35695
[6] 0100|01|00|06|f801fe|34580100b208|4X....||2226
[7] 0100|00|00|05|fa0001|10030154f0|...T.||61524
[8] 0100|01|00|07|f701fe|100301ffff859c|.......||40069
[9] 0100|00|00|05|fa0001|2004016bf2| ..k.||62059
[10] 0100|01|00|09|f501fe|200401ffffffff850d| ........||3461
[11] 0100|00|00|05|fa0001|200201cbf1| ....||61899
[12] 0100|09|08|0b|f301fe|200201ae8da802453b1e8d| ......E;..||36126
[13] 0100|00|00|05|fa0003|100301ecf1|.....||61932
[14] 0100|01|00|07|f701fe|100301ffff859c|.......||40069
[15] 0100|00|00|05|fa0003|200401d3f3| ....||62419
[16] 0100|01|00|09|f501fe|200401ffffffff850d| ........||3461
[17] 0100|00|00|05|fa0003|20020173f0| ..s.||61555
[18] 0100|01|00|0b|f301fe|2002010000000000006c4a| ........lJ||19052
[19] 0100|00|00|05|fa0001|3023009e29|0#..)||10654
[20] 0100|01|00|0b|f301fe|302300a619b0034f3b9ff2|0#.....O;..||62111
[21] 0100|00|00|05|fa0001|3023009e29|0#..)||10654
[22] 0100|01|00|0b|f301fe|302300d819b0034f3b81f8|0#.....O;..||63617
[23] 0100|00|00|05|fa0001|3043009e01|0C...||414
[24] 0100|01|00|06|f801fe|30430001d5b9|0C....||47573
[25] 0100|00|00|05|fa0001|54010121b1|T..!.||45345
[26] 0100|01|00|06|f801fe|54010100a1c6|T.....||50849
[27] 0100|00|d0|01|2e0478|75|u||--
[28] 0100|01|d0|01|2d0588|89|.||--
[29] 0100|00|00|05|fa0001|342101ffa8|4!...||43263
[30] 0100|01|00|0b|f301fe|34210100000000000061f7|4!.......a.||63329
[31] 0100|00|00|05|fa0001|340a010fb6|4....||46607
[32] 0100|01|00|07|f701fe|340a013c00aeff|4..<...||65454
[33] 0100|00|d0|01|2e0478|75|u||--
[34] 0100|01|d0|01|2d0588|89|.||--
[35] 0100|00|00|05|fa0001|541d01e1b9|T....||47585
[36] 0100|01|00|06|f801fe|541d0101a7c6|T.....||50855
[37] 0100|00|00|05|fa0001|347101ff94|4q...||38143
[38] 0100|01|00|06|f801fe|347101007ad9|4q..z.||55674
[39] 0100|00|d0|01|2e0478|75|u||--
[40] 0100|01|d0|01|2d0588|89|.||--
[41] 0100|00|00|05|fa0001|54100171bd|T..q.||48497
[42] 0100|01|00|06|f801fe|541001026517|T...e.||5989
[43] 0100|00|00|05|fa0001|10030154f0|...T.||61524
[44] 0100|01|00|07|f701fe|100301ffff859c|.......||40069
[45] 0100|00|00|05|fa0001|2004016bf2| ..k.||62059
[46] 0100|01|00|09|f501fe|200401ffffffff850d| ........||3461
[47] 0100|00|00|05|fa0001|200201cbf1| ....||61899
[48] 0100|01|00|0b|f301fe|200201ae8da802453b1e8d| ......E;..||36126
[49] 0100|00|00|05|fa0003|100301ecf1|.....||61932
[50] 0100|07|f7|01|fe1003|01|.||--
[51] 0100|00|00|05|fa0003|200401d3f3| ....||62419
[52] 0100|01|00|09|f501fe|200401ffffffff850d| ........||3461
[53] 0100|00|00|05|fa0003|20020173f0| ..s.||61555
[54] 0100|01|00|0b|f301fe|2002010000000000006c4a| ........lJ||19052
[55] 0100|00|00|05|fa0001|50aa00104e|P...N||19984
[56] 0100|01|00|06|f801fe|50aa0000e1b7|P.....||47073
[57] 0100|00|d0|01|2e0478|75|u||--
[58] 0100|01|d0|01|2d0588|89|.||--
[59] 0100|00|00|05|fa0001|506c00b01d|Pl...||7600
[60] 0100|00|ff|ff|ff00d2|01010000ffffff05d3c1031800d00c0010d403010000ffffff00d501010000ffffff05d6c1031800d00c001044ee010000b0024d0002b44a010001083fb782d703010000ffffff00d801010000ffffff05cb03010000ffffff00cc01010000ffffff05cdc1031800d00c0010ce03010000ffffff00cf01010000ffffff05bef40100000005fa000154080171b70100010007f701fe54080100001e6f0100000005fa00013422010fa8010001000bf301fe34220100000000000074b70100000005fa000110030154f00100010007f701fe100301ffff859c0100000005fa0001345501ff8f0500010006f801fe3455010071990100000005fa00013660016f|............................................D......M...J....?...........................................................................T..q.........T.....o........4"...........4".......t............T........................4U...........4U..q.........6`.o||28417
[61] 0100|01|00|0b|f301fe|366001000000000000fd2b|6`........+||11261
[62] 0100|00|00|05|fa0001|500e00d034|P...4||13520
[63] 0100|01|00|06|f801fe|500e000002f6|P.....||62978
[64] 0100|00|d0|01|2e0478|75|u||--
[65] 0100|01|d0|03|2d0588|890100|...||1
[66] 0100|01|00|07|f701fe|540401ff00be2d|T.....-||11710
[67] 0100|00|00|05|fa0001|54190121bb|T..!.||47905
[68] 0100|01|00|07|f701fe|5419013c00227b|T..<."{||31522
[69] 0100|00|d0|01|2e0478|75|u||--
[70] 0100|01|d0|01|2d0588|89|.||--
[71] 0100|00|00|05|fa0001|3423019fa9|4#...||43423
[72] 0100|01|00|0b|f301fe|342301000000000000b876|4#........v||30392
[73] 0100|00|00|05|fa0001|3458016f8b|4X.o.||35695
[74] 0100|01|00|06|f801fe|34580100b208|4X....||2226
[75] 0100|00|00|05|fa0001|10030154f0|...T.||61524
[76] 0100|01|00|07|f701fe|100301ffff859c|.......||40069
[77] 0100|00|00|05|fa0001|2004016bf2| ..k.||62059
[78] 0100|01|00|09|f501fe|200401ffffffff850d| ........||3461
[79] 0100|00|00|05|fa0001|200201cbf1| ....||61899
[80] 0100|01|04|0b|f301fe|200201ae8da802453b1e8d| ......E;..||36126
[81] 0100|00|00|05|fa0003|100301ecf1|.....||61932
[82] 0100|01|00|07|f701fe|100301ffff8594|.......||38021
[83] 0100|00|00|05|fa0003|200401d3f3| ....||62419
[84] 0100|01|00|09|f501fe|200401ffffffff850d| ........||3461
[85] 0100|00|00|05|fa0003|20020173f0| ..s.||61555
[86] 0100|01|00|0b|f301fe|2002010000000000006c4a| ........lJ||19052
[87] 0100|00|00|05|fa0001|3655013f2e|6U.?.||11839
[88] 0100|01|00|07|f701fe|365501b80bbdb6|6U.....||46781
[89] 0100|00|00|05|fa0001|365401af2f|6T../||12207
[90] 0100|01|00|07|f701fe|365401ac0d4338|6T...C8||14403
[91] 0100|00|00|05|fa0001|3013009e3d|0...=||15774
[92] 0100|01|00|06|f801fe|30130001c4b9|0.....||47556
[93] 0100|00|00|05|fa0001|3023009e29|0#..)||10654
[94] 0100|01|00|0b|f301fe|302300e241b0034f3b16dc|0#..A..O;..||56342
[95] 0100|00|00|05|fa0001|54010121b1|T..!.||45345
[96] 0100|01|00|06|f801fe|54010100a1c6|T.....||50849
[97] 0100|00|00|05|fa0001|1f8500f763|....c||25591
[98] 0100|01|00|06|f801fe|1f850003fdd0|......||53501
[99] 0100|00|00|05|fa0001|2001023ab1| ..:.||45370
[100] 0100|01|00|07|f701fe|20010215001922| ....."||8729
[101] 0100|00|00|05|fa0001|1f81033621|...6!||8502
[102] 0100|01|00|09|f501fe|1f000301000000bba4|.........||42171
[103] 0100|00|00|05|fa0003|101800dc3a|....:||15068
[104] 0100|01|00|06|f801fe|10180004c503|......||965
[105] 0100|00|00|05|fa0001|3019003e3b|0..>;||15166
[106] 0100|01|00|06|fa01fe|30190007c419|0.....||6596
[107] 0100|00|00|05|fa0001|342101ffa8|4!...||43263
[108] 0100|01|00|0b|f301fe|34210100000000000061f7|4!.......a.||63329
[109] 0100|00|00|05|fa0001|301901fefa|0....||64254
[110] 0100|81|00|09|fd01fe|3019010110010134de|0......4.||56884
[111] 0100|00|00|05|fa0001|340a010fb6|4....||46607
[112] 0100|01|00|07|f701fe|340a013c00aeff|4..<...||65454
[113] 0100|00|00|05|fa0001|301902ffba|0....||47871
[114] 0100|01|00|09|f501fe|30190201010102308a|0......0.||35376
[115] 0100|00|00|05|fa0001|3019033f7b|0..?{||31551
[116] 0100|01|00|09|f501fe|301903400100025ca2|0..@...\.||41564
[117] 0100|00|00|05|fa0001|301904fd3a|0...:||15101
[118] 0100|01|00|09|f501fe|30190401030000a123|0.......#||9121
[119] 0100|00|00|05|fa0001|3019053dfb|0..=.||64317
[120] 0100|01|00|09|f501fe|3019050d030000311d|0......1.||7473
[121] 0100|00|00|05|fa0001|3019063cbb|0..<.||47932
[122] 0100|01|00|09|f501fe|301906201000459b61|0.. ..E.a||24987
[123] 0100|00|00|05|fa0001|301907fc7a|0...z||31484
[124] 0100|01|00|09|f501fe|30190718030000fd60|0.......`||24829
[125] 0100|00|00|05|fa0003|301900863a|0...:||14982
[126] 0100|01|00|06|f801fe|301900000658|0....X||22534
[127] 0100|00|00|05|fa0001|222c006b8c|",.k.||35947
[128] 0100|01|00|06|f801fe|222c0001b08c|",....||36016
[129] 0100|00|00|05|fa0001|541d01e1b9|T....||47585
[130] 0100|01|00|06|f801fe|541d0101a7c6|T.....||50855
[131] 0100|00|00|05|fa0001|5001002031|P.. 1||12576
[132] 0100|01|00|06|f801fe|5001000001c6|P.....||50689
[133] 0100|00|00|05|fa0001|504400b003|PD...||944
[134] 0100|01|00|09|f501fe|504400050000001a4e|PD......N||19994
[135] 0100|00|00|05|fa0001|5045002002|PE. .||544
[136] 0100|01|00|09|f501fe|5045008e0000002f64|PE...../d||25647
[137] 0100|00|00|05|fa0001|504400b003|PD...||944
[138] 0100|09|f5|01|fe5044|00|.||--
[139] 0100|00|00|05|fa0001|5045002002|PE. .||544
[140] 0100|01|00|09|f501fe|5045008e0000002f64|PE...../d||25647
[141] 0100|00|00|05|fa0001|54100171bd|T..q.||48497
[142] 0100|01|00|06|f801fe|541001026517|T...e.||5989
[143] 0100|00|00|05|fa0001|340f015fb5|4.._.||46431
[144] 0100|01|00|19|e501fe|340f015374726566613100000000000000000000000000fe22|4..Strefa1.............."||8958
[145] 0100|00|00|05|fa0001|20010afcb0| ....||45308
[146] 0100|00|00|05|fa0001|10030154f0|...T.||61524
[147] 0100|01|08|07|f701fe|100301ffff859c|.......||40069
[148] 0100|00|00|05|fa0001|2004016bf2| ..k.||62059
[149] 0100|01|00|09|f501fe|200401ffffffff850d| ........||3461
[150] 0100|00|00|05|fa0001|200201cbf1| ....||61899
[151] 0100|00|00|05|fa0003|100301ecf1|.....||61932
[152] 0100|01|00|07|f701fe|100301ffff859c|.......||40069
[153] 0100|00|00|05|fa0003|200401d3f3| ....||62419
[154] 0100|01|00|09|f501fe|200401ffffffff850d| ........||3461
[155] 0100|00|00|05|fa0003|20020173f0| ..s.||61555
[156] 0100|01|00|0b|f301fe|2002010000000000006c4a| ........lJ||19052
[157] 0100|00|00|05|fa0001|50aa00104e|P...N||19984
[158] 0100|01|00|06|f801fe|50aa0000e1b7|P.....||47073
[159] 0100|00|d0|01|2e0478|74|t||--
[160] 0100|01|d0|01|2d0588|89|.||--
[161] 0100|00|00|05|fa0001|506c00b01d|Pl...||7600
[162] 0100|01|08|44|b20101|fe506c00d0c1031800d00c0010d103010000ffffff00d201010000ffffff05d3c1031800d00c0010d403010000ffffff00d501010000ffffff05d6c1031800d00c001044|.Pl................................................................D||17424
[163] 0100|00|b0|02|4d0002|b44a|.J||19124
[164] 0100|01|08|3f|b782d7|03010000ffffff00d801010000ffffff05d9c1031800d00c0010da03010000ffffff00db01010000ffffff05ce03010000ffffff00cf01010000ffffff0556|..............................................................V||22021
[165] 0100|00|00|05|fa0001|54080171b7|T..q.||46961
[166] 0100|01|00|07|f701fe|54080100001e6f|T.....o||28446
[167] 0100|00|00|05|fa0001|3422010fa8|4"...||43023
[168] 0100|01|00|0b|f301fe|34220100000000000074b7|4".......t.||46964
[169] 0100|00|00|06|f90401|341f0101232c|4...#,||11299
[170] 0100|01|00|05|f905fe|341f012849|4..(I||18728
[171] 0100|00|00|05|fa0001|10030154f0|...T.||61524
[172] 0100|01|00|07|f701fe|100301ffff859c|.......||40069
[173] 0100|00|00|0b|f40401|3423010000000000004c66|4#.......Lf||26188
[174] 0100|01|00|05|f945fe|3663012858|6c.(X||22568
[175] 0100|00|00|05|fa0001|345501ff8f|4U...||36863
[176] 0100|01|00|06|f801fe|345501007199|4U..q.||39281
[177] 0100|00|00|05|fa0001|54100171bd|T..q.||48497
[178] 0100|01|00|06|f801fe|541001016457|T...dW||22372
[179] 0100|00|00|05|fa0001|54190121bb|T..!.||47905
[180] 0100|01|00|07|f701fe|5419016400e248|T..d..H||18658
[181] 0100|00|00|05|fa0001|500e00d034|P...4||13520
[182] 0100|01|00|06|f801fe|500e000002f6|P.....||62978
[183] 0100|00|d0|01|2e0478|75|u||--
[184] 0100|01|d0|01|2d0588|89|.||--
[185] 0100|00|00|05|fa0001|54040171b2|T..q.||45681
[186] 0100|01|00|07|f701fe|540401ff00be2d|T.....-||11710
[187] 0100|00|00|05|fa0001|54190121bb|T..!.||47905
[188] 0100|01|00|07|f701fe|5419016400e240|T..d..@||16610
[189] 0100|00|d0|01|2e0478|75|u||--
[190] 0100|01|d0|01|2d0588|89|.||--
[191] 0100|00|00|05|fa0001|3423019fa9|4#...||43423
[192] 0100|01|00|0b|f301fe|342301000000000000b876|4#........v||30392
[193] 0100|00|00|05|fa0001|3458016f8b|4X.o.||35695
[194] 0100|01|00|06|f801fe|34580100b208|4X....||2226
[195] 0100|00|00|05|fa0001|10030154f0|...T.||61524
[196] 0100|01|00|07|f701fe|100301ffff859c|.......||40069
[197] 0100|00|00|05|fa0001|2004016bf2| ..k.||62059
[198] 0100|01|00|09|f501fe|200401ffffffff850d| ........||3461
[199] 0100|00|00|05|fa0001|200201cbf1| ....||61899
[200] 0100|01|00|0b|f301fe|200201ae8da802453b1e8d| ......E;..||36126
[201] 0100|00|00|05|fa0003|100301ecf1|.....||61932
[202] 0100|01|00|07|f701fe|100301ffff859c|.......||40069
[203] 0100|00|00|05|fa0003|200401d3f3| ....||62419
[204] 0100|01|00|09|f501fe|200401ffffffff850d| ........||3461
[205] 0100|00|00|05|fa0003|20020173f0| ..s.||61555
[206] 0100|01|00|0b|f301fe|2002010000000000006c4a| ........lJ||19052
[207] 0100|00|00|05|fa0001|3023009e29|0#..)||10654
[208] 0100|01|00|0b|f301fe|302300c667b0034f3b35d3|0#..g..O;5.||54069
[209] 0100|00|d0|01|2e0478|75|u||--
[210] 0100|01|d0|01|2d0588|89|.||--
[211] 0100|00|00|05|fa0001|560e011115|V....||5393
[212] 0100|01|00|06|f801fe|560e01001af7|V.....||63258
[213] 0100|00|00|05|fa0001|54010121b1|T..!.||45345
[214] 0100|01|00|06|f801fe|5c010100a1c6|\.....||50849
[215] 0100|00|00|05|fa0001|3012000e3c|0...<||15374
[216] 0100|01|00|06|f801fe|3012000104e8|0.....||59396
[217] 0100|00|d0|01|2e0478|75|u||--
[218] 0100|01|d0|01|2d0588|89|.||--
[219] 0100|00|00|05|fa0001|342101ffa8|4!...||43263
[220] 0100|01|00|0b|f301fe|34210100000000000061f7|4!.......a.||63329
[221] 0100|00|00|05|fa0001|340a010fb6|4....||46607
[222] 0100|07|f7|01|fe340a|01|.||--
[223] 0100|00|d0|01|2e0478|75|u||--
[224] 0100|01|d0|01|2d0588|89|.||--
[225] 0100|00|00|05|fa0001|541d01e1b9|T....||47585
[226] 0100|01|00|06|f801fe|541d0101a7c6|T.....||50855
[227] 0100|00|00|05|fa0001|501a00d03b|P...;||15312
[228] 0100|01|00|07|f701fe|501a00d60bc1d5|P......||54721
[229] 0100|00|d0|01|2e0478|75|u||--
[230] 0100|01|d0|01|2d0588|89|.||--
[231] 0100|00|00|05|fa0001|54100171bd|T..q.||48497
[232] 0100|01|00|06|f801fe|541001016457|T...dW||22372
[233] 0100|00|00|05|fa0001|10030154f0|...T.||61524
[234] 0100|01|00|07|f701fe|100301ffff859c|.......||40069
[235] 0100|00|00|05|fa0001|2004016bf2| ..k.||62059
[236] 0100|01|00|09|f501fe|200401ffffffff850d| ........||3461
[237] 0100|00|00|05|fa0001|200201cbf1| ....||61899
[238] 0100|01|00|0b|f301fe|200201ae8da802453b1e8d| ......E;..||36126
[239] 0100|00|00|05|fa0003|100301ecf1|.....||61932
[240] 0100|01|00|07|f701fe|100301ffff859c|.......||40069
[241] 0100|00|00|05|fa0003|200401d3f3| ....||62419
[242] 0100|01|00|09|f501fe|200401ffffffff850d| ........||3461
[243] 0100|00|00|05|fa0003|20020173f0| ..s.||61555
[244] 0100|01|00|0b|f301fe|2002010000000000006c4a| ........lJ||19052
[245] 0100|00|00|05|fa0001|50aa00104e|P...N||19984
[246] 0100|01|00|06|f801fe|50aa0000e1b7|P.....||47073
[247] 0100|00|00|07|f80401|543401030a0ae6|T4.....||58890
[248] 0100|01|00|05|f905fe|543401c657|T4..W||22470
[249] 0100|00|00|05|fa0001|506c00b01d|Pl...||7600
[250] 0100|01|08|44|b20101|fe506c00de01010000ffffff05d103010000ffffff00d201010000ffffff05d3c1031800d00c0010d403010000ffffff00d501010000ffffff05d6c1031800d00c00103b|.Pl................................................................;||15120
[251] 0100|00|b0|02|4d0002|b44a|.J||19124
[252] 0100|01|08|3f|b782d7|03010000ffffff00d801010000ffffff05d9c1031800d00c0010da03010000ffffff00db01010000ffffff05dc03010000ffffff00ddc1031800d00c00101b|...............................................................||6928
[253] 0100|00|00|05|fa0001|54080171b7|T..q.||46961
[254] 0100|01|00|07|f701fe|54080100001e6f|T.....o||28446
[255] 0100|00|00|05|fa0001|3422010fa8|4"...||43023
[256] 0100|01|00|0b|f301fe|34220100000000000074b7|4".......t.||46964
[257] 0100|00|00|05|fa0001|56100071dd|V..q.||56689
[258] 0100|01|00|07|f701fe|561000b80b7972|V....yr||29305
[259] 0100|00|00|05|fa0001|10030154f0|...T.||61524
[260] 0100|01|00|07|f701fe|100301ffff859c|.......||40069
[261] 0100|00|00|05|fa0001|345501ff8f|4U...||36863
[262] 0100|01|00|06|f801fe|345501007199|4U..q.||39281
[263] 0100|00|00|05|fa0001|3463015f98|4c._.||39007
[264] 0100|01|00|06|f801fe|346301007f79|4c...y||31103
[265] 0100|00|00|05|fa0001|500e00d034|P...4||13520
[266] 0100|01|00|06|f801fe|500e000002f6|P.....||62978
[267] 0100|00|d0|01|2e0478|75|u||--
[268] 0100|01|d0|01|2d0588|89|.||--
[269] 0100|00|00|05|fa0001|54040171b2|T..q.||45681
[270] 0100|01|00|07|f701fe|540401ff00be2d|T.....-||11710
[271] 0100|00|00|05|fa0001|54190121bb|T..!.||47905
[272] 0100|01|00|07|f701fe|5419016400e240|T..d..@||16610
[273] 0100|00|d0|01|2e0478|75|u||--
[274] 0100|01|d0|01|2d0588|89|.||--
[275] 0100|00|00|05|fa0001|3423019fa9|4#...||43423
[276] 0100|01|00|0b|f301fe|342301000000000000b876|4#........v||30392
[277] 0100|00|00|05|fa0001|3458016f8b|4X.o.||35695
[278] 0100|06|f8|01|fe3458|01|.||--
[279] 0100|00|00|05|fa0001|10030154f0|...T.||61524
[280] 0100|01|00|07|f701fe|100301ffff859c|.......||40069
[281] 0100|00|00|05|fa0001|2004016bf2| ..k.||62059
[282] 0100|01|00|09|f501fe|200401ffffffff850d| ........||3461
[283] 0100|00|00|05|fa0001|200201cbf1| ....||61899
[284] 0100|01|00|0b|f301fe|200201ae8da802453b1e8d| ......E;..||36126
[285] 0100|00|00|05|fa0003|100301ecf1|.....||61932
[286] 0100|01|00|07|f701fe|100301ffff859c|.......||40069
[287] 0100|00|00|05|fa0003|200401d3f3| ....||62419
[288] 0100|01|00|09|f501fe|200401ffffffff850d| ........||3461
[289] 0100|00|00|05|fa0003|20020173f0| ..s.||61555
[290] 0100|01|00|0b|f301fe|2002010000000000006c4a| ........lJ||19052
[291] 0100|00|00|05|fa0001|3023009e29|0#..)||10654
[292] 0100|01|00|0b|f301fe|302300d68eb0034f3b728c|0#.....O;r.||35954
[293] 0100|00|d0|01|2e0478|75|u||--
[294] 0100|01|d0|01|2d0588|89|.||--
[295] 0100|00|00|05|fa0001|54010121b1|T..!.||45345
[296] 0100|01|00|06|f801fe|54010100a1c6|T.....||50849
[297] 0100|00|d0|01|2e0478|75|u||--
[298] 0100|01|d0|01|2d0588|89|.||--
[299] 0100|00|00|05|fa0001|342101ffa8|4!...||43263
[300] 0100|01|00|0b|f301fe|34210100000000000061f7|4!.......a.||63329
[301] 0100|00|00|05|fa0001|340a010fb6|4....||46607
[302] 0100|01|00|07|f701fe|340a013c00aeff|4..<...||65454
[303] 0100|00|d0|01|2e0478|75|u||--
[304] 0100|01|d0|01|2d0588|89|.||--
[305] 0100|00|00|05|fa0001|541d01e1b9|T....||47585
[306] 0100|01|00|06|f801fe|541d0101a7c6|T.....||50855
[307] 0100|00|00|05|fa0001|347101ff94|4q...||38143
[308] 0100|01|00|06|f801fe|347101007ad9|4q..z.||55674
[309] 0100|00|d0|01|2e0478|75|u||--
[310] 0100|01|d0|01|2d0588|89|.||--
[311] 0100|00|00|05|fa0001|54100171bd|T..q.||48497
[312] 0100|01|00|06|f801fe|541001016457|T...dW||22372
[313] 0100|00|00|05|fa0001|10030154f0|...T.||61524
[314] 0100|01|00|07|f701fe|100301ffff859c|.......||40069
[315] 0100|00|00|05|fa0001|2004016bf2| ..k.||62059
[316] 0100|01|00|09|f501fe|200401ffffffff850d| ........||3461
[317] 0100|00|00|05|fa0001|200201cbf1| ....||61899
[318] 0100|01|00|0b|f301fe|200201ae8da802453b1e8d| ......E;..||36126
[319] 0100|00|00|05|fa0003|100301ecf1|.....||61932
[320] 0100|01|00|07|f701fe|100301ffff859c|.......||40069
[321] 0100|00|00|05|fa0003|200401d3f3| ....||62419
[322] 0100|01|00|09|f501fe|200401ffffffff850d| ........||3461
[323] 0100|00|00|05|fa0003|20020173f0| ..s.||61555
[324] 0100|01|00|0b|f301fe|2002010000000000006c4a| ........lJ||19052
[325] 0100|00|00|05|fa0001|50aa00104e|P...N||19984
[326] 0100|01|00|06|f801fe|50aa0000e1b7|P.....||47073
[327] 0100|00|d0|01|2e0478|75|u||--
[328] 0100|01|d0|01|2d0588|89|.||--
[329] 0100|00|00|05|fa0001|506c00b01d|Pl...||7600
[330] 0100|01|08|44|b20101|fe506c00de01010000ffffff055f03010000ffffff00e0c1031800d00c0010e101010000ffffff05d403010000ffffff00d501010000ffffff04d6c1031800d00c0010a3|.Pl.........._......................................................||41744
[331] 0100|00|b0|02|4d0002|b44a|.J||19124
[332] 0100|01|08|3f|b782d7|03010000ffffff00d801010000ffffff05d9c1031800d00c0010da03010000ffffff00db01010000ffffff05dc03010000ffffff00ddc1031800d00c00101b|...............................................................||6928
[333] 0100|00|00|05|fa0001|54080171b7|T..q.||46961
[334] 0100|01|00|07|f701fe|54080100001e6f|T.....o||28446
[335] 0100|00|00|05|fa0001|3422010fa8|4"...||43023
[336] 0100|01|00|0b|f301fe|34220100000000000074b7|4".......t.||46964
[337] 0100|00|00|05|fa0001|10030154f0|...T.||61524
[338] 0100|01|00|07|f701fe|100301ffff859c|.......||40069
[339] 0100|00|00|05|fa0001|345501ff8f|4U...||36863
[340] 0100|01|00|06|f801fe|345501007199|4U..q.||39281
[341] 0100|00|00|05|fa0001|3660016f39|6`.o9||14703
[342] 0100|01|00|0b|f301fe|366001000000080000fd2b|6`........+||11261
[343] 0100|00|00|05|fa0001|500e00d034|P...4||13520
[344] 0100|01|00|06|f801fe|500e000002f6|P.....||62978
[345] 0100|00|d0|01|2e0478|75|u||--
[346] 0100|01|d0|01|2d0588|89|.||--
[347] 0100|00|00|05|fa0001|54040171b2|T..q.||45681
[348] 0100|01|00|07|f701fe|540401ff00be2d|T.....-||11710
[349] 0100|00|00|05|fa0001|54190121bb|T..!.||47905
[350] 0100|01|00|07|f701fe|5419016400e240|T..d..@||16610
[351] 0100|00|d0|01|2e0478|75|u||--
[352] 0100|01|d0|01|2d0588|89|.||--
[353] 0100|00|00|05|fa0001|3423019fa9|4#...||43423
[354] 0100|01|00|0b|f301fe|342301000000000000b876|4#........v||30392
[355] 0100|00|00|05|fa0001|3458016f8b|4X.o.||35695
[356] 0100|01|00|06|f801fe|34580100b208|4X....||2226
[357] 0100|00|00|05|fa0001|10030154f0|...T.||61524
[358] 0100|01|00|07|f701fe|100301ffff859c|.......||40069
[359] 0100|00|00|05|fa0001|2004016bf2| ..k.||62059
[360] 0100|01|00|09|f501fe|200401ffffffff850d| ........||3461
[361] 0100|00|00|05|fa0001|200201cbf1| ....||61899
[362] 0100|01|00|0b|f301fe|200201ae8da802453b1e8d| ......E;..||36126
[363] 0100|00|00|05|fa0003|100301ecf1|.....||61932
[364] 0100|07|f7|01|fe1003|01|.||--
[365] 0100|00|00|05|fa0003|200401d3f3| ....||62419
[366] 0100|01|00|09|f501fe|200401ffffffff850d| ........||3461
[367] 0100|00|00|05|fa0003|20020173f0| ..s.||61555
[368] 0100|01|00|0b|f301fe|2002010000000000006c4a| ........lJ||19052
[369] 0100|00|00|05|fa0001|560f018114|V....||5249
[370] 0100|01|00|06|f801fe|560f01011a67|V....g||26394
[371] 0100|00|00|05|fa0001|3655013f2e|6U.?.||11839
[372] 0100|01|00|07|f701fe|365501b80bbdb6|6U.....||46781
[373] 0100|00|00|05|fa0001|365401af2f|6T../||12207
[374] 0100|01|00|07|f701fe|365401ac0d4338|6T...C8||14403
[375] 0100|00|00|05|fa0001|3023009e29|0#..)||10654
[376] 0100|01|00|0b|f301fe|302300aeb6b0034f3bcf27|0#.....O;.'||10191
[377] 0100|00|00|05|fa0001|560f018114|V....||5249
[378] 0100|01|00|06|f801fe|560f01011a67|V....g||26394
[379] 0100|00|00|05|fa0001|54010121b1|T..!.||45345
[380] 0100|01|00|06|f801fe|54010100a1c6|T.....||50849
[381] 0100|00|d0|01|2e0478|75|u||--
[382] 0100|01|d0|01|2d0588|89|.||--
[383] 0100|00|00|05|fa0001|342101ffa8|4!...||43263
[384] 0100|01|00|0b|f3017e|130a000000010060f7ff01|.......`...||511
[385] 0100|01|00|07|f701fe|340a013c00aeff|4..<...||65454
[386] 0100|00|d0|01|2e0478|75|u||--
[387] 0100|01|d0|01|2d0588|89|.||--
[388] 0100|00|00|05|fa0001|541d01e1b9|T....||47585
[389] 0100|01|00|06|f801fe|541d0101a7c6|T.....||50855
[390] 0100|00|00|05|fa0001|5001002031|P.. 1||12576
[391] 0100|01|00|06|f801fe|5001000001c6|P.....||50689
[392] 0100|00|d0|01|2e0478|75|u||--
[393] 0100|01|d0|01|2d0588|89|.||--
[394] 0100|00|00|05|fa0001|54100171bd|T..q.||48497
[395] 0100|01|00|06|f801fe|541001016457|T...dW||22372
[396] 0100|00|00|05|fa0001|10030154f0|...T.||61524
[397] 0100|01|00|07|f701fe|100301ffff859c|.......||40069
[398] 0100|00|00|05|fa0001|2004016bf2| ..k.||62059
[399] 0100|01|00|09|f501fe|200401ffffffff850d| ........||3461
[400] 0100|00|00|05|fa0001|200201cbf1| ....||61899
[401] 0100|00|00|05|fa0003|100301ecf1|.....||61932
[402] 0100|01|00|07|f701fe|100301ffff859c|.......||40069
[403] 0100|00|00|05|fa0003|200401d3f3| ....||62419
[404] 0100|01|00|09|f501fe|200401ffffffff850d| ........||3461
[405] 0100|00|00|05|fa0003|20020173f0| ..s.||61555
[406] 0100|01|00|0b|f301fe|2002010000000000006c4a| ........lJ||19052
[407] 0100|00|00|05|fa0001|50aa00104e|P...N||19984
[408] 0100|01|00|06|f801fe|50aa0000e1b7|P.....||47073
[409] 0100|00|d0|01|2e0478|75|u||--
[410] 0100|01|d0|01|2d0588|89|.||--
[411] 0100|00|00|05|fa0001|506c00b01d|Pl...||7600
[412] 0100|01|08|44|b20101|fe506c00de01010000ffffff05df03010000ffffbf00e0c1031800d00c0010e101010000ffffff05e203010000ffffff00e3c1031800d00c0010e401010000ffffff0505|.Pl.................................................................||1285
[413] 0100|00|b0|02|4d0002|b44a|.J||19124
[414] 0100|01|08|3f|b782d7|03010000ffffff00d801010000ffffff05d9c1031800d00c0010da03010000ffffff00db01010000ffffff05dc03010000ffffff00ddc1031800d00c00101b|...............................................................||6928
[415] 0100|00|00|05|fa0001|54080171b7|T..q.||46961
[416] 0100|01|00|07|f701fe|54080100001e6f|T.....o||28446
[417] 0100|00|00|05|fa0001|3422010fa8|4"...||43023
[418] 0100|01|00|0b|f301fe|34220100000000000074b7|4".......t.||46964
[419] 0100|00|00|05|fa0001|10030154f0|...T.||61524
[420] 0100|01|00|07|f701fe|100301ffff859c|.......||40069
[421] 0100|00|00|05|fa0001|345501ff8f|4U...||36863
[422] 0100|01|00|06|f801fe|345501007199|4U..q.||39281
[423] 0100|00|00|05|fa0001|541f0181b8|T....||47233
[424] 0100|01|00|06|f801fe|541f0100a7a6|T.....||42663
[425] 0100|00|00|05|fa0001|500e00d034|P...4||13520
[426] 0100|01|00|06|f801fe|500e000002f6|P.....||62978
[427] 0100|00|d0|01|2e0478|75|u||--
[428] 0100|01|d0|01|2d0588|89|.||--
[429] 0100|00|00|05|fa0001|54040171b2|T..q.||45681
[430] 0100|01|00|07|f701fe|540401ff00be2d|T.....-||11710
[431] 0100|00|00|05|fa0001|54190121bb|T..!.||47905
[432] 0100|01|00|07|f701fe|5419016400e240|T..d..@||16610
[433] 0100|00|d0|01|2e0478|75|u||--
[434] 0100|01|d0|01|2d0588|89|.||--
[435] 0100|00|00|05|fa0001|3423019fa9|4#...||43423
[436] 0100|01|00|0b|f301fe|342301000000000000b876|4#........v||30392
[437] 0100|00|00|05|fa0001|3458016f8b|4X.o.||35695
[438] 0100|01|00|06|f801fe|34580100b208|4X....||2226
[439] 0100|00|00|05|fa0001|10030154f0|...T.||61524
[440] 0100|01|00|07|f701fe|100301ffff859c|.......||40069
[441] 0100|00|00|05|fa0001|2004016bf2| ..k.||62059
[442] 0100|01|00|09|f501fe|200401ffffffff850d| ........||3461
[443] 0100|00|00|05|fa0001|200201cbf1| ....||61899
[444] 0100|01|00|0b|f301fe|200201ae8da802453b1e8d| ......E;..||36126
[445] 0100|00|00|05|fa0003|100301ecf1|.....||61932
[446] 0100|01|00|07|f701fe|100301ffff859c|.......||40069
[447] 0100|00|00|05|fa0003|200401d3f3| ....||62419
[448] 0100|01|00|09|f501fe|200401ffffffff850d| ........||3461
[449] 0100|00|00|06|f90401|341f0102226c|4..."l||27682
[450] 0100|01|00|05|f905fe|341f012849|4..(I||18728
[451] 0100|00|00|0b|f40401|3423010000000000004c66|4#.......Lf||26188
[452] 0100|01|00|05|f905fe|3423012858|4#.(X||22568
[453] 0100|00|00|05|fa0003|20020173f0| ..s.||61555
[454] 0100|01|00|0b|f301fe|2002010000000000006c4a| ........lJ||19052
[455] 0100|00|00|05|fa0001|3023009e29|0#..)||10654
[456] 0100|01|42|4b|f303fe|30230028ddb0034f3ba01d0100000005fa000154100171bd0100010006f801fe5410010265170100000005fa000154190121bb0100010007f702fe5419013c00227bf7010000d0012e0478|0#.(...O;..........T..q.........T...e.........T..!.........T..<."{........x||30724
[457] 0100|01|d0|01|2d0588|89|.||--
[458] 0100|00|00|05|fa0001|560e011115|V....||5393
[459] 0100|01|00|06|f801fe|560e01001af7|V.....||63258
[460] 0100|00|00|05|fa0001|54010121b1|T..!.||45345
[461] 0100|01|00|06|f801fe|54010100a1c6|T.....||50849
[462] 0100|00|d0|01|2e0478|75|u||--
[463] 0100|01|d0|01|2d0588|89|.||--
[464] 0100|00|00|05|fa0001|342101ffa8|4!...||43263
[465] 0100|01|00|0b|f301fe|34210100000000000061f7|4!.......a.||63329
[466] 0100|00|00|05|fa0001|340a010fb6|4....||46607
[467] 0100|01|00|07|f701fe|340a013c00aeff|4..<...||65454
[468] 0100|00|d0|01|2e0478|75|u||--
[469] 0100|01|d0|01|2d0588|89|.||--
[470] 0100|00|00|05|fa0001|541d01e1b9|T....||47585
[471] 0100|01|00|06|f801fe|541d0101a7c6|T.....||50855
[472] 0100|00|d0|01|2e0478|75|u||--
[473] 0100|01|d0|01|2d0588|89|.||--
[474] 0100|00|00|05|fa0001|54100171bd|T..q.||48497
[475] 0100|01|00|06|f801fe|541001026517|T...e.||5989
[476] 0100|00|00|05|fa0001|10030154f0|...T.||61524
[477] 0100|01|00|07|f701fe|100301ffff859c|.......||40069
[478] 0100|00|00|05|fa0001|2004016bf2| ..k.||62059
[479] 0100|01|00|09|f501fe|200401ffffffff850d| ........||3461
[480] 0100|00|00|05|fa0001|200201cbf1| ....||61899
[481] 0100|01|00|0b|f301fe|200201ae8dac02453b1e8d| ......E;..||36126
[482] 0100|00|00|05|fa0003|100301ecf1|.....||61932
[483] 0100|01|00|07|f701fe|100301ffff859c|.......||40069
[484] 0100|00|00|05|fa0003|200401d3f3| ....||62419
[485] 0100|01|00|09|f501fe|200401ffffffff850d| ........||3461
[486] 0100|00|00|05|fa0003|20020173f0| ..s.||61555
[487] 0100|01|00|0b|f301fe|2002010000000000006c4a| ........lJ||19052
[488] 0100|00|00|05|fa0001|50aa00104e|P...N||19984
[489] 0100|01|00|06|f801fe|50aa0000e1b7|P.....||47073
[490] 0100|00|00|07|f80401|543401040a3ae4|T4...:.||58426
[491] 0100|01|00|05|f905fe|543401c657|T4..W||22470
[492] 0100|00|00|05|fa0001|506c00b01d|Pl...||7600
[493] 0100|01|08|44|b20101|fe506c00de01010000ffffff05df03010000ffffff00e0c1031800d00c0010e101010000ffffff05e203010000ffffff00e3c1031800d00c0010e401010000ffffff0505|.Pl.................................................................||1285
[494] 0100|00|b0|02|4d0002|b44a|.J||19124
[495] 0100|01|08|3f|b782e5|03010000ffffff00e6c1031800d00c0010e701010000ffffff05da02010000ffffff00db01010000ffffff05dc03010000ffffff00ddc1031800d00c0010a3|...............................................................||41744
[496] 0100|00|00|05|fa0001|54080171b7|T..q.||46961
[497] 0100|01|00|07|f701fe|54080100001e6f|T.....o||28446
[498] 0100|00|00|05|fa0001|3422010fa8|4"...||43023
[499] 0100|01|00|0b|f301fe|34220100000000000074b7|4".......t.||46964
[500] 0100|00|00|05|fa0001|56100071dd|V..q.||56689
[501] 0100|01|00|07|f701fe|561000b80b7972|V....yr||29305
[502] 0100|00|00|05|fa0001|10030154f0|...T.||61524
[503] 0100|01|00|07|f701fe|100301ffff859c|.......||40069
[504] 0100|00|00|05|fa0001|345501ff8f|4U...||36863
[505] 0100|01|00|06|f801fe|345501007199|4U..q.||39281
[506] 0100|00|00|05|fa0001|500e00d034|P...4||13520
[507] 0100|01|00|06|f801fe|500e000002f6|P.....||62978
[508] 0100|00|d0|01|2e0478|75|u||--
[509] 0100|01|d0|01|2d0588|89|.||--
[510] 0100|00|00|05|fa0001|54040171b2|T..q.||45681
[511] 0100|01|00|07|f701fe|540401ff00be2d|T.....-||11710
[512] 0100|00|00|05|fa0001|54190121bb|T..!.||47905
[513] 0100|01|00|07|f701fe|5419013c00227b|T..<."{||31522
[514] 0100|00|d0|01|2e0478|75|u||--
[515] 0100|09|d0|01|2d0588|89|.||--
[516] 0100|00|00|05|fa0001|3423019fa9|4#...||43423
[517] 0100|01|00|0b|f301fe|342301000000000000b876|4#........v||30392
[518] 0100|00|00|05|fa0001|3458016f8b|4X.o.||35695
[519] 0100|01|00|06|f801fe|34580100b208|4X....||2226
[520] 0100|00|00|05|fa0001|10030154f0|...T.||61524
[521] 0100|01|00|07|f701fe|100301ffff859c|.......||40069
[522] 0100|00|00|05|fa0001|2004016bf2| ..k.||62059
[523] 0100|01|00|09|f501fe|200401ffffffff850d| ........||3461
[524] 0100|00|00|05|fa0001|200201cbf1| ....||61899
[525] 0100|01|00|0b|f301fe|200201ae8da802453b1e8d| ......E;..||36126
[526] 0100|00|00|05|fa0003|100301ecf1|.....||61932
[527] 0100|01|00|07|f701fe|100301ffff859c|.......||40069
[528] 0100|00|00|05|fa0003|200401d3f3| ....||62419
[529] 0100|01|00|09|f701fe|200401ffffffff850d| ........||3461
[530] 0100|00|00|05|fa0003|20020173f0| ..s.||61555
[531] 0100|01|00|0b|f301fe|2002010000000000006c4a| ........lJ||19052
[532] 0100|00|00|05|fa0001|3023009e29|0#..)||10654
[533] 0100|00|00|05|fa0001|3023009e29|0#..)||10654
[534] 0100|01|00|0b|f301fe|3023006a04b1034f3bad0e|0#.j...O;..||3757
[535] 0100|00|00|05|fa0001|3043009e01|0C...||414
[536] 0100|01|00|06|f801fe|30430001d5b9|0C....||47573
[537] 0100|00|00|05|fa0001|54010121b1|T..!.||45345
[538] 0100|01|00|06|f801fe|54010100a1c6|T.....||50849
[539] 0100|00|d0|01|2e0478|75|u||--
[540] 0100|01|d0|01|2d0588|89|.||--
[541] 0100|00|00|05|fa0001|342101ffa8|4!...||43263
[542] 0100|01|00|0b|f301fe|34210100000000000061f7|4!.......a.||63329
[543] 0100|00|00|05|fa0001|340a010fb6|4....||46607
[544] 0100|01|00|07|f701fe|340a013c00aeff|4..<...||65454
[545] 0100|00|d0|01|2e0478|75|u||--
[546] 0100|01|d0|01|2d0588|89|.||--
[547] 0100|00|00|05|fa0001|541d01e1b9|T....||47585
[548] 0100|01|00|06|f801fe|541d0101a7c6|T.....||50855
[549] 0100|00|00|05|fa0001|347101ff94|4q...||38143
[550] 0100|01|00|06|f801fe|347101007ad9|4q..z.||55674
[551] 0100|00|d0|01|2e0478|75|u||--
[552] 0100|01|d0|01|2d0588|89|.||--
[553] 0100|00|00|05|fa0001|54100171bd|T..q.||48497
[554] 0100|01|00|06|f801fe|541001026517|T...e.||5989
[555] 0100|00|00|05|fa0001|10030154f0|...T.||61524
[556] 0100|01|00|07|f701fe|100301ffff859c|.......||40069
[557] 0100|00|00|05|fa0001|2004016bf2| ..k.||62059
[558] 0100|01|00|09|f501fe|200401ffffffff850d| ........||3461
[559] 0100|00|00|05|fa0001|200201cbf1| ....||61899
[560] 0100|01|00|0b|f301fe|200201ae8da802453b1e8d| ......E;..||36126
[561] 0100|00|00|05|fa0003|100301ecf1|.....||61932
[562] 0100|01|00|07|f701fe|100301ffff859c|.......||40069
[563] 0100|00|00|05|fa0003|200401d3f3| ....||62419
[564] 0100|01|00|09|f501fe|200401ffffffff850d| ........||3461
[565] 0100|00|00|05|fa0003|20020173f0| ..s.||61555
[566] 0100|01|00|0b|f301fe|2002010000000000006c4a| ........lJ||19052
[567] 0100|00|00|05|fa0001|50aa00104e|P...N||19984
[568] 0100|01|00|06|f801fe|10aa0000e1b7|......||47073
[569] 0100|00|d0|01|2e0478|75|u||--
[570] 0100|01|d0|01|2d0588|89|.||--
[571] 0100|00|00|05|fa0001|506c00b01d|Pl...||7600
[572] 0100|01|08|44|b20101|fe506c00de01010000ffffff05df03010000ffffff00e0c1031800d00c0010e101010000ffffff05e203010000ffffff00e3c1031800d00c0010e401010000ffffff0505|.Pl.................................................................||1285
[573] 0100|00|b0|02|4d0002|b44a|.J||19124
[574] 0100|01|08|3f|b782e5|03010000ffffff00e6c1031800d00c0010e701010000ffffff05e803010000ffffff00e9c1031800d00c0010ea01010000ffffff05ddc1031800d00c0010b2|...............................................................||45584
[575] 0100|00|00|05|fa0001|54080171b7|T..q.||46961
[576] 0100|01|00|07|f701fe|54080100001e6f|T.....o||28446
[577] 0100|00|00|05|fa0001|3422010fa8|4"...||43023
[578] 0100|01|00|0b|f301fe|34220100000000000074b7|4".......t.||46964
[579] 0100|00|00|05|fa0001|10030154f0|...T.||61524
[580] 0100|01|00|07|f701fe|100301ffff859c|.......||40069
[581] 0100|00|00|05|fa0001|345501ff8f|4U...||36863
[582] 0100|01|00|46|f801fe|3455010071990100000005fa00013660016f39010001000bf301fe366001000000000000fd2b0100000005fa0001500e00d0340100010006f801fe500e000002f6ffffff0100|4U..q.........6`.o9........6`........+........P...4........P..........||1
[583] 0100|01|d0|01|2d0588|89|.||--
[584] 0100|00|00|05|fa0001|54040171b2|T..q.||45681
[585] 0100|01|00|07|f701fe|540401ff00be2d|T.....-||11710
[586] 0100|00|00|05|fa0001|54190121bb|T..!.||47905
[587] 0100|01|00|07|f701fe|5419013c00227b|T..<."{||31522
