[1] ff
[2] 8504
[3] b782e101
[4] f301fe302300168e62034f3b0aa4000000d0012e047875
[5] fefe
[6] ff
[7] ffff
[8] ff
[9] cd
[10] 43
[11] fcff
[12] 010809000bf301fe30230058b562034f3b214e
[13] ff
[14] fef8
[15] ffff
[16] 010203d0012d058889ff
[17] 010401d0012d058889
[18] 490041000bf301fe200201ae8da802453b1e8d
[19] ffff
[20] c2
[21] 43
[22] 000000d0012e047875
[23] ff
[24] ff
[25] ff
[26] ffff
[27] ff
[28] ffffd1ffb7
[29] 0fff
[30] a1
[31] ff
[32] 000000d0012e047875
[33] 89
[34] fe
[35] 010101d0012d058889ffff
[36] ff
[37] ff
[38] ff
[39] 0300
[40] ffff859c
[41] ff
[42] fdff
[43] 0f
[44] ba
[45] ff
[46] ff
[47] ff
[48] ffff
[49] feff
[50] 91
[51] e1
[52] 0908010806f801fe3458
[53] 7fff
[54] ff
[55] 0500
[56] 5374726566613100000000000000000000000000fe22
[57] 010afcb0
[58] 97
[59] e1
[60] ff
[61] 030001d0012d058889
[62] ff
[63] ff
[64] ff
[65] ffffffff
[66] ffff
[67] 0140
[68] 007199
[69] 36
[70] e1
[71] ff
[72] 030001d0012d058889
[73] 0000000005fa00013023009e29
[74] ff
[75] ffff
[76] 36
[77] 03
[78] ff
[79] ffff
[80] ff
[81] ff
[82] fe
[83] 36
[84] f9
[85] fff8
[86] 8100
[87] ae8da802453b1e8d
[88] ff
[89] ff
[90] ff
[91] ff
[92] ff
[93] 31
[94] 53
[95] ffffff
[96] 4100
[97] b61464034f3b3ee4ff
[98] 0900
[99] 221c64034f3b2b19
[100] ff
[101] ffffff
[102] fd
[103] 018001d0012d058889
[104] 0300030007f701fe100301ffff859c
[105] ff
[106] ff
[107] 79
[108] 53
[109] ff
[110] ff
[111] ff
[112] ffffff
[113] d9
[114] 25
[115] 0500
[116] 00b208
[117] ff
[118] 0108
[119] 086364034f3b2b0b
[120] 4300
[121] 0104e8ff
[122] 0000
[123] ffffffff850d
[124] 0302
[125] ae8da802453b1e8d
[126] feff
[127] ff7cfe
[128] ff
[129] 4100010844b20101fe506c0004c10318002e0e00100501
[130] 3463
[131] fa000154190121bb
[132] 010809000bf301fe302300188a64034f3b6c54
[133] ff
[134] 0900
[135] 016457ffff
[136] ff
[137] ff
[138] ff
[139] d9
[140] 1d
[141] 012001d0012d058889
[142] ff
[143] ff
[144] 014041000bf301fe200201ee8da802453b1e8d
[145] ff
[146] ffff
[147] ff
[148] ff
[149] ae
[150] 1d
[151] 00
[152] 00a7a6
[153] ffff
[154] ffffffff
[155] ffff
[156] 0000
[157] ffffffff850d
[158] ffff
[159] 2e
[160] 1d
[161] fff0
[162] 0908
[163] 16ff64034f3b89d8
[164] ff
[165] ffffff
[166] 4100030007f701fe360a013c00aeff
[167] fffefffef8
[168] ff
[169] 7f
[170] 6a
[171] feff
[172] 090001d0012d058889
[173] ffff
[174] ff
[175] 0900
[176] 0001c6
[177] ff
[178] 0900
[179] ffff859c
[180] 7f
[181] 40
[182] ff
[183] 8100
[184] 0104e8
[185] 05fa00012004016bf24900
[186] ffffffff850d
[187] 0900010c0bf309fe200201ae8da802453b1e8d
[188] 20010afcb0
[189] ff
[190] ff
[191] ff
[192] ff
[193] cc
[194] 68
[195] ffffffffff
[196] ff
[197] ff
[198] 000320020173f0
[199] ff
[200] ff
[201] 89
[202] 68
[203] ffff
[204] ffff
[205] ff
[206] fc
[207] ff
[208] 6a
[209] 68
[210] ffff
[211] ff
[212] 050001d0012d058889
[213] 4140
[214] ffff859c
[215] 6a
[216] 34
[217] fefefe
[218] ff
[219] 0000000005fa000154040171b2
[220] 41420b080bf301fe200201ae8da802453b1e8d
[221] 010801d0012d058889ffff
[222] 0108
[223] 016457
[224] ffffffffff
[225] 410203000bf301fe200201ae8da802453b1e8d
[226] 6a
[227] d9
[228] ffff
[229] ff
[230] ff
[231] fefefefefefefe
[232] ff
[233] 0900
[234] ae8da802453b1e8d
[235] 74
[236] 12
[237] ff
[238] ff
[239] ff
[240] 012d058889
[241] 0102
[242] ffffffff850d
[243] f8
[244] df
[245] 12
[246] 0000000005fa000156100071dd
[247] ff
[248] 0104
[249] d85e66034f3bc674
[250] ff
[251] ff
[252] ff
[253] 014043004bf301fe200201ae8da802453b1e8d
[254] fef8ff
[255] 4100
[256] 0002f6ff
[257] e9
[258] 80
[259] ff
[260] 4340
[261] 00b208
[262] fef8
[263] ff
[264] ff
[265] 034001d0012d058889
[266] 0140
[267] ae8da802453b1e8d
[268] e9
[269] b6
[270] ffff
[271] 0102
[272] ffff859c
[273] ff
[274] ff
[275] ffff
[276] 0108
[277] 007199
[278] 4100
[279] 0002f6ff
[280] e9
[281] 014001083fb7823501
[282] 00000005fa0001200a03ca77
[283] 4302
[284] 031b8400150013ae07
[285] 0102010246f801fe3471
[286] fa0003301900863a
[287] c5
[288] 0300030049f501fe200007a534f90e0325
[289] ff
[290] 38
[291] 49fdff
[292] fff7
[293] 9f
[294] ffff
[295] fb
[296] ffff
[297] efffff
[298] fb
[299] dfff
[300] ff
[301] ff
[302] ff
[303] 9b
[304] 49
[305] fefe
[306] ffff
[307] 4100
[308] ff00be2d
[309] 0102
[310] 0104e8
[311] ff3fff
[312] ff
[313] ff
[314] ff
[315] 0500
[316] ffff859c
[317] 014243400bf501fe5045008e0000002f64
[318] ff
[319] 20010afcb0
[320] ff
[321] 53
[322] 5f
[323] ff
[324] ffffffffffff
[325] ffffffff
[326] 0b0001d0012d058889
[327] ff
[328] ff
[329] 53
[330] 65
[331] ff
[332] ff
[333] ffff
[334] ff
[335] 410201d0032d058889
[336] ff
[337] a4
[338] fe
[339] 0302
[340] 00b208
[341] ff
[342] ff
[343] ffff
[344] 1b
[345] fe
[346] ff
[347] ff
[348] ff
[349] f3
[350] fe
[351] ff
[352] ff
[353] ffff000000d0012e047875
[354] ff
[355] ff
[356] dbffff
[357] ff
[358] feffffff
[359] 43420b400bf301fe200201ae8da802453b1e8d
[360] ffffffff
[361] 0300010844b20101fe506c004a01
[362] 6f8b0900
[363] 00b208ff
[364] ff
[365] 0300
[366] 0104e8ffff
[367] 0104
[368] ffff859c
[369] ffff
[370] ff
[371] fffe3f
[372] 0102
[373] 007199
[374] f3
[375] f0
[376] 0580
[377] 00001e6ffefb
[378] ffffff
[379] ffff
[380] 0000000005fa0001347101ff94
[381] 050001d0012d058889
[382] ffff000000d0012e047875
[383] f8
[384] 0300
[385] ffff859c
[386] ff
[387] 55
[388] fa
[389] ff
[390] ff
[391] ffffff
[392] 0108
[393] ffff859c
[394] ff
[395] 506c00b01d
[396] 6e
[397] fa
[398] ff
[399] 0108
[400] 00b208
[401] ff
[402] ffff
[403] 0900
[404] 016457
[405] ffff
[406] db
[407] 75
[408] 4100
[409] 00001e6f
[410] ff
[411] fef8fafa
[412] ff
[413] ffff
[414] 0300
[415] 000000000000fd2b
[416] ff
[417] 010241d0032d058889
[418] db
[419] 51
[420] ff
[421] fffdff
[422] ff
[423] 4102
[424] b80bbdb6
[425] ff
[426] db
[427] 3d
[428] ff
[429] ffffffff
[430] ffff
[431] ff
[432] 4100
[433] ffff859c
[434] ffc8
[435] ffff
[436] ff
[437] ff
[438] 8c
[439] 3d
[440] ffff
[441] 4100
[442] 2a1e69034f3b0f63
[443] ff
[444] 76
[445] 0900090006f801fe5401
[446] fa0001504400b003
[447] 000bf301fe3421
[448] f7
[449] ff
[450] ff
[451] 0102
[452] ffff859c
[453] 8100
[454] ffff859c
[455] ff
[456] 41
[457] 3d
[458] ffffff
[459] 0000000005fa0001365401af2f
[460] 0300
[461] ffff859c
[462] ff
[463] ffff
[464] ff
[465] ff
[466] fefe
[467] ff
[468] 410001d2092f058889
[469] 87
[470] 7f
[471] ff
[472] ff
[473] ff
[474] ffff
[475] 87
[476] 07
[477] 2100
[478] 00001e6f
[479] 0300
[480] 00b208ffffff
[481] fefefff0fffec8
[482] 0900
[483] ffff859c
[484] ff
[485] ff
[486] ffffffff
[487] f9fd
[488] 15
[489] 71
[490] ff
[491] ffff
[492] 0108
[493] b80bbdb6
[494] ff
[495] ffff
[496] ff
[497] ff
[498] 7e
[499] 71
[500] ff
[501] 0908
[502] 00b208
[503] ff
[504] ff
[505] ffffffff
[506] ff4000d0012e047875
[507] 090001080bf301fe200201ae8da802453b1e8d
[508] ff
[509] 1d
[510] 6e
[511] 71
[512] 4b02414007f701fe5408
[513] 190121bb
[514] ffff
[515] 0140
[516] 8a086a034f3b2832
[517] ff
[518] 0108
[519] 3c00aeff
[520] 0184050009f501fe30190401030000a123
[521] 3660016f39
[522] 0000ffffff0570c1031800060e00107101
[523] 000005fa00013423019fa9
[524] fcffff
[525] ffff
[526] 030201d0012d058889
[527] 6e
[528] 91
[529] ff
[530] ffffff
[531] 7875
[532] ff
[533] ff
[534] ff
[535] ff
[536] ff
[537] 4100
[538] ffff859c
[539] feff
[540] df
[541] 00
[542] 0b08
[543] 00001e6f
[544] ffff
[545] 090001d0012d058889
[546] ff
[547] 430003d0012d058889
[548] ffff
[549] ffff
[550] ff
[551] 034801d0012d058889
[552] 9c
[553] 00
[554] ff
[555] fffe
[556] 0900
[557] b80bbdb6
[558] ff
[559] ff
[560] 0102
[561] 5374726566613100000000000000000000000000fe22ff
[562] 0900
[563] ffff859c
[564] 850001d0012d058889
[565] 64
[566] 73
[567] 0500
[568] a8cb6a034f3bbb70ffffff
[569] ff
[570] ff
[571] 000005fa000150aa00104e
[572] f8
[573] 0108
[574] ffffffff850d
[575] ffff
[576] ff
[577] 64
[578] cd
[579] ff
[580] ff
[581] 8100
[582] eaf26a034f3b9ce3ff
[583] ff
[584] ff
[585] ffff
[586] ff
[587] 0102
[588] 007199
[589] 64
[590] 11
[591] ff
[592] 0300
[593] 00a1c6
[594] ff
[595] 010203d0012d058889
[596] ff
[597] ffff
[598] 06
[599] 11
[600] ff
[601] 0900
[602] 3200427f
[603] ffff4000d0012e047875
[604] ff
[605] 0140030007f701fe100301ffff859c
[606] 89ff
[607] ff
[608] ffff
[609] ff
[610] ff
[611] 01
[612] 11
[613] d0012e047875
[614] ff
[615] f8
[616] ff
[617] 010809d8012d058889
[618] cc
[619] c7
[620] f8ef
[621] ff
[622] 0900090006f801fe30130001c4b9
[623] ff
[624] 090a03400bf301fe200201ae8da802453b1e8d
[625] ff
