[1] 0100|00|d0|01|2e0478|75|u||--
[2] 0100|01|d0|01|2d0588|89|.||--
[3] 0100|00|00|05|fa0001|5001002031|P.. 1||12576
[4] 0100|01|00|06|f801fe|5001000001c6|P.....||50689
[5] 0100|00|00|05|fa0001|10030154f0|...T.||61524
[6] 0100|01|00|07|f701fe|100301ffff859c|.......||40069
[7] 0100|00|00|05|fa0001|2004016bf2| ..k.||62059
[8] 0100|01|00|09|f501fe|200401ffffffff850d| ........||3461
[9] 0100|00|00|05|fa0001|200201cbf1| ....||61899
[10] 0100|05|00|0b|f301fe|200201ae8da802453b1e8d| ......E;..||36126
[11] 0100|00|00|05|fa0003|100301ecf1|.....||61932
[12] 0100|01|00|07|f701fe|100301ffff859c|.......||40069
[13] 0100|00|00|05|fa0003|200401d3f3| ....||62419
[14] 0100|01|00|09|f501fe|200401ffffffff850d| ........||3461
[15] 0100|00|00|05|fa0003|20020173f0| ..s.||61555
[16] 0100|01|00|0b|f301fe|2002010000000000006c4a| ........lJ||19052
[17] 0100|00|00|05|fa0001|54100171bd|T..q.||48497
[18] 0100|01|00|06|f801fe|541001026517|T...e.||5989
[19] 0100|00|d0|01|2e0478|75|u||--
[20] 0100|01|d0|01|2d0588|89|.||--
[21] 0100|00|00|05|fa0001|506c00b01d|Pl...||7600
[22] 0100|01|08|44|b20101|fe506c004201010000ffffff0535c1031800580c00103601010000ffffff053703010000ffffff0038c1031800580c00103901010000ffffff053a03010000ffffff0043|.Pl.B........5....X...6........7........8....X...9........:........C||17152
[23] 0100|00|b0|02|4d0002|b44a|.J||19124
[24] 0100|01|08|3f|b7823b|c1031800580c00103c01010000ffffff053d03010000ffffff003ec1031800580c00103f01010000ffffff054003010000ffffff0041c1031800580c001048|....X...<........=........>....X...?........@........A....X...H||18448
[25] 0100|00|00|05|fa0001|54080171b7|T..q.||46961
[26] 0100|01|00|07|f701fe|54080100001e6f|T.....o||28446
[27] 0100|00|00|05|fa0001|3422010fa8|4"...||43023
[28] 0100|01|00|0b|f301fe|34220100000000000074b7|4".......t.||46964
[29] 0100|00|00|05|fa0001|50aa00104e|P...N||19984
[30] 0100|01|00|06|f801fe|50aa0000e1b7|P.....||47073
[31] 0100|00|d0|01|2e0478|75|u||--
[32] 0100|01|d0|01|2d0588|89|.||--
[33] 0100|00|00|05|fa0001|541f0181b8|T....||47233
[34] 0100|01|00|06|f801fe|541f0100a7a6|T.....||42663
[35] 0100|00|00|05|fa0001|10030154f0|...T.||61524
[36] 0100|01|00|07|f701fe|100301ffff859c|.......||40069
[37] 0100|00|00|05|fa0001|345501ff8f|4U...||36863
[38] 0100|01|00|06|f801fe|345501007199|4U..q.||39281
[39] 0100|00|d0|01|2e0478|75|u||--
[40] 0100|01|d0|01|2d0588|89|.||--
[41] 0100|00|00|05|fa0001|500e00d034|P...4||13520
[42] 0100|01|00|06|f801fe|500e000002f6|P.....||62978
[43] 0100|00|d0|01|2e0478|75|u||--
[44] 0100|01|d0|01|2d0588|89|.||--
[45] 0100|00|00|05|fa0001|3423019fa9|4#...||43423
[46] 0100|01|00|0b|f301fe|342301000000000000b876|4#........v||30392
[47] 0100|00|00|05|fa0001|54040171b2|T..q.||45681
[48] 0100|01|00|07|f701fe|540401f5001e2b|T.....+||11038
[49] 0100|00|00|05|fa0001|54190121bb|T..!.||47905
[50] 0100|01|00|07|f701fe|5419013c00227b|T..<."{||31522
[51] 0100|00|00|05|fa0001|10030154f0|...T.||61524
[52] 0100|01|00|07|f701fe|100301ffff859c|.......||40069
[53] 0100|00|00|05|fa0001|2004016bf2| ..k.||62059
[54] 0100|01|00|09|f501fe|200401ffffffff850d| ........||3461
[55] 0100|00|00|05|fa0001|200201cbf1| ....||61899
[56] 0100|0b|f3|01|fe2002|01|.||--
[57] 0100|00|00|05|fa0003|100301ecf1|.....||61932
[58] 0100|01|00|07|f701fe|100301ffff859c|.......||40069
[59] 0100|00|00|05|fa0003|200401d3f3| ....||62419
[60] 0100|01|00|09|f501fe|200401ffffffff850d| ........||3461
[61] 0100|00|00|05|fa0003|20020173f0| ..s.||61555
[62] 0100|01|00|0b|f301fe|2002010000000000006c4a| ........lJ||19052
[63] 0100|00|00|05|fa0001|3458016f8b|4X.o.||35695
[64] 0100|01|00|06|f801fe|34580100b208|4X....||2226
[65] 0100|00|d0|01|2e0478|75|u||--
[66] 0100|01|d0|01|2d0588|89|.||--
[67] 0100|00|00|05|fa0001|3023009e29|0#..)||10654
[68] 0100|01|00|0b|f301fe|30230010d3dc034f3b896d|0#.....O;.m||28041
[69] 0100|00|d0|01|2e0478|75|u||--
[70] 0100|01|d0|01|2d0588|89|.||--
[71] 0100|00|00|05|fa0001|560e011115|V....||5393
[72] 0100|01|00|06|7801fe|560e01001af7|V.....||63258
[73] 0100|00|00|05|fa0001|54010121b1|T..!.||45345
[74] 0100|01|00|06|f801fe|54010100a1c6|T.....||50849
[75] 0100|00|d0|01|2e0478|75|u||--
[76] 0100|01|d0|01|2d0588|89|.||--
[77] 0100|00|00|05|fa0001|541d01e1b9|T....||47585
[78] 0100|01|00|06|f801fe|541d0101a7c6|T.....||50855
[79] 0100|00|00|05|fa0001|342101ffa8|4!...||43263
[80] 0100|01|00|0b|f301fe|34210100000000000061f7|4!.......a.||63329
[81] 0100|00|00|05|fa0001|340a010fb6|4....||46607
[82] 0100|01|00|07|f701fe|340a013c00aeff|4..<...||65454
[83] 0100|00|d0|01|2e0478|75|u||--
[84] 0100|01|d0|01|2d0588|89|.||--
[85] 0100|00|00|05|fa0001|10030154f0|...T.||61524
[86] 0100|01|00|07|f701fe|100301ffff859c|.......||40069
[87] 0100|00|00|05|fa0001|2004016bf2| ..k.||62059
[88] 0100|00|00|05|fa0001|200201cbf1| ....||61899
[89] 0100|00|00|05|fa0003|100301ecf1|.....||61932
[90] 0100|01|00|07|f701fe|100301ffff859c|.......||40069
[91] 0100|00|00|05|fa0003|200401d3f3| ....||62419
[92] 0100|01|00|09|f501fe|200401ffffffff850d| ........||3461
[93] 0100|00|00|05|fa0003|20020173f0| ..s.||61555
[94] 0100|01|00|0b|f301fe|2002010000000000006c4a| ........lJ||19052
[95] 0100|00|00|05|fa0001|54100171bd|T..q.||48497
[96] 0100|01|00|06|f801fe|541001026517|T...e.||5989
[97] 0100|00|00|07|f80401|543401c2099bf7|T4.....||63387
[98] 0100|01|00|05|f905fe|543401c657|T4..W||22470
[99] 0100|00|00|05|fa0001|506c00b01d|Pl...||7600
[100] 0100|01|08|44|b20101|fe506c004201010000ffffff054303010000ffffff0044c1031d00580c00104501010213ffffff0538c1031800580c00103901010000ffffff053a03010000ffffff0032|.Pl.B........C........D....X...E........8....X...9........:........2||12800
[101] 0100|00|b0|02|4d0002|b44a|.J||19124
[102] 0100|01|08|3f|b7823b|c1031800580c00103c01010000ffffff053d03010000ffffff003ec1031800580c00103f01010000ffffff054003010000ffffff0041c1031800580c001048|....X...<........=........>....X...?........@........A....X...H||18448
[103] 0100|00|00|05|fa0001|54080171b7|T..q.||46961
[104] 0100|01|00|07|f701fe|54080100001e6f|T.....o||28446
[105] 0100|00|00|05|fa0001|3422010fa8|4"...||43023
[106] 0100|01|00|0b|f301fe|34220100000000000074b7|4".......t.||46964
[107] 0100|00|00|05|fa0001|50aa00104e|P...N||19984
[108] 0100|01|00|06|f801fe|50aa0000e1b7|P.....||47073
[109] 0100|00|d0|01|2e0478|75|u||--
[110] 0100|01|d0|01|2d0588|89|.||--
[111] 0100|00|00|05|fa0001|56100071dd|V..q.||56689
[112] 0100|01|00|07|f701fe|561000ac0d7bfd|V....{.||64891
[113] 0100|00|00|05|fa0001|10030154f0|...T.||61524
[114] 0100|01|00|07|f701fe|100301ffff859c|.......||40069
[115] 0100|00|00|05|fa0001|345501ff8f|4U...||36863
[116] 0100|01|08|06|f801fe|345501007199|4U..q.||39281
[117] 0100|00|d0|01|2e0478|75|u||--
[118] 0100|01|d0|01|2d0588|89|.||--
[119] 0100|00|00|05|fa0001|500e00d034|P...4||13520
[120] 0100|01|00|06|f801fe|500e000002f6|P.....||62978
[121] 0100|00|d0|01|2e0478|75|u||--
[122] 0100|01|d0|01|2d0588|89|.||--
[123] 0100|00|00|05|fa0001|3423019fa9|4#...||43423
[124] 0100|01|00|0b|f301fe|342301000000000000b876|4#........v||30392
[125] 0100|00|00|05|fa0001|54040171b2|T..q.||45681
[126] 0100|01|00|07|f701fe|540401f5001e2b|T.....+||11038
[127] 0100|00|00|05|fa0001|54190121bb|T..!.||47905
[128] 0100|01|00|07|f701fe|5419013c00227b|T..<."{||31522
[129] 0100|00|00|05|fa0001|10030154f0|...T.||61524
[130] 0100|01|08|07|f701fe|100301ffff859c|.......||40069
[131] 0100|00|00|05|fa0001|2004016bf2| ..k.||62059
[132] 0100|01|00|09|f501fe|200401ffffffff850d| ........||3461
[133] 0100|00|00|05|fa0001|200201cbf1| ....||61899
[134] 0100|00|00|05|fa0003|100301ecf1|.....||61932
[135] 0100|01|00|07|f701fe|100301ffff859c|.......||40069
[136] 0100|00|00|05|fa0003|200401d3f3| ....||62419
[137] 0100|01|00|09|f501fe|200401ffffffff850d| ........||3461
[138] 0100|00|00|05|fa0003|20020173f0| ..s.||61555
[139] 0100|01|00|0b|f301fe|2002010000000000006c4a| ........lJ||19052
[140] 0100|00|00|05|fa0001|3458016f8b|4X.o.||35695
[141] 0100|01|00|06|f801fe|34580100b208|4X....||2226
[142] 0100|00|00|05|fa0001|3023009e29|0#..)||10654
[143] 0100|01|00|0b|f301fe|3023006af6dc034f3bd42b|0#.j...O;.+||11220
[144] 0100|00|00|05|fa0001|3043009e01|0C...||414
[145] 0100|01|00|06|f801fe|30430001d5b9|0C....||47573
[146] 0100|00|d0|01|2e0478|75|u||--
[147] 0100|01|d0|01|2d0588|89|.||--
[148] 0100|01|00|0b|f301fe|30230020fadc034f3bbf35|0#. ...O;.5||13759
[149] 0100|00|d0|01|2e0478|75|u||--
[150] 0100|01|d0|01|2d0588|89|.||--
[151] 0100|00|00|05|fa0001|54010121b1|T..!.||45345
[152] 0100|01|00|06|f801fe|540101016107|T...a.||1889
[153] 0100|00|d0|01|2e0478|75|u||--
[154] 0100|01|d0|01|2d0588|89|.||--
[155] 0100|00|00|05|fa0001|541d01e1b9|T....||47585
[156] 0100|01|00|06|f801fe|541d0101a7c6|T.....||50855
[157] 0100|00|00|05|fa0001|342101ffa8|4!...||43263
[158] 0100|01|00|0b|f301fe|34210100000000000061f7|4!.......a.||63329
[159] 0100|00|00|05|fa0001|340a010fb6|4....||46607
[160] 0100|01|00|07|f701fe|340a013c00aeff|4..<...||65454
[161] 0100|00|d0|01|2e0478|75|u||--
[162] 0100|00|00|05|fa0001|347101ff94|4q...||38143
[163] 0100|01|00|06|f801fe|347101007ad9|4q..z.||55674
[164] 0100|00|00|05|fa0001|10030154f0|...T.||61524
[165] 0100|01|00|07|f701fe|100301ffff859c|.......||40069
[166] 0100|00|00|05|fa0001|2004016bf2| ..k.||62059
[167] 0100|01|00|09|f501fe|200401ffffffff850d| ........||3461
[168] 0100|00|00|05|fa0001|200201cbf1| ....||61899
[169] 0100|01|00|0b|f301fe|200201ae8da802453b1e8d| ......E;..||36126
[170] 0100|00|00|05|fa0003|100301ecf1|.....||61932
[171] 0100|01|00|07|f701fe|100301ffff859c|.......||40069
[172] 0100|00|00|05|fa0003|200401c3f3| ....||62403
[173] 0100|01|00|09|f501fe|200401ffffffff850d| ........||3461
[174] 0100|00|00|05|fa0003|20020173f0| ..s.||61555
[175] 0100|01|00|0b|f301fe|2002010000000000006c4a| ........lJ||19052
[176] 0100|00|00|05|fa0001|54100171bd|T..q.||48497
[177] 0100|01|00|06|f801fe|541001026517|T...e.||5989
[178] 0100|00|d0|01|2e0478|75|u||--
[179] 0100|01|d0|01|2d0588|89|.||--
[180] 0100|00|00|05|fa0001|506c00b01d|Pl...||7600
[181] 0100|01|08|44|b20101|be506c004201010000ffffff054303010000ffffff0044c1031d00580c00104501010213ffffff0546c1031f242e0e00104703010000ffffff004801010425ffffff0574|.Pl.B........C........D....X...E........F...$....G........H...%....t||29701
[182] 0100|00|b0|02|4d0002|b44a|.J||19124
[183] 0100|01|08|3f|b7823b|c1031800580c00103c01010000ffffff053d03010000ffffff003ec1031800580c00103f01010000ffffff054003010000ffffff0041c1031800580c001048|....X...<........=........>....X...?........@........A....X...H||18448
[184] 0100|00|00|05|fa0001|54080171b7|T..q.||46961
[185] 0100|01|00|07|f701fe|54080100001e6f|T.....o||28446
[186] 0100|00|00|05|fa0001|3422010fa8|4"...||43023
[187] 0100|01|00|0b|f301fe|34220100000000000074b7|4".......t.||46964
[188] 0100|00|00|05|fa0001|50aa00104e|P...N||19984
[189] 0100|01|00|06|f801fe|50aa0000e1b7|P.....||47073
[190] 0100|00|d0|01|2e0478|75|u||--
[191] 0100|01|d0|01|2d0588|89|.||--
[192] 0100|00|00|05|fa0001|10030154f0|...T.||61524
[193] 0100|01|00|07|f701fe|100301ffff859c|.......||40069
[194] 0100|00|00|05|fa0001|345501ff8f|4U...||36863
[195] 0100|01|00|06|f801fe|345521007199|4U!.q.||39281
[196] 0100|00|00|05|fa0001|3660016f39|6`.o9||14703
[197] 0100|01|00|0b|f301fe|366001000000000000fd2b|6`........+||11261
[198] 0100|00|d0|01|2e0478|75|u||--
[199] 0100|0d|d0|01|2d0588|89|.||--
[200] 0100|00|00|05|fa0001|500e00d034|P...4||13520
[201] 0100|01|00|06|f801fe|500e000002f6|P.....||62978
[202] 0100|00|d0|01|2e0470|75|u||--
[203] 0100|01|d0|01|2d0588|89|.||--
[204] 0100|00|00|05|fa0001|3423019fa9|4#...||43423
[205] 0100|01|00|0b|f301fe|342301000000000000b876|4#........v||30392
[206] 0100|00|00|05|fa0001|54040171b2|T..q.||45681
[207] 0100|01|00|07|f701fe|540401f5001e2b|T.....+||11038
[208] 0100|00|00|05|fa0001|54190121bb|T..!.||47905
[209] 0100|00|00|05|fa0001|10030154f0|...T.||61524
[210] 0100|01|00|07|f701fe|100301ffff859c|.......||40069
[211] 0100|00|00|05|fa0001|2004016bf2| ..k.||62059
[212] 0100|01|00|09|f501fe|200401ffffffff850d| ........||3461
[213] 0100|00|00|05|fa0001|200201cbf1| ....||61899
[214] 0100|01|00|0b|f301fe|200201ae8da802453b1e8d| ......E;..||36126
[215] 0100|00|00|05|fa0003|100301ecf1|.....||61932
[216] 0100|01|00|07|f701fe|100301ffff859c|.......||40069
[217] 0100|00|00|05|fa0003|200401d3f3| ....||62419
[218] 0100|01|00|09|f501fe|200401ffffffff850d| ........||3461
[219] 0100|00|00|05|fa0003|20020173f0| ..s.||61555
[220] 0100|01|00|0b|f301fe|2002010000000000006c4a| ........lJ||19052
[221] 0100|00|00|05|fa0001|3458016f8b|4X.o.||35695
[222] 0100|01|00|06|f801fe|34580100b208|4X....||2226
[223] 0100|00|d0|01|2e0478|75|u||--
[224] 0100|01|d0|01|2d0588|89|.||--
[225] 0100|00|00|05|fa0001|3655013f2e|6U.?.||11839
[226] 0100|01|00|07|f701fe|365501b80bbdb6|6U.....||46781
[227] 0100|00|00|05|fa0001|365401af2f|6T../||12207
[228] 0100|07|f7|01|fe3654|01|.||--
[229] 0100|00|00|05|fa0001|3013009e3d|0...=||15774
[230] 0100|01|00|06|f801fe|30130001c4b9|0.....||47556
[231] 0100|00|00|05|fa0001|3023009e29|0#..)||10654
[232] 0100|01|00|0b|f301fe|302300f821dd034f3b8842|0#..!..O;.B||17032
[233] 0100|00|d0|01|2e0478|75|u||--
[234] 0100|01|d0|01|2d0588|89|.||--
[235] 0100|00|00|05|fa0001|54010121b1|T..!.||45345
[236] 0100|01|00|06|f801fe|540101016107|T...a.||1889
[237] 0100|00|d0|01|2e0478|75|u||--
[238] 0100|01|d0|01|2d0588|89|.||--
[239] 0100|00|00|05|fa0001|541d01e1b9|T....||47585
[240] 0100|01|00|06|f801fe|541d0101a7c6|T.....||50855
[241] 0100|00|00|05|fa0001|342101ffa8|4!...||43263
[242] 0100|01|00|0b|f301fe|34210100000000000061f7|4!.......a.||63329
[243] 0100|00|00|05|fa0001|340a010fb6|4....||46607
[244] 0100|01|00|07|f701fe|340a013c00aeff|4..<...||65454
[245] 0100|00|d0|01|2e0478|75|u||--
[246] 0100|00|00|05|fa0001|5001002031|P.. 1||12576
[247] 0100|01|00|06|f801fe|50010001c107|P.....||1985
[248] 0100|00|00|05|fa0001|10030154f0|...T.||61524
[249] 0100|01|00|07|f701fe|100301ffff859c|.......||40069
[250] 0100|00|00|05|fa0001|2004016bf2| ..k.||62059
[251] 0100|01|00|09|f501fe|200401ffffffff850d| ........||3461
[252] 0100|00|00|05|fa0001|200201cbf1| ....||61899
[253] 0100|01|00|0b|f301fe|200201ae8da802453b1e8d| ......E;..||36126
[254] 0100|00|00|05|fa0003|100301ecf1|.....||61932
[255] 0100|07|f7|01|fe1003|01|.||--
[256] 0100|00|00|05|fa0003|200401d3f3| ....||62419
[257] 0100|01|00|09|f501fe|200401ffffffff850d| ........||3461
[258] 0100|00|00|05|fa0003|20020173f0| ..s.||61555
[259] 0100|01|00|0b|f301fe|2002010000000000006c4a| ........lJ||19052
[260] 0100|00|00|05|fa0001|54100171bd|T..q.||48497
[261] 0100|00|00|05|fa0001|340f015fb5|4.._.||46431
[262] 0100|19|e5|01|fe340f|01|.||--
[263] 0100|00|00|05|fa0001|506c00b01d|Pl...||7600
[264] 0100|01|08|44|b20101|fe506c004201010000ffffff054303010000e7ffff0044c1031d00580c00104501010213ffffff0546c1031f242e0e00104703010000ffffff004801010425ffffff0574|.Pl.B........C........D....X...E........F...$....G........H...%....t||29701
[265] 0100|00|b0|02|4d0002|b44a|.J||19124
[266] 0100|01|08|3f|b78249|c1031f232a1200104a03010000ffffff004b0101041effffff053ec1031800580c00103f01010000ffffff054003010000ffffff0041c1031800580c001026|...#*...J........K........>....X...?........@........A....X...&||9744
[267] 0100|00|00|05|fa0001|54080171b7|T..q.||46961
[268] 0100|01|00|07|f701fe|54080100001e6f|T.....o||28446
[269] 0100|00|00|05|fa0001|3422010fa8|4"...||43023
[270] 0100|01|00|0b|f301fe|34220100000000000074b7|4".......t.||46964
[271] 0100|00|00|05|fa0001|50aa00104e|P...N||19984
[272] 0100|01|00|06|f801fe|50aa0000e1b7|P.....||47073
[273] 0100|00|d0|01|2e0478|75|u||--
[274] 0100|01|d0|01|2d0588|89|.||--
[275] 0100|00|00|05|fa0001|10030154f0|...T.||61524
[276] 0100|01|00|07|f701fe|100301ffff859c|.......||40069
[277] 0100|00|00|05|fa0001|345501ff8f|4U...||36863
[278] 0100|01|00|06|f801fe|345501007199|4U..q.||39281
[279] 0100|00|d0|01|2e0478|75|u||--
[280] 0100|01|d0|01|2d0588|89|.||--
[281] 0100|00|00|05|fa0001|500e00d034|P...4||13520
[282] 0100|01|00|06|f801fe|500e000002f6|P.....||62978
[283] 0100|00|d0|01|2e0478|75|u||--
[284] 0100|01|d0|01|2d0588|89|.||--
[285] 0100|00|00|05|fa0001|3423019fa9|4#...||43423
[286] 0100|01|00|0b|f301fe|342301000000000000b876|4#........v||30392
[287] 0100|00|00|05|fa0001|54040171b2|T..q.||45681
[288] 0100|01|00|07|f701fe|540401f5001e2b|T.....+||11038
[289] 0100|00|00|05|fa0001|54190121bb|T..!.||47905
[290] 0100|01|00|07|f701fe|5419013c00227b|T..<."{||31522
[291] 0100|00|00|05|fa0001|10030154f0|...T.||61524
[292] 0100|01|00|07|f701fe|100301ffff859c|.......||40069
[293] 0100|00|00|05|fa0001|2004016bf2| ..k.||62059
[294] 0100|01|00|09|f501fe|200401ffffffff850d| ........||3461
[295] 0100|00|00|05|fa0001|200201cbf1| ....||61899
[296] 0100|0b|f3|01|fe2002|01|.||--
[297] 0100|00|00|05|fa0003|100301ecf1|.....||61932
[298] 0100|01|00|07|f701fe|100301ffff859c|.......||40069
[299] 0100|00|00|05|fa0003|200401d3f3| ....||62419
[300] 0100|01|00|09|f501fe|200401ffffffff850d| ........||3461
[301] 0100|00|00|05|fa0003|20020173f0| ..s.||61555
[302] 0100|01|00|0b|f301fe|2002010000000000006c4a| ........lJ||19052
[303] 0100|00|00|05|fa0001|3458016f8b|4X.o.||35695
[304] 0100|01|00|06|f801fe|34580100b208|4X....||2226
[305] 0100|00|d0|01|2e0478|75|u||--
[306] 0100|01|d0|01|2d0588|89|.||--
[307] 0100|00|00|05|fa0001|3023009e29|0#..)||10654
[308] 0100|01|00|0b|f301fe|3023004048dd034f3bf905|0#.@H..O;..||1529
[309] 0100|00|d0|01|2e0478|75|u||--
[310] 0100|01|d0|01|2d0588|89|.||--
[311] 0100|00|00|05|fa0001|560e011115|V....||5393
[312] 0100|01|00|06|f801fe|560e01001af7|V.....||63258
[313] 0100|00|00|05|fa0001|54010121b1|T..!.||45345
[314] 0100|01|00|06|f801fe|540101016107|T...a.||1889
[315] 0100|00|00|05|fa0001|3012000e3c|0...<||15374
[316] 0100|01|00|06|f801fe|3012000104e8|0.....||59396
[317] 0100|00|d0|01|2e0478|75|u||--
[318] 0100|01|d0|01|2d0588|89|.||--
[319] 0100|00|00|05|fa0001|541d01e1b9|T....||47585
[320] 0100|01|00|06|f801fe|541d0101a7c6|T.....||50855
[321] 0100|00|00|05|fa0001|342101ffa8|4!...||43263
[322] 0100|01|00|0b|f301fe|34210100000000000061f7|4!.......a.||63329
[323] 0100|00|00|05|fa0001|340a010fb6|4....||46607
[324] 0100|01|00|07|f701fe|340a013c00aeff|4..<...||65454
[325] 0100|00|d0|01|2e0478|75|u||--
[326] 0100|01|d0|01|2d0588|89|.||--
[327] 0100|00|00|05|fa0001|501a00d03b|P...;||15312
[328] 0100|01|00|07|f701fe|501a00cc0ba1de|P......||56993
[329] 0100|00|00|05|fa0001|10030154f0|...T.||61524
[330] 0100|07|f7|01|fe1003|01|.||--
[331] 0100|00|00|05|fa0001|2004016bf2| ..k.||62059
[332] 0100|01|00|09|f501fe|200401ffffffff850d| ........||3461
[333] 0100|00|00|05|fa0001|200201cbf1| ....||61899
[334] 0100|01|00|0b|f301fe|200201ae8da802453b1e8d| ......E;..||36126
[335] 0100|00|00|05|fa0003|100301ecf1|.....||61932
[336] 0100|01|00|07|f701fe|100301ffff859c|.......||40069
[337] 0100|00|00|05|fa0003|200401d3f3| ....||62419
[338] 0100|01|00|09|f501fe|200401ffffffff850d| ........||3461
[339] 0100|00|00|05|fa0003|20020173f0| ..s.||61555
[340] 0100|01|00|0b|f301fe|2002010000000000006c4a| ........lJ||19052
[341] 0100|00|00|05|fa0001|54100171bd|T..q.||48497
[342] 0100|01|00|06|f801fe|541001026517|T...e.||5989
[343] 0100|00|00|07|f80401|543401c1096bf7|T4...k.||63339
[344] 0100|01|00|05|f905fe|543401c657|T4..W||22470
[345] 0100|00|00|05|fa0001|506c00b01d|Pl...||7600
[346] 0100|01|08|44|b20101|fe506c004201010000ffffff054303010000ffffff0044c1031d00580c00104501010213ffffff0546c1031f242e0e00104703010000ffffff004801010425ffffff0574|.Pl.B........C........D....X...E........F...$....G........H...%....t||29701
[347] 0100|00|b0|02|4d0002|b44a|.J||19124
[348] 0100|01|08|3f|b78249|c1031f232a1200104a03010000ffffff004b0101041effffff054cc1031f22ee1100104d03010000ffffff004e0101041effffff0541c1031800580c0010ef|...#*...J........K........L..."....M........N........A....X....||61200
[349] 0100|00|00|05|fa0001|54080171b7|T..q.||46961
[350] 0100|01|00|07|f701fe|54080100001e6f|T.....o||28446
[351] 0100|00|00|05|fa0001|3422010fa8|4"...||43023
[352] 0100|01|00|0b|f301fe|34220100000000000074b7|4".......t.||46964
[353] 0100|00|00|05|fa0001|50aa00104e|P...N||19984
[354] 0100|01|00|06|f801fe|50aa0000e1b7|P.....||47073
[355] 0100|00|d0|01|2e0478|75|u||--
[356] 0100|01|d2|01|2d0588|89|.||--
[357] 0100|00|00|05|fa0001|56100071dd|V..q.||56689
[358] 0100|01|00|07|f701fe|561000ac0d7bfd|V....{.||64891
[359] 0100|00|00|05|fa0001|10030154f0|...T.||61524
[360] 0100|01|00|07|f701fe|100301ffff859c|.......||40069
[361] 0100|00|00|05|fa0001|345501ff8f|4U...||36863
[362] 0100|01|00|06|f801fe|345501007199|4U..q.||39281
[363] 0100|00|d0|01|2e0478|75|u||--
[364] 0100|01|d0|01|2d0588|89|.||--
[365] 0100|00|00|05|fa0001|3463015f98|4c._.||39007
[366] 0100|01|00|06|f801fe|346301007f79|4c...y||31103
[367] 0100|00|00|05|fa0001|500e00d034|P...4||13520
[368] 0100|01|00|06|f801fe|500e000002f6|P.....||62978
[369] 0100|00|d0|01|2e0478|75|u||--
[370] 0100|01|d0|01|2d0588|89|.||--
[371] 0100|00|00|05|fa0001|3423019fa9|4#...||43423
[372] 0100|01|00|0b|f301fe|342301000000000000b876|4#........v||30392
[373] 0100|00|00|05|fa0001|54040171b2|T..q.||45681
[374] 0100|01|00|07|f701fe|540401f5001e2b|T.....+||11038
[375] 0100|00|00|05|fa0001|54190121bb|T..!.||47905
[376] 0100|01|00|07|f701fe|5419013c00227b|T..<."{||31522
[377] 0100|00|00|05|fa0001|10030154f0|...T.||61524
[378] 0100|01|00|07|f701fe|100301ffff859c|.......||40069
[379] 0100|00|00|05|fa0001|2004016bf2| ..k.||62059
[380] 0100|03|00|09|f501fe|200401ffffffff850d| ........||3461
[381] 0100|00|00|05|fa0001|200201cbf1| ....||61899
[382] 0100|09|08|0b|f301fe|204201ae8da802453b1e8d| B.....E;..||36126
[383] 0100|00|00|05|fa0003|100301ecf1|.....||61932
[384] 0100|01|00|07|f701fe|100301ffff859c|.......||40069
[385] 0100|00|00|05|fa0003|200401d3f3| ....||62419
[386] 0100|01|00|09|f501fe|200401ffffffff850d| ........||3461
[387] 0100|00|00|05|fa0003|20020173f0| ..s.||61555
[388] 0100|01|00|0b|f301fe|2002010000000000006c4a| ........lJ||19052
[389] 0100|00|00|05|fa0001|3458016f8b|4X.o.||35695
[390] 0100|01|00|06|f801fe|34580100b208|4X....||2226
[391] 0100|00|d0|01|2e0478|75|u||--
[392] 0100|01|d0|01|2d0588|89|.||--
[393] 0100|00|00|05|fa0001|3023009e29|0#..)||10654
[394] 0100|01|00|0b|f301fe|302300506fdd034f3b6e33|0#.Po..O;n3||13166
[395] 0100|00|d0|01|2e0478|75|u||--
[396] 0100|01|d0|01|2d0588|89|.||--
[397] 0100|00|00|05|fa0001|54010121b1|T..!.||45345
[398] 0100|01|00|06|f801fe|540101016107|T...a.||1889
[399] 0100|00|00|05|fa0001|1f8500f763|....c||25591
[400] 0100|01|00|06|f801fe|1f850003fdd0|......||53501
[401] 0100|00|00|05|fa0001|2001023ab1| ..:.||45370
[402] 0100|01|00|07|f701fe|20010215001922| ....."||8729
[403] 0100|00|00|05|fa0001|1f81033621|...6!||8502
[404] 0100|01|00|09|f701fe|1f814301000000bba4|..C......||42171
[405] 0100|00|00|05|fa0003|101800dc3a|....:||15068
[406] 0100|00|00|05|fa0001|3019003e3b|0..>;||15166
[407] 0100|01|00|06|f801fe|30190007c419|0.....||6596
[408] 0100|00|00|05|fa0001|541d01e1b9|T....||47585
[409] 0100|01|02|06|f801fe|541d0101a7c6|T.....||50855
[410] 0100|00|00|05|fa0001|301901fefa|0....||64254
[411] 0100|01|00|09|f501fe|3019010110010134de|0......4.||56884
[412] 0100|00|00|05|fa0001|342101ffa8|4!...||43263
[413] 0100|01|00|0b|f301fe|34210100000000000061f7|4!.......a.||63329
[414] 0100|00|00|05|fa0001|301902ffba|0....||47871
[415] 0100|01|00|09|f501fe|30190241010102328a|0..A...2.||35378
[416] 0100|00|00|05|fa0001|340a010fb6|4....||46607
[417] 0100|09|00|07|f701fe|340a013c00aeff|4..<...||65454
[418] 0100|00|00|05|fa0001|3019033f7b|0..?{||31551
[419] 0100|01|00|09|f501fe|301903400100025ca2|0..@...\.||41564
[420] 0100|00|00|05|fa0001|301904fd3a|0...:||15101
[421] 0100|01|00|09|f501fe|30190401030000a123|0.......#||9121
[422] 0100|00|00|05|fa0001|3019053dfb|0..=.||64317
[423] 0100|01|00|09|f501fe|3019050d030000311d|0......1.||7473
[424] 0100|00|00|05|fa0001|3019063cbb|0..<.||47932
[425] 0100|01|00|09|f501fe|301906201000059b61|0.. ....a||24987
[426] 0100|00|00|05|fa0001|301907fc7a|0...z||31484
[427] 0100|01|00|09|f501fe|30190718030000fd60|0.......`||24829
[428] 0100|00|00|05|fa0003|301900863a|0...:||14982
[429] 0100|01|00|06|f801fe|301900000658|0....X||22534
[430] 0100|00|00|05|fa0001|222c006b8c|",.k.||35947
[431] 0100|01|00|06|f801fe|222c0001b08c|",....||36016
[432] 0100|00|00|05|fa0001|347101ff94|4q...||38143
[433] 0100|01|00|06|f801fe|347101007ad9|4q..z.||55674
[434] 0100|00|00|05|fa0001|504400b003|PD...||944
[435] 0100|09|f5|01|fe5044|00|.||--
[436] 0100|00|00|05|fa0001|5045002002|PE. .||544
[437] 0100|01|00|09|f501fe|5045008e0000002f64|PE...../d||25647
[438] 0100|00|00|05|fa0001|10030154f0|...T.||61524
[439] 0100|01|00|07|f701fe|100301ffff859c|.......||40069
[440] 0100|00|00|05|fa0001|2004016bf2| ..k.||62059
[441] 0100|01|00|09|f501fe|200401ffffffff850d| ........||3461
[442] 0100|00|00|05|fa0001|504400b003|PD...||944
[443] 0100|01|00|09|f501fe|504400050000001a4e|PD......N||19994
[444] 0100|00|00|05|fa0001|200201cbf1| ....||61899
[445] 0100|01|00|0b|f301fe|200201ae8da802453b1e8d| ......E;..||36126
[446] 0100|00|00|05|fa0001|5045002002|PE. .||544
[447] 0100|09|f5|01|fe5045|00|.||--
[448] 0100|00|00|05|fa0003|100301ecf1|.....||61932
[449] 0100|01|00|07|f701fe|100301ffff859c|.......||40069
[450] 0100|00|00|05|fa0003|200401d3f3| ....||62419
[451] 0100|01|00|09|f501fe|200401ffffffff850d| ........||3461
[452] 0100|00|00|05|fa0003|20020173f0| ..s.||61555
[453] 0100|01|00|0b|f301fe|2002010000000000006c4a| ........lJ||19052
[454] 0100|00|00|05|fa0001|54100171bd|T..q.||48497
[455] 0100|01|00|06|f801fe|541001026517|T...e.||5989
[456] 0100|00|00|05|fa0001|20010afcb0| ....||45308
[457] 0100|01|00|09|f501fe|20010a1923f37901da| ...#.y..||55809
[458] 0100|00|00|05|fa0001|506c00b01d|Pl...||7600
[459] 0100|01|08|44|b20101|fe506c005003010000ffffff00510101041effffff0544c1031d00580c00104501010213ffffff0546c1031f242e0e00104703010000ffffff004801010425ffffff0547|.Pl.P........Q........D....X...E........F...$....G........H...%....G||18181
[460] 0100|00|b0|02|4d0002|b44a|.J||19124
[461] 0100|01|08|3f|b78249|c1031f232a1200104a03010000ffffff004b0101041effffff054cc1031f22ee1100104d03010000ffffff004e0101041effffff054fc1031f13201200105d|...#*...J........K........L..."....M........N........O.... ...]||23824
[462] 0100|00|00|05|fa0001|54080171b7|T..q.||46961
[463] 0100|01|00|07|f701fe|54080100001e6f|T.....o||28446
[464] 0100|00|00|05|fa0001|3422010fa8|4"...||43023
[465] 0100|01|00|0b|f301fe|34220100000000000074b7|4".......t.||46964
[466] 0100|00|00|05|fa0001|50aa00104e|P...N||19984
[467] 0100|01|00|06|f801fe|50aa0000e1b7|P.....||47073
[468] 0100|00|d0|01|2e0478|75|u||--
[469] 0100|01|d0|01|2d0588|89|.||--
[470] 0100|00|00|05|fa0001|10030154f0|...T.||61524
[471] 0100|01|00|07|f701fe|100301ffff859c|.......||40069
[472] 0100|00|00|05|fa0001|345501ff8f|4U...||36863
[473] 0100|01|00|06|f801fe|345501007199|4U..q.||39281
[474] 0100|00|00|05|fa0001|3660016f39|6`.o9||14703
[475] 0100|01|00|0b|f301fe|366001000000000000fd2b|6`........+||11261
[476] 0100|00|d0|01|2e0478|75|u||--
[477] 0100|03|d2|01|2d4588|89|.||--
[478] 0100|00|00|05|fa0001|500e00d034|P...4||13520
[479] 0100|01|00|06|f801fe|500e000002f6|P.....||62978
[480] 0100|00|d0|01|2e0478|75|u||--
[481] 0100|01|d0|01|2d0588|89|.||--
[482] 0100|00|00|05|fa0001|3423019fa9|4#...||43423
[483] 0100|01|00|0b|f301fe|342301000000000000b876|4#........v||30392
[484] 0100|00|00|05|fa0001|54040171b2|T..q.||45681
[485] 0100|01|00|07|f701fe|540401f5001e2b|T.....+||11038
[486] 0100|00|00|05|fa0001|54190121bb|T..!.||47905
[487] 0100|01|00|07|f701fe|5419013c00227b|T..<."{||31522
[488] 0100|00|00|05|fa0001|10030154f0|...T.||61524
[489] 0100|01|00|07|f701fe|100301ffff859c|.......||40069
[490] 0100|00|00|05|fa0001|2004016bf2| ..k.||62059
[491] 0100|01|00|09|f501fe|200401ffffffff850d| ........||3461
[492] 0100|00|00|05|fa0001|200201cbf1| ....||61899
[493] 0100|01|00|0b|f301fe|200201ae8da802453b1e8d| ......E;..||36126
[494] 0100|00|00|05|fa0003|100301ecf1|.....||61932
[495] 0100|01|00|07|f701fe|100301ffff859c|.......||40069
[496] 0100|00|00|05|fa0003|200401d3f3| ....||62419
[497] 0100|01|00|09|f501fe|200401ffffffff850d| ........||3461
[498] 0100|00|00|05|fa0003|20020173f0| ..s.||61555
[499] 0100|01|00|0b|f301fe|2002010000000000006c4a| ........lJ||19052
[500] 0100|00|00|05|fa0001|3458016f8b|4X.o.||35695
[501] 0100|01|00|06|f801fe|34580100b208|4X....||2226
[502] 0100|00|00|05|fa0001|560f018114|V....||5249
[503] 0100|01|00|06|f801fe|560f01021b27|V....'||10011
[504] 0100|00|00|05|fa0001|560f018114|V....||5249
[505] 0100|01|00|06|f801fe|560f01021b27|V....'||10011
[506] 0100|00|00|05|fa0001|3655013f2e|6U.?.||11839
[507] 0100|07|f7|01|fe3655|01|.||--
[508] 0100|00|00|05|fa0001|365401af2f|6T../||12207
[509] 0100|01|00|07|f701fe|365401ac0d4338|6T...C8||14403
[510] 0100|00|00|05|fa0001|3023009e29|0#..)||10654
[511] 0100|0b|f3|01|fe3023|00|.||--
[512] 0100|00|d0|01|2e0478|75|u||--
[513] 0100|01|d0|01|2d0588|89|.||--
[514] 0100|00|00|05|fa0001|54010121b1|T..!.||45345
[515] 0100|01|00|06|f801fe|540101016107|T...a.||1889
[516] 0100|00|d0|01|2e0478|75|u||--
[517] 0100|01|d0|01|2d0588|89|.||--
[518] 0100|00|00|05|fa0001|541d01e1b9|T....||47585
[519] 0100|01|00|06|f801fe|541d0101a7c6|T.....||50855
[520] 0100|00|00|05|fa0001|342101ffa8|4!...||43263
[521] 0100|01|00|0b|f301fe|34210100000000000061f7|4!.......a.||63329
[522] 0100|00|00|05|fa0001|340a010fb6|4....||46607
[523] 0100|01|00|07|f701fe|340a013c00aeff|4..<...||65454
[524] 0100|00|d0|01|2e0478|75|u||--
[525] 0100|01|d0|01|2d0588|89|.||--
[526] 0100|00|00|05|fa0001|5001002031|P.. 1||12576
[527] 0100|01|00|06|f801fe|50010001c107|P.....||1985
[528] 0100|00|00|05|fa0001|10030154f0|...T.||61524
[529] 0100|01|00|07|f701fe|100301ffff859c|.......||40069
[530] 0100|00|00|05|fa0001|2004016bf2| ..k.||62059
[531] 0100|01|00|09|f501fe|200401ffffffff850d| ........||3461
[532] 0100|00|00|05|fa0001|200201cbf1| ....||61899
[533] 0100|01|00|0b|f301fe|200201ae8da802453b1e8d| ......E;..||36126
[534] 0100|00|00|05|fa0003|100301ecf1|.....||61932
[535] 0100|01|00|07|f701fe|100301ffff859c|.......||40069
[536] 0100|00|00|05|fa0003|200401d3f3| ....||62419
[537] 0100|01|00|09|f501fe|200401ffffffff850d| ........||3461
[538] 0100|00|00|05|fa0003|20020173f0| ..s.||61555
[539] 0100|01|00|0b|f301fe|2002010000000000006c4a| ........lJ||19052
[540] 0100|00|00|05|fa0001|54100171bd|T..q.||48497
[541] 0100|01|00|06|f801fe|541001026517|T...e.||5989
[542] 0100|00|d0|01|2e0478|75|u||--
[543] 0100|01|d0|01|2d0588|89|.||--
[544] 0100|00|00|05|fa0001|506c00b01d|Pl...||7600
[545] 0100|01|08|44|b20101|fe506c005003010000ffffff00510101041effffff0552c1031f1b2a1200105303010000ffffff00540101041effffff054703010000ffffff004801010425ffffff0595|.Pl.P........Q........R....*...S........T........G........H...%.....||38149
[546] 0100|00|b0|02|4d0002|b44a|.J||19124
[547] 0100|01|08|3f|b78249|c1031f232a1200104a03010000ffffff004b0101041effffff054cc1031f22ee1100104d03010000ffffff004e0101041effffff054fc1031f13201200105d|...#*...J........K........L..."....M........N........O.... ...]||23824
[548] 0100|00|00|05|fa0001|54080171b7|T..q.||46961
[549] 0100|01|00|07|f701fe|54080100001e6f|T.....o||28446
[550] 0100|00|00|05|fa0001|3422010fa8|4"...||43023
[551] 0100|01|00|0b|f301fe|34220100000000000074b7|4".......t.||46964
[552] 0100|00|00|05|fa0001|50aa00104e|P...N||19984
[553] 0100|01|00|06|f801fe|50aa0000e1b7|P.....||47073
[554] 0100|00|d0|01|2e0478|75|u||--
[555] 0100|01|d0|01|2d0588|89|.||--
[556] 0100|00|00|05|fa0001|541f0181b8|T....||47233
[557] 0100|01|00|06|f801fe|541f0100a7a6|T.....||42663
[558] 0100|00|00|05|fa0001|10030154f0|...T.||61524
[559] 0100|01|00|07|f701fe|100301ffff859c|.......||40069
[560] 0100|00|00|05|fa0001|345501ff8f|4U...||36863
[561] 0100|01|00|06|f801fe|345501007199|4U..q.||39281
[562] 0100|01|d0|01|2d0588|89|.||--
[563] 0100|00|00|05|fa0001|500e00d034|P...4||13520
[564] 0100|01|00|06|f801fe|500e000002f6|P.....||62978
[565] 0100|00|d0|01|2e0478|75|u||--
[566] 0100|01|d0|01|2d0588|89|.||--
[567] 0100|00|00|05|fa0001|3423019fa9|4#...||43423
[568] 0100|01|00|0b|f301fe|342301000000000000b876|4#........v||30392
[569] 0100|00|00|05|fa0001|54040171b2|T..q.||45681
[570] 0100|01|00|07|f701fe|540401f5001e2b|T.....+||11038
[571] 0100|00|00|05|fa0001|54190121bb|T..!.||47905
[572] 0100|07|f7|01|fe5419|01|.||--
[573] 0100|00|00|05|fa0001|10030154f0|...T.||61524
[574] 0100|01|00|07|f701fe|100301ffff859c|.......||40069
[575] 0100|00|00|05|fa0001|2004016bf2| ..k.||62059
[576] 0100|01|00|09|f501fe|200401ffffffff850d| ........||3461
[577] 0100|00|00|05|fa0001|200201cbf1| ....||61899
[578] 0100|01|00|0b|f301fe|200201ae8da802453b1e8d| ......E;..||36126
[579] 0100|00|00|05|fa0003|100301ecf1|.....||61932
[580] 0100|01|00|07|f701fe|100301ffff859c|.......||40069
[581] 0100|00|00|05|fa0003|200401d3f3| ....||62419
[582] 0100|01|00|09|f501fe|200401ffffffff850d| ........||3461
[583] 0100|00|00|05|fa0003|20020173f0| ..s.||61555
[584] 0100|01|00|0b|f301fe|2002010000000000006c4a| ........lJ||19052
[585] 0100|00|00|05|fa0001|3458016f8b|4X.o.||35695
[586] 0100|01|00|06|f801fe|34580100b208|4X....||2226
[587] 0100|00|d0|01|2e0478|75|u||--
[588] 0100|01|d0|01|2d0588|89|.||--
[589] 0100|00|00|05|fa0001|3023009e29|0#..)||10654
[590] 0100|01|00|0b|f301fe|30230070bddd034f3b1c8c|0#.p...O;..||35868
[591] 0100|00|d0|01|2e0478|75|u||--
[592] 0100|01|d0|01|2d0588|89|.||--
[593] 0100|00|00|05|fa0001|560e011115|V....||5393
[594] 0100|01|00|06|f801fe|560e01001af7|V.....||63258
[595] 0100|00|00|05|fa0001|54010121b1|T..!.||45345
[596] 0100|01|00|06|f801fe|540101016107|T...a.||1889
[597] 0100|00|d0|01|2e0478|75|u||--
[598] 0100|01|d0|01|2d0588|89|.||--
[599] 0100|00|00|05|fa0001|541d01e1b9|T....||47585
[600] 0100|01|00|06|f801fe|541d0101a7c6|T.....||50855
[601] 0100|00|00|05|fa0001|342101ffa8|4!...||43263
[602] 0100|01|00|0b|f301fe|34210100000000000061f7|4!.......a.||63329
[603] 0100|00|00|05|fa0001|340a010fb6|4....||46607
[604] 0100|01|00|07|f701fe|340a013c00aeff|4..<...||65454
[605] 0100|00|00|05|fa0001|200e000b35| ...5||13579
[606] 0100|01|00|07|f701fe|200e0068025c20| ..h.\ ||8284
[607] 0100|00|d0|01|2e0478|75|u||--
[608] 0100|01|d0|01|2d0588|89|.||--
[609] 0100|00|00|05|fa0001|10030154f0|...T.||61524
[610] 0100|01|00|07|f701fe|100301ffff859c|.......||40069
[611] 0100|00|00|05|fa0001|2004016bf2| ..k.||62059
[612] 0100|01|00|09|f501fe|200401ffffffff850d| ........||3461
[613] 0100|00|00|05|fa0001|200201cbf1| ....||61899
[614] 0100|00|00|05|fa0003|100301ecf1|.....||61932
[615] 0100|01|00|07|f701fe|100301ffff859c|.......||40069
[616] 0100|00|00|05|fa0003|200401d3f3| ....||62419
[617] 0100|01|00|09|f501fe|200401ffffffff850d| ........||3461
[618] 0100|00|00|05|fa0003|20020173f0| ..s.||61555
[619] 0100|01|00|0b|f301fe|2002010000000000006c4a| ........lJ||19052
[620] 0100|00|00|05|fa0001|54100171bd|T..q.||48497
[621] 0100|01|00|06|f801fe|541001026517|T...e.||5989
[622] 0100|00|00|07|f80401|543401c009fbf6|T4.....||63227
[623] 0100|01|00|05|f905fe|543401c657|T4..W||22470
[624] 0100|00|00|05|fa0001|506c00b01d|Pl...||7600
[625] 0100|01|08|44|b20101|fe506c005003010000ffffff00510101041effffff0552c1031f1b2a1200105303010000ffffff00540101041effffff0555c1031f107e1300105603010000ffffff0018|.Pl.P........Q........R....*...S........T........U....~...V.........||6144
[626] 0100|00|b0|02|4d0002|b44a|.J||19124
[627] 0100|01|08|3f|b78257|0101041effffff054a03010000ffffff004b0101041effffff054cc1031f22ee1100104d03010000ffffff004e0101041effffff054fc1031f132012001012|........J........K........L..."....M........N........O.... ....||4624
[628] 0100|00|00|05|fa0001|54080171b7|T..q.||46961
[629] 0100|01|00|07|f701fe|54080100001e6f|T.....o||28446
[630] 0100|00|00|05|fa0001|3422010fa8|4"...||43023
[631] 0100|01|00|0b|f301fe|34220100000000000074b7|4".......t.||46964
[632] 0100|00|00|05|fa0001|50aa00104e|P...N||19984
[633] 0100|01|00|06|f801fe|50aa0000e1b7|P.....||47073
[634] 0100|00|d0|01|2e0478|75|u||--
[635] 0100|00|00|05|fa0001|56100071dd|V..q.||56689
[636] 0100|01|00|07|f701fe|561000ac0d7bfd|V....{.||64891
[637] 0100|00|00|05|fa0001|10030154f0|...T.||61524
[638] 0100|01|00|07|f701fe|100301ffff859c|.......||40069
[639] 0100|00|00|05|fa0001|345501ff8f|4U...||36863
[640] 0100|01|00|06|f801fe|345501007199|4U..q.||39281
[641] 0100|00|d0|01|2e0478|75|u||--
[642] 0100|01|d0|01|2d0588|89|.||--
[643] 0100|00|00|05|fa0001|500e00d034|P...4||13520
[644] 0100|01|00|06|f801fe|500e000002f6|P.....||62978
[645] 0100|00|d0|01|2e0478|75|u||--
[646] 0100|01|d0|01|2d0588|89|.||--
[647] 0100|00|00|05|fa0001|3423019fa9|4#...||43423
[648] 0100|01|00|0b|f301fe|342301000000000000b876|4#........v||30392
[649] 0100|00|00|05|fa0001|54040171b2|T..q.||45681
[650] 0100|01|00|07|f701fe|540401f5001e2b|T.....+||11038
[651] 0100|00|00|05|fa0001|54190121bb|T..!.||47905
[652] 0100|01|00|07|f701fe|5419013c00227b|T..<."{||31522
[653] 0100|00|00|05|fa0001|10030154f0|...T.||61524
[654] 0100|01|00|07|f701fe|100301ffff859c|.......||40069
[655] 0100|00|00|05|fa0001|2004016bf2| ..k.||62059
[656] 0100|01|00|09|f501fe|200401ffffffff850d| ........||3461
[657] 0100|00|00|05|fa0001|200201cbf1| ....||61899
[658] 0100|01|00|0f|f301fe|200201ae8da802453b1e8d01000000| ......E;......||0
[659] 0100|01|00|07|f701fe|100301ffff859c|.......||40069
[660] 0100|00|00|05|fa0003|200401d3f3| ....||62419
[661] 0100|01|00|09|f501fe|200401ffffffff850d| ........||3461
[662] 0100|00|00|05|fa0003|20020173f0| ..s.||61555
[663] 0100|01|00|0b|f301fe|2002010000000000006c4a| ........lJ||19052
[664] 0100|00|00|05|fa0001|3458016f8b|4X.o.||35695
[665] 0100|01|00|06|f801fe|34580100b208|4X....||2226
[666] 0100|00|00|05|fa0001|3023009e29|0#..)||10654
[667] 0100|01|00|0b|f301fe|302300cae0dd034f3b4b7b|0#.....O;K{||31563
[668] 0100|00|00|05|fa0001|3043009e01|0C...||414
[669] 0100|01|00|06|f801fe|30430001d5b9|0C....||47573
[670] 0100|00|d0|01|2e0478|75|u||--
[671] 0100|01|d0|01|2d0588|89|.||--
[672] 0100|00|00|05|fa0001|3023009e29|0#..)||10654
[673] 0100|01|00|0b|f301fe|30230080e4dd034f3be184|0#.....O;..||34017
[674] 0100|00|d0|01|2e0478|75|u||--
[675] 0100|01|d0|01|2d0588|89|.||--
[676] 0100|00|00|05|fa0001|54010121b1|T..!.||45345
[677] 0100|01|00|06|f801fe|540101016107|T...a.||1889
[678] 0100|00|d0|01|2e0478|75|u||--
[679] 0100|01|d0|01|2d0588|89|.||--
[680] 0100|00|00|05|fa0001|541d01e1b9|T....||47585
[681] 0100|01|00|06|f801fe|541d0101a7c6|T.....||50855
[682] 0100|00|00|05|fa0001|342101ffa8|4!...||43263
[683] 0100|01|00|0b|f301fe|34210100000000000061f7|4!.......a.||63329
[684] 0100|00|00|05|fa0001|340a010fb6|4....||46607
[685] 0100|01|00|07|f701fe|340a013c00aeff|4..<...||65454
[686] 0100|00|d0|01|2e0478|75|u||--
[687] 0100|01|d0|01|2d0588|89|.||--
[688] 0100|00|00|05|fa0001|347101ff94|4q...||38143
[689] 0100|01|00|06|f801fe|347101007ad9|4q..z.||55674
[690] 0100|00|00|05|fa0001|10030154f0|...T.||61524
[691] 0100|41|00|07|f701fe|100301ffff859c|.......||40069
[692] 0100|00|00|05|fa0001|2004016bf2| ..k.||62059
[693] 0100|01|00|09|f501fe|200401ffffffff850d| ........||3461
[694] 0100|00|00|05|fa0001|200201cbf1| ....||61899
[695] 0100|00|00|05|fa0003|100301ecf1|.....||61932
[696] 0100|01|00|07|f701fe|100301ffff859c|.......||40069
[697] 0100|00|00|05|fa0003|200401d3f3| ....||62419
[698] 0100|01|00|09|f501fe|200401ffffffff850d| ........||3461
[699] 0100|00|00|05|fa0003|20020173f0| ..s.||61555
[700] 0100|01|00|0b|f301fe|2002010000000000006c4a| ........lJ||19052
[701] 0100|00|00|05|fa0001|54100171bd|T..q.||48497
[702] 0100|01|00|06|f801fe|541001026517|T...e.||5989
[703] 0100|00|d0|01|2e0478|75|u||--
[704] 0100|01|d0|01|2d0588|89|.||--
[705] 0100|00|00|05|fa0001|506c00b01d|Pl...||7600
[706] 0100|01|08|46|b20101|fe506c005003010000ffffff00510101041effffff0552c1031f1b2a1200105303010000ffffff00540101041effffff0555c1031f107e1300105603010000ffffff00182d01|.Pl.P........Q........R....*...S........T........U....~...V.........-.||301
[707] 0100|01|08|3f|b78257|0101041effffff0558c1031f10561300105903010000ffffff005a0101041effffff054d03010000ffffff004e0101041effffff054fc1031f1320120010a1|........X....V...Y........Z........M........N........O.... ....||41232
[708] 0100|00|00|05|fa0001|54080171b7|T..q.||46961
[709] 0100|01|00|07|f701fe|54080100001e6f|T.....o||28446
[710] 0100|00|00|05|fa0001|3422010fa8|4"...||43023
[711] 0100|01|00|0b|f301fe|34220100000000000074b7|4".......t.||46964
[712] 0100|00|00|05|fa0001|50aa00104e|P...N||19984
[713] 0100|01|00|06|f801fe|50aa0000e1b7|P.....||47073
[714] 0100|00|d0|01|2e0478|75|u||--
[715] 0100|01|d0|01|2d0588|89|.||--
[716] 0100|00|00|05|fa0001|10030154f0|...T.||61524
[717] 0100|01|00|07|f701fe|100301ffff859c|.......||40069
[718] 0100|00|00|05|fa0001|345501ff8f|4U...||36863
[719] 0100|06|f8|01|fe3455|01|.||--
[720] 0100|00|00|05|fa0001|3660016f39|6`.o9||14703
[721] 0100|01|00|0b|f301fe|366001000000000000fd2b|6`........+||11261
[722] 0100|00|d0|01|2e0478|75|u||--
[723] 0100|01|d0|01|2d0588|89|.||--
[724] 0100|00|00|05|fa0001|500e00d034|P...4||13520
[725] 0100|01|00|06|f801fe|500e000002f6|P.....||62978
[726] 0100|00|d0|01|2e0478|75|u||--
[727] 0100|01|d0|01|2d0588|89|.||--
[728] 0100|00|00|05|fa0001|3423019fa9|4#...||43423
[729] 0100|01|00|0b|f301fe|342301000000000000b876|4#........v||30392
[730] 0100|00|00|05|fa0001|54040171b2|T..q.||45681
[731] 0100|01|00|07|f701fe|540401f5001e2b|T.....+||11038
[732] 0100|00|00|05|fa0001|54190121bb|T..!.||47905
[733] 0100|07|f7|01|fe5419|01|.||--
[734] 0100|00|00|05|fa0001|10030154f0|...T.||61524
[735] 0100|01|00|07|f701fe|100301ffff859c|.......||40069
[736] 0100|00|00|05|fa0001|2004016bf2| ..k.||62059
[737] 0100|09|f5|01|fe2004|01|.||--
[738] 0100|00|00|05|fa0001|200201cbf1| ....||61899
[739] 0100|01|00|0b|f301fe|200201ae8de802453b1e8d| ......E;..||36126
[740] 0100|00|00|05|fa0003|100301ecf1|.....||61932
[741] 0100|07|f7|01|fe1003|01|.||--
[742] 0100|00|00|05|fa0003|200401d3f3| ....||62419
[743] 0100|01|00|09|f501fe|200401ffffffff850d| ........||3461
[744] 0100|00|00|05|fa0003|20020173f0| ..s.||61555
[745] 0100|0b|f3|01|fe2002|01|.||--
[746] 0100|00|00|05|fa0001|3458016f8b|4X.o.||35695
[747] 0100|01|00|06|f801fe|34580100b208|4X....||2226
[748] 0100|00|d0|01|2e0478|75|u||--
[749] 0100|01|d0|01|2d0588|89|.||--
[750] 0100|00|00|05|fa0001|3655013f2e|6U.?.||11839
[751] 0100|01|00|07|f701fe|365501b80bbdb6|6U.....||46781
[752] 0100|00|00|05|fa0001|365401af2f|6T../||12207
[753] 0100|01|00|07|f701fe|365401ac0d4338|6T...C8||14403
[754] 0100|00|00|05|fa0001|3013009e3d|0...=||15774
[755] 0100|01|00|06|f801fe|30130001c4b9|0.....||47556
[756] 0100|00|00|05|fa0001|3023009e29|0#..)||10654
[757] 0100|01|00|0b|f301fe|302300bc0cde034f3b8ee1|0#.....O;..||57742
[758] 0100|00|00|05|fa0001|54010121b1|T..!.||45345
[759] 0100|01|00|06|f801fe|540101016107|T...a.||1889
[760] 0100|00|d0|01|2e0478|75|u||--
[761] 0100|01|d0|01|2d0588|89|.||--
[762] 0100|00|00|05|fa0001|441d01e1b9|D....||47585
[763] 0100|01|00|06|f801fe|541d0101a7c6|T.....||50855
[764] 0100|00|00|05|fa0001|342101ffa8|4!...||43263
[765] 0100|01|00|0b|f301fe|34210100000000000061f7|4!.......a.||63329
[766] 0100|00|00|05|fa0001|340a010fb6|4....||46607
[767] 0100|01|00|07|f701fe|340a013c00aeff|4..<...||65454
[768] 0100|00|d0|01|2e0478|75|u||--
[769] 0100|00|00|05|fa0001|5001002031|P.. 1||12576
[770] 0100|01|00|06|f801fe|50010001c107|P.....||1985
[771] 0100|00|00|05|fa0001|10030154f0|...T.||61524
[772] 0100|01|00|07|f701fe|100301ffff859c|.......||40069
[773] 0100|00|00|05|fa0001|2004016bf2| ..k.||62059
[774] 0100|01|00|09|f501fe|200401ffffffff850d| ........||3461
[775] 0100|00|00|05|fa0001|200201cbf1| ....||61899
[776] 0100|01|00|0b|f301fe|200201ae8da802453b1e8d| ......E;..||36126
[777] 0100|00|00|05|fa0003|100301ecf1|.....||61932
[778] 0100|01|00|07|f701fe|100301ffff859c|.......||40069
[779] 0100|00|00|05|fa0003|200401d3f3| ....||62419
[780] 0100|01|00|09|f501fe|200401ffffffff850d| ........||3461
[781] 0100|00|00|05|fa0003|20020173f0| ..s.||61555
[782] 0100|01|00|0b|f301fe|2002010000000000006c4a| ........lJ||19052
[783] 0100|00|00|05|fa0001|54100171bd|T..q.||48497
[784] 0100|01|00|06|f801fe|541001026517|T...e.||5989
[785] 0100|00|00|05|fa0001|340f015fb5|4.._.||46431
[786] 0100|03|00|19|e501fe|340f015374726566613100000000000000000000000000fe22|4..Strefa1.............."||8958
[787] 0100|00|00|05|fa0001|506c00b01d|Pl...||7600
[788] 0100|01|08|44|b20101|fe506c005003010000ffffff00510101041cffffff0552c1031f1b2a1200105303010000ffffff00540101041effffff0555c1031f107e1300105603010000ffffff0018|.Pl.P........Q........R....*...S........T........U....~...V.........||6144
[789] 0100|00|b0|02|4d0002|b44a|.J||19124
[790] 0100|01|08|3f|b78257|0101041effffff0558c1031f10561300105903010000ffffff005a0101041effffff055bc1031f12561300105c03010000ffffff005d0101041effffff0519|........X....V...Y........Z........[....V...\........].........||6405
[791] 0100|00|00|05|fa0001|54080171b7|T..q.||46961
[792] 0100|01|00|07|f701fe|54080100001e6f|T.....o||28446
[793] 0100|00|00|05|fa0001|3422010fa8|4"...||43023
[794] 0100|01|00|0b|f301fe|34220100000000000074b7|4".......t.||46964
[795] 0100|00|00|05|fa0001|50aa00104e|P...N||19984
[796] 0100|01|00|06|f801fe|50aa0000e1b7|P.....||47073
[797] 0100|00|d0|01|2e0478|75|u||--
[798] 0100|00|00|05|fa0001|10030154f0|...T.||61524
[799] 0100|01|00|07|f701fe|100301ffff859c|.......||40069
[800] 0100|00|00|05|fa0001|345501ff8f|4U...||36863
[801] 0100|01|00|06|f801fe|345501007199|4U..q.||39281
[802] 0100|00|d0|01|2e0478|75|u||--
[803] 0100|01|d0|01|2d0588|89|.||--
[804] 0100|00|00|05|fa0001|500e00d034|P...4||13520
[805] 0100|01|00|06|f801fe|500e000002f6|P.....||62978
[806] 0100|01|d0|01|2d0588|89|.||--
[807] 0100|00|00|05|fa0001|3423019fa9|4#...||43423
[808] 0100|01|00|0b|f301fe|342301000000000000b876|4#........v||30392
[809] 0100|00|00|05|fa0001|54040171b2|T..q.||45681
[810] 0100|01|00|07|f701fe|540401f5001e2b|T.....+||11038
[811] 0100|00|00|05|fa0001|54190121bb|T..!.||47905
[812] 0100|01|00|07|f701fe|5419013c00227b|T..<."{||31522
[813] 0100|00|00|05|fa0001|10030154f0|...T.||61524
[814] 0100|01|00|07|f701fe|100301ffff859c|.......||40069
[815] 0100|00|00|05|fa0001|2004016bf2| ..k.||62059
[816] 0100|01|00|09|f501fe|200401ffffffff850d| ........||3461
[817] 0100|00|00|05|fa0001|200201cbf1| ....||61899
[818] 0100|01|00|0b|f301fe|200201ae8da802453b1e8d| ......E;..||36126
[819] 0100|00|00|05|fa0003|100301ecf1|.....||61932
[820] 0100|01|00|07|f701fe|100301ffff859c|.......||40069
[821] 0100|00|00|05|fa0003|200401d3f3| ....||62419
[822] 0100|01|00|09|f501fe|200401ffffffff850d| ........||3461
[823] 0100|00|00|05|fa0003|20020173f0| ..s.||61555
[824] 0100|01|00|0b|f301fe|2002010000000000006c4a| ........lJ||19052
[825] 0100|00|00|05|fa0001|3458016f8b|4X.o.||35695
[826] 0100|01|00|06|f801fe|34580100b208|4X....||2226
[827] 0100|00|d0|01|2e0478|75|u||--
[828] 0100|01|d0|01|2d0588|89|.||--
[829] 0100|00|00|05|fa0001|3023009e29|0#..)||10654
[830] 0100|01|00|0b|f701fe|302300a032de034f3b17ca|0#..2..O;..||51735
[831] 0100|00|d0|01|2e0478|75|u||--
[832] 0100|01|d0|01|2d0588|89|.||--
[833] 0100|00|00|05|fa0001|560e011115|V....||5393
[834] 0100|01|00|06|f801fe|560e01001af7|V.....||63258
[835] 0100|00|00|05|fa0001|54010121b1|T..!.||45345
[836] 0100|01|00|06|f801fe|540101016107|T...a.||1889
[837] 0100|00|00|05|fa0001|3012000e3c|0...<||15374
[838] 0100|01|00|06|f801fe|3012000104e8|0.....||59396
[839] 0100|00|d0|01|2e0478|75|u||--
[840] 0100|01|d0|01|2d0588|89|.||--
[841] 0100|00|00|05|fa0001|541d01e1b9|T....||47585
[842] 0100|01|00|06|f801fe|541d0101a7c6|T.....||50855
[843] 0100|00|00|05|fa0001|342101ffa8|4!...||43263
[844] 0100|01|00|0b|f301fe|34210100000000000061f7|4!.......a.||63329
[845] 0100|00|00|05|fa0001|340a010fb6|4....||46607
[846] 0100|01|00|07|f701fe|340a013c00aeff|4..<...||65454
[847] 0100|00|d0|01|2e0478|75|u||--
[848] 0100|01|d0|01|2d0588|89|.||--
[849] 0100|00|00|05|fa0001|501a00d03b|P...;||15312
[850] 0100|01|00|07|f701fe|501a00cc0ba1de|P......||56993
[851] 0100|00|00|05|fa0001|10030154f0|...T.||61524
[852] 0100|01|00|07|f701fe|100301ffff859c|.......||40069
[853] 0100|00|00|05|fa0001|2004016bf2| ..k.||62059
[854] 0100|01|00|09|f501fe|200401ffffffff850d| ........||3461
[855] 0100|00|00|05|fa0001|200201cbf1| ....||61899
[856] 0100|01|00|0b|f301fe|200201ae8da802453b1e8d| ......E;..||36126
[857] 0100|00|00|05|fa0003|100301ecf1|.....||61932
[858] 0100|07|f7|01|fe1003|01|.||--
[859] 0100|00|00|05|fa0003|200401d3f3| ....||62419
[860] 0100|01|00|09|f501fe|200401ffffffff850d| ........||3461
[861] 0100|00|00|05|fa0003|20020173f0| ..s.||61555
[862] 0100|01|00|0b|f301fe|2002010000000000006c4a| ........lJ||19052
[863] 0100|00|00|05|fa0001|54100171bd|T..q.||48497
[864] 0100|01|00|06|f801fe|541001026517|T...e.||5989
[865] 0100|00|00|07|f80401|543401c009fbf6|T4.....||63227
[866] 0100|01|00|05|f905fe|543401c657|T4..W||22470
[867] 0100|00|00|05|fa0001|506c00b01d|Pl...||7600
[868] 0100|01|08|44|b20101|fe506c005ec1031f0dce1300105f03010000ffffff00600101041effffff055303010000ffffff00540101041effffff0555c1031f107e1300105603010000ffffff0035|.Pl.^........_........`........S........T........U....~...V........5||13568
[869] 0100|00|b0|02|4d0002|b44a|.J||19124
[870] 0100|01|08|3f|b78257|0101041effffff0558c1031f10561300105903010000ffffff005a0101041effffff055bc1031f12561300105c03010000ffffff005d0101041effffff0519|........X....V...Y........Z........[....V...\........].........||6405
[871] 0100|00|00|05|fa0001|54080171b7|T..q.||46961
[872] 0100|01|00|07|f701fe|54080100001e6f|T.....o||28446
[873] 0100|00|00|05|fa0001|3422010fa8|4"...||43023
[874] 0100|01|00|0b|f301fe|34220100000000000074b7|4".......t.||46964
[875] 0100|00|00|05|fa0001|50aa00104e|P...N||19984
[876] 0100|01|00|06|f801fe|50aa0000e1b7|P.....||47073
[877] 0100|00|d0|01|2e0478|75|u||--
[878] 0100|01|d0|01|2d0588|89|.||--
[879] 0100|00|00|05|fa0001|56100071dd|V..q.||56689
[880] 0100|01|00|07|f701fe|561000ac0d7bfd|V....{.||64891
[881] 0100|00|00|05|fa0001|10060154f0|...T.||61524
[882] 0100|01|00|07|f701fe|100301ffff859c|.......||40069
[883] 0100|00|00|05|fa0001|345501ff8f|4U...||36863
[884] 0100|01|00|06|f801fe|345501007199|4U..q.||39281
[885] 0100|00|d0|01|2e0478|75|u||--
[886] 0100|01|d0|01|2d0588|89|.||--
[887] 0100|00|00|05|fa0001|3463015f98|4c._.||39007
[888] 0100|01|00|06|f801fe|346301007f79|4c...y||31103
[889] 0100|00|00|05|fa0001|500e00d034|P...4||13520
[890] 0100|01|00|06|f801fe|500e000002f6|P.....||62978
[891] 0100|00|d0|01|2e0478|75|u||--
[892] 0100|01|d0|01|2d0588|89|.||--
[893] 0100|00|00|05|fa0001|3423019fa9|4#...||43423
[894] 0100|01|00|0b|f301fe|342301000000000000b876|4#........v||30392
[895] 0100|00|00|05|fa0001|54040171b2|T..q.||45681
[896] 0100|01|00|07|f701fe|540401f5001e2b|T.....+||11038
[897] 0100|00|00|05|fa0001|54190121bb|T..!.||47905
[898] 0100|01|00|07|f701fe|5419013c00227b|T..<."{||31522
[899] 0100|00|00|05|fa0001|10030154f0|...T.||61524
[900] 0100|01|00|07|f701fe|100301ffff859c|.......||40069
[901] 0100|00|00|05|fa0001|2004016bf2| ..k.||62059
[902] 0100|01|00|09|f501fe|200401ffffffff850d| ........||3461
[903] 0100|00|00|05|fa0001|200201cbf1| ....||61899
[904] 0100|00|00|05|fa0003|100301ecf1|.....||61932
[905] 0100|01|00|07|f701fe|100301ffff859c|.......||40069
[906] 0100|00|00|05|fa0003|200401d3f3| ....||62419
[907] 0100|01|00|09|f501fe|200401ffffffff850d| ........||3461
[908] 0100|00|00|05|fa0003|20020173f0| ..s.||61555
[909] 0100|01|00|0b|f301fe|2002010000000000006c4a| ........lJ||19052
[910] 0100|00|00|05|fa0001|3458016f8b|4X.o.||35695
[911] 0100|01|00|06|f801fe|34580100b208|4X....||2226
[912] 0100|00|d0|01|2e0478|75|u||--
[913] 0100|01|d0|01|2d0588|89|.||--
[914] 0100|00|00|05|fa0001|3023009e29|0#..)||10654
[915] 0100|01|00|0b|f301fe|302300b059de034f3b4eed|0#..Y..O;N.||60750
[916] 0100|00|d0|01|2e0478|75|u||--
[917] 0100|01|d0|01|2d0588|89|.||--
[918] 0100|00|00|05|fa0001|54010121b1|T..!.||45345
[919] 0100|01|00|06|f801fe|540101016107|T...a.||1889
[920] 0100|00|d0|01|2e0478|75|u||--
[921] 0100|01|d0|01|2d0588|89|.||--
[922] 0100|00|00|05|fa0001|541d01e1b9|T....||47585
[923] 0100|01|00|06|f801fe|541d0101a7c6|T.....||50855
[924] 0100|00|00|05|fa0001|342101ffa8|4!...||43263
[925] 0100|01|00|0b|f301fe|34210100000000000061f7|4!.......a.||63329
[926] 0100|00|00|05|fa0001|340a010fb6|4....||46607
[927] 0100|01|00|07|f701fe|340a013c00aeff|4..<...||65454
[928] 0100|00|d0|01|2e0478|75|u||--
[929] 0100|01|d0|01|2d0588|89|.||--
[930] 0100|00|00|05|fa0001|347101ff94|4q...||38143
[931] 0100|01|00|06|f801fe|347101007ad9|4q..z.||55674
[932] 0100|00|00|05|fa0001|10030154f0|...T.||61524
[933] 0100|01|00|07|f701fe|100301ffff859c|.......||40069
[934] 0100|00|00|05|fa0001|2004016bf2| ..k.||62059
[935] 0100|01|00|09|f501fe|200401ffffffff850d| ........||3461
[936] 0100|00|00|05|fa0001|200201cbf1| ....||61899
[937] 0100|01|00|0b|fb09fe|200201ae8da802453b1e8d| ......E;..||36126
[938] 0100|00|00|05|fa0003|100301ecf1|.....||61932
[939] 0100|01|00|07|f701fe|100301ffff859c|.......||40069
[940] 0100|00|00|05|fa0003|200401d3f3| ....||62419
[941] 0100|01|00|09|f501fe|200401ffffffff850d| ........||3461
[942] 0100|00|00|05|fa0003|20020173f0| ..s.||61555
[943] 0100|0b|f3|01|fe2002|01|.||--
[944] 0100|00|00|05|fa0001|54100171bd|T..q.||48497
[945] 0100|01|00|06|f801fe|541001026517|T...e.||5989
[946] 0100|00|00|05|fa0001|1f8500f763|....c||25591
[947] 0100|01|00|06|f801fe|1f850003fdd0|......||53501
[948] 0100|00|00|05|fa0001|2001023ab1| ..:.||45370
[949] 0100|01|00|07|f701fe|20010215001922| ....."||8729
[950] 0100|00|00|05|fa0001|1f81033621|...6!||8502
[951] 0100|01|00|09|f501fe|1f810301000000bba4|.........||42171
[952] 0100|00|00|05|fa0003|101800dc3a|....:||15068
[953] 0100|01|00|06|f801fe|10180004c503|......||965
[954] 0100|00|00|05|fa0001|506c00b01d|Pl...||7600
[955] 0100|01|08|44|b20101|fe506c005ec1031f0dce1300105f03010000ffffff00600101041effffff0561c1031f0bce1300106203010000ffffff00630101041effffff055603010000ffffff0043|.Pl.^........_........`........a........b........c........V........C||17152
[956] 0100|00|b0|02|4d0002|b44a|.J||19124
[957] 0100|01|08|3f|b78257|0101041effffff0558c1031f10561300105903010000ffffff005a0101041effffff055bc1031f12561300105c03010000ffffff005d0101041effffff0519|........X....V...Y........Z........[....V...\........].........||6405
[958] 0100|00|00|05|fa0001|54080171b7|T..q.||46961
[959] 0100|01|00|07|f701fe|54080100001e6f|T.....o||28446
[960] 0100|00|00|05|fa0001|3019003e3b|0..>;||15166
[961] 0100|01|00|06|f801fe|30190007c419|0.....||6596
[962] 0100|00|00|05|fa0001|3422010fa8|4"...||43023
[963] 0100|01|00|0b|f301fe|34220100000000000074b7|4".......t.||46964
[964] 0100|00|00|05|fa0001|301901fefa|0....||64254
[965] 0100|01|00|09|f501fe|3019010110010134de|0......4.||56884
[966] 0100|00|00|05|fa0001|50aa00104e|P...N||19984
[967] 0100|01|20|26|f801fe|50aa0000e1b70100000005fa0001301902ffba0100010009f501fe30190201010102308a0100|P.............0............0......0...||1
[968] 0100|01|00|09|f501fe|301903400100025ca2|0..@...\.||41564
[969] 0100|00|00|05|fa0001|301904fd3a|0...:||15101
[970] 0100|01|00|09|f501fe|30190401030000a123|0.......#||9121
[971] 0100|00|00|05|fa0001|3019053dfb|0..=.||64317
[972] 0100|01|00|09|f501fe|3019050d030000311d|0......1.||7473
[973] 0100|00|00|05|fa0001|3019063cbb|0..<.||47932
[974] 0100|01|00|09|f501fe|301906201000059b61|0.. ....a||24987
[975] 0100|00|00|05|fa0001|301907fc7a|0...z||31484
[976] 0100|01|00|09|f501fe|30190718030000fd60|0.......`||24829
[977] 0100|00|00|05|fa0003|301900863a|0...:||14982
[978] 0100|01|00|06|f801fe|301900000658|0....X||22534
[979] 0100|00|00|05|fa0001|10030154f0|...T.||61524
[980] 0100|01|00|07|f701fe|100301ffff859c|.......||40069
[981] 0100|00|00|05|fa0001|345501ff8f|4U...||36863
[982] 0100|01|00|06|f801fe|345501007199|4U..q.||39281
[983] 0100|00|00|05|fa0001|222c006b8c|",.k.||35947
[984] 0100|01|00|06|f801fe|222c0001b08c|",....||36016
[985] 0100|00|00|05|fa0001|3660016f39|6`.o9||14703
[986] 0100|01|00|0b|f301fe|366001000000000000fd2b|6`........+||11261
[987] 0100|00|00|05|fa0001|504400b003|PD...||944
[988] 0100|01|00|09|f501fe|504400050000001a4e|PD......N||19994
[989] 0100|00|00|05|fa0001|5045002002|PE. .||544
[990] 0100|01|00|09|f501fe|5045008e0000002f64|PE...../d||25647
[991] 0100|00|00|05|fa0001|504400b003|PD...||944
[992] 0100|01|00|09|f501fe|504400050000001a4e|PD......N||19994
[993] 0100|00|00|05|fa0001|5044002002|PD. .||544
[994] 0100|01|00|09|f501fe|5045008e0000002f64|PE...../d||25647
[995] 0100|00|00|05|fa0001|500e00d034|P...4||13520
[996] 0100|01|00|06|f801fe|500e000002f6|P.....||62978
[997] 0100|00|00|05|fa0001|20010afcb0| ....||45308
[998] 0100|01|00|09|f501fe|20010a1923f37901da| ...#.y..||55809
[999] 0100|00|d0|01|2e0478|75|u||--
[1000] 0100|01|d0|01|2d0d88|89|.||--
[1001] 0100|00|00|05|fa0001|3423019fa9|4#...||43423
[1002] 0100|01|00|0b|f301fe|342301000000000000b876|4#........v||30392
[1003] 0100|00|00|05|fa0001|54040171b2|T..q.||45681
[1004] 0100|01|00|07|f701fe|540401f5001e2b|T.....+||11038
[1005] 0100|00|00|05|fa0001|54190121bb|T..!.||47905
[1006] 0100|01|00|07|f701fe|5419013c00227b|T..<."{||31522
[1007] 0100|00|00|05|fa0001|10030154f0|...T.||61524
[1008] 0100|01|00|07|f701fe|100301ffff859c|.......||40069
[1009] 0100|00|00|05|fa0001|2004016bf2| ..k.||62059
[1010] 0100|01|00|09|f501fe|200401ffffffff850d| ........||3461
[1011] 0100|00|00|05|fa0001|200201cbf1| ....||61899
[1012] 0100|01|00|0b|f301fe|200201ae8da802453b1e8d| ......E;..||36126
[1013] 0100|00|00|05|fa0003|100301ecf1|.....||61932
[1014] 0100|01|00|07|f701fe|100301ffff859c|.......||40069
[1015] 0100|00|00|05|fa0003|200401d3f3| ....||62419
[1016] 0100|01|00|09|f501fe|200401ffffffff850d| ........||3461
[1017] 0100|00|00|05|fa0003|20020173f0| ..s.||61555
[1018] 0100|01|00|0b|f301fe|2002010000000000006c4a| ........lJ||19052
[1019] 0100|00|00|05|fa0001|3458016f8b|4X.o.||35695
[1020] 0100|06|f8|01|fe3458|01|.||--
[1021] 0100|00|00|05|fa0001|560f018114|V....||5249
[1022] 0100|01|00|06|f801fe|560f01021b27|V....'||10011
[1023] 0100|00|00|05|fa0001|560f018114|V....||5249
[1024] 0100|01|00|0e|f801fe|560f01021b270100000005fa0001|V....'........||256
[1025] 0100|01|00|07|f701fe|365501980bbdb6|6U.....||46781
[1026] 0100|00|00|05|fa0001|365401af2f|6T../||12207
[1027] 0100|01|00|07|f701fe|365401ac0d4338|6T...C8||14403
[1028] 0100|00|00|05|fa0001|3023009e29|0#..)||10654
[1029] 0100|01|00|0b|f301fe|3023008881de034f3be5c9|0#.....O;..||51685
[1030] 0100|00|d0|01|2e0478|75|u||--
[1031] 0100|01|d0|01|2d0588|89|.||--
[1032] 0100|00|00|05|fa0001|54010121b1|T..!.||45345
[1033] 0100|01|00|06|f801fe|500101016107|P...a.||1889
[1034] 0100|00|d0|01|2e0478|75|u||--
[1035] 0100|01|d0|01|2d0588|89|.||--
[1036] 0100|00|00|05|fa0001|541d01e1b9|T....||47585
[1037] 0100|01|00|06|f801fe|541d0101a7c6|T.....||50855
[1038] 0100|00|00|05|fa0001|342101ffa8|4!...||43263
[1039] 0100|01|00|0b|f301fe|34210100000000000061f7|4!.......a.||63329
[1040] 0100|00|00|05|fa0001|340a010fb6|4....||46607
[1041] 0100|01|00|07|f701fe|340a013c00aeff|4..<...||65454
[1042] 0100|00|d0|01|2e0478|75|u||--
[1043] 0100|01|d0|01|2d0588|89|.||--
[1044] 0100|00|00|05|fa0001|5001002031|P.. 1||12576
[1045] 0100|01|00|06|f801fe|50010001c107|P.....||1985
[1046] 0100|00|00|05|fa0001|10030154f0|...T.||61524
[1047] 0100|01|00|07|f701fe|100301ffff859c|.......||40069
[1048] 0100|00|00|05|fa0001|2004016bf2| ..k.||62059
[1049] 0100|01|00|09|f501fe|200401ffffffff850d| ........||3461
[1050] 0100|00|00|05|fa0001|200201cbf1| ....||61899
[1051] 0100|00|00|05|fa0003|100301ecf1|.....||61932
[1052] 0100|01|00|07|f701fe|100301ffff859c|.......||40069
[1053] 0100|00|00|05|fa0003|200401d3f3| ....||62419
[1054] 0100|01|00|09|f501fe|200401ffffffff850d| ........||3461
[1055] 0100|00|00|05|fa0003|20020173f0| ..s.||61555
[1056] 0100|01|00|0b|f301fe|2002010000000000006c4a| ........lJ||19052
[1057] 0100|00|00|05|fa0001|54100171bd|T..q.||48497
[1058] 0100|01|00|06|f801fe|541001026517|T...e.||5989
[1059] 0100|00|d0|01|2e0478|75|u||--
[1060] 0100|01|d0|01|2d0588|89|.||--
[1061] 0100|00|00|05|fa0001|506c00b01d|Pl...||7600
[1062] 0100|01|08|44|b20101|fe506c005ec1031f0dce1300105f03010000ffffff00600101041effffff0561c1031f0bce1300106203010000ffffff00630101041effffff0564c1031f0bc413001028|.Pl.^........_........`........a........b........c........d........(||10256
[1063] 0100|00|b0|02|4d0002|b44a|.J||19124
[1064] 0100|01|08|3f|b78265|03010000ffffff0058c1031f10561300105903010000ffffff005a0101041effffff055bc1031f12561300105c03010000ffffff005d0101041effffff05aa|........X....V...Y........Z........[....V...\........].........||43525
[1065] 0100|00|00|05|fa0001|54080171b7|T..q.||46961
[1066] 0100|01|00|07|f701fe|54080100001e6f|T.....o||28446
[1067] 0100|00|00|05|fa0001|3422010fa8|4"...||43023
[1068] 0100|01|00|0b|f301fe|34220100000000000074b7|4".......t.||46964
[1069] 0100|00|00|05|fa0001|50aa00104e|P...N||19984
[1070] 0100|01|00|06|f801fe|50aa0000e1b7|P.....||47073
[1071] 0100|00|d0|01|2e0478|75|u||--
[1072] 0100|01|d0|01|2d0588|89|.||--
[1073] 0100|00|00|05|fa0001|541f0181b8|T....||47233
[1074] 0100|01|00|06|f801fe|541f0100a7a6|T.....||42663
[1075] 0100|00|00|05|fa0001|10030154f0|...T.||61524
[1076] 0100|01|00|07|f701fe|100301ffff859c|.......||40069
[1077] 0100|00|00|05|fa0001|345501ff8f|4U...||36863
[1078] 0100|01|00|06|f801fe|345501007199|4U..q.||39281
[1079] 0100|00|d0|01|2e0478|75|u||--
[1080] 0100|01|d0|01|2d0588|89|.||--
[1081] 0100|00|00|05|fa0001|500e00d034|P...4||13520
[1082] 0100|01|00|06|f801fe|500e000002f6|P.....||62978
[1083] 0100|00|d0|01|2e0478|75|u||--
[1084] 0100|01|d0|01|2d0588|89|.||--
[1085] 0100|00|00|05|fa0001|3423019fa9|4#...||43423
[1086] 0100|01|00|0b|f301fe|342301000000000000b876|4#........v||30392
[1087] 0100|00|00|05|fa0001|54040171b2|T..q.||45681
[1088] 0100|01|00|07|f701fe|540401f5001e2b|T.....+||11038
[1089] 0100|00|00|05|fa0001|54190121bb|T..!.||47905
[1090] 0100|01|00|07|f701fe|5419013c00227b|T..<."{||31522
[1091] 0100|00|00|05|fa0001|10030154f0|...T.||61524
[1092] 0100|01|00|07|f701fe|100301ffff859c|.......||40069
[1093] 0100|00|00|05|fa0001|2004016bf2| ..k.||62059
[1094] 0100|01|00|09|f501fe|200401ffffffff850d| ........||3461
[1095] 0100|00|00|05|fa0001|200201cbf1| ....||61899
[1096] 0100|01|00|0b|f301fe|200201ae8da802453b1e8d| ......E;..||36126
[1097] 0100|00|00|05|fa0003|100301ecf1|.....||61932
[1098] 0100|01|00|07|f701fe|100301ffff859c|.......||40069
[1099] 0100|00|00|05|fa0003|200401d3f3| ....||62419
[1100] 0100|01|00|09|f501fe|200401ffffffff850d| ........||3461
[1101] 0100|00|00|05|fa0003|20020173f0| ..s.||61555
[1102] 0100|01|00|0b|f301fe|2002010000000000006c4a| ........lJ||19052
[1103] 0100|00|00|05|fa0001|3458016f8b|4X.o.||35695
[1104] 0100|01|00|06|f801fe|34580100b208|4X....||2226
[1105] 0100|00|d0|01|2e0478|75|u||--
[1106] 0100|01|d0|01|2d0588|89|.||--
[1107] 0100|00|00|05|fa0001|3023009e29|0#..)||10654
[1108] 0100|01|00|0b|f301fe|302300d0a7de034f3b3acd|0#.....O;:.||52538
[1109] 0100|00|d0|01|2e0478|75|u||--
[1110] 0100|01|d0|01|2d0588|89|.||--
[1111] 0100|00|00|05|fa0001|560e011115|V....||5393
[1112] 0100|01|00|06|f801fe|560e01001af7|V.....||63258
[1113] 0100|00|00|05|fa0001|54010121b1|T..!.||45345
[1114] 0100|01|00|06|f801fe|540101016107|T...a.||1889
[1115] 0100|00|d0|01|2e0478|75|u||--
[1116] 0100|01|d0|01|2d0588|89|.||--
[1117] 0100|00|00|05|fa0001|541d01e1b1|T....||45537
[1118] 0100|01|00|06|f801fe|541d0101a7c6|T.....||50855
[1119] 0100|00|00|05|fa0001|342101ffa8|4!...||43263
[1120] 0100|01|00|0b|f301fe|34210100000000000061f7|4!.......a.||63329
[1121] 0100|00|00|05|fa0001|340a010fb6|4....||46607
[1122] 0100|01|00|07|f701fe|340a013c00aeff|4..<...||65454
[1123] 0100|00|d0|01|2e0478|75|u||--
[1124] 0100|01|d0|01|2d0588|89|.||--
[1125] 0100|00|00|05|fa0001|10030154f0|...T.||61524
[1126] 0100|01|00|07|f701fe|100301ffff859c|.......||40069
[1127] 0100|00|00|05|fa0001|2004016bf2| ..k.||62059
[1128] 0100|01|00|09|f501fe|200401ffffffff850d| ........||3461
[1129] 0100|00|00|05|fa0001|200201cbf1| ....||61899
[1130] 0100|01|00|0b|f301fe|200201ae8da802453b1e8d| ......E;..||36126
[1131] 0100|00|00|05|fa0003|100301ecf1|.....||61932
[1132] 0100|05|00|07|f701fe|100301ffff859c|.......||40069
[1133] 0100|00|00|05|fa0003|200401d3f3| ....||62419
[1134] 0100|01|00|09|f501fe|200401ffffffff850d| ........||3461
[1135] 0100|00|00|05|fa0003|20020173f0| ..s.||61555
[1136] 0100|01|00|0b|f301fe|2002010000000000006c4a| ........lJ||19052
[1137] 0100|00|00|05|fa0001|54100171bd|T..q.||48497
[1138] 0100|01|00|06|f801fe|541001026517|T...e.||5989
[1139] 0100|00|00|07|f80401|543401bf09cbd6|T4.....||54987
[1140] 0100|01|00|05|f905fe|543401c657|T4..W||22470
[1141] 0100|00|00|05|fa0001|506c00b01d|Pl...||7600
[1142] 0100|01|08|44|b20101|fe506c005ec1031f0dce1300105f03010000ffffff00600101041effffff0561c1031f0bce1300106203010000ffffff00630101041effffff0564c1031f0bc413001028|.Pl.^........_........`........a........b........c........d........(||10256
[1143] 0100|00|b0|02|4d0002|b44a|.J||19124
[1144] 0100|01|08|3f|b78265|03010000ffffff00660101041effffff0567c1031f09ba1300106803010000ffffff005bc1031f12561300105c03010000ffffff005d0101041effffff0532|........f........g........h........[....V...\........]........2||12805
[1145] 0100|00|00|05|fa0001|54080171b7|T..q.||46961
[1146] 0100|01|00|07|f701fe|54080100001e6f|T.....o||28446
[1147] 0100|00|00|05|fa0001|3422010fa8|4"...||43023
[1148] 0100|01|00|0b|f301fe|34220100000000000074b7|4".......t.||46964
[1149] 0100|00|00|05|fa0001|50aa00104e|P...N||19984
[1150] 0100|01|00|06|f801fe|50aa0000e1b7|P.....||47073
[1151] 0100|00|d0|01|2e0478|75|u||--
[1152] 0100|01|d0|01|2d0588|89|.||--
[1153] 0100|00|00|05|fa0001|56100071dd|V..q.||56689
[1154] 0100|01|00|07|f701fe|561000ac0d7bfd|V....{.||64891
[1155] 0100|00|00|05|fa0001|10030154f0|...T.||61524
[1156] 0100|07|f7|01|fe1003|01|.||--
[1157] 0100|00|00|05|fa0001|345501ff8f|4U...||36863
[1158] 0100|01|00|06|f801fe|345501007199|4U..q.||39281
[1159] 0100|00|d0|01|2e0478|75|u||--
[1160] 0100|01|d0|01|2d0588|89|.||--
[1161] 0100|00|00|05|fa0001|500e00d034|P...4||13520
[1162] 0100|01|00|06|f801fe|500e000002f6|P.....||62978
[1163] 0100|00|d0|01|2e0478|75|u||--
[1164] 0100|01|d0|01|2d0588|89|.||--
[1165] 0100|00|00|05|fa0001|3423019fa9|4#...||43423
[1166] 0100|01|00|0b|f301fe|342301000000000000b876|4#........v||30392
[1167] 0100|00|00|05|fa0001|54040171b2|T..q.||45681
[1168] 0100|01|00|07|f701fe|540401f5001e2b|T.....+||11038
[1169] 0100|00|00|05|fa0001|54190121bb|T..!.||47905
[1170] 0100|01|00|07|f701fe|5419013c00227b|T..<."{||31522
[1171] 0100|00|00|05|fa0001|10030154f0|...T.||61524
[1172] 0100|01|00|07|f701fe|100301ffff859c|.......||40069
[1173] 0100|00|00|05|fa0001|2004016bf2| ..k.||62059
[1174] 0100|01|00|09|f501fe|200401ffffffff850d| ........||3461
[1175] 0100|00|00|05|fa0001|200201cbf1| ....||61899
[1176] 0100|00|00|05|fa0003|100301ecf1|.....||61932
[1177] 0100|01|00|07|f701fe|100301ffff859c|.......||40069
[1178] 0100|00|00|05|fa0003|200401d3f3| ....||62419
[1179] 0100|01|00|09|f501fe|200401ffffffff850d| ........||3461
[1180] 0100|00|00|05|fa0003|20020173f0| ..s.||61555
[1181] 0100|01|00|0b|f301fe|2002010000000000006c4a| ........lJ||19052
[1182] 0100|00|00|05|fa0001|3458016f8b|4X.o.||35695
[1183] 0100|01|00|46|f801fe|34580100b2080100000005fa00013023009e29010001000bf301fe3023002acbde034f3b69490100000005fa00013043009e010100010006f801fe30430001d5b9fef8010000|4X............0#..)........0#.*...O;iI........0C...........0C.........||0
[1184] 0100|01|d0|01|2d0588|89|.||--
[1185] 0100|00|00|05|fa0001|3023009e29|0#..)||10654
[1186] 0100|01|00|0b|f301fe|302300e0cede034f3bc394|0#.....O;..||38083
[1187] 0100|00|d0|01|2e0478|75|u||--
[1188] 0100|01|d0|01|2d0588|89|.||--
[1189] 0100|00|00|05|fa0001|54010121b1|T..!.||45345
[1190] 0100|01|00|06|f801fe|540101016107|T...a.||1889
[1191] 0100|00|d0|01|2e0478|75|u||--
[1192] 0100|01|d0|01|2d0588|89|.||--
[1193] 0100|00|00|05|fa0001|541d01e1b9|T....||47585
[1194] 0100|01|00|06|f801fe|541d0101a7c6|T.....||50855
[1195] 0100|00|00|05|fa0001|342101ffa8|4!...||43263
[1196] 0100|01|00|0b|f301fe|34210100000000000061f7|4!.......a.||63329
[1197] 0100|00|00|05|fa0001|340a010fb6|4....||46607
[1198] 0100|01|00|07|f701fe|340a013c00aeff|4..<...||65454
[1199] 0100|00|d0|01|2e0478|75|u||--
[1200] 0100|01|d0|01|2d0588|89|.||--
[1201] 0100|00|00|05|fa0001|347101ff94|4q...||38143
[1202] 0100|01|00|06|f801fe|347101007ad9|4q..z.||55674
[1203] 0100|00|00|05|fa0001|10030154f0|...T.||61524
[1204] 0100|01|00|07|f701fe|100301ffff859c|.......||40069
[1205] 0100|00|00|05|fa0001|2004016bf2| ..k.||62059
[1206] 0100|01|00|09|f501fe|200401ffffffff850d| ........||3461
[1207] 0100|00|00|05|fa0001|200201cbf1| ....||61899
[1208] 0100|00|00|05|fa0003|100301ecf1|.....||61932
[1209] 0100|01|00|07|f701fe|100301ffff859c|.......||40069
[1210] 0100|00|00|05|fa0003|200401d3f3| ....||62419
[1211] 0100|01|00|09|f501fe|200401ffffffff850d| ........||3461
[1212] 0100|00|00|05|fa0003|20020173f0| ..s.||61555
[1213] 0100|01|00|0b|f301fe|2002010000000000006c4a| ........lJ||19052
[1214] 0100|00|00|05|fa0001|54100171bd|T..q.||48497
[1215] 0100|01|00|06|f801fe|541001026517|T...e.||5989
[1216] 0100|00|d0|01|2e0478|75|u||--
[1217] 0100|01|d0|01|2d0588|89|.||--
[1218] 0100|00|00|05|fa0001|506c00b01d|Pl...||7600
[1219] 0100|01|08|44|b20101|fe504c005ec1031f0dce1300105f03010000ffffff00600101041effffff0561c1031f0bce1300106203010000ffffff00630101041effffff0564c1031f0bc413001028|.PL.^........_........`........a........b........c........d........(||10256
[1220] 0100|00|b0|02|4d0002|b44a|.J||19124
[1221] 0100|00|ff|ff|ff0066|0101041effffff0567c1031f09ba1300106803000000ffffff00690101041effffff056ac1031f09ba1300106b03010000ffffff00a2ef0100000005fa000154080171b70100010007f701fe54080100001e6f0100000005fa00013422010fa8010001000bf301fe34220100000000000074b70100000005fa000150aa00104e0100010006f801fe50aa0000e1b7ff0100000005fa000110030154f00100010007f701fe100201ffff859c0100000005fa0001345501ff8f0100010006f801fe3455010071990100000005fa00013660016f39010001000bf301fe366001000000000000fd2bff010000d0012e047875010001d0012d0588890100000005fa|........g........h........i........j........k..................T..q.........T.....o........4"...........4".......t.........P...N........P.................T........................4U...........4U..q.........6`.o9........6`........+........xu.....-.........||64005
[1222] 0100|01|00|06|f801fe|500e000002f6|P.....||62978
[1223] 0100|00|d0|01|2e0478|75|u||--
[1224] 0100|01|d0|01|2d0588|89|.||--
[1225] 0100|00|00|05|fa0001|3423019fa9|4#...||43423
[1226] 0100|01|00|0b|f301fe|342301000000000000b876|4#........v||30392
[1227] 0100|00|00|05|fa0001|54040171b2|T..q.||45681
[1228] 0100|01|00|07|f701fe|540401f5001e2b|T.....+||11038
[1229] 0100|00|00|05|fa0001|54190121bb|T..!.||47905
[1230] 0100|01|00|07|f701fe|5419013c00227b|T..<."{||31522
[1231] 0100|00|00|05|fa0001|10030154f0|...T.||61524
[1232] 0100|01|00|07|f701fe|100301ffff859c|.......||40069
[1233] 0100|00|00|05|fa0001|2004016bf2| ..k.||62059
[1234] 0100|01|00|09|f501fe|200401ffffffff850d| ........||3461
[1235] 0100|00|00|05|fa0001|200201cbf1| ....||61899
[1236] 0100|01|00|0b|f301fe|2002018e8da802453b1e8d| ......E;..||36126
[1237] 0100|00|00|05|fa0003|100301ecf1|.....||61932
[1238] 0100|01|00|07|f701fe|100301ffff859c|.......||40069
[1239] 0100|00|00|05|fa0003|200401d3f3| ....||62419
[1240] 0100|01|00|09|f501fe|200401ffffffff850d| ........||3461
[1241] 0100|00|00|05|fa0003|20020173f0| ..s.||61555
[1242] 0100|01|00|0b|f301fe|2002010000000000006c4a| ........lJ||19052
[1243] 0100|00|00|05|fa0001|3458016f8b|4X.o.||35695
[1244] 0100|01|00|06|f801fe|34580100b208|4X....||2226
[1245] 0100|00|d0|01|2e0478|75|u||--
[1246] 0100|01|d0|01|2d0588|89|.||--
[1247] 0100|00|00|05|fa0001|3655013f2e|6U.?.||11839
[1248] 0100|01|00|07|f701fe|365501b80bbdb6|6U.....||46781
[1249] 0100|00|00|05|fa0001|365401af2f|6T../||12207
[1250] 0100|01|00|07|f701fe|365401ac0d4338|6T...C8||14403
[1251] 0100|00|00|05|fa0001|3013009e3d|0...=||15774
[1252] 0100|01|00|06|f801fe|30130001c4b9|0.....||47556
[1253] 0100|00|00|05|fa0001|3023009e29|0#..)||10654
[1254] 0100|01|00|0b|f301fe|302300b8f6de034f3b1e38|0#.....O;.8||14366
[1255] 0100|00|d0|01|2e0478|75|u||--
[1256] 0100|01|d0|01|2d0588|89|.||--
[1257] 0100|00|00|05|fa0001|54010121b1|T..!.||45345
[1258] 0100|01|00|06|f801fe|540101016107|T...a.||1889
[1259] 0100|00|d0|01|2e0478|75|u||--
[1260] 0100|01|d0|01|2d0588|89|.||--
[1261] 0100|00|00|05|fa0001|541d01e1b9|T....||47585
[1262] 0100|01|00|06|f801fe|541d0101a7c6|T.....||50855
[1263] 0100|00|00|05|fa0001|342101ffa8|4!...||43263
[1264] 0100|01|00|0b|f301fe|34210100000000000061f7|4!.......a.||63329
[1265] 0100|00|00|05|fa0001|340a010fb6|4....||46607
[1266] 0100|01|00|07|f701fe|340a013c00aeff|4..<...||65454
[1267] 0100|00|d0|01|2e0478|75|u||--
[1268] 0100|03|d0|01|2d0588|89|.||--
[1269] 0100|00|00|05|fa0001|5001002031|P.. 1||12576
[1270] 0100|01|00|06|f801fe|50010001c107|P.....||1985
[1271] 0100|00|00|05|fa0001|10030154f0|...T.||61524
[1272] 0100|01|00|07|f701fe|100301ffff859c|.......||40069
[1273] 0100|00|00|05|fa0001|2004016bf2| ..k.||62059
[1274] 0100|01|00|09|f501fe|200401ffffffff850d| ........||3461
[1275] 0100|00|00|05|fa0001|200201cbf1| ....||61899
[1276] 0100|21|00|0b|f301fe|200201ae8da802453b1e8d| ......E;..||36126
[1277] 0100|00|00|05|fa0003|100301ecf1|.....||61932
[1278] 0100|01|00|07|f701fe|100301ffff859c|.......||40069
[1279] 0100|00|00|05|fa0003|200401d3f3| ....||62419
[1280] 0100|01|00|09|f501fe|200401ffffffff850d| ........||3461
[1281] 0100|00|00|05|fa0003|20020173f0| ..s.||61555
[1282] 0100|01|00|0b|f301fe|2002010000000000006c4a| ........lJ||19052
[1283] 0100|00|00|05|fa0001|54100171bd|T..q.||48497
[1284] 0100|01|00|06|f801fe|541001026517|T...e.||5989
[1285] 0100|00|00|05|fa0001|340f015fb5|4.._.||46431
[1286] 0100|01|00|19|e505fe|340f015374726566613100000000000000000000000000fe22|4..Strefa1.............."||8958
[1287] 0100|00|00|05|fa0001|506c00b01d|Pl...||7600
[1288] 0100|01|08|44|b20101|fe506c006c0101041effffff056dc1031f08ba1300106e03010000ffffff0061c1031f0bce1300106203010000ffffff00630101041effffff0564c1031f0bc4130010a1|.Pl.l........m........n........a........b........c........d.........||41232
[1289] 0100|00|b0|02|4d0002|b44a|.J||19124
[1290] 0100|01|08|3f|b78265|03010000ffffff00660101041effffff0567c1031f09ba1300106803010000ffffff00690101041effffff056ac1031f09ba1300106b03010000ffffff00a2|........f........g........h........i........j........k.........||41472
[1291] 0100|00|00|05|fa0001|54080171b7|T..q.||46961
[1292] 0100|01|00|07|f701fe|54080100001e6f|T.....o||28446
[1293] 0100|00|00|05|fa0001|3422010fa8|4"...||43023
[1294] 0100|01|00|0b|f301fe|34220100000000000074b7|4".......t.||46964
[1295] 0100|00|00|05|fa0001|50aa00104e|P...N||19984
[1296] 0100|01|00|06|f801fe|50aa0000e1b7|P.....||47073
[1297] 0100|00|d0|01|2e0478|75|u||--
[1298] 0100|00|00|05|fa0001|10030154f0|...T.||61524
[1299] 0100|01|00|07|f701fe|100301ffff859c|.......||40069
[1300] 0100|00|00|05|fa0001|345501ff8f|4U...||36863
[1301] 0100|01|00|06|f801fe|345501007199|4U..q.||39281
[1302] 0100|00|d0|01|2e0478|75|u||--
[1303] 0100|01|d0|01|2d0588|89|.||--
[1304] 0100|00|00|05|fa0001|500e00d034|P...4||13520
[1305] 0100|01|00|06|f801fe|500e000002f6|P.....||62978
[1306] 0100|00|d0|01|2e0478|75|u||--
[1307] 0100|01|d0|01|2d0588|89|.||--
[1308] 0100|00|00|05|fa0001|3423019fa9|4#...||43423
[1309] 0100|01|00|0b|f301fe|342301000000000000b876|4#........v||30392
[1310] 0100|00|00|05|fa0001|54040171b2|T..q.||45681
[1311] 0100|00|00|05|fa0001|54190121bb|T..!.||47905
[1312] 0100|01|00|07|f701fe|5419013c00227b|T..<."{||31522
[1313] 0100|00|00|05|fa0001|10030154f0|...T.||61524
[1314] 0100|01|00|07|f701fe|100301ffff859c|.......||40069
[1315] 0100|00|00|05|fa0001|2004016bf2| ..k.||62059
[1316] 0100|01|00|09|f501fe|200401ffffffff850d| ........||3461
[1317] 0100|00|00|05|fa0001|200201cbf1| ....||61899
[1318] 0100|01|00|0b|f301fe|200201ae8da802453b1e8d| ......E;..||36126
[1319] 0100|00|00|05|fa0003|100301ecf1|.....||61932
[1320] 0100|01|00|07|f701fe|100301ffff859c|.......||40069
[1321] 0100|00|00|05|fa0003|200401d3f3| ....||62419
[1322] 0100|01|00|09|f501fe|200401ffffffff850d| ........||3461
[1323] 0100|00|00|05|fa0003|20020173f0| ..s.||61555
[1324] 0100|01|00|0b|f301fe|2002010000000000006c4a| ........lJ||19052
[1325] 0100|00|00|05|fa0001|3458016f8b|4X.o.||35695
[1326] 0100|01|00|06|f801fe|34580100b208|4X....||2226
[1327] 0100|00|d0|01|2e0478|75|u||--
[1328] 0100|01|d0|01|2d0588|89|.||--
[1329] 0100|00|00|05|fa0001|3023009e29|0#..)||10654
[1330] 0100|01|00|0b|f301fe|302300001ddf034f3b8d06|0#.....O;..||1677
[1331] 0100|00|d0|01|2e0478|75|u||--
[1332] 0100|01|d0|01|2d0588|89|.||--
[1333] 0100|00|00|05|fa0001|560e011115|V....||5393
[1334] 0100|01|00|06|f801fe|560e01001af7|V.....||63258
[1335] 0100|00|00|05|fa0001|54010121b1|T..!.||45345
[1336] 0100|01|00|06|f801fe|540101016107|T...a.||1889
[1337] 0100|00|00|05|fa0001|3012000e3c|0...<||15374
[1338] 0100|01|00|06|f801fe|3012000104e8|0.....||59396
[1339] 0100|00|d0|01|2e0478|75|u||--
[1340] 0100|01|d0|01|2d0588|89|.||--
[1341] 0100|00|00|05|fa0001|541d01e1b8|T....||47329
[1342] 0100|01|00|06|f801fe|541d0101a7c6|T.....||50855
[1343] 0100|00|00|05|fa0001|342101ffa8|4!...||43263
[1344] 0100|01|00|0b|f301fe|34210100000000000061f7|4!.......a.||63329
[1345] 0100|00|00|05|fa0001|340a010fb6|4....||46607
[1346] 0100|01|00|07|f701fe|340a013c00aeff|4..<...||65454
[1347] 0100|00|d0|01|2e0478|75|u||--
[1348] 0100|00|00|05|fa0001|501a00d03b|P...;||15312
[1349] 0100|01|00|07|f701fe|501a00cc0ba1de|P......||56993
[1350] 0100|00|00|05|fa0001|10030154f0|...T.||61524
[1351] 0100|01|00|07|f701fe|100301ffff859c|.......||40069
[1352] 0100|00|00|05|fa0001|2004016bf2| ..k.||62059
[1353] 0100|01|00|09|f501fe|200401ffffffff850d| ........||3461
[1354] 0100|00|00|05|fa0001|200201cbf1| ....||61899
[1355] 0100|01|00|0b|f301fe|200201ae8da802453b1e8d| ......E;..||36126
[1356] 0100|00|00|05|fa0003|100301ecf1|.....||61932
[1357] 0100|01|00|07|f701fe|100301ffff859c|.......||40069
[1358] 0100|00|00|05|fa0003|200401d3f3| ....||62419
[1359] 0100|01|00|09|f501fe|200401ffffffff850d| ........||3461
[1360] 0100|00|00|05|fa0003|20020173f0| ..s.||61555
[1361] 0100|01|00|0b|f301fe|2002010000000000006c4a| ........lJ||19052
[1362] 0100|00|00|05|fa0001|54100171bd|T..q.||48497
[1363] 0100|01|00|06|f801fe|541001026517|T...e.||5989
[1364] 0100|00|00|07|f80401|543401bf09cbd6|T4.....||54987
[1365] 0100|01|00|05|f905fe|543401c657|T4..W||22470
[1366] 0100|00|00|05|fa0001|506c00b01d|Pl...||7600
[1367] 0100|01|08|44|b20101|fe506c006c0101041effffff056dc1031f08ba1300106e03010000ffffff006f0101041effffff0570c1031f06b01300107103010000ffffff0064c1031f0bc41300109d|.Pl.l........m........n........o........p........q........d.........||40208
[1368] 0100|00|b0|02|4d0002|b44a|.J||19124
[1369] 0100|01|08|3f|b78265|03010000ffffff00660909041effffff0567c1031f09ba1300106803010000ffffff00690101041effffff056ac1031f09ba1300106b03010000ffffff00a2|........f........g........h........i........j........k.........||41472
[1370] 0100|00|00|05|fa0001|364501ff23|6E..#||9215
[1371] 0100|01|00|18|e601fe|36450102001024000084000000000000000000000000dbed|6E....$.................||60891
[1372] 0100|00|00|05|fa0001|54080171b7|T..q.||46961
[1373] 0100|01|00|07|f701fe|54080100001e6f|T.....o||28446
[1374] 0100|00|00|05|fa0001|3422010fa8|4"...||43023
[1375] 0100|01|00|0b|f301fe|34220100000000000074b7|4".......t.||46964
[1376] 0100|00|00|05|fa0001|50aa00104e|P...N||19984
[1377] 0100|01|00|06|f801fe|50aa0000e1b7|P.....||47073
[1378] 0100|00|00|05|fa0001|56100071dd|V..q.||56689
[1379] 0100|01|00|07|f701fe|561000ac0d7bfd|V....{.||64891
[1380] 0100|00|00|05|fa0001|10030154f0|...T.||61524
[1381] 0100|01|00|07|f701fe|100301ffff859c|.......||40069
[1382] 0100|00|00|05|fa0001|345501ff8f|4U...||36863
[1383] 0100|01|00|06|f801fe|345501007199|4U..q.||39281
[1384] 0100|00|d0|01|2e0478|75|u||--
[1385] 0100|01|d0|01|2d0588|89|.||--
[1386] 0100|00|00|05|fa0001|3463015f98|4c._.||39007
[1387] 0100|01|00|06|f801fe|346301007f79|4c...y||31103
[1388] 0100|00|00|05|fa0001|500e00d034|P...4||13520
[1389] 0100|01|00|06|f801fe|500e000002f6|P.....||62978
[1390] 0100|00|d0|01|2e0478|75|u||--
[1391] 0100|01|d0|01|2d0588|89|.||--
[1392] 0100|00|00|05|fa0001|3423019fa9|4#...||43423
[1393] 0100|01|00|0b|f301fe|342301000000000000b876|4#........v||30392
[1394] 0100|00|00|05|fa0001|54040171b2|T..q.||45681
[1395] 0100|01|00|07|f701fe|540401f5001e2b|T.....+||11038
[1396] 0100|00|00|05|fa0001|54190121bb|T..!.||47905
[1397] 0100|01|00|07|f701fe|5419013c00227b|T..<."{||31522
[1398] 0100|00|00|05|fa0001|10030154f0|...T.||61524
[1399] 0100|01|00|07|f701fe|100301ffff859c|.......||40069
[1400] 0100|00|00|05|fa0001|2004016bf2| ..k.||62059
[1401] 0100|01|00|09|f501fe|200401ffffffff850d| ........||3461
[1402] 0100|00|00|05|fa0001|200201cbf1| ....||61899
[1403] 0100|01|00|0b|f301fe|200201ae8da802453b1e8d| ......E;..||36126
[1404] 0100|00|00|05|fa0003|100301ecf1|.....||61932
[1405] 0100|01|02|07|f701fe|120301ffff859c|.......||40069
[1406] 0100|00|00|05|fa0003|200401d3f3| ....||62419
[1407] 0100|01|00|09|f501fe|200401ffffffff850d| ........||3461
[1408] 0100|00|00|05|fa0003|20020173f0| ..s.||61555
[1409] 0100|01|00|0b|f301fe|2002010000000000006c4a| ........lJ||19052
[1410] 0100|00|00|05|fa0001|343901ffa2|49...||41727
[1411] 0100|01|00|18|e601fe|34390102c81024a00084fffffffffffffbffffffffff5eb2|49....$...............^.||45662
[1412] 0100|00|00|05|fa0001|3458016f8b|4X.o.||35695
[1413] 0100|01|00|06|f801fe|34580100b208|4X....||2226
[1414] 0100|00|d0|01|2e0478|75|u||--
[1415] 0100|01|d0|01|2d0588|89|.||--
[1416] 0100|00|00|05|fa0001|3023009e29|0#..)||10654
[1417] 0100|01|00|0b|f301fe|3023001044df034f3b1018|0#..D..O;..||6160
[1418] 0100|00|d0|01|2e0478|75|u||--
[1419] 0100|01|d0|01|2d0588|89|.||--
[1420] 0100|00|00|05|fa0001|54010121b1|T..!.||45345
[1421] 0100|01|00|06|f801fe|540101016107|T...a.||1889
[1422] 0100|00|d0|01|2e0478|75|u||--
[1423] 0100|01|d0|01|2d0588|89|.||--
[1424] 0100|00|00|05|fa0001|541d01e1b9|T....||47585
[1425] 0100|01|00|06|f801fe|541d0101a7c6|T.....||50855
[1426] 0100|00|00|05|fa0001|342101ffa8|4!...||43263
[1427] 0100|01|00|0b|f301fe|34210100000000000061f7|4!.......a.||63329
[1428] 0100|00|00|05|fa0001|340a010fb6|4....||46607
[1429] 0100|01|00|07|f701fe|340a013c00aeff|4..<...||65454
[1430] 0100|00|d0|01|2e0478|75|u||--
[1431] 0100|09|d0|01|2d0588|89|.||--
[1432] 0100|00|00|05|fa0001|347101ff94|4q...||38143
[1433] 0100|01|00|06|f801fe|347101007ad9|4q..z.||55674
[1434] 0100|00|00|05|fa0001|10030154f0|...T.||61524
[1435] 0100|01|00|07|f701fe|100301ffff859c|.......||40069
[1436] 0100|00|00|05|fa0001|2004016bf2| ..k.||62059
[1437] 0100|01|00|09|f501fe|200401ffffffff850d| ........||3461
[1438] 0100|00|00|05|fa0001|200201cbf1| ....||61899
[1439] 0100|00|00|05|fa0003|100301ecf1|.....||61932
[1440] 0100|01|00|07|f701fe|100301ffff859c|.......||40069
[1441] 0100|00|00|05|fa0003|200401d3f3| ....||62419
[1442] 0100|01|00|89|f501fe|200401ffffffff850d0100000005fa000320020173f0010001000bf301fe2002010000000000006c4aff0100000005fa000154100171bd0100010006f801fe541001026517ffff010000d0012e047875010001d0012d0588890100000005fa0001506c00b01d0100010844b20101fe506c006c0101041effffff056dc1031f08ba1300106e03010000| ................ ..s......... ........lJ.........T..q.........T...e..........xu.....-...........Pl.......D....Pl.l........m........n....||0
[1443] 0100|00|ff|ff|ff0072|0101041effffff05ab52010000b0024d0002b44a010001083fb78273c1031f089c1300107403010000ffffff0067c1031f09ba1300106803010000ffffff00690101041effffff056ac1031f09ba1300106b03010000ffffff00b13d0100000005fa000154080171b70100010007f701fe54080100001e6f0100000005fa00013422010fa8010001000bf301fe34220100000000000074b70100000005fa000150aa00104e0100010006f801fe50aa0000e1b7ff010000d0012e047875010001d0012d0588890100000005fa000110030154f00100010007f701fe100301ffff859c0100000005fa0001345501ff8f0100010006f801fe3455010071990100|.........R.....M...J....?..s........t........g........h........i........j........k.........=........T..q.........T.....o........4"...........4".......t.........P...N........P.............xu.....-..............T........................4U...........4U..q...||1
[1444] 0100|01|00|0b|f301fe|366001000000000000fd2b|6`........+||11261
[1445] 0100|00|d0|01|2e0478|75|u||--
[1446] 0100|01|d0|01|2d0588|89|.||--
[1447] 0100|00|00|05|fa0001|500e00d034|P...4||13520
[1448] 0100|01|00|06|f801fe|500e000002f6|P.....||62978
[1449] 0100|00|00|05|fa0001|1f8500f763|....c||25591
[1450] 0100|01|00|06|f801fe|1f850003fdd0|......||53501
[1451] 0100|00|00|05|fa0001|2001023ab1| ..:.||45370
[1452] 0100|01|00|07|f701fe|20010215001922| ....."||8729
[1453] 0100|00|00|05|fa0001|1f81033621|...6!||8502
[1454] 0100|01|00|09|f501fe|1f810301000000bba4|.........||42171
[1455] 0100|00|00|05|fa0003|101800dc3a|....:||15068
[1456] 0100|01|00|06|f801fe|10180004c503|......||965
[1457] 0100|00|00|05|fa0001|3019003e3b|0..>;||15166
[1458] 0100|01|00|06|f801fe|30190007c419|0.....||6596
[1459] 0100|00|00|05|fa0001|301901fefa|0....||64254
[1460] 0100|01|00|09|f501fe|3019010110010134de|0......4.||56884
[1461] 0100|00|00|05|fa0001|3423019fa9|4#...||43423
[1462] 0100|01|00|0b|f301fe|342301000000000000b876|4#........v||30392
[1463] 0100|00|00|05|fa0001|301902ffba|0....||47871
[1464] 0100|00|00|05|fa0001|54040171b2|T..q.||45681
[1465] 0100|01|00|07|f701fe|540401f5001e2b|T.....+||11038
[1466] 0100|00|00|05|fa0001|3019033f7b|0..?{||31551
[1467] 0100|01|00|09|f501fe|301d03400100025ca2|0..@...\.||41564
[1468] 0100|00|00|05|fa0001|54190121bb|T..!.||47905
[1469] 0100|01|00|07|f701fe|5419013c00227b|T..<."{||31522
[1470] 0100|00|00|05|fa0001|301904fd3a|0...:||15101
[1471] 0100|01|00|09|f501fe|30190401030000a123|0.......#||9121
[1472] 0100|00|00|05|fa0001|10030154f0|...T.||61524
[1473] 0100|01|00|07|f701fe|100301ffff859c|.......||40069
[1474] 0100|00|00|05|fa0001|3019053dfb|0..=.||64317
[1475] 0100|01|00|09|f501fe|3019050d030000311d|0......1.||7473
[1476] 0100|00|00|05|fa0001|2004016bf2| ..k.||62059
[1477] 0100|00|00|05|fa0001|3019063cbb|0..<.||47932
[1478] 0100|01|00|09|f501fe|301906201000059b61|0.. ....a||24987
[1479] 0100|00|00|05|fa0001|200201cbf1| ....||61899
[1480] 0100|01|00|0b|f301fe|200201ae8da802453b1e8d| ......E;..||36126
[1481] 0100|00|00|05|fa0001|301907fc7a|0...z||31484
[1482] 0100|01|00|09|f501fe|30190718030000fd60|0.......`||24829
[1483] 0100|00|00|05|fa0003|100301ecf1|.....||61932
[1484] 0100|01|00|07|f701fe|100301ffff859c|.......||40069
[1485] 0100|00|00|05|fa0003|301900863a|0...:||14982
[1486] 0100|01|00|06|f801fe|301900000658|0....X||22534
[1487] 0100|00|00|05|fa0003|200401d3f3| ....||62419
[1488] 0100|01|00|09|f501fe|200401ffffffff850d| ........||3461
[1489] 0100|00|00|05|fa0001|3458016f8b|4X.o.||35695
[1490] 0100|01|00|0e|fa03fe|34580100b2080100000005fa0003|4X............||768
[1491] 0100|01|00|0b|f301fe|2002010000000000006c4a| ........lJ||19052
[1492] 0100|00|00|05|fa0001|222c006b8c|",.k.||35947
[1493] 0100|01|00|06|fa01fe|222c0001b08c|",....||36016
[1494] 0100|00|00|05|fa0001|504400b003|PD...||944
[1495] 0100|01|00|09|f501fe|504400050000001a4e|PD......N||19994
[1496] 0100|00|00|05|fa0001|5045002002|PE. .||544
[1497] 0100|01|00|09|f501fe|5045008e0000002f64|PE...../d||25647
[1498] 0100|00|00|05|fa0001|560f018114|V....||5249
[1499] 0100|01|00|06|f801fe|560f01021b27|V....'||10011
[1500] 0100|00|00|05|fa0001|504400b003|PD...||944
[1501] 0100|01|00|09|f501fe|504400050000001a4e|PD......N||19994
[1502] 0100|00|00|05|fa0001|5045002002|PE. .||544
[1503] 0100|00|00|05|fa0001|560f018114|V....||5249
[1504] 0100|01|00|06|f801fe|560f01021b27|V....'||10011
[1505] 0100|00|00|05|fa0001|3655013f2e|6U.?.||11839
[1506] 0100|01|00|07|f701fe|365501b80bbdb6|6U.....||46781
[1507] 0100|00|00|05|fa0001|365401af2f|6T../||12207
[1508] 0100|01|00|07|f701fe|365401ac0d4338|6T...C8||14403
[1509] 0100|00|00|05|fa0001|3023009e29|0#..)||10654
[1510] 0100|0b|f3|01|fe3023|00|.||--
[1511] 0100|00|00|05|fa0001|20010afcb0| ....||45308
[1512] 0100|01|00|09|f501fe|20010a1923f37901da| ...#.y..||55809
[1513] 0100|00|00|05|fa0001|340d013fb4|4..?.||46143
[1514] 0100|01|00|0f|ef01fe|340d014e6f6300000000000000e374|4..Noc........t||29923
[1515] 0100|00|00|05|fa0001|340d023ef4|4..>.||62526
[1516] 0100|01|00|0f|ef01fe|340d025720646f6d7500000000b881|4..W domu......||33208
[1517] 0100|00|00|05|fa0001|54010121b1|T..!.||45345
[1518] 0100|01|00|06|f801fe|540101016107|T...a.||1889
[1519] 0100|00|d0|01|2e0478|75|u||--
[1520] 0100|01|d0|43|2d05c8|890100000005fa0001340d03fe35010001000fef01fe340d03506f7a6120646f6d656d47be0100000005fa00013644016f220100010018e601fe36440103e6002ae610|.........4...5........4..Poza domemG.........6D.o"........6D....*..||4326
[1521] 0100|00|00|05|fa0001|541d01e1b9|T....||47585
[1522] 0100|01|00|06|f801fe|541d0101e7c6|T.....||50919
[1523] 0100|00|00|05|fa0001|342101ffa8|4!...||43263
[1524] 0100|01|00|0b|f301fe|34210100000000000061f7|4!.......a.||63329
[1525] 0100|00|00|05|fa0001|340a010fb6|4....||46607
[1526] 0100|01|00|07|f701fe|340a013c00aeff|4..<...||65454
[1527] 0100|00|00|05|fa0001|5001002031|P.. 1||12576
[1528] 0100|01|00|06|f801fe|50010001c107|P.....||1985
[1529] 0100|00|00|05|fa0001|10030154f0|...T.||61524
[1530] 0100|01|00|07|f701fe|100301ffff859c|.......||40069
[1531] 0100|00|00|05|fa0001|2004016bf2| ..k.||62059
[1532] 0100|01|00|09|f501fe|200401ffffffff850d| ........||3461
[1533] 0100|00|00|05|fa0001|200201cbf1| ....||61899
[1534] 0100|01|00|0b|f381fe|200201ae8da802453b1e8d| ......E;..||36126
[1535] 0100|00|00|05|fa0003|100301ecf1|.....||61932
[1536] 0100|01|00|07|f701fe|100301ffff859c|.......||40069
[1537] 0100|00|00|05|fa0003|200401d3f3| ....||62419
[1538] 0100|01|00|09|f501fe|200401ffffffff850d| ........||3461
[1539] 0100|00|00|05|fa0003|20020173f0| ..s.||61555
[1540] 0100|01|00|0b|f301fe|2002010000000000006c4a| ........lJ||19052
[1541] 0100|00|00|05|fa0001|54100171bd|T..q.||48497
[1542] 0100|01|00|06|f801fe|541001026517|T...e.||5989
[1543] 0100|00|d0|01|2e0478|75|u||--
[1544] 0100|01|d0|01|2d0588|89|.||--
[1545] 0100|00|00|05|fa0001|506c00b01d|Pl...||7600
[1546] 0100|01|08|44|b20101|fe506c006c0101041effffff056dc1031f08ba1300106e03010000ffffff006f0101041effffff0570c1031f06b01300107103010000ffffff00720101041effffff05ab|.Pl.l........m........n........o........p........q........r.........||43781
[1547] 0100|00|b0|02|4d0002|b44a|.J||19124
[1548] 0100|01|08|3f|b78273|c1031f089c1300107403010000ffffff00750101041effffff0576c1031f07a61300107703010000ffffff006ac1031f09ba1300106b03010000ffffff000f|........t........u........v........w........j........k.........||3840
[1549] 0100|00|00|05|fa0001|54080171b7|T..q.||46961
[1550] 0100|01|00|07|f701fe|54080100001e6f|T.....o||28446
[1551] 0100|00|00|05|fa0001|3422010fa8|4"...||43023
[1552] 0100|01|00|0b|f301fe|34220100000000000074b7|4".......t.||46964
[1553] 0100|00|00|05|fa0001|50aa00104e|P...N||19984
[1554] 0100|01|00|06|f801fe|50aa0000e1b7|P.....||47073
[1555] 0100|00|d0|01|2e0478|75|u||--
[1556] 0100|01|d0|01|2d0588|89|.||--
[1557] 0100|00|00|05|fa0001|541f0181b8|T....||47233
[1558] 0100|01|00|06|f801fe|541f0100a7a6|T.....||42663
[1559] 0100|00|00|05|fa0001|3438016fa3|48.o.||41839
[1560] 0100|01|00|18|e601fe|34380102c81024a00084ffffffffffffffffffffffff8fa2|48....$.................||41615
[1561] 0100|00|00|05|fa0001|10030154f0|...T.||61524
[1562] 0100|01|00|07|f701fe|100301ffff859c|.......||40069
[1563] 0100|00|00|05|fa0001|345501ff8f|4U...||36863
[1564] 0100|01|00|06|f801fe|345501007199|4U..q.||39281
[1565] 0100|00|00|05|fa0001|500e00d034|P...4||13520
[1566] 0100|01|00|06|f801fe|500e000002f6|P.....||62978
[1567] 0100|00|d0|01|2e0478|75|u||--
[1568] 0100|01|d0|01|2d0588|89|.||--
[1569] 0100|00|00|05|fa0001|3423019fa9|4#...||43423
[1570] 0100|01|00|0b|f301fe|342301000000000000b876|4#........v||30392
[1571] 0100|00|00|05|fa0001|54040171b2|T..q.||45681
[1572] 0100|01|00|07|f701fe|540401f5001e2b|T.....+||11038
[1573] 0100|00|00|05|fa0001|54190121bb|T..!.||47905
[1574] 0100|01|00|07|f701fe|5419013c00227b|T..<."{||31522
[1575] 0100|00|00|05|fa0001|10030154f0|...T.||61524
[1576] 0100|01|00|07|f701fe|100301ffff859c|.......||40069
[1577] 0100|00|00|05|fa0001|2004016bf2| ..k.||62059
[1578] 0100|01|00|09|f501fe|200401ffffffff850d| ........||3461
[1579] 0100|00|00|05|fa0001|200201cbf1| ....||61899
[1580] 0100|01|00|0b|f301fe|200201ae8da80a453b5e8d| ......E;^.||36190
[1581] 0100|00|00|05|fa0003|100301ecf1|.....||61932
[1582] 0100|01|00|07|f701fe|100301ffff859c|.......||40069
[1583] 0100|00|00|05|fa0003|200401d3f3| ....||62419
[1584] 0100|01|00|09|f501fe|200401ffffffff850d| ........||3461
[1585] 0100|00|00|05|fa0003|20020173f0| ..s.||61555
[1586] 0100|03|00|0b|f301fe|2002010000000000006c4a| ........lJ||19052
[1587] 0100|00|00|05|fa0001|3458016f8b|4X.o.||35695
[1588] 0100|01|00|06|f801fe|34580100b208|4X....||2226
