[1] 0100|00|00|05|fa0001||342301|9fa9||4#...||291,43423
[2] 0100|01|00|0b|f301fe||342301|000000000000b876||4#........v||0,30392
[3] 0100|00|00|05|fa0001||345801|6f8b||4X.o.||344,35695
[4] 0100|00|00|05|fa0001||100301|54f0||...T.||259,61524
[5] 0100|00|00|05|fa0001||200401|6bf2|| ..k.||260,62059
[6] 0100|00|00|05|fa0001||200201|cbf1|| ....||258,61899
[7] 0100|09|08|0b|f301fe||200201|ae8da802453b1e8d|| ......E;..||15173,36126
[8] 0100|00|00|05|fa0003||100301|ecf1||.....||259,61932
[9] 0100|00|00|05|fa0003||200401|d3f3|| ....||260,62419
[10] 0100|00|00|05|fa0003||200201|73f0|| ..s.||258,61555
[11] 0100|01|00|0b|f301fe||200201|0000000000006c4a|| ........lJ||0,19052
[12] 0100|00|00|05|fa0001||302300|9e29||0#..)||35,10654
[13] 0100|01|00|0b|f301fe||302300|a619b0034f3b9ff2||0#.....O;..||15183,62111
[14] 0100|00|00|05|fa0001||302300|9e29||0#..)||35,10654
[15] 0100|01|00|0b|f301fe||302300|d819b0034f3b81f8||0#.....O;..||15183,63617
[16] 0100|00|00|05|fa0001||304300|9e01||0C...||67,414
[17] 0100|00|00|05|fa0001||540101|21b1||T..!.||257,45345
[18] 0100|00|00|05|fa0001||342101|ffa8||4!...||289,43263
[19] 0100|01|00|0b|f301fe||342101|00000000000061f7||4!.......a.||0,63329
[20] 0100|00|00|05|fa0001||340a01|0fb6||4....||266,46607
[21] 0100|00|00|05|fa0001||541d01|e1b9||T....||285,47585
[22] 0100|00|00|05|fa0001||347101|ff94||4q...||369,38143
[23] 0100|00|00|05|fa0001||541001|71bd||T..q.||272,48497
[24] 0100|00|00|05|fa0001||100301|54f0||...T.||259,61524
[25] 0100|00|00|05|fa0001||200401|6bf2|| ..k.||260,62059
[26] 0100|00|00|05|fa0001||200201|cbf1|| ....||258,61899
[27] 0100|01|00|0b|f301fe||200201|ae8da802453b1e8d|| ......E;..||15173,36126
[28] 0100|00|00|05|fa0003||100301|ecf1||.....||259,61932
[29] 0100|00|00|05|fa0003||200401|d3f3|| ....||260,62419
[30] 0100|00|00|05|fa0003||200201|73f0|| ..s.||258,61555
[31] 0100|01|00|0b|f301fe||200201|0000000000006c4a|| ........lJ||0,19052
[32] 0100|00|00|05|fa0001||50aa00|104e||P...N||170,19984
[33] 0100|00|00|05|fa0001||506c00|b01d||Pl...||108,7600
[34] 0100|01|00|0b|f301fe||366001|000000000000fd2b||6`........+||0,11261
[35] 0100|00|00|05|fa0001||500e00|d034||P...4||14,13520
[36] 0100|00|00|05|fa0001||541901|21bb||T..!.||281,47905
[37] 0100|00|00|05|fa0001||342301|9fa9||4#...||291,43423
[38] 0100|01|00|0b|f301fe||342301|000000000000b876||4#........v||0,30392
[39] 0100|00|00|05|fa0001||345801|6f8b||4X.o.||344,35695
[40] 0100|00|00|05|fa0001||100301|54f0||...T.||259,61524
[41] 0100|00|00|05|fa0001||200401|6bf2|| ..k.||260,62059
[42] 0100|00|00|05|fa0001||200201|cbf1|| ....||258,61899
[43] 0100|01|04|0b|f301fe||200201|ae8da802453b1e8d|| ......E;..||15173,36126
[44] 0100|00|00|05|fa0003||100301|ecf1||.....||259,61932
[45] 0100|00|00|05|fa0003||200401|d3f3|| ....||260,62419
[46] 0100|00|00|05|fa0003||200201|73f0|| ..s.||258,61555
[47] 0100|01|00|0b|f301fe||200201|0000000000006c4a|| ........lJ||0,19052
[48] 0100|00|00|05|fa0001||365501|3f2e||6U.?.||341,11839
[49] 0100|00|00|05|fa0001||365401|af2f||6T../||340,12207
[50] 0100|00|00|05|fa0001||301300|9e3d||0...=||19,15774
[51] 0100|00|00|05|fa0001||302300|9e29||0#..)||35,10654
[52] 0100|01|00|0b|f301fe||302300|e241b0034f3b16dc||0#..A..O;..||15183,56342
[53] 0100|00|00|05|fa0001||540101|21b1||T..!.||257,45345
[54] 0100|00|00|05|fa0001||1f8500|f763||....c||133,25591
[55] 0100|00|00|05|fa0001||200102|3ab1|| ..:.||513,45370
[56] 0100|00|00|05|fa0001||1f8103|3621||...6!||897,8502
[57] 0100|00|00|05|fa0003||101800|dc3a||....:||24,15068
[58] 0100|00|00|05|fa0001||301900|3e3b||0..>;||25,15166
[59] 0100|01|00|06|fa01fe||301900|07c419||0.....||1792,6596
[60] 0100|00|00|05|fa0001||342101|ffa8||4!...||289,43263
[61] 0100|01|00|0b|f301fe||342101|00000000000061f7||4!.......a.||0,63329
[62] 0100|00|00|05|fa0001||301901|fefa||0....||281,64254
[63] 0100|00|00|05|fa0001||340a01|0fb6||4....||266,46607
[64] 0100|00|00|05|fa0001||301902|ffba||0....||537,47871
[65] 0100|00|00|05|fa0001||301903|3f7b||0..?{||793,31551
[66] 0100|00|00|05|fa0001||301904|fd3a||0...:||1049,15101
[67] 0100|00|00|05|fa0001||301905|3dfb||0..=.||1305,64317
[68] 0100|00|00|05|fa0001||301906|3cbb||0..<.||1561,47932
[69] 0100|00|00|05|fa0001||301907|fc7a||0...z||1817,31484
[70] 0100|00|00|05|fa0003||301900|863a||0...:||25,14982
[71] 0100|00|00|05|fa0001||222c00|6b8c||",.k.||44,35947
[72] 0100|00|00|05|fa0001||541d01|e1b9||T....||285,47585
[73] 0100|00|00|05|fa0001||500100|2031||P.. 1||1,12576
[74] 0100|00|00|05|fa0001||504400|b003||PD...||68,944
[75] 0100|00|00|05|fa0001||504500|2002||PE. .||69,544
[76] 0100|00|00|05|fa0001||504400|b003||PD...||68,944
[77] 0100|00|00|05|fa0001||504500|2002||PE. .||69,544
[78] 0100|00|00|05|fa0001||541001|71bd||T..q.||272,48497
[79] 0100|00|00|05|fa0001||340f01|5fb5||4.._.||271,46431
[80] 0100|00|00|05|fa0001||20010a|fcb0|| ....||2561,45308
[81] 0100|00|00|05|fa0001||100301|54f0||...T.||259,61524
[82] 0100|00|00|05|fa0001||200401|6bf2|| ..k.||260,62059
[83] 0100|00|00|05|fa0001||200201|cbf1|| ....||258,61899
[84] 0100|00|00|05|fa0003||100301|ecf1||.....||259,61932
[85] 0100|00|00|05|fa0003||200401|d3f3|| ....||260,62419
[86] 0100|00|00|05|fa0003||200201|73f0|| ..s.||258,61555
[87] 0100|01|00|0b|f301fe||200201|0000000000006c4a|| ........lJ||0,19052
[88] 0100|00|00|05|fa0001||50aa00|104e||P...N||170,19984
[89] 0100|00|00|05|fa0001||506c00|b01d||Pl...||108,7600
[90] 0100|00|00|05|fa0001||540801|71b7||T..q.||264,46961
[91] 0100|00|00|05|fa0001||342201|0fa8||4"...||290,43023
[92] 0100|01|00|0b|f301fe||342201|00000000000074b7||4".......t.||0,46964
[93] 0100|00|00|05|fa0001||100301|54f0||...T.||259,61524
[94] 0100|00|00|05|fa0001||345501|ff8f||4U...||341,36863
[95] 0100|00|00|05|fa0001||541001|71bd||T..q.||272,48497
[96] 0100|00|00|05|fa0001||541901|21bb||T..!.||281,47905
[97] 0100|00|00|05|fa0001||500e00|d034||P...4||14,13520
[98] 0100|00|00|05|fa0001||540401|71b2||T..q.||260,45681
[99] 0100|00|00|05|fa0001||541901|21bb||T..!.||281,47905
[100] 0100|00|00|05|fa0001||342301|9fa9||4#...||291,43423
[101] 0100|01|00|0b|f301fe||342301|000000000000b876||4#........v||0,30392
[102] 0100|00|00|05|fa0001||345801|6f8b||4X.o.||344,35695
[103] 0100|00|00|05|fa0001||100301|54f0||...T.||259,61524
[104] 0100|00|00|05|fa0001||200401|6bf2|| ..k.||260,62059
[105] 0100|00|00|05|fa0001||200201|cbf1|| ....||258,61899
[106] 0100|01|00|0b|f301fe||200201|ae8da802453b1e8d|| ......E;..||15173,36126
[107] 0100|00|00|05|fa0003||100301|ecf1||.....||259,61932
[108] 0100|00|00|05|fa0003||200401|d3f3|| ....||260,62419
[109] 0100|00|00|05|fa0003||200201|73f0|| ..s.||258,61555
[110] 0100|01|00|0b|f301fe||200201|0000000000006c4a|| ........lJ||0,19052
[111] 0100|00|00|05|fa0001||302300|9e29||0#..)||35,10654
[112] 0100|01|00|0b|f301fe||302300|c667b0034f3b35d3||0#..g..O;5.||15183,54069
[113] 0100|00|00|05|fa0001||560e01|1115||V....||270,5393
[114] 0100|00|00|05|fa0001||540101|21b1||T..!.||257,45345
[115] 0100|00|00|05|fa0001||301200|0e3c||0...<||18,15374
[116] 0100|00|00|05|fa0001||342101|ffa8||4!...||289,43263
[117] 0100|01|00|0b|f301fe||342101|00000000000061f7||4!.......a.||0,63329
[118] 0100|00|00|05|fa0001||340a01|0fb6||4....||266,46607
[119] 0100|00|00|05|fa0001||541d01|e1b9||T....||285,47585
[120] 0100|00|00|05|fa0001||501a00|d03b||P...;||26,15312
[121] 0100|00|00|05|fa0001||541001|71bd||T..q.||272,48497
[122] 0100|00|00|05|fa0001||100301|54f0||...T.||259,61524
[123] 0100|00|00|05|fa0001||200401|6bf2|| ..k.||260,62059
[124] 0100|00|00|05|fa0001||200201|cbf1|| ....||258,61899
[125] 0100|01|00|0b|f301fe||200201|ae8da802453b1e8d|| ......E;..||15173,36126
[126] 0100|00|00|05|fa0003||100301|ecf1||.....||259,61932
[127] 0100|00|00|05|fa0003||200401|d3f3|| ....||260,62419
[128] 0100|00|00|05|fa0003||200201|73f0|| ..s.||258,61555
[129] 0100|01|00|0b|f301fe||200201|0000000000006c4a|| ........lJ||0,19052
[130] 0100|00|00|05|fa0001||50aa00|104e||P...N||170,19984
[131] 0100|00|00|05|fa0001||506c00|b01d||Pl...||108,7600
[132] 0100|00|00|05|fa0001||540801|71b7||T..q.||264,46961
[133] 0100|00|00|05|fa0001||342201|0fa8||4"...||290,43023
[134] 0100|01|00|0b|f301fe||342201|00000000000074b7||4".......t.||0,46964
[135] 0100|00|00|05|fa0001||561000|71dd||V..q.||16,56689
[136] 0100|00|00|05|fa0001||100301|54f0||...T.||259,61524
[137] 0100|00|00|05|fa0001||345501|ff8f||4U...||341,36863
[138] 0100|00|00|05|fa0001||346301|5f98||4c._.||355,39007
[139] 0100|00|00|05|fa0001||500e00|d034||P...4||14,13520
[140] 0100|00|00|05|fa0001||540401|71b2||T..q.||260,45681
[141] 0100|00|00|05|fa0001||541901|21bb||T..!.||281,47905
[142] 0100|00|00|05|fa0001||342301|9fa9||4#...||291,43423
[143] 0100|01|00|0b|f301fe||342301|000000000000b876||4#........v||0,30392
[144] 0100|00|00|05|fa0001||345801|6f8b||4X.o.||344,35695
[145] 0100|00|00|05|fa0001||100301|54f0||...T.||259,61524
[146] 0100|00|00|05|fa0001||200401|6bf2|| ..k.||260,62059
[147] 0100|00|00|05|fa0001||200201|cbf1|| ....||258,61899
[148] 0100|01|00|0b|f301fe||200201|ae8da802453b1e8d|| ......E;..||15173,36126
[149] 0100|00|00|05|fa0003||100301|ecf1||.....||259,61932
[150] 0100|00|00|05|fa0003||200401|d3f3|| ....||260,62419
[151] 0100|00|00|05|fa0003||200201|73f0|| ..s.||258,61555
[152] 0100|01|00|0b|f301fe||200201|0000000000006c4a|| ........lJ||0,19052
[153] 0100|00|00|05|fa0001||302300|9e29||0#..)||35,10654
[154] 0100|01|00|0b|f301fe||302300|d68eb0034f3b728c||0#.....O;r.||15183,35954
[155] 0100|00|00|05|fa0001||540101|21b1||T..!.||257,45345
[156] 0100|00|00|05|fa0001||342101|ffa8||4!...||289,43263
[157] 0100|01|00|0b|f301fe||342101|00000000000061f7||4!.......a.||0,63329
[158] 0100|00|00|05|fa0001||340a01|0fb6||4....||266,46607
[159] 0100|00|00|05|fa0001||541d01|e1b9||T....||285,47585
[160] 0100|00|00|05|fa0001||347101|ff94||4q...||369,38143
[161] 0100|00|00|05|fa0001||541001|71bd||T..q.||272,48497
[162] 0100|00|00|05|fa0001||100301|54f0||...T.||259,61524
[163] 0100|00|00|05|fa0001||200401|6bf2|| ..k.||260,62059
[164] 0100|00|00|05|fa0001||200201|cbf1|| ....||258,61899
[165] 0100|01|00|0b|f301fe||200201|ae8da802453b1e8d|| ......E;..||15173,36126
[166] 0100|00|00|05|fa0003||100301|ecf1||.....||259,61932
[167] 0100|00|00|05|fa0003||200401|d3f3|| ....||260,62419
[168] 0100|00|00|05|fa0003||200201|73f0|| ..s.||258,61555
[169] 0100|01|00|0b|f301fe||200201|0000000000006c4a|| ........lJ||0,19052
[170] 0100|00|00|05|fa0001||50aa00|104e||P...N||170,19984
[171] 0100|00|00|05|fa0001||506c00|b01d||Pl...||108,7600
[172] 0100|00|00|05|fa0001||540801|71b7||T..q.||264,46961
[173] 0100|00|00|05|fa0001||342201|0fa8||4"...||290,43023
[174] 0100|01|00|0b|f301fe||342201|00000000000074b7||4".......t.||0,46964
[175] 0100|00|00|05|fa0001||100301|54f0||...T.||259,61524
[176] 0100|00|00|05|fa0001||345501|ff8f||4U...||341,36863
[177] 0100|00|00|05|fa0001||366001|6f39||6`.o9||352,14703
[178] 0100|01|00|0b|f301fe||366001|000000080000fd2b||6`........+||0,11261
[179] 0100|00|00|05|fa0001||500e00|d034||P...4||14,13520
[180] 0100|00|00|05|fa0001||540401|71b2||T..q.||260,45681
[181] 0100|00|00|05|fa0001||541901|21bb||T..!.||281,47905
[182] 0100|00|00|05|fa0001||342301|9fa9||4#...||291,43423
[183] 0100|01|00|0b|f301fe||342301|000000000000b876||4#........v||0,30392
[184] 0100|00|00|05|fa0001||345801|6f8b||4X.o.||344,35695
[185] 0100|00|00|05|fa0001||100301|54f0||...T.||259,61524
[186] 0100|00|00|05|fa0001||200401|6bf2|| ..k.||260,62059
[187] 0100|00|00|05|fa0001||200201|cbf1|| ....||258,61899
[188] 0100|01|00|0b|f301fe||200201|ae8da802453b1e8d|| ......E;..||15173,36126
[189] 0100|00|00|05|fa0003||100301|ecf1||.....||259,61932
[190] 0100|00|00|05|fa0003||200401|d3f3|| ....||260,62419
[191] 0100|00|00|05|fa0003||200201|73f0|| ..s.||258,61555
[192] 0100|01|00|0b|f301fe||200201|0000000000006c4a|| ........lJ||0,19052
[193] 0100|00|00|05|fa0001||560f01|8114||V....||271,5249
[194] 0100|00|00|05|fa0001||365501|3f2e||6U.?.||341,11839
[195] 0100|00|00|05|fa0001||365401|af2f||6T../||340,12207
[196] 0100|00|00|05|fa0001||302300|9e29||0#..)||35,10654
[197] 0100|01|00|0b|f301fe||302300|aeb6b0034f3bcf27||0#.....O;.'||15183,10191
[198] 0100|00|00|05|fa0001||560f01|8114||V....||271,5249
[199] 0100|00|00|05|fa0001||540101|21b1||T..!.||257,45345
[200] 0100|00|00|05|fa0001||342101|ffa8||4!...||289,43263
[201] 0100|01|00|0b|f3017e||130a00|0000010060f7ff01||.......`...||63328,511
[202] 0100|00|00|05|fa0001||541d01|e1b9||T....||285,47585
[203] 0100|00|00|05|fa0001||500100|2031||P.. 1||1,12576
[204] 0100|00|00|05|fa0001||541001|71bd||T..q.||272,48497
[205] 0100|00|00|05|fa0001||100301|54f0||...T.||259,61524
[206] 0100|00|00|05|fa0001||200401|6bf2|| ..k.||260,62059
[207] 0100|00|00|05|fa0001||200201|cbf1|| ....||258,61899
[208] 0100|00|00|05|fa0003||100301|ecf1||.....||259,61932
[209] 0100|00|00|05|fa0003||200401|d3f3|| ....||260,62419
[210] 0100|00|00|05|fa0003||200201|73f0|| ..s.||258,61555
[211] 0100|01|00|0b|f301fe||200201|0000000000006c4a|| ........lJ||0,19052
[212] 0100|00|00|05|fa0001||50aa00|104e||P...N||170,19984
[213] 0100|00|00|05|fa0001||506c00|b01d||Pl...||108,7600
[214] 0100|00|00|05|fa0001||540801|71b7||T..q.||264,46961
[215] 0100|00|00|05|fa0001||342201|0fa8||4"...||290,43023
[216] 0100|01|00|0b|f301fe||342201|00000000000074b7||4".......t.||0,46964
[217] 0100|00|00|05|fa0001||100301|54f0||...T.||259,61524
[218] 0100|00|00|05|fa0001||345501|ff8f||4U...||341,36863
[219] 0100|00|00|05|fa0001||541f01|81b8||T....||287,47233
[220] 0100|00|00|05|fa0001||500e00|d034||P...4||14,13520
[221] 0100|00|00|05|fa0001||540401|71b2||T..q.||260,45681
[222] 0100|00|00|05|fa0001||541901|21bb||T..!.||281,47905
[223] 0100|00|00|05|fa0001||342301|9fa9||4#...||291,43423
[224] 0100|01|00|0b|f301fe||342301|000000000000b876||4#........v||0,30392
[225] 0100|00|00|05|fa0001||345801|6f8b||4X.o.||344,35695
[226] 0100|00|00|05|fa0001||100301|54f0||...T.||259,61524
[227] 0100|00|00|05|fa0001||200401|6bf2|| ..k.||260,62059
[228] 0100|00|00|05|fa0001||200201|cbf1|| ....||258,61899
[229] 0100|01|00|0b|f301fe||200201|ae8da802453b1e8d|| ......E;..||15173,36126
[230] 0100|00|00|05|fa0003||100301|ecf1||.....||259,61932
[231] 0100|00|00|05|fa0003||200401|d3f3|| ....||260,62419
[232] 0100|00|00|05|fa0003||200201|73f0|| ..s.||258,61555
[233] 0100|01|00|0b|f301fe||200201|0000000000006c4a|| ........lJ||0,19052
[234] 0100|00|00|05|fa0001||302300|9e29||0#..)||35,10654
[235] 0100|01|42|4b|f303fe||302300|28ddb0034f3ba01d0100000005fa000154100171bd0100010006f801fe5410010265170100000005fa000154190121bb0100010007f702fe5419013c00227bf7010000d0012e0478||0#.(...O;..........T..q.........T...e.........T..!.........T..<."{........x||11777,30724
[236] 0100|00|00|05|fa0001||560e01|1115||V....||270,5393
[237] 0100|00|00|05|fa0001||540101|21b1||T..!.||257,45345
[238] 0100|00|00|05|fa0001||342101|ffa8||4!...||289,43263
[239] 0100|01|00|0b|f301fe||342101|00000000000061f7||4!.......a.||0,63329
[240] 0100|00|00|05|fa0001||340a01|0fb6||4....||266,46607
[241] 0100|00|00|05|fa0001||541d01|e1b9||T....||285,47585
[242] 0100|00|00|05|fa0001||541001|71bd||T..q.||272,48497
[243] 0100|00|00|05|fa0001||100301|54f0||...T.||259,61524
[244] 0100|00|00|05|fa0001||200401|6bf2|| ..k.||260,62059
[245] 0100|00|00|05|fa0001||200201|cbf1|| ....||258,61899
[246] 0100|01|00|0b|f301fe||200201|ae8dac02453b1e8d|| ......E;..||15173,36126
[247] 0100|00|00|05|fa0003||100301|ecf1||.....||259,61932
[248] 0100|00|00|05|fa0003||200401|d3f3|| ....||260,62419
[249] 0100|00|00|05|fa0003||200201|73f0|| ..s.||258,61555
[250] 0100|01|00|0b|f301fe||200201|0000000000006c4a|| ........lJ||0,19052
[251] 0100|00|00|05|fa0001||50aa00|104e||P...N||170,19984
[252] 0100|00|00|05|fa0001||506c00|b01d||Pl...||108,7600
[253] 0100|00|00|05|fa0001||540801|71b7||T..q.||264,46961
[254] 0100|00|00|05|fa0001||342201|0fa8||4"...||290,43023
[255] 0100|01|00|0b|f301fe||342201|00000000000074b7||4".......t.||0,46964
[256] 0100|00|00|05|fa0001||561000|71dd||V..q.||16,56689
[257] 0100|00|00|05|fa0001||100301|54f0||...T.||259,61524
[258] 0100|00|00|05|fa0001||345501|ff8f||4U...||341,36863
[259] 0100|00|00|05|fa0001||500e00|d034||P...4||14,13520
[260] 0100|00|00|05|fa0001||540401|71b2||T..q.||260,45681
[261] 0100|00|00|05|fa0001||541901|21bb||T..!.||281,47905
[262] 0100|00|00|05|fa0001||342301|9fa9||4#...||291,43423
[263] 0100|01|00|0b|f301fe||342301|000000000000b876||4#........v||0,30392
[264] 0100|00|00|05|fa0001||345801|6f8b||4X.o.||344,35695
[265] 0100|00|00|05|fa0001||100301|54f0||...T.||259,61524
[266] 0100|00|00|05|fa0001||200401|6bf2|| ..k.||260,62059
[267] 0100|00|00|05|fa0001||200201|cbf1|| ....||258,61899
[268] 0100|01|00|0b|f301fe||200201|ae8da802453b1e8d|| ......E;..||15173,36126
[269] 0100|00|00|05|fa0003||100301|ecf1||.....||259,61932
[270] 0100|00|00|05|fa0003||200401|d3f3|| ....||260,62419
[271] 0100|00|00|05|fa0003||200201|73f0|| ..s.||258,61555
[272] 0100|01|00|0b|f301fe||200201|0000000000006c4a|| ........lJ||0,19052
[273] 0100|00|00|05|fa0001||302300|9e29||0#..)||35,10654
[274] 0100|00|00|05|fa0001||302300|9e29||0#..)||35,10654
[275] 0100|01|00|0b|f301fe||302300|6a04b1034f3bad0e||0#.j...O;..||15183,3757
[276] 0100|00|00|05|fa0001||304300|9e01||0C...||67,414
[277] 0100|00|00|05|fa0001||540101|21b1||T..!.||257,45345
[278] 0100|00|00|05|fa0001||342101|ffa8||4!...||289,43263
[279] 0100|01|00|0b|f301fe||342101|00000000000061f7||4!.......a.||0,63329
[280] 0100|00|00|05|fa0001||340a01|0fb6||4....||266,46607
[281] 0100|00|00|05|fa0001||541d01|e1b9||T....||285,47585
[282] 0100|00|00|05|fa0001||347101|ff94||4q...||369,38143
[283] 0100|00|00|05|fa0001||541001|71bd||T..q.||272,48497
[284] 0100|00|00|05|fa0001||100301|54f0||...T.||259,61524
[285] 0100|00|00|05|fa0001||200401|6bf2|| ..k.||260,62059
[286] 0100|00|00|05|fa0001||200201|cbf1|| ....||258,61899
[287] 0100|01|00|0b|f301fe||200201|ae8da802453b1e8d|| ......E;..||15173,36126
[288] 0100|00|00|05|fa0003||100301|ecf1||.....||259,61932
[289] 0100|00|00|05|fa0003||200401|d3f3|| ....||260,62419
[290] 0100|00|00|05|fa0003||200201|73f0|| ..s.||258,61555
[291] 0100|01|00|0b|f301fe||200201|0000000000006c4a|| ........lJ||0,19052
[292] 0100|00|00|05|fa0001||50aa00|104e||P...N||170,19984
[293] 0100|00|00|05|fa0001||506c00|b01d||Pl...||108,7600
[294] 0100|00|00|05|fa0001||540801|71b7||T..q.||264,46961
[295] 0100|00|00|05|fa0001||342201|0fa8||4"...||290,43023
[296] 0100|01|00|0b|f301fe||342201|00000000000074b7||4".......t.||0,46964
[297] 0100|00|00|05|fa0001||100301|54f0||...T.||259,61524
[298] 0100|00|00|05|fa0001||345501|ff8f||4U...||341,36863
[299] 0100|00|00|05|fa0001||540401|71b2||T..q.||260,45681
[300] 0100|00|00|05|fa0001||541901|21bb||T..!.||281,47905
