[1] ffff
[2] fffb
[3] ff
[4] ffff
[5] ff
[6] 0908
[7] ffff859c
[8] ff
[9] 0108090844b20101fe506c00d0c1031800d00c0010d103
[10] 39
[11] 000005fa000154040171b2
[12] ffffffff
[13] ff
[14] ff
[15] ffff
[16] 0300
[17] 050000001a4e
[18] ff
[19] 0142030009f501fe20010a1923f37901da
[20] 410203000bf301fe200201ae8da802453b1e8d
[21] 7d
[22] ffff
[23] ee
[24] 68
[25] ffff
[26] ff
[27] ff
[28] ffffff
[29] 0300
[30] 3c00aeffffff
[31] ff
[32] ff
[33] 97
[34] 4d
[35] ffff
[36] ff
[37] 0140
[38] 00b208
[39] fffb
[40] ffff
[41] ff
[42] ff
[43] ff
[44] ff
[45] fe
[46] 7f
[47] 4d
[48] ffffff
[49] ff
[50] 4300
[51] ffff859c
[52] ff
[53] 00000005fa0001340a010fb6
[54] 010241000bf301fe200201ae8da802453b1e8d
[55] ff
[56] 4e
[57] 4d
[58] ff
[59] ff
[60] ff
[61] 75
[62] ffff
[63] 4e
[64] a4
[65] ff
[66] ff
[67] ffffff
[68] fffefe
[69] 030203000bf301fe3023000604b1034f3bc107
[70] fff8
[71] ff
[72] ff
[73] 4e
[74] bf
[75] 00d0012e047875
