=== register: 100301|54f0 ===
[2] 0100|00|00|05|fa0001||100301|54f0||...T.||259,61524
[17] 0100|00|00|05|fa0001||100301|54f0||...T.||259,61524
[24] 0100|00|00|05|fa0001||100301|54f0||...T.||259,61524
[40] 0100|00|00|05|fa0001||100301|54f0||...T.||259,61524
[54] 0100|00|00|05|fa0001||100301|54f0||...T.||259,61524
[61] 0100|00|00|05|fa0001||100301|54f0||...T.||259,61524
[79] 0100|00|00|05|fa0001||100301|54f0||...T.||259,61524
[93] 0100|00|00|05|fa0001||100301|54f0||...T.||259,61524
[102] 0100|00|00|05|fa0001||100301|54f0||...T.||259,61524
[122] 0100|00|00|05|fa0001||100301|54f0||...T.||259,61524
[137] 0100|00|00|05|fa0001||100301|54f0||...T.||259,61524
[144] 0100|00|00|05|fa0001||100301|54f0||...T.||259,61524
[162] 0100|00|00|05|fa0001||100301|54f0||...T.||259,61524
[177] 0100|00|00|05|fa0001||100301|54f0||...T.||259,61524
[185] 0100|00|00|05|fa0001||100301|54f0||...T.||259,61524
[218] 0100|00|00|05|fa0001||100301|54f0||...T.||259,61524
[235] 0100|00|00|05|fa0001||100301|54f0||...T.||259,61524
[244] 0100|00|00|05|fa0001||100301|54f0||...T.||259,61524
[264] 0100|00|00|05|fa0001||100301|54f0||...T.||259,61524
[279] 0100|00|00|05|fa0001||100301|54f0||...T.||259,61524
[286] 0100|00|00|05|fa0001||100301|54f0||...T.||259,61524
[304] 0100|00|00|05|fa0001||100301|54f0||...T.||259,61524
[318] 0100|00|00|05|fa0001||100301|54f0||...T.||259,61524
[325] 0100|00|00|05|fa0001||100301|54f0||...T.||259,61524
[344] 0100|00|00|05|fa0001||100301|54f0||...T.||259,61524
[357] 0100|00|00|05|fa0001||100301|54f0||...T.||259,61524
[366] 0100|00|00|05|fa0001||100301|54f0||...T.||259,61524
[385] 0100|00|00|05|fa0001||100301|54f0||...T.||259,61524
[400] 0100|00|00|05|fa0001||100301|54f0||...T.||259,61524
[407] 0100|00|00|05|fa0001||100301|54f0||...T.||259,61524
[425] 0100|00|00|05|fa0001||100301|54f0||...T.||259,61524
[448] 0100|00|00|05|fa0001||100301|54f0||...T.||259,61524
[464] 0100|00|00|05|fa0001||100301|54f0||...T.||259,61524
[487] 0100|00|00|05|fa0001||100301|54f0||...T.||259,61524
[502] 0100|00|00|05|fa0001||100301|54f0||...T.||259,61524
[522] 0100|00|00|05|fa0001||100301|54f0||...T.||259,61524
[536] 0100|00|00|05|fa0001||100301|54f0||...T.||259,61524
[543] 0100|00|00|05|fa0001||100301|54f0||...T.||259,61524
[560] 0100|00|00|05|fa0001||100301|54f0||...T.||259,61524
[575] 0100|00|00|05|fa0001||100301|54f0||...T.||259,61524
[582] 0100|00|00|05|fa0001||100301|54f0||...T.||259,61524
[598] 0100|00|00|05|fa0001||100301|54f0||...T.||259,61524
[611] 0100|00|00|05|fa0001||100301|54f0||...T.||259,61524
[631] 0100|00|00|05|fa0001||100301|54f0||...T.||259,61524
[646] 0100|00|00|05|fa0001||100301|54f0||...T.||259,61524
[653] 0100|00|00|05|fa0001||100301|54f0||...T.||259,61524
[672] 0100|00|00|05|fa0001||100301|54f0||...T.||259,61524
[688] 0100|00|00|05|fa0001||100301|54f0||...T.||259,61524
[696] 0100|00|00|05|fa0001||100301|54f0||...T.||259,61524
[714] 0100|00|00|05|fa0001||100301|54f0||...T.||259,61524
[734] 0100|00|00|05|fa0001||100301|54f0||...T.||259,61524
[767] 0100|00|00|05|fa0001||100301|54f0||...T.||259,61524
[783] 0100|00|00|05|fa0001||100301|54f0||...T.||259,61524
[790] 0100|00|00|05|fa0001||100301|54f0||...T.||259,61524

=== register: 100301|ecf1 ===
[6] 0100|00|00|05|fa0003||100301|ecf1||.....||259,61932
[27] 0100|00|00|05|fa0003||100301|ecf1||.....||259,61932
[43] 0100|00|00|05|fa0003||100301|ecf1||.....||259,61932
[64] 0100|00|00|05|fa0003||100301|ecf1||.....||259,61932
[83] 0100|00|00|05|fa0003||100301|ecf1||.....||259,61932
[106] 0100|00|00|05|fa0003||100301|ecf1||.....||259,61932
[126] 0100|00|00|05|fa0003||100301|ecf1||.....||259,61932
[147] 0100|00|00|05|fa0003||100301|ecf1||.....||259,61932
[166] 0100|00|00|05|fa0003||100301|ecf1||.....||259,61932
[189] 0100|00|00|05|fa0003||100301|ecf1||.....||259,61932
[224] 0100|00|00|05|fa0003||100301|ecf1||.....||259,61932
[248] 0100|00|00|05|fa0003||100301|ecf1||.....||259,61932
[268] 0100|00|00|05|fa0003||100301|ecf1||.....||259,61932
[290] 0100|00|00|05|fa0003||100301|ecf1||.....||259,61932
[307] 0100|00|00|05|fa0003||100301|ecf1||.....||259,61932
[347] 0100|00|00|05|fa0003||100301|ecf1||.....||259,61932
[370] 0100|00|00|05|fa0003||100301|ecf1||.....||259,61932
[389] 0100|00|00|05|fa0003||100301|ecf1||.....||259,61932
[411] 0100|00|00|05|fa0003||100301|ecf1||.....||259,61932
[429] 0100|00|00|05|fa0003||100301|ecf1||.....||259,61932
[451] 0100|00|00|05|fa0003||100301|ecf1||.....||259,61932
[467] 0100|00|00|05|fa0003||100301|ecf1||.....||259,61932
[506] 0100|00|00|05|fa0003||100301|ecf1||.....||259,61932
[525] 0100|00|00|05|fa0003||100301|ecf1||.....||259,61932
[547] 0100|00|00|05|fa0003||100301|ecf1||.....||259,61932
[564] 0100|00|00|05|fa0003||100301|ecf1||.....||259,61932
[585] 0100|00|00|05|fa0003||100301|ecf1||.....||259,61932
[601] 0100|00|00|05|fa0003||100301|ecf1||.....||259,61932
[615] 0100|00|00|05|fa0003||100301|ecf1||.....||259,61932
[635] 0100|00|00|05|fa0003||100301|ecf1||.....||259,61932
[657] 0100|00|00|05|fa0003||100301|ecf1||.....||259,61932
[676] 0100|00|00|05|fa0003||100301|ecf1||.....||259,61932
[700] 0100|00|00|05|fa0003||100301|ecf1||.....||259,61932
[717] 0100|00|00|05|fa0003||100301|ecf1||.....||259,61932
[741] 0100|00|00|05|fa0003||100301|ecf1||.....||259,61932
[771] 0100|00|00|05|fa0003||100301|ecf1||.....||259,61932
[794] 0100|00|00|05|fa0003||100301|ecf1||.....||259,61932

=== register: 100601|54f0 ===
[440] 0100|00|00|05|fa0001||100601|54f0||...T.||262,61524

=== register: 101800|dc3a ===
[200] 0100|00|00|05|fa0003||101800|dc3a||....:||24,15068
[474] 0100|00|00|05|fa0003||101800|dc3a||....:||24,15068
[724] 0100|00|00|05|fa0003||101800|dc3a||....:||24,15068

=== register: 1f8103|3621 ===
[199] 0100|00|00|05|fa0001||1f8103|3621||...6!||897,8502
[473] 0100|00|00|05|fa0001||1f8103|3621||...6!||897,8502
[723] 0100|00|00|05|fa0001||1f8103|3621||...6!||897,8502

=== register: 1f8500|f763 ===
[197] 0100|00|00|05|fa0001||1f8500|f763||....c||133,25591
[471] 0100|00|00|05|fa0001||1f8500|f763||....c||133,25591
[721] 0100|00|00|05|fa0001||1f8500|f763||....c||133,25591

=== register: 200102|3ab1 ===
[198] 0100|00|00|05|fa0001||200102|3ab1|| ..:.||513,45370
[472] 0100|00|00|05|fa0001||200102|3ab1|| ..:.||513,45370
[722] 0100|00|00|05|fa0001||200102|3ab1|| ..:.||513,45370

=== register: 20010a|fcb0 ===
[229] 0100|00|00|05|fa0001||20010a|fcb0|| ....||2561,45308
[497] 0100|00|00|05|fa0001||20010a|fcb0|| ....||2561,45308
[758] 0100|00|00|05|fa0001||20010a|fcb0|| ....||2561,45308

=== register: 200201|0000000000006c4a ===
[9] 0100|01|00|0b|f301fe||200201|0000000000006c4a|| ........lJ||0,19052
[30] 0100|01|00|0b|f301fe||200201|0000000000006c4a|| ........lJ||0,19052
[46] 0100|01|00|0b|f301fe||200201|0000000000006c4a|| ........lJ||0,19052
[67] 0100|01|00|0b|f301fe||200201|0000000000006c4a|| ........lJ||0,19052
[86] 0100|01|00|0b|f301fe||200201|0000000000006c4a|| ........lJ||0,19052
[109] 0100|01|00|0b|f301fe||200201|0000000000006c4a|| ........lJ||0,19052
[129] 0100|01|00|0b|f301fe||200201|0000000000006c4a|| ........lJ||0,19052
[150] 0100|01|00|0b|f301fe||200201|0000000000006c4a|| ........lJ||0,19052
[169] 0100|01|00|0b|f301fe||200201|0000000000006c4a|| ........lJ||0,19052
[192] 0100|01|00|0b|f301fe||200201|0000000000006c4a|| ........lJ||0,19052
[227] 0100|01|00|0b|f301fe||200201|0000000000006c4a|| ........lJ||0,19052
[251] 0100|01|00|0b|f301fe||200201|0000000000006c4a|| ........lJ||0,19052
[271] 0100|01|00|0b|f301fe||200201|0000000000006c4a|| ........lJ||0,19052
[293] 0100|01|00|0b|f301fe||200201|0000000000006c4a|| ........lJ||0,19052
[310] 0100|01|00|0b|f301fe||200201|0000000000006c4a|| ........lJ||0,19052
[331] 0100|01|00|0b|f301fe||200201|0000000000006c4a|| ........lJ||0,19052
[350] 0100|01|00|0b|f301fe||200201|0000000000006c4a|| ........lJ||0,19052
[392] 0100|01|00|0b|f301fe||200201|0000000000006c4a|| ........lJ||0,19052
[414] 0100|01|00|0b|f301fe||200201|0000000000006c4a|| ........lJ||0,19052
[432] 0100|01|00|0b|f301fe||200201|0000000000006c4a|| ........lJ||0,19052
[454] 0100|01|00|0b|f301fe||200201|0000000000006c4a|| ........lJ||0,19052
[509] 0100|01|00|0b|f301fe||200201|0000000000006c4a|| ........lJ||0,19052
[528] 0100|01|00|0b|f301fe||200201|0000000000006c4a|| ........lJ||0,19052
[550] 0100|01|00|0b|f301fe||200201|0000000000006c4a|| ........lJ||0,19052
[567] 0100|01|00|0b|f301fe||200201|0000000000006c4a|| ........lJ||0,19052
[588] 0100|01|00|0b|f301fe||200201|0000000000006c4a|| ........lJ||0,19052
[604] 0100|01|00|0b|f301fe||200201|0000000000006c4a|| ........lJ||0,19052
[618] 0100|01|00|0b|f301fe||200201|0000000000006c4a|| ........lJ||0,19052
[638] 0100|01|00|0b|f301fe||200201|0000000000006c4a|| ........lJ||0,19052
[660] 0100|01|00|0b|f301fe||200201|0000000000006c4a|| ........lJ||0,19052
[679] 0100|01|00|0b|f301fe||200201|0000000000006c4a|| ........lJ||0,19052
[703] 0100|01|00|0b|f301fe||200201|0000000000006c4a|| ........lJ||0,19052
[746] 0100|01|00|0b|f301fe||200201|0000000000006c4a|| ........lJ||0,19052
[774] 0100|01|00|0b|f301fe||200201|0000000000006c4a|| ........lJ||0,19052
[797] 0100|03|00|0b|f301fe||200201|0000000000006c4a|| ........lJ||0,19052

=== register: 200201|73f0 ===
[8] 0100|00|00|05|fa0003||200201|73f0|| ..s.||258,61555
[29] 0100|00|00|05|fa0003||200201|73f0|| ..s.||258,61555
[45] 0100|00|00|05|fa0003||200201|73f0|| ..s.||258,61555
[66] 0100|00|00|05|fa0003||200201|73f0|| ..s.||258,61555
[85] 0100|00|00|05|fa0003||200201|73f0|| ..s.||258,61555
[108] 0100|00|00|05|fa0003||200201|73f0|| ..s.||258,61555
[128] 0100|00|00|05|fa0003||200201|73f0|| ..s.||258,61555
[149] 0100|00|00|05|fa0003||200201|73f0|| ..s.||258,61555
[168] 0100|00|00|05|fa0003||200201|73f0|| ..s.||258,61555
[191] 0100|00|00|05|fa0003||200201|73f0|| ..s.||258,61555
[226] 0100|00|00|05|fa0003||200201|73f0|| ..s.||258,61555
[250] 0100|00|00|05|fa0003||200201|73f0|| ..s.||258,61555
[270] 0100|00|00|05|fa0003||200201|73f0|| ..s.||258,61555
[292] 0100|00|00|05|fa0003||200201|73f0|| ..s.||258,61555
[309] 0100|00|00|05|fa0003||200201|73f0|| ..s.||258,61555
[330] 0100|00|00|05|fa0003||200201|73f0|| ..s.||258,61555
[349] 0100|00|00|05|fa0003||200201|73f0|| ..s.||258,61555
[372] 0100|00|00|05|fa0003||200201|73f0|| ..s.||258,61555
[391] 0100|00|00|05|fa0003||200201|73f0|| ..s.||258,61555
[413] 0100|00|00|05|fa0003||200201|73f0|| ..s.||258,61555
[431] 0100|00|00|05|fa0003||200201|73f0|| ..s.||258,61555
[453] 0100|00|00|05|fa0003||200201|73f0|| ..s.||258,61555
[469] 0100|00|00|05|fa0003||200201|73f0|| ..s.||258,61555
[508] 0100|00|00|05|fa0003||200201|73f0|| ..s.||258,61555
[527] 0100|00|00|05|fa0003||200201|73f0|| ..s.||258,61555
[549] 0100|00|00|05|fa0003||200201|73f0|| ..s.||258,61555
[566] 0100|00|00|05|fa0003||200201|73f0|| ..s.||258,61555
[587] 0100|00|00|05|fa0003||200201|73f0|| ..s.||258,61555
[603] 0100|00|00|05|fa0003||200201|73f0|| ..s.||258,61555
[617] 0100|00|00|05|fa0003||200201|73f0|| ..s.||258,61555
[637] 0100|00|00|05|fa0003||200201|73f0|| ..s.||258,61555
[659] 0100|00|00|05|fa0003||200201|73f0|| ..s.||258,61555
[678] 0100|00|00|05|fa0003||200201|73f0|| ..s.||258,61555
[702] 0100|00|00|05|fa0003||200201|73f0|| ..s.||258,61555
[773] 0100|00|00|05|fa0003||200201|73f0|| ..s.||258,61555
[796] 0100|00|00|05|fa0003||200201|73f0|| ..s.||258,61555

=== register: 200201|8e8da802453b1e8d ===
[614] 0100|01|00|0b|f301fe||200201|8e8da802453b1e8d|| ......E;..||15173,36126

=== register: 200201|ae8da802453b1e8d ===
[5] 0100|05|00|0b|f301fe||200201|ae8da802453b1e8d|| ......E;..||15173,36126
[82] 0100|01|00|0b|f301fe||200201|ae8da802453b1e8d|| ......E;..||15173,36126
[105] 0100|01|00|0b|f301fe||200201|ae8da802453b1e8d|| ......E;..||15173,36126
[125] 0100|01|00|0b|f301fe||200201|ae8da802453b1e8d|| ......E;..||15173,36126
[165] 0100|01|00|0b|f301fe||200201|ae8da802453b1e8d|| ......E;..||15173,36126
[222] 0100|01|00|0b|f301fe||200201|ae8da802453b1e8d|| ......E;..||15173,36126
[247] 0100|01|00|0b|f301fe||200201|ae8da802453b1e8d|| ......E;..||15173,36126
[267] 0100|01|00|0b|f301fe||200201|ae8da802453b1e8d|| ......E;..||15173,36126
[289] 0100|01|00|0b|f301fe||200201|ae8da802453b1e8d|| ......E;..||15173,36126
[388] 0100|01|00|0b|f301fe||200201|ae8da802453b1e8d|| ......E;..||15173,36126
[410] 0100|01|00|0b|f301fe||200201|ae8da802453b1e8d|| ......E;..||15173,36126
[428] 0100|01|00|0b|f301fe||200201|ae8da802453b1e8d|| ......E;..||15173,36126
[505] 0100|01|00|0b|f301fe||200201|ae8da802453b1e8d|| ......E;..||15173,36126
[546] 0100|01|00|0b|f301fe||200201|ae8da802453b1e8d|| ......E;..||15173,36126
[563] 0100|01|00|0b|f301fe||200201|ae8da802453b1e8d|| ......E;..||15173,36126
[634] 0100|21|00|0b|f301fe||200201|ae8da802453b1e8d|| ......E;..||15173,36126
[656] 0100|01|00|0b|f301fe||200201|ae8da802453b1e8d|| ......E;..||15173,36126
[675] 0100|01|00|0b|f301fe||200201|ae8da802453b1e8d|| ......E;..||15173,36126
[699] 0100|01|00|0b|f301fe||200201|ae8da802453b1e8d|| ......E;..||15173,36126
[739] 0100|01|00|0b|f301fe||200201|ae8da802453b1e8d|| ......E;..||15173,36126
[770] 0100|01|00|0b|f381fe||200201|ae8da802453b1e8d|| ......E;..||15173,36126

=== register: 200201|ae8da802453b1e8d01000000 ===
[328] 0100|01|00|0f|f301fe||200201|ae8da802453b1e8d01000000|| ......E;......||1,0

=== register: 200201|ae8da80a453b5e8d ===
[793] 0100|01|00|0b|f301fe||200201|ae8da80a453b5e8d|| ......E;^.||15173,36190

=== register: 200201|ae8de802453b1e8d ===
[369] 0100|01|00|0b|f301fe||200201|ae8de802453b1e8d|| ......E;..||15173,36126

=== register: 200201|cbf1 ===
[4] 0100|00|00|05|fa0001||200201|cbf1|| ....||258,61899
[26] 0100|00|00|05|fa0001||200201|cbf1|| ....||258,61899
[42] 0100|00|00|05|fa0001||200201|cbf1|| ....||258,61899
[63] 0100|00|00|05|fa0001||200201|cbf1|| ....||258,61899
[81] 0100|00|00|05|fa0001||200201|cbf1|| ....||258,61899
[104] 0100|00|00|05|fa0001||200201|cbf1|| ....||258,61899
[124] 0100|00|00|05|fa0001||200201|cbf1|| ....||258,61899
[146] 0100|00|00|05|fa0001||200201|cbf1|| ....||258,61899
[164] 0100|00|00|05|fa0001||200201|cbf1|| ....||258,61899
[187] 0100|00|00|05|fa0001||200201|cbf1|| ....||258,61899
[221] 0100|00|00|05|fa0001||200201|cbf1|| ....||258,61899
[246] 0100|00|00|05|fa0001||200201|cbf1|| ....||258,61899
[266] 0100|00|00|05|fa0001||200201|cbf1|| ....||258,61899
[288] 0100|00|00|05|fa0001||200201|cbf1|| ....||258,61899
[306] 0100|00|00|05|fa0001||200201|cbf1|| ....||258,61899
[327] 0100|00|00|05|fa0001||200201|cbf1|| ....||258,61899
[346] 0100|00|00|05|fa0001||200201|cbf1|| ....||258,61899
[368] 0100|00|00|05|fa0001||200201|cbf1|| ....||258,61899
[387] 0100|00|00|05|fa0001||200201|cbf1|| ....||258,61899
[409] 0100|00|00|05|fa0001||200201|cbf1|| ....||258,61899
[427] 0100|00|00|05|fa0001||200201|cbf1|| ....||258,61899
[450] 0100|00|00|05|fa0001||200201|cbf1|| ....||258,61899
[466] 0100|00|00|05|fa0001||200201|cbf1|| ....||258,61899
[504] 0100|00|00|05|fa0001||200201|cbf1|| ....||258,61899
[524] 0100|00|00|05|fa0001||200201|cbf1|| ....||258,61899
[545] 0100|00|00|05|fa0001||200201|cbf1|| ....||258,61899
[562] 0100|00|00|05|fa0001||200201|cbf1|| ....||258,61899
[584] 0100|00|00|05|fa0001||200201|cbf1|| ....||258,61899
[600] 0100|00|00|05|fa0001||200201|cbf1|| ....||258,61899
[613] 0100|00|00|05|fa0001||200201|cbf1|| ....||258,61899
[633] 0100|00|00|05|fa0001||200201|cbf1|| ....||258,61899
[655] 0100|00|00|05|fa0001||200201|cbf1|| ....||258,61899
[674] 0100|00|00|05|fa0001||200201|cbf1|| ....||258,61899
[698] 0100|00|00|05|fa0001||200201|cbf1|| ....||258,61899
[716] 0100|00|00|05|fa0001||200201|cbf1|| ....||258,61899
[738] 0100|00|00|05|fa0001||200201|cbf1|| ....||258,61899
[769] 0100|00|00|05|fa0001||200201|cbf1|| ....||258,61899
[792] 0100|00|00|05|fa0001||200201|cbf1|| ....||258,61899

=== register: 200401|6bf2 ===
[3] 0100|00|00|05|fa0001||200401|6bf2|| ..k.||260,62059
[25] 0100|00|00|05|fa0001||200401|6bf2|| ..k.||260,62059
[41] 0100|00|00|05|fa0001||200401|6bf2|| ..k.||260,62059
[62] 0100|00|00|05|fa0001||200401|6bf2|| ..k.||260,62059
[80] 0100|00|00|05|fa0001||200401|6bf2|| ..k.||260,62059
[103] 0100|00|00|05|fa0001||200401|6bf2|| ..k.||260,62059
[123] 0100|00|00|05|fa0001||200401|6bf2|| ..k.||260,62059
[145] 0100|00|00|05|fa0001||200401|6bf2|| ..k.||260,62059
[163] 0100|00|00|05|fa0001||200401|6bf2|| ..k.||260,62059
[186] 0100|00|00|05|fa0001||200401|6bf2|| ..k.||260,62059
[219] 0100|00|00|05|fa0001||200401|6bf2|| ..k.||260,62059
[245] 0100|00|00|05|fa0001||200401|6bf2|| ..k.||260,62059
[265] 0100|00|00|05|fa0001||200401|6bf2|| ..k.||260,62059
[287] 0100|00|00|05|fa0001||200401|6bf2|| ..k.||260,62059
[305] 0100|00|00|05|fa0001||200401|6bf2|| ..k.||260,62059
[326] 0100|00|00|05|fa0001||200401|6bf2|| ..k.||260,62059
[345] 0100|00|00|05|fa0001||200401|6bf2|| ..k.||260,62059
[367] 0100|00|00|05|fa0001||200401|6bf2|| ..k.||260,62059
[386] 0100|00|00|05|fa0001||200401|6bf2|| ..k.||260,62059
[408] 0100|00|00|05|fa0001||200401|6bf2|| ..k.||260,62059
[426] 0100|00|00|05|fa0001||200401|6bf2|| ..k.||260,62059
[449] 0100|00|00|05|fa0001||200401|6bf2|| ..k.||260,62059
[465] 0100|00|00|05|fa0001||200401|6bf2|| ..k.||260,62059
[503] 0100|00|00|05|fa0001||200401|6bf2|| ..k.||260,62059
[523] 0100|00|00|05|fa0001||200401|6bf2|| ..k.||260,62059
[544] 0100|00|00|05|fa0001||200401|6bf2|| ..k.||260,62059
[561] 0100|00|00|05|fa0001||200401|6bf2|| ..k.||260,62059
[583] 0100|00|00|05|fa0001||200401|6bf2|| ..k.||260,62059
[599] 0100|00|00|05|fa0001||200401|6bf2|| ..k.||260,62059
[612] 0100|00|00|05|fa0001||200401|6bf2|| ..k.||260,62059
[632] 0100|00|00|05|fa0001||200401|6bf2|| ..k.||260,62059
[654] 0100|00|00|05|fa0001||200401|6bf2|| ..k.||260,62059
[673] 0100|00|00|05|fa0001||200401|6bf2|| ..k.||260,62059
[697] 0100|00|00|05|fa0001||200401|6bf2|| ..k.||260,62059
[715] 0100|00|00|05|fa0001||200401|6bf2|| ..k.||260,62059
[736] 0100|00|00|05|fa0001||200401|6bf2|| ..k.||260,62059
[768] 0100|00|00|05|fa0001||200401|6bf2|| ..k.||260,62059
[791] 0100|00|00|05|fa0001||200401|6bf2|| ..k.||260,62059

=== register: 200401|c3f3 ===
[84] 0100|00|00|05|fa0003||200401|c3f3|| ....||260,62403

=== register: 200401|d3f3 ===
[7] 0100|00|00|05|fa0003||200401|d3f3|| ....||260,62419
[28] 0100|00|00|05|fa0003||200401|d3f3|| ....||260,62419
[44] 0100|00|00|05|fa0003||200401|d3f3|| ....||260,62419
[65] 0100|00|00|05|fa0003||200401|d3f3|| ....||260,62419
[107] 0100|00|00|05|fa0003||200401|d3f3|| ....||260,62419
[127] 0100|00|00|05|fa0003||200401|d3f3|| ....||260,62419
[148] 0100|00|00|05|fa0003||200401|d3f3|| ....||260,62419
[167] 0100|00|00|05|fa0003||200401|d3f3|| ....||260,62419
[190] 0100|00|00|05|fa0003||200401|d3f3|| ....||260,62419
[225] 0100|00|00|05|fa0003||200401|d3f3|| ....||260,62419
[249] 0100|00|00|05|fa0003||200401|d3f3|| ....||260,62419
[269] 0100|00|00|05|fa0003||200401|d3f3|| ....||260,62419
[291] 0100|00|00|05|fa0003||200401|d3f3|| ....||260,62419
[308] 0100|00|00|05|fa0003||200401|d3f3|| ....||260,62419
[329] 0100|00|00|05|fa0003||200401|d3f3|| ....||260,62419
[348] 0100|00|00|05|fa0003||200401|d3f3|| ....||260,62419
[371] 0100|00|00|05|fa0003||200401|d3f3|| ....||260,62419
[390] 0100|00|00|05|fa0003||200401|d3f3|| ....||260,62419
[412] 0100|00|00|05|fa0003||200401|d3f3|| ....||260,62419
[430] 0100|00|00|05|fa0003||200401|d3f3|| ....||260,62419
[452] 0100|00|00|05|fa0003||200401|d3f3|| ....||260,62419
[468] 0100|00|00|05|fa0003||200401|d3f3|| ....||260,62419
[507] 0100|00|00|05|fa0003||200401|d3f3|| ....||260,62419
[526] 0100|00|00|05|fa0003||200401|d3f3|| ....||260,62419
[548] 0100|00|00|05|fa0003||200401|d3f3|| ....||260,62419
[565] 0100|00|00|05|fa0003||200401|d3f3|| ....||260,62419
[586] 0100|00|00|05|fa0003||200401|d3f3|| ....||260,62419
[602] 0100|00|00|05|fa0003||200401|d3f3|| ....||260,62419
[616] 0100|00|00|05|fa0003||200401|d3f3|| ....||260,62419
[636] 0100|00|00|05|fa0003||200401|d3f3|| ....||260,62419
[658] 0100|00|00|05|fa0003||200401|d3f3|| ....||260,62419
[677] 0100|00|00|05|fa0003||200401|d3f3|| ....||260,62419
[701] 0100|00|00|05|fa0003||200401|d3f3|| ....||260,62419
[718] 0100|00|00|05|fa0003||200401|d3f3|| ....||260,62419
[743] 0100|00|00|05|fa0003||200401|d3f3|| ....||260,62419
[772] 0100|00|00|05|fa0003||200401|d3f3|| ....||260,62419
[795] 0100|00|00|05|fa0003||200401|d3f3|| ....||260,62419

=== register: 200e00|0b35 ===
[303] 0100|00|00|05|fa0001||200e00|0b35|| ...5||14,13579

=== register: 204201|ae8da802453b1e8d ===
[188] 0100|09|08|0b|f301fe||204201|ae8da802453b1e8d|| B.....E;..||15173,36126

=== register: 222c00|01b08c ===
[748] 0100|01|00|06|fa01fe||222c00|01b08c||",....||256,36016

=== register: 222c00|6b8c ===
[214] 0100|00|00|05|fa0001||222c00|6b8c||",.k.||44,35947
[489] 0100|00|00|05|fa0001||222c00|6b8c||",.k.||44,35947
[747] 0100|00|00|05|fa0001||222c00|6b8c||",.k.||44,35947

=== register: 301200|0e3c ===
[156] 0100|00|00|05|fa0001||301200|0e3c||0...<||18,15374
[419] 0100|00|00|05|fa0001||301200|0e3c||0...<||18,15374
[666] 0100|00|00|05|fa0001||301200|0e3c||0...<||18,15374

=== register: 301300|9e3d ===
[113] 0100|00|00|05|fa0001||301300|9e3d||0...=||19,15774
[376] 0100|00|00|05|fa0001||301300|9e3d||0...=||19,15774
[622] 0100|00|00|05|fa0001||301300|9e3d||0...=||19,15774

=== register: 301900|3e3b ===
[201] 0100|00|00|05|fa0001||301900|3e3b||0..>;||25,15166
[477] 0100|00|00|05|fa0001||301900|3e3b||0..>;||25,15166
[725] 0100|00|00|05|fa0001||301900|3e3b||0..>;||25,15166

=== register: 301900|863a ===
[213] 0100|00|00|05|fa0003||301900|863a||0...:||25,14982
[486] 0100|00|00|05|fa0003||301900|863a||0...:||25,14982
[742] 0100|00|00|05|fa0003||301900|863a||0...:||25,14982

=== register: 301901|fefa ===
[203] 0100|00|00|05|fa0001||301901|fefa||0....||281,64254
[480] 0100|00|00|05|fa0001||301901|fefa||0....||281,64254
[726] 0100|00|00|05|fa0001||301901|fefa||0....||281,64254

=== register: 301902|ffba ===
[206] 0100|00|00|05|fa0001||301902|ffba||0....||537,47871
[729] 0100|00|00|05|fa0001||301902|ffba||0....||537,47871

=== register: 301903|3f7b ===
[208] 0100|00|00|05|fa0001||301903|3f7b||0..?{||793,31551
[731] 0100|00|00|05|fa0001||301903|3f7b||0..?{||793,31551

=== register: 301904|fd3a ===
[209] 0100|00|00|05|fa0001||301904|fd3a||0...:||1049,15101
[482] 0100|00|00|05|fa0001||301904|fd3a||0...:||1049,15101
[733] 0100|00|00|05|fa0001||301904|fd3a||0...:||1049,15101

=== register: 301905|3dfb ===
[210] 0100|00|00|05|fa0001||301905|3dfb||0..=.||1305,64317
[483] 0100|00|00|05|fa0001||301905|3dfb||0..=.||1305,64317
[735] 0100|00|00|05|fa0001||301905|3dfb||0..=.||1305,64317

=== register: 301906|3cbb ===
[211] 0100|00|00|05|fa0001||301906|3cbb||0..<.||1561,47932
[484] 0100|00|00|05|fa0001||301906|3cbb||0..<.||1561,47932
[737] 0100|00|00|05|fa0001||301906|3cbb||0..<.||1561,47932

=== register: 301907|fc7a ===
[212] 0100|00|00|05|fa0001||301907|fc7a||0...z||1817,31484
[485] 0100|00|00|05|fa0001||301907|fc7a||0...z||1817,31484
[740] 0100|00|00|05|fa0001||301907|fc7a||0...z||1817,31484

=== register: 302300|001ddf034f3b8d06 ===
[663] 0100|01|00|0b|f301fe||302300|001ddf034f3b8d06||0#.....O;..||15183,1677

=== register: 302300|1044df034f3b1018 ===
[707] 0100|01|00|0b|f301fe||302300|1044df034f3b1018||0#..D..O;..||15183,6160

=== register: 302300|10d3dc034f3b896d ===
[33] 0100|01|00|0b|f301fe||302300|10d3dc034f3b896d||0#.....O;.m||15183,28041

=== register: 302300|20fadc034f3bbf35 ===
[72] 0100|01|00|0b|f301fe||302300|20fadc034f3bbf35||0#. ...O;.5||15183,13759

=== register: 302300|4048dd034f3bf905 ===
[153] 0100|01|00|0b|f301fe||302300|4048dd034f3bf905||0#.@H..O;..||15183,1529

=== register: 302300|506fdd034f3b6e33 ===
[195] 0100|01|00|0b|f301fe||302300|506fdd034f3b6e33||0#.Po..O;n3||15183,13166

=== register: 302300|6af6dc034f3bd42b ===
[70] 0100|01|00|0b|f301fe||302300|6af6dc034f3bd42b||0#.j...O;.+||15183,11220

=== register: 302300|70bddd034f3b1c8c ===
[296] 0100|01|00|0b|f301fe||302300|70bddd034f3b1c8c||0#.p...O;..||15183,35868

=== register: 302300|80e4dd034f3be184 ===
[337] 0100|01|00|0b|f301fe||302300|80e4dd034f3be184||0#.....O;..||15183,34017

=== register: 302300|8881de034f3be5c9 ===
[515] 0100|01|00|0b|f301fe||302300|8881de034f3be5c9||0#.....O;..||15183,51685

=== register: 302300|9e29 ===
[32] 0100|00|00|05|fa0001||302300|9e29||0#..)||35,10654
[69] 0100|00|00|05|fa0001||302300|9e29||0#..)||35,10654
[114] 0100|00|00|05|fa0001||302300|9e29||0#..)||35,10654
[152] 0100|00|00|05|fa0001||302300|9e29||0#..)||35,10654
[194] 0100|00|00|05|fa0001||302300|9e29||0#..)||35,10654
[257] 0100|00|00|05|fa0001||302300|9e29||0#..)||35,10654
[295] 0100|00|00|05|fa0001||302300|9e29||0#..)||35,10654
[333] 0100|00|00|05|fa0001||302300|9e29||0#..)||35,10654
[336] 0100|00|00|05|fa0001||302300|9e29||0#..)||35,10654
[377] 0100|00|00|05|fa0001||302300|9e29||0#..)||35,10654
[416] 0100|00|00|05|fa0001||302300|9e29||0#..)||35,10654
[456] 0100|00|00|05|fa0001||302300|9e29||0#..)||35,10654
[514] 0100|00|00|05|fa0001||302300|9e29||0#..)||35,10654
[552] 0100|00|00|05|fa0001||302300|9e29||0#..)||35,10654
[590] 0100|00|00|05|fa0001||302300|9e29||0#..)||35,10654
[623] 0100|00|00|05|fa0001||302300|9e29||0#..)||35,10654
[662] 0100|00|00|05|fa0001||302300|9e29||0#..)||35,10654
[706] 0100|00|00|05|fa0001||302300|9e29||0#..)||35,10654
[757] 0100|00|00|05|fa0001||302300|9e29||0#..)||35,10654

=== register: 302300|b059de034f3b4eed ===
[457] 0100|01|00|0b|f301fe||302300|b059de034f3b4eed||0#..Y..O;N.||15183,60750

=== register: 302300|b8f6de034f3b1e38 ===
[624] 0100|01|00|0b|f301fe||302300|b8f6de034f3b1e38||0#.....O;.8||15183,14366

=== register: 302300|bc0cde034f3b8ee1 ===
[378] 0100|01|00|0b|f301fe||302300|bc0cde034f3b8ee1||0#.....O;..||15183,57742

=== register: 302300|cae0dd034f3b4b7b ===
[334] 0100|01|00|0b|f301fe||302300|cae0dd034f3b4b7b||0#.....O;K{||15183,31563

=== register: 302300|d0a7de034f3b3acd ===
[553] 0100|01|00|0b|f301fe||302300|d0a7de034f3b3acd||0#.....O;:.||15183,52538

=== register: 302300|e0cede034f3bc394 ===
[591] 0100|01|00|0b|f301fe||302300|e0cede034f3bc394||0#.....O;..||15183,38083

=== register: 302300|f821dd034f3b8842 ===
[115] 0100|01|00|0b|f301fe||302300|f821dd034f3b8842||0#..!..O;.B||15183,17032

=== register: 304300|9e01 ===
[71] 0100|00|00|05|fa0001||304300|9e01||0C...||67,414
[335] 0100|00|00|05|fa0001||304300|9e01||0C...||67,414

=== register: 340a01|0fb6 ===
[39] 0100|00|00|05|fa0001||340a01|0fb6||4....||266,46607
[77] 0100|00|00|05|fa0001||340a01|0fb6||4....||266,46607
[120] 0100|00|00|05|fa0001||340a01|0fb6||4....||266,46607
[160] 0100|00|00|05|fa0001||340a01|0fb6||4....||266,46607
[207] 0100|00|00|05|fa0001||340a01|0fb6||4....||266,46607
[262] 0100|00|00|05|fa0001||340a01|0fb6||4....||266,46607
[302] 0100|00|00|05|fa0001||340a01|0fb6||4....||266,46607
[342] 0100|00|00|05|fa0001||340a01|0fb6||4....||266,46607
[383] 0100|00|00|05|fa0001||340a01|0fb6||4....||266,46607
[423] 0100|00|00|05|fa0001||340a01|0fb6||4....||266,46607
[462] 0100|00|00|05|fa0001||340a01|0fb6||4....||266,46607
[520] 0100|00|00|05|fa0001||340a01|0fb6||4....||266,46607
[559] 0100|00|00|05|fa0001||340a01|0fb6||4....||266,46607
[596] 0100|00|00|05|fa0001||340a01|0fb6||4....||266,46607
[629] 0100|00|00|05|fa0001||340a01|0fb6||4....||266,46607
[670] 0100|00|00|05|fa0001||340a01|0fb6||4....||266,46607
[712] 0100|00|00|05|fa0001||340a01|0fb6||4....||266,46607
[765] 0100|00|00|05|fa0001||340a01|0fb6||4....||266,46607

=== register: 340d01|3fb4 ===
[759] 0100|00|00|05|fa0001||340d01|3fb4||4..?.||269,46143

=== register: 340d02|3ef4 ===
[760] 0100|00|00|05|fa0001||340d02|3ef4||4..>.||525,62526

=== register: 340f01|5fb5 ===
[131] 0100|00|00|05|fa0001||340f01|5fb5||4.._.||271,46431
[394] 0100|00|00|05|fa0001||340f01|5fb5||4.._.||271,46431
[640] 0100|00|00|05|fa0001||340f01|5fb5||4.._.||271,46431

=== register: 342101|00000000000061f7 ===
[38] 0100|01|00|0b|f301fe||342101|00000000000061f7||4!.......a.||0,63329
[76] 0100|01|00|0b|f301fe||342101|00000000000061f7||4!.......a.||0,63329
[119] 0100|01|00|0b|f301fe||342101|00000000000061f7||4!.......a.||0,63329
[159] 0100|01|00|0b|f301fe||342101|00000000000061f7||4!.......a.||0,63329
[205] 0100|01|00|0b|f301fe||342101|00000000000061f7||4!.......a.||0,63329
[261] 0100|01|00|0b|f301fe||342101|00000000000061f7||4!.......a.||0,63329
[301] 0100|01|00|0b|f301fe||342101|00000000000061f7||4!.......a.||0,63329
[341] 0100|01|00|0b|f301fe||342101|00000000000061f7||4!.......a.||0,63329
[382] 0100|01|00|0b|f301fe||342101|00000000000061f7||4!.......a.||0,63329
[422] 0100|01|00|0b|f301fe||342101|00000000000061f7||4!.......a.||0,63329
[461] 0100|01|00|0b|f301fe||342101|00000000000061f7||4!.......a.||0,63329
[519] 0100|01|00|0b|f301fe||342101|00000000000061f7||4!.......a.||0,63329
[558] 0100|01|00|0b|f301fe||342101|00000000000061f7||4!.......a.||0,63329
[595] 0100|01|00|0b|f301fe||342101|00000000000061f7||4!.......a.||0,63329
[628] 0100|01|00|0b|f301fe||342101|00000000000061f7||4!.......a.||0,63329
[669] 0100|01|00|0b|f301fe||342101|00000000000061f7||4!.......a.||0,63329
[711] 0100|01|00|0b|f301fe||342101|00000000000061f7||4!.......a.||0,63329
[764] 0100|01|00|0b|f301fe||342101|00000000000061f7||4!.......a.||0,63329

=== register: 342101|ffa8 ===
[37] 0100|00|00|05|fa0001||342101|ffa8||4!...||289,43263
[75] 0100|00|00|05|fa0001||342101|ffa8||4!...||289,43263
[118] 0100|00|00|05|fa0001||342101|ffa8||4!...||289,43263
[158] 0100|00|00|05|fa0001||342101|ffa8||4!...||289,43263
[204] 0100|00|00|05|fa0001||342101|ffa8||4!...||289,43263
[260] 0100|00|00|05|fa0001||342101|ffa8||4!...||289,43263
[300] 0100|00|00|05|fa0001||342101|ffa8||4!...||289,43263
[340] 0100|00|00|05|fa0001||342101|ffa8||4!...||289,43263
[381] 0100|00|00|05|fa0001||342101|ffa8||4!...||289,43263
[421] 0100|00|00|05|fa0001||342101|ffa8||4!...||289,43263
[460] 0100|00|00|05|fa0001||342101|ffa8||4!...||289,43263
[518] 0100|00|00|05|fa0001||342101|ffa8||4!...||289,43263
[557] 0100|00|00|05|fa0001||342101|ffa8||4!...||289,43263
[594] 0100|00|00|05|fa0001||342101|ffa8||4!...||289,43263
[627] 0100|00|00|05|fa0001||342101|ffa8||4!...||289,43263
[668] 0100|00|00|05|fa0001||342101|ffa8||4!...||289,43263
[710] 0100|00|00|05|fa0001||342101|ffa8||4!...||289,43263
[763] 0100|00|00|05|fa0001||342101|ffa8||4!...||289,43263

=== register: 342201|00000000000074b7 ===
[14] 0100|01|00|0b|f301fe||342201|00000000000074b7||4".......t.||0,46964
[51] 0100|01|00|0b|f301fe||342201|00000000000074b7||4".......t.||0,46964
[91] 0100|01|00|0b|f301fe||342201|00000000000074b7||4".......t.||0,46964
[135] 0100|01|00|0b|f301fe||342201|00000000000074b7||4".......t.||0,46964
[174] 0100|01|00|0b|f301fe||342201|00000000000074b7||4".......t.||0,46964
[233] 0100|01|00|0b|f301fe||342201|00000000000074b7||4".......t.||0,46964
[276] 0100|01|00|0b|f301fe||342201|00000000000074b7||4".......t.||0,46964
[315] 0100|01|00|0b|f301fe||342201|00000000000074b7||4".......t.||0,46964
[355] 0100|01|00|0b|f301fe||342201|00000000000074b7||4".......t.||0,46964
[398] 0100|01|00|0b|f301fe||342201|00000000000074b7||4".......t.||0,46964
[437] 0100|01|00|0b|f301fe||342201|00000000000074b7||4".......t.||0,46964
[479] 0100|01|00|0b|f301fe||342201|00000000000074b7||4".......t.||0,46964
[533] 0100|01|00|0b|f301fe||342201|00000000000074b7||4".......t.||0,46964
[572] 0100|01|00|0b|f301fe||342201|00000000000074b7||4".......t.||0,46964
[644] 0100|01|00|0b|f301fe||342201|00000000000074b7||4".......t.||0,46964
[685] 0100|01|00|0b|f301fe||342201|00000000000074b7||4".......t.||0,46964
[779] 0100|01|00|0b|f301fe||342201|00000000000074b7||4".......t.||0,46964

=== register: 342201|0fa8 ===
[13] 0100|00|00|05|fa0001||342201|0fa8||4"...||290,43023
[50] 0100|00|00|05|fa0001||342201|0fa8||4"...||290,43023
[90] 0100|00|00|05|fa0001||342201|0fa8||4"...||290,43023
[134] 0100|00|00|05|fa0001||342201|0fa8||4"...||290,43023
[173] 0100|00|00|05|fa0001||342201|0fa8||4"...||290,43023
[232] 0100|00|00|05|fa0001||342201|0fa8||4"...||290,43023
[275] 0100|00|00|05|fa0001||342201|0fa8||4"...||290,43023
[314] 0100|00|00|05|fa0001||342201|0fa8||4"...||290,43023
[354] 0100|00|00|05|fa0001||342201|0fa8||4"...||290,43023
[397] 0100|00|00|05|fa0001||342201|0fa8||4"...||290,43023
[436] 0100|00|00|05|fa0001||342201|0fa8||4"...||290,43023
[478] 0100|00|00|05|fa0001||342201|0fa8||4"...||290,43023
[532] 0100|00|00|05|fa0001||342201|0fa8||4"...||290,43023
[571] 0100|00|00|05|fa0001||342201|0fa8||4"...||290,43023
[643] 0100|00|00|05|fa0001||342201|0fa8||4"...||290,43023
[684] 0100|00|00|05|fa0001||342201|0fa8||4"...||290,43023
[778] 0100|00|00|05|fa0001||342201|0fa8||4"...||290,43023

=== register: 342301|000000000000b876 ===
[21] 0100|01|00|0b|f301fe||342301|000000000000b876||4#........v||0,30392
[58] 0100|01|00|0b|f301fe||342301|000000000000b876||4#........v||0,30392
[99] 0100|01|00|0b|f301fe||342301|000000000000b876||4#........v||0,30392
[141] 0100|01|00|0b|f301fe||342301|000000000000b876||4#........v||0,30392
[182] 0100|01|00|0b|f301fe||342301|000000000000b876||4#........v||0,30392
[241] 0100|01|00|0b|f301fe||342301|000000000000b876||4#........v||0,30392
[283] 0100|01|00|0b|f301fe||342301|000000000000b876||4#........v||0,30392
[322] 0100|01|00|0b|f301fe||342301|000000000000b876||4#........v||0,30392
[363] 0100|01|00|0b|f301fe||342301|000000000000b876||4#........v||0,30392
[404] 0100|01|00|0b|f301fe||342301|000000000000b876||4#........v||0,30392
[445] 0100|01|00|0b|f301fe||342301|000000000000b876||4#........v||0,30392
[499] 0100|01|00|0b|f301fe||342301|000000000000b876||4#........v||0,30392
[540] 0100|01|00|0b|f301fe||342301|000000000000b876||4#........v||0,30392
[579] 0100|01|00|0b|f301fe||342301|000000000000b876||4#........v||0,30392
[608] 0100|01|00|0b|f301fe||342301|000000000000b876||4#........v||0,30392
[650] 0100|01|00|0b|f301fe||342301|000000000000b876||4#........v||0,30392
[693] 0100|01|00|0b|f301fe||342301|000000000000b876||4#........v||0,30392
[728] 0100|01|00|0b|f301fe||342301|000000000000b876||4#........v||0,30392
[787] 0100|01|00|0b|f301fe||342301|000000000000b876||4#........v||0,30392

=== register: 342301|9fa9 ===
[20] 0100|00|00|05|fa0001||342301|9fa9||4#...||291,43423
[57] 0100|00|00|05|fa0001||342301|9fa9||4#...||291,43423
[98] 0100|00|00|05|fa0001||342301|9fa9||4#...||291,43423
[140] 0100|00|00|05|fa0001||342301|9fa9||4#...||291,43423
[181] 0100|00|00|05|fa0001||342301|9fa9||4#...||291,43423
[240] 0100|00|00|05|fa0001||342301|9fa9||4#...||291,43423
[282] 0100|00|00|05|fa0001||342301|9fa9||4#...||291,43423
[321] 0100|00|00|05|fa0001||342301|9fa9||4#...||291,43423
[362] 0100|00|00|05|fa0001||342301|9fa9||4#...||291,43423
[403] 0100|00|00|05|fa0001||342301|9fa9||4#...||291,43423
[444] 0100|00|00|05|fa0001||342301|9fa9||4#...||291,43423
[498] 0100|00|00|05|fa0001||342301|9fa9||4#...||291,43423
[539] 0100|00|00|05|fa0001||342301|9fa9||4#...||291,43423
[578] 0100|00|00|05|fa0001||342301|9fa9||4#...||291,43423
[607] 0100|00|00|05|fa0001||342301|9fa9||4#...||291,43423
[649] 0100|00|00|05|fa0001||342301|9fa9||4#...||291,43423
[692] 0100|00|00|05|fa0001||342301|9fa9||4#...||291,43423
[727] 0100|00|00|05|fa0001||342301|9fa9||4#...||291,43423
[786] 0100|00|00|05|fa0001||342301|9fa9||4#...||291,43423

=== register: 343801|6fa3 ===
[782] 0100|00|00|05|fa0001||343801|6fa3||48.o.||312,41839

=== register: 343901|ffa2 ===
[704] 0100|00|00|05|fa0001||343901|ffa2||49...||313,41727

=== register: 345501|ff8f ===
[18] 0100|00|00|05|fa0001||345501|ff8f||4U...||341,36863
[55] 0100|00|00|05|fa0001||345501|ff8f||4U...||341,36863
[94] 0100|00|00|05|fa0001||345501|ff8f||4U...||341,36863
[138] 0100|00|00|05|fa0001||345501|ff8f||4U...||341,36863
[178] 0100|00|00|05|fa0001||345501|ff8f||4U...||341,36863
[236] 0100|00|00|05|fa0001||345501|ff8f||4U...||341,36863
[280] 0100|00|00|05|fa0001||345501|ff8f||4U...||341,36863
[319] 0100|00|00|05|fa0001||345501|ff8f||4U...||341,36863
[358] 0100|00|00|05|fa0001||345501|ff8f||4U...||341,36863
[401] 0100|00|00|05|fa0001||345501|ff8f||4U...||341,36863
[441] 0100|00|00|05|fa0001||345501|ff8f||4U...||341,36863
[488] 0100|00|00|05|fa0001||345501|ff8f||4U...||341,36863
[537] 0100|00|00|05|fa0001||345501|ff8f||4U...||341,36863
[576] 0100|00|00|05|fa0001||345501|ff8f||4U...||341,36863
[647] 0100|00|00|05|fa0001||345501|ff8f||4U...||341,36863
[689] 0100|00|00|05|fa0001||345501|ff8f||4U...||341,36863
[784] 0100|00|00|05|fa0001||345501|ff8f||4U...||341,36863

=== register: 345801|00b2080100000005fa0003 ===
[745] 0100|01|00|0e|fa03fe||345801|00b2080100000005fa0003||4X............||64005,768

=== register: 345801|6f8b ===
[31] 0100|00|00|05|fa0001||345801|6f8b||4X.o.||344,35695
[68] 0100|00|00|05|fa0001||345801|6f8b||4X.o.||344,35695
[110] 0100|00|00|05|fa0001||345801|6f8b||4X.o.||344,35695
[151] 0100|00|00|05|fa0001||345801|6f8b||4X.o.||344,35695
[193] 0100|00|00|05|fa0001||345801|6f8b||4X.o.||344,35695
[252] 0100|00|00|05|fa0001||345801|6f8b||4X.o.||344,35695
[294] 0100|00|00|05|fa0001||345801|6f8b||4X.o.||344,35695
[332] 0100|00|00|05|fa0001||345801|6f8b||4X.o.||344,35695
[373] 0100|00|00|05|fa0001||345801|6f8b||4X.o.||344,35695
[415] 0100|00|00|05|fa0001||345801|6f8b||4X.o.||344,35695
[455] 0100|00|00|05|fa0001||345801|6f8b||4X.o.||344,35695
[510] 0100|00|00|05|fa0001||345801|6f8b||4X.o.||344,35695
[551] 0100|00|00|05|fa0001||345801|6f8b||4X.o.||344,35695
[589] 0100|00|00|05|fa0001||345801|6f8b||4X.o.||344,35695
[619] 0100|00|00|05|fa0001||345801|6f8b||4X.o.||344,35695
[661] 0100|00|00|05|fa0001||345801|6f8b||4X.o.||344,35695
[705] 0100|00|00|05|fa0001||345801|6f8b||4X.o.||344,35695
[744] 0100|00|00|05|fa0001||345801|6f8b||4X.o.||344,35695
[798] 0100|00|00|05|fa0001||345801|6f8b||4X.o.||344,35695

=== register: 346301|5f98 ===
[179] 0100|00|00|05|fa0001||346301|5f98||4c._.||355,39007
[442] 0100|00|00|05|fa0001||346301|5f98||4c._.||355,39007
[690] 0100|00|00|05|fa0001||346301|5f98||4c._.||355,39007

=== register: 347101|ff94 ===
[78] 0100|00|00|05|fa0001||347101|ff94||4q...||369,38143
[215] 0100|00|00|05|fa0001||347101|ff94||4q...||369,38143
[343] 0100|00|00|05|fa0001||347101|ff94||4q...||369,38143
[463] 0100|00|00|05|fa0001||347101|ff94||4q...||369,38143
[597] 0100|00|00|05|fa0001||347101|ff94||4q...||369,38143
[713] 0100|00|00|05|fa0001||347101|ff94||4q...||369,38143

=== register: 364501|ff23 ===
[682] 0100|00|00|05|fa0001||364501|ff23||6E..#||325,9215

=== register: 365401|af2f ===
[112] 0100|00|00|05|fa0001||365401|af2f||6T../||340,12207
[256] 0100|00|00|05|fa0001||365401|af2f||6T../||340,12207
[375] 0100|00|00|05|fa0001||365401|af2f||6T../||340,12207
[513] 0100|00|00|05|fa0001||365401|af2f||6T../||340,12207
[621] 0100|00|00|05|fa0001||365401|af2f||6T../||340,12207
[756] 0100|00|00|05|fa0001||365401|af2f||6T../||340,12207

=== register: 365501|3f2e ===
[111] 0100|00|00|05|fa0001||365501|3f2e||6U.?.||341,11839
[255] 0100|00|00|05|fa0001||365501|3f2e||6U.?.||341,11839
[374] 0100|00|00|05|fa0001||365501|3f2e||6U.?.||341,11839
[620] 0100|00|00|05|fa0001||365501|3f2e||6U.?.||341,11839
[755] 0100|00|00|05|fa0001||365501|3f2e||6U.?.||341,11839

=== register: 366001|000000000000fd2b ===
[96] 0100|01|00|0b|f301fe||366001|000000000000fd2b||6`........+||0,11261
[238] 0100|01|00|0b|f301fe||366001|000000000000fd2b||6`........+||0,11261
[360] 0100|01|00|0b|f301fe||366001|000000000000fd2b||6`........+||0,11261
[491] 0100|01|00|0b|f301fe||366001|000000000000fd2b||6`........+||0,11261
[719] 0100|01|00|0b|f301fe||366001|000000000000fd2b||6`........+||0,11261

=== register: 366001|6f39 ===
[95] 0100|00|00|05|fa0001||366001|6f39||6`.o9||352,14703
[237] 0100|00|00|05|fa0001||366001|6f39||6`.o9||352,14703
[359] 0100|00|00|05|fa0001||366001|6f39||6`.o9||352,14703
[490] 0100|00|00|05|fa0001||366001|6f39||6`.o9||352,14703

=== register: 441d01|e1b9 ===
[380] 0100|00|00|05|fa0001||441d01|e1b9||D....||285,47585

=== register: 500100|2031 ===
[1] 0100|00|00|05|fa0001||500100|2031||P.. 1||1,12576
[121] 0100|00|00|05|fa0001||500100|2031||P.. 1||1,12576
[263] 0100|00|00|05|fa0001||500100|2031||P.. 1||1,12576
[384] 0100|00|00|05|fa0001||500100|2031||P.. 1||1,12576
[521] 0100|00|00|05|fa0001||500100|2031||P.. 1||1,12576
[630] 0100|00|00|05|fa0001||500100|2031||P.. 1||1,12576
[766] 0100|00|00|05|fa0001||500100|2031||P.. 1||1,12576

=== register: 500e00|d034 ===
[19] 0100|00|00|05|fa0001||500e00|d034||P...4||14,13520
[56] 0100|00|00|05|fa0001||500e00|d034||P...4||14,13520
[97] 0100|00|00|05|fa0001||500e00|d034||P...4||14,13520
[139] 0100|00|00|05|fa0001||500e00|d034||P...4||14,13520
[180] 0100|00|00|05|fa0001||500e00|d034||P...4||14,13520
[239] 0100|00|00|05|fa0001||500e00|d034||P...4||14,13520
[281] 0100|00|00|05|fa0001||500e00|d034||P...4||14,13520
[320] 0100|00|00|05|fa0001||500e00|d034||P...4||14,13520
[361] 0100|00|00|05|fa0001||500e00|d034||P...4||14,13520
[402] 0100|00|00|05|fa0001||500e00|d034||P...4||14,13520
[443] 0100|00|00|05|fa0001||500e00|d034||P...4||14,13520
[496] 0100|00|00|05|fa0001||500e00|d034||P...4||14,13520
[538] 0100|00|00|05|fa0001||500e00|d034||P...4||14,13520
[577] 0100|00|00|05|fa0001||500e00|d034||P...4||14,13520
[648] 0100|00|00|05|fa0001||500e00|d034||P...4||14,13520
[691] 0100|00|00|05|fa0001||500e00|d034||P...4||14,13520
[720] 0100|00|00|05|fa0001||500e00|d034||P...4||14,13520
[785] 0100|00|00|05|fa0001||500e00|d034||P...4||14,13520

=== register: 501a00|d03b ===
[161] 0100|00|00|05|fa0001||501a00|d03b||P...;||26,15312
[424] 0100|00|00|05|fa0001||501a00|d03b||P...;||26,15312
[671] 0100|00|00|05|fa0001||501a00|d03b||P...;||26,15312

=== register: 504400|2002 ===
[495] 0100|00|00|05|fa0001||504400|2002||PD. .||68,544

=== register: 504400|b003 ===
[216] 0100|00|00|05|fa0001||504400|b003||PD...||68,944
[220] 0100|00|00|05|fa0001||504400|b003||PD...||68,944
[492] 0100|00|00|05|fa0001||504400|b003||PD...||68,944
[494] 0100|00|00|05|fa0001||504400|b003||PD...||68,944
[749] 0100|00|00|05|fa0001||504400|b003||PD...||68,944
[752] 0100|00|00|05|fa0001||504400|b003||PD...||68,944

=== register: 504500|2002 ===
[217] 0100|00|00|05|fa0001||504500|2002||PE. .||69,544
[223] 0100|00|00|05|fa0001||504500|2002||PE. .||69,544
[493] 0100|00|00|05|fa0001||504500|2002||PE. .||69,544
[750] 0100|00|00|05|fa0001||504500|2002||PE. .||69,544
[753] 0100|00|00|05|fa0001||504500|2002||PE. .||69,544

=== register: 506c00|b01d ===
[11] 0100|00|00|05|fa0001||506c00|b01d||Pl...||108,7600
[48] 0100|00|00|05|fa0001||506c00|b01d||Pl...||108,7600
[88] 0100|00|00|05|fa0001||506c00|b01d||Pl...||108,7600
[132] 0100|00|00|05|fa0001||506c00|b01d||Pl...||108,7600
[171] 0100|00|00|05|fa0001||506c00|b01d||Pl...||108,7600
[230] 0100|00|00|05|fa0001||506c00|b01d||Pl...||108,7600
[273] 0100|00|00|05|fa0001||506c00|b01d||Pl...||108,7600
[312] 0100|00|00|05|fa0001||506c00|b01d||Pl...||108,7600
[352] 0100|00|00|05|fa0001||506c00|b01d||Pl...||108,7600
[395] 0100|00|00|05|fa0001||506c00|b01d||Pl...||108,7600
[434] 0100|00|00|05|fa0001||506c00|b01d||Pl...||108,7600
[475] 0100|00|00|05|fa0001||506c00|b01d||Pl...||108,7600
[530] 0100|00|00|05|fa0001||506c00|b01d||Pl...||108,7600
[569] 0100|00|00|05|fa0001||506c00|b01d||Pl...||108,7600
[606] 0100|00|00|05|fa0001||506c00|b01d||Pl...||108,7600
[641] 0100|00|00|05|fa0001||506c00|b01d||Pl...||108,7600
[681] 0100|00|00|05|fa0001||506c00|b01d||Pl...||108,7600
[776] 0100|00|00|05|fa0001||506c00|b01d||Pl...||108,7600

=== register: 50aa00|104e ===
[15] 0100|00|00|05|fa0001||50aa00|104e||P...N||170,19984
[52] 0100|00|00|05|fa0001||50aa00|104e||P...N||170,19984
[92] 0100|00|00|05|fa0001||50aa00|104e||P...N||170,19984
[136] 0100|00|00|05|fa0001||50aa00|104e||P...N||170,19984
[175] 0100|00|00|05|fa0001||50aa00|104e||P...N||170,19984
[234] 0100|00|00|05|fa0001||50aa00|104e||P...N||170,19984
[277] 0100|00|00|05|fa0001||50aa00|104e||P...N||170,19984
[316] 0100|00|00|05|fa0001||50aa00|104e||P...N||170,19984
[356] 0100|00|00|05|fa0001||50aa00|104e||P...N||170,19984
[399] 0100|00|00|05|fa0001||50aa00|104e||P...N||170,19984
[438] 0100|00|00|05|fa0001||50aa00|104e||P...N||170,19984
[481] 0100|00|00|05|fa0001||50aa00|104e||P...N||170,19984
[534] 0100|00|00|05|fa0001||50aa00|104e||P...N||170,19984
[573] 0100|00|00|05|fa0001||50aa00|104e||P...N||170,19984
[645] 0100|00|00|05|fa0001||50aa00|104e||P...N||170,19984
[686] 0100|00|00|05|fa0001||50aa00|104e||P...N||170,19984
[780] 0100|00|00|05|fa0001||50aa00|104e||P...N||170,19984

=== register: 540101|21b1 ===
[35] 0100|00|00|05|fa0001||540101|21b1||T..!.||257,45345
[73] 0100|00|00|05|fa0001||540101|21b1||T..!.||257,45345
[116] 0100|00|00|05|fa0001||540101|21b1||T..!.||257,45345
[155] 0100|00|00|05|fa0001||540101|21b1||T..!.||257,45345
[196] 0100|00|00|05|fa0001||540101|21b1||T..!.||257,45345
[258] 0100|00|00|05|fa0001||540101|21b1||T..!.||257,45345
[298] 0100|00|00|05|fa0001||540101|21b1||T..!.||257,45345
[338] 0100|00|00|05|fa0001||540101|21b1||T..!.||257,45345
[379] 0100|00|00|05|fa0001||540101|21b1||T..!.||257,45345
[418] 0100|00|00|05|fa0001||540101|21b1||T..!.||257,45345
[458] 0100|00|00|05|fa0001||540101|21b1||T..!.||257,45345
[516] 0100|00|00|05|fa0001||540101|21b1||T..!.||257,45345
[555] 0100|00|00|05|fa0001||540101|21b1||T..!.||257,45345
[592] 0100|00|00|05|fa0001||540101|21b1||T..!.||257,45345
[625] 0100|00|00|05|fa0001||540101|21b1||T..!.||257,45345
[665] 0100|00|00|05|fa0001||540101|21b1||T..!.||257,45345
[708] 0100|00|00|05|fa0001||540101|21b1||T..!.||257,45345
[761] 0100|00|00|05|fa0001||540101|21b1||T..!.||257,45345

=== register: 540401|71b2 ===
[22] 0100|00|00|05|fa0001||540401|71b2||T..q.||260,45681
[59] 0100|00|00|05|fa0001||540401|71b2||T..q.||260,45681
[100] 0100|00|00|05|fa0001||540401|71b2||T..q.||260,45681
[142] 0100|00|00|05|fa0001||540401|71b2||T..q.||260,45681
[183] 0100|00|00|05|fa0001||540401|71b2||T..q.||260,45681
[242] 0100|00|00|05|fa0001||540401|71b2||T..q.||260,45681
[284] 0100|00|00|05|fa0001||540401|71b2||T..q.||260,45681
[323] 0100|00|00|05|fa0001||540401|71b2||T..q.||260,45681
[364] 0100|00|00|05|fa0001||540401|71b2||T..q.||260,45681
[405] 0100|00|00|05|fa0001||540401|71b2||T..q.||260,45681
[446] 0100|00|00|05|fa0001||540401|71b2||T..q.||260,45681
[500] 0100|00|00|05|fa0001||540401|71b2||T..q.||260,45681
[541] 0100|00|00|05|fa0001||540401|71b2||T..q.||260,45681
[580] 0100|00|00|05|fa0001||540401|71b2||T..q.||260,45681
[609] 0100|00|00|05|fa0001||540401|71b2||T..q.||260,45681
[651] 0100|00|00|05|fa0001||540401|71b2||T..q.||260,45681
[694] 0100|00|00|05|fa0001||540401|71b2||T..q.||260,45681
[730] 0100|00|00|05|fa0001||540401|71b2||T..q.||260,45681
[788] 0100|00|00|05|fa0001||540401|71b2||T..q.||260,45681

=== register: 540801|71b7 ===
[12] 0100|00|00|05|fa0001||540801|71b7||T..q.||264,46961
[49] 0100|00|00|05|fa0001||540801|71b7||T..q.||264,46961
[89] 0100|00|00|05|fa0001||540801|71b7||T..q.||264,46961
[133] 0100|00|00|05|fa0001||540801|71b7||T..q.||264,46961
[172] 0100|00|00|05|fa0001||540801|71b7||T..q.||264,46961
[231] 0100|00|00|05|fa0001||540801|71b7||T..q.||264,46961
[274] 0100|00|00|05|fa0001||540801|71b7||T..q.||264,46961
[313] 0100|00|00|05|fa0001||540801|71b7||T..q.||264,46961
[353] 0100|00|00|05|fa0001||540801|71b7||T..q.||264,46961
[396] 0100|00|00|05|fa0001||540801|71b7||T..q.||264,46961
[435] 0100|00|00|05|fa0001||540801|71b7||T..q.||264,46961
[476] 0100|00|00|05|fa0001||540801|71b7||T..q.||264,46961
[531] 0100|00|00|05|fa0001||540801|71b7||T..q.||264,46961
[570] 0100|00|00|05|fa0001||540801|71b7||T..q.||264,46961
[642] 0100|00|00|05|fa0001||540801|71b7||T..q.||264,46961
[683] 0100|00|00|05|fa0001||540801|71b7||T..q.||264,46961
[777] 0100|00|00|05|fa0001||540801|71b7||T..q.||264,46961

=== register: 541001|71bd ===
[10] 0100|00|00|05|fa0001||541001|71bd||T..q.||272,48497
[47] 0100|00|00|05|fa0001||541001|71bd||T..q.||272,48497
[87] 0100|00|00|05|fa0001||541001|71bd||T..q.||272,48497
[130] 0100|00|00|05|fa0001||541001|71bd||T..q.||272,48497
[170] 0100|00|00|05|fa0001||541001|71bd||T..q.||272,48497
[228] 0100|00|00|05|fa0001||541001|71bd||T..q.||272,48497
[272] 0100|00|00|05|fa0001||541001|71bd||T..q.||272,48497
[311] 0100|00|00|05|fa0001||541001|71bd||T..q.||272,48497
[351] 0100|00|00|05|fa0001||541001|71bd||T..q.||272,48497
[393] 0100|00|00|05|fa0001||541001|71bd||T..q.||272,48497
[433] 0100|00|00|05|fa0001||541001|71bd||T..q.||272,48497
[470] 0100|00|00|05|fa0001||541001|71bd||T..q.||272,48497
[529] 0100|00|00|05|fa0001||541001|71bd||T..q.||272,48497
[568] 0100|00|00|05|fa0001||541001|71bd||T..q.||272,48497
[605] 0100|00|00|05|fa0001||541001|71bd||T..q.||272,48497
[639] 0100|00|00|05|fa0001||541001|71bd||T..q.||272,48497
[680] 0100|00|00|05|fa0001||541001|71bd||T..q.||272,48497
[775] 0100|00|00|05|fa0001||541001|71bd||T..q.||272,48497

=== register: 541901|21bb ===
[23] 0100|00|00|05|fa0001||541901|21bb||T..!.||281,47905
[60] 0100|00|00|05|fa0001||541901|21bb||T..!.||281,47905
[101] 0100|00|00|05|fa0001||541901|21bb||T..!.||281,47905
[143] 0100|00|00|05|fa0001||541901|21bb||T..!.||281,47905
[184] 0100|00|00|05|fa0001||541901|21bb||T..!.||281,47905
[243] 0100|00|00|05|fa0001||541901|21bb||T..!.||281,47905
[285] 0100|00|00|05|fa0001||541901|21bb||T..!.||281,47905
[324] 0100|00|00|05|fa0001||541901|21bb||T..!.||281,47905
[365] 0100|00|00|05|fa0001||541901|21bb||T..!.||281,47905
[406] 0100|00|00|05|fa0001||541901|21bb||T..!.||281,47905
[447] 0100|00|00|05|fa0001||541901|21bb||T..!.||281,47905
[501] 0100|00|00|05|fa0001||541901|21bb||T..!.||281,47905
[542] 0100|00|00|05|fa0001||541901|21bb||T..!.||281,47905
[581] 0100|00|00|05|fa0001||541901|21bb||T..!.||281,47905
[610] 0100|00|00|05|fa0001||541901|21bb||T..!.||281,47905
[652] 0100|00|00|05|fa0001||541901|21bb||T..!.||281,47905
[695] 0100|00|00|05|fa0001||541901|21bb||T..!.||281,47905
[732] 0100|00|00|05|fa0001||541901|21bb||T..!.||281,47905
[789] 0100|00|00|05|fa0001||541901|21bb||T..!.||281,47905

=== register: 541d01|e1b1 ===
[556] 0100|00|00|05|fa0001||541d01|e1b1||T....||285,45537

=== register: 541d01|e1b8 ===
[667] 0100|00|00|05|fa0001||541d01|e1b8||T....||285,47329

=== register: 541d01|e1b9 ===
[36] 0100|00|00|05|fa0001||541d01|e1b9||T....||285,47585
[74] 0100|00|00|05|fa0001||541d01|e1b9||T....||285,47585
[117] 0100|00|00|05|fa0001||541d01|e1b9||T....||285,47585
[157] 0100|00|00|05|fa0001||541d01|e1b9||T....||285,47585
[202] 0100|00|00|05|fa0001||541d01|e1b9||T....||285,47585
[259] 0100|00|00|05|fa0001||541d01|e1b9||T....||285,47585
[299] 0100|00|00|05|fa0001||541d01|e1b9||T....||285,47585
[339] 0100|00|00|05|fa0001||541d01|e1b9||T....||285,47585
[420] 0100|00|00|05|fa0001||541d01|e1b9||T....||285,47585
[459] 0100|00|00|05|fa0001||541d01|e1b9||T....||285,47585
[517] 0100|00|00|05|fa0001||541d01|e1b9||T....||285,47585
[593] 0100|00|00|05|fa0001||541d01|e1b9||T....||285,47585
[626] 0100|00|00|05|fa0001||541d01|e1b9||T....||285,47585
[709] 0100|00|00|05|fa0001||541d01|e1b9||T....||285,47585
[762] 0100|00|00|05|fa0001||541d01|e1b9||T....||285,47585

=== register: 541f01|81b8 ===
[16] 0100|00|00|05|fa0001||541f01|81b8||T....||287,47233
[278] 0100|00|00|05|fa0001||541f01|81b8||T....||287,47233
[535] 0100|00|00|05|fa0001||541f01|81b8||T....||287,47233
[781] 0100|00|00|05|fa0001||541f01|81b8||T....||287,47233

=== register: 560e01|1115 ===
[34] 0100|00|00|05|fa0001||560e01|1115||V....||270,5393
[154] 0100|00|00|05|fa0001||560e01|1115||V....||270,5393
[297] 0100|00|00|05|fa0001||560e01|1115||V....||270,5393
[417] 0100|00|00|05|fa0001||560e01|1115||V....||270,5393
[554] 0100|00|00|05|fa0001||560e01|1115||V....||270,5393
[664] 0100|00|00|05|fa0001||560e01|1115||V....||270,5393

=== register: 560f01|8114 ===
[253] 0100|00|00|05|fa0001||560f01|8114||V....||271,5249
[254] 0100|00|00|05|fa0001||560f01|8114||V....||271,5249
[511] 0100|00|00|05|fa0001||560f01|8114||V....||271,5249
[512] 0100|00|00|05|fa0001||560f01|8114||V....||271,5249
[751] 0100|00|00|05|fa0001||560f01|8114||V....||271,5249
[754] 0100|00|00|05|fa0001||560f01|8114||V....||271,5249

=== register: 561000|71dd ===
[53] 0100|00|00|05|fa0001||561000|71dd||V..q.||16,56689
[176] 0100|00|00|05|fa0001||561000|71dd||V..q.||16,56689
[317] 0100|00|00|05|fa0001||561000|71dd||V..q.||16,56689
[439] 0100|00|00|05|fa0001||561000|71dd||V..q.||16,56689
[574] 0100|00|00|05|fa0001||561000|71dd||V..q.||16,56689
[687] 0100|00|00|05|fa0001||561000|71dd||V..q.||16,56689

