2025-07-30T22:33:41.151 0100|01|00|0b|f301fe|342300000000000000b876[payload->].......v||30,392
2025-07-30T23:17:41.058 0100|01|00|0b|f301fe|342300000000000000b876[payload->].......v||30,392
2025-07-30T23:46:51.019 0100|01|00|0b|f301fe|342300000000000000b876[payload->].......v||30,392
2025-07-31T00:08:51.651 0100|01|00|0b|f301fe|342300000000000000b876[payload->].......v||30,392
2025-07-31T02:03:31.035 0100|00|00|05|fa0001|3423009fa9[payload->]..||43,423
2025-07-31T03:23:44.168 0100|01|00|0b|f301fe|342300000000000000b876[payload->].......v||30,392
2025-07-31T04:24:42.629 0100|01|00|0b|f301fe|342300000000000000b876[payload->].......v||30,392
2025-07-31T20:19:45.082 0100|00|00|05|fa0001|3423009fa9[payload->]..||43,423
2025-07-31T21:25:35.100 0100|01|00|0b|f301fe|342300000000000000b876[payload->].......v||30,392
2025-07-31T21:26:35.082 0100|01|00|0b|f301fe|342300000000000000b876[payload->].......v||30,392
2025-07-31T21:40:25.081 0100|01|00|0b|f301fe|342300000000000000b876[payload->].......v||30,392
2025-07-31T21:53:25.044 0100|01|00|0b|f301fe|342300000000000000b876[payload->].......v||30,392
2025-07-31T21:59:03.378 0100|01|00|0b|f301fe|342300f68eb704533b6733[payload->]....S;g3||13,159
2025-07-31T22:23:35.079 0100|01|00|0b|f301fe|342300000000000000b876[payload->].......v||30,392
2025-07-31T23:09:55.111 0100|01|00|0b|f301fe|342300000000000000b876[payload->].......v||30,392
2025-08-01T01:15:16.389 0100|01|00|0b|f301fe|3423007cd54400543b7539[payload->]|.D.T;u9||14,709
2025-08-01T02:59:14.962 0100|00|00|05|fa0001|3423009fa9[payload->]..||43,423
2025-08-01T03:24:05.074 0100|01|00|0b|f301fe|342300000000000000b876[payload->].......v||30,392
2025-08-01T04:24:19.975 0100|01|00|0b|f301fe|3423000eebf100543b6e3c[payload->]....T;n<||15,470
2025-08-01T04:41:34.987 0100|00|00|05|fa0001|3423009fa9[payload->]..||43,423
2025-08-01T05:13:34.975 0100|00|00|05|fa0001|3423009fa9[payload->]..||43,423
2025-08-01T05:22:05.092 0100|01|00|0b|f301fe|342300000000000000b876[payload->].......v||30,392
2025-08-01T05:46:36.271 0100|01|00|0b|f301fe|342300000000000000b876[payload->].......v||30,392
2025-08-01T06:57:15.083 0100|01|00|0b|f301fe|342300000000000000b876[payload->].......v||30,392
2025-08-01T07:03:05.152 0100|01|00|0b|f301fe|342300000000000000b876[payload->].......v||30,392
2025-08-01T07:13:25.050 0100|00|00|05|fa0001|3423009fa9[payload->]..||43,423
2025-08-01T07:33:05.094 0100|01|00|0b|f301fe|342300000000000000b876[payload->].......v||30,392
2025-08-01T08:17:25.082 0100|01|00|0b|f301fe|342300000000000000b876[payload->].......v||30,392
2025-08-01T10:20:44.990 0100|00|00|05|fa0001|3423009fa9[payload->]..||43,423
2025-08-01T10:57:25.006 0100|00|00|05|fa0001|3423009fa9[payload->]..||43,423
2025-08-01T11:18:24.975 0100|00|00|05|fa0001|3423009fa9[payload->]..||43,423
2025-08-01T11:22:55.130 0100|01|00|0b|f301fe|342300000000000000b876[payload->].......v||30,392
2025-08-01T11:38:15.091 0100|01|00|0b|f301fe|342300000000000000b876[payload->].......v||30,392
2025-08-01T12:04:05.066 0100|01|00|0b|f301fe|342300000000000000b876[payload->].......v||30,392
2025-08-01T12:05:25.140 0100|01|00|0b|f301fe|342300000000000000b876[payload->].......v||30,392
2025-08-01T12:11:34.984 0100|00|00|05|fa0001|3423009fa9[payload->]..||43,423
2025-08-01T13:58:46.105 0100|00|00|05|fa0001|3423009fa9[payload->]..||43,423
2025-08-01T14:25:26.086 0100|00|00|05|fa0001|3423009fa9[payload->]..||43,423
2025-08-01T15:08:05.999 0100|00|00|05|fa0001|3423009fa9[payload->]..||43,423
2025-08-01T16:32:06.910 0100|00|00|05|fa0001|3423009fa9[payload->]..||43,423
2025-08-01T17:01:16.067 0100|00|00|05|fa0001|3423009fa9[payload->]..||43,423
2025-08-01T17:02:56.196 0100|00|00|05|fa0001|3423009fa9[payload->]..||43,423
2025-08-01T17:20:06.182 0100|00|00|05|fa0001|3423009fa9[payload->]..||43,423
2025-08-01T18:19:26.067 0100|00|00|05|fa0001|3423009fa9[payload->]..||43,423
2025-08-01T19:24:26.070 0100|00|00|05|fa0001|3423009fa9[payload->]..||43,423
2025-08-01T19:26:45.975 0100|00|00|05|fa0001|3423009fa9[payload->]..||43,423
2025-08-01T19:42:46.127 0100|00|00|05|fa0001|3423009fa9[payload->]..||43,423
2025-08-01T20:13:17.076 0100|00|00|05|fa0001|3423009fa9[payload->]..||43,423
2025-08-01T21:16:46.949 0100|00|00|05|fa0001|3423009fa9[payload->]..||43,423
2025-08-01T21:19:27.063 0100|01|00|0b|f301fe|342300000000000000b876[payload->].......v||30,392
2025-08-01T22:02:47.109 0100|01|00|0b|f301fe|342300000000000000b876[payload->].......v||30,392
2025-08-01T22:12:17.041 0100|01|00|0b|f301fe|342300000000000000b876[payload->].......v||30,392
2025-08-01T22:34:16.987 0100|00|00|05|fa0001|3423009fa9[payload->]..||43,423
2025-08-01T23:04:57.059 0100|01|00|0b|f301fe|342300000000000000b876[payload->].......v||30,392
2025-08-01T23:34:27.052 0100|01|00|0b|f301fe|342300000000000000b876[payload->].......v||30,392
2025-08-02T00:08:37.050 0100|01|00|0b|f301fe|342300000000000000b876[payload->].......v||30,392
2025-08-02T00:42:17.046 0100|01|00|0b|f301fe|342300000000000000b876[payload->].......v||30,392
2025-08-02T00:44:47.048 0100|01|00|0b|f301fe|342300000000000000b876[payload->].......v||30,392
2025-08-02T00:52:47.069 0100|01|00|0b|f301fe|342300000000000000b876[payload->].......v||30,392
2025-08-02T01:06:57.031 0100|00|00|05|fa0001|3423009fa9[payload->]..||43,423
2025-08-02T01:07:47.082 0100|01|00|0b|f301fe|342300000000000000b876[payload->].......v||30,392
2025-08-02T03:16:37.051 0100|01|00|0b|f301fe|342300000000000000b876[payload->].......v||30,392
2025-08-02T03:47:57.040 0100|01|00|0b|f301fe|342300000000000000b876[payload->].......v||30,392
2025-08-02T04:35:37.003 0100|00|00|05|fa0001|3423009fa9[payload->]..||43,423
2025-08-02T05:01:16.960 0100|00|00|05|fa0001|3423009fa9[payload->]..||43,423
2025-08-02T05:10:27.119 0100|01|00|0b|f301fe|342300000000000000b876[payload->].......v||30,392
2025-08-02T05:37:27.093 0100|01|00|0b|f301fe|342300000000000000b876[payload->].......v||30,392
2025-08-02T05:40:57.103 0100|01|00|0b|f301fe|342300000000000000b876[payload->].......v||30,392
2025-08-02T05:46:07.061 0100|01|00|0b|f301fe|342300000000000000b876[payload->].......v||30,392
2025-08-02T06:11:56.974 0100|00|00|05|fa0001|3423009fa9[payload->]..||43,423
2025-08-02T06:35:17.018 0100|01|00|0b|f301fe|342300000000000000b876[payload->].......v||30,392
2025-08-02T06:47:57.059 0100|01|00|0b|f301fe|342300000000000000b876[payload->].......v||30,392
2025-08-02T07:14:17.031 0100|01|00|0b|f301fe|342300000000000000b876[payload->].......v||30,392
2025-08-02T07:30:07.005 0100|00|00|05|fa0001|3423009fa9[payload->]..||43,423
2025-08-02T07:32:37.103 0100|01|00|0b|f301fe|342300000000000000b876[payload->].......v||30,392
2025-08-02T07:45:27.037 0100|01|00|0b|f301fe|342300000000000000b876[payload->].......v||30,392
2025-08-02T08:08:27.044 0100|01|00|0b|f301fe|342300000000000000b876[payload->].......v||30,392
2025-08-02T09:11:07.072 0100|01|00|0b|f301fe|342300000000000000b876[payload->].......v||30,392
2025-08-02T09:42:17.050 0100|01|00|0b|f301fe|342300000000000000b876[payload->].......v||30,392
2025-08-02T09:42:27.851 0100|01|00|0b|f301fe|342300000000000000b876[payload->].......v||30,392
2025-08-02T10:17:27.064 0100|01|00|0b|f301fe|342300000000000000b876[payload->].......v||30,392
2025-08-02T10:38:16.951 0100|00|00|05|fa0001|3423009fa9[payload->]..||43,423
2025-08-02T10:59:17.071 0100|01|00|0b|f301fe|342300000000000000b876[payload->].......v||30,392
2025-08-02T12:00:07.054 0100|01|00|0b|f301fe|342300000000000000b876[payload->].......v||30,392
2025-08-02T13:19:57.951 0100|00|00|05|fa0001|3423009fa9[payload->]..||43,423
2025-08-02T13:40:38.046 0100|01|00|0b|f301fe|342300000000000000b876[payload->].......v||30,392
2025-08-02T14:36:48.012 0100|00|00|05|fa0001|3423009fa9[payload->]..||43,423
2025-08-02T14:46:08.034 0100|01|00|0b|f301fe|342300000000000000b876[payload->].......v||30,392
2025-08-02T15:10:58.243 0100|00|00|05|fa0001|3423009fa9[payload->]..||43,423
2025-08-02T15:45:59.602 0100|00|00|05|fa0001|34230005fa[payload->]..||64,005
2025-08-02T15:46:58.056 0100|01|00|0b|f301fe|342300000000000000b876[payload->].......v||30,392
2025-08-02T16:17:17.944 0100|00|00|05|fa0001|3423009fa9[payload->]..||43,423
2025-08-02T17:51:48.061 0100|01|00|0b|f301fe|342300000000000000b876[payload->].......v||30,392
2025-08-02T18:26:48.094 0100|01|00|0b|f301fe|342300000000000000b876[payload->].......v||30,392
2025-08-02T19:47:28.033 0100|00|00|05|fa0001|3423009fa9[payload->]..||43,423
2025-08-02T19:52:28.047 0100|00|00|05|fa0001|3423009fa9[payload->]..||43,423
2025-08-02T19:59:08.036 0100|00|00|05|fa0001|3423009fa9[payload->]..||43,423
2025-08-02T20:46:58.057 0100|01|00|0b|f301fe|342300000000000000b876[payload->].......v||30,392
2025-08-02T21:09:08.122 0100|01|00|0b|f301fe|342300000000000000b876[payload->].......v||30,392
2025-08-02T21:58:58.229 0100|01|00|0b|f301fe|342300000000000000b876[payload->].......v||30,392
2025-08-02T21:59:58.002 0100|00|00|05|fa0001|3423009fa9[payload->]..||43,423
2025-08-02T22:22:08.096 0100|01|00|0b|f301fe|342300000000000000b876[payload->].......v||30,392
2025-08-02T22:30:18.143 0100|01|00|0b|f301fe|342300000000000000b876[payload->].......v||30,392
2025-08-02T23:40:18.540 0100|01|00|0b|f301fe|342300000000000000b876[payload->].......v||30,392
2025-08-02T23:57:38.000 0100|00|00|05|fa0001|3423009fa9[payload->]..||43,423
2025-08-03T00:20:18.932 0100|00|00|05|fa0001|3423009fa9[payload->]..||43,423
2025-08-03T00:27:28.063 0100|00|00|05|fa0001|3423009fa9[payload->]..||43,423
2025-08-03T00:36:28.028 0100|01|00|0b|f301fe|342300000000000000b876[payload->].......v||30,392
2025-08-03T00:55:08.055 0100|01|00|0b|f301fe|342300000000000000b876[payload->].......v||30,392
2025-08-03T01:08:19.363 0100|01|00|0b|f301fe|342300000000000000b876[payload->].......v||30,392
2025-08-03T01:13:38.187 0100|01|00|0b|f301fe|342300000000000000b876[payload->].......v||30,392
2025-08-03T01:51:28.158 0100|01|00|0b|f301fe|342300000000000000b876[payload->].......v||30,392
2025-08-03T02:30:47.962 0100|00|00|05|fa0001|3423009fa9[payload->]..||43,423
2025-08-03T03:46:57.994 0100|00|00|05|fa0001|3423009fa9[payload->]..||43,423
2025-08-03T06:00:48.171 0100|01|00|0b|f301fe|342300000000000000b876[payload->].......v||30,392
2025-08-03T06:02:58.103 0100|01|00|0b|f301fe|342300000000000000b876[payload->].......v||30,392
2025-08-03T08:14:38.015 0100|00|00|05|fa0001|3423009fa9[payload->]..||43,423
2025-08-03T08:26:58.098 0100|01|00|0b|f301fe|342300000000000000b876[payload->].......v||30,392
2025-08-03T08:30:34.014 0100|01|00|0b|f301fe|3423009649d301563b7783[payload->].I..V;w.||33,655
2025-08-03T09:19:58.128 0100|01|00|0b|f301fe|342300000000000000b876[payload->].......v||30,392
2025-08-03T10:01:53.881 0100|01|00|0b|f301fe|3423008ef32602563bb89a[payload->]..&.V;..||39,608
2025-08-03T10:25:43.529 0100|01|00|0b|f301fe|3423004cc53c02563b4645[payload->]L.<.V;FE||17,734
2025-08-03T10:26:23.499 0100|01|00|0b|f301fe|342300be613d02563b7120[payload->].a=.V;q ||8,305
2025-08-03T12:44:28.051 0100|01|00|0b|f301fe|342300420000000000b876[payload->]B......v||30,392
2025-08-03T13:13:08.038 0100|00|00|05|fa0001|3423009fa9[payload->]..||43,423
2025-08-03T13:45:18.033 0100|01|00|0b|f301fe|342300000000000000b876[payload->].......v||30,392
2025-08-03T13:46:20.413 0100|01|00|0b|f301fe|3423000671f402563b56c5[payload->].q..V;V.||50,518
2025-08-03T13:47:38.034 0100|00|00|05|fa0001|3423009fa9[payload->]..||43,423
2025-08-03T14:04:28.026 0100|01|00|0b|f301fe|342300000000000000b876[payload->].......v||30,392
2025-08-03T14:25:48.024 0100|00|00|05|fa0001|3423009fa9[payload->]..||43,423
2025-08-03T15:13:18.956 0100|01|00|0b|f301fe|342300000000000000b876[payload->].......v||30,392
2025-08-03T16:14:37.985 0100|00|00|05|fa0001|3423009fa9[payload->]..||43,423
2025-08-03T16:46:08.047 0100|01|00|0b|f301fe|342300000000000000b876[payload->].......v||30,392
2025-08-03T16:52:28.094 0100|01|00|0b|f301fe|342300000000000000b876[payload->].......v||30,392
