2025-07-30T20:54:09.443 0100|01|00|06|f801fe|3c5501007199[payload->].q.||39,281
2025-07-31T15:19:31.612 0100|01|00|06|f801fe|3c5501007199[payload->].q.||39,281
2025-08-01T22:32:20.605 0100|01|00|06|f801fe|3c550100739b[payload->].s.||39,795
2025-08-02T11:10:24.040 0100|01|00|06|f801fe|3c5501007199[payload->].q.||39,281
2025-08-02T13:12:09.572 0100|09|08|06|f801fe|3c5501007199[payload->].q.||39,281
2025-08-02T13:33:20.709 0100|01|00|06|f805fe|3c5501007199[payload->].q.||39,281
2025-08-02T14:33:20.682 0100|01|00|06|fa01fe|3c5501007199[payload->].q.||39,281
2025-08-02T17:03:11.510 0100|01|00|06|f809fe|3c5501007199[payload->].q.||39,281
2025-08-02T17:25:41.369 0100|01|00|06|f801fe|3c5501007199[payload->].q.||39,281
2025-08-02T17:26:41.427 0100|01|00|06|f801fe|3c5501007199[payload->].q.||39,281
2025-08-02T18:15:11.826 0100|01|00|06|f801fe|3c5501007199[payload->].q.||39,281
2025-08-02T18:18:12.895 0100|01|00|06|f801fe|3c5501007199[payload->].q.||39,281
2025-08-02T18:59:41.418 0100|01|00|06|f801fe|3c5501007199[payload->].q.||39,281
2025-08-02T19:08:53.570 0100|01|00|06|f809fe|3c5501007199[payload->].q.||39,281
2025-08-02T19:10:11.808 0100|01|00|06|f809fe|3c5501007199[payload->].q.||39,281
2025-08-02T19:16:11.551 0100|01|00|06|f801fe|3c5501007199[payload->].q.||39,281
2025-08-03T00:56:29.232 0100|01|00|06|f801fe|3c5501007199[payload->].q.||39,281
2025-08-03T04:26:13.661 0100|01|00|06|f801fe|3c5501007199[payload->].q.||39,281
2025-08-03T05:48:03.909 0100|01|00|06|f801fe|3c5501007199[payload->].q.||39,281
2025-08-03T09:51:26.699 0100|01|00|06|f801fe|3c5501007199[payload->].q.||39,281
2025-08-03T17:41:30.267 0100|01|00|06|f801fe|3c5501007199[payload->].q.||39,281
2025-08-03T17:45:00.238 0100|01|00|06|f881fe|3c5501007199[payload->].q.||39,281
2025-08-03T17:48:50.576 0100|01|00|06|f801fe|3c5501007199[payload->].q.||39,281
2025-08-03T17:49:50.229 0100|01|00|06|f801fe|3c5501007199[payload->].q.||39,281
2025-08-03T17:51:30.336 0100|01|00|06|f809fe|3c5501007199[payload->].q.||39,281
2025-08-03T17:52:00.328 0100|01|00|06|f809fe|3c5501007199[payload->].q.||39,281
2025-08-03T17:56:30.243 0100|01|00|06|f801fe|3c5501007199[payload->].q.||39,281
