2025-07-30T20:58:08.857 0100|00|00|05|fa0001|2001003831[payload->]81||12,600
2025-07-30T22:19:19.908 0100|01|00|07|f701fe|20010007f701fe[payload->]....||65,025
2025-07-30T22:29:28.763 0100|00|00|05|fa0003|2001008336[payload->].6||13,955
2025-07-30T22:39:42.193 0100|01|00|19|e501fe|20010009f502fe301e0000000206b8b7ff0100000005fa0001[payload->]....0.................||0,256
2025-07-31T00:12:07.934 0100|01|00|09|f501fe|2001001923f37901da[payload->].#.y..||55,809
2025-07-31T00:45:27.692 0100|00|00|05|fa0001|2001003ab1[payload->]:.||45,370
2025-07-31T05:05:09.323 0100|01|00|07|f701fe|2001000301b80d[payload->]....||3,512
2025-07-31T12:05:17.754 0100|00|ff|ff|ff00ef|20010000b0024d0002b44a010001083fb782ffc1031800160d00100001010000ffffff050103010000ffffff0002c1031800160d00100301010000ffffff050403010000ffffff0005c1031800160d0010ea590100000005fa0001504400b0030100010009f501fe50440007000000a24ff37901da010000d0012e047875010001d0012d0588890100000005fa00013401013fb10100010007f701fe340101401f829cffffffffffff010000d0012e047875010001d0012d0588890100000005fa0001560e0111150100010006f801fe560e01001af70100000005fa000154010121b10100010006f801fe54010100a1c60100000005fa000150aa00104e01[payload->]...M...J....?..................................................................Y........PD...........PD......O.y.........xu.....-...........4..?.........4..@................xu.....-...........V............V.............T..!.........T.............P...N.||0,334
2025-07-31T14:12:53.282 0100|01|00|07|f701fe|20010001c39c01[payload->]....||0,412
2025-07-31T17:25:39.256 0100|01|00|07|f701fe|20010001c39c01[payload->]....||0,412
2025-07-31T17:55:44.834 0100|01|00|07|f701fe|20010015001922[payload->]..."||8,729
2025-07-31T19:47:46.372 0100|01|00|07|f701fe|20010010690101[payload->].i..||0,257
2025-07-31T23:31:02.364 0100|00|00|05|fa0003|2001008336[payload->].6||13,955
2025-08-01T00:21:50.064 0100|00|00|05|fa0001|2001000100[payload->]..||0,001
2025-08-01T04:45:36.118 0100|01|00|07|f701fe|20010000000000[payload->]....||0,000
2025-08-01T05:46:29.174 0100|01|00|07|f701fe|200100001e6f01[payload->]..o.||0,367
2025-08-01T07:58:25.194 0100|00|00|05|fa0001|2001000cf2[payload->]..||61,964
2025-08-01T08:25:01.635 0100|00|00|05|fa0001|2001003ab1[payload->]:.||45,370
2025-08-01T17:06:25.938 0100|00|00|05|fa0001|2001000000[payload->]..||0,000
2025-08-01T17:53:53.750 0100|00|00|05|fa0001|2001003ab1[payload->]:.||45,370
2025-08-01T19:48:38.545 0100|01|00|06|f801fe|20010001c39c[payload->]...||40,131
2025-08-01T21:20:00.672 0100|00|00|05|fa0001|2001000000[payload->]..||0,000
2025-08-01T21:49:45.023 0100|01|00|07|f701fe|20010015001922[payload->]..."||8,729
2025-08-02T04:38:07.362 0100|01|00|09|f501fe|2001001923f37901da[payload->].#.y..||55,809
2025-08-02T14:48:57.518 0100|01|00|09|f501fe|2001001923f37901da[payload->].#.y..||55,809
2025-08-02T23:24:18.247 0100|00|00|05|fa0001|2001000a31[payload->].1||12,554
2025-08-03T05:12:48.687 0100|00|00|05|fa0001|2001003ab1[payload->]:.||45,370
2025-08-03T05:36:56.754 0100|01|00|09|f501fe|200100000005fa0001[payload->]......||0,256
2025-08-03T10:03:31.700 0100|00|00|05|fa0001|2001003ab1[payload->]:.||45,370
