2025-07-30T20:34:18.265 0100|00|00|05|fa0001|3433015fa4[payload->]_.||42,079
2025-07-30T20:34:18.467 0100|01|00|18|e601fe|34330102c81024a00084fffffffffffffffffffffffff418[payload->]...$.................||6,388
2025-07-30T21:04:18.125 0100|00|00|05|fa0001|3433015fa4[payload->]_.||42,079
2025-07-30T21:04:18.226 0100|01|00|18|e601fe|34330102c81024a00084fffffffffffffffffffffffff418[payload->]...$.................||6,388
2025-07-30T21:34:18.113 0100|00|00|05|fa0001|3433015fa4[payload->]_.||42,079
2025-07-30T21:34:18.214 0100|01|00|18|e601fe|34330102c81024a00084fffffffffffffffffffffffff418[payload->]...$.................||6,388
2025-07-30T22:04:18.042 0100|00|00|05|fa0001|3433015fa4[payload->]_.||42,079
2025-07-30T22:04:18.244 0100|01|00|18|e601fe|34330102c81024a00084fffffffffffffffffffffffff418[payload->]...$.................||6,388
2025-07-30T22:34:18.112 0100|00|00|05|fa0001|3433015fa4[payload->]_.||42,079
2025-07-30T22:34:18.214 0100|01|00|18|e601fe|34330102c81024a00084fffffffffffffffffffffffff418[payload->]...$.................||6,388
2025-07-30T23:04:18.116 0100|00|00|05|fa0001|3433015fa4[payload->]_.||42,079
2025-07-30T23:04:18.318 0100|01|00|18|e601fe|34330102c81024a00084fffffffffffffffffffffffff418[payload->]...$.................||6,388
2025-07-30T23:34:18.099 0100|00|00|05|fa0001|3433015fa4[payload->]_.||42,079
2025-07-30T23:34:18.301 0100|01|00|18|e601fe|34330102c81024a00084fffffffffffffffffffffffff418[payload->]...$.................||6,388
2025-07-31T00:04:18.297 0100|00|00|05|fa0001|3433015fa4[payload->]_.||42,079
2025-07-31T00:04:18.399 0100|01|00|18|e601fe|34330102c81024200084fffffffffffffffffffffffff418[payload->]...$ ................||6,388
2025-07-31T00:31:28.441 0100|00|00|05|fa0001|3433015fa4[payload->]_.||42,079
2025-07-31T00:31:28.542 0100|01|00|18|e601fe|34330102c81024a00084fffffffffffffffffffffffff418[payload->]...$.................||6,388
2025-07-31T00:34:18.106 0100|00|00|05|fa0001|3433015fa4[payload->]_.||42,079
2025-07-31T00:34:18.307 0100|01|00|18|e601fe|34330102c81024a00084fffffffffffffffffffffffff418[payload->]...$.................||6,388
2025-07-31T01:04:19.259 0100|00|00|05|fa0001|3433015fa4[payload->]_.||42,079
2025-07-31T01:04:19.360 0100|01|00|18|e601fe|34330102c81024a00084fffffffffffffffffffffffff418[payload->]...$.................||6,388
2025-07-31T01:34:18.197 0100|00|00|05|fa0001|3433015fa4[payload->]_.||42,079
2025-07-31T01:34:18.299 0100|01|00|18|e601fe|34330102c81024a00084fffffffffffffffffffffffff418[payload->]...$.................||6,388
2025-07-31T02:04:18.099 0100|00|00|05|fa0001|3433015fa4[payload->]_.||42,079
2025-07-31T02:04:18.200 0100|01|00|18|e601fe|34330102c81024a00084fffffffffffffffffffffffff418[payload->]...$.................||6,388
2025-07-31T02:31:28.240 0100|00|00|05|fa0001|3433015fa4[payload->]_.||42,079
2025-07-31T02:31:28.341 0100|01|00|18|e601fe|34330102c81024a00084fffffffffffffffffffffffff418[payload->]...$.................||6,388
2025-07-31T02:34:19.631 0100|00|00|05|fa0001|3433015fa4[payload->]_.||42,079
2025-07-31T02:34:19.732 0100|01|00|18|e601fe|34330102c81024a00084fffffffffffffffffffffffff418[payload->]...$.................||6,388
2025-07-31T03:04:19.663 0100|00|00|05|fa0001|3433015fa4[payload->]_.||42,079
2025-07-31T03:04:19.764 0100|01|00|18|e601fe|34330102c81024a00084fffffffffffffffffffffffff418[payload->]...$.................||6,388
2025-07-31T03:34:20.657 0100|00|00|05|fa0001|3433015fa4[payload->]_.||42,079
2025-07-31T03:34:20.758 0100|01|00|18|e601fe|34330102c81024a00084fffffffffffffffffffffffff418[payload->]...$.................||6,388
2025-07-31T04:31:27.983 0100|00|00|05|fa0001|3433015fa4[payload->]_.||42,079
2025-07-31T04:31:28.084 0100|01|00|18|e601fe|34330102c81024a00084fffffffffffffffffffffffff418[payload->]...$.................||6,388
2025-07-31T04:34:19.630 0100|00|00|05|fa0001|3433015fa4[payload->]_.||42,079
2025-07-31T04:34:19.732 0100|01|00|18|e601fe|34330102c81024a00084fffffffffefffffffffffffff418[payload->]...$.................||6,388
2025-07-31T05:04:21.629 0100|00|00|05|fa0001|3433015fa4[payload->]_.||42,079
2025-07-31T05:04:21.731 0100|01|00|18|e601fe|34330102c81024a00084fffffffffffffffffffffffef418[payload->]...$.................||6,388
2025-07-31T05:31:28.104 0100|00|00|05|fa0001|3433015fa4[payload->]_.||42,079
2025-07-31T05:31:28.205 0100|01|00|18|e601fe|34330102c81024a00084fffffffffffffffffffffffff418[payload->]...$.................||6,388
2025-07-31T05:34:21.757 0100|00|00|05|fa0001|3433015fa4[payload->]_.||42,079
2025-07-31T05:34:21.858 0100|01|00|18|e601fe|34330102c81024a00084fffffffffffffffffffffffff418[payload->]...$.................||6,388
2025-07-31T06:04:21.661 0100|00|00|05|fa0001|3433015fa4[payload->]_.||42,079
2025-07-31T06:04:21.762 0100|01|00|18|e601fe|34330102c81024a00084fffffffffffffffffffffffff418[payload->]...$.................||6,388
2025-07-31T06:34:22.630 0100|00|00|05|fa0001|3433015fa4[payload->]_.||42,079
2025-07-31T06:34:22.731 0100|01|00|18|ee01fe|34330102c81024a00084fffffffffffffffffffffffff418[payload->]...$.................||6,388
2025-07-31T07:04:22.695 0100|00|00|05|fa0001|3433015fa4[payload->]_.||42,079
2025-07-31T07:34:22.658 0100|00|00|05|fa0001|3433015fa4[payload->]_.||42,079
2025-07-31T07:34:22.759 0100|01|00|18|e601fe|34330102c81024a00084fffffffffffffffffffffffff418[payload->]...$.................||6,388
2025-07-31T08:04:22.687 0100|00|00|05|fa0001|3433015fa4[payload->]_.||42,079
2025-07-31T08:04:22.889 0100|01|00|18|e601fe|34330102c81024a00084fffffffffffffffffffffffff418[payload->]...$.................||6,388
2025-07-31T08:31:27.765 0100|00|00|05|fa0001|3433015fa4[payload->]_.||42,079
2025-07-31T08:31:27.967 0100|01|00|18|e601fe|34330102c81024a00084fffffffffffffffffffffffff418[payload->]...$.................||6,388
2025-07-31T08:34:22.664 0100|00|00|05|fa0001|3433015fa4[payload->]_.||42,079
2025-07-31T08:34:22.966 0100|01|00|18|e601fe|34330102c81024a00084fffffffffffffffffffffffff418[payload->]...$.................||6,388
2025-07-31T09:04:22.591 0100|00|00|05|fa0001|3433015fa4[payload->]_.||42,079
2025-07-31T09:04:22.793 0100|01|00|18|e601fe|34330102c81024a00084fffffffffffffffffffffffff418[payload->]...$.................||6,388
2025-07-31T09:34:22.666 0100|00|00|05|fa0001|3433015fa4[payload->]_.||42,079
2025-07-31T09:34:22.768 0100|01|00|18|e601fe|34330102c81024a00084fffffefffffffffffffffffff418[payload->]...$.................||6,388
2025-07-31T10:04:23.077 0100|00|00|05|fa0001|3433015fa4[payload->]_.||42,079
2025-07-31T10:04:23.278 0100|01|00|18|e601fe|34330102c81024a00084fffffffffffffffffffffffff418[payload->]...$.................||6,388
2025-07-31T10:31:28.181 0100|00|00|05|fa0001|3433015fa4[payload->]_.||42,079
2025-07-31T10:31:28.282 0100|01|00|18|e601fe|34330102c81024a00084fffffffffffffffffffffffff418[payload->]...$.................||6,388
2025-07-31T10:34:23.993 0100|00|00|05|fa0001|3433015fa4[payload->]_.||42,079
2025-07-31T10:34:24.195 0100|01|00|18|e601fe|34330102c81024a00084fffffffffffffffffffffffff418[payload->]...$.................||6,388
2025-07-31T11:04:24.768 0100|00|00|05|fa0001|3433015fa4[payload->]_.||42,079
2025-07-31T11:04:24.870 0100|01|00|18|e601fe|34330102c81024a00084fffffffffffffffffffffffff418[payload->]...$.................||6,388
2025-07-31T11:31:27.608 0100|00|00|05|fa0001|3433015fa4[payload->]_.||42,079
2025-07-31T11:31:27.710 0100|01|00|18|e601fe|34330102c81024a00084fffffffffffffffffffffffff418[payload->]...$.................||6,388
2025-07-31T11:34:23.848 0100|00|00|05|fa0001|3433015fa4[payload->]_.||42,079
2025-07-31T11:34:23.949 0100|01|00|18|e601fe|34330102c81024a00084fffffffffffffffffffffffff418[payload->]...$.................||6,388
2025-07-31T12:04:24.836 0100|00|00|05|fa0001|3433015fa4[payload->]_.||42,079
2025-07-31T12:04:24.938 0100|01|00|18|e601fe|34330102c81024a00084fffffffffffffffbfffffffff418[payload->]...$.................||6,388
2025-07-31T12:34:24.558 0100|00|00|05|fa0001|3433015fa4[payload->]_.||42,079
2025-07-31T12:34:24.659 0100|01|00|18|e601fe|34330102c81024a00084fffffffffffffdfffffffffff418[payload->]...$.................||6,388
2025-07-31T13:04:25.017 0100|00|00|05|fa0001|3433015fa4[payload->]_.||42,079
2025-07-31T13:04:25.118 0100|01|00|18|e601fe|34330102c81024a00084fffffffffffffffffffffffff418[payload->]...$.................||6,388
2025-07-31T13:34:24.971 0100|00|00|05|fa0001|3433015fa4[payload->]_.||42,079
2025-07-31T13:34:25.173 0100|01|00|18|e601fe|34330102c81024a00084fffffffffffffffffffffffff418[payload->]...$.................||6,388
2025-07-31T14:04:25.894 0100|00|00|05|fa0001|3433015fa4[payload->]_.||42,079
2025-07-31T14:04:25.995 0100|01|00|18|e601fe|34330102c81024a00084fffffffffffffffffffffffff418[payload->]...$.................||6,388
2025-07-31T14:34:25.873 0100|00|00|05|fa0001|3433015fa4[payload->]_.||42,079
2025-07-31T14:34:26.075 0100|01|00|18|e601fe|34330102c81024a00084fffffffffffffffffffffffff418[payload->]...$.................||6,388
2025-07-31T15:04:26.533 0100|00|00|05|fa0001|3433015fa4[payload->]_.||42,079
2025-07-31T15:34:29.168 0100|00|00|05|fa0001|3433015fa4[payload->]_.||42,079
2025-07-31T15:34:29.269 0100|01|00|18|e601fe|34330102c81024a00084fffffffffffffffffffffffff418[payload->]...$.................||6,388
2025-07-31T16:04:30.611 0100|00|00|05|fa0001|3433015fa4[payload->]_.||42,079
2025-07-31T16:04:30.813 0100|01|00|18|e601fe|34330102c81024a00084fffffffffffffffffffffffff418[payload->]...$.................||6,388
2025-07-31T16:34:29.323 0100|00|00|05|fa0001|3433015fa4[payload->]_.||42,079
2025-07-31T16:34:29.525 0100|01|00|18|e601fe|34330102c81024a00084fffffffffffffffffffffffff418[payload->]...$.................||6,388
2025-07-31T17:04:30.034 0100|00|00|05|fa0001|3433015fa4[payload->]_.||42,079
2025-07-31T17:04:30.236 0100|01|00|18|e601fe|34330102c81024a00084fffffffffffffffffffffffff418[payload->]...$.................||6,388
2025-07-31T17:34:30.002 0100|00|00|05|fa0001|3433015fa4[payload->]_.||42,079
2025-07-31T17:34:30.203 0100|01|00|18|e601fe|34330102c81024a00084fffffffffffffffffffffffff418[payload->]...$.................||6,388
2025-07-31T18:04:30.079 0100|00|00|05|fa0001|3433015fa4[payload->]_.||42,079
2025-07-31T18:04:30.281 0100|01|00|18|e601fe|34330102c81024a00084fffffffffffffffffffffffff418[payload->]...$.................||6,388
2025-07-31T18:31:28.825 0100|01|00|18|e601fe|34330102c81024a00084fffffffffffffffffffffffff418[payload->]...$.................||6,388
2025-07-31T18:34:30.985 0100|00|00|05|fa0001|3433015fa4[payload->]_.||42,079
2025-07-31T18:34:31.187 0100|01|00|18|e601fe|34330102c81024a00084fffffffffffffffffffffffff418[payload->]...$.................||6,388
2025-07-31T19:04:31.986 0100|00|00|05|fa0001|3433015fa4[payload->]_.||42,079
2025-07-31T19:04:32.188 0100|01|00|18|e601fe|34330102c81024a00084fffffffffffffbfffffffffff418[payload->]...$.................||6,388
2025-07-31T19:31:28.279 0100|00|00|05|fa0001|3433015fa4[payload->]_.||42,079
2025-07-31T19:31:28.481 0100|01|00|18|e601fe|34330102c81024a00084fffffffffffffffffffffffff418[payload->]...$.................||6,388
2025-07-31T19:34:32.354 0100|00|00|05|fa0001|3433015fa4[payload->]_.||42,079
2025-07-31T19:34:32.556 0100|01|00|18|e601fe|34330102c81024a00084fffffffffffffffffffffffff418[payload->]...$.................||6,388
2025-07-31T20:04:31.986 0100|00|00|05|fa0001|3433015fa4[payload->]_.||42,079
2025-07-31T20:04:32.187 0100|01|00|18|e601fe|34330102c81024a00084fffffffffffffffffffffffff418[payload->]...$.................||6,388
2025-07-31T20:31:28.144 0100|00|00|05|fa0001|3433015fa4[payload->]_.||42,079
2025-07-31T20:31:28.346 0100|01|00|18|e601fe|34330102c81024a00084fffffffffffffffffffffffff418[payload->]...$.................||6,388
2025-07-31T20:34:32.017 0100|00|00|05|fa0001|3433015fa4[payload->]_.||42,079
2025-07-31T20:34:32.118 0100|01|00|18|e601fe|34330102c81024a00084fffffffffff7fffffffffffff418[payload->]...$.................||6,388
2025-07-31T21:04:32.012 0100|00|00|05|fa0001|3433015fa4[payload->]_.||42,079
2025-07-31T21:04:32.214 0100|01|00|18|e601fe|34330102c81024a00084fffffffffffffffffffffffff418[payload->]...$.................||6,388
2025-07-31T21:34:32.933 0100|00|00|05|fa0001|3433015fa4[payload->]_.||42,079
2025-07-31T21:34:33.135 0100|01|00|18|e601fe|34330102c81024a00084fffffffffffffffffffffffff418[payload->]...$.................||6,388
2025-07-31T22:04:32.972 0100|00|00|05|fa0001|3433015fa4[payload->]_.||42,079
2025-07-31T22:04:33.073 0100|01|00|18|e601fe|34330102c81024a00084fffffffffffffffffffffffff418[payload->]...$.................||6,388
2025-07-31T22:34:32.972 0100|00|00|05|fa0001|3433011fa4[payload->]..||42,015
2025-07-31T23:04:34.443 0100|00|00|05|fa0001|3433015fa4[payload->]_.||42,079
2025-07-31T23:04:34.545 0100|01|00|18|e601fe|34330102c81024a00084fffffffffffffffffffffffff418[payload->]...$.................||6,388
2025-07-31T23:34:34.333 0100|00|00|05|fa0001|3433015fa4[payload->]_.||42,079
2025-07-31T23:34:34.535 0100|01|00|18|e601fe|34330102c81024a00084fffffffffffffffffffffffff418[payload->]...$.................||6,388
2025-08-01T00:04:34.319 0100|00|00|05|fa0001|3433015fa4[payload->]_.||42,079
2025-08-01T00:04:34.521 0100|01|00|18|e601fe|34330102c81024a00084fffffffffffffffffffffffff418[payload->]...$.................||6,388
2025-08-01T00:34:34.319 0100|00|00|05|fa0001|3433015fa4[payload->]_.||42,079
2025-08-01T00:34:34.521 0100|01|00|18|e601fe|34330102c81024a00084fffffffffffffffffffffffff418[payload->]...$.................||6,388
2025-08-01T01:04:34.410 0100|00|00|05|fa0001|3433015fa4[payload->]_.||42,079
2025-08-01T01:04:34.512 0100|01|00|18|e601fe|34330102c81024a00084fffffffffffffffffffffffff418[payload->]...$.................||6,388
2025-08-01T01:31:29.430 0100|00|00|05|fa0001|3433015fa4[payload->]_.||42,079
2025-08-01T01:31:29.632 0100|01|00|18|e601fe|34330102c81024a00084fffffffffffffffffffffffff418[payload->]...$.................||6,388
2025-08-01T01:34:34.643 0100|00|00|05|fa0001|3433015fa4[payload->]_.||42,079
2025-08-01T01:34:34.744 0100|01|00|18|e601fe|34330102c81024a00084fffffffffffffffffffffffff418[payload->]...$.................||6,388
2025-08-01T02:04:36.121 0100|00|00|05|fa0001|3433015fa4[payload->]_.||42,079
2025-08-01T02:04:36.323 0100|01|00|18|e601fe|34330102c81024a00084fffffffffffffffffffffffff418[payload->]...$.................||6,388
2025-08-01T02:34:36.571 0100|00|00|05|fa0001|3433015fa4[payload->]_.||42,079
2025-08-01T02:34:36.672 0100|01|00|18|e601fe|34330102c81024a00084fffffffffffffffffffffffff418[payload->]...$.................||6,388
2025-08-01T03:04:36.226 0100|00|00|05|fa0001|3433015fa4[payload->]_.||42,079
2025-08-01T03:04:36.327 0100|01|00|18|e601fe|34330102c81024a00084fffffffffffffffffffffffff418[payload->]...$.................||6,388
2025-08-01T03:31:27.981 0100|00|00|05|fa0001|3433015fa4[payload->]_.||42,079
2025-08-01T03:34:38.236 0100|00|00|05|fa0001|3433015fa4[payload->]_.||42,079
2025-08-01T03:34:38.337 0100|01|00|18|e601fe|34330102c81024a00084fffffffffffffffffffffffff418[payload->]...$.................||6,388
2025-08-01T04:04:38.153 0100|00|00|05|fa0001|3433015fa4[payload->]_.||42,079
2025-08-01T04:04:38.254 0100|01|00|18|e601fe|34330102c81024a00084fffffffffffffffffffffffff418[payload->]...$.................||6,388
2025-08-01T04:34:38.166 0100|00|00|05|fa0001|3433015fa4[payload->]_.||42,079
2025-08-01T04:34:38.267 0100|01|00|18|e601fe|34330102c81024a00084fffffffffffffffffffffffff418[payload->]...$.................||6,388
2025-08-01T05:04:38.163 0100|00|00|05|fa0001|3433015fa4[payload->]_.||42,079
2025-08-01T05:04:38.264 0100|01|00|18|e601fe|34330102c81024a00084fffffffffffffffffffffffff418[payload->]...$.................||6,388
2025-08-01T05:34:38.128 0100|00|00|05|fa0001|3433015fa4[payload->]_.||42,079
2025-08-01T05:34:38.229 0100|01|00|18|e601fe|34330102c81024a00084fffffffffffffffffffffffff418[payload->]...$.................||6,388
2025-08-01T06:04:38.109 0100|00|00|05|fa0001|3433015fa4[payload->]_.||42,079
2025-08-01T06:04:38.209 0100|01|00|18|e601fe|34330102c81024a00084fffffffffffffffffffffffff418[payload->]...$.................||6,388
2025-08-01T06:34:38.114 0100|00|00|05|fa0001|3433015fa4[payload->]_.||42,079
2025-08-01T06:34:38.215 0100|01|00|18|e601fe|34330102c81024a00084fffffffffffffffffffffffff418[payload->]...$.................||6,388
2025-08-01T07:04:38.152 0100|00|00|05|fa0001|3433015fa4[payload->]_.||42,079
2025-08-01T07:04:38.253 0100|01|00|18|e601fe|34330102c81024a00084fffffffffffffffffffffffff418[payload->]...$.................||6,388
2025-08-01T07:34:41.018 0100|00|00|05|fa0001|3433015fa4[payload->]_.||42,079
2025-08-01T07:34:41.119 0100|01|00|18|e601fe|34330102c81024a00084fffffffffffffffffffffffff418[payload->]...$.................||6,388
2025-08-01T08:04:40.112 0100|00|00|05|fa0001|3433015fa4[payload->]_.||42,079
2025-08-01T08:04:40.314 0100|01|00|18|e601fe|34330102c81024a00084fffffffffffffffffffffffff418[payload->]...$.................||6,388
2025-08-01T08:31:28.084 0100|01|00|18|e601fe|34330102c81024a00084fffffffffffffffffffffffff418[payload->]...$.................||6,388
2025-08-01T08:34:39.999 0100|00|00|05|fa0001|3433015fa4[payload->]_.||42,079
2025-08-01T08:34:40.200 0100|01|00|18|e601fe|34330102c81024a00084fffffffffffffffefffffffff418[payload->]...$.................||6,388
2025-08-01T09:04:40.037 0100|00|00|05|fa0001|3433015fa4[payload->]_.||42,079
2025-08-01T09:04:40.139 0100|01|00|18|e601fe|34330102c81024a00084fffffffffffffffffffffffff418[payload->]...$.................||6,388
2025-08-01T09:31:28.170 0100|00|00|05|fa0001|3433015fa4[payload->]_.||42,079
2025-08-01T09:31:28.271 0100|01|00|18|e601fe|34330102c81024a00084fffffffffffffffffffffffff418[payload->]...$.................||6,388
2025-08-01T09:34:40.004 0100|00|00|05|fa0001|3433015fa4[payload->]_.||42,079
2025-08-01T09:34:40.106 0100|01|00|18|e601fe|34330102c81024a00084fffffffffffffffffffffffff418[payload->]...$.................||6,388
2025-08-01T10:04:39.977 0100|00|00|05|fa0001|3433015fa4[payload->]_.||42,079
2025-08-01T10:04:40.078 0100|01|00|18|e601fe|34330102c81024a00084ffffffffffffeffffffffffff418[payload->]...$.................||6,388
2025-08-01T10:34:39.936 0100|00|00|05|fa0001|3433015fa4[payload->]_.||42,079
2025-08-01T10:34:40.138 0100|01|00|18|e601fe|34330102c81024a00084fffffffffffffffffffffffff418[payload->]...$.................||6,388
2025-08-01T11:04:40.034 0100|00|00|05|fa0001|3433015fa4[payload->]_.||42,079
2025-08-01T11:04:40.136 0100|01|00|18|e601fe|34330102c81024a00084fffffffffffffffffffffffff418[payload->]...$.................||6,388
2025-08-01T11:34:40.029 0100|00|00|05|fa0001|3433015fa4[payload->]_.||42,079
2025-08-01T11:34:40.130 0100|01|00|18|e601fe|34330102c81024a00084fffffffffffffffffffffffff418[payload->]...$.................||6,388
2025-08-01T12:04:39.910 0100|00|00|05|fa0001|3433015fa4[payload->]_.||42,079
2025-08-01T12:04:40.213 0100|01|00|18|e601fe|34330102c81024a00084fffffffffffffffffffffffff418[payload->]...$.................||6,388
2025-08-01T12:31:28.630 0100|00|00|05|fa0001|3433015fa4[payload->]_.||42,079
2025-08-01T12:31:28.732 0100|01|00|18|e601fe|34330102c81024a00084fffffffffffffffffffffffff418[payload->]...$.................||6,388
2025-08-01T12:34:41.005 0100|00|00|05|fa0001|3433015fa4[payload->]_.||42,079
2025-08-01T12:34:41.207 0100|01|00|18|e601fe|34330102c81024a00084fffffffffffffffffffffffff418[payload->]...$.................||6,388
2025-08-01T13:04:42.003 0100|00|00|05|fa0001|3433015fa4[payload->]_.||42,079
2025-08-01T13:04:42.104 0100|01|00|18|e601fe|34330102c81024a00084fffffffffffffffffffffffff418[payload->]...$.................||6,388
2025-08-01T13:34:41.968 0100|00|00|05|fa0001|3433015fa4[payload->]_.||42,079
2025-08-01T13:34:42.070 0100|01|00|18|e601fe|34330102c81024a00084fffffffffffffffffffffffff418[payload->]...$.................||6,388
2025-08-01T14:04:44.091 0100|00|00|05|fa0001|3433015fa4[payload->]_.||42,079
2025-08-01T14:04:44.293 0100|01|00|18|e601fe|34330102c81024a00084fffffffffffffffffffffffff418[payload->]...$.................||6,388
2025-08-01T14:34:45.263 0100|00|00|05|fa0001|3433015fa4[payload->]_.||42,079
2025-08-01T14:34:45.364 0100|01|00|18|e601fe|34330102c81024a00084fffffffffffffffffffffffff418[payload->]...$.................||6,388
2025-08-01T15:04:45.085 0100|00|00|05|fa0001|3433015fa4[payload->]_.||42,079
2025-08-01T15:04:45.186 0100|01|00|18|e601fe|34330102c81024a00084fffffffffffffffffffffffff418[payload->]...$.................||6,388
2025-08-01T15:31:27.658 0100|00|00|05|fa0001|3433015fa4[payload->]_.||42,079
2025-08-01T15:31:27.759 0100|01|00|18|e601fe|34330102c81024a00084fffffffffffffffffffffffff418[payload->]...$.................||6,388
2025-08-01T15:34:46.141 0100|00|00|05|fa0001|3433015fa4[payload->]_.||42,079
2025-08-01T15:34:46.343 0100|01|00|18|e601fe|34330102c81024a00084fffffffffffffffffffffffff418[payload->]...$.................||6,388
2025-08-01T16:04:46.191 0100|00|00|05|fa0001|3433015fa4[payload->]_.||42,079
2025-08-01T16:04:46.293 0100|01|00|18|e601fe|34330102c81024a00084fffffffffffffffffffffffff418[payload->]...$.................||6,388
2025-08-01T16:34:46.313 0100|00|00|05|fa0001|3433015fa4[payload->]_.||42,079
2025-08-01T16:34:46.414 0100|01|00|18|e601fe|34330102c81024a00084fffffffffffffffffffffffff418[payload->]...$.................||6,388
2025-08-01T17:04:46.146 0100|00|00|05|fa0001|3433015fa4[payload->]_.||42,079
2025-08-01T17:04:46.348 0100|01|00|18|e601fe|34330102c81024a00084fffffffffffffffffffffffff418[payload->]...$.................||6,388
2025-08-01T17:31:27.693 0100|01|00|18|e601fe|34330102c81024a00084fffffffffffffffffffffffff418[payload->]...$.................||6,388
2025-08-01T17:34:46.282 0100|00|00|05|fa0001|3433015fa4[payload->]_.||42,079
2025-08-01T17:34:46.383 0100|01|00|18|e601fe|34330102c81024a00084fffffffffffffffffffffffff418[payload->]...$.................||6,388
2025-08-01T18:04:46.206 0100|00|00|05|fa0001|3433015fa4[payload->]_.||42,079
2025-08-01T18:04:46.307 0100|01|00|18|e601fe|34330102c81024a00084fffffffffffffffffffffffff418[payload->]...$.................||6,388
2025-08-01T18:34:47.076 0100|00|00|05|fa0001|3433015fa4[payload->]_.||42,079
2025-08-01T18:34:47.279 0100|01|00|18|e601fe|34330102c81024a00084fffffffffffffffffffffffff418[payload->]...$.................||6,388
2025-08-01T19:04:46.332 0100|00|00|05|fa0001|3433015fa4[payload->]_.||42,079
2025-08-01T19:04:46.433 0100|01|00|18|e601fe|34330102c81024a00084fffffffffffffffffffffffff418[payload->]...$.................||6,388
2025-08-01T19:31:27.714 0100|01|00|18|e601fe|34330102c81024a00084fffffffffffffffffffffffff418[payload->]...$.................||6,388
2025-08-01T19:34:47.007 0100|00|00|05|fa0001|3433015fa4[payload->]_.||42,079
2025-08-01T19:34:47.208 0100|01|00|18|e601fe|34330102c81024a00084fffffffffffffffffffffffff418[payload->]...$.................||6,388
2025-08-01T20:04:48.676 0100|00|00|05|fa0001|3433015fa4[payload->]_.||42,079
2025-08-01T20:04:48.778 0100|01|00|18|e601fe|34330102c81024a00084fffffffffffffffffffffffff418[payload->]...$.................||6,388
2025-08-01T20:34:49.157 0100|00|00|05|fa0001|3433015fa4[payload->]_.||42,079
2025-08-01T20:34:49.258 0100|01|00|18|e601fe|34330102c81024a00084fffffffffffffffffffffffff418[payload->]...$.................||6,388
2025-08-01T21:04:49.087 0100|00|00|05|fa0001|3433015fa4[payload->]_.||42,079
2025-08-01T21:04:49.188 0100|01|00|18|e601fe|34330102c81024a00084fffffffffffffffffffffffff418[payload->]...$.................||6,388
2025-08-01T21:31:27.601 0100|01|00|18|e601fe|34330102c81024a00084fffffffffffffffffffffffff418[payload->]...$.................||6,388
2025-08-01T21:34:49.065 0100|00|00|05|fa0001|3433015fa4[payload->]_.||42,079
2025-08-01T21:34:49.167 0100|01|00|18|e601fe|34330102c81024a00084fffffffffffffffffffffffff418[payload->]...$.................||6,388
2025-08-01T22:04:49.967 0100|00|00|05|fa0001|3433015fa4[payload->]_.||42,079
2025-08-01T22:04:50.169 0100|01|00|18|e601fe|34330102c81024a00084fffffffffffffffffffffffff418[payload->]...$.................||6,388
2025-08-01T22:34:50.188 0100|01|00|18|e601fe|34330102c81024a00084fffffffffffffffffffffffff418[payload->]...$.................||6,388
2025-08-01T23:04:49.995 0100|00|00|05|fa0001|3433015fa4[payload->]_.||42,079
2025-08-01T23:04:50.096 0100|01|00|18|e601fe|34330102c81024a00084fffffffffffffffffffffffff418[payload->]...$.................||6,388
2025-08-01T23:31:27.777 0100|00|00|05|fa0001|3433015fa4[payload->]_.||42,079
2025-08-01T23:31:27.979 0100|09|00|18|e601fe|34330102c81024a00084fffffffffffffffffffffffff418[payload->]...$.................||6,388
2025-08-01T23:34:49.980 0100|00|00|05|fa0001|3433015fa4[payload->]_.||42,079
2025-08-01T23:34:50.182 0100|01|00|18|e601fe|34330102c81024a00084fffffffffffffffffffffffff418[payload->]...$.................||6,388
2025-08-02T00:04:49.992 0100|00|00|05|fa0001|3433015fa4[payload->]_.||42,079
2025-08-02T00:04:50.093 0100|01|00|18|e601fe|34330102c81024a00084fffffffffffffffffffffffff418[payload->]...$.................||6,388
2025-08-02T00:34:49.986 0100|00|00|05|fa0001|3433015fa4[payload->]_.||42,079
2025-08-02T01:04:50.017 0100|00|00|05|fa0001|3433015fa4[payload->]_.||42,079
2025-08-02T01:04:50.118 0100|01|00|18|e601fe|34330102c81024a00084fffffffffffffffffffffffff418[payload->]...$.................||6,388
2025-08-02T01:34:49.930 0100|00|00|05|fa0001|3433015fa4[payload->]_.||42,079
2025-08-02T01:34:50.132 0100|01|00|18|e601fe|34330102c81024a00084fffffffffffffffffffffffff418[payload->]...$.................||6,388
2025-08-02T02:04:50.935 0100|00|00|05|fa0001|3433015fa4[payload->]_.||42,079
2025-08-02T02:04:51.137 0100|01|00|18|e601fe|34330102c81024a00084fffffffffffffffffffffffff418[payload->]...$.................||6,388
2025-08-02T02:34:50.040 0100|00|00|05|fa0001|3433015fa4[payload->]_.||42,079
2025-08-02T02:34:50.141 0100|01|00|18|e601fe|34330102c81024a00084fffffffffffffffffffffffff418[payload->]...$.................||6,388
2025-08-02T03:04:50.027 0100|00|00|05|fa0001|3433015fa4[payload->]_.||42,079
2025-08-02T03:04:50.128 0100|01|00|18|e601fe|34330102c81024a00084ffffffffffffffffffffffff7418[payload->]...$...............t.||6,260
2025-08-02T03:31:27.691 0100|01|00|18|e601fe|34330102c81024a00084fffffffffffffffffffffffff418[payload->]...$.................||6,388
2025-08-02T03:34:50.010 0100|00|00|05|fa0001|3433015fa4[payload->]_.||42,079
2025-08-02T03:34:50.111 0100|01|00|18|e601fe|34330102c81024a00084fffffffffffffffffffffffff418[payload->]...$.................||6,388
2025-08-02T04:04:50.015 0100|00|00|05|fa0001|3433015fa4[payload->]_.||42,079
2025-08-02T04:34:50.048 0100|00|00|05|fa0001|3433015fa4[payload->]_.||42,079
2025-08-02T04:34:50.149 0100|01|00|18|e601fe|34330102c81024a00084fffffffffffffffffffffffff418[payload->]...$.................||6,388
2025-08-02T05:04:50.039 0100|00|00|05|fa0001|3433015fa4[payload->]_.||42,079
2025-08-02T05:04:50.140 0100|09|00|18|e601fe|34330102c81024a00084fffffffffffffffffffffffff418[payload->]...$.................||6,388
2025-08-02T05:34:50.017 0100|00|00|05|fa0001|3433015fa4[payload->]_.||42,079
2025-08-02T05:34:50.118 0100|01|00|18|e601fe|34330102c81024a00084ffffff7ffffffffffffffffff418[payload->]...$.................||6,388
2025-08-02T06:04:51.083 0100|00|00|05|fa0001|3433015fa4[payload->]_.||42,079
2025-08-02T06:04:51.285 0100|01|00|18|e601fe|34330102c81024a00084fffffffffffffffffffffffff418[payload->]...$.................||6,388
2025-08-02T06:34:51.082 0100|00|00|05|fa0001|3433015fa4[payload->]_.||42,079
2025-08-02T06:34:51.284 0100|01|00|18|e601fe|34330102c81024a00084fffffffffffffffffffffffff418[payload->]...$.................||6,388
2025-08-02T07:04:51.087 0100|00|00|05|fa0001|3433015fa4[payload->]_.||42,079
2025-08-02T07:04:51.289 0100|01|00|18|e601fe|34330102c81024a00084fffffffffffffffffffffffff418[payload->]...$.................||6,388
2025-08-02T07:31:27.655 0100|00|00|05|fa0001|3433015fa4[payload->]_.||42,079
2025-08-02T07:31:27.857 0100|01|00|18|e601fe|34330102c81024a00084fffffffffffffffffffffffff418[payload->]...$.................||6,388
2025-08-02T07:34:51.112 0100|00|00|05|fa0001|3433015fa4[payload->]_.||42,079
2025-08-02T07:34:51.213 0100|01|00|18|e601fe|34330102c81024a00084fffffffffffffffffffffffff418[payload->]...$.................||6,388
2025-08-02T08:04:53.194 0100|00|00|05|fa0001|3433015fa4[payload->]_.||42,079
2025-08-02T08:04:53.296 0100|01|00|18|e601fe|34330102c81024a00084fffffffffffffffffffffffff418[payload->]...$.................||6,388
2025-08-02T08:31:28.015 0100|01|00|18|e601fe|34330102c81024a00084fffffffffffffffffffffffff418[payload->]...$.................||6,388
2025-08-02T08:34:52.393 0100|00|00|05|fa0001|3433015fa4[payload->]_.||42,079
2025-08-02T08:34:52.594 0100|01|00|18|e601fe|34330102c81024a00084fffffffffffffffffffffffff418[payload->]...$.................||6,388
2025-08-02T09:04:52.240 0100|00|00|05|fa0001|3433015fa4[payload->]_.||42,079
2025-08-02T09:04:52.442 0100|01|00|18|e601fe|34330102c81024a00084fffffffffffffffffffffffff418[payload->]...$.................||6,388
2025-08-02T09:34:52.263 0100|00|00|05|fa0001|3433015fa4[payload->]_.||42,079
2025-08-02T09:34:52.364 0100|01|00|18|e601fe|34330102c81024a00084fffffffffffffffffffffffff418[payload->]...$.................||6,388
2025-08-02T10:04:53.113 0100|00|00|05|fa0001|3433015fa4[payload->]_.||42,079
2025-08-02T10:04:53.315 0100|01|00|18|e601fe|34330102c81024a00084fffffffffffffffffffffffff418[payload->]...$.................||6,388
2025-08-02T10:34:53.118 0100|00|00|05|fa0001|3433015fa4[payload->]_.||42,079
2025-08-02T10:34:53.219 0100|01|00|18|e601fe|34330102c81024a00084fffffffffffffffffffffffff418[payload->]...$.................||6,388
2025-08-02T11:04:53.142 0100|00|00|05|fa0001|3433015fa4[payload->]_.||42,079
2025-08-02T11:04:53.243 0100|01|00|18|e601fe|34330102c81024a00084fffffffffffffffffffffffff418[payload->]...$.................||6,388
2025-08-02T11:34:53.202 0100|00|00|05|fa0001|3433015fa4[payload->]_.||42,079
2025-08-02T11:34:53.404 0100|01|00|18|e601fe|34330102c81024a00084fffffffffffffffffffffffff418[payload->]...$.................||6,388
2025-08-02T12:04:54.142 0100|00|00|05|fa0001|3433015fa4[payload->]_.||42,079
2025-08-02T12:34:55.306 0100|00|00|05|fa0001|3433015fa4[payload->]_.||42,079
2025-08-02T12:34:55.508 0100|01|00|18|e601fe|34330102c81024a00084fffffffffffffffffffffffff418[payload->]...$.................||6,388
2025-08-02T13:04:56.320 0100|00|00|05|fa0001|3433015fa4[payload->]_.||42,079
2025-08-02T13:04:56.521 0100|01|00|18|e601fe|34330102c81024a00084fffffffffffffffffffffffff418[payload->]...$.................||6,388
2025-08-02T13:34:58.275 0100|00|00|05|fa0001|3433015fa4[payload->]_.||42,079
2025-08-02T13:34:58.477 0100|01|00|1c|e601fe|34330102c81024a00084fffffffffffffffffffffffff41801000000[payload->]...$.....................||0,000
2025-08-02T14:04:58.296 0100|00|00|05|fa0001|3433015fa4[payload->]_.||42,079
2025-08-02T14:31:28.001 0100|00|00|05|fa0001|3433015fa4[payload->]_.||42,079
2025-08-02T14:34:58.537 0100|00|00|05|fa0001|3433015fa4[payload->]_.||42,079
2025-08-02T15:04:58.331 0100|00|00|05|fa0001|3433015fa4[payload->]_.||42,079
2025-08-02T15:04:58.432 0100|01|00|18|e601fe|34330102c81024a00084fffffffffffffffffffffffff418[payload->]...$.................||6,388
2025-08-02T15:34:58.288 0100|00|00|05|fa0001|3433015fa4[payload->]_.||42,079
2025-08-02T15:34:58.389 0100|01|00|18|e601fe|34330102c81024a00084fffffffffffffffffffffffff418[payload->]...$.................||6,388
2025-08-02T16:04:58.227 0100|00|00|05|fa0001|3433015fa4[payload->]_.||42,079
2025-08-02T16:04:58.429 0100|01|00|18|e601fe|34330102c81024a00084fffffffffffffffffffffffff418[payload->]...$.................||6,388
2025-08-02T16:34:59.186 0100|00|00|05|fa0001|3433015fa4[payload->]_.||42,079
2025-08-02T16:34:59.388 0100|01|00|18|e601fe|34330102c81024a00084fffffffffffffffffffffffff418[payload->]...$.................||6,388
2025-08-02T17:04:58.234 0100|00|00|05|fa0001|3433015fa4[payload->]_.||42,079
2025-08-02T17:34:58.215 0100|00|00|05|fa0001|3433015fa4[payload->]_.||42,079
2025-08-02T18:04:58.204 0100|00|00|05|fa0001|3433015fa4[payload->]_.||42,079
2025-08-02T18:31:28.127 0100|00|00|05|fa0001|3433015fa4[payload->]_.||42,079
2025-08-02T18:31:28.329 0100|01|00|18|e601fe|34330102c81024a018e601fe34390102c81024a00084ffff[payload->]...$.....49....$.....||65,535
2025-08-02T18:34:58.226 0100|00|00|05|fa0001|3433015fa4[payload->]_.||42,079
2025-08-02T18:34:58.327 0100|01|00|18|e601fe|34330102c81024a00084fffffffffffffffffffffffff418[payload->]...$.................||6,388
2025-08-02T19:04:58.279 0100|00|00|05|fa0001|3433015fa4[payload->]_.||42,079
2025-08-02T19:34:59.213 0100|00|00|05|fa0001|3433015fa4[payload->]_.||42,079
2025-08-02T19:34:59.315 0100|01|00|18|e601fe|34330102c81024a00084fffffffffffffffffffffffff418[payload->]...$.................||6,388
2025-08-02T20:05:00.338 0100|00|00|05|fa0001|3433015fa4[payload->]_.||42,079
2025-08-02T20:05:00.640 0100|01|00|18|e601fe|34330102c81024a00084fffffffffffffffffffffffff418[payload->]...$.................||6,388
2025-08-02T20:35:01.241 0100|00|00|05|fa0001|3433015fa4[payload->]_.||42,079
2025-08-02T21:05:01.238 0100|00|00|05|fa0001|3433015fa4[payload->]_.||42,079
2025-08-02T21:35:01.167 0100|00|00|05|fa0001|3433015fa4[payload->]_.||42,079
2025-08-02T21:35:01.268 0100|01|00|18|e601fe|34330102c81024a00084fffffffffffffffffffffffff418[payload->]...$.................||6,388
2025-08-02T22:05:01.183 0100|00|00|05|fa0001|3433015fa4[payload->]_.||42,079
2025-08-02T22:05:01.385 0100|01|00|18|e601fe|34330102c81024a00084fffffffffffffffffffffffff418[payload->]...$.................||6,388
2025-08-02T22:35:01.559 0100|00|00|05|fa0001|3433015fa4[payload->]_.||42,079
2025-08-02T22:35:01.761 0100|01|00|18|e601fe|34330102c81024a00084fffffffffffffffffffffffff418[payload->]...$.................||6,388
2025-08-02T23:05:01.142 0100|00|00|05|fa0001|3433015fa4[payload->]_.||42,079
2025-08-02T23:05:01.343 0100|01|00|18|e601fe|34330102c81024a00084fffffffffffffffffffffffff418[payload->]...$.................||6,388
2025-08-02T23:31:28.571 0100|00|00|05|fa0001|3433015fa4[payload->]_.||42,079
2025-08-02T23:31:28.773 0100|01|00|18|e601fe|34330102c81024a00084fffffffffffffffffffffffff418[payload->]...$.................||6,388
2025-08-02T23:35:02.171 0100|00|00|05|fa0001|3433015fa4[payload->]_.||42,079
2025-08-02T23:35:02.272 0100|01|00|18|e601fe|34330102c81024a00084fffffffffffffffffffffffff418[payload->]...$.................||6,388
2025-08-03T00:05:02.155 0100|00|00|05|fa0001|3433015fa4[payload->]_.||42,079
2025-08-03T00:05:02.357 0100|01|00|18|e601fe|34330102c81024a00084fffffffffffffffffffffffff418[payload->]...$.................||6,388
2025-08-03T00:35:02.161 0100|00|00|05|fa0001|3433015fa4[payload->]_.||42,079
2025-08-03T00:35:02.363 0100|01|00|18|e601fe|34330102c81024a00084fffffffffffffffffffffffff418[payload->]...$.................||6,388
2025-08-03T01:05:03.970 0100|00|00|05|fa0001|3433015fa4[payload->]_.||42,079
2025-08-03T01:05:04.071 0100|01|00|18|e601fe|34330102c81024a00084fffffffffffffffffffffffff418[payload->]...$.................||6,388
2025-08-03T01:35:06.940 0100|00|00|05|fa0001|3433015fa4[payload->]_.||42,079
2025-08-03T01:35:07.041 0100|01|00|18|e601fe|34330102c81024a00084fffffffffffffffffffffffff418[payload->]...$.................||6,388
2025-08-03T02:05:06.941 0100|00|00|05|fa0001|3433015fa4[payload->]_.||42,079
2025-08-03T02:05:07.143 0100|01|00|18|e601fe|34330102c81024a00284fffffffffffffffffffffffff418[payload->]...$.................||6,388
2025-08-03T02:35:07.765 0100|00|00|05|fa0001|3433015fa4[payload->]_.||42,079
2025-08-03T03:05:08.006 0100|00|00|05|fa0001|3433015fa4[payload->]_.||42,079
2025-08-03T03:05:08.107 0100|01|00|18|e601fe|34330102c81024a00084fffffffffffffffffffffffff418[payload->]...$.................||6,388
2025-08-03T04:05:08.062 0100|00|00|05|fa0001|3433015fa4[payload->]_.||42,079
2025-08-03T04:05:08.264 0100|01|00|18|e601fe|34330102c81024a00084fffffffffffffffffffffffff418[payload->]...$.................||6,388
2025-08-03T04:35:07.630 0100|00|00|05|fa0001|3433015fa4[payload->]_.||42,079
2025-08-03T04:35:07.731 0100|01|00|18|e601fe|34330102c81024a00084fffffffffffffffffffffffff418[payload->]...$.................||6,388
2025-08-03T05:05:07.927 0100|00|00|05|fa0001|3433015fa4[payload->]_.||42,079
2025-08-03T05:05:08.128 0100|01|00|18|e601fe|34330102c81024a00084fffffffffffffffffffffffff418[payload->]...$.................||6,388
2025-08-03T05:35:07.761 0100|00|00|05|fa0001|3433015fa4[payload->]_.||42,079
2025-08-03T05:35:07.862 0100|01|00|18|e601fe|34330102c81024a00084fffffffffffffffffffffffff418[payload->]...$.................||6,388
2025-08-03T06:05:07.565 0100|00|00|05|fa0001|3433015fa4[payload->]_.||42,079
2025-08-03T06:05:07.667 0100|01|00|18|e601fe|34330102c81024a00084fffffffffffffffffffffffff418[payload->]...$.................||6,388
2025-08-03T06:35:07.778 0100|00|00|05|fa0001|3433015fa4[payload->]_.||42,079
2025-08-03T06:35:07.980 0100|01|00|18|e601fe|34330102c81024a00084fffffffffffffffffffffffff418[payload->]...$.................||6,388
2025-08-03T07:05:09.373 0100|00|00|05|fa0001|3433015fa4[payload->]_.||42,079
2025-08-03T07:05:09.475 0100|01|00|18|e601fe|34330102c81024a00084fffffffffffffffffffffffff418[payload->]...$.................||6,388
2025-08-03T07:31:28.963 0100|00|00|05|fa0001|3433015fa4[payload->]_.||42,079
2025-08-03T07:31:29.065 0100|01|00|18|e601fe|34330102c81024a00084fffffffffffffffffffffffff418[payload->]...$.................||6,388
2025-08-03T07:35:08.684 0100|00|00|05|fa0001|3433015fa4[payload->]_.||42,079
2025-08-03T07:35:08.986 0100|01|00|18|e601fe|34330102c81024a00086fffffffffffffffffffffffff418[payload->]...$.................||6,388
2025-08-03T08:05:08.700 0100|00|00|05|fa0001|3433015fa4[payload->]_.||42,079
2025-08-03T08:05:08.902 0100|01|00|18|e601fe|34330102c81024a00084fffffffffffffffffffffffff418[payload->]...$.................||6,388
2025-08-03T08:35:08.695 0100|00|00|05|fa0001|3433015fa4[payload->]_.||42,079
2025-08-03T08:35:08.797 0100|01|00|18|e601fe|34330102c81024a00084fffffffffffffffffffffffff418[payload->]...$.................||6,388
2025-08-03T09:05:09.574 0100|00|00|05|fa0001|3433015fa4[payload->]_.||42,079
2025-08-03T09:05:09.776 0100|01|00|18|e601fe|34330102c81024a00084fffffffffffffffffffffffff418[payload->]...$.................||6,388
2025-08-03T09:35:09.570 0100|00|00|05|fa0001|3433015fa4[payload->]_.||42,079
2025-08-03T09:35:09.772 0100|01|00|18|e601fe|34330102c81024a00084fffffffffffffffffffffffff418[payload->]...$.................||6,388
2025-08-03T10:05:09.431 0100|00|00|05|fa0001|3433015fa4[payload->]_.||42,079
2025-08-03T10:35:09.386 0100|00|00|05|fa0001|3433015fa4[payload->]_.||42,079
2025-08-03T11:05:09.439 0100|00|00|05|fa0001|3433015fa4[payload->]_.||42,079
2025-08-03T11:05:09.540 0100|01|00|18|e601fe|34330102c81024a00084fffffffffffffffffffffffff418[payload->]...$.................||6,388
2025-08-03T11:35:09.328 0100|00|00|05|fa0001|3433015fa4[payload->]_.||42,079
2025-08-03T11:35:09.530 0100|01|00|18|e601fe|34330102c81024a00084fffffffffffffffffffffffff418[payload->]...$.................||6,388
2025-08-03T12:05:10.351 0100|00|00|05|fa0001|3433015fa4[payload->]_.||42,079
2025-08-03T12:05:10.553 0100|01|00|18|e601fe|34330102c81024a00084fffffffffffffffffffffffff418[payload->]...$.................||6,388
2025-08-03T12:35:10.424 0100|00|00|05|fa0001|3433015fa4[payload->]_.||42,079
2025-08-03T12:35:10.525 0100|01|00|18|e601fe|34330102c81024a00084fffffffffffffffffffffffff418[payload->]...$.................||6,388
2025-08-03T13:35:10.488 0100|00|00|05|fa0001|3433015fa4[payload->]_.||42,079
2025-08-03T13:35:10.589 0100|01|00|18|e601fe|34330102c81024a00084fffffffffffffffffffffffff418[payload->]...$.................||6,388
2025-08-03T14:05:10.544 0100|00|00|05|fa0001|3433015fa4[payload->]_.||42,079
2025-08-03T14:05:10.745 0100|01|00|18|e601fe|34330102c81024a00084fffffffffffffffffffffffff418[payload->]...$.................||6,388
2025-08-03T14:35:10.427 0100|00|00|05|fa0001|3433015fa4[payload->]_.||42,079
2025-08-03T14:35:10.629 0100|01|00|18|e601fe|34330102c81024a00084fffffffffffffffffffffffff418[payload->]...$.................||6,388
2025-08-03T15:05:10.527 0100|00|00|05|fa0001|3433015fa4[payload->]_.||42,079
2025-08-03T15:05:10.628 0100|01|00|18|e601fe|34330102c81024a00084fffffffffffffffffffffffff418[payload->]...$.................||6,388
2025-08-03T15:35:10.431 0100|00|00|05|fa0001|3433015fa4[payload->]_.||42,079
2025-08-03T15:35:10.532 0100|01|00|18|e601fe|34330102c81024a00084fffffffffffffffffffffffff418[payload->]...$.................||6,388
2025-08-03T16:05:10.363 0100|00|00|05|fa0001|3433015fa4[payload->]_.||42,079
2025-08-03T16:35:11.976 0100|00|00|05|fa0001|3433015fa4[payload->]_.||42,079
2025-08-03T16:35:12.178 0100|01|00|18|e601fe|34330102c81024a00084fffffffffffffffffffffffff418[payload->]...$.................||6,388
2025-08-03T17:05:12.011 0100|00|00|05|fa0001|3433015fa4[payload->]_.||42,079
2025-08-03T17:05:12.112 0100|01|00|18|e601fe|34330102c81024a00084fffffffffffffffffffffffff418[payload->]...$.................||6,388
2025-08-03T17:35:11.976 0100|00|00|05|fa0001|3433015fa4[payload->]_.||42,079
2025-08-03T17:35:12.177 0100|01|00|18|e601fe|34330102c81024a00084fffffffffffffffffffffffff418[payload->]...$.................||6,388
2025-08-03T18:05:13.154 0100|00|00|05|fa0001|3433015fa4[payload->]_.||42,079
2025-08-03T18:05:13.256 0100|01|00|18|e601fe|34330102c81024a00084fffffffffffffffffffffffff418[payload->]...$.................||6,388
