2025-07-30T20:44:25.775 0100|01|00|06|f801fe|34180100b208[payload->]...||2,226
2025-07-30T22:04:06.332 0100|01|00|06|f801fe|34180100b208[payload->]...||2,226
2025-07-30T22:20:56.665 0100|00|00|05|fa0001|3418016f8b[payload->]o.||35,695
2025-07-31T01:33:06.290 0100|01|00|06|f801fe|34180100b208[payload->]...||2,226
2025-07-31T03:09:57.981 0100|01|00|06|f801fe|34180100b208[payload->]...||2,226
2025-07-31T13:11:55.081 0100|01|00|06|f801fe|34180100b208[payload->]...||2,226
2025-07-31T17:29:50.066 0100|01|00|06|f801fe|34180100b208[payload->]...||2,226
2025-07-31T17:49:40.170 0100|01|00|06|f801fe|34180100b208[payload->]...||2,226
2025-07-31T19:05:52.094 0100|01|00|06|f801fe|34180100b208[payload->]...||2,226
2025-07-31T19:50:02.066 0100|00|00|05|7a0001|3418016f8b[payload->]o.||35,695
2025-07-31T19:51:12.224 0100|01|00|06|f801fe|34180100b208[payload->]...||2,226
2025-07-31T21:24:02.027 0100|00|00|05|fa0001|3418016f8b[payload->]o.||35,695
2025-07-31T22:40:14.267 0100|01|00|06|f801fe|34180100b208[payload->]...||2,226
2025-08-01T01:59:07.164 0100|01|00|06|f801fe|34180100b208[payload->]...||2,226
2025-08-01T02:01:37.173 0100|01|00|06|f801fe|34180100b208[payload->]...||2,226
2025-08-01T03:08:37.117 0100|01|00|06|f801fe|34180100b208[payload->]...||2,226
2025-08-01T09:21:01.014 0100|01|00|06|f801fe|34180100b208[payload->]...||2,226
2025-08-01T11:26:31.001 0100|01|00|06|f801fe|34180100b208[payload->]...||2,226
2025-08-01T12:20:12.042 0100|01|00|06|f801fe|34180100b208[payload->]...||2,226
2025-08-01T12:30:22.084 0100|01|00|06|f801fe|34180100b208[payload->]...||2,226
2025-08-02T08:42:23.269 0100|01|00|06|f801fe|34180100b208[payload->]...||2,226
2025-08-02T10:10:54.003 0100|00|00|05|fa0001|3418014f8b[payload->]O.||35,663
2025-08-03T11:26:33.539 0100|01|00|06|f801fe|34180100b208[payload->]...||2,226
2025-08-03T14:51:15.063 0100|01|00|06|f801fe|34180100b208[payload->]...||2,226
2025-08-03T14:56:34.171 0100|01|00|06|f801fe|34180100b208[payload->]...||2,226
2025-08-03T16:15:24.121 0100|01|00|06|f801fe|34180100b208[payload->]...||2,226
2025-08-03T17:55:07.361 0100|01|00|06|f801fe|34180100b208[payload->]...||2,226
