2025-07-30T20:59:06.404 0100|01|00|06|f801fe|500c000002f6[payload->]...||62,978
2025-07-30T22:27:26.883 0100|01|00|06|f801fe|500c000002f6[payload->]...||62,978
2025-07-31T03:21:38.009 0100|00|00|05|fa0001|500c00d034[payload->].4||13,520
2025-07-31T04:23:47.894 0100|01|00|06|f801fe|500c000002f6[payload->]...||62,978
2025-07-31T15:09:37.877 0100|01|00|06|f801fe|500c000002f6[payload->]...||62,978
2025-07-31T15:13:48.861 0100|00|00|05|fa0001|500c00d034[payload->].4||13,520
2025-07-31T16:02:20.004 0100|01|00|06|f801fe|500c000002f6[payload->]...||62,978
2025-07-31T16:35:20.680 0100|01|00|06|f801fe|500c000002f6[payload->]...||62,978
2025-07-31T19:57:43.519 0100|01|00|06|f801fe|500c000002f6[payload->]...||62,978
2025-08-01T05:46:41.322 0100|00|00|05|fa0001|500c00d030[payload->].0||12,496
2025-08-01T12:49:55.247 0100|00|00|05|fa0001|500c00d034[payload->].4||13,520
2025-08-02T09:30:45.596 0100|00|00|05|fa0001|500c00b01d[payload->]..||7,600
2025-08-02T18:05:59.401 0100|01|00|06|f801fe|500c000002f6[payload->]...||62,978
2025-08-02T18:20:49.050 0100|01|00|06|f801fe|500c000002f6[payload->]...||62,978
2025-08-02T21:06:53.544 0100|01|00|06|f801fe|500c000002f6[payload->]...||62,978
2025-08-02T21:13:02.013 0100|00|00|05|fa0001|500c00d034[payload->].4||13,520
2025-08-02T21:37:42.064 0100|00|00|05|fa0001|500c00d034[payload->].4||13,520
2025-08-02T22:20:02.139 0100|01|00|06|f801fe|500c000002f6[payload->]...||62,978
2025-08-03T01:29:18.681 0100|01|00|06|f801fe|500c000002f6[payload->]...||62,978
2025-08-03T02:21:18.633 0100|01|00|06|f801fe|500c000002f6[payload->]...||62,978
2025-08-03T03:00:59.050 0100|01|00|06|f801fe|500c000002f6[payload->]...||62,978
2025-08-03T04:18:09.063 0100|00|00|05|fa0001|500c00d034[payload->].4||13,520
2025-08-03T04:53:29.226 0100|01|00|06|f801fe|500c000002f6[payload->]...||62,978
2025-08-03T04:57:09.228 0100|00|00|05|fa0001|500c00d034[payload->].4||13,520
2025-08-03T05:10:39.054 0100|01|00|06|f801fe|500c000002f6[payload->]...||62,978
2025-08-03T08:45:31.272 0100|00|00|05|fa0001|500c00d034[payload->].4||13,520
2025-08-03T13:51:03.326 0100|01|00|06|f801fe|500c000002f6[payload->]...||62,978
2025-08-03T15:19:43.310 0100|00|00|05|fa0001|500c00d034[payload->].4||13,520
