2025-07-31T02:44:55.718 0100|01|00|06|f801fe|541d0001a7c6[payload->]...||50,855
2025-07-31T07:15:48.484 0100|00|00|05|fa0001|541d00e1b9[payload->]..||47,585
2025-07-31T08:17:27.481 0100|01|00|06|f801fe|541d0001a7c6[payload->]...||50,855
2025-07-31T08:49:17.574 0100|01|00|06|f801fe|541d0001a7c6[payload->]...||50,855
2025-07-31T08:57:47.508 0100|01|00|06|f801fe|541d0001a7c6[payload->]...||50,855
2025-07-31T09:01:17.508 0100|00|00|05|fa0001|541d00e1b9[payload->]..||47,585
2025-07-31T09:20:47.575 0100|01|00|06|f801fe|541d0001a7c6[payload->]...||50,855
2025-07-31T09:50:07.591 0100|01|00|06|f801fe|541d0001a7c6[payload->]...||50,855
2025-07-31T10:11:58.448 0100|01|00|06|f801fe|541d0001a7c6[payload->]...||50,855
2025-07-31T10:13:07.500 0100|01|00|06|f801fe|541d0001a7c6[payload->]...||50,855
2025-07-31T10:26:28.817 0100|00|00|05|fa0001|541d00e1b9[payload->]..||47,585
2025-07-31T10:52:18.511 0100|00|00|05|fa0001|541d00e139[payload->].9||14,817
2025-07-31T11:09:58.643 0100|00|00|05|fa0001|541d00e0b9[payload->]..||47,584
2025-07-31T15:21:39.728 0100|00|00|05|fa0001|541d00e1b9[payload->]..||47,585
2025-07-31T18:11:32.047 0100|01|00|06|f801fe|541d0001a7c6[payload->]...||50,855
2025-07-31T18:13:12.087 0100|01|00|06|f801fe|541d0001a7c6[payload->]...||50,855
2025-07-31T18:47:02.098 0100|01|00|06|f801fe|541d0001a7c6[payload->]...||50,855
2025-07-31T18:47:32.083 0100|01|00|06|f801fe|541d0001a7c6[payload->]...||50,855
2025-07-31T18:49:23.341 0100|00|00|05|fa0001|541d00e1b9[payload->]..||47,585
2025-07-31T20:26:23.002 0100|00|00|05|fa0001|541d00e1b9[payload->]..||47,585
2025-07-31T21:03:43.158 0100|00|00|05|fa0001|541d00e1b9[payload->]..||47,585
2025-08-01T05:42:05.238 0100|01|00|06|f801fe|541d0001a7c6[payload->]...||50,855
2025-08-01T06:36:25.269 0100|01|00|06|f801fe|541d0001a7c6[payload->]...||50,855
2025-08-01T08:37:35.238 0100|01|00|06|f801fe|541d0001a7c6[payload->]...||50,855
2025-08-01T09:27:45.238 0100|01|00|06|f801fe|541d0001a7c6[payload->]...||50,855
2025-08-01T11:26:05.173 0100|01|00|06|f801fe|541d0001a7c6[payload->]...||50,855
2025-08-01T12:25:36.521 0100|00|00|05|fa0001|541d00e1b9[payload->]..||47,585
2025-08-01T13:23:07.669 0100|01|00|06|f801fe|541d0000e1b7[payload->]...||47,073
2025-08-01T13:35:36.996 0100|00|00|05|fa0001|541d00e1b9[payload->]..||47,585
2025-08-01T13:52:16.982 0100|00|00|05|fa0001|541d00e1b9[payload->]..||47,585
2025-08-01T14:20:37.072 0100|01|00|06|f801fe|541d0001a7c6[payload->]...||50,855
2025-08-01T14:47:46.963 0100|01|00|06|f801fe|541d0001a7c6[payload->]...||50,855
2025-08-01T15:55:27.342 0100|01|00|06|f801fe|541d0001a7c6[payload->]...||50,855
2025-08-01T16:15:26.951 0100|00|00|05|fa0001|541d00e1b9[payload->]..||47,585
2025-08-01T16:17:17.006 0100|01|00|06|f801fe|541d0001a7c6[payload->]...||50,855
2025-08-01T16:55:47.023 0100|01|00|06|f801fc|541d0001a7c6[payload->]...||50,855
2025-08-01T16:59:47.053 0100|01|00|06|f801fe|541d0001a7c6[payload->]...||50,855
2025-08-01T17:06:47.048 0100|01|00|06|f801fe|541d0001a7c6[payload->]...||50,855
2025-08-01T18:27:17.048 0100|01|00|06|f801fe|541d0001a7c6[payload->]...||50,855
2025-08-01T18:30:46.956 0100|00|00|05|fa0001|541d00e1b9[payload->]..||47,585
2025-08-01T18:33:17.094 0100|00|00|05|fa0001|541d00e1b9[payload->]..||47,585
2025-08-01T21:09:29.952 0100|00|00|05|fa0001|541d00e1b9[payload->]..||47,585
2025-08-01T21:38:50.006 0100|00|00|05|fa0001|541d00e1b9[payload->]..||47,585
2025-08-01T21:42:10.056 0100|01|00|06|f801fe|541d0001a7c6[payload->]...||50,855
2025-08-01T22:39:31.107 0100|01|00|06|f801fe|541d0001a7c6[payload->]...||50,855
2025-08-01T23:13:41.095 0100|01|00|06|f801fe|541d0001a7c6[payload->]...||50,855
2025-08-01T23:22:20.992 0100|00|00|05|fa0001|541d00e1b9[payload->]..||47,585
2025-08-02T01:07:51.014 0100|00|00|05|fa0001|541d00e1b9[payload->]..||47,585
2025-08-02T01:15:20.991 0100|00|00|05|fa0001|541d00e1b9[payload->]..||47,585
2025-08-02T01:57:31.151 0100|00|00|05|fa0001|541d00e1b9[payload->]..||47,585
2025-08-02T01:58:01.110 0100|01|00|06|f801fe|541d0001a7c6[payload->]...||50,855
2025-08-02T02:00:31.073 0100|01|00|06|f801fe|541d0001a7c6[payload->]...||50,855
2025-08-02T02:59:31.052 0100|01|00|06|f801fe|541d0001a7c6[payload->]...||50,855
2025-08-02T03:04:42.249 0100|01|00|06|f801fe|541d0001a7c6[payload->]...||50,855
2025-08-02T04:48:21.016 0100|00|00|05|fa0001|541d00e1b9[payload->]..||47,585
2025-08-02T05:13:21.017 0100|00|00|05|fa0001|541d00e1b9[payload->]..||47,585
2025-08-02T05:46:21.102 0100|01|00|06|f801fe|541d0001a7c6[payload->]...||50,855
2025-08-02T06:16:31.008 0100|00|00|05|fa0001|541d00e1b9[payload->]..||47,585
2025-08-02T07:09:50.964 0100|00|00|05|fa0001|541d00e1b9[payload->]..||47,585
2025-08-02T07:13:41.015 0100|01|00|06|f801fe|541d0001a7c6[payload->]...||50,855
2025-08-02T07:53:01.094 0100|01|00|06|f801fe|541d0001a7c6[payload->]...||50,855
2025-08-02T08:17:41.142 0100|01|00|06|f801fe|541d0001a7c6[payload->]...||50,855
2025-08-02T08:28:11.107 0100|00|00|05|fa0001|541d00e1b9[payload->]..||47,585
2025-08-02T08:39:41.008 0100|00|00|05|fa0001|541d00e1b9[payload->]..||47,585
2025-08-02T09:19:01.039 0100|00|00|05|fa0001|541d00e1b9[payload->]..||47,585
2025-08-02T11:32:51.045 0100|00|00|05|fa0001|541d00e1b9[payload->]..||47,585
2025-08-02T19:51:44.531 0100|01|00|06|f801fe|541d0001a7c6[payload->]...||50,855
2025-08-02T21:32:05.157 0100|00|00|05|fa0001|541d00e1b9[payload->]..||47,585
2025-08-02T21:42:44.133 0100|01|00|06|f801fe|541d0001a7c6[payload->]...||50,855
2025-08-02T22:15:05.145 0100|00|00|05|fa0001|541d00e1b9[payload->]..||47,585
2025-08-02T22:39:54.224 0100|01|00|06|f801fe|541d0001a7c6[payload->]...||50,855
2025-08-03T00:33:36.609 0100|01|00|06|f801fe|541d0001a7c6[payload->]...||50,855
2025-08-03T01:28:36.680 0100|01|00|06|f801fe|541d0001a7c6[payload->]...||50,855
2025-08-03T01:36:17.047 0100|00|00|05|fa0001|541d00e1b9[payload->]..||47,585
2025-08-03T02:02:36.766 0100|01|00|06|f801fe|541d0001a7c6[payload->]...||50,855
2025-08-03T03:17:57.150 0100|01|00|06|f801fe|541d0001a7c6[payload->]...||50,855
2025-08-03T03:54:37.319 0100|01|00|06|f801fe|541d0001a7c6[payload->]...||50,855
2025-08-03T03:57:57.184 0100|01|00|06|f801fe|541d0001a7c6[payload->]...||50,855
2025-08-03T04:11:59.131 0100|01|00|06|f801fe|541d00b00301[payload->]...||0,259
2025-08-03T04:22:17.418 0100|01|00|06|f801fe|541d0001a7c6[payload->]...||50,855
2025-08-03T04:30:57.092 0100|01|00|06|f801fe|541d0001a7c6[payload->]...||50,855
2025-08-03T04:34:47.522 0100|00|00|05|fa0001|541d00e1b9[payload->]..||47,585
2025-08-03T05:00:18.456 0100|01|00|06|f801fe|541d0001a7c6[payload->]...||50,855
2025-08-03T05:19:09.140 0100|01|00|06|f801fe|541d00b00301[payload->]...||0,259
2025-08-03T06:34:17.680 0100|01|00|06|f801fe|541d0001a7c6[payload->]...||50,855
2025-08-03T07:27:07.226 0100|00|00|05|fa0001|541d00e1b9[payload->]..||47,585
2025-08-03T07:30:57.241 0100|00|00|05|fa0001|541d00e1b9[payload->]..||47,585
2025-08-03T10:01:59.027 0100|01|00|06|f801fe|541d0001a7c6[payload->]...||50,855
2025-08-03T11:14:49.035 0100|00|00|05|fa0001|541d00e1b9[payload->]..||47,585
2025-08-03T13:20:08.977 0100|00|00|05|fa0001|541d00e1b9[payload->]..||47,585
2025-08-03T14:01:58.967 0100|00|00|05|fa0001|541d00e1b9[payload->]..||47,585
2025-08-03T15:02:49.502 0100|00|00|05|fa0001|541d00e1b9[payload->]..||47,585
2025-08-03T17:07:29.017 0100|01|00|06|f801fe|541d0001a7c6[payload->]...||50,855
