2025-07-30T20:34:56.963 0100|00|00|05|fa0001|364c01af25[payload->].%||9,647
2025-07-30T20:34:57.064 0100|01|00|18|e601fe|364c01020010240000840000000000000000000000004274[payload->]...$...............Bt||29,762
2025-07-30T21:04:56.986 0100|00|00|05|fa0001|364c01af25[payload->].%||9,647
2025-07-30T21:04:57.187 0100|01|00|18|e601fe|364c01020010240000840000000000000000000000004274[payload->]...$...............Bt||29,762
2025-07-30T21:34:57.006 0100|00|00|05|fa0001|364c01af25[payload->].%||9,647
2025-07-30T21:34:57.107 0100|01|00|18|e601fe|364c01020010240000840000000000000000000000004274[payload->]...$...............Bt||29,762
2025-07-30T22:04:57.024 0100|00|00|05|fa0001|364c01af25[payload->].%||9,647
2025-07-30T22:04:57.125 0100|01|00|18|e601fe|364c01020010240000840000000000000000000000004274[payload->]...$...............Bt||29,762
2025-07-30T22:34:57.009 0100|00|00|05|fa0001|364c01af25[payload->].%||9,647
2025-07-30T22:34:57.110 0100|01|00|18|e601fe|364c01020010240000840000000000000000000000004274[payload->]...$...............Bt||29,762
2025-07-30T23:04:57.023 0100|00|00|05|fa0001|364c01af25[payload->].%||9,647
2025-07-30T23:04:57.124 0100|01|00|18|e601fe|364c01020010240000840000000000000000000000004274[payload->]...$...............Bt||29,762
2025-07-30T23:34:56.987 0100|00|00|05|fa0001|364c01af25[payload->].%||9,647
2025-07-30T23:34:57.188 0100|01|00|18|e601fe|364c01020010240000840000000000000000000000004274[payload->]...$...............Bt||29,762
2025-07-31T00:04:57.000 0100|00|00|05|fa0001|364c01af25[payload->].%||9,647
2025-07-31T00:04:57.202 0100|01|00|18|e601fe|364c01020010240000840000000000000000000000004274[payload->]...$...............Bt||29,762
2025-07-31T00:34:56.992 0100|00|00|05|fa0001|364c01af25[payload->].%||9,647
2025-07-31T00:34:57.193 0100|01|00|18|e601fe|364c01020010240000840000000000000000000000004274[payload->]...$...............Bt||29,762
2025-07-31T01:04:57.031 0100|00|00|05|fa0001|364c01af25[payload->].%||9,647
2025-07-31T01:04:57.132 0100|01|00|18|e601fe|364c01020010240000840000000000000000000000004274[payload->]...$...............Bt||29,762
2025-07-31T01:34:57.001 0100|00|00|05|fa0001|364c01af25[payload->].%||9,647
2025-07-31T01:34:57.102 0100|01|00|18|e601fe|364c01020010240000840000000000000000000000004274[payload->]...$...............Bt||29,762
2025-07-31T02:04:56.977 0100|00|00|05|fa0001|364c01af25[payload->].%||9,647
2025-07-31T02:04:57.078 0100|01|00|18|e601fe|364c01020010240000840000000000000000000000004274[payload->]...$...............Bt||29,762
2025-07-31T02:34:58.721 0100|00|00|05|fa0001|364c01af25[payload->].%||9,647
2025-07-31T02:34:58.822 0100|01|00|18|e601fe|364c01020010240000840000000000000000000000004274[payload->]...$...............Bt||29,762
2025-07-31T03:04:58.950 0100|00|00|05|fa0001|364c01af25[payload->].%||9,647
2025-07-31T03:04:59.152 0100|01|00|18|e601fe|364c01020010240000840000000000000000000000004274[payload->]...$...............Bt||29,762
2025-07-31T03:31:25.753 0100|00|00|05|fa0001|364c01af25[payload->].%||9,647
2025-07-31T03:31:25.855 0100|01|00|18|e601fe|364c01020010240000840000000000000000000000004274[payload->]...$...............Bt||29,762
2025-07-31T03:34:58.618 0100|00|00|05|fa0001|364c01af25[payload->].%||9,647
2025-07-31T03:34:58.719 0100|01|00|18|e601fe|364c01020010240000840000000000000000000000004274[payload->]...$...............Bt||29,762
2025-07-31T04:04:58.704 0100|00|00|05|fa0001|364c01af25[payload->].%||9,647
2025-07-31T04:04:58.906 0100|01|00|18|e601fe|364c01020010240000840000000000000000000000004274[payload->]...$...............Bt||29,762
2025-07-31T04:34:58.736 0100|00|00|05|fa0001|364c01af25[payload->].%||9,647
2025-07-31T04:34:58.837 0100|01|00|18|e601fe|364c01020010240000840000000000000000000000004274[payload->]...$...............Bt||29,762
2025-07-31T05:05:00.524 0100|00|00|05|fa0001|364c01af25[payload->].%||9,647
2025-07-31T05:05:00.625 0100|01|00|18|e603fe|364c01020010240000840000000000000000000000004274[payload->]...$...............Bt||29,762
2025-07-31T05:35:01.652 0100|00|00|05|fa0001|364c01af25[payload->].%||9,647
2025-07-31T05:35:01.753 0100|01|00|18|e601fe|364c01020010240000840200000000000000000000004274[payload->]...$...............Bt||29,762
2025-07-31T06:05:00.553 0100|00|00|05|fa0001|364c01af25[payload->].%||9,647
2025-07-31T06:05:00.654 0100|01|00|18|e609fe|364c01020010240000840000000000000000000000004274[payload->]...$...............Bt||29,762
2025-07-31T06:35:02.626 0100|00|00|05|fa0001|364c01af25[payload->].%||9,647
2025-07-31T06:35:02.827 0100|01|00|18|e601fe|364c01020010240000840000000000000000000000004274[payload->]...$...............Bt||29,762
2025-07-31T07:05:02.701 0100|00|00|05|fa0001|364c01af25[payload->].%||9,647
2025-07-31T07:05:02.806 0100|01|00|18|e601fe|364c01020010240000840000000000000000000000004274[payload->]...$...............Bt||29,762
2025-07-31T07:35:02.666 0100|00|00|05|fa0001|364c01af25[payload->].%||9,647
2025-07-31T07:35:02.767 0100|01|00|18|e601fe|364c01020010240000840000000000000000000000004274[payload->]...$...............Bt||29,762
2025-07-31T08:05:03.288 0100|00|00|05|fa0001|364c01af25[payload->].%||9,647
2025-07-31T08:05:03.590 0100|01|00|18|e601fe|364c01020010200000840000000000000000000000004274[payload->]... ...............Bt||29,762
2025-07-31T08:35:02.665 0100|00|00|05|fa0001|364c01af25[payload->].%||9,647
2025-07-31T08:35:02.767 0100|01|00|18|e601fe|364c01020010240000840000000000000000000000004274[payload->]...$...............Bt||29,762
2025-07-31T09:05:02.698 0100|00|00|05|fa0001|364c01af25[payload->].%||9,647
2025-07-31T09:05:02.799 0100|01|00|18|e601fe|364c01020010240000840000000000000000000000004274[payload->]...$...............Bt||29,762
2025-07-31T09:35:02.650 0100|00|00|05|fa0001|364c01af25[payload->].%||9,647
2025-07-31T09:35:02.751 0100|01|08|18|e601fe|364c01020010240000840000000000000000000000004274[payload->]...$...............Bt||29,762
2025-07-31T10:05:02.677 0100|00|00|05|fa0001|364c01af25[payload->].%||9,647
2025-07-31T10:05:02.878 0100|01|00|18|e601fe|364c01020010240000840000000000000000000000004274[payload->]...$...............Bt||29,762
2025-07-31T10:35:05.507 0100|00|00|05|fa0001|364c01af25[payload->].%||9,647
2025-07-31T10:35:05.608 0100|01|00|18|e601fe|364c01020010240000840000000000000000000000004274[payload->]...$...............Bt||29,762
2025-07-31T11:05:05.154 0100|00|00|05|fa0001|364c01af25[payload->].%||9,647
2025-07-31T11:05:05.356 0100|01|00|18|e601fe|364c01020010240000840000000000000000000000004274[payload->]...$...............Bt||29,762
2025-07-31T11:35:04.850 0100|00|00|05|fa0001|364c01af25[payload->].%||9,647
2025-07-31T11:35:05.052 0100|01|00|18|e601fe|364c01020010240000840000000000000000000000004274[payload->]...$...............Bt||29,762
2025-07-31T12:05:05.826 0100|00|00|05|fa0001|364c01af25[payload->].%||9,647
2025-07-31T12:05:06.028 0100|01|00|18|e601fe|364c01020010240000840000000000000000000000004274[payload->]...$...............Bt||29,762
2025-07-31T12:35:05.773 0100|00|00|05|fa0001|364c01af25[payload->].%||9,647
2025-07-31T12:35:05.974 0100|01|00|18|e601fe|364c01020010240000840000000000000000000000004274[payload->]...$...............Bt||29,762
2025-07-31T13:05:06.944 0100|00|00|05|fa0001|364c01af25[payload->].%||9,647
2025-07-31T13:05:07.246 0100|01|00|18|e601fe|364c01020010240000840000000000000000000000004274[payload->]...$...............Bt||29,762
2025-07-31T13:35:07.405 0100|00|00|05|fa0001|364c01af25[payload->].%||9,647
2025-07-31T13:35:07.607 0100|01|00|18|e601fe|364c01020010240000840000000000000000000000004274[payload->]...$...............Bt||29,762
2025-07-31T14:05:07.886 0100|00|00|05|fa0001|364c01af25[payload->].%||9,647
2025-07-31T14:05:07.988 0100|01|00|18|e601fe|364c01020010240000840000000000000000000000004274[payload->]...$...............Bt||29,762
2025-07-31T14:35:07.883 0100|00|00|05|fa0001|364c01af25[payload->].%||9,647
2025-07-31T15:05:08.945 0100|00|00|05|fa0001|364c01af25[payload->].%||9,647
2025-07-31T15:05:09.148 0100|01|00|18|e601fe|364c01020010240000840000000000000000000000004274[payload->]...$...............Bt||29,762
2025-07-31T15:35:13.005 0100|00|00|05|fa0001|364c01af25[payload->].%||9,647
2025-07-31T15:35:13.207 0100|01|00|18|e601fe|364c01020010240000840000000000000000000000004274[payload->]...$...............Bt||29,762
2025-07-31T16:05:11.448 0100|00|00|05|fa0001|364c01af25[payload->].%||9,647
2025-07-31T16:05:11.649 0100|01|00|18|e601fe|364c01020010240000840000000000000000000000004274[payload->]...$...............Bt||29,762
2025-07-31T16:31:25.926 0100|00|00|05|fa0001|364c01af25[payload->].%||9,647
2025-07-31T16:31:26.128 0100|01|00|18|e601fe|364c01020010240000840000000000000000000000004274[payload->]...$...............Bt||29,762
2025-07-31T16:35:11.575 0100|00|00|05|fa0001|364c01af25[payload->].%||9,647
2025-07-31T16:35:11.878 0100|01|00|18|e601fe|364c01020010240000840000000000000000000000004274[payload->]...$...............Bt||29,762
2025-07-31T17:05:12.338 0100|00|00|05|fa0001|364c01af25[payload->].%||9,647
2025-07-31T17:05:12.539 0100|01|00|18|e601fe|364c01020010240000840000000000000000000000004274[payload->]...$...............Bt||29,762
2025-07-31T17:31:25.979 0100|01|00|18|e601fe|364c01020010240000840010240000840000000000000000[payload->]...$.....$...........||0,000
2025-07-31T17:35:12.330 0100|00|00|05|fa0001|364c01af25[payload->].%||9,647
2025-07-31T17:35:12.531 0100|01|00|18|e601fe|364c01020010240000840000000000000000000000004274[payload->]...$...............Bt||29,762
2025-07-31T18:31:25.798 0100|00|00|05|fa0001|364c01af25[payload->].%||9,647
2025-07-31T18:35:13.420 0100|00|00|05|fa0001|364c01af25[payload->].%||9,647
2025-07-31T18:35:13.622 0100|01|00|18|e601fe|364c01020010240000840000000000000000000000004274[payload->]...$...............Bt||29,762
2025-07-31T19:05:14.924 0100|00|00|05|fa0001|364c01af25[payload->].%||9,647
2025-07-31T19:05:15.025 0100|01|00|18|e601fe|364c01020010240000840000000000000000000000004274[payload->]...$...............Bt||29,762
2025-07-31T19:31:25.846 0100|00|00|05|fa0001|364c01af25[payload->].%||9,647
2025-07-31T19:31:26.048 0100|01|00|18|e601fe|364c01020010240000840000000000000000000000004200[payload->]...$...............B.||0,066
2025-07-31T19:35:14.769 0100|00|00|05|fa0001|364c01af25[payload->].%||9,647
2025-07-31T19:35:14.971 0100|01|00|18|e601fe|364c01020010240000840000000000000000000000004274[payload->]...$...............Bt||29,762
2025-07-31T20:05:14.620 0100|00|00|05|fa0001|364c01af25[payload->].%||9,647
2025-07-31T20:05:14.822 0100|01|00|18|e601fe|364c01020010240000840000000000000000000000004274[payload->]...$...............Bt||29,762
2025-07-31T20:35:14.837 0100|00|00|05|fa0001|364c01af25[payload->].%||9,647
2025-07-31T20:35:15.039 0100|01|00|18|e601fe|364c01020010240000840000000000000000000000004274[payload->]...$...............Bt||29,762
2025-07-31T21:05:14.739 0100|00|00|05|fa0001|364c01af05[payload->]..||1,455
2025-07-31T21:05:14.941 0100|01|00|18|e601fe|364c01020010240000840000000000000000000000004274[payload->]...$...............Bt||29,762
2025-07-31T21:35:16.968 0100|00|00|05|fa0001|364c01af25[payload->].%||9,647
2025-07-31T21:35:17.069 0100|01|00|18|e685fe|364c01020010240000840000000000000000000000004274[payload->]...$...............Bt||29,762
2025-07-31T22:05:17.013 0100|00|00|05|fa0001|364c01af25[payload->].%||9,647
2025-07-31T22:05:17.114 0100|01|00|18|e601fe|364c01020010240000840000000000000000000000004274[payload->]...$...............Bt||29,762
2025-07-31T23:05:18.382 0100|00|00|05|fa0001|364c01af25[payload->].%||9,647
2025-07-31T23:05:18.584 0100|01|00|18|e601fe|364c01020010240000840000000000000000000000004274[payload->]...$...............Bt||29,762
2025-07-31T23:35:18.282 0100|00|00|05|fa0001|364c01af25[payload->].%||9,647
2025-07-31T23:35:18.484 0100|01|00|18|e601fe|364c01020010240000840000000000000000000000004274[payload->]...$...............Bt||29,762
2025-08-01T00:35:18.263 0100|00|00|05|fa0001|364c01af25[payload->].%||9,647
2025-08-01T00:35:18.464 0100|01|00|18|e601fe|364c01020010240000840000000000000000000000004274[payload->]...$...............Bt||29,762
2025-08-01T01:05:18.258 0100|00|00|05|fa0001|364c01af25[payload->].%||9,647
2025-08-01T01:05:18.459 0100|01|00|18|e601fe|364c01020010240000840000000000000000000000004274[payload->]...$...............Bt||29,762
2025-08-01T01:31:26.087 0100|00|00|05|fa0001|364c01af25[payload->].%||9,647
2025-08-01T01:35:18.284 0100|00|00|05|fa0001|364c01af25[payload->].%||9,647
2025-08-01T01:35:18.385 0100|01|00|18|e601fe|364c01020010240000840000000000000000000000004274[payload->]...$...............Bt||29,762
2025-08-01T02:05:20.378 0100|00|00|05|fa0001|364c01af25[payload->].%||9,647
2025-08-01T02:05:20.479 0100|01|00|18|e601fe|364c01020010240000840000000000000000000000004274[payload->]...$...............Bt||29,762
2025-08-01T02:35:20.199 0100|00|00|05|fa0001|364c01af25[payload->].%||9,647
2025-08-01T02:35:20.300 0100|01|00|18|e601fe|364c01020010240000840000000000000000000000004274[payload->]...$...............Bt||29,762
2025-08-01T03:05:20.372 0100|00|00|05|fa0001|364c01af25[payload->].%||9,647
2025-08-01T03:05:20.472 0100|01|00|18|e601fe|364c01020010240000840000000000000000000000004274[payload->]...$...............Bt||29,762
2025-08-01T04:05:22.155 0100|00|00|05|fa0001|364c01af25[payload->].%||9,647
2025-08-01T04:05:22.256 0100|01|00|18|e601fe|364c01020010240000840000000000000000000000004274[payload->]...$...............Bt||29,762
2025-08-01T04:35:22.109 0100|00|00|05|fa0001|364c01af25[payload->].%||9,647
2025-08-01T04:35:22.311 0100|01|00|18|e601fe|364c01020010240000840000000000000000000000004274[payload->]...$...............Bt||29,762
2025-08-01T05:05:22.087 0100|00|00|05|fa0001|364c01af25[payload->].%||9,647
2025-08-01T05:05:22.188 0100|01|00|18|e601fe|364c01020010240000840000000000000000000000004274[payload->]...$...............Bt||29,762
2025-08-01T05:35:22.171 0100|00|00|05|fa0001|364c01af25[payload->].%||9,647
2025-08-01T05:35:22.272 0100|01|00|18|e601fe|364c01020010240000840000000000000000000000004274[payload->]...$...............Bt||29,762
2025-08-01T06:05:22.030 0100|00|00|05|fa0001|364c01af25[payload->].%||9,647
2025-08-01T06:05:22.231 0100|01|00|18|e601fe|364c01020010240000840000000000000000000000004274[payload->]...$...............Bt||29,762
2025-08-01T06:35:22.161 0100|00|00|05|fa0001|364c01af25[payload->].%||9,647
2025-08-01T06:35:22.262 0100|01|00|18|e601fe|364c01020010240000840000000000000000000000004274[payload->]...$...............Bt||29,762
2025-08-01T07:05:23.098 0100|00|00|05|fa0001|364c01af25[payload->].%||9,647
2025-08-01T07:31:25.546 0100|00|00|05|fa0001|364c01af25[payload->].%||9,647
2025-08-01T07:35:25.243 0100|00|00|05|fa0001|364c01af25[payload->].%||9,647
2025-08-01T07:35:25.345 0100|01|00|18|e601fe|364c01020010240000840000000000000000000000004274[payload->]...$...............Bt||29,762
2025-08-01T08:05:25.254 0100|00|00|05|fa0001|364c01af25[payload->].%||9,647
2025-08-01T08:05:25.355 0100|01|00|18|e601fe|364c01020010240000840000000000000000000000004274[payload->]...$...............Bt||29,762
2025-08-01T08:35:25.229 0100|00|00|05|fa0001|364c01af25[payload->].%||9,647
2025-08-01T08:35:25.431 0100|01|00|18|e601fe|364c01020010240000840000000000000000000000004274[payload->]...$...............Bt||29,762
2025-08-01T09:05:25.279 0100|00|00|05|fa0001|364c01af25[payload->].%||9,647
2025-08-01T09:05:25.380 0100|01|00|18|e601fe|364c01020010240000840000000000000000000000004274[payload->]...$...............Bt||29,762
2025-08-01T09:31:25.743 0100|00|00|05|fa0001|364c01af25[payload->].%||9,647
2025-08-01T09:31:25.844 0100|01|00|18|e601fe|364c01020010240000840000000000000000000000004274[payload->]...$...............Bt||29,762
2025-08-01T09:35:26.067 0100|00|00|05|fa0001|364c01af25[payload->].%||9,647
2025-08-01T09:35:26.269 0100|01|00|18|e601fe|364c01020010240000840000000000000000000000004274[payload->]...$...............Bt||29,762
2025-08-01T10:05:25.343 0100|00|00|05|fa0001|364c01af25[payload->].%||9,647
2025-08-01T10:05:25.544 0100|01|00|18|e601fe|364c01020010240000840000000000000000000000004274[payload->]...$...............Bt||29,762
2025-08-01T10:31:25.680 0100|00|00|05|fa0001|364c01af25[payload->].%||9,647
2025-08-01T10:31:25.781 0100|01|00|18|e601fe|364c01020010240000840000000000000000000000004274[payload->]...$...............Bt||29,762
2025-08-01T10:35:25.189 0100|00|00|05|fa0001|364c01af25[payload->].%||9,647
2025-08-01T10:35:25.290 0100|01|00|18|e601fe|364c01020010240000840000000000000000000000004274[payload->]...$...............Bt||29,762
2025-08-01T11:05:25.270 0100|00|00|05|fa0001|364c01af25[payload->].%||9,647
2025-08-01T11:05:25.372 0100|01|00|18|e601fe|364c01020010240000840000000000000000000000004274[payload->]...$...............Bt||29,762
2025-08-01T11:35:25.178 0100|00|00|05|fa0001|364c01af25[payload->].%||9,647
2025-08-01T11:35:25.279 0100|01|00|18|e601fe|364c01020010240000840000000000000000000000004274[payload->]...$...............Bt||29,762
2025-08-01T12:05:26.251 0100|00|00|05|fa0001|364c01af25[payload->].%||9,647
2025-08-01T12:05:26.353 0100|01|00|18|e601fe|364c01020010240000840000000000000000000000004274[payload->]...$...............Bt||29,762
2025-08-01T12:31:25.998 0100|01|00|18|e601fe|364c01020010240000840000000000000000000000004274[payload->]...$...............Bt||29,762
2025-08-01T12:35:27.158 0100|00|00|05|fa0001|364c01af25[payload->].%||9,647
2025-08-01T12:35:27.259 0100|01|00|18|e601fe|364c01020010240000840000000000000000000000004274[payload->]...$...............Bt||29,762
2025-08-01T13:05:28.075 0100|00|00|05|fa0001|364c01af25[payload->].%||9,647
2025-08-01T13:05:28.478 0100|01|00|18|e601fe|364c01020010240000840000000000000000000000004274[payload->]...$...............Bt||29,762
2025-08-01T13:35:30.136 0100|00|00|05|fa0001|364c01af25[payload->].%||9,647
2025-08-01T13:35:30.237 0100|01|00|18|e601fe|364c01020010240000840000000000000000000000004274[payload->]...$...............Bt||29,762
2025-08-01T14:05:30.148 0100|00|00|05|fa0001|364c01af25[payload->].%||9,647
2025-08-01T14:05:30.249 0100|01|00|18|e601fe|364c01020010240000840000000000000000000000004274[payload->]...$...............Bt||29,762
2025-08-01T14:35:31.200 0100|00|00|05|fa0001|364c01af25[payload->].%||9,647
2025-08-01T14:35:31.301 0100|01|00|18|e601fe|364c01020010240000840000000000000000000000004274[payload->]...$...............Bt||29,762
2025-08-01T15:05:31.248 0100|00|00|05|fa0001|364c01af25[payload->].%||9,647
2025-08-01T15:05:31.350 0100|01|00|18|e601fe|364c01020010240000840000000000000000000000004274[payload->]...$...............Bt||29,762
2025-08-01T15:31:25.733 0100|00|00|05|fa0001|364c01af25[payload->].%||9,647
2025-08-01T15:31:25.935 0100|01|00|18|e601fe|364c01020010240000840000000000000000000000004274[payload->]...$...............Bt||29,762
2025-08-01T15:35:32.241 0100|00|00|05|fa0001|364c01af25[payload->].%||9,647
2025-08-01T15:35:32.343 0100|01|00|18|e601fe|364c01020010240000840000000000000000000000004274[payload->]...$...............Bt||29,762
2025-08-01T16:05:33.589 0100|00|00|05|fa0001|364c01af25[payload->].%||9,647
2025-08-01T16:05:33.690 0100|01|00|18|e601fe|364c01020010240000840000000000000000000000004274[payload->]...$...............Bt||29,762
2025-08-01T16:35:32.172 0100|00|00|05|fa0001|364c01af25[payload->].%||9,647
2025-08-01T16:35:32.273 0100|01|00|18|e601fe|364c01020010240000840000000000000000000000004274[payload->]...$...............Bt||29,762
2025-08-01T17:05:32.185 0100|00|00|05|fa0001|364c01af25[payload->].%||9,647
2025-08-01T17:05:32.286 0100|01|00|18|e601fe|364c01020010240000840000000000000000000000004274[payload->]...$...............Bt||29,762
2025-08-01T17:31:25.567 0100|00|00|05|fa0001|364c01af25[payload->].%||9,647
2025-08-01T17:31:25.769 0100|01|00|18|e601fe|364c01020010240000840000000000000000000000004274[payload->]...$...............Bt||29,762
2025-08-01T17:35:32.135 0100|00|00|05|fa0001|364c01af25[payload->].%||9,647
2025-08-01T17:35:32.236 0100|01|00|18|e601fe|364c01020010240000840000000000000000000000004274[payload->]...$...............Bt||29,762
2025-08-01T18:05:32.567 0100|00|00|05|fa0001|364c01af25[payload->].%||9,647
2025-08-01T18:05:32.769 0100|01|00|18|e601fe|364c01020010240000840000000000000000000000004274[payload->]...$...............Bt||29,762
2025-08-01T18:35:32.116 0100|00|00|05|fa0001|364c01af25[payload->].%||9,647
2025-08-01T18:35:32.318 0100|01|00|18|e601fe|364c01020010240000840000000000000000000000004274[payload->]...$...............Bt||29,762
2025-08-01T19:05:32.190 0100|00|00|05|fa0001|364c01af25[payload->].%||9,647
2025-08-01T19:05:32.290 0100|01|00|18|e601fe|364c01020010240000840000000000000000000000004274[payload->]...$...............Bt||29,762
2025-08-01T19:31:25.587 0100|00|00|05|fa0001|364c01af25[payload->].%||9,647
2025-08-01T19:31:25.789 0100|01|00|18|e601fe|364c01020010240000840000000000000000000000004274[payload->]...$...............Bt||29,762
2025-08-01T19:35:33.073 0100|00|00|05|fa0001|364c01af25[payload->].%||9,647
2025-08-01T19:35:33.174 0100|01|00|18|e601fe|364c01020010240000840000000000000000000000004274[payload->]...$...............Bt||29,762
2025-08-01T20:05:34.224 0100|00|00|05|fa0001|364c01af25[payload->].%||9,647
2025-08-01T20:05:34.325 0100|01|00|18|e601fe|364c01020010240000840000000000000000000000004274[payload->]...$...............Bt||29,762
2025-08-01T20:35:35.118 0100|00|00|05|fa0001|364c01af25[payload->].%||9,647
2025-08-01T20:35:35.219 0100|01|00|18|e601fe|364c01020010240000840000000000000000000000004274[payload->]...$...............Bt||29,762
2025-08-01T21:05:35.131 0100|00|00|05|fa0001|364c01af25[payload->].%||9,647
2025-08-01T21:05:35.332 0100|01|00|18|e601fe|364c01020010240000840000000000000000000000004274[payload->]...$...............Bt||29,762
2025-08-01T21:31:25.884 0100|00|00|05|fa0001|364c01af25[payload->].%||9,647
2025-08-01T21:31:26.086 0100|01|00|18|e601fe|364c01020010240000840000000000000000000000004274[payload->]...$...............Bt||29,762
2025-08-01T21:35:36.131 0100|00|00|05|fa0001|364c01af25[payload->].%||9,647
2025-08-01T21:35:36.232 0100|01|00|18|e601fe|364c01020010240000840000000000000000000000004274[payload->]...$...............Bt||29,762
2025-08-01T22:05:38.333 0100|00|00|05|fa0001|364c01af25[payload->].%||9,647
2025-08-01T22:05:38.535 0100|01|00|18|e601fe|364c01020010240000840000000000000000000000004274[payload->]...$...............Bt||29,762
2025-08-01T22:31:25.871 0100|00|00|05|fa0001|364c01af25[payload->].%||9,647
2025-08-01T22:35:38.351 0100|00|00|05|fa0001|364c01af25[payload->].%||9,647
2025-08-01T22:35:38.552 0100|01|00|18|e601fe|364c01020010240000840000000000000000000000004274[payload->]...$...............Bt||29,762
2025-08-01T23:05:38.371 0100|00|00|05|fa0001|364c01af25[payload->].%||9,647
2025-08-01T23:05:38.472 0100|01|00|18|e601fe|364c01020010240000840000000000000000000000004274[payload->]...$...............Bt||29,762
2025-08-01T23:31:25.650 0100|01|00|18|e601fe|364c01020010240000840000000000000000000000004274[payload->]...$...............Bt||29,762
2025-08-01T23:35:38.336 0100|00|00|05|fa0001|364c01af25[payload->].%||9,647
2025-08-01T23:35:38.537 0100|01|00|18|e601fe|364c01020010240000840000000000000000000000004274[payload->]...$...............Bt||29,762
2025-08-02T00:05:38.367 0100|00|00|05|fa0001|364c01af25[payload->].%||9,647
2025-08-02T00:05:38.468 0100|01|00|18|e601fe|364c01020010240000840000000000000000000000004274[payload->]...$...............Bt||29,762
2025-08-02T00:35:38.953 0100|00|00|05|fa0001|364c01af25[payload->].%||9,647
2025-08-02T00:35:39.054 0100|01|00|18|e601fe|364c01020010240000840000000000000000000000004274[payload->]...$...............Bt||29,762
2025-08-02T01:05:38.395 0100|00|00|05|fa0001|364c01af25[payload->].%||9,647
2025-08-02T01:05:38.495 0100|01|00|18|e601fe|364c01020010240000840000000000000000000000004274[payload->]...$...............Bt||29,762
2025-08-02T01:33:29.139 0100|01|00|18|e601fe|364c0103e6002ae6006ce600870000000000000000008fa5[payload->]...*..l..............||42,383
2025-08-02T01:35:38.496 0100|01|00|18|e601fe|364c01020010240000840000000000000000000000004274[payload->]...$...............Bt||29,762
2025-08-02T02:05:38.289 0100|00|00|05|fa0001|364c01af25[payload->].%||9,647
2025-08-02T02:05:38.491 0100|01|00|18|e601fe|364c01020010240000840000000000000000000000004274[payload->]...$...............Bt||29,762
2025-08-02T02:35:38.396 0100|00|00|05|fa0001|364c01af25[payload->].%||9,647
2025-08-02T02:35:38.496 0100|01|00|18|e601fe|364c01020010240000840000000000000000000000004274[payload->]...$...............Bt||29,762
2025-08-02T03:05:38.332 0100|00|00|05|fa0001|364c01af25[payload->].%||9,647
2025-08-02T03:05:38.534 0100|01|00|18|e601fe|364c01020010240000840000000000000000000000004274[payload->]...$...............Bt||29,762
2025-08-02T03:35:38.329 0100|00|00|05|fa0001|364c01af25[payload->].%||9,647
2025-08-02T03:35:38.531 0100|01|00|18|e601fe|364c01020010240000840000000000000000000000004274[payload->]...$...............Bt||29,762
2025-08-02T04:05:38.392 0100|00|00|05|fa0001|364c01af25[payload->].%||9,647
2025-08-02T04:05:38.493 0100|01|00|18|e601fe|364c01020010240000840000000000000000000000004274[payload->]...$...............Bt||29,762
2025-08-02T04:35:38.314 0100|00|00|05|fa0001|364c01af25[payload->].%||9,647
2025-08-02T04:35:38.515 0100|01|00|18|e601fe|364c01020010240000840000000000000000000000004274[payload->]...$...............Bt||29,762
2025-08-02T05:05:38.303 0100|00|00|05|fa0001|364c01af25[payload->].%||9,647
2025-08-02T05:05:38.505 0100|01|00|18|e601fe|364c01020010240000840000000000000000000000004274[payload->]...$...............Bt||29,762
2025-08-02T05:35:38.363 0100|00|00|05|fa0001|364c01af25[payload->].%||9,647
2025-08-02T06:05:39.625 0100|00|00|05|fa0001|364c01af25[payload->].%||9,647
2025-08-02T06:31:26.173 0100|01|00|18|e601fe|364c01020010240000840000000000000000000000004274[payload->]...$...............Bt||29,762
2025-08-02T06:35:39.744 0100|00|00|05|fa0001|364c01af25[payload->].%||9,647
2025-08-02T06:35:39.946 0100|01|00|18|e601fe|364c01020010240000840000000008000000000000004274[payload->]...$...............Bt||29,762
2025-08-02T07:05:39.647 0100|00|00|05|fa0001|364c01af25[payload->].%||9,647
2025-08-02T07:05:39.748 0100|01|00|18|e601fe|364c01020010240000840000000000000000000000004274[payload->]...$...............Bt||29,762
2025-08-02T07:35:39.577 0100|00|00|05|fa0001|364c01af25[payload->].%||9,647
2025-08-02T07:35:39.779 0100|01|00|18|e601fe|364c01020010240000840000000000000000000000004274[payload->]...$...............Bt||29,762
2025-08-02T08:05:40.543 0100|00|00|05|fa0001|364c01af25[payload->].%||9,647
2025-08-02T08:35:40.647 0100|00|00|05|fa0001|364c01af25[payload->].%||9,647
2025-08-02T08:35:40.748 0100|01|04|18|e601fe|364c01020010240000840000000000000000000000004274[payload->]...$...............Bt||29,762
2025-08-02T09:05:40.578 0100|00|00|05|fa0001|364c01af25[payload->].%||9,647
2025-08-02T09:05:40.679 0100|01|00|18|e601fe|364c01020010240000840000000000000000000000004274[payload->]...$...............Bt||29,762
2025-08-02T09:35:40.533 0100|00|00|05|fa0001|364c01af25[payload->].%||9,647
2025-08-02T09:35:40.634 0100|01|00|18|e601fe|364c01020010240000840000000000000000000000004274[payload->]...$...............Bt||29,762
2025-08-02T10:05:41.388 0100|00|00|05|fa0001|364c01af25[payload->].%||9,647
2025-08-02T10:05:41.489 0100|01|00|18|ee01fe|364c01020010240000840000000000000000000000004274[payload->]...$...............Bt||29,762
2025-08-02T10:31:27.355 0100|01|00|18|e601fe|364c01020010240000840000000000000000000000004274[payload->]...$...............Bt||29,762
2025-08-02T10:35:41.389 0100|00|00|05|fa0001|364c01af25[payload->].%||9,647
2025-08-02T10:35:41.491 0100|01|00|18|e601fe|364c01020010240000840000000000000000000000004274[payload->]...$...............Bt||29,762
2025-08-02T11:05:42.524 0100|00|00|05|fa0001|364c01af25[payload->].%||9,647
2025-08-02T11:05:42.625 0100|01|00|18|e601fe|364c01020010240000840000000000000000000000004234[payload->]...$...............B4||13,378
2025-08-02T11:35:42.473 0100|00|00|05|fa0001|364c01af25[payload->].%||9,647
2025-08-02T11:35:42.675 0100|01|00|18|e601fe|364c01020010240000840000000000000000000000004274[payload->]...$...............Bt||29,762
2025-08-02T12:05:44.436 0100|00|00|05|fa0001|364c01af25[payload->].%||9,647
2025-08-02T12:31:25.492 0100|00|00|05|fa0001|364c01af25[payload->].%||9,647
2025-08-02T12:31:25.694 0100|01|00|18|e601fe|364c01020010240000840000000000000000000000004274[payload->]...$...............Bt||29,762
2025-08-02T12:35:45.604 0100|00|00|05|fa0001|364c01af25[payload->].%||9,647
2025-08-02T12:35:45.705 0100|01|00|18|e601fe|364c01020010240000840000000000000000000000004274[payload->]...$...............Bt||29,762
2025-08-02T13:05:46.626 0100|00|00|05|fa0001|364c01af25[payload->].%||9,647
2025-08-02T13:05:46.727 0100|01|40|18|e601fe|364c01020010240000840000000000000000000000004274[payload->]...$...............Bt||29,762
2025-08-02T13:31:25.828 0100|00|00|05|fa0001|364c01af25[payload->].%||9,647
2025-08-02T13:31:26.029 0100|01|00|18|e601fe|364c01020010240000840000000000000000000000004274[payload->]...$...............Bt||29,762
2025-08-02T13:35:48.568 0100|00|00|05|fa0001|364c01af25[payload->].%||9,647
2025-08-02T13:35:48.669 0100|01|40|18|e601fe|364c01020010240000840000000000000000000000004274[payload->]...$...............Bt||29,762
2025-08-02T14:05:48.468 0100|00|00|05|fa0001|364c01af25[payload->].%||9,647
2025-08-02T14:05:48.670 0100|01|00|18|e601fe|364c01020010240000840000000000000000000000004274[payload->]...$...............Bt||29,762
2025-08-02T14:35:48.536 0100|00|00|05|fa0001|364c01af25[payload->].%||9,647
2025-08-02T14:35:48.637 0100|01|00|18|e601fe|364c01020010240000840000000000000000000000004274[payload->]...$...............Bt||29,762
2025-08-02T15:05:48.566 0100|00|00|05|fa0001|364c01af25[payload->].%||9,647
2025-08-02T15:05:48.667 0100|01|00|18|e601fe|364c01020010240000840000000000000000000000004274[payload->]...$...............Bt||29,762
2025-08-02T15:31:25.847 0100|00|00|05|fa0001|364c01af25[payload->].%||9,647
2025-08-02T16:05:49.116 0100|00|00|05|fa0001|364c01af25[payload->].%||9,647
2025-08-02T16:05:49.217 0100|01|00|18|e601fe|364c01020010240000840000000000000000000000004274[payload->]...$...............Bt||29,762
2025-08-02T16:35:49.075 0100|00|00|05|fa0001|364c01af25[payload->].%||9,647
2025-08-02T16:35:49.176 0100|01|00|18|e601fe|364c01020010240000840000000002400000000000004274[payload->]...$........@......Bt||29,762
2025-08-02T17:05:49.034 0100|00|00|05|fa0001|364c01af25[payload->].%||9,647
2025-08-02T17:05:49.135 0100|01|00|18|e601fe|364c01020010240000840000000000000000000000004274[payload->]...$...............Bt||29,762
2025-08-02T17:31:25.994 0100|00|00|05|fa0001|364c01af25[payload->].%||9,647
2025-08-02T17:31:26.296 0100|01|00|18|e601fe|364c01020010240000840000000000000000000000840000[payload->]...$.................||0,000
2025-08-02T17:35:49.412 0100|00|00|05|fa0001|364c01af25[payload->].%||9,647
2025-08-02T17:35:49.513 0100|01|00|18|e601fe|364c01020010240000840000000000000000000000004274[payload->]...$...............Bt||29,762
2025-08-02T18:05:49.097 0100|00|00|05|fa0001|364c01af25[payload->].%||9,647
2025-08-02T18:35:49.136 0100|00|00|05|fa0001|364c01af25[payload->].%||9,647
2025-08-02T18:35:49.237 0100|01|00|18|e601fe|364c01020010240000840000000000000000000000004274[payload->]...$...............Bt||29,762
2025-08-02T19:05:49.176 0100|00|00|05|fa0001|364c01af25[payload->].%||9,647
2025-08-02T19:05:49.378 0100|01|00|18|e601fe|364c01020010240000840000000000000000000000004274[payload->]...$...............Bt||29,762
2025-08-02T19:35:50.651 0100|00|00|05|fa0001|364c01af25[payload->].%||9,647
2025-08-02T19:35:50.853 0100|01|00|18|e601fe|364c01020010240000840000000000000000000000004274[payload->]...$...............Bt||29,762
2025-08-02T20:05:51.138 0100|00|00|05|fa0001|364c01af25[payload->].%||9,647
2025-08-02T20:05:51.339 0100|01|00|18|e601fe|364c01020010240000840000000000000000000000004274[payload->]...$...............Bt||29,762
2025-08-02T20:35:52.158 0100|00|00|05|fa0001|364c01af25[payload->].%||9,647
2025-08-02T20:35:52.360 0100|01|00|18|e601fe|364c01020010240000840000000000000000000000004274[payload->]...$...............Bt||29,762
2025-08-02T21:05:52.348 0100|00|00|05|fa0001|364c01af25[payload->].%||9,647
2025-08-02T21:05:52.650 0100|01|00|18|e601fe|364c01020010240000840000000000000000000000004274[payload->]...$...............Bt||29,762
2025-08-02T21:35:52.193 0100|00|00|05|fa0001|364c01af25[payload->].%||9,647
2025-08-02T21:35:52.395 0100|01|00|18|e601fe|364c01020010240000840000000000000000000000004274[payload->]...$...............Bt||29,762
2025-08-02T22:05:52.314 0100|00|00|05|fa0001|364c01af25[payload->].%||9,647
2025-08-02T22:05:52.415 0100|01|00|18|e601fe|364c01020010240000840000000000000000000000004274[payload->]...$...............Bt||29,762
2025-08-02T22:35:53.490 0100|00|00|05|fa0001|364c01af25[payload->].%||9,647
2025-08-02T22:35:53.691 0100|01|00|18|e601fe|364c01020010240000840000000000000000000000004274[payload->]...$...............Bt||29,762
2025-08-02T23:05:54.682 0100|00|00|05|fa0001|364c01af25[payload->].%||9,647
2025-08-02T23:05:54.884 0100|01|00|18|e601fe|364c01020010240000840000000000000000000000004274[payload->]...$...............Bt||29,762
2025-08-03T00:05:56.294 0100|00|00|05|fa0001|364c01af25[payload->].%||9,647
2025-08-03T00:05:56.496 0100|01|00|18|e601fe|364c01020010240000840000000000000000000000004274[payload->]...$...............Bt||29,762
2025-08-03T00:31:26.222 0100|00|00|05|fa0001|364c01af25[payload->].%||9,647
2025-08-03T00:31:26.525 0100|01|00|18|e601fe|364c0102001024000084000000e601fe364e010200102400[payload->]...$.........6N....$.||0,036
2025-08-03T00:35:56.305 0100|00|00|05|fa0001|364c01af25[payload->].%||9,647
2025-08-03T00:35:56.507 0100|01|00|18|e601fe|364c01020010240000840000000000000000000000004274[payload->]...$...............Bt||29,762
2025-08-03T01:05:59.019 0100|00|00|05|fa0001|364c01af25[payload->].%||9,647
2025-08-03T01:05:59.221 0100|01|00|18|e601fe|364c01020010240000840000000000000000000000004274[payload->]...$...............Bt||29,762
2025-08-03T01:36:00.380 0100|00|00|05|fa0001|364c01af25[payload->].%||9,647
2025-08-03T01:36:00.582 0100|01|00|18|e601fe|364c01020010240000840000000000000000000000004274[payload->]...$...............Bt||29,762
2025-08-03T02:36:01.108 0100|00|00|05|fa0001|364c01af25[payload->].%||9,647
2025-08-03T02:36:01.310 0100|01|00|18|e601fe|364c01020010240000840000000000000000000000004274[payload->]...$...............Bt||29,762
2025-08-03T03:06:01.253 0100|00|00|05|fa0001|364c01af25[payload->].%||9,647
2025-08-03T03:36:01.300 0100|00|00|05|fa0001|364c01af25[payload->].%||9,647
2025-08-03T03:36:01.501 0100|01|00|18|e601fe|364c01020010240000840000000000000000000000004274[payload->]...$...............Bt||29,762
2025-08-03T04:06:01.298 0100|00|00|05|fa0001|364c01af25[payload->].%||9,647
2025-08-03T04:06:01.399 0100|01|00|18|e601fe|364c01020010240000840000000000000000000000004274[payload->]...$...............Bt||29,762
2025-08-03T04:31:25.970 0100|00|00|05|fa0001|364c01af25[payload->].%||9,647
2025-08-03T04:31:26.172 0100|01|00|18|e601fe|364c01020010240000840000000000000000000000004274[payload->]...$...............Bt||29,762
2025-08-03T04:36:01.258 0100|00|00|05|fa0001|364c01af25[payload->].%||9,647
2025-08-03T04:36:01.459 0100|01|00|18|e601fe|364c01020010240000840000000000000000000000004274[payload->]...$...............Bt||29,762
2025-08-03T05:06:01.358 0100|00|00|05|fa0001|364c01af25[payload->].%||9,647
2025-08-03T05:06:01.459 0100|01|00|18|e601fe|364c01020010240000840000000000000000000000004274[payload->]...$...............Bt||29,762
2025-08-03T05:31:25.779 0100|00|00|05|fa0001|364c01af25[payload->].%||9,647
2025-08-03T05:31:25.880 0100|01|00|18|e601fe|364c01020010240000840000000000000000000000004274[payload->]...$...............Bt||29,762
2025-08-03T05:36:01.411 0100|00|00|05|fa0001|364c01af25[payload->].%||9,647
2025-08-03T06:06:01.297 0100|00|00|05|fa0001|364c01af25[payload->].%||9,647
2025-08-03T06:06:01.499 0100|01|00|18|e601fe|364c01020010240000840000000000000000000000004274[payload->]...$...............Bt||29,762
2025-08-03T06:36:01.324 0100|00|00|05|fa0001|364c01af25[payload->].%||9,647
2025-08-03T06:36:01.526 0100|01|00|18|e601fe|364c01020010240000840000000000000000000000004274[payload->]...$...............Bt||29,762
2025-08-03T07:06:01.293 0100|00|00|05|fa0001|364c01af25[payload->].%||9,647
2025-08-03T07:06:01.495 0100|01|00|18|e601fe|364c01020010240000840000000000000000000000004274[payload->]...$...............Bt||29,762
2025-08-03T07:31:27.037 0100|00|00|05|fa0001|364c01af25[payload->].%||9,647
2025-08-03T07:31:27.138 0100|01|00|18|e601fe|364c01020010240000840000000000000000000000004274[payload->]...$...............Bt||29,762
2025-08-03T07:36:02.122 0100|00|00|05|fa0001|364c01af25[payload->].%||9,647
2025-08-03T07:36:02.323 0100|01|00|18|e601fe|364c01020010240000840000000000000000000000004274[payload->]...$...............Bt||29,762
2025-08-03T08:06:02.740 0100|00|00|05|fa0001|364c01af25[payload->].%||9,647
2025-08-03T08:06:02.842 0100|01|00|18|e601fe|364c01020010240000840000000000000000000000004274[payload->]...$...............Bt||29,762
2025-08-03T08:36:02.136 0100|00|00|05|fa0001|364c01af25[payload->].%||9,647
2025-08-03T08:36:02.337 0100|01|00|18|e601fe|364c01020010240000840000000000000000000000004274[payload->]...$...............Bt||29,762
2025-08-03T09:06:03.329 0100|00|00|05|fa0001|364c01af25[payload->].%||9,647
2025-08-03T09:06:03.531 0100|01|00|18|e601fe|364c01020010240000840000000000000000000000004274[payload->]...$...............Bt||29,762
2025-08-03T09:36:03.935 0100|00|00|05|fa0001|364c01af25[payload->].%||9,647
2025-08-03T09:36:04.137 0100|01|00|18|e601fe|364c01020010240000840000000000000000000000004274[payload->]...$...............Bt||29,762
2025-08-03T10:06:03.974 0100|00|00|05|fa0001|364c01af25[payload->].%||9,647
2025-08-03T10:06:04.075 0100|01|00|18|e601fe|364c01020010240000840000000000000000000000004274[payload->]...$...............Bt||29,762
2025-08-03T10:31:25.857 0100|00|00|05|fa0001|364c01af25[payload->].%||9,647
2025-08-03T10:31:26.059 0100|01|00|18|e601fe|364c01020010240000840000000000000000000000004274[payload->]...$...............Bt||29,762
2025-08-03T10:36:04.004 0100|00|00|05|fa0001|364c01af25[payload->].%||9,647
2025-08-03T10:36:04.105 0100|01|00|18|e601fe|364c01020010240000840000000000000000000000004274[payload->]...$...............Bt||29,762
2025-08-03T11:06:03.977 0100|00|00|05|fa0001|364c01af25[payload->].%||9,647
2025-08-03T11:06:04.078 0100|01|00|18|e601fe|364c01020010240000840000000000000000000000004274[payload->]...$...............Bt||29,762
2025-08-03T11:36:03.957 0100|00|00|05|fa0001|364c01af25[payload->].%||9,647
2025-08-03T11:36:04.058 0100|01|00|18|e601fe|364c01020010240000840000000000000000000000004274[payload->]...$...............Bt||29,762
2025-08-03T12:06:05.191 0100|00|00|05|fa0001|364c01af25[payload->].%||9,647
2025-08-03T12:06:05.292 0100|01|00|18|e601fe|364c01020010240000840000000000000000000000004274[payload->]...$...............Bt||29,762
2025-08-03T12:31:26.232 0100|00|00|05|fa0001|364c01af25[payload->].%||9,647
2025-08-03T12:31:26.434 0100|01|00|18|e601fe|364c01020010240000840000000000000000000000004274[payload->]...$...............Bt||29,762
2025-08-03T12:36:05.165 0100|00|00|05|fa0001|364c01af25[payload->].%||9,647
2025-08-03T12:36:05.367 0100|01|00|18|e601fe|364c01020010240000840000000000000000000000404274[payload->]...$..............@Bt||29,762
2025-08-03T13:06:05.479 0100|00|00|05|fa0001|364c01af25[payload->].%||9,647
2025-08-03T13:06:05.681 0100|01|00|18|e603fe|364c01020010240000840000000000000000000000004274[payload->]...$...............Bt||29,762
2025-08-03T13:36:05.331 0100|00|00|05|fa0001|364c01af25[payload->].%||9,647
2025-08-03T13:36:05.433 0100|01|00|18|e641fe|364c01020010240000840000000000000000000000004274[payload->]...$...............Bt||29,762
2025-08-03T14:06:05.907 0100|00|00|05|fa0001|364c01af25[payload->].%||9,647
2025-08-03T14:06:06.109 0100|01|00|18|e601fe|364c01020010240000840000000000000000000000004274[payload->]...$...............Bt||29,762
2025-08-03T14:36:05.308 0100|00|00|05|fa0001|364c01af25[payload->].%||9,647
2025-08-03T14:36:05.409 0100|01|00|18|e601fe|364c01020010240000840000000000000000000000004274[payload->]...$...............Bt||29,762
2025-08-03T15:06:05.250 0100|00|00|05|fa0001|364c01af25[payload->].%||9,647
2025-08-03T15:06:05.351 0100|01|00|18|e601fe|364c01020010240000840000000000000000000000004274[payload->]...$...............Bt||29,762
2025-08-03T15:31:25.907 0100|00|00|05|fa0001|364c01af25[payload->].%||9,647
2025-08-03T15:31:26.109 0100|01|00|18|e601fe|364c01020010240000840000000000000000000000004274[payload->]...$...............Bt||29,762
2025-08-03T15:36:05.360 0100|00|00|05|fa0001|364c01af25[payload->].%||9,647
2025-08-03T16:06:05.382 0100|01|00|18|e601fe|364c01020010240000840000000000000000000000004274[payload->]...$...............Bt||29,762
2025-08-03T16:36:07.097 0100|00|00|05|fa0001|364c01af25[payload->].%||9,647
2025-08-03T16:36:07.198 0100|01|00|18|e601fe|364c01020010240000840000000000000000000000004274[payload->]...$...............Bt||29,762
2025-08-03T17:06:07.035 0100|00|00|05|fa0001|364c01af25[payload->].%||9,647
2025-08-03T17:06:07.136 0100|01|00|18|e601fe|364c01020010240000840000000000000000000000004274[payload->]...$...............Bt||29,762
2025-08-03T17:36:07.011 0100|00|00|05|fa0001|364c01af25[payload->].%||9,647
2025-08-03T17:36:07.213 0100|01|00|18|e601fe|364c01020010240000840000000000000000000000004274[payload->]...$...............Bt||29,762
2025-08-03T18:06:08.101 0100|00|00|05|fa0001|364c01af25[payload->].%||9,647
2025-08-03T18:06:08.303 0100|01|00|18|e601fe|364c01020010240000840000000000000000000000004274[payload->]...$...............Bt||29,762
