2025-08-02T00:45:14.301 0100|01|00|09|f501fe|200c09ffffffff850d[payload->]......||3,461
2025-08-02T01:07:24.189 0100|01|00|09|f501fe|200c09ffffffff850d[payload->]......||3,461
2025-08-02T01:13:59.251 0100|01|00|09|fd01fe|200c09ffffffff850d[payload->]......||3,461
2025-08-02T02:00:04.231 0100|01|00|09|f501fe|200c09ffffffff850d[payload->]......||3,461
2025-08-02T02:11:29.262 0100|01|00|09|f501fe|200c09ffffffff850d[payload->]......||3,461
2025-08-02T03:14:09.967 0100|01|00|09|f501fe|200c09ffffffff850d[payload->]......||3,461
2025-08-02T03:26:29.330 0100|01|00|09|f501fe|200c09ffffffff850d[payload->]......||3,461
2025-08-02T04:11:04.423 0100|01|00|09|f509fe|200c09ffffffff850d[payload->]......||3,461
2025-08-02T04:39:39.896 0100|01|00|09|f501fe|200c09ffffffff850d[payload->]......||3,461
2025-08-02T05:03:29.385 0100|01|80|09|f509fe|200c09ffffffff850d[payload->]......||3,461
2025-08-02T05:12:19.340 0100|01|00|09|f501fe|200c09ffffffff850d[payload->]......||3,461
2025-08-02T05:15:19.312 0100|01|00|09|f501fe|200c09ffffffffc50d[payload->]......||3,525
2025-08-02T05:35:04.851 0100|01|00|09|f509fe|200c09ffffffff850d[payload->]......||3,461
2025-08-02T08:14:04.485 0100|01|00|09|f501fe|200c09ffffffff850d[payload->]......||3,461
2025-08-02T09:30:44.687 0100|01|00|09|f501fe|200c09ffffffff850d[payload->]......||3,461
2025-08-02T09:52:04.427 0100|01|00|09|f509fe|200c09ffffffff850d[payload->]......||3,461
2025-08-02T11:41:14.687 0100|01|00|09|f501fe|200c09ffffffff850d[payload->]......||3,461
2025-08-02T13:02:44.649 0100|01|00|09|f501fe|200c09ffffffff850d[payload->]......||3,461
2025-08-03T00:25:10.657 0100|01|00|09|f501fe|200c09ffffffff850d[payload->]......||3,461
2025-08-03T01:18:21.112 0100|01|00|09|f501fe|200c09ffffffff850d[payload->]......||3,461
2025-08-03T13:38:19.684 0100|01|00|09|f501fe|200c09ffffffff850d[payload->]......||3,461
