2025-07-30T21:21:54.194 0100|01|00|07|f701fe|3402013c00aeff[payload->]<...||65,454
2025-07-30T21:26:24.231 0100|01|00|07|f701fe|3402013c00aeff[payload->]<...||65,454
2025-07-30T22:50:41.031 0100|01|00|0b|f301fe|340201000000000000b876[payload->].......v||30,392
2025-07-31T00:30:26.199 0100|01|00|0b|f301fe|34020100000000000074b7[payload->]......t.||46,964
2025-07-31T00:32:26.017 0100|00|00|05|fa0001|3402010fa8[payload->]..||43,023
2025-07-31T01:46:46.075 0100|01|00|0b|f301fe|34020100000000000074b7[payload->]......t.||46,964
2025-07-31T03:07:17.601 0100|01|00|0b|f301fe|34020100000000000074b7[payload->]......t.||46,964
2025-07-31T03:44:27.543 0100|01|00|0b|f301fe|34020100000000000074b7[payload->]......t.||46,964
2025-07-31T04:04:52.544 0100|01|00|0b|f301fe|340201000000000000b876[payload->].......v||30,392
2025-07-31T04:12:37.560 0100|01|00|0b|f301fe|34020100000000000074b7[payload->]......t.||46,964
2025-07-31T04:26:17.502 0100|01|00|0b|f301fe|34020100000000000074b7[payload->]......t.||46,964
2025-07-31T08:34:49.537 0100|00|00|05|fa0001|3402010fa8[payload->]..||43,023
2025-07-31T14:29:33.971 0100|01|00|0a|f201fe|340201000000000000b8[payload->].......||47,104
2025-07-31T14:42:10.250 0100|01|00|07|f701fe|3402013c00aeff[payload->]<...||65,454
2025-07-31T15:26:41.992 0100|00|00|05|fa0001|3402010fa8[payload->]..||43,023
2025-07-31T17:06:42.048 0100|01|00|0b|f301fe|34020100000000000074b7[payload->]......t.||46,964
2025-07-31T17:37:53.085 0100|01|00|07|f701fe|3402013c00aeff[payload->]<...||65,454
2025-07-31T17:55:42.105 0100|01|00|0b|f301fe|34020100000000000074b7[payload->]......t.||46,964
2025-07-31T17:57:03.130 0100|01|00|07|f701fe|3402013c00aeff[payload->]<...||65,454
2025-07-31T17:58:02.998 0100|00|00|05|fa0001|3402010fb6[payload->]..||46,607
2025-07-31T18:04:22.104 0100|01|00|0b|f301fe|34020100000000000074b7[payload->]......t.||46,964
2025-07-31T22:18:56.321 0100|01|00|07|f701fe|3402013c00aeff[payload->]<...||65,454
2025-07-31T22:44:26.282 0100|01|00|07|f701fe|3402013c00aeff[payload->]<...||65,454
2025-07-31T23:14:35.104 0100|00|00|05|fa0001|3402010fa8[payload->]..||43,023
2025-07-31T23:33:16.793 0100|01|00|07|f701fe|3402013c00aeff[payload->]<...||65,454
2025-08-01T00:17:15.140 0100|00|00|05|fa0001|3402010fa8[payload->]..||43,023
2025-08-01T00:40:26.457 0100|01|00|07|f701fe|3402013c00aeff[payload->]<...||65,454
2025-08-01T01:58:37.081 0100|01|00|07|f701fe|3402013c00aeff[payload->]<...||65,454
2025-08-01T02:09:35.076 0100|01|00|0b|f301fe|340201000000000000b876[payload->].......v||30,392
2025-08-01T02:31:44.988 0100|00|00|05|fa0001|3402019fa9[payload->]..||43,423
2025-08-01T02:35:46.173 0100|01|00|0b|f301fe|34020100000000000074b7[payload->]......t.||46,964
2025-08-01T02:57:37.072 0100|01|00|07|f701fe|3402013c00aeff[payload->]<...||65,454
2025-08-01T03:55:37.040 0100|01|00|07|f701fe|3402013c00aeff[payload->]<...||65,454
2025-08-01T04:06:47.878 0100|01|00|07|f701fe|3402013c00aeff[payload->]<...||65,454
2025-08-01T04:14:16.088 0100|00|00|05|fa0001|3402010fa8[payload->]..||43,023
2025-08-01T04:54:37.048 0100|01|00|07|f701fe|3402013c00aeff[payload->]<...||65,454
2025-08-01T05:15:37.092 0100|01|00|07|f701fe|3402013c00aeff[payload->]<...||65,454
2025-08-01T06:02:27.081 0100|01|00|07|f701fe|3402013c00aeff[payload->]<...||65,454
2025-08-01T06:03:16.323 0100|01|00|0b|f301fe|34020100000000000074b7[payload->]......t.||46,964
2025-08-01T06:27:17.072 0100|01|00|07|f701fe|3402013c00aeff[payload->]<...||65,454
2025-08-01T12:40:27.102 0100|01|00|0b|f301fe|34020100000000000074b7[payload->]......t.||46,964
2025-08-01T13:50:51.020 0100|00|00|05|fa0001|3402010fb6[payload->]..||46,607
2025-08-01T13:58:08.072 0100|01|00|0b|f301fe|34020100000000000074b7[payload->]......t.||46,964
2025-08-01T14:10:28.125 0100|01|00|0b|f301fe|34020100000000000074b7[payload->]......t.||46,964
2025-08-01T14:11:41.088 0100|01|00|07|f701fe|3402013c00aeff[payload->]<...||65,454
2025-08-01T15:03:41.040 0100|01|00|07|f701fe|3402013c00aeff[payload->]<...||65,454
2025-08-01T15:26:21.011 0100|01|00|07|f701fe|3402013c00aeff[payload->]<...||65,454
2025-08-01T15:36:08.087 0100|01|00|0b|f301fe|34020100000000000074b7[payload->]......t.||46,964
2025-08-01T15:57:48.042 0100|00|00|05|fa0001|3402010fa8[payload->]..||43,023
2025-08-01T16:03:38.048 0100|01|00|0b|f301fe|34020100000000000074b7[payload->]......t.||46,964
2025-08-01T16:21:11.992 0100|01|00|07|f701fe|3402013c00aeff[payload->]<...||65,454
2025-08-01T16:32:02.052 0100|01|00|07|f701fe|3402013c00aeff[payload->]<...||65,454
2025-08-01T16:47:42.033 0100|01|00|07|f701fe|3402013c00aeff[payload->]<...||65,454
2025-08-01T16:52:18.096 0100|01|00|0b|f301fe|34020100000000000074b7[payload->]......t.||46,964
2025-08-01T17:06:48.056 0100|01|00|0b|f301fe|34020100000000000074b7[payload->]......t.||46,964
2025-08-01T19:02:18.030 0100|01|00|0b|f301fe|34020100000000000074b7[payload->]......t.||46,964
2025-08-01T19:04:18.071 0100|01|00|0b|f301fe|34020100000000000074b7[payload->]......t.||46,964
2025-08-01T20:03:50.121 0100|01|00|0b|f301fe|34020100000000000074b7[payload->]......t.||46,964
2025-08-01T20:17:47.103 0100|01|00|0b|f301fe|340201000000000000b876[payload->].......v||30,392
2025-08-01T20:59:05.033 0100|01|00|07|f701fe|3402013c00aeff[payload->]<...||65,454
2025-08-01T22:24:52.193 0100|01|00|0b|f301fe|34020100000000000074b7[payload->]......t.||46,964
2025-08-01T22:46:59.445 0100|01|00|0b|f301fe|340201ae8da802453b1e8d[payload->]....E;..||36,126
2025-08-02T00:05:38.063 0100|01|00|07|f701fe|3402013c00aeff[payload->]<...||65,454
2025-08-02T01:17:28.064 0100|01|00|07|f701fe|3402013c00aeff[payload->]<...||65,454
2025-08-02T01:51:27.981 0100|00|00|05|fa0001|3402010fb6[payload->]..||46,607
2025-08-02T03:10:28.014 0100|01|00|07|f701fe|3402013c00aeff[payload->]<...||65,454
2025-08-02T04:46:58.061 0100|01|00|07|f701fe|3402013c00aeff[payload->]<...||65,454
2025-08-02T05:17:38.098 0100|01|00|07|f701fe|3402013c00aeff[payload->]<...||65,454
2025-08-02T05:40:58.008 0100|01|00|07|f701fe|3402013c00aeff[payload->]<...||65,454
2025-08-02T10:29:57.079 0100|01|00|0b|f301fe|340201000000000000b876[payload->].......v||30,392
2025-08-02T17:26:04.066 0100|01|00|0b|f301fe|34020100000000000074b7[payload->]......t.||46,964
2025-08-02T18:17:33.982 0100|00|00|05|fa0001|3402010fa8[payload->]..||43,023
2025-08-02T18:30:14.026 0100|01|00|0b|f301fe|34020100000000000074b7[payload->]......t.||46,964
2025-08-02T21:08:53.474 0100|00|00|05|fa0001|3402010fb6[payload->]..||46,607
2025-08-02T23:22:30.099 0100|01|00|0b|f301fe|340201000000000000b876[payload->].......v||30,392
2025-08-02T23:30:24.139 0100|00|00|05|fa0001|3402010fb6[payload->]..||46,607
2025-08-03T02:05:25.318 0100|01|00|0b|f301fe|34020100000000000074b7[payload->]......t.||46,964
2025-08-03T02:52:45.254 0100|01|00|0b|f301fe|34020100000000000074b7[payload->]......t.||46,964
2025-08-03T03:10:15.074 0100|00|00|05|fa0001|3402010fa8[payload->]..||43,023
2025-08-03T03:16:55.177 0100|01|00|0b|f301fe|34020100000000000074b7[payload->]......t.||46,964
2025-08-03T04:30:05.494 0100|01|00|0b|f301fe|34020100000000000074b7[payload->]......t.||46,964
2025-08-03T04:48:15.347 0100|00|00|05|fa0001|3402010fa8[payload->]..||43,023
2025-08-03T05:42:35.393 0100|01|00|0b|f301fe|34020100000000000074b7[payload->]......t.||46,964
2025-08-03T05:48:29.378 0100|01|00|0b|f301fe|340201000000000000b876[payload->].......v||30,392
2025-08-03T06:30:55.346 0100|01|00|0b|f301fe|34020100000000000074b7[payload->]......t.||46,964
2025-08-03T06:34:05.662 0100|01|00|0b|f301fe|34020100000000000074b7[payload->]......t.||46,964
2025-08-03T06:44:05.385 0100|01|00|0b|f301fe|34020100000000000074b7[payload->]......t.||46,964
2025-08-03T11:01:26.793 0100|01|00|0b|f301fe|34020100000000000074b7[payload->]......t.||46,964
2025-08-03T18:01:02.084 0100|01|00|07|f701fe|3402013c00aeff[payload->]<...||65,454
