2025-07-30T21:27:17.798 0100|00|00|50|4500a9|0000009b6e0100000005fa0001504400b0030100010009f501fe50440007000000a24f0100000005fa000150450020020100010009f501fe504500a90000009b6effffffff0100000005fa000120010a[payload->].n........PD...........PD......O........PE. .........PE......n............ ..||2,561
2025-07-30T21:31:25.413 0100|00|00|05|000000|0000000000[payload->]..||0,000
2025-07-30T21:31:26.122 0100|00|00|05|fa5701|00000005fa[payload->]..||64,005
2025-07-31T02:31:31.279 0100|00|00|05|fac601|00000005fa[payload->]..||64,005
2025-07-31T02:54:34.901 0100|a1|c6|ff|ffff01|00000005fa000110030154f00100010007f701fe100301ffff859c0100000005fa00012004016bf20100010009f501fe200401ffffffff850d0100000005fa0001200201cbf1010001000bf301fe200201ae8da802453b1e8d0100000005fa0003100301ecf10100010007f701fe100301ffff859c0100000005fa0003200401d3f30100010009f501fe200401ffffffff850d0100000005fa000320020173f0010001000bf301fe2002010000000000006c4aff0100000005fa000154080171b70100010007f701fe54080100001e6f0100000005fa0001541d01e1b90100010006f801fe541d0101a7c60100000005fa0001506c00b01d0100010844b201[payload->].......T........................ ..k......... ................ ............ ......E;...................................... ............ ................ ..s......... ........lJ.........T..q.........T.....o........T............T.............Pl.......D..||0,434
2025-07-31T03:20:04.645 0100|a1|c6|ff|ffff01|00000005fa000110030154f00100010007f701fe100301ffff859c0100000005fa00012004016bf20100010009f501fe200401ffffffff850d0100000005fa00013463015f980100010006f801fe346301007f790100000005fa0001200201cbf1010001000bf301fe200201ae8da802453b1e8d0100000005fa0003100301ecf10100010007f701fe100301ffff859c0100000005fa0003200401d3f30100010009f501fe200401ffffffff850dfefefa0100000005fa000320020173f0010001000bf301fe2002010000000000006c4aff0100000005fa000154080171b70100030007f701fe54080100001e6f0100000005fa0001541d01e1b901000100[payload->].......T........................ ..k......... ................4c._.........4c...y........ ............ ......E;...................................... ............ ................... ..s......... ........lJ.........T..q.........T.....o........T........||0,001
2025-07-31T03:50:04.659 0100|a1|c6|ff|ffff01|00000005fa000110030154f00100010007f701fe100301ffff859c0100000005fa00012004016bf20100010009f501fe200401ffffffff850d0100000005fa00013463015f980100010006f801fe346301007f790100000005fa0001200201cbf1010001000bf301fe200201ae8da802453b1e8d0100000005fa0003100301ecf10100010007f701fe100301ffff859c0100000005fa0003200401d3f30100010009f501fe200401ffffffff850d0100000005fa000320020173f0010001000bf301fe2002010000000000006c4affff0100000005fa000154080171b70100010007f701fe54080100001e6f0100000005fa0001541d01e1b90100010006f8[payload->].......T........................ ..k......... ................4c._.........4c...y........ ............ ......E;...................................... ............ ................ ..s......... ........lJ..........T..q.........T.....o........T..........||63,494
2025-07-31T03:54:14.075 0100|01|00|09|f50201|00000005fa00013019[payload->]....0.||6,448
2025-07-31T07:17:02.093 0100|01|38|36|2d3031|00000000000000000000845a0100000005fa000320010e87b00100010007f701fe20010e00014a2d0100000005fa000320010f477101[payload->]........Z........ ............ ....J-........ ..Gq.||0,369
2025-07-31T08:09:17.739 0100|01|fe|36|600100|0000000000fd2bffffff0100000005fa000156100071dd0100010007f701fe561000800c7b20ffff010000d0010e047875010001d001[payload->]...+...........V..q.........V....{ .........xu.....||0,464
2025-07-31T08:12:21.666 0100|01|00|06|f80101|00000005fa00[payload->]...||0,250
2025-07-31T12:31:28.285 0100|01|00|06|030481|0000000e5918[payload->].Y.||6,233
2025-07-31T13:55:27.170 0100|01|08|44|440007|000000a24f0100000005fa00013458016f8b0100010006f801fe34580100b2080100000005fa000154100171bd0100010006f801fe5410010265170100000005fa000150[payload->].O........4X.o.........4X............T..q.........T...e.........P||20,481
2025-07-31T14:51:01.484 0100|01|00|09|f56001|00000005fa00033019[payload->]....0.||6,448
2025-07-31T15:03:41.802 0100|01|00|19|065801|00000005fa00013422010fa8010001000bf301fe3422010000[payload->]....4"...........4"...||0,000
2025-07-31T18:32:37.091 0100|01|08|3f|b7822d|000000000000fe22ffff0100000005fa000154040171b20100010007f701fe540401eb00be22ff010000d0012e047875010001d0012d058889ff0100000005[payload->]...."..........T..q.........T....."........xu.....-.........||1,280
2025-07-31T22:50:25.522 0100|00|00|05|fa0001|0000000000[payload->]..||0,000
2025-08-01T02:31:28.324 0100|00|00|05|fa0001|00000005fa[payload->]..||64,005
2025-08-01T02:33:47.186 0100|01|00|06|b8b701|00000005fa00[payload->]...||0,250
2025-08-01T03:37:33.533 0100|01|00|08|207a01|00000005fa000154[payload->]....T||21,505
2025-08-01T04:35:26.668 0100|00|00|05|fa0000|000000f502[payload->]..||0,757
2025-08-01T04:35:27.276 0100|01|00|07|f701fe|00000000000000[payload->]....||0,000
2025-08-01T05:31:32.775 0100|00|00|05|fa0001|00000005fa[payload->]..||64,005
2025-08-01T06:27:10.706 0100|56|20|4e|450000|000000000000f4360100000005fa0003100301ecf10100010007f701fe100301ffff859c0100000005fa0001200008ad300100010019e501fe200008ffffffffffffffffffffffffffffffffffff[payload->]....6.................................... ...0........ ....................||65,535
2025-08-01T08:31:25.856 0100|00|00|05|fa0001|00000005fa[payload->]..||64,005
2025-08-01T08:31:31.227 0100|00|80|0c|7b2001|00000005fa0001501300803d[payload->]....P...=||15,744
2025-08-01T09:31:31.811 0100|01|01|fe|342201|00000000000074b70100000005fa0001501600d03e0100010006f001fe5016000dc0b70100000005fa0001501e0010390100010007f701fe501e000080f6ca0100000005fa0001505a00100a0100010006f801fe505a000411b60100000005fa0001000005fa0001304d00fe050100010006f801fe304d0000d6190100000005fa000150aa00104e0100010006f801fe50aa0000e1b70100000005fa0001501300803d0100010007f701fe501300a00afd310100000005fa000156100071dd0100010007f701fe561000800c7b200100000005fa00013006000e330100010006f801fe3006000806680100000005fa0001542e0111ad0100010007f701fe[payload->]...t.........P...>........P.............P...9........P..............PZ...........PZ..................0M...........0M............P...N........P.............P...=........P.....1........V..q.........V....{ ........0...3........0....h........T............||65,025
2025-08-01T13:53:36.750 0100|00|00|04|54df01|00000005[payload->].||1,280
2025-08-01T16:35:57.041 0100|01|00|06|f80101|00000005fa00[payload->]...||0,250
2025-08-01T17:46:59.760 0100|00|00|05|fad701|00000005fa[payload->]..||64,005
2025-08-01T19:09:17.248 0100|00|fe|50|4500b8|000000a76bff0100000005fa00013423019fa9010001000bf301fe342301000000000000b8760100000005fa0001342101ffa8010001000bf301fe34210100000000000061f70100000005fa00012001[payload->].k.........4#...........4#........v........4!...........4!.......a......... .||0,288
2025-08-01T19:45:57.645 0100|01|00|09|f501fe|000000000000000000[payload->]......||0,000
2025-08-01T20:37:46.447 0100|00|00|20|020008|00000089f0fa0100000005fa0001506c00b01dff010000d0012e047875010001[payload->]...........Pl...........xu...||0,256
2025-08-01T21:19:55.919 0100|00|00|05|596001|00000005fa[payload->]..||64,005
2025-08-01T22:30:59.199 0100|01|00|07|f701fe|00000000940f01[payload->]....||0,271
2025-08-01T23:42:03.948 0100|01|00|0c|bfe401|00000005fa00012007095df3[payload->].... ..].||62,301
2025-08-02T00:12:32.347 0100|00|00|bb|a4ff01|00000005fa0003101800dc3a0100010006f801fe10180004c5030100000005fa00013019003e3b0100010006f801fe30190007c4190100000005fa0001301901fefa0100010009f501fe3019010110010134de0100000005fa000120000669b10100010006f801fe20000605a24e0100000005fa0001200007a9700100010009f501fe200007a534f90e03250100000005fa00013047005e030100010019e501fe3047004e473120422d414456204e450000000000000000f43600[payload->]........:......................0..>;........0.............0............0......4......... ..i......... ....N........ ...p........ ...4...%........0G.^.........0G.NG1 B-ADV NE.........6.||0,054
2025-08-02T01:13:25.949 0100|01|00|3b|1e8d01|00000005fa0001301904fd3a0100010009f501fe30190401030000a1230100000005fa0003100301ecf10100010007f781fe100301ffff859c0100[payload->]....0...:........0.......#..............................||0,001
2025-08-02T01:33:35.818 0100|00|00|05|fa0001|00000005fa[payload->]..||64,005
2025-08-02T04:26:05.557 0100|00|00|05|fa8d01|00000005fa[payload->]..||64,005
2025-08-02T06:27:50.613 0100|00|00|05|fa0001|00000005fa[payload->]..||64,005
2025-08-02T07:01:34.606 0100|b2|08|ff|ffff01|00000005fa000154040171b20100010007f701fe540401f0004e280100000005fa00013655013f2e0100010007f701fe365501800cbfe40100000005fa0001365401af2f0100010007f701fe365401ac0d4338ffffffff010000d0012e047875010001d0012d0588890100000005fa000110030154f00100010007f701fe100301ffff859c0100000005fa000154010121b10100010006f801fe54010100a1c60100000005fa00012004016bf20100010009f501fe200401ffffffff850dff0100000005fa0001200201cbf1010001000bf301fe200201ae8da802453b1e8d0100000005fa0003100301ecf10100010007f701fe100301ffff859c01000000[payload->]....T..q.........T....N(........6U.?.........6U.............6T../........6T...C8...........xu.....-..............T........................T..!.........T............. ..k......... ................. ............ ......E;..................................||0,000
2025-08-02T07:13:29.005 0100|00|ff|ff|ffa901|00000005fa0001504400b0030100010009f501fe50440007000000a24f0100000005fa000150450020020100010009f501fe504500ba0000001f6a0100000005fa000154100171bd0100010006f801fe541001026517ff0100000005fa000120010afcb00100010009f501fe20010a1923f37901daff0100000005fa00013423019fa9010001000bf301fe342301000000000000b876ff010000d0012e047875010001d0012d0588890100000005fa0001501a00d03b0100010007f701fe501a004e0cc3ff0100000005fa00013023009e29010001000bf301fe30230080d38c01553b79cbff010000d0012e047875010001d0012d0588890100000005fa00[payload->]....PD...........PD......O........PE. .........PE......j........T..q.........T...e.......... ............ ...#.y...........4#...........4#........v........xu.....-...........P...;........P..N...........0#..)........0#.....U;y.........xu.....-..........||0,250
2025-08-02T08:28:15.134 0100|b2|08|ff|ffff01|00000007f804015434015b09cb9d0100010005f905fe543401c657ff0100000005fa000110030154f00100010007f701fe100301ffff859c0100000005fa00012004016bf20100010009f501fe200401ffffffff850d0100000005fa0001200201cbf1010001000bf301fe200201ae8da802453b1e8d0100000005fa0003100301ecf10100010007f701fe100301ffff859c0100000005fa0003200401d3f30100010009f501fe200401ffffffff850d0100000005fa000320020173f0010801000bf301fe2002010000000000006c4aff0100000005fa000154190121bb0100010007f701fe5419013c00227b0100000005fa0001560e0111150100010006[payload->]....T4.[...........T4..W............T........................ ..k......... ................ ............ ......E;...................................... ............ ................ ..s......... ........lJ.........T..!.........T..<."{........V.........||1,536
2025-08-02T08:54:13.189 0100|00|1e|6f|fefa01|00000005fa00013422010fa8010001000bf301fe34220100000000000074b70100000005fa0001222c006b8c0100010006f801fe222c0001b08c0100000005fa0001345501ff8f2104218006f801fe3455010071990100000005fa0001504400b0030100010009f501fe5044000700[payload->]....4"...........4".......t.........",.k.........",............4U...!.!.....4U..q.........PD...........PD...||0,007
2025-08-02T09:30:34.388 0100|00|00|05|fa0001|00000005fa[payload->]..||64,005
2025-08-02T10:31:33.731 0100|00|00|05|066801|00000005fa[payload->]..||64,005
2025-08-02T10:35:56.540 0100|00|26|f0|ffff01|00000005fa0001506c00b01d0100010844b20101fe506c0096c1031800a00a00108901010000ffffff058ac1031800a00a00108b03010000ffffff008c01010000ffffff058dc1031800a00a00108e03010000ffffff00053a010000b0024d0002b44a010001083fb7828f01010000ffffff0590c1031800a00a00109103010000ffffff009201010000ffffff0593c1031800a00a00109403010000ffffff009501010000ffffff05216fff0100000005fa000154010121b10100010006f801fe54010100a1c6f80100000005fa00013660016f39010001000bf301fe366001000000000000fd2b0100000005fa0001[payload->]....Pl.......D....Pl.................................................................:.....M...J....?.................................................................!o.........T..!.........T..............6`.o9........6`........+........||0,256
2025-08-02T11:20:06.860 0100|00|ff|05|f6c201|00000005fa[payload->]..||64,005
2025-08-02T11:21:46.986 0100|b2|00|ff|fefe01|00000005fa0001506c00b01d0100010844b20101fe504400c2c10318008c0a0010c303010000ffffff00c401010000ffffff05c5c10318008c0a0010c603010000ffffff00c701010000ffffff05c8c10318008c0a0010a2ef010000b0024d0002b44a010001083fb782c903010000ffffff00ca01010000ffffff05cbc10318008c0a0010be01010000ffffff05bfc10318008c0a0010c003010000ffffff00c101010000ffffff0518b30100000005fa0001560e0111150100010006f801fe560e01001af70100000005fa000154010121b10100010006f801fe54010100a1c6ff010000d0012e047875010001d0012d0588890100000005fa0001342301[payload->]....Pl.......D....PD.......................................................................M...J....?...........................................................................V............V.............T..!.........T.............xu.....-...........4#.||0,291
2025-08-02T12:30:27.562 0100|00|b0|50|4500ba|0000001f6a0100000005fa000154190121bb0100010007f701fe5419013c00227b0100000005fa0001500e00d0340100090046f803fe500e000002f6ff0100000005fa000120010afcb00100010009f5[payload->].j........T..!.........T..<."{........P...4....F...P.............. ..........||62,729
2025-08-02T12:33:11.225 0100|00|00|05|fa0003|0000000000[payload->]..||0,000
2025-08-02T13:31:27.647 0100|01|08|3f|b88101|00000005fa000154040171b20100010007f701fe540401eb00be220100000005fa0001340c02aef50100010007f701fe340c026400e6340100000005fa0001[payload->]....T..q.........T....."........4............4..d..4........||0,256
2025-08-02T14:34:56.714 0100|01|00|06|bc7701|00000005fa00[payload->]...||0,250
2025-08-02T16:16:26.154 0100|01|00|09|f57901|00000005fa0001301f[payload->]....0.||7,984
2025-08-02T21:31:32.036 0100|01|01|fe|342201|00000000000074b70100000005fa0001501600d03e0100010006f801fe5016000ec1f70100000005fa0001501e0010390100010007f701fe501e000080f6ca0100000005fa0001505a00100a0900010006f801fe505a0004ad0100010007f701fe542e010080f6650100000005fa000154190121bb0100010007f701fe5419013c00227b0100000005fa00012004016bf20100010009f501fe200401ffffffff850d0f30fe0100000005fa0001200201cbf1010001000bf301fe200201ae8da802453b1e8d0100000005fa0003100301ecf10100010007f701fe100301ffff859c0100000005fa0003200401d3f30100010009f501fe200401ffffffff85[payload->]...t.........P...>........P.............P...9........P..............PZ...........PZ...........T.....e........T..!.........T..<."{........ ..k......... .........0......... ............ ......E;...................................... ............ .......||34,303
2025-08-03T00:03:07.143 0100|61|f7|fe|f8f801|00000005fa00012009003b370900010006f801fe20090001c39c0100000005fa0001340a010fb60100010007f701fe340a013c00aeff0100000005fa0003300f00e6340100010019e501fe300f004d4b322e31000000000000000000000000000000940f0100000005fa0001500e00d00e00014a2d0100000005fa0001200201cbf1010001000bf301fe200201ae8da802453b1e8d0100000005fa00013422010fa8010001000bf301fe34220100000000000074b70100000005fa000320010f47710100010006f801fe20010f02f0580100000005fa0001541d01e1b90100010006f801fe541d0101a7c60100000005fa000320090083360100010006f8[payload->].... ..;7........ .............4............4..<...........0...4........0..MK2.1.........................P......J-........ ............ ......E;..........4"...........4".......t......... ..Gq........ ....X........T............T............. ...6......||63,494
2025-08-03T01:34:27.038 0100|00|00|05|fa0001|00000005fa[payload->]..||64,005
2025-08-03T01:54:41.483 0100|09|fd|0a|fe5097|0000000206e7c8010000[payload->].......||0,000
2025-08-03T03:17:21.212 0100|01|00|06|f801fe|00000005fa00[payload->]...||0,250
2025-08-03T03:50:34.317 0100|00|1e|6f|feff01|00000005fa000150aa00104e0100010006f801fe50aa0000e1b70100000005fa0001345501ff8f0100010006f801fe345501007199ffff010000d0012e047875010001d0012d0588890100000005fa000110030154f00900010007f701fe100301ffff859c0100000005fa00012004[payload->]....P...N........P.............4U...........4U..q..........xu.....-..............T........................ .||1,056
2025-08-03T04:26:56.892 0100|01|00|06|f841fe|00000005fa00[payload->]...||0,250
2025-08-03T05:34:52.618 0100|00|ff|ff|850d01|00000005fa000320020173f0010001000bf301fe2002010000000000006c4a0100000005fa00013434016fa60100010018e641fe34340102c81024a00084ffffffffffffffffffffffff436e0100000005fa000154010121b10100010006f801fe54010100a1c60100000005fa000120010afcb00100010009f501fe20010a1923f37901da0100000005fa0001347101ff940100010006f801fe347101007ad90100000005fa00013458016f8b0100010006f801fe34580100b208fefb0100000005fa00013023009e29010001000bf301fe30230020753201563b18ff0100000005fa000154040171b20100010007f701fe540401f5001e2bffffffff0100[payload->].... ..s......... ........lJ........44.o.......A.44....$...............Cn........T..!.........T............. ............ ...#.y..........4q...........4q..z.........4X.o.........4X..............0#..)........0#. u2.V;..........T..q.........T.....+......||0,001
2025-08-03T05:48:33.927 0100|01|06|58|ffff01|00000005fa0001222c006b8c0100010006f801fe222c0001b08c0100000005fa0001504400b0030100010009f501fe50440007000000a24f0100000005fa000150450020020100010009f501fe504500c30000004373ffff[payload->]....",.k.........",............PD...........PD......O........PE. .........PE.....Cs..||65,535
2025-08-03T06:38:15.918 0100|00|24|04|082408|000000b7[payload->].||46,848
2025-08-03T07:23:01.490 0100|00|00|05|fa0100|0000000000[payload->]..||0,000
2025-08-03T08:44:27.967 0100|71|99|ff|ffff01|00000005fa0001506c00b01d0100010844b20101fe506c00aac1031800320f0010ab01010000ffffff05ac03010000ffffff00adc1031800320f0010ae01010000ffbfff05af03010000ffffff00b0c1031000320f0010ab9b010000b0024d0002b44a010001083fb782b101010000ffffff05a4c10318003c0f0010a501010000ffffff05a603010000ffffff00a7c10318003c0f0010a801010000ffffff05a903010000ffffff002bd30100000005fa00013422010fa8010001000bf301fe34220100000000000074b7010000d0012e047875010001d0012d058889ff010000d0012e047875010001d0012d058889ff0100000005fa00013423019fa901[payload->]....Pl.......D....Pl......2..........................2..........................2..........M...J....?................<..........................<.....................+.........4"...........4".......t........xu.....-...........xu.....-............4#....||0,425
2025-08-03T09:11:04.271 0100|00|07|04|100501|00000000[payload->].||0,000
2025-08-03T09:13:27.977 0100|71|99|ff|ffff01|00000005fa0001506c00b01d0100010844b20101fe506c00b001010000ffffff05b103010000ffffff00b2c1031800000f0010b301010000ffffff05b403010000ffffff00b5c1031800000f0010b601010000ffffff05c1b1010000b0024d0002b44a010001083fb782b703010000ffffff00b8c1031800000f0010b901010000ffffff05acc1031800000f0010ad01010000ffffff05ae03010000ffffff00afc1031800000f0010395d0100000005fa00013422010fa8010001000bf301fe34220100000000000074b7ff010000d0012e047875010001d0012d058889ffff010000d0012e047875010001d0012d0588890100000005fa00013423019fa9[payload->]....Pl.......D....Pl.......................................................................M...J....?.................................................................9]........4"...........4".......t.........xu.....-............xu.....-...........4#...||43,423
2025-08-03T11:02:41.612 0100|20|07|04|100501|00000000[payload->].||0,000
2025-08-03T11:31:31.831 0100|01|00|07|850d01|00000005fa0003[payload->]....||0,768
2025-08-03T12:53:41.623 0100|00|00|05|4500c4|0000003772[payload->]7r||29,239
2025-08-03T16:37:37.220 0100|01|00|06|bc7701|00000005fa00[payload->]...||0,250
2025-08-03T16:57:47.325 0100|09|f5|06|fe5097|0000000206e7[payload->]...||59,142
2025-08-03T17:31:25.690 0100|01|00|07|f78400|00000000000000[payload->]....||0,000
2025-08-03T17:48:39.864 0100|ff|ff|ff|bc7701|00000005fa00011f8500f7630100010006f801fe1f850003fdd00100000005fa00012001023ab10100010007f701fe200102150019220100000005fa00011f810336210100010009f501fe1f810301000000bba40100000005fa0001301e000e390100010009f502fe301e0000000206b8b70100000005fa0001301e000e390100010009f502fe301e0000000206b8b70100000005fa00013423019fa9010001000bf301fe342301000000000000b8760100000005fa0001301e000e39180004c5030100000005fa00013019003e3b0100010006f801fe30190007c4190100000005fa0001301901fefa0100010009f501fe3019010110010134de01000000[payload->]........c...................... ..:......... ....."...........6!.........................0...9........0................0...9........0................4#...........4#........v........0...9.............0..>;........0.............0............0......4.....||0,000
