2025-07-30T20:52:07.018 0100|00|00|05|fa0001|5707004183[payload->]A.||33,601
2025-07-30T20:52:07.018 0100|01|00|06|f801fe|570700187e27[payload->].~'||10,110
2025-07-30T20:52:15.104 0100|00|00|05|fa0001|5707004183[payload->]A.||33,601
2025-07-30T20:52:15.205 0100|01|00|06|f801fe|570700187e27[payload->].~'||10,110
2025-07-30T20:53:43.273 0100|00|00|05|fa0001|5707004183[payload->]A.||33,601
2025-07-30T20:53:43.374 0100|01|00|06|f803fe|570700187e27[payload->].~'||10,110
2025-07-30T21:06:48.732 0100|00|00|05|fa0001|5707004183[payload->]A.||33,601
2025-07-30T21:06:48.732 0100|01|00|06|f801fe|570700187e27[payload->].~'||10,110
2025-07-30T21:10:49.163 0100|00|00|05|fa0001|5707004183[payload->]A.||33,601
2025-07-30T21:10:49.265 0100|01|00|06|f801fe|570700187e27[payload->].~'||10,110
2025-07-30T21:34:50.538 0100|00|00|05|fa0001|5707000183[payload->]..||33,537
2025-07-30T21:34:50.538 0100|01|00|06|f801fe|5707001fbc66[payload->]..f||26,300
2025-07-30T21:34:58.217 0100|00|00|05|fa0001|5707004183[payload->]A.||33,601
2025-07-31T20:40:20.480 0100|00|00|05|fa0001|5707004183[payload->]A.||33,601
2025-07-31T20:40:20.581 0100|01|00|06|f801fe|570700187e27[payload->].~'||10,110
2025-07-31T21:00:20.248 0100|00|00|05|fa0001|5707004183[payload->]A.||33,601
2025-07-31T21:00:20.248 0100|01|00|06|f801fe|570700187e27[payload->].~'||10,110
2025-07-31T21:25:47.729 0100|00|00|05|fa0001|5707004183[payload->]A.||33,601
2025-07-31T21:58:07.732 0100|00|00|05|fa0001|5707004183[payload->]A.||33,601
2025-07-31T21:58:15.716 0100|00|00|05|fa0001|5707004183[payload->]A.||33,601
2025-07-31T21:58:15.717 0100|01|00|06|f801fe|570700187e27[payload->].~'||10,110
2025-07-31T21:58:52.078 0100|00|00|05|fa0001|5707004183[payload->]A.||33,601
2025-07-31T21:58:52.179 0100|01|00|06|f801fe|570700187e27[payload->].~'||10,110
2025-07-31T22:41:09.815 0100|00|00|05|fa0001|5707004183[payload->]A.||33,601
2025-07-31T22:41:09.816 0100|01|00|06|f801fe|5707001fbc66[payload->]..f||26,300
2025-07-31T22:41:22.033 0100|00|00|05|fa0001|5707004183[payload->]A.||33,601
2025-07-31T22:41:22.135 0100|01|00|06|f801fe|5707001fbc66[payload->]..f||26,300
2025-08-01T20:15:27.391 0100|00|00|05|fa0001|5707004183[payload->]A.||33,601
2025-08-01T20:15:27.493 0100|01|00|06|f801fe|570700187e27[payload->].~'||10,110
2025-08-01T20:51:31.546 0100|00|00|05|fa0001|5707004183[payload->]A.||33,601
2025-08-01T20:51:31.747 0100|01|00|06|f801fe|570700187e27[payload->].~'||10,110
2025-08-01T20:52:37.368 0100|00|00|05|fa0001|5707004183[payload->]A.||33,601
2025-08-01T20:52:37.469 0100|01|00|06|f801fe|570700187e27[payload->].~'||10,110
2025-08-01T20:53:19.679 0100|00|00|05|fa0001|5707004183[payload->]A.||33,601
2025-08-01T20:53:19.679 0100|01|00|06|f801fe|570700187e27[payload->].~'||10,110
2025-08-01T20:53:48.552 0100|00|00|05|fa0001|5707004183[payload->]A.||33,601
2025-08-01T20:53:48.653 0100|01|00|06|f801fe|570700187e27[payload->].~'||10,110
2025-08-01T20:53:59.053 0100|00|00|05|fa0001|5707004183[payload->]A.||33,601
2025-08-01T20:53:59.154 0100|01|00|06|f801fe|570700187e27[payload->].~'||10,110
2025-08-01T20:54:27.052 0100|00|00|05|fa0001|5707004183[payload->]A.||33,601
2025-08-01T20:54:27.153 0100|01|00|06|f801fe|570700187e27[payload->].~'||10,110
2025-08-01T20:55:00.859 0100|00|00|05|fa0001|5707004183[payload->]A.||33,601
2025-08-01T20:55:00.859 0100|01|00|06|f801fe|570700187e27[payload->].~'||10,110
2025-08-01T20:55:17.744 0100|00|00|05|fa0001|5707004183[payload->]A.||33,601
2025-08-01T20:55:17.845 0100|01|00|06|f801fe|570700187e27[payload->].~'||10,110
2025-08-01T20:55:44.396 0100|00|00|05|fa0001|5707004183[payload->]A.||33,601
2025-08-01T20:55:44.396 0100|01|00|06|f801fe|570700187e27[payload->].~'||10,110
2025-08-01T20:56:26.921 0100|00|00|05|fa0001|5707004183[payload->]A.||33,601
2025-08-01T20:56:27.022 0100|01|00|06|f801fe|570700187e27[payload->].~'||10,110
2025-08-01T20:56:40.356 0100|00|00|05|fa0001|5707004183[payload->]A.||33,601
2025-08-01T20:56:40.457 0100|01|00|06|f801fe|570700187e27[payload->].~'||10,110
2025-08-01T20:56:52.675 0100|00|00|05|fa0001|5707004183[payload->]A.||33,601
2025-08-01T20:56:52.675 0100|01|00|06|f801fe|570700187e27[payload->].~'||10,110
2025-08-01T20:59:03.008 0100|00|00|05|fa0001|5707004183[payload->]A.||33,601
2025-08-01T20:59:03.109 0100|01|00|06|f801fe|570700187e27[payload->].~'||10,110
2025-08-01T20:59:17.649 0100|00|00|05|fa0001|5707004183[payload->]A.||33,601
2025-08-01T20:59:17.750 0100|01|00|06|f801fe|570700187e27[payload->].~'||10,110
2025-08-01T21:00:25.436 0100|00|00|05|fa0001|5707004183[payload->]A.||33,601
2025-08-01T21:00:25.537 0100|01|00|06|f801fe|570700187e27[payload->].~'||10,110
2025-08-01T21:00:34.233 0100|00|00|05|fa0001|5707004183[payload->]A.||33,601
2025-08-01T21:00:34.334 0100|01|00|06|f801fe|570700187e27[payload->].~'||10,110
2025-08-01T21:00:41.813 0100|00|00|05|fa0001|5707004183[payload->]A.||33,601
2025-08-01T21:00:42.419 0100|c1|94|8b|f801fe|570700187e270100000005fa0001347101ff940100010006f801fe347101007ad90100000005fa0001560e0111150100010006f801fe560e01001af70100000005fa0001560e0111150100010006f801fe560e01001af70100000005fa000154010121b10100010006f801fe54010100a1c60100000005fa000154100171bd0100010006f801fe54100102[payload->].~'........4q...........4q..z.........V............V.............V............V.............T..!.........T.............T..q.........T...||0,513
2025-08-01T21:01:13.704 0100|00|00|05|fa0001|5707004183[payload->]A.||33,601
2025-08-01T21:01:13.806 0100|01|00|06|f801fe|570700187e27[payload->].~'||10,110
2025-08-01T21:01:25.320 0100|00|00|05|fa0001|5707004183[payload->]A.||33,601
2025-08-01T21:01:25.320 0100|01|00|06|f801fe|570700187e27[payload->].~'||10,110
2025-08-01T21:02:00.560 0100|00|00|05|fa0001|5707004183[payload->]A.||33,601
2025-08-01T21:02:00.560 0100|01|00|06|f801fe|570700187e27[payload->].~'||10,110
2025-08-01T21:02:07.829 0100|00|00|05|fa0001|5707004183[payload->]A.||33,601
2025-08-01T21:02:07.930 0100|01|00|06|f801fe|570700187e27[payload->].~'||10,110
2025-08-01T21:27:38.095 0100|00|00|05|fa0001|5707004183[payload->]A.||33,601
2025-08-01T21:27:38.196 0100|01|00|06|f801fe|570700187e27[payload->].~'||10,110
2025-08-01T22:11:55.330 0100|00|00|05|fa0001|5707004183[payload->]A.||33,601
2025-08-01T22:11:55.330 0100|01|20|06|f801fe|570700187e27[payload->].~'||10,110
2025-08-01T22:12:03.110 0100|00|00|05|fa0001|5707004183[payload->]A.||33,601
2025-08-01T22:12:03.413 0100|03|00|46|f801fe|570700187e270100000005fa0001347101ff940100010006f801fe347101007ad90100000005fa0001560e0111150100010006f801fe560e01001af70100000005fa00015401[payload->].~'........4q...........4q..z.........V............V.............T.||0,340
2025-08-02T07:15:03.752 0100|00|00|05|fa0001|5707004183[payload->]A.||33,601
2025-08-02T07:15:03.752 0100|01|00|06|f801fe|570700187e27[payload->].~'||10,110
2025-08-02T10:10:31.481 0100|00|00|05|fa0001|5707004183[payload->]A.||33,601
2025-08-02T10:10:31.583 0100|01|00|06|f801fe|570700187e27[payload->].~'||10,110
2025-08-02T20:59:37.569 0100|00|00|05|fa0001|5707004183[payload->]A.||33,601
2025-08-02T20:59:37.670 0100|01|00|06|f801fe|5707001fbc66[payload->]..f||26,300
2025-08-02T21:40:27.884 0100|00|00|05|fa0001|5707004183[payload->]A.||33,601
2025-08-02T21:40:27.986 0100|01|00|06|f801fe|570700187e27[payload->].~'||10,110
2025-08-03T08:07:35.756 0100|00|00|05|fa0001|5707004183[payload->]A.||33,601
2025-08-03T08:07:35.858 0100|01|00|06|f801fe|570700587e27[payload->]X~'||10,110
2025-08-03T12:29:21.851 0100|00|00|05|fa0001|5707004183[payload->]A.||33,601
2025-08-03T12:29:21.957 0100|01|00|06|f801fe|5707001fbc66[payload->]..f||26,300
