2025-07-30T21:55:33.576 0100|01|00|09|f501fe|000401ffffffff850d[payload->]......||3,461
2025-07-30T22:41:53.953 0100|01|00|09|f501fe|000401ffffffff850d[payload->]......||3,461
2025-07-30T23:30:19.348 0100|00|00|05|fa0001|0004016bf2[payload->]k.||62,059
2025-07-31T00:11:08.986 0100|01|00|09|f501fe|000401ffffffff850d[payload->]......||3,461
2025-07-31T00:45:34.069 0100|01|00|09|f500fe|000401ffffffff850d[payload->]......||3,461
2025-07-31T01:21:38.896 0100|01|00|09|f501fe|000401ffffffff850d[payload->]......||3,461
2025-07-31T02:07:48.933 0100|01|00|09|f501fe|000401ffffffff850d[payload->]......||3,461
2025-07-31T02:22:04.042 0100|01|00|09|f501fe|000401ffffffff850d[payload->]......||3,461
2025-07-31T02:25:48.564 0100|01|00|09|f501fe|000401ffffffff850d[payload->]......||3,461
2025-07-31T03:27:24.016 0100|01|00|09|f501fe|000401ffffffff850d[payload->]......||3,461
2025-07-31T03:29:53.984 0100|01|00|09|f501f6|000401ffffffff850d[payload->]......||3,461
2025-07-31T03:35:28.947 0100|01|00|09|f501fe|000401ffffffff850d[payload->]......||3,461
2025-07-31T03:48:18.586 0100|01|00|09|f501fe|000401ffffffff850d[payload->]......||3,461
2025-07-31T03:51:14.110 0100|01|00|09|f501fe|000401ffffffff850d[payload->]......||3,461
2025-07-31T04:11:13.491 0100|01|00|09|f501fe|000401ffffffff850d[payload->]......||3,461
2025-07-31T04:32:14.237 0100|01|00|09|f501fe|000401ffffffff850d[payload->]......||3,461
2025-07-31T04:49:03.569 0100|01|00|09|f501fe|000401ffffffff850d[payload->]......||3,461
2025-07-31T06:44:14.193 0100|01|00|09|f501fe|000401ffffffff850d[payload->]......||3,461
2025-07-31T09:02:29.584 0100|01|00|09|f501fe|000401ffffffff850d[payload->]......||3,461
2025-07-31T10:36:48.786 0100|01|00|09|f501fe|000401ffffffff850d[payload->]......||3,461
2025-07-31T12:52:19.179 0100|01|00|09|f501fe|000401ffffffff850d[payload->]......||3,461
2025-07-31T13:30:49.053 0100|01|00|09|f501fe|000401ffffffff850d[payload->]......||3,461
2025-07-31T14:43:25.593 0100|01|00|09|f501fe|000401ffffffff850d[payload->]......||3,461
2025-07-31T15:06:39.012 0100|01|00|09|f501fe|000401ffffffff850d[payload->]......||3,461
2025-07-31T16:18:49.145 0100|01|00|09|f501fe|000401ffffffff850d[payload->]......||3,461
2025-07-31T16:53:48.652 0100|00|00|05|fa0001|0004016bf2[payload->]k.||62,059
2025-07-31T16:54:23.797 0100|01|00|09|f501fe|000401ffffffff850d[payload->]......||3,461
2025-07-31T17:09:13.785 0100|01|00|09|f501fe|000401ffffffff850d[payload->]......||3,461
2025-07-31T17:14:43.830 0100|01|00|09|f501fe|000401ffffffff850d[payload->]......||3,461
2025-07-31T17:19:54.279 0100|01|00|09|f501fe|000401ffffffff850d[payload->]......||3,461
2025-07-31T17:43:58.737 0100|01|00|09|f501fe|000401ffffffff850d[payload->]......||3,461
2025-07-31T17:44:53.762 0100|01|00|09|f501fe|000401ffffffff850d[payload->]......||3,461
2025-07-31T17:51:48.883 0100|01|00|09|f501fe|000401ffffffff850d[payload->]......||3,461
2025-07-31T18:11:23.762 0100|01|00|09|f501fe|000401ffffffff850d[payload->]......||3,461
2025-07-31T18:15:54.166 0100|01|00|09|f501fe|000401ffffffff850d[payload->]......||3,461
2025-07-31T18:41:59.290 0100|01|00|09|f501fe|000401ffffffff850d[payload->]......||3,461
2025-07-31T19:46:43.877 0100|01|00|09|f501ee|000401ffffffff850d[payload->]......||3,461
2025-07-31T20:10:38.712 0100|01|00|09|f501fe|000401ffffffff850d[payload->]......||3,461
2025-07-31T20:19:03.782 0100|01|00|09|f501fe|000401ffffffff850d[payload->]......||3,461
2025-07-31T21:18:13.909 0100|01|00|09|f501fe|000401ffffffff850d[payload->]......||3,461
2025-07-31T21:32:34.102 0100|01|00|09|f501fe|000401ffffffff850d[payload->]......||3,461
2025-07-31T22:21:08.698 0100|00|00|05|fa0001|0004016bf2[payload->]k.||62,059
2025-07-31T23:38:38.779 0100|01|00|09|f501fe|000401ffffffff850d[payload->]......||3,461
2025-07-31T23:48:24.129 0100|01|00|09|f501fe|000401ffffffff850d[payload->]......||3,461
2025-08-01T00:14:34.110 0100|00|00|05|fa0003|000401d3f3[payload->]..||62,419
2025-08-01T01:11:59.516 0100|01|00|09|f501fe|000401ffffffff850d[payload->]......||3,461
2025-08-01T01:41:33.803 0100|01|00|09|f501fe|000401ffffffff850d[payload->]......||3,461
2025-08-01T01:59:18.869 0100|01|00|09|f501fe|000401ffffffff850d[payload->]......||3,461
2025-08-01T02:44:34.272 0100|01|00|09|f501fe|000401ffffffff850d[payload->]......||3,461
2025-08-01T03:04:28.857 0100|01|00|09|f501fe|000401ffffffff850d[payload->]......||3,461
2025-08-01T03:16:03.829 0100|01|00|09|f501fe|000401ffffffff850d[payload->]......||3,461
2025-08-01T03:23:13.793 0100|01|00|09|f501fe|000401ffffffff850d[payload->]......||3,461
2025-08-01T03:27:28.827 0100|01|00|09|f501fe|000401ffffffff850d[payload->]......||3,461
2025-08-01T03:35:33.811 0100|01|00|09|f501fe|000401ffffffff850d[payload->]......||3,461
2025-08-01T03:40:43.796 0100|01|00|09|f501fe|000401ffffffff850d[payload->]......||3,461
2025-08-01T05:22:39.411 0100|01|00|09|f501fe|000401ffffffff850d[payload->]......||3,461
2025-08-01T05:54:19.436 0100|01|00|09|f501fe|000401ffffffff850d[payload->]......||3,461
2025-08-01T06:07:03.821 0100|01|00|09|f501fe|000401ffffffff850d[payload->]......||3,461
2025-08-01T06:30:14.303 0100|01|00|09|f501fe|000401ffffffff850d[payload->]......||3,461
2025-08-01T06:32:59.501 0100|01|00|09|f501fe|000401ffffffff850d[payload->]......||3,461
2025-08-01T07:08:33.892 0100|01|00|09|f501fe|000401ffffffff850d[payload->]......||3,461
2025-08-01T07:20:23.839 0100|01|00|09|f501fe|000401ffffffff850d[payload->]......||3,461
2025-08-01T07:25:38.875 0100|01|00|09|f501fe|000401ffffffff850d[payload->]......||3,461
2025-08-01T07:58:53.895 0100|01|00|09|f501fe|000401ffffffff850d[payload->]......||3,461
2025-08-01T08:00:09.390 0100|01|00|09|f501fe|000401ffffffff850d[payload->]......||3,461
2025-08-01T08:12:49.341 0100|01|00|09|f501fe|000401ffffffff850d[payload->]......||3,461
2025-08-01T08:21:49.356 0100|01|00|09|f501fe|000401ffffffff850d[payload->]......||3,461
2025-08-01T08:57:09.536 0100|01|00|09|f501fe|000401ffffffff850d[payload->]......||3,461
2025-08-01T09:00:18.915 0100|01|00|09|f501fe|000401ffffffff850d[payload->]......||3,461
2025-08-01T09:02:09.435 0100|01|00|09|f501fe|000401ffffffff850d[payload->]......||3,461
2025-08-01T09:08:38.878 0100|01|00|09|f501fe|000401ffffffff850d[payload->]......||3,461
2025-08-01T09:59:24.646 0100|01|00|09|f501fe|000401ffffffff850d[payload->]......||3,461
2025-08-01T10:59:33.905 0100|01|00|09|f501fe|000401ffffffff850d[payload->]......||3,461
2025-08-01T11:57:38.949 0100|01|00|09|f501fe|000401ffffffff850d[payload->]......||3,461
2025-08-01T12:05:58.983 0100|01|00|09|f501fe|000401ffffffff850d[payload->]......||3,461
2025-08-01T12:55:13.942 0100|01|00|09|f501fe|000401ffffffff850d[payload->]......||3,461
2025-08-01T14:16:43.941 0100|01|00|09|f501fe|000401ffffffff850d[payload->]......||3,461
2025-08-01T14:26:24.027 0100|01|00|09|f501fe|000401ffffffff850d[payload->]......||3,461
2025-08-01T14:38:28.955 0100|01|00|09|f501fe|000401ffffffff850d[payload->]......||3,461
2025-08-01T14:44:24.087 0100|01|00|09|f501fe|000401ffffffff850d[payload->]......||3,461
2025-08-01T15:03:19.747 0100|00|00|05|f20003|000401d3f3[payload->]..||62,419
2025-08-01T15:13:33.943 0100|01|00|09|f501fe|000401ffffffff850d[payload->]......||3,461
2025-08-01T15:18:13.992 0100|01|00|09|f501fe|000401ffffffff850d[payload->]......||3,461
2025-08-01T15:22:59.031 0100|01|00|09|f501fe|000401ffffffff850d[payload->]......||3,461
2025-08-01T16:06:38.926 0100|01|00|09|f501fe|000401ffffffff850d[payload->]......||3,461
2025-08-01T17:01:03.956 0100|01|00|09|f501fe|000401ffffffff850d[payload->]......||3,461
2025-08-01T17:28:54.088 0100|01|00|09|f501fe|000401ffffffff850d[payload->]......||3,461
2025-08-01T19:18:20.258 0100|01|00|09|f501fe|000401ffffffff850d[payload->]......||3,461
2025-08-01T19:49:30.065 0100|01|00|09|f501fe|000401ffffffff850d[payload->]......||3,461
2025-08-01T20:16:14.438 0100|01|00|09|f501fe|000401ffffffff850d[payload->]......||3,461
2025-08-01T20:19:10.618 0100|01|00|09|f501fe|000401ffffffff850d[payload->]......||3,461
2025-08-01T21:02:49.036 0100|01|00|09|f501fe|000401ffffffff850d[payload->]......||3,461
2025-08-01T21:22:39.119 0100|01|00|09|f501fe|000401ffffffff850d[payload->]......||3,461
2025-08-01T22:47:19.731 0100|01|00|09|f501fe|000401ffffffff850d[payload->]......||3,461
2025-08-01T23:09:09.848 0100|01|00|09|f501fe|000401ffffffff850d[payload->]......||3,461
2025-08-01T23:52:49.882 0100|01|00|09|f501fe|000401ffffffff850d[payload->]......||3,461
2025-08-02T00:53:00.706 0100|00|00|05|fa0001|0004016bf2[payload->]k.||62,059
2025-08-02T03:59:29.874 0100|01|00|09|f5018e|000401ff7fff850d01[payload->]......||0,269
2025-08-02T04:21:29.417 0100|01|00|09|f501fe|000401ffffffff850d[payload->]......||3,461
2025-08-02T05:10:49.845 0100|01|00|09|f501fe|000401ffffffff850d[payload->]......||3,461
2025-08-02T05:21:19.732 0100|01|00|09|f501fe|000401ffffffff850d[payload->]......||3,461
2025-08-02T05:49:49.875 0100|01|00|09|f501fe|000401ffffffff850d[payload->]......||3,461
2025-08-02T06:26:19.897 0100|01|00|09|f501fe|000401ffffffff850d[payload->]......||3,461
2025-08-02T07:08:34.389 0100|01|00|09|f501fe|000401ffffffff850d[payload->]......||3,461
2025-08-02T07:34:14.376 0100|01|00|09|f501fe|000401ffffffff850d[payload->]......||3,461
2025-08-02T07:59:24.233 0100|01|00|09|f501fe|000401ffffffff850d[payload->]......||3,461
2025-08-02T09:13:14.196 0100|01|00|09|f501fe|000401ffffffff850d[payload->]......||3,461
2025-08-02T10:15:39.683 0100|01|00|09|f501fe|000401ffffffff850d[payload->]......||3,461
2025-08-02T10:31:09.349 0100|03|00|09|f501fe|000401ffffffff850d[payload->]......||3,461
2025-08-02T10:55:19.479 0100|01|00|09|f501fe|000401ffffffff850d[payload->]......||3,461
2025-08-02T10:59:54.302 0100|01|00|09|f501fe|000401ffffffff850d[payload->]......||3,461
2025-08-02T11:12:49.431 0100|01|00|09|f501fe|000401ffffffff850d[payload->]......||3,461
2025-08-02T11:29:29.474 0100|01|00|09|f501fe|000401ffffffff850d[payload->]......||3,461
2025-08-02T11:34:29.774 0100|01|00|09|f501fe|000401ffffffff850d[payload->]......||3,461
2025-08-02T11:36:24.692 0100|01|00|09|f501fe|000401ffffffff850d[payload->]......||3,461
2025-08-02T11:39:19.404 0100|01|00|09|f501fe|000401ffffffff850d[payload->]......||3,461
2025-08-02T12:28:59.247 0100|01|00|09|f501fe|000401ffffffff850d[payload->]......||3,461
2025-08-02T13:10:59.322 0100|01|00|09|f501fe|000401ffffffff850d[payload->]......||3,461
2025-08-02T14:12:39.284 0100|01|00|09|f501fe|000401ffffffff850d[payload->]......||3,461
2025-08-02T14:16:44.411 0100|01|00|09|f501fe|000401ffffffff850d[payload->]......||3,461
2025-08-02T17:00:09.927 0100|01|00|09|f501fe|000401ffffffff850d[payload->]......||3,461
2025-08-02T17:43:14.628 0100|01|00|09|f501fe|000401ffffffff850d[payload->]......||3,461
2025-08-02T17:49:14.605 0100|01|00|09|f501fe|000401ffffffff850d[payload->]......||3,461
2025-08-02T18:05:49.502 0100|01|00|09|f501fe|000401ffffffff850d[payload->]......||3,461
2025-08-02T20:00:24.583 0100|01|00|09|f501fe|000401ffffffff850d[payload->]......||3,461
2025-08-02T20:28:27.448 0100|01|00|07|f701fe|000401eb00be22[payload->]..."||8,894
2025-08-02T21:15:19.555 0100|01|00|09|f501fe|000401ffffffff850d[payload->]......||3,461
2025-08-02T21:41:10.807 0100|01|00|09|f501fe|000401ffffffff850d[payload->]......||3,461
2025-08-02T22:12:45.072 0100|01|02|09|f501fe|000401ffffffff850d[payload->]......||3,461
2025-08-02T22:51:39.480 0100|01|00|09|f501fe|000401ffffffff850d[payload->]......||3,461
2025-08-02T22:58:08.776 0100|01|00|07|f701fe|000401f0004e28[payload->]..N(||10,318
2025-08-02T23:08:45.273 0100|01|00|09|f501fe|000401ffffffff850d[payload->]......||3,461
2025-08-02T23:30:29.495 0100|01|00|09|f501fe|000401ffffffff850d[payload->]......||3,461
2025-08-03T01:03:04.926 0100|01|00|09|f501fe|000401ffffffff850d[payload->]......||3,461
2025-08-03T02:05:14.917 0100|01|00|09|f501fe|000401ffffffff850d[payload->]......||3,461
2025-08-03T03:35:19.893 0100|01|00|09|f501fe|000401ffffffff850d[payload->]......||3,461
2025-08-03T03:58:00.311 0100|01|00|09|f501fe|000401ffffffff850d[payload->]......||3,461
2025-08-03T04:52:20.271 0100|01|00|09|f501fe|000401ffffffff850d[payload->]......||3,461
2025-08-03T05:59:59.605 0100|01|00|09|f501fe|000401ffffffff850d[payload->]......||3,461
2025-08-03T06:30:24.445 0100|01|00|09|f501fe|000401ffffffff850d[payload->]......||3,461
2025-08-03T07:22:54.922 0100|00|00|05|fa0003|000401d3f3[payload->]..||62,419
2025-08-03T08:05:44.455 0100|01|00|09|f501fe|000401ffffffff850d[payload->]......||3,461
2025-08-03T08:17:49.448 0100|00|00|05|fa0001|0004016bf2[payload->]k.||62,059
2025-08-03T08:44:14.642 0100|01|00|09|f501fe|000401ffffffff850d[payload->]......||3,461
2025-08-03T08:45:54.591 0100|01|00|09|f501fe|000401ffffffff850d[payload->]......||3,461
2025-08-03T08:47:04.564 0100|01|00|09|f501fe|000401ffffffff850d[payload->]......||3,461
2025-08-03T09:03:55.049 0100|01|00|09|f501fe|000401ffffffff850d[payload->]......||3,461
2025-08-03T11:00:34.510 0100|01|00|09|f501fe|000401ffffffff850d[payload->]......||3,461
2025-08-03T11:01:59.693 0100|01|00|09|f501fe|000401ffffffff850d[payload->]......||3,461
2025-08-03T12:43:19.598 0100|01|00|09|f501fe|000401ffffffff850d[payload->]......||3,461
2025-08-03T12:46:24.948 0100|01|00|09|f501fe|000401ffffffff850d[payload->]......||3,461
2025-08-03T13:25:44.869 0100|01|00|09|f501fe|000401ffffffff850d[payload->]......||3,461
2025-08-03T13:35:45.142 0100|01|00|09|f501fe|000401ffffffff850d[payload->]......||3,461
2025-08-03T14:50:54.977 0100|01|00|09|f501fe|000401ffffffff850d[payload->]......||3,461
2025-08-03T15:18:24.659 0100|01|00|09|f501fe|000401ffffffff850d[payload->]......||3,461
2025-08-03T16:10:34.640 0100|01|00|09|f501fe|000401ffffffff850d[payload->]......||3,461
2025-08-03T16:15:19.575 0100|01|00|09|f501fe|000401ffffffff850d[payload->]......||3,461
2025-08-03T17:38:00.060 0100|01|00|09|f501fe|000401ffffffff850d[payload->]......||3,461
2025-08-03T17:40:09.603 0100|01|00|09|f501fe|000401ffffffff850d[payload->]......||3,461
