2025-07-30T20:33:16.961 0100|00|00|05|fa0001|3438016fa3[payload->]o.||41,839
2025-07-30T20:33:17.163 0100|01|00|18|e601fe|34380102c81024a00084ffffffffffffffffffffffff8fa2[payload->]...$.................||41,615
2025-07-30T21:03:17.052 0100|00|00|05|fa0001|3438016fa3[payload->]o.||41,839
2025-07-30T21:03:17.153 0100|01|00|18|e601fe|34380102c81024a00084ffffffffffffffffffffffff8fa2[payload->]...$.................||41,615
2025-07-30T21:33:16.941 0100|00|00|05|fa0001|3438016fa3[payload->]o.||41,839
2025-07-30T21:33:17.143 0100|01|00|18|e601fe|34380102c81024a00084ffffffffffffffffffffffff8fa2[payload->]...$.................||41,615
2025-07-30T22:03:17.047 0100|00|00|05|fa0001|3438016fa3[payload->]o.||41,839
2025-07-30T22:03:17.148 0100|01|00|18|e601fe|34380102c81024a00084ffffffffffffffffffffffff8fa2[payload->]...$.................||41,615
2025-07-30T22:33:17.004 0100|00|00|05|fa0001|3438016fa3[payload->]o.||41,839
2025-07-30T22:33:17.206 0100|01|00|18|e601fe|34380102c81024a00084ffffffffffffffffffffffff8fa2[payload->]...$.................||41,615
2025-07-30T23:03:17.021 0100|00|00|05|fa0001|3438016fa3[payload->]o.||41,839
2025-07-30T23:03:17.222 0100|01|00|18|e601fe|34380102c81024a00084ffffffffffffffffffffffff8fa2[payload->]...$.................||41,615
2025-07-30T23:33:17.001 0100|00|00|05|fa0001|3438016fa3[payload->]o.||41,839
2025-07-30T23:33:17.203 0100|01|00|18|e601fe|34380102c81024a00084ffffffffffffffffffffffff8fa2[payload->]...$.................||41,615
2025-07-31T00:03:16.995 0100|00|00|05|fa0001|3438016fa3[payload->]o.||41,839
2025-07-31T00:03:17.197 0100|01|00|18|e601fe|34380102c81024a00084ffffffffffffffffffffffff8fa2[payload->]...$.................||41,615
2025-07-31T00:31:28.846 0100|00|00|05|fa0001|3438016fa3[payload->]o.||41,839
2025-07-31T00:33:17.010 0100|00|00|05|fa0001|3438016fa3[payload->]o.||41,839
2025-07-31T00:33:17.212 0100|01|00|18|e601fe|34380102c81024a00084ffffffffffffffffffffffff8fa2[payload->]...$.................||41,615
2025-07-31T01:03:17.713 0100|00|00|05|fa0001|3438016fa3[payload->]o.||41,839
2025-07-31T01:03:17.915 0100|01|00|18|e601fe|34380102c81024a00084ffffffffffffffffffffffff8fa2[payload->]...$.................||41,615
2025-07-31T01:31:28.815 0100|00|00|05|fa0001|3438016fa3[payload->]o.||41,839
2025-07-31T01:31:29.017 0100|01|00|18|e601fe|34380102c81024a00084ffffffffffffffffffff7fff8fa2[payload->]...$.................||41,615
2025-07-31T01:33:16.992 0100|00|00|05|fa0001|3438016fa3[payload->]o.||41,839
2025-07-31T01:33:17.194 0100|01|00|18|e601fe|34380102c81024a00084ffffffffffffffffffffffff8fa2[payload->]...$.................||41,615
2025-07-31T02:03:17.104 0100|00|00|05|fa0001|3438016fa3[payload->]o.||41,839
2025-07-31T02:03:17.205 0100|01|00|18|e601fe|34380102c81024a00084ffffffffffffffefffffffff8fa2[payload->]...$.................||41,615
2025-07-31T02:33:18.538 0100|00|00|05|fa0001|3438016fa3[payload->]o.||41,839
2025-07-31T02:33:18.740 0100|01|00|18|e601fe|34380102c81024a00084ffffffffffffffffffffffff8fa2[payload->]...$.................||41,615
2025-07-31T03:03:18.627 0100|00|00|05|fa0001|3438016fa3[payload->]o.||41,839
2025-07-31T03:03:18.729 0100|01|00|18|e601fe|34380102c81024a00084ffffffffffffffffffffffff8fa2[payload->]...$.................||41,615
2025-07-31T03:31:28.582 0100|00|00|05|fa0001|3438016fa3[payload->]o.||41,839
2025-07-31T03:31:28.683 0100|01|00|18|e601fe|34380102c81024a00084ffffffffffffffffffffffff8fa2[payload->]...$.................||41,615
2025-07-31T03:33:18.620 0100|00|00|05|fa0001|3438016fa3[payload->]o.||41,839
2025-07-31T03:33:18.721 0100|01|00|18|e601fe|34380102c81024a00084ffffffffffffffffffffffff8fa2[payload->]...$.................||41,615
2025-07-31T04:03:18.586 0100|00|00|05|fa0001|3438016fa3[payload->]o.||41,839
2025-07-31T04:03:18.688 0100|01|00|18|e601fe|34380102c81024a00084ffffffffffffffffffffffff8fa2[payload->]...$.................||41,615
2025-07-31T04:33:18.644 0100|00|00|05|fa0001|3438016fa3[payload->]o.||41,839
2025-07-31T04:33:18.745 0100|01|00|18|e601fe|34380102c81024a00084ffffffffffffffffffffffff8fa2[payload->]...$.................||41,615
2025-07-31T05:03:19.640 0100|00|00|05|fa0001|3438016fa3[payload->]o.||41,839
2025-07-31T05:03:19.741 0100|01|00|18|e601fe|34380102c81024a00084ffffffffffffffffffffffff8fa2[payload->]...$.................||41,615
2025-07-31T05:31:28.509 0100|00|00|05|fa0001|3438016fa3[payload->]o.||41,839
2025-07-31T05:31:28.711 0100|01|00|18|e601fe|34380102c81024a00084ffffffffffffffffffffffff8fa2[payload->]...$.................||41,615
2025-07-31T05:33:19.582 0100|00|00|05|fa0001|3438016fa3[payload->]o.||41,839
2025-07-31T05:33:19.783 0100|01|00|18|e601fe|34380102c81024a00084ffffffffffffffffffffffff8fa2[payload->]...$.................||41,615
2025-07-31T06:03:20.683 0100|00|00|05|fa0001|3438016fa3[payload->]o.||41,839
2025-07-31T06:03:20.785 0100|01|00|18|e601fe|34380102c81024a00084ffffffffffffffffffffffff8fa2[payload->]...$.................||41,615
2025-07-31T06:33:20.524 0100|00|00|05|fa0001|3438016fa3[payload->]o.||41,839
2025-07-31T06:33:20.625 0100|01|00|18|e601fe|34380102c81024a00084ffffffffffffffffffffffff8fa2[payload->]...$.................||41,615
2025-07-31T07:03:20.574 0100|00|00|05|fa0001|3438016fa3[payload->]o.||41,839
2025-07-31T07:03:20.678 0100|01|00|18|e601fe|34380102c81024a00084ffffffffffffffffffffffff8fa2[payload->]...$.................||41,615
2025-07-31T07:31:29.278 0100|00|00|05|fa0001|3438016fa3[payload->]o.||41,839
2025-07-31T07:31:29.379 0100|01|00|18|e601fe|34380102c81024a00084ffffffffffffffffffffffff8fa2[payload->]...$.................||41,615
2025-07-31T07:33:20.463 0100|00|00|05|fa0001|3438016fa3[payload->]o.||41,839
2025-07-31T07:33:20.665 0100|01|00|18|e601fe|34380102c81024a00084ffffffffffffffffffffffff8fa2[payload->]...$.................||41,615
2025-07-31T08:03:20.592 0100|00|00|05|fa0001|3438016fa3[payload->]o.||41,839
2025-07-31T08:03:20.692 0100|01|00|18|e601fe|34380102c81024a00084ffffffffffffffffffffffff8fa2[payload->]...$.................||41,615
2025-07-31T08:31:28.170 0100|00|00|05|fa0001|3438016fa3[payload->]o.||41,839
2025-07-31T08:31:28.472 0100|01|00|18|e601fe|34380102c81024a00084ffffffffffffffffffffffff8fa2[payload->]...$.................||41,615
2025-07-31T08:33:21.874 0100|00|00|05|fa0001|3438016fa3[payload->]o.||41,839
2025-07-31T08:33:21.975 0100|01|00|18|e601fe|34380102c81024a00084ffffffffffffffffffffffff8fa2[payload->]...$.................||41,615
2025-07-31T09:03:20.486 0100|00|00|05|fa0001|3438016fa3[payload->]o.||41,839
2025-07-31T09:03:20.688 0100|01|00|18|e601fe|34380102c81024a00084ffffffffffffffffffffffff8fa2[payload->]...$.................||41,615
2025-07-31T09:33:20.466 0100|00|00|05|fa0001|3438016fa3[payload->]o.||41,839
2025-07-31T09:33:20.668 0100|01|00|18|e601fe|34380102c81024a00084ffffffffffffffffffffffff8fa2[payload->]...$.................||41,615
2025-07-31T10:03:21.201 0100|00|00|05|fa0001|3438016fa3[payload->]o.||41,839
2025-07-31T10:03:21.905 0100|01|00|18|e601fe|34380102c81024a00084ffffffffffffffffffffffff8fa2[payload->]...$.................||41,615
2025-07-31T10:33:21.576 0100|00|00|05|fa0001|3438016fa3[payload->]o.||41,839
2025-07-31T10:33:21.678 0100|01|00|18|e601fe|34380102c81024a00084ffffffffffffffffffffffff8fa2[payload->]...$.................||41,615
2025-07-31T11:03:22.270 0100|00|00|05|fa0001|3438016fa3[payload->]o.||41,839
2025-07-31T11:03:22.471 0100|01|00|18|e601fe|34380102c81024a00084ffffffffffffffffffffffff8fa2[payload->]...$.................||41,615
2025-07-31T11:31:28.520 0100|00|00|05|fa0001|3438016fa3[payload->]o.||41,839
2025-07-31T11:31:28.621 0100|01|00|18|e601fe|34380102c81024a00084ffffffffffffffffffffffff8fa2[payload->]...$.................||41,615
2025-07-31T11:33:21.532 0100|00|00|05|fa0001|3438016fa3[payload->]o.||41,839
2025-07-31T11:33:21.633 0100|01|00|18|e601fe|34380102c81024a00084ffffffffffffffffffffffff8fa2[payload->]...$.................||41,615
2025-07-31T12:03:21.525 0100|00|00|05|fa0001|3438016fa3[payload->]o.||41,839
2025-07-31T12:33:21.556 0100|00|00|05|fa0001|3438016fa3[payload->]o.||41,839
2025-07-31T12:33:21.657 0100|01|00|18|e601fe|34380102c81024a00084ffffffffffffffffffffffff8fa2[payload->]...$.................||41,615
2025-07-31T13:03:22.696 0100|00|00|05|fa0001|3438016fa3[payload->]o.||41,839
2025-07-31T13:03:22.898 0100|01|00|18|e601fe|34380102c81024a00084ffffffffffffffffffffffff8fa2[payload->]...$.................||41,615
2025-07-31T13:33:21.550 0100|00|00|05|fa0001|3438016fa3[payload->]o.||41,839
2025-07-31T14:03:21.675 0100|00|00|05|fa0001|3438016fa3[payload->]o.||41,839
2025-07-31T14:03:21.776 0100|01|00|18|e601fe|34380102c81024a00084ffffffffffffffffffffffff8fa2[payload->]...$.................||41,615
2025-07-31T14:33:21.556 0100|00|00|05|fa0001|3438016fa3[payload->]o.||41,839
2025-07-31T14:33:21.758 0100|01|00|18|e601fe|34380102c81024a00084ffffffffffffffffffffffff8fa2[payload->]...$.................||41,615
2025-07-31T15:03:21.484 0100|00|00|05|fa0001|3438016fa3[payload->]o.||41,839
2025-07-31T15:03:21.686 0100|01|00|18|e601fe|34380102c81024a00084ffffffffffffffffffffffff8fa2[payload->]...$.................||41,615
2025-07-31T15:33:22.993 0100|00|00|05|fa0001|3438016fa3[payload->]o.||41,839
2025-07-31T15:33:23.195 0100|01|00|18|e601fe|34380102c81024a00084ffffffffffffffffffffffff8fa2[payload->]...$.................||41,615
2025-07-31T16:03:22.995 0100|00|00|05|fa0001|3438016fa3[payload->]o.||41,839
2025-07-31T16:03:23.096 0100|01|00|18|e601fe|34380102c81024a00084ffffffffffffffffffffffff8fa2[payload->]...$.................||41,615
2025-07-31T16:33:22.972 0100|00|00|05|fa0001|3438016fa3[payload->]o.||41,839
2025-07-31T16:33:23.173 0100|01|00|18|e601fe|34380102c81024a00084ffffffffffffffffffffffff8fa2[payload->]...$.................||41,615
2025-07-31T17:03:22.968 0100|00|00|05|fa0001|3438016fa3[payload->]o.||41,839
2025-07-31T17:33:23.036 0100|00|00|05|fa0001|3438016fa3[payload->]o.||41,839
2025-07-31T17:33:23.137 0100|01|00|18|e601fe|34380102c81024a00084ffffffffffffffffffffffff8fa2[payload->]...$.................||41,615
2025-07-31T18:03:23.033 0100|00|00|05|fa0001|3438016fa3[payload->]o.||41,839
2025-07-31T18:03:23.134 0100|01|00|18|e601fe|34380102c81024a00084ffffffffffffffffffffffff8fa2[payload->]...$.................||41,615
2025-07-31T18:33:24.430 0100|00|00|05|fa0001|3438016fa3[payload->]o.||41,839
2025-07-31T18:33:24.632 0100|01|00|18|e601fe|34380102c81024a00084ffffffffffffffffffffffff8fa2[payload->]...$.................||41,615
2025-07-31T19:03:26.142 0100|00|00|05|fa0001|3438016fa3[payload->]o.||41,839
2025-07-31T19:03:26.243 0100|01|00|18|e601fe|34380102c81024a00084ffffffffffffffffffffffff8fa2[payload->]...$.................||41,615
2025-07-31T19:33:25.894 0100|00|00|05|fa0001|3438016fa3[payload->]o.||41,839
2025-07-31T19:33:26.096 0100|01|00|18|e601fe|34380102c81024a00084ffffffffffffffffffffffff8fa2[payload->]...$.................||41,615
2025-07-31T20:03:25.861 0100|00|00|05|fa0001|3438016fa3[payload->]o.||41,839
2025-07-31T20:03:25.962 0100|01|00|18|e601fe|34380102c81024a00084ffffffffffffffffffffffff8fa2[payload->]...$.................||41,615
2025-07-31T20:33:25.171 0100|00|00|05|fa0001|3438016fa3[payload->]o.||41,839
2025-07-31T20:33:25.272 0100|01|08|18|e601fe|34380102c81024a00084ffffffffffffffffffffffff8fa2[payload->]...$.................||41,615
2025-07-31T21:03:25.885 0100|00|00|05|fa0001|3438016fa3[payload->]o.||41,839
2025-07-31T21:03:25.986 0100|01|00|18|e601fe|34380102c81024a00084ffffffffffffffffffffffff8fa2[payload->]...$.................||41,615
2025-07-31T21:33:26.199 0100|00|00|05|fa0001|3438016fa3[payload->]o.||41,839
2025-07-31T21:33:26.300 0100|01|00|18|e601fe|34380102c81024a00084ffffffffffffffffffffffff8fa2[payload->]...$.................||41,615
2025-07-31T22:03:26.141 0100|00|00|05|fa0001|3438016fa3[payload->]o.||41,839
2025-07-31T22:03:26.243 0100|01|00|18|e601fe|34380102c81024a00084ffffffffffffffffffffffff8fa2[payload->]...$.................||41,615
2025-07-31T22:31:28.521 0100|00|00|05|fa0001|3438016fa3[payload->]o.||41,839
2025-07-31T22:31:28.723 0100|01|00|18|e601fe|34380102c81024a00084ffffffffffffffffffffffff8fa2[payload->]...$.................||41,615
2025-07-31T22:33:26.239 0100|00|00|05|fa0001|3438016fa3[payload->]o.||41,839
2025-07-31T22:33:26.441 0100|01|00|18|e601fe|34380102c81024a00084ffffffffffffffffffffffff8fa2[payload->]...$.................||41,615
2025-07-31T23:03:26.383 0100|00|00|05|fa0001|3438016fa3[payload->]o.||41,839
2025-07-31T23:03:26.485 0100|01|00|18|e601fe|34380102c81024a00084ffffffffffffffffffffffff8fa2[payload->]...$.................||41,615
2025-07-31T23:33:26.384 0100|00|00|05|fa0001|3438016fa3[payload->]o.||41,839
2025-07-31T23:33:26.485 0100|01|00|18|e601fe|34380102c81024a00084ffffffffffffffffffffffff8fa2[payload->]...$.................||41,615
2025-08-01T00:03:26.377 0100|00|00|05|fa0001|3438016fa3[payload->]o.||41,839
2025-08-01T00:03:26.479 0100|01|00|18|e601fe|34380102c81024a00084ffffffffffffffffffffffff8fa2[payload->]...$.................||41,615
2025-08-01T00:31:28.598 0100|00|00|05|fa0001|3438016fa3[payload->]o.||41,839
2025-08-01T00:33:26.372 0100|00|00|05|fa0001|3438016fa3[payload->]o.||41,839
2025-08-01T01:03:26.361 0100|00|00|05|fa0001|3438016fa3[payload->]o.||41,839
2025-08-01T01:03:26.462 0100|01|00|18|e601fe|34380102c81024a00084ffffffffffffffffffffffff8fa2[payload->]...$.................||41,615
2025-08-01T01:33:26.391 0100|00|00|05|fa0001|3438016fa3[payload->]o.||41,839
2025-08-01T01:33:26.593 0100|01|00|18|e601fe|34380102c81024a00084ffffffffffffffffffffffff8fa2[payload->]...$.................||41,615
2025-08-01T02:03:26.952 0100|00|00|05|fa0001|3438016fa3[payload->]o.||41,839
2025-08-01T02:03:27.155 0100|01|00|18|e601fe|34380102c81024a00084ffffffffffffffffffffffff8fa2[payload->]...$.................||41,615
2025-08-01T02:33:27.971 0100|00|00|05|fa0001|3438016fa3[payload->]o.||41,839
2025-08-01T02:33:28.072 0100|01|00|18|e601fe|34380102c81024a00084ffffffffffffffffffffffff8fa2[payload->]...$.................||41,615
2025-08-01T03:03:27.024 0100|00|00|05|fa0001|3438016fa3[payload->]o.||41,839
2025-08-01T03:03:27.125 0100|01|00|18|e601fe|34380102c81024a00084ffffffffffffffffffffffff8fa2[payload->]...$.................||41,615
2025-08-01T03:33:27.015 0100|00|00|05|fa0001|3438016fa3[payload->]o.||41,839
2025-08-01T03:33:27.116 0100|01|00|18|e601fe|34380102c81024a00084ffffffffffffffffffffffff8fa2[payload->]...$.................||41,615
2025-08-01T04:03:27.187 0100|01|00|18|e601fe|34380102c81024a00084ffffffffffffffffffffffff8fa2[payload->]...$.................||41,615
2025-08-01T04:33:27.000 0100|00|00|05|fa0001|3438016fa3[payload->]o.||41,839
2025-08-01T04:33:27.101 0100|01|00|18|e601fe|34380102c81024a00084ffffffffffffffffffffffff8fa2[payload->]...$.................||41,615
2025-08-01T05:03:26.967 0100|00|00|05|fa0001|3438016fa3[payload->]o.||41,839
2025-08-01T05:03:27.169 0100|01|00|18|e601fe|34380102c81024a00084ffffffffffffffffffffffff8fa2[payload->]...$.................||41,615
2025-08-01T05:33:26.960 0100|00|00|05|fa0001|3438016fa3[payload->]o.||41,839
2025-08-01T05:33:27.162 0100|01|00|18|e601fe|34380102c81024a00084ffffffffffffffffffffffff8fa2[payload->]...$.................||41,615
2025-08-01T06:03:27.042 0100|00|00|05|fa0001|3438016fa3[payload->]o.||41,839
2025-08-01T06:03:27.143 0100|01|00|18|e601fe|34380102c81024a00084ffffffffffffffffffffffff8fa2[payload->]...$.................||41,615
2025-08-01T06:33:26.951 0100|00|00|05|fa0001|3438016fa3[payload->]o.||41,839
2025-08-01T06:33:27.152 0100|01|00|18|e601fe|34380102c81024a00084ffffffffffffffffffffffff8fa2[payload->]...$.................||41,615
2025-08-01T07:03:26.984 0100|00|00|05|fa0001|3438016fa3[payload->]o.||41,839
2025-08-01T07:03:27.186 0100|01|00|18|e601fe|34380102c81024a00084ffffffffffffffffffffffff8fa2[payload->]...$.................||41,615
2025-08-01T07:33:26.998 0100|00|00|05|fa0001|3438016fa3[payload->]o.||41,839
2025-08-01T07:33:27.100 0100|01|00|18|e601fe|34380102c81024a00084ffffffffffffffefffffffff8fa2[payload->]...$.................||41,615
2025-08-01T08:03:27.024 0100|00|00|05|fa0001|3438016fa3[payload->]o.||41,839
2025-08-01T08:03:27.125 0100|01|00|18|e601fe|34380102c81024a00084ffffffffffffffffffffffff8fa2[payload->]...$.................||41,615
2025-08-01T08:31:28.489 0100|00|00|05|fa0001|343801fa00[payload->]..||0,250
2025-08-01T08:33:28.137 0100|00|00|05|fa0001|3438016fa3[payload->]o.||41,839
2025-08-01T08:33:28.238 0100|01|00|18|e601fe|34380102c81024a00084ffffffffffffffffffffffff8fa2[payload->]...$.................||41,615
2025-08-01T09:03:26.952 0100|00|00|05|fa0001|3438016fa3[payload->]o.||41,839
2025-08-01T09:03:27.153 0100|01|00|18|e601fe|34380102c81024a00084ffffffffffffffffffffffff8fa2[payload->]...$.................||41,615
2025-08-01T09:33:27.006 0100|00|00|05|fa0001|3438016fa3[payload->]o.||41,839
2025-08-01T09:33:27.107 0100|01|00|18|e601fe|34380102c81024a00084ffffffffffffffffffffffff8fa2[payload->]...$.................||41,615
2025-08-01T10:03:26.977 0100|00|00|05|fa0001|3438016fa3[payload->]o.||41,839
2025-08-01T10:03:27.179 0100|01|00|18|e601fe|34380102c81024a00084ffffffffbfffffffffffffff8fa2[payload->]...$.................||41,615
2025-08-01T10:31:28.812 0100|00|00|05|fa0001|3438016fa3[payload->]o.||41,839
2025-08-01T10:31:28.913 0100|01|00|18|e601fe|34380102c81024a00084ffffffffffffffffffffffff8fa2[payload->]...$.................||41,615
2025-08-01T10:33:26.952 0100|00|00|05|fa0001|3438016fa3[payload->]o.||41,839
2025-08-01T10:33:27.154 0100|01|00|18|e601fe|34380102c81024a00084ffffffffffffffffffffffff8fa2[payload->]...$.................||41,615
2025-08-01T11:03:27.020 0100|00|00|05|fa0001|3438016fa3[payload->]o.||41,839
2025-08-01T11:03:27.122 0100|01|00|18|e601fe|34380102c81024a00084ffffffffffffffffffffffff8fa2[payload->]...$.................||41,615
2025-08-01T11:33:26.940 0100|00|00|05|fa0001|3438016fa3[payload->]o.||41,839
2025-08-01T11:33:27.142 0100|01|00|18|e601fe|34380102c81024a00084ffffffffffffffffffffffff8fa2[payload->]...$.................||41,615
2025-08-01T12:33:28.011 0100|00|00|05|fa0001|3438016fa3[payload->]o.||41,839
2025-08-01T12:33:28.113 0100|01|00|18|e601fe|34380102c81024a00084ffffffffffffffffffffffff8fa2[payload->]...$.................||41,615
2025-08-01T13:03:28.015 0100|00|00|05|fa0001|3438016fa3[payload->]o.||41,839
2025-08-01T13:03:28.117 0100|01|00|18|e601fe|34380102c81024a00084ffffffffffffffffffffffff8fa2[payload->]...$.................||41,615
2025-08-01T13:31:29.075 0100|00|00|05|fa0001|3438016fa3[payload->]o.||41,839
2025-08-01T13:31:29.277 0100|01|00|18|e601fe|34380102c81024a00084ffffffffffffffff7fffffff8fa2[payload->]...$.................||41,615
2025-08-01T13:33:27.996 0100|00|00|05|fa0001|3438016fa3[payload->]o.||41,839
2025-08-01T13:33:28.198 0100|01|00|18|e601fe|34380102c81024a00084ffffffffffffffffffffffff8fa2[payload->]...$.................||41,615
2025-08-01T14:03:29.135 0100|00|00|05|fa0001|3438016fa3[payload->]o.||41,839
2025-08-01T14:03:29.337 0100|01|00|18|e601fe|34380102c81024a00084ffffffffffffffffffffffff8fa2[payload->]...$.................||41,615
2025-08-01T14:31:29.665 0100|00|00|05|fa0001|3438016fa3[payload->]o.||41,839
2025-08-01T14:31:29.867 0100|01|00|18|e601fe|34380102c81024a00084ffffffffffffffffffffffff8fa2[payload->]...$.................||41,615
2025-08-01T14:33:29.084 0100|00|00|05|fa0001|3438016fa3[payload->]o.||41,839
2025-08-01T14:33:29.286 0100|01|00|18|e601fe|34380102c81024a00084ffffffffffffffffffffffff8fa2[payload->]...$.................||41,615
2025-08-01T15:03:29.233 0100|00|00|05|fa0001|3438016fa3[payload->]o.||41,839
2025-08-01T15:03:29.334 0100|01|00|18|e601fe|34380102c81024a00084ffffffffffffffffffffffff8fa2[payload->]...$.................||41,615
2025-08-01T15:31:28.062 0100|00|00|05|fa0001|3438016fa3[payload->]o.||41,839
2025-08-01T15:31:28.264 0100|01|00|18|e601fe|34380102c81024a00084ffffffffffffffffffffffff8fa2[payload->]...$.................||41,615
2025-08-01T15:33:29.115 0100|00|00|05|fa0001|3438016fa3[payload->]o.||41,839
2025-08-01T15:33:29.317 0100|01|00|18|e601fe|34380102c81024a00084ffffffffffffffffffffffff8fa2[payload->]...$.................||41,615
2025-08-01T16:03:29.169 0100|00|00|05|fa0001|3438016fa3[payload->]o.||41,839
2025-08-01T16:03:29.270 0100|01|00|18|e601fe|34380102c81024a00084ffffffffffffffffffffffff8fa2[payload->]...$.................||41,615
2025-08-01T16:33:29.280 0100|00|00|05|fa0001|3438016fa3[payload->]o.||41,839
2025-08-01T16:33:29.381 0100|01|00|18|e601fe|34380102c81024a00084ffffffffffffffffffffffff8fa2[payload->]...$.................||41,615
2025-08-01T17:03:29.103 0100|00|00|05|fa0001|3438016fa3[payload->]o.||41,839
2025-08-01T17:31:27.997 0100|00|00|05|fa0001|3438016fa3[payload->]o.||41,839
2025-08-01T17:31:28.099 0100|01|00|18|e601fe|34380102c81024a00084ffffffffffffffffffffffff8fa2[payload->]...$.................||41,615
2025-08-01T17:33:29.048 0100|00|00|05|fa0001|3438016fa3[payload->]o.||41,839
2025-08-01T17:33:29.149 0100|01|00|18|e601fe|34380102c81024a00084ffffffffffffffffffffffff8fa2[payload->]...$.................||41,615
2025-08-01T18:03:29.080 0100|00|00|05|fa0001|3438016fa3[payload->]o.||41,839
2025-08-01T18:03:29.181 0100|01|00|18|e601fe|34380102c81024a00084ffffffffffffffffffffffff8fa2[payload->]...$.................||41,615
2025-08-01T18:31:28.042 0100|00|00|05|fa0001|3438016fa3[payload->]o.||41,839
2025-08-01T18:31:28.143 0100|01|00|18|e601fe|34380102c81024a00084ffffffffffffffffffffffff8fa2[payload->]...$.................||41,615
2025-08-01T18:33:29.110 0100|00|00|05|fa0001|3438016fa3[payload->]o.||41,839
2025-08-01T18:33:29.211 0100|01|00|18|e601fe|34380102c81024a00084ffffffffffffffffffffffff8fa2[payload->]...$.................||41,615
2025-08-01T19:03:29.113 0100|00|00|05|fa0001|3438016fa3[payload->]o.||41,839
2025-08-01T19:03:29.214 0100|01|00|18|e601fe|34380102c81024a00084ffffffffffffffffffffffff8fa2[payload->]...$.................||41,615
2025-08-01T19:33:30.384 0100|00|00|05|fa0001|3438016fa3[payload->]o.||41,839
2025-08-01T19:33:30.485 0100|01|00|18|e601fe|34380102c81024a00084ffffffffffffffffffffffff8fa2[payload->]...$.................||41,615
2025-08-01T20:03:31.036 0100|00|00|05|fa0001|3438016fa3[payload->]o.||41,839
2025-08-01T20:03:31.238 0100|01|00|18|e601fe|34380102c81024a00084ffffffffffffffffffffffff8fa2[payload->]...$.................||41,615
2025-08-01T20:33:31.985 0100|00|00|05|fa0001|3438016fa3[payload->]o.||41,839
2025-08-01T20:33:32.187 0100|01|00|18|e601fe|34380102c81024a00084ffffffffffffffffffffffff8fa2[payload->]...$.................||41,615
2025-08-01T21:03:32.140 0100|00|00|05|fa0001|3438016fa3[payload->]o.||41,839
2025-08-01T21:03:32.442 0100|01|00|18|e601fe|34380102c81024a00084ffffffffffffffffffffffff8fa2[payload->]...$.................||41,615
2025-08-01T21:33:31.949 0100|00|00|05|fa0001|3438016fa3[payload->]o.||41,839
2025-08-01T21:33:32.050 0100|01|00|18|e601fe|34380102c81024a00084ffffffffffffffffffffffff8fa2[payload->]...$.................||41,615
2025-08-01T22:03:32.948 0100|00|00|05|fa0001|3438016fa3[payload->]o.||41,839
2025-08-01T22:03:33.049 0100|01|00|18|e601fe|34380102c81024a00084ffffffffffffffffffffffff8fa2[payload->]...$.................||41,615
2025-08-01T22:33:32.965 0100|00|00|05|fa0001|3438016fa3[payload->]o.||41,839
2025-08-01T22:33:33.067 0100|01|00|18|e601fe|34380102c81024a00084ffffffffffffffffffffffff8fa2[payload->]...$.................||41,615
2025-08-01T23:03:33.073 0100|01|00|18|e601fe|34380102c81024a00084ffffffffffffffffffffffff8fa2[payload->]...$.................||41,615
2025-08-01T23:31:28.283 0100|00|00|05|fa0001|3438016fa3[payload->]o.||41,839
2025-08-01T23:31:28.384 0100|01|00|18|e601fe|34380102c81024a00084ffffffffffffffffffffffff8fa2[payload->]...$.................||41,615
2025-08-01T23:33:32.997 0100|00|00|05|fa0001|3438016fa3[payload->]o.||41,839
2025-08-01T23:33:33.099 0100|01|00|18|e601fe|34380102c81024a00084ffffffffffffffffffffffff8fa2[payload->]...$.................||41,615
2025-08-02T00:03:32.968 0100|00|00|05|fa0001|3438016fa3[payload->]o.||41,839
2025-08-02T00:03:33.070 0100|01|00|18|e601fe|34380102c81024a00084ffffffffffffffffffffffff8fa2[payload->]...$.................||41,615
2025-08-02T00:33:33.857 0100|00|00|05|fa0001|3438016fa3[payload->]o.||41,839
2025-08-02T00:33:33.958 0100|01|00|18|e601fe|34380102c81024a00084ffffffffffffffffffffffff8fa2[payload->]...$.................||41,615
2025-08-02T01:03:32.999 0100|00|00|05|fa0001|3438016fa3[payload->]o.||41,839
2025-08-02T01:03:33.100 0100|01|00|18|e601fe|34380102c81024a00084ffffffffffffffffffffffff8fa2[payload->]...$.................||41,615
2025-08-02T01:31:28.013 0100|00|00|05|fa0001|3438016fa3[payload->]o.||41,839
2025-08-02T01:31:28.115 0100|01|00|18|e601fe|34380102c81024a00084ffffffffffffffffffffffff8fa2[payload->]...$.................||41,615
2025-08-02T01:33:33.385 0100|00|00|05|fa0001|3438016fa3[payload->]o.||41,839
2025-08-02T01:33:33.587 0100|01|00|18|e601fe|34380102c81024a00084ffffffffffffffffffffffff8fa2[payload->]...$.................||41,615
2025-08-02T02:03:32.945 0100|00|00|05|fa0001|3438016fa3[payload->]o.||41,839
2025-08-02T02:03:33.046 0100|01|00|18|e601fe|34380102c81024a00084ffffffffffffffffffffffff8fa2[payload->]...$.................||41,615
2025-08-02T02:33:32.988 0100|00|00|05|fa0001|3438016fa3[payload->]o.||41,839
2025-08-02T02:33:33.089 0100|01|00|18|e601fe|34380102c81024a00084ffffffffffffffffffffffff8fa2[payload->]...$.................||41,615
2025-08-02T03:03:32.978 0100|00|00|05|fa0001|3438016fa3[payload->]o.||41,839
2025-08-02T03:31:27.995 0100|00|00|05|fa0001|3438016fa3[payload->]o.||41,839
2025-08-02T03:31:28.096 0100|01|00|18|e601fe|34380102c81024a00084ffffffffffffffffffffffff8fa2[payload->]...$.................||41,615
2025-08-02T03:33:32.987 0100|00|00|05|fa0001|3438016fa3[payload->]o.||41,839
2025-08-02T03:33:33.089 0100|01|00|18|e601fe|34380102c81024a00084ffffffffffffffffffffffff8fa2[payload->]...$.................||41,615
2025-08-02T04:03:33.005 0100|00|00|05|fa0001|3438016fa3[payload->]o.||41,839
2025-08-02T04:03:33.106 0100|01|00|18|e601fe|34380102c81024a00084ffffffffffffffffffffffff8fa2[payload->]...$.................||41,615
2025-08-02T04:33:32.924 0100|00|00|05|fa0001|3438016fa3[payload->]o.||41,839
2025-08-02T04:33:33.126 0100|01|00|18|e601fe|34380102c81024a00084ffffffffffffffffffffffff8fa2[payload->]...$.................||41,615
2025-08-02T05:03:32.921 0100|00|00|05|fa0001|3438016fa3[payload->]o.||41,839
2025-08-02T05:03:33.123 0100|01|00|18|e601fe|34380102c81024a00084ffffffffffffffffffffffff8fa2[payload->]...$.................||41,615
2025-08-02T05:31:28.256 0100|01|00|18|e601fe|34380102c81024a00084ffffffffffffffffffffffff8fa2[payload->]...$.................||41,615
2025-08-02T05:33:33.006 0100|00|00|05|fa0001|3438016fa3[payload->]o.||41,839
2025-08-02T05:33:33.107 0100|01|00|18|e601fe|34380102c81024a00084ffffffffffffffffffffffff8fa2[payload->]...$.................||41,615
2025-08-02T06:03:33.073 0100|00|00|05|fa0001|3438016fa3[payload->]o.||41,839
2025-08-02T06:03:33.174 0100|01|00|18|e601fe|34380102c81024a00084fffffffffffffbffffffffff8fa2[payload->]...$.................||41,615
2025-08-02T06:31:29.420 0100|00|00|05|fa0001|3438016fa3[payload->]o.||41,839
2025-08-02T06:31:29.521 0100|01|00|18|e601fe|34380102c81024a00084ffffffffffffffffffffffff8fa2[payload->]...$.................||41,615
2025-08-02T06:33:33.670 0100|00|00|05|fa0001|3438016fa3[payload->]o.||41,839
2025-08-02T06:33:33.872 0100|01|00|18|e601fe|34380102c81024a00084ffffffffffdfffffffffffff8fa2[payload->]...$.................||41,615
2025-08-02T07:03:33.075 0100|00|00|05|fa0001|3438016fa3[payload->]o.||41,839
2025-08-02T07:03:33.176 0100|01|00|18|e601fe|34380102c81024a00084ffffffffffffffffffffffff8fa2[payload->]...$.................||41,615
2025-08-02T07:33:33.010 0100|00|00|05|fa0001|3438016fa3[payload->]o.||41,839
2025-08-02T07:33:33.212 0100|01|00|18|e601fe|34380102c81024a00084ffffffffffffffffffffffff8fa2[payload->]...$.................||41,615
2025-08-02T08:03:33.056 0100|00|00|05|fa0001|3438016fa3[payload->]o.||41,839
2025-08-02T08:03:33.158 0100|01|00|18|e601fe|34380102c81024a00084fbffffffffffffffffffffff8fa2[payload->]...$.................||41,615
2025-08-02T08:31:28.319 0100|00|00|05|fa0001|3438016fa3[payload->]o.||41,839
2025-08-02T08:31:28.420 0100|01|00|18|e601fe|34380102c81024a00084ffffffffffffffffffffffff8fa2[payload->]...$.................||41,615
2025-08-02T08:33:33.055 0100|00|00|05|fa0001|3438016fa3[payload->]o.||41,839
2025-08-02T08:33:33.156 0100|01|00|18|e601fe|34380102c81024a00084ffffffffffffffffffffffff8fa2[payload->]...$.................||41,615
2025-08-02T09:03:32.996 0100|00|00|05|fa0001|3438016fa3[payload->]o.||41,839
2025-08-02T09:03:33.197 0100|01|00|18|e601fe|34380102c81024a00084ffffffffffffffffffffffff8fa2[payload->]...$.................||41,615
2025-08-02T09:33:33.031 0100|00|00|05|fa0001|3438016fa3[payload->]o.||41,839
2025-08-02T09:33:33.132 0100|01|00|18|e601fe|34380102c81024a00084ffffffffffffffffffffffff8fa2[payload->]...$.................||41,615
2025-08-02T10:03:32.959 0100|00|00|05|fa0001|3438016fa3[payload->]o.||41,839
2025-08-02T10:03:33.161 0100|01|00|18|e601fe|34380102c81024a00084ffffffffffffffffffffffff8fa2[payload->]...$.................||41,615
2025-08-02T10:31:30.691 0100|00|00|05|fa0001|3438016fa3[payload->]o.||41,839
2025-08-02T10:31:30.893 0100|01|00|18|e601fe|34380102c81024a00084ffffffffffffffffffffffff8fa2[payload->]...$.................||41,615
2025-08-02T10:33:32.965 0100|00|00|05|fa0001|3438016fa3[payload->]o.||41,839
2025-08-02T10:33:33.167 0100|01|00|18|e601fe|34380102c81024a00084ffffffffffffffffffffffff8fa2[payload->]...$.................||41,615
2025-08-02T11:03:32.986 0100|00|00|05|fa0001|3438016fa3[payload->]o.||41,839
2025-08-02T11:03:33.187 0100|01|00|18|e601fe|34380102c81024a00084ffffffffffffffffffffffff8fa2[payload->]...$.................||41,615
2025-08-02T11:33:33.028 0100|00|00|05|fa0001|3438016fa3[payload->]o.||41,839
2025-08-02T11:33:33.129 0100|01|00|18|e601fe|34380102c81024a00084ffffffffffffffffffffffff8fa2[payload->]...$.................||41,615
2025-08-02T12:03:33.999 0100|00|00|05|fa0001|3438016fa3[payload->]o.||41,839
2025-08-02T12:03:34.201 0100|01|00|18|e601fe|34380102c81024a00084ffffffffffffffffffffffff8fa2[payload->]...$.................||41,615
2025-08-02T13:33:35.062 0100|00|00|05|fa0001|3438016fa3[payload->]o.||41,839
2025-08-02T13:33:35.163 0100|01|00|18|e601fe|34380102c81024a00084ffffffffffffffffffffffff8fa2[payload->]...$.................||41,615
2025-08-02T14:03:35.050 0100|00|00|05|fa0001|3438016fa3[payload->]o.||41,839
2025-08-02T14:03:35.252 0100|01|00|18|e601fe|34380102c81024a00084ffffffffffffffffffffffff8fa2[payload->]...$.................||41,615
2025-08-02T14:33:35.010 0100|00|00|05|fa0001|3438016fa3[payload->]o.||41,839
2025-08-02T14:33:35.111 0100|01|00|18|e601fe|34380102c81024a00084ffffffffffffffffffffffff8fa2[payload->]...$.................||41,615
2025-08-02T15:03:35.039 0100|00|00|05|fa0001|3438016fa3[payload->]o.||41,839
2025-08-02T15:03:35.241 0100|01|00|18|e601fe|34380102c81024a00084ffffffffffffffffffffffff8fa2[payload->]...$.................||41,615
2025-08-02T15:33:35.195 0100|00|00|05|fa0001|3438016fa3[payload->]o.||41,839
2025-08-02T15:33:35.397 0100|01|00|18|e601fe|34380102c81024a00084ffffffffffffffffffffffff8fa2[payload->]...$.................||41,615
2025-08-02T16:03:35.262 0100|00|00|05|fa0001|3438016fa3[payload->]o.||41,839
2025-08-02T16:03:35.363 0100|01|00|18|e601fe|34380102c81024a00084ffffffffffffffffffffffff8fa2[payload->]...$.................||41,615
2025-08-02T16:33:35.285 0100|00|00|05|fa0001|3438016fa3[payload->]o.||41,839
2025-08-02T16:33:35.387 0100|01|00|18|e601fe|34380102c81024a00084ffffffffffffffffffffffff8fa2[payload->]...$.................||41,615
2025-08-02T17:03:35.249 0100|00|00|05|fa0001|3438016fa3[payload->]o.||41,839
2025-08-02T17:03:35.350 0100|01|00|18|e601fe|34380102c81024a00084ffffffffffffffffffffffff8fa2[payload->]...$.................||41,615
2025-08-02T17:31:28.418 0100|00|00|05|fa0001|3438016fa3[payload->]o.||41,839
2025-08-02T17:31:28.620 0100|01|00|18|e601fe|34380102c81024a00084ffffffffffffffffffffffff8fa2[payload->]...$.................||41,615
2025-08-02T17:33:35.121 0100|00|00|05|fa0001|3438016fa3[payload->]o.||41,839
2025-08-02T17:33:35.424 0100|01|00|18|e601fe|34380102c81024a00084ffffffffffffffffffffffff8fa2[payload->]...$.................||41,615
2025-08-02T18:03:35.239 0100|01|00|18|e601fe|34380102c81024a00084ffffffffffffffffffffffff8fa2[payload->]...$.................||41,615
2025-08-02T18:33:35.629 0100|00|00|05|fa0001|3438016fa3[payload->]o.||41,839
2025-08-02T18:33:35.831 0100|01|00|18|e601fe|34380102c81024a00084ffffffffffffffffffffffff8fa2[payload->]...$.................||41,615
2025-08-02T19:03:35.571 0100|00|00|05|fa0001|3438016fa3[payload->]o.||41,839
2025-08-02T19:03:35.672 0100|01|00|18|e601fe|34380102c81024a00084ffffffffffffffffffffffff8fa2[payload->]...$.................||41,615
2025-08-02T19:31:28.377 0100|01|00|18|e601fe|34380102c81024a00084ffffffffffffffffffffffff8fa2[payload->]...$.................||41,615
2025-08-02T19:33:35.309 0100|00|00|05|fa0001|3438016fa3[payload->]o.||41,839
2025-08-02T19:33:35.411 0100|01|00|18|e601fe|34380102c81024a00084ffffffffffffffffffffffff8fa2[payload->]...$.................||41,615
2025-08-02T20:03:36.918 0100|00|00|05|fa0001|3438016fa3[payload->]o.||41,839
2025-08-02T20:03:37.020 0100|01|00|18|e601fe|34380102c81024a00084fffffdffffffffffffffffff8fa2[payload->]...$.................||41,615
2025-08-02T20:33:37.133 0100|00|00|05|fa0001|3438016fa3[payload->]o.||41,839
2025-08-02T20:33:37.335 0100|01|00|18|e601fe|34380102c81024a00084ffffffffffffffffffffffff8fa2[payload->]...$.................||41,615
2025-08-02T21:03:36.595 0100|00|00|05|fa0001|3438016fa3[payload->]o.||41,839
2025-08-02T21:03:36.796 0100|01|00|18|e601fe|34380102c81024a00084ffffffffffffffffffffffff8fa2[payload->]...$.................||41,615
2025-08-02T21:33:36.837 0100|00|00|05|fa0001|3438016fa3[payload->]o.||41,839
2025-08-02T22:03:37.970 0100|00|00|05|fa0001|3438016fa3[payload->]o.||41,839
2025-08-02T22:03:38.071 0100|01|00|18|e601fe|34380102c81024a00084ffffffefffffffffffffffff8fa2[payload->]...$.................||41,615
2025-08-02T22:33:36.823 0100|00|00|05|fa0001|3438016fa3[payload->]o.||41,839
2025-08-02T22:33:36.924 0100|01|00|18|e601fe|34380102c81024a00084ffffffffffffffffffffffff8fa2[payload->]...$.................||41,615
2025-08-02T23:03:36.527 0100|00|00|05|fa0001|3438016fa3[payload->]o.||41,839
2025-08-02T23:03:36.729 0100|01|00|18|e601fe|34380102c81024a00084ffffffffffffffffffffffff8fa2[payload->]...$.................||41,615
2025-08-02T23:33:36.931 0100|00|00|05|fa0001|3438016fa3[payload->]o.||41,839
2025-08-02T23:33:37.032 0100|01|00|18|e601fe|34380102c81024a00084ffffffffffffffffffffffff8fa2[payload->]...$.................||41,615
2025-08-03T00:03:37.246 0100|00|00|05|fa0001|3438016fa3[payload->]o.||41,839
2025-08-03T00:03:37.448 0100|01|00|18|e601fe|34380102c81024a00084ffffffffffffffffffffffff8fa2[payload->]...$.................||41,615
2025-08-03T01:03:36.935 0100|00|00|05|fa0001|3438016fa3[payload->]o.||41,839
2025-08-03T01:03:37.137 0100|01|00|18|e601fe|34380102c81024a00084ffffffffffffffffffffffff8fa2[payload->]...$.................||41,615
2025-08-03T01:33:36.646 0100|00|00|05|fa0001|3438016fa3[payload->]o.||41,839
2025-08-03T01:33:36.848 0100|01|00|18|e601fe|34380102c81024a00084ffffffffffffffffffffffff8fa2[payload->]...$.................||41,615
2025-08-03T02:03:36.641 0100|00|00|05|fa0001|3438016fa3[payload->]o.||41,839
2025-08-03T02:03:36.742 0100|01|00|18|e601fe|34380102c81024a00084ffffffffffffffffffffffff8fa2[payload->]...$.................||41,615
2025-08-03T02:33:36.599 0100|00|00|05|fa0001|3438016fa3[payload->]o.||41,839
2025-08-03T02:33:36.901 0100|01|00|18|e601fe|34380102c81024a00084ffffffffffffffffffffffff8fa2[payload->]...$.................||41,615
2025-08-03T03:03:36.616 0100|00|00|05|fa0001|3438016fa3[payload->]o.||41,839
2025-08-03T03:03:36.818 0100|01|00|18|e601fe|34380102c81024a00084ffffffffffffffffffffffff8fa2[payload->]...$.................||41,615
2025-08-03T03:33:36.679 0100|00|00|05|fa0001|3438016fa3[payload->]o.||41,839
2025-08-03T03:33:36.881 0100|01|00|18|e601fe|34380102c81024a00084ffffffffffffffffffffffff8fa2[payload->]...$.................||41,615
2025-08-03T04:03:37.293 0100|00|00|05|fa0001|3438016fa3[payload->]o.||41,839
2025-08-03T04:03:37.495 0100|01|00|18|e601fe|34380102c81024a00084ffffffffffffffffffffffff8fa2[payload->]...$.................||41,615
2025-08-03T04:33:36.827 0100|00|00|05|fa0001|3438016fa3[payload->]o.||41,839
2025-08-03T04:33:36.928 0100|01|00|18|e601fe|34380102c81024a00084ffffffffffffffffffffffff8fa2[payload->]...$.................||41,615
2025-08-03T05:03:36.646 0100|00|00|05|fa0001|3438016fa3[payload->]o.||41,839
2025-08-03T05:03:36.747 0100|01|00|18|e601fe|34380102c81024a00084ffffffffffffffffffffffff8fa2[payload->]...$.................||41,615
2025-08-03T05:33:36.766 0100|00|00|05|fa0001|3438016fa3[payload->]o.||41,839
2025-08-03T05:33:36.967 0100|01|00|18|e601fe|34380102c81024a00084ffffffffffffffffffffffff8fa2[payload->]...$.................||41,615
2025-08-03T06:03:36.885 0100|00|00|05|fa0001|3438016fa3[payload->]o.||41,839
2025-08-03T06:03:36.986 0100|01|00|18|e601fe|34380102c81024a00084ffffffffffffffffffffffff8fa2[payload->]...$.................||41,615
2025-08-03T07:31:29.166 0100|00|00|05|fa0001|3438016fa3[payload->]o.||41,839
2025-08-03T07:31:29.367 0100|01|00|18|e601fe|34380102c81024a00084ffffffffffffffffffffffff8fa2[payload->]...$.................||41,615
2025-08-03T07:33:36.793 0100|00|00|05|fa0001|3438016fa3[payload->]o.||41,839
2025-08-03T07:33:37.196 0100|01|00|18|e601fe|34380102c81024a00084ffffffffffffffffffffffff8fa2[payload->]...$.................||41,615
2025-08-03T08:31:28.170 0100|00|00|05|fa0001|3438016fa3[payload->]o.||41,839
2025-08-03T08:31:28.371 0100|01|00|18|e601fe|34380102c81024a00084ffffffffffffffffffffffff8fa2[payload->]...$.................||41,615
2025-08-03T08:33:36.911 0100|00|00|05|fa0001|3438016fa3[payload->]o.||41,839
2025-08-03T08:33:37.113 0100|01|00|18|e601fe|34380102c81024a00084ffffffffffffffffffffffff8fa2[payload->]...$.................||41,615
2025-08-03T09:03:37.166 0100|00|00|05|fa0001|3438016fa3[payload->]o.||41,839
2025-08-03T09:03:37.368 0100|01|00|18|e601fe|34380102c81024a00084ffffffffffffffffffffffff8fa2[payload->]...$.................||41,615
2025-08-03T09:33:37.362 0100|00|00|05|fa0001|3438016fa3[payload->]o.||41,839
2025-08-03T09:33:37.563 0100|01|00|18|e601fe|34380102c81024a00084ffffffffffffffffffffffff8fa2[payload->]...$.................||41,615
2025-08-03T10:03:36.966 0100|00|00|05|fa0001|3438016fa3[payload->]o.||41,839
2025-08-03T10:03:37.168 0100|01|00|18|e601fe|34380102c81024a00084ffffffffffffffffffffffff8fa2[payload->]...$.................||41,615
2025-08-03T10:33:36.980 0100|00|00|05|fa0001|3438016fa3[payload->]o.||41,839
2025-08-03T10:33:37.182 0100|01|00|18|e601fe|34380102c81024a00084fffffffffffffeffffffffff8fa2[payload->]...$.................||41,615
2025-08-03T11:03:37.463 0100|00|00|05|fa0001|3438016fa3[payload->]o.||41,839
2025-08-03T11:03:37.664 0100|01|00|18|e601fe|34380102c81024a00084ffffffffffffffffffffffff8fa2[payload->]...$.................||41,615
2025-08-03T11:33:37.046 0100|00|00|05|fa0001|3438016fa3[payload->]o.||41,839
2025-08-03T11:33:37.147 0100|01|00|18|e601fe|34380102c81024a00084ffffffffffffffffffffffff8fa2[payload->]...$.................||41,615
2025-08-03T12:03:38.576 0100|00|00|05|fa0001|3438016fa3[payload->]o.||41,839
2025-08-03T12:03:38.678 0100|01|40|18|e601fe|34380102c81024a00084ffffffffffffffffffffffff8fa2[payload->]...$.................||41,615
2025-08-03T12:33:36.979 0100|00|00|05|fa0001|3438016fa3[payload->]o.||41,839
2025-08-03T12:33:37.181 0100|01|00|18|e601fe|34380102c81024a00084ffffffffffffffffffffffff8fa2[payload->]...$.................||41,615
2025-08-03T13:31:28.771 0100|00|00|05|fa0001|3438016fa3[payload->]o.||41,839
2025-08-03T13:33:37.887 0100|00|00|05|fa0001|3438016fa3[payload->]o.||41,839
2025-08-03T13:33:37.988 0100|01|00|18|e601fe|34380102c81024a00084ffffffffffffffffffffffff8fa2[payload->]...$.................||41,615
2025-08-03T14:03:37.063 0100|00|00|05|fa0001|3438016fa3[payload->]o.||41,839
2025-08-03T14:03:37.265 0100|01|00|18|e601fe|34380102c81024a00084ffffffffffffffffffffffff8fa2[payload->]...$.................||41,615
2025-08-03T14:33:37.060 0100|00|00|05|fa0001|3438016fa3[payload->]o.||41,839
2025-08-03T14:33:37.262 0100|01|00|18|e601fe|34380102c81024a00084ffffffffffffffffffffffff8fa2[payload->]...$.................||41,615
2025-08-03T15:03:37.046 0100|00|00|05|fa0001|3438016fa3[payload->]o.||41,839
2025-08-03T15:03:37.147 0100|01|00|18|e601fe|34380102c81024a00084fffffffffffffffeffffffff8fa2[payload->]...$.................||41,615
2025-08-03T15:33:37.067 0100|00|00|05|fa0001|3438016fa3[payload->]o.||41,839
2025-08-03T15:33:37.168 0100|01|00|18|e601fe|34380102c81024a00084ffffffffffffffffffffffff8fa2[payload->]...$.................||41,615
2025-08-03T16:03:37.067 0100|00|00|05|fa0001|3438016fa3[payload->]o.||41,839
2025-08-03T16:03:37.168 0100|01|00|18|e601fe|34380102c81024a00084ffffffffffffffffffffffff8fa2[payload->]...$.................||41,615
2025-08-03T16:31:28.785 0100|00|00|05|fa0001|3438016fa3[payload->]o.||41,839
2025-08-03T16:31:28.886 0100|01|00|18|e601fe|34380102c81024a00084ffffffffffffffffffffffff8fa2[payload->]...$.................||41,615
2025-08-03T16:33:37.086 0100|00|00|05|fa0001|3438016fa3[payload->]o.||41,839
2025-08-03T16:33:37.288 0100|01|00|18|e601fe|34380102c81024a00084ffffffffffffffffffffffff8fa2[payload->]...$.................||41,615
2025-08-03T17:03:37.038 0100|00|00|05|fa0001|3438016fa3[payload->]o.||41,839
2025-08-03T17:31:28.730 0100|00|00|05|fa0001|3438016fa3[payload->]o.||41,839
2025-08-03T17:31:28.831 0100|01|00|18|e601fe|34380102c81024a00084ffffffffffffffffffffffff8fa2[payload->]...$.................||41,615
2025-08-03T17:33:37.064 0100|00|00|05|fa0001|3438016fa3[payload->]o.||41,839
2025-08-03T17:33:37.165 0100|01|00|18|e601fe|34380102c81024a00084ffffffffffffffffffffffff8fa2[payload->]...$.................||41,615
2025-08-03T18:03:37.362 0100|00|00|05|fa0001|3438016fa3[payload->]o.||41,839
2025-08-03T18:03:37.463 0100|01|00|18|e601fe|34380102c81024a00084ffffffffffffffffffffffff8fa2[payload->]...$.................||41,615
