2025-07-31T10:58:34.026 0100|01|00|09|f501fe|200601ffffffff850d[payload->]......||3,461
2025-07-31T11:55:34.065 0100|01|00|09|f501fe|200601ffffffff850d[payload->]......||3,461
2025-07-31T11:55:54.162 0100|01|00|0b|f501fe|200601ffffffff850d0100[payload->]........||0,001
2025-08-01T19:37:30.476 0100|01|00|0b|f301fe|200601ae8da802453b1e8d[payload->]....E;..||36,126
2025-08-01T21:50:49.968 0100|01|00|09|f501fe|200601ffffffff850d[payload->]......||3,461
2025-08-01T22:27:04.931 0100|01|00|0b|f301fe|2006010000000000006c4a[payload->]......lJ||19,052
2025-08-01T22:39:39.482 0100|01|00|0b|f301fe|200601ae8da802453b1e8d[payload->]....E;..||36,126
2025-08-01T22:40:49.330 0100|01|00|0b|f301fe|200601ae8da802453b1e8d[payload->]....E;..||36,126
2025-08-01T22:52:54.803 0100|01|00|0b|f301fe|2006010000000000006c4a[payload->]......lJ||19,052
2025-08-01T22:54:49.451 0100|01|00|0b|f301fe|200601ae8da802453b1e8d[payload->]....E;..||36,126
2025-08-01T23:00:04.456 0100|01|00|0b|f301fe|200601ae8da842453b1e8d[payload->]...BE;..||36,126
2025-08-01T23:17:04.498 0100|01|00|0b|f301fe|200601ae8da802453b1e8d[payload->]....E;..||36,126
2025-08-02T00:08:04.535 0100|01|00|0b|f301fe|200601ae8da802453b1e8d[payload->]....E;..||36,126
2025-08-02T00:21:34.288 0100|01|00|09|f501fe|200601ffffffff850d[payload->]......||3,461
2025-08-02T00:43:24.193 0100|01|00|09|f501fe|200601ffffffff850d[payload->]......||3,461
2025-08-02T01:33:09.546 0100|01|00|49|f701fe|200601ffffffff850d0100000005fa000156100071dd0100010007f701fe561000800c7b200100000005fa0001500e00d0340100430006f801fe500e000002f60100000005fa000120[payload->]..............V..q.........V....{ ........P...4..C.....P............. ||8,193
2025-08-02T01:45:14.525 0100|01|00|4b|ff41fe|200601ffffffff850d0100000005fa0001501600d03e0100010006f801fe5016000dc0b70100000005fa0001542e0111ad0100010007f705fe542e010080f6650100000005fa0001200201[payload->]..............P...>........P.............T............T.....e........ ..||0,258
2025-08-02T02:10:39.297 0100|01|00|09|f501fe|200601ffffffff850d[payload->]......||3,461
2025-08-02T02:10:59.473 0100|01|00|49|f543fe|200601ffffffff850d0100000005fa000150010020310100010006f801fe5001000001c60100000005fa0001500e00d0340100030206f801fe500e000002f60100000005fa00012002[payload->]..............P.. 1........P.............P...4........P............. .||0,544
2025-08-02T02:14:29.313 0100|01|00|09|f54bfe|200601ffffffff850d[payload->]......||3,461
2025-08-02T02:18:14.338 0100|01|00|09|ff0bfe|200601ffffffff850d[payload->]......||3,461
2025-08-02T02:25:54.238 0100|01|00|09|f501fe|200601ffffffff850d[payload->]......||3,461
2025-08-02T03:18:59.343 0100|01|00|09|f501fe|200601ffffffff850d[payload->]......||3,461
2025-08-02T04:35:49.328 0100|01|00|09|f501fe|200601ffffffff850d[payload->]......||3,461
2025-08-02T05:24:19.349 0100|01|00|09|f501fe|200601ffffffff850d[payload->]......||3,461
2025-08-02T06:37:49.833 0100|01|00|09|f501fe|200601ffffffff850d[payload->]......||3,461
2025-08-02T07:07:24.615 0100|01|00|0b|f301fe|200601ae8da802453b1e8d[payload->]....E;..||36,126
2025-08-02T07:08:19.816 0100|01|48|09|f543fe|200601ffffffff850d[payload->]......||3,461
2025-08-02T07:25:39.277 0100|01|00|09|f501fe|200601ffffffff850d[payload->]......||3,461
2025-08-02T08:49:35.087 0100|01|00|4b|f741fe|200601ffffffff850d0100000005fa000320020173f0010001000bf301fe2002010000000000006c4affff0100000005fa000154190121bb0100010007f701fe5419013c00227b01000000[payload->].............. ..s......... ........lJ..........T..!.........T..<."{....||0,000
2025-08-02T09:45:54.659 0100|01|00|09|f501fe|200601ffffffff850d[payload->]......||3,461
2025-08-02T10:29:04.786 0100|01|00|09|f501fe|200601ffffffff850d[payload->]......||3,461
2025-08-02T11:26:14.789 0100|01|00|09|f501fe|200601ffffffff850d[payload->]......||3,461
2025-08-02T16:02:04.901 0100|01|00|4b|f543fe|200601ffffffff850d0100000005fa0001200201cbf1010001000bf301fe200201ae8da802453b1e8d0100000005fa0003100301ecf10100010007f701fe100301ffff859c0100000005fa[payload->].............. ............ ......E;....................................||64,005
2025-08-03T00:36:14.991 0100|01|00|09|f741fe|200601ffffffff850d[payload->]......||3,461
2025-08-03T05:41:44.709 0100|01|00|0b|f301fe|200601ae8da802453b1e8d[payload->]....E;..||36,126
2025-08-03T06:35:24.741 0100|01|00|0b|f301fe|200601ae8da802453b1e8d[payload->]....E;..||36,126
2025-08-03T06:44:44.874 0100|01|00|0b|f301fe|200601ae8da802453b1e8d[payload->]....E;..||36,126
2025-08-03T06:58:24.729 0100|01|00|0b|f301fe|200601ae8da802453b1e8d[payload->]....E;..||36,126
2025-08-03T07:01:14.594 0100|01|00|09|f501fe|200601ffffffff850d[payload->]......||3,461
2025-08-03T07:22:34.852 0100|01|00|0b|f301fe|200601ae8da802453b1e8d[payload->]....E;..||36,126
2025-08-03T10:49:54.679 0100|01|40|09|f501fe|200601ffffffff850d[payload->]......||3,461
2025-08-03T12:06:15.091 0100|01|00|09|f501fe|200601ffffffff850d[payload->]......||3,461
2025-08-03T12:42:04.696 0100|01|00|09|f501fe|200601ffffffff850d[payload->]......||3,461
2025-08-03T14:59:40.051 0100|01|00|09|f503fe|200601ffffffff850d[payload->]......||3,461
