2025-07-30T20:37:48.940 0100|00|00|05|fa0001|1f86000763[payload->].c||25,351
2025-07-30T20:37:49.041 0100|01|00|06|f801fe|1f860003fd20[payload->].. ||8,445
2025-07-30T20:47:57.583 0100|00|00|05|fa0001|1f86000763[payload->].c||25,351
2025-07-30T20:47:57.685 0100|01|00|06|f801fe|1f860003fd20[payload->].. ||8,445
2025-07-30T20:58:07.034 0100|00|00|05|fa0001|1f86000763[payload->].c||25,351
2025-07-30T20:58:07.135 0100|01|00|06|f801fe|1f860003fd20[payload->].. ||8,445
2025-07-30T21:08:15.608 0100|00|00|05|fa0001|1f86000763[payload->].c||25,351
2025-07-30T21:08:15.709 0100|01|00|06|f801fe|1f860003fd20[payload->].. ||8,445
2025-07-30T21:18:23.858 0100|00|00|05|fa0001|1f86000763[payload->].c||25,351
2025-07-30T21:18:23.959 0100|01|00|06|f801fe|1f860003fd20[payload->].. ||8,445
2025-07-30T21:28:32.448 0100|00|00|05|fa0001|1f86000763[payload->].c||25,351
2025-07-30T21:28:32.549 0100|01|00|06|f801fe|1f860003fd20[payload->].. ||8,445
2025-07-30T21:38:41.893 0100|00|00|05|fa0001|1f86000763[payload->].c||25,351
2025-07-30T21:38:41.994 0100|01|00|06|f801fe|1f860003fd20[payload->].. ||8,445
2025-07-30T21:48:50.669 0100|00|00|05|fa0001|1f86000763[payload->].c||25,351
2025-07-30T21:48:50.770 0100|01|00|06|f801fe|1f860003fd20[payload->].. ||8,445
2025-07-30T21:58:58.638 0100|00|00|05|fa0001|1f86000763[payload->].c||25,351
2025-07-30T21:58:58.739 0100|01|00|06|f801fe|1f860003fd20[payload->].. ||8,445
2025-07-30T22:09:07.528 0100|00|00|05|fa0001|1f86000763[payload->].c||25,351
2025-07-30T22:09:07.629 0100|01|00|06|f801fe|1f860003fd20[payload->].. ||8,445
2025-07-30T22:19:17.071 0100|00|00|05|fa0001|1f86000763[payload->].c||25,351
2025-07-30T22:19:17.071 0100|01|00|06|f801fe|1f860003fd20[payload->].. ||8,445
2025-07-30T22:29:25.622 0100|00|00|05|fa0001|1f86000763[payload->].c||25,351
2025-07-30T22:29:25.723 0100|01|00|06|f801fe|1f860003fd20[payload->].. ||8,445
2025-07-30T22:39:33.781 0100|00|00|05|fa0001|1f86000763[payload->].c||25,351
2025-07-30T22:39:33.882 0100|01|00|06|f801fe|1f860003fd20[payload->].. ||8,445
2025-07-30T22:49:42.724 0100|00|00|05|fa0001|1f86000763[payload->].c||25,351
2025-07-30T22:49:42.826 0100|01|00|06|f801fe|1f860003fd20[payload->].. ||8,445
2025-07-30T22:59:51.878 0100|00|00|05|fa0001|1f86000763[payload->].c||25,351
2025-07-30T22:59:51.878 0100|01|00|06|f801fe|1f860003fd20[payload->].. ||8,445
2025-07-30T23:10:00.415 0100|00|00|05|fa0001|1f86000763[payload->].c||25,351
2025-07-30T23:10:00.416 0100|01|00|06|f801fe|1f860003fd20[payload->].. ||8,445
2025-07-30T23:20:09.170 0100|00|00|05|fa0001|1f86000763[payload->].c||25,351
2025-07-30T23:20:09.271 0100|01|00|06|f801fe|1f860003fd20[payload->].. ||8,445
2025-07-30T23:30:17.625 0100|00|00|05|fa0001|1f86000763[payload->].c||25,351
2025-07-30T23:30:17.625 0100|01|00|06|f801fe|1f860003fd20[payload->].. ||8,445
2025-07-30T23:40:27.557 0100|00|00|05|fa0001|1f86000763[payload->].c||25,351
2025-07-30T23:40:27.557 0100|01|00|06|f801fe|1f860003fd20[payload->].. ||8,445
2025-07-30T23:50:37.304 0100|00|00|05|fa0001|1f86000763[payload->].c||25,351
2025-07-30T23:50:37.304 0100|01|00|06|f801fe|1f860003fd20[payload->].. ||8,445
2025-07-31T00:00:45.733 0100|00|00|05|fa0001|1f86000763[payload->].c||25,351
2025-07-31T00:00:45.733 0100|01|00|06|f801fe|1f860003fd20[payload->].. ||8,445
2025-07-31T00:10:54.000 0100|00|00|05|fa0001|1f86000763[payload->].c||25,351
2025-07-31T00:10:54.102 0100|01|00|06|f801fe|1f860003fd20[payload->].. ||8,445
2025-07-31T00:21:02.620 0100|00|00|05|fa0001|1f86000763[payload->].c||25,351
2025-07-31T00:21:02.721 0100|01|00|06|f801fe|1f860003fd20[payload->].. ||8,445
2025-07-31T00:31:11.839 0100|00|00|05|fa0001|1f86000763[payload->].c||25,351
2025-07-31T00:31:11.840 0100|01|00|06|f801fe|1f860003fd20[payload->].. ||8,445
2025-07-31T00:51:28.722 0100|00|00|05|fa0001|1f86000763[payload->].c||25,351
2025-07-31T00:51:28.722 0100|01|00|06|f801fe|1f860003fd20[payload->].. ||8,445
2025-07-31T01:01:37.625 0100|00|00|05|fa0001|1f86000763[payload->].c||25,351
2025-07-31T01:01:37.726 0100|01|00|06|f801fe|1f860003fd20[payload->].. ||8,445
2025-07-31T01:11:46.450 0100|00|00|05|fa0001|1f86000763[payload->].c||25,351
2025-07-31T01:11:46.551 0100|01|00|06|f801fe|1f860003fd20[payload->].. ||8,445
2025-07-31T01:21:53.928 0100|00|00|05|fa0001|1f86000763[payload->].c||25,351
2025-07-31T01:21:53.928 0100|01|00|06|f801fe|1f860003fd20[payload->].. ||8,445
2025-07-31T01:32:02.757 0100|00|00|05|fa0001|1f86000763[payload->].c||25,351
2025-07-31T01:32:02.758 0100|01|00|06|f801fe|1f860003fd20[payload->].. ||8,445
2025-07-31T01:42:11.845 0100|00|00|05|fa0001|1f86000763[payload->].c||25,351
2025-07-31T01:42:11.946 0100|01|00|06|f801fe|1f860003fd20[payload->].. ||8,445
2025-07-31T01:52:20.620 0100|00|00|05|fa0001|1f86000763[payload->].c||25,351
2025-07-31T01:52:20.721 0100|01|00|06|f801fe|1f860003fd20[payload->].. ||8,445
2025-07-31T02:02:30.314 0100|00|00|05|fa0001|1f86000763[payload->].c||25,351
2025-07-31T02:02:30.415 0100|01|00|06|f801fe|1f860003fd20[payload->].. ||8,445
2025-07-31T02:12:38.890 0100|00|00|05|fa0001|1f86000763[payload->].c||25,351
2025-07-31T02:12:38.890 0100|01|00|06|f801fe|1f860003fd20[payload->].. ||8,445
2025-07-31T02:22:47.839 0100|00|00|05|fa0001|1f86000763[payload->].c||25,351
2025-07-31T02:22:47.840 0100|01|00|06|f801fe|1f860003fd20[payload->].. ||8,445
2025-07-31T02:32:56.987 0100|00|00|05|fa0001|1f86000763[payload->].c||25,351
2025-07-31T02:32:57.088 0100|01|00|06|f801fe|1f860003fd20[payload->].. ||8,445
2025-07-31T02:43:05.044 0100|00|00|05|fa0001|1f86000763[payload->].c||25,351
2025-07-31T02:43:05.145 0100|01|00|06|f801fe|1f860003fd20[payload->].. ||8,445
2025-07-31T02:53:13.719 0100|00|00|05|fa0001|1f86000763[payload->].c||25,351
2025-07-31T02:53:13.720 0100|01|00|06|f801fe|1f860003fd20[payload->].. ||8,445
2025-07-31T03:03:22.567 0100|00|00|05|fa0001|1f86000763[payload->].c||25,351
2025-07-31T03:03:22.567 0100|01|00|06|f801fe|1f860003fd20[payload->].. ||8,445
2025-07-31T03:13:31.681 0100|00|00|05|fa0001|1f86000763[payload->].c||25,351
2025-07-31T03:13:31.681 0100|01|00|06|f801fe|1f860003fd20[payload->].. ||8,445
2025-07-31T03:23:40.013 0100|00|00|05|fa0001|1f86000763[payload->].c||25,351
2025-07-31T03:23:40.115 0100|01|00|06|f801fe|1f860003fd20[payload->].. ||8,445
2025-07-31T03:33:47.689 0100|00|00|05|fa0001|1f86000763[payload->].c||25,351
2025-07-31T03:33:47.689 0100|01|00|06|f801fe|1f860003fd20[payload->].. ||8,445
2025-07-31T03:43:56.421 0100|00|00|05|fa0001|1f86000763[payload->].c||25,351
2025-07-31T03:43:56.521 0100|01|00|06|f801fe|1f860003fd20[payload->].. ||8,445
2025-07-31T03:54:05.058 0100|00|00|05|fa0001|1f86000763[payload->].c||25,351
2025-07-31T03:54:05.159 0100|01|00|06|f801fe|1f860003fd20[payload->].. ||8,445
2025-07-31T04:04:13.818 0100|00|00|05|fa0001|1f86000763[payload->].c||25,351
2025-07-31T04:04:13.919 0100|01|00|06|f801fe|1f860003fd20[payload->].. ||8,445
2025-07-31T04:14:22.630 0100|00|00|05|fa0001|1f86000763[payload->].c||25,351
2025-07-31T04:14:22.630 0100|01|00|06|f801fe|1f860003fd20[payload->].. ||8,445
2025-07-31T04:24:31.687 0100|00|00|05|fa0001|1f86000763[payload->].c||25,351
2025-07-31T04:24:31.687 0100|01|00|06|f801fe|1f860003fd20[payload->].. ||8,445
2025-07-31T04:34:40.627 0100|00|00|05|fa0001|1f86000763[payload->].c||25,351
2025-07-31T04:34:40.627 0100|01|00|06|f801fe|1f860003fd20[payload->].. ||8,445
2025-07-31T04:44:49.974 0100|00|00|05|fa0001|1f86000763[payload->].c||25,351
2025-07-31T04:44:49.974 0100|01|00|06|f801fe|1f860003fd20[payload->].. ||8,445
2025-07-31T04:54:57.648 0100|00|00|05|fa0001|1f86000663[payload->].c||25,350
2025-07-31T04:54:57.749 0100|01|00|06|f801fe|1f860003fd20[payload->].. ||8,445
2025-07-31T05:05:07.296 0100|00|00|05|fa0001|1f86000763[payload->].c||25,351
2025-07-31T05:05:07.397 0100|01|00|06|f801fe|1f860003fd20[payload->].. ||8,445
2025-07-31T05:15:16.311 0100|00|00|05|fa0001|1f86000763[payload->].c||25,351
2025-07-31T05:15:16.413 0100|01|00|06|f801fe|1f860003fd20[payload->].. ||8,445
2025-07-31T05:25:25.089 0100|00|00|05|fa0001|1f86000763[payload->].c||25,351
2025-07-31T05:25:25.190 0100|01|00|06|f801fe|1f860003fd20[payload->].. ||8,445
2025-07-31T05:35:33.680 0100|00|00|05|fa0001|1f86000763[payload->].c||25,351
2025-07-31T05:35:33.781 0100|01|00|06|f801fe|1f860003fd20[payload->].. ||8,445
2025-07-31T05:45:42.555 0100|00|00|05|fa0001|1f86000763[payload->].c||25,351
2025-07-31T05:45:42.656 0100|01|00|06|f801fe|1f860003fd20[payload->].. ||8,445
2025-07-31T05:55:51.511 0100|00|00|05|fa0001|1f86000763[payload->].c||25,351
2025-07-31T05:55:51.612 0100|01|00|06|f801fe|1f860003fd20[payload->].. ||8,445
2025-07-31T06:06:00.436 0100|00|00|05|fa0001|1f86000763[payload->].c||25,351
2025-07-31T06:06:00.537 0100|01|00|06|f801fe|1f860003fd20[payload->].. ||8,445
2025-07-31T06:16:07.618 0100|00|00|05|fa0001|1f86000763[payload->].c||25,351
2025-07-31T06:16:07.719 0100|01|00|06|f801fe|1f860003fd20[payload->].. ||8,445
2025-07-31T06:26:16.473 0100|00|00|05|fa0001|1f86000763[payload->].c||25,351
2025-07-31T06:26:16.574 0100|01|00|06|f801fe|1f860003fd20[payload->].. ||8,445
2025-07-31T06:46:32.790 0100|00|00|05|fa0001|1f86000763[payload->].c||25,351
2025-07-31T06:46:32.896 0100|01|00|06|f801fe|1f860003fd20[payload->].. ||8,445
2025-07-31T06:56:41.634 0100|00|00|05|fa0001|1f86000763[payload->].c||25,351
2025-07-31T06:56:41.735 0100|01|00|06|f801fe|1f860003fd20[payload->].. ||8,445
2025-07-31T07:06:50.273 0100|00|00|05|fa0001|1f86000763[payload->].c||25,351
2025-07-31T07:06:50.374 0100|01|00|06|f801fe|1f860003fd20[payload->].. ||8,445
2025-07-31T07:16:57.537 0100|00|00|05|fa0001|1f86000763[payload->].c||25,351
2025-07-31T07:16:57.638 0100|01|00|06|f801fe|1f860003fd20[payload->].. ||8,445
2025-07-31T07:27:07.071 0100|00|00|05|fa0001|1f86000763[payload->].c||25,351
2025-07-31T07:27:07.171 0100|01|00|06|f801fe|1f860003fd20[payload->].. ||8,445
2025-07-31T07:37:16.571 0100|00|00|05|fa0001|1f86000763[payload->].c||25,351
2025-07-31T07:37:16.672 0100|01|00|06|f801fe|1f860003fd20[payload->].. ||8,445
2025-07-31T07:47:23.592 0100|00|00|05|fa0001|1f86000763[payload->].c||25,351
2025-07-31T07:47:23.593 0100|01|00|06|f801fe|1f860003fd20[payload->].. ||8,445
2025-07-31T07:57:31.684 0100|00|00|05|fa0001|1f86000763[payload->].c||25,351
2025-07-31T07:57:31.885 0100|01|00|06|f801fe|1f860003fd20[payload->].. ||8,445
2025-07-31T08:07:40.900 0100|00|00|05|fa0001|1f86000763[payload->].c||25,351
2025-07-31T08:07:41.001 0100|01|00|06|f801fe|1f860003fd20[payload->].. ||8,445
2025-07-31T08:17:50.507 0100|00|00|05|fa0001|1f86000763[payload->].c||25,351
2025-07-31T08:17:50.507 0100|01|00|06|f801fe|1f860003fd20[payload->].. ||8,445
2025-07-31T08:27:57.540 0100|00|00|05|fa0001|1f86000763[payload->].c||25,351
2025-07-31T08:27:57.541 0100|01|00|06|f801fe|1f860003fd20[payload->].. ||8,445
2025-07-31T08:38:08.147 0100|00|00|05|fa0001|1f86000763[payload->].c||25,351
2025-07-31T08:38:08.249 0100|01|00|06|f801fe|1f860003fd20[payload->].. ||8,445
2025-07-31T08:48:15.573 0100|00|00|05|fa0001|1f86000763[payload->].c||25,351
2025-07-31T08:48:15.574 0100|01|00|06|f801fe|1f860003fd20[payload->].. ||8,445
2025-07-31T08:58:23.543 0100|00|00|05|fa0001|1f86000763[payload->].c||25,351
2025-07-31T08:58:23.644 0100|01|00|06|f801fe|1f860003fd20[payload->].. ||8,445
2025-07-31T09:08:32.713 0100|00|00|05|fa0001|1f86000763[payload->].c||25,351
2025-07-31T09:08:32.814 0100|01|00|06|f801fe|1f860003fd20[payload->].. ||8,445
2025-07-31T09:18:40.732 0100|00|00|05|fa0001|1f86000763[payload->].c||25,351
2025-07-31T09:18:40.834 0100|01|00|06|f801fe|1f860003fd20[payload->].. ||8,445
2025-07-31T09:28:48.606 0100|00|00|05|fa0001|1f86000763[payload->].c||25,351
2025-07-31T09:28:48.606 0100|01|00|06|f801fe|1f860003fd20[payload->].. ||8,445
2025-07-31T09:38:56.692 0100|00|00|05|fa0001|1f86000763[payload->].c||25,351
2025-07-31T09:38:56.793 0100|01|00|06|f801fe|1f860003fd20[payload->].. ||8,445
2025-07-31T09:49:05.265 0100|00|00|05|fa0001|1f86000763[payload->].c||25,351
2025-07-31T09:49:05.366 0100|01|00|06|f801fe|1f860003fd20[payload->].. ||8,445
2025-07-31T09:59:12.749 0100|00|00|05|fa0001|1f86000763[payload->].c||25,351
2025-07-31T09:59:12.749 0100|01|00|06|f801fe|1f860003fd20[payload->].. ||8,445
2025-07-31T10:09:22.019 0100|01|00|06|f801fe|1f860003fd20[payload->].. ||8,445
2025-07-31T10:19:30.243 0100|00|00|05|fa0001|1f86000763[payload->].c||25,351
2025-07-31T10:19:30.344 0100|01|00|06|f801fe|1f860003fd20[payload->].. ||8,445
2025-07-31T10:29:38.602 0100|00|00|05|fa0001|1f86000763[payload->].c||25,351
2025-07-31T10:29:38.602 0100|01|00|06|f801fe|1f860003fd20[payload->].. ||8,445
2025-07-31T10:39:46.863 0100|00|00|05|fa0001|1f86000763[payload->].c||25,351
2025-07-31T10:39:46.964 0100|01|00|06|f801fe|1f860003fd20[payload->].. ||8,445
2025-07-31T10:49:55.727 0100|00|00|05|fa0001|1f86000763[payload->].c||25,351
2025-07-31T10:49:55.828 0100|01|00|06|f801fe|1f860003fd20[payload->].. ||8,445
2025-07-31T11:00:03.670 0100|00|00|05|fa0001|1f86000763[payload->].c||25,351
2025-07-31T11:00:03.670 0100|01|00|06|f801fe|1f860003fd20[payload->].. ||8,445
2025-07-31T11:10:12.681 0100|00|00|05|fa0001|1f86000763[payload->].c||25,351
2025-07-31T11:10:12.782 0100|01|00|06|f801fe|1f860003fd20[payload->].. ||8,445
2025-07-31T11:20:21.538 0100|00|00|05|fa0001|1f86000763[payload->].c||25,351
2025-07-31T11:20:21.639 0100|01|00|06|f801fe|1f860003fd20[payload->].. ||8,445
2025-07-31T11:30:30.225 0100|00|00|05|fa0001|1f86000763[payload->].c||25,351
2025-07-31T11:30:30.326 0100|01|00|06|f801fe|1f860003fd20[payload->].. ||8,445
2025-07-31T11:40:38.815 0100|00|00|05|fa0001|1f86000763[payload->].c||25,351
2025-07-31T11:40:38.916 0100|01|00|06|f801fe|1f860003fd20[payload->].. ||8,445
2025-07-31T11:50:46.886 0100|00|00|05|fa0001|1f86000763[payload->].c||25,351
2025-07-31T11:50:46.886 0100|01|00|06|f801fe|1f860003fd20[payload->].. ||8,445
2025-07-31T12:00:55.948 0100|00|00|05|fa0001|1f86000763[payload->].c||25,351
2025-07-31T12:00:56.049 0100|01|00|06|f801fe|1f860003fd20[payload->].. ||8,445
2025-07-31T12:11:03.746 0100|00|00|05|fa0001|1f86000763[payload->].c||25,351
2025-07-31T12:11:03.847 0100|01|00|06|f801fe|1f860003fd20[payload->].. ||8,445
2025-07-31T12:21:12.518 0100|00|00|05|fa0001|1f86000763[payload->].c||25,351
2025-07-31T12:21:12.620 0100|01|00|06|f801fe|1f860003fd20[payload->].. ||8,445
2025-07-31T12:31:21.797 0100|00|00|05|fa0001|1f86000763[payload->].c||25,351
2025-07-31T12:31:21.797 0100|01|00|06|f801fe|1f860003fd20[payload->].. ||8,445
2025-07-31T12:41:32.482 0100|00|00|05|fa0001|1f86000763[payload->].c||25,351
2025-07-31T12:41:32.583 0100|01|00|06|f801fe|1f860003fd20[payload->].. ||8,445
2025-07-31T12:51:41.909 0100|00|00|05|fa0001|1f86000763[payload->].c||25,351
2025-07-31T12:51:42.010 0100|01|00|06|f801fe|1f860003fd20[payload->].. ||8,445
2025-07-31T13:01:51.281 0100|00|00|05|fa0001|1f86000763[payload->].c||25,351
2025-07-31T13:01:51.382 0100|01|00|06|f801fe|1f860003fd20[payload->].. ||8,445
2025-07-31T13:11:59.032 0100|00|00|05|fa0001|1f86000763[payload->].c||25,351
2025-07-31T13:11:59.032 0100|01|00|06|f801fe|1f860003fd20[payload->].. ||8,445
2025-07-31T13:22:08.273 0100|00|00|05|fa0001|1f86000763[payload->].c||25,351
2025-07-31T13:32:15.797 0100|00|00|05|fa0001|1f86000763[payload->].c||25,351
2025-07-31T13:32:15.898 0100|01|00|06|f801fe|1f860003fd20[payload->].. ||8,445
2025-07-31T13:42:23.664 0100|00|00|05|fa0001|1f86000763[payload->].c||25,351
2025-07-31T13:42:23.664 0100|01|00|06|f801fe|1f860003fd20[payload->].. ||8,445
2025-07-31T13:52:32.608 0100|00|00|05|fa0001|1f86000763[payload->].c||25,351
2025-07-31T13:52:32.608 0100|01|00|06|f801fe|1f860003fd20[payload->].. ||8,445
2025-07-31T14:02:41.757 0100|00|00|05|fa0001|1f86000763[payload->].c||25,351
2025-07-31T14:02:41.858 0100|01|00|06|f801fe|1f860003fd20[payload->].. ||8,445
2025-07-31T14:12:51.154 0100|00|00|05|fa0001|1f86000763[payload->].c||25,351
2025-07-31T14:12:51.255 0100|01|00|06|f801fe|1f860003fd20[payload->].. ||8,445
2025-07-31T14:22:58.711 0100|00|00|05|fa0001|1f86000763[payload->].c||25,351
2025-07-31T14:22:58.712 0100|01|00|06|f801fe|1f860003fd20[payload->].. ||8,445
2025-07-31T14:33:07.694 0100|00|00|05|fa0001|1f86000763[payload->].c||25,351
2025-07-31T14:33:07.694 0100|01|00|06|f801fe|1f860003fd20[payload->].. ||8,445
2025-07-31T14:53:25.443 0100|00|00|05|fa0001|1f86000763[payload->].c||25,351
2025-07-31T14:53:25.544 0100|01|00|06|f801fe|1f860003fd20[payload->].. ||8,445
2025-07-31T15:03:32.583 0100|00|00|05|fa0001|1f86000763[payload->].c||25,351
2025-07-31T15:03:32.684 0100|01|00|06|f801fe|1f860003fd20[payload->].. ||8,445
2025-07-31T15:13:41.673 0100|00|00|05|fa0001|1f86000763[payload->].c||25,351
2025-07-31T15:13:41.673 0100|01|00|06|f801fe|1f860003fd20[payload->].. ||8,445
2025-07-31T15:23:50.249 0100|00|00|05|fa0001|1f86000763[payload->].c||25,351
2025-07-31T15:23:50.350 0100|01|00|06|f801fe|1f860003fd20[payload->].. ||8,445
2025-07-31T15:33:58.933 0100|00|00|05|fa0001|1f86000763[payload->].c||25,351
2025-07-31T15:33:59.034 0100|01|00|06|f801fe|1f860003fd20[payload->].. ||8,445
2025-07-31T15:44:07.573 0100|00|00|05|fa0001|1f86000763[payload->].c||25,351
2025-07-31T15:44:07.674 0100|01|00|06|f801fe|1f860003fd20[payload->].. ||8,445
2025-07-31T15:54:17.023 0100|00|00|05|fa0001|1f86000763[payload->].c||25,351
2025-07-31T16:04:26.765 0100|00|00|05|fa0001|1f86000763[payload->].c||25,351
2025-07-31T16:04:26.866 0100|01|00|06|f801fe|1f860003fd20[payload->].. ||8,445
2025-07-31T16:14:35.207 0100|00|00|05|fa0001|1f86000763[payload->].c||25,351
2025-07-31T16:14:35.308 0100|01|00|06|f801fe|1f860003fd20[payload->].. ||8,445
2025-07-31T16:24:43.694 0100|00|00|05|fa0001|1f86000763[payload->].c||25,351
2025-07-31T16:24:43.795 0100|01|00|06|f801fe|1f860003fd20[payload->].. ||8,445
2025-07-31T16:34:51.742 0100|00|00|05|fa0001|1f86000763[payload->].c||25,351
2025-07-31T16:34:51.843 0100|01|00|06|f801fe|1f860003fd20[payload->].. ||8,445
2025-07-31T16:55:10.640 0100|00|00|05|fa0001|1f86000763[payload->].c||25,351
2025-07-31T16:55:10.641 0100|01|00|06|f801fe|1f860003fd20[payload->].. ||8,445
2025-07-31T17:05:18.712 0100|00|00|05|fa0001|1f86000763[payload->].c||25,351
2025-07-31T17:05:18.813 0100|01|00|06|f801fe|1f860003fd20[payload->].. ||8,445
2025-07-31T17:15:27.917 0100|00|00|05|fa0001|1f86000763[payload->].c||25,351
2025-07-31T17:15:27.917 0100|01|00|06|f881fe|1f860003fd20[payload->].. ||8,445
2025-07-31T17:25:37.028 0100|00|00|05|fa0001|1f86000763[payload->].c||25,351
2025-07-31T17:25:37.028 0100|01|00|06|f801fe|1f860003fd20[payload->].. ||8,445
2025-07-31T17:35:46.686 0100|00|00|05|fa0001|1f86000763[payload->].c||25,351
2025-07-31T17:35:46.788 0100|01|00|06|f801fe|1f860003fd20[payload->].. ||8,445
2025-07-31T17:45:55.815 0100|00|00|05|fa0001|1f86000763[payload->].c||25,351
2025-07-31T17:45:55.916 0100|01|00|06|f801fe|1f860003fd20[payload->].. ||8,445
2025-07-31T17:56:03.925 0100|00|00|05|fa0001|1f86000763[payload->].c||25,351
2025-07-31T17:56:03.925 0100|01|00|06|f801fe|1f860003fd20[payload->].. ||8,445
2025-07-31T18:06:13.087 0100|00|00|05|fa0001|1f86000763[payload->].c||25,351
2025-07-31T18:06:13.087 0100|01|00|06|f801fe|1f860003fd20[payload->].. ||8,445
2025-07-31T18:16:21.824 0100|00|00|05|fa0001|1f86000763[payload->].c||25,351
2025-07-31T18:16:21.824 0100|01|00|06|f801fe|1f860003fd20[payload->].. ||8,445
2025-07-31T18:26:30.866 0100|00|00|05|fa0001|1f86000763[payload->].c||25,351
2025-07-31T18:26:31.068 0100|01|00|06|f801fe|1f860003fd20[payload->].. ||8,445
2025-07-31T18:36:40.270 0100|00|00|05|fa0001|1f86000763[payload->].c||25,351
2025-07-31T18:36:40.371 0100|01|00|06|f801fe|1f860003fd20[payload->].. ||8,445
2025-07-31T18:46:49.048 0100|00|00|05|fa0001|1f86000763[payload->].c||25,351
2025-07-31T18:46:49.149 0100|01|00|06|f801fe|1f860003fd20[payload->].. ||8,445
2025-07-31T18:56:58.195 0100|00|00|05|fa0001|1f86000763[payload->].c||25,351
2025-07-31T18:56:58.195 0100|01|00|06|f801fe|1f860003fd20[payload->].. ||8,445
2025-07-31T19:07:07.516 0100|00|00|05|fa0001|1f86000763[payload->].c||25,351
2025-07-31T19:07:07.617 0100|01|00|06|f801fe|1f860003fd20[payload->].. ||8,445
2025-07-31T19:17:17.499 0100|00|00|05|fa0001|1f86000763[payload->].c||25,351
2025-07-31T19:17:17.600 0100|01|00|06|f801fe|1f860003fd20[payload->].. ||8,445
2025-07-31T19:27:25.438 0100|00|00|05|fa0001|1f86000763[payload->].c||25,351
2025-07-31T19:27:25.539 0100|01|00|06|f801fe|1f860003fd20[payload->].. ||8,445
2025-07-31T19:47:42.926 0100|00|00|05|fa0001|1f86000763[payload->].c||25,351
2025-07-31T19:47:43.027 0100|01|00|06|f801fe|1f860003fd20[payload->].. ||8,445
2025-07-31T19:57:51.802 0100|00|00|05|fa0001|1f86000763[payload->].c||25,351
2025-07-31T19:57:51.903 0100|01|00|06|f801fe|1f860003fd20[payload->].. ||8,445
2025-07-31T20:08:00.701 0100|00|00|05|fa0001|1f86000763[payload->].c||25,351
2025-07-31T20:08:00.701 0100|01|00|06|f801fe|1f860003fd20[payload->].. ||8,445
2025-07-31T20:18:08.832 0100|00|00|05|fa0001|1f86000763[payload->].c||25,351
2025-07-31T20:18:08.833 0100|01|00|06|f801fe|1f860003fd20[payload->].. ||8,445
2025-07-31T20:28:17.702 0100|00|00|05|fa0001|1f86000763[payload->].c||25,351
2025-07-31T20:28:17.803 0100|01|00|06|f801fe|1f860003fd20[payload->].. ||8,445
2025-07-31T20:38:27.784 0100|00|00|05|fa0001|1f86000763[payload->].c||25,351
2025-07-31T20:38:27.785 0100|01|00|06|f801fe|1f860003fd20[payload->].. ||8,445
2025-07-31T20:48:36.753 0100|00|00|05|fa0001|1f86000763[payload->].c||25,351
2025-07-31T20:48:36.854 0100|01|00|06|f801fe|1f860003fd20[payload->].. ||8,445
2025-07-31T20:58:46.137 0100|00|00|05|fa0001|1f86000763[payload->].c||25,351
2025-07-31T20:58:46.138 0100|01|00|06|f801fe|1f860003fd20[payload->].. ||8,445
2025-07-31T21:08:53.799 0100|00|00|05|fa0001|1f86000763[payload->].c||25,351
2025-07-31T21:08:53.900 0100|01|00|06|f801fe|1f860003fd20[payload->].. ||8,445
2025-07-31T21:19:02.765 0100|00|00|05|fa0001|1f86000763[payload->].c||25,351
2025-07-31T21:19:02.866 0100|01|00|06|f801fe|1f860003fd20[payload->].. ||8,445
2025-07-31T21:29:11.853 0100|00|00|05|fa0001|1f86000763[payload->].c||25,351
2025-07-31T21:29:11.954 0100|01|00|06|f801fe|1f860003fd20[payload->].. ||8,445
2025-07-31T21:39:20.744 0100|00|00|05|fa0001|1f86000763[payload->].c||25,351
2025-07-31T21:39:20.845 0100|01|00|06|f801fe|1f860003fd20[payload->].. ||8,445
2025-07-31T21:49:30.322 0100|00|00|05|fa0001|1f86000763[payload->].c||25,351
2025-07-31T21:49:30.423 0100|01|00|06|f801fe|1f860003fd20[payload->].. ||8,445
2025-07-31T21:59:37.515 0100|00|00|05|fa0001|1f86000763[payload->].c||25,351
2025-07-31T21:59:37.616 0100|01|00|06|f801fe|1f860003fd20[payload->].. ||8,445
2025-07-31T22:19:55.480 0100|00|00|05|fa0001|1f86000763[payload->].c||25,351
2025-07-31T22:19:55.480 0100|01|00|06|f801fe|1f860003fd20[payload->].. ||8,445
2025-07-31T22:30:03.985 0100|00|00|05|fa0001|1f86000763[payload->].c||25,351
2025-07-31T22:30:03.985 0100|01|00|06|f801fe|1f860003fd20[payload->].. ||8,445
2025-07-31T22:40:12.746 0100|00|00|05|fa0001|1f86000763[payload->].c||25,351
2025-07-31T22:40:12.847 0100|01|00|06|f801fe|1f860003fd20[payload->].. ||8,445
2025-07-31T22:50:22.585 0100|00|00|05|fa0001|1f86000763[payload->].c||25,351
2025-07-31T22:50:22.585 0100|01|00|06|f801fe|1f860003fd20[payload->].. ||8,445
2025-07-31T23:00:31.677 0100|00|00|05|fa0001|1f86000763[payload->].c||25,351
2025-07-31T23:00:31.778 0100|01|00|06|f801fe|1f860003fd20[payload->].. ||8,445
2025-07-31T23:10:40.943 0100|00|00|05|fa0001|1f86000763[payload->].c||25,351
2025-07-31T23:10:41.044 0100|01|00|06|f801fe|1f860003fd20[payload->].. ||8,445
2025-07-31T23:20:50.290 0100|00|00|05|fa0001|1f86000763[payload->].c||25,351
2025-07-31T23:20:50.391 0100|01|00|06|f801fe|1f860003fd20[payload->].. ||8,445
2025-07-31T23:30:58.715 0100|00|00|05|fa0001|1f86000763[payload->].c||25,351
2025-07-31T23:30:58.816 0100|01|00|06|f801fe|1f860003fd20[payload->].. ||8,445
2025-07-31T23:41:07.774 0100|00|00|05|fa0001|1f86000763[payload->].c||25,351
2025-07-31T23:41:07.875 0100|01|00|06|f801fe|1f860003fd20[payload->].. ||8,445
2025-07-31T23:51:17.945 0100|00|00|05|fa0001|1f86000763[payload->].c||25,351
2025-07-31T23:51:18.047 0100|01|00|06|f801fe|1f860003fd20[payload->].. ||8,445
2025-08-01T00:01:26.901 0100|00|00|05|fa0001|1f86000763[payload->].c||25,351
2025-08-01T00:01:27.002 0100|01|00|06|f801fe|1f860003fd20[payload->].. ||8,445
2025-08-01T00:11:35.514 0100|00|00|05|fa0001|1f86000763[payload->].c||25,351
2025-08-01T00:11:35.615 0100|01|00|06|f801fe|1f860003fd20[payload->].. ||8,445
2025-08-01T00:21:43.579 0100|00|00|05|fa0001|1f86000763[payload->].c||25,351
2025-08-01T00:21:43.579 0100|01|00|06|f801fe|1f860003fd20[payload->].. ||8,445
2025-08-01T00:31:52.554 0100|00|00|05|fa0001|1f86000763[payload->].c||25,351
2025-08-01T00:31:52.554 0100|01|00|06|f801fe|1f860003fd20[payload->].. ||8,445
2025-08-01T00:42:01.954 0100|00|00|05|fa0001|1f86000763[payload->].c||25,351
2025-08-01T00:42:02.055 0100|01|00|06|f801fe|1f860003fd20[payload->].. ||8,445
2025-08-01T00:52:10.793 0100|00|00|05|fa0001|1f86000763[payload->].c||25,351
2025-08-01T00:52:10.894 0100|01|00|06|f801fe|1f860003fd20[payload->].. ||8,445
2025-08-01T01:02:20.194 0100|00|00|05|fa0001|1f86000763[payload->].c||25,351
2025-08-01T01:02:20.295 0100|01|00|06|f801fe|1f860003fd20[payload->].. ||8,445
2025-08-01T01:12:28.988 0100|00|00|05|fa0001|1f86000763[payload->].c||25,351
2025-08-01T01:12:28.989 0100|01|00|06|f801fe|1f860003fd20[payload->].. ||8,445
2025-08-01T01:22:37.833 0100|00|00|05|fa0001|1f86000763[payload->].c||25,351
2025-08-01T01:22:37.834 0100|01|00|06|f801fe|1f860003fd20[payload->].. ||8,445
2025-08-01T01:32:46.888 0100|00|00|05|fa0001|1f86000763[payload->].c||25,351
2025-08-01T01:32:46.889 0100|01|00|06|f801fe|1f860003fd20[payload->].. ||8,445
2025-08-01T01:42:55.258 0100|00|00|05|fa0001|1f86000763[payload->].c||25,351
2025-08-01T01:42:55.359 0100|01|00|06|f801fe|1f860003fd20[payload->].. ||8,445
2025-08-01T01:53:03.731 0100|00|00|05|fa0001|1f86000763[payload->].c||25,351
2025-08-01T01:53:03.832 0100|01|00|06|f801fe|1f860003fd20[payload->].. ||8,445
2025-08-01T02:03:12.686 0100|00|00|05|fa0001|1f86000763[payload->].c||25,351
2025-08-01T02:13:21.792 0100|00|00|05|fa0001|1f86000763[payload->].c||25,351
2025-08-01T02:13:21.893 0100|01|00|06|f801fe|1f860003fd20[payload->].. ||8,445
2025-08-01T02:23:30.870 0100|00|00|05|fa0001|1f86000763[payload->].c||25,351
2025-08-01T02:23:30.971 0100|01|00|06|f801fe|1f860003fd20[payload->].. ||8,445
2025-08-01T02:33:38.881 0100|00|00|05|fa0001|1f86000763[payload->].c||25,351
2025-08-01T02:33:38.882 0100|01|00|06|f801fe|1f860003fd20[payload->].. ||8,445
2025-08-01T02:43:48.106 0100|00|00|05|fa0001|1f86000763[payload->].c||25,351
2025-08-01T02:53:57.060 0100|00|00|05|fa0001|1f86000763[payload->].c||25,351
2025-08-01T02:53:57.060 0100|01|00|06|f801fe|1f860003fd20[payload->].. ||8,445
2025-08-01T03:04:05.200 0100|00|00|05|fa0001|1f86000763[payload->].c||25,351
2025-08-01T03:04:05.301 0100|01|00|06|f801fe|1f860003fd20[payload->].. ||8,445
2025-08-01T03:14:13.859 0100|00|00|05|fa0001|1f86000763[payload->].c||25,351
2025-08-01T03:14:13.960 0100|01|00|06|f801fe|1f860003fd20[payload->].. ||8,445
2025-08-01T03:24:22.542 0100|00|00|05|fa0001|1f86000763[payload->].c||25,351
2025-08-01T03:24:22.542 0100|01|00|06|f801fe|1f860003fd20[payload->].. ||8,445
2025-08-01T03:34:30.940 0100|00|00|05|fa0001|1f86000763[payload->].c||25,351
2025-08-01T03:34:31.041 0100|01|00|06|f801fe|1f860003fd20[payload->].. ||8,445
2025-08-01T03:44:38.661 0100|00|00|05|fa0001|1f86000763[payload->].c||25,351
2025-08-01T03:44:38.762 0100|01|00|06|f801fe|1f860003fd20[payload->].. ||8,445
2025-08-01T03:54:47.643 0100|00|00|05|fa0001|1f86000763[payload->].c||25,351
2025-08-01T03:54:47.744 0100|01|00|06|f801fe|1f860003fd20[payload->].. ||8,445
2025-08-01T04:04:57.063 0100|00|00|05|fa0001|1f86000763[payload->].c||25,351
2025-08-01T04:04:57.063 0100|01|00|06|f801fe|1f860003fd20[payload->].. ||8,445
2025-08-01T04:15:06.647 0100|00|00|05|fa0001|1f86000763[payload->].c||25,351
2025-08-01T04:15:06.748 0100|01|00|06|f801fe|1f860003fd20[payload->].. ||8,445
2025-08-01T04:25:15.390 0100|00|00|05|fa0001|1f86000763[payload->].c||25,351
2025-08-01T04:25:15.390 0100|01|00|06|f801fe|1f860003fd20[payload->].. ||8,445
2025-08-01T04:35:23.728 0100|00|00|05|fa0001|1f86000763[payload->].c||25,351
2025-08-01T04:35:23.728 0100|01|00|06|f801fe|1f860003fd20[payload->].. ||8,445
2025-08-01T04:45:33.584 0100|00|00|05|fa0001|1f86000763[payload->].c||25,351
2025-08-01T04:45:33.686 0100|01|00|06|f801fe|1f860003fd20[payload->].. ||8,445
2025-08-01T04:55:42.661 0100|00|00|05|fa0001|1f86000763[payload->].c||25,351
2025-08-01T04:55:42.762 0100|01|00|06|f801fe|1f860003fd20[payload->].. ||8,445
2025-08-01T05:05:52.210 0100|00|00|05|fa0001|1f86000763[payload->].c||25,351
2025-08-01T05:05:52.311 0100|01|00|06|f801fe|1f860003fd20[payload->].. ||8,445
2025-08-01T05:16:00.822 0100|00|00|05|fa0001|1f86000763[payload->].c||25,351
2025-08-01T05:16:00.923 0100|01|00|06|f801fe|1f860003fd20[payload->].. ||8,445
2025-08-01T05:26:08.732 0100|00|00|05|fa0001|1f86000763[payload->].c||25,351
2025-08-01T05:26:08.833 0100|01|00|06|f801fe|1f860003fd20[payload->].. ||8,445
2025-08-01T05:36:17.713 0100|00|00|05|fa0001|1f86000763[payload->].c||25,351
2025-08-01T05:36:17.714 0100|01|00|06|f801fe|1f860003fd20[payload->].. ||8,445
2025-08-01T05:46:26.945 0100|00|00|05|fa0001|1f86000763[payload->].c||25,351
2025-08-01T05:46:27.046 0100|01|00|06|f801fe|1f860003fd20[payload->].. ||8,445
2025-08-01T05:56:36.513 0100|00|00|05|fa0001|1f86000763[payload->].c||25,351
2025-08-01T05:56:36.615 0100|01|00|06|f801fe|1f860003fd20[payload->].. ||8,445
2025-08-01T06:06:45.419 0100|00|00|05|fa0001|1f86000763[payload->].c||25,351
2025-08-01T06:06:45.520 0100|01|00|06|f801fe|1f860003fd20[payload->].. ||8,445
2025-08-01T06:16:53.664 0100|00|00|05|fa0001|1f86000763[payload->].c||25,351
2025-08-01T06:16:53.765 0100|01|00|06|f801fe|1f860003fd20[payload->].. ||8,445
2025-08-01T06:27:02.703 0100|00|00|05|fa0001|1f86000763[payload->].c||25,351
2025-08-01T06:27:02.804 0100|01|00|06|f801fe|1f860003fd20[payload->].. ||8,445
2025-08-01T06:37:10.792 0100|00|00|05|fa0001|1f86000763[payload->].c||25,351
2025-08-01T06:37:10.893 0100|01|00|06|f801fe|1f860003fd20[payload->].. ||8,445
2025-08-01T06:47:18.870 0100|00|00|05|fa0001|1f86000763[payload->].c||25,351
2025-08-01T06:47:18.971 0100|01|00|06|f801fe|1f860003fd20[payload->].. ||8,445
2025-08-01T06:57:27.602 0100|00|00|05|fa0001|1f86000763[payload->].c||25,351
2025-08-01T06:57:27.703 0100|01|00|06|f801fe|1f860003fd20[payload->].. ||8,445
2025-08-01T07:07:37.139 0100|00|00|05|fa0001|1f86000763[payload->].c||25,351
2025-08-01T07:07:37.140 0100|01|00|06|f801fe|1f860003fd20[payload->].. ||8,445
2025-08-01T07:17:45.154 0100|00|00|05|fa0001|1f86000763[payload->].c||25,351
2025-08-01T07:17:45.255 0100|01|00|06|f801fe|1f860003fd20[payload->].. ||8,445
2025-08-01T07:27:53.730 0100|00|00|05|fa0001|1f86000763[payload->].c||25,351
2025-08-01T07:27:53.831 0100|01|00|06|f801fe|1f860003fd20[payload->].. ||8,445
2025-08-01T07:38:02.940 0100|00|00|05|fa0001|1f86000763[payload->].c||25,351
2025-08-01T07:38:02.940 0100|01|00|06|f801fe|1f860003fd20[payload->].. ||8,445
2025-08-01T07:48:11.394 0100|00|00|05|fa0001|1f86000763[payload->].c||25,351
2025-08-01T07:48:11.395 0100|01|00|06|f801fe|1f860003fd20[payload->].. ||8,445
2025-08-01T07:58:20.631 0100|00|00|05|fa0001|1f86000763[payload->].c||25,351
2025-08-01T07:58:20.732 0100|01|00|06|f801fe|1f860003fd20[payload->].. ||8,445
2025-08-01T08:08:28.886 0100|00|00|05|fa0001|1f86000763[payload->].c||25,351
2025-08-01T08:08:28.988 0100|01|00|06|f801fe|1f860003fd20[payload->].. ||8,445
2025-08-01T08:18:37.751 0100|00|00|05|fa0001|1f86000763[payload->].c||25,351
2025-08-01T08:18:37.751 0100|01|00|06|f801fe|1f860003fd20[payload->].. ||8,445
2025-08-01T08:28:46.941 0100|00|00|05|fa0001|1f86000763[payload->].c||25,351
2025-08-01T08:28:47.042 0100|01|00|06|f801fe|1f860003fd20[payload->].. ||8,445
2025-08-01T08:38:55.496 0100|00|00|05|fa0001|1f86000763[payload->].c||25,351
2025-08-01T08:38:55.698 0100|01|00|06|f801fe|1f860003fd20[payload->].. ||8,445
2025-08-01T08:49:04.062 0100|00|00|05|fa0001|1f86000763[payload->].c||25,351
2025-08-01T08:49:04.062 0100|01|00|06|f801fe|1f860003fd20[payload->].. ||8,445
2025-08-01T08:59:12.863 0100|00|00|05|fa0001|1f86000763[payload->].c||25,351
2025-08-01T08:59:12.864 0100|01|00|06|f801fe|1f860003fd20[payload->].. ||8,445
2025-08-01T09:09:21.887 0100|00|00|05|fa0001|1f86000763[payload->].c||25,351
2025-08-01T09:09:21.888 0100|01|00|06|f801fe|1f860003fd20[payload->].. ||8,445
2025-08-01T09:19:30.643 0100|00|00|05|fa0001|1f86000763[payload->].c||25,351
2025-08-01T09:19:30.744 0100|01|00|06|f801fe|1f860003fd20[payload->].. ||8,445
2025-08-01T09:29:40.505 0100|00|00|05|fa0001|1f86000763[payload->].c||25,351
2025-08-01T09:29:40.506 0100|01|00|06|f801fe|1f860003fd20[payload->].. ||8,445
2025-08-01T09:39:49.223 0100|00|00|05|fa0001|1f86000763[payload->].c||25,351
2025-08-01T09:39:49.424 0100|01|00|06|f801fe|1f860003fd20[payload->].. ||8,445
2025-08-01T09:49:57.613 0100|00|00|05|fa0001|1f86000763[payload->].c||25,351
2025-08-01T09:49:57.714 0100|01|00|06|f801fe|1f860003fd20[payload->].. ||8,445
2025-08-01T10:00:06.045 0100|00|00|05|fa0001|1f86000763[payload->].c||25,351
2025-08-01T10:00:06.146 0100|01|00|06|f801fe|1f860003fd20[payload->].. ||8,445
2025-08-01T10:10:15.574 0100|00|00|05|fa0001|1f86000763[payload->].c||25,351
2025-08-01T10:10:15.575 0100|01|00|06|fa01fe|1f860003fd20[payload->].. ||8,445
2025-08-01T10:20:23.948 0100|00|00|05|fa0001|1f86000763[payload->].c||25,351
2025-08-01T10:20:24.049 0100|01|00|06|f801fe|1f860003fd20[payload->].. ||8,445
2025-08-01T10:30:32.925 0100|00|00|05|fa0001|1f86000763[payload->].c||25,351
2025-08-01T10:30:32.925 0100|01|00|06|f801fe|1f860003fd20[payload->].. ||8,445
2025-08-01T10:40:41.757 0100|00|00|05|fa0001|1f86000763[payload->].c||25,351
2025-08-01T10:40:41.858 0100|01|00|06|f801fe|1f860003fd20[payload->].. ||8,445
2025-08-01T10:50:50.573 0100|00|00|05|fa0001|1f86000763[payload->].c||25,351
2025-08-01T10:50:50.574 0100|01|00|06|f801fe|1f860003fd20[payload->].. ||8,445
2025-08-01T11:01:00.419 0100|00|00|05|fa0001|1f86000763[payload->].c||25,351
2025-08-01T11:01:00.520 0100|01|00|06|f801fe|1f860003fd20[payload->].. ||8,445
2025-08-01T11:11:08.839 0100|00|00|05|fa0001|1f86000763[payload->].c||25,351
2025-08-01T11:11:08.839 0100|01|00|06|f801fe|1f860003fd20[payload->].. ||8,445
2025-08-01T11:21:17.679 0100|00|00|05|fa0001|1f86000763[payload->].c||25,351
2025-08-01T11:21:17.780 0100|01|00|06|f801fe|1f860003fd20[payload->].. ||8,445
2025-08-01T11:41:37.670 0100|00|00|05|fa0001|1f86000763[payload->].c||25,351
2025-08-01T11:41:37.771 0100|01|00|06|f801fe|1f860003fd20[payload->].. ||8,445
2025-08-01T11:51:46.138 0100|00|00|05|fa0001|1f86000763[payload->].c||25,351
2025-08-01T11:51:46.239 0100|01|00|06|f801fe|1f860003fd20[payload->].. ||8,445
2025-08-01T12:01:56.035 0100|00|00|05|fa0001|1f86000763[payload->].c||25,351
2025-08-01T12:01:56.035 0100|01|00|06|f801fe|1f860003fd20[payload->].. ||8,445
2025-08-01T12:12:03.954 0100|00|00|05|fa0001|1f86000763[payload->].c||25,351
2025-08-01T12:12:04.055 0100|01|00|06|f801fe|1f860003fd20[payload->].. ||8,445
2025-08-01T12:22:12.865 0100|00|00|05|fa0001|1f86000763[payload->].c||25,351
2025-08-01T12:22:12.866 0100|01|00|06|f801fe|1f860003fd20[payload->].. ||8,445
2025-08-01T12:32:21.652 0100|00|00|05|fa0001|1f86000763[payload->].c||25,351
2025-08-01T12:32:21.753 0100|01|00|06|f801fe|1f860003fd20[payload->].. ||8,445
2025-08-01T12:42:30.453 0100|00|00|05|fa0001|1f86000763[payload->].c||25,351
2025-08-01T12:42:30.554 0100|01|00|06|f801fe|1f860003fd20[payload->].. ||8,445
2025-08-01T12:52:38.656 0100|00|00|05|fa0001|1f86000763[payload->].c||25,351
2025-08-01T12:52:38.656 0100|01|00|06|f801fe|1f860003fd20[payload->].. ||8,445
2025-08-01T13:02:47.796 0100|00|00|05|fa0001|1f86000763[payload->].c||25,351
2025-08-01T13:02:47.797 0100|01|00|06|f801fe|1f860003fd20[payload->].. ||8,445
2025-08-01T13:12:57.717 0100|00|00|05|fa0001|1f86000763[payload->].c||25,351
2025-08-01T13:12:57.717 0100|01|00|06|f801fe|1f860003fd20[payload->].. ||8,445
2025-08-01T13:23:05.442 0100|00|00|05|fa0001|1f86000763[payload->].c||25,351
2025-08-01T13:23:05.442 0100|01|00|06|f801fe|1f860003fd20[payload->].. ||8,445
2025-08-01T13:33:13.727 0100|00|00|05|fa0001|1f86000763[payload->].c||25,351
2025-08-01T13:33:13.828 0100|01|00|06|f801fe|1f860003fd20[payload->].. ||8,445
2025-08-01T13:43:22.870 0100|00|00|05|fa0001|1f86000763[payload->].c||25,351
2025-08-01T13:43:22.971 0100|01|00|06|f801fe|1f860003fd20[payload->].. ||8,445
2025-08-01T13:53:31.682 0100|00|00|05|fa0001|1f86000763[payload->].c||25,351
2025-08-01T13:53:31.682 0100|01|00|06|f801fe|1f860003fd20[payload->].. ||8,445
2025-08-01T14:03:40.746 0100|00|00|05|fa0001|1f86000763[payload->].c||25,351
2025-08-01T14:03:40.847 0100|01|00|06|f801fe|1f860003fd20[payload->].. ||8,445
2025-08-01T14:13:49.275 0100|00|00|05|fa0001|1f86000763[payload->].c||25,351
2025-08-01T14:13:49.276 0100|01|00|06|f801fe|1f860003fd20[payload->].. ||8,445
2025-08-01T14:23:58.030 0100|00|00|05|fa0001|1f86000763[payload->].c||25,351
2025-08-01T14:23:58.131 0100|01|00|06|f801fe|1f860003fd20[payload->].. ||8,445
2025-08-01T14:34:06.546 0100|00|00|05|fa0001|1f86000763[payload->].c||25,351
2025-08-01T14:34:06.647 0100|01|00|06|f801fe|1f860003fd20[payload->].. ||8,445
2025-08-01T14:44:15.279 0100|00|00|05|fa0001|1f86000763[payload->].c||25,351
2025-08-01T14:44:15.279 0100|01|00|06|f801fe|1f860003fd20[payload->].. ||8,445
2025-08-01T14:54:23.733 0100|00|00|05|fa0001|1f86000763[payload->].c||25,351
2025-08-01T14:54:23.733 0100|01|00|06|f801fe|1f860003fd20[payload->].. ||8,445
2025-08-01T15:04:32.538 0100|00|00|05|fa0001|1f86000763[payload->].c||25,351
2025-08-01T15:04:32.639 0100|01|00|06|f801fe|1f860003fd20[payload->].. ||8,445
2025-08-01T15:14:41.681 0100|00|00|05|fa0001|1f86000763[payload->].c||25,351
2025-08-01T15:14:41.782 0100|01|00|06|f801fe|1f860003fd20[payload->].. ||8,445
2025-08-01T15:24:51.148 0100|00|00|05|fa0001|1f86000763[payload->].c||25,351
2025-08-01T15:24:51.249 0100|01|00|06|f801fe|1f860003fd20[payload->].. ||8,445
2025-08-01T15:34:59.064 0100|00|00|05|fa0001|1f86000763[payload->].c||25,351
2025-08-01T15:34:59.165 0100|01|00|06|f801fe|1f860003fd20[payload->].. ||8,445
2025-08-01T15:45:07.738 0100|00|00|05|fa0001|1f86000763[payload->].c||25,351
2025-08-01T15:45:07.839 0100|01|00|06|f801fe|1f860003fd20[payload->].. ||8,445
2025-08-01T15:55:16.908 0100|00|00|05|fa0001|1f86000763[payload->].c||25,351
2025-08-01T15:55:17.009 0100|01|00|06|f801fe|1f860003fd20[payload->].. ||8,445
2025-08-01T16:05:25.586 0100|00|00|05|fa0001|1f86000763[payload->].c||25,351
2025-08-01T16:05:25.586 0100|01|00|06|f843fe|1f860003fd20[payload->].. ||8,445
2025-08-01T16:15:33.515 0100|00|00|05|fa0001|1f86000763[payload->].c||25,351
2025-08-01T16:15:33.616 0100|01|00|06|f801fe|1f860003fd20[payload->].. ||8,445
2025-08-01T16:25:43.837 0100|00|00|05|fa0001|1f86000763[payload->].c||25,351
2025-08-01T16:25:43.938 0100|01|00|06|f801fe|1f860003fd20[payload->].. ||8,445
2025-08-01T16:35:51.572 0100|00|00|05|fa0001|1f86000763[payload->].c||25,351
2025-08-01T16:35:51.673 0100|01|00|06|f801fe|1f860003fd20[payload->].. ||8,445
2025-08-01T16:46:01.581 0100|00|00|05|fa0001|1f86000763[payload->].c||25,351
2025-08-01T16:46:01.682 0100|01|00|06|f801fe|1f860003fd20[payload->].. ||8,445
2025-08-01T16:56:09.127 0100|00|00|05|fa0001|1f86000763[payload->].c||25,351
2025-08-01T16:56:09.228 0100|01|00|06|f801fe|1f860003fd20[payload->].. ||8,445
2025-08-01T17:06:17.729 0100|00|00|05|fa0001|1f86000763[payload->].c||25,351
2025-08-01T17:06:17.830 0100|01|00|06|f801fe|1f860003fd20[payload->].. ||8,445
2025-08-01T17:16:26.629 0100|00|00|05|fa0001|1f86000763[payload->].c||25,351
2025-08-01T17:16:26.730 0100|01|00|06|f801fe|1f860003fd20[payload->].. ||8,445
2025-08-01T17:26:35.269 0100|00|00|05|fa0001|1f86000763[payload->].c||25,351
2025-08-01T17:26:35.269 0100|01|00|06|f801fe|1f860003fd20[payload->].. ||8,445
2025-08-01T17:36:43.626 0100|00|00|05|fa0001|1f86000763[payload->].c||25,351
2025-08-01T17:36:43.727 0100|01|00|06|f801fe|1f860003fd20[payload->].. ||8,445
2025-08-01T17:46:52.668 0100|00|00|05|fa0001|1f86000762[payload->].b||25,095
2025-08-01T17:46:52.769 0100|01|00|06|f801fe|1f860003fd20[payload->].. ||8,445
2025-08-01T17:57:01.817 0100|00|00|05|fa0001|1f86000763[payload->].c||25,351
2025-08-01T17:57:01.918 0100|01|00|06|f801fe|1f860003fd20[payload->].. ||8,445
2025-08-01T18:07:11.309 0100|00|00|05|fa0001|1f86000763[payload->].c||25,351
2025-08-01T18:07:11.410 0100|01|00|06|f801fe|1f860003fd20[payload->].. ||8,445
2025-08-01T18:17:19.027 0100|00|00|05|fa0001|1f86000763[payload->].c||25,351
2025-08-01T18:17:19.128 0100|01|00|06|f801fe|1f860003fd20[payload->].. ||8,445
2025-08-01T18:27:28.377 0100|00|00|05|fa0001|1f86000763[payload->].c||25,351
2025-08-01T18:27:28.478 0100|01|00|06|f801fe|1f860003fd20[payload->].. ||8,445
2025-08-01T18:37:36.604 0100|00|00|05|fa0001|1f86000763[payload->].c||25,351
2025-08-01T18:37:36.604 0100|01|00|06|f801fe|1f860003fd20[payload->].. ||8,445
2025-08-01T18:47:43.621 0100|00|00|05|fa0001|1f86000763[payload->].c||25,351
2025-08-01T18:47:43.722 0100|01|00|06|f801fe|1f860003fd20[payload->].. ||8,445
2025-08-01T18:57:52.658 0100|00|00|05|fa0001|1f86000763[payload->].c||25,351
2025-08-01T18:57:52.759 0100|01|00|06|f801fe|1f860003fd20[payload->].. ||8,445
2025-08-01T19:08:02.207 0100|00|00|05|fa0001|1f86000763[payload->].c||25,351
2025-08-01T19:08:02.308 0100|01|00|06|f801fe|1f860003fd20[payload->].. ||8,445
2025-08-01T19:18:10.429 0100|00|00|05|fa0001|1f86000763[payload->].c||25,351
2025-08-01T19:18:10.429 0100|01|00|06|f801fe|1f860003fd20[payload->].. ||8,445
2025-08-01T19:28:18.750 0100|00|00|05|fa0001|1f86000763[payload->].c||25,351
2025-08-01T19:28:18.851 0100|01|00|06|f801fe|1f860003fd20[payload->].. ||8,445
2025-08-01T19:38:27.597 0100|00|00|05|fa0001|1f86000763[payload->].c||25,351
2025-08-01T19:38:27.598 0100|01|00|06|f801fe|1f860003fd20[payload->].. ||8,445
2025-08-01T19:48:35.709 0100|00|00|05|fa0001|1f86000763[payload->].c||25,351
2025-08-01T19:48:35.710 0100|01|00|06|f801fe|1f860003fd20[payload->].. ||8,445
2025-08-01T19:58:43.613 0100|00|00|05|fa0001|1f86000763[payload->].c||25,351
2025-08-01T19:58:43.613 0100|01|00|06|f801fe|1f860003fd20[payload->].. ||8,445
2025-08-01T20:08:52.879 0100|00|00|05|fa0001|1f86000763[payload->].c||25,351
2025-08-01T20:08:52.980 0100|01|00|06|f801fe|1f860003fd20[payload->].. ||8,445
2025-08-01T20:19:00.890 0100|00|00|05|fa0001|1f86000763[payload->].c||25,351
2025-08-01T20:19:00.991 0100|01|00|06|f801fe|1f860003fd20[payload->].. ||8,445
2025-08-01T20:29:10.168 0100|00|00|05|fa0001|1f86000763[payload->].c||25,351
2025-08-01T20:29:10.168 0100|01|00|06|f801fe|1f860003fd20[payload->].. ||8,445
2025-08-01T20:39:18.695 0100|00|00|05|fa0001|1f86000763[payload->].c||25,351
2025-08-01T20:39:18.695 0100|01|00|06|f801fe|1f860003fd20[payload->].. ||8,445
2025-08-01T20:49:27.854 0100|00|00|05|fa0001|1f86000763[payload->].c||25,351
2025-08-01T20:49:27.955 0100|01|00|06|f801fe|1f860003fd20[payload->].. ||8,445
2025-08-01T20:59:37.056 0100|00|00|05|fa0001|1f86000763[payload->].c||25,351
2025-08-01T20:59:37.056 0100|01|00|06|f801fe|1f860003fd20[payload->].. ||8,445
2025-08-01T21:09:45.098 0100|00|00|05|fa0001|1f86000763[payload->].c||25,351
2025-08-01T21:09:45.098 0100|01|00|06|f801fe|1f860003fd20[payload->].. ||8,445
2025-08-01T21:19:53.994 0100|00|00|05|fa0001|1f86000763[payload->].c||25,351
2025-08-01T21:19:54.096 0100|01|00|06|f801fe|1f860003fd20[payload->].. ||8,445
2025-08-01T21:30:02.871 0100|00|00|05|fa0001|1f86000763[payload->].c||25,351
2025-08-01T21:30:02.972 0100|01|00|06|f801fe|1f860003fd20[payload->].. ||8,445
2025-08-01T21:40:11.852 0100|00|00|05|fa0001|1f86000763[payload->].c||25,351
2025-08-01T21:40:11.953 0100|01|00|06|f801fe|1f860003fd20[payload->].. ||8,445
2025-08-01T21:50:21.266 0100|00|00|05|fa0001|1f86000763[payload->].c||25,351
2025-08-01T21:50:21.267 0100|01|00|06|f801fe|1f860003fd20[payload->].. ||8,445
2025-08-01T22:00:30.100 0100|00|00|05|fa0001|1f86000763[payload->].c||25,351
2025-08-01T22:00:30.201 0100|01|00|06|f801fe|1f860003fd20[payload->].. ||8,445
2025-08-01T22:10:38.793 0100|00|00|05|fa0001|1f86000763[payload->].c||25,351
2025-08-01T22:20:47.833 0100|00|00|05|fa0001|1f86000763[payload->].c||25,351
2025-08-01T22:20:47.934 0100|01|00|06|f801fe|1f860003fd20[payload->].. ||8,445
2025-08-01T22:30:57.071 0100|00|00|05|fa0001|1f86000763[payload->].c||25,351
2025-08-01T22:30:57.071 0100|01|00|06|f801fe|1f860003fd20[payload->].. ||8,445
2025-08-01T22:41:05.989 0100|00|00|05|fa0001|1f86000763[payload->].c||25,351
2025-08-01T22:41:06.090 0100|01|00|06|f801fe|1f860003fd20[payload->].. ||8,445
2025-08-01T22:51:15.146 0100|00|00|05|fa0001|1f86000763[payload->].c||25,351
2025-08-01T22:51:15.247 0100|01|00|06|f801fe|1f860003fd20[payload->].. ||8,445
2025-08-01T23:01:23.707 0100|00|00|05|fa0001|1f86000763[payload->].c||25,351
2025-08-01T23:01:23.707 0100|01|00|06|f801fe|1f860003fd20[payload->].. ||8,445
2025-08-01T23:11:32.279 0100|00|00|05|fa0001|1f86000763[payload->].c||25,351
2025-08-01T23:11:32.380 0100|01|00|06|f801fe|1f860003fd20[payload->].. ||8,445
2025-08-01T23:21:41.075 0100|00|00|05|fa0001|1f86000763[payload->].c||25,351
2025-08-01T23:21:41.176 0100|01|00|06|f801fe|1f860003fd20[payload->].. ||8,445
2025-08-01T23:31:50.214 0100|00|00|05|fa0001|1f86000763[payload->].c||25,351
2025-08-01T23:31:50.315 0100|01|00|06|f801fe|1f860003fd20[payload->].. ||8,445
2025-08-01T23:41:57.767 0100|00|00|05|fa0001|1f86000763[payload->].c||25,351
2025-08-01T23:41:57.767 0100|01|00|06|f801fe|1f860003fd20[payload->].. ||8,445
2025-08-01T23:52:07.140 0100|00|00|05|fa0001|1f86000763[payload->].c||25,351
2025-08-01T23:52:07.241 0100|01|00|06|f801fe|1f860003fd20[payload->].. ||8,445
2025-08-02T00:02:15.213 0100|00|00|05|fa0001|1f86000763[payload->].c||25,351
2025-08-02T00:02:15.213 0100|01|00|06|f801fe|1f860003fd20[payload->].. ||8,445
2025-08-02T00:12:23.745 0100|00|00|05|fa0001|1f86000763[payload->].c||25,351
2025-08-02T00:12:23.745 0100|01|00|06|f801fe|1f860003ed20[payload->].. ||8,429
2025-08-02T00:22:33.038 0100|00|00|05|fa0001|1f86000763[payload->].c||25,351
2025-08-02T00:32:41.739 0100|00|00|05|fa0001|1f86000763[payload->].c||25,351
2025-08-02T00:32:41.841 0100|01|00|06|f801fe|1f860003fd20[payload->].. ||8,445
2025-08-02T00:42:50.244 0100|00|00|05|fa0001|1f86000763[payload->].c||25,351
2025-08-02T00:42:50.345 0100|01|00|06|f801fe|1f860003fd20[payload->].. ||8,445
2025-08-02T00:52:57.666 0100|00|00|05|fa0001|1f86000763[payload->].c||25,351
2025-08-02T00:52:57.767 0100|01|00|06|f801fe|1f860003fd20[payload->].. ||8,445
2025-08-02T01:03:07.132 0100|00|00|05|fa0001|1f86000763[payload->].c||25,351
2025-08-02T01:03:07.133 0100|01|00|06|f801fe|1f860003fd20[payload->].. ||8,445
2025-08-02T01:13:15.924 0100|00|00|05|fa0001|1f86000763[payload->].c||25,351
2025-08-02T01:13:16.025 0100|01|00|06|f801fe|1f860003fd20[payload->].. ||8,445
2025-08-02T01:23:25.124 0100|00|00|05|fa0001|1f86000763[payload->].c||25,351
2025-08-02T01:23:25.225 0100|01|00|06|f801fe|1f860003fd20[payload->].. ||8,445
2025-08-02T01:33:33.892 0100|00|00|05|fa0001|1f86000763[payload->].c||25,351
2025-08-02T01:33:33.892 0100|01|00|06|f801fe|1f860003fd20[payload->].. ||8,445
2025-08-02T01:43:42.875 0100|00|00|05|fa0001|1f86000763[payload->].c||25,351
2025-08-02T01:43:42.976 0100|01|00|06|f801fe|1f860003fd20[payload->].. ||8,445
2025-08-02T01:53:51.792 0100|00|00|05|fa0001|1f86000763[payload->].c||25,351
2025-08-02T01:53:51.893 0100|01|00|06|f801fe|1f860003fd20[payload->].. ||8,445
2025-08-02T02:04:01.022 0100|00|00|05|fa0001|1f86000763[payload->].c||25,351
2025-08-02T02:14:10.293 0100|00|00|05|fa0001|1f86000763[payload->].c||25,351
2025-08-02T02:14:10.394 0100|01|00|06|f801fe|1f860003fd20[payload->].. ||8,445
2025-08-02T02:24:18.826 0100|00|00|05|fa0001|1f86000763[payload->].c||25,351
2025-08-02T02:24:18.928 0100|01|00|06|f801fe|1f860003fd20[payload->].. ||8,445
2025-08-02T02:34:27.708 0100|00|00|05|fa0001|1f86000763[payload->].c||25,351
2025-08-02T02:34:27.809 0100|01|00|06|f801fe|1f860003fd20[payload->].. ||8,445
2025-08-02T02:44:37.148 0100|00|00|05|fa0001|1f86000763[payload->].c||25,351
2025-08-02T02:44:37.249 0100|01|00|06|f801fe|1f860003fd20[payload->].. ||8,445
2025-08-02T02:54:45.864 0100|00|00|05|fa0001|1f86000763[payload->].c||25,351
2025-08-02T02:54:45.965 0100|01|00|06|f801fe|1f860003fd20[payload->].. ||8,445
2025-08-02T03:04:53.665 0100|00|00|05|fa0001|1f86000763[payload->].c||25,351
2025-08-02T03:04:53.766 0100|01|00|06|f801fe|1f860003fd20[payload->].. ||8,445
2025-08-02T03:15:03.037 0100|00|00|05|fa0001|1f86000763[payload->].c||25,351
2025-08-02T03:25:11.880 0100|00|00|05|fa0001|1f86000763[payload->].c||25,351
2025-08-02T03:25:11.881 0100|01|00|06|f801fe|1f860003fd20[payload->].. ||8,445
2025-08-02T03:35:20.123 0100|00|00|05|fa0001|1f86000763[payload->].c||25,351
2025-08-02T03:35:20.224 0100|01|00|06|f801fe|1f860003fd20[payload->].. ||8,445
2025-08-02T03:55:37.093 0100|00|00|05|fa0001|1f86000763[payload->].c||25,351
2025-08-02T03:55:37.093 0100|01|00|06|f801fe|1f860003fd20[payload->].. ||8,445
2025-08-02T04:05:45.066 0100|00|00|05|fa0001|1f86000763[payload->].c||25,351
2025-08-02T04:05:45.066 0100|01|00|06|f801fe|1f860003fd20[payload->].. ||8,445
2025-08-02T04:15:53.656 0100|00|00|05|fa0001|1f86000663[payload->].c||25,350
2025-08-02T04:15:53.757 0100|01|00|06|f801fe|1f860003fd20[payload->].. ||8,445
2025-08-02T04:26:02.921 0100|00|00|05|fa0001|1f86000763[payload->].c||25,351
2025-08-02T04:26:02.921 0100|01|00|06|f801fe|1f860003fd20[payload->].. ||8,445
2025-08-02T04:36:11.867 0100|00|00|05|fa0001|1f86000763[payload->].c||25,351
2025-08-02T04:36:11.867 0100|01|00|06|f801fe|1f860003fd20[payload->].. ||8,445
2025-08-02T04:46:19.982 0100|00|00|05|fa0001|1f86000763[payload->].c||25,351
2025-08-02T04:46:20.083 0100|01|00|06|f801fe|1f860003fd20[payload->].. ||8,445
2025-08-02T04:56:28.791 0100|00|00|05|fa0001|1f86000763[payload->].c||25,351
2025-08-02T04:56:28.792 0100|01|00|06|f801fe|1f860003fd20[payload->].. ||8,445
2025-08-02T05:06:37.675 0100|00|00|05|fa0001|1f86000763[payload->].c||25,351
2025-08-02T05:06:37.777 0100|01|00|06|f801fe|1f860003fd20[payload->].. ||8,445
2025-08-02T05:16:47.099 0100|00|00|05|fa0001|1f86000763[payload->].c||25,351
2025-08-02T05:16:47.200 0100|01|00|06|f801fe|1f860003fd20[payload->].. ||8,445
2025-08-02T05:26:55.084 0100|00|00|05|fa0001|1f86000763[payload->].c||25,351
2025-08-02T05:26:55.185 0100|01|00|06|f801fe|1f860003fd20[payload->].. ||8,445
2025-08-02T05:37:03.849 0100|00|00|05|fa0001|1f86000763[payload->].c||25,351
2025-08-02T05:37:03.950 0100|01|00|06|f801fe|1f860003fd20[payload->].. ||8,445
2025-08-02T05:47:12.846 0100|00|00|05|fa0001|1f86000763[payload->].c||25,351
2025-08-02T05:47:12.947 0100|01|00|06|f801fe|1f860003fd20[payload->].. ||8,445
2025-08-02T05:57:21.809 0100|00|00|05|fa0001|1f86000763[payload->].c||25,351
2025-08-02T05:57:21.910 0100|01|00|06|f801fe|1f860003fd20[payload->].. ||8,445
2025-08-02T06:07:30.124 0100|00|00|05|fa0001|1f86000763[payload->].c||25,351
2025-08-02T06:07:30.225 0100|01|00|06|f801fe|1f860003fd20[payload->].. ||8,445
2025-08-02T06:17:38.618 0100|00|00|05|fa0001|1f86000763[payload->].c||25,351
2025-08-02T06:17:38.719 0100|01|00|06|f801fe|1f860003fd20[payload->].. ||8,445
2025-08-02T06:27:47.675 0100|00|00|05|fa0001|1f86000763[payload->].c||25,351
2025-08-02T06:27:47.675 0100|01|00|06|f801fe|1f860003fd20[payload->].. ||8,445
2025-08-02T06:37:57.199 0100|00|00|05|fa0001|1f86000763[payload->].c||25,351
2025-08-02T06:37:57.199 0100|01|00|06|f801fe|1f860003fd20[payload->].. ||8,445
2025-08-02T06:48:06.141 0100|00|00|05|fa0001|1f86000763[payload->].c||25,351
2025-08-02T06:48:06.141 0100|01|00|06|f801fe|1f860003fd20[payload->].. ||8,445
2025-08-02T07:08:23.756 0100|00|00|05|fa0001|1f86000763[payload->].c||25,351
2025-08-02T07:08:23.857 0100|01|00|06|f801fe|1f860003fd20[payload->].. ||8,445
2025-08-02T07:18:33.008 0100|00|00|05|fa0001|1f86000763[payload->].c||25,351
2025-08-02T07:28:41.696 0100|00|00|05|fa0001|1f86000763[payload->].c||25,351
2025-08-02T07:38:50.004 0100|00|00|05|fa0001|1f86000763[payload->].c||25,351
2025-08-02T07:38:50.105 0100|01|00|06|f801fe|1f860003fd20[payload->].. ||8,445
2025-08-02T07:48:58.593 0100|00|00|05|fa0001|1f86000763[payload->].c||25,351
2025-08-02T07:48:58.695 0100|01|00|06|f801fe|1f860003fd20[payload->].. ||8,445
2025-08-02T07:59:07.959 0100|00|00|05|fa0001|1f86000763[payload->].c||25,351
2025-08-02T07:59:07.959 0100|01|00|06|f801fe|1f860003fd20[payload->].. ||8,445
2025-08-02T08:09:17.194 0100|00|00|05|fa0001|1f86000763[payload->].c||25,351
2025-08-02T08:09:17.194 0100|01|00|06|f801fe|1f860003fd20[payload->].. ||8,445
2025-08-02T08:19:26.267 0100|00|00|05|fa0001|1f86000763[payload->].c||25,351
2025-08-02T08:19:26.268 0100|01|00|06|f801fe|1f860003fd20[payload->].. ||8,445
2025-08-02T08:29:35.146 0100|00|00|05|fa0001|1f86000763[payload->].c||25,351
2025-08-02T08:29:35.247 0100|01|00|06|f801fe|1f860003fd20[payload->].. ||8,445
2025-08-02T08:39:42.930 0100|00|00|05|fa0001|1f86000763[payload->].c||25,351
2025-08-02T08:49:51.730 0100|00|00|05|fa0001|1f86000763[payload->].c||25,351
2025-08-02T08:49:51.831 0100|01|00|06|f801fe|1f860003fd20[payload->].. ||8,445
2025-08-02T09:00:00.058 0100|00|00|05|fa0001|1f86000763[payload->].c||25,351
2025-08-02T09:00:00.159 0100|01|00|06|f801fe|1f860003fd20[payload->].. ||8,445
2025-08-02T09:10:08.512 0100|00|00|05|fa0001|1f86000763[payload->].c||25,351
2025-08-02T09:10:08.613 0100|01|00|06|f801fe|1f860003fd20[payload->].. ||8,445
2025-08-02T09:20:17.818 0100|00|00|05|fa0001|1f86000763[payload->].c||25,351
2025-08-02T09:20:17.919 0100|01|00|06|f801fe|1f860003fd20[payload->].. ||8,445
2025-08-02T09:30:27.204 0100|00|00|05|fa0001|1f86000763[payload->].c||25,351
2025-08-02T09:30:27.305 0100|01|00|06|f801fe|1f860003fd20[payload->].. ||8,445
2025-08-02T09:40:35.083 0100|00|00|05|fa0001|1f86000763[payload->].c||25,351
2025-08-02T09:40:35.184 0100|01|00|06|f801fe|1f860003fd20[payload->].. ||8,445
2025-08-02T09:50:43.828 0100|00|00|05|fa0001|1f86000763[payload->].c||25,351
2025-08-02T09:50:43.829 0100|01|00|06|f801fe|1f860003fd20[payload->].. ||8,445
2025-08-02T10:00:52.923 0100|00|00|05|fa0001|1f86000763[payload->].c||25,351
2025-08-02T10:00:52.923 0100|01|00|06|f801fe|1f860003fd20[payload->].. ||8,445
2025-08-02T10:11:01.076 0100|00|00|05|fa0001|1f86000763[payload->].c||25,351
2025-08-02T10:11:01.177 0100|01|00|06|f801fe|1f860003fd20[payload->].. ||8,445
2025-08-02T10:21:10.047 0100|00|00|05|fa0001|1f86000763[payload->].c||25,351
2025-08-02T10:21:10.149 0100|01|00|06|f801fe|1f860003fd20[payload->].. ||8,445
2025-08-02T10:31:18.642 0100|00|00|05|fa0001|1f86000763[payload->].c||25,351
2025-08-02T10:31:18.743 0100|01|00|06|f801fe|1f860003fd20[payload->].. ||8,445
2025-08-02T10:41:28.827 0100|00|00|05|fa0001|1f86000763[payload->].c||25,351
2025-08-02T10:41:28.928 0100|01|00|06|f801fe|1f860003fd20[payload->].. ||8,445
2025-08-02T10:51:37.711 0100|00|00|05|fa0001|1f86000763[payload->].c||25,351
2025-08-02T10:51:37.711 0100|01|00|06|f801fe|1f860003fd20[payload->].. ||8,445
2025-08-02T11:01:46.044 0100|00|00|05|fa0001|1f86000763[payload->].c||25,351
2025-08-02T11:01:46.044 0100|01|00|06|f801fe|1f860003fd20[payload->].. ||8,445
2025-08-02T11:11:54.985 0100|00|00|05|fa0001|1f86000763[payload->].c||25,351
2025-08-02T11:11:55.086 0100|01|00|06|f801fe|1f860003fd20[payload->].. ||8,445
2025-08-02T11:22:02.921 0100|00|00|05|fa0001|1f86000763[payload->].c||25,351
2025-08-02T11:22:03.023 0100|01|00|06|f801fe|1f860003fd20[payload->].. ||8,445
2025-08-02T11:32:11.938 0100|00|00|05|fa0001|1f86000763[payload->].c||25,351
2025-08-02T11:32:11.938 0100|01|00|06|f801fe|1f860003fd20[payload->].. ||8,445
2025-08-02T11:42:21.500 0100|00|00|05|fa0001|1f86000763[payload->].c||25,351
2025-08-02T11:42:21.500 0100|01|00|06|f801fe|1f860003fd20[payload->].. ||8,445
2025-08-02T11:52:29.932 0100|00|00|05|fa0001|1f86000763[payload->].c||25,351
2025-08-02T11:52:29.932 0100|01|00|06|f801fe|1f860003fd20[payload->].. ||8,445
2025-08-02T12:02:38.554 0100|00|00|05|fa0001|1f86000763[payload->].c||25,351
2025-08-02T12:02:38.655 0100|01|00|06|f801fe|1f860003fd20[payload->].. ||8,445
2025-08-02T12:12:47.919 0100|00|00|05|fa0001|1f86000763[payload->].c||25,351
2025-08-02T12:12:48.020 0100|01|00|06|f801fe|1f860003fd20[payload->].. ||8,445
2025-08-02T12:22:55.989 0100|00|00|05|fa0001|1f86000763[payload->].c||25,351
2025-08-02T12:22:56.091 0100|01|00|06|f801fe|1f860003fd20[payload->].. ||8,445
2025-08-02T12:33:03.828 0100|00|00|05|fa0001|1f86000763[payload->].c||25,351
2025-08-02T12:33:03.828 0100|01|00|06|f801fe|1f860003fd20[payload->].. ||8,445
2025-08-02T12:43:13.159 0100|00|00|05|fa0001|1f86000763[payload->].c||25,351
2025-08-02T12:43:13.160 0100|01|00|06|f801fe|1f860003fd20[payload->].. ||8,445
2025-08-02T12:53:21.709 0100|00|00|05|fa0001|1f86000763[payload->].c||25,351
2025-08-02T12:53:21.810 0100|01|00|06|f801fe|1f860003fd20[payload->].. ||8,445
2025-08-02T13:03:29.876 0100|00|00|05|fa0001|1f86000763[payload->].c||25,351
2025-08-02T13:03:29.876 0100|01|00|06|f801fe|1f860003fd20[payload->].. ||8,445
2025-08-02T13:13:38.924 0100|00|00|05|fa0001|1f86000763[payload->].c||25,351
2025-08-02T13:13:38.925 0100|01|00|06|f801fe|1f860003fd20[payload->].. ||8,445
2025-08-02T13:23:47.768 0100|00|00|05|fa0001|1f86000763[payload->].c||25,351
2025-08-02T13:23:47.768 0100|01|00|06|f801fe|1f860003fd20[payload->].. ||8,445
2025-08-02T13:33:57.366 0100|00|00|05|fa0001|1f86000763[payload->].c||25,351
2025-08-02T13:33:57.467 0100|01|00|06|f801fe|1f860003fd20[payload->].. ||8,445
2025-08-02T13:44:05.063 0100|00|00|05|fa0001|1f86000763[payload->].c||25,351
2025-08-02T13:44:05.063 0100|01|00|06|f801fe|1f860003fd20[payload->].. ||8,445
2025-08-02T13:54:14.108 0100|00|00|05|fa0001|1f86000763[payload->].c||25,351
2025-08-02T13:54:14.209 0100|01|00|06|f801fe|1f860003fd20[payload->].. ||8,445
2025-08-02T14:04:22.714 0100|00|00|05|fa0001|1f86000763[payload->].c||25,351
2025-08-02T14:04:22.815 0100|01|00|06|f801fe|1f860003fd20[payload->].. ||8,445
2025-08-02T14:14:31.935 0100|00|00|05|fa0001|1f86000763[payload->].c||25,351
2025-08-02T14:14:31.935 0100|01|00|06|f801fe|1f860003fd20[payload->].. ||8,445
2025-08-02T14:24:40.050 0100|00|00|05|fa0001|1f86000763[payload->].c||25,351
2025-08-02T14:24:40.151 0100|01|00|06|f801fe|1f860003fd20[payload->].. ||8,445
2025-08-02T14:34:49.113 0100|00|00|05|fa0001|1f86000763[payload->].c||25,351
2025-08-02T14:34:49.214 0100|01|00|06|f801fe|1f860003fd20[payload->].. ||8,445
2025-08-02T14:44:57.948 0100|01|00|06|f801fe|1f860003fd20[payload->].. ||8,445
2025-08-02T14:55:07.331 0100|00|00|05|fa0001|1f86000763[payload->].c||25,351
2025-08-02T14:55:07.432 0100|01|00|06|f801fe|1f860003fd20[payload->].. ||8,445
2025-08-02T15:05:16.106 0100|00|00|05|fa0001|1f86000763[payload->].c||25,351
2025-08-02T15:05:16.207 0100|01|00|06|f801fe|1f860003fd20[payload->].. ||8,445
2025-08-02T15:15:25.056 0100|00|00|05|fa0001|1f86000763[payload->].c||25,351
2025-08-02T15:15:25.157 0100|01|00|06|f801fe|1f860003fd20[payload->].. ||8,445
2025-08-02T15:25:33.846 0100|00|00|05|fa0001|1f86000763[payload->].c||25,351
2025-08-02T15:25:33.947 0100|01|00|06|f801fe|1f860003fd20[payload->].. ||8,445
2025-08-02T15:35:43.038 0100|00|00|05|fa0001|1f86000763[payload->].c||25,351
2025-08-02T15:35:43.039 0100|01|00|06|f801fe|1f860003fd20[payload->].. ||8,445
2025-08-02T15:45:52.214 0100|00|00|05|fa0001|1f86000763[payload->].c||25,351
2025-08-02T15:45:52.214 0100|01|00|06|f801fe|1f860003fd20[payload->].. ||8,445
2025-08-02T15:56:00.501 0100|00|00|05|fa0001|1f86000763[payload->].c||25,351
2025-08-02T15:56:00.602 0100|01|00|06|f801fe|1f860003fd20[payload->].. ||8,445
2025-08-02T16:06:09.016 0100|00|00|05|fa0001|1f86000763[payload->].c||25,351
2025-08-02T16:06:09.117 0100|09|00|06|f801fe|1f860003fd20[payload->].. ||8,445
2025-08-02T16:16:17.536 0100|00|00|05|fa0001|1f86000763[payload->].c||25,351
2025-08-02T16:16:17.638 0100|01|00|06|f801fe|1f860003fd20[payload->].. ||8,445
2025-08-02T16:26:26.235 0100|00|00|05|fa0001|1f86000763[payload->].c||25,351
2025-08-02T16:26:26.235 0100|01|00|06|f801fe|1f860003fd20[payload->].. ||8,445
2025-08-02T16:36:35.024 0100|00|00|05|fa0001|1f86000663[payload->].c||25,350
2025-08-02T16:36:35.024 0100|01|00|06|f801fe|1f860003fd20[payload->].. ||8,445
2025-08-02T16:46:43.897 0100|00|00|05|fa0001|1f86000763[payload->].c||25,351
2025-08-02T16:46:43.898 0100|01|00|06|f801fe|1f860003fd20[payload->].. ||8,445
2025-08-02T16:56:52.889 0100|00|00|05|fa0001|1f86000763[payload->].c||25,351
2025-08-02T16:56:52.890 0100|01|00|06|f801fe|1f860003fd20[payload->].. ||8,445
2025-08-02T17:07:01.941 0100|00|00|05|fa0001|1f86000763[payload->].c||25,351
2025-08-02T17:07:01.941 0100|01|00|06|f801fe|1f860003fd20[payload->].. ||8,445
2025-08-02T17:17:11.183 0100|00|00|05|fa0001|1f86000763[payload->].c||25,351
2025-08-02T17:17:11.183 0100|01|00|06|f809fe|1f860003fd20[payload->].. ||8,445
2025-08-02T17:27:18.860 0100|00|00|05|fa0001|1f86000763[payload->].c||25,351
2025-08-02T17:27:18.961 0100|01|00|06|f801fe|1f860003fd20[payload->].. ||8,445
2025-08-02T17:37:27.562 0100|00|00|05|fa0001|1f86000763[payload->].c||25,351
2025-08-02T17:37:27.563 0100|01|00|06|f801fe|1f860003fd20[payload->].. ||8,445
2025-08-02T17:47:37.664 0100|00|00|05|fa0001|1f86000763[payload->].c||25,351
2025-08-02T17:47:37.765 0100|01|00|06|f801fe|1f860003fd20[payload->].. ||8,445
2025-08-02T17:57:45.873 0100|00|00|05|fa0001|1f86000763[payload->].c||25,351
2025-08-02T17:57:45.874 0100|01|00|06|f801fe|1f860003fd20[payload->].. ||8,445
2025-08-02T18:07:54.887 0100|00|00|05|fa0001|1f86000763[payload->].c||25,351
2025-08-02T18:07:54.988 0100|01|00|06|f801fe|1f860003fd20[payload->].. ||8,445
2025-08-02T18:18:03.878 0100|00|00|05|fa0001|1f86000763[payload->].c||25,351
2025-08-02T18:18:03.979 0100|01|00|06|f801fe|1f860003fd20[payload->].. ||8,445
2025-08-02T18:28:13.079 0100|00|00|05|fa0001|1f86000763[payload->].c||25,351
2025-08-02T18:28:13.181 0100|01|00|06|f801fe|1f860003fd20[payload->].. ||8,445
2025-08-02T18:38:21.889 0100|00|00|05|fa0001|1f86000763[payload->].c||25,351
2025-08-02T18:38:21.889 0100|01|00|06|f801fe|1f860003fd20[payload->].. ||8,445
2025-08-02T18:48:30.805 0100|00|00|05|fa0001|1f86000763[payload->].c||25,351
2025-08-02T18:48:30.906 0100|01|00|06|f801fe|1f860003fd20[payload->].. ||8,445
2025-08-02T18:58:39.525 0100|00|00|05|fa0001|1f86000763[payload->].c||25,351
2025-08-02T18:58:39.525 0100|01|00|06|f801fe|1f860003fd20[payload->].. ||8,445
2025-08-02T19:08:47.801 0100|00|00|05|fa0001|1f86000763[payload->].c||25,351
2025-08-02T19:08:47.903 0100|01|00|06|f801fe|1f860003fd20[payload->].. ||8,445
2025-08-02T19:18:57.620 0100|00|00|05|fa0001|1f86000763[payload->].c||25,351
2025-08-02T19:18:57.721 0100|01|00|06|f801fe|1f860003fd20[payload->].. ||8,445
2025-08-02T19:29:07.213 0100|00|00|05|fa0001|1f86000763[payload->].c||25,351
2025-08-02T19:29:07.213 0100|01|00|06|f801fe|1f860003fd20[payload->].. ||8,445
2025-08-02T19:39:15.530 0100|00|00|05|fa0001|1f86000763[payload->].c||25,351
2025-08-02T19:39:15.631 0100|01|00|06|f801fe|1f860003fd20[payload->].. ||8,445
2025-08-02T19:49:24.257 0100|00|00|05|fa0001|1f86000763[payload->].c||25,351
2025-08-02T19:49:24.258 0100|01|00|06|f801fe|1f860003fd20[payload->].. ||8,445
2025-08-02T19:59:32.872 0100|00|00|05|fa0001|1f86000763[payload->].c||25,351
2025-08-02T19:59:32.974 0100|01|00|06|f801fe|1f860003fd20[payload->].. ||8,445
2025-08-02T20:09:41.934 0100|00|00|05|fa0001|1f86000763[payload->].c||25,351
2025-08-02T20:09:42.035 0100|01|00|06|f801fe|1f860003fd20[payload->].. ||8,445
2025-08-02T20:19:51.121 0100|00|00|05|fa0001|1f86000763[payload->].c||25,351
2025-08-02T20:19:51.121 0100|01|00|06|f801fe|1f860003fd20[payload->].. ||8,445
2025-08-02T20:29:58.808 0100|00|00|05|fa0001|1f86000763[payload->].c||25,351
2025-08-02T20:29:58.909 0100|01|00|06|f801fe|1f860003fd20[payload->].. ||8,445
2025-08-02T20:40:08.133 0100|00|00|05|fa0001|1f86000763[payload->].c||25,351
2025-08-02T20:40:08.134 0100|01|00|06|f801fe|1f860003fd20[payload->].. ||8,445
2025-08-02T20:50:17.975 0100|00|00|05|fa0001|1f86000763[payload->].c||25,351
2025-08-02T20:50:17.975 0100|01|00|06|f801fe|1f860003fd20[payload->].. ||8,445
2025-08-02T21:00:25.513 0100|00|00|05|fa0001|1f86000763[payload->].c||25,351
2025-08-02T21:00:25.615 0100|01|00|06|f801fe|1f860003fd20[payload->].. ||8,445
2025-08-02T21:10:34.464 0100|00|00|05|fa0001|1f86000763[payload->].c||25,351
2025-08-02T21:10:34.565 0100|01|00|06|f801fe|1f860003fd20[payload->].. ||8,445
2025-08-02T21:20:42.837 0100|00|00|05|fa0001|1f86000763[payload->].c||25,351
2025-08-02T21:20:42.938 0100|01|00|06|f801fe|1f860003fd20[payload->].. ||8,445
2025-08-02T21:30:51.106 0100|00|00|05|fa0001|1f86000763[payload->].c||25,351
2025-08-02T21:30:51.207 0100|01|00|06|f801fe|1f860003fd20[payload->].. ||8,445
2025-08-02T21:41:00.191 0100|00|00|05|fa0001|1f86000763[payload->].c||25,351
2025-08-02T21:41:00.292 0100|01|00|06|f801fe|1f860003fd20[payload->].. ||8,445
2025-08-02T21:51:08.892 0100|00|00|05|fa0001|1f86000763[payload->].c||25,351
2025-08-02T21:51:08.893 0100|01|00|06|f801fe|1f860003fd20[payload->].. ||8,445
2025-08-02T22:01:18.994 0100|00|00|05|fa0001|1f86000763[payload->].c||25,351
2025-08-02T22:01:19.095 0100|01|00|06|f801fe|1f860003fd20[payload->].. ||8,445
2025-08-02T22:11:28.220 0100|00|00|05|fa0001|1f86000763[payload->].c||25,351
2025-08-02T22:11:28.321 0100|01|00|06|f801fe|1f860003fd80[payload->]...||33,021
2025-08-02T22:21:37.190 0100|00|00|05|fa0001|1f86000763[payload->].c||25,351
2025-08-02T22:21:37.291 0100|01|00|06|f801fe|1f860003fd20[payload->].. ||8,445
2025-08-02T22:31:45.523 0100|00|00|05|fa0001|1f86000763[payload->].c||25,351
2025-08-02T22:31:45.523 0100|01|00|06|f801fe|1f860003fd20[payload->].. ||8,445
2025-08-02T22:41:53.085 0100|00|00|05|fa0001|1f86000763[payload->].c||25,351
2025-08-02T22:41:53.186 0100|01|00|06|f801fe|1f860003fd20[payload->].. ||8,445
2025-08-02T22:52:02.017 0100|00|00|05|fa0001|1f86000763[payload->].c||25,351
2025-08-02T22:52:02.017 0100|01|00|06|f801fe|1f860003fd20[payload->].. ||8,445
2025-08-02T23:02:11.287 0100|00|00|05|fa0001|1f86000763[payload->].c||25,351
2025-08-02T23:02:11.388 0100|01|00|06|f801fe|1f860003fd20[payload->].. ||8,445
2025-08-02T23:22:28.380 0100|01|00|06|f801fe|1f860003fd20[payload->].. ||8,445
2025-08-02T23:32:37.246 0100|00|00|05|fa0001|1f86000763[payload->].c||25,351
2025-08-02T23:32:37.347 0100|01|00|06|f801fe|1f860003fd20[payload->].. ||8,445
2025-08-02T23:42:45.459 0100|00|00|05|fa0001|1f86000763[payload->].c||25,351
2025-08-02T23:42:45.559 0100|01|00|06|f801fe|1f860003fd20[payload->].. ||8,445
2025-08-02T23:52:53.993 0100|00|00|05|fa0001|1f86000763[payload->].c||25,351
2025-08-02T23:52:54.094 0100|01|00|06|f801fe|1f860003fd20[payload->].. ||8,445
2025-08-03T00:03:03.002 0100|00|00|05|fa0001|1f86000763[payload->].c||25,351
2025-08-03T00:03:03.103 0100|01|00|06|f801fe|1f860003fd20[payload->].. ||8,445
2025-08-03T00:13:11.874 0100|00|00|05|fa0001|1f86000763[payload->].c||25,351
2025-08-03T00:13:11.975 0100|01|00|06|f801fe|1f860003fd20[payload->].. ||8,445
2025-08-03T00:23:22.215 0100|00|00|05|fa0001|1f86000663[payload->].c||25,350
2025-08-03T00:23:22.316 0100|01|00|06|f801fe|1f860003fd20[payload->].. ||8,445
2025-08-03T00:33:29.829 0100|00|00|05|fa0001|1f86000763[payload->].c||25,351
2025-08-03T00:33:29.930 0100|01|00|06|f801fe|1f860003fd20[payload->].. ||8,445
2025-08-03T00:43:39.382 0100|00|00|05|fa0001|1f86000763[payload->].c||25,351
2025-08-03T00:43:39.382 0100|01|00|06|f801fe|1f860003fd20[payload->].. ||8,445
2025-08-03T00:53:48.273 0100|00|00|05|fa0001|1f86000763[payload->].c||25,351
2025-08-03T00:53:48.374 0100|01|00|06|f801fe|1f860003fd20[payload->].. ||8,445
2025-08-03T01:03:56.931 0100|00|00|05|fa0001|1f86000763[payload->].c||25,351
2025-08-03T01:03:57.032 0100|01|00|06|f801fe|1f860003fd20[payload->].. ||8,445
2025-08-03T01:14:04.833 0100|00|00|05|fa0001|1f86000763[payload->].c||25,351
2025-08-03T01:14:04.934 0100|01|00|06|f801fe|1f860003fd20[payload->].. ||8,445
2025-08-03T01:24:14.156 0100|00|00|05|fa0001|1f86000763[payload->].c||25,351
2025-08-03T01:24:14.156 0100|01|00|06|f801fe|1f860003fd20[payload->].. ||8,445
2025-08-03T01:34:22.889 0100|00|00|05|fa0001|1f86000763[payload->].c||25,351
2025-08-03T01:34:23.090 0100|01|00|06|f801fe|1f860003fd20[payload->].. ||8,445
2025-08-03T01:54:40.066 0100|00|00|05|fa0001|1f86000763[payload->].c||25,351
2025-08-03T01:54:40.167 0100|01|00|06|f801fe|1f860003fd20[payload->].. ||8,445
2025-08-03T02:04:49.056 0100|00|00|05|fa0001|1f86000763[payload->].c||25,351
2025-08-03T02:14:56.670 0100|00|00|05|fa0001|1f86000763[payload->].c||25,351
2025-08-03T02:14:56.671 0100|01|00|06|f801fe|1f860003fd20[payload->].. ||8,445
2025-08-03T02:25:04.676 0100|00|00|05|fa0001|1f86000763[payload->].c||25,351
2025-08-03T02:25:04.777 0100|01|00|06|f801fe|1f860003fd20[payload->].. ||8,445
2025-08-03T02:35:14.533 0100|00|00|05|fa0001|1f86000763[payload->].c||25,351
2025-08-03T02:35:14.533 0100|01|00|06|f801fe|1f860003fd20[payload->].. ||8,445
2025-08-03T02:45:22.928 0100|00|00|05|fa0001|1f86000763[payload->].c||25,351
2025-08-03T02:45:22.928 0100|01|00|06|f801fe|1f860003fd20[payload->].. ||8,445
2025-08-03T02:55:32.632 0100|00|00|05|fa0001|1f86000763[payload->].c||25,351
2025-08-03T02:55:32.733 0100|01|00|06|f801fe|1f860003fd20[payload->].. ||8,445
2025-08-03T03:05:40.327 0100|00|00|05|fa0001|1f86000763[payload->].c||25,351
2025-08-03T03:05:40.427 0100|01|00|06|f801fe|1f860003fd20[payload->].. ||8,445
2025-08-03T03:15:49.242 0100|00|00|05|fa0001|1f86000763[payload->].c||25,351
2025-08-03T03:15:49.242 0100|01|00|06|f801fe|1f860003fd20[payload->].. ||8,445
2025-08-03T03:25:58.821 0100|00|00|05|fa0001|1f86000763[payload->].c||25,351
2025-08-03T03:25:58.922 0100|01|00|06|f801fe|1f860003fd20[payload->].. ||8,445
2025-08-03T03:36:08.268 0100|00|00|05|fa0001|1f86000763[payload->].c||25,351
2025-08-03T03:36:08.369 0100|01|00|06|f801fe|1f860003fd20[payload->].. ||8,445
2025-08-03T03:46:17.994 0100|00|00|05|fa0001|1f86000763[payload->].c||25,351
2025-08-03T03:46:18.095 0100|01|00|06|f801fe|1f860003fd20[payload->].. ||8,445
2025-08-03T03:56:26.350 0100|00|00|05|fa0001|1f86000763[payload->].c||25,351
2025-08-03T03:56:26.451 0100|01|00|06|f801fe|1f860003fd20[payload->].. ||8,445
2025-08-03T04:06:34.738 0100|00|00|05|fa0001|1f86000763[payload->].c||25,351
2025-08-03T04:16:44.230 0100|00|00|05|fa0001|1f86000763[payload->].c||25,351
2025-08-03T04:16:44.331 0100|01|00|06|f801fe|1f860003fd20[payload->].. ||8,445
2025-08-03T04:26:53.045 0100|00|00|05|fa0001|1f86000763[payload->].c||25,351
2025-08-03T04:26:53.045 0100|01|00|06|f801fe|1f860003fd20[payload->].. ||8,445
2025-08-03T04:37:01.866 0100|00|00|05|fa0001|1f86000763[payload->].c||25,351
2025-08-03T04:37:01.967 0100|01|00|06|f801fe|1f860003fd20[payload->].. ||8,445
2025-08-03T04:47:10.011 0100|00|00|05|fa0001|1f86000763[payload->].c||25,351
2025-08-03T04:47:10.112 0100|01|00|06|f801fe|1f860003fd20[payload->].. ||8,445
2025-08-03T04:57:19.327 0100|00|00|05|fa0001|1f86000763[payload->].c||25,351
2025-08-03T04:57:19.428 0100|01|00|06|f801fe|1f860003fd20[payload->].. ||8,445
2025-08-03T05:07:28.919 0100|00|00|05|fa0001|1f86000763[payload->].c||25,351
2025-08-03T05:17:38.566 0100|00|00|05|fa0001|1f86000763[payload->].c||25,351
2025-08-03T05:17:38.667 0100|01|00|06|f801fe|1f860003fd20[payload->].. ||8,445
2025-08-03T05:27:46.764 0100|00|00|05|fa0001|1f86000763[payload->].c||25,351
2025-08-03T05:27:46.865 0100|01|00|06|f801fe|1f860003fd20[payload->].. ||8,445
2025-08-03T05:37:54.807 0100|00|00|05|fa0001|1f86000763[payload->].c||25,351
2025-08-03T05:37:54.908 0100|01|00|06|f801fe|1f860003fd20[payload->].. ||8,445
2025-08-03T05:48:04.415 0100|00|00|05|fa0001|1f86000763[payload->].c||25,351
2025-08-03T05:58:12.923 0100|00|00|05|fa0001|1f86000763[payload->].c||25,351
2025-08-03T05:58:13.024 0100|01|00|06|f801fe|1f860003fd20[payload->].. ||8,445
2025-08-03T06:08:22.772 0100|00|00|05|fa0001|1f86000763[payload->].c||25,351
2025-08-03T06:08:22.873 0100|01|00|06|f801fe|1f860003fd20[payload->].. ||8,445
2025-08-03T06:18:30.558 0100|00|00|05|fa0001|1f86000763[payload->].c||25,351
2025-08-03T06:18:30.660 0100|01|00|06|f801fe|1f860003fd20[payload->].. ||8,445
2025-08-03T06:28:39.742 0100|00|00|05|fa0001|1f86000763[payload->].c||25,351
2025-08-03T06:28:39.742 0100|01|00|06|f801fe|1f860003fd20[payload->].. ||8,445
2025-08-03T06:48:56.762 0100|00|00|05|fa0001|1f86000763[payload->].c||25,351
2025-08-03T06:48:56.963 0100|01|00|06|f801fe|1f860003fd20[payload->].. ||8,445
2025-08-03T06:59:04.918 0100|00|00|05|fa0001|1f86000763[payload->].c||25,351
2025-08-03T06:59:05.019 0100|01|00|06|f801fe|1f860003fd20[payload->].. ||8,445
2025-08-03T07:09:14.565 0100|00|00|05|fa0001|1f86000763[payload->].c||25,351
2025-08-03T07:09:14.666 0100|01|00|06|f801fe|1f860003fd20[payload->].. ||8,445
2025-08-03T07:19:24.199 0100|00|00|05|fa0001|1f86000763[payload->].c||25,351
2025-08-03T07:19:24.199 0100|01|00|06|f801fe|1f860003fd20[payload->].. ||8,445
2025-08-03T07:29:32.730 0100|00|00|05|fa0001|1f86000763[payload->].c||25,351
2025-08-03T07:29:32.831 0100|01|00|06|f801fe|1f860003fd20[payload->].. ||8,445
2025-08-03T07:39:41.639 0100|00|00|05|fa0001|1f86000763[payload->].c||25,351
2025-08-03T07:39:41.741 0100|01|00|06|f801fe|1f860003fd20[payload->].. ||8,445
2025-08-03T07:49:49.993 0100|00|00|05|fa0001|1f86000763[payload->].c||25,351
2025-08-03T07:49:49.994 0100|01|00|06|f801fe|1f860003fd20[payload->].. ||8,445
2025-08-03T07:59:58.464 0100|00|00|05|fa0001|1f86000763[payload->].c||25,351
2025-08-03T07:59:58.566 0100|01|00|06|f801fe|1f860003fd20[payload->].. ||8,445
2025-08-03T08:10:06.606 0100|01|00|06|f801fe|1f860003fd20[payload->].. ||8,445
2025-08-03T08:20:15.445 0100|00|00|05|fa0001|1f86000763[payload->].c||25,351
2025-08-03T08:20:15.547 0100|01|00|06|f801fe|1f860003fd20[payload->].. ||8,445
2025-08-03T08:30:24.303 0100|00|00|05|fa0001|1f86000763[payload->].c||25,351
2025-08-03T08:30:24.304 0100|01|00|06|f801fe|1f860003fd20[payload->].. ||8,445
2025-08-03T08:40:32.970 0100|00|00|05|fa0001|1f86000763[payload->].c||25,351
2025-08-03T08:40:33.071 0100|01|00|06|f801fe|1f860003fd20[payload->].. ||8,445
2025-08-03T08:50:42.063 0100|00|00|05|fa0001|1f86000763[payload->].c||25,351
2025-08-03T08:50:42.064 0100|01|00|06|f801fe|1f860003fd20[payload->].. ||8,445
2025-08-03T09:00:51.794 0100|00|00|05|fa0001|1f86000763[payload->].c||25,351
2025-08-03T09:00:51.895 0100|01|00|06|f801fe|1f860003fd20[payload->].. ||8,445
2025-08-03T09:31:17.162 0100|00|00|05|fa0001|1f86000763[payload->].c||25,351
2025-08-03T09:31:17.263 0100|01|00|06|f801fe|1f860003fd20[payload->].. ||8,445
2025-08-03T09:41:24.485 0100|00|00|05|fa0001|1f86000763[payload->].c||25,351
2025-08-03T09:41:24.586 0100|01|00|06|f801fe|1f860003fd20[payload->].. ||8,445
2025-08-03T09:51:34.073 0100|00|00|05|fa0001|1f86000763[payload->].c||25,351
2025-08-03T09:51:34.175 0100|01|00|06|f801fe|1f860003fd20[payload->].. ||8,445
2025-08-03T10:01:42.946 0100|00|00|05|fa0001|1f86000763[payload->].c||25,351
2025-08-03T10:01:43.048 0100|01|00|06|f801fe|1f860003fd20[payload->].. ||8,445
2025-08-03T10:11:51.766 0100|00|00|05|fa0001|1f86000763[payload->].c||25,351
2025-08-03T10:11:51.867 0100|01|00|06|f801fe|1f860003fd20[payload->].. ||8,445
2025-08-03T10:22:01.297 0100|00|00|05|fa0001|1f86000763[payload->].c||25,351
2025-08-03T10:22:01.298 0100|01|00|06|f801fe|1f860003fd20[payload->].. ||8,445
2025-08-03T10:42:18.057 0100|00|00|05|fa0001|1f86000763[payload->].c||25,351
2025-08-03T10:42:18.058 0100|01|00|06|f801fe|1f860003fd20[payload->].. ||8,445
2025-08-03T10:52:27.515 0100|00|00|05|fa0001|1f86000763[payload->].c||25,351
2025-08-03T10:52:27.515 0100|01|00|06|f801fe|1f860003fd20[payload->].. ||8,445
2025-08-03T11:12:44.555 0100|00|00|05|fa0001|1f86000763[payload->].c||25,351
2025-08-03T11:12:44.656 0100|01|00|06|f801fe|1f860003fd20[payload->].. ||8,445
2025-08-03T11:22:53.910 0100|00|00|05|fa0001|1f86000763[payload->].c||25,351
2025-08-03T11:33:02.887 0100|00|00|05|fa0001|1f86000763[payload->].c||25,351
2025-08-03T11:33:02.988 0100|01|00|06|f801fe|1f860003fd20[payload->].. ||8,445
2025-08-03T11:43:11.766 0100|00|00|05|fa0001|1f86000763[payload->].c||25,351
2025-08-03T11:43:11.767 0100|01|00|06|f801fe|1f860003fd20[payload->].. ||8,445
2025-08-03T11:53:21.807 0100|00|00|05|fa0001|1f86000763[payload->].c||25,351
2025-08-03T11:53:21.909 0100|01|20|06|f805fe|1f860003fd20[payload->].. ||8,445
2025-08-03T12:03:29.866 0100|00|00|05|fa0001|1f86000763[payload->].c||25,351
2025-08-03T12:03:29.967 0100|01|00|06|f801fe|1f860003fd20[payload->].. ||8,445
2025-08-03T12:13:38.705 0100|00|00|05|fa0001|1f86000763[payload->].c||25,351
2025-08-03T12:13:38.705 0100|01|00|06|f801fe|1f860003fd20[payload->].. ||8,445
2025-08-03T12:23:47.794 0100|00|00|05|fa0001|1f86000763[payload->].c||25,351
2025-08-03T12:23:47.794 0100|01|00|06|f801fe|1f860003fd20[payload->].. ||8,445
2025-08-03T12:44:06.113 0100|00|00|05|fa0001|1f86000763[payload->].c||25,351
2025-08-03T12:44:06.113 0100|01|00|06|f801fe|1f860003fd20[payload->].. ||8,445
2025-08-03T12:54:15.026 0100|00|00|05|fa0001|1f86000763[payload->].c||25,351
2025-08-03T12:54:15.026 0100|01|00|06|f801fe|1f860003fd20[payload->].. ||8,445
2025-08-03T13:04:23.979 0100|00|00|05|fa0001|1f86000763[payload->].c||25,351
2025-08-03T13:04:23.979 0100|01|00|06|f801fe|1f860003fd20[payload->].. ||8,445
2025-08-03T13:14:32.830 0100|00|00|05|fa0001|1f86000763[payload->].c||25,351
2025-08-03T13:14:32.830 0100|01|00|06|f801fe|1f860003fd20[payload->].. ||8,445
2025-08-03T13:24:41.837 0100|00|00|05|fa0001|1f86000763[payload->].c||25,351
2025-08-03T13:24:41.837 0100|01|00|06|f801fe|1f860003fd20[payload->].. ||8,445
2025-08-03T13:34:52.090 0100|00|00|05|fa0001|1f86000763[payload->].c||25,351
2025-08-03T13:44:59.823 0100|00|00|05|fa0001|1f86000763[payload->].c||25,351
2025-08-03T13:44:59.924 0100|09|00|06|f801fe|1f860003fd20[payload->].. ||8,445
2025-08-03T13:55:08.722 0100|00|00|05|fa0001|1f86000763[payload->].c||25,351
2025-08-03T13:55:08.723 0100|01|00|06|f801fe|1f860003fd20[payload->].. ||8,445
2025-08-03T14:05:17.915 0100|00|00|05|fa0001|1f86000763[payload->].c||25,351
2025-08-03T14:05:18.017 0100|01|00|06|f801fe|1f860003fd20[payload->].. ||8,445
2025-08-03T14:15:27.564 0100|00|00|05|fa0001|1f86000763[payload->].c||25,351
2025-08-03T14:15:27.565 0100|01|00|06|f801fe|1f860003fd20[payload->].. ||8,445
2025-08-03T14:25:36.385 0100|00|00|05|fa0001|1f86000763[payload->].c||25,351
2025-08-03T14:25:36.386 0100|01|00|06|f801fe|1f860003fd20[payload->].. ||8,445
2025-08-03T14:35:44.170 0100|00|00|05|fa0001|1f86000763[payload->].c||25,351
2025-08-03T14:35:44.271 0100|01|00|06|f801fe|1f860003fd20[payload->].. ||8,445
2025-08-03T14:45:52.758 0100|00|00|05|fa0001|1f86000763[payload->].c||25,351
2025-08-03T14:45:52.859 0100|01|00|06|f801fe|1f860003fd20[payload->].. ||8,445
2025-08-03T14:56:01.718 0100|00|00|05|fa0001|1f86000763[payload->].c||25,351
2025-08-03T14:56:01.719 0100|01|00|06|f801fe|1f860003fd20[payload->].. ||8,445
2025-08-03T15:06:10.398 0100|00|00|05|fa0001|1f86000763[payload->].c||25,351
2025-08-03T15:06:10.398 0100|01|00|06|f801fe|1f860003fd20[payload->].. ||8,445
2025-08-03T15:16:18.686 0100|00|00|05|fa0001|1f86000763[payload->].c||25,351
2025-08-03T15:16:18.686 0100|01|00|06|f801fe|1f860003fd20[payload->].. ||8,445
2025-08-03T15:26:27.941 0100|00|00|05|fa0001|1f86000763[payload->].c||25,351
2025-08-03T15:26:27.941 0100|01|00|06|f801fe|1f860003fd20[payload->].. ||8,445
2025-08-03T15:36:37.500 0100|00|00|05|fa0001|1f86000763[payload->].c||25,351
2025-08-03T15:36:37.601 0100|01|00|06|f801fe|1f860003fd20[payload->].. ||8,445
2025-08-03T15:46:46.188 0100|00|00|05|fa0001|1f86000763[payload->].c||25,351
2025-08-03T15:46:46.188 0100|01|00|06|f801fe|1f860003fd20[payload->].. ||8,445
2025-08-03T15:56:54.834 0100|00|00|05|fa0001|1f86000763[payload->].c||25,351
2025-08-03T15:56:54.935 0100|01|00|06|f801fe|1f860003fd20[payload->].. ||8,445
2025-08-03T16:07:02.546 0100|00|00|05|fa0001|1f86000763[payload->].c||25,351
2025-08-03T16:07:02.546 0100|01|00|06|f801fe|1f860003fd20[payload->].. ||8,445
2025-08-03T16:17:12.097 0100|00|00|05|fa0001|1f86000763[payload->].c||25,351
2025-08-03T16:17:12.198 0100|01|00|06|f801fe|1f860003fd20[payload->].. ||8,445
2025-08-03T16:27:19.941 0100|00|00|05|fa0001|1f86000763[payload->].c||25,351
2025-08-03T16:27:19.941 0100|01|00|06|f801fe|1f860003fd20[payload->].. ||8,445
2025-08-03T16:37:28.813 0100|00|00|05|fa0001|1f86000763[payload->].c||25,351
2025-08-03T16:37:28.813 0100|01|00|06|f801fe|1f860003fd20[payload->].. ||8,445
2025-08-03T16:47:37.971 0100|00|00|05|fa0001|1f86000763[payload->].c||25,351
2025-08-03T16:47:37.972 0100|01|00|06|f801fe|1f860003fd20[payload->].. ||8,445
2025-08-03T16:57:46.314 0100|00|00|05|fa0001|1f86000763[payload->].c||25,351
2025-08-03T16:57:46.415 0100|01|00|06|f801fe|1f860003fd20[payload->].. ||8,445
2025-08-03T17:07:54.865 0100|00|00|05|fa0001|1f86000763[payload->].c||25,351
2025-08-03T17:07:54.866 0100|01|00|06|f801fe|1f860003fd20[payload->].. ||8,445
2025-08-03T17:18:03.838 0100|00|00|05|fa0001|1f86000763[payload->].c||25,351
2025-08-03T17:18:03.839 0100|01|00|06|f801fe|1f860003fd20[payload->].. ||8,445
2025-08-03T17:28:12.835 0100|00|00|05|fa0001|1f86000763[payload->].c||25,351
2025-08-03T17:28:12.835 0100|01|00|06|f801fe|1f860003fd20[payload->].. ||8,445
2025-08-03T17:38:21.782 0100|00|00|05|fa0001|1f86000763[payload->].c||25,351
2025-08-03T17:38:21.883 0100|01|00|06|f801fe|1f860003fd20[payload->].. ||8,445
2025-08-03T17:48:31.163 0100|00|00|05|fa0001|1f86000763[payload->].c||25,351
2025-08-03T17:48:31.264 0100|01|00|06|f801fe|1f860003fd20[payload->].. ||8,445
2025-08-03T18:08:48.706 0100|00|00|05|fa0001|1f86000763[payload->].c||25,351
2025-08-03T18:08:48.808 0100|01|00|06|f801fe|1f860003fd20[payload->].. ||8,445
