2025-07-30T20:54:05.196 0100|01|08|44|b20101|f6506c002603010000ffffff002701010000ffffff0528c1031800980d00102903010000ffffff002a01010000ffffff052bc1031800980d00102c03010000ffffff00a3[payload->].&........'........(........)........*........+........,.........||41,728
2025-07-31T01:01:55.122 0100|01|08|44|b20101|f6506c008a01010000ffffff058bc1031800940c00108c03010000ffffff008d01010000ffffff058ec1031800940c00108f03010000ffffff0082c1031800940c001048[payload->]................................................................H||18,448
2025-07-31T03:06:45.293 0100|01|08|44|b20101|f6506c004a01010000ffffff054bc1031800680b00104c03010000ffffff004d01010000ffffff054ec1031800680b00104101010000ffffff0542c1031800680b001090[payload->].J........K....h...L........M........N....h...A........B....h....||36,880
2025-07-31T09:02:05.367 0100|01|08|44|b20101|f6506c002c0101041effffff052d81031f005a1400102e03010000ffffff002f01010420ffffff0530c1031f005a1400103103010000ffffff003201010420ffffff05b2[payload->].,........-....Z............/... ....0....Z...1........2... .....||45,573
2025-07-31T10:24:45.168 0100|01|08|44|b20101|f6506c00f801010000ffffff05f9c1021800a00f0010fa03010000ffffff00fb01010000ffffff05fcc1031800960f0010fd03010000ffffff00fe01010000ffffff05c7[payload->].................................................................||50,949
2025-07-31T11:12:15.433 0100|01|08|44|b20101|f6506c004e01010000ffffff054fc10318002e0e00105003010000ffffff005101010000ffffff0552c10318002e0e00105303010000ffffff005401010000ffffff05a8[payload->].N........O........P........Q........R........S........T.........||43,013
2025-07-31T11:44:35.243 0100|01|08|44|b20101|f6506c008c01010000ffffff058dc10318007a0d00108e03010000ffffff008f01010000ffffff0590c10318007a0d00109103010000ffffff009201010000ffffff051d[payload->]...............z..........................z......................||7,429
2025-07-31T13:19:36.389 0100|01|08|44|b20101|f6506c0038c1031800260c00103903010000ffffff003a01010000fffffe053bc1031800260c00103c03010000ffffff003d01010000ffffff053ec1031800260c0010fd[payload->].8....&...9........:........;....&...<........=........>....&....||64,784
2025-08-01T03:21:05.700 0100|01|08|44|b20101|f6506c003a03010000ffffff003b01010000ffffff052e03010000ffffff002f01010000ffffff0530c10318004e0c00103103010000ffffff003201010000ffffff05b8[payload->].:........;................./........0....N...1........2.........||47,109
2025-08-01T07:20:15.769 0100|01|08|44|b20101|f6506c00f601010000ffffff05f703010000ffffff00f8c1031800f00a0010f901010000ffffff05fa03010000ffffff00fbc1031800f00a0010ee03010000ffffff0041[payload->]................................................................A||16,640
2025-08-01T09:34:25.777 0100|01|08|44|b20101|f6506c005e01010000ffffff055fc1031800a00a00106003010000ffffff006101010000ffffff055403010000ffffff005501010000ffffff0556c1031800a00a0010c0[payload->].^........_........`........a........T........U........V.........||49,168
2025-08-01T18:24:25.676 0100|01|08|44|b20101|f6506c008003010000ffffff0081c10318000a1400108201010000ffffff058303010000ffffff0084c1031800001400107703010000ffffff0078c103180014140010fa[payload->]..............................................w........x.........||64,016
2025-08-01T18:26:15.783 0100|01|08|44|b20101|f6506c009cc1031800e21300109d01010000ffffff059e03010000ffffff009fc1031800e2130010a001010000ffffff05a103010000ffffff00a2c1031800d81300100c[payload->].................................................................||3,088
2025-08-01T19:22:25.649 0100|01|08|44|b20101|f6506c008c01010000ffffff058d03010000ffffff008ec10318004a1000108f01010000ffffff059003010000ffffff0091c10318004a1000109201010000ffffff0517[payload->]........................J..........................J.............||5,893
2025-08-01T19:48:55.630 0100|01|08|44|b20101|f6506c006803010000ffffff0069c1031800500f00106a01010000ffffff056b03010000ffffff006cc1031800500f00106d01010000ffffff056e03010000ffffff00cf[payload->].h........i....P...j........k........l....P...m........n.........||52,992
2025-08-01T20:54:35.739 0100|01|08|44|b20101|f6506c0000c1031800b60d00100101010000ffffff050203010000ffffff0003c1031800b60d00100401010000ffffff050503010000ffffff0006c1031800b60d0010b0[payload->].................................................................||45,072
2025-08-02T03:12:45.689 0100|01|08|44|b20101|f6506c008603010000ffffff008701010000ffffff0588c1031800620c00108903010000ffffff008a01010000ffffff058bc1031800620c00107e01010000ffffff05da[payload->]........................b..........................b...~.........||55,813
2025-08-02T03:48:15.713 0100|01|08|44|b20101|f6506c00fcc10318001c0c0010fd03010000ffffff00fe01010000ffffff05ffc10318001c0c00100003010000ffffff000101010000ffffff0d02c10318001c0c001043[payload->]................................................................C||17,168
2025-08-03T03:34:26.169 0100|01|08|44|b20101|f6506c00f403010000ffffff00f5c1031800080c0010f601010000ffffff05e9c1031800080c0010ea01010000ffffff05eb03010000ffffff00ecc1031800080c0010f7[payload->].................................................................||63,248
2025-08-03T11:05:56.207 0100|01|08|44|b20101|f6506c0090c10318002e0e00109101010000ffffff059203010000fffffe0093c10318002e0e00109401010000ffffff059503010000ffffff0096c10318002e0e00107b[payload->]................................................................{||31,504
2025-08-03T11:08:16.322 0100|01|08|44|b20101|f6506c00bac10318002e0e0010bb01010000ffffff05bc03010000ffffff00bdc10318002e0e0010be01010000ffffff05bf03010000ffffff00c0c10318002e0e001034[payload->]................................................................4||13,328
2025-08-03T16:51:16.222 0100|01|08|44|b20101|f6506c00ca01010000ffffff05cb03010000ffffff00ccc10318009e0c0010cd01010000ffffff05ce03010000ffffff00c101010000ffffff05c203010000ffffff00d9[payload->].................................................................||55,552
