2025-07-30T20:33:49.182 0100|00|00|05|fa0001|3437019fa6[payload->]..||42,655
2025-07-30T20:33:49.385 0100|01|00|18|e601fe|34370102c81024a00084ffffffffffffffffffffffff705d[payload->]...$...............p]||23,920
2025-07-30T21:03:49.041 0100|00|00|05|fa0001|3437019fa6[payload->]..||42,655
2025-07-30T21:03:49.142 0100|01|00|18|e601fe|34370102c81024a00084ffffffffffffffffffffffff705d[payload->]...$...............p]||23,920
2025-07-30T21:33:49.052 0100|00|00|05|fa0001|3437019fa6[payload->]..||42,655
2025-07-30T21:33:49.153 0100|01|00|18|e601fe|34370102c81024a00084ffffffffffffffffffffffff705d[payload->]...$...............p]||23,920
2025-07-30T22:03:49.052 0100|00|00|05|fa0001|3437019fa6[payload->]..||42,655
2025-07-30T22:03:49.153 0100|01|00|18|e601fe|34370102c81024a00084ffffffffffffffffffffffff705d[payload->]...$...............p]||23,920
2025-07-30T22:33:49.132 0100|00|00|05|fa0001|3437019fa6[payload->]..||42,655
2025-07-30T22:33:49.334 0100|01|00|18|e601fe|34370102c81024a00084ffffffffffffffffffffffff705d[payload->]...$...............p]||23,920
2025-07-30T23:03:49.640 0100|00|00|05|fa0001|3437019fa6[payload->]..||42,655
2025-07-30T23:03:49.842 0100|01|00|18|e601fe|34370102c81024a00084ffffffffffffffffffffffff705d[payload->]...$...............p]||23,920
2025-07-30T23:33:49.206 0100|00|00|05|fa0001|3437019fa6[payload->]..||42,655
2025-07-30T23:33:49.408 0100|01|00|18|e601fe|34370102c81024a00084ffffffffffffffffffffffff705d[payload->]...$...............p]||23,920
2025-07-31T00:03:49.116 0100|00|00|05|fa0001|3437019fa6[payload->]..||42,655
2025-07-31T00:03:49.318 0100|01|00|18|e601fe|34370102c81024a00084ffffffffffffffffffffffff705d[payload->]...$...............p]||23,920
2025-07-31T00:31:28.644 0100|00|00|05|fa0001|3437019fa6[payload->]..||42,655
2025-07-31T00:31:28.745 0100|01|00|18|e601fe|34370102c81024a00084ffffffdfffffffffffffffff705d[payload->]...$...............p]||23,920
2025-07-31T00:33:49.114 0100|00|00|05|fa0001|3437019fa6[payload->]..||42,655
2025-07-31T00:33:49.216 0100|01|00|18|e601fe|34370102c81024a00084ffffffffffffffffffffffff705d[payload->]...$...............p]||23,920
2025-07-31T01:03:49.109 0100|00|00|05|fa0001|3437019fa6[payload->]..||42,655
2025-07-31T01:03:49.210 0100|01|00|18|e601fe|34370102c81024a00084ffffffffffffffffffffffff705d[payload->]...$...............p]||23,920
2025-07-31T01:31:28.613 0100|00|00|05|fa0001|3437019fa6[payload->]..||42,655
2025-07-31T01:31:28.815 0100|01|00|18|e601fe|34370102c81024a00084ffffffffffffffffffffffff705d[payload->]...$...............p]||23,920
2025-07-31T01:33:49.118 0100|00|00|05|fa0001|3437019fa6[payload->]..||42,655
2025-07-31T01:33:49.220 0100|01|00|18|e601fe|34370102c81024a00084ffffffffffffffffffffffff705d[payload->]...$...............p]||23,920
2025-07-31T02:03:49.203 0100|00|00|05|fa0001|3437019fa6[payload->]..||42,655
2025-07-31T02:03:49.405 0100|01|00|18|e601fe|34370102c81024a00084fffffffffffffffeffffffff705d[payload->]...$...............p]||23,920
2025-07-31T02:33:50.552 0100|00|00|05|fa0001|3437019fa6[payload->]..||42,655
2025-07-31T02:33:50.654 0100|01|00|18|e601fe|34370102c81024a00084ffffffffffffffffffffffff705d[payload->]...$...............p]||23,920
2025-07-31T03:03:50.460 0100|00|00|05|fa0001|3437019fa6[payload->]..||42,655
2025-07-31T03:03:50.662 0100|01|00|18|e601fe|34370102c81024a00084ffffffffffffffffffffffff705d[payload->]...$...............p]||23,920
2025-07-31T04:03:50.494 0100|00|00|05|fa0001|3437019fa6[payload->]..||42,655
2025-07-31T04:03:50.596 0100|01|00|18|e601fe|34370102c81024a00084ffffffffffffffffffffffff705d[payload->]...$...............p]||23,920
2025-07-31T04:31:28.186 0100|00|00|05|fa0001|3437019fa6[payload->]..||42,655
2025-07-31T04:31:28.387 0100|01|00|18|e601fe|34370102c81024a00084ffffffffffffffffffffffffffff[payload->]...$.................||65,535
2025-07-31T04:33:50.531 0100|00|00|05|fa0001|3437019fa6[payload->]..||42,655
2025-07-31T04:33:50.733 0100|01|00|18|e601fe|34370102c81024a00084ffffffffffffffffffffffff705d[payload->]...$...............p]||23,920
2025-07-31T05:03:52.450 0100|00|00|05|fa0001|3437019fa6[payload->]..||42,655
2025-07-31T05:03:52.652 0100|01|00|18|e601fe|34370102c81024a00084ffffffffffffffffffffffff705d[payload->]...$...............p]||23,920
2025-07-31T05:31:28.408 0100|01|00|18|e601fe|34370102c81024a00084ffffffffffffffffffffffff705d[payload->]...$...............p]||23,920
2025-07-31T05:33:52.457 0100|00|00|05|fa0001|3437019fa6[payload->]..||42,655
2025-07-31T05:33:52.659 0100|01|00|18|e601fe|34370102c81024a00084ffffffffffffffffffffffff705d[payload->]...$...............p]||23,920
2025-07-31T06:03:52.577 0100|00|00|05|fa0001|3437019fa6[payload->]..||42,655
2025-07-31T06:03:52.678 0100|01|00|18|e601fe|34370102c81024a00084ffffffffffffffffffffffff705d[payload->]...$...............p]||23,920
2025-07-31T06:31:28.226 0100|00|00|05|fa0001|3437019fa6[payload->]..||42,655
2025-07-31T06:31:28.428 0100|01|00|18|e601fe|34370102c81024a000e601fe343d0102c81024a00084ffff[payload->]...$.....4=....$.....||65,535
2025-07-31T06:33:53.754 0100|00|00|05|fa0001|3437019fa6[payload->]..||42,655
2025-07-31T06:33:53.855 0100|01|00|18|e601fe|34370102c81024a00084ffffffffffffffffffffffff705d[payload->]...$...............p]||23,920
2025-07-31T07:03:54.085 0100|00|00|05|fa0001|3437019fa6[payload->]..||42,655
2025-07-31T07:03:54.190 0100|01|00|18|e601fe|34370102c81024a00084ffffffffffffffffffffffff705d[payload->]...$...............p]||23,920
2025-07-31T07:31:29.075 0100|01|00|18|e601fe|34370102c81024a00084ffffffffffffffffffffffff705d[payload->]...$...............p]||23,920
2025-07-31T07:33:53.777 0100|00|00|05|fa0001|3437019fa6[payload->]..||42,655
2025-07-31T07:33:53.979 0100|01|00|18|e601fe|34370102c81024a00084ffffffffffffffffffffffff705d[payload->]...$...............p]||23,920
2025-07-31T08:03:53.792 0100|00|00|05|fa0001|3437019fa6[payload->]..||42,655
2025-07-31T08:03:53.994 0100|01|00|18|e601fe|34370102c81024a00084ffffffffffffffffffffffff705d[payload->]...$...............p]||23,920
2025-07-31T08:31:28.170 0100|01|00|18|e601fe|34370102c81024a00084ffffffffffffffffdfffffff705d[payload->]...$...............p]||23,920
2025-07-31T08:33:53.888 0100|00|00|05|fa0001|3437019fa6[payload->]..||42,655
2025-07-31T08:33:53.989 0100|01|00|18|e601fe|34370102c81024a00084ffffffffffffffffffffffff705d[payload->]...$...............p]||23,920
2025-07-31T09:03:53.913 0100|00|00|05|fa0001|3437019fa6[payload->]..||42,655
2025-07-31T09:03:54.114 0100|01|00|18|e601fe|34370102c81024a00084ffffffffffffffffffffffff705d[payload->]...$...............p]||23,920
2025-07-31T09:31:28.158 0100|00|00|05|fa0001|3437019fa6[payload->]..||42,655
2025-07-31T09:31:28.360 0100|01|00|18|e601fe|34370102c81024a00084ffffffffffffffffffffffffffff[payload->]...$.................||65,535
2025-07-31T09:33:53.871 0100|00|00|05|fa0001|3437019fa6[payload->]..||42,655
2025-07-31T09:33:53.973 0100|01|00|18|e601fe|34370102c81024a00084ffffffffffffffffffffffff705d[payload->]...$...............p]||23,920
2025-07-31T10:03:53.809 0100|00|00|05|fa0001|3437019fa6[payload->]..||42,655
2025-07-31T10:03:54.010 0100|01|00|18|e601fe|34370102c81024a00084ffffffffffffffffffffffff705d[payload->]...$...............p]||23,920
2025-07-31T10:31:28.586 0100|00|00|05|fa0001|3437019fa6[payload->]..||42,655
2025-07-31T10:33:54.898 0100|00|00|05|fa0001|3437019fa6[payload->]..||42,655
2025-07-31T10:33:54.999 0100|01|00|18|e601fe|34370102c81024a00084ffffffffffffffffffffffff705d[payload->]...$...............p]||23,920
2025-07-31T11:03:54.873 0100|00|00|05|fa0001|3437019fa6[payload->]..||42,655
2025-07-31T11:03:55.075 0100|01|00|18|e601fe|34370102c81024a00084ffffffffffffffffffffffff705d[payload->]...$...............p]||23,920
2025-07-31T11:31:28.115 0100|00|00|05|fa0001|3437019fa6[payload->]..||42,655
2025-07-31T11:31:28.216 0100|01|00|18|e601fe|34370102c81024a00084ffffffffffffffffffffffff705d[payload->]...$...............p]||23,920
2025-07-31T11:33:54.970 0100|00|00|05|fa0001|3437019fa6[payload->]..||42,655
2025-07-31T11:33:55.071 0100|01|00|18|e601fe|34370102c81024a00084ffffffffffffffffffffffff705d[payload->]...$...............p]||23,920
2025-07-31T12:03:54.728 0100|00|00|05|fa0001|3437019fa6[payload->]..||42,655
2025-07-31T12:03:54.830 0100|01|00|18|e601fe|34370102c81024a00084ffffffffffffffffffffffff705d[payload->]...$...............p]||23,920
2025-07-31T12:31:33.247 0100|00|00|05|fa0001|3437019fa6[payload->]..||42,655
2025-07-31T12:31:33.349 0100|01|00|18|e601fe|34370102c81024a00084ffffffffff18030000fd60010000[payload->]...$.............`...||0,000
2025-07-31T12:33:54.676 0100|00|00|05|fa0001|3437019fa6[payload->]..||42,655
2025-07-31T12:33:54.877 0100|01|00|18|e601fe|34370102c81024a00084ffffffffffffffffffffffff705d[payload->]...$...............p]||23,920
2025-07-31T13:03:55.015 0100|00|00|05|fa0001|3437019fa6[payload->]..||42,655
2025-07-31T13:03:55.217 0100|01|00|18|e601fe|34370102c81024a00084ffffffffffffffffffffffff705d[payload->]...$...............p]||23,920
2025-07-31T13:31:28.847 0100|00|00|05|fa0001|3437019fa6[payload->]..||42,655
2025-07-31T13:31:28.948 0100|01|00|18|e601fe|34370102c81024a00084ffffffffffffffffffffffff705d[payload->]...$...............p]||23,920
2025-07-31T13:33:55.481 0100|00|00|05|fa0001|3437019fa6[payload->]..||42,655
2025-07-31T13:33:55.683 0100|01|00|18|e601fe|34370102c81024a00084ffffffffffffffffffffffff705d[payload->]...$...............p]||23,920
2025-07-31T14:03:56.004 0100|00|00|05|fa0001|3437019fa6[payload->]..||42,655
2025-07-31T14:33:54.660 0100|00|00|05|fa0001|3437019fa6[payload->]..||42,655
2025-07-31T14:33:54.761 0100|01|00|18|e601fe|34370102c81024a00084ffffffffffffffffffffffff705d[payload->]...$...............p]||23,920
2025-07-31T15:03:54.733 0100|00|00|05|fa0001|3437019fa6[payload->]..||42,655
2025-07-31T15:03:54.935 0100|01|00|18|e601fe|34370102c81024a00084ffffffffffffffffffffffff705d[payload->]...$...............p]||23,920
2025-07-31T15:33:57.214 0100|00|00|05|fa0001|3437019fa6[payload->]..||42,655
2025-07-31T15:33:57.315 0100|01|00|18|e601fe|34370102c81024a00084ffffffffffffffffffffffff705d[payload->]...$...............p]||23,920
2025-07-31T16:03:57.153 0100|00|00|05|fa0001|3437019fa6[payload->]..||42,655
2025-07-31T16:03:57.254 0100|01|00|18|e601fe|34370102c81024a00084ffffffffffffffffffffffff705d[payload->]...$...............p]||23,920
2025-07-31T16:33:58.219 0100|00|00|05|fa0001|3437019fa6[payload->]..||42,655
2025-07-31T16:33:58.320 0100|01|00|18|e601fe|34370102c81024a00084ffffffffffffffffffffffff705d[payload->]...$...............p]||23,920
2025-07-31T17:03:57.995 0100|00|00|05|fa0001|3437019fa6[payload->]..||42,655
2025-07-31T17:03:58.096 0100|01|00|18|e601fe|34370102c81024a00084ffffffffffffffffffffffff705d[payload->]...$...............p]||23,920
2025-07-31T17:31:28.409 0100|00|00|05|fa0001|3437019fa6[payload->]..||42,655
2025-07-31T17:31:28.510 0100|01|00|18|e601fe|34370102c81024a00084ffffffffffffffffffffffff705d[payload->]...$...............p]||23,920
2025-07-31T17:33:57.994 0100|00|00|05|fa0001|3437019fa6[payload->]..||42,655
2025-07-31T17:33:58.095 0100|01|00|18|e601fe|34370102c81024a00084ffffffffffffffffffffffff705d[payload->]...$...............p]||23,920
2025-07-31T18:33:59.378 0100|00|00|05|fa0001|3437019fa6[payload->]..||42,655
2025-07-31T18:33:59.580 0100|01|00|18|e601fe|34370102c81024a00084ffffffffffffffffffffffff705d[payload->]...$...............p]||23,920
2025-07-31T19:03:59.962 0100|00|00|05|fa0001|3437019fa6[payload->]..||42,655
2025-07-31T19:04:00.164 0100|01|00|18|e601fe|34370102c81024a00084ffffffffffffffffffffffff705d[payload->]...$...............p]||23,920
2025-07-31T19:33:59.931 0100|00|00|05|fa0001|3437019fa6[payload->]..||42,655
2025-07-31T19:34:00.033 0100|01|00|18|e601fe|34370102c81024a00084ffffffffffffffffffffffff705d[payload->]...$...............p]||23,920
2025-07-31T20:03:59.985 0100|00|00|05|fa0001|3437019fa6[payload->]..||42,655
2025-07-31T20:04:00.186 0100|01|00|18|e601fe|34370102c81024a00084ffffffffffffffffffffffff705d[payload->]...$...............p]||23,920
2025-07-31T20:34:00.096 0100|00|00|05|fa0001|3437019fa6[payload->]..||42,655
2025-07-31T20:34:00.197 0100|01|00|18|e601fe|34370102c81024a00084ffffffffffffffffffffffff705d[payload->]...$...............p]||23,920
2025-07-31T21:34:01.020 0100|00|00|05|fa0001|3437019fa6[payload->]..||42,655
2025-07-31T21:34:01.222 0100|01|00|18|e601fe|34370102c81024a00084ffffffffffffffffffffffff705d[payload->]...$...............p]||23,920
2025-07-31T22:04:00.979 0100|00|00|05|fa0001|3437019fa6[payload->]..||42,655
2025-07-31T22:04:01.181 0100|01|00|18|e601fe|34370102c81024a00084ffffffffffffffffffffffff705d[payload->]...$...............p]||23,920
2025-07-31T22:34:01.481 0100|00|00|05|fa0001|3437019fa6[payload->]..||42,655
2025-07-31T22:34:01.683 0100|01|00|18|e601fe|34370102c81024a00084fffffffffffffffff7ffffff705d[payload->]...$...............p]||23,920
2025-07-31T23:04:01.005 0100|00|00|05|fa0001|3437019fa6[payload->]..||42,655
2025-07-31T23:04:01.207 0100|01|00|18|e601fe|34370102c81024a00084ffffffffffffffffffffffff705d[payload->]...$...............p]||23,920
2025-07-31T23:34:01.021 0100|00|00|05|fa0001|3437019fa6[payload->]..||42,655
2025-07-31T23:34:01.122 0100|01|00|18|e601fe|34370102c81024a00084ffffffffffffffffffffffff705d[payload->]...$...............p]||23,920
2025-08-01T00:04:01.004 0100|00|00|05|fa0001|3437019fa6[payload->]..||42,655
2025-08-01T00:04:01.206 0100|01|00|18|e601fe|34370102c81024a00084ffffffffffffffffffffffff705d[payload->]...$...............p]||23,920
2025-08-01T00:31:28.194 0100|00|00|05|fa0001|3437019fa6[payload->]..||42,655
2025-08-01T00:31:28.396 0100|01|00|18|e601fe|34370102c81024a00084ffffffffffffffffffffffff705d[payload->]...$...............p]||23,920
2025-08-01T00:34:01.012 0100|00|00|05|fa0001|3437019fa6[payload->]..||42,655
2025-08-01T00:34:01.114 0100|01|00|18|e601fe|34370102c81024a00084ffffffffffffffffffffffff705d[payload->]...$...............p]||23,920
2025-08-01T01:04:00.978 0100|00|00|05|fa0001|3437019fa6[payload->]..||42,655
2025-08-01T01:04:01.180 0100|01|00|18|e601fe|34370102c81024a00084ffffffffffffffffffffffff705d[payload->]...$...............p]||23,920
2025-08-01T01:34:01.032 0100|00|00|05|fa0001|3437019fa6[payload->]..||42,655
2025-08-01T01:34:01.133 0100|01|00|18|e601fe|34370102c81024a00084ffffffffffffffffffffffff705d[payload->]...$...............p]||23,920
2025-08-01T02:04:01.991 0100|00|00|05|fa0001|3437019fa6[payload->]..||42,655
2025-08-01T02:04:02.092 0100|01|00|18|e601fe|34370100c81024a00084ffffffffffffffffffffffff705d[payload->]...$...............p]||23,920
2025-08-01T02:31:28.222 0100|00|00|05|fa0001|3437019fa6[payload->]..||42,655
2025-08-01T02:31:28.324 0100|01|00|18|e601fe|34370102c81024a00084ffffffffffffffffffffffff705d[payload->]...$...............p]||23,920
2025-08-01T02:34:02.034 0100|00|00|05|fa0001|3437019fa6[payload->]..||42,655
2025-08-01T02:34:02.135 0100|01|00|18|e601fe|34370102c81024a00084ffffffffffffffffffffffff705d[payload->]...$...............p]||23,920
2025-08-01T03:04:01.966 0100|00|00|05|fa0001|3437019fa6[payload->]..||42,655
2025-08-01T03:04:02.168 0100|01|00|18|e601fe|34370102c81024a00084ffffffffffffffffffffffff705d[payload->]...$...............p]||23,920
2025-08-01T03:34:02.038 0100|00|00|05|fa0001|3437019fa6[payload->]..||42,655
2025-08-01T03:34:02.139 0100|01|00|18|e601fe|34370102c81024a00084ffffffffffffffffffffffff705d[payload->]...$...............p]||23,920
2025-08-01T04:04:01.917 0100|00|00|05|fa0001|3437019fa6[payload->]..||42,655
2025-08-01T04:04:02.119 0100|01|00|18|e601fe|34370102c81024a00084ffffffffffffffffffffffff705d[payload->]...$...............p]||23,920
2025-08-01T04:34:01.914 0100|00|00|05|fa0001|3437019fa6[payload->]..||42,655
2025-08-01T05:04:02.011 0100|00|00|05|fa0001|3437019fa6[payload->]..||42,655
2025-08-01T05:04:02.112 0100|01|00|18|e601fe|34370102c81024a00084ffffffffffffffffffffffff705d[payload->]...$...............p]||23,920
2025-08-01T05:31:29.228 0100|00|00|05|fa0001|3437019fa6[payload->]..||42,655
2025-08-01T05:31:29.430 0100|01|00|18|e601fe|34370102c81024a00084ffffffffffffffffffffffff705d[payload->]...$...............p]||23,920
2025-08-01T05:34:01.995 0100|00|00|05|fa0001|3437019fa6[payload->]..||42,655
2025-08-01T05:34:02.096 0100|01|00|18|e601fe|34370102c81024a00084ffffffffffffffffffffffff705d[payload->]...$...............p]||23,920
2025-08-01T06:04:01.953 0100|00|00|05|fa0001|3437019fa6[payload->]..||42,655
2025-08-01T06:04:02.055 0100|01|00|18|e601fe|34370102c81024a00084ffffffffffffffffffffffff705d[payload->]...$...............p]||23,920
2025-08-01T06:34:01.985 0100|00|00|05|fa0001|3437019fa6[payload->]..||42,655
2025-08-01T06:34:02.086 0100|01|00|18|e601fe|34370102c81024a00084ffffffffffffffffffffffff705d[payload->]...$...............p]||23,920
2025-08-01T07:04:01.997 0100|00|00|05|fa0001|3437019fa6[payload->]..||42,655
2025-08-01T07:04:02.098 0100|01|00|18|e601fe|34370102c81024a00084ffffffffffffffffffffffff705d[payload->]...$...............p]||23,920
2025-08-01T07:34:02.037 0100|00|00|05|fa0001|3437019fa6[payload->]..||42,655
2025-08-01T07:34:02.138 0100|01|00|18|e601fe|34370102c81024a00084ffffffffffffffffffffffff705d[payload->]...$...............p]||23,920
2025-08-01T08:04:03.465 0100|00|00|05|fa0001|3437019fa6[payload->]..||42,655
2025-08-01T08:31:28.489 0100|01|00|18|e601fe|34370102c81024a00084ffffffffffffffffffffffff705d[payload->]...$...............p]||23,920
2025-08-01T08:34:03.024 0100|00|00|05|fa0001|3437019fa6[payload->]..||42,655
2025-08-01T08:34:03.125 0100|01|00|18|e601fe|34370102c81024a00084ffffffffffffffffffffffff705d[payload->]...$...............p]||23,920
2025-08-01T09:04:02.993 0100|00|00|05|fa0001|3437019fa6[payload->]..||42,655
2025-08-01T09:04:03.094 0100|01|00|18|e601fe|34370102c81024a00084ffffffffffffffffffffffff705d[payload->]...$...............p]||23,920
2025-08-01T09:34:03.031 0100|00|00|05|fa0001|3437019fa6[payload->]..||42,655
2025-08-01T09:34:03.133 0100|01|00|18|e601fe|34370102c81024a00084ffffffffffffffffffffffff705d[payload->]...$...............p]||23,920
2025-08-01T10:04:03.023 0100|00|00|05|fa0001|3437019fa6[payload->]..||42,655
2025-08-01T10:04:03.225 0100|01|00|18|e601fe|34370102c81024a00084ffffffffffffffffffffffff705d[payload->]...$...............p]||23,920
2025-08-01T10:31:28.609 0100|00|00|05|fa0001|3437019fa6[payload->]..||42,655
2025-08-01T10:31:28.711 0100|01|00|18|e601fe|34370102c81024a00084ffffffffffffffffffffffff705d[payload->]...$...............p]||23,920
2025-08-01T10:34:02.967 0100|00|00|05|fa0001|3437019fa6[payload->]..||42,655
2025-08-01T10:34:03.068 0100|01|00|18|e601fe|34370102c81024a00084ffffffffffffffffffffffff705d[payload->]...$...............p]||23,920
2025-08-01T11:04:02.962 0100|00|00|05|fa0001|3437019fa6[payload->]..||42,655
2025-08-01T11:34:02.984 0100|00|00|05|fa0001|3437019fa6[payload->]..||42,655
2025-08-01T11:34:03.186 0100|01|00|18|e601fe|34370102c81024a00084ffffffffffffffffffffffff705d[payload->]...$...............p]||23,920
2025-08-01T12:04:03.041 0100|00|00|05|fa0001|3437019fa6[payload->]..||42,655
2025-08-01T12:04:03.142 0100|01|00|18|e601fe|34370102c81024a00084ffffffffffffffffffffffff705d[payload->]...$...............p]||23,920
2025-08-01T12:34:04.159 0100|00|00|05|fa0001|3437019fa6[payload->]..||42,655
2025-08-01T12:34:04.260 0100|01|00|18|e601fe|34370102c81024a00084ffffffffffffffffffffffff705d[payload->]...$...............p]||23,920
2025-08-01T13:04:04.136 0100|00|00|05|fa0001|3437019fa6[payload->]..||42,655
2025-08-01T13:04:04.238 0100|01|00|18|e601fe|34370102c81024a00084ffffffffffffffffffffffff705d[payload->]...$...............p]||23,920
2025-08-01T13:31:28.974 0100|00|00|05|fa0001|3437019fa6[payload->]..||42,655
2025-08-01T13:31:29.075 0100|01|00|18|e601fe|34370102c81024a00084ffffffffffffffffffffffff705d[payload->]...$...............p]||23,920
2025-08-01T13:34:04.130 0100|00|00|05|fa0001|3437019fa6[payload->]..||42,655
2025-08-01T13:34:04.231 0100|01|00|18|e601fe|34370102c81024a00084ffffffffffffffffffffffff705d[payload->]...$...............p]||23,920
2025-08-01T14:04:07.541 0100|00|00|05|fa0001|3437019fa6[payload->]..||42,655
2025-08-01T14:04:07.642 0100|01|00|18|e601fe|34370102c81024a00084ffffffffffffffffffffffff705d[payload->]...$...............p]||23,920
2025-08-01T15:04:06.182 0100|00|00|05|fa0001|3437019fa6[payload->]..||42,655
2025-08-01T15:04:06.283 0100|01|00|18|e601fe|34370102c81024a00084ffffffffffffffffffffffff705d[payload->]...$...............p]||23,920
2025-08-01T15:34:06.154 0100|00|00|05|fa0001|3437019fa6[payload->]..||42,655
2025-08-01T15:34:06.255 0100|01|00|18|e601fe|34370102c81024a00084ffffffffffffffffffffffff705d[payload->]...$...............p]||23,920
2025-08-01T16:04:06.123 0100|00|00|05|fa0001|3437019fa6[payload->]..||42,655
2025-08-01T16:04:06.324 0100|01|00|18|e601fe|34370102c81024a00084ffffffffffffffffffffffff705d[payload->]...$...............p]||23,920
2025-08-01T16:34:06.121 0100|00|00|05|fa0001|3437019fa6[payload->]..||42,655
2025-08-01T16:34:06.322 0100|01|00|18|e601fe|34370102c81024a00084ffffffffffffffffffffffff705d[payload->]...$...............p]||23,920
2025-08-01T17:04:06.165 0100|00|00|05|fa0001|3437019fa6[payload->]..||42,655
2025-08-01T17:04:06.367 0100|01|00|18|e601fe|34370102c81024a00084ffffffffffffffffffffffff705d[payload->]...$...............p]||23,920
2025-08-01T17:34:06.312 0100|00|00|05|fa0001|3437019fa6[payload->]..||42,655
2025-08-01T17:34:06.414 0100|01|00|18|e601fe|34370102c81024a00084ffffffffffffffffffffffff705d[payload->]...$...............p]||23,920
2025-08-01T18:04:06.221 0100|00|00|05|fa0001|3437019fa6[payload->]..||42,655
2025-08-01T18:04:06.322 0100|01|00|18|e601fe|34370102c81024a00084ffffffffffffffffffffffff705d[payload->]...$...............p]||23,920
2025-08-01T18:34:06.174 0100|00|00|05|fa0001|3437019fa6[payload->]..||42,655
2025-08-01T18:34:06.376 0100|01|00|18|e601fe|34370102c81024a00084ffffffffffffffffffffffff705d[payload->]...$...............p]||23,920
2025-08-01T19:04:06.272 0100|00|00|05|fa0001|3437019fa6[payload->]..||42,655
2025-08-01T19:04:06.373 0100|01|00|18|e601fe|34370102c81024a00084ffffffffffffffffffffffff705d[payload->]...$...............p]||23,920
2025-08-01T19:34:07.022 0100|00|00|05|fa0001|3437019fa6[payload->]..||42,655
2025-08-01T19:34:07.223 0100|01|00|18|e601fe|34370102c81024a00084ffffffffffffffffffffffff705d[payload->]...$...............p]||23,920
2025-08-01T20:04:07.985 0100|00|00|05|fa0001|3437019fa6[payload->]..||42,655
2025-08-01T20:04:08.187 0100|01|00|18|e601fe|34370102c81024a00084ffffffffffffffffffffffff705d[payload->]...$...............p]||23,920
2025-08-01T20:34:09.349 0100|00|00|05|fa0001|3437019fa6[payload->]..||42,655
2025-08-01T20:34:09.450 0100|01|00|18|e601fe|34370102c81024a00084ffffffffffffffffffffffff705d[payload->]...$...............p]||23,920
2025-08-01T21:04:09.094 0100|00|00|05|fa0001|3437019fa6[payload->]..||42,655
2025-08-01T21:04:09.195 0100|01|00|18|e601fe|34370102c81024a00084ffffffffffffffffffffffff705d[payload->]...$...............p]||23,920
2025-08-01T21:31:28.310 0100|00|00|05|fa0001|3437019fa6[payload->]..||42,655
2025-08-01T21:34:09.102 0100|00|00|05|fa0001|3437019fa6[payload->]..||42,655
2025-08-01T21:34:09.203 0100|01|00|18|e601fe|34370102c81024a00084ffffffffffffffffffffffff785d[payload->]...$...............x]||23,928
2025-08-01T22:04:09.986 0100|00|00|05|fa0001|3437019fa6[payload->]..||42,655
2025-08-01T22:04:10.188 0100|01|00|18|e601fe|34370102c81024a00084ffffffffffffffffffffffff705d[payload->]...$...............p]||23,920
2025-08-01T22:34:10.023 0100|00|00|05|fa0001|3437019fa6[payload->]..||42,655
2025-08-01T22:34:10.124 0100|01|00|18|e601fe|34370102c81024a00084ffffffffffffffffffffffff705d[payload->]...$...............p]||23,920
2025-08-01T23:04:10.006 0100|00|00|05|fa0001|3437019fa6[payload->]..||42,655
2025-08-01T23:04:10.108 0100|01|00|18|e601fe|34370102c81024a00084ffffffffffffffffffffffff705d[payload->]...$...............p]||23,920
2025-08-01T23:34:10.058 0100|00|00|05|fa0001|3437019fa6[payload->]..||42,655
2025-08-01T23:34:10.159 0100|01|00|18|e601fe|34370102c81024a00084ffffffffffffffffffffffff705d[payload->]...$...............p]||23,920
2025-08-02T00:04:11.025 0100|00|00|05|fa0001|3437019fa6[payload->]..||42,655
2025-08-02T00:04:11.126 0100|01|00|18|e601fe|34370102c81024a00084ffffffffffffffffffffffff705d[payload->]...$...............p]||23,920
2025-08-02T00:34:10.001 0100|00|00|05|fa0001|3437019fa6[payload->]..||42,655
2025-08-02T00:34:10.203 0100|01|00|18|e601fe|34370102c81024a00084ffffffffffffffffffffffff705d[payload->]...$...............p]||23,920
2025-08-02T01:04:10.057 0100|00|00|05|fa0001|3437019fa6[payload->]..||42,655
2025-08-02T01:04:10.159 0100|01|00|18|e601fe|34370102c81024a00084ffffffffffffffffffffffff705d[payload->]...$...............p]||23,920
2025-08-02T01:34:10.054 0100|00|00|05|fa0001|3437019fa6[payload->]..||42,655
2025-08-02T01:34:10.155 0100|01|00|18|e601fe|34370102c81024a00084ffffffffffffffffffffffff705d[payload->]...$...............p]||23,920
2025-08-02T02:04:10.955 0100|00|00|05|fa0001|3437019fa6[payload->]..||42,655
2025-08-02T02:04:11.056 0100|01|00|18|e601fe|34370102c81024a00084ffffffffffffffffffffffff705d[payload->]...$...............p]||23,920
2025-08-02T02:34:10.023 0100|00|00|05|fa0001|3437019fa6[payload->]..||42,655
2025-08-02T02:34:10.125 0100|01|00|18|e601fe|34370102c81024a00084ffffffffffffffffffffffff705d[payload->]...$...............p]||23,920
2025-08-02T03:04:10.037 0100|00|00|05|fa0001|3437019fa6[payload->]..||42,655
2025-08-02T03:04:10.239 0100|01|00|18|e601fe|34370102c81024a00084ffffffffffffffffffffffff705d[payload->]...$...............p]||23,920
2025-08-02T03:34:10.145 0100|00|00|05|fa0001|3437019fa6[payload->]..||42,655
2025-08-02T03:34:10.247 0100|01|00|18|e601fe|34370102c81024a00084ffffffffffffffffffffffff705d[payload->]...$...............p]||23,920
2025-08-02T04:04:10.044 0100|00|00|05|fa0001|3437019fa6[payload->]..||42,655
2025-08-02T04:04:10.145 0100|01|00|18|e601fe|34370102c81024a00084ffffffffffffffffffffffff705d[payload->]...$...............p]||23,920
2025-08-02T04:34:10.186 0100|00|00|05|fa0001|3437019fa6[payload->]..||42,655
2025-08-02T04:34:10.287 0100|01|00|18|e601fe|34370102c81024a00084ffffffffffffffffffffffff705d[payload->]...$...............p]||23,920
2025-08-02T05:04:10.157 0100|00|00|05|fa0001|3437019fa6[payload->]..||42,655
2025-08-02T05:04:10.259 0100|01|00|18|e601fe|34370102c81024a00084ffffffffffffffffffffffff705d[payload->]...$...............p]||23,920
2025-08-02T05:34:10.148 0100|00|00|05|fa0001|3437019fa6[payload->]..||42,655
2025-08-02T05:34:10.250 0100|01|00|18|e601fe|34370102c81024a00084ffffffffffffffffffffffff705d[payload->]...$...............p]||23,920
2025-08-02T06:04:11.229 0100|00|00|05|fa0001|3437019fa6[payload->]..||42,655
2025-08-02T06:04:11.431 0100|01|00|18|e601fe|34370102c81024a00084ffffffffffffffffffffffff705d[payload->]...$...............p]||23,920
2025-08-02T06:31:29.217 0100|00|00|05|fa0001|3437019fa6[payload->]..||42,655
2025-08-02T06:31:29.318 0100|01|00|18|e601fe|34370102c81024a00084ffffffffffffffffffffffff705d[payload->]...$...............p]||23,920
2025-08-02T06:34:11.210 0100|00|00|05|fa0001|3437019fa6[payload->]..||42,655
2025-08-02T06:34:11.311 0100|01|00|18|e601fe|34370102c81024a00084ffffffffffffffffffffffff705d[payload->]...$...............p]||23,920
2025-08-02T07:04:11.234 0100|00|00|05|fa0001|3437019fa6[payload->]..||42,655
2025-08-02T07:04:11.335 0100|01|00|18|e601fe|34370102c81024a00084ffffffffffffffffffffffff705d[payload->]...$...............p]||23,920
2025-08-02T07:34:11.250 0100|00|00|05|fa0001|3437019fa6[payload->]..||42,655
2025-08-02T07:34:11.351 0100|01|00|18|e601fe|34370102c81024a00084ffffffffffffffffffffffff705d[payload->]...$...............p]||23,920
2025-08-02T08:04:11.211 0100|00|00|05|fa0001|3437019fa6[payload->]..||42,655
2025-08-02T08:04:11.312 0100|01|00|18|e601fe|34370102c81024a00084ffffffffffffffffffffffff705d[payload->]...$...............p]||23,920
2025-08-02T08:31:28.218 0100|01|00|18|e601fe|34370102c81024a00084ffffffffffffffffffffffff705d[payload->]...$...............p]||23,920
2025-08-02T08:34:11.201 0100|00|00|05|fa0001|3437019fa6[payload->]..||42,655
2025-08-02T08:34:11.403 0100|01|00|18|e601fe|34370102c81024a00084ffffffffffffffffffffffff705d[payload->]...$...............p]||23,920
2025-08-02T09:04:11.259 0100|00|00|05|fa0001|3437019fa6[payload->]..||42,655
2025-08-02T09:04:11.460 0100|01|00|18|e601fe|34370102c81024a00084ffffffffffffffffffffffff705d[payload->]...$...............p]||23,920
2025-08-02T09:34:11.195 0100|00|00|05|fa0001|3437019fa6[payload->]..||42,655
2025-08-02T09:34:11.398 0100|01|00|18|e601fe|34370102c81024a00084ffffffffffffffffffffffff705d[payload->]...$...............p]||23,920
2025-08-02T10:04:11.213 0100|00|00|05|fa0001|3437019fa6[payload->]..||42,655
2025-08-02T10:04:11.315 0100|01|00|18|e601fe|34370102c81024a00084ffffffffffffffffffffffff705d[payload->]...$...............p]||23,920
2025-08-02T10:31:30.691 0100|01|00|18|e601fe|34370102c81024a00084ffffffffffffffffffffffff705d[payload->]...$...............p]||23,920
2025-08-02T10:34:11.237 0100|00|00|05|fa0001|3437019fa6[payload->]..||42,655
2025-08-02T10:34:11.339 0100|01|00|18|e601fe|34370102c81024a00084ffffffffffffffffffffffff705d[payload->]...$...............p]||23,920
2025-08-02T11:04:11.241 0100|00|00|05|fa0001|3437019fa6[payload->]..||42,655
2025-08-02T11:04:11.342 0100|01|00|18|e601fe|34370102c81024a00084ffffffffffffffffffffffff705d[payload->]...$...............p]||23,920
2025-08-02T11:34:11.201 0100|00|00|05|fa0001|3437019fa6[payload->]..||42,655
2025-08-02T11:34:11.403 0100|01|00|18|e601fe|34370102c81024a00084ffffffffffffffffffffffff705d[payload->]...$...............p]||23,920
2025-08-02T12:04:13.074 0100|00|00|05|fa0001|3437019fa6[payload->]..||42,655
2025-08-02T12:04:13.276 0100|01|00|18|e601fe|34370102c81024a00084ffffffffffffffffffffffff705d[payload->]...$...............p]||23,920
2025-08-02T12:34:12.292 0100|00|00|05|fa0001|3437019fa6[payload->]..||42,655
2025-08-02T12:34:12.393 0100|01|00|18|e601fe|34370102c81024a00084ffffffffffffffffffffffff705d[payload->]...$...............p]||23,920
2025-08-02T13:04:12.217 0100|00|00|05|fa0001|3437019fa6[payload->]..||42,655
2025-08-02T13:04:12.419 0100|01|00|18|e601fe|34370102c81024a00084ffffffffffffffffffffffff705d[payload->]...$...............p]||23,920
2025-08-02T13:34:13.258 0100|00|00|05|fa0001|3437019fa6[payload->]..||42,655
2025-08-02T13:34:13.359 0100|01|00|18|e601fe|34370102c81024a00084ffffffffffffffffffffffff705d[payload->]...$...............p]||23,920
2025-08-02T14:04:13.314 0100|00|00|05|fa0001|3437019fa6[payload->]..||42,655
2025-08-02T14:04:13.416 0100|01|00|18|e601fe|34370102c81024a00084ffffffffffffffffffffffff705d[payload->]...$...............p]||23,920
2025-08-02T14:31:28.203 0100|00|00|05|fa0001|3437019fa6[payload->]..||42,655
2025-08-02T14:31:28.304 0100|01|00|18|e601fe|34370102c81024a00084ffffffffffffffffffffffff705d[payload->]...$...............p]||23,920
2025-08-02T14:34:13.255 0100|00|00|05|fa0001|3437019fa6[payload->]..||42,655
2025-08-02T14:34:13.356 0100|01|00|18|e601fe|34370102c81024a00084ffffffffffffffffffffffff705d[payload->]...$...............p]||23,920
2025-08-02T15:04:13.194 0100|00|00|05|fa0001|3437019fa6[payload->]..||42,655
2025-08-02T15:04:13.396 0100|01|00|18|e601fe|34370102c81024a00084ffffffffffffffffffffffff705d[payload->]...$...............p]||23,920
2025-08-02T15:31:28.378 0100|00|00|05|fa0001|3437019fa6[payload->]..||42,655
2025-08-02T15:31:28.580 0100|01|00|18|e601fe|34370102c81024a000e601fe343d0102c81024a00084ffff[payload->]...$.....4=....$.....||65,535
2025-08-02T15:34:13.263 0100|00|00|05|fa0001|3437019fa6[payload->]..||42,655
2025-08-02T15:34:13.364 0100|01|00|18|e601fe|34370102c81024a00084ffffffffffffffffffffffff705d[payload->]...$...............p]||23,920
2025-08-02T16:04:13.204 0100|00|00|05|fa0001|3437019fa6[payload->]..||42,655
2025-08-02T16:04:13.507 0100|01|00|18|e601fe|34370102c81024a00084ffffffffffffffffffffffff705d[payload->]...$...............p]||23,920
2025-08-02T16:34:13.248 0100|00|00|05|fa0001|3437019fa6[payload->]..||42,655
2025-08-02T16:34:13.450 0100|01|00|18|e601fe|34370102c81024a00084ffffffffffffffffffffffff705d[payload->]...$...............p]||23,920
2025-08-02T17:04:13.197 0100|00|00|05|fa0001|3437019fa6[payload->]..||42,655
2025-08-02T17:04:13.399 0100|01|00|18|e601fe|34370102c81024a00084ffffffffffffffffffffffff705d[payload->]...$...............p]||23,920
2025-08-02T17:34:13.189 0100|00|00|05|fa0001|3437019fa6[payload->]..||42,655
2025-08-02T17:34:13.390 0100|01|00|18|e601fe|34370102c81024a00084ffffffffffffffffffffffff705d[payload->]...$...............p]||23,920
2025-08-02T18:34:13.290 0100|00|00|05|fa0001|3437019fa6[payload->]..||42,655
2025-08-02T18:34:13.391 0100|01|00|18|e601fe|34370102c81024a00084ffffffffffffffffffffffff705d[payload->]...$...............p]||23,920
2025-08-02T19:04:13.348 0100|00|00|05|fa0001|3437019fa6[payload->]..||42,655
2025-08-02T19:04:13.550 0100|01|00|18|e601fe|34370102c81024a00084ffffffffffffffffffffffff705d[payload->]...$...............p]||23,920
2025-08-02T19:34:13.365 0100|00|00|05|fa0001|3437019fa6[payload->]..||42,655
2025-08-02T19:34:13.567 0100|01|00|18|e601fe|34370102c81024a00084ffffffffffffffffffffffff705d[payload->]...$...............p]||23,920
2025-08-02T20:04:14.493 0100|00|00|05|fa0001|3437019fa6[payload->]..||42,655
2025-08-02T20:04:14.595 0100|01|00|18|e601fe|34370102c81024a00084ffffffffffffffffffffffff705d[payload->]...$...............p]||23,920
2025-08-02T20:34:14.173 0100|00|00|05|fa0001|3437019fa6[payload->]..||42,655
2025-08-02T20:34:14.274 0100|01|00|18|e601fe|34370102c81024a00084ffffffffffffffffffffffff705d[payload->]...$...............p]||23,920
2025-08-02T21:04:14.372 0100|00|00|05|fa0001|3437019fa6[payload->]..||42,655
2025-08-02T21:04:14.574 0100|01|00|18|e601fe|34370102c81024a00084ffffffffffffffffffffffff705d[payload->]...$...............p]||23,920
2025-08-02T21:34:14.514 0100|00|00|05|fa0001|3437019fa6[payload->]..||42,655
2025-08-02T21:34:14.716 0100|01|00|18|e601fe|34370102c81024a00084ffffffffffffffffffffffff705d[payload->]...$...............p]||23,920
2025-08-02T22:04:14.123 0100|00|00|05|fa0001|3437019fa6[payload->]..||42,655
2025-08-02T22:04:14.225 0100|01|00|18|e601fe|34370102c81024a00084ffffffffffffffffffffffff705d[payload->]...$...............p]||23,920
2025-08-02T22:34:14.098 0100|00|00|05|fa0001|3437019fa6[payload->]..||42,655
2025-08-02T22:34:14.300 0100|01|00|18|e601fe|34370102c81024a00084ffffffffffffffffffffffff705d[payload->]...$...............p]||23,920
2025-08-02T23:04:14.688 0100|00|00|05|fa0001|3437019fa6[payload->]..||42,655
2025-08-02T23:04:14.890 0100|01|00|18|e601fe|34370102c81024a00084ffffffffffffffffffffffff705d[payload->]...$...............p]||23,920
2025-08-02T23:34:16.207 0100|00|00|05|fa0001|3437019fa6[payload->]..||42,655
2025-08-02T23:34:16.308 0100|01|00|18|e601fe|34370102c81024a00084ffffffffffffffffffffffff705d[payload->]...$...............p]||23,920
2025-08-03T00:04:17.128 0100|00|00|05|fa0001|3437019fa6[payload->]..||42,655
2025-08-03T00:34:16.504 0100|00|00|05|fa0001|3437019fa6[payload->]..||42,655
2025-08-03T00:34:16.705 0100|01|00|18|e601fe|34370102c81024a00084ffffffffffffffffffffffff705d[payload->]...$...............p]||23,920
2025-08-03T01:04:16.837 0100|00|00|05|fa0001|3437019fa6[payload->]..||42,655
2025-08-03T01:04:17.039 0100|01|00|18|e601fe|34370102c81024a00084ffffffffffffffffffffffff705d[payload->]...$...............p]||23,920
2025-08-03T01:34:17.627 0100|00|00|05|fa0001|3437019fa6[payload->]..||42,655
2025-08-03T01:34:17.829 0100|01|00|18|e601fe|34370102c81024a00084ffffffffffffffffffffffff705d[payload->]...$...............p]||23,920
2025-08-03T02:04:17.448 0100|00|00|05|fa0001|3437019fa6[payload->]..||42,655
2025-08-03T02:04:17.650 0100|01|00|18|e601fe|34370102c81024a00084ffffffffffffffffffffffff705d[payload->]...$...............p]||23,920
2025-08-03T02:34:20.116 0100|00|00|05|fa0001|3437019fa6[payload->]..||42,655
2025-08-03T02:34:20.218 0100|01|00|18|e601fe|34370102c81024a00084ffffffffffffffffffffffff705d[payload->]...$...............p]||23,920
2025-08-03T03:04:18.120 0100|00|00|05|fa0001|3437019fa6[payload->]..||42,655
2025-08-03T03:04:18.221 0100|03|00|18|e601fe|34370102c81024a00084ffffffffffffffffffffffff705d[payload->]...$...............p]||23,920
2025-08-03T03:34:18.290 0100|00|00|05|fa0001|3437019f86[payload->]..||34,463
2025-08-03T03:34:18.391 0100|01|00|18|e601fe|34370102c81024a00084ffffffffffffffffffffffff705d[payload->]...$...............p]||23,920
2025-08-03T04:04:18.282 0100|00|00|05|fa0001|3437019fa6[payload->]..||42,655
2025-08-03T04:04:18.584 0100|01|00|18|e601fe|34370102c81024a00084ffffffffffffffffffffffff705d[payload->]...$...............p]||23,920
2025-08-03T04:34:18.338 0100|00|00|05|fa0001|3437019fa6[payload->]..||42,655
2025-08-03T04:34:18.440 0100|01|00|18|e601fe|34370102c81024a00084ffffffffffffffffffffffff705d[payload->]...$...............p]||23,920
2025-08-03T05:04:18.339 0100|00|00|05|fa0001|3437019fa6[payload->]..||42,655
2025-08-03T05:04:18.440 0100|01|00|18|e601fe|34370102c81024a00084ffffffffffffffffffffffff705d[payload->]...$...............p]||23,920
2025-08-03T05:34:18.280 0100|00|00|05|fa0001|3437019fa6[payload->]..||42,655
2025-08-03T05:34:18.382 0100|01|00|18|e601fe|34370102c81024a00084ffffffffffffffffffffffff705d[payload->]...$...............p]||23,920
2025-08-03T06:04:19.600 0100|00|00|05|fa0001|3437019fa6[payload->]..||42,655
2025-08-03T06:04:19.802 0100|01|00|18|e601fe|34370102c81024a00084ffffffffffffffffffffffff705d[payload->]...$...............p]||23,920
2025-08-03T06:34:18.289 0100|00|00|05|fa0001|3437019fa6[payload->]..||42,655
2025-08-03T06:34:18.591 0100|01|00|18|e601fe|34370102c81024a00084ffffffffffffffffffffffff705d[payload->]...$...............p]||23,920
2025-08-03T07:04:18.185 0100|00|00|05|fa0001|3437019fa6[payload->]..||42,655
2025-08-03T07:04:18.387 0100|01|00|18|e601fe|34370102c81024a00084ffffffffffffffffffffffff705d[payload->]...$...............p]||23,920
2025-08-03T07:34:18.987 0100|00|00|05|fa0001|3437019fa6[payload->]..||42,655
2025-08-03T07:34:19.189 0100|01|00|18|e601fe|34370102c81024a00084ffffffffffffffffffffffdf705d[payload->]...$...............p]||23,920
2025-08-03T08:04:19.003 0100|00|00|05|fa0001|3437019fa6[payload->]..||42,655
2025-08-03T08:04:19.205 0100|01|00|18|e601fe|34370102c81024a00084ffffffffffffffffffffffff705d[payload->]...$...............p]||23,920
2025-08-03T08:34:19.103 0100|00|00|05|fa0001|3437019fa6[payload->]..||42,655
2025-08-03T08:34:19.304 0100|01|00|18|e601fe|34370102c81024a00084ffffffffffffffffffffffff705d[payload->]...$...............p]||23,920
2025-08-03T09:04:20.894 0100|00|00|05|fa0001|3437019fa6[payload->]..||42,655
2025-08-03T09:04:21.197 0100|01|00|18|e601fe|34370102c81024a00084ffffffffffffffffffffffff705d[payload->]...$...............p]||23,920
2025-08-03T09:34:20.992 0100|00|00|05|fa0001|3437019fa6[payload->]..||42,655
2025-08-03T10:04:20.268 0100|00|00|05|fa0001|3437019fa6[payload->]..||42,655
2025-08-03T10:04:20.368 0100|01|00|18|e601fe|34370102c81024a00084ffffffffffffffffffffffff705d[payload->]...$...............p]||23,920
2025-08-03T10:05:09.532 0100|01|00|18|e601fe|34370102c81024a00084fffffffffffffffffffffffff418[payload->]...$.................||6,388
2025-08-03T10:34:20.406 0100|00|00|05|fa0001|3437019fa6[payload->]..||42,655
2025-08-03T10:34:20.608 0100|01|00|18|e601fe|34370102c81024a00084ffffffffffffffffffffffff705d[payload->]...$...............p]||23,920
2025-08-03T11:04:20.469 0100|00|00|05|fa0001|3437019fa6[payload->]..||42,655
2025-08-03T11:04:20.671 0100|01|00|18|e601fe|34370102c81024a00084ffffffffffffffffffffffff705d[payload->]...$...............p]||23,920
2025-08-03T11:34:20.655 0100|00|00|05|fa0001|3437019fa6[payload->]..||42,655
2025-08-03T11:34:20.756 0100|01|00|18|e601fe|34370102c81024a00084ffffffffffffffffffffffff705d[payload->]...$...............p]||23,920
2025-08-03T12:04:21.499 0100|00|00|05|fa0001|3437019fa6[payload->]..||42,655
2025-08-03T12:04:21.600 0100|01|00|18|e601fe|34370102c81024a00084ffffffffffffffffffffffff705d[payload->]...$...............p]||23,920
2025-08-03T12:34:20.950 0100|00|00|05|fa0001|3437019fa6[payload->]..||42,655
2025-08-03T12:34:21.152 0100|01|00|18|e601fe|34370102c81024a00084ffffffffffffffffffffffff705d[payload->]...$...............p]||23,920
2025-08-03T13:04:21.046 0100|00|00|05|fa0001|3437019fa6[payload->]..||42,655
2025-08-03T13:04:21.148 0100|01|00|18|e601fe|34370102c81024a00084ffffffffffffffffffffffff705d[payload->]...$...............p]||23,920
2025-08-03T13:34:20.987 0100|00|00|05|fa0001|3437019fa6[payload->]..||42,655
2025-08-03T13:34:21.088 0100|01|00|18|e601fe|34370102c81024a00084ffffffffffffffffffffffff705d[payload->]...$...............p]||23,920
2025-08-03T14:04:21.062 0100|00|00|05|fa0001|3437019fa6[payload->]..||42,655
2025-08-03T14:04:21.164 0100|01|00|18|e601fe|34370102c81024a00084ffffffffffffffffffffffff705d[payload->]...$...............p]||23,920
2025-08-03T14:34:21.055 0100|00|00|05|fa0001|3437019fa6[payload->]..||42,655
2025-08-03T14:34:21.257 0100|01|00|18|e601fe|34370102c81024a00084ffffffffffffffffffffffff705d[payload->]...$...............p]||23,920
2025-08-03T15:04:20.964 0100|00|00|05|fa0001|3437019fa6[payload->]..||42,655
2025-08-03T15:04:21.166 0100|01|00|18|e601fe|34370102c81024a00084ffffffffffffffffffffffff705d[payload->]...$...............p]||23,920
2025-08-03T15:34:21.086 0100|00|00|05|fa0001|3437019fa6[payload->]..||42,655
2025-08-03T15:34:21.187 0100|01|00|18|e601fe|34370102c81024a00084ffffffffffffffffffffffff705d[payload->]...$...............p]||23,920
2025-08-03T16:04:20.995 0100|00|00|05|fa0001|3437019fa6[payload->]..||42,655
2025-08-03T16:04:21.097 0100|01|00|18|e601fe|34370102c81024a00084ffffffffffffffffffffffff705d[payload->]...$...............p]||23,920
2025-08-03T16:31:28.582 0100|00|00|05|fa0001|3437019fa6[payload->]..||42,655
2025-08-03T16:31:28.684 0100|01|00|18|e601fe|34370102c81024a00084ffffffffffffffffffffffff705d[payload->]...$...............p]||23,920
2025-08-03T16:34:22.001 0100|00|00|05|fa0001|3437019fa6[payload->]..||42,655
2025-08-03T16:34:22.102 0100|01|00|18|e601fe|34370102c81024a00084ffffffffffffffffffffffff705d[payload->]...$...............p]||23,920
2025-08-03T17:04:22.038 0100|00|00|05|fa0001|3437019fa6[payload->]..||42,655
2025-08-03T17:04:22.139 0100|01|00|18|e601fe|34370102c81024a00084fffffffffffffbffffffffff705d[payload->]...$...............p]||23,920
2025-08-03T17:34:21.992 0100|00|00|05|fa0001|3437019fa6[payload->]..||42,655
2025-08-03T17:34:22.194 0100|01|00|18|e601fe|34370102c81024a00084ffffffffffffffffffffffff705d[payload->]...$...............p]||23,920
2025-08-03T18:04:22.375 0100|00|00|05|fa0001|3437019fa6[payload->]..||42,655
2025-08-03T18:04:22.476 0100|01|00|18|e601fe|34370102c81024a00084ffffffffffffffffffffffff705d[payload->]...$...............p]||23,920
