2025-07-30T20:31:29.181 0100|00|00|05|fa0001|343d013fa0[payload->]?.||41,023
2025-07-30T20:31:29.282 0100|01|00|18|e601fe|343d0102c81024a00084ffffffffffffffffffffffffdaf7[payload->]...$.................||63,450
2025-07-30T20:35:03.835 0100|00|00|05|fa0001|343d013fa0[payload->]?.||41,023
2025-07-30T20:35:03.937 0100|01|00|18|e601fe|343d0102c81024a00084ffffffffffffffffffffffffdaf7[payload->]...$.................||63,450
2025-07-30T21:05:04.765 0100|00|00|05|fa0001|343d013fa0[payload->]?.||41,023
2025-07-30T21:05:04.967 0100|01|00|18|e601fe|343d0102c81024a00084ffffffffffffffffffffffffdaf7[payload->]...$.................||63,450
2025-07-30T21:35:04.987 0100|00|00|05|fa0001|343d013fa0[payload->]?.||41,023
2025-07-30T21:35:05.189 0100|01|00|18|e601f6|343d0102c81024a00084ffffffffffffffffffffffffdaf7[payload->]...$.................||63,450
2025-07-30T22:05:05.729 0100|00|00|05|fa0001|343d013fa0[payload->]?.||41,023
2025-07-30T22:05:05.830 0100|01|00|18|e601fe|343d0102c81024a00084ffffffffffffffffffffffffdaf7[payload->]...$.................||63,450
2025-07-30T22:31:29.054 0100|00|00|05|fa0001|343d013fa0[payload->]?.||41,023
2025-07-30T22:31:29.155 0100|01|00|18|e601fe|343d0102c81024a00084ffffffffffffffffffffffffdaf7[payload->]...$.................||63,450
2025-07-30T22:35:04.690 0100|00|00|05|fa0001|343d013fa0[payload->]?.||41,023
2025-07-30T22:35:04.993 0100|01|00|18|e601fe|343d0102c81024a00084ffffffffffffffffffffffffdaf7[payload->]...$.................||63,450
2025-07-30T23:05:04.904 0100|00|00|05|fa0001|343d013fa0[payload->]?.||41,023
2025-07-30T23:05:05.106 0100|01|00|18|e601fe|343d0102c81024a00084ffffffffffffffffffffffffdaf7[payload->]...$.................||63,450
2025-07-30T23:31:28.857 0100|00|00|05|fa0001|343d013fa0[payload->]?.||41,023
2025-07-30T23:31:29.059 0100|01|00|18|e601fe|343d0102c81024a00084ffffffffffffffffffffffffdaf7[payload->]...$.................||63,450
2025-07-30T23:35:04.771 0100|00|00|05|fa0001|343d013fa0[payload->]?.||41,023
2025-07-30T23:35:04.973 0100|01|00|18|e601fe|343d0102c81024a00084ffffffffffffffffffffffffdaf7[payload->]...$.................||63,450
2025-07-31T00:05:04.882 0100|00|00|05|fa0001|343d013fa0[payload->]?.||41,023
2025-07-31T00:05:05.083 0100|01|00|18|e601fe|343d0102c81024a00084ffffffffffffffffffffffffdaf7[payload->]...$.................||63,450
2025-07-31T00:35:05.592 0100|00|00|05|fa0001|343d013fa0[payload->]?.||41,023
2025-07-31T00:35:05.693 0100|01|00|18|e601fe|343d0102c81024a00084ffffffffffffffffffffffffdaf7[payload->]...$.................||63,450
2025-07-31T01:05:04.711 0100|00|00|05|fa0001|343d013fa0[payload->]?.||41,023
2025-07-31T01:05:04.913 0100|01|00|18|e601fe|343d0102c81024a00084fffffffffffffffffffffdffdaf7[payload->]...$.................||63,450
2025-07-31T01:35:04.882 0100|00|00|05|fa0001|343d013fa0[payload->]?.||41,023
2025-07-31T01:35:05.084 0100|01|00|18|e601fe|343d0102c81024a00084ffffffffffffffffffffffffdaf7[payload->]...$.................||63,450
2025-07-31T02:35:06.200 0100|00|00|05|fa0001|343d013fa0[payload->]?.||41,023
2025-07-31T02:35:06.401 0100|01|00|18|e601fe|343d0102c81024a00084ffffffffffffffffffffffffdaf7[payload->]...$.................||63,450
2025-07-31T03:05:06.150 0100|00|00|05|fa0001|343d013fa0[payload->]?.||41,023
2025-07-31T03:05:06.352 0100|01|00|18|e601fe|343d0102c81024a00084ffffffffffffffffffffffffdaf7[payload->]...$.................||63,450
2025-07-31T03:31:29.088 0100|00|00|05|fa0001|343d013fa0[payload->]?.||41,023
2025-07-31T03:31:29.290 0100|01|00|18|e601fe|343d0102c81024a00084fffffffffffffffffdffffffdaf7[payload->]...$.................||63,450
2025-07-31T03:35:06.199 0100|00|00|05|fa0001|343d013fa0[payload->]?.||41,023
2025-07-31T03:35:06.401 0100|01|00|18|e601fe|343d0102c81024a00084ffffffffffffffffffffffffdaf7[payload->]...$.................||63,450
2025-07-31T04:05:06.384 0100|00|00|05|fa0001|343d013fa0[payload->]?.||41,023
2025-07-31T04:05:06.485 0100|01|00|18|e601fe|343d0102c81024a00084ffffffffffffffffffffffffdaf7[payload->]...$.................||63,450
2025-07-31T04:31:28.994 0100|00|00|05|fa0001|343d013fa0[payload->]?.||41,023
2025-07-31T04:31:29.095 0100|01|00|18|e601fe|343d0102c805fa0001343f015fa10100010018e601fe343f[payload->]......4?._.........4?||16,180
2025-07-31T05:05:09.424 0100|00|00|05|fa0001|343d013fa0[payload->]?.||41,023
2025-07-31T05:05:09.525 0100|01|00|18|e601fe|343d0102c81024a00084ffffffffffffffffffffffffdaf7[payload->]...$.................||63,450
2025-07-31T05:31:29.015 0100|00|00|05|fa0001|343d013fa0[payload->]?.||41,023
2025-07-31T05:31:29.116 0100|01|00|18|e601fe|343d0102c81024a00084ffffffffffffffffffffffffdaf7[payload->]...$.................||63,450
2025-07-31T05:35:08.025 0100|00|00|05|fa0001|343d013fa0[payload->]?.||41,023
2025-07-31T05:35:08.226 0100|01|00|18|e601fe|343d0102c81024a00084ffffffffffffffffffffffffdaf7[payload->]...$.................||63,450
2025-07-31T06:05:08.028 0100|00|00|05|fa0001|343d013fa0[payload->]?.||41,023
2025-07-31T06:05:08.229 0100|01|00|18|e601fe|343d0102c81024a00084ffffffffffffffffffffffffdaf7[payload->]...$.................||63,450
2025-07-31T06:35:10.310 0100|00|00|05|fa0001|343d013fa0[payload->]?.||41,023
2025-07-31T06:35:10.411 0100|01|00|18|e601fe|343d0102c81024a00084ffffffffffffffffffffffffdaf7[payload->]...$.................||63,450
2025-07-31T07:05:10.294 0100|00|00|05|fa0001|343d013fa0[payload->]?.||41,023
2025-07-31T07:05:10.395 0100|01|00|18|e601fe|343d0102c81024a00084ffffffffffffffffffffffffdaf7[payload->]...$.................||63,450
2025-07-31T07:35:10.349 0100|00|00|05|fa0001|343d013fa0[payload->]?.||41,023
2025-07-31T07:35:10.450 0100|01|00|18|e601fe|343d0102c81024a00084ffffffffffffffffffffffffdaf7[payload->]...$.................||63,450
2025-07-31T08:05:10.268 0100|00|00|05|fa0001|343d013fa0[payload->]?.||41,023
2025-07-31T08:05:10.369 0100|01|00|18|e601fe|343d0102c81024a00084ffffffffffffffffffffffffdaf7[payload->]...$.................||63,450
2025-07-31T08:35:10.350 0100|00|00|05|fa0001|343d013fa0[payload->]?.||41,023
2025-07-31T08:35:10.452 0100|01|00|18|e601fe|343d0102c81024a00084ffffffffffffffffffffffffdaf7[payload->]...$.................||63,450
2025-07-31T09:05:10.283 0100|00|00|05|fa0001|343d013fa0[payload->]?.||41,023
2025-07-31T09:05:10.384 0100|01|00|18|e601fe|343d0102c81024a00084ffffffffffffffffffffffffdaf7[payload->]...$.................||63,450
2025-07-31T09:31:28.764 0100|00|00|05|fa0001|343d013fa0[payload->]?.||41,023
2025-07-31T09:35:10.234 0100|00|00|05|fa0001|343d013fa0[payload->]?.||41,023
2025-07-31T09:35:10.435 0100|01|00|18|e601fe|343d0102c81024a00084ffffffffffffffffffffffffdaf7[payload->]...$.................||63,450
2025-07-31T10:05:10.261 0100|00|00|05|fa0001|343d013fa0[payload->]?.||41,023
2025-07-31T10:31:29.293 0100|00|00|05|fa0001|343d013fff[payload->]?.||65,343
2025-07-31T10:35:12.080 0100|00|00|05|fa0001|343d013fa0[payload->]?.||41,023
2025-07-31T10:35:12.181 0100|01|00|18|e601fe|343d0102c81024a00084ffffffffffffffffffffffffdaf7[payload->]...$.................||63,450
2025-07-31T11:05:11.928 0100|00|00|05|fa0001|343d013fa0[payload->]?.||41,023
2025-07-31T11:05:12.130 0100|01|00|18|e601fe|343d0102c81024a00084ffffffffffffffffffffffffdaf7[payload->]...$.................||63,450
2025-07-31T11:35:12.026 0100|00|00|05|fa0001|343d013fa0[payload->]?.||41,023
2025-07-31T11:35:12.127 0100|01|00|18|e601fe|343d0102c81024a00084ffffffffffffffffffffffffdaf7[payload->]...$.................||63,450
2025-07-31T12:05:13.205 0100|00|00|05|fa0001|343d013fa0[payload->]?.||41,023
2025-07-31T12:05:13.407 0100|01|00|18|e601fe|343d0102c81024a00084ffffffffffffffffffffffffdaf7[payload->]...$.................||63,450
2025-07-31T12:35:12.948 0100|00|00|05|fa0001|343d013fa0[payload->]?.||41,023
2025-07-31T12:35:13.049 0100|01|00|18|e601fe|343d0102c81024a00084ffffffffffffffffffffffffdaf7[payload->]...$.................||63,450
2025-07-31T13:05:13.414 0100|00|00|05|fa0001|343d013fa0[payload->]?.||41,023
2025-07-31T13:05:13.616 0100|01|00|18|e601fe|343d0102c81024a00084ffffffffffffffffffffffffdaf7[payload->]...$.................||63,450
2025-07-31T13:31:29.150 0100|00|00|05|fa0001|343d013fa0[payload->]?.||41,023
2025-07-31T13:31:29.251 0100|01|00|18|e601fe|343d0102c81024a00084ffffffffffffffffffffffffdaf7[payload->]...$.................||63,450
2025-07-31T13:35:14.785 0100|00|00|05|fa0001|343d013fa0[payload->]?.||41,023
2025-07-31T13:35:14.987 0100|01|00|18|e601fe|343d0102c81024a00084ffffffffffffffffffffffffdaf7[payload->]...$.................||63,450
2025-07-31T14:05:15.266 0100|00|00|05|fa0001|343d013fa0[payload->]?.||41,023
2025-07-31T14:05:15.367 0100|01|00|18|e601fe|343d0102c81024a00084ffffffffffffffffffffffffdaf7[payload->]...$.................||63,450
2025-07-31T14:35:15.060 0100|00|00|05|fa0001|343d013fa0[payload->]?.||41,023
2025-07-31T14:35:15.262 0100|01|00|18|e601fe|343d0102c81024a00084ffffffffffffffffffffffffdaf7[payload->]...$.................||63,450
2025-07-31T15:05:16.629 0100|00|00|05|fa0001|343d013fa0[payload->]?.||41,023
2025-07-31T15:35:18.372 0100|00|00|05|fa0001|343d013fa0[payload->]?.||41,023
2025-07-31T15:35:18.473 0100|01|00|18|e601fe|343d0102c81024a00084ffffffffffffffffffffffffdaf7[payload->]...$.................||63,450
2025-07-31T16:05:18.318 0100|00|00|05|fa0001|343d013fa0[payload->]?.||41,023
2025-07-31T16:05:18.419 0100|01|00|18|e601fe|343d0102c81024a00084ffffffffffffffffffffffffdaf7[payload->]...$.................||63,450
2025-07-31T16:35:18.350 0100|00|00|05|fa0001|343d013fa0[payload->]?.||41,023
2025-07-31T16:35:18.452 0100|01|00|18|e601fe|343d0102c81024a00084ffffffffffffffffffffffffdaf7[payload->]...$.................||63,450
2025-07-31T17:05:20.636 0100|00|00|05|fa0001|343d013fa0[payload->]?.||41,023
2025-07-31T17:05:20.738 0100|01|00|18|e601fe|343d0102c81024a00084ffffffffffffffffffffffffdaf7[payload->]...$.................||63,450
2025-07-31T17:31:28.914 0100|00|00|05|fa0001|343d013fa0[payload->]?.||41,023
2025-07-31T17:31:29.015 0100|01|00|18|e601fe|343d0102c81024a00084ffffffffffffffffffffffffffff[payload->]...$.................||65,535
2025-07-31T17:35:19.610 0100|00|00|05|fa0001|343d013fa0[payload->]?.||41,023
2025-07-31T17:35:19.812 0100|01|00|18|e601fe|343d0102c81024a00084ffffffffffffffffffffffffdaf7[payload->]...$.................||63,450
2025-07-31T18:05:19.680 0100|00|00|05|fa0001|343d013fa0[payload->]?.||41,023
2025-07-31T18:05:19.782 0100|01|00|18|e601fe|343d0102c81024a00084ffffffffffffffffffffffffdaf7[payload->]...$.................||63,450
2025-07-31T18:31:29.431 0100|00|00|05|fa0001|343d013fa0[payload->]?.||41,023
2025-07-31T18:35:20.400 0100|00|00|05|fa0001|343d013fa0[payload->]?.||41,023
2025-07-31T18:35:20.602 0100|01|00|18|e601fe|343d0102c81024a00084ffffffffffffffffffffffffdaf7[payload->]...$.................||63,450
2025-07-31T19:05:21.295 0100|00|00|05|fa0001|343d013fa0[payload->]?.||41,023
2025-07-31T19:05:21.396 0100|01|00|18|e601fe|343d0102c81024a00084ffffffffffffffffffffffffdaf7[payload->]...$.................||63,450
2025-07-31T19:35:21.340 0100|00|00|05|fa0001|343d013fa0[payload->]?.||41,023
2025-07-31T19:35:21.441 0100|01|00|18|e601fe|343d0102881024a00084ffffffffffffffffffffffffdaf7[payload->]...$.................||63,450
2025-07-31T20:05:21.293 0100|00|00|05|fa0001|343d013fa0[payload->]?.||41,023
2025-07-31T20:05:21.394 0100|01|00|18|e601fe|343d0102c81024a00084ffffffffffffffffffffffffdaf7[payload->]...$.................||63,450
2025-07-31T21:05:21.308 0100|00|00|05|fa0001|343d013fa0[payload->]?.||41,023
2025-07-31T21:05:21.409 0100|01|00|18|e601fe|343d0102c81024a00084ffffffffffffffffffffffffdaf7[payload->]...$.................||63,450
2025-07-31T21:35:22.327 0100|00|00|05|fa0001|343d013fa0[payload->]?.||41,023
2025-07-31T21:35:22.429 0100|01|00|18|e601fe|343d0102c81024a00084ffffffffffffffffffffffffdaf7[payload->]...$.................||63,450
2025-07-31T22:05:23.375 0100|00|00|05|fa0001|343d013fa0[payload->]?.||41,023
2025-07-31T22:05:23.476 0100|01|00|18|e601fe|343d0102c81024a00084ffffffffffffffffffffffffdaf7[payload->]...$.................||63,450
2025-07-31T22:31:28.926 0100|00|00|05|fa0001|343d013fa0[payload->]?.||41,023
2025-07-31T22:31:29.127 0100|01|00|18|e601fe|343d0102c81024a00084ffffffffffffffffffffffffdaf7[payload->]...$.................||63,450
2025-07-31T22:35:23.471 0100|00|00|05|fa0001|343d013fa0[payload->]?.||41,023
2025-07-31T22:35:23.572 0100|01|00|18|e601fe|343d0102c81024a00084ffffffffffffffffffffffffdaf7[payload->]...$.................||63,450
2025-07-31T23:05:26.567 0100|00|00|05|fa0001|343d013fa0[payload->]?.||41,023
2025-07-31T23:05:26.768 0100|01|00|18|e601fe|343d0102c81024a00084ffffffffffffffffffffffffdaf7[payload->]...$.................||63,450
2025-07-31T23:35:26.464 0100|00|00|05|fa0001|343d013fa0[payload->]?.||41,023
2025-07-31T23:35:26.565 0100|01|00|18|e601fe|343d0102c81024a00084fffff7ffffffffffffffffffdaf7[payload->]...$.................||63,450
2025-08-01T00:05:26.336 0100|00|00|05|fa0001|343d013fa0[payload->]?.||41,023
2025-08-01T00:05:26.538 0100|01|00|18|e601fe|343d0102c81024a00084ffffffffffffffffffffffffdaf7[payload->]...$.................||63,450
2025-08-01T00:35:26.447 0100|00|00|05|fa0001|343d013fa0[payload->]?.||41,023
2025-08-01T00:35:26.648 0100|01|00|18|e601fe|343d0102c81024a00084ffffffffffffffffffffffffdaf7[payload->]...$.................||63,450
2025-08-01T01:35:26.469 0100|00|00|05|fa0001|343d013fa0[payload->]?.||41,023
2025-08-01T01:35:26.570 0100|01|00|18|e601fe|343d0102c81024a00084ffffffffffffffffffffffffdaf7[payload->]...$.................||63,450
2025-08-01T02:05:27.650 0100|00|00|05|fa0001|343d013fa0[payload->]?.||41,023
2025-08-01T02:05:27.752 0100|01|00|18|e601fe|343d0102c81024a00084ffffffffffffffffffffffffdaf7[payload->]...$.................||63,450
2025-08-01T02:35:27.570 0100|00|00|05|fa0001|343d013fa0[payload->]?.||41,023
2025-08-01T02:35:27.772 0100|01|00|18|e601fe|343d0102c81024a00084fffffffffffeffffffffffffdaf7[payload->]...$.................||63,450
2025-08-01T03:05:27.542 0100|00|00|05|fa0001|343d013fa0[payload->]?.||41,023
2025-08-01T03:05:27.744 0100|01|00|18|e601fe|343d0102c81024a00084ffffffffffffffffffffffffdaf7[payload->]...$.................||63,450
2025-08-01T03:31:28.487 0100|01|00|18|e601fe|343d0102c81024a00084ffffffffffffffffffffffffdaf7[payload->]...$.................||63,450
2025-08-01T03:35:28.553 0100|00|00|05|fa0001|343d013fa0[payload->]?.||41,023
2025-08-01T03:35:28.654 0100|01|00|18|e601fe|343d0102c81024a00084ffffffffffffffffffffffffdaf7[payload->]...$.................||63,450
2025-08-01T04:05:29.935 0100|00|00|05|fa0001|343d013fa0[payload->]?.||41,023
2025-08-01T04:05:30.137 0100|01|00|18|e601fe|343d0102c81024a00084ffffffffffffffffffffffffdaf7[payload->]...$.................||63,450
2025-08-01T05:05:30.269 0100|00|00|05|fa0001|343d013fa0[payload->]?.||41,023
2025-08-01T05:05:30.471 0100|01|00|18|e601fe|343d0102c81024a00084ffffffffffffffffffffffffdaf7[payload->]...$.................||63,450
2025-08-01T05:35:30.251 0100|00|00|05|fa0001|343d013fa0[payload->]?.||41,023
2025-08-01T05:35:30.353 0100|01|00|18|e601fe|343d0102c81024a00084ffffffffffffffffffffffffdaf7[payload->]...$.................||63,450
2025-08-01T06:05:30.321 0100|00|00|05|fa0001|343d013fa0[payload->]?.||41,023
2025-08-01T06:05:30.422 0100|01|00|18|e601fe|343d0102c81024a00084ffffffffffffffffffffffffdaf7[payload->]...$.................||63,450
2025-08-01T06:35:30.341 0100|00|00|05|fa0001|343d013fa0[payload->]?.||41,023
2025-08-01T06:35:30.443 0100|01|00|18|e601fe|343d0102c81024a00084ffffffffffffffffffffffffdaf7[payload->]...$.................||63,450
2025-08-01T07:05:31.890 0100|00|00|05|fa0001|343d013fa0[payload->]?.||41,023
2025-08-01T07:05:32.092 0100|01|00|18|e601fe|343d0102c81024a00084ffffffffffffffffffffffffdaf7[payload->]...$.................||63,450
2025-08-01T07:35:33.624 0100|00|00|05|fa0001|343d013fa0[payload->]?.||41,023
2025-08-01T07:35:33.826 0100|01|00|18|e601fe|343d0102c81024a00084ffffffffffffffffffffffffdaf7[payload->]...$.................||63,450
2025-08-01T08:05:33.637 0100|00|00|05|fa0001|343d013fa0[payload->]?.||41,023
2025-08-01T08:05:33.839 0100|01|00|18|e601fe|343d0102c81024a00084ffffffffffffffffffffffffdaf7[payload->]...$.................||63,450
2025-08-01T08:31:28.893 0100|00|00|05|fa0001|343d013fa0[payload->]?.||41,023
2025-08-01T08:35:34.632 0100|00|00|05|fa0001|343d013fa0[payload->]?.||41,023
2025-08-01T08:35:34.733 0100|01|00|18|e601fe|343d0102c81024a00084ffffffffffffffffffffffffdaf7[payload->]...$.................||63,450
2025-08-01T09:05:33.660 0100|00|00|05|fa0001|343d013fa0[payload->]?.||41,023
2025-08-01T09:05:33.761 0100|01|00|18|e601fe|343d0102c81024a00084ffffffffffffffffffffffffdaf7[payload->]...$.................||63,450
2025-08-01T09:35:33.643 0100|00|00|05|fa0001|343d013fa0[payload->]?.||41,023
2025-08-01T09:35:33.845 0100|01|00|18|e601fe|343d0102c81024a00084ffffffffffffffffffffffffdaf7[payload->]...$.................||63,450
2025-08-01T10:05:33.827 0100|00|00|05|fa0001|343d013fa0[payload->]?.||41,023
2025-08-01T10:05:34.028 0100|01|00|18|e601fe|343d0102c81024a00084ffffffffffffffffffffffffdaf7[payload->]...$.................||63,450
2025-08-01T10:35:33.666 0100|00|00|05|fa0001|343d013fa0[payload->]?.||41,023
2025-08-01T10:35:33.767 0100|01|00|18|e601fe|343d0102c81024a00084ffffffffffffffffffffffffdaf7[payload->]...$.................||63,450
2025-08-01T11:05:33.655 0100|00|00|05|fa0001|343d013fa0[payload->]?.||41,023
2025-08-01T11:05:33.856 0100|01|00|18|e601fe|343d0102c81024a00084ffffffffffffffffffffffffdaf7[payload->]...$.................||63,450
2025-08-01T11:35:33.862 0100|00|00|05|fa0001|343d013fa0[payload->]?.||41,023
2025-08-01T11:35:33.963 0100|01|00|18|e601fe|343d0102c81024a00084ffffdfffffffffffffffffffdaf7[payload->]...$.................||63,450
2025-08-01T12:05:34.954 0100|00|00|05|fa0001|343d013fa0[payload->]?.||41,023
2025-08-01T12:05:35.156 0100|01|00|18|e601fe|343d0102c81024a00084ffffffffffffffffffffffffdaf7[payload->]...$.................||63,450
2025-08-01T12:35:36.350 0100|00|00|05|fa0001|343d013fa0[payload->]?.||41,023
2025-08-01T12:35:36.451 0100|01|00|18|e601fe|343d0102c81024a00084ffffffffffffffffffffffffdaf7[payload->]...$.................||63,450
2025-08-01T13:35:38.614 0100|00|00|05|fa0001|343d013fa0[payload->]?.||41,023
2025-08-01T13:35:38.816 0100|01|00|18|e601fe|343d0102c81024a00084ffffffffffffffffffffffffdaf7[payload->]...$.................||63,450
2025-08-01T14:05:38.631 0100|00|00|05|fa0001|343d013fa0[payload->]?.||41,023
2025-08-01T14:05:38.733 0100|01|00|18|e601fe|343d0102c81024a00084ffffffffffffffffffffffffdaf7[payload->]...$.................||63,450
2025-08-01T14:31:30.069 0100|00|00|05|fa0001|343d013fa0[payload->]?.||41,023
2025-08-01T14:31:30.271 0100|01|00|18|e601fe|343d0102c81024a00084ffffffffffffffffffffffffdaf7[payload->]...$.................||63,450
2025-08-01T14:35:40.909 0100|00|00|05|fa0001|343d013fa0[payload->]?.||41,023
2025-08-01T15:05:39.937 0100|00|00|05|fa0001|343d013fa0[payload->]?.||41,023
2025-08-01T15:05:40.038 0100|01|00|18|e601fe|343d0102c81024a00084ffffffffffffffffffffffffdaf7[payload->]...$.................||63,450
2025-08-01T15:31:28.872 0100|00|00|05|fa0001|343d013fa0[payload->]?.||41,023
2025-08-01T15:31:28.973 0100|01|00|18|e601fe|343d0102c81024a00084ffffffffffffffffffffffffdaf7[payload->]...$.................||63,450
2025-08-01T15:35:40.733 0100|00|00|05|fa0001|343d013fa0[payload->]?.||41,023
2025-08-01T15:35:40.834 0100|01|00|18|e601fe|343d0102c81024a00084fffffffffffffffffffffeffdaf7[payload->]...$.................||63,450
2025-08-01T16:05:40.678 0100|00|00|05|fa0001|343d013fa0[payload->]?.||41,023
2025-08-01T16:05:40.880 0100|01|00|18|e601fe|343d0102c81020a00084ffffffffffffffffffffffffdaf7[payload->]... .................||63,450
2025-08-01T16:31:28.654 0100|00|00|05|fa0001|343d013fa0[payload->]?.||41,023
2025-08-01T16:31:28.756 0100|01|00|18|e601fe|343d0102c81024a00084ffffffffffffffffffffffffdaf7[payload->]...$.................||63,450
2025-08-01T16:35:40.761 0100|00|00|05|fa0001|343d013fa0[payload->]?.||41,023
2025-08-01T16:35:40.862 0100|01|00|18|e601fe|343d0102c81024a00084ffffffffffffffffffffffffdaf7[payload->]...$.................||63,450
2025-08-01T17:05:41.896 0100|00|00|05|fa0001|343d013fa0[payload->]?.||41,023
2025-08-01T17:05:41.997 0100|01|00|18|e601fe|343d0102c81024a00084ffffffffffffffffffffffffdaf7[payload->]...$.................||63,450
2025-08-01T17:35:41.030 0100|00|00|05|fa0001|343d013fa0[payload->]?.||41,023
2025-08-01T17:35:41.131 0100|01|00|18|e601fe|343d0102c81024a00084ffffffffffffffffffffffffdaf7[payload->]...$.................||63,450
2025-08-01T18:35:40.807 0100|00|00|05|fa0001|343d013fa0[payload->]?.||41,023
2025-08-01T18:35:41.009 0100|01|00|18|e601fe|343d0102c81024a00084ffffffffffffffffffffffffdaf7[payload->]...$.................||63,450
2025-08-01T19:05:40.678 0100|00|00|05|fa0001|343d013fa0[payload->]?.||41,023
2025-08-01T19:05:40.880 0100|01|00|18|e601fe|343d0102c81024a00084ffffffffffffffffffffffffdaf7[payload->]...$.................||63,450
2025-08-01T19:31:28.322 0100|00|00|05|fa0001|343d013fa0[payload->]?.||41,023
2025-08-01T19:31:28.524 0100|01|00|18|e601fe|343d0102c81024a00084ffffffffffffffffffffffffdaf7[payload->]...$.................||63,450
2025-08-01T19:35:41.460 0100|00|00|05|fa0001|343d013fa0[payload->]?.||41,023
2025-08-01T19:35:41.662 0100|01|00|18|e601fe|343d0102c81024a00084ffffffffffffffffffffffffdaf7[payload->]...$.................||63,450
2025-08-01T20:05:42.512 0100|00|00|05|fa0001|343d013fa0[payload->]?.||41,023
2025-08-01T20:05:42.714 0100|01|00|18|e601fe|343d0102c81024a00084ffffffffffffffffffffffffdaf7[payload->]...$.................||63,450
2025-08-01T20:31:28.805 0100|00|00|05|fa0001|343d013fa0[payload->]?.||41,023
2025-08-01T20:31:29.209 0100|01|00|18|e601fe|343d0102c81024a00084ffffffffffffffffffffffffdaf7[payload->]...$.................||63,450
2025-08-01T20:35:43.604 0100|00|00|05|fa0001|343d013fa0[payload->]?.||41,023
2025-08-01T20:35:43.705 0100|01|00|18|e601fe|343d0102c81024a00084ffffffffffffffffffffffffdaf7[payload->]...$.................||63,450
2025-08-01T21:05:43.632 0100|00|00|05|fa0001|343d013fa0[payload->]?.||41,023
2025-08-01T21:05:43.834 0100|01|00|18|e601fe|343d0102c81024a00084ffffffffffffffffffffffffdaf7[payload->]...$.................||63,450
2025-08-01T21:35:44.514 0100|00|00|05|fa0001|343d013fa0[payload->]?.||41,023
2025-08-01T21:35:44.615 0100|01|00|18|e601fe|343d0102c81024a00084ffffffffffffffffffffffffdaf7[payload->]...$.................||63,450
2025-08-01T22:05:46.418 0100|00|00|05|fa0001|343d013fa0[payload->]?.||41,023
2025-08-01T22:05:46.620 0100|01|00|18|e601fe|343d0102c81024a00084ffffffffffffffffffffff7fdaf7[payload->]...$.................||63,450
2025-08-01T22:35:46.233 0100|00|00|05|fa0001|343d013fa0[payload->]?.||41,023
2025-08-01T22:35:46.435 0100|01|00|18|e601fe|343d0102c81024a00084ffffffffffffffffffffffffdaf7[payload->]...$.................||63,450
2025-08-01T23:05:46.357 0100|00|00|05|fa0001|343d013fa0[payload->]?.||41,023
2025-08-01T23:05:46.458 0100|01|00|18|e601fe|343d0102c81024a00084ffffffffffffffffffffffffdaf7[payload->]...$.................||63,450
2025-08-01T23:35:47.230 0100|00|00|05|fa0001|343d013fa0[payload->]?.||41,023
2025-08-01T23:35:47.331 0100|01|00|18|e601fe|343d0102c81024a00084ffffffffffffffffffffffffdaf7[payload->]...$.................||63,450
2025-08-02T00:05:46.252 0100|00|00|05|fa0001|343d013fa0[payload->]?.||41,023
2025-08-02T00:05:46.453 0100|01|00|18|e601fe|343d0102c81024a00084ffffffffffffffffffffffffdaf7[payload->]...$.................||63,450
2025-08-02T00:31:30.265 0100|00|00|05|fa0001|343d013fa0[payload->]?.||41,023
2025-08-02T00:35:46.345 0100|00|00|05|fa0001|343d013fa0[payload->]?.||41,023
2025-08-02T00:35:46.446 0100|01|00|18|e601fe|343d0102c81024a00084ffffffffffffffffffffffffdaf7[payload->]...$.................||63,450
2025-08-02T01:31:28.722 0100|00|00|05|fa0001|343d013fa0[payload->]?.||41,023
2025-08-02T01:31:28.823 0100|01|00|18|e601fe|343d0102c81024a00084ffffdfffffffffffffffffffdaf7[payload->]...$.................||63,450
2025-08-02T02:05:46.872 0100|00|00|05|fa0001|343d013fa0[payload->]?.||41,023
2025-08-02T02:05:46.973 0100|01|00|18|e601fe|343d0102c81024a00084ffffffffffffffffffffffffdaf7[payload->]...$.................||63,450
2025-08-02T03:05:47.237 0100|00|00|05|fa0001|343d013fa0[payload->]?.||41,023
2025-08-02T03:05:47.339 0100|01|00|18|e601fe|343d0102c81024a00084ffffffffffffffffffffffffdaf7[payload->]...$.................||63,450
2025-08-02T03:31:28.703 0100|00|00|05|fa0001|343d013fa0[payload->]?.||41,023
2025-08-02T03:31:28.804 0100|01|00|18|e601fe|343d0102c81024a00084ffffffffffffffffffffffffdaf7[payload->]...$.................||63,450
2025-08-02T03:35:46.311 0100|00|00|05|fa0001|343d013fa0[payload->]?.||41,023
2025-08-02T03:35:46.513 0100|01|00|18|e601fe|343d0102c81024a00084ffffffffffffffffffffffffdaf7[payload->]...$.................||63,450
2025-08-02T04:35:46.399 0100|00|00|05|fa0001|343d013fa0[payload->]?.||41,023
2025-08-02T04:35:46.501 0100|01|00|18|e601fe|343d0102c81024a00084ffffffffffffffffffffffffdaf7[payload->]...$.................||63,450
2025-08-02T05:05:46.388 0100|00|00|05|fa0001|343d013fa0[payload->]?.||41,023
2025-08-02T05:05:46.489 0100|01|00|18|e601fe|343d0102c81024a00084ffffffffffffffffffffffffdaf7[payload->]...$.................||63,450
2025-08-02T05:35:46.343 0100|00|00|05|fa0001|343d013fa0[payload->]?.||41,023
2025-08-02T05:35:46.545 0100|01|00|18|e601fe|343d0102c81024a00084ffffffffffffffffffffffffdaf7[payload->]...$.................||63,450
2025-08-02T06:05:48.310 0100|00|00|05|fa0001|343d013fa0[payload->]?.||41,023
2025-08-02T06:05:48.412 0100|01|00|18|e601fe|343d0102c81024a00084ffffffffffffffffffffffffdaf7[payload->]...$.................||63,450
2025-08-02T06:35:48.331 0100|00|00|05|fa0001|343d013fa0[payload->]?.||41,023
2025-08-02T06:35:48.432 0100|01|00|18|e601fe|343d0102c81024a00084ffffffffffffffffffffffffdaf7[payload->]...$.................||63,450
2025-08-02T07:05:48.341 0100|00|00|05|fa0001|343d013fa0[payload->]?.||41,023
2025-08-02T07:05:48.442 0100|01|00|18|e601fe|343d0102c81024a00084ffffffffffffffffffffffffdaf7[payload->]...$.................||63,450
2025-08-02T07:31:28.666 0100|00|00|05|fa0001|343d013fa0[payload->]?.||41,023
2025-08-02T07:31:28.768 0100|01|00|18|e601fe|343d0102c81024a00084ffffffffffffffffffffffffffff[payload->]...$.................||65,535
2025-08-02T07:35:48.265 0100|00|00|05|fa0001|343d013fa0[payload->]?.||41,023
2025-08-02T07:35:48.467 0100|01|00|18|e601fe|343d0102c81024a00084ffffffffffffffffffffffffdaf7[payload->]...$.................||63,450
2025-08-02T08:05:49.627 0100|00|00|05|fa0001|343d013fa0[payload->]?.||41,023
2025-08-02T08:05:49.829 0100|01|00|18|e601fe|343d0102c81024a00084ffffffffffffffffffffffffdaf7[payload->]...$.................||63,450
2025-08-02T08:35:49.630 0100|00|00|05|fa0001|343d013fa0[payload->]?.||41,023
2025-08-02T08:35:49.832 0100|01|00|18|e601fe|343d0102c81024a00084ffffffffffffffffffffffffdaf7[payload->]...$.................||63,450
2025-08-02T09:05:49.669 0100|00|00|05|fa0001|343d013fa0[payload->]?.||41,023
2025-08-02T09:05:49.771 0100|01|00|18|e601fe|343d0102c81024a00084ffffffffffffffffffffffffdaf7[payload->]...$.................||63,450
2025-08-02T09:35:49.624 0100|00|00|05|fa0001|343d013fa0[payload->]?.||41,023
2025-08-02T09:35:49.826 0100|01|00|18|e601fe|343d0102c81024a00084ffffffffffffffffffffffffdaf7[payload->]...$.................||63,450
2025-08-02T10:05:50.475 0100|00|00|05|fa0001|343d013fa0[payload->]?.||41,023
2025-08-02T10:05:50.677 0100|01|00|18|e601fe|343d0102c81024a00084ffffffffffffffffffffffffdaf7[payload->]...$.................||63,450
2025-08-02T10:35:50.579 0100|00|00|05|fa0001|343d013fa0[payload->]?.||41,023
2025-08-02T10:35:50.680 0100|01|00|18|e601fe|343d0102c81024a00084ffffffffffffffffffffffffdaf7[payload->]...$.................||63,450
2025-08-02T11:05:51.411 0100|00|00|05|fa0001|343d013fa0[payload->]?.||41,023
2025-08-02T11:05:51.512 0100|01|00|18|e601fe|343d0102c81024a00084ffffffffffffffffffffffffdaf7[payload->]...$.................||63,450
2025-08-02T11:31:28.801 0100|00|00|05|fa0001|343d013fa0[payload->]?.||41,023
2025-08-02T11:31:28.902 0100|01|00|18|e601fe|343d0102c81024a00084ffffffffffffffffffffffffdaf7[payload->]...$.................||63,450
2025-08-02T11:35:52.283 0100|00|00|05|fa0001|343d013fa0[payload->]?.||41,023
2025-08-02T11:35:52.384 0100|01|00|18|e601fe|343d0102c81024a00084ffffffffffffffffffffffffdaf7[payload->]...$.................||63,450
2025-08-02T12:05:53.426 0100|00|00|05|fa0001|343d013fa0[payload->]?.||41,023
2025-08-02T12:05:53.628 0100|01|00|18|e601fe|343d0102c81024a00084ffffffffffffffffffffffffdaf7[payload->]...$.................||63,450
2025-08-02T12:35:54.690 0100|00|00|05|fa0001|343d013fa0[payload->]?.||41,023
2025-08-02T12:35:54.791 0100|01|00|18|e601fe|343d0102c81024a00084ffffffffffffffffffffffffdaf7[payload->]...$.................||63,450
2025-08-02T13:05:55.510 0100|00|00|05|fa0001|343d013fa0[payload->]?.||41,023
2025-08-02T13:05:55.611 0100|01|00|18|e601fe|343d0102c81024a00084ffffffffffffffffffffffffdaf7[payload->]...$.................||63,450
2025-08-02T13:31:28.761 0100|00|00|05|fa0001|343d013fa0[payload->]?.||41,023
2025-08-02T13:35:57.258 0100|00|00|05|fa0001|343d013fa0[payload->]?.||41,023
2025-08-02T13:35:57.459 0100|01|00|18|e601fe|343d0102c81024a00084ffffffffffffffffffffffffdaf7[payload->]...$.................||63,450
2025-08-02T14:05:58.273 0100|00|00|05|fa0001|343d013fa0[payload->]?.||41,023
2025-08-02T14:05:58.374 0100|01|00|18|e601fe|343d0102c81024a00084ffffffffffffffffffffffffdaf7[payload->]...$.................||63,450
2025-08-02T14:35:57.322 0100|00|00|05|fa0001|343d013fa0[payload->]?.||41,023
2025-08-02T14:35:57.423 0100|01|00|18|e601fe|343d0102c81024a00084ffffffffffffffffffffffffd2f7[payload->]...$.................||63,442
2025-08-02T15:05:57.354 0100|00|00|05|fa0001|343d013fa0[payload->]?.||41,023
2025-08-02T15:05:57.455 0100|01|00|18|e601fe|343d0102c81024a00084ffffffffffffffffffffffffdaf7[payload->]...$.................||63,450
2025-08-02T15:35:58.524 0100|00|00|05|fa0001|343d013fa0[payload->]?.||41,023
2025-08-02T15:35:58.726 0100|01|00|18|e601fe|343d0102c81024a00084ffffffffffffffffffffffffdaf7[payload->]...$.................||63,450
2025-08-02T16:05:58.510 0100|00|00|05|fa0001|343d013fa0[payload->]?.||41,023
2025-08-02T16:05:58.712 0100|01|00|18|e601fe|343d0102c81024a00084ffffffffffffffffffffffffdaf7[payload->]...$.................||63,450
2025-08-02T16:31:28.468 0100|00|00|05|fa0001|343d013fa0[payload->]?.||41,023
2025-08-02T16:31:28.569 0100|01|00|18|e601fe|343d0102c81024a00084ffffffffffffffffffffffffdaf7[payload->]...$.................||63,450
2025-08-02T16:35:58.874 0100|00|00|05|fa0001|343d013fa0[payload->]?.||41,023
2025-08-02T16:35:59.075 0100|01|00|18|e601fe|343d0102c81024a00084ffffffffffffffffffffffffdaf7[payload->]...$.................||63,450
2025-08-02T17:05:58.528 0100|00|00|05|fa0001|343d013fa0[payload->]?.||41,023
2025-08-02T17:05:58.730 0100|01|00|18|e601fe|343d0102c81024a00084ffffffffffffffffffffffffdaf7[payload->]...$.................||63,450
2025-08-02T17:35:58.521 0100|00|00|05|fa0001|343d013fa0[payload->]?.||41,023
2025-08-02T17:35:58.722 0100|01|00|18|e601fe|343d0102c81024a00084ffffffffffffffffffffffffdaf7[payload->]...$.................||63,450
2025-08-02T18:05:58.591 0100|00|00|05|fa0001|343d013fa0[payload->]?.||41,023
2025-08-02T18:35:58.629 0100|00|00|05|fa0001|343d013fa0[payload->]?.||41,023
2025-08-02T18:35:58.731 0100|01|00|18|e601fe|343d0102c81024a00084ffffffffffffffffffffffffdaf7[payload->]...$.................||63,450
2025-08-02T19:05:58.672 0100|00|00|05|fa0001|343d013fa0[payload->]?.||41,023
2025-08-02T19:05:58.874 0100|01|00|18|e601fe|343d0102c81024a00084ffffffffffffffffffffffffdaf7[payload->]...$.................||63,450
2025-08-02T19:31:28.884 0100|00|00|05|fa0001|343d013fa0[payload->]?.||41,023
2025-08-02T19:31:29.085 0100|01|00|18|e601fe|343d0102c81024a00084ffffffffffffffffffffffffdaf7[payload->]...$.................||63,450
2025-08-02T19:35:59.645 0100|00|00|05|fa0001|343d013fa0[payload->]?.||41,023
2025-08-02T19:35:59.847 0100|01|00|18|e601fe|343d0102c81024a00084ffffffffffffffffffffffffdaf7[payload->]...$.................||63,450
2025-08-02T20:06:01.746 0100|00|00|05|fa0001|343d013fa0[payload->]?.||41,023
2025-08-02T20:06:01.847 0100|01|00|18|e601fe|343d0102c81024a00084ffffffffffffffffffffffffdaf7[payload->]...$.................||63,450
2025-08-02T20:36:01.653 0100|00|00|05|fa0001|343d013fa0[payload->]?.||41,023
2025-08-02T20:36:01.856 0100|01|00|18|e601fe|343d0102c81024a00084ffffffffffffffffffffffffdaf7[payload->]...$.................||63,450
2025-08-02T21:06:01.445 0100|00|00|05|fa0001|343d013fa0[payload->]?.||41,023
2025-08-02T21:06:01.647 0100|01|00|18|e601fe|343d0102c81024a00084ffffffffffffffffffffffffdaf7[payload->]...$.................||63,450
2025-08-02T21:36:01.488 0100|00|00|05|fa0001|343d013fa0[payload->]?.||41,023
2025-08-02T21:36:01.791 0100|01|00|18|e601fe|343d0102c81024a00084ffffffffffffffffffffffffdaf7[payload->]...$.................||63,450
2025-08-02T22:06:01.510 0100|00|00|05|fa0001|343d013fa0[payload->]?.||41,023
2025-08-02T22:06:01.712 0100|01|00|18|e601fe|343d0102c81024a00084ffffffffffffffffffffffffdaf7[payload->]...$.................||63,450
2025-08-02T22:36:02.382 0100|00|00|05|fa0001|343d013fa0[payload->]?.||41,023
2025-08-02T22:36:02.483 0100|01|00|18|e601fe|343d0102c81024a00084ffffffffffffffffffffffffdaf7[payload->]...$.................||63,450
2025-08-02T23:06:03.980 0100|00|00|05|fa0001|343d013fa0[payload->]?.||41,023
2025-08-02T23:06:04.081 0100|01|00|18|e601fe|343d0102c81024a00084ffffffffffffffffffffffffdaf7[payload->]...$.................||63,450
2025-08-02T23:36:04.901 0100|00|00|05|fa0001|343d013fa0[payload->]?.||41,023
2025-08-02T23:36:05.002 0100|01|00|18|e601fe|343d0102c81024a00084ffffffffffffffffffffffffdaf7[payload->]...$.................||63,450
2025-08-03T00:06:04.874 0100|00|00|05|fa0001|343d013fa0[payload->]?.||41,023
2025-08-03T00:06:05.076 0100|01|00|18|e601fe|343d0102c81024a00084ffffffffffffffffffffffffdaf7[payload->]...$.................||63,450
2025-08-03T00:31:30.673 0100|00|00|05|fa0001|343d013fa0[payload->]?.||41,023
2025-08-03T00:36:04.689 0100|00|00|05|fa0001|343d013fa0[payload->]?.||41,023
2025-08-03T00:36:04.892 0100|01|00|18|e601fe|343d0102c81024a08084ffffffffffffffffffffffffdaf7[payload->]...$.................||63,450
2025-08-03T01:06:09.320 0100|00|00|05|fa0001|343d013fa0[payload->]?.||41,023
2025-08-03T01:06:09.522 0100|01|00|18|e601fe|343d0102c81024a00084ffffffffffffffffffffffffdaf7[payload->]...$.................||63,450
2025-08-03T01:31:29.320 0100|00|00|05|fa0001|343d013fa0[payload->]?.||41,023
2025-08-03T01:31:29.522 0100|01|00|18|e601fe|343d0102c81024a00084ffffffffffffffffffffffffdaf7[payload->]...$.................||63,450
2025-08-03T01:36:09.971 0100|00|00|05|fa0001|343d013fa0[payload->]?.||41,023
2025-08-03T01:36:10.476 0100|01|00|58|e601fe|343d0102c81024a00084ffffffffffffffffffffffffdaf70100000005fa000110030154f00100010007f701fe100301ffff859c0100000005fa0001343c01afa10100010018e601fe343c0102c81024a00084ffffffffff[payload->]...$............................T........................4<...........4<....$........||65,535
2025-08-03T02:06:09.969 0100|00|00|05|fa0001|343d013fa0[payload->]?.||41,023
2025-08-03T02:06:10.271 0100|01|00|18|e601fe|343d0102c81024a00084ffffffffffffffffffffffffdaf7[payload->]...$.................||63,450
2025-08-03T02:36:11.311 0100|00|00|05|fa0001|343d013fa0[payload->]?.||41,023
2025-08-03T02:36:11.412 0100|01|00|18|e601fe|343d0102c81024a00084ffffffffffffffffffffffffdaf7[payload->]...$.................||63,450
2025-08-03T03:06:11.356 0100|00|00|05|fa0001|343d013fa0[payload->]?.||41,023
2025-08-03T03:06:11.457 0100|01|00|18|e601fe|343d0102c81024a00084ffffffffffffffffffffffffdaf7[payload->]...$.................||63,450
2025-08-03T04:06:11.603 0100|00|00|05|fa0001|343d013fa0[payload->]?.||41,023
2025-08-03T04:06:11.805 0100|01|00|18|e601fe|343d0102c81024a00084ffffffffffffffffffffffffdaf7[payload->]...$.................||63,450
2025-08-03T04:36:11.380 0100|00|00|05|fa0001|343d013fa0[payload->]?.||41,023
2025-08-03T04:36:11.481 0100|01|00|18|e601fe|343d0102c81024a00084ffffffffffffffffffffffffdaf7[payload->]...$.................||63,450
2025-08-03T05:06:11.959 0100|00|00|05|fa0001|343d013fa0[payload->]?.||41,023
2025-08-03T05:36:11.512 0100|00|00|05|fa0001|343d013fa0[payload->]?.||41,023
2025-08-03T05:36:11.714 0100|01|00|18|e601fe|343d0102c81024a00084ffffffffffffffffffffffffdaf7[payload->]...$.................||63,450
2025-08-03T06:06:11.498 0100|00|00|05|fa0001|343d013fa0[payload->]?.||41,023
2025-08-03T06:06:11.701 0100|01|00|18|e601fe|343d0102c81024a00084ffffffffffffffffffffffffdaf7[payload->]...$.................||63,450
2025-08-03T06:36:11.323 0100|00|00|05|fa0001|343d013fa0[payload->]?.||41,023
2025-08-03T06:36:11.424 0100|01|00|18|e601fe|343d0102c81024a00084ffffffffffffffffffffffffdaf7[payload->]...$.................||63,450
2025-08-03T07:36:11.921 0100|00|00|05|fa0001|343d013fa0[payload->]?.||41,023
2025-08-03T08:06:12.552 0100|00|00|05|fa0001|343d013fa0[payload->]?.||41,023
2025-08-03T08:06:12.754 0100|01|00|18|e601fe|343d0102c81024a00084ffffffffffffffffffffffffdaf7[payload->]...$.................||63,450
2025-08-03T08:36:12.144 0100|00|00|05|fa0001|343d013fa0[payload->]?.||41,023
2025-08-03T08:36:12.245 0100|01|00|18|e601fe|343d0102c81024a00084ffffffffffffffffffffffffdaf7[payload->]...$.................||63,450
2025-08-03T09:06:13.137 0100|00|00|05|fa0001|343d013fa0[payload->]?.||41,023
2025-08-03T09:06:13.338 0100|01|00|18|e601fe|343d0102c81024a00084ffffffffffffffffffffffffdaf7[payload->]...$.................||63,450
2025-08-03T09:36:14.241 0100|00|00|05|fa0001|343d013fa0[payload->]?.||41,023
2025-08-03T09:36:14.342 0100|01|00|18|e601fe|343d0102c81024a00084ffffffffffffffffffffffffdaf7[payload->]...$.................||63,450
2025-08-03T10:06:13.771 0100|00|00|05|fa0001|343d013fa0[payload->]?.||41,023
2025-08-03T10:06:13.872 0100|01|00|18|e601fe|343d0102c81024a00084ffffffffffffffffffffffdfdaf7[payload->]...$.................||63,450
2025-08-03T10:36:13.824 0100|00|00|05|fa0001|343d013fa0[payload->]?.||41,023
2025-08-03T10:36:13.925 0100|01|00|18|e601fe|343d0102c81024a00084ffffffffffffffffffffffffdaf7[payload->]...$.................||63,450
2025-08-03T11:06:13.678 0100|00|00|05|fa0001|343d013fa0[payload->]?.||41,023
2025-08-03T11:06:13.779 0100|01|00|18|e601fe|343d0102c81024a00084ffffffffffffffffffffffffdaf7[payload->]...$.................||63,450
2025-08-03T11:31:28.486 0100|00|00|05|fa0001|343d013fa0[payload->]?.||41,023
2025-08-03T11:31:28.587 0100|01|00|18|e601fe|343d0102c81024a00084ffffffffffffffffffffffffdaf7[payload->]...$.................||63,450
2025-08-03T11:36:13.654 0100|00|00|05|fa0001|343d013fa0[payload->]?.||41,023
2025-08-03T11:36:13.856 0100|01|00|18|e601fe|343d0102c81024a00084ffffffffffffffffffffffffdaf7[payload->]...$.................||63,450
2025-08-03T12:06:14.483 0100|00|00|05|fa0001|343d013fa0[payload->]?.||41,023
2025-08-03T12:06:14.584 0100|01|00|18|e601fe|343d0102c81024a00084ffffffffffffffffffffffffdaf7[payload->]...$.................||63,450
2025-08-03T12:36:14.553 0100|00|00|05|fa0001|343d013fa0[payload->]?.||41,023
2025-08-03T12:36:14.655 0100|01|00|18|e601fe|343d0102c81024a00084ffffffffffffffffffffffffdaf7[payload->]...$.................||63,450
2025-08-03T13:06:15.493 0100|00|00|05|fa0001|343d013fa0[payload->]?.||41,023
2025-08-03T13:06:15.594 0100|01|00|18|e601fe|343d0102c81024a00084ffffffffffffffffffffffffdaf7[payload->]...$.................||63,450
2025-08-03T13:36:14.520 0100|00|00|05|fa0001|343d013fa0[payload->]?.||41,023
2025-08-03T13:36:14.621 0100|01|00|18|e601fe|343d0102c81024a00084ffffffffffffffffffffffffdaf7[payload->]...$.................||63,450
2025-08-03T14:06:14.597 0100|00|00|05|fa0001|343d013fa0[payload->]?.||41,023
2025-08-03T14:06:14.699 0100|01|00|18|e601fe|343d0102c81024a00084ffffffffffffffffffffffffdaf7[payload->]...$.................||63,450
2025-08-03T14:36:14.796 0100|00|00|05|fa0001|343d013fa0[payload->]?.||41,023
2025-08-03T14:36:14.998 0100|01|00|18|e601fe|343d0102c81024a00084ffffffffffffffffffffffffdaf7[payload->]...$.................||63,450
2025-08-03T15:06:15.965 0100|00|00|05|fa0001|343d013fa0[payload->]?.||41,023
2025-08-03T15:36:14.448 0100|00|00|05|fa0001|343d013fa0[payload->]?.||41,023
2025-08-03T15:36:14.650 0100|01|00|18|e601fe|343d0102c81024a00084ffffffffffffffffffffffffdaf7[payload->]...$.................||63,450
2025-08-03T16:06:14.474 0100|00|00|05|fa0001|343d013fa0[payload->]?.||41,023
2025-08-03T16:06:14.575 0100|01|00|18|e601fe|343d0102c81024a00084ffffffffffffffffffffffffdaf7[payload->]...$.................||63,450
2025-08-03T16:36:17.221 0100|00|00|05|fa0001|343d013fa0[payload->]?.||41,023
2025-08-03T16:36:17.323 0100|01|00|18|e601fe|343d0102c81024a00084fffffffffffbffffffffffffdaf7[payload->]...$.................||63,450
2025-08-03T17:06:17.837 0100|00|00|05|fa0001|343d013fa0[payload->]?.||41,023
2025-08-03T17:06:17.938 0100|01|00|18|e601fe|343d0102c81024a00084ffffffffffffffffffffffffdaf7[payload->]...$.................||63,450
2025-08-03T17:31:29.135 0100|00|00|05|fa0001|343d013fa0[payload->]?.||41,023
2025-08-03T17:36:17.210 0100|00|00|05|fa0001|343d013fa0[payload->]?.||41,023
2025-08-03T17:36:17.311 0100|01|00|18|e601fe|343d0102c81024a00084ffffffffffffffffffffffffdaf7[payload->]...$.................||63,450
2025-08-03T18:06:17.845 0100|00|00|05|fa0001|343d013fa0[payload->]?.||41,023
2025-08-03T18:06:18.047 0100|01|00|18|e601fe|343d0102c81024a00084ffffffffffffffffffffffffdaf7[payload->]...$.................||63,450
