2025-07-31T07:14:31.827 0100|01|00|06|f801fe|520e000002f6[payload->]...||62,978
2025-07-31T12:23:05.915 0100|01|00|06|f801fe|520e000002f6[payload->]...||62,978
2025-07-31T13:42:56.622 0100|01|00|06|f801fe|520e000002f6[payload->]...||62,978
2025-07-31T15:15:57.514 0100|01|00|06|f801fe|520e000002f6[payload->]...||62,978
2025-08-01T14:57:19.401 0100|01|00|06|f801fe|520e000002f6[payload->]...||62,978
2025-08-01T15:21:29.591 0100|01|00|06|f801fe|520e000002f6[payload->]...||62,978
2025-08-01T23:00:39.588 0100|01|00|06|fa43fe|520e000002f6[payload->]...||62,978
2025-08-01T23:15:39.596 0100|41|00|06|f841fe|520e000002f6[payload->]...||62,978
2025-08-01T23:24:59.546 0100|01|00|06|f841fe|520e000002f6[payload->]...||62,978
2025-08-02T00:14:59.593 0100|01|00|06|f801fe|520e000002f6[payload->]...||62,978
2025-08-02T00:38:59.527 0100|01|00|06|f801fe|520e000002f6[payload->]...||62,978
2025-08-02T01:34:59.516 0100|01|40|06|f843fe|520e000002f6[payload->]...||62,978
2025-08-02T01:47:59.376 0100|01|00|06|f84bfe|520e000002f6[payload->]...||62,978
2025-08-02T02:17:59.500 0100|01|00|06|f801fe|520e000002f6[payload->]...||62,978
2025-08-02T03:19:09.840 0100|01|00|4e|fa4bfe|520e000002f60100000005fa0001200201cbf1010001000bf301fe200201ae8da802453b1e8d0100000005fa0003100301ecf10100010007f701fe100301ffff859c0100000005fa0003200401d3[payload->]........... ............ ......E;...................................... ...||54,017
2025-08-02T03:22:39.465 0100|01|00|06|f801fe|520e000002f6[payload->]...||62,978
2025-08-02T03:31:19.497 0100|01|40|46|f843fe|520e000002f60100000005fa00012004016bf20908090009f501fe200401ffffffff850d0100000005fa0001200201cbf1010001000bf301fe200201ae8da802453b1e8d0100[payload->]........... ..k......... ................ ............ ......E;....||0,001
2025-08-02T04:04:59.500 0100|01|00|06|f801fe|520e000002f6[payload->]...||62,978
2025-08-02T04:08:29.387 0100|01|00|06|f843fe|520e000002f6[payload->]...||62,978
2025-08-02T04:16:59.478 0100|01|00|06|f843fe|520e000002f6[payload->]...||62,978
2025-08-02T04:21:59.482 0100|01|00|06|f801fe|520e000002f6[payload->]...||62,978
2025-08-02T04:43:29.534 0100|4b|4a|0e|f801fe|520e000002f60100000005fa0001[payload->]...........||0,256
2025-08-02T05:00:59.478 0100|01|00|06|f801fe|520e000002f6[payload->]...||62,978
2025-08-02T05:01:29.573 0100|01|00|06|f84bfe|520e000002f6[payload->]...||62,978
2025-08-02T05:01:59.538 0100|01|00|06|f843fe|520e000002f6[payload->]...||62,978
2025-08-02T05:25:29.800 0100|01|00|46|f841fe|520e004202f60100000005fa0001200201cbf1434203000bf301fe200201ae8da802453b1e8d0100000005fa0003100301ecf10100010007f701fe100301ffff859c01000000[payload->]B.......... ....CB...... ......E;..................................||0,000
2025-08-02T05:34:29.514 0100|01|0a|0e|fa01fe|520e000002f60100000005fa0001[payload->]...........||0,256
2025-08-02T19:21:00.622 0100|01|00|06|fa41fe|520e000002f6[payload->]...||62,978
2025-08-02T19:28:50.360 0100|01|00|06|f801fe|520e000002f6[payload->]...||62,978
