2025-07-30T20:31:29.890 0100|01|00|18|e601fe|34440102c81024a00084ffffffffffffffffffffffff7415[payload->]...$...............t.||5,492
2025-07-30T20:34:41.591 0100|00|00|05|fa0001|344401af83[payload->]..||33,711
2025-07-30T20:34:41.692 0100|01|00|18|e601fe|34440102c81024a00084ffffffffffffffffffffffff7415[payload->]...$...............t.||5,492
2025-07-30T21:04:41.743 0100|00|00|05|fa0001|344401af83[payload->]..||33,711
2025-07-30T21:04:41.844 0100|01|00|18|e601fe|34440102c81024a00084ffffffffffffffffffffffff7415[payload->]...$...............t.||5,492
2025-07-30T21:34:41.647 0100|00|00|05|fa0001|344401af83[payload->]..||33,711
2025-07-30T21:34:41.748 0100|01|00|18|e601fe|34440102c81024a00084ffffffffffffffffffffffff7415[payload->]...$...............t.||5,492
2025-07-30T22:04:41.573 0100|00|00|05|fa0001|344401af83[payload->]..||33,711
2025-07-30T22:04:41.775 0100|01|00|18|e601fe|34440102c81024a00084ffffffffffffffffffffffff7415[payload->]...$...............t.||5,492
2025-07-30T22:34:41.655 0100|00|00|05|fa0001|344401af83[payload->]..||33,711
2025-07-30T22:34:41.756 0100|01|00|18|e601fe|34440102c81024a00084ffffffffffffffffffffffff7415[payload->]...$...............t.||5,492
2025-07-30T23:04:41.548 0100|00|00|05|fa0001|344401af83[payload->]..||33,711
2025-07-30T23:04:41.750 0100|01|00|18|e601fe|34440102c81024a00084ffffffffffffffffffffffff7415[payload->]...$...............t.||5,492
2025-07-30T23:34:41.732 0100|00|00|05|fa0001|344401af83[payload->]..||33,711
2025-07-30T23:34:41.933 0100|01|00|18|e601fe|34440102c81024a00084ffffffffffffffffffffffff7415[payload->]...$...............t.||5,492
2025-07-31T00:04:42.651 0100|00|00|05|fa0001|344401af83[payload->]..||33,711
2025-07-31T00:04:42.752 0100|01|00|18|e601fe|34440102c81024a00084ffffffffffffffffffffffff7415[payload->]...$...............t.||5,492
2025-07-31T00:31:29.555 0100|00|00|05|fa0001|344401af83[payload->]..||33,711
2025-07-31T00:31:29.757 0100|01|00|18|e601fe|34440102c81024a00084ffffffffffffffffffffffff7415[payload->]...$...............t.||5,492
2025-07-31T00:34:41.638 0100|00|00|05|fa0001|344401af83[payload->]..||33,711
2025-07-31T00:34:41.840 0100|01|00|18|e601fe|34440102c81024a00084ffffffffffffffffffffffff7415[payload->]...$...............t.||5,492
2025-07-31T01:04:41.578 0100|00|00|05|fa0001|344401af83[payload->]..||33,711
2025-07-31T01:04:41.780 0100|01|00|18|e601fe|34440102c81024a00084ffffffffffffffffffffffff7415[payload->]...$...............t.||5,492
2025-07-31T01:31:29.625 0100|00|00|05|fa0001|344401af83[payload->]..||33,711
2025-07-31T01:31:29.826 0100|01|00|18|e601fe|34440102c81024a00084ffffffffffffffffffffffff7415[payload->]...$...............t.||5,492
2025-07-31T01:34:42.554 0100|00|00|05|fa0001|344401af83[payload->]..||33,711
2025-07-31T01:34:42.655 0100|01|00|18|e601fe|34440102c81024a00084ffffffffffffffffffffffff7415[payload->]...$...............t.||5,492
2025-07-31T02:04:41.625 0100|00|00|05|fa0001|344401af83[payload->]..||33,711
2025-07-31T02:04:41.726 0100|01|00|18|e601fe|34440102c81024a00084ffffffffffffffffffffffff7415[payload->]...$...............t.||5,492
2025-07-31T02:34:43.067 0100|00|00|05|fa0001|344401af83[payload->]..||33,711
2025-07-31T02:34:43.269 0100|01|00|18|e601fe|34440102c81024a00084ffffffffffffffffffffffff7415[payload->]...$...............t.||5,492
2025-07-31T03:04:43.080 0100|00|00|05|fa0001|344401af83[payload->]..||33,711
2025-07-31T03:04:43.181 0100|01|00|18|e601fe|34440102c81024a00084ffffffffffffffffffffffff7415[payload->]...$...............t.||5,492
2025-07-31T03:34:43.067 0100|00|00|05|fa0001|344401af83[payload->]..||33,711
2025-07-31T03:34:43.269 0100|01|00|18|e601fe|34440102c81024a00084ffffffffffffffffffffffff7415[payload->]...$...............t.||5,492
2025-07-31T04:04:43.753 0100|00|00|05|fa0001|344401af83[payload->]..||33,711
2025-07-31T04:04:43.955 0100|01|00|18|e601fe|34440102c81024a00084ffffffffffffffffffffffff7415[payload->]...$...............t.||5,492
2025-07-31T04:31:29.804 0100|00|00|05|fa0001|344401af83[payload->]..||33,711
2025-07-31T04:31:30.006 0100|01|00|18|e601fe|34440102c81024a00084ffffffffffffffffffffffff7415[payload->]...$...............t.||5,492
2025-07-31T04:34:44.378 0100|00|00|05|fa0001|344401af83[payload->]..||33,711
2025-07-31T05:04:44.972 0100|00|00|05|fa0001|344401af83[payload->]..||33,711
2025-07-31T05:04:45.073 0100|01|00|18|e601fe|34440102c81024a00084ffffffffffffffffffffffff7415[payload->]...$...............t.||5,492
2025-07-31T05:34:45.081 0100|00|00|05|fa0001|344401af83[payload->]..||33,711
2025-07-31T05:34:45.183 0100|01|00|18|e601fe|34440102c81024a00084ffffffffffffffffffffffff7415[payload->]...$...............t.||5,492
2025-07-31T06:04:45.003 0100|00|00|05|fa0001|344401af83[payload->]..||33,711
2025-07-31T06:04:45.104 0100|01|00|18|e601fe|34440102c81024a00084ffffffffffffffffffffffff7415[payload->]...$...............t.||5,492
2025-07-31T06:31:29.238 0100|00|00|05|fa0001|344401af83[payload->]..||33,711
2025-07-31T07:04:46.946 0100|00|00|05|fa0001|344401af83[payload->]..||33,711
2025-07-31T07:04:47.148 0100|01|00|18|e601fe|34440102c81024a00084ffffffffffffffffffffffff7415[payload->]...$...............t.||5,492
2025-07-31T07:34:47.019 0100|00|00|05|fa0001|344401af83[payload->]..||33,711
2025-07-31T07:34:47.220 0100|01|00|18|e601fe|34440102c81024a00084ffffffffffffffffffffffff7415[payload->]...$...............t.||5,492
2025-07-31T08:04:47.124 0100|00|00|05|fa0001|344401af83[payload->]..||33,711
2025-07-31T08:04:47.226 0100|01|00|18|e601fe|34440102c81024a00084ffffffffffffffffffffffff7415[payload->]...$...............t.||5,492
2025-07-31T08:31:29.181 0100|00|00|05|fa0001|344401af83[payload->]..||33,711
2025-07-31T08:31:29.282 0100|01|00|18|e601fe|34440102c81024a00084ffff06f801fe5401010161070100[payload->]...$.........T...a...||0,001
2025-07-31T08:34:47.013 0100|00|00|05|fa0001|344401af83[payload->]..||33,711
2025-07-31T08:34:47.114 0100|01|00|18|e601fe|34440102c81024a00084ffffffffffffffff7ffffffc7415[payload->]...$...............t.||5,492
2025-07-31T09:04:47.031 0100|00|00|05|fa0001|344401af83[payload->]..||33,711
2025-07-31T09:04:47.132 0100|01|00|18|e601fe|34440102c81024a00084ffffffffffffffffffffffff7415[payload->]...$...............t.||5,492
2025-07-31T09:31:29.169 0100|00|00|05|fa0001|344401af83[payload->]..||33,711
2025-07-31T09:31:29.270 0100|01|00|18|e601fe|34440102c81024a00084ffffffffffffffffffffffff7415[payload->]...$...............t.||5,492
2025-07-31T09:34:47.005 0100|00|00|05|fa0001|344401af83[payload->]..||33,711
2025-07-31T09:34:47.207 0100|01|00|18|e601fe|34440102c81024a00084fffffff7ffffffffffffff7f57f1[payload->]...$...............W.||61,783
2025-07-31T10:04:47.130 0100|00|00|05|fa0001|344401af83[payload->]..||33,711
2025-07-31T10:04:47.231 0100|01|00|18|e601fe|34440102c81024a00084ffffffffffffffffffffffff7415[payload->]...$...............t.||5,492
2025-07-31T10:31:29.597 0100|00|00|05|fa0001|344401af83[payload->]..||33,711
2025-07-31T10:31:29.698 0100|01|00|18|e601fe|34440102c81024a00084ffffffffffffffffffffffff7415[payload->]...$...............t.||5,492
2025-07-31T10:34:48.933 0100|00|00|05|fa0001|344401af83[payload->]..||33,711
2025-07-31T10:34:49.135 0100|01|00|18|e601fe|34440102c81024a00084ffffffdfffffffffffffffff7415[payload->]...$...............t.||5,492
2025-07-31T11:04:48.799 0100|00|00|05|fa0001|344401af83[payload->]..||33,711
2025-07-31T11:04:49.001 0100|01|00|18|e601fe|34440102c81024a00084ffffffffffffffffffffffff7415[payload->]...$...............t.||5,492
2025-07-31T11:34:49.897 0100|00|00|05|fa0001|344401af83[payload->]..||33,711
2025-07-31T11:34:50.099 0100|01|00|18|e601fe|34440102c81024a00084ffffffffffffffffffffffff7415[payload->]...$...............t.||5,492
2025-07-31T12:04:50.379 0100|00|00|05|fa0001|344401af83[payload->]..||33,711
2025-07-31T12:04:50.481 0100|01|00|18|e601fe|34440102c81024a00084ffffffffffffffffffffffff7415[payload->]...$...............t.||5,492
2025-07-31T12:31:34.765 0100|00|00|05|fa0001|344401af83[payload->]..||33,711
2025-07-31T12:31:34.867 0100|01|00|18|e601fe|34440102c81024a00084ffffffffffffffffffffffff7415[payload->]...$...............t.||5,492
2025-07-31T12:34:50.125 0100|00|00|05|fa0001|344401af83[payload->]..||33,711
2025-07-31T12:34:50.227 0100|01|00|18|e601fe|34440102c81024a00084ffffffffffffffffffffffff7415[payload->]...$...............t.||5,492
2025-07-31T13:04:50.681 0100|00|00|05|fa0001|344401af83[payload->]..||33,711
2025-07-31T13:04:50.782 0100|01|00|18|e601fe|34440102c81024a00084ffffffffffffffffffffffff7415[payload->]...$...............t.||5,492
2025-07-31T13:34:50.243 0100|00|00|05|fa0001|344401af83[payload->]..||33,711
2025-07-31T13:34:50.344 0100|01|00|18|e601fe|34440102c81024a00084ffffffffffffffffffffffff7415[payload->]...$...............t.||5,492
2025-07-31T14:04:51.531 0100|00|00|05|fa0001|344401af83[payload->]..||33,711
2025-07-31T14:04:51.632 0100|01|00|18|e601fe|34440102c81024a00084ffffffffffffffffffffffff7415[payload->]...$...............t.||5,492
2025-07-31T14:34:51.019 0100|00|00|05|fa0001|344401af83[payload->]..||33,711
2025-07-31T14:34:51.121 0100|01|00|18|e601fe|34440102c81024a00084ffffffffffffffffffffffff7415[payload->]...$...............t.||5,492
2025-07-31T15:04:51.889 0100|00|00|05|fa0001|344401af83[payload->]..||33,711
2025-07-31T15:04:51.990 0100|01|00|18|e601fe|34440102c81024a00084ffffffffffffffffffffffff7415[payload->]...$...............t.||5,492
2025-07-31T15:34:54.714 0100|00|00|05|fa0001|344401af83[payload->]..||33,711
2025-07-31T15:34:54.815 0100|01|00|18|e601fe|34440102c81024a00084feffffffffffffffffffffff7415[payload->]...$...............t.||5,492
2025-07-31T16:04:54.682 0100|00|00|05|fa0001|344401af83[payload->]..||33,711
2025-07-31T16:04:54.783 0100|01|00|18|e603fe|34440102c81024a00084ffffffffffffffffffffffff7415[payload->]...$...............t.||5,492
2025-07-31T17:04:56.189 0100|00|00|05|fa0001|344401af83[payload->]..||33,711
2025-07-31T17:04:56.290 0100|01|00|18|e601fe|34440102c81024a00084ffffffffffffffffffffffff7415[payload->]...$...............t.||5,492
2025-07-31T17:31:29.723 0100|00|00|05|fa0001|344401af83[payload->]..||33,711
2025-07-31T17:34:56.476 0100|00|00|05|fa0001|344401af83[payload->]..||33,711
2025-07-31T17:34:56.677 0100|01|00|18|e601fe|34440102c81024a00084ffffffffffffffffffffffff7415[payload->]...$...............t.||5,492
2025-07-31T18:04:56.335 0100|00|00|05|fa0001|344401af83[payload->]..||33,711
2025-07-31T18:04:56.437 0100|01|00|18|e601fe|34440102c81024a00084ffffffffffffffffffffffff7415[payload->]...$...............t.||5,492
2025-07-31T18:34:57.062 0100|00|00|05|fa0001|344401af83[payload->]..||33,711
2025-07-31T18:34:57.164 0100|01|00|18|e601fe|34440102c81024a00084ffffffffffffffffffffffff7415[payload->]...$...............t.||5,492
2025-07-31T19:04:57.639 0100|00|00|05|fa0001|344401af83[payload->]..||33,711
2025-07-31T19:04:57.840 0100|01|00|18|e601fe|34440102c81024a00084ffffffffffffffffffffffff7415[payload->]...$...............t.||5,492
2025-07-31T19:34:57.400 0100|00|00|05|fa0001|344401af83[payload->]..||33,711
2025-07-31T19:34:57.502 0100|01|00|18|e601fe|34440102c81024a00084ffffffffffffffffffffffff7415[payload->]...$...............t.||5,492
2025-07-31T20:04:57.945 0100|00|00|05|fa0001|344401af83[payload->]..||33,711
2025-07-31T20:34:57.369 0100|00|00|05|fa0001|344401af83[payload->]..||33,711
2025-07-31T20:34:57.470 0100|01|00|18|e601fe|34440102c81024a00084ffffffffffffffffffffffff7415[payload->]...$...............t.||5,492
2025-07-31T21:04:57.275 0100|00|00|05|fa0001|344401af83[payload->]..||33,711
2025-07-31T21:04:57.477 0100|01|00|18|e601fe|34440102c81024a00084ffffffffffffffffffffffff7415[payload->]...$...............t.||5,492
2025-07-31T21:34:58.482 0100|00|00|05|fa0001|344401af83[payload->]..||33,711
2025-07-31T21:34:58.584 0100|01|00|18|e601fe|34440102c81024a00084ffffffffffffffffffffffff7415[payload->]...$...............t.||5,492
2025-07-31T22:04:58.433 0100|00|00|05|fa0001|344401af83[payload->]..||33,711
2025-07-31T22:04:58.535 0100|01|00|18|e601fe|34440102c81024a00084ffffffffffffffffffffffff7415[payload->]...$...............t.||5,492
2025-07-31T22:31:29.735 0100|00|00|05|fa0001|344401af83[payload->]..||33,711
2025-07-31T22:31:29.837 0100|01|00|18|e601fe|34440102c81024a00084ffffffffffffffffffffffff7415[payload->]...$...............t.||5,492
2025-07-31T22:34:58.524 0100|00|00|05|fa0001|344401af83[payload->]..||33,711
2025-07-31T22:34:58.625 0100|01|00|18|e601fe|34440102c81024a00084ffffffffffffffffffffffff7415[payload->]...$...............t.||5,492
2025-07-31T23:05:00.306 0100|00|00|05|fa0001|344401af83[payload->]..||33,711
2025-07-31T23:05:00.407 0100|01|00|18|e601fe|34440102c81024a00084ffffffffffffffffffffffff7415[payload->]...$...............t.||5,492
2025-07-31T23:35:00.412 0100|00|00|05|fa0001|344401af83[payload->]..||33,711
2025-07-31T23:35:00.513 0100|01|00|18|e601fe|34440102c81024a00084ffffffffffffffffffffffff7415[payload->]...$...............t.||5,492
2025-08-01T00:05:00.376 0100|00|00|05|fa0001|344401af83[payload->]..||33,711
2025-08-01T00:05:00.477 0100|01|00|18|e601fe|34440102c81024a00084ffffffffffffffffffffffff7415[payload->]...$...............t.||5,492
2025-08-01T00:35:00.393 0100|00|00|05|fa0001|344401af83[payload->]..||33,711
2025-08-01T00:35:00.495 0100|01|00|18|e601fe|34440102c81024a00084ffffffffffffffffffffffff7415[payload->]...$...............t.||5,492
2025-08-01T01:05:00.363 0100|00|00|05|fa0001|344401af83[payload->]..||33,711
2025-08-01T01:05:00.565 0100|01|00|18|e601fe|34440102c81024a00084ffffffffffffffffffffffff7415[payload->]...$...............t.||5,492
2025-08-01T01:35:00.311 0100|00|00|05|fa0001|344401af83[payload->]..||33,711
2025-08-01T01:35:00.513 0100|01|00|18|e601fe|34440102c81024a00084ffffffffffffffffffffffff7415[payload->]...$...............t.||5,492
2025-08-01T02:05:03.602 0100|00|00|05|fa0001|344401af83[payload->]..||33,711
2025-08-01T02:05:03.702 0100|01|00|18|e601fe|34440102c81024a00084ffffffffffffffffffffffff7415[payload->]...$...............t.||5,492
2025-08-01T02:35:02.215 0100|00|00|05|fa0001|344401af83[payload->]..||33,711
2025-08-01T02:35:02.317 0100|01|00|18|e601fe|34440102c81024a00084ffffffffffffffffffffffff7415[payload->]...$...............t.||5,492
2025-08-01T03:05:02.395 0100|00|00|05|fa0001|344401af83[payload->]..||33,711
2025-08-01T03:05:02.496 0100|01|00|18|e601fe|34440102c81024a00084ffffffffffffffffffffffff7415[payload->]...$...............t.||5,492
2025-08-01T03:31:29.194 0100|00|00|05|fa0001|344401af83[payload->]..||33,711
2025-08-01T03:35:03.291 0100|00|00|05|fa0001|344401af83[payload->]..||33,711
2025-08-01T03:35:03.492 0100|01|00|18|e601fe|34440102c81024a00084ffffffffffffffffffffffff7415[payload->]...$...............t.||5,492
2025-08-01T04:05:05.485 0100|00|00|05|fa0001|344401af83[payload->]..||33,711
2025-08-01T04:35:04.415 0100|00|00|05|fa0001|344401af83[payload->]..||33,711
2025-08-01T04:35:04.617 0100|01|00|18|e601fe|34440102c81024a00084ffffffffffffffffffffffff7415[payload->]...$...............t.||5,492
2025-08-01T05:05:04.413 0100|00|00|05|fa0001|344401af83[payload->]..||33,711
2025-08-01T05:05:04.615 0100|01|00|18|e601fe|34440102c81024a00084ffffffffffffffffffffffff7415[payload->]...$...............t.||5,492
2025-08-01T05:35:04.497 0100|00|00|05|fa0001|344401af83[payload->]..||33,711
2025-08-01T05:35:04.598 0100|01|00|18|e601fe|34440102c81024a00084ffffffffffffffffffffffff7415[payload->]...$...............t.||5,492
2025-08-01T06:05:04.557 0100|00|00|05|fa0001|344401af83[payload->]..||33,711
2025-08-01T06:05:04.658 0100|01|00|18|e601fe|34440102c81024a00084ffffffffffffffffffffffff7415[payload->]...$...............t.||5,492
2025-08-01T06:35:04.485 0100|00|00|05|fa0001|344401af83[payload->]..||33,711
2025-08-01T06:35:04.586 0100|01|00|18|e601fe|34440102c81024a00084ffffffffffffffffffffffff7415[payload->]...$...............t.||5,492
2025-08-01T07:05:04.501 0100|00|00|05|fa0001|344401af83[payload->]..||33,711
2025-08-01T07:05:04.603 0100|01|00|18|e601fe|34440102c81024a00084ffffffffffffffffffffffff7415[payload->]...$...............t.||5,492
2025-08-01T07:35:06.367 0100|00|00|05|fa0001|344401af83[payload->]..||33,711
2025-08-01T07:35:06.468 0100|01|00|18|e601fe|34440102c81024a00084ffffffffffffffffffffffff7415[payload->]...$...............t.||5,492
2025-08-01T08:35:06.355 0100|00|00|05|fa0001|344401af83[payload->]..||33,711
2025-08-01T08:35:06.456 0100|01|00|18|e601fe|34440102c81024a00084ffffffffffffffffffffffff7415[payload->]...$...............t.||5,492
2025-08-01T09:05:06.302 0100|00|00|05|fa0001|344401af83[payload->]..||33,711
2025-08-01T09:05:06.403 0100|01|00|18|e601fe|34440102c81024a00084ffffffffffffffffffffffff7415[payload->]...$...............t.||5,492
2025-08-01T09:35:06.362 0100|00|00|05|fa0001|344401af83[payload->]..||33,711
2025-08-01T09:35:06.463 0100|01|00|18|e601fe|34440102c81024a00084ffffffffffffffffffffffff7415[payload->]...$...............t.||5,492
2025-08-01T10:05:06.462 0100|00|00|05|fa0001|344401af83[payload->]..||33,711
2025-08-01T10:05:06.664 0100|01|00|18|e601fe|34440102c81024a00084ffffffffffffffffffffffff7415[payload->]...$...............t.||5,492
2025-08-01T10:35:06.389 0100|00|00|05|fa0001|344401af83[payload->]..||33,711
2025-08-01T10:35:06.490 0100|01|00|18|e601fe|34440102c81024a00084ffffffffffffffffffffffff7415[payload->]...$...............t.||5,492
2025-08-01T11:05:06.488 0100|00|00|05|fa0001|344401af83[payload->]..||33,711
2025-08-01T11:05:06.590 0100|01|00|18|e601fe|34440102c81024a00084ffffffffffffffffffffffff7415[payload->]...$...............t.||5,492
2025-08-01T11:31:31.020 0100|00|00|05|fa0001|344401af83[payload->]..||33,711
2025-08-01T11:31:31.121 0100|01|00|18|e601fe|34440102c81024a00084ffffffffffffffffffffffff7415[payload->]...$...............t.||5,492
2025-08-01T11:35:07.104 0100|00|00|05|fa0001|344401af83[payload->]..||33,711
2025-08-01T11:35:07.205 0100|01|00|18|e601fe|34440102c81024a00084ffffffffffffffffffffffff7415[payload->]...$...............t.||5,492
2025-08-01T12:05:06.463 0100|00|00|05|fa0001|344401af83[payload->]..||33,711
2025-08-01T12:05:06.665 0100|01|00|18|e601fe|34440102c81024a00084ffffffffffffffffffffffff7415[payload->]...$...............t.||5,492
2025-08-01T12:35:07.369 0100|00|00|05|fa0001|344401af83[payload->]..||33,711
2025-08-01T12:35:07.470 0100|01|00|18|e601fe|34440102c81024a00084ffffffffffffffffffffffff7415[payload->]...$...............t.||5,492
2025-08-01T13:05:08.361 0100|00|00|05|fa0001|344401af83[payload->]..||33,711
2025-08-01T13:05:08.864 0100|01|00|18|e601fe|34440102c81024a00084ffffffffffffffffffffffff7415[payload->]...$...............t.||5,492
2025-08-01T13:35:10.448 0100|00|00|05|fa0001|344401af83[payload->]..||33,711
2025-08-01T13:35:10.550 0100|01|00|18|e601fe|34440102c81024a00084ffffffffffffffffffffffff7415[payload->]...$...............t.||5,492
2025-08-01T14:35:11.511 0100|00|00|05|fa0001|344401af83[payload->]..||33,711
2025-08-01T14:35:11.612 0100|01|00|18|e601fe|34440102c81024a00084ffffffffffffffffffffffff7415[payload->]...$...............t.||5,492
2025-08-01T15:05:11.458 0100|00|00|05|fa0001|344401af83[payload->]..||33,711
2025-08-01T15:05:11.559 0100|01|00|18|e601fe|34440102c81024a00084ffffffffffffffffffffffff7415[payload->]...$...............t.||5,492
2025-08-01T15:31:29.277 0100|00|00|05|fa0001|344401af83[payload->]..||33,711
2025-08-01T15:31:29.378 0100|01|00|18|e601fe|34440102c81024a00084ffffffffffffffffffffffff7415[payload->]...$...............t.||5,492
2025-08-01T15:35:12.333 0100|00|00|05|fa0001|344401af83[payload->]..||33,711
2025-08-01T15:35:12.434 0100|01|00|18|e601fe|34440102c81024a00084ffffffffffffffffffffffff7415[payload->]...$...............t.||5,492
2025-08-01T16:05:12.358 0100|00|00|05|fa0001|344401af83[payload->]..||33,711
2025-08-01T16:05:12.459 0100|01|00|18|e601fe|34440102c81024a00084ffffffffffffffffffffffff7415[payload->]...$...............t.||5,492
2025-08-01T16:31:29.060 0100|00|00|05|fa0001|344401af83[payload->]..||33,711
2025-08-01T16:31:29.261 0100|01|00|18|e601fe|34440102c81024a00084ffffffffffffffffffffffff7415[payload->]...$...............t.||5,492
2025-08-01T16:35:12.974 0100|00|00|05|fa0001|344401af83[payload->]..||33,711
2025-08-01T16:35:13.076 0100|01|00|18|e601fe|34440102c81024a00084ffffffffffffffffffffffff7415[payload->]...$...............t.||5,492
2025-08-01T17:05:12.294 0100|00|00|05|fa0001|344401af83[payload->]..||33,711
2025-08-01T17:05:12.395 0100|01|00|18|e601fe|34440102c81024a00084ffffffffffffffffffffffff7415[payload->]...$...............t.||5,492
2025-08-01T17:31:29.009 0100|00|00|05|fa0001|344401af83[payload->]..||33,711
2025-08-01T17:31:29.110 0100|01|00|18|e601fe|34440102c81024a00084ffffffffffffffffffffffff7415[payload->]...$...............t.||5,492
2025-08-01T17:35:12.447 0100|00|00|05|fa0001|344401af83[payload->]..||33,711
2025-08-01T17:35:12.648 0100|01|00|18|e601fe|34440102c81024a00084ffffffffffffffffffffffff7415[payload->]...$...............t.||5,492
2025-08-01T18:05:12.260 0100|00|00|05|fa0001|344401af83[payload->]..||33,711
2025-08-01T18:05:12.461 0100|01|00|18|e601fe|34440102c81024a00084ffffffffffffffffffffffff7415[payload->]...$...............t.||5,492
2025-08-01T18:35:12.327 0100|00|00|05|fa0001|344401af83[payload->]..||33,711
2025-08-01T18:35:12.429 0100|01|00|18|e601fe|34440102c81024a00084ffffffffffffffffffffffff7415[payload->]...$...............t.||5,492
2025-08-01T19:05:12.303 0100|00|00|05|fa0001|344401af83[payload->]..||33,711
2025-08-01T19:05:12.404 0100|01|00|18|e601fe|34440102c81024a00084ffffffffffffffffffffffff7415[payload->]...$...............t.||5,492
2025-08-01T19:35:13.363 0100|00|00|05|fa0001|344401af83[payload->]..||33,711
2025-08-01T19:35:13.464 0100|01|00|18|e601fe|34440102c81024a00084ffffffffffffffffffffffff7415[payload->]...$...............t.||5,492
2025-08-01T20:05:14.537 0100|00|00|05|fa0001|344401af83[payload->]..||33,711
2025-08-01T20:05:14.739 0100|01|00|18|e601fe|34440102c81024a00084ffffffffffffffffffffffff7415[payload->]...$...............t.||5,492
2025-08-01T20:31:29.310 0100|00|00|05|fa0001|344401af83[payload->]..||33,711
2025-08-01T20:35:15.331 0100|00|00|05|fa0001|344401af83[payload->]..||33,711
2025-08-01T20:35:15.533 0100|01|00|18|e601fe|34440102c81024a00084ffffffffffffffffffffffff7415[payload->]...$...............t.||5,492
2025-08-01T21:05:15.540 0100|00|00|05|fa0001|344401af83[payload->]..||33,711
2025-08-01T21:05:15.742 0100|01|00|18|e601fe|34440102c81024a00084fffffffffbffffffffffffff7415[payload->]...$...............t.||5,492
2025-08-01T21:35:15.138 0100|00|00|05|fa0001|344401af83[payload->]..||33,711
2025-08-01T21:35:15.340 0100|01|00|18|e601fe|34440102c81024a00084ffffffffffffffffffffffff7415[payload->]...$...............t.||5,492
2025-08-01T22:05:16.314 0100|00|00|05|fa0001|344401af83[payload->]..||33,711
2025-08-01T22:05:16.516 0100|01|00|18|e601fe|34440102c81024a00084ffffffffffffffffffffffff7415[payload->]...$...............t.||5,492
2025-08-01T22:35:16.348 0100|00|00|05|fa0001|344401af83[payload->]..||33,711
2025-08-01T23:05:16.344 0100|00|00|05|fa0001|344401af83[payload->]..||33,711
2025-08-01T23:05:16.445 0100|01|00|18|e601fe|34440102c81024a00084bfffffffffffffffffffffff7415[payload->]...$...............t.||5,492
2025-08-01T23:35:16.335 0100|00|00|05|fa0001|344401af83[payload->]..||33,711
2025-08-01T23:35:16.537 0100|01|00|18|e601fe|34440102c81024a00084ffffffffffffffffffffffff7415[payload->]...$...............t.||5,492
2025-08-02T00:05:16.357 0100|00|00|05|fa0001|344401af83[payload->]..||33,711
2025-08-02T00:05:16.458 0100|01|00|18|e601fe|34440102c81024a00084fffffffffffffdffffffffff7415[payload->]...$...............t.||5,492
2025-08-02T00:31:30.467 0100|00|00|05|fa0001|344401af83[payload->]..||33,711
2025-08-02T00:31:30.569 0100|01|00|18|e601fe|34440102c81024a00084ffffffffffffffffffffffff7415[payload->]...$...............t.||5,492
2025-08-02T00:35:16.338 0100|00|00|05|fa0001|344401af83[payload->]..||33,711
2025-08-02T00:35:16.439 0100|01|00|18|e601fe|34440102c81024a00084ffffffffffffffffffffffff7415[payload->]...$...............t.||5,492
2025-08-02T01:05:16.287 0100|00|00|05|fa0001|344401af83[payload->]..||33,711
2025-08-02T01:05:16.488 0100|01|00|18|e601fe|34440102c81024a00084ffffffffffffffffffffffff7415[payload->]...$...............t.||5,492
2025-08-02T01:35:16.381 0100|00|00|05|fa0001|344401af83[payload->]..||33,711
2025-08-02T01:35:16.482 0100|01|00|18|e601fe|34440102c81024a00084ffffffffffffffffffffffff7415[payload->]...$...............t.||5,492
2025-08-02T02:05:16.379 0100|00|00|05|fa0001|344401af83[payload->]..||33,711
2025-08-02T02:05:16.480 0100|01|00|18|e601fe|34440102c81024a00084ffffffffffffffffffffffff7415[payload->]...$...............t.||5,492
2025-08-02T02:35:16.982 0100|00|00|05|fa0001|344401af83[payload->]..||33,711
2025-08-02T02:35:17.084 0100|01|00|18|e601fe|34440102c81024a00084ffffffffffffffffffffffff7415[payload->]...$...............t.||5,492
2025-08-02T03:05:16.323 0100|00|00|05|fa0001|344401af83[payload->]..||33,711
2025-08-02T03:05:16.525 0100|01|00|18|e601fe|34440102c81024a00084ffffffffffffffffffffffff7415[payload->]...$...............t.||5,492
2025-08-02T03:31:29.007 0100|01|00|18|e601fe|344401af830100010018e601fe34440102c81024a00084ff[payload->]..........4D....$....||65,412
2025-08-02T03:35:16.485 0100|00|00|05|fa0001|344401af83[payload->]..||33,711
2025-08-02T03:35:16.586 0100|01|00|18|e601fe|34440102c81024a00084ffffffffffffffffffffffff7415[payload->]...$...............t.||5,492
2025-08-02T04:05:16.366 0100|00|00|05|fa0001|344401af83[payload->]..||33,711
2025-08-02T04:05:16.467 0100|01|00|18|e601fe|34440102c81024a00084ffffffffffffffffffffffff7415[payload->]...$...............t.||5,492
2025-08-02T04:35:16.412 0100|00|00|05|fa0001|344401af83[payload->]..||33,711
2025-08-02T04:35:16.513 0100|01|00|18|e601fe|34440102c81024a00084ffffffffffffffffffffffff7415[payload->]...$...............t.||5,492
2025-08-02T05:05:16.380 0100|00|00|05|fa0001|344401af83[payload->]..||33,711
2025-08-02T05:05:16.482 0100|01|00|18|e601fe|34440102c81024a00084ffffffffffffffffffffffff7415[payload->]...$...............t.||5,492
2025-08-02T05:35:16.461 0100|00|00|05|fa0001|344401af83[payload->]..||33,711
2025-08-02T05:35:16.562 0100|01|00|18|e601fe|34440102c81024a00084ffffffffffffffffffffffff7415[payload->]...$...............t.||5,492
2025-08-02T06:05:17.326 0100|00|00|05|fa0001|344401af83[payload->]..||33,711
2025-08-02T06:05:17.427 0100|01|00|18|e601fe|34440102c81024a00084ffffffffffffffffffffffff7415[payload->]...$...............t.||5,492
2025-08-02T06:35:17.321 0100|00|00|05|fa0001|344401af83[payload->]..||33,711
2025-08-02T06:35:17.423 0100|01|00|18|e601fe|34440102c81024a00084ffffffffffffffffffffffff7415[payload->]...$...............t.||5,492
2025-08-02T07:05:17.346 0100|00|00|05|fa0001|344401af83[payload->]..||33,711
2025-08-02T07:05:17.447 0100|01|00|18|e601fe|34440102c81024a00084ffffffffffffffffffffffff7415[payload->]...$...............t.||5,492
2025-08-02T07:35:17.355 0100|00|00|05|fa0001|344401af83[payload->]..||33,711
2025-08-02T07:35:17.456 0100|01|00|18|e601fe|34440102c81024a00084ffffffffffffffffffffffff7415[payload->]...$...............t.||5,492
2025-08-02T08:05:18.232 0100|00|00|05|fa0001|344401af83[payload->]..||33,711
2025-08-02T08:05:18.333 0100|01|00|18|e601fe|34440102c81024a00084ffffffffffffffffffffffff7415[payload->]...$...............t.||5,492
2025-08-02T08:31:29.329 0100|00|00|05|fa0001|344401af83[payload->]..||33,711
2025-08-02T08:31:29.531 0100|01|00|18|e601fe|34440102c81024a00084ffffffffffffffffffffffff7415[payload->]...$...............t.||5,492
2025-08-02T08:35:19.442 0100|00|00|05|fa0001|344401af83[payload->]..||33,711
2025-08-02T08:35:19.543 0100|01|00|18|e601fe|34440102c81024a00084fffffffeffffffffffffffff7415[payload->]...$...............t.||5,492
2025-08-02T09:05:18.181 0100|00|00|05|fa0001|344401af83[payload->]..||33,711
2025-08-02T09:05:19.186 0100|01|00|58|e601fe|34440102c81024a00084ffffffffffffffffffffffff7415ff010000d0012e047875010001d0012d0588890100000005fa0001340a010fb60100010007f743fe360a033c00aeff0100000005fa000110030154f001000100[payload->]...$...............t.........xu.....-...........4..........C.6..<..............T.....||0,001
2025-08-02T09:35:18.223 0100|00|00|05|fa0001|344401af83[payload->]..||33,711
2025-08-02T09:35:18.325 0100|01|00|18|e601fe|34440102c81024a00084fffffffffffffffffffffffb7415[payload->]...$...............t.||5,492
2025-08-02T10:05:19.560 0100|00|00|05|fa0001|344401af83[payload->]..||33,711
2025-08-02T10:05:19.662 0100|01|00|18|e601fe|34440102c81024a00084ffffffffffffffffffffffff7415[payload->]...$...............t.||5,492
2025-08-02T10:31:31.703 0100|01|00|18|e601fe|34440102c81024a00084ffffffffffffffffffffffff7415[payload->]...$...............t.||5,492
2025-08-02T10:35:19.581 0100|00|00|05|fa0001|344401af83[payload->]..||33,711
2025-08-02T10:35:19.683 0100|01|00|18|e601fe|34440102c81024a00084ffffffffffffffffffffffff7415[payload->]...$...............t.||5,492
2025-08-02T11:05:20.701 0100|00|00|05|fa0001|344401af83[payload->]..||33,711
2025-08-02T11:05:20.903 0100|01|00|18|e601fe|34440102c81024a00084ffffffffffffffffffffffff7415[payload->]...$...............t.||5,492
2025-08-02T11:31:29.003 0100|00|00|05|fa0001|344401af83[payload->]..||33,711
2025-08-02T11:31:29.205 0100|01|00|18|e601fe|34440102c81024a00084ffffffffffffffffffffffff7415[payload->]...$...............t.||5,492
2025-08-02T11:35:20.565 0100|00|00|05|fa0001|344401af83[payload->]..||33,711
2025-08-02T11:35:20.767 0100|01|00|18|e601fe|34440102c81024a00084ffffffffffffffffffffffff7415[payload->]...$...............t.||5,492
2025-08-02T12:05:22.434 0100|00|00|05|fa0001|344401af83[payload->]..||33,711
2025-08-02T12:05:22.535 0100|01|00|18|e601fe|34440102c81024a00084ffffffffffffffffffffffff7415[payload->]...$...............t.||5,492
2025-08-02T12:35:23.371 0100|00|00|05|fa0001|344401af83[payload->]..||33,711
2025-08-02T12:35:23.472 0100|01|00|18|e601fe|34440102c81024a00084ffffffffffffffffffffffff7415[payload->]...$...............t.||5,492
2025-08-02T13:05:24.816 0100|00|00|05|fa0001|344401af83[payload->]..||33,711
2025-08-02T13:05:24.917 0100|01|00|18|e601fe|34440102c81024a00084ffffffffffffffffffffffff7415[payload->]...$...............t.||5,492
2025-08-02T13:35:26.543 0100|00|00|05|fa0001|344401af83[payload->]..||33,711
2025-08-02T13:35:26.745 0100|01|00|18|e601fe|34440102c81024a00084ffffffffffffffffffffffff7415[payload->]...$...............t.||5,492
2025-08-02T14:05:26.662 0100|00|00|05|fa0001|344401af83[payload->]..||33,711
2025-08-02T14:05:26.863 0100|01|00|18|e601fe|34440102c81024a00084fffffffffffffffffeffffff7415[payload->]...$...............t.||5,492
2025-08-02T14:35:26.633 0100|00|00|05|fa0001|344401af83[payload->]..||33,711
2025-08-02T14:35:26.734 0100|01|00|18|e601fe|34440102c81024a00084ffffffffffffffffffffffff7415[payload->]...$...............t.||5,492
2025-08-02T15:05:27.247 0100|00|00|05|fa0001|344401af83[payload->]..||33,711
2025-08-02T15:05:27.348 0100|01|00|18|e601fe|34440102c81024a00084ffffffffffffffffffffffff7415[payload->]...$...............t.||5,492
2025-08-02T15:31:29.289 0100|00|00|05|fa0001|344401af83[payload->]..||33,711
2025-08-02T15:31:29.390 0100|01|00|18|e601fe|34440102c81024a0008401e1b90100010006f801fe541d01[payload->]...$..............T..||0,285
2025-08-02T15:35:26.680 0100|00|00|05|fa0001|344401af83[payload->]..||33,711
2025-08-02T15:35:26.781 0100|01|00|18|e601fe|34440102c81024a00084ffffffffffffffffffffffff7415[payload->]...$...............t.||5,492
2025-08-02T16:05:26.597 0100|00|00|05|fa0001|344401af83[payload->]..||33,711
2025-08-02T16:05:26.698 0100|01|00|18|e601fe|34440102c81024a00084ffffffffffffffffffffffff7415[payload->]...$...............t.||5,492
2025-08-02T16:35:26.662 0100|00|00|05|fa0001|344401af83[payload->]..||33,711
2025-08-02T16:35:26.763 0100|01|00|18|e601fe|34440102c81024a00084ffffffffffffffffffffffff7415[payload->]...$...............t.||5,492
2025-08-02T17:05:27.529 0100|00|00|05|fa0001|344401af83[payload->]..||33,711
2025-08-02T17:05:27.630 0100|01|00|18|e601fe|34440102c81024a00084ffffffffffffffffffffffff7415[payload->]...$...............t.||5,492
2025-08-02T17:31:29.126 0100|00|00|05|fa0001|344401af83[payload->]..||33,711
2025-08-02T17:31:29.227 0100|01|00|18|e601fe|34440102c81024a00084ffffffffffffffffffffffff7415[payload->]...$...............t.||5,492
2025-08-02T17:35:26.591 0100|00|00|05|fa0001|344401af83[payload->]..||33,711
2025-08-02T17:35:26.692 0100|01|00|18|e601fe|34440102c81024a00084ffffffffffffffffffffffff7415[payload->]...$...............t.||5,492
2025-08-02T18:05:26.796 0100|00|00|05|fa0001|344401af83[payload->]..||33,711
2025-08-02T18:05:26.897 0100|01|00|18|e601fe|34440102c81024a00084fffffffffffffeffffffffff7415[payload->]...$...............t.||5,492
2025-08-02T18:35:26.701 0100|00|00|05|fa0001|344401af83[payload->]..||33,711
2025-08-02T18:35:26.903 0100|01|00|18|e601fe|34440102c81024a00084ffffffffffffffffffff7fff7415[payload->]...$...............t.||5,492
2025-08-02T19:05:27.164 0100|00|00|05|fa0001|344401af83[payload->]..||33,711
2025-08-02T19:05:27.266 0100|01|00|18|e601fe|34440102c81024a00084ffffffffffffffffffffffff7415[payload->]...$...............t.||5,492
2025-08-02T19:35:27.301 0100|00|00|05|fa0001|344401af83[payload->]..||33,711
2025-08-02T19:35:27.402 0100|41|02|18|e601fe|34440102c81024a00084ffffffffffffffffffffffff7415[payload->]...$...............t.||5,492
2025-08-02T20:05:28.819 0100|00|00|05|fa0001|344401af83[payload->]..||33,711
2025-08-02T20:05:29.020 0100|01|00|18|e601fe|34440102c81024a00084ffffffffffffffffffffffff7415[payload->]...$...............t.||5,492
2025-08-02T20:35:29.234 0100|00|00|05|fa0001|344401af83[payload->]..||33,711
2025-08-02T20:35:29.335 0100|01|00|18|e601fe|34440102c81024a00084ffffffffffffffffffffffff7415[payload->]...$...............t.||5,492
2025-08-02T21:05:29.422 0100|00|00|05|fa0001|344401af83[payload->]..||33,711
2025-08-02T21:05:29.523 0100|01|00|18|e601fe|34440102c81024a00084ffffffffffffffffffffffff7415[payload->]...$...............t.||5,492
2025-08-02T21:35:29.265 0100|00|00|05|fa0001|344401af83[payload->]..||33,711
2025-08-02T21:35:29.366 0100|01|00|18|e601fe|34440102c81024a00084ffffffffffffffffffffffff7415[payload->]...$...............t.||5,492
2025-08-02T22:05:29.266 0100|00|00|05|fa0001|344401af83[payload->]..||33,711
2025-08-02T22:05:29.367 0100|01|00|18|e601fe|34440102c81024a00084ffffffffffffffffffffffff7415[payload->]...$...............t.||5,492
2025-08-02T22:31:29.858 0100|00|00|05|fa0001|344401af83[payload->]..||33,711
2025-08-02T22:35:29.252 0100|00|00|05|fa0001|344401af83[payload->]..||33,711
2025-08-02T22:35:29.353 0100|01|00|18|e601fe|34440102c81024a00084ffffffffffffffffffffffff7415[payload->]...$...............t.||5,492
2025-08-02T23:05:31.046 0100|00|00|05|fa0001|344401af83[payload->]..||33,711
2025-08-02T23:05:31.147 0100|01|00|18|e601fe|34440102c81024a00084ffffffffffffffffffffffff7415[payload->]...$...............t.||5,492
2025-08-02T23:35:30.454 0100|00|00|05|fa0001|344401af83[payload->]..||33,711
2025-08-02T23:35:30.656 0100|01|00|18|e601fe|34440102c81024a00084ffffffffffffffffffffffff7415[payload->]...$...............t.||5,492
2025-08-03T00:05:30.543 0100|00|00|05|fa0001|344401af83[payload->]..||33,711
2025-08-03T00:05:30.745 0100|01|00|18|e601fe|34440102c81024a00084ffffffffffffffffffffffff7415[payload->]...$...............t.||5,492
2025-08-03T00:31:31.077 0100|00|00|05|fa0001|344401af83[payload->]..||33,711
2025-08-03T00:31:31.178 0100|01|00|18|e601fe|34440102c81024a00084ffffffffffffffffffffffc60100[payload->]...$.................||0,001
2025-08-03T00:35:30.347 0100|00|00|05|fa0001|344401af83[payload->]..||33,711
2025-08-03T00:35:30.549 0100|01|00|18|e601fe|34440102c81024a00084ffffffffffffffffffffffff7415[payload->]...$...............t.||5,492
2025-08-03T01:05:33.372 0100|00|00|05|fa0001|344401af83[payload->]..||33,711
2025-08-03T01:05:33.574 0100|01|00|18|e601fe|34440102c81024a00084ffffffffffffffffffffffff7415[payload->]...$...............t.||5,492
2025-08-03T01:31:30.127 0100|00|00|05|fa0001|344401af83[payload->]..||33,711
2025-08-03T01:31:30.229 0100|01|00|18|e601fe|34440102c81024a00084ffffffffffffffffffffffff7415[payload->]...$...............t.||5,492
2025-08-03T01:35:35.224 0100|00|00|05|fa0001|344401af83[payload->]..||33,711
2025-08-03T01:35:35.426 0100|01|00|18|e601fe|34440102c81024a00084fffbffffffffffffffffffff7415[payload->]...$...............t.||5,492
2025-08-03T02:05:34.205 0100|00|00|05|fa0001|344401af83[payload->]..||33,711
2025-08-03T02:05:34.307 0100|01|00|18|e609fe|34440102c81224a00084feffffffffffffffffffffff7415[payload->]...$...............t.||5,492
2025-08-03T02:31:29.985 0100|00|00|05|fa0001|344401af83[payload->]..||33,711
2025-08-03T02:31:30.187 0100|01|00|18|e601fe|34440102c81024a00084ffffffffffffffffffffffff7415[payload->]...$...............t.||5,492
2025-08-03T02:35:35.659 0100|00|00|05|fa0001|344401af83[payload->]..||33,711
2025-08-03T02:35:35.760 0100|01|00|18|e601fe|34440102c81024a00084ffffffffffffffffffffffff7415[payload->]...$...............t.||5,492
2025-08-03T03:05:35.779 0100|00|00|05|fa0001|344401af83[payload->]..||33,711
2025-08-03T03:05:35.981 0100|01|00|18|e601be|34440102c81024a00084ffffffffffffffffffffffff7415[payload->]...$...............t.||5,492
2025-08-03T03:35:35.650 0100|00|00|05|fa0001|344401af83[payload->]..||33,711
2025-08-03T03:35:35.752 0100|01|00|18|e601fe|34440102c81024a00084ffffffffffffffffffffffff7415[payload->]...$...............t.||5,492
2025-08-03T04:05:35.535 0100|00|00|05|fa0001|344401af83[payload->]..||33,711
2025-08-03T04:05:35.636 0100|01|00|18|e601fe|34440102c81024a00084ffffffffffffffffffffffff7415[payload->]...$...............t.||5,492
2025-08-03T04:35:35.906 0100|00|00|05|fa0001|344401af83[payload->]..||33,711
2025-08-03T04:35:36.108 0100|01|00|18|e601fe|34440102c81024a00084ffffffffffffffffffffffff7415[payload->]...$...............t.||5,492
2025-08-03T05:05:35.507 0100|00|00|05|fa0001|344401af83[payload->]..||33,711
2025-08-03T05:05:35.809 0100|01|00|18|e601fe|34440102c81024a00084ffffffffffffffffffffffff7415[payload->]...$...............t.||5,492
2025-08-03T05:31:30.221 0100|00|00|05|fa0001|344401af83[payload->]..||33,711
2025-08-03T05:31:30.422 0100|01|00|18|e601fe|34440102c81024a00084ffffffffffffffffff06f801fe34[payload->]...$................4||13,566
2025-08-03T05:35:35.536 0100|00|00|05|fa0001|344401af83[payload->]..||33,711
2025-08-03T05:35:35.637 0100|01|00|18|e601fe|34440102c81024a00084ffffffffffffffffffffffff7415[payload->]...$...............t.||5,492
2025-08-03T06:05:35.652 0100|00|00|05|fa0001|344401af83[payload->]..||33,711
2025-08-03T06:05:35.854 0100|01|00|18|e601fe|34440102c81024a00084ffffffffffffffffffffffff7415[payload->]...$...............t.||5,492
2025-08-03T06:35:35.652 0100|00|00|05|fa0001|344401af83[payload->]..||33,711
2025-08-03T06:35:35.854 0100|01|00|18|e601fe|34440102c81024a00084ffffffffffffffffffffffff7415[payload->]...$...............t.||5,492
2025-08-03T07:05:35.747 0100|00|00|05|fa0001|344401af83[payload->]..||33,711
2025-08-03T07:05:35.848 0100|01|00|18|e601fe|34440102c81024a00084ffffffffffffffffffffffff7415[payload->]...$...............t.||5,492
2025-08-03T07:31:30.478 0100|00|00|05|fa0001|344401af83[payload->]..||33,711
2025-08-03T07:31:30.780 0100|01|00|18|e601fe|34440102c81024a00084ffffffffffffffffffffffff7415[payload->]...$...............t.||5,492
2025-08-03T08:05:36.981 0100|00|00|05|fa0001|344401af83[payload->]..||33,711
2025-08-03T08:05:37.184 0100|01|00|18|e601fe|34440102c81024400084ffffffffffffffffffffffff7415[payload->]...$@..............t.||5,492
2025-08-03T08:35:36.891 0100|00|00|05|fa0001|344401af83[payload->]..||33,711
2025-08-03T08:35:37.093 0100|01|00|18|e601fe|34440102c81024a00084ffffffffffffffffffffffff7415[payload->]...$...............t.||5,492
2025-08-03T09:05:37.458 0100|00|00|05|fa0001|344401af83[payload->]..||33,711
2025-08-03T09:05:37.559 0100|01|00|18|e601fe|34440102c81024a00084ffffffffffffffffffffffff7415[payload->]...$...............t.||5,492
2025-08-03T09:35:37.977 0100|00|00|05|fa0001|344401af83[payload->]..||33,711
2025-08-03T09:35:38.078 0100|01|00|18|e601fe|34440102c81024a00084ffffffffffffffffffffffff7415[payload->]...$...............t.||5,492
2025-08-03T10:05:37.204 0100|00|00|05|fa0001|344401af83[payload->]..||33,711
2025-08-03T10:05:37.305 0100|01|00|18|e601fe|34440102c81024a00084ffffffffffffffffffffffff7415[payload->]...$...............t.||5,492
2025-08-03T10:31:29.292 0100|00|00|05|fa0001|344401af83[payload->]..||33,711
2025-08-03T10:31:29.393 0100|01|00|18|e601fe|34440102c81024a00084ffffffffffffffffffffffff7415[payload->]...$...............t.||5,492
2025-08-03T10:35:37.260 0100|01|00|18|e601fe|34440102c81024a00084ffffffffffffffffffffffffa505[payload->]...$.................||1,445
2025-08-03T10:35:37.361 0100|00|00|05|fa0001|344401af83[payload->]..||33,711
2025-08-03T10:35:37.462 0100|01|00|18|e601fe|34440102c81024a00084ffffffffffffffffffffffff7415[payload->]...$...............t.||5,492
2025-08-03T11:05:37.228 0100|00|00|05|fa0001|344401af83[payload->]..||33,711
2025-08-03T11:05:37.329 0100|01|00|18|e601fe|34440102c81024a00084ffffffffffffffffffffffff7415[payload->]...$...............t.||5,492
2025-08-03T11:35:37.201 0100|00|00|05|fa0001|344401af83[payload->]..||33,711
2025-08-03T11:35:37.403 0100|01|00|18|e601fe|34440102c81024a00084ffffffffffffffffffffffff7415[payload->]...$...............t.||5,492
2025-08-03T12:05:38.342 0100|00|00|05|fa0001|344401af83[payload->]..||33,711
2025-08-03T12:05:38.443 0100|01|00|18|e601fe|34440102c81024a00084ffffffffffffffffffffffff7415[payload->]...$...............t.||5,492
2025-08-03T12:31:29.465 0100|00|00|05|fa0001|344401af83[payload->]..||33,711
2025-08-03T12:31:29.566 0100|01|00|18|e601fe|34440102c81024a00084fffffffffffe5401010161070100[payload->]...$.........T...a...||0,001
2025-08-03T12:35:38.292 0100|00|00|05|fa0001|344401af83[payload->]..||33,711
2025-08-03T12:35:38.494 0100|01|00|18|e601fe|34440102c81024a00084ffffffffffffffffffffffff7415[payload->]...$...............t.||5,492
2025-08-03T13:05:38.326 0100|00|00|05|fa0001|344401af83[payload->]..||33,711
2025-08-03T13:05:38.427 0100|01|00|18|e601fe|34440102c81024a00084ffffffffffffffffffffffff7415[payload->]...$...............t.||5,492
2025-08-03T13:31:30.185 0100|00|00|05|fa0001|344401af83[payload->]..||33,711
2025-08-03T13:31:30.286 0100|01|00|18|e601fe|34440102c81024a00084ffffffffffffffffffffffff7415[payload->]...$...............t.||5,492
2025-08-03T13:35:38.356 0100|00|00|05|fa0001|344401af83[payload->]..||33,711
2025-08-03T13:35:38.457 0100|01|00|18|e601fe|34440102c81024a00084ffffffffffffffffffffffff7415[payload->]...$...............t.||5,492
2025-08-03T14:05:38.443 0100|00|00|05|fa0001|344401af83[payload->]..||33,711
2025-08-03T14:05:38.545 0100|01|00|18|e601fe|34440102c81024a00084ffffffffffffffffffffffff7415[payload->]...$...............t.||5,492
2025-08-03T14:35:38.312 0100|00|00|05|fa0001|344401af83[payload->]..||33,711
2025-08-03T14:35:38.413 0100|01|00|18|e601fe|34440102c81024a00084ffffffffffffffffffffffff7415[payload->]...$...............t.||5,492
2025-08-03T15:05:38.387 0100|00|00|05|fa0001|344401af83[payload->]..||33,711
2025-08-03T15:05:38.488 0100|01|00|18|e601fe|34440102c81024a00084ffffffffffffffffffffffff7415[payload->]...$...............t.||5,492
2025-08-03T15:31:29.351 0100|00|00|05|fa0001|344401af83[payload->]..||33,711
2025-08-03T15:31:29.452 0100|01|00|18|e601fe|34440102c81024a00084ffffffffffffffffffffffff7415[payload->]...$...............t.||5,492
2025-08-03T15:35:38.317 0100|00|00|05|fa0001|344401af83[payload->]..||33,711
2025-08-03T15:35:38.418 0100|01|00|18|e601fe|34440102c81024a00084ffffffffffffffffffffffff7415[payload->]...$...............t.||5,492
2025-08-03T16:05:38.420 0100|01|00|18|e601fe|34440102c81024a00084ffffffffffffffffffffffff7415[payload->]...$...............t.||5,492
2025-08-03T16:31:29.696 0100|00|00|05|fa0001|344401af83[payload->]..||33,711
2025-08-03T16:31:29.797 0100|01|00|18|e601fe|34440102c81024a00084ffffffffffffffffffffffff7415[payload->]...$...............t.||5,492
2025-08-03T16:35:40.552 0100|00|00|05|fa0001|344401af83[payload->]..||33,711
2025-08-03T16:35:40.754 0100|01|00|18|e601fe|34440102c81024a00084ffffffffffffffffffffffff7415[payload->]...$...............t.||5,492
2025-08-03T17:05:40.692 0100|00|00|05|fa0001|344401af83[payload->]..||33,711
2025-08-03T17:05:40.792 0100|01|00|18|e601fe|34440102c81024a00084ffffffffffffffffffffffff7415[payload->]...$...............t.||5,492
2025-08-03T17:35:40.655 0100|00|00|05|fa0001|344401af83[payload->]..||33,711
2025-08-03T17:35:40.756 0100|01|00|18|e601fe|34440102c81024a00084ffffffffffffffffffffffff7415[payload->]...$...............t.||5,492
2025-08-03T18:05:41.648 0100|00|00|05|fa0001|344401af83[payload->]..||33,711
2025-08-03T18:05:41.750 0100|01|00|18|e601fe|34440102c81024a00084ffffffffffffffffffffffff7415[payload->]...$...............t.||5,492
