2025-07-31T09:13:47.552 0100|01|00|06|f801fe|540d0101a7c6[payload->]...||50,855
2025-07-31T10:31:38.600 0100|01|00|06|f801fe|540d0101a7c6[payload->]...||50,855
2025-07-31T15:49:31.035 0100|01|00|06|f801fe|540d0101a7c6[payload->]...||50,855
2025-07-31T16:21:00.998 0100|01|00|06|f801fe|540d0101a7c6[payload->]...||50,855
2025-07-31T17:43:41.080 0100|01|00|06|f801fe|540d0101a7c6[payload->]...||50,855
2025-07-31T19:23:33.096 0100|01|00|06|f801fe|540d0101a7c6[payload->]...||50,855
2025-07-31T19:36:23.029 0100|01|00|06|f801fe|540d0101a7c6[payload->]...||50,855
2025-07-31T20:57:13.054 0100|01|00|06|f801fe|540d0101a7c6[payload->]...||50,855
2025-08-01T00:35:34.126 0100|01|00|06|f801fe|540d0101a7c6[payload->]...||50,855
2025-08-01T07:57:35.210 0100|01|00|06|f801fe|540d0101a7c6[payload->]...||50,855
2025-08-01T09:58:35.205 0100|01|00|06|f801fe|540d0101a7c6[payload->]...||50,855
2025-08-01T13:03:56.574 0100|00|00|05|fa0001|540d01e1b9[payload->]..||47,585
2025-08-01T14:48:17.047 0100|01|00|06|f801fe|540d0101a7c6[payload->]...||50,855
2025-08-01T18:43:17.029 0100|01|00|06|f801fe|540d0101a7c6[payload->]...||50,855
2025-08-01T19:33:48.044 0100|01|00|06|f801fe|540d0101a7c6[payload->]...||50,855
2025-08-01T20:09:50.038 0100|01|00|06|f801fe|540d0101a7c6[payload->]...||50,855
2025-08-02T01:26:31.052 0100|01|00|06|f801fe|540d0101a7c6[payload->]...||50,855
2025-08-02T16:09:13.165 0100|01|00|06|f801fe|540d0101a7c6[payload->]...||50,855
2025-08-03T03:50:17.161 0100|01|00|06|f801fe|540d0101a7c6[payload->]...||50,855
2025-08-03T08:47:59.074 0100|01|00|06|f801fe|540d0101a7c6[payload->]...||50,855
