2025-07-30T20:35:00.706 0100|00|00|05|fa0001|3440016f81[payload->]o.||33,135
2025-07-30T20:35:00.808 0100|01|00|18|e601fe|34400102c81024a00084fffffffffffffffffffffffff050[payload->]...$................P||20,720
2025-07-30T21:05:01.231 0100|00|00|05|fa0001|3440016f81[payload->]o.||33,135
2025-07-30T21:05:01.332 0100|01|00|18|e601fe|34400102c81024a00084fffffffffffffffffffffffff050[payload->]...$................P||20,720
2025-07-30T21:35:01.549 0100|00|00|05|fa0001|3440016f81[payload->]o.||33,135
2025-07-30T21:35:01.852 0100|01|00|18|e601fe|34400102c81024a00084fffffffffffffffffffffffff050[payload->]...$................P||20,720
2025-07-30T22:05:02.082 0100|00|00|05|fa0001|3440016f81[payload->]o.||33,135
2025-07-30T22:05:02.284 0100|01|00|18|e601fe|34400102c81024a00084fffffffffffffffffffffffff050[payload->]...$................P||20,720
2025-07-30T22:31:29.662 0100|00|00|05|fa0001|3440016f81[payload->]o.||33,135
2025-07-30T22:35:01.254 0100|00|00|05|fa0001|3440016f81[payload->]o.||33,135
2025-07-30T22:35:01.355 0100|01|00|18|e601fe|34400102c81024a00084fffffffffffffffffffffffff050[payload->]...$................P||20,720
2025-07-30T23:05:01.267 0100|00|00|05|fa0001|3440016f81[payload->]o.||33,135
2025-07-30T23:05:01.468 0100|01|00|18|e601fe|34400102c81024a00084fffffffffffffffffffffffff050[payload->]...$................P||20,720
2025-07-30T23:35:01.335 0100|00|00|05|fa0001|3440016f81[payload->]o.||33,135
2025-07-30T23:35:01.537 0100|01|00|18|e601fe|34400102c81024a00084fffffffffffffffffffffffff050[payload->]...$................P||20,720
2025-07-31T00:05:01.345 0100|00|00|05|fa0001|3440016f81[payload->]o.||33,135
2025-07-31T00:05:01.547 0100|01|00|18|e601fe|34400102c81024a00084fffffffffffffffffffffffff050[payload->]...$................P||20,720
2025-07-31T00:31:29.352 0100|00|00|05|fa0001|3440016f81[payload->]o.||33,135
2025-07-31T00:31:29.453 0100|01|00|18|e201fe|34400102c81024a00084ffffffffffffffffffffffffffff[payload->]...$.................||65,535
2025-07-31T00:35:02.454 0100|00|00|05|fa0001|3440016f81[payload->]o.||33,135
2025-07-31T00:35:02.756 0100|01|00|18|e601fe|34400102c81024a00084fffffffffffffffffffffffff050[payload->]...$................P||20,720
2025-07-31T01:05:01.275 0100|00|00|05|fa0001|3440016f81[payload->]o.||33,135
2025-07-31T01:05:01.376 0100|01|00|18|e601fe|34400102c81024a00084fffffffffffffffffffffffff050[payload->]...$................P||20,720
2025-07-31T01:35:01.246 0100|00|00|05|fa0001|3440016f81[payload->]o.||33,135
2025-07-31T01:35:01.347 0100|01|00|18|e601fe|34400102c81024a00084fffffffffffffffffffffffff050[payload->]...$................P||20,720
2025-07-31T02:05:01.220 0100|00|00|05|fa0001|3440016f81[payload->]o.||33,135
2025-07-31T02:05:01.422 0100|01|00|18|e601fe|34400102c81024a00084fffffffffffffffffffffffff050[payload->]...$................P||20,720
2025-07-31T02:31:29.759 0100|00|00|05|fa0001|3440016f81[payload->]o.||33,135
2025-07-31T02:31:29.860 0100|01|00|18|e601fe|34400102c81024a00084ffffffff0007f701fe346c010000[payload->]...$............4l...||0,000
2025-07-31T02:35:02.761 0100|00|00|05|fa0001|3440016f81[payload->]o.||33,135
2025-07-31T02:35:02.863 0100|01|00|18|e601fe|34400102c81024a00084fffffffffffffffffffffffff050[payload->]...$................P||20,720
2025-07-31T03:05:03.114 0100|00|00|05|fa0001|3440016f81[payload->]o.||33,135
2025-07-31T03:05:03.114 0100|01|00|18|e601fe|34400102c81024a00084fffffffffffffffffffffffff050[payload->]...$................P||20,720
2025-07-31T03:31:29.493 0100|00|00|05|fa0001|3440016f81[payload->]o.||33,135
2025-07-31T03:31:29.595 0100|01|00|18|e601fe|34400102c81024a00084fffffffffffffffffffffffff050[payload->]...$................P||20,720
2025-07-31T03:35:02.861 0100|00|00|05|fa0001|3440016f81[payload->]o.||33,135
2025-07-31T03:35:03.063 0100|01|00|18|e601fe|34400102c81024a00084fffffffffffffffffffffffff050[payload->]...$................P||20,720
2025-07-31T04:05:02.746 0100|00|00|05|fa0001|3440016f81[payload->]o.||33,135
2025-07-31T04:05:02.847 0100|01|00|18|e601fe|34400102c81024a00084fffffffffffffffffffffffff050[payload->]...$................P||20,720
2025-07-31T04:35:02.777 0100|00|00|05|fa0001|3440016f81[payload->]o.||33,135
2025-07-31T04:35:02.878 0100|01|00|18|e601fe|34400102c81024a00084fffffffffffffffffffffffff050[payload->]...$................P||20,720
2025-07-31T05:05:05.069 0100|00|00|05|fa0001|3440016f81[payload->]o.||33,135
2025-07-31T05:05:05.271 0100|01|00|18|e601fe|34400102c81024a00084fffffffffffffffffffffffff050[payload->]...$................P||20,720
2025-07-31T05:31:29.420 0100|00|00|05|fa0001|3440016f81[payload->]o.||33,135
2025-07-31T05:31:29.521 0100|01|00|18|e601fe|34400102c81024a00084fffffffffffffffffffffffff050[payload->]...$................P||20,720
2025-07-31T05:35:05.195 0100|00|00|05|fa0001|3440016f81[payload->]o.||33,135
2025-07-31T05:35:05.296 0100|01|00|18|e601fe|34400102c81024a00084fffffffffffffffffffffffff050[payload->]...$................P||20,720
2025-07-31T06:05:05.197 0100|00|00|05|fa0001|3440016f81[payload->]o.||33,135
2025-07-31T06:05:05.299 0100|01|00|18|e601fe|34400102c81024a00084fffffffffffffffffffffffff050[payload->]...$................P||20,720
2025-07-31T06:31:28.833 0100|00|00|05|fa0001|3440016f81[payload->]o.||33,135
2025-07-31T06:35:06.973 0100|00|00|05|fa0001|3440016f81[payload->]o.||33,135
2025-07-31T06:35:07.074 0100|01|00|18|e601fe|34400102c81024a00084fffffffffffffffffffffffff050[payload->]...$................P||20,720
2025-07-31T07:05:06.959 0100|00|00|05|fa0001|3440016f81[payload->]o.||33,135
2025-07-31T07:05:07.161 0100|01|00|18|e601fe|34400102c81024a00084fffffffffffffffffffffffff050[payload->]...$................P||20,720
2025-07-31T07:31:30.193 0100|00|00|05|fa0001|3440016f81[payload->]o.||33,135
2025-07-31T07:31:30.395 0100|01|00|18|e601fe|34400102c81024a00084fffffffffffffffffffffffff050[payload->]...$................P||20,720
2025-07-31T07:35:07.114 0100|00|00|05|fa0001|3440016f81[payload->]o.||33,135
2025-07-31T07:35:07.215 0100|01|00|18|e601fe|34400102c81024a00084fffffffffffffffffffffffff050[payload->]...$................P||20,720
2025-07-31T08:31:28.776 0100|00|00|05|fa0001|3440016f81[payload->]o.||33,135
2025-07-31T08:31:28.978 0100|01|00|18|e601fe|34400102c81024a00084ffffffffff0005fa00013443019f[payload->]...$.............4C..||40,705
2025-07-31T08:35:07.316 0100|00|00|05|fa0001|3440016f81[payload->]o.||33,135
2025-07-31T08:35:07.417 0100|01|00|18|e601fe|34400102c81024a00084fffffffffffffffffffffffff050[payload->]...$................P||20,720
2025-07-31T09:05:06.946 0100|00|00|05|fa0001|3440016f81[payload->]o.||33,135
2025-07-31T09:05:07.047 0100|01|00|18|e601fe|34400102c81024a00084fffffffffffffffffffffffff050[payload->]...$................P||20,720
2025-07-31T09:35:06.897 0100|00|00|05|fa0001|3440016f81[payload->]o.||33,135
2025-07-31T09:35:06.997 0100|01|00|18|e601fe|34400102c81024a00084ffffffffffffff7ffffffffff050[payload->]...$................P||20,720
2025-07-31T10:05:07.226 0100|00|00|05|fa0001|3440016f81[payload->]o.||33,135
2025-07-31T10:05:07.428 0100|01|00|18|e601fe|34400102c81024a00084fffffffffffffffffffffffff050[payload->]...$................P||20,720
2025-07-31T10:35:08.644 0100|00|00|05|fa0001|3440016f81[payload->]o.||33,135
2025-07-31T10:35:08.846 0100|01|00|18|e601fe|34400102c81024a00084fffffffffffffffffffffffff050[payload->]...$................P||20,720
2025-07-31T11:05:08.592 0100|00|00|05|fa0001|3440016f81[payload->]o.||33,135
2025-07-31T11:05:08.794 0100|01|00|18|e601fe|34400102c81024a00084fffffffffffffffffffffffff050[payload->]...$................P||20,720
2025-07-31T11:31:28.925 0100|00|00|05|fa0001|3440016f81[payload->]o.||33,135
2025-07-31T11:31:29.127 0100|01|00|18|e601fe|34400102c81024a00084fffffffffffffffffffffffff050[payload->]...$................P||20,720
2025-07-31T11:35:08.590 0100|00|00|05|fa0001|3440016f81[payload->]o.||33,135
2025-07-31T11:35:08.792 0100|01|00|18|e601fe|34400102c81024a00084fffffffffffffffffffffffff050[payload->]...$................P||20,720
2025-07-31T12:05:10.274 0100|00|00|05|fa0001|3440016f81[payload->]o.||33,135
2025-07-31T12:05:10.375 0100|01|00|18|e601fe|34400102c81024a00084fffffffffffffffffffffffff050[payload->]...$................P||20,720
2025-07-31T12:35:10.019 0100|00|00|05|fa0001|3440016f81[payload->]o.||33,135
2025-07-31T12:35:10.221 0100|01|00|18|e601fe|34400102c81024a00084fffffffffffffffffffffffff050[payload->]...$................P||20,720
2025-07-31T13:35:11.452 0100|00|00|05|fa0001|3440016f81[payload->]o.||33,135
2025-07-31T13:35:11.654 0100|01|00|18|e601fe|34400102c81024a00084fffffffffffffffffffffffff050[payload->]...$................P||20,720
2025-07-31T14:05:11.529 0100|00|00|05|fa0001|3440016f81[payload->]o.||33,135
2025-07-31T14:05:11.630 0100|01|00|18|e601fe|34400102c81024a00084fffffffffffffffffffffffff050[payload->]...$................P||20,720
2025-07-31T14:31:28.773 0100|00|00|05|fa0001|3440016f81[payload->]o.||33,135
2025-07-31T14:31:28.875 0100|01|00|18|e601fe|34400102c81024a00084fffffffffffffffffffffffff050[payload->]...$................P||20,720
2025-07-31T14:35:12.530 0100|00|00|05|fa0001|3440016f81[payload->]o.||33,135
2025-07-31T14:35:12.732 0100|01|00|18|e601fe|34400102c81024a00084fffffffffffffffffffffffff050[payload->]...$................P||20,720
2025-07-31T15:05:12.485 0100|00|00|05|fa0001|3440016f81[payload->]o.||33,135
2025-07-31T15:05:12.687 0100|01|00|18|e601fe|34400102c81024a00084fffffffffffffffffffffffff050[payload->]...$................P||20,720
2025-07-31T15:31:29.187 0100|00|00|05|fa0001|344001a505[payload->]..||1,445
2025-07-31T15:35:16.752 0100|00|00|05|fa0001|3440016f81[payload->]o.||33,135
2025-07-31T15:35:16.854 0100|01|00|18|e601fe|34400102c81024a00084fffffffffffffffffffffffff050[payload->]...$................P||20,720
2025-07-31T16:05:15.997 0100|00|00|05|fa0001|3440016f81[payload->]o.||33,135
2025-07-31T16:05:16.099 0100|01|00|18|e601fe|34400102c81024a00084fffffffffffffffffffffffff050[payload->]...$................P||20,720
2025-07-31T16:31:28.857 0100|00|00|05|fa0001|3440016f81[payload->]o.||33,135
2025-07-31T16:31:28.959 0100|01|00|18|e601fe|34400102c81024a00084fffffffffffffffffffffffff050[payload->]...$................P||20,720
2025-07-31T16:35:16.127 0100|00|00|05|fa0001|3440016f81[payload->]o.||33,135
2025-07-31T16:35:16.329 0100|01|00|18|e601fe|34400102c81024a00084fffffffffffffffffffffffff050[payload->]...$................P||20,720
2025-07-31T17:05:16.785 0100|00|00|05|fa0001|3440016f81[payload->]o.||33,135
2025-07-31T17:05:16.887 0100|01|00|18|e601fe|34400102c81024a00084fffffffffffffffffffffffff050[payload->]...$................P||20,720
2025-07-31T17:35:16.779 0100|00|00|05|fa0001|3440016f81[payload->]o.||33,135
2025-07-31T17:35:16.881 0100|01|00|18|e601fe|34400102c81024a00084fffffffffffffffffffffffff050[payload->]...$................P||20,720
2025-07-31T18:05:17.051 0100|01|00|18|e601fe|34400102c81024a00084fffffffffffffffffffffffff050[payload->]...$................P||20,720
2025-07-31T18:35:17.870 0100|00|00|05|fa0001|3440016f81[payload->]o.||33,135
2025-07-31T18:35:18.072 0100|01|00|18|e601fe|34400102c81024a00084fffffffffffffffffffffffff050[payload->]...$................P||20,720
2025-07-31T19:05:18.161 0100|00|00|05|fa0001|3440016f81[payload->]o.||33,135
2025-07-31T19:05:18.262 0100|01|00|18|e601fe|34400102c81024a00084fffffffffffffffffffffffff050[payload->]...$................P||20,720
2025-07-31T19:35:18.207 0100|00|00|05|fa0001|3440016f81[payload->]o.||33,135
2025-07-31T19:35:18.308 0100|01|00|18|e601fe|34400102c81024a00084fffffffffffffffffffffffff050[payload->]...$................P||20,720
2025-07-31T20:05:18.159 0100|00|00|05|fa0001|3440016f81[payload->]o.||33,135
2025-07-31T20:05:18.260 0100|01|00|18|e601fe|34400102c81024a00084fffffffffffffffffffffffff050[payload->]...$................P||20,720
2025-07-31T20:31:29.257 0100|00|00|05|fa0001|3440016f81[payload->]o.||33,135
2025-07-31T20:31:29.358 0100|01|00|18|e601fe|34400102c81024a00084fffffffffffffffffffffffbf050[payload->]...$................P||20,720
2025-07-31T20:35:18.173 0100|00|00|05|fa0001|3440016f81[payload->]o.||33,135
2025-07-31T20:35:18.274 0100|01|00|18|e601fe|34400102c81024a00084fffffffffffffffffffffffff050[payload->]...$................P||20,720
2025-07-31T21:05:18.175 0100|00|00|05|fa0001|3440016f81[payload->]o.||33,135
2025-07-31T21:05:18.276 0100|01|00|18|e601fe|34400102c81024a00084fffffffffffffffffffffffff050[payload->]...$................P||20,720
2025-07-31T21:31:29.178 0100|00|00|05|fa0001|3440016f81[payload->]o.||33,135
2025-07-31T21:31:29.380 0100|01|00|18|e601fe|34400102c81024a00084fffffffffffffffffffffffff050[payload->]...$................P||20,720
2025-07-31T21:35:19.500 0100|00|00|05|fa0001|3440016f81[payload->]o.||33,135
2025-07-31T21:35:19.602 0100|01|00|18|e601fe|34400102c81024a00084fffffffffffffffffffffffff050[payload->]...$................P||20,720
2025-07-31T22:05:20.555 0100|00|00|05|fa0001|3440016f81[payload->]o.||33,135
2025-07-31T22:05:20.756 0100|01|00|18|e601fe|34400102c81024a00084fffffffffffffffffffffffff050[payload->]...$................P||20,720
2025-07-31T22:35:21.051 0100|00|00|05|fa0001|3440016f81[payload->]o.||33,135
2025-07-31T22:35:21.152 0100|01|00|18|e601fe|34400102c81024a00084fffffffffffffffffffffffff050[payload->]...$................P||20,720
2025-07-31T23:05:22.125 0100|00|00|05|fa0001|3440016f81[payload->]o.||33,135
2025-07-31T23:05:22.226 0100|01|00|18|e601fe|34400102c81024a00084fffffffffffffffffffffffff050[payload->]...$................P||20,720
2025-07-31T23:35:22.224 0100|00|00|05|fa0001|3440016f81[payload->]o.||33,135
2025-07-31T23:35:22.325 0100|01|00|18|e601fe|34400102c81024a00084fffffffffffffffffffffffff050[payload->]...$................P||20,720
2025-08-01T00:05:22.297 0100|00|00|05|fa0001|3440016f81[payload->]o.||33,135
2025-08-01T00:05:22.398 0100|01|00|18|e601fe|34400102c81024a00084fffffffffffffffffffffffff050[payload->]...$................P||20,720
2025-08-01T00:35:22.104 0100|00|00|05|fa0001|3440016f81[payload->]o.||33,135
2025-08-01T00:35:22.306 0100|01|00|18|e601fe|34400102c81024a00084fffffffffffffffffffffffff050[payload->]...$................P||20,720
2025-08-01T01:05:22.199 0100|00|00|05|fa0001|3440016f81[payload->]o.||33,135
2025-08-01T01:05:22.300 0100|01|00|18|e601fe|34400102c81024a00084fffffffffffffffffffffffff050[payload->]...$................P||20,720
2025-08-01T01:35:22.126 0100|00|00|05|fa0001|3440016f81[payload->]o.||33,135
2025-08-01T01:35:22.227 0100|01|00|18|e601fe|34400102c81024a00084fffffffffffffffffffffffff050[payload->]...$................P||20,720
2025-08-01T02:05:24.417 0100|00|00|05|fa0001|3440016f81[payload->]o.||33,135
2025-08-01T02:05:24.720 0100|01|00|18|e601fe|34400102c81024a00084fffffffffffffffffffffffff050[payload->]...$................P||20,720
2025-08-01T02:35:24.337 0100|00|00|05|fa0001|3440016f81[payload->]o.||33,135
2025-08-01T02:35:24.538 0100|01|00|18|e601fe|34400102c81024a00084fffffffffffffffffffffffff050[payload->]...$................P||20,720
2025-08-01T03:05:24.410 0100|00|00|05|fa0001|3440016f81[payload->]o.||33,135
2025-08-01T03:05:24.511 0100|01|00|18|e601fe|34400102c81024a00084fffffffffffffffffffffffff050[payload->]...$................P||20,720
2025-08-01T03:35:26.131 0100|00|00|05|fa0001|3440016f81[payload->]o.||33,135
2025-08-01T03:35:26.333 0100|01|00|18|e601fe|34400102c81024a00084fffffffffffffffffffffffff050[payload->]...$................P||20,720
2025-08-01T04:05:26.600 0100|00|00|05|fa0001|3440016f81[payload->]o.||33,135
2025-08-01T04:05:26.801 0100|01|00|18|e601fe|34400102c81024a00084fffffffffffffffffffffffff050[payload->]...$................P||20,720
2025-08-01T04:31:28.567 0100|00|00|05|fa0001|3440016f81[payload->]o.||33,135
2025-08-01T04:31:28.669 0100|01|00|18|e601fe|34400102c81024a00084fffffffffffffffffffffffff050[payload->]...$................P||20,720
2025-08-01T04:35:27.580 0100|00|00|05|fa0001|3440016f81[payload->]o.||33,135
2025-08-01T04:35:27.681 0100|01|00|18|e601fe|34400102c81024a00084fffffffffffffffffffffffff050[payload->]...$................P||20,720
2025-08-01T05:05:26.631 0100|00|00|05|fa0001|3440016f81[payload->]o.||33,135
2025-08-01T05:05:26.732 0100|01|00|18|e601fe|34400102c81024a00084fffffffffffffffffffffffff050[payload->]...$................P||20,720
2025-08-01T05:31:30.139 0100|00|00|05|fa0001|3440016f81[payload->]o.||33,135
2025-08-01T05:31:30.240 0100|01|00|18|e601fe|34400102c81024a00084ffffffbffffffffffffffffff050[payload->]...$................P||20,720
2025-08-01T05:35:26.614 0100|00|00|05|fa0001|3440016f81[payload->]o.||33,135
2025-08-01T05:35:26.815 0100|01|00|18|e601fe|34400102c81024a00084ffffffffffffffffffffffffd050[payload->]...$................P||20,688
2025-08-01T06:35:26.604 0100|00|00|05|fa0001|3440016f81[payload->]o.||33,135
2025-08-01T06:35:26.806 0100|01|00|18|e601fe|34400102c81024a00084fffffffffffffffffffffffff050[payload->]...$................P||20,720
2025-08-01T07:05:27.140 0100|00|00|05|fa0001|3440016f81[payload->]o.||33,135
2025-08-01T07:05:27.241 0100|01|00|18|e601fe|34400102c81024a00084fffffffffffffffffffffffff050[payload->]...$................P||20,720
2025-08-01T07:31:28.682 0100|01|00|18|e601fe|34400102c81024a00084fffffffffffffffffffffffff050[payload->]...$................P||20,720
2025-08-01T07:35:29.282 0100|00|00|05|fa0001|3440016f81[payload->]o.||33,135
2025-08-01T07:35:29.484 0100|01|00|18|e601fe|34400102c81024a00084fffffffffffffffffffffffff050[payload->]...$................P||20,720
2025-08-01T08:05:29.293 0100|00|00|05|fa0001|3440016f81[payload->]o.||33,135
2025-08-01T08:05:29.394 0100|01|00|18|e601fe|34400102c81024a00084fffffffffffffffffffffffff050[payload->]...$................P||20,720
2025-08-01T08:35:29.267 0100|00|00|05|fa0001|3440016f81[payload->]o.||33,135
2025-08-01T08:35:29.368 0100|01|00|18|e601fe|34400102c81024a00084fffffffffffffffffffffffff050[payload->]...$................P||20,720
2025-08-01T09:05:29.115 0100|00|00|05|fa0001|3440016f81[payload->]o.||33,135
2025-08-01T09:35:29.100 0100|00|00|05|fa0001|3440016f81[payload->]o.||33,135
2025-08-01T10:05:29.282 0100|00|00|05|fa0001|3440016f81[payload->]o.||33,135
2025-08-01T10:05:29.584 0100|01|00|18|e601fe|34400102c81024a00084fffffffffffffffffffffffff050[payload->]...$................P||20,720
2025-08-01T10:35:29.124 0100|00|00|05|fa0001|3440016f81[payload->]o.||33,135
2025-08-01T10:35:29.225 0100|01|00|18|e601fe|34400102c81024a00084fffffffffffffffffffffffff050[payload->]...$................P||20,720
2025-08-01T11:05:29.109 0100|00|00|05|fa0001|3440016f81[payload->]o.||33,135
2025-08-01T11:05:29.311 0100|01|00|18|e601fe|34400102c81024a00084fffffffffffffffffffffffff050[payload->]...$................P||20,720
2025-08-01T11:35:29.218 0100|00|00|05|fa0001|3440016f81[payload->]o.||33,135
2025-08-01T11:35:29.419 0100|01|00|18|e601fe|34400102c81024a00084fffffffffffffffffffffffff050[payload->]...$................P||20,720
2025-08-01T12:31:29.440 0100|00|00|05|fa0001|3440016f81[payload->]o.||33,135
2025-08-01T12:31:29.642 0100|01|00|18|e601fe|34400102c81024a00084fffffffffffffffffffffffff050[payload->]...$................P||20,720
2025-08-01T12:35:31.094 0100|00|00|05|fa0001|3440016f81[payload->]o.||33,135
2025-08-01T12:35:31.296 0100|01|00|18|e601fe|34400102c81024a00084fffffffffffffffffffffffff050[payload->]...$................P||20,720
2025-08-01T13:05:32.015 0100|00|00|05|fa0001|3440016f81[payload->]o.||33,135
2025-08-01T13:05:32.217 0100|01|00|18|e601fe|34400102c81024a00084fffffffffffffffffffffffff050[payload->]...$................P||20,720
2025-08-01T13:17:10.003 0100|01|00|06|f801fe|344001007199[payload->].q.||39,281
2025-08-01T13:31:29.580 0100|00|00|05|fa0001|3440016f81[payload->]o.||33,135
2025-08-01T13:31:29.681 0100|01|00|18|e601fe|34400102c81024a00084fffffffffffffffffffffffff050[payload->]...$................P||20,720
2025-08-01T13:35:34.166 0100|00|00|05|fa0001|3440016f81[payload->]o.||33,135
2025-08-01T13:35:34.268 0100|01|00|18|e601fe|34400102c81024a00084fffffffffffffffffffffffff050[payload->]...$................P||20,720
2025-08-01T14:05:34.080 0100|00|00|05|fa0001|3440016f81[payload->]o.||33,135
2025-08-01T14:05:34.282 0100|01|00|18|e601fe|34400102c81024a00084fffffffffffffffffffffffff050[payload->]...$................P||20,720
2025-08-01T14:35:35.235 0100|00|00|05|fa0001|3440016f81[payload->]o.||33,135
2025-08-01T14:35:35.336 0100|01|00|18|e601fe|34400102c81024a00084fffffffffffffffffffffffff050[payload->]...$................P||20,720
2025-08-01T15:05:35.183 0100|00|00|05|fa0001|3440016f81[payload->]o.||33,135
2025-08-01T15:05:35.385 0100|01|00|18|e601fe|34400102c81024a00084fffffffffffffffffffffffff050[payload->]...$................P||20,720
2025-08-01T15:35:36.584 0100|00|00|05|fa0001|3440016f81[payload->]o.||33,135
2025-08-01T15:35:36.685 0100|01|00|18|e601fe|34400102c81024a00084fffffffffffffffffffffffff050[payload->]...$................P||20,720
2025-08-01T16:05:37.134 0100|00|00|05|fa0001|3440016f81[payload->]o.||33,135
2025-08-01T16:05:37.336 0100|01|00|18|e601fe|34400102c81024a00084fffffffffffffffffffffffff050[payload->]...$................P||20,720
2025-08-01T16:35:36.511 0100|00|00|05|fa0001|3440016f81[payload->]o.||33,135
2025-08-01T16:35:36.713 0100|01|00|18|e601fe|34400102c81024a00084fffffefffffffffffffffffff050[payload->]...$................P||20,720
2025-08-01T17:05:36.629 0100|00|00|05|fa0001|3440016f81[payload->]o.||33,135
2025-08-01T17:05:36.730 0100|01|00|18|e601fe|34400102c81024a00084fffffffffffffffffffffffff050[payload->]...$................P||20,720
2025-08-01T17:31:28.806 0100|00|00|05|fa0001|3440016f81[payload->]o.||33,135
2025-08-01T17:31:28.907 0100|01|00|18|e601fe|34400102c81024a00084ffffffffffffffffffffffffffff[payload->]...$.................||65,535
2025-08-01T17:35:36.478 0100|00|00|05|fa0001|3440016f81[payload->]o.||33,135
2025-08-01T17:35:36.680 0100|01|00|18|e601fe|34400102c81024a00084fffffffffffffffffffffffff050[payload->]...$................P||20,720
2025-08-01T18:05:36.508 0100|00|00|05|fa0001|3440016f81[payload->]o.||33,135
2025-08-01T18:05:36.710 0100|01|00|18|e601fe|34400102c81024a00084fffffffffffffffffffffffff050[payload->]...$................P||20,720
2025-08-01T18:31:28.852 0100|00|00|05|fa0001|3440016f81[payload->]o.||33,135
2025-08-01T18:31:28.953 0100|01|00|18|e601fe|34400102c81024a00084fffffffffffffffffffffffff050[payload->]...$................P||20,720
2025-08-01T18:35:36.560 0100|00|00|05|fa0001|3440016f81[payload->]o.||33,135
2025-08-01T18:35:36.661 0100|01|00|18|e601fe|34400102c81024a00084ffffffff7ffffffffffffffff050[payload->]...$................P||20,720
2025-08-01T19:05:36.530 0100|00|00|05|fa0001|3440016f81[payload->]o.||33,135
2025-08-01T19:05:36.732 0100|01|00|18|e601fe|34400102c81024a00084fffffffffffffffffffffffff050[payload->]...$................P||20,720
2025-08-01T19:35:37.012 0100|00|00|05|fa0001|3440016f81[payload->]o.||33,135
2025-08-01T19:35:37.113 0100|01|00|18|e601fe|34400102c81024a00084fffffffffffffffffffffffff050[payload->]...$................P||20,720
2025-08-01T20:05:37.961 0100|00|00|05|fa0001|3440016f81[payload->]o.||33,135
2025-08-01T20:05:38.164 0100|01|00|18|e601fe|34400102c81024a00084fffffffffffffffffffffffff050[payload->]...$................P||20,720
2025-08-01T20:35:39.155 0100|00|00|05|fa0001|3440016f81[payload->]o.||33,135
2025-08-01T20:35:39.256 0100|01|00|18|e601fe|34400102c81024a00084fffffffffffffffffffffffff050[payload->]...$................P||20,720
2025-08-01T21:35:40.272 0100|00|00|05|fa0001|3440016f81[payload->]o.||33,135
2025-08-01T21:35:40.373 0100|01|00|18|e601fe|34400102c81024a00084fffffffffffffffffffffffff050[payload->]...$................P||20,720
2025-08-01T22:05:42.373 0100|00|00|05|fa0001|3440016f81[payload->]o.||33,135
2025-08-01T22:05:42.474 0100|01|00|18|e601fe|34400186c81024a00084fffffffffffffffffffffffff050[payload->]...$................P||20,720
2025-08-01T22:35:42.389 0100|00|00|05|fa0001|3440016f81[payload->]o.||33,135
2025-08-01T22:35:42.592 0100|09|00|18|e601fe|34400102c81024a00084fffffffffffffffffffffffff050[payload->]...$................P||20,720
2025-08-01T23:05:42.312 0100|00|00|05|fa0001|3440016f81[payload->]o.||33,135
2025-08-01T23:05:42.514 0100|01|00|18|e601fe|34400182c81024a00084fffffffffffffffffffffffff050[payload->]...$................P||20,720
2025-08-01T23:31:28.890 0100|00|00|05|fa0001|3440016f81[payload->]o.||33,135
2025-08-01T23:31:29.092 0100|01|00|18|e601fe|34400102c81024a00084fffffffffffffffffffffffff050[payload->]...$................P||20,720
2025-08-01T23:35:42.375 0100|00|00|05|fa0001|3440016f81[payload->]o.||33,135
2025-08-01T23:35:42.477 0100|01|00|18|e601fe|34400102c81024a00084fffffffffffffffffffffffff050[payload->]...$................P||20,720
2025-08-02T00:05:42.408 0100|00|00|05|fa0001|3440016f81[payload->]o.||33,135
2025-08-02T00:05:42.509 0100|01|00|18|e601fe|34400102c81024a00084fffffffffffffffffffffffff050[payload->]...$................P||20,720
2025-08-02T00:35:42.704 0100|00|00|05|fa0001|3440016f81[payload->]o.||33,135
2025-08-02T00:35:42.805 0100|01|88|18|e601fe|34400102c81024a00084fffffffffffffffffffffffff050[payload->]...$................P||20,720
2025-08-02T00:57:50.098 0100|01|00|06|f801fe|344001007199[payload->].q.||39,281
2025-08-02T01:05:42.334 0100|00|00|05|fa0001|3440016f81[payload->]o.||33,135
2025-08-02T01:35:42.335 0100|00|00|05|fa0001|3440016f81[payload->]o.||33,135
2025-08-02T01:35:42.436 0100|01|00|18|e601fe|34400102c81024a00084fffffffffffffffffffffffff050[payload->]...$................P||20,720
2025-08-02T02:35:42.336 0100|00|00|05|fa0001|3440016f81[payload->]o.||33,135
2025-08-02T02:35:42.437 0100|01|00|18|e601fe|34400102c81024a00084fffffffffffffffffffffefff050[payload->]...$................P||20,720
2025-08-02T03:05:43.187 0100|00|00|05|fa0001|3440016f81[payload->]o.||33,135
2025-08-02T03:05:43.389 0100|01|00|18|e601fe|34400102c81024a00084fffffffffffffffffffffffff050[payload->]...$................P||20,720
2025-08-02T03:35:42.368 0100|00|00|05|fa0001|3440016f81[payload->]o.||33,135
2025-08-02T04:05:42.331 0100|00|00|05|fa0001|3440016f81[payload->]o.||33,135
2025-08-02T04:05:42.432 0100|01|00|18|e601fe|34400102c81024a20084fffffffffffffffffffffffff050[payload->]...$................P||20,720
2025-08-02T04:35:42.355 0100|00|00|05|fa0001|3440016f81[payload->]o.||33,135
2025-08-02T04:35:42.456 0100|01|00|18|e601fe|34400102c85024a00084fffffffffffffffffffffffff050[payload->]..P$................P||20,720
2025-08-02T05:05:42.344 0100|00|00|05|fa0001|3440016f81[payload->]o.||33,135
2025-08-02T05:05:42.445 0100|01|00|18|e601fe|34400102c81024a00084fffffffffffffffffffffffff050[payload->]...$................P||20,720
2025-08-02T05:35:42.298 0100|00|00|05|fa0001|3440016f81[payload->]o.||33,135
2025-08-02T06:05:43.157 0100|00|00|05|fa0001|3440016f81[payload->]o.||33,135
2025-08-02T06:05:43.258 0100|01|00|18|e601fe|34400102c81024a00084fffffffffffffffffffffffff050[payload->]...$................P||20,720
2025-08-02T06:35:43.177 0100|00|00|05|fa0001|3440016f81[payload->]o.||33,135
2025-08-02T06:35:43.279 0100|01|00|18|e601fe|34400102c81024a00084fffffffffffffffffffffffff050[payload->]...$................P||20,720
2025-08-02T07:03:20.464 0100|01|00|0b|f301fe|34400100000000000061f7[payload->]......a.||63,329
2025-08-02T07:05:43.183 0100|00|00|05|fa0001|3440016f81[payload->]o.||33,135
2025-08-02T07:05:43.284 0100|01|00|18|e601fe|34400102c81024a00084ffffffffffffffffffffffdff050[payload->]...$................P||20,720
2025-08-02T07:35:43.111 0100|00|00|05|fa0001|3440016f81[payload->]o.||33,135
2025-08-02T07:35:43.313 0100|01|00|18|e601fe|34400102c01024a00084fffffffffffffffffffffffff050[payload->]...$................P||20,720
2025-08-02T08:05:43.968 0100|00|00|05|fa0001|3440016f81[payload->]o.||33,135
2025-08-02T08:31:29.127 0100|00|00|05|fa0001|3440016f81[payload->]o.||33,135
2025-08-02T08:35:43.971 0100|00|00|05|fa0001|3440016f81[payload->]o.||33,135
2025-08-02T09:05:44.309 0100|00|00|05|fa0001|3440016f81[payload->]o.||33,135
2025-08-02T09:16:13.160 0100|01|00|06|f801fe|34400100b208[payload->]...||2,226
2025-08-02T09:35:43.962 0100|00|00|05|fa0001|3440016f81[payload->]o.||33,135
2025-08-02T09:35:44.164 0100|01|00|18|e601fe|34400102c81024a04284fffffffffffffffffffffffff050[payload->]...$.B..............P||20,720
2025-08-02T10:05:45.121 0100|00|00|05|fa0001|3440016f81[payload->]o.||33,135
2025-08-02T10:05:45.222 0100|01|00|18|e601fe|34400102c81024a00084fffffffffffffffffffffffff050[payload->]...$................P||20,720
2025-08-02T10:31:31.197 0100|00|00|05|fa0001|3440016f81[payload->]o.||33,135
2025-08-02T10:31:31.298 0100|01|00|18|e601fe|34400102c81024a00084fffffffffffffffffffffffff050[payload->]...$................P||20,720
2025-08-02T10:35:45.124 0100|00|00|05|fa0001|3440016f81[payload->]o.||33,135
2025-08-02T11:05:46.563 0100|00|00|05|fa0001|3440016f81[payload->]o.||33,135
2025-08-02T11:05:46.665 0100|01|00|18|e601fe|34400102c81024a00084fffffffffffffffffffffffff050[payload->]...$................P||20,720
2025-08-02T12:05:47.973 0100|00|00|05|fa0001|3440016f81[payload->]o.||33,135
2025-08-02T12:05:48.074 0100|01|00|18|e601fe|34400102c81024a00084fffffffffffffffffffffffff050[payload->]...$................P||20,720
2025-08-02T12:31:30.044 0100|00|00|05|fa0001|3440016f81[payload->]o.||33,135
2025-08-02T12:31:30.145 0100|01|00|18|e601fe|34400102c81024a00084fffffffffffffffffffffffff050[payload->]...$................P||20,720
2025-08-02T12:35:49.034 0100|00|00|05|fa0001|3440016f81[payload->]o.||33,135
2025-08-02T12:35:49.135 0100|01|00|18|e601fe|34400102c81024a00084fffffffffffffffffffffffff050[payload->]...$................P||20,720
2025-08-02T13:05:50.259 0100|00|00|05|fa0001|3440016f81[payload->]o.||33,135
2025-08-02T13:05:50.361 0100|01|00|18|e601fe|34400102c81024a00084fffffffffffffffffffffffff050[payload->]...$................P||20,720
2025-08-02T13:35:52.301 0100|00|00|05|fa0001|3440016f81[payload->]o.||33,135
2025-08-02T13:35:52.403 0100|01|00|18|e601fe|34400102c81024a00084fffffffffffffffffffffffff050[payload->]...$................P||20,720
2025-08-02T14:05:52.302 0100|00|00|05|fa0001|3440016f81[payload->]o.||33,135
2025-08-02T14:05:52.403 0100|01|00|18|e601fe|34400102c81024a00084fffffffffffffffffffffffff050[payload->]...$................P||20,720
2025-08-02T14:31:29.013 0100|00|00|05|fa0001|3440016f81[payload->]o.||33,135
2025-08-02T14:31:29.114 0100|01|00|18|e601fe|34400102c81024a00084fffffffffffffffffffffffff050[payload->]...$................P||20,720
2025-08-02T14:35:52.269 0100|00|00|05|fa0001|3440016f81[payload->]o.||33,135
2025-08-02T14:35:52.371 0100|01|00|18|e601fe|34400102c81024a00084fffffffffffffffffffffffff050[payload->]...$................P||20,720
2025-08-02T15:05:52.401 0100|00|00|05|fa0001|3440016f81[payload->]o.||33,135
2025-08-02T15:05:52.502 0100|01|00|18|e601fe|34400102c81024a00084fffffffffffffffffffffffff050[payload->]...$................P||20,720
2025-08-02T15:35:53.369 0100|00|00|05|fa0001|3440016f81[payload->]o.||33,135
2025-08-02T15:35:53.470 0100|01|00|18|e601fe|34400102c81024a00084fffffffffffffffffffffffff050[payload->]...$................P||20,720
2025-08-02T16:05:53.355 0100|00|00|05|fa0001|3440016f81[payload->]o.||33,135
2025-08-02T16:05:53.456 0100|01|00|18|e601fe|34400102c81024a00084fffffffffffffffffffffffff050[payload->]...$................P||20,720
2025-08-02T16:35:53.316 0100|00|00|05|fa0001|3440016f81[payload->]o.||33,135
2025-08-02T16:35:53.517 0100|01|00|18|e601fe|34400102c81024a00084fffffffffffffffffffffffff050[payload->]...$................P||20,720
2025-08-02T17:05:53.372 0100|00|00|05|fa0001|3440016f81[payload->]o.||33,135
2025-08-02T17:05:53.474 0100|01|00|18|e601fe|34400102c81024a00084fffffffffffffffffffffffff050[payload->]...$................P||20,720
2025-08-02T17:35:53.363 0100|00|00|05|fa0001|3440016f81[payload->]o.||33,135
2025-08-02T17:35:53.465 0100|01|00|18|e601fe|34400102c81024a00084fffffffffffffffffffffffff050[payload->]...$................P||20,720
2025-08-02T18:05:53.336 0100|00|00|05|fa0001|3440016f81[payload->]o.||33,135
2025-08-02T18:05:53.437 0100|01|00|18|e601fe|34400102c81024a00084fffffffffffffffffffffffff050[payload->]...$................P||20,720
2025-08-02T18:35:53.375 0100|00|00|05|fa0001|3440016f81[payload->]o.||33,135
2025-08-02T18:35:53.577 0100|01|00|18|e601fe|34400102c81024a00084fffffffffffffffffffffffff050[payload->]...$................P||20,720
2025-08-02T19:05:53.415 0100|00|00|05|fa0001|3440016f81[payload->]o.||33,135
2025-08-02T19:05:53.617 0100|01|00|18|e601fe|34400102c81024a00084fffffffffffffffffffffffff050[payload->]...$................P||20,720
2025-08-02T19:35:54.284 0100|00|00|05|fa0001|3440016f81[payload->]o.||33,135
2025-08-02T19:35:54.485 0100|01|00|18|e601fe|34400102c81024a00084fffffffffffffffffffffffff050[payload->]...$................P||20,720
2025-08-02T20:05:55.575 0100|00|00|05|fa0001|3440016f81[payload->]o.||33,135
2025-08-02T20:05:55.676 0100|01|00|18|e601fe|34400102c81024a00084fffffffffffffffffffffffff050[payload->]...$................P||20,720
2025-08-02T20:35:57.105 0100|00|00|05|fa0001|3440016f81[payload->]o.||33,135
2025-08-02T20:35:57.307 0100|01|00|18|e601fe|34400102c81024a00084fffffffffffffffffffffffff050[payload->]...$................P||20,720
2025-08-02T21:05:56.895 0100|00|00|05|fa0001|3440016f81[payload->]o.||33,135
2025-08-02T21:05:57.097 0100|01|00|18|e601fe|34400102c81024a00084fffffffffffffffffffffffff050[payload->]...$................P||20,720
2025-08-02T21:31:29.105 0100|00|00|05|fa0001|3440016f81[payload->]o.||33,135
2025-08-02T21:31:29.206 0100|01|00|18|e601fe|34400102c81024a0430102c81024a00084ffffffffffffff[payload->]...$.C....$..........||65,535
2025-08-02T21:35:57.040 0100|00|00|05|fa0001|3440016f81[payload->]o.||33,135
2025-08-02T21:35:57.141 0100|01|00|18|e601fe|34400102c81024a00084fffffffffffffffffffffffff050[payload->]...$................P||20,720
2025-08-02T22:05:56.660 0100|00|00|05|fa0001|3440016f81[payload->]o.||33,135
2025-08-02T22:05:56.862 0100|01|00|18|e601fe|34400102c81024a00084fffffffffffffffffffffffff050[payload->]...$................P||20,720
2025-08-02T22:31:29.253 0100|00|00|05|fa0001|3440016f81[payload->]o.||33,135
2025-08-02T22:31:29.454 0100|01|00|18|e601fe|34400102c81024a00084fffffffffffffffffffffffff050[payload->]...$................P||20,720
2025-08-02T22:35:57.632 0100|00|00|05|fa0001|3440016f81[payload->]o.||33,135
2025-08-02T22:35:57.834 0100|01|00|18|e601fe|34400102c81024a00084fffffffffffffffffffffffff050[payload->]...$................P||20,720
2025-08-02T23:05:58.220 0100|00|00|05|fa0001|3440016f81[payload->]o.||33,135
2025-08-02T23:05:58.422 0100|01|00|18|e601fe|34400102c81024a00084fffffffffffffffffffffffff058[payload->]...$................X||22,768
2025-08-02T23:35:59.140 0100|00|00|05|fa0001|3440016f81[payload->]o.||33,135
2025-08-02T23:35:59.342 0100|01|00|18|e601fe|34400102c81024a00084fffffffffffffffffffffffff050[payload->]...$................P||20,720
2025-08-03T00:05:59.017 0100|00|00|05|fa0001|3440016f81[payload->]o.||33,135
2025-08-03T00:05:59.119 0100|01|00|18|e601fe|34400102c81024a00084fffffffffffffffffffffffff050[payload->]...$................P||20,720
2025-08-03T00:35:58.931 0100|00|00|05|fa0001|3440016f81[payload->]o.||33,135
2025-08-03T00:35:59.033 0100|01|00|18|e601fe|34400102c81024a00084ffffffffffffffffffffdffff050[payload->]...$................P||20,720
2025-08-03T01:06:03.154 0100|00|00|05|fa0001|3440016f81[payload->]o.||33,135
2025-08-03T01:06:03.255 0100|01|00|18|e601fe|34400102c81024a00084fffffffffffffffffffffffff050[payload->]...$................P||20,720
2025-08-03T01:36:04.009 0100|00|00|05|fa0001|3440016f81[payload->]o.||33,135
2025-08-03T01:36:04.110 0100|01|00|18|e601fe|34400102c81024a00084fffffffffffffffffffffffff050[payload->]...$................P||20,720
2025-08-03T02:06:04.001 0100|00|00|05|fa0001|3440016f81[payload->]o.||33,135
2025-08-03T02:06:04.103 0100|01|00|18|e601fe|34400102c81024a00084fffffffffffffffffffffffff050[payload->]...$................P||20,720
2025-08-03T02:36:05.244 0100|00|00|05|fa0001|3440016f81[payload->]o.||33,135
2025-08-03T02:36:05.445 0100|01|00|18|e601fe|34400102c81024a00084fffffffffffffffffffffffff050[payload->]...$................P||20,720
2025-08-03T03:06:05.389 0100|00|00|05|fa0001|3440016f81[payload->]o.||33,135
2025-08-03T03:06:05.490 0100|01|00|18|e601fe|34400102c81024a00084fffffffffffffffffffffffff050[payload->]...$................P||20,720
2025-08-03T03:36:05.336 0100|00|00|05|fa0001|3440016f81[payload->]o.||33,135
2025-08-03T03:36:05.437 0100|01|00|18|e601fe|34400102c81024a00084fffffffffffffffffffffffff050[payload->]...$................P||20,720
2025-08-03T04:06:05.534 0100|00|00|05|fa0001|3440016f81[payload->]o.||33,135
2025-08-03T04:06:05.736 0100|01|00|18|e601fe|34400102c81024a00084fffffffffffffffffffffffff050[payload->]...$................P||20,720
2025-08-03T04:31:29.611 0100|00|00|05|fa0001|3440016f81[payload->]o.||33,135
2025-08-03T04:31:29.812 0100|01|00|18|e601fe|34400102c81024a00084fffffffffffffffffffffffff050[payload->]...$................P||20,720
2025-08-03T04:36:06.420 0100|00|00|05|fa0001|3440016f81[payload->]o.||33,135
2025-08-03T04:36:06.622 0100|01|00|18|e601fe|34400102c81024a00084fffffffffffffffffffffffff050[payload->]...$................P||20,720
2025-08-03T05:06:05.391 0100|00|00|05|fa0001|3440016f81[payload->]o.||33,135
2025-08-03T05:06:05.593 0100|01|00|18|e601fe|34400102c81024a00084ffffffffffffbffffffffffff050[payload->]...$................P||20,720
2025-08-03T05:36:05.447 0100|00|00|05|fa0001|3440016f81[payload->]o.||33,135
2025-08-03T05:36:05.649 0100|01|00|18|e601fe|34400102c81024a00084fffffffffffffffffffffffff050[payload->]...$................P||20,720
2025-08-03T06:06:05.533 0100|00|00|05|fa0001|3440016f81[payload->]o.||33,135
2025-08-03T06:06:05.634 0100|01|00|18|e601fe|34400102c81024a00084fffffffffffffffffffffffff050[payload->]...$................P||20,720
2025-08-03T06:36:05.460 0100|00|00|05|fa0001|3440016f81[payload->]o.||33,135
2025-08-03T06:36:05.661 0100|01|00|18|e601fe|34400102c81024a00084ffffffffffffbffffffffffff050[payload->]...$................P||20,720
2025-08-03T07:06:05.429 0100|00|00|05|fa0001|3440016f81[payload->]o.||33,135
2025-08-03T07:06:05.530 0100|01|00|18|e601fe|34400102c81024a00084fffffffffffffffffffffffff050[payload->]...$................P||20,720
2025-08-03T07:36:06.662 0100|00|00|05|fa0001|3440016f81[payload->]o.||33,135
2025-08-03T07:36:06.763 0100|01|00|18|e601fe|34400102c81024a00084fffffffffffffffffffffffff050[payload->]...$................P||20,720
2025-08-03T08:36:06.879 0100|00|00|05|fa0001|3440016f81[payload->]o.||33,135
2025-08-03T08:36:06.980 0100|01|00|18|e601fe|34400102c81024a00084fffffffffffffffffffffffff050[payload->]...$................P||20,720
2025-08-03T09:06:07.068 0100|00|00|05|fa0001|3440016f81[payload->]o.||33,135
2025-08-03T09:06:07.270 0100|01|00|18|e601fe|34400102c81024a00084fffffffffffffffffffffffff050[payload->]...$................P||20,720
2025-08-03T09:36:08.277 0100|00|00|05|fa0001|3440016f81[payload->]o.||33,135
2025-08-03T09:36:08.479 0100|01|00|18|e601fe|34400102c81024a00084fffffffffffffffffffffffff050[payload->]...$................P||20,720
2025-08-03T10:06:08.310 0100|00|00|05|fa0001|3440016f81[payload->]o.||33,135
2025-08-03T10:06:08.512 0100|01|00|18|e601fe|34400102c81024a00084fffffffffffffffffffffffff050[payload->]...$................P||20,720
2025-08-03T10:31:28.989 0100|00|00|05|fa0001|3440016f81[payload->]o.||33,135
2025-08-03T10:36:08.968 0100|00|00|05|fa0001|3440016f81[payload->]o.||33,135
2025-08-03T10:36:09.069 0100|01|00|18|e601fe|34400102c81024a00084fffffffffffffffffffffffff050[payload->]...$................P||20,720
2025-08-03T11:06:08.217 0100|00|00|05|fa0001|3440016f81[payload->]o.||33,135
2025-08-03T11:36:08.195 0100|00|00|05|fa0001|3440016f81[payload->]o.||33,135
2025-08-03T12:06:09.226 0100|00|00|05|fa0001|3440016f81[payload->]o.||33,135
2025-08-03T12:06:09.327 0100|01|00|18|e601fe|34400102c81024a00084fffffffffffffffffffffffff050[payload->]...$................P||20,720
2025-08-03T12:31:29.061 0100|00|00|05|fa0001|3440016f81[payload->]o.||33,135
2025-08-03T12:31:29.162 0100|01|00|18|e601fe|34400102c81024a00084fffffffffffffffffffffffff050[payload->]...$................P||20,720
2025-08-03T12:36:09.197 0100|00|00|05|fa0001|3440016f81[payload->]o.||33,135
2025-08-03T12:36:09.399 0100|01|00|18|e601fe|34400102c81024a00084fffffffffffffffffffffffff050[payload->]...$................P||20,720
2025-08-03T12:44:12.593 0100|01|00|09|f501fe|344001e22501009377[payload->].%...w||30,611
2025-08-03T13:06:09.313 0100|00|00|05|fa0001|3440016f81[payload->]o.||33,135
2025-08-03T13:06:09.515 0100|01|00|18|e601fe|34400102c81024a00084fffffffffffffffffffffffff050[payload->]...$................P||20,720
2025-08-03T13:31:29.881 0100|01|00|18|e601fe|34400102c81024a00084fffffffffffffffffffffffff050[payload->]...$................P||20,720
2025-08-03T13:36:09.365 0100|00|00|05|fa0001|3440016f81[payload->]o.||33,135
2025-08-03T13:36:09.566 0100|01|00|18|e601fe|34400102c81024a00084fffffffffffffffffffffffff050[payload->]...$................P||20,720
2025-08-03T14:06:09.239 0100|00|00|05|fa0001|3440016f81[payload->]o.||33,135
2025-08-03T14:06:09.340 0100|01|00|18|e601fe|34400102c81024a00084fffffffffffffffffffffffff050[payload->]...$................P||20,720
2025-08-03T14:36:09.237 0100|00|00|05|fa0001|3440016f81[payload->]o.||33,135
2025-08-03T14:36:09.439 0100|01|00|18|e601fe|34400102c81024a00084fffffffffffffffffffffffff050[payload->]...$................P||20,720
2025-08-03T15:06:09.488 0100|00|00|05|fa0001|3440016f81[payload->]o.||33,135
2025-08-03T15:06:09.690 0100|01|00|18|e601fe|34400102c81024a00084fffffffffffffffffffffffff050[payload->]...$................P||20,720
2025-08-03T15:31:29.148 0100|00|00|05|fa0001|3440016f81[payload->]o.||33,135
2025-08-03T15:31:29.249 0100|01|00|18|e601fe|34400102c8fe34430102c81024a00084ffffbfffffffffff[payload->]...4C....$...........||65,535
2025-08-03T15:36:09.293 0100|00|00|05|fa0001|3440016f81[payload->]o.||33,135
2025-08-03T15:36:09.394 0100|01|00|18|e601fe|34400102c81024a00084fffffffffffffffffffffffff050[payload->]...$................P||20,720
2025-08-03T16:06:09.216 0100|00|00|05|fa0001|3440016f81[payload->]o.||33,135
2025-08-03T16:06:09.318 0100|01|00|18|e601fe|34400102c81024a00084fffffffffffffffffffffffff050[payload->]...$................P||20,720
2025-08-03T16:31:29.392 0100|00|00|05|fa0001|3440016f81[payload->]o.||33,135
2025-08-03T16:31:29.493 0100|01|00|18|e601fe|34400102c81024a00084fffffffffffffffffffffffff050[payload->]...$................P||20,720
2025-08-03T16:36:12.658 0100|00|00|05|fa0001|3440016f81[payload->]o.||33,135
2025-08-03T16:36:12.759 0100|01|00|18|e601fe|34400102c81024a00084fffffffffffffffffffffffff050[payload->]...$................P||20,720
2025-08-03T17:06:11.376 0100|00|00|05|fa0001|3440016f81[payload->]o.||33,135
2025-08-03T17:06:11.478 0100|01|00|18|e601fe|34400102c81024a00084fffffffffffffffffffffffff050[payload->]...$................P||20,720
2025-08-03T17:36:11.351 0100|00|00|05|fa0001|3440016f81[payload->]o.||33,135
2025-08-03T17:36:11.553 0100|01|00|18|e601fe|34400102c81024a00084fffffffffffffffffffffffff050[payload->]...$................P||20,720
2025-08-03T18:06:12.135 0100|00|00|05|fa0001|3440016f81[payload->]o.||33,135
2025-08-03T18:06:12.236 0100|01|00|18|e601fe|34400102c81024a00084fffffffffffffffffffffffff050[payload->]...$................P||20,720
