2025-07-30T20:27:47.840 0100|00|00|05|fa0001|365b015f2a[payload->]_*||10,847
2025-07-30T20:27:47.840 0100|01|00|06|f801fe|365b0101ca38[payload->]..8||14,538
2025-07-30T20:48:04.581 0100|00|00|05|fa0001|365b015f2a[payload->]_*||10,847
2025-07-30T20:48:04.682 0100|01|00|06|f801fe|365b0101ca38[payload->]..8||14,538
2025-07-30T20:58:13.919 0100|00|00|05|fa0001|365b015f2a[payload->]_*||10,847
2025-07-30T20:58:14.020 0100|01|00|06|f801fe|365b0101ca38[payload->]..8||14,538
2025-07-30T21:18:31.350 0100|00|00|05|fa0001|365b015f2a[payload->]_*||10,847
2025-07-30T21:18:31.350 0100|01|00|06|f801fe|365b0101ca38[payload->]..8||14,538
2025-07-30T21:38:49.486 0100|00|00|05|fa0001|365b015f2a[payload->]_*||10,847
2025-07-30T21:38:49.486 0100|01|00|06|f801fe|365b0101ca38[payload->]..8||14,538
2025-07-30T21:48:57.964 0100|00|00|05|fa0001|365b015f2a[payload->]_*||10,847
2025-07-30T21:48:57.964 0100|01|00|06|f801fe|365b0101ca38[payload->]..8||14,538
2025-07-30T21:59:06.037 0100|00|00|05|fa0001|365b015f2a[payload->]_*||10,847
2025-07-30T21:59:06.138 0100|01|00|06|f801fe|365b0101ca38[payload->]..8||14,538
2025-07-30T22:09:14.214 0100|00|00|05|fa0001|365b015f2a[payload->]_*||10,847
2025-07-30T22:09:14.315 0100|01|00|06|f801fe|365b0101ca38[payload->]..8||14,538
2025-07-30T22:19:23.859 0100|00|00|05|fa0001|365b015f2a[payload->]_*||10,847
2025-07-30T22:19:23.860 0100|01|00|06|f801fe|365b0101ca38[payload->]..8||14,538
2025-07-30T22:29:32.716 0100|00|00|05|fa0001|365b015f2a[payload->]_*||10,847
2025-07-30T22:29:32.717 0100|01|00|06|f801fe|365b0101ca38[payload->]..8||14,538
2025-07-30T22:49:50.322 0100|00|00|05|fa0001|365b015f2a[payload->]_*||10,847
2025-07-30T22:59:59.068 0100|00|00|05|fa0001|365b015f2a[payload->]_*||10,847
2025-07-30T22:59:59.169 0100|01|00|06|f801fe|365b0101ca38[payload->]..8||14,538
2025-07-30T23:10:07.205 0100|00|00|05|fa0001|365b015f2a[payload->]_*||10,847
2025-07-30T23:10:07.306 0100|01|00|06|f801fe|365b0101ca38[payload->]..8||14,538
2025-07-30T23:20:17.068 0100|00|00|05|fa0001|365b015f2a[payload->]_*||10,847
2025-07-30T23:20:17.169 0100|01|00|06|f801fe|365b0101ca38[payload->]..8||14,538
2025-07-30T23:50:43.688 0100|00|00|05|fa0001|365b015f2a[payload->]_*||10,847
2025-07-30T23:50:43.789 0100|01|00|06|f801fe|365b0101ca38[payload->]..8||14,538
2025-07-31T00:00:52.411 0100|00|00|05|fa0001|365b015f2a[payload->]_*||10,847
2025-07-31T00:00:52.412 0100|01|00|06|f801fe|365b0101ca38[payload->]..8||14,538
2025-07-31T00:11:01.497 0100|00|00|05|fa0001|365b015f2a[payload->]_*||10,847
2025-07-31T00:11:01.498 0100|01|00|06|f801fe|365b0101ca38[payload->]..8||14,538
2025-07-31T00:31:19.337 0100|00|00|05|fa0001|365b015f2a[payload->]_*||10,847
2025-07-31T00:31:19.438 0100|01|00|06|f801fe|365b0101ca38[payload->]..8||14,538
2025-07-31T01:11:53.138 0100|00|00|05|fa0001|365b015f2a[payload->]_*||10,847
2025-07-31T01:11:53.138 0100|01|00|06|f801fe|365b0101ca38[payload->]..8||14,538
2025-07-31T01:22:01.629 0100|00|00|05|fa0001|365b015f2a[payload->]_*||10,847
2025-07-31T01:22:01.730 0100|01|00|06|f801fe|365b0101ca38[payload->]..8||14,538
2025-07-31T01:32:11.055 0100|00|00|05|fa0001|365b015f2a[payload->]_*||10,847
2025-07-31T01:32:11.156 0100|01|02|06|f801fe|365b0101ca38[payload->]..8||14,538
2025-07-31T01:42:19.243 0100|00|00|05|fa0001|365b015f2a[payload->]_*||10,847
2025-07-31T01:42:19.243 0100|01|00|06|f801fe|365b0101ca38[payload->]..8||14,538
2025-07-31T02:02:37.306 0100|00|00|05|fa0001|365b015f2a[payload->]_*||10,847
2025-07-31T02:02:37.407 0100|01|00|06|f801fe|365b0101ca38[payload->]..8||14,538
2025-07-31T02:33:04.082 0100|00|00|05|fa0001|365b015f2a[payload->]_*||10,847
2025-07-31T02:33:04.183 0100|01|00|06|f801fe|365b0101ca38[payload->]..8||14,538
2025-07-31T02:43:12.643 0100|00|00|05|fa0001|365b015f2a[payload->]_*||10,847
2025-07-31T02:43:12.744 0100|01|00|06|f801fe|365b0101ca38[payload->]..8||14,538
2025-07-31T03:03:30.467 0100|00|00|05|fa0001|365b015f2a[payload->]_*||10,847
2025-07-31T03:03:30.568 0100|01|00|06|f801fe|365b0101ca38[payload->]..8||14,538
2025-07-31T03:13:38.777 0100|00|00|05|fa0001|365b015f2a[payload->]_*||10,847
2025-07-31T03:13:38.878 0100|01|00|06|f801fe|365b0101ca38[payload->]..8||14,538
2025-07-31T03:33:54.581 0100|00|00|05|fa0001|365b015f2a[payload->]_*||10,847
2025-07-31T03:33:54.682 0100|01|00|06|f801fe|365b0101ca38[payload->]..8||14,538
2025-07-31T03:54:12.148 0100|00|00|05|fa0001|365b015f2a[payload->]_*||10,847
2025-07-31T04:04:21.618 0100|00|00|05|fa0001|365b015f2a[payload->]_*||10,847
2025-07-31T04:04:21.618 0100|01|00|06|f801fe|365b0101ca38[payload->]..8||14,538
2025-07-31T04:14:30.327 0100|01|00|06|f801fe|365b0101ca38[payload->]..8||14,538
2025-07-31T04:24:38.980 0100|00|00|05|fa0001|365b015f2a[payload->]_*||10,847
2025-07-31T04:34:48.324 0100|00|00|05|fa0001|365b015f2a[payload->]_*||10,847
2025-07-31T04:34:48.325 0100|01|00|06|f801fe|365b0101ca38[payload->]..8||14,538
2025-07-31T04:44:57.066 0100|00|00|05|fa0001|365b015f2a[payload->]_*||10,847
2025-07-31T05:05:14.593 0100|00|00|05|fa0001|365b015f2a[payload->]_*||10,847
2025-07-31T05:05:14.694 0100|01|00|06|f801fe|365b0101ca38[payload->]..8||14,538
2025-07-31T05:15:23.505 0100|00|00|05|fa0001|365b015f2a[payload->]_*||10,847
2025-07-31T05:15:23.505 0100|01|00|06|f801fe|365b0101ca38[payload->]..8||14,538
2025-07-31T05:25:32.381 0100|00|00|05|fa0001|365b015f2a[payload->]_*||10,847
2025-07-31T05:25:32.381 0100|01|00|06|f801fe|365b0101ca38[payload->]..8||14,538
2025-07-31T05:35:41.483 0100|00|00|05|fa0001|365b015f2a[payload->]_*||10,847
2025-07-31T05:35:41.483 0100|01|00|06|f801fe|365b0101ca38[payload->]..8||14,538
2025-07-31T05:45:50.555 0100|00|00|05|fa0001|365b015f2a[payload->]_*||10,847
2025-07-31T05:45:50.656 0100|01|00|06|f801fe|365b0101ca38[payload->]..8||14,538
2025-07-31T05:55:58.603 0100|00|00|05|fa0001|365b015f2a[payload->]_*||10,847
2025-07-31T05:55:58.704 0100|01|00|06|f801fe|365b0101ca38[payload->]..8||14,538
2025-07-31T06:06:07.022 0100|00|00|05|fa0001|365b015f2a[payload->]_*||10,847
2025-07-31T06:06:07.023 0100|01|00|06|f801fe|365b0101ca38[payload->]..8||14,538
2025-07-31T06:26:23.366 0100|00|00|05|fa0001|365b015f2a[payload->]_*||10,847
2025-07-31T06:26:23.366 0100|00|00|06|f801fe|365b0101ca38[payload->]..8||14,538
2025-07-31T06:36:31.715 0100|00|00|05|fa0001|365b015f2a[payload->]_*||10,847
2025-07-31T06:36:31.816 0100|01|00|06|f801fe|365b0101ca38[payload->]..8||14,538
2025-07-31T06:56:48.734 0100|00|00|05|fa0001|365b015f2a[payload->]_*||10,847
2025-07-31T06:56:48.835 0100|01|00|06|f801fe|365b0101ca38[payload->]..8||14,538
2025-07-31T08:07:48.293 0100|00|00|05|fa0001|365b015f2a[payload->]_*||10,847
2025-07-31T08:07:48.294 0100|01|00|06|f801fe|365b0101ca38[payload->]..8||14,538
2025-07-31T08:17:57.082 0100|00|00|05|fa0001|365b015f2a[payload->]_*||10,847
2025-07-31T08:17:57.082 0100|01|00|06|f801fe|365b0101ca38[payload->]..8||14,538
2025-07-31T08:58:31.040 0100|00|00|05|fa0001|365b015f2a[payload->]_*||10,847
2025-07-31T08:58:31.041 0100|01|00|06|f801fe|365b0101ca38[payload->]..8||14,538
2025-07-31T09:08:40.205 0100|00|00|05|fa0001|365b015f2a[payload->]_*||10,847
2025-07-31T09:08:40.206 0100|01|00|06|f801fe|365b0101ca38[payload->]..8||14,538
2025-07-31T09:39:03.886 0100|00|00|05|fa0001|365b015f2a[payload->]_*||10,847
2025-07-31T09:39:03.886 0100|01|00|06|f801fe|365b0101ca38[payload->]..8||14,538
2025-07-31T09:49:11.950 0100|01|00|06|f801fe|365b0101ca38[payload->]..8||14,538
2025-07-31T10:09:29.112 0100|00|00|05|fa0001|365b015f2a[payload->]_*||10,847
2025-07-31T10:09:29.213 0100|01|00|06|f801fe|365b0101ca38[payload->]..8||14,538
2025-07-31T10:19:37.539 0100|00|00|05|fa0001|365b015f2a[payload->]_*||10,847
2025-07-31T10:19:37.640 0100|01|00|06|f801fe|365b0101ca38[payload->]..8||14,538
2025-07-31T10:29:45.895 0100|00|00|05|fa0001|365b015f2a[payload->]_*||10,847
2025-07-31T10:29:45.996 0100|01|00|06|f801fe|365b0101ca38[payload->]..8||14,538
2025-07-31T11:40:45.806 0100|00|00|05|fa0001|365b015f2a[payload->]_*||10,847
2025-07-31T11:40:45.806 0100|01|00|06|f801fe|365b0101ca38[payload->]..8||14,538
2025-07-31T11:50:53.772 0100|00|00|05|fa0001|365b015f2a[payload->]_*||10,847
2025-07-31T11:50:53.873 0100|01|00|06|f801fe|365b0101ca38[payload->]..8||14,538
2025-07-31T12:11:11.441 0100|00|00|05|fa0001|365b015f2a[payload->]_*||10,847
2025-07-31T12:11:11.542 0100|01|00|06|f801fe|365b0101ca38[payload->]..8||14,538
2025-07-31T12:21:20.625 0100|00|00|05|fa0001|365b015f2a[payload->]_*||10,847
2025-07-31T12:31:31.021 0100|00|00|05|fa0001|365b015f2a[payload->]_*||10,847
2025-07-31T12:31:31.122 0100|01|00|06|f801fe|365b0101ca38[payload->]..8||14,538
2025-07-31T12:41:40.583 0100|00|00|05|fa0001|365b015f2a[payload->]_*||10,847
2025-07-31T12:41:40.584 0100|01|00|06|f801fe|365b0101ca38[payload->]..8||14,538
2025-07-31T12:51:49.601 0100|00|00|05|fa0001|365b015f2a[payload->]_*||10,847
2025-07-31T12:51:49.601 0100|01|00|06|f801fe|365b0101ca38[payload->]..8||14,538
2025-07-31T13:12:06.014 0100|00|00|05|fa0001|365b015f2a[payload->]_*||10,847
2025-07-31T13:12:06.115 0100|01|00|06|f801fe|365b0101ca38[payload->]..8||14,538
2025-07-31T13:22:13.538 0100|00|00|05|fa0001|365b015f2a[payload->]_*||10,847
2025-07-31T13:22:13.639 0100|01|00|06|f801fe|365b0101ca38[payload->]..8||14,538
2025-07-31T13:42:30.951 0100|01|00|06|f801fe|365b0101ca38[payload->]..8||14,538
2025-07-31T13:52:40.192 0100|00|00|05|fa0001|365b015f2a[payload->]_*||10,847
2025-07-31T13:52:40.293 0100|01|00|06|f801fe|365b0101ca38[payload->]..8||14,538
2025-07-31T14:23:07.004 0100|00|00|05|fa0001|365b015f2a[payload->]_*||10,847
2025-07-31T14:23:07.004 0100|01|00|06|f801fe|365b0101ca38[payload->]..8||14,538
2025-07-31T14:33:14.169 0100|00|00|05|fa0001|365b015f2a[payload->]_*||10,847
2025-07-31T14:33:14.270 0100|01|00|06|f801fe|365b0101ca38[payload->]..8||14,538
2025-07-31T14:53:32.015 0100|00|00|05|fa0001|365b015f2a[payload->]_*||10,847
2025-07-31T14:53:32.117 0100|01|00|06|f801fe|365b0101ca38[payload->]..8||14,538
2025-07-31T15:34:06.435 0100|00|00|05|fa0001|365b015f2a[payload->]_*||10,847
2025-07-31T15:34:06.536 0100|01|00|06|f801fe|365b0101ca38[payload->]..8||14,538
2025-07-31T15:54:24.018 0100|00|00|05|fa0001|365b015f2a[payload->]_*||10,847
2025-07-31T15:54:24.018 0100|01|00|06|f801fe|365b0101ca38[payload->]..8||14,538
2025-07-31T16:04:33.348 0100|00|00|05|fa0001|365b015f2a[payload->]_*||10,847
2025-07-31T16:04:33.348 0100|01|00|06|f801fe|365b0101ca38[payload->]..8||14,538
2025-07-31T16:14:42.095 0100|00|00|05|fa0001|365b015f2a[payload->]_*||10,847
2025-07-31T16:14:42.095 0100|01|00|06|f801fe|365b0101ca38[payload->]..8||14,538
2025-07-31T16:34:58.929 0100|00|00|05|fa0001|365b015f2a[payload->]_*||10,847
2025-07-31T16:34:58.930 0100|01|00|06|f801fe|365b0101ca38[payload->]..8||14,538
2025-07-31T16:45:08.282 0100|00|00|05|fa0001|365b015f2a[payload->]_*||10,847
2025-07-31T16:45:08.383 0100|01|00|06|f801fe|365b0101ca38[payload->]..8||14,538
2025-07-31T16:55:18.237 0100|00|00|05|fa0001|365b015f2a[payload->]_*||10,847
2025-07-31T16:55:18.238 0100|01|00|06|f801fe|365b0101ca38[payload->]..8||14,538
2025-07-31T17:25:44.016 0100|00|00|05|fa0001|365b015f2a[payload->]_*||10,847
2025-07-31T17:25:44.117 0100|01|00|06|f801fe|365b0101ca38[payload->]..8||14,538
2025-07-31T17:46:02.188 0100|00|00|05|fa0001|365b015f2a[payload->]_*||10,847
2025-07-31T18:16:29.418 0100|00|00|05|fa0001|365b015f2a[payload->]_*||10,847
2025-07-31T18:16:29.419 0100|01|00|06|f801fe|365b0101ca38[payload->]..8||14,538
2025-07-31T18:26:38.353 0100|00|00|05|fa0001|365b015f2a[payload->]_*||10,847
2025-07-31T18:26:38.455 0100|01|00|06|f801fe|365b0101ca38[payload->]..8||14,538
2025-07-31T18:57:05.384 0100|00|00|05|fa0001|365b015f2a[payload->]_*||10,847
2025-07-31T18:57:05.486 0100|01|00|06|f801fe|365b0101ca38[payload->]..8||14,538
2025-07-31T19:07:14.096 0100|00|00|05|fa0001|365b015f2a[payload->]_*||10,847
2025-07-31T19:07:14.197 0100|01|00|06|f801fe|365b0101ca38[payload->]..8||14,538
2025-07-31T19:37:41.289 0100|00|00|05|fa0001|365b015f2a[payload->]_*||10,847
2025-07-31T19:37:41.390 0100|01|00|06|f801fe|365b0101ca38[payload->]..8||14,538
2025-07-31T19:47:50.217 0100|00|00|05|fa0001|365b015f2a[payload->]_*||10,847
2025-07-31T19:47:50.319 0100|01|00|06|f801fe|365b0101ca38[payload->]..8||14,538
2025-07-31T19:57:59.296 0100|00|00|05|fa0001|365b015f2a[payload->]_*||10,847
2025-07-31T19:57:59.296 0100|01|00|06|f801fe|365b0101ca38[payload->]..8||14,538
2025-07-31T20:28:25.198 0100|00|00|05|fa0001|365b015f2a[payload->]_*||10,847
2025-07-31T20:28:25.299 0100|01|00|06|f801fe|365b0101ca38[payload->]..8||14,538
2025-07-31T20:38:33.960 0100|00|00|05|fa0001|365b015f2a[payload->]_*||10,847
2025-07-31T20:38:33.961 0100|01|00|06|f801fe|365b0101ca38[payload->]..8||14,538
2025-07-31T20:58:52.107 0100|00|00|05|fa0001|365b015f2a[payload->]_*||10,847
2025-07-31T20:58:52.208 0100|01|00|06|f801fe|365b0101ca38[payload->]..8||14,538
2025-07-31T21:29:19.150 0100|00|00|05|fa0001|365b015f2a[payload->]_*||10,847
2025-07-31T21:29:19.150 0100|01|00|06|f801fe|365b0101ca38[payload->]..8||14,538
2025-07-31T21:49:37.112 0100|00|00|05|fa0001|365b015f2a[payload->]_*||10,847
2025-07-31T21:49:37.214 0100|01|00|06|f801fe|365b0101ca38[payload->]..8||14,538
2025-07-31T22:09:53.002 0100|00|00|05|fa0001|365b015f2a[payload->]_*||10,847
2025-07-31T22:09:53.103 0100|01|00|06|f801fe|365b0101ca38[payload->]..8||14,538
2025-07-31T22:20:02.375 0100|00|00|05|fa0001|365b015f2a[payload->]_*||10,847
2025-07-31T22:20:02.476 0100|01|00|06|f801fe|365b0101ca38[payload->]..8||14,538
2025-07-31T22:30:11.380 0100|00|00|05|fa0001|365b015f2a[payload->]_*||10,847
2025-07-31T22:30:11.381 0100|01|00|06|f801fe|365b0101ca38[payload->]..8||14,538
2025-07-31T23:00:39.079 0100|00|00|05|fa0001|365b015f2a[payload->]_*||10,847
2025-07-31T23:00:39.180 0100|01|00|06|f801fe|365b0101ca38[payload->]..8||14,538
2025-07-31T23:10:48.849 0100|00|00|05|fa0001|365b015f2a[payload->]_*||10,847
2025-07-31T23:10:48.849 0100|01|00|06|f801fe|365b0101ca38[payload->]..8||14,538
2025-07-31T23:20:57.079 0100|01|00|06|f801fe|365b0101ca38[payload->]..8||14,538
2025-07-31T23:31:05.607 0100|00|00|05|fa0001|365b015f2a[payload->]_*||10,847
2025-07-31T23:31:05.709 0100|01|00|06|f801fe|365b0101ca38[payload->]..8||14,538
2025-07-31T23:41:14.666 0100|00|00|05|fa0001|365b015f2a[payload->]_*||10,847
2025-07-31T23:41:14.666 0100|01|00|06|f801fe|365b0101ca38[payload->]..8||14,538
2025-07-31T23:51:24.129 0100|00|00|05|fa0001|365b015f2a[payload->]_*||10,847
2025-07-31T23:51:24.230 0100|01|00|06|f801fe|365b0101ca38[payload->]..8||14,538
2025-08-01T00:01:33.483 0100|00|00|05|fa0001|365b015f2a[payload->]_*||10,847
2025-08-01T00:01:33.484 0100|01|00|06|f801fe|365b0101ca38[payload->]..8||14,538
2025-08-01T00:11:42.203 0100|00|00|05|fa0001|365b015f2a[payload->]_*||10,847
2025-08-01T00:11:42.304 0100|01|00|06|f801fe|365b0101ca38[payload->]..8||14,538
2025-08-01T00:31:59.946 0100|00|00|05|fa0001|365b015f2a[payload->]_*||10,847
2025-08-01T00:32:00.147 0100|01|00|06|f801fe|365b0101ca38[payload->]..8||14,538
2025-08-01T00:52:18.288 0100|00|00|05|fa0001|365b015f2a[payload->]_*||10,847
2025-08-01T00:52:18.288 0100|01|00|06|f801fe|365b0101ca38[payload->]..8||14,538
2025-08-01T01:02:27.188 0100|00|00|05|fa0001|365b015f2a[payload->]_*||10,847
2025-08-01T01:02:27.289 0100|01|00|06|f801fe|365b0101ca38[payload->]..8||14,538
2025-08-01T01:12:35.477 0100|00|00|05|fa0001|365b015f2a[payload->]_*||10,847
2025-08-01T01:12:35.578 0100|01|00|06|f801fe|365b0101ca38[payload->]..8||14,538
2025-08-01T01:22:44.625 0100|00|00|05|fa0001|365b015f2a[payload->]_*||10,847
2025-08-01T01:22:44.625 0100|01|00|06|f801fe|365b0101ca38[payload->]..8||14,538
2025-08-01T01:43:02.347 0100|00|00|05|fa0001|365b015f2a[payload->]_*||10,847
2025-08-01T01:43:02.448 0100|01|00|06|f801fe|365b0101ca38[payload->]..8||14,538
2025-08-01T01:53:11.428 0100|00|00|05|fa0001|365b015f2a[payload->]_*||10,847
2025-08-01T01:53:11.529 0100|01|00|06|f801fe|365b0101ca38[payload->]..8||14,538
2025-08-01T02:03:20.687 0100|00|00|05|fa0001|365b015f2a[payload->]_*||10,847
2025-08-01T02:03:20.788 0100|01|00|06|f801fe|365b0101ca38[payload->]..8||14,538
2025-08-01T02:13:29.190 0100|00|00|05|fa0001|365b015f2a[payload->]_*||10,847
2025-08-01T02:13:29.291 0100|01|00|06|f801fe|365b0101ca38[payload->]..8||14,538
2025-08-01T02:23:37.863 0100|00|00|05|fa0001|365b015f2a[payload->]_*||10,847
2025-08-01T02:23:37.964 0100|01|00|06|f801fe|365b0101ca38[payload->]..8||14,538
2025-08-01T02:33:46.172 0100|00|00|05|fa0001|365b015f2a[payload->]_*||10,847
2025-08-01T02:33:46.274 0100|01|00|06|f801fe|365b0101ca38[payload->]..8||14,538
2025-08-01T02:54:03.745 0100|00|00|05|fa0001|365b015f2a[payload->]_*||10,847
2025-08-01T02:54:03.745 0100|01|00|06|f801fe|365b0101ca38[payload->]..8||14,538
2025-08-01T03:04:12.390 0100|00|00|05|fa0001|365b015f2a[payload->]_*||10,847
2025-08-01T03:04:12.390 0100|01|00|06|f801fe|365b0101ca38[payload->]..8||14,538
2025-08-01T03:14:21.657 0100|01|00|06|f801fe|365b0101ca38[payload->]..8||14,538
2025-08-01T03:54:55.042 0100|00|00|05|fa01fe|365b0101ca[payload->]..||51,713
2025-08-01T04:05:03.859 0100|00|00|05|fa0001|365b015f2a[payload->]_*||10,847
2025-08-01T04:05:03.960 0100|01|00|06|f801fe|365b0101ca38[payload->]..8||14,538
2025-08-01T04:15:13.330 0100|00|00|05|fa0001|365b015f2a[payload->]_*||10,847
2025-08-01T04:15:13.330 0100|01|00|06|f801fe|365b0101ca38[payload->]..8||14,538
2025-08-01T04:25:22.277 0100|00|00|05|fa0001|365b015f2a[payload->]_*||10,847
2025-08-01T04:25:22.378 0100|01|00|06|f801fe|365b0101ca38[payload->]..8||14,538
2025-08-01T04:35:31.635 0100|00|00|05|fa0001|365b015f2a[payload->]_*||10,847
2025-08-01T04:35:31.735 0100|01|00|06|f801fe|365b0101ca38[payload->]..8||14,538
2025-08-01T04:55:49.964 0100|00|00|05|fa0001|365b015f2a[payload->]_*||10,847
2025-08-01T04:55:50.065 0100|01|00|06|f801fe|365b0101ca38[payload->]..8||14,538
2025-08-01T05:16:08.114 0100|00|00|05|fa0001|365b015f2a[payload->]_*||10,847
2025-08-01T05:16:08.114 0100|01|00|06|f801fe|365b0101ca38[payload->]..8||14,538
2025-08-01T05:26:15.930 0100|00|00|05|fa0001|365b015f2a[payload->]_*||10,847
2025-08-01T05:46:33.838 0100|00|00|05|fa0001|365b015f2a[payload->]_*||10,847
2025-08-01T05:46:33.939 0100|01|00|06|f801fe|365b0101ca38[payload->]..8||14,538
2025-08-01T06:17:00.957 0100|00|00|05|fa0001|365b015f2a[payload->]_*||10,847
2025-08-01T06:17:01.058 0100|01|00|06|f801fe|365b0101ca38[payload->]..8||14,538
2025-08-01T06:27:09.796 0100|00|00|05|fa0001|365b015f2a[payload->]_*||10,847
2025-08-01T06:27:09.796 0100|01|00|06|f801fe|365b0101ca38[payload->]..8||14,538
2025-08-01T06:37:17.785 0100|00|00|05|fa0001|365b015f2a[payload->]_*||10,847
2025-08-01T06:37:17.886 0100|01|00|06|f801fe|365b0101ca38[payload->]..8||14,538
2025-08-01T06:47:26.271 0100|00|00|05|fa0001|365b015f2a[payload->]_*||10,847
2025-08-01T06:47:26.372 0100|01|00|06|f801fe|365b0101ca38[payload->]..8||14,538
2025-08-01T06:57:35.000 0100|00|00|05|fa0001|365b015f2a[payload->]_*||10,847
2025-08-01T06:57:35.101 0100|01|00|06|f801fe|365b0101ca38[payload->]..8||14,538
2025-08-01T07:38:10.033 0100|00|00|05|fa0001|365b015f2a[payload->]_*||10,847
2025-08-01T07:38:10.033 0100|01|00|06|f801fe|365b0101ca38[payload->]..8||14,538
2025-08-01T07:58:27.123 0100|00|00|05|fa0001|365b015f2a[payload->]_*||10,847
2025-08-01T07:58:27.124 0100|01|00|06|f801fe|365b0101ca38[payload->]..8||14,538
2025-08-01T08:18:45.151 0100|00|00|05|fa0001|365b015f2a[payload->]_*||10,847
2025-08-01T08:18:45.151 0100|01|00|06|f801fe|365b0101ca38[payload->]..8||14,538
2025-08-01T08:28:53.529 0100|00|00|05|fa0001|365b015f2a[payload->]_*||10,847
2025-08-01T08:28:53.530 0100|01|00|06|f801fe|365b0101ca38[payload->]..8||14,538
2025-08-01T08:39:02.379 0100|00|00|05|fa0001|365b015f2a[payload->]_*||10,847
2025-08-01T08:39:02.379 0100|01|00|06|f801fe|365b0101ca38[payload->]..8||14,538
2025-08-01T08:49:11.150 0100|00|00|05|fa0001|365b015f2a[payload->]_*||10,847
2025-08-01T08:49:11.251 0100|01|00|06|f800fe|365b0101ca38[payload->]..8||14,538
2025-08-01T08:59:20.764 0100|00|00|05|fa0001|365b015f2a[payload->]_*||10,847
2025-08-01T08:59:20.865 0100|01|00|06|f801fe|365b0101ca38[payload->]..8||14,538
2025-08-01T09:09:29.184 0100|00|00|05|fa0001|365b015f2a[payload->]_*||10,847
2025-08-01T09:09:29.285 0100|01|00|06|f801fe|365b0101ca38[payload->]..8||14,538
2025-08-01T09:19:38.338 0100|00|00|05|fa0001|365b015f2a[payload->]_*||10,847
2025-08-01T09:19:38.338 0100|01|00|06|f801fe|365b0101ca38[payload->]..8||14,538
2025-08-01T09:29:47.093 0100|00|00|05|fa0001|365b015f2a[payload->]_*||10,847
2025-08-01T09:29:47.194 0100|01|00|06|f801fe|365b0101ca38[payload->]..8||14,538
2025-08-01T10:00:13.028 0100|00|00|05|fa0001|365b015f2a[payload->]_*||10,847
2025-08-01T10:00:13.129 0100|01|00|06|f801fe|365b0101ca38[payload->]..8||14,538
2025-08-01T10:10:22.161 0100|00|00|05|fa0001|365b015f2a[payload->]_*||10,847
2025-08-01T10:10:22.262 0100|01|00|06|f801fe|365b0101ca38[payload->]..8||14,538
2025-08-01T10:20:31.145 0100|00|00|05|fa0001|365b015f2a[payload->]_*||10,847
2025-08-01T10:40:49.049 0100|00|00|05|fa0001|365b015f2a[payload->]_*||10,847
2025-08-01T10:40:49.150 0100|01|00|06|f801fe|365b0101ca38[payload->]..8||14,538
2025-08-01T11:01:07.406 0100|00|00|05|fa0001|365b015f2a[payload->]_*||10,847
2025-08-01T11:01:07.507 0100|01|00|06|f801fe|365b0101ca38[payload->]..8||14,538
2025-08-01T11:11:16.239 0100|00|00|05|fa0001|365b015f2a[payload->]_*||10,847
2025-08-01T11:11:16.340 0100|01|00|06|f801fe|365b0101ca38[payload->]..8||14,538
2025-08-01T11:31:36.291 0100|00|00|05|fa0001|365b015f2a[payload->]_*||10,847
2025-08-01T11:31:36.292 0100|01|00|06|f801fe|365b0101ca38[payload->]..8||14,538
2025-08-01T11:41:44.256 0100|00|00|05|fa0001|365b015f2a[payload->]_*||10,847
2025-08-01T11:41:44.256 0100|01|00|06|f801fe|365b0101ca38[payload->]..8||14,538
2025-08-01T11:51:52.825 0100|00|00|05|fa0001|365b015f2a[payload->]_*||10,847
2025-08-01T11:51:52.926 0100|01|00|06|f801fe|365b0101ca38[payload->]..8||14,538
2025-08-01T12:02:02.409 0100|00|00|05|fa0001|365b015f2a[payload->]_*||10,847
2025-08-01T12:02:02.510 0100|01|00|06|f801fe|365b0101ca38[payload->]..8||14,538
2025-08-01T12:12:11.048 0100|01|00|06|f801fe|365b0101ca38[payload->]..8||14,538
2025-08-01T12:32:28.943 0100|00|00|05|fa0001|365b015f2a[payload->]_*||10,847
2025-08-01T12:32:29.043 0100|01|00|06|f801fe|365b0101ca38[payload->]..8||14,538
2025-08-01T13:02:54.689 0100|00|00|05|fa0001|365b015f2a[payload->]_*||10,847
2025-08-01T13:02:54.790 0100|01|00|06|f801fe|365b0101ca38[payload->]..8||14,538
2025-08-01T13:13:03.595 0100|00|00|05|fa0001|365b015f2a[payload->]_*||10,847
2025-08-01T13:13:03.696 0100|01|00|06|f801fe|365b0101ca38[payload->]..8||14,538
2025-08-01T13:33:21.622 0100|00|00|05|fa0001|365b015f2a[payload->]_*||10,847
2025-08-01T13:33:21.622 0100|01|00|06|f801fe|365b0101ca38[payload->]..8||14,538
2025-08-01T13:43:30.163 0100|00|00|05|fa0001|365b015f2a[payload->]_*||10,847
2025-08-01T13:43:30.265 0100|01|00|06|f801fe|365b0101ca38[payload->]..8||14,538
2025-08-01T13:53:39.080 0100|00|00|05|fa0001|365b015f2a[payload->]_*||10,847
2025-08-01T13:53:39.081 0100|01|00|06|f801fe|365b0101ca38[payload->]..8||14,538
2025-08-01T14:03:47.337 0100|00|00|05|fa0001|365b015f2a[payload->]_*||10,847
2025-08-01T14:03:47.438 0100|01|00|06|f801fe|365b0101ca38[payload->]..8||14,538
2025-08-01T14:13:56.066 0100|00|00|05|fa0001|365b015f2a[payload->]_*||10,847
2025-08-01T14:13:56.167 0100|01|00|06|f801fe|365b0101ca38[payload->]..8||14,538
2025-08-01T14:24:05.022 0100|00|00|05|fa0001|365b015f2a[payload->]_*||10,847
2025-08-01T14:24:05.022 0100|01|00|06|f801fe|365b0101ca38[payload->]..8||14,538
2025-08-01T14:34:13.335 0100|00|00|05|fa0001|365b015f2a[payload->]_*||10,847
2025-08-01T14:34:13.436 0100|01|00|06|f801fe|365b0101ca38[payload->]..8||14,538
2025-08-01T14:44:22.262 0100|00|00|05|fa0001|365b015f2a[payload->]_*||10,847
2025-08-01T14:44:22.363 0100|01|00|06|f801fe|365b0101ca38[payload->]..8||14,538
2025-08-01T15:04:39.928 0100|00|00|05|fa0001|365b015f2a[payload->]_*||10,847
2025-08-01T15:04:40.029 0100|01|00|06|f801fe|365b0101ca38[payload->]..8||14,538
2025-08-01T15:14:48.980 0100|00|00|05|fa0001|365b015f2a[payload->]_*||10,847
2025-08-01T15:14:49.081 0100|01|00|06|f801fe|365b0101ca38[payload->]..8||14,538
2025-08-01T15:35:06.156 0100|00|00|05|fa0001|365b015f2a[payload->]_*||10,847
2025-08-01T15:35:06.257 0100|01|00|06|f801fe|365b0101ca38[payload->]..8||14,538
2025-08-01T15:55:23.493 0100|00|00|05|fa0001|365b015f2a[payload->]_*||10,847
2025-08-01T15:55:23.594 0100|01|00|06|f801fe|365b0101ca38[payload->]..8||14,538
2025-08-01T16:05:32.576 0100|00|00|05|fa0001|365b015f2a[payload->]_*||10,847
2025-08-01T16:35:58.862 0100|00|00|05|fa0001|365b015f2a[payload->]_*||10,847
2025-08-01T16:35:58.963 0100|01|00|06|f801fe|365b0101ca38[payload->]..8||14,538
2025-08-01T16:46:07.763 0100|00|00|05|fa0001|365b015f2a[payload->]_*||10,847
2025-08-01T16:46:07.763 0100|01|00|06|f801fe|365b0101ca38[payload->]..8||14,538
2025-08-01T16:56:16.012 0100|00|00|05|fa0001|365b015f2a[payload->]_*||10,847
2025-08-01T16:56:16.013 0100|01|00|06|f801fe|365b0101ca38[payload->]..8||14,538
2025-08-01T17:06:25.027 0100|00|00|05|fa0001|365b015f2a[payload->]_*||10,847
2025-08-01T17:06:25.028 0100|01|00|06|f801fe|365b0101ca38[payload->]..8||14,538
2025-08-01T17:16:33.616 0100|00|00|05|fa0001|365b015f2a[payload->]_*||10,847
2025-08-01T17:16:33.717 0100|01|00|06|f801fe|365b0101ca38[payload->]..8||14,538
2025-08-01T17:26:42.061 0100|00|00|05|fa0001|365b015f2a[payload->]_*||10,847
2025-08-01T17:26:42.162 0100|01|00|06|f801fe|365b0101ca38[payload->]..8||14,538
2025-08-01T17:36:51.321 0100|00|00|05|fa0001|365b015f2a[payload->]_*||10,847
2025-08-01T17:36:51.422 0100|01|00|06|f801fe|365b0101ca38[payload->]..8||14,538
2025-08-01T17:47:00.267 0100|00|00|05|fa0001|365b015f2a[payload->]_*||10,847
2025-08-01T17:47:00.368 0100|01|00|06|f801fe|365b0101ca38[payload->]..8||14,538
2025-08-01T18:07:17.996 0100|00|00|05|fa0001|365b015f2a[payload->]_*||10,847
2025-08-01T18:07:17.996 0100|01|00|06|f801fe|365b0101ca38[payload->]..8||14,538
2025-08-01T18:27:34.963 0100|00|00|05|fa0001|365b015f2a[payload->]_*||10,847
2025-08-01T18:27:35.064 0100|01|00|06|f801fe|365b0101ca38[payload->]..8||14,538
2025-08-01T18:37:43.091 0100|00|00|05|fa0001|365b015f2a[payload->]_*||10,847
2025-08-01T18:37:43.091 0100|01|00|06|f801fe|365b0101ca38[payload->]..8||14,538
2025-08-01T18:47:50.926 0100|00|00|06|f801fe|365b0101ca38[payload->]..8||14,538
2025-08-01T18:58:00.052 0100|00|00|05|fa0001|365b015f2a[payload->]_*||10,847
2025-08-01T18:58:00.153 0100|01|00|06|f801fe|365b0101ca38[payload->]..8||14,538
2025-08-01T19:18:17.220 0100|00|00|05|fa0001|365b015f2a[payload->]_*||10,847
2025-08-01T19:18:17.220 0100|01|00|06|f801fe|365b0101ca38[payload->]..8||14,538
2025-08-01T19:28:26.250 0100|01|00|06|f801fe|365b0101ca38[payload->]..8||14,538
2025-08-01T19:38:34.796 0100|00|00|05|fa0001|365b015f2a[payload->]_*||10,847
2025-08-01T19:38:34.897 0100|01|00|06|f801fe|365b0101ca38[payload->]..8||14,538
2025-08-01T19:48:43.309 0100|00|00|05|fa0001|365b015f2a[payload->]_*||10,847
2025-08-01T19:48:43.411 0100|01|00|06|f801fe|365b0101ca38[payload->]..8||14,538
2025-08-01T19:58:51.110 0100|00|00|05|fa0001|365b015f2a[payload->]_*||10,847
2025-08-01T19:58:51.211 0100|01|00|06|f801fe|365b0101ca38[payload->]..8||14,538
2025-08-01T20:19:08.389 0100|00|00|05|fa0001|365b015f2a[payload->]_*||10,847
2025-08-01T20:39:26.489 0100|00|00|05|fa0001|365b015f2a[payload->]_*||10,847
2025-08-01T20:39:26.590 0100|01|00|06|f801fe|365b0101ca38[payload->]..8||14,538
2025-08-01T20:49:35.253 0100|00|00|05|fa0001|365b015f2a[payload->]_*||10,847
2025-08-01T20:49:35.253 0100|41|00|06|f801fe|365b0101ca38[payload->]..8||14,538
2025-08-01T21:30:10.165 0100|00|00|05|fa0001|365b015f2a[payload->]_*||10,847
2025-08-01T21:30:10.266 0100|01|00|06|f801fe|365b0101ca38[payload->]..8||14,538
2025-08-01T21:40:19.041 0100|00|00|05|fa0001|365b015f2a[payload->]_*||10,847
2025-08-01T21:40:19.142 0100|01|00|06|f801fe|365b0101ca38[payload->]..8||14,538
2025-08-01T21:50:28.249 0100|00|00|05|fa0001|365b015f2a[payload->]_*||10,847
2025-08-01T21:50:28.350 0100|01|00|06|f801fe|365b0101ca38[payload->]..8||14,538
2025-08-01T22:00:37.290 0100|00|00|05|fa0001|365b015f2a[payload->]_*||10,847
2025-08-01T22:00:37.391 0100|01|00|06|f801fe|365b0101ca38[payload->]..8||14,538
2025-08-01T22:10:46.389 0100|00|00|05|fa0001|365b015f2a[payload->]_*||10,847
2025-08-01T22:10:46.490 0100|01|00|06|f801fe|365b0101ca38[payload->]..8||14,538
2025-08-01T22:20:54.826 0100|00|00|05|fa0001|365b015f2a[payload->]_*||10,847
2025-08-01T22:20:54.927 0100|01|00|06|f801fe|365b0101ca38[payload->]..8||14,538
2025-08-01T22:41:12.877 0100|00|00|05|fa0001|365b015f2a[payload->]_*||10,847
2025-08-01T22:41:12.978 0100|01|00|06|f801fe|365b0101ca38[payload->]..8||14,538
2025-08-01T23:01:30.802 0100|00|00|05|fa0001|365b015f2a[payload->]_*||10,847
2025-08-01T23:01:30.903 0100|01|00|06|f801fe|365b0101ca38[payload->]..8||14,538
2025-08-01T23:11:39.367 0100|00|00|05|fa0001|365b015f2a[payload->]_*||10,847
2025-08-01T23:21:48.465 0100|00|00|05|fa0001|365b015f2a[payload->]_*||10,847
2025-08-01T23:21:48.466 0100|01|00|06|f801fe|365b0101ca38[payload->]..8||14,538
2025-08-01T23:42:05.164 0100|00|00|05|fa0001|365b015f2a[payload->]_*||10,847
2025-08-01T23:52:14.134 0100|00|00|05|fa0001|365b015f2a[payload->]_*||10,847
2025-08-01T23:52:14.236 0100|01|00|06|f801fe|365b0101ca38[payload->]..8||14,538
2025-08-02T00:02:21.896 0100|00|00|05|fa0001|365b015f2a[payload->]_*||10,847
2025-08-02T00:02:21.897 0100|01|00|06|f801fe|365b0101ca38[payload->]..8||14,538
2025-08-02T00:22:40.132 0100|00|00|05|fa0001|365b015f2a[payload->]_*||10,847
2025-08-02T00:22:40.233 0100|01|00|06|f801fe|365b0101ca38[payload->]..8||14,538
2025-08-02T00:32:48.729 0100|00|00|05|fa0001|365b015f2a[payload->]_*||10,847
2025-08-02T00:32:48.830 0100|01|00|06|f801fe|365b0101ca38[payload->]..8||14,538
2025-08-02T00:53:05.165 0100|00|00|05|fa0001|365b015f2a[payload->]_*||10,847
2025-08-02T00:53:05.266 0100|01|00|06|f801fe|365b0101ca38[payload->]..8||14,538
2025-08-02T01:03:14.020 0100|00|00|05|fa0001|365b015f2a[payload->]_*||10,847
2025-08-02T01:03:14.021 0100|01|00|06|f801fe|365b0101ca38[payload->]..8||14,538
2025-08-02T01:13:22.813 0100|00|00|05|fa0001|365b015f2a[payload->]_*||10,847
2025-08-02T01:13:22.914 0100|01|00|06|f801fe|365b0101ca38[payload->]..8||14,538
2025-08-02T01:23:32.215 0100|00|00|05|fa0001|365b015f2a[payload->]_*||10,847
2025-08-02T01:23:32.316 0100|01|00|06|f801fe|365b0101ca38[payload->]..8||14,538
2025-08-02T01:33:41.289 0100|00|00|05|fa0001|365b015f2a[payload->]_*||10,847
2025-08-02T01:33:41.289 0100|01|00|06|f801fe|365b0101ca38[payload->]..8||14,538
2025-08-02T01:53:59.089 0100|00|00|05|fa0001|365b015f2a[payload->]_*||10,847
2025-08-02T01:53:59.191 0100|01|00|06|f801fe|365b0101ca38[payload->]..8||14,538
2025-08-02T02:04:08.219 0100|00|00|05|fa0001|365b015f2a[payload->]_*||10,847
2025-08-02T02:04:08.219 0100|01|00|06|f801fe|365b0101ca38[payload->]..8||14,538
2025-08-02T02:24:26.222 0100|00|00|05|fa0001|365b015f2a[payload->]_*||10,847
2025-08-02T02:24:26.222 0100|01|00|06|f801fe|365b0101ca38[payload->]..8||14,538
2025-08-02T02:34:35.308 0100|00|00|05|fa0001|365b015f2a[payload->]_*||10,847
2025-08-02T02:34:35.409 0100|01|00|06|f801fe|365b0101ca38[payload->]..8||14,538
2025-08-02T02:44:44.040 0100|00|00|05|fa0001|365b015f2a[payload->]_*||10,847
2025-08-02T02:44:44.041 0100|01|00|06|f801fe|365b0101ca38[payload->]..8||14,538
2025-08-02T02:54:52.843 0100|01|00|06|f801fe|365b0101ca38[payload->]..8||14,538
2025-08-02T03:15:10.431 0100|01|00|06|f80001|365b015f2a01[payload->]_*.||0,298
2025-08-02T03:45:35.641 0100|00|00|05|fa0001|365b015f2a[payload->]_*||10,847
2025-08-02T03:55:43.981 0100|00|00|05|fa0001|365b015f2a[payload->]_*||10,847
2025-08-02T03:55:44.284 0100|01|42|46|f801fe|365b0101ca380100000005fa0001503b0443220100010006f801fe503b0409ca240100000005fa0001560e0111150100010006f801fe560e01001af70100000005fa00012000[payload->]..8........P;.C"........P;...$........V............V............. .||0,032
2025-08-02T04:26:10.316 0100|00|00|05|fa0001|365b015f2a[payload->]_*||10,847
2025-08-02T04:26:10.417 0100|4b|40|06|f841fe|365b0101ca38[payload->]..8||14,538
2025-08-02T04:36:18.753 0100|00|00|05|fa0001|365b015f2a[payload->]_*||10,847
2025-08-02T04:36:18.753 0100|09|48|06|f801fe|365b0101ca38[payload->]..8||14,538
2025-08-02T05:06:44.670 0100|00|00|05|fa0001|365b015f2a[payload->]_*||10,847
2025-08-02T05:06:44.670 0100|01|00|06|f801fe|365b0101ca38[payload->]..8||14,538
2025-08-02T05:47:20.037 0100|00|00|05|fa0001|365b015f2a[payload->]_*||10,847
2025-08-02T05:47:20.138 0100|01|00|06|f801fe|365b0101ca38[payload->]..8||14,538
2025-08-02T05:57:28.798 0100|00|00|05|fa0001|365b015f2a[payload->]_*||10,847
2025-08-02T05:57:28.798 0100|01|00|06|f801fe|365b0101ca38[payload->]..8||14,538
2025-08-02T06:07:37.511 0100|00|00|05|fa0001|365b015f2a[payload->]_*||10,847
2025-08-02T06:07:37.612 0100|01|00|06|f885fe|365b0101ca38[payload->]..8||14,538
2025-08-02T06:27:54.973 0100|00|00|05|fa0001|365b015f2a[payload->]_*||10,847
2025-08-02T06:27:55.074 0100|01|00|06|f801fe|365b0101ca38[payload->]..8||14,538
2025-08-02T06:38:04.091 0100|00|00|05|fa0001|365b015f2a[payload->]_*||10,847
2025-08-02T06:38:04.192 0100|01|00|06|f801fe|365b0101ca38[payload->]..8||14,538
2025-08-02T06:48:13.228 0100|00|00|05|fa0001|365b015f2a[payload->]_*||10,847
2025-08-02T06:48:13.330 0100|01|00|06|f801fe|365b0101ca38[payload->]..8||14,538
2025-08-02T07:18:39.994 0100|00|00|05|fa0001|365b015f2a[payload->]_*||10,847
2025-08-02T07:18:40.095 0100|01|00|06|f801fe|365b0101ca38[payload->]..8||14,538
2025-08-02T07:28:49.095 0100|00|00|05|fa0001|365b015f2a[payload->]_*||10,847
2025-08-02T07:28:49.196 0100|01|00|06|f801fe|365b0101ca38[payload->]..8||14,538
2025-08-02T07:49:05.686 0100|00|00|05|fa0001|365b015f2a[payload->]_*||10,847
2025-08-02T07:49:05.788 0100|01|00|06|f801fe|365b0101ca38[payload->]..8||14,538
2025-08-02T08:29:42.027 0100|00|00|05|fa0001|365b015f2a[payload->]_*||10,847
2025-08-02T08:29:42.128 0100|01|00|06|f801fe|365b0101ca38[payload->]..8||14,538
2025-08-02T08:39:50.118 0100|00|00|05|fa0001|365b015f2a[payload->]_*||10,847
2025-08-02T08:39:50.219 0100|01|00|06|f801fe|365b0101ca38[payload->]..8||14,538
2025-08-02T08:49:59.125 0100|00|00|05|fa0001|365b015f2a[payload->]_*||10,847
2025-08-02T09:00:07.551 0100|00|00|05|fa0001|365b015f2a[payload->]_*||10,847
2025-08-02T09:00:07.652 0100|01|00|06|f801fe|365b0101ca38[payload->]..8||14,538
2025-08-02T09:20:24.814 0100|00|00|05|fa0001|365b015f2a[payload->]_*||10,847
2025-08-02T09:20:24.915 0100|01|00|06|f801fe|365b0101ca38[payload->]..8||14,538
2025-08-02T09:30:34.186 0100|00|00|05|fa0001|365b015f2a[payload->]_*||10,847
2025-08-02T09:30:34.287 0100|01|00|06|f801fe|365b0101ca38[payload->]..8||14,538
2025-08-02T09:40:42.280 0100|00|00|05|fa0001|365b015f2a[payload->]_*||10,847
2025-08-02T09:40:42.683 0100|01|00|46|f809fe|365b0101ca380100000005fa0001503b0443220100010006f801fe503b0409ca24e501fe3047004e473120422d414456204e450000000000000000f4360100000005fa000120[payload->]..8........P;.C"........P;...$...0G.NG1 B-ADV NE.........6........ ||8,193
2025-08-02T10:00:59.506 0100|00|00|05|fa0001|365b015f2a[payload->]_*||10,847
2025-08-02T10:00:59.506 0100|01|00|06|f801fe|365b0101ca38[payload->]..8||14,538
2025-08-02T10:31:26.850 0100|00|00|05|fa0001|365b015f2a[payload->]_*||10,847
2025-08-02T10:31:27.153 0100|01|00|46|fa43fe|365b0101ca380100000005fa0001506c00b01d0100410844b20101fe506c0042c1031800a00a00104303010000ffffff004401010000ffffff0545c1031800a00a00000005fa[payload->]..8........Pl.....A.D....Pl.B........C........D........E...........||64,005
2025-08-02T10:41:35.923 0100|00|00|05|fa0001|365b015f2a[payload->]_*||10,847
2025-08-02T10:41:36.025 0100|01|00|06|f801fe|365b0101ca38[payload->]..8||14,538
2025-08-02T11:22:10.217 0100|00|00|05|fa0001|365b015f2a[payload->]_*||10,847
2025-08-02T11:22:10.318 0100|01|00|06|f801fe|365b0101ca38[payload->]..8||14,538
2025-08-02T11:42:28.085 0100|00|00|05|fa0001|365b015f2a[payload->]_*||10,847
2025-08-02T11:42:28.186 0100|01|00|06|f801fe|365b0101ca38[payload->]..8||14,538
2025-08-02T12:12:54.503 0100|00|00|05|fa0001|365b015f2a[payload->]_*||10,847
2025-08-02T12:12:54.603 0100|01|00|06|f841fe|365b0101ca38[payload->]..8||14,538
2025-08-02T12:23:03.380 0100|00|00|05|fa0001|365b015f2a[payload->]_*||10,847
2025-08-02T12:23:03.481 0100|01|00|06|f801fe|365b0101ca38[payload->]..8||14,538
2025-08-02T12:43:20.246 0100|00|00|05|fa0001|365b015f2a[payload->]_*||10,847
2025-08-02T12:43:20.246 0100|01|00|06|f801fe|365b0101ca38[payload->]..8||14,538
2025-08-02T13:23:55.066 0100|00|00|05|fa0001|365b015f2a[payload->]_*||10,847
2025-08-02T13:23:55.167 0100|01|00|06|f801fe|365b0101ca38[payload->]..8||14,538
2025-08-02T13:34:03.751 0100|00|00|05|fa0001|365b015f2a[payload->]_*||10,847
2025-08-02T13:34:03.852 0100|01|00|06|f801fe|365b0101ca38[payload->]..8||14,538
2025-08-02T13:44:11.848 0100|00|00|05|fa0001|365b015f2a[payload->]_*||10,847
2025-08-02T13:44:11.949 0100|01|00|06|f801fe|365b0101ca38[payload->]..8||14,538
2025-08-02T13:54:21.098 0100|00|00|05|fa0001|365b015f2a[payload->]_*||10,847
2025-08-02T13:54:21.199 0100|01|00|06|f801fe|365b0101ca38[payload->]..8||14,538
2025-08-02T14:04:30.109 0100|00|00|05|fa0001|365b015f2a[payload->]_*||10,847
2025-08-02T14:14:38.926 0100|00|00|05|fa0001|365b015f2a[payload->]_*||10,847
2025-08-02T14:14:38.926 0100|01|00|06|f801fe|365b0101ca38[payload->]..8||14,538
2025-08-02T14:45:05.141 0100|00|00|05|fa0001|365b015f2a[payload->]_*||10,847
2025-08-02T14:45:05.242 0100|01|00|06|f801fe|365b0101ca38[payload->]..8||14,538
2025-08-02T14:55:13.814 0100|00|00|05|fa0001|365b015f2a[payload->]_*||10,847
2025-08-02T14:55:13.815 0100|01|00|06|f801fe|365b0101ca38[payload->]..8||14,538
2025-08-02T15:15:32.247 0100|00|00|05|fa0001|365b015f2a[payload->]_*||10,847
2025-08-02T15:15:32.248 0100|01|00|06|f801fe|365b0101ca38[payload->]..8||14,538
2025-08-02T15:45:59.196 0100|00|00|05|fa0001|365b015f2a[payload->]_*||10,847
2025-08-02T15:45:59.297 0100|01|00|06|f801fe|365b0101ca38[payload->]..8||14,538
2025-08-02T15:56:07.586 0100|00|00|05|fa0001|365b015f2a[payload->]_*||10,847
2025-08-02T16:06:16.509 0100|00|00|05|fa0001|365b015f2a[payload->]_*||10,847
2025-08-02T16:06:16.610 0100|01|00|06|f801fe|365b0101ca38[payload->]..8||14,538
2025-08-02T16:16:24.633 0100|00|00|05|fa0001|365b015f2a[payload->]_*||10,847
2025-08-02T16:16:24.734 0100|01|00|06|f801fe|365b0101ca38[payload->]..8||14,538
2025-08-02T16:57:00.184 0100|00|00|05|fa0001|365b015f2a[payload->]_*||10,847
2025-08-02T16:57:00.285 0100|01|00|06|f801fe|365b0101ca38[payload->]..8||14,538
2025-08-02T17:07:09.031 0100|00|00|05|fa0001|365b015f2a[payload->]_*||10,847
2025-08-02T17:07:09.132 0100|01|00|06|f801fe|365b0101ca38[payload->]..8||14,538
2025-08-02T17:27:26.260 0100|00|00|05|fa0001|365b015f2a[payload->]_*||10,847
2025-08-02T17:27:26.260 0100|01|00|06|f801fe|365b0101ca38[payload->]..8||14,538
2025-08-02T17:47:44.052 0100|00|00|05|fa0001|365b015f2a[payload->]_*||10,847
2025-08-02T17:47:44.154 0100|01|00|06|f801fe|365b0101ca38[payload->]..8||14,538
2025-08-02T18:08:02.177 0100|00|00|05|fa0001|365b015f2a[payload->]_*||10,847
2025-08-02T18:08:02.278 0100|01|00|0e|f801fe|365b0101ca380100000005fa0001[payload->]..8........||0,256
2025-08-02T18:38:29.184 0100|00|00|05|fa0001|365b015f2a[payload->]_*||10,847
2025-08-02T18:38:29.184 0100|01|00|06|f801fe|365b0101ca38[payload->]..8||14,538
2025-08-02T18:58:46.907 0100|00|00|05|fa0001|365b015f2a[payload->]_*||10,847
2025-08-02T19:19:04.299 0100|00|00|05|fa0001|365b015f2a[payload->]_*||10,847
2025-08-02T19:19:04.400 0100|01|00|06|f801fe|365b0101ca38[payload->]..8||14,538
2025-08-02T19:29:13.178 0100|00|00|05|fa0001|365b015f2a[payload->]_*||10,847
2025-08-02T19:29:13.279 0100|01|00|06|f801fe|365b0101ca38[payload->]..8||14,538
2025-08-02T19:39:22.812 0100|00|00|05|fa0001|365b015f2a[payload->]_*||10,847
2025-08-02T19:39:22.812 0100|01|00|06|f801fe|365b0101ca38[payload->]..8||14,538
2025-08-02T19:59:40.258 0100|01|00|06|f801fe|365b0101ca38[payload->]..8||14,538
2025-08-02T20:19:57.807 0100|00|00|05|fa0001|365b015f2a[payload->]_*||10,847
2025-08-02T20:19:57.908 0100|01|00|06|f801fe|365b0101ca38[payload->]..8||14,538
2025-08-02T20:30:06.994 0100|00|00|05|fa0001|365b015f2a[payload->]_*||10,847
2025-08-02T20:30:06.994 0100|01|00|06|f801fe|365b0101ca38[payload->]..8||14,538
2025-08-02T20:50:24.351 0100|00|00|05|fa0001|365b015f2a[payload->]_*||10,847
2025-08-02T20:50:24.453 0100|01|00|06|f801fe|365b0101ca38[payload->]..8||14,538
2025-08-02T21:10:41.548 0100|00|00|05|fa0001|365b015f2a[payload->]_*||10,847
2025-08-02T21:10:41.649 0100|01|00|06|f801fe|365b0101ca38[payload->]..8||14,538
2025-08-02T21:20:50.222 0100|00|00|05|fa0001|365b015f2a[payload->]_*||10,847
2025-08-02T21:20:50.323 0100|01|00|06|f801fe|365b0101ca38[payload->]..8||14,538
2025-08-02T22:11:34.494 0100|00|00|05|fa0001|365b015f2a[payload->]_*||10,847
2025-08-02T22:11:34.494 0100|01|00|06|f801fe|365b0101ca38[payload->]..8||14,538
2025-08-02T22:21:43.558 0100|00|00|05|fa0001|365b015f2a[payload->]_*||10,847
2025-08-02T22:21:43.660 0100|01|00|06|f801fe|365b0101ca38[payload->]..8||14,538
2025-08-02T22:31:52.505 0100|00|00|05|fa0001|365b015f2a[payload->]_*||10,847
2025-08-02T22:31:52.606 0100|01|00|06|f801fe|365b0101ca38[payload->]..8||14,538
2025-08-02T22:42:00.268 0100|00|00|05|fa0001|365b015f2a[payload->]_*||10,847
2025-08-02T22:42:00.268 0100|01|00|06|f801fe|365b0101ca38[payload->]..8||14,538
2025-08-02T23:12:27.225 0100|00|00|05|fa0001|365b015f2a[payload->]_*||10,847
2025-08-02T23:12:27.225 0100|01|00|06|f801fe|365b0101ca38[payload->]..8||14,538
2025-08-02T23:32:43.319 0100|00|00|05|fa0001|365b015f2a[payload->]_*||10,847
2025-08-02T23:32:43.420 0100|01|00|06|f801fe|365b0101ca38[payload->]..8||14,538
2025-08-02T23:42:52.538 0100|00|00|05|fa0001|365b015f2a[payload->]_*||10,847
2025-08-02T23:42:52.639 0100|01|00|06|f801fe|365b0101ca38[payload->]..8||14,538
2025-08-02T23:53:01.776 0100|00|00|05|fa0001|365b015f2a[payload->]_*||10,847
2025-08-02T23:53:01.877 0100|01|00|06|f801fe|365b0101ca38[payload->]..8||14,538
2025-08-03T00:03:10.682 0100|00|00|05|fa0001|365b015f2a[payload->]_*||10,847
2025-08-03T00:03:10.783 0100|01|00|06|f801fe|365b0101ca38[payload->]..8||14,538
2025-08-03T00:53:54.649 0100|00|00|05|fa0001|365b015f2a[payload->]_*||10,847
2025-08-03T00:53:54.751 0100|01|00|06|f801fe|365b0101ca38[payload->]..8||14,538
2025-08-03T01:14:12.522 0100|00|00|05|fa0001|365b015f2a[payload->]_*||10,847
2025-08-03T01:14:12.623 0100|01|00|06|f801fe|365b0101ca38[payload->]..8||14,538
2025-08-03T01:24:21.851 0100|01|00|06|f801fe|365b0101ca38[payload->]..8||14,538
2025-08-03T01:34:30.378 0100|00|00|05|fa0001|365b015f2a[payload->]_*||10,847
2025-08-03T01:34:30.479 0100|01|00|06|f801fe|365b0101ca38[payload->]..8||14,538
2025-08-03T01:44:39.034 0100|00|00|05|fa0001|365b015f2a[payload->]_*||10,847
2025-08-03T01:44:39.135 0100|01|00|06|f801fe|365b0101ca38[payload->]..8||14,538
2025-08-03T02:15:04.054 0100|00|00|05|fa0001|365b015f2a[payload->]_*||10,847
2025-08-03T02:15:04.155 0100|01|00|06|f801fe|365b0101ca38[payload->]..8||14,538
2025-08-03T02:25:12.558 0100|00|00|05|fa0001|365b015f2a[payload->]_*||10,847
2025-08-03T02:25:12.559 0100|01|00|06|f801fe|365b0101ca38[payload->]..8||14,538
2025-08-03T02:45:30.821 0100|00|00|05|fa0001|365b015f2a[payload->]_*||10,847
2025-08-03T02:45:30.922 0100|01|00|06|f801fe|365b0101ca38[payload->]..8||14,538
2025-08-03T02:55:39.102 0100|01|00|06|f801fe|365b0101ca38[payload->]..8||14,538
2025-08-03T03:15:55.924 0100|00|00|05|fa0001|365b015f2a[payload->]_*||10,847
2025-08-03T03:15:55.925 0100|01|00|06|f801fe|365b0101ca38[payload->]..8||14,538
2025-08-03T03:26:05.296 0100|00|00|05|fa0001|365b015f2a[payload->]_*||10,847
2025-08-03T03:26:05.397 0100|01|00|06|f801fe|365b0101ca38[payload->]..8||14,538
2025-08-03T03:56:33.497 0100|00|00|05|fa0001|365b015f2a[payload->]_*||10,847
2025-08-03T03:56:33.599 0100|01|00|06|f801fe|365b0101ca38[payload->]..8||14,538
2025-08-03T04:27:00.232 0100|00|00|05|fa0001|365b015f2a[payload->]_*||10,847
2025-08-03T04:27:00.333 0100|01|00|06|f801fe|365b0101ca38[payload->]..8||14,538
2025-08-03T04:37:08.749 0100|00|00|05|fa0001|365b015f2a[payload->]_*||10,847
2025-08-03T04:37:08.951 0100|01|00|06|f801fe|365b0101ca38[payload->]..8||14,538
2025-08-03T04:57:26.310 0100|01|00|06|f801fe|365b0101ca38[payload->]..8||14,538
2025-08-03T05:17:44.436 0100|00|00|05|fa0001|365b015f2a[payload->]_*||10,847
2025-08-03T05:17:44.537 0100|01|00|0e|f801fe|365b0101ca380100000005fa0001[payload->]..8........||0,256
2025-08-03T05:27:53.741 0100|00|00|05|fa0001|365b015f2a[payload->]_*||10,847
2025-08-03T05:27:53.942 0100|01|00|06|f801fe|365b0101ca38[payload->]..8||14,538
2025-08-03T05:38:02.896 0100|00|00|05|fa0001|365b015f2a[payload->]_*||10,847
2025-08-03T05:38:02.997 0100|01|00|06|f801fe|365b0101ca38[payload->]..8||14,538
2025-08-03T06:18:37.741 0100|00|00|05|fa0001|365b015f2a[payload->]_*||10,847
2025-08-03T06:18:37.842 0100|01|00|06|f801fe|365b0101ca38[payload->]..8||14,538
2025-08-03T06:28:46.722 0100|00|00|05|fa0001|365b015f2a[payload->]_*||10,847
2025-08-03T06:28:46.823 0100|01|00|06|f801fe|365b0101ca38[payload->]..8||14,538
2025-08-03T06:49:04.246 0100|00|00|05|fa0001|365b015f2a[payload->]_*||10,847
2025-08-03T06:49:04.347 0100|01|00|06|f801fe|365b0101ca38[payload->]..8||14,538
2025-08-03T07:29:40.217 0100|00|00|05|fa0001|365b015f2a[payload->]_*||10,847
2025-08-03T07:29:40.319 0100|01|00|06|f801fe|365b0101ca38[payload->]..8||14,538
2025-08-03T07:39:48.625 0100|00|00|05|fa0001|365b015f2a[payload->]_*||10,847
2025-08-03T08:10:13.685 0100|00|00|05|fa0001|365b015f2a[payload->]_*||10,847
2025-08-03T08:10:13.686 0100|01|00|06|f801fe|365b0101ca38[payload->]..8||14,538
2025-08-03T08:20:22.630 0100|00|00|05|fa0001|365b015f2a[payload->]_*||10,847
2025-08-03T08:20:22.731 0100|01|00|06|f801fe|365b0101ca38[payload->]..8||14,538
2025-08-03T08:30:31.181 0100|01|00|06|f801fe|365b0101ca38[payload->]..8||14,538
2025-08-03T08:40:40.456 0100|00|00|05|fa0001|365b015f2a[payload->]_*||10,847
2025-08-03T08:40:40.557 0100|01|00|06|f801fe|365b0101ca38[payload->]..8||14,538
2025-08-03T08:50:48.842 0100|00|00|05|fa0001|365b015f2a[payload->]_*||10,847
2025-08-03T08:50:48.943 0100|01|00|06|f801fe|365b0101ca38[payload->]..8||14,538
2025-08-03T09:00:58.536 0100|00|00|05|fa0001|365b015f2a[payload->]_*||10,847
2025-08-03T09:00:58.636 0100|01|00|06|f801fe|365b0101ca38[payload->]..8||14,538
2025-08-03T09:31:23.428 0100|00|00|05|fa0001|365b015f2a[payload->]_*||10,847
2025-08-03T09:31:23.429 0100|01|00|06|f801fe|365b0101ca38[payload->]..8||14,538
2025-08-03T09:51:41.368 0100|00|00|05|fa0001|365b015f2a[payload->]_*||10,847
2025-08-03T09:51:41.469 0100|01|00|06|f801fe|365b0101ca38[payload->]..8||14,538
2025-08-03T10:01:50.133 0100|00|00|05|fa0001|365b015f2a[payload->]_*||10,847
2025-08-03T10:01:50.234 0100|01|00|06|f801fe|365b0101ca38[payload->]..8||14,538
2025-08-03T10:11:59.352 0100|01|00|06|f801fe|365b0101ca38[payload->]..8||14,538
2025-08-03T10:42:25.241 0100|01|00|06|f801fe|365b0101ca38[payload->]..8||14,538
2025-08-03T10:52:34.095 0100|00|00|05|fa0001|365b015f2a[payload->]_*||10,847
2025-08-03T10:52:34.196 0100|01|00|06|f801fe|365b0101ca38[payload->]..8||14,538
2025-08-03T11:02:43.234 0100|00|00|05|fa0001|365b015f2a[payload->]_*||10,847
2025-08-03T11:02:43.335 0100|01|00|06|f801fe|365b0101ca38[payload->]..8||14,538
2025-08-03T11:23:01.305 0100|00|00|05|fa0001|365b015f2a[payload->]_*||10,847
2025-08-03T11:23:01.306 0100|01|00|06|f801fe|365b0101ca38[payload->]..8||14,538
2025-08-03T11:33:10.282 0100|00|00|05|fa0001|365b015f2a[payload->]_*||10,847
2025-08-03T11:33:10.283 0100|01|00|06|f801fe|365b0101ca38[payload->]..8||14,538
2025-08-03T11:43:19.150 0100|00|00|05|fa0001|365b015f2a[payload->]_*||10,847
2025-08-03T11:43:19.150 0100|01|00|06|f801fe|365b0101ca38[payload->]..8||14,538
2025-08-03T11:53:28.585 0100|00|00|05|fa0001|365b015f2a[payload->]_*||10,847
2025-08-03T11:53:28.585 0100|01|00|06|f801fe|365b0101ca38[payload->]..8||14,538
2025-08-03T12:13:46.304 0100|00|00|05|fa0001|365b015f2a[payload->]_*||10,847
2025-08-03T12:13:46.405 0100|01|00|06|f801fe|365b0101ca38[payload->]..8||14,538
2025-08-03T12:23:55.090 0100|00|00|05|fa0001|365b015f2a[payload->]_*||10,847
2025-08-03T12:23:55.191 0100|01|00|06|f801fe|365b0101ca38[payload->]..8||14,538
2025-08-03T12:34:04.175 0100|00|00|05|fa0001|365b015f2a[payload->]_*||10,847
2025-08-03T12:34:04.276 0100|01|00|06|f801fe|365b0101ca38[payload->]..8||14,538
2025-08-03T12:44:13.100 0100|00|00|05|fa0001|365b015f2a[payload->]_*||10,847
2025-08-03T12:44:13.201 0100|01|00|06|f801fe|365b0101ca38[payload->]..8||14,538
2025-08-03T12:54:22.220 0100|00|00|05|fa0001|365b015f2a[payload->]_*||10,847
2025-08-03T12:54:22.220 0100|01|00|06|f801fe|365b0101ca38[payload->]..8||14,538
2025-08-03T13:55:16.222 0100|00|00|05|fa0001|365b015f2a[payload->]_*||10,847
2025-08-03T13:55:16.323 0100|01|00|06|f801fe|365b0101ca38[payload->]..8||14,538
2025-08-03T14:05:25.416 0100|00|00|05|fa0001|365b015f69[payload->]_i||26,975
2025-08-03T14:25:42.966 0100|00|00|05|fa0001|365b015f2a[payload->]_*||10,847
2025-08-03T14:25:43.067 0100|01|00|06|f801fe|365b0101ca38[payload->]..8||14,538
2025-08-03T14:35:51.467 0100|00|00|05|fa0001|365b015f2a[payload->]_*||10,847
2025-08-03T14:35:51.568 0100|01|00|06|f801fe|365b0101ca38[payload->]..8||14,538
2025-08-03T14:45:59.949 0100|00|00|05|fa0001|365b015f2a[payload->]_*||10,847
2025-08-03T14:45:59.949 0100|01|02|06|f841fe|365b0101ca38[payload->]..8||14,538
2025-08-03T14:56:09.010 0100|00|00|05|fa0001|365b015f2a[payload->]_*||10,847
2025-08-03T14:56:09.010 0100|01|00|06|f801fe|365b0101ca38[payload->]..8||14,538
2025-08-03T15:16:26.288 0100|00|00|05|fa0001|365b015f2a[payload->]_*||10,847
2025-08-03T15:16:26.288 0100|01|00|06|f801fe|365b0101ca38[payload->]..8||14,538
2025-08-03T15:26:34.931 0100|00|00|05|fa0001|365b015f2a[payload->]_*||10,847
2025-08-03T15:26:34.931 0100|01|00|06|f801fe|365b0101ca38[payload->]..8||14,538
2025-08-03T15:36:43.681 0100|00|00|05|fa0001|365b015f2a[payload->]_*||10,847
2025-08-03T15:36:43.783 0100|01|00|06|f801fe|365b0101ca38[payload->]..8||14,538
2025-08-03T16:07:09.940 0100|00|00|05|fa0001|365b015f2a[payload->]_*||10,847
2025-08-03T16:07:10.041 0100|01|00|06|f801fe|365b0101ca38[payload->]..8||14,538
2025-08-03T16:17:18.986 0100|00|00|05|fa0001|365b015f2a[payload->]_*||10,847
2025-08-03T16:17:19.088 0100|01|00|06|f801fe|365b0101ca38[payload->]..8||14,538
2025-08-03T16:47:44.763 0100|00|00|05|fa0001|365b015f2a[payload->]_*||10,847
2025-08-03T16:47:44.763 0100|01|00|06|f801fe|365b0101ca38[payload->]..8||14,538
2025-08-03T17:08:02.661 0100|00|00|05|fa0001|365b015f2a[payload->]_*||10,847
2025-08-03T17:08:02.762 0100|01|00|06|f801fe|365b0101ca38[payload->]..8||14,538
2025-08-03T17:28:19.930 0100|00|00|05|fa0001|365b015f2a[payload->]_*||10,847
2025-08-03T17:38:28.871 0100|01|00|06|f801fe|365b0101ca38[payload->]..8||14,538
2025-08-03T17:58:46.928 0100|00|00|05|fa0001|365b015f2a[payload->]_*||10,847
2025-08-03T17:58:47.029 0100|01|00|06|f801fe|365b0101ca38[payload->]..8||14,538
2025-08-03T18:08:55.599 0100|00|00|05|fa0001|365b015f2a[payload->]_*||10,847
2025-08-03T18:08:55.700 0100|01|00|06|f801fe|365b0101ca38[payload->]..8||14,538
