2025-07-30T22:44:59.928 0100|01|00|06|f801fe|345401007199[payload->].q.||39,281
2025-07-30T23:12:59.435 0100|01|00|06|f801fe|345401007199[payload->].q.||39,281
2025-07-31T01:28:19.317 0100|00|00|05|fa0001|345401ff8f[payload->]..||36,863
2025-07-31T01:42:09.419 0100|00|00|05|fa0001|345401ff8f[payload->]..||36,863
2025-07-31T05:43:23.169 0100|00|00|05|fa0001|345401ff8f[payload->]..||36,863
2025-07-31T05:56:32.833 0100|01|00|06|f801fe|345401007199[payload->].q.||39,281
2025-07-31T08:00:14.834 0100|01|00|06|f801fe|345401007199[payload->].q.||39,281
2025-07-31T16:23:23.124 0100|01|00|06|f801fe|345401007199[payload->].q.||39,281
2025-07-31T21:07:06.397 0100|01|00|06|f801fe|345401007199[payload->].q.||39,281
2025-07-31T23:44:40.116 0100|00|00|05|fa0001|345401ff8f[payload->]..||36,863
2025-08-01T01:54:32.500 0100|00|00|05|fa0001|345401ff8f[payload->]..||36,863
2025-08-01T01:58:18.516 0100|01|00|07|f701fe|345401ac0d4338[payload->]..C8||14,403
2025-08-01T02:37:12.075 0100|01|00|06|f801fe|345401007199[payload->].q.||39,281
2025-08-01T02:42:42.073 0100|01|00|06|f801fe|345401007199[payload->].q.||39,281
2025-08-01T07:38:17.012 0100|01|00|06|f801fe|345401007199[payload->].q.||39,281
2025-08-01T07:52:57.063 0100|01|00|06|f801fe|345401007199[payload->].q.||39,281
2025-08-01T07:57:47.729 0100|01|00|06|f801fe|345401007199[payload->].q.||39,281
2025-08-01T08:57:27.093 0100|01|00|06|f801fe|345401007199[payload->].q.||39,281
2025-08-01T09:02:57.086 0100|01|00|06|f801fe|345401007199[payload->].q.||39,281
2025-08-01T09:21:57.036 0100|01|00|06|f801fe|345401007199[payload->].q.||39,281
2025-08-01T09:54:17.254 0100|00|00|05|fa0001|345401ff8f[payload->]..||36,863
2025-08-01T10:48:17.035 0100|00|00|05|fa0001|345401ff8f[payload->]..||36,863
2025-08-01T14:27:42.031 0100|01|00|06|f801fe|345401007199[payload->].q.||39,281
2025-08-01T15:18:43.062 0100|01|00|06|f801fe|345401007199[payload->].q.||39,281
2025-08-01T19:10:14.971 0100|00|00|05|fa0001|345401ff8f[payload->]..||36,863
2025-08-01T19:53:55.007 0100|01|00|06|f801fe|345401007199[payload->].q.||39,281
2025-08-01T22:03:50.006 0100|01|00|06|f801fe|345401007199[payload->].q.||39,281
2025-08-01T22:24:20.298 0100|01|00|06|f801fe|345401007199[payload->].q.||39,281
2025-08-01T22:50:00.042 0100|01|00|06|f801fe|345401007199[payload->].q.||39,281
2025-08-01T23:14:40.144 0100|00|00|05|fa0001|345401ff8f[payload->]..||36,863
2025-08-01T23:43:50.052 0100|01|00|06|f801fe|345401007199[payload->].q.||39,281
2025-08-02T00:39:51.296 0100|01|00|06|f801fe|345401007199[payload->].q.||39,281
2025-08-02T01:24:10.172 0100|01|00|06|f801fe|345401007199[payload->].q.||39,281
2025-08-02T01:56:20.297 0100|01|00|06|f801fe|345401007199[payload->].q.||39,281
2025-08-02T04:25:40.016 0100|00|00|05|fa0001|345401ff8f[payload->]..||36,863
2025-08-02T04:31:40.172 0100|01|00|06|f801fe|345401007199[payload->].q.||39,281
2025-08-02T05:03:40.192 0100|01|00|06|f801fe|345401007199[payload->].q.||39,281
2025-08-02T14:25:10.465 0100|01|00|06|f801fe|345401007199[payload->].q.||39,281
2025-08-02T14:27:30.051 0100|01|00|06|f801fe|345401007199[payload->].q.||39,281
2025-08-02T19:29:41.246 0100|00|00|05|fa0001|345401af2f[payload->]./||12,207
2025-08-03T00:10:48.006 0100|01|00|06|f801fe|345401007199[payload->].q.||39,281
2025-08-03T00:14:27.474 0100|00|00|05|fa0001|345401ff8f[payload->]..||36,863
2025-08-03T00:50:59.230 0100|01|00|06|f801fe|345401007199[payload->].q.||39,281
2025-08-03T00:54:39.896 0100|01|00|06|f801fe|345401007199[payload->].q.||39,281
2025-08-03T05:29:23.296 0100|00|00|05|fa0001|345401ff8f[payload->]..||36,863
2025-08-03T09:07:25.650 0100|01|00|06|f801fe|345401007199[payload->].q.||39,281
2025-08-03T09:52:26.710 0100|01|00|06|f801fe|345401007199[payload->].q.||39,281
2025-08-03T13:08:27.240 0100|01|00|06|f801fe|345401007199[payload->].q.||39,281
2025-08-03T15:59:27.070 0100|00|00|05|fa0001|345401ff8f[payload->]..||36,863
