2025-07-30T20:32:28.884 0100|00|00|05|fa0003|200400d3f3[payload->]..||62,419
2025-07-30T20:38:00.291 0100|00|00|05|fa0003|200400d3f3[payload->]..||62,419
2025-07-30T20:54:58.935 0100|01|00|09|f501fe|200400ffffffff850d[payload->]......||3,461
2025-07-30T21:49:28.487 0100|01|00|09|f501fe|200400ffffffff850d[payload->]......||3,461
2025-07-30T22:29:48.481 0100|01|00|09|f501fe|200400ffffffff850d[payload->]......||3,461
2025-07-30T22:33:28.633 0100|01|00|09|f501fe|200400ffffffff850d[payload->]......||3,461
2025-07-30T22:43:54.191 0100|00|00|05|fa0001|2004006bf2[payload->]k.||62,059
2025-07-30T22:57:04.087 0100|00|00|05|fa0003|200400d3f3[payload->]..||62,419
2025-07-30T23:00:33.605 0100|00|00|05|fa0001|2004006bf2[payload->]k.||62,059
2025-07-30T23:23:28.409 0100|00|00|05|fa0001|2004006bf2[payload->]k.||62,059
2025-07-31T00:22:18.975 0100|00|00|05|fa0003|200400d3f3[payload->]..||62,419
2025-07-31T00:31:43.498 0100|01|00|09|f501fe|200400ffffffff850d[payload->]......||3,461
2025-07-31T01:04:44.004 0100|01|00|09|f501fe|200400ffffffff850d[payload->]......||3,461
2025-07-31T01:10:28.906 0100|01|00|09|f501fe|200400ffffffff850d[payload->]......||3,461
2025-07-31T01:34:28.499 0100|01|00|09|f501fe|200400ffffffff850d[payload->]......||3,461
2025-07-31T02:11:03.864 0100|00|00|05|fa0003|200400d3f3[payload->]..||62,419
2025-07-31T02:17:14.114 0100|01|00|09|f501fe|200400ffffffff850d[payload->]......||3,461
2025-07-31T02:32:38.917 0100|01|00|09|f501fe|200400ffffffff850d[payload->]......||3,461
2025-07-31T02:54:08.550 0100|01|00|09|f501fe|200400ffffffff850d[payload->]......||3,461
2025-07-31T03:08:38.552 0100|01|00|09|f501fe|200400ffffffff850d[payload->]......||3,461
2025-07-31T04:56:29.143 0100|01|00|09|f501fe|200400ffffffff850d[payload->]......||3,461
2025-07-31T05:33:09.280 0100|01|00|09|f501fe|200400ffffffff850d[payload->]......||3,461
2025-07-31T06:27:34.230 0100|01|00|09|f501fe|200400ffffffff850d[payload->]......||3,461
2025-07-31T06:55:39.248 0100|01|00|09|f501fe|200400ffffffff850d[payload->]......||3,461
2025-07-31T06:58:14.464 0100|00|00|05|fa0003|200400d3f3[payload->]..||62,419
2025-07-31T07:51:04.102 0100|00|00|05|fa0003|200400d3f3[payload->]..||62,419
2025-07-31T08:01:29.329 0100|00|00|05|fa0003|200400d3f3[payload->]..||62,419
2025-07-31T08:50:04.301 0100|00|00|05|fa0003|200400d3f3[payload->]..||62,419
2025-07-31T09:02:53.832 0100|01|00|09|f501fe|200400ffffffff850d[payload->]......||3,461
2025-07-31T09:14:09.247 0100|00|00|05|fa0003|200400d3f3[payload->]..||62,419
2025-07-31T10:25:59.151 0100|00|00|05|fa0003|200400d3f3[payload->]..||62,419
2025-07-31T10:36:05.480 0100|00|00|05|fa0003|200400d3f3[payload->]..||62,419
2025-07-31T11:10:33.973 0100|01|00|09|f501fe|200400ffffffff850d[payload->]......||3,461
2025-07-31T11:10:58.815 0100|01|00|09|f501fe|200400ffffffff850d[payload->]......||3,461
2025-07-31T11:31:32.479 0100|01|00|09|f501fe|200400ffffffff850d[payload->]......||3,461
2025-07-31T12:19:28.852 0100|00|00|05|fa0001|2004006bf2[payload->]k.||62,059
2025-07-31T13:26:09.430 0100|01|00|09|f501fe|200400ffffffff850d[payload->]......||3,461
2025-07-31T13:26:49.186 0100|01|00|09|f501fe|200400ffffffff850d[payload->]......||3,461
2025-07-31T13:30:24.840 0100|01|00|09|f501fe|200400ffffffff850d[payload->]......||3,461
2025-07-31T13:33:59.826 0100|01|00|09|f501fe|200400ffffffff850d[payload->]......||3,461
2025-07-31T13:40:44.313 0100|00|00|05|fa0001|2004006bf2[payload->]k.||62,059
2025-07-31T13:44:34.325 0100|00|00|05|fa0003|200400d3f3[payload->]..||62,419
2025-07-31T13:54:29.029 0100|00|00|05|fa0001|2004006bf2[payload->]k.||62,059
2025-07-31T14:09:04.758 0100|01|00|09|f501fe|200400ffffffff850d[payload->]......||3,461
2025-07-31T14:52:59.089 0100|01|00|09|f501fe|200400ffffffff850d[payload->]......||3,461
2025-07-31T14:56:39.091 0100|01|00|09|f501fe|200400ffffffff850d[payload->]......||3,461
2025-07-31T15:16:19.530 0100|00|00|05|fa0003|200400d3f3[payload->]..||62,419
2025-07-31T16:01:24.697 0100|01|00|09|f501fe|200400ffffffff850d[payload->]......||3,461
2025-07-31T16:12:48.690 0100|01|00|09|f501fe|200400ffffffff850d[payload->]......||3,461
2025-07-31T16:17:53.727 0100|01|00|09|f501fe|200400ffffffff850d[payload->]......||3,461
2025-07-31T16:31:33.718 0100|01|00|09|f501fe|200400ffffffff850d[payload->]......||3,461
2025-07-31T16:41:28.788 0100|01|00|09|f501fe|200400ffffffff850d[payload->]......||3,461
2025-07-31T16:44:33.740 0100|01|00|09|f501fe|200400ffffffff850d[payload->]......||3,461
2025-07-31T16:49:03.745 0100|01|00|09|f501fe|200400ffffffff850d[payload->]......||3,461
2025-07-31T17:02:18.843 0100|01|00|09|f501fe|200400ffffffff850d[payload->]......||3,461
2025-07-31T17:48:44.341 0100|00|00|05|fa0003|200400d3f3[payload->]..||62,419
2025-07-31T18:28:19.117 0100|00|00|05|fa0003|200400d3f3[payload->]..||62,419
2025-07-31T18:32:43.751 0100|00|00|05|fa0001|2004006bf2[payload->]k.||62,059
2025-07-31T20:23:29.088 0100|01|00|09|f501fe|200400ffffffff850d[payload->]......||3,461
2025-07-31T20:28:03.665 0100|00|00|05|fa0001|2004006bf2[payload->]k.||62,059
2025-07-31T20:36:13.907 0100|01|00|09|f501fe|200400ffffffff850d[payload->]......||3,461
2025-07-31T20:42:39.281 0100|01|00|09|f501fe|200400ffffffff850d[payload->]......||3,461
2025-07-31T21:13:38.665 0100|00|00|05|fa0001|2004006bf2[payload->]k.||62,059
2025-07-31T21:16:48.721 0100|01|00|09|f501fe|200400ffffffff850d[payload->]......||3,461
2025-07-31T21:25:13.804 0100|01|00|09|f501fe|200400ffffffff850d[payload->]......||3,461
2025-07-31T21:25:14.412 0100|00|00|05|fa0003|200400d3f3[payload->]..||62,419
2025-07-31T22:23:38.813 0100|01|00|09|f501fe|200400ffffffff850d[payload->]......||3,461
2025-07-31T22:29:38.943 0100|01|00|09|f501fe|200400ffffffff850d[payload->]......||3,461
2025-07-31T22:50:44.005 0100|01|00|09|f501fe|200400ffffffff850d[payload->]......||3,461
2025-07-31T22:51:29.156 0100|01|00|09|f501fe|200400ffffffff850d[payload->]......||3,461
2025-07-31T22:54:43.867 0100|00|00|05|fa0001|2004006bf2[payload->]k.||62,059
2025-07-31T22:54:53.761 0100|01|00|09|f501fe|200400ffffffff850d[payload->]......||3,461
2025-07-31T23:17:28.719 0100|00|00|05|fa0001|2004006bf2[payload->]k.||62,059
2025-07-31T23:18:34.197 0100|01|00|09|f501fe|200400ffffffff850d[payload->]......||3,461
2025-07-31T23:33:18.715 0100|00|00|05|fa0001|2004006bf2[payload->]k.||62,059
2025-07-31T23:39:29.162 0100|00|00|05|fa0003|200400d3f3[payload->]..||62,419
2025-07-31T23:47:13.964 0100|01|00|09|f501fe|200400ffffffff850d[payload->]......||3,461
2025-07-31T23:54:54.316 0100|01|00|09|f501fe|200400ffffffff850d[payload->]......||3,461
2025-08-01T00:05:20.069 0100|01|00|09|f501fe|200400ffffffff850d[payload->]......||3,461
2025-08-01T00:14:43.896 0100|01|00|09|f501fe|200400ffffffff850d[payload->]......||3,461
2025-08-01T00:25:43.970 0100|01|00|09|f501fe|200400ffffffff850d[payload->]......||3,461
2025-08-01T00:44:33.808 0100|01|00|09|f501fe|200400ffffffff850d[payload->]......||3,461
2025-08-01T00:59:44.430 0100|01|00|09|f501fe|200400ffffffff850d[payload->]......||3,461
2025-08-01T01:17:23.807 0100|01|00|09|f501fe|200400ffffffff850d[payload->]......||3,461
2025-08-01T01:48:13.827 0100|01|00|09|f501fe|200400ffffffff850d[payload->]......||3,461
2025-08-01T01:52:33.857 0100|01|00|09|f501fe|200400ffffffff850d[payload->]......||3,461
2025-08-01T01:56:53.830 0100|01|00|09|f501fe|200400ffffffff850d[payload->]......||3,461
2025-08-01T02:42:08.866 0100|01|00|09|f501fe|200400ffffffff850d[payload->]......||3,461
2025-08-01T02:44:03.791 0100|01|00|09|f501fe|200400ffffffff850d[payload->]......||3,461
2025-08-01T02:49:33.888 0100|01|00|09|f501fe|200400ffffffff850d[payload->]......||3,461
2025-08-01T03:25:39.304 0100|01|00|09|f501fe|200400ffffffff850d[payload->]......||3,461
2025-08-01T04:00:13.884 0100|01|00|09|f501fe|200400ffffffff850d[payload->]......||3,461
2025-08-01T04:00:59.430 0100|00|00|05|fa0003|200400d3f3[payload->]..||62,419
2025-08-01T04:06:38.880 0100|01|00|09|f501fe|200400ffffffff850d[payload->]......||3,461
2025-08-01T04:25:28.844 0100|01|00|09|f501fe|200400ffffffff850d[payload->]......||3,461
2025-08-01T04:27:38.720 0100|00|00|05|fa0001|2004006bf2[payload->]k.||62,059
2025-08-01T04:48:28.744 0100|00|00|05|fa0001|2004006bf2[payload->]k.||62,059
2025-08-01T04:52:43.898 0100|01|00|09|f501fe|200400ffffffff850d[payload->]......||3,461
2025-08-01T05:01:03.850 0100|01|00|09|f501fe|200400ffffffff850d[payload->]......||3,461
2025-08-01T05:16:43.841 0100|00|00|05|fa0001|2004006bf2[payload->]k.||62,059
2025-08-01T06:25:43.878 0100|01|00|09|f501fe|200400ffffffff850d[payload->]......||3,461
2025-08-01T06:43:15.250 0100|01|00|09|f501fe|200400ffffffff850d[payload->]......||3,461
2025-08-01T08:08:08.883 0100|01|00|09|f501fe|200400ffffffff850d[payload->]......||3,461
2025-08-01T08:11:49.383 0100|01|00|09|f501fe|200400ffffffff850d[payload->]......||3,461
2025-08-01T08:29:04.541 0100|01|00|09|f501fe|200400ffffffff850d[payload->]......||3,461
2025-08-01T08:50:15.656 0100|01|00|09|f501fe|200400ffffffff850d[payload->]......||3,461
2025-08-01T08:55:31.831 0100|01|00|09|f501fe|200400ffffffff850d[payload->]......||3,461
2025-08-01T08:58:08.874 0100|01|00|09|f501fe|200400ffffffff850d[payload->]......||3,461
2025-08-01T09:11:19.514 0100|01|00|09|f501fe|200400ffffffff850d[payload->]......||3,461
2025-08-01T09:37:39.312 0100|00|00|05|fa0003|200400d3f3[payload->]..||62,419
2025-08-01T09:41:08.885 0100|01|00|09|f501fe|200400ffffffff850d[payload->]......||3,461
2025-08-01T09:42:23.992 0100|01|00|09|f501fe|200400ffffffff850d[payload->]......||3,461
2025-08-01T10:01:44.014 0100|01|00|09|f501fe|200400ffffffff850d[payload->]......||3,461
2025-08-01T10:45:23.912 0100|01|00|09|f501fe|200400ffffffff850d[payload->]......||3,461
2025-08-01T10:53:49.379 0100|00|00|05|fa0003|200400d3f3[payload->]..||62,419
2025-08-01T10:55:28.918 0100|01|00|09|f501fe|200400ffffffff850d[payload->]......||3,461
2025-08-01T11:20:48.809 0100|00|00|05|fa0001|2004006bf2[payload->]k.||62,059
2025-08-01T11:32:18.888 0100|01|00|09|f501fe|200400ffffffff850d[payload->]......||3,461
2025-08-01T11:33:44.600 0100|00|00|05|fa0003|200400d3f3[payload->]..||62,419
2025-08-01T12:02:38.869 0100|01|00|09|f501fe|200400ffffffff850d[payload->]......||3,461
2025-08-01T12:11:29.234 0100|00|00|05|fa0003|200400d3f3[payload->]..||62,419
2025-08-01T12:15:58.995 0100|01|00|09|f501fe|200400ffffffff850d[payload->]......||3,461
2025-08-01T12:16:09.386 0100|01|00|09|f501fe|200400ffffffff850d[payload->]......||3,461
2025-08-01T12:22:58.929 0100|01|00|09|f501fe|200400ffffffff850d[payload->]......||3,461
2025-08-01T12:36:13.920 0100|01|00|09|f501fe|200400ffffffff850d[payload->]......||3,461
2025-08-01T12:44:13.934 0100|01|00|09|f501fe|200400ffffffff850d[payload->]......||3,461
2025-08-01T12:51:58.999 0100|01|00|09|f501fe|200400ffffffff850d[payload->]......||3,461
2025-08-01T12:53:24.011 0100|01|00|09|f501fe|200400ffffffff850d[payload->]......||3,461
2025-08-01T13:14:03.953 0100|01|00|09|f501fe|200400ffffffff850d[payload->]......||3,461
2025-08-01T13:23:18.905 0100|01|00|09|f501fe|200400ffffffff850d[payload->]......||3,461
2025-08-01T13:23:33.926 0100|01|00|09|f501fe|200400ffffffff850d[payload->]......||3,461
2025-08-01T13:30:03.894 0100|01|00|09|f501fe|200400ffffffff850d[payload->]......||3,461
2025-08-01T13:43:19.339 0100|00|00|05|fa0003|200400d3f3[payload->]..||62,419
2025-08-01T14:09:14.010 0100|01|00|09|f501fe|200400ffffffff850d[payload->]......||3,461
2025-08-01T14:21:28.961 0100|01|00|09|f501fe|200400ffffffff850d[payload->]......||3,461
2025-08-01T14:58:04.012 0100|01|00|09|f501fe|200400ffffffff850d[payload->]......||3,461
2025-08-01T15:05:54.573 0100|00|00|05|fa0003|200400d3f3[payload->]..||62,419
2025-08-01T15:47:14.039 0100|01|00|09|f501fe|200400ffffffff850d[payload->]......||3,461
2025-08-01T15:58:34.476 0100|01|00|09|f501fe|200400ffffffff850d[payload->]......||3,461
2025-08-01T15:58:54.448 0100|00|00|05|fa0003|200400d3f3[payload->]..||62,419
2025-08-01T16:27:49.186 0100|01|00|09|f501fe|200400ffffffff850d[payload->]......||3,461
2025-08-01T16:37:29.527 0100|00|00|05|fa0003|200400d3f3[payload->]..||62,419
2025-08-01T16:42:38.996 0100|01|00|09|f501fe|200400ffffffff850d[payload->]......||3,461
2025-08-01T16:57:28.990 0100|01|00|09|f501fe|200400ffffffff850d[payload->]......||3,461
2025-08-01T17:43:08.941 0100|01|00|09|f501fe|200400ffffffff850d[payload->]......||3,461
2025-08-01T17:45:53.915 0100|00|00|05|fa0001|2004006bf2[payload->]k.||62,059
2025-08-01T18:22:28.981 0100|01|00|09|f501fe|200400ffffffff850d[payload->]......||3,461
2025-08-01T18:25:03.919 0100|00|00|05|fa0001|2004006bf2[payload->]k.||62,059
2025-08-01T18:51:04.036 0100|01|00|09|f501fe|200400ffffffff850d[payload->]......||3,461
2025-08-01T19:04:18.981 0100|01|00|09|f501fe|200400ffffffff850d[payload->]......||3,461
2025-08-01T19:05:54.000 0100|01|00|09|f501fe|200400ffffffff850d[payload->]......||3,461
2025-08-01T19:52:44.459 0100|00|00|05|fa0003|200400d3f3[payload->]..||62,419
2025-08-01T19:59:24.023 0100|01|00|09|f501fe|200400ffffffff850d[payload->]......||3,461
2025-08-01T20:25:44.464 0100|01|00|09|f501fe|200400ffffffff850d[payload->]......||3,461
2025-08-01T20:36:54.064 0100|01|00|09|f501fe|200400ffffffff850d[payload->]......||3,461
2025-08-01T20:38:09.352 0100|00|00|05|fa0003|200400d3f3[payload->]..||62,419
2025-08-01T20:52:14.055 0100|00|00|05|fa0001|2004006bf2[payload->]k.||62,059
2025-08-01T20:56:59.039 0100|01|00|09|f501fe|200400ffffffff850d[payload->]......||3,461
2025-08-01T22:54:34.113 0100|01|00|09|f501fe|200400ffffffff850d[payload->]......||3,461
2025-08-01T23:02:54.797 0100|00|00|05|fa0003|200400d3f3[payload->]..||62,419
2025-08-01T23:03:39.124 0100|01|00|09|f501fe|200400ffffffff850d[payload->]......||3,461
2025-08-02T00:57:29.900 0100|00|00|05|fa0003|200400d3f3[payload->]..||62,419
2025-08-02T01:00:09.275 0100|01|00|09|f501fe|200400ffffffff850d[payload->]......||3,461
2025-08-02T03:39:49.435 0100|01|00|09|f501fe|200400ffffffff850d[payload->]......||3,461
2025-08-02T04:12:29.899 0100|01|00|09|f501fe|200400ffffffff850d[payload->]......||3,461
2025-08-02T06:45:34.189 0100|00|00|05|fa0001|2004006bf2[payload->]k.||62,059
2025-08-02T07:48:05.020 0100|01|00|09|f501fe|200400ffffffff850d[payload->]......||3,461
2025-08-02T08:09:14.160 0100|01|00|09|f501fe|200400ffffffff850d[payload->]......||3,461
2025-08-02T09:11:44.288 0100|01|00|09|f501fe|200400ffffffff850d[payload->]......||3,461
2025-08-02T09:52:29.558 0100|01|00|09|f501fe|200400ebfeffff950d[payload->]......||3,477
2025-08-02T10:45:49.280 0100|00|00|05|fa0001|2004006bf2[payload->]k.||62,059
2025-08-02T10:54:59.297 0100|00|00|05|fa0001|2004006bf2[payload->]k.||62,059
2025-08-02T11:22:59.377 0100|01|00|09|f501fe|200400ffffffff850d[payload->]......||3,461
2025-08-02T11:58:59.636 0100|00|00|05|fa0003|200400d3f3[payload->]..||62,419
2025-08-02T12:41:09.294 0100|01|00|09|f501fe|200400ffffffff850d[payload->]......||3,461
2025-08-02T12:45:49.224 0100|01|00|09|f501fe|200400ffffffff850d[payload->]......||3,461
2025-08-02T12:48:44.458 0100|00|00|05|fa0001|2004006bf2[payload->]k.||62,059
2025-08-02T12:51:09.596 0100|01|00|09|f501fe|200400ffffffff850d[payload->]......||3,461
2025-08-02T14:34:24.682 0100|01|00|09|f501fe|200400ffffffff850d[payload->]......||3,461
2025-08-02T14:52:29.691 0100|00|00|05|fa0003|200400d3f3[payload->]..||62,419
2025-08-02T15:19:29.272 0100|01|00|09|f501fe|200400ffffffff850d[payload->]......||3,461
2025-08-02T17:01:44.322 0100|00|00|05|fa0001|2004006bf2[payload->]k.||62,059
2025-08-02T17:18:14.607 0100|01|00|09|f501fe|200400ffffffff850d[payload->]......||3,461
2025-08-02T17:26:54.738 0100|00|00|05|fa0003|200400d3f3[payload->]..||62,419
2025-08-02T17:56:09.371 0100|01|00|09|f501fe|200400ffffffff850d[payload->]......||3,461
2025-08-02T18:01:49.751 0100|01|00|09|f501fe|200400ffffffff850d[payload->]......||3,461
2025-08-02T18:22:49.373 0100|01|00|09|f501fe|200400ffffffff850d[payload->]......||3,461
2025-08-02T18:34:49.852 0100|01|00|09|f501fe|200400ffffffff850d[payload->]......||3,461
2025-08-02T19:11:54.794 0100|01|00|09|f501fe|200400ffffffff850d[payload->]......||3,461
2025-08-02T19:15:24.499 0100|01|00|09|f501fe|200400ffffffff850d[payload->]......||3,461
2025-08-02T19:18:24.397 0100|01|00|09|f501fe|200400ffffffff850d[payload->]......||3,461
2025-08-02T19:29:35.090 0100|01|00|09|f501fe|200400ffffffff850d[payload->]......||3,461
2025-08-02T19:38:39.567 0100|00|00|05|fa0001|2004006bf2[payload->]k.||62,059
2025-08-02T19:38:39.668 0100|01|00|09|f501fe|200400ffffffff850d[payload->]......||3,461
2025-08-02T19:40:14.609 0100|01|00|09|f501fe|200400fcfdf7ff850d[payload->]......||3,461
2025-08-02T20:02:25.022 0100|01|00|09|f501fe|200400ffffffff850d[payload->]......||3,461
2025-08-02T21:04:19.632 0100|01|00|09|f501fe|200400ffffffff850d[payload->]......||3,461
2025-08-02T21:18:29.561 0100|01|00|09|f501fe|200400ffffffff850d[payload->]......||3,461
2025-08-02T21:48:09.741 0100|00|00|05|fa0003|200400d3f3[payload->]..||62,419
2025-08-02T21:52:49.778 0100|00|00|05|fa0003|200400d3f3[payload->]..||62,419
2025-08-02T21:56:25.051 0100|01|00|09|f501fe|200400ffffffff850d[payload->]......||3,461
2025-08-02T22:04:29.372 0100|01|00|09|f501fe|200400ffffffff850d[payload->]......||3,461
2025-08-02T22:13:45.764 0100|00|00|05|fa0003|200400d3f3[payload->]..||62,419
2025-08-02T22:23:39.490 0100|01|00|09|f501fe|200400ffffffff850d[payload->]......||3,461
2025-08-02T22:36:54.885 0100|01|00|09|f501fe|200400ffffffff850d[payload->]......||3,461
2025-08-02T23:10:39.668 0100|01|00|09|f501fe|200400ffffffff850d[payload->]......||3,461
2025-08-02T23:23:05.144 0100|00|00|05|fa0003|200400d3f3[payload->]..||62,419
2025-08-02T23:30:59.285 0100|00|00|05|fa0001|2004006bf2[payload->]k.||62,059
2025-08-03T00:36:54.773 0100|00|00|05|fa0001|2004006bf2[payload->]k.||62,059
2025-08-03T00:42:19.517 0100|01|00|09|f501fe|200400ffffffff850d[payload->]......||3,461
2025-08-03T01:21:39.897 0100|01|00|09|f501fe|200400ffffffff850d[payload->]......||3,461
2025-08-03T02:34:04.964 0100|01|00|09|f501fe|200400ffffffff850d[payload->]......||3,461
2025-08-03T02:48:19.828 0100|01|00|09|f501fe|200400ffffffff850d[payload->]......||3,461
2025-08-03T02:52:39.908 0100|00|00|05|fa0003|200400d3f3[payload->]..||62,419
2025-08-03T03:10:44.440 0100|01|00|09|f501fe|200400ffffffff850d[payload->]......||3,461
2025-08-03T03:14:59.552 0100|01|00|09|f501fe|200400ffffffff850d[payload->]......||3,461
2025-08-03T03:18:19.755 0100|00|00|05|fa0001|2004006bf2[payload->]k.||62,059
2025-08-03T04:08:34.592 0100|01|00|09|f501fe|200400ffffffff850d[payload->]......||3,461
2025-08-03T04:25:44.494 0100|01|00|09|f501fe|200400ffffffff850d[payload->]......||3,461
2025-08-03T04:37:30.068 0100|00|00|05|fa0003|200400d3f3[payload->]..||62,419
2025-08-03T04:50:00.059 0100|01|00|09|f501fe|200400ffffffff850d[payload->]......||3,461
2025-08-03T05:22:54.500 0100|01|00|09|f501fe|200400ffffffff850d[payload->]......||3,461
2025-08-03T05:28:20.099 0100|00|00|05|fa0003|200400d3f3[payload->]..||62,419
2025-08-03T05:55:59.487 0100|01|00|09|f501fe|200400ffffffff850d[payload->]......||3,461
2025-08-03T06:03:24.568 0100|01|00|09|f501fe|200400ffffffff850d[payload->]......||3,461
2025-08-03T06:05:04.532 0100|00|00|05|fa0001|2004006bf2[payload->]k.||62,059
2025-08-03T06:14:59.441 0100|00|00|05|fa0001|2004006bf2[payload->]k.||62,059
2025-08-03T06:21:34.560 0100|01|00|09|f501fe|200400ffffffff850d[payload->]......||3,461
2025-08-03T06:25:04.456 0100|01|00|09|f501fe|200400ffffffff850d[payload->]......||3,461
2025-08-03T07:13:39.916 0100|01|00|09|f501fe|200400ffffffff850d[payload->]......||3,461
2025-08-03T07:16:24.987 0100|01|00|09|f501fe|200400ffffffff850d[payload->]......||3,461
2025-08-03T08:14:24.978 0100|00|00|05|fa0003|200400d3f3[payload->]..||62,419
2025-08-03T08:24:44.937 0100|00|00|05|fa0003|200400d3f3[payload->]..||62,419
2025-08-03T08:32:49.552 0100|01|00|09|f501fe|200400ffffffff850d[payload->]......||3,461
2025-08-03T08:45:55.400 0100|00|00|05|fa0003|200400d3f3[payload->]..||62,419
2025-08-03T08:50:35.092 0100|00|00|05|fa0003|200400d3f3[payload->]..||62,419
2025-08-03T08:52:55.176 0100|00|00|05|fa0003|200400d3f3[payload->]..||62,419
2025-08-03T09:07:44.627 0100|01|00|09|f501fe|200400ffffffff850d[payload->]......||3,461
2025-08-03T09:30:14.546 0100|01|00|09|f501fe|200400ffffffff850d[payload->]......||3,461
2025-08-03T09:36:21.926 0100|01|00|09|f501fe|2004000005fa000130[payload->].....0||12,289
2025-08-03T09:54:24.432 0100|01|00|09|f501fe|200400ffffffff850d[payload->]......||3,461
2025-08-03T10:06:44.790 0100|00|00|05|fa0003|200400d3f3[payload->]..||62,419
2025-08-03T10:22:44.945 0100|01|00|09|f501fe|200400ffffffff850d[payload->]......||3,461
2025-08-03T10:22:54.534 0100|01|00|09|f501fe|200400ffffffff850d[payload->]......||3,461
2025-08-03T11:44:00.089 0100|00|00|05|fa0003|200400d3f3[payload->]..||62,419
2025-08-03T12:28:34.529 0100|01|00|09|f501fe|200400ffffffff850d[payload->]......||3,461
2025-08-03T12:29:09.535 0100|01|00|09|f501fe|200400ffffffff850d[payload->]......||3,461
2025-08-03T12:45:09.515 0100|00|00|05|fa0001|2004006bf2[payload->]k.||62,059
2025-08-03T13:15:39.576 0100|01|00|09|f501fe|200400ffffffff850d[payload->]......||3,461
2025-08-03T13:40:05.074 0100|00|00|05|fa0003|200400d3f3[payload->]..||62,419
2025-08-03T14:10:29.978 0100|01|00|09|f501fe|200400ffffffff850d[payload->]......||3,461
2025-08-03T14:33:14.932 0100|01|00|09|f501fe|200400ffffffff850d[payload->]......||3,461
2025-08-03T14:35:55.316 0100|00|00|05|fa0003|200400d3f3[payload->]..||62,419
2025-08-03T15:44:45.309 0100|00|00|05|fa0003|200400d3f3[payload->]..||62,419
2025-08-03T17:14:14.514 0100|00|00|05|fa0001|2004006bf2[payload->]k.||62,059
