2025-07-30T20:34:22.001 0100|00|00|05|fa0001|343201cfa5[payload->]..||42,447
2025-07-30T20:34:22.303 0100|01|00|18|e601fe|34320102c81024a00084ffffffffffffffffffffffff2508[payload->]...$...............%.||2,085
2025-07-30T21:04:21.961 0100|00|00|05|fa0001|343201cfa5[payload->]..||42,447
2025-07-30T21:04:22.163 0100|01|00|18|e601fe|34320102c81024a00084ffffffffffffffffffffffff2508[payload->]...$...............%.||2,085
2025-07-30T21:34:21.949 0100|00|00|05|fa0001|343201cfa5[payload->]..||42,447
2025-07-30T21:34:22.150 0100|01|00|18|e601fe|34320102c81024a00084ffffffffffffffffffffffff2508[payload->]...$...............%.||2,085
2025-07-30T22:04:21.980 0100|00|00|05|fa0001|343201cfa5[payload->]..||42,447
2025-07-30T22:04:22.182 0100|01|00|18|e601fe|34320102c81024a00084ffffffffffffffffffffffff2508[payload->]...$...............%.||2,085
2025-07-30T22:34:21.952 0100|00|00|05|fa0001|343201cfa5[payload->]..||42,447
2025-07-30T22:34:22.154 0100|01|00|18|e601fe|34320102c81024a00084ffffffffffffffffffffffff2508[payload->]...$...............%.||2,085
2025-07-30T23:04:22.057 0100|00|00|05|fa0001|343201cfa5[payload->]..||42,447
2025-07-30T23:04:22.158 0100|01|00|18|e601fe|34320102c81024a00084ffffffffffffffffffffffff2508[payload->]...$...............%.||2,085
2025-07-30T23:34:22.038 0100|00|00|05|fa0001|343201cfa5[payload->]..||42,447
2025-07-30T23:34:22.139 0100|01|00|18|e601fe|34320102c81024a00084ffffffffffffffffffffffff2508[payload->]...$...............%.||2,085
2025-07-31T00:04:22.035 0100|00|00|05|fa0001|343201cfa5[payload->]..||42,447
2025-07-31T00:04:22.236 0100|01|00|18|e601fe|34320102c81024a00084ffffffffffffffffffffffff2508[payload->]...$...............%.||2,085
2025-07-31T00:34:22.045 0100|00|00|05|fa0001|343201cfa5[payload->]..||42,447
2025-07-31T00:34:22.146 0100|01|00|18|e601fe|34320102c81024a00084ffffffffbfffffffffffffff2508[payload->]...$...............%.||2,085
2025-07-31T01:04:21.987 0100|00|00|05|fa0001|343201cfa5[payload->]..||42,447
2025-07-31T01:04:22.088 0100|01|00|18|e601fe|34320102c81024a00084fffffffffffffffffffff7ff2508[payload->]...$...............%.||2,085
2025-07-31T01:34:22.036 0100|00|00|05|fa0001|343201cfa5[payload->]..||42,447
2025-07-31T01:34:22.137 0100|01|00|18|e601fe|34320102c81024a00084ffffffffffffffffffffffff2508[payload->]...$...............%.||2,085
2025-07-31T02:04:22.037 0100|00|00|05|fa0001|343201cfa5[payload->]..||42,447
2025-07-31T02:04:22.138 0100|01|00|18|e601fe|34320102c81024a00084ffffffffffffffffffffffff2508[payload->]...$...............%.||2,085
2025-07-31T02:31:28.037 0100|00|00|05|fa0001|343201cfa5[payload->]..||42,447
2025-07-31T02:31:28.139 0100|01|00|18|e601fe|34320102c81024a00084ffffffffffffffffffffffff2508[payload->]...$...............%.||2,085
2025-07-31T02:34:23.562 0100|00|00|05|fa0001|343201cfa5[payload->]..||42,447
2025-07-31T02:34:23.764 0100|01|00|18|e601fe|34320102c81024a00084ffffffffffffffffffffffff2508[payload->]...$...............%.||2,085
2025-07-31T03:04:23.694 0100|00|00|05|fa0001|343201cfa5[payload->]..||42,447
2025-07-31T03:04:23.795 0100|01|00|18|e601fe|34320102c81024a00084ffffffffffffffffffffffff2508[payload->]...$...............%.||2,085
2025-07-31T03:34:23.686 0100|00|00|05|fa0001|343201cfa5[payload->]..||42,447
2025-07-31T03:34:23.787 0100|01|00|18|e601fe|34320102c81024a00084ffffffffffffffffffffffff2508[payload->]...$...............%.||2,085
2025-07-31T04:04:23.747 0100|00|00|05|fa0001|343201cfa5[payload->]..||42,447
2025-07-31T04:04:23.949 0100|01|00|18|e601fe|34320102c81024a00084ffffffffffffffffffffffff2508[payload->]...$...............%.||2,085
2025-07-31T04:34:23.663 0100|00|00|05|fa0001|343201cfa5[payload->]..||42,447
2025-07-31T04:34:23.764 0100|01|00|18|e601fe|34320102c81024a00084ffffffffffffffffffffffff2508[payload->]...$...............%.||2,085
2025-07-31T05:04:25.669 0100|00|00|05|fa0001|343201cfa5[payload->]..||42,447
2025-07-31T05:04:25.871 0100|01|00|18|e601fe|34320102c81024a00084ffffffffffffffffffffffff2508[payload->]...$...............%.||2,085
2025-07-31T05:34:25.797 0100|00|00|05|fa0001|343201cfa5[payload->]..||42,447
2025-07-31T05:34:25.998 0100|01|00|18|e601fe|34320102c81024a00084ffffffffffffffffffffffff2508[payload->]...$...............%.||2,085
2025-07-31T06:04:27.028 0100|00|00|05|fa0001|343201cfa5[payload->]..||42,447
2025-07-31T06:04:27.129 0100|01|00|18|e601fe|34320102c81024a00084ffffffffffffffffffffffff2508[payload->]...$...............%.||2,085
2025-07-31T06:34:26.468 0100|00|00|05|fa0001|343201cfa5[payload->]..||42,447
2025-07-31T06:34:26.670 0100|01|00|18|e601fe|34320102c81024a00084ffffffffffffffffffffffff2508[payload->]...$...............%.||2,085
2025-07-31T07:04:26.538 0100|00|00|05|fa0001|343201cfa5[payload->]..||42,447
2025-07-31T07:04:26.639 0100|01|00|18|e601fe|34320102c81024a00084ffffffffffffffffffffffff2508[payload->]...$...............%.||2,085
2025-07-31T07:34:26.496 0100|00|00|05|fa0001|343201cfa5[payload->]..||42,447
2025-07-31T08:04:26.526 0100|00|00|05|fa0001|343201cfa5[payload->]..||42,447
2025-07-31T08:04:26.627 0100|01|00|18|e601fe|34320102c81024a00084ffffffffffffffffffffffff2508[payload->]...$...............%.||2,085
2025-07-31T09:04:26.530 0100|00|00|05|fa0001|343201cfa5[payload->]..||42,447
2025-07-31T09:04:26.631 0100|01|00|18|e601fe|34320102c81024a00084ffffffffffffffffffffffff2508[payload->]...$...............%.||2,085
2025-07-31T09:31:27.652 0100|00|00|05|fa0001|343201cfa5[payload->]..||42,447
2025-07-31T09:34:26.506 0100|00|00|05|fa0001|343201cfa5[payload->]..||42,447
2025-07-31T09:34:26.607 0100|01|00|18|e601fe|34320102c81024a00084ffffffffffffffffffffffff2508[payload->]...$...............%.||2,085
2025-07-31T10:04:26.514 0100|00|00|05|fa0001|343201cfa5[payload->]..||42,447
2025-07-31T10:04:26.615 0100|01|00|18|e601fe|34320102c81024a00084ffffffffffffffffffffffff2508[payload->]...$...............%.||2,085
2025-07-31T10:34:27.431 0100|00|00|05|fa0001|343201cfa5[payload->]..||42,447
2025-07-31T10:34:27.532 0100|01|00|18|e601fe|34320102c81024a00084ffffffffffffffffffffffff2508[payload->]...$...............%.||2,085
2025-07-31T11:34:27.486 0100|00|00|05|fa0001|343201cfa5[payload->]..||42,447
2025-07-31T11:34:27.587 0100|01|00|18|e601fe|34320102c81024a00084fffffffffff7ffffffffffff2508[payload->]...$...............%.||2,085
2025-07-31T12:04:28.774 0100|00|00|05|fa0001|343201cfa5[payload->]..||42,447
2025-07-31T12:04:28.875 0100|01|00|18|e601fe|34320102c81024a00084ffffffffffffffffffffffff2508[payload->]...$...............%.||2,085
2025-07-31T12:34:28.594 0100|00|00|05|fa0001|343201cfa5[payload->]..||42,447
2025-07-31T12:34:28.796 0100|01|00|18|e601fe|34320102c81024a00084ffffffffffffffffffffffff2508[payload->]...$...............%.||2,085
2025-07-31T13:04:28.756 0100|00|00|05|fa0001|343201cfa5[payload->]..||42,447
2025-07-31T13:04:28.958 0100|01|00|18|e601fe|34320102c81024a00084ffffffffffffffffffffffff2508[payload->]...$...............%.||2,085
2025-07-31T13:34:29.827 0100|00|00|05|fa0001|343201cfa5[payload->]..||42,447
2025-07-31T13:34:29.928 0100|01|00|18|e601fe|34320102c81024a00084ffffffffffffffffffffffff2508[payload->]...$...............%.||2,085
2025-07-31T14:04:29.932 0100|00|00|05|fa0001|343201cfa5[payload->]..||42,447
2025-07-31T14:04:30.134 0100|01|00|18|e601fe|34320102c81024a00084ffffffffffffffffffffffff2508[payload->]...$...............%.||2,085
2025-07-31T14:34:29.912 0100|00|00|05|fa0001|343201cfa5[payload->]..||42,447
2025-07-31T14:34:30.013 0100|01|00|18|e601fe|34320102c81024a00084ffffffffffffffffffffffff2508[payload->]...$...............%.||2,085
2025-07-31T15:04:30.672 0100|00|00|05|fa0001|343201cfa5[payload->]..||42,447
2025-07-31T15:04:30.773 0100|01|00|18|e601fe|34320102c81024a00084ffffffffffffffffffffffff2508[payload->]...$...............%.||2,085
2025-07-31T15:31:28.074 0100|01|00|18|e641fe|34320102c81024a00084ffffffffffffffffffffffff2508[payload->]...$...............%.||2,085
2025-07-31T15:34:33.101 0100|00|00|05|fa0001|343201cfa5[payload->]..||42,447
2025-07-31T15:34:33.202 0100|01|00|18|e601fe|34320102c81024a00084ffffffffffffffffffffffff2508[payload->]...$...............%.||2,085
2025-07-31T16:04:34.462 0100|00|00|05|fa0001|343201cfa5[payload->]..||42,447
2025-07-31T16:04:34.563 0100|01|00|18|e601fe|34320102c81024a00084ffffffffffffff00000000000000[payload->]...$.................||0,000
2025-07-31T16:34:33.053 0100|00|00|05|fa0001|343201cfa5[payload->]..||42,447
2025-07-31T16:34:33.154 0100|01|00|18|e601fe|34320102c81024a00084ffffffffffffffffffffffff2508[payload->]...$...............%.||2,085
2025-07-31T17:04:34.272 0100|00|00|05|fa0001|343201cfa5[payload->]..||42,447
2025-07-31T17:04:34.574 0100|01|00|18|e601fe|34320102c81024a00084ffffffffffffffffffffffff2508[payload->]...$...............%.||2,085
2025-07-31T17:31:28.004 0100|00|00|05|fa0001|343201cfa5[payload->]..||42,447
2025-07-31T17:31:28.105 0100|01|00|18|e601fe|34320102c81024a00084ffffffffffffffffffffffff2508[payload->]...$...............%.||2,085
2025-07-31T17:34:34.137 0100|00|00|05|fa0001|343201cfa5[payload->]..||42,447
2025-07-31T17:34:34.238 0100|01|00|18|e601fe|34320102c81024a00084ffffffffffffffffffffffff2508[payload->]...$...............%.||2,085
2025-07-31T18:04:34.219 0100|00|00|05|fa0001|343201cfa5[payload->]..||42,447
2025-07-31T18:04:34.320 0100|01|00|18|e601fe|34320102c81024a00084ffffffffffffffffffffffff2508[payload->]...$...............%.||2,085
2025-07-31T18:34:36.236 0100|00|00|05|fa0001|343201cfa5[payload->]..||42,447
2025-07-31T18:34:36.438 0100|01|00|18|e601fe|34320102c81024a00084ffffffffffffffffffffffff2508[payload->]...$...............%.||2,085
2025-07-31T19:04:36.632 0100|00|00|05|fa0001|343201cfa5[payload->]..||42,447
2025-07-31T19:04:36.833 0100|01|00|18|e601fe|34320102c81024a00084ffffffffffffffffffffffff2508[payload->]...$...............%.||2,085
2025-07-31T19:31:28.076 0100|00|00|05|fa0001|343201cfa5[payload->]..||42,447
2025-07-31T19:31:28.278 0100|01|00|18|e601fe|34320102c81024a00084ffffffffffffffffffffffff2508[payload->]...$...............%.||2,085
2025-07-31T19:34:36.297 0100|00|00|05|fa0001|343201cfa5[payload->]..||42,447
2025-07-31T19:34:36.599 0100|01|00|18|e601fe|34320102c81024a00084ffffffff7fffffffffffffff2508[payload->]...$...............%.||2,085
2025-07-31T20:04:36.230 0100|00|00|05|fa0001|343201cfa5[payload->]..||42,447
2025-07-31T20:04:36.332 0100|01|00|18|e601fe|34320102c81024a00084ffffffffffffffffffffffff2508[payload->]...$...............%.||2,085
2025-07-31T20:34:36.364 0100|00|00|05|fa0001|343201cfa5[payload->]..||42,447
2025-07-31T20:34:36.465 0100|01|00|18|e601fe|34320102c81024a00084ffffffffffffffffffffffff2508[payload->]...$...............%.||2,085
2025-07-31T21:04:36.257 0100|00|00|05|fa0001|343201cfa5[payload->]..||42,447
2025-07-31T21:04:36.358 0100|01|00|18|e601fe|34320102c81024a00084ffffffffffffffffffffffff2508[payload->]...$...............%.||2,085
2025-07-31T21:34:36.976 0100|00|00|05|fa0001|343201cfa5[payload->]..||42,447
2025-07-31T21:34:37.178 0100|01|00|18|e601fe|34320102c81024a00084ffffffffffffffffffffffff2508[payload->]...$...............%.||2,085
2025-07-31T22:04:38.032 0100|00|00|05|fa0001|343201cfa5[payload->]..||42,447
2025-07-31T22:04:38.234 0100|01|00|18|e601fe|34320102c81024a00084ffffffffffffffffffffffff2508[payload->]...$...............%.||2,085
2025-07-31T22:34:37.017 0100|00|00|05|fa0001|343201cfa5[payload->]..||42,447
2025-07-31T22:34:37.118 0100|01|00|18|e601fe|34320102c81024a00084ffffffffffffffffffffffff2508[payload->]...$...............%.||2,085
2025-07-31T23:04:38.184 0100|00|00|05|fa0001|343201cfa5[payload->]..||42,447
2025-07-31T23:04:38.285 0100|01|00|18|e601fe|34320102c81024a00084ffffffffffffffffffffffff2508[payload->]...$...............%.||2,085
2025-07-31T23:31:27.935 0100|00|00|05|fa0001|343201cfa5[payload->]..||42,447
2025-07-31T23:34:38.173 0100|00|00|05|fa0001|343201cfa5[payload->]..||42,447
2025-07-31T23:34:38.274 0100|01|00|18|e601fe|34320102c81024a00084ffffffffffffffffffffffff2508[payload->]...$...............%.||2,085
2025-08-01T00:04:38.059 0100|00|00|05|fa0001|343201cfa5[payload->]..||42,447
2025-08-01T00:04:38.261 0100|01|00|18|e601fe|34320102c81024a00084ffffffffffffffffffffffff2508[payload->]...$...............%.||2,085
2025-08-01T00:34:38.156 0100|00|00|05|fa0001|343201cfa5[payload->]..||42,447
2025-08-01T00:34:38.358 0100|01|00|18|e601fe|34320102c81024a00084ffffffffffffffffffffffff2508[payload->]...$...............%.||2,085
2025-08-01T01:04:38.148 0100|00|00|05|fa0001|343201cfa5[payload->]..||42,447
2025-08-01T01:04:38.249 0100|01|00|18|e601fe|34320102c81024a00084ffffffffffffffffffffffff2508[payload->]...$...............%.||2,085
2025-08-01T01:31:29.228 0100|00|00|05|fa0001|343201cfa5[payload->]..||42,447
2025-08-01T01:31:29.429 0100|01|00|18|e601fe|34320102c81024a00084ffffffffffffffffffffffff2508[payload->]...$...............%.||2,085
2025-08-01T01:34:38.191 0100|00|00|05|fa0001|343201cfa5[payload->]..||42,447
2025-08-01T01:34:38.292 0100|01|00|18|e601fe|34320102c81024a00084ffffffffffffffffffffffff2508[payload->]...$...............%.||2,085
2025-08-01T02:04:39.958 0100|00|00|05|fa0001|343201cfa5[payload->]..||42,447
2025-08-01T02:04:40.160 0100|01|00|18|e601fe|34320102c81024a00084ffffffffffffffffffffffff2508[payload->]...$...............%.||2,085
2025-08-01T02:31:27.717 0100|00|00|05|fa0001|343201cfa5[payload->]..||42,447
2025-08-01T03:04:39.962 0100|00|00|05|fa0001|343201cfa5[payload->]..||42,447
2025-08-01T03:04:40.164 0100|01|00|18|e601fe|34320102c81024a00084ffffffffffffffffffffffff2508[payload->]...$...............%.||2,085
2025-08-01T03:31:27.779 0100|00|00|05|fa0001|343201cfa5[payload->]..||42,447
2025-08-01T03:31:27.981 0100|01|00|18|e601fe|34320102c81024a00084ffffffffffffffffffffffff2508[payload->]...$...............%.||2,085
2025-08-01T03:34:41.480 0100|00|00|05|fa0001|343201cfa5[payload->]..||42,447
2025-08-01T03:34:41.581 0100|01|00|18|e601fe|34320102c81024a00084ffffffffffffffffffffffff2508[payload->]...$...............%.||2,085
2025-08-01T04:04:42.815 0100|00|00|05|fa0001|343201cfa5[payload->]..||42,447
2025-08-01T04:04:43.017 0100|01|00|18|e601fe|34320102c81024a00084ffffffffffffffffffbfffff2508[payload->]...$...............%.||2,085
2025-08-01T04:34:42.003 0100|00|00|05|fa0001|343201cfa5[payload->]..||42,447
2025-08-01T04:34:42.205 0100|01|00|18|e601fe|34320102c81024a00084ffffffffffffffffffffffff2508[payload->]...$...............%.||2,085
2025-08-01T05:04:42.002 0100|00|00|05|fa0001|343201cfa5[payload->]..||42,447
2025-08-01T05:04:42.205 0100|01|00|18|e601fe|34320102c81024a00084ffffffffffffffffffffffff2508[payload->]...$...............%.||2,085
2025-08-01T05:31:28.823 0100|00|00|05|fa0001|343201cfa5[payload->]..||42,447
2025-08-01T05:31:29.025 0100|01|00|18|e601fe|34320102c81024a00084feffffffffffffffffffffff2508[payload->]...$...............%.||2,085
2025-08-01T05:34:42.067 0100|00|00|05|fa0001|343201cfa1[payload->]..||41,423
2025-08-01T05:34:42.168 0100|01|00|18|e601fe|34320102c81024a00084ffffffffffffffffffffffff2508[payload->]...$...............%.||2,085
2025-08-01T06:04:42.045 0100|00|00|05|fa0001|343201cfa5[payload->]..||42,447
2025-08-01T06:04:42.146 0100|01|00|18|e601fe|34320102c81024a00084ffffffffffffffffffffffff2508[payload->]...$...............%.||2,085
2025-08-01T06:34:42.054 0100|00|00|05|fa0001|343201cfa5[payload->]..||42,447
2025-08-01T06:34:42.155 0100|01|00|18|e601fe|34320102c81024a00084ffffffffffffffffffffffff2508[payload->]...$...............%.||2,085
2025-08-01T07:04:41.989 0100|00|00|05|fa0001|343201cfa5[payload->]..||42,447
2025-08-01T07:04:42.090 0100|01|00|18|e601fe|34320102c81024a00084ffffffffffffffffffffffff2508[payload->]...$...............%.||2,085
2025-08-01T07:34:44.559 0100|00|00|05|fa0001|343201cfa5[payload->]..||42,447
2025-08-01T07:34:44.761 0100|01|00|18|e601fe|34320102c81024a00084ffffffffffffffffffffffff2508[payload->]...$...............%.||2,085
2025-08-01T08:04:44.251 0100|00|00|05|fa0001|343201cfa5[payload->]..||42,447
2025-08-01T08:34:44.542 0100|00|00|05|fa0001|343201cfa5[payload->]..||42,447
2025-08-01T08:34:44.643 0100|01|00|18|e601fe|34320102c81024a00084ffffffffffffffffffffffff2508[payload->]...$...............%.||2,085
2025-08-01T09:04:44.275 0100|00|00|05|fa0001|343201cfa5[payload->]..||42,447
2025-08-01T09:04:44.376 0100|01|02|1a|e601fe|34320102c81024a00084ffffffffffffffffffffffff25080100[payload->]...$...............%...||0,001
2025-08-01T09:34:44.447 0100|00|00|05|fa0001|343201cfa5[payload->]..||42,447
2025-08-01T09:34:44.548 0100|01|00|18|e601fe|34320102c81024a00084ffffffffffffffffffffffff2508[payload->]...$...............%.||2,085
2025-08-01T10:04:44.521 0100|00|00|05|fa0001|343201cfa5[payload->]..||42,447
2025-08-01T10:04:44.622 0100|01|00|18|e601fe|34320102c81024a00084ffffffffffffffffffffffff2508[payload->]...$...............%.||2,085
2025-08-01T10:34:44.478 0100|00|00|05|fa0001|343201cfa5[payload->]..||42,447
2025-08-01T10:34:44.579 0100|01|00|18|e601fe|34320102c81024a00084ffffffffffffffffffffffff2508[payload->]...$...............%.||2,085
2025-08-01T11:04:44.375 0100|00|00|05|fa0001|343201cfa5[payload->]..||42,447
2025-08-01T11:04:44.476 0100|01|00|18|e601fe|34320102c81024a00084ffffffffffffffffffffffff2508[payload->]...$...............%.||2,085
2025-08-01T11:31:28.794 0100|00|00|05|fa0001|343201cfa5[payload->]..||42,447
2025-08-01T11:31:28.895 0100|01|00|18|e601fe|34320102c81024a00084ffffffffffffffffffffffff2508[payload->]...$...............%.||2,085
2025-08-01T11:34:44.571 0100|00|00|05|fa0001|343201cfa5[payload->]..||42,447
2025-08-01T11:34:44.673 0100|01|00|18|e601fe|34320102c81024a00084ffffffffffffffffffffffff2508[payload->]...$...............%.||2,085
2025-08-01T12:04:44.250 0100|00|00|05|fa0001|343201cfa5[payload->]..||42,447
2025-08-01T12:04:44.351 0100|01|00|18|e601fe|34320102c81024a00004ffffffffffffffffffffffff2508[payload->]...$...............%.||2,085
2025-08-01T12:31:28.227 0100|00|00|05|fa0001|343201cfa5[payload->]..||42,447
2025-08-01T12:31:28.429 0100|01|00|18|e601fe|34320102c81024a00084ffffffffffffffffffffffff2508[payload->]...$...............%.||2,085
2025-08-01T12:34:45.248 0100|00|00|05|fa0001|343201cfa5[payload->]..||42,447
2025-08-01T12:34:45.449 0100|01|00|18|e601fe|34320102c81024a00084ffffffffffffffffffffffff2508[payload->]...$...............%.||2,085
2025-08-01T13:04:46.552 0100|00|00|05|fa0001|343201cfa5[payload->]..||42,447
2025-08-01T13:04:46.653 0100|01|00|18|e601fe|34320102c81024a00084ffffffffffffffffffffffff2508[payload->]...$...............%.||2,085
2025-08-01T13:31:28.670 0100|01|00|18|e601fe|34320102c81024a00084ffffffffffffffffffffffff2508[payload->]...$...............%.||2,085
2025-08-01T13:34:48.544 0100|00|00|05|fa0001|343201cfa5[payload->]..||42,447
2025-08-01T13:34:48.645 0100|01|00|18|e601fe|34320102c81024a00084ffffffffffffffffffffffff2508[payload->]...$...............%.||2,085
2025-08-01T14:04:48.234 0100|00|00|05|fa0001|343201cfa5[payload->]..||42,447
2025-08-01T14:04:48.436 0100|01|00|18|e601fe|34320102c81024a00084ffffffffffffffffffffffff2508[payload->]...$...............%.||2,085
2025-08-01T14:34:49.404 0100|00|00|05|fa0001|343201cfa5[payload->]..||42,447
2025-08-01T14:34:49.505 0100|01|00|18|e601fe|34320102c81024a00084ffffffffffffffffffffffff2508[payload->]...$...............%.||2,085
2025-08-01T15:04:49.328 0100|00|00|05|fa0001|343201cfa5[payload->]..||42,447
2025-08-01T15:04:49.429 0100|01|00|18|e601fe|34320102c81024a00084ffffffffffffffffffffffff2508[payload->]...$...............%.||2,085
2025-08-01T15:34:50.282 0100|00|00|05|fa0001|343201cfa5[payload->]..||42,447
2025-08-01T15:34:50.383 0100|01|00|18|e601fe|34320102c81024a00084ffffffffffffffffffffffff2508[payload->]...$...............%.||2,085
2025-08-01T16:04:51.455 0100|00|00|05|fa0001|343201cfa5[payload->]..||42,447
2025-08-01T16:04:51.556 0100|01|00|18|e601fe|34320102c81024a00084ffffffffffffffffffffffff2508[payload->]...$...............%.||2,085
2025-08-01T16:34:50.255 0100|00|00|05|fa0001|343201cfa5[payload->]..||42,447
2025-08-01T16:34:50.356 0100|01|00|18|e601fe|34320102c81024a00084ffffffffffffffffffffffff2508[payload->]...$...............%.||2,085
2025-08-01T17:04:50.286 0100|00|00|05|fa0001|343201cfa5[payload->]..||42,447
2025-08-01T17:04:50.387 0100|01|00|18|e601fe|34320102c81024a00084ffffffffffffffffffffffff2508[payload->]...$...............%.||2,085
2025-08-01T17:34:50.324 0100|00|00|05|fa0001|343201cfa5[payload->]..||42,447
2025-08-01T17:34:50.425 0100|01|00|18|e601fe|34320102c81024a00084ffffffffffffffffffffffff2508[payload->]...$...............%.||2,085
2025-08-01T18:04:50.247 0100|00|00|05|fa0001|343201cfa5[payload->]..||42,447
2025-08-01T18:04:50.348 0100|01|00|18|e601fe|34320102c81024a00084ffffffffffffffffffffffff2508[payload->]...$...............%.||2,085
2025-08-01T18:34:50.214 0100|00|00|05|fa0001|343201cfa5[payload->]..||42,447
2025-08-01T18:34:50.316 0100|01|00|18|e601fe|34320102c81024a00084ffffffffffffffffffffffff2508[payload->]...$...............%.||2,085
2025-08-01T19:04:50.272 0100|00|00|05|fa0001|343201cfa5[payload->]..||42,447
2025-08-01T19:04:50.373 0100|01|00|18|e601fe|34320102c81024a00084ffffffffffffffffffffffff2508[payload->]...$...............%.||2,085
2025-08-01T19:34:51.147 0100|00|00|05|fa0001|343201cfa5[payload->]..||42,447
2025-08-01T19:34:51.248 0100|01|00|18|e601fe|34320102c81024a00084ffffffffffffffffffffffff2508[payload->]...$...............%.||2,085
2025-08-01T20:04:52.220 0100|00|00|05|fa0001|343201cfa5[payload->]..||42,447
2025-08-01T20:04:52.321 0100|01|00|18|e601fe|34320102c81024a00084ffffffffffffffffffffffff2508[payload->]...$...............%.||2,085
2025-08-01T20:34:53.096 0100|00|00|05|fa0001|343201cfa5[payload->]..||42,447
2025-08-01T20:34:53.297 0100|01|00|18|e601fe|34320102c81024a00084ffffffffffffffffffffffff2508[payload->]...$...............%.||2,085
2025-08-01T21:04:53.126 0100|00|00|05|fa0001|343201cfa5[payload->]..||42,447
2025-08-01T21:04:53.227 0100|01|00|18|e601fe|34320102c81024a00084ffffffffffffffffffffffff2508[payload->]...$...............%.||2,085
2025-08-01T21:34:53.104 0100|00|00|05|fa0001|343201cfa5[payload->]..||42,447
2025-08-01T21:34:53.205 0100|01|00|18|e601fe|34320102c81024a00084ffffffffffffffffffffffff2508[payload->]...$...............%.||2,085
2025-08-01T22:04:54.302 0100|00|00|05|fa0001|343201cfa5[payload->]..||42,447
2025-08-01T22:34:54.941 0100|00|00|05|fa0001|343201cfa5[payload->]..||42,447
2025-08-01T22:34:55.143 0100|01|00|18|e601fe|34320102c81024a00084ffffbfffffffffffffffffff2508[payload->]...$...............%.||2,085
2025-08-01T23:04:54.232 0100|00|00|05|fa0001|343201cfa5[payload->]..||42,447
2025-08-01T23:34:54.217 0100|00|00|05|fa0001|343201cfa5[payload->]..||42,447
2025-08-01T23:34:54.419 0100|01|00|18|e681fe|34320102c81024a00084ffffffffffffffffffffffff2508[payload->]...$...............%.||2,085
2025-08-02T00:04:54.329 0100|00|00|05|fa0001|343201cfa5[payload->]..||42,447
2025-08-02T00:04:54.430 0100|01|00|18|e601fe|34320102c81024a00084ffffffffffffffffffffffff2708[payload->]...$...............'.||2,087
2025-08-02T00:34:54.224 0100|00|00|05|fa0001|343201cfa5[payload->]..||42,447
2025-08-02T00:34:54.426 0100|01|00|18|e601fe|34320102c81024a00084ffffffffffffffffffffffff2508[payload->]...$...............%.||2,085
2025-08-02T01:34:54.267 0100|00|00|05|fa0001|343201cfa5[payload->]..||42,447
2025-08-02T01:34:54.469 0100|01|00|18|e601fe|34320102c81024a00084ffffffffffffffffffffffff2508[payload->]...$...............%.||2,085
2025-08-02T02:04:54.167 0100|00|00|05|fa0001|343201cfa5[payload->]..||42,447
2025-08-02T02:04:54.269 0100|01|00|18|e601fe|34320102c81024a00084ffffffffffffffffffffffff2508[payload->]...$...............%.||2,085
2025-08-02T02:31:28.009 0100|00|00|05|fa0001|343201cfa5[payload->]..||42,447
2025-08-02T02:34:54.376 0100|00|00|05|fa0001|343201cfa5[payload->]..||42,447
2025-08-02T02:34:54.477 0100|01|00|18|e601fe|34320102c81024a00084ffffffffffffffffffffffff2508[payload->]...$...............%.||2,085
2025-08-02T03:04:55.186 0100|00|00|05|fa0001|343201cfa5[payload->]..||42,447
2025-08-02T03:04:55.287 0100|01|00|18|e601fe|34320102c81024a00084ffffffffffffffffffffffff2508[payload->]...$...............%.||2,085
2025-08-02T03:34:54.146 0100|00|00|05|fa0001|343201cfa5[payload->]..||42,447
2025-08-02T03:34:54.348 0100|01|00|18|e681fe|34320102c81024a00084ffffffffffffffffffffffff2508[payload->]...$...............%.||2,085
2025-08-02T04:04:54.150 0100|00|00|05|fa0001|343201cfa5[payload->]..||42,447
2025-08-02T04:31:27.940 0100|00|00|05|fa0001|343201cfa5[payload->]..||42,447
2025-08-02T04:31:28.141 0100|01|48|18|e603fe|34320102c81024a00084ffffffffffffffffffffffff2508[payload->]...$...............%.||2,085
2025-08-02T04:34:54.182 0100|00|00|05|fa0001|343201cfa5[payload->]..||42,447
2025-08-02T04:34:54.888 0100|01|00|98|e601fe|34320102c81024a00084ffffffffffffffffffffffff25080100000005fa00012004016bf20100010009f501fe200401ffffffff850d0100000005fa000150aa00104e0100010006f801fe50aa0000e1b70100000005fa0001200201cbf1010001000bf301fe200201ae8da802453b1e8d0100000005fa0003100301ecf10100010007f701fe100301ffff859c0100000005fa0003200401[payload->]...$...............%......... ..k......... ................P...N........P............. ............ ......E;...................................... ..||0,260
2025-08-02T05:04:54.173 0100|00|00|05|fa0001|343201cfa5[payload->]..||42,447
2025-08-02T05:04:54.576 0100|03|02|58|e601fe|34320102c81024a00084ffffffffffffffffffffffff25080100000005fa00012004016bf20100010009f501fe200401ffffffff850d0100000005fa000150aa00104e0100010006f801fe50aa0000e1b70100000005fa00[payload->]...$...............%......... ..k......... ................P...N........P............||0,250
2025-08-02T05:31:28.054 0100|00|00|05|fa0001|343201cfa5[payload->]..||42,447
2025-08-02T05:34:54.250 0100|00|00|05|fa0001|343201cfa5[payload->]..||42,447
2025-08-02T05:34:54.351 0100|01|00|18|e601fe|34320102c81024a00084ffffffffffffffffffffffff2508[payload->]...$...............%.||2,085
2025-08-02T06:04:55.120 0100|00|00|05|fa0001|343201cfa5[payload->]..||42,447
2025-08-02T06:04:55.222 0100|01|00|18|e601fe|34320102c81024a00084ffffffffffffffffffffffff2508[payload->]...$...............%.||2,085
2025-08-02T06:34:55.219 0100|00|00|05|fa0001|343201cfa5[payload->]..||42,447
2025-08-02T06:34:55.321 0100|01|00|18|e601fe|34320102c81024a00084ffffffffffffffffffffffff2508[payload->]...$...............%.||2,085
2025-08-02T07:04:55.123 0100|00|00|05|fa0001|343201cfa5[payload->]..||42,447
2025-08-02T07:04:55.224 0100|01|00|18|e601fe|34320102c81024a00084ffffffffffffffffffffffff2508[payload->]...$...............%.||2,085
2025-08-02T07:34:55.251 0100|00|00|05|fa0001|343201cfa5[payload->]..||42,447
2025-08-02T07:34:55.352 0100|01|00|18|e601fe|34320102c81024a00084ffffffffffffffffffffffff2508[payload->]...$...............%.||2,085
2025-08-02T08:04:56.335 0100|00|00|05|fa0001|343201cfa5[payload->]..||42,447
2025-08-02T08:04:56.436 0100|01|00|18|e601fe|34320102c81024a00084ffffffffffffffffffffffff2508[payload->]...$...............%.||2,085
2025-08-02T08:34:56.332 0100|00|00|05|fa0001|343201cfa5[payload->]..||42,447
2025-08-02T08:34:56.434 0100|01|00|18|e601fe|34320102c81024a00084ffffffffffffffffffffffff2508[payload->]...$...............%.||2,085
2025-08-02T09:04:56.279 0100|00|00|05|fa0001|343201cfa5[payload->]..||42,447
2025-08-02T09:04:56.381 0100|01|00|18|e601fe|34320102c81024a00084ffffffffffffffffffffffff2508[payload->]...$...............%.||2,085
2025-08-02T09:34:56.305 0100|00|00|05|fa0001|343201cfa5[payload->]..||42,447
2025-08-02T09:34:56.406 0100|01|00|18|e601fe|34320102c81024a00084ffffffffffffffffffffffff2508[payload->]...$...............%.||2,085
2025-08-02T10:04:57.153 0100|00|00|05|fa0001|343201cfa5[payload->]..||42,447
2025-08-02T10:04:57.254 0100|01|00|18|e601fe|34320102c81024a00084ffffffffffffffffffffffff2508[payload->]...$...............%.||2,085
2025-08-02T11:04:57.182 0100|00|00|05|fa0001|343201cfa5[payload->]..||42,447
2025-08-02T11:04:57.283 0100|01|00|18|e601fe|34320102c81024a00084ffffffffffffffffffffffff2508[payload->]...$...............%.||2,085
2025-08-02T11:34:57.140 0100|00|00|05|fa0001|343201cfa5[payload->]..||42,447
2025-08-02T11:34:57.241 0100|01|00|18|e601fe|34320102c81024a00084ffffffffffffffffffffffff2508[payload->]...$...............%.||2,085
2025-08-02T12:04:57.981 0100|00|00|05|fa0001|343201cfa5[payload->]..||42,447
2025-08-02T12:04:58.183 0100|01|00|18|e601fe|34320102c81024a00084ffffffffffffffffffffffff2508[payload->]...$...............%.||2,085
2025-08-02T12:31:27.719 0100|00|00|05|fa0001|343201cfa5[payload->]..||42,447
2025-08-02T12:31:28.122 0100|01|00|58|e601fe|34320102c81024a00084ffffffffffffffffffffffff25080100000005fa00013433015fa40100010000000005fa0001343501ffa70100010018e601fe34350102c81024a00084ffffffffffffffffffffffff927e010000[payload->]...$...............%.........43._............45...........45....$................~...||0,000
2025-08-02T12:34:58.941 0100|00|00|05|fa0001|343201cfa5[payload->]..||42,447
2025-08-02T12:34:59.042 0100|01|00|18|e601fe|34320102c81024a00084ffffffffffffffffffffffff2508[payload->]...$...............%.||2,085
2025-08-02T13:05:00.257 0100|00|00|05|fa0001|343201cfa5[payload->]..||42,447
2025-08-02T13:05:00.357 0100|01|00|18|e601fe|34320102c81024a00084ffffffffffffffffffffffff2508[payload->]...$...............%.||2,085
2025-08-02T13:35:02.213 0100|00|00|05|fa0001|343201cfa5[payload->]..||42,447
2025-08-02T13:35:02.314 0100|01|00|18|e601fe|34320102c81024a00084ffffffffffffffffffffffff2508[payload->]...$...............%.||2,085
2025-08-02T14:05:02.336 0100|00|00|05|fa0001|343201cfa5[payload->]..||42,447
2025-08-02T14:05:02.437 0100|01|00|18|e601fe|34320102c81024a00084ffffffffffffffffffffffff2508[payload->]...$...............%.||2,085
2025-08-02T14:31:27.798 0100|00|00|05|fa0001|343201cfa5[payload->]..||42,447
2025-08-02T14:31:27.899 0100|01|00|18|e601fe|34320102c81024a00084ffffffffffffffffffffffff2508[payload->]...$...............%.||2,085
2025-08-02T14:35:02.275 0100|00|00|05|fa0001|343201cfa5[payload->]..||42,447
2025-08-02T14:35:02.376 0100|01|00|18|e601fe|34320102c81024a00084ffffffffffffffffffffffff2508[payload->]...$...............%.||2,085
2025-08-02T15:05:02.268 0100|00|00|05|fa0001|343201cfa5[payload->]..||42,447
2025-08-02T15:05:02.370 0100|01|00|18|e601fe|34320102c81024a00084fffffffffffffffffeffffff2508[payload->]...$...............%.||2,085
2025-08-02T15:35:02.225 0100|00|00|05|fa0001|343201cfa5[payload->]..||42,447
2025-08-02T15:35:02.427 0100|01|00|18|e601fe|34320102c81024a00084fffffffeffffffffffffffff2508[payload->]...$...............%.||2,085
2025-08-02T16:05:02.266 0100|00|00|05|fa0001|343201cfa5[payload->]..||42,447
2025-08-02T16:05:02.367 0100|01|00|18|e601fe|34320102c81024a00084ffffffffffffffffffffffff2508[payload->]...$...............%.||2,085
2025-08-02T16:35:02.427 0100|00|00|05|fa0001|343201cfa5[payload->]..||42,447
2025-08-02T16:35:02.628 0100|01|00|18|e601fe|34320102c81024a00084ffffffffffffffffffffffff2508[payload->]...$...............%.||2,085
2025-08-02T17:05:02.273 0100|00|00|05|fa0001|343201cfa5[payload->]..||42,447
2025-08-02T17:05:02.373 0100|01|00|18|e601fe|34320102c81024a00084ffffffffffffffffffffffff2508[payload->]...$...............%.||2,085
2025-08-02T17:35:02.253 0100|00|00|05|fa0001|343201cfa5[payload->]..||42,447
2025-08-02T17:35:02.455 0100|01|00|18|e601fe|34320102c81024a00084ffffffffffffffffffffffff2508[payload->]...$...............%.||2,085
2025-08-02T18:05:02.341 0100|00|00|05|fa0001|343201cfa5[payload->]..||42,447
2025-08-02T18:05:02.442 0100|01|00|18|e601fe|34320102c81024a00084ffffffffffffffffffffffff2508[payload->]...$...............%.||2,085
2025-08-02T18:31:27.924 0100|00|00|05|fa0001|343201cfa5[payload->]..||42,447
2025-08-02T18:31:28.126 0100|01|00|18|e601fe|34320102c81024a00084ffffffffffffffffffffffff2508[payload->]...$...............%.||2,085
2025-08-02T18:35:02.265 0100|00|00|05|fa0001|343201cfa5[payload->]..||42,447
2025-08-02T18:35:02.366 0100|01|00|18|e601fe|34320102c81024a00084ffffffffffffffffffffffff2508[payload->]...$...............%.||2,085
2025-08-02T19:05:02.420 0100|00|00|05|fa0001|343201cfa5[payload->]..||42,447
2025-08-02T19:05:02.522 0100|01|00|18|e601fe|34320102c81024a00084ffffffffffffffffffffffff2508[payload->]...$...............%.||2,085
2025-08-02T19:35:03.354 0100|00|00|05|fa0001|343201cfa5[payload->]..||42,447
2025-08-02T19:35:03.556 0100|01|00|18|e601fe|34320102c81024a00084ffffffffffffffffffffffff2508[payload->]...$...............%.||2,085
2025-08-02T20:05:04.171 0100|00|00|05|fa0001|343201cfa5[payload->]..||42,447
2025-08-02T20:05:04.373 0100|01|00|18|e601fe|34320102c81024a00084ffffffffffffffffffffffff2508[payload->]...$...............%.||2,085
2025-08-02T20:35:05.686 0100|00|00|05|fa0001|343201cfa5[payload->]..||42,447
2025-08-02T21:05:05.985 0100|00|00|05|fa0001|343201cfa5[payload->]..||42,447
2025-08-02T21:05:06.187 0100|01|00|18|e601fe|34320102c81024a00084ffffffffffffffffffdfffff2508[payload->]...$...............%.||2,085
2025-08-02T21:35:05.509 0100|00|00|05|fa0001|343201cfa5[payload->]..||42,447
2025-08-02T21:35:05.610 0100|01|00|18|e601fe|34320102c81024a00084ffffffffffffffffffffffff2508[payload->]...$...............%.||2,085
2025-08-02T22:05:05.628 0100|00|00|05|fa0001|343201cfa5[payload->]..||42,447
2025-08-02T22:05:05.830 0100|01|00|18|e601fe|34320102c81024a00084ffffffffffffffffffffffff2508[payload->]...$...............%.||2,085
2025-08-02T22:35:06.619 0100|00|00|05|fa0001|343201cfa5[payload->]..||42,447
2025-08-02T22:35:06.821 0100|01|00|18|e601fe|34320102c81024a00084ffffffffffffffffffffffff2508[payload->]...$...............%.||2,085
2025-08-02T23:05:05.685 0100|00|00|05|fa0001|343201cfa5[payload->]..||42,447
2025-08-02T23:05:05.887 0100|01|00|18|e601fe|34320102c81024a00084ffffffffffffffffffffffff2508[payload->]...$...............%.||2,085
2025-08-02T23:35:07.221 0100|00|00|05|fa0001|343201cfa5[payload->]..||42,447
2025-08-02T23:35:07.422 0100|01|00|18|e601fe|34320102c81024800084ffffffffffffffffffffffff2508[payload->]...$...............%.||2,085
2025-08-03T00:05:07.406 0100|00|00|05|fa0001|343201cfa5[payload->]..||42,447
2025-08-03T00:05:07.608 0100|01|00|18|e601fe|34320102c81024a00084ffffffffffffffffffffffff2508[payload->]...$...............%.||2,085
2025-08-03T00:35:07.716 0100|00|00|05|fa0001|343201cfa5[payload->]..||42,447
2025-08-03T00:35:07.918 0100|01|00|18|e601fe|34320102c81024a00084ffffffffffffffffffffffff2508[payload->]...$...............%.||2,085
2025-08-03T01:35:10.677 0100|00|00|05|fa0001|343201cfa5[payload->]..||42,447
2025-08-03T01:35:10.879 0100|01|00|18|e601fe|34320102c81024a00084ffffffffffffffffffffffff2508[payload->]...$...............%.||2,085
2025-08-03T02:05:10.781 0100|00|00|05|fa0001|343201cfa5[payload->]..||42,447
2025-08-03T02:05:10.882 0100|81|00|18|e601fe|34320102c81024a00084ffffffffffffffffffffffff2508[payload->]...$...............%.||2,085
2025-08-03T02:35:11.403 0100|00|00|05|fa0001|343201cfa5[payload->]..||42,447
2025-08-03T02:35:11.605 0100|01|00|18|e601fe|34320102c81024a00084ffffffffffffffffffffffff2508[payload->]...$...............%.||2,085
2025-08-03T03:05:11.344 0100|00|00|05|fa0001|343201cfa5[payload->]..||42,447
2025-08-03T03:05:11.546 0100|01|00|18|e601fe|34320102c81024a00084ffffffffffffffffffffffff2508[payload->]...$...............%.||2,085
2025-08-03T03:35:12.821 0100|00|00|05|fa0001|343201cfa5[payload->]..||42,447
2025-08-03T03:35:12.922 0100|01|00|18|e601fe|34320102c81024a00084ffffffffffffffffffffffff2508[payload->]...$...............%.||2,085
2025-08-03T04:05:11.400 0100|00|00|05|fa0001|343201cfa5[payload->]..||42,447
2025-08-03T04:05:11.602 0100|01|00|18|e601fe|34320102c81024a00084ffffffffffffffffffffffff2508[payload->]...$...............%.||2,085
2025-08-03T04:35:11.370 0100|00|00|05|fa0001|343201cfa5[payload->]..||42,447
2025-08-03T04:35:11.471 0100|01|00|18|e601fe|34320102c81024a00084ffffffffffffffffffffffff2508[payload->]...$...............%.||2,085
2025-08-03T05:05:11.365 0100|00|00|05|fa0001|343201cfa5[payload->]..||42,447
2025-08-03T05:05:11.566 0100|01|00|18|e601fe|34320102c81024a00084ffffffffffffffffffffffff2508[payload->]...$...............%.||2,085
2025-08-03T05:35:11.501 0100|00|00|05|fa0001|343201cfa5[payload->]..||42,447
2025-08-03T05:35:11.702 0100|01|00|18|e601fe|34320102c81024a00084ffffffffffffffffffffffff2508[payload->]...$...............%.||2,085
2025-08-03T06:05:11.606 0100|00|00|05|fa0001|343201cfa5[payload->]..||42,447
2025-08-03T06:05:11.707 0100|01|00|18|e601fe|34320102c81024a00084ffffffffffffffffffffffff2508[payload->]...$...............%.||2,085
2025-08-03T06:35:11.516 0100|00|00|05|fa0001|343201cfa5[payload->]..||42,447
2025-08-03T06:35:11.718 0100|01|00|18|e601fe|34320102c81024a00084ffffffffffffffffffffffff2508[payload->]...$...............%.||2,085
2025-08-03T07:05:12.710 0100|00|00|05|fa0001|343201cfa5[payload->]..||42,447
2025-08-03T07:05:12.812 0100|01|00|18|e601fe|34320102c81024a00084ffffffffffffffffffffffff2508[payload->]...$...............%.||2,085
2025-08-03T07:31:28.558 0100|00|00|05|fa0001|343201cfa5[payload->]..||42,447
2025-08-03T07:31:28.761 0100|01|00|18|e601fe|34320102c81024a00084ffffffffffffffffffffffff2508[payload->]...$...............%.||2,085
2025-08-03T07:35:12.120 0100|00|00|05|fa0001|343201cfa5[payload->]..||42,447
2025-08-03T07:35:12.322 0100|01|00|18|e601fe|34320102c81024a00084ffffffffffffffffffffffff2508[payload->]...$...............%.||2,085
2025-08-03T08:05:12.138 0100|00|00|05|fa0001|343201cfa5[payload->]..||42,447
2025-08-03T08:05:12.240 0100|01|00|18|e601fe|34320102c81024a00084ffffffffffffffffffffffff2508[payload->]...$...............%.||2,085
2025-08-03T08:35:12.133 0100|00|00|05|fa0001|343201cfa5[payload->]..||42,447
2025-08-03T08:35:12.334 0100|01|00|18|e601fe|34320102c81024a00084ffffffffffffffffffffffff2508[payload->]...$...............%.||2,085
2025-08-03T09:05:13.315 0100|00|00|05|fa0001|343201cfa5[payload->]..||42,447
2025-08-03T09:05:13.416 0100|01|00|18|e601fe|34320102c81024a00084ffffffffffffffffffffffff2508[payload->]...$...............%.||2,085
2025-08-03T09:35:14.124 0100|00|00|05|fa0001|343201cfa5[payload->]..||42,447
2025-08-03T09:35:14.225 0100|01|00|18|e401fe|34320102c81024a00084ffffffffffffffffffffffff2508[payload->]...$...............%.||2,085
2025-08-03T10:05:13.272 0100|00|00|05|fa0001|343201cfa5[payload->]..||42,447
2025-08-03T10:05:13.474 0100|01|00|18|e601fe|34320102c81024a00084ffffffffffffffffffffffff2508[payload->]...$...............%.||2,085
2025-08-03T10:35:13.223 0100|00|00|05|fa0001|343201cfa5[payload->]..||42,447
2025-08-03T10:35:13.324 0100|01|00|18|e601fe|34320102c81024a00084ffffffffffffffffffffffff2508[payload->]...$...............%.||2,085
2025-08-03T11:05:13.279 0100|00|00|05|fa0001|343201cfa5[payload->]..||42,447
2025-08-03T11:05:13.380 0100|01|00|18|e601fe|34320102c81024a00084ffffffffffffffffffffffff2508[payload->]...$...............%.||2,085
2025-08-03T11:35:13.266 0100|00|00|05|fa0001|343201cfa5[payload->]..||42,447
2025-08-03T11:35:13.367 0100|01|00|18|e601fe|34320102c81024a00084ffffffffffffffffffffffff2508[payload->]...$...............%.||2,085
2025-08-03T12:05:14.082 0100|00|00|05|fa0001|343201cfa5[payload->]..||42,447
2025-08-03T12:05:14.183 0100|01|00|18|e601fe|34320102c81024a00084ffffffffffffffffffffffff2508[payload->]...$...............%.||2,085
2025-08-03T12:35:14.056 0100|00|00|05|fa0001|343201cfa5[payload->]..||42,447
2025-08-03T13:05:14.092 0100|00|00|05|fa0001|343201cfa5[payload->]..||42,447
2025-08-03T13:05:14.193 0100|01|00|18|e601fe|34320102c81024a00084ffffffffffffffffffffffff2508[payload->]...$...............%.||2,085
2025-08-03T13:35:14.120 0100|00|00|05|fa0001|343201cfa5[payload->]..||42,447
2025-08-03T13:35:14.221 0100|01|00|18|e601fe|34320102c81024a00084ffffffffffffffffffffffff2508[payload->]...$...............%.||2,085
2025-08-03T14:05:14.071 0100|00|00|05|fa0001|343201cfa5[payload->]..||42,447
2025-08-03T14:05:14.172 0100|01|00|18|e601fe|34320102c81024a00084ffffffffffffffffffffffff2508[payload->]...$...............%.||2,085
2025-08-03T14:35:14.058 0100|00|00|05|fa0001|343201cfa5[payload->]..||42,447
2025-08-03T14:35:14.259 0100|01|00|18|e601fe|34320102c81024a00084ffffffffffffffffffffffff2508[payload->]...$...............%.||2,085
2025-08-03T15:05:14.054 0100|00|00|05|fa0001|343201cfa5[payload->]..||42,447
2025-08-03T15:05:14.256 0100|01|00|18|e601fe|34320102c81024a00084ffffffffffffffffffffffff2508[payload->]...$...............%.||2,085
2025-08-03T15:35:14.061 0100|00|00|05|fa0001|343201cfa5[payload->]..||42,447
2025-08-03T15:35:14.263 0100|01|00|18|e601fe|34320102c81024a00084ffffffffffffffffffffffff2508[payload->]...$...............%.||2,085
2025-08-03T16:05:14.093 0100|00|00|05|fa0001|343201cfa5[payload->]..||42,447
2025-08-03T16:05:14.296 0100|01|08|18|e601fe|34320102c81024a00084ffffffffffffffffffffffff2508[payload->]...$...............%.||2,085
2025-08-03T16:35:16.824 0100|00|00|05|fa0001|343201cfa5[payload->]..||42,447
2025-08-03T16:35:16.925 0100|01|00|18|e601fe|34320102c81024a00084ffffffffffffffffffffffff2508[payload->]...$...............%.||2,085
2025-08-03T17:05:16.760 0100|00|00|05|fa0001|343201cfa5[payload->]..||42,447
2025-08-03T17:05:16.962 0100|05|00|18|e601fe|34320102c81024a00084ffffffffffffffffffffffff2508[payload->]...$...............%.||2,085
2025-08-03T17:35:16.721 0100|00|00|05|fa0001|343201cfa5[payload->]..||42,447
2025-08-03T17:35:16.923 0100|01|00|18|e601fe|34320102c81024a00084ffffffffffffffffffffffff2508[payload->]...$...............%.||2,085
2025-08-03T18:05:17.197 0100|00|00|05|fa0001|343201cfa5[payload->]..||42,447
2025-08-03T18:05:17.299 0100|01|00|18|e601fe|34320102c81024a00084ffffffffffffffffffffffff2508[payload->]...$...............%.||2,085
