2025-07-30T21:33:46.427 0100|00|00|05|fa0001|14190121bb[payload->]!.||47,905
2025-07-30T21:37:36.192 0100|01|00|07|f701fe|1419013c00227b[payload->]<."{||31,522
2025-07-31T11:57:02.479 0100|00|00|05|fa0001|14190121bb[payload->]!.||47,905
2025-07-31T12:02:02.567 0100|01|00|07|f701fe|1419013c00227b[payload->]<."{||31,522
2025-07-31T13:25:32.562 0100|01|00|07|f701fe|1419013c00227b[payload->]<."{||31,522
2025-07-31T16:11:57.413 0100|01|00|07|f701fe|1419013c00227b[payload->]<."{||31,522
2025-07-31T19:50:09.434 0100|01|00|07|f701fe|1419013c00227b[payload->]<."{||31,522
2025-07-31T20:50:29.473 0100|01|00|07|f701fe|1419013c00227b[payload->]<."{||31,522
2025-07-31T23:37:01.373 0100|01|00|07|f701fe|1419013c00227b[payload->]<."{||31,522
2025-08-01T02:19:53.023 0100|01|00|07|f701fe|1419013c00227b[payload->]<."{||31,522
2025-08-01T03:07:53.003 0100|00|00|05|fa0001|14190121bb[payload->]!.||47,905
2025-08-01T03:09:13.158 0100|01|00|07|f701fe|1419013c00227b[payload->]<."{||31,522
2025-08-01T03:52:33.091 0100|01|00|07|f701fe|1419013c00227b[payload->]<."{||31,522
2025-08-01T04:35:43.051 0100|01|00|07|f701fe|1419013c00227b[payload->]<."{||31,522
2025-08-01T04:36:03.032 0100|01|00|07|f701fe|1419013c00227b[payload->]<."{||31,522
2025-08-01T05:08:23.030 0100|01|00|07|f701fe|1419013c00227b[payload->]<."{||31,522
2025-08-01T05:31:24.569 0100|01|00|07|f701fe|1419013c00227b[payload->]<."{||31,522
2025-08-01T05:31:53.085 0100|01|00|07|f701fe|1419013c00227b[payload->]<."{||31,522
2025-08-01T07:07:53.024 0100|01|00|07|f701fe|1419013c00227b[payload->]<."{||31,522
2025-08-01T07:22:13.039 0100|01|00|07|f701fe|1419013c00227b[payload->]<."{||31,522
2025-08-01T07:25:13.635 0100|01|00|07|f701fe|1419013c00227b[payload->]<."{||31,522
2025-08-01T07:32:13.097 0100|01|00|07|f701fe|1419013c00227b[payload->]<."{||31,522
2025-08-01T12:52:25.133 0100|01|00|07|f701fe|1419013c00227b[payload->]<."{||31,522
2025-08-01T14:19:58.131 0100|01|00|07|f701fe|1419013c00227b[payload->]<."{||31,522
2025-08-01T19:28:22.296 0100|01|00|07|f701fe|1419013c00227b[payload->]<."{||31,522
2025-08-01T20:03:12.061 0100|01|00|07|f701fe|1419013c00227b[payload->]<."{||31,522
2025-08-01T20:30:12.979 0100|01|00|07|f701fe|1419013c00227b[payload->]<."{||31,522
2025-08-01T20:53:23.117 0100|01|00|07|f701fe|1419013c00227b[payload->]<."{||31,522
2025-08-02T06:24:45.062 0100|01|00|07|f701fe|1419013c00227b[payload->]<."{||31,522
2025-08-02T07:55:14.977 0100|00|00|05|fa0001|14190121bb[payload->]!.||47,905
2025-08-02T08:01:15.014 0100|01|00|07|f701fe|1419013c00227b[payload->]<."{||31,522
2025-08-02T08:25:25.078 0100|01|00|07|f701fe|1419013c00227b[payload->]<."{||31,522
2025-08-02T11:54:46.208 0100|01|00|07|f701fe|1419013c00227b[payload->]<."{||31,522
2025-08-02T11:57:15.081 0100|01|00|07|f701fe|1419013c00227b[payload->]<."{||31,522
2025-08-02T13:37:08.218 0100|01|00|07|f701fe|1419013c00227b[payload->]<."{||31,522
2025-08-02T16:18:08.495 0100|00|00|05|fa0001|14190121bb[payload->]!.||47,905
2025-08-02T18:14:28.306 0100|01|00|07|f701fe|1419013c00227b[payload->]<."{||31,522
2025-08-02T22:56:11.147 0100|00|00|05|fa0001|14190121bb[payload->]!.||47,905
2025-08-02T23:51:42.100 0100|01|00|07|f701fe|1419013c00227b[payload->]<."{||31,522
2025-08-03T01:10:24.757 0100|01|00|07|f701fe|1419013c002279[payload->]<."y||31,010
2025-08-03T03:06:16.612 0100|01|00|07|f701fe|1419013c00227b[payload->]<."{||31,522
2025-08-03T04:37:26.833 0100|01|00|07|f701fe|1419013c00227b[payload->]<."{||31,522
2025-08-03T07:52:37.232 0100|01|00|07|f701fe|1419013c00227b[payload->]<."{||31,522
2025-08-03T11:18:28.207 0100|01|00|07|f701fe|1419013c00227b[payload->]<."{||31,522
