2025-07-31T07:32:53.708 0100|01|00|09|f501fe|200409ffffffff850d[payload->]......||3,461
2025-07-31T08:05:03.995 0100|01|00|09|f503fe|200409ffffffff850d[payload->]......||3,461
2025-07-31T12:25:23.999 0100|01|00|09|f501fe|200409ffffffff850d[payload->]......||3,461
2025-08-01T07:58:25.904 0100|01|00|0c|f201fe|2004090141840011000f8928[payload->].A......(||10,377
2025-08-01T21:38:54.038 0100|01|00|09|f501fe|200409ffffffff850d[payload->]......||3,461
2025-08-02T00:35:14.212 0100|01|00|09|f501fe|200409ffffffff850d[payload->]......||3,461
2025-08-02T00:39:39.279 0100|01|00|09|f501fe|200409ffffffff850d[payload->]......||3,461
2025-08-02T01:00:04.229 0100|01|00|09|f501fe|200409ffffffff850d[payload->]......||3,461
2025-08-02T01:11:44.180 0100|01|00|09|f501fe|200409ffffffff850d[payload->]......||3,461
2025-08-02T01:27:04.963 0100|01|00|09|f501fe|200409ffffffff850d[payload->]......||3,461
2025-08-02T01:36:44.157 0100|01|00|09|f501fe|200409ffffffff850d[payload->]......||3,461
2025-08-02T01:49:34.231 0100|01|00|09|f501fe|200409ffffffff850d[payload->]......||3,461
2025-08-02T02:02:14.233 0100|01|00|09|f501fe|200409ffffffff850d[payload->]......||3,461
2025-08-02T02:07:49.315 0100|01|00|09|f501fe|200409ffffffff850d[payload->]......||3,461
2025-08-02T02:44:34.720 0100|01|00|09|f501fe|200409ffffffff850d[payload->]......||3,461
2025-08-02T02:44:59.290 0100|01|00|09|f501fe|200409ffffffff850d[payload->]......||3,461
2025-08-02T02:47:24.233 0100|01|00|09|f501fe|200409ffffffff850d[payload->]......||3,461
2025-08-02T02:59:59.200 0100|01|00|09|f501fe|200409ffffffff850d[payload->]......||3,461
2025-08-02T03:12:04.421 0100|01|00|09|f501fe|200409ffffffff850d[payload->]......||3,461
2025-08-02T03:17:19.447 0100|01|00|09|f505fe|200409ffffffff850d[payload->]......||3,461
2025-08-02T03:18:34.732 0100|01|00|09|f501fe|200409ffffffff850d[payload->]......||3,461
2025-08-02T03:51:09.233 0100|01|00|09|f501fe|200409ffffffff850d[payload->]......||3,461
2025-08-02T03:55:09.943 0100|01|00|09|f501fe|200409ffffffff850d[payload->]......||3,461
2025-08-02T04:07:09.267 0100|01|00|09|f501fe|200409ffffffff850d[payload->]......||3,461
2025-08-02T04:22:39.865 0100|01|00|09|f501fe|200409ffffffff850d[payload->]......||3,461
2025-08-02T04:29:44.776 0100|01|00|09|f501fe|200409ffffffff850d[payload->]......||3,461
2025-08-02T04:44:04.446 0100|01|00|09|f501fe|200409ffffffff850d[payload->]......||3,461
2025-08-02T04:54:19.310 0100|01|00|09|f581fe|200409ffffffff850d[payload->]......||3,461
2025-08-02T05:00:39.808 0100|01|00|09|f501fe|200409ffffffff850d[payload->]......||3,461
2025-08-02T05:38:39.334 0100|01|00|09|f501fe|200409ffffffff850d[payload->]......||3,461
2025-08-02T06:13:24.448 0100|01|00|09|f50dfe|200409ffffffff850d[payload->]......||3,461
2025-08-02T07:17:29.341 0100|01|00|09|f501fe|200409ffffffff8d0d[payload->]......||3,469
2025-08-02T07:30:49.791 0100|01|00|09|f501fe|200409ffffffff850d[payload->]......||3,461
2025-08-02T08:08:00.088 0100|01|00|09|f501fe|200409ffffffff850d[payload->]......||3,461
2025-08-02T10:02:39.553 0100|01|00|09|f501fe|200409ffffffff850d[payload->]......||3,461
2025-08-02T11:25:14.633 0100|01|00|09|f501fe|200409ffffffff850d[payload->]......||3,461
2025-08-02T12:11:09.705 0100|01|00|09|f501fe|200409ffffffff850d[payload->]......||3,461
2025-08-02T13:59:09.669 0100|01|00|09|f501fe|200409ffffffff8d0d[payload->]......||3,469
2025-08-02T14:24:09.772 0100|01|00|09|f501fe|200409ffffffff850d[payload->]......||3,461
2025-08-02T16:24:05.003 0100|01|00|09|f501fe|200409ffffffff850d[payload->]......||3,461
2025-08-02T19:59:41.473 0100|00|00|05|fa0003|200409f502[payload->]..||0,757
2025-08-02T23:34:51.263 0100|01|00|09|f501fe|200409ffffffff850d[payload->]......||3,461
2025-08-03T03:05:40.529 0100|01|00|09|f501fe|200409ffffffff850d[payload->]......||3,461
2025-08-03T10:20:19.849 0100|09|08|09|f501fe|200409ffffffff850d[payload->]......||3,461
2025-08-03T11:56:14.568 0100|85|00|09|f501fe|200409ffffffff850d[payload->]......||3,461
2025-08-03T13:17:54.758 0100|01|00|09|f543fe|200409ffffffff850d[payload->]......||3,461
2025-08-03T14:26:49.600 0100|01|00|09|f501fe|200409ffffffff850d[payload->]......||3,461
2025-08-03T16:37:30.436 0100|01|00|09|f509fe|200409ffffffff850d[payload->]......||3,461
2025-08-03T17:22:19.652 0100|01|00|09|fd01fe|200409ffffffff850d[payload->]......||3,461
2025-08-03T17:40:29.602 0100|01|00|09|f501fe|200409ffffffff850d[payload->]......||3,461
