2025-07-30T20:33:09.383 0100|00|00|05|fa0001|340d013fb4[payload->]?.||46,143
2025-07-30T20:33:09.485 0100|01|00|0f|ef01fe|340d014e6f6300000000000000e374[payload->]Noc........t||29,923
2025-07-30T21:03:09.276 0100|00|00|05|fa0001|340d013fb4[payload->]?.||46,143
2025-07-30T21:03:09.377 0100|01|00|0f|ef01fe|340d014e6f6300000000000000e374[payload->]Noc........t||29,923
2025-07-30T21:31:28.141 0100|00|00|05|fa0001|340d013fb4[payload->]?.||46,143
2025-07-30T21:31:28.243 0100|01|00|0f|ef01fe|340d014e6f6300000000000000e374[payload->]Noc........t||29,923
2025-07-30T21:33:09.168 0100|00|00|05|fa0001|340d013fb4[payload->]?.||46,143
2025-07-30T21:33:09.269 0100|01|00|0f|ef01fe|340d014e6f6300000000000000e374[payload->]Noc........t||29,923
2025-07-30T22:03:09.067 0100|00|00|05|fa0001|340d013fb4[payload->]?.||46,143
2025-07-30T22:03:09.169 0100|01|00|0f|ef01fe|340d014e6f6300000000000000e374[payload->]Noc........t||29,923
2025-07-30T22:31:27.637 0100|00|00|05|fa0001|340d013fb4[payload->]?.||46,143
2025-07-30T22:31:27.738 0100|01|00|0f|ef01fe|340d014e6f6300000000000000e374[payload->]Noc........t||29,923
2025-07-30T22:33:09.127 0100|00|00|05|fa0001|340d013fb4[payload->]?.||46,143
2025-07-30T22:33:09.228 0100|01|00|0f|ef01fe|340d014e6f6300000000000000e374[payload->]Noc........t||29,923
2025-07-30T23:03:09.143 0100|00|00|05|fa0001|340d013fb4[payload->]?.||46,143
2025-07-30T23:03:09.244 0100|01|00|0f|ef01fe|340d014e6f6300000000000000e374[payload->]Noc........t||29,923
2025-07-30T23:31:27.338 0100|00|00|05|fa0001|340d013fb4[payload->]?.||46,143
2025-07-30T23:31:27.439 0100|01|00|0f|ef01fe|340d014e6f6300000000000000e374[payload->]Noc........t||29,923
2025-07-30T23:33:10.326 0100|00|00|05|fa0001|340d013fb4[payload->]?.||46,143
2025-07-30T23:33:10.427 0100|01|00|0f|ef01fe|340d014e6f6300000000000000e374[payload->]Noc........t||29,923
2025-07-31T00:03:09.324 0100|00|00|05|fa0001|340d013fb4[payload->]?.||46,143
2025-07-31T00:03:09.324 0100|01|00|0f|ef01fe|340d014e6f6300000000000000e374[payload->]Noc........t||29,923
2025-07-31T00:33:09.134 0100|00|00|05|fa0001|340d013fb4[payload->]?.||46,143
2025-07-31T00:33:09.537 0100|01|00|4f|ef01fe|340d014e6f6300000000000000e3740100000005fa0001340d023ef4010001000fef01fe340d025720646f6d7500000000b8810100000005fa000150aa00104e0100010006f801fe50aa0000e1b701[payload->]Noc........t........4..>.........4..W domu..............P...N........P......||0,439
2025-07-31T01:03:09.124 0100|00|00|05|fa0001|340d013fb4[payload->]?.||46,143
2025-07-31T01:03:09.124 0100|01|00|0f|ef01fe|340d014e6f6300000000000000e374[payload->]Noc........t||29,923
2025-07-31T01:33:09.115 0100|00|00|05|fa0001|340d013fb4[payload->]?.||46,143
2025-07-31T01:33:09.217 0100|01|00|0f|ef01fe|340d014e6f6300000000000000e374[payload->]Noc........t||29,923
2025-07-31T02:03:09.129 0100|00|00|05|fa0001|340d013fb4[payload->]?.||46,143
2025-07-31T02:03:09.230 0100|01|00|0f|ef01fe|340d014e6f6300000000000000e374[payload->]Noc........t||29,923
2025-07-31T02:31:26.621 0100|00|00|05|fa0001|340d013fb4[payload->]?.||46,143
2025-07-31T02:31:26.722 0100|01|00|0f|ef01fe|340d014e6f6300000000000000e374[payload->]Noc........t||29,923
2025-07-31T02:33:10.456 0100|00|00|05|fa0001|340d013fb4[payload->]?.||46,143
2025-07-31T02:33:10.557 0100|01|00|0f|ef01fe|340d014e6f6300000000000000e374[payload->]Noc........t||29,923
2025-07-31T03:03:10.453 0100|00|00|05|fa0001|340d013fb4[payload->]?.||46,143
2025-07-31T03:03:10.654 0100|01|00|0f|ef01fe|340d014e6f6300000000000000e374[payload->]Noc........t||29,923
2025-07-31T03:33:10.528 0100|00|00|05|fa0001|340d013fb4[payload->]?.||46,143
2025-07-31T03:33:10.629 0100|01|00|0f|ef01fe|340d014e6f6340000000000000e374[payload->]Noc@.......t||29,923
2025-07-31T04:03:10.512 0100|00|00|05|fa0001|340d013fb4[payload->]?.||46,143
2025-07-31T04:03:10.612 0100|01|00|0f|ef01fe|340d014e6f6300000000000000e374[payload->]Noc........t||29,923
2025-07-31T04:33:10.464 0100|00|00|05|fa0001|340d013fb4[payload->]?.||46,143
2025-07-31T04:33:10.565 0100|01|00|0f|ef01fe|340d014e6f6300000000000000e374[payload->]Noc........t||29,923
2025-07-31T05:03:11.456 0100|00|00|05|fa0001|340d013fb4[payload->]?.||46,143
2025-07-31T05:03:11.557 0100|01|00|0f|ef01fe|340d014e6f6300000000000000e374[payload->]Noc........t||29,923
2025-07-31T05:31:27.294 0100|00|00|05|fa0001|340d013fb4[payload->]?.||46,143
2025-07-31T05:31:27.395 0100|01|00|0f|ef01fe|340d014e6f6300000000000000e374[payload->]Noc........t||29,923
2025-07-31T05:33:11.497 0100|00|00|05|fa0001|340d013fb4[payload->]?.||46,143
2025-07-31T05:33:11.900 0100|01|00|4f|ef01fe|340d014e6f6300000000000000e3740100000005fa0001340d023ef4010001000fef01fe340d025720646f6d7500000000b8810100000005fa0001342101ffa8010001000bf301fe34210100000000[payload->]Noc........t........4..>.........4..W domu..............4!...........4!.....||0,000
2025-07-31T06:03:11.491 0100|00|00|05|fa0001|340d013fb4[payload->]?.||46,143
2025-07-31T06:03:11.592 0100|01|00|0f|ef01fe|340d014e6f6300000000000000e374[payload->]Noc........t||29,923
2025-07-31T06:33:11.533 0100|00|00|05|fa0001|340d013fb4[payload->]?.||46,143
2025-07-31T07:03:11.480 0100|00|00|05|fa0001|340d013fb4[payload->]?.||46,143
2025-07-31T07:03:11.581 0100|01|00|0f|ef01fe|340d014e6f6300000000000000e374[payload->]Noc........t||29,923
2025-07-31T07:31:27.657 0100|00|00|05|fa0001|340d013fb4[payload->]?.||46,143
2025-07-31T07:31:27.758 0100|01|00|0f|ef01fe|340d014e6f6300000000000000e374[payload->]Noc........t||29,923
2025-07-31T07:33:11.472 0100|00|00|05|fa0001|340d013fb4[payload->]?.||46,143
2025-07-31T07:33:11.573 0100|01|00|0f|ef01fe|340d014e6f6300000000000000e374[payload->]Noc........t||29,923
2025-07-31T08:03:11.499 0100|00|00|05|fa0001|340d013fb4[payload->]?.||46,143
2025-07-31T08:03:11.601 0100|01|00|0f|ef01fe|340d014e6f6300000000000000e374[payload->]Noc........t||29,923
2025-07-31T08:33:11.466 0100|00|00|05|fa0001|340d013fb4[payload->]?.||46,143
2025-07-31T09:03:11.495 0100|00|00|05|fa0001|340d013fb4[payload->]?.||46,143
2025-07-31T09:03:11.596 0100|01|00|0f|ef01fe|340d014e6f6300000000000000e374[payload->]Noc........t||29,923
2025-07-31T09:31:27.146 0100|00|00|05|fa0001|340d013fb4[payload->]?.||46,143
2025-07-31T09:31:27.247 0100|01|00|0f|ef01fe|340d014e6f6300000000000000e374[payload->]Noc........t||29,923
2025-07-31T09:33:11.975 0100|00|00|05|fa0001|340d013fb4[payload->]?.||46,143
2025-07-31T09:33:12.076 0100|01|00|0f|ef01fe|340d014e6f6300000000000000e374[payload->]Noc........t||29,923
2025-07-31T10:31:27.168 0100|00|00|05|fa0001|340d013fb4[payload->]?.||46,143
2025-07-31T10:31:27.269 0100|01|00|0f|ef01fe|340d014e6f6300000000000000e374[payload->]Noc........t||29,923
2025-07-31T10:33:11.578 0100|00|00|05|fa0001|340d013fb4[payload->]?.||46,143
2025-07-31T10:33:11.679 0100|01|00|0f|ef01fe|340d014e6f6300000000000000e374[payload->]Noc........t||29,923
2025-07-31T11:03:11.555 0100|00|00|05|fa0001|340d013fb4[payload->]?.||46,143
2025-07-31T11:03:11.656 0100|01|00|0f|ef01fe|340d014e6f6300000000000000e374[payload->]Noc........t||29,923
2025-07-31T11:31:26.899 0100|00|00|05|fa0001|340d013fb4[payload->]?.||46,143
2025-07-31T11:31:27.001 0100|01|00|0f|ef01fe|340d014e6f6300000000000000e374[payload->]Noc........t||29,923
2025-07-31T11:33:11.535 0100|00|00|05|fa0001|340d013fb4[payload->]?.||46,143
2025-07-31T11:33:11.636 0100|01|00|0f|ef01fe|340d014e6f6300000000000000e374[payload->]Noc........t||29,923
2025-07-31T12:03:12.128 0100|00|00|05|fa0001|340d013fb4[payload->]?.||46,143
2025-07-31T12:03:12.229 0100|01|00|0f|ef01fe|340d014e6f6300000000000000e374[payload->]Noc........t||29,923
2025-07-31T12:33:11.557 0100|00|00|05|fa0001|340d013fb4[payload->]?.||46,143
2025-07-31T12:33:11.658 0100|01|00|0f|ef01fe|340d014e6f6300000000000000e374[payload->]Noc........t||29,923
2025-07-31T13:03:11.479 0100|00|00|05|fa0001|340d013fb4[payload->]?.||46,143
2025-07-31T13:03:11.580 0100|01|00|0f|ef01fe|340d014e6f6300000000000000e374[payload->]Noc........t||29,923
2025-07-31T13:31:27.735 0100|00|00|05|fa0001|340d013fb4[payload->]?.||46,143
2025-07-31T13:31:27.836 0100|01|00|0f|ef01fe|340d014e6f6300000000000000e374[payload->]Noc........t||29,923
2025-07-31T13:33:11.548 0100|00|00|05|fa0001|340d013fb4[payload->]?.||46,143
2025-07-31T13:33:11.649 0100|01|00|0f|ef01fe|340d014e6f6300000000000000e374[payload->]Noc........t||29,923
2025-07-31T14:03:11.574 0100|00|00|05|fa0001|340d013fb4[payload->]?.||46,143
2025-07-31T14:03:11.676 0100|01|00|0f|ef01fe|340d014e6f6300000000000000e374[payload->]Noc........t||29,923
2025-07-31T15:03:11.688 0100|00|00|05|fa0001|340d013fb4[payload->]?.||46,143
2025-07-31T15:33:12.992 0100|00|00|05|fa0001|340d013fb4[payload->]?.||46,143
2025-07-31T15:33:13.094 0100|01|00|0f|ef01fe|340d014e6f6300000000000000e374[payload->]Noc........t||29,923
2025-07-31T16:03:12.996 0100|00|00|05|fa0001|340d013fb4[payload->]?.||46,143
2025-07-31T16:03:13.097 0100|01|00|0f|ef01fe|340d014e6f6300000000000000e374[payload->]Noc........t||29,923
2025-07-31T16:31:26.737 0100|00|00|05|fa0001|340d013fb4[payload->]?.||46,143
2025-07-31T16:31:26.838 0100|01|00|0f|ef01fe|340d014e6f6300000000000000e374[payload->]Noc........t||29,923
2025-07-31T16:33:12.975 0100|00|00|05|fa0001|340d013fb4[payload->]?.||46,143
2025-07-31T16:33:13.076 0100|01|00|0f|ef01fe|340d014e6f6300000000000000e374[payload->]Noc........t||29,923
2025-07-31T17:03:13.048 0100|00|00|05|fa0001|340d013fb4[payload->]?.||46,143
2025-07-31T17:03:13.150 0100|01|00|0f|ef01fe|340d014e6f6300000000000000e374[payload->]Noc........t||29,923
2025-07-31T17:33:13.142 0100|01|00|0f|ef01fe|340d014e6f6300000000000000e364[payload->]Noc........d||25,827
2025-07-31T18:03:13.036 0100|00|00|05|fa0001|340d013fb4[payload->]?.||46,143
2025-07-31T18:03:13.137 0100|01|00|0f|ef01fe|340d014e6f6300000000000000e374[payload->]Noc........t||29,923
2025-07-31T18:33:13.018 0100|00|00|05|fa0001|340d013fb4[payload->]?.||46,143
2025-07-31T18:33:13.018 0100|01|00|0f|ef01fe|340d014e6f6300000000000000e374[payload->]Noc........t||29,923
2025-07-31T19:03:14.426 0100|00|00|05|fa0001|340d013fb4[payload->]?.||46,143
2025-07-31T19:03:14.527 0100|01|00|0f|ef01fe|340d014e6f6300000000000000e374[payload->]Noc........t||29,923
2025-07-31T19:33:14.285 0100|00|00|05|fa0001|340d013fb4[payload->]?.||46,143
2025-07-31T19:33:14.386 0100|01|00|0f|ef01fe|340d014e6f6300000000000000e374[payload->]Noc........t||29,923
2025-07-31T20:03:14.348 0100|00|00|05|fa0001|340d013fb4[payload->]?.||46,143
2025-07-31T20:03:14.348 0100|01|00|0f|ef01fe|340d014e6f6300000000000000e374[payload->]Noc........t||29,923
2025-07-31T20:33:14.859 0100|01|00|0f|ef01fe|340d014e6f6300000000000000e374[payload->]Noc........t||29,923
2025-07-31T21:03:14.171 0100|00|00|05|fa0001|340d013fb4[payload->]?.||46,143
2025-07-31T21:33:14.280 0100|00|00|05|fa0001|340d013fb4[payload->]?.||46,143
2025-07-31T21:33:14.381 0100|01|00|0f|ef01fe|340d014e6f6300000000000000e374[payload->]Noc........t||29,923
2025-07-31T22:03:14.121 0100|00|00|05|fa0001|340d013fb4[payload->]?.||46,143
2025-07-31T22:03:14.222 0100|01|00|0f|ef01fe|340d014e6f6300000000000000e374[payload->]Noc........t||29,923
2025-07-31T22:33:14.324 0100|00|00|05|fa0001|340d013fb4[payload->]?.||46,143
2025-07-31T22:33:14.425 0100|01|00|0f|ef01fe|340d014e6f6300000000000000e374[payload->]Noc........t||29,923
2025-07-31T23:03:14.140 0100|00|00|05|fa0001|340d013fb4[payload->]?.||46,143
2025-07-31T23:03:14.241 0100|01|00|0f|ef01fe|340d014e6f6300000000000000e374[payload->]Noc........t||29,923
2025-07-31T23:33:14.161 0100|00|00|05|fa0001|340d013fb4[payload->]?.||46,143
2025-07-31T23:33:14.262 0100|01|00|0f|ef01fe|340d014e6f6300000000000000e374[payload->]Noc........t||29,923
2025-08-01T00:03:14.555 0100|00|00|05|fa0001|340d013fb4[payload->]?.||46,143
2025-08-01T00:03:14.657 0100|01|00|0f|ef01fe|340d014e6f6300000000000000e374[payload->]Noc........t||29,923
2025-08-01T00:33:14.147 0100|00|00|05|fa0001|340d013fb4[payload->]?.||46,143
2025-08-01T00:33:14.248 0100|01|00|0f|ef01fe|340d014e6f6300000000000000e374[payload->]Noc........t||29,923
2025-08-01T01:03:14.130 0100|00|00|05|fa0001|340d013fb4[payload->]?.||46,143
2025-08-01T01:03:14.231 0100|01|00|0f|ef01fe|340d014e6f6300000000000000e374[payload->]Noc........t||29,923
2025-08-01T01:31:28.214 0100|00|00|05|fa0001|340d013fb4[payload->]?.||46,143
2025-08-01T01:31:28.315 0100|01|00|0f|ef01fe|340d014e6f6300000000000000e374[payload->]Noc........t||29,923
2025-08-01T01:33:14.171 0100|00|00|05|fa0001|340d013fb4[payload->]?.||46,143
2025-08-01T01:33:14.272 0100|01|00|0f|ef01fe|340d014e6f6300000000000000e374[payload->]Noc........t||29,923
2025-08-01T02:31:26.907 0100|01|00|0f|ef01fe|340d014e6f6300000000000000e374[payload->]Noc........t||29,923
2025-08-01T02:33:14.221 0100|00|00|05|fa0001|340d013fb4[payload->]?.||46,143
2025-08-01T02:33:14.322 0100|01|00|0f|ef01fe|340d014e6f6300000000000000e374[payload->]Noc........t||29,923
2025-08-01T03:03:14.104 0100|00|00|05|fa0001|340d013fb4[payload->]?.||46,143
2025-08-01T03:03:14.206 0100|01|00|0f|ef01fe|340d014e6f6300000000000000e374[payload->]Noc........t||29,923
2025-08-01T03:33:15.095 0100|00|00|05|fa0001|340d013fb4[payload->]?.||46,143
2025-08-01T03:33:15.196 0100|01|00|0f|ef01fe|340d014e6f6300000000000000e374[payload->]Noc........t||29,923
2025-08-01T04:03:14.165 0100|00|00|05|fa0001|340d013fb4[payload->]?.||46,143
2025-08-01T04:03:14.266 0100|01|00|0f|ef01fe|340d014e6f6300000000000000e374[payload->]Noc........t||29,923
2025-08-01T04:31:26.548 0100|00|00|05|fa0001|340d013fb4[payload->]?.||46,143
2025-08-01T04:31:26.649 0100|01|00|0f|ef01fe|340d014e6f6300000000000000e374[payload->]Noc........t||29,923
2025-08-01T04:33:14.175 0100|00|00|05|fa0001|340d013fb4[payload->]?.||46,143
2025-08-01T04:33:14.276 0100|01|00|0f|ef01fe|340d014e6f6300000000000000e374[payload->]Noc........t||29,923
2025-08-01T05:03:14.145 0100|00|00|05|fa0001|340d013fb4[payload->]?.||46,143
2025-08-01T05:03:14.246 0100|01|00|0f|ef01fe|340d014e6f6300000000000000e374[payload->]Noc........t||29,923
2025-08-01T05:31:28.114 0100|00|00|05|fa0001|340d013fb4[payload->]?.||46,143
2025-08-01T05:31:28.215 0100|01|00|0f|ef01fe|340d014e6f6300000000000000e374[payload->]Noc........t||29,923
2025-08-01T05:33:14.140 0100|00|00|05|fa0001|340d013fb4[payload->]?.||46,143
2025-08-01T05:33:14.241 0100|01|00|0f|ef01fe|340d014e6f6300000000000000e374[payload->]Noc........t||29,923
2025-08-01T06:03:14.098 0100|00|00|05|fa0001|340d013fb4[payload->]?.||46,143
2025-08-01T06:03:14.199 0100|01|00|0f|ef01fe|340d014e6f6300000000000000e374[payload->]Noc........t||29,923
2025-08-01T06:33:14.228 0100|00|00|05|fa0001|340d013fb4[payload->]?.||46,143
2025-08-01T06:33:14.329 0100|01|00|0f|ef01fe|340d014e6f6300000000000000e374[payload->]Noc........t||29,923
2025-08-01T07:03:14.058 0100|00|00|05|fa0001|340d013fb4[payload->]?.||46,143
2025-08-01T07:03:14.159 0100|01|00|0f|ef01fe|340d014e6f6300000000000000e374[payload->]Noc........t||29,923
2025-08-01T07:33:14.175 0100|00|00|05|fa0001|340d013fb4[payload->]?.||46,143
2025-08-01T07:33:14.276 0100|01|00|0f|ef01fe|340d014e6f6300000000000000e374[payload->]Noc........t||29,923
2025-08-01T08:03:14.200 0100|00|00|05|fa0001|340d013fb4[payload->]?.||46,143
2025-08-01T08:03:14.302 0100|01|00|0f|ef01fe|340d014e6f6300000000000000e374[payload->]Noc........t||29,923
2025-08-01T08:33:14.089 0100|00|00|05|fa0001|340d013fb4[payload->]?.||46,143
2025-08-01T08:33:14.190 0100|01|00|0f|ef01fe|340d014e6f6300000000000000e374[payload->]Noc........t||29,923
2025-08-01T09:03:14.033 0100|00|00|05|fa0001|340d013fb4[payload->]?.||46,143
2025-08-01T09:33:14.163 0100|00|00|05|fa0001|340d013fb4[payload->]?.||46,143
2025-08-01T09:33:14.264 0100|01|00|0f|ef01fe|340d014e6f6300000000000000e374[payload->]Noc........t||29,923
2025-08-01T10:03:14.153 0100|00|00|05|fa0001|340d013fb4[payload->]?.||46,143
2025-08-01T10:03:14.354 0100|01|00|0f|ef01fe|340d014e6f6300000000000000e374[payload->]Noc........t||29,923
2025-08-01T10:33:14.126 0100|00|00|05|fa0001|340d013fb4[payload->]?.||46,143
2025-08-01T10:33:14.228 0100|01|00|0f|ef01fe|340d014e6f6300000000000000e374[payload->]Noc........t||29,923
2025-08-01T11:03:13.995 0100|00|00|05|fa0001|340d013fb4[payload->]?.||46,143
2025-08-01T11:03:14.096 0100|01|00|0f|ef01fe|340d014e6f6300000000000000e374[payload->]Noc........t||29,923
2025-08-01T11:31:27.476 0100|00|00|05|fa0001|340d013fb4[payload->]?.||46,143
2025-08-01T11:31:27.577 0100|01|00|0f|ef01fe|340d014e6f6300000000000000e374[payload->]Noc........t||29,923
2025-08-01T11:33:14.114 0100|00|00|05|fa0001|340d013fb4[payload->]?.||46,143
2025-08-01T11:33:14.215 0100|01|00|0f|ef01fe|340d014e6f6300000000000000e374[payload->]Noc........t||29,923
2025-08-01T12:03:14.084 0100|00|00|05|fa0001|340d013fb4[payload->]?.||46,143
2025-08-01T12:03:14.185 0100|01|00|0f|ef01fe|340d014e6f6300000000000000e374[payload->]Noc........t||29,923
2025-08-01T12:31:27.417 0100|00|00|05|fa0001|340d013fb4[payload->]?.||46,143
2025-08-01T12:31:27.518 0100|01|00|0f|ef01fe|340d014e6f6300000000000000e374[payload->]Noc........t||29,923
2025-08-01T12:33:14.985 0100|00|00|05|fa0001|340d013fb4[payload->]?.||46,143
2025-08-01T12:33:15.087 0100|01|00|0f|ef01fe|340d014e6f6300000000000000e374[payload->]Noc........t||29,923
2025-08-01T13:03:16.302 0100|00|00|05|fa0001|340d013fb4[payload->]?.||46,143
2025-08-01T13:03:16.404 0100|01|00|0f|ef01fe|340d014e6f6300000000000000e374[payload->]Noc........t||29,923
2025-08-01T14:03:16.109 0100|00|00|05|fa0001|340d013fb4[payload->]?.||46,143
2025-08-01T14:03:16.210 0100|01|00|0f|ef01fe|340d014e6f6300000000000000e374[payload->]Noc........t||29,923
2025-08-01T14:31:28.246 0100|00|00|05|fa0001|340d013fb4[payload->]?.||46,143
2025-08-01T14:31:28.347 0100|01|00|0f|ef01fe|340d014e6f6300000000000000e374[payload->]Noc........t||29,923
2025-08-01T14:33:16.263 0100|00|00|05|fa0001|340d013fb4[payload->]?.||46,143
2025-08-01T14:33:16.364 0100|01|00|0f|ef01fe|340d014e6f6300000000000000e374[payload->]Noc........t||29,923
2025-08-01T15:03:16.210 0100|00|00|05|fa0001|340d013fb4[payload->]?.||46,143
2025-08-01T15:03:16.311 0100|01|00|0f|ef01fe|340d014e6f6300000000000000e374[payload->]Noc........t||29,923
2025-08-01T15:31:26.948 0100|01|00|0f|ef01fe|340d014e6f6300000000000000e374[payload->]Noc........t||29,923
2025-08-01T15:33:16.171 0100|00|00|05|fa0001|340d013fb4[payload->]?.||46,143
2025-08-01T15:33:16.272 0100|01|00|0f|ef01fe|340d014e6f6300000000000000e374[payload->]Noc........t||29,923
2025-08-01T16:03:16.146 0100|00|00|05|fa0001|340d013fb4[payload->]?.||46,143
2025-08-01T16:03:16.248 0100|01|00|0f|ef01fe|340d014c6f6300000000000000e374[payload->]Loc........t||29,923
2025-08-01T16:33:16.155 0100|00|00|05|fa0001|340d013fb4[payload->]?.||46,143
2025-08-01T16:33:16.257 0100|01|00|0f|ef01fe|340d014e6f6300000000000000e374[payload->]Noc........t||29,923
2025-08-01T17:03:16.178 0100|00|00|05|fa0001|340d013fb4[payload->]?.||46,143
2025-08-01T17:03:16.280 0100|01|00|0f|ef01fe|340d014e6f6300000000000000e374[payload->]Noc........t||29,923
2025-08-01T17:33:16.226 0100|00|00|05|fa0001|340d013fb4[payload->]?.||46,143
2025-08-01T17:33:16.427 0100|01|00|0f|ef01fe|340d014e6f6300000000000000e374[payload->]Noc........t||29,923
2025-08-01T18:03:16.135 0100|00|00|05|fa0001|340d013fb4[payload->]?.||46,143
2025-08-01T18:03:16.236 0100|01|00|0f|cf01fe|340d014e6f6300000000000000e374[payload->]Noc........t||29,923
2025-08-01T18:33:16.184 0100|00|00|05|fa0001|340d013fb4[payload->]?.||46,143
2025-08-01T18:33:16.286 0100|01|00|0f|ef01fe|340d014e6f6300000000000000e374[payload->]Noc........t||29,923
2025-08-01T19:03:16.189 0100|00|00|05|fa0001|340d013fb4[payload->]?.||46,143
2025-08-01T19:03:16.290 0100|01|00|0f|ef01fe|340d014e6f6300000000000000e374[payload->]Noc........t||29,923
2025-08-01T19:33:16.228 0100|00|00|05|fa0001|340d013fb4[payload->]?.||46,143
2025-08-01T19:33:16.329 0100|01|00|0f|ef01de|340d014e6f6300000000000000e370[payload->]Noc........p||28,899
2025-08-01T20:03:17.105 0100|00|00|05|fa0001|340d013fb4[payload->]?.||46,143
2025-08-01T20:03:17.206 0100|01|00|0f|ef01fe|340d014e6f6300000000000000e374[payload->]Noc........t||29,923
2025-08-01T20:33:17.045 0100|00|00|05|fa0001|340d013fb4[payload->]?.||46,143
2025-08-01T20:33:17.146 0100|01|00|0f|ef01fe|340d014e6f6300000000000000e374[payload->]Noc........t||29,923
2025-08-01T21:03:17.098 0100|00|00|05|fa0001|340d013fb4[payload->]?.||46,143
2025-08-01T21:03:17.199 0100|01|00|0f|ef01fe|340d014e6f6300000000000000e374[payload->]Noc........t||29,923
2025-08-01T21:33:17.099 0100|00|00|05|fa0001|340d013fb4[payload->]?.||46,143
2025-08-01T21:33:17.300 0100|01|00|0f|ef01fe|340d014e6f6300000000000000e374[payload->]Noc........t||29,923
2025-08-01T22:03:17.989 0100|00|00|05|fa0001|340d013fb4[payload->]?.||46,143
2025-08-01T22:03:18.191 0100|01|00|0f|ef01fe|340d014e6f6300000000000000e374[payload->]Noc........t||29,923
2025-08-01T22:33:18.033 0100|00|00|05|fa0001|340d013fb4[payload->]?.||46,143
2025-08-01T22:33:18.134 0100|01|00|0f|ef01fe|340d014e6f6300000000000000e374[payload->]Noc........t||29,923
2025-08-01T23:03:18.630 0100|00|00|05|fa0001|340d013fb4[payload->]?.||46,143
2025-08-01T23:03:18.732 0100|01|00|0f|ef01fe|340d014e6f6300000000000000e374[payload->]Noc........t||29,923
2025-08-01T23:33:17.959 0100|00|00|05|fa0001|340d013fb4[payload->]?.||46,143
2025-08-01T23:33:18.060 0100|01|00|0f|ef01fe|340d014e6f6300000000000000e374[payload->]Noc........t||29,923
2025-08-02T00:03:18.026 0100|00|00|05|fa0001|340d013fb4[payload->]?.||46,143
2025-08-02T00:03:18.127 0100|01|00|0f|ef01fe|340d014e6f6300000000000000e374[payload->]Noc........t||29,923
2025-08-02T00:31:27.632 0100|00|00|05|fa0001|340d013fb4[payload->]?.||46,143
2025-08-02T00:31:27.733 0100|01|00|0f|ef01fe|340d014e6f6300000000000000e374[payload->]Noc........t||29,923
2025-08-02T00:33:18.005 0100|00|00|05|fa0001|340d013fb4[payload->]?.||46,143
2025-08-02T00:33:18.106 0100|01|00|0f|ef01fe|340d014e6f6300000000000000e374[payload->]Noc........t||29,923
2025-08-02T01:03:17.963 0100|00|00|05|fa0001|340d013fb4[payload->]?.||46,143
2025-08-02T01:03:18.064 0100|01|00|0f|ef01fe|340d014e6f6300000000000000e374[payload->]Noc........t||29,923
2025-08-02T01:33:18.020 0100|00|00|05|fa0001|340d013fb4[payload->]?.||46,143
2025-08-02T01:33:18.121 0100|01|00|0f|ef01fe|340d014e6f6300000000000000e374[payload->]Noc........t||29,923
2025-08-02T02:03:18.011 0100|00|00|05|fa0001|340d013fb4[payload->]?.||46,143
2025-08-02T02:03:18.112 0100|01|00|0f|ef01fe|340d014e6f6300000000000000e374[payload->]Noc........t||29,923
2025-08-02T02:31:26.698 0100|00|00|05|fa0001|340d013fb4[payload->]?.||46,143
2025-08-02T02:31:26.799 0100|01|00|0f|ef01fe|340d014e6f6300000000000000e374[payload->]Noc........t||29,923
2025-08-02T02:33:17.946 0100|00|00|05|fa0001|340d013fb4[payload->]?.||46,143
2025-08-02T02:33:18.048 0100|01|00|0f|ef01fe|340d014e6f6300000000000000e374[payload->]Noc........t||29,923
2025-08-02T03:03:18.038 0100|00|00|05|fa0001|340d013fb4[payload->]?.||46,143
2025-08-02T03:03:18.138 0100|01|00|0f|ef01fe|340d014e6f6300000000000000e374[payload->]Noc........t||29,923
2025-08-02T03:31:26.577 0100|00|00|05|fa0001|340d013fb4[payload->]?.||46,143
2025-08-02T03:31:26.678 0100|01|00|0f|ef01fe|340d014e6f6300000000000000e374[payload->]Noc........t||29,923
2025-08-02T03:33:17.944 0100|00|00|05|fa0001|340d013fb4[payload->]?.||46,143
2025-08-02T03:33:18.045 0100|01|00|0f|ef01fe|340d014e6f6300000000000000e374[payload->]Noc........t||29,923
2025-08-02T04:03:17.947 0100|00|00|05|fa0001|340d013fb4[payload->]?.||46,143
2025-08-02T04:03:18.048 0100|01|00|0f|ef01fe|340d014e6f6300000000000000e374[payload->]Noc........t||29,923
2025-08-02T04:31:27.129 0100|00|00|05|fa0001|340d013fb4[payload->]?.||46,143
2025-08-02T04:31:27.230 0100|01|00|0f|ef01fe|340d014e6f6300000000000000e374[payload->]Noc........t||29,923
2025-08-02T04:33:17.982 0100|00|00|05|fa0001|340d013fb4[payload->]?.||46,143
2025-08-02T04:33:18.083 0100|01|00|0f|ef01fe|340d014e6f6300000000000000e374[payload->]Noc........t||29,923
2025-08-02T05:03:17.983 0100|00|00|05|fa0001|340d013fb4[payload->]?.||46,143
2025-08-02T05:03:18.084 0100|01|00|0f|ef01fe|340d014e6f6300000000000000e374[payload->]Noc........t||29,923
2025-08-02T05:33:17.968 0100|00|00|05|fa0001|340d013fb4[payload->]?.||46,143
2025-08-02T06:03:18.027 0100|00|00|05|fa0001|340d013fb4[payload->]?.||46,143
2025-08-02T06:03:18.128 0100|01|00|0f|ef01fe|340d014e6f6300000000000000e374[payload->]Noc........t||29,923
2025-08-02T06:31:27.997 0100|00|00|05|fa0001|340d013fb4[payload->]?.||46,143
2025-08-02T06:31:28.098 0100|01|00|0f|ef01fe|340d014e6f6300000000000000e374[payload->]Noc........t||29,923
2025-08-02T06:33:18.008 0100|00|00|05|fa0001|340d013fb4[payload->]?.||46,143
2025-08-02T06:33:18.109 0100|41|00|0f|ef01fe|340d014e6f6300000000000000e374[payload->]Noc........t||29,923
2025-08-02T07:03:18.036 0100|00|00|05|fa0001|340d013fb4[payload->]?.||46,143
2025-08-02T07:03:18.138 0100|01|00|0f|ef01fe|340d014e6f6300000000000000e374[payload->]Noc........t||29,923
2025-08-02T07:33:17.954 0100|00|00|05|fa0001|340d013fb4[payload->]?.||46,143
2025-08-02T07:33:18.055 0100|01|00|0f|ef01fe|340d014e6f6300000000000000e374[payload->]Noc........t||29,923
2025-08-02T08:03:18.019 0100|00|00|05|fa0001|340d013fb4[payload->]?.||46,143
2025-08-02T08:03:18.121 0100|01|00|0f|ef01fe|340d014e6f6300000000000000e374[payload->]Noc........t||29,923
2025-08-02T08:33:18.024 0100|00|00|05|fa0001|340d013fb4[payload->]?.||46,143
2025-08-02T08:33:18.126 0100|01|00|0f|ef01fe|340d014e6f6300000000000000e374[payload->]Noc........t||29,923
2025-08-02T09:03:17.964 0100|00|00|05|fa0001|340d013fb4[payload->]?.||46,143
2025-08-02T09:03:18.065 0100|01|00|0f|ef01fe|340d014e6f6300000000000000e374[payload->]Noc........t||29,923
2025-08-02T09:33:17.991 0100|00|00|05|fa0001|340d013fb4[payload->]?.||46,143
2025-08-02T09:33:18.092 0100|01|00|0f|ef01fe|340d014e6f6300000000000000e374[payload->]Noc........t||29,923
2025-08-02T10:03:18.002 0100|00|00|05|fa0001|340d013fb4[payload->]?.||46,143
2025-08-02T10:03:18.102 0100|01|00|0f|ef01fe|340d014e6f6300000000000000e374[payload->]Noc........t||29,923
2025-08-02T10:33:18.024 0100|00|00|05|fa0001|340d013fb4[payload->]?.||46,143
2025-08-02T10:33:18.125 0100|01|00|0f|ef01fe|340d014e6f6300000000000000e374[payload->]Noc........t||29,923
2025-08-02T11:03:18.646 0100|00|00|05|fa0001|340d013fb4[payload->]?.||46,143
2025-08-02T11:03:18.747 0100|01|00|0f|ef01fe|340d014e6f6300000000000000e374[payload->]Noc........t||29,923
2025-08-02T11:33:17.986 0100|00|00|05|fa0001|340d013fb4[payload->]?.||46,143
2025-08-02T11:33:18.088 0100|01|00|0f|ef01fe|340d014e6f6300000000000000e374[payload->]Noc........t||29,923
2025-08-02T12:03:18.063 0100|00|00|05|fa0001|340d013fb4[payload->]?.||46,143
2025-08-02T12:03:18.164 0100|01|00|0f|ef01fe|340d014e6f6300000000000000e374[payload->]Noc........t||29,923
2025-08-02T12:31:26.808 0100|00|00|05|fa0001|340d013fb4[payload->]?.||46,143
2025-08-02T12:31:26.910 0100|01|00|0e|ef01fe|340d014e6f6300000000000000e3[payload->]Noc........||58,112
2025-08-02T12:33:17.999 0100|00|00|05|fa0001|340d013fb4[payload->]?.||46,143
2025-08-02T12:33:18.100 0100|01|00|0f|ef01fe|340d014e6f6300000000000000e374[payload->]Noc........t||29,923
2025-08-02T13:03:17.964 0100|00|00|05|fa0001|340d013fb4[payload->]?.||46,143
2025-08-02T13:03:18.065 0100|01|00|0f|ef01fe|340d014e6f6300000000000000e374[payload->]Noc........t||29,923
2025-08-02T13:33:19.088 0100|01|00|0f|ef01fe|340d014e6f6300000000000000e374[payload->]Noc........t||29,923
2025-08-02T14:03:18.996 0100|00|00|05|fa0001|340d013fb4[payload->]?.||46,143
2025-08-02T14:03:19.097 0100|01|00|0f|ef01fe|340d014e6f6300000000000000e374[payload->]Noc........t||29,923
2025-08-02T14:31:27.190 0100|00|00|05|fa0001|340d013fb4[payload->]?.||46,143
2025-08-02T14:31:27.291 0100|01|00|0f|ef01fe|340d014e6f6300000000000000e374[payload->]Noc........t||29,923
2025-08-02T14:33:18.960 0100|00|00|05|fa0001|340d013fb4[payload->]?.||46,143
2025-08-02T14:33:19.061 0100|01|00|0f|ef01fe|340d014e6f6300000000000000e374[payload->]Noc........t||29,923
2025-08-02T15:03:18.989 0100|00|00|05|fa0001|340d013fb4[payload->]?.||46,143
2025-08-02T15:03:19.090 0100|01|00|0f|ef01fe|340d014e6f6300000000000000e374[payload->]Noc........t||29,923
2025-08-02T15:33:19.044 0100|00|00|05|fa0001|340d013fb4[payload->]?.||46,143
2025-08-02T15:33:19.145 0100|01|00|0f|ef01fe|340d014e6f6300000000000000e374[payload->]Noc........t||29,923
2025-08-02T16:03:19.089 0100|00|00|05|fa0001|340d013fb4[payload->]?.||46,143
2025-08-02T16:03:19.291 0100|01|00|0f|ef01fe|340d014e6f6300000000000000e374[payload->]Noc........t||29,923
2025-08-02T16:31:26.650 0100|00|00|05|fa0001|340d013fb4[payload->]?.||46,143
2025-08-02T16:31:26.752 0100|01|00|0f|ef01fe|340d014e6f6300000000000000e374[payload->]Noc........t||29,923
2025-08-02T16:33:19.034 0100|00|00|05|fa0001|340d013fb4[payload->]?.||46,143
2025-08-02T16:33:19.136 0100|01|00|0f|ef01fe|340d014e6f6300000000000000e374[payload->]Noc........t||29,923
2025-08-02T17:03:19.795 0100|00|00|05|fa0001|340d013fb4[payload->]?.||46,143
2025-08-02T17:03:19.896 0100|01|00|0f|ef01fe|340d014e6f6300000000000000e374[payload->]Noc........t||29,923
2025-08-02T17:33:18.970 0100|00|00|05|fa0001|340d013fb4[payload->]?.||46,143
2025-08-02T17:33:19.071 0100|01|00|0f|ef01fe|340d014e6f6300000000000000e374[payload->]Noc........t||29,923
2025-08-02T18:03:18.986 0100|00|00|05|fa0001|340d013fb4[payload->]?.||46,143
2025-08-02T18:03:19.088 0100|01|00|0f|ef01fe|340d014e6f6300000000000000e374[payload->]Noc........t||29,923
2025-08-02T18:31:27.115 0100|01|00|0f|ef01fe|340d014e6f6300000000000000e374[payload->]Noc........t||29,923
2025-08-02T18:33:19.071 0100|00|00|05|fa0001|340d013fb4[payload->]?.||46,143
2025-08-02T18:33:19.172 0100|01|00|0f|ef01fe|340d014e6f6300000000000000e374[payload->]Noc........t||29,923
2025-08-02T19:03:19.016 0100|00|00|05|fa0001|340d013fb4[payload->]?.||46,143
2025-08-02T19:03:19.217 0100|01|00|0f|ef01fe|340d014e6f6300000000000000e374[payload->]Noc........t||29,923
2025-08-02T19:31:27.265 0100|00|00|05|fa0001|340d013fb4[payload->]?.||46,143
2025-08-02T19:31:27.366 0100|01|00|0f|ef01fe|340d014e6f6300000000000400e374[payload->]Noc........t||29,923
2025-08-02T19:33:19.030 0100|00|00|05|fa0001|340d013fb4[payload->]?.||46,143
2025-08-02T19:33:19.131 0100|01|00|0f|ef01fe|340d014e6f6300000000000000e374[payload->]Noc........t||29,923
2025-08-02T20:03:19.045 0100|00|00|05|fa0001|340d013fb4[payload->]?.||46,143
2025-08-02T20:03:19.348 0100|01|00|0f|ef01fe|340d014e6f6300000000000000e374[payload->]Noc........t||29,923
2025-08-02T20:33:19.559 0100|00|00|05|fa0001|340d013fb4[payload->]?.||46,143
2025-08-02T21:03:19.021 0100|00|00|05|fa0001|340d013fb4[payload->]?.||46,143
2025-08-02T21:03:19.123 0100|01|00|0f|ef01fe|340d014e6f6300000000000000e374[payload->]Noc........t||29,923
2025-08-02T21:31:27.490 0100|00|00|05|fa0001|340d013fb4[payload->]?.||46,143
2025-08-02T21:33:18.967 0100|00|00|05|fa0001|340d013fb4[payload->]?.||46,143
2025-08-02T21:33:19.169 0100|01|00|0f|ef01fe|340d014e6f6300000000000000e374[payload->]Noc........t||29,923
2025-08-02T22:03:18.965 0100|00|00|05|fa0001|340d013fb4[payload->]?.||46,143
2025-08-02T22:03:19.066 0100|01|00|0f|ef01fe|340d014e6f6300000000000000e374[payload->]Noc........t||29,923
2025-08-02T22:33:18.945 0100|00|00|05|fa0001|340d013fb4[payload->]?.||46,143
2025-08-02T22:33:19.146 0100|01|00|0f|ef01fe|340d014e6f6300000000000000e374[payload->]Noc........t||29,923
2025-08-02T22:58:19.182 0100|01|00|19|e501fe|340d015374726566613100000000000000000000000000fe22[payload->]Strefa1.............."||8,958
2025-08-02T23:03:19.041 0100|00|00|05|fa0001|340d013fb4[payload->]?.||46,143
2025-08-02T23:03:19.243 0100|01|00|0f|ef01fe|340d014e6f6300000000000000e374[payload->]Noc........t||29,923
2025-08-02T23:33:19.058 0100|00|00|05|fa0001|340d013fb4[payload->]?.||46,143
2025-08-02T23:33:19.360 0100|01|00|0f|ef01fe|340d014e6f6300000000000000e374[payload->]Noc........t||29,923
2025-08-03T00:03:19.071 0100|00|00|05|fa0001|340d013fb4[payload->]?.||46,143
2025-08-03T00:03:19.272 0100|01|00|0f|ef01fe|340d014e6f6300000000000000e374[payload->]Noc........t||29,923
2025-08-03T00:31:28.649 0100|00|00|05|fa0001|340d013fb4[payload->]?.||46,143
2025-08-03T00:31:28.851 0100|01|00|0f|ef01fe|340d014e6f6300000000000000e374[payload->]Noc........t||29,923
2025-08-03T00:33:19.321 0100|00|00|05|fa0001|340d013fb4[payload->]?.||46,143
2025-08-03T00:33:19.422 0100|01|00|0f|ef01fe|340d014e6f6300000000000000e374[payload->]Noc........t||29,923
2025-08-03T01:03:18.963 0100|00|00|05|fa0001|340d013fb4[payload->]?.||46,143
2025-08-03T01:03:19.065 0100|01|00|0f|ef01fe|340d014e6f6300000000000000e374[payload->]Noc........t||29,923
2025-08-03T01:33:19.057 0100|00|00|05|fa0001|340d013fb4[payload->]?.||46,143
2025-08-03T01:33:19.158 0100|01|00|0f|ef01fe|340d014e6f6300000000000000e374[payload->]Noc........t||29,923
2025-08-03T02:03:18.972 0100|00|00|05|fa0001|340d013fb4[payload->]?.||46,143
2025-08-03T02:03:19.073 0100|01|00|0f|ef01fe|340d014e6f6300000000000000e374[payload->]Noc........t||29,923
2025-08-03T02:33:19.031 0100|00|00|05|fa0001|340d013fb4[payload->]?.||46,143
2025-08-03T02:33:19.133 0100|01|00|0f|ef01fe|340d014e6f6300000000000000e374[payload->]Noc........t||29,923
2025-08-03T03:03:19.043 0100|00|00|05|fa0001|340d013fb4[payload->]?.||46,143
2025-08-03T03:03:19.144 0100|01|00|0f|ef01fe|340d014e6f6300000000000000e374[payload->]Noc........t||29,923
2025-08-03T03:33:19.006 0100|00|00|05|fa0001|340d013fb4[payload->]?.||46,143
2025-08-03T03:33:19.107 0100|01|04|0f|ef01fe|340d014e6f6300000000000000e374[payload->]Noc........t||29,923
2025-08-03T04:03:18.995 0100|00|00|05|fa0001|340d013fb4[payload->]?.||46,143
2025-08-03T04:03:19.096 0100|01|00|0f|ef01fe|340d014e6f6300000000000000e374[payload->]Noc........t||29,923
2025-08-03T04:33:19.054 0100|00|00|05|fa0001|340d013fb4[payload->]?.||46,143
2025-08-03T04:33:19.155 0100|01|00|0f|ef01fe|340d014e6f6300000000000000e374[payload->]Noc........t||29,923
2025-08-03T05:03:18.960 0100|00|00|05|fa0001|340d013fb4[payload->]?.||46,143
2025-08-03T05:03:19.062 0100|01|00|0f|ef01fe|340d014e6f6300000000000000e374[payload->]Noc........t||29,923
2025-08-03T05:33:19.095 0100|00|00|05|fa0001|340d013fb4[payload->]?.||46,143
2025-08-03T05:33:19.197 0100|01|00|0f|ef01fe|340d014e6f6300000000000000e374[payload->]Noc........t||29,923
2025-08-03T06:03:19.013 0100|00|00|05|fa0001|340d013fb4[payload->]?.||46,143
2025-08-03T06:03:19.115 0100|01|00|0f|ef01fe|340d014e6f6300000000000000e374[payload->]Noc........t||29,923
2025-08-03T06:33:19.013 0100|00|00|05|fa0001|340d013fb4[payload->]?.||46,143
2025-08-03T06:33:19.114 0100|01|00|0f|ef01fe|340d014e6f6300000000000000e074[payload->]Noc........t||29,920
2025-08-03T07:03:19.001 0100|00|00|05|fa0001|340d013fb4[payload->]?.||46,143
2025-08-03T07:03:19.102 0100|01|00|0f|ef01fe|340d014e6f6300000000000000e374[payload->]Noc........t||29,923
2025-08-03T07:33:19.006 0100|00|00|05|fa0001|340d013fb4[payload->]?.||46,143
2025-08-03T07:33:19.107 0100|01|00|0f|ef01fe|340d014e6f6300000000000000e374[payload->]Noc........t||29,923
2025-08-03T08:03:19.028 0100|00|00|05|fa0001|340d013fb4[payload->]?.||46,143
2025-08-03T08:03:19.129 0100|01|00|0f|ef01fe|340d014c6f6300000000000000e374[payload->]Loc........t||29,923
2025-08-03T08:33:20.748 0100|00|00|05|fa0001|340d013fb4[payload->]?.||46,143
2025-08-03T08:33:20.950 0100|01|00|0f|ef01fe|340d014e6f6300000000000000e374[payload->]Noc........t||29,923
2025-08-03T09:03:19.087 0100|00|00|05|fa0001|340d013fb4[payload->]?.||46,143
2025-08-03T09:03:19.289 0100|01|00|0f|ef01fe|340d014e6f6300000000000000e374[payload->]Noc........t||29,923
2025-08-03T09:33:19.175 0100|00|00|05|fa0001|340d013fb4[payload->]?.||46,143
2025-08-03T09:33:19.276 0100|01|00|0f|ef01fe|340d014e6f6300000000000000e374[payload->]Noc........t||29,923
2025-08-03T10:03:18.970 0100|00|00|05|fa0001|340d013fb4[payload->]?.||46,143
2025-08-03T10:03:19.071 0100|01|00|0f|ef01fe|340d014e6f6300000000000000e374[payload->]Noc........t||29,923
2025-08-03T10:33:18.997 0100|00|00|05|fa0001|340d013fb4[payload->]?.||46,143
2025-08-03T10:33:19.099 0100|01|00|0f|ef01fe|340d014e6f6300000000000000e374[payload->]Noc........t||29,923
2025-08-03T11:03:18.963 0100|00|00|05|fa0001|340d013fb4[payload->]?.||46,143
2025-08-03T11:03:19.064 0100|01|00|0f|ef01fe|340d014e6f6300000000000000e374[payload->]Noc........t||29,923
2025-08-03T11:33:18.967 0100|00|00|05|fa0001|340d013fb4[payload->]?.||46,143
2025-08-03T11:33:19.068 0100|01|00|0f|ef01fe|340d014e6f6300000000000000e374[payload->]Noc........t||29,923
2025-08-03T12:03:18.956 0100|00|00|05|fa0001|340d013fb4[payload->]?.||46,143
2025-08-03T12:03:19.057 0100|01|00|0f|ef01fe|340d014e6f6300000000000000e374[payload->]Noc........t||29,923
2025-08-03T12:33:19.004 0100|00|00|05|fa0001|340d013fb4[payload->]?.||46,143
2025-08-03T12:33:19.106 0100|01|00|0f|ef01fe|340d014e6f6300000000000000e374[payload->]Noc........t||29,923
2025-08-03T13:03:19.044 0100|00|00|05|fa0001|340d013fb4[payload->]?.||46,143
2025-08-03T13:03:19.145 0100|01|00|0f|ef01fe|340d014e6f6300000000000000e374[payload->]Noc........t||29,923
2025-08-03T13:31:26.954 0100|00|00|05|fa0001|340d013fb4[payload->]?.||46,143
2025-08-03T13:31:26.954 0100|01|00|0f|ef01fe|340d014e6f6300000000000000e374[payload->]Noc........t||29,923
2025-08-03T13:33:18.989 0100|00|00|05|fa0001|340d013fb4[payload->]?.||46,143
2025-08-03T13:33:19.090 0100|01|00|0f|ef01fe|340d014e6f6300000000000000e374[payload->]Noc........t||29,923
2025-08-03T14:03:18.992 0100|00|00|05|fa0001|340d013fb4[payload->]?.||46,143
2025-08-03T14:03:19.093 0100|01|00|0f|ef01fe|340d014e6f6300000000000000e374[payload->]Noc........t||29,923
2025-08-03T14:33:18.963 0100|00|00|05|fa0001|340d013fb4[payload->]?.||46,143
2025-08-03T14:33:19.065 0100|01|00|0f|ef01fe|340d014e6f6300000000000000e374[payload->]Noc........t||29,923
2025-08-03T15:03:18.969 0100|00|00|05|fa0001|340d013fb4[payload->]?.||46,143
2025-08-03T15:03:19.070 0100|01|00|0f|ef01fe|340d014e6f6300000000000000e374[payload->]Noc........t||29,923
2025-08-03T15:31:27.121 0100|00|00|05|fa0001|340d013fb4[payload->]?.||46,143
2025-08-03T15:31:27.222 0100|01|00|0f|ef01fe|340d014e6f6300000000000000e374[payload->]Noc........t||29,923
2025-08-03T15:33:19.085 0100|00|00|05|fa0001|340d013fb4[payload->]?.||46,143
2025-08-03T15:33:19.187 0100|01|00|0f|ef01fe|340d014e6f6300000000000000e374[payload->]Noc........t||29,923
2025-08-03T16:03:18.988 0100|00|00|05|fa0001|340d013fb4[payload->]?.||46,143
2025-08-03T16:03:19.089 0100|01|00|0f|ef01fe|340d014e6f6300000000000000e374[payload->]Noc........t||29,923
2025-08-03T16:33:19.010 0100|00|00|05|fa0001|340d013fb4[payload->]?.||46,143
2025-08-03T16:33:19.112 0100|01|00|0f|ef01fe|340d014e6f6300000000000000e374[payload->]Noc........t||29,923
2025-08-03T17:03:19.042 0100|00|00|05|fa0001|340d013fb4[payload->]?.||46,143
2025-08-03T17:03:19.143 0100|01|00|0f|ef01fe|340d014e6f6300000000000000e374[payload->]Noc........t||29,923
2025-08-03T17:33:18.985 0100|00|00|05|fa0001|340d013fb4[payload->]?.||46,143
2025-08-03T17:33:19.086 0100|01|00|0f|ef01fe|340d014e6f6300000000000000e374[payload->]Noc........t||29,923
2025-08-03T18:03:19.374 0100|00|00|05|fa0001|340d013fb4[payload->]?.||46,143
2025-08-03T18:03:19.476 0100|01|00|0f|ef01fe|340d014e6f6300000000000000e374[payload->]Noc........t||29,923
