2025-07-30T20:31:25.841 0100|00|00|05|fa0001|364501ff23[payload->].#||9,215
2025-07-30T20:31:25.943 0100|01|00|18|e601fe|364501020010240000840000000000000000000000000000[payload->]...$.................||0,000
2025-07-30T20:32:47.980 0100|00|00|05|fa0001|364501ff23[payload->].#||9,215
2025-07-30T20:32:48.082 0100|01|00|18|e601fe|36450102001024000084000000000000000000000000dbec[payload->]...$.................||60,635
2025-07-30T21:02:47.975 0100|00|00|05|fa0001|364501ff23[payload->].#||9,215
2025-07-30T21:02:48.076 0100|01|00|18|e601fe|36450102001024000084000000000000000000000000dbed[payload->]...$.................||60,891
2025-07-30T21:32:47.884 0100|00|00|05|fa0001|364501ff23[payload->].#||9,215
2025-07-30T21:32:48.086 0100|01|00|18|e601fe|36450102001024000084000000000000000000000000dbed[payload->]...$.................||60,891
2025-07-30T22:02:47.955 0100|00|00|05|fa0001|364501ff23[payload->].#||9,215
2025-07-30T22:02:48.157 0100|01|00|18|e601fe|36450102001024000084000000000000000000000000dbed[payload->]...$.................||60,891
2025-07-30T22:32:48.128 0100|01|00|18|e601fe|36450102001024000084000000000000000000000000dbed[payload->]...$.................||60,891
2025-07-30T23:02:47.948 0100|00|00|05|fa0001|364501ff23[payload->].#||9,215
2025-07-30T23:02:48.150 0100|01|00|18|e601fe|36450102001024000084000000000000000000000000dbed[payload->]...$.................||60,891
2025-07-30T23:32:48.015 0100|00|00|05|fa0001|364501ff23[payload->].#||9,215
2025-07-30T23:32:48.117 0100|01|00|18|e601fe|36450102001024000084000000000000000000000000dbed[payload->]...$.................||60,891
2025-07-30T23:46:00.160 0100|01|00|07|f701fe|364501800cbfe4[payload->]....||58,559
2025-07-31T00:02:48.023 0100|00|00|05|fa0001|364501ff23[payload->].#||9,215
2025-07-31T00:02:48.124 0100|01|00|18|e601fe|36450102001024000084000000000000000000000000dbed[payload->]...$.................||60,891
2025-07-31T00:32:48.016 0100|00|00|05|fa0001|364501ff23[payload->].#||9,215
2025-07-31T00:32:48.117 0100|01|00|18|e601fe|36450102001024000084000000000000000000000000dbed[payload->]...$.................||60,891
2025-07-31T01:02:47.930 0100|00|00|05|fa0001|364501ff23[payload->].#||9,215
2025-07-31T01:02:48.031 0100|01|00|18|e601fe|36450102001024000084000000000000000000000000dbed[payload->]...$.................||60,891
2025-07-31T01:32:47.918 0100|00|00|05|fa0001|364501ff23[payload->].#||9,215
2025-07-31T01:32:48.120 0100|01|00|18|e601fe|36450102001024000084000000000000000000000000dbed[payload->]...$.................||60,891
2025-07-31T02:02:48.015 0100|00|00|05|fa0001|364501ff23[payload->].#||9,215
2025-07-31T02:02:48.117 0100|01|00|18|e601fe|36450102001024000084000000000000000000000000dbed[payload->]...$.................||60,891
2025-07-31T02:10:00.167 0100|01|00|07|f701fe|364501800cbfe4[payload->]....||58,559
2025-07-31T02:31:25.101 0100|01|00|18|e601fe|36450102001024000084000000000000000000000000dbed[payload->]...$.................||60,891
2025-07-31T02:32:49.515 0100|00|00|05|fa0001|364501ff23[payload->].#||9,215
2025-07-31T02:32:49.617 0100|01|00|18|e601fe|36450102001024000084000000000000000000000000dbed[payload->]...$.................||60,891
2025-07-31T03:02:50.672 0100|00|00|05|fa0001|364501ff23[payload->].#||9,215
2025-07-31T03:02:50.873 0100|01|00|18|e601fe|36450102001024000084000000000000000000000000dbed[payload->]...$.................||60,891
2025-07-31T03:32:49.449 0100|00|00|05|fa0001|364501ff23[payload->].#||9,215
2025-07-31T03:32:49.550 0100|01|00|18|e601fe|36450102001024000084000000000000000000000000dbed[payload->]...$.................||60,891
2025-07-31T04:02:49.524 0100|00|00|05|fa0001|364501ff23[payload->].#||9,215
2025-07-31T04:02:49.726 0100|01|00|18|e601fe|36450102001024000084000000000000000000000000dbed[payload->]...$.................||60,891
2025-07-31T04:31:25.354 0100|00|00|05|fa0001|364501ff23[payload->].#||9,215
2025-07-31T04:32:49.460 0100|00|00|05|fa0001|364501ff23[payload->].#||9,215
2025-07-31T04:32:49.562 0100|01|00|18|e601fe|36450102001024000084000000000000000000000000dbed[payload->]...$.................||60,891
2025-07-31T05:02:50.470 0100|00|00|05|fa0001|364501ff23[payload->].#||9,215
2025-07-31T05:02:50.672 0100|01|00|18|e601fe|36450102001024000084000000000000000000000000dbed[payload->]...$.................||60,891
2025-07-31T05:31:25.372 0100|00|00|05|fa0001|364501ff23[payload->].#||9,215
2025-07-31T05:31:25.574 0100|01|00|18|e601fe|36450102001024000084000000000000000000000000dbed[payload->]...$.................||60,891
2025-07-31T05:32:50.591 0100|00|00|05|fa0001|364501ff23[payload->].#||9,215
2025-07-31T05:32:50.692 0100|01|00|18|e601fe|36450102001024000084000000000000000000000000dbed[payload->]...$.................||60,891
2025-07-31T06:02:50.504 0100|00|00|05|fa0001|364501ff23[payload->].#||9,215
2025-07-31T06:02:50.606 0100|01|00|18|e601fe|36450102001024000084000000000000000000000000dbed[payload->]...$.................||60,891
2025-07-31T06:31:25.089 0100|00|00|05|fa0001|364501ff23[payload->].#||9,215
2025-07-31T06:31:25.190 0100|01|00|18|e601fe|36450102001024000084000000000000000000000000dbed[payload->]...$.................||60,891
2025-07-31T06:32:50.540 0100|00|00|05|fa0001|364501ff23[payload->].#||9,215
2025-07-31T06:32:50.641 0100|01|00|18|e601fe|36450102001024000084000000000000000000000000dbed[payload->]...$.................||60,891
2025-07-31T07:02:50.460 0100|00|00|05|fa0001|364501ff23[payload->].#||9,215
2025-07-31T07:02:50.666 0100|01|00|18|e601fe|36450102001024000084000000000000000000000000dbed[payload->]...$.................||60,891
2025-07-31T07:32:50.582 0100|00|00|05|fa0001|364501ff23[payload->].#||9,215
2025-07-31T07:32:50.683 0100|01|00|18|e601fe|36450102001024000084000000000000000000000000dbed[payload->]...$.................||60,891
2025-07-31T08:02:50.486 0100|00|00|05|fa0001|364501ff23[payload->].#||9,215
2025-07-31T08:02:50.688 0100|01|00|18|e601fe|36450102001024000084000000000000000000000000dbed[payload->]...$.................||60,891
2025-07-31T08:32:50.473 0100|00|00|05|fa0001|364501ff23[payload->].#||9,215
2025-07-31T08:32:50.675 0100|01|00|18|e601fe|36450102001024000084000000000000000000000000dbed[payload->]...$.................||60,891
2025-07-31T09:02:50.503 0100|00|00|05|fa0001|364501ff23[payload->].#||9,215
2025-07-31T09:02:50.605 0100|01|00|18|e601fe|36450102001024000084000000000000000000000000dbed[payload->]...$.................||60,891
2025-07-31T09:32:50.563 0100|00|00|05|fa0001|364501ff23[payload->].#||9,215
2025-07-31T09:32:50.664 0100|01|00|18|e601fe|36450102001024000084000000000000000000000000dbed[payload->]...$.................||60,891
2025-07-31T10:02:50.514 0100|00|00|05|fa0001|364501ff23[payload->].#||9,215
2025-07-31T10:02:50.716 0100|01|00|18|e601fe|36450102001024000084000000000000000000000000dbed[payload->]...$.................||60,891
2025-07-31T10:31:25.447 0100|00|00|05|fa0001|364501ff23[payload->].#||9,215
2025-07-31T10:32:50.568 0100|00|00|05|fa0001|364501ff23[payload->].#||9,215
2025-07-31T10:32:50.669 0100|01|00|18|e601fe|36450102001024000084000000000000000000000000dbed[payload->]...$.................||60,891
2025-07-31T11:02:50.467 0100|00|00|05|fa0001|364501ff23[payload->].#||9,215
2025-07-31T11:02:50.669 0100|01|00|18|e601fe|36450102001024000084000000000000000000000000dbed[payload->]...$.................||60,891
2025-07-31T11:32:50.541 0100|00|00|05|fa0001|364501ff23[payload->].#||9,215
2025-07-31T11:32:50.643 0100|01|00|18|e601fe|36450102001024000084000000000000000000000000dbed[payload->]...$.................||60,891
2025-07-31T12:02:50.515 0100|00|00|05|fa0001|364501ff23[payload->].#||9,215
2025-07-31T12:02:50.616 0100|01|00|18|e601fe|36450102001024000084000000000000000000000000dbed[payload->]...$.................||60,891
2025-07-31T12:31:27.369 0100|00|00|05|fa0001|364501ff23[payload->].#||9,215
2025-07-31T12:31:27.570 0100|01|00|18|e601fe|36450102001024000084000000000000000000000000dbed[payload->]...$.................||60,891
2025-07-31T12:32:50.469 0100|00|00|05|fa0001|364501ff23[payload->].#||9,215
2025-07-31T12:32:50.670 0100|01|00|18|e601fe|36450102001024000084000000000000000000000000dbed[payload->]...$.................||60,891
2025-07-31T13:02:50.462 0100|00|00|05|fa0001|364501ff23[payload->].#||9,215
2025-07-31T13:02:50.664 0100|01|00|18|e601fe|36450102001024000084000000000000000000000000dbed[payload->]...$.................||60,891
2025-07-31T13:31:25.408 0100|00|00|05|fa0001|364501ff23[payload->].#||9,215
2025-07-31T13:31:25.509 0100|01|00|18|e601fe|36450102001024000084000000000000000000000000dbed[payload->]...$.................||60,891
2025-07-31T13:32:50.554 0100|00|00|05|fa0001|364501ff23[payload->].#||9,215
2025-07-31T13:32:50.757 0100|01|00|18|e601fe|36450102001024000084000000000000000000000000dbed[payload->]...$.................||60,891
2025-07-31T14:02:51.884 0100|00|00|05|fa0001|364501ff23[payload->].#||9,215
2025-07-31T14:02:51.986 0100|01|00|18|e601fe|36450102001024000084000000000000000000000000dbed[payload->]...$.................||60,891
2025-07-31T14:32:50.539 0100|00|00|05|fa0001|364501ff23[payload->].#||9,215
2025-07-31T14:32:50.641 0100|01|00|18|e601fe|36450102001024000084000000000000000000000000dbed[payload->]...$.................||60,891
2025-07-31T15:02:50.493 0100|00|00|05|fa0001|364501ff23[payload->].#||9,215
2025-07-31T15:02:50.695 0100|01|00|18|e601fe|36450102001024000084000000000000000000000000dbed[payload->]...$.................||60,891
2025-07-31T15:32:52.080 0100|00|00|05|fa0001|364501ff23[payload->].#||9,215
2025-07-31T15:32:52.181 0100|01|00|18|e601fe|36450102001024000084000000000000000000000000dbed[payload->]...$.................||60,891
2025-07-31T16:02:52.000 0100|00|00|05|fa0001|364501ff23[payload->].#||9,215
2025-07-31T16:02:52.101 0100|01|00|18|e601fe|36450102001024000084000000000000000000000000dbed[payload->]...$.................||60,891
2025-07-31T16:32:52.063 0100|00|00|05|fa0001|364501ff23[payload->].#||9,215
2025-07-31T16:32:52.264 0100|01|00|18|e601fe|36450102001024000084000000000000000000000000dbed[payload->]...$.................||60,891
2025-07-31T17:02:51.953 0100|00|00|05|fa0001|364501ff23[payload->].#||9,215
2025-07-31T17:02:52.154 0100|01|00|18|e601fe|36450102001024000084000000000000000000000000dbed[payload->]...$.................||60,891
2025-07-31T17:31:25.371 0100|00|00|05|fa0001|364501ff23[payload->].#||9,215
2025-07-31T17:31:25.472 0100|01|00|18|e601fe|36450102001024000084000000000000000000000000dbed[payload->]...$.................||60,891
2025-07-31T17:32:52.047 0100|00|00|05|fa0001|364501ff23[payload->].#||9,215
2025-07-31T17:32:52.149 0100|01|00|18|e601fe|36450102001024000084000000000000000000000000dbed[payload->]...$.................||60,891
2025-07-31T18:02:52.023 0100|00|00|05|fa0001|364501ff23[payload->].#||9,215
2025-07-31T18:02:52.124 0100|01|00|18|e601fe|36450102001024000084000000000000000000000000dbed[payload->]...$.................||60,891
2025-07-31T18:32:52.026 0100|00|00|05|fa0001|364501ff23[payload->].#||9,215
2025-07-31T18:32:52.128 0100|01|00|18|e601fe|36450102001024000084000000000000000000000000dbed[payload->]...$.................||60,891
2025-07-31T19:02:51.995 0100|00|00|05|fa0001|364501ff23[payload->].#||9,215
2025-07-31T19:02:52.096 0100|01|00|18|e601fe|36450102001024000084000000000000000000000000dbed[payload->]...$.................||60,891
2025-07-31T19:32:51.983 0100|00|00|05|fa0001|364501ff23[payload->].#||9,215
2025-07-31T19:32:52.185 0100|01|00|18|e601fe|36450102001024000084000000000000000000000000dbed[payload->]...$.................||60,891
2025-07-31T20:02:52.543 0100|00|00|05|fa0001|364501ff23[payload->].#||9,215
2025-07-31T20:02:52.745 0100|01|00|18|e601fe|36450102001024000084000000000000000000000000dbed[payload->]...$.................||60,891
2025-07-31T20:32:52.046 0100|00|00|05|fa0001|364501ff23[payload->].#||9,215
2025-07-31T20:32:52.147 0100|01|00|18|e601fe|36450102001024000084000000000000000000000000dbed[payload->]...$.................||60,891
2025-07-31T21:02:51.968 0100|00|00|05|fa0001|364501ff23[payload->].#||9,215
2025-07-31T21:02:52.170 0100|01|00|18|e601fe|36450102001024000084000000000000000000000000dbed[payload->]...$.................||60,891
2025-07-31T21:32:51.959 0100|00|00|05|fa0001|364501ff23[payload->].#||9,215
2025-07-31T21:32:52.060 0100|01|00|18|e601fe|36450102001024000084000000000000000000000000dbed[payload->]...$.................||60,891
2025-07-31T22:02:51.924 0100|00|00|05|fa0001|364501ff23[payload->].#||9,215
2025-07-31T22:02:52.025 0100|01|00|18|e601fe|36450102001024000084000000000000000000000000dbed[payload->]...$.................||60,891
2025-07-31T22:32:52.011 0100|00|00|05|fa0001|364501ff23[payload->].#||9,215
2025-07-31T22:32:52.113 0100|01|00|18|e601fe|36450102001024000084000000000000000000000000dbed[payload->]...$.................||60,891
2025-07-31T23:02:51.951 0100|00|00|05|fa0001|364501ff23[payload->].#||9,215
2025-07-31T23:02:52.153 0100|01|00|18|e601fe|36450102001024000084000000000000000000000000dbed[payload->]...$.................||60,891
2025-07-31T23:31:25.000 0100|01|00|18|e601fe|36450102001024000084000000000000000000000000dbed[payload->]...$.................||60,891
2025-07-31T23:32:51.964 0100|00|00|05|fa0001|364501ff23[payload->].#||9,215
2025-07-31T23:32:52.066 0100|01|00|18|e601fe|36450102001024000084000000000000000000000000dbed[payload->]...$.................||60,891
2025-08-01T00:02:52.033 0100|00|00|05|fa0001|364501ff23[payload->].#||9,215
2025-08-01T00:02:52.134 0100|01|00|18|e601fe|36450102001024000084000000000000000000000000dbed[payload->]...$.................||60,891
2025-08-01T00:17:16.861 0100|01|00|07|f701fe|364501800cbfe4[payload->]....||58,559
2025-08-01T00:32:51.953 0100|00|00|05|fa0001|364501ff23[payload->].#||9,215
2025-08-01T00:32:52.154 0100|01|00|18|e601fe|36450102001024000084000000000000000000000000dbed[payload->]...$.................||60,891
2025-08-01T01:02:52.019 0100|00|00|05|fa0001|364501ff23[payload->].#||9,215
2025-08-01T01:02:52.120 0100|01|00|18|e601fe|36450102001024000084000000000000000000000000dbed[payload->]...$.................||60,891
2025-08-01T02:02:51.979 0100|00|00|05|fa0001|364501ff23[payload->].#||9,215
2025-08-01T02:02:52.181 0100|01|00|18|e601fe|36450102001024000084000000000000000000000000dbed[payload->]...$.................||60,891
2025-08-01T02:32:52.023 0100|00|00|05|fa0001|364501ff23[payload->].#||9,215
2025-08-01T02:32:52.225 0100|01|00|18|e601fe|36450102001024000084000000000000000000000000dbed[payload->]...$.................||60,891
2025-08-01T03:02:52.008 0100|00|00|05|fa0001|364501ff23[payload->].#||9,215
2025-08-01T03:02:52.110 0100|01|00|18|e601fe|36450102001024000084000000000000000000000000dbed[payload->]...$.................||60,891
2025-08-01T03:32:51.980 0100|00|00|05|fa0001|364501ff23[payload->].#||9,215
2025-08-01T03:32:52.182 0100|01|00|18|e601fe|36450102001024000084000000000000000000000000dbed[payload->]...$.................||60,891
2025-08-01T04:02:51.970 0100|00|00|05|fa0001|364501ff23[payload->].#||9,215
2025-08-01T04:02:52.071 0100|01|00|18|e601fe|36450102001024000084000000000000000000000000dbed[payload->]...$.................||60,891
2025-08-01T04:32:51.961 0100|00|00|05|fa0001|364501ff23[payload->].#||9,215
2025-08-01T04:32:52.063 0100|01|00|18|e601fe|36450102001024000084000000000000000000000000dbed[payload->]...$.................||60,891
2025-08-01T05:02:51.952 0100|00|00|05|fa0001|364501ff23[payload->].#||9,215
2025-08-01T05:02:52.053 0100|01|00|18|e601fe|36450102001024000084000000000000000000000000dbed[payload->]...$.................||60,891
2025-08-01T06:02:52.005 0100|00|00|05|fa0001|364501ff23[payload->].#||9,215
2025-08-01T06:02:52.207 0100|01|00|18|e601fe|36450102001024000084000000000000000000000000dbed[payload->]...$.................||60,891
2025-08-01T06:31:25.184 0100|00|00|05|fa0001|364501ff23[payload->].#||9,215
2025-08-01T06:32:51.935 0100|00|00|05|fa0001|364501ff23[payload->].#||9,215
2025-08-01T06:32:52.036 0100|01|00|18|e601fe|36450102001024000084000000000000000000000000dbed[payload->]...$.................||60,891
2025-08-01T07:02:52.037 0100|00|00|05|fa0001|364501ff23[payload->].#||9,215
2025-08-01T07:02:52.138 0100|01|00|18|e601fe|36450102001024000084000000000000000000000000dbed[payload->]...$.................||60,891
2025-08-01T07:32:52.074 0100|00|00|05|fa0001|364501ff23[payload->].#||9,215
2025-08-01T07:32:52.176 0100|01|00|18|e601fe|36450102001024000084000000000000000000000000dbed[payload->]...$.................||60,891
2025-08-01T08:02:51.977 0100|00|00|05|fa0001|364501ff23[payload->].#||9,215
2025-08-01T08:02:52.180 0100|01|00|18|e601fe|36450102001024000084000000000000000000000000dbed[payload->]...$.................||60,891
2025-08-01T08:31:25.147 0100|00|00|05|fa0001|364501ff23[payload->].#||9,215
2025-08-01T08:31:25.349 0100|01|00|18|e601fe|36450102001024000084000000000000000000000000dbed[payload->]...$.................||60,891
2025-08-01T08:32:51.986 0100|00|00|05|fa0001|364501ff23[payload->].#||9,215
2025-08-01T08:32:52.188 0100|01|00|18|e601fe|36450102001024000084000000000000000000000000dbed[payload->]...$.................||60,891
2025-08-01T09:02:51.933 0100|00|00|05|fa0001|364501ff23[payload->].#||9,215
2025-08-01T09:02:52.135 0100|01|00|18|e601fe|36450102001024000084000000000000000000000000dbed[payload->]...$.................||60,891
2025-08-01T09:32:52.057 0100|00|00|05|fa0001|364501ff23[payload->].#||9,215
2025-08-01T09:32:52.159 0100|01|00|18|e601fe|36450102001024000084000000000000000000000000dbed[payload->]...$.................||60,891
2025-08-01T10:02:51.945 0100|00|00|05|fa0001|364501ff23[payload->].#||9,215
2025-08-01T10:02:52.147 0100|01|00|18|e601fe|36450102001024000084000000000000000000000000dbed[payload->]...$.................||60,891
2025-08-01T10:32:52.002 0100|00|00|05|fa0001|364501ff23[payload->].#||9,215
2025-08-01T10:32:52.103 0100|01|00|18|e601fe|36450102001024000084000000000000000000000000dbed[payload->]...$.................||60,891
2025-08-01T11:02:52.089 0100|00|00|05|fa0001|364501ff23[payload->].#||9,215
2025-08-01T11:02:52.191 0100|01|00|18|e601fe|36450102001024000084000000000000000000000000dbed[payload->]...$.................||60,891
2025-08-01T11:32:52.087 0100|00|00|05|fa0001|364501ff23[payload->].#||9,215
2025-08-01T11:32:52.289 0100|01|00|18|e601fe|36450102001024000084000000000000000000000000dbed[payload->]...$.................||60,891
2025-08-01T12:02:51.980 0100|00|00|05|fa0001|364501ff23[payload->].#||9,215
2025-08-01T12:02:52.081 0100|01|00|18|e601fe|36450102001024000084000000000000000000000000dbed[payload->]...$.................||60,891
2025-08-01T12:31:25.391 0100|00|00|05|fa0001|364501ff23[payload->].#||9,215
2025-08-01T12:31:25.492 0100|01|00|18|e601fe|36450102001024000084000000000000000000000000dbed[payload->]...$.................||60,891
2025-08-01T12:32:52.978 0100|00|00|05|fa0001|364501ff23[payload->].#||9,215
2025-08-01T12:32:53.180 0100|01|00|18|e601fe|36450102001024000084000000000000000000000000dbed[payload->]...$.................||60,891
2025-08-01T13:02:54.384 0100|00|00|05|fa0001|364501ff23[payload->].#||9,215
2025-08-01T13:02:54.486 0100|01|00|18|e601f6|36450102001024000084000000000000000000000000dbed[payload->]...$.................||60,891
2025-08-01T13:32:52.944 0100|00|00|05|fa0001|364501ff23[payload->].#||9,215
2025-08-01T13:32:53.045 0100|01|00|18|e601fe|36450102001024000084000000000000000000000000dbed[payload->]...$.................||60,891
2025-08-01T14:02:52.977 0100|00|00|05|fa0001|364501ff23[payload->].#||9,215
2025-08-01T14:02:53.179 0100|01|00|18|e601fe|36450102001024000084000000000000000000000000dbed[payload->]...$.................||60,891
2025-08-01T14:32:53.053 0100|00|00|05|fa0001|364501ff23[payload->].#||9,215
2025-08-01T14:32:53.155 0100|01|00|18|e601fe|36450102001024000084000000000000000000000000dbed[payload->]...$.................||60,891
2025-08-01T15:02:52.976 0100|00|00|05|fa0001|364501ff23[payload->].#||9,215
2025-08-01T15:02:53.077 0100|01|00|18|e601fe|36450102001024000084000000000000000000000000dbed[payload->]...$.................||60,891
2025-08-01T15:32:52.957 0100|00|00|05|fa0001|364501ff23[payload->].#||9,215
2025-08-01T15:32:53.159 0100|01|00|18|e601fe|36450102001024000084000000000000000000000000dbed[payload->]...$.................||60,891
2025-08-01T16:02:53.036 0100|00|00|05|fa0001|364501ff23[payload->].#||9,215
2025-08-01T16:02:53.137 0100|01|00|18|e601fe|36450102001024000084000000000000000000000000dbed[payload->]...$.................||60,891
2025-08-01T16:32:53.025 0100|00|00|05|fa0001|364501ff23[payload->].#||9,215
2025-08-01T16:32:53.126 0100|01|00|18|e601fe|36450102001024000084000000000000000000000000dbed[payload->]...$.................||60,891
2025-08-01T17:02:52.965 0100|00|00|05|fa0001|364501ff23[payload->].#||9,215
2025-08-01T17:02:53.167 0100|01|00|18|e601fe|36450102001024000084000000000000000000000000dbed[payload->]...$.................||60,891
2025-08-01T17:32:52.997 0100|00|00|05|fa0001|364501ff23[payload->].#||9,215
2025-08-01T17:32:53.198 0100|01|00|18|e601fe|36450102001024000084000000000000000000000000dbed[payload->]...$.................||60,891
2025-08-01T18:02:53.022 0100|00|00|05|fa0001|364501ff23[payload->].#||9,215
2025-08-01T18:02:53.123 0100|01|00|18|e601fe|36450102001024000084000000000000000000000000dbed[payload->]...$.................||60,891
2025-08-01T18:32:52.967 0100|00|00|05|fa0001|364501ff23[payload->].#||9,215
2025-08-01T18:32:53.168 0100|01|00|18|e601fe|36450102001024000084000000000000000000000000dbed[payload->]...$.................||60,891
2025-08-01T19:02:53.045 0100|00|00|05|fa0001|364501ff23[payload->].#||9,215
2025-08-01T19:02:53.146 0100|01|00|18|e601fe|36450102001024000084000000000000000000000000dbed[payload->]...$.................||60,891
2025-08-01T19:31:25.284 0100|00|00|05|fa0001|364501ff23[payload->].#||9,215
2025-08-01T19:32:53.018 0100|00|00|05|fa0001|364501ff23[payload->].#||9,215
2025-08-01T19:32:53.120 0100|01|00|18|e601fe|36450102001024000084000000000000000000000000dbed[payload->]...$.................||60,891
2025-08-01T20:02:54.094 0100|00|00|05|fa0001|364501ff23[payload->].#||9,215
2025-08-01T20:02:54.195 0100|01|00|18|e601fe|36450102001024000084000000000000000000000000dbed[payload->]...$.................||60,891
2025-08-01T20:31:25.162 0100|00|00|05|fa0001|364501ff23[payload->].#||9,215
2025-08-01T20:31:25.263 0100|01|00|18|e601fe|36450102001024000084000000000000000000000000dbed[payload->]...$.................||60,891
2025-08-01T20:32:54.112 0100|00|00|05|fa0001|364501ff23[payload->].#||9,215
2025-08-01T20:32:54.214 0100|01|00|18|e601fe|36450102001024000084000000000000000000000000dbed[payload->]...$.................||60,891
2025-08-01T21:02:54.085 0100|00|00|05|fa0001|364501ff23[payload->].#||9,215
2025-08-01T21:02:54.186 0100|01|00|18|e601fe|36450102001024000084000000000000000000000000dbed[payload->]...$.................||60,891
2025-08-01T21:31:25.075 0100|01|00|18|e601fe|36450102001026020084000000000000000000000000dbed[payload->]...&.................||60,891
2025-08-01T21:32:54.098 0100|00|00|05|fa0001|364501ff23[payload->].#||9,215
2025-08-01T21:32:54.199 0100|01|00|18|e601fe|36450102001024000084000000000000000000000200dbed[payload->]...$.................||60,891
2025-08-01T22:02:54.167 0100|00|00|05|fa0001|364501ff23[payload->].#||9,215
2025-08-01T22:02:54.269 0100|01|00|18|e601fe|36450102001024000084000000000000000000000000dbef[payload->]...$.................||61,403
2025-08-01T22:31:24.859 0100|00|00|05|fa0001|364501ff23[payload->].#||9,215
2025-08-01T22:31:24.960 0100|01|00|18|e601fe|36450102001024000084000000000000000000000000dbed[payload->]...$.................||60,891
2025-08-01T22:32:54.116 0100|00|00|05|fa0001|364501ff23[payload->].#||9,215
2025-08-01T22:32:54.318 0100|01|00|18|e601fe|36450102001024000084000000000000000000000008dbed[payload->]...$.................||60,891
2025-08-01T23:02:54.088 0100|00|00|05|fa0001|364501ff23[payload->].#||9,215
2025-08-01T23:02:54.290 0100|01|00|18|e601fe|36450102001024000084000000000000000002080000dbed[payload->]...$.................||60,891
2025-08-01T23:32:54.141 0100|00|00|05|fa0001|364501ff23[payload->].#||9,215
2025-08-01T23:32:54.242 0100|01|00|18|e601fe|36450102001024000084000000000000000000000000dbed[payload->]...$.................||60,891
2025-08-02T00:02:53.993 0100|00|00|05|fa0001|364501ff23[payload->].#||9,215
2025-08-02T00:02:54.196 0100|01|00|18|e601fe|36450102001024000084000000000000000000000000dbed[payload->]...$.................||60,891
2025-08-02T00:31:24.999 0100|01|00|18|e601fe|36450102001024000084000000000000000000000000dbed[payload->]...$.................||60,891
2025-08-02T00:32:54.086 0100|00|00|05|fa0001|364501ff23[payload->].#||9,215
2025-08-02T00:32:54.188 0100|01|00|18|e601fe|36450102001024000084000000000000000000000000dbed[payload->]...$.................||60,891
2025-08-02T01:02:54.294 0100|00|00|05|fa0001|364501ff23[payload->].#||9,215
2025-08-02T01:02:54.395 0100|01|00|18|e601fe|36450102001024000084000000000000000000000000dbed[payload->]...$.................||60,891
2025-08-02T01:32:54.104 0100|00|00|05|fa0001|364501ff23[payload->].#||9,215
2025-08-02T01:37:32.987 0100|00|00|05|fa0001|3645013f2e[payload->]?.||11,839
2025-08-02T02:02:54.196 0100|01|00|18|e601fe|36450102001024000084000000000000000000000000dbed[payload->]...$.................||60,891
2025-08-02T02:32:54.106 0100|00|00|05|fa0001|364501ff23[payload->].#||9,215
2025-08-02T02:32:54.207 0100|01|00|18|e601fe|36450102001024000484000000000000000000000000dbed[payload->]...$.................||60,891
2025-08-02T03:02:54.120 0100|00|00|05|fa0001|364501ff23[payload->].#||9,215
2025-08-02T03:02:54.221 0100|01|00|18|e601fe|36450102001024000084000000000000000000000c00dbed[payload->]...$.................||60,891
2025-08-02T03:32:54.107 0100|00|00|05|fa0001|364501ff23[payload->].#||9,215
2025-08-02T03:32:54.208 0100|01|00|18|e601fe|36450102001024000084000000000000008000800000dbed[payload->]...$.................||60,891
2025-08-02T04:02:54.126 0100|00|00|05|fa0001|364501ff23[payload->].#||9,215
2025-08-02T04:02:54.227 0100|01|00|18|e601fe|36450102001024000084000000000000000000000200dbed[payload->]...$.................||60,891
2025-08-02T04:31:24.803 0100|00|00|05|fa0001|364501ff23[payload->].#||9,215
2025-08-02T04:31:25.005 0100|01|00|18|e601fe|36450102001024000084000000000000000000000000dbed[payload->]...$.................||60,891
2025-08-02T04:32:54.064 0100|00|00|05|fa0001|364501ff23[payload->].#||9,215
2025-08-02T04:32:54.165 0100|01|00|18|e601fe|36450102001024000084000000000000000000000000dbed[payload->]...$.................||60,891
2025-08-02T05:02:54.147 0100|00|00|05|fa0001|364501ff23[payload->].#||9,215
2025-08-02T05:02:54.248 0100|01|00|18|e601fe|36450102001024000084000000000000000000000000dbed[payload->]...$.................||60,891
2025-08-02T05:32:54.159 0100|00|00|05|fa0001|364501ff23[payload->].#||9,215
2025-08-02T05:32:54.260 0100|01|00|18|e601fe|36450102001024000084000000000000000000000000dbed[payload->]...$.................||60,891
2025-08-02T06:02:54.106 0100|00|00|05|fa0001|364501ff23[payload->].#||9,215
2025-08-02T06:02:54.207 0100|01|00|18|e601fe|36450102001024000084000000000000000000000008dbed[payload->]...$.................||60,891
2025-08-02T06:31:25.162 0100|00|00|05|fa0001|364501ff23[payload->].#||9,215
2025-08-02T06:31:25.363 0100|01|00|18|e601fe|36450102001024000084000000000000000000000000dbed[payload->]...$.................||60,891
2025-08-02T06:32:54.097 0100|00|00|05|fa0001|364501ff23[payload->].#||9,215
2025-08-02T06:32:54.198 0100|01|00|18|e601fe|36450102001024000084000000000000000000000020dbed[payload->]...$.............. ..||60,891
2025-08-02T07:02:54.211 0100|00|00|05|fa0001|364501ff23[payload->].#||9,215
2025-08-02T07:02:54.413 0100|01|00|18|e601fe|36450102001024000084000000000000000000000000dbed[payload->]...$.................||60,891
2025-08-02T07:31:24.822 0100|00|00|05|fa0001|364501ff23[payload->].#||9,215
2025-08-02T07:32:54.141 0100|00|00|05|fa0001|364501ff23[payload->].#||9,215
2025-08-02T07:32:54.242 0100|01|00|18|e601fe|36450102001024000084000000000000000000000000dbed[payload->]...$.................||60,891
2025-08-02T08:02:54.008 0100|00|00|05|fa0001|364501ff23[payload->].#||9,215
2025-08-02T08:31:25.388 0100|00|00|05|fa0001|364501ff23[payload->].#||9,215
2025-08-02T08:31:25.590 0100|01|00|18|e601fe|36450102001024000084000000000000000000000000dbed[payload->]...$.................||60,891
2025-08-02T08:32:53.990 0100|00|00|05|fa0001|364501ff23[payload->].#||9,215
2025-08-02T09:02:54.049 0100|00|00|05|fa0001|364501ff23[payload->].#||9,215
2025-08-02T09:31:25.160 0100|01|00|18|e601fe|36450102001024000084000000000000000000000000dbed[payload->]...$.................||60,891
2025-08-02T09:32:53.954 0100|00|00|05|fa0001|364501ff23[payload->].#||9,215
2025-08-02T09:32:54.156 0100|01|00|18|e601fe|36450102001024000884000000000000000000000000dbed[payload->]...$.................||60,891
2025-08-02T10:02:53.978 0100|00|00|05|fa0001|364501ff23[payload->].#||9,215
2025-08-02T10:02:54.180 0100|01|00|18|e601fe|36450102001024000886400000000000000000000000dbed[payload->]...$...@.............||60,891
2025-08-02T10:32:54.002 0100|00|00|05|fa0001|364501ff23[payload->].#||9,215
2025-08-02T10:32:54.103 0100|01|00|18|e601fe|36450102001024000084000000000000000000000000dbed[payload->]...$.................||60,891
2025-08-02T11:02:54.001 0100|00|00|05|fa0001|364501ff23[payload->].#||9,215
2025-08-02T11:02:54.102 0100|01|00|18|e601fe|36450102001024000084000000200000000000000000dbed[payload->]...$...... ..........||60,891
2025-08-02T11:31:24.955 0100|00|00|05|fa0001|364501ff23[payload->].#||9,215
2025-08-02T11:31:25.056 0100|01|00|18|e601fe|36450102001024000084000000000000000000000000dbed[payload->]...$.................||60,891
2025-08-02T11:32:53.967 0100|00|00|05|fa0001|364501ff23[payload->].#||9,215
2025-08-02T11:32:54.169 0100|01|00|18|e601fe|36450102001024000084000000000000000000000000dbed[payload->]...$.................||60,891
2025-08-02T12:02:54.027 0100|00|00|05|fa0001|364501ff23[payload->].#||9,215
2025-08-02T12:02:54.128 0100|01|00|18|e601fe|36450102001024000084000000000000000000000000dbed[payload->]...$.................||60,891
2025-08-02T12:31:25.087 0100|01|00|18|e601fe|36450102001024000084000000000000000000000000dbed[payload->]...$.................||60,891
2025-08-02T12:32:54.029 0100|00|00|05|fa0001|364501ff23[payload->].#||9,215
2025-08-02T12:32:54.130 0100|01|00|18|e601fe|36450102001024000084000000000000000000000000dbed[payload->]...$.................||60,891
2025-08-02T13:02:54.025 0100|00|00|05|fa0001|364501ff23[payload->].#||9,215
2025-08-02T13:02:54.127 0100|01|00|18|e601fe|36450102001024000084000000000000000000000000dbed[payload->]...$.................||60,891
2025-08-02T13:32:55.074 0100|00|00|05|fa0001|364501ff23[payload->].#||9,215
2025-08-02T13:32:55.276 0100|01|00|18|e601fe|36450102001024000084000000000000000000000000dbed[payload->]...$.................||60,891
2025-08-02T14:02:55.084 0100|00|00|05|fa0001|364501ff23[payload->].#||9,215
2025-08-02T14:02:55.185 0100|01|00|18|e601fe|36450102001024000084000000000000000000000000dbed[payload->]...$.................||60,891
2025-08-02T14:31:25.170 0100|01|00|18|e601fe|36450102001024000084000000000000000000000000dbed[payload->]...$.................||60,891
2025-08-02T14:32:55.026 0100|00|00|05|fa0001|364501ff23[payload->].#||9,215
2025-08-02T14:32:55.127 0100|01|00|18|e601fe|36450102001024000084000000000000000000000000dbed[payload->]...$.................||60,891
2025-08-02T14:55:40.063 0100|01|00|07|f701fe|364501800cbfe4[payload->]....||58,559
2025-08-02T15:02:55.181 0100|00|00|05|fa0001|364501ff23[payload->].#||9,215
2025-08-02T15:02:55.283 0100|01|00|18|e601fe|36450102001024000084000000000000000000000000dbed[payload->]...$.................||60,891
2025-08-02T15:31:25.341 0100|00|00|05|fa0001|364501ff23[payload->].#||9,215
2025-08-02T15:31:25.442 0100|01|00|18|e601fe|3645010200102400008400000000000000000000010018e6[payload->]...$.................||58,904
2025-08-02T15:32:55.004 0100|00|00|05|fa0001|364501ff23[payload->].#||9,215
2025-08-02T15:32:55.206 0100|01|00|18|e601fe|36450102001024000084000000000000000000000000dbed[payload->]...$.................||60,891
2025-08-02T16:02:10.050 0100|00|00|05|fa0001|3645013f2e[payload->]?.||11,839
2025-08-02T16:02:54.969 0100|00|00|05|fa0001|364501ff23[payload->].#||9,215
2025-08-02T16:02:55.171 0100|01|00|18|e601fe|36450102001024000084000000000000000000000000dbed[payload->]...$.................||60,891
2025-08-02T16:31:25.334 0100|00|00|05|fa0001|364501ff23[payload->].#||9,215
2025-08-02T16:32:55.016 0100|00|00|05|fa0001|364501ff23[payload->].#||9,215
2025-08-02T16:32:55.217 0100|01|00|18|e601fe|36450102001024000084000000000000000000000000dbed[payload->]...$.................||60,891
2025-08-02T17:02:54.962 0100|00|00|05|fa0001|364501ff23[payload->].#||9,215
2025-08-02T17:02:55.164 0100|01|00|18|e601fe|36450102001024000084000000000000000000000000dbed[payload->]...$.................||60,891
2025-08-02T17:32:55.053 0100|00|00|05|fa0001|364501ff23[payload->].#||9,215
2025-08-02T17:32:55.154 0100|01|00|18|e601fe|36450102001024000084000000000000000000000000dbed[payload->]...$.................||60,891
2025-08-02T18:02:55.048 0100|00|00|05|fa0001|364501ff23[payload->].#||9,215
2025-08-02T18:02:55.149 0100|01|00|18|e601fe|36450102001024000084000000000000000000000000dbed[payload->]...$.................||60,891
2025-08-02T18:32:55.353 0100|00|00|05|fa0001|364501ff23[payload->].#||9,215
2025-08-02T18:32:55.454 0100|01|00|18|e601fe|36450102001024000084000000000000000000000000dbed[payload->]...$.................||60,891
2025-08-02T19:02:55.475 0100|00|00|05|fa0001|364501ff23[payload->].#||9,215
2025-08-02T19:02:55.576 0100|01|00|18|e601fe|36450102001024000084000000000000000000000000dbed[payload->]...$.................||60,891
2025-08-02T19:32:55.107 0100|00|00|05|fa0001|364501ff23[payload->].#||9,215
2025-08-02T19:32:55.309 0100|01|00|18|e601fe|36450102001024000084000000000000000000000000dbed[payload->]...$.................||60,891
2025-08-02T20:02:55.522 0100|00|00|05|fa0001|364501ff23[payload->].#||9,215
2025-08-02T20:02:55.724 0100|01|00|18|e601fe|36450102001024000084000000000000000000000000dbed[payload->]...$.................||60,891
2025-08-02T20:31:25.875 0100|00|00|05|fa0001|364501ff23[payload->].#||9,215
2025-08-02T20:31:26.178 0100|01|00|18|e601fe|36450102001024000084000000000000000000000000dbed[payload->]...$.................||60,891
2025-08-02T20:32:55.437 0100|00|00|05|fa0001|364501ff23[payload->].#||9,215
2025-08-02T20:32:55.639 0100|01|00|18|e601fe|36450102001024000084000000000000000000000000dbed[payload->]...$.................||60,891
2025-08-02T21:02:55.596 0100|00|00|05|fa0001|364501ff23[payload->].#||9,215
2025-08-02T21:02:55.797 0100|01|00|18|e601fe|36450102001024000084000000000000000000000000dbed[payload->]...$.................||60,891
2025-08-02T21:32:55.236 0100|00|00|05|fa0001|364501ff23[payload->].#||9,215
2025-08-02T21:32:55.438 0100|01|00|18|e601fe|36450102001024000084000000000000000000000000dbed[payload->]...$.................||60,891
2025-08-02T22:02:55.550 0100|00|00|05|fa0001|364501ff23[payload->].#||9,215
2025-08-02T22:02:55.651 0100|01|00|18|e601fe|36450102001024000084000000000000000000000000dbed[payload->]...$.................||60,891
2025-08-02T22:32:55.908 0100|00|00|05|fa0001|364501ff23[payload->].#||9,215
2025-08-02T22:32:56.110 0100|01|00|18|e601fe|36450102001024000084000000000000000000000008dbed[payload->]...$.................||60,891
2025-08-02T23:02:55.626 0100|00|00|05|fa0001|364501ff23[payload->].#||9,215
2025-08-02T23:02:55.727 0100|01|00|18|e60bfe|36450102001024000084000000000000000000000000dbed[payload->]...$.................||60,891
2025-08-02T23:32:55.431 0100|00|00|05|fa0001|364501ff23[payload->].#||9,215
2025-08-02T23:32:55.633 0100|01|02|18|e601fe|36450102001024000084000000000000000000000000dbed[payload->]...$.................||60,891
2025-08-03T00:02:55.322 0100|00|00|05|fa0001|364501ff23[payload->].#||9,215
2025-08-03T00:02:55.423 0100|01|00|18|e601fe|36450102001024000084000000000000000000000000dbed[payload->]...$.................||60,891
2025-08-03T00:32:55.798 0100|00|00|05|fa0001|364501ff23[payload->].#||9,215
2025-08-03T00:32:55.999 0100|01|00|18|e601fe|36450102001024000084000000000000000000000000dbed[payload->]...$.................||60,891
2025-08-03T01:31:25.377 0100|00|00|05|fa0001|364501ff23[payload->].#||9,215
2025-08-03T01:31:25.579 0100|01|00|18|e601fe|36450102001024000084000000000000000000000000dbed[payload->]...$.................||60,891
2025-08-03T01:32:55.135 0100|00|00|05|fa0001|364501ff23[payload->].#||9,215
2025-08-03T01:32:55.236 0100|01|00|18|e601fe|36450102001024000084000000000000000000000000dbed[payload->]...$.................||60,891
2025-08-03T01:48:18.251 0100|09|00|07|f701fe|364501800cbfe4[payload->]....||58,559
2025-08-03T02:02:55.147 0100|00|00|05|fa0001|364501ff23[payload->].#||9,215
2025-08-03T02:02:55.349 0100|01|00|18|e601fe|36450102001024000084000000000000000000000000dbed[payload->]...$.................||60,891
2025-08-03T02:32:55.099 0100|00|00|05|fa0001|364501ff23[payload->].#||9,215
2025-08-03T02:32:55.302 0100|01|00|18|e601fe|36450102001024000084000000000000000000000000dbed[payload->]...$.................||60,891
2025-08-03T03:02:55.233 0100|00|00|05|fa0001|364501ff23[payload->].#||9,215
2025-08-03T03:02:55.635 0100|01|00|18|e601fe|36450102001024000084000000000000000000000000dbed[payload->]...$.................||60,891
2025-08-03T03:32:55.270 0100|00|00|05|fa0001|364501ff23[payload->].#||9,215
2025-08-03T03:32:55.371 0100|01|00|18|e601fe|36450102001024000084000000000000000000000000dbed[payload->]...$.................||60,891
2025-08-03T04:02:55.084 0100|00|00|05|fa0001|364501ff23[payload->].#||9,215
2025-08-03T04:02:55.286 0100|01|00|18|e601fe|36450102001024000084000000000000000000000000dbed[payload->]...$.................||60,891
2025-08-03T04:31:25.567 0100|00|00|05|fa0001|364501ff23[payload->].#||9,215
2025-08-03T04:31:25.769 0100|01|00|18|e601fe|3645019f270100010018e601fe364b010200102400008400[payload->].'........6K....$....||0,132
2025-08-03T04:32:56.847 0100|00|00|05|fa0001|364501ff23[payload->].#||9,215
2025-08-03T04:32:57.250 0100|01|00|18|e601fe|36450102001024000084000000000000000000000000dbed[payload->]...$.................||60,891
2025-08-03T05:02:55.242 0100|00|00|05|fa0001|364501ff23[payload->].#||9,215
2025-08-03T05:02:55.343 0100|01|00|18|e601fe|36450102001024000084000000000000000000000000dbed[payload->]...$.................||60,891
2025-08-03T05:31:25.475 0100|00|00|05|fa0001|364501ff23[payload->].#||9,215
2025-08-03T05:31:25.677 0100|01|00|18|e601fe|36450102001024000084000000000000000000000000dbed[payload->]...$.................||60,891
2025-08-03T05:32:55.271 0100|00|00|05|fa0001|364501ff23[payload->].#||9,215
2025-08-03T05:32:55.372 0100|01|00|18|e601fe|36450102001024000084000000000000000000000000dbed[payload->]...$.................||60,891
2025-08-03T06:02:55.274 0100|00|00|05|fa0001|364501ff23[payload->].#||9,215
2025-08-03T06:02:55.375 0100|01|00|18|e601fe|36450102001024000084000000000000000000000000dbed[payload->]...$.................||60,891
2025-08-03T06:32:55.187 0100|00|00|05|fa0001|364501ff23[payload->].#||9,215
2025-08-03T06:32:55.288 0100|01|00|18|e601fe|36450102001024000084000000000000000000000000dbed[payload->]...$.................||60,891
2025-08-03T07:02:55.653 0100|00|00|05|fa0001|364501ff23[payload->].#||9,215
2025-08-03T07:02:55.855 0100|01|00|18|e601fe|36450102001024000084000000000000000000000000dbed[payload->]...$.................||60,891
2025-08-03T07:31:26.531 0100|00|00|05|fa0001|364501ff23[payload->].#||9,215
2025-08-03T07:31:26.733 0100|01|00|18|e601fe|36450102001024000084000000000000000000000000dbed[payload->]...$.................||60,891
2025-08-03T07:32:55.386 0100|00|00|05|fa0001|364501ff23[payload->].#||9,215
2025-08-03T07:32:55.487 0100|01|00|18|e601fe|36450102001024000084000000000000000000000000dbed[payload->]...$.................||60,891
2025-08-03T08:02:56.827 0100|00|00|05|fa0001|364501ff23[payload->].#||9,215
2025-08-03T08:02:56.928 0100|01|00|18|e601fe|36450102001024000084000000000000000000000000dbed[payload->]...$.................||60,891
2025-08-03T08:32:55.206 0100|00|00|05|fa0001|364501ff23[payload->].#||9,215
2025-08-03T08:32:55.408 0100|01|00|18|e601fe|36450102001024000084000000000000000000000000dbed[payload->]...$.................||60,891
2025-08-03T09:02:55.465 0100|00|00|05|fa0001|364501ff23[payload->].#||9,215
2025-08-03T09:02:55.566 0100|01|00|18|e601fe|36450102001024000084000000000000000000000000dbed[payload->]...$.................||60,891
2025-08-03T09:32:55.443 0100|00|00|05|fa0001|364501ff23[payload->].#||9,215
2025-08-03T09:32:55.746 0100|01|00|18|e601fe|36450102001024000084000000000000000000000000dbed[payload->]...$.................||60,891
2025-08-03T09:44:21.193 0100|01|00|07|f701fe|364501800cbfe4[payload->]....||58,559
2025-08-03T10:02:55.059 0100|00|00|05|fa0001|364501ff23[payload->].#||9,215
2025-08-03T10:02:55.160 0100|01|00|18|e601fe|36450102001024000084000000000000000000000000dbed[payload->]...$.................||60,891
2025-08-03T10:32:55.167 0100|00|00|05|fa0001|364501ff23[payload->].#||9,215
2025-08-03T10:32:55.268 0100|01|00|18|e601fe|36450102001024000084000000000000000000000000dbed[payload->]...$.................||60,891
2025-08-03T11:02:55.359 0100|01|00|18|e601fe|36450102001024000084000000000000000000000000dbed[payload->]...$.................||60,891
2025-08-03T11:32:55.112 0100|00|00|05|fa0001|364501ff23[payload->].#||9,215
2025-08-03T11:32:55.213 0100|01|00|18|e601fe|36450102001024000084000000000000000000000000dbed[payload->]...$.................||60,891
2025-08-03T12:02:55.124 0100|00|00|05|fa0001|364501ff23[payload->].#||9,215
2025-08-03T12:02:55.225 0100|01|00|18|e601fe|36450102001024000084000000000000000000000000dbed[payload->]...$.................||60,891
2025-08-03T12:32:55.101 0100|00|00|05|fa0001|364501ff23[payload->].#||9,215
2025-08-03T12:32:55.302 0100|01|00|18|e601fe|36450102001024000084000000000000000000000000dbed[payload->]...$.................||60,891
2025-08-03T13:02:55.216 0100|00|00|05|fa0001|364501ff23[payload->].#||9,215
2025-08-03T13:02:55.418 0100|01|00|18|e601fe|36450102001024000084000000000000000000000000dbed[payload->]...$.................||60,891
2025-08-03T13:31:25.130 0100|00|00|05|fa0001|364501ff23[payload->].#||9,215
2025-08-03T13:31:25.232 0100|01|00|18|e601fe|36450102001024000084000000000000000000000000dbed[payload->]...$.................||60,891
2025-08-03T13:32:55.181 0100|00|00|05|fa0001|364501ff23[payload->].#||9,215
2025-08-03T13:32:55.282 0100|01|00|18|e601fe|36450102001024000084000000000000000000000000dbed[payload->]...$.................||60,891
2025-08-03T14:02:55.781 0100|00|00|05|fa0001|364501ff23[payload->].#||9,215
2025-08-03T14:02:55.882 0100|01|00|18|e601fe|36450102001024000084000000000000000000000000dbed[payload->]...$.................||60,891
2025-08-03T14:31:25.501 0100|00|00|05|fa0001|364501ff23[payload->].#||9,215
2025-08-03T14:31:25.703 0100|01|00|18|e601fe|364501020010240000840000000000000000000000470102[payload->]...$..............G..||0,513
2025-08-03T14:32:55.157 0100|00|00|05|fa0001|364501ff23[payload->].#||9,215
2025-08-03T14:32:55.258 0100|01|00|18|e601fe|36450102001024000084000000000000000000000000dbed[payload->]...$.................||60,891
2025-08-03T15:02:55.163 0100|00|00|05|fa0001|364501ff23[payload->].#||9,215
2025-08-03T15:02:55.364 0100|01|00|18|e601fe|36450102001024000084000000000000000000000000dbed[payload->]...$.................||60,891
2025-08-03T15:31:25.299 0100|00|00|05|fa0001|364501ff23[payload->].#||9,215
2025-08-03T15:31:25.501 0100|01|00|18|e601fe|36450102001024000084000000000000000000000000dbed[payload->]...$.................||60,891
2025-08-03T15:32:55.156 0100|00|00|05|fa0001|364501ff23[payload->].#||9,215
2025-08-03T15:32:55.257 0100|01|00|18|e601fe|36450102001024000084000000000000000000000000dbed[payload->]...$.................||60,891
2025-08-03T15:35:52.041 0100|01|00|07|f701fe|364501800cbfe4[payload->]....||58,559
2025-08-03T16:02:55.182 0100|00|00|05|fa0001|364501ff23[payload->].#||9,215
2025-08-03T16:02:55.284 0100|01|00|18|e601fe|36450102001024000084000000000000000000000000dbed[payload->]...$.................||60,891
2025-08-03T16:32:55.179 0100|00|00|05|fa0001|364501ff23[payload->].#||9,215
2025-08-03T16:32:55.381 0100|01|08|18|e601fe|36450102001024000084000000000000000000000000dbed[payload->]...$.................||60,891
2025-08-03T17:02:55.131 0100|00|00|05|fa0001|364501ff23[payload->].#||9,215
2025-08-03T17:02:55.333 0100|01|00|18|e601fe|36450102001024000084000000000000000000000000dbed[payload->]...$.................||60,891
2025-08-03T17:32:56.074 0100|00|00|05|fa0001|364501ff23[payload->].#||9,215
2025-08-03T18:02:55.046 0100|00|00|05|fa0001|364501ff23[payload->].#||9,215
