2025-07-30T20:31:25.336 0100|00|00|05|fa0001|364201cf21[payload->].!||8,655
2025-07-30T20:31:25.537 0100|01|00|18|e601fe|36420103e6002ae6006ce60087000000000000000000e9c3[payload->]...*..l..............||50,153
2025-07-30T20:33:54.224 0100|00|00|05|fa0001|364201cf21[payload->].!||8,655
2025-07-30T20:33:54.325 0100|01|00|18|e601fe|36420103e6002ae6006ce60087000000000000000000e9c3[payload->]...*..l..............||50,153
2025-07-30T21:03:54.081 0100|00|00|05|fa0001|364201cf21[payload->].!||8,655
2025-07-30T21:03:54.283 0100|01|00|18|e601fe|36420103e6002ae6006ce60087000000000000000000e9c3[payload->]...*..l..............||50,153
2025-07-30T21:31:24.704 0100|00|00|05|fa0001|364201cf21[payload->].!||8,655
2025-07-30T21:31:24.806 0100|01|00|18|e601fe|36420103e6002ae6006ce60087000000000000000000e9c3[payload->]...*..l..............||50,153
2025-07-30T21:33:54.190 0100|00|00|05|fa0001|364201cf21[payload->].!||8,655
2025-07-30T21:33:54.291 0100|01|00|18|e601fe|36420103e6002ae6006ce60087000000000000000000e9c3[payload->]...*..l..............||50,153
2025-07-30T22:03:54.093 0100|00|00|05|fa0001|364201cf21[payload->].!||8,655
2025-07-30T22:03:54.295 0100|01|00|18|e601fe|36420103e6002ae6006ce60087000000000000000000e9c3[payload->]...*..l..............||50,153
2025-07-30T22:31:25.007 0100|00|00|05|fa0001|364201cf21[payload->].!||8,655
2025-07-30T22:31:25.108 0100|01|00|18|e601fe|36420103e6002ae6006ce600870000840000000000000000[payload->]...*..l..............||0,000
2025-07-30T22:33:54.173 0100|00|00|05|fa0001|364201cf21[payload->].!||8,655
2025-07-30T22:33:54.274 0100|01|00|18|e601fe|36420103e6002ae6006ce60087000000000000000000e9c3[payload->]...*..l..............||50,153
2025-07-30T23:03:54.182 0100|00|00|05|fa0001|364201cf21[payload->].!||8,655
2025-07-30T23:03:54.384 0100|01|00|18|e601fe|36420103e6002ae6006ce60087000000000000000000e9c3[payload->]...*..l..............||50,153
2025-07-30T23:31:24.909 0100|00|00|05|fa0001|364201cf21[payload->].!||8,655
2025-07-30T23:31:25.010 0100|01|00|18|e601fe|36420103e6002ae6006ce60087000000000000000000e9c3[payload->]...*..l..............||50,153
2025-07-30T23:33:54.149 0100|00|00|05|fa0001|364201cf21[payload->].!||8,655
2025-07-30T23:33:54.250 0100|01|00|18|e601fe|36420103e6002ae6006ce60087000000000000000000e9c3[payload->]...*..l..............||50,153
2025-07-31T00:03:54.158 0100|00|00|05|fa0001|364201cf21[payload->].!||8,655
2025-07-31T00:31:24.799 0100|00|00|05|fa0001|364201cf21[payload->].!||8,655
2025-07-31T00:31:24.900 0100|01|00|18|e601fe|36420103e6002ae6006ce60087000000000000000000e9c3[payload->]...*..l..............||50,153
2025-07-31T00:31:25.001 0100|00|00|05|fa0001|3642015f20[payload->]_ ||8,287
2025-07-31T00:33:54.155 0100|00|00|05|fa0001|364201cf21[payload->].!||8,655
2025-07-31T00:33:54.256 0100|01|00|18|e601fe|36420103e6002ae6006ce60087000000000000000000e9c3[payload->]...*..l..............||50,153
2025-07-31T01:03:54.250 0100|00|00|05|fa0001|364201cf21[payload->].!||8,655
2025-07-31T01:03:54.351 0100|01|00|18|e601fe|36420103e6002ae6006ce60087000000000000000000e9c3[payload->]...*..l..............||50,153
2025-07-31T01:31:25.176 0100|00|00|05|fa0001|364201cf21[payload->].!||8,655
2025-07-31T01:31:25.378 0100|01|00|18|e601fe|36420103e6002ae6006ce60087000000000000000000e9c3[payload->]...*..l..............||50,153
2025-07-31T01:33:54.260 0100|00|00|05|fa0001|364201cf21[payload->].!||8,655
2025-07-31T02:03:54.144 0100|00|00|05|fa0001|364201cf21[payload->].!||8,655
2025-07-31T02:03:54.246 0100|01|00|18|e601fe|36420103e6002ae6006ce60087000000000000000000e9c3[payload->]...*..l..............||50,153
2025-07-31T02:31:25.000 0100|00|00|05|fa0001|364201cf21[payload->].!||8,655
2025-07-31T02:33:55.700 0100|00|00|05|fa0001|364201cf21[payload->].!||8,655
2025-07-31T02:33:55.902 0100|01|00|18|e601fe|36420103e6002ae6006ce60087000000000000000000e9c3[payload->]...*..l..............||50,153
2025-07-31T03:03:55.729 0100|00|00|05|fa0001|364201cf21[payload->].!||8,655
2025-07-31T03:03:55.830 0100|01|00|18|e601fe|36420103e6002ae6006ce60087000000000000000000e9c3[payload->]...*..l..............||50,153
2025-07-31T03:31:24.943 0100|00|00|05|fa0001|364201cf21[payload->].!||8,655
2025-07-31T03:31:25.045 0100|01|00|18|e601fe|36420103e6002ae6006ce60087000000000000000000e9c3[payload->]...*..l..............||50,153
2025-07-31T04:03:55.741 0100|00|00|05|fa0001|364201cf21[payload->].!||8,655
2025-07-31T04:03:55.843 0100|01|00|18|e601fe|36420103e6002ae6006ce60087000000000000000000e9c3[payload->]...*..l..............||50,153
2025-07-31T04:31:24.848 0100|00|00|05|fa0001|364201cf21[payload->].!||8,655
2025-07-31T04:31:24.949 0100|01|00|18|e601fe|36420103e6002ae6006ce60087000000000000000000e9c3[payload->]...*..l..............||50,153
2025-07-31T04:33:55.777 0100|00|00|05|fa0001|364201cf21[payload->].!||8,655
2025-07-31T04:33:55.879 0100|01|00|18|e601fe|36420103e6002ae6006ce60087000000000000000000e9c3[payload->]...*..l..............||50,153
2025-07-31T05:03:57.494 0100|00|00|05|fa0001|364201cf21[payload->].!||8,655
2025-07-31T05:03:57.696 0100|01|00|18|e601fe|36420103e6002ae6006ce60007000000000000000000e9c3[payload->]...*..l..............||50,153
2025-07-31T05:33:58.427 0100|00|00|05|fa0001|364201cf21[payload->].!||8,655
2025-07-31T05:33:58.529 0100|01|00|18|e601fe|36420103e6002ae6006ce60087000000000000000000e9c3[payload->]...*..l..............||50,153
2025-07-31T06:03:57.522 0100|00|00|05|fa0001|364201cf21[payload->].!||8,655
2025-07-31T06:03:57.724 0100|01|00|18|e601fe|36420103e6002ae6006ce60087000000000000000000e9c3[payload->]...*..l..............||50,153
2025-07-31T06:33:58.698 0100|00|00|05|fa0001|364201cf21[payload->].!||8,655
2025-07-31T06:33:58.900 0100|01|00|18|e601fe|36420103e6002ae6006ce60087000000000000000000e9c3[payload->]...*..l..............||50,153
2025-07-31T07:03:58.738 0100|00|00|05|fa0001|364201cf21[payload->].!||8,655
2025-07-31T07:03:58.839 0100|01|00|18|e601fe|36420103e6002ae6006ce60087000000000000000000e9c3[payload->]...*..l..............||50,153
2025-07-31T07:31:24.923 0100|00|00|05|fa0001|364201cf21[payload->].!||8,655
2025-07-31T07:31:25.024 0100|01|08|1a|e601fe|36420103e6002ae6006ce60087000000000000000000e9c30100[payload->]...*..l................||0,001
2025-07-31T07:33:58.824 0100|00|00|05|fa0001|364201cf21[payload->].!||8,655
2025-07-31T07:33:58.925 0100|01|00|18|e601fe|36420103e6002ae6006ce60087000000000000000000e9c3[payload->]...*..l..............||50,153
2025-07-31T08:04:00.668 0100|00|00|05|fa0001|364201cf21[payload->].!||8,655
2025-07-31T08:04:00.869 0100|01|00|18|e601fe|36420103e6002ae602453b1e8d0100000005fa0003100301[payload->]...*..E;.............||0,259
2025-07-31T08:31:25.141 0100|00|00|05|fa0001|364201cf21[payload->].!||8,655
2025-07-31T08:31:25.544 0100|01|00|18|e601fe|36420103e6002ae6006ce60087000000000000000000e9c3[payload->]...*..l..............||50,153
2025-07-31T08:33:58.630 0100|00|00|05|fa0001|364201cf21[payload->].!||8,655
2025-07-31T08:33:58.731 0100|01|00|18|e601fe|36420103e6002ae6006ce60087000000000000000000e9c3[payload->]...*..l..............||50,153
2025-07-31T09:03:58.656 0100|00|00|05|fa0001|364201cf21[payload->].!||8,655
2025-07-31T09:03:58.857 0100|01|00|18|e601fe|36420103e6002ae6006ce60087000000000000000000e9c3[payload->]...*..l..............||50,153
2025-07-31T09:31:25.024 0100|00|00|05|fa0001|364201cf21[payload->].!||8,655
2025-07-31T09:31:25.125 0100|01|00|18|e601fe|36420103e6002ae6006ce60087000000000000000000e9c3[payload->]...*..l..............||50,153
2025-07-31T09:33:58.614 0100|00|00|05|fa0001|364201cf21[payload->].!||8,655
2025-07-31T09:33:58.715 0100|01|00|18|e601fe|36420103e6002ae6006ce60087000000000000000000e9c3[payload->]...*..l..............||50,153
2025-07-31T10:03:58.651 0100|00|00|05|fa0001|364201cf21[payload->].!||8,655
2025-07-31T10:03:58.752 0100|01|00|18|e601fe|36420103e6002ae6006ce60087000000000000000000e9c3[payload->]...*..l..............||50,153
2025-07-31T11:03:59.818 0100|00|00|05|fa0001|364201cf21[payload->].!||8,655
2025-07-31T11:03:59.920 0100|01|00|18|e601fe|36420103e6002ae6006ce60087000000000000000000e9c3[payload->]...*..l..............||50,153
2025-07-31T11:31:24.878 0100|00|00|05|fa0001|364201cf21[payload->].!||8,655
2025-07-31T11:31:24.979 0100|01|00|18|e601fe|36420103e6002ae6006ce60087000000000000000000e9c3[payload->]...*..l..............||50,153
2025-07-31T11:33:59.716 0100|00|00|05|fa0001|364201cf21[payload->].!||8,655
2025-07-31T11:33:59.817 0100|01|40|18|e601fe|36420103e6002ae6006ce60087000000000000000000e9c3[payload->]...*..l..............||50,153
2025-07-31T12:03:59.977 0100|00|00|05|fa0001|364201cf21[payload->].!||8,655
2025-07-31T12:31:27.065 0100|00|00|05|fa0001|364201cf21[payload->].!||8,655
2025-07-31T12:31:27.166 0100|01|00|18|e601fe|36420103e6002ae6006ce60087000000000000000000e9c3[payload->]...*..l..............||50,153
2025-07-31T12:33:59.722 0100|00|00|05|fa0001|364201cf21[payload->].!||8,655
2025-07-31T12:33:59.823 0100|01|00|18|e601fe|36420103e6002ae6006ce60087000000000000000000e9c3[payload->]...*..l..............||50,153
2025-07-31T13:03:59.964 0100|00|00|05|fa0001|364201cf21[payload->].!||8,655
2025-07-31T13:04:00.166 0100|01|00|18|e601fe|36420103e6002ae6006ce60087000000000000000000e9c3[payload->]...*..l..............||50,153
2025-07-31T13:31:25.003 0100|01|00|18|e601fe|36420103e6002ae6006ce60087000000000000000000e9c3[payload->]...*..l..............||50,153
2025-07-31T13:34:00.029 0100|00|00|05|fa0001|364201cf21[payload->].!||8,655
2025-07-31T13:34:00.130 0100|01|00|18|e601fe|36420103e6002ae6006ce60087000000000000000000e9c3[payload->]...*..l..............||50,153
2025-07-31T14:04:00.245 0100|00|00|05|fa0001|364201cf21[payload->].!||8,655
2025-07-31T14:04:00.346 0100|01|00|18|e601fe|36420103e6002ae6006ce60087000000000000000000e9c3[payload->]...*..l..............||50,153
2025-07-31T14:31:24.841 0100|00|00|05|fa0001|364201cf21[payload->].!||8,655
2025-07-31T14:34:00.814 0100|00|00|05|fa0001|364201cf21[payload->].!||8,655
2025-07-31T14:34:01.016 0100|01|00|18|e601fe|36420103e6002ae6006ce60087000000000000000000e9c3[payload->]...*..l..............||50,153
2025-07-31T15:04:00.083 0100|00|00|05|fa0001|364201cf21[payload->].!||8,655
2025-07-31T15:04:00.185 0100|01|00|18|e601fe|36420103e6002ae6006ce60087000000000000000000e9c3[payload->]...*..l..............||50,153
2025-07-31T16:04:02.204 0100|00|00|05|fa0001|364201cf21[payload->].!||8,655
2025-07-31T16:04:02.306 0100|01|00|18|e601fe|36420103e6002ae6006ce60087000000000000000000e9c3[payload->]...*..l..............||50,153
2025-07-31T16:34:02.360 0100|00|00|05|fa0001|364201cf21[payload->].!||8,655
2025-07-31T16:34:02.461 0100|01|00|18|e601fe|36420103e6002ae6006ce60087000000000000000000e9c3[payload->]...*..l..............||50,153
2025-07-31T17:04:03.042 0100|00|00|05|fa0001|364201cf21[payload->].!||8,655
2025-07-31T17:04:03.143 0100|01|00|18|e601fe|36420103e6002ae6006ce60087000000000000000000e9c3[payload->]...*..l..............||50,153
2025-07-31T18:04:02.999 0100|00|00|05|fa0001|364201cf21[payload->].!||8,655
2025-07-31T18:04:03.100 0100|01|00|18|e601fe|36420103e6002ae6006ce60087000000000000000000e9c3[payload->]...*..l..............||50,153
2025-07-31T18:31:24.989 0100|00|00|05|fa0001|364201cf21[payload->].!||8,655
2025-07-31T18:31:25.191 0100|01|00|18|e601fe|36420103e6002ae6006ce60087000000000000000000e9c3[payload->]...*..l..............||50,153
2025-07-31T18:34:04.223 0100|00|00|05|fa0001|364201cf21[payload->].!||8,655
2025-07-31T18:34:04.424 0100|01|00|18|e601fe|36420103e6002ae6006ce60087000000000000000000e9c3[payload->]...*..l..............||50,153
2025-07-31T19:04:06.639 0100|00|00|05|fa0001|364201cf21[payload->].!||8,655
2025-07-31T19:04:06.740 0100|01|00|18|e601fe|36420103e6002ae6006ce60087000000000000000000e9c3[payload->]...*..l..............||50,153
2025-07-31T19:34:05.986 0100|00|00|05|fa0001|364201cf21[payload->].!||8,655
2025-07-31T19:34:06.087 0100|01|00|18|e601fe|36420103e6002ae6006ce60087000000000000000000e9c3[payload->]...*..l..............||50,153
2025-07-31T20:04:05.941 0100|00|00|05|fa0001|364201cf21[payload->].!||8,655
2025-07-31T20:04:06.143 0100|01|00|18|e601fe|36420103e6002ae6006ce60087000000000000000000e9c3[payload->]...*..l..............||50,153
2025-07-31T20:31:24.807 0100|00|00|05|fa0001|364201cf21[payload->].!||8,655
2025-07-31T20:31:25.008 0100|01|00|18|e601fe|36420103e6002ae6006ce60087000000000000000000e9c3[payload->]...*..l..............||50,153
2025-07-31T20:34:05.947 0100|00|00|05|fa0001|364201cf21[payload->].!||8,655
2025-07-31T20:34:06.149 0100|01|00|18|e601fe|36420103e6002ae6006ce60087000000000000000000e9c3[payload->]...*..l..............||50,153
2025-07-31T21:04:05.973 0100|00|00|05|fa0001|364201cf21[payload->].!||8,655
2025-07-31T21:04:06.074 0100|01|00|18|e601fe|36420103e6002ae6006ce60087000000000000000000e9c3[payload->]...*..l..............||50,153
2025-07-31T21:31:25.034 0100|00|00|05|fa0001|364201cf21[payload->].!||8,655
2025-07-31T21:31:25.135 0100|01|00|18|e601fe|36420103e6002ae6006ce60087000000000000000000e9c3[payload->]...*..l..............||50,153
2025-07-31T21:34:06.269 0100|00|00|05|fa0001|364201cf21[payload->].!||8,655
2025-07-31T21:34:06.370 0100|01|00|18|e601fe|36420103e6002ae6006ce60087000000000000000000e9c3[payload->]...*..l..............||50,153
2025-07-31T22:04:06.428 0100|00|00|05|fa0001|364201cf21[payload->].!||8,655
2025-07-31T22:04:06.530 0100|01|00|18|e601fe|36420103e6002ae6006ce60087000000000000000000e9c3[payload->]...*..l..............||50,153
2025-07-31T22:31:24.985 0100|00|00|05|fa0001|364201cf21[payload->].!||8,655
2025-07-31T22:31:25.187 0100|01|00|18|e601fe|36420103e6002ae6006ce60087000000000000000000e9c3[payload->]...*..l..............||50,153
2025-07-31T22:34:06.528 0100|00|00|05|fa0001|364201cf21[payload->].!||8,655
2025-07-31T22:34:06.630 0100|01|00|18|e601fe|36420103e6002ae6006ce60087000000000000000000e9c3[payload->]...*..l..............||50,153
2025-07-31T23:04:06.659 0100|00|00|05|fa0001|364201cf21[payload->].!||8,655
2025-07-31T23:04:06.760 0100|01|00|18|e601fe|36420103e6002ae6006ce60087000000000000000000e9c3[payload->]...*..l..............||50,153
2025-07-31T23:34:06.673 0100|00|00|05|fa0001|364201cf21[payload->].!||8,655
2025-07-31T23:34:06.774 0100|01|00|18|e601fe|36420103e6002ae6006ce60087000000000000000000e9c3[payload->]...*..l..............||50,153
2025-08-01T00:04:06.654 0100|00|00|05|fa0001|364201cf21[payload->].!||8,655
2025-08-01T00:04:06.755 0100|01|00|18|e601fe|36420103e6002ae6006ce60087000000000000000000e9c3[payload->]...*..l..............||50,153
2025-08-01T00:31:24.551 0100|00|00|05|fa0001|364201cf21[payload->].!||8,655
2025-08-01T00:31:24.752 0100|01|00|18|e601fe|36420103e6002ae6006ce60087000000000000000000e9c3[payload->]...*..l..............||50,153
2025-08-01T00:34:06.565 0100|00|00|05|fa0001|364201cf21[payload->].!||8,655
2025-08-01T00:34:06.766 0100|01|00|18|e601fe|36420103e6002ae6006ce60087000000000000000000e9c3[payload->]...*..l..............||50,153
2025-08-01T01:31:24.568 0100|00|00|05|fa0001|364201cf21[payload->].!||8,655
2025-08-01T01:31:24.769 0100|01|00|18|e601fe|36420103e6002ae6006ce60087000000000000000000e9c3[payload->]...*..l..............||50,153
2025-08-01T01:34:06.683 0100|00|00|05|fa0001|364201cf21[payload->].!||8,655
2025-08-01T01:34:06.784 0100|01|00|18|e601fe|36420103e6002ae6006ce60087000000000000000000e9c3[payload->]...*..l..............||50,153
2025-08-01T02:04:07.038 0100|00|00|05|fa0001|364201cf21[payload->].!||8,655
2025-08-01T02:04:07.139 0100|01|00|18|e601fe|36420103e6002ae6006ce60087000000000000000000e9c3[payload->]...*..l..............||50,153
2025-08-01T02:34:06.979 0100|00|00|05|fa0001|364201cf21[payload->].!||8,655
2025-08-01T02:34:07.181 0100|01|00|18|e601fe|36420103e6002ae6006ce60087000000000000000000e9c3[payload->]...*..l..............||50,153
2025-08-01T03:04:08.442 0100|00|00|05|fa0001|364201cf21[payload->].!||8,655
2025-08-01T03:04:08.644 0100|01|00|18|e601fe|36420103013458016f8b0100010006f801fe34580100b208[payload->]..4X.o.........4X....||2,226
2025-08-01T03:31:24.741 0100|00|00|05|fa0001|364201cf21[payload->].!||8,655
2025-08-01T03:31:24.943 0100|01|00|18|e601fe|36420103e6002ae6006ce600870000840000000000000000[payload->]...*..l..............||0,000
2025-08-01T03:34:07.085 0100|00|00|05|fa0001|364201cf21[payload->].!||8,655
2025-08-01T03:34:07.187 0100|01|00|18|e601fe|36420103e6002ae6006ce60087000000000000000000e9c3[payload->]...*..l..............||50,153
2025-08-01T04:04:07.065 0100|00|00|05|fa0001|364201cf21[payload->].!||8,655
2025-08-01T04:04:07.166 0100|01|00|18|e601fe|36420103e6002ae6006ce60087000000000000000000e9c3[payload->]...*..l..............||50,153
2025-08-01T04:31:24.826 0100|00|00|05|fa0001|364201cf21[payload->].!||8,655
2025-08-01T04:31:24.928 0100|01|00|18|e601fe|36420103e6002ae6006ce60087000000000000000000e9c3[payload->]...*..l..............||50,153
2025-08-01T04:34:07.483 0100|00|00|05|fa0001|364201cf21[payload->].!||8,655
2025-08-01T04:34:07.585 0100|01|00|18|e601fe|36420103e6002ae6006ce60087000000000000000000e9c3[payload->]...*..l..............||50,153
2025-08-01T05:04:07.058 0100|00|00|05|fa0001|364201cf21[payload->].!||8,655
2025-08-01T05:04:07.159 0100|01|00|18|e601fe|36420103e6002ae6006ce60087000000000000000000e9c3[payload->]...*..l..............||50,153
2025-08-01T05:31:26.191 0100|00|00|05|fa0001|364201cf21[payload->].!||8,655
2025-08-01T05:31:26.293 0100|01|00|18|e601fe|36420103e6002ae6006ce60087000000000000000039ceff[payload->]...*..l...........9..||65,486
2025-08-01T05:34:07.042 0100|00|00|05|fa0001|364201cf21[payload->].!||8,655
2025-08-01T05:34:07.143 0100|01|00|18|e601fe|36420103e6002ae6006ce60087000000000000000000e9c3[payload->]...*..l..............||50,153
2025-08-01T06:04:07.000 0100|00|00|05|fa0001|364201cf20[payload->]. ||8,399
2025-08-01T06:04:07.202 0100|01|00|18|e601fe|36420103e6002ae6006ce60087000000000000000000e9c3[payload->]...*..l..............||50,153
2025-08-01T06:31:24.678 0100|00|00|05|fa0001|364201cf21[payload->].!||8,655
2025-08-01T06:31:24.780 0100|01|00|18|e601fe|36420103e6002ae6006ce60087000000000000000000e9c3[payload->]...*..l..............||50,153
2025-08-01T06:34:07.031 0100|00|00|05|fa0001|364201cf21[payload->].!||8,655
2025-08-01T06:34:07.132 0100|01|00|18|e601fe|36420103e6002ae6006ce60087000000000000000000e9c3[payload->]...*..l..............||50,153
2025-08-01T07:04:07.045 0100|00|00|05|fa0001|364201cf21[payload->].!||8,655
2025-08-01T07:04:07.146 0100|01|00|18|e601fe|36420103e6002ae6006ce60087000000000000000000e9c3[payload->]...*..l..............||50,153
2025-08-01T07:31:24.736 0100|00|00|05|fa0001|364201cf21[payload->].!||8,655
2025-08-01T07:31:24.938 0100|01|00|18|e601fe|36420103e6002ae6006ce60087000000000000000000e9c3[payload->]...*..l..............||50,153
2025-08-01T07:34:06.986 0100|00|00|05|fa0001|364201cf21[payload->].!||8,655
2025-08-01T07:34:07.188 0100|01|00|18|e601fe|36420103e6002ae6006ce60087000000000000000000e9c3[payload->]...*..l..............||50,153
2025-08-01T08:04:08.115 0100|00|00|05|fa0001|364201cf21[payload->].!||8,655
2025-08-01T08:04:08.216 0100|01|00|18|e601fe|36420103e6002ae6006ce60087000000000000000000e9c3[payload->]...*..l..............||50,153
2025-08-01T08:34:08.176 0100|00|00|05|fa0001|364201cf21[payload->].!||8,655
2025-08-01T08:34:08.277 0100|01|00|18|e601fe|36420103e6002ae6006ce60087000000000000000000e9c3[payload->]...*..l..............||50,153
2025-08-01T09:04:08.144 0100|00|00|05|fa0001|364201cf21[payload->].!||8,655
2025-08-01T09:04:08.246 0100|01|00|18|e601fe|36420103e6002ae6006ce60087000000000000000000e9c3[payload->]...*..l..............||50,153
2025-08-01T09:31:25.237 0100|00|00|05|fa0001|364201cf21[payload->].!||8,655
2025-08-01T09:31:25.338 0100|01|00|18|e601fe|36420103e6002ae600000000000000000039ce0100000005[payload->]...*..........9......||1,280
2025-08-01T09:34:08.082 0100|00|00|05|fa0001|364201cf21[payload->].!||8,655
2025-08-01T09:34:08.283 0100|01|00|18|e601fe|36420103e6002ae6006ce60087000000000000000000e9c3[payload->]...*..l..............||50,153
2025-08-01T10:04:08.176 0100|00|00|05|fa0001|364201cf21[payload->].!||8,655
2025-08-01T10:04:08.278 0100|01|00|18|e601fe|36420103e6002ae6006ce60087000000000000000000e9c3[payload->]...*..l..............||50,153
2025-08-01T10:31:25.173 0100|00|00|05|fa0001|364201cf21[payload->].!||8,655
2025-08-01T10:31:25.275 0100|01|00|18|e601fe|36420103e6002ae6006ce60087000000000000000000e9c3[payload->]...*..l..............||50,153
2025-08-01T10:34:08.532 0100|00|00|05|fa0001|364201cf21[payload->].!||8,655
2025-08-01T10:34:08.633 0100|01|00|18|e601fe|36420103e6002ae6006ce60087000000000000000000e9c3[payload->]...*..l..............||50,153
2025-08-01T11:04:08.113 0100|00|00|05|fa0001|364201cf21[payload->].!||8,655
2025-08-01T11:04:08.214 0100|01|00|18|e601fe|36420103e6002ae6006ce60087000000000000000000e9c3[payload->]...*..l..............||50,153
2025-08-01T11:31:25.149 0100|00|00|05|fa0001|364201cf21[payload->].!||8,655
2025-08-01T11:31:25.351 0100|01|00|18|e601fe|36420103e6002ae6006ce60087000000000000000000e9c3[payload->]...*..l..............||50,153
2025-08-01T11:34:08.136 0100|00|00|05|fa0001|364201cf21[payload->].!||8,655
2025-08-01T11:34:08.237 0100|01|00|18|e601fe|36420103e6002ae6006ce60087000000000000000000e9c3[payload->]...*..l..............||50,153
2025-08-01T12:04:08.092 0100|00|00|05|fa0001|364201cf21[payload->].!||8,655
2025-08-01T12:04:08.294 0100|01|00|18|e601fe|36420103e6002ae6006ce60087000000000000000000e9c3[payload->]...*..l..............||50,153
2025-08-01T12:34:09.311 0100|00|00|05|fa0001|364201cf21[payload->].!||8,655
2025-08-01T12:34:09.413 0100|01|00|18|e601fe|36420103e6002ae6006ce60087000000000000000000e9c3[payload->]...*..l..............||50,153
2025-08-01T13:04:09.289 0100|00|00|05|fa0001|364201cf21[payload->].!||8,655
2025-08-01T13:04:09.390 0100|01|00|18|e601fe|36420103e6002ae6006ce60087000000000000000000e9c3[payload->]...*..l..............||50,153
2025-08-01T13:31:24.927 0100|00|00|05|fa0001|364201cf21[payload->].!||8,655
2025-08-01T13:31:25.129 0100|01|00|18|e601fe|36420103e6002ae6006ce60087000000000000000000e9c3[payload->]...*..l..............||50,153
2025-08-01T13:34:09.284 0100|00|00|05|fa0001|364201cf21[payload->].!||8,655
2025-08-01T13:34:09.385 0100|01|00|18|e601fe|36420103e6002ae6006ce60087000000000000000000e9c3[payload->]...*..l..............||50,153
2025-08-01T14:04:11.192 0100|00|00|05|fa0001|364201cf21[payload->].!||8,655
2025-08-01T14:04:11.293 0100|01|00|18|e601fe|36420103e6002ae6006ce60087000000000000000000e9c3[payload->]...*..l..............||50,153
2025-08-01T14:34:12.625 0100|00|00|05|fa0001|364201cf21[payload->].!||8,655
2025-08-01T14:34:12.727 0100|01|00|18|e601fe|36420103e6002ae6006ce60087000000000000000000e9c3[payload->]...*..l..............||50,153
2025-08-01T15:04:11.132 0100|00|00|05|fa0001|364201cf21[payload->].!||8,655
2025-08-01T15:04:11.234 0100|01|00|18|e601fe|36420103e6002ae6006ce60087000000000000000000e9c3[payload->]...*..l..............||50,153
2025-08-01T15:31:24.823 0100|00|00|05|fa0001|364201cf21[payload->].!||8,655
2025-08-01T15:31:24.924 0100|01|00|18|e601fe|36420103e6002ae6006ce60087000000000000000000e9c3[payload->]...*..l..............||50,153
2025-08-01T15:34:12.008 0100|00|00|05|fa0001|364201cf21[payload->].!||8,655
2025-08-01T15:34:12.109 0100|01|00|18|e601fe|36420103e6002ae6006ce60087000000000000000000e9c3[payload->]...*..l..............||50,153
2025-08-01T16:04:11.979 0100|00|00|05|fa0001|364201cf21[payload->].!||8,655
2025-08-01T16:04:12.181 0100|01|00|18|e601fe|36420103e6002ae6006ce60087000000000000000000e9c3[payload->]...*..l..............||50,153
2025-08-01T16:34:12.998 0100|00|00|05|fa0001|364201cf21[payload->].!||8,655
2025-08-01T16:34:13.100 0100|01|00|18|e601fe|36420103e6002ae6006ce60087000000000000000000e9c3[payload->]...*..l..............||50,153
2025-08-01T17:04:12.015 0100|00|00|05|fa0001|364201cf21[payload->].!||8,655
2025-08-01T17:04:12.117 0100|01|00|18|e601fe|36420103e6002ae6006ce60087000000000000000000e9c3[payload->]...*..l..............||50,153
2025-08-01T17:31:24.656 0100|00|00|05|fa0001|364201cf21[payload->].!||8,655
2025-08-01T17:31:24.757 0100|01|00|18|e601fe|36420103e6002ae6006ce60087000000000000000000e9c3[payload->]...*..l..............||50,153
2025-08-01T17:34:11.966 0100|00|00|05|fa0001|364201cf21[payload->].!||8,655
2025-08-01T17:34:12.168 0100|01|00|18|e601fe|36420103e6002ae6006ce60087000000000000000000e9c3[payload->]...*..l..............||50,153
2025-08-01T18:04:11.971 0100|00|00|05|fa0001|364201cf21[payload->].!||8,655
2025-08-01T18:04:12.072 0100|01|00|18|e601fe|36420103e6002ae6006ce60087000000000000000000e9c3[payload->]...*..l..............||50,153
2025-08-01T18:31:24.707 0100|00|00|05|fa0001|364201cf21[payload->].!||8,655
2025-08-01T18:31:24.808 0100|01|00|18|e601fe|36420103e6002ae6006ce60087000000000000000000e9c3[payload->]...*..l..............||50,153
2025-08-01T18:34:12.029 0100|00|00|05|fa0001|364201cf21[payload->].!||8,655
2025-08-01T18:34:12.130 0100|01|00|18|e601fe|36420103e6002ae6006ce60087000000000000000000e9c3[payload->]...*..l..............||50,153
2025-08-01T19:04:12.018 0100|00|00|05|fa0001|364201cf21[payload->].!||8,655
2025-08-01T19:04:12.119 0100|01|00|18|e601fe|36420103e6002ae6006ce60087000000000000000000e9c3[payload->]...*..l..............||50,153
2025-08-01T19:31:24.578 0100|00|00|05|fa0001|364201cf21[payload->].!||8,655
2025-08-01T19:31:24.680 0100|01|00|18|e601fe|36420103e6002ae6006ce60087000000000000000000e9c3[payload->]...*..l..............||50,153
2025-08-01T19:34:13.076 0100|00|00|05|fa0001|364201cf21[payload->].!||8,655
2025-08-01T19:34:13.177 0100|01|00|18|e601fe|36420103e6002ae6006ce60087000000000000000000e9c3[payload->]...*..l..............||50,153
2025-08-01T20:04:14.039 0100|00|00|05|fa0001|364201cf21[payload->].!||8,655
2025-08-01T20:04:14.241 0100|01|00|18|e601fe|36420103e6002ae6006ce60087000000000000000000e9c3[payload->]...*..l..............||50,153
2025-08-01T20:34:15.008 0100|00|00|05|fa0001|364201cf21[payload->].!||8,655
2025-08-01T20:34:15.109 0100|01|00|18|e601fe|36420103e6002ae6006ce60087000000000000000000e9c3[payload->]...*..l..............||50,153
2025-08-01T21:04:14.950 0100|00|00|05|fa0001|364201cf21[payload->].!||8,655
2025-08-01T21:04:15.152 0100|01|00|18|e601fe|36420103e6002ae6006ce60087000000000000000000e9c3[payload->]...*..l..............||50,153
2025-08-01T21:34:14.958 0100|00|00|05|fa0001|364201cf21[payload->].!||8,655
2025-08-01T21:34:15.160 0100|01|00|18|e601fe|36420103e6002ae6006ce60087000000000000000000e9c3[payload->]...*..l..............||50,153
2025-08-01T22:04:16.140 0100|00|00|05|fa0001|364201cf21[payload->].!||8,655
2025-08-01T22:04:16.342 0100|01|00|18|e601fe|36420103e6002ae6006ce60087000000000000000000e9c3[payload->]...*..l..............||50,153
2025-08-01T22:34:16.080 0100|00|00|05|fa0001|364201cf21[payload->].!||8,655
2025-08-01T22:34:16.282 0100|01|00|18|e601fe|36420103e6002ae6006ce60087000000000000000000e9c3[payload->]...*..l..............||50,153
2025-08-01T23:04:16.163 0100|00|00|05|fa0001|364201cf21[payload->].!||8,655
2025-08-01T23:04:16.264 0100|01|00|18|e601fe|36420103e6002ae6006ce60087000000000000000000e9c3[payload->]...*..l..............||50,153
2025-08-01T23:34:16.118 0100|00|00|05|fa0001|364201cf21[payload->].!||8,655
2025-08-01T23:34:16.219 0100|01|00|18|e601fe|36420103e6002ae6006ce60087000000000000000000e9c3[payload->]...*..l..............||50,153
2025-08-02T00:04:16.381 0100|00|00|05|fa0001|364201cf21[payload->].!||8,655
2025-08-02T00:04:16.482 0100|01|00|18|e601fe|36420103e6002ae6006ce60087000000000000000000e9c3[payload->]...*..l..............||50,153
2025-08-02T00:31:24.797 0100|00|00|05|fa0001|364201cf21[payload->].!||8,655
2025-08-02T00:34:16.158 0100|00|00|05|fa0001|364201cf21[payload->].!||8,655
2025-08-02T00:34:16.259 0100|01|00|18|e601fe|36420103e6002ae6006ce60087000000000000000000e9c3[payload->]...*..l..............||50,153
2025-08-02T01:04:16.217 0100|00|00|05|fa0001|364201cf21[payload->].!||8,655
2025-08-02T01:04:16.319 0100|01|00|18|e601fe|36420103e6002ae6006ce60087000000000000000000e9c3[payload->]...*..l..............||50,153
2025-08-02T01:31:24.775 0100|00|00|05|fa0001|364201cf21[payload->].!||8,655
2025-08-02T01:31:24.977 0100|01|00|18|e601fe|36420103e6002ae6006ce60087000000000000000000e9c3[payload->]...*..l..............||50,153
2025-08-02T02:04:16.210 0100|00|00|05|fa0001|364201cf21[payload->].!||8,655
2025-08-02T02:04:16.311 0100|01|00|18|e601fe|36420103a6002ae6006ce60087000000000000000000e9c3[payload->]...*..l..............||50,153
2025-08-02T02:31:24.875 0100|00|00|05|fa0001|364201cf21[payload->].!||8,655
2025-08-02T02:31:25.077 0100|01|00|18|e601fe|36420103e600364501020010240000840000000000000000[payload->]...6E....$...........||0,000
2025-08-02T03:04:16.196 0100|00|00|05|fa0001|364201cf21[payload->].!||8,655
2025-08-02T03:04:16.297 0100|01|00|18|e601fe|36420103e6002ae6006ce60087000000000000000000e9c3[payload->]...*..l..............||50,153
2025-08-02T03:31:24.856 0100|00|00|05|fa0001|364201cf21[payload->].!||8,655
2025-08-02T03:31:24.957 0100|01|00|18|e601fe|36420103e6002a4501020010240000840000000000000000[payload->]...*E....$...........||0,000
2025-08-02T03:34:16.204 0100|00|00|05|fa0001|364201cf21[payload->].!||8,655
2025-08-02T03:34:16.306 0100|01|00|18|e601fe|36420103e6002ae6006ce60087000000000000000000e9c3[payload->]...*..l..............||50,153
2025-08-02T04:04:16.102 0100|00|00|05|fa0001|364201cf21[payload->].!||8,655
2025-08-02T04:04:16.304 0100|01|00|18|e601fe|36420103e6002ae6006ce60087000000000000000000e9c3[payload->]...*..l..............||50,153
2025-08-02T04:05:33.742 0100|01|00|18|e641fe|36420102c81024a00084ffffffffffffffffffffffff1273[payload->]...$................s||29,458
2025-08-02T04:34:16.241 0100|00|00|05|fa0001|364201cf21[payload->].!||8,655
2025-08-02T04:34:16.343 0100|01|00|18|e601fe|36420103e6002ae6006ce60087000000000000000000e9c3[payload->]...*..l..............||50,153
2025-08-02T05:04:16.214 0100|00|00|05|fa0001|364201cf21[payload->].!||8,655
2025-08-02T05:04:16.315 0100|01|00|18|e601fe|36420103e6002ae6006ce60087000000000000000000e9c3[payload->]...*..l..............||50,153
2025-08-02T05:31:24.815 0100|00|00|05|fa0001|364201cf21[payload->].!||8,655
2025-08-02T05:31:25.017 0100|01|00|18|e601fe|36420103e6002ae6006ce60087000000000000000000e9c3[payload->]...*..l..............||50,153
2025-08-02T05:34:16.200 0100|00|00|05|fa0001|364201cf21[payload->].!||8,655
2025-08-02T05:34:16.402 0100|01|00|18|e601fe|36420103e6002ae6006ce60087000000000000000000e9c3[payload->]...*..l..............||50,153
2025-08-02T06:04:17.083 0100|00|00|05|fa0001|364201cf21[payload->].!||8,655
2025-08-02T06:04:17.185 0100|01|00|18|e601fe|36420103e6002ae6006ce60087000000000000000000e9c3[payload->]...*..l..............||50,153
2025-08-02T06:31:24.756 0100|00|00|05|fa0001|364201cf21[payload->].!||8,655
2025-08-02T06:31:24.958 0100|01|00|18|e601fe|36420103e6002ae6006ce60087000000000000000000e9c3[payload->]...*..l..............||50,153
2025-08-02T06:34:17.162 0100|00|00|05|fa0001|364201cf21[payload->].!||8,655
2025-08-02T06:34:17.263 0100|01|00|18|e601fe|36420103e6002ae6006ce60087000000000000000000e9c3[payload->]...*..l..............||50,153
2025-08-02T07:04:17.189 0100|00|00|05|fa0001|364201cf21[payload->].!||8,655
2025-08-02T07:04:17.290 0100|01|00|18|e601fe|36420103e6002ae6006ce60087000000000000000000e9c3[payload->]...*..l..............||50,153
2025-08-02T07:34:17.106 0100|00|00|05|fa0001|364201cf21[payload->].!||8,655
2025-08-02T07:34:17.207 0100|01|00|18|e601fe|36420103e6002ae6006ce60087000000000000000000e9c3[payload->]...*..l..............||50,153
2025-08-02T08:04:17.166 0100|00|00|05|fa0001|364201cf21[payload->].!||8,655
2025-08-02T08:04:17.267 0100|01|00|18|e601fe|36420103e6002ae6006ce60087000000000000000000e9c3[payload->]...*..l..............||50,153
2025-08-02T08:34:17.880 0100|00|00|05|fa0001|364201cf21[payload->].!||8,655
2025-08-02T08:34:17.981 0100|01|00|18|e601fe|36420103e6002ae6006ce60087000000000000000000e9c3[payload->]...*..l..............||50,153
2025-08-02T09:04:17.114 0100|00|00|05|fa0001|364201cf21[payload->].!||8,655
2025-08-02T09:04:17.215 0100|01|00|18|e601fe|36420103e6002ae6006ce60087000000000000000000e9c3[payload->]...*..l..............||50,153
2025-08-02T09:34:17.152 0100|00|00|05|fa0001|364201cf21[payload->].!||8,655
2025-08-02T10:04:17.174 0100|00|00|05|fa0001|364201cf21[payload->].!||8,655
2025-08-02T10:04:17.276 0100|01|00|18|e601fe|36420103e6002ae6006ce60087000000000000000000e9c3[payload->]...*..l..............||50,153
2025-08-02T10:34:17.096 0100|00|00|05|fa0001|364201cf21[payload->].!||8,655
2025-08-02T10:34:17.298 0100|01|00|18|e601fe|36420103e6002ae6006ce60087000000000000000000e9c3[payload->]...*..l..............||50,153
2025-08-02T11:04:17.196 0100|00|00|05|fa0001|364201cf21[payload->].!||8,655
2025-08-02T11:04:17.297 0100|01|00|18|e601fe|36420103e6002ae6006ce60087000000000000000000e9c3[payload->]...*..l..............||50,153
2025-08-02T11:34:17.161 0100|00|00|05|fa0001|364201cf21[payload->].!||8,655
2025-08-02T12:04:17.925 0100|00|00|05|fa0001|364201cf21[payload->].!||8,655
2025-08-02T12:04:18.026 0100|01|00|18|e601fe|36420103e6002ae6006ce60087000000000000000000e9c3[payload->]...*..l..............||50,153
2025-08-02T12:34:18.045 0100|00|00|05|fa0001|364201cf21[payload->].!||8,655
2025-08-02T12:34:18.147 0100|01|00|18|e601fe|36420103e6002ae6006ce60087000000000000000000e9c3[payload->]...*..l..............||50,153
2025-08-02T13:04:17.971 0100|00|00|05|fa0001|364201cf21[payload->].!||8,655
2025-08-02T13:04:18.173 0100|01|00|18|e601fe|36420103e6002ae6006ce60087000000000000000000e9c3[payload->]...*..l..............||50,153
2025-08-02T13:31:24.815 0100|00|00|05|fa0001|364201cf21[payload->].!||8,655
2025-08-02T13:31:24.916 0100|01|00|18|e601fe|36420103e6002ae6006ce60087000000000000000000e9c3[payload->]...*..l..............||50,153
2025-08-02T13:34:20.127 0100|00|00|05|fa0001|364201cf21[payload->].!||8,655
2025-08-02T13:34:20.228 0100|01|00|18|e601fe|36420103e6002ae6006ce60087000000000000000000e9c3[payload->]...*..l..............||50,153
2025-08-02T14:04:20.187 0100|00|00|05|fa0001|364201cf21[payload->].!||8,655
2025-08-02T14:04:20.288 0100|01|00|18|e601fe|36420103e6002ae6006ce60087000000000000000000e9c3[payload->]...*..l..............||50,153
2025-08-02T14:34:20.144 0100|00|00|05|fa0001|364201cf21[payload->].!||8,655
2025-08-02T14:34:20.245 0100|01|00|18|e601fe|36420103e6002ae6006ce60087000000000000000000e9c3[payload->]...*..l..............||50,153
2025-08-02T15:04:20.268 0100|00|00|05|fa0001|364201cf21[payload->].!||8,655
2025-08-02T15:04:20.369 0100|01|00|18|e601fe|36420103e6002ae6006ce60087000000000000000000e9c3[payload->]...*..l..............||50,153
2025-08-02T15:31:24.734 0100|00|00|05|fa0001|364201cf21[payload->].!||8,655
2025-08-02T15:31:24.936 0100|01|00|18|e601fe|36420103e6002ae6006ce60087000000000000000000e9c3[payload->]...*..l..............||50,153
2025-08-02T15:34:20.134 0100|00|00|05|fa0001|364201cf21[payload->].!||8,655
2025-08-02T15:34:20.336 0100|01|80|18|e601fe|36420103e6002ae6006ce60087000000000000000000e9c3[payload->]...*..l..............||50,153
2025-08-02T16:04:20.178 0100|00|00|05|fa0001|364201cf21[payload->].!||8,655
2025-08-02T16:04:20.279 0100|01|00|18|e601fe|36420103e6002ae6006ce60087000000000000000000e9c3[payload->]...*..l..............||50,153
2025-08-02T16:31:24.728 0100|00|00|05|fa0001|364201cf21[payload->].!||8,655
2025-08-02T16:31:24.929 0100|01|00|18|e601fe|36420103e6002ae6006ce60087000000000000000000e9c3[payload->]...*..l..............||50,153
2025-08-02T16:34:20.321 0100|00|00|05|fa0001|364201cf21[payload->].!||8,655
2025-08-02T16:34:20.523 0100|01|00|18|e601fe|36420103e6002ae6006ce60087000000000000000000e9c3[payload->]...*..l..............||50,153
2025-08-02T17:04:20.172 0100|00|00|05|fa0001|364201cf21[payload->].!||8,655
2025-08-02T17:31:24.881 0100|00|00|05|fa0001|364201cf21[payload->].!||8,655
2025-08-02T17:31:25.083 0100|01|00|18|e601fe|36420103e6002ae6006ce60087000000000000000000e9c3[payload->]...*..l..............||50,153
2025-08-02T17:34:20.163 0100|00|00|05|fa0001|364201cf21[payload->].!||8,655
2025-08-02T18:04:20.170 0100|00|00|05|fa0001|364201cf21[payload->].!||8,655
2025-08-02T18:31:24.890 0100|00|00|05|fa0001|364201cf21[payload->].!||8,655
2025-08-02T18:31:24.991 0100|01|00|18|e601fe|36420103e6002ae6006ce60087000000000000000000e9c3[payload->]...*..l..............||50,153
2025-08-02T18:34:20.261 0100|00|00|05|fa0001|364201cf21[payload->].!||8,655
2025-08-02T18:34:20.362 0100|01|00|18|e601fe|36420143e6022ae6006ce60087000000000000000000e9c3[payload->]C..*..l..............||50,153
2025-08-02T19:04:20.525 0100|00|00|05|fa0001|364201cf21[payload->].!||8,655
2025-08-02T19:04:20.626 0100|01|00|18|e601fe|36420103e6002ae6006ce60087000000000000000000e9c3[payload->]...*..l..............||50,153
2025-08-02T19:34:20.841 0100|00|00|05|fa0001|364201cf21[payload->].!||8,655
2025-08-02T19:34:21.043 0100|01|00|18|e601fe|36420103e6002ae6006ce60087000000000000000000e9c3[payload->]...*..l..............||50,153
2025-08-02T20:04:21.266 0100|00|00|05|fa0001|364201cf21[payload->].!||8,655
2025-08-02T20:04:21.367 0100|01|00|18|e601fe|36420103e6002ae6006ce60087000000000000000000e9c3[payload->]...*..l..............||50,153
2025-08-02T20:34:22.371 0100|00|00|05|fa0001|364201cf21[payload->].!||8,655
2025-08-02T20:34:22.473 0100|01|00|18|e601fe|36420103e6002ae6006ce60087000000000000000000e9c3[payload->]...*..l..............||50,153
2025-08-02T21:04:21.047 0100|00|00|05|fa0001|364201cf21[payload->].!||8,655
2025-08-02T21:04:21.249 0100|01|00|18|e601fe|36420103e6002ae6006ce60087000000000000000000e9c3[payload->]...*..l..............||50,153
2025-08-02T21:34:21.086 0100|00|00|05|fa0001|364201cf21[payload->].!||8,655
2025-08-02T21:34:21.188 0100|01|00|18|e601fe|36420103e6002ae6006ce60087000000000000000000e9c3[payload->]...*..l..............||50,153
2025-08-02T22:04:20.991 0100|00|00|05|fa0001|364201cf21[payload->].!||8,655
2025-08-02T22:04:21.092 0100|01|00|18|e601fe|36420103e6002ae6006ce60087000000000000000000e9c3[payload->]...*..l..............||50,153
2025-08-02T22:31:25.516 0100|00|00|05|fa0001|364201cf21[payload->].!||8,655
2025-08-02T22:34:20.972 0100|00|00|05|fa0001|364201cf21[payload->].!||8,655
2025-08-02T22:34:21.174 0100|01|00|18|e601fe|36420103e6002ae6006ce60087000000000000000000e9c3[payload->]...*..l..............||50,153
2025-08-02T23:04:20.959 0100|00|00|05|fa0001|364201cf21[payload->].!||8,655
2025-08-02T23:04:21.161 0100|01|00|18|e601fe|36420103e6002ae6006ce60087000000000000000000e9c3[payload->]...*..l..............||50,153
2025-08-02T23:34:21.969 0100|00|00|05|fa0001|364201cf21[payload->].!||8,655
2025-08-02T23:34:22.171 0100|01|00|18|e601fe|36420103e6002ae6006ce60087000000000000000000e9c3[payload->]...*..l..............||50,153
2025-08-03T00:04:21.980 0100|00|00|05|fa0001|364201cf21[payload->].!||8,655
2025-08-03T00:04:22.182 0100|01|00|18|e601fe|36420103e6002ae6006ce60087000000000000000000e9c3[payload->]...*..l..............||50,153
2025-08-03T00:34:21.961 0100|00|00|05|fa0001|364201cf21[payload->].!||8,655
2025-08-03T00:34:22.163 0100|01|00|18|e601fe|36420103e6002ae6006ce60087000000000000000000e9c3[payload->]...*..l..............||50,153
2025-08-03T01:04:23.301 0100|01|00|18|e601fe|36420103e6002ae6006ce60087000000000000000000e9c3[payload->]...*..l..............||50,153
2025-08-03T02:04:24.010 0100|00|00|05|fa0001|364201cf21[payload->].!||8,655
2025-08-03T02:34:25.374 0100|00|00|05|fa0001|364201cf21[payload->].!||8,655
2025-08-03T02:34:25.475 0100|01|00|18|e601fe|36420103e6002ae6006ce60087000000000000000000e9c3[payload->]...*..l..............||50,153
2025-08-03T03:04:25.393 0100|00|00|05|fa0001|364201cf21[payload->].!||8,655
2025-08-03T03:04:25.595 0100|01|00|18|e601fe|36420103e6002ae6006ce60087000000000000000000e9c3[payload->]...*..l..............||50,153
2025-08-03T03:34:25.462 0100|00|00|05|fa0001|364201cf21[payload->].!||8,655
2025-08-03T03:34:25.664 0100|01|00|18|e601fe|36420103e6002ae6006ce60087000000000000000000e9c3[payload->]...*..l..............||50,153
2025-08-03T04:04:25.456 0100|00|00|05|fa0001|364201cf21[payload->].!||8,655
2025-08-03T04:34:25.511 0100|00|00|05|fa0001|364201cf01[payload->]..||0,463
2025-08-03T04:34:25.713 0100|01|00|18|e601fe|36420103e6002ae6006ce60087000000000000000000e9c3[payload->]...*..l..............||50,153
2025-08-03T05:34:26.160 0100|00|00|05|fa0001|364201cf21[payload->].!||8,655
2025-08-03T05:34:26.362 0100|01|00|18|e601fe|36420103e6002ae6006ce60087000000000000000000e9c3[payload->]...*..l..............||50,153
2025-08-03T06:04:25.570 0100|00|00|05|fa0001|364201cf21[payload->].!||8,655
2025-08-03T06:04:25.873 0100|01|00|18|e601fe|36420103e6002ae6006ce60087000000000000000000e9c3[payload->]...*..l..............||50,153
2025-08-03T06:34:25.461 0100|00|00|05|fa0001|364201cf21[payload->].!||8,655
2025-08-03T06:34:25.663 0100|01|00|18|e601fe|36420103e6002ae6006ce60087000000000000000000e9c3[payload->]...*..l..............||50,153
2025-08-03T07:04:25.560 0100|00|00|05|fa0001|364201cf21[payload->].!||8,655
2025-08-03T07:04:25.662 0100|01|00|18|e601fe|36420103e6002ae6006ce60087000000000000000000e9c3[payload->]...*..l..............||50,153
2025-08-03T07:34:26.966 0100|00|00|05|fa0001|364201cf21[payload->].!||8,655
2025-08-03T07:34:27.167 0100|01|00|18|e601fe|36420103e6002ae6006ce60087000000000002000200e9c3[payload->]...*..l..............||50,153
2025-08-03T08:04:26.786 0100|00|00|05|fa0001|364201cf21[payload->].!||8,655
2025-08-03T08:04:26.887 0100|01|00|18|e601fe|36420103e6002ae6006ce60087000000000000000080e9c3[payload->]...*..l..............||50,153
2025-08-03T08:31:25.843 0100|00|00|05|fa0001|364201cf21[payload->].!||8,655
2025-08-03T08:34:27.193 0100|00|00|05|fa0001|364201cf21[payload->].!||8,655
2025-08-03T08:34:27.295 0100|01|00|18|e601fe|36420103e6002ae6006ce60087000000000000040000e9c3[payload->]...*..l..............||50,153
2025-08-03T09:04:27.059 0100|00|00|05|fa0001|364201cf21[payload->].!||8,655
2025-08-03T09:04:27.261 0100|01|00|18|e601fe|36420103e6002ae6006ce60087000000000000000000e9c3[payload->]...*..l..............||50,153
2025-08-03T09:31:26.060 0100|00|00|05|fa0001|364201cf21[payload->].!||8,655
2025-08-03T09:31:26.261 0100|01|00|18|e601fe|36420103e6002ae6006ce60087000000000000000000e9c3[payload->]...*..l..............||50,153
2025-08-03T09:34:27.261 0100|00|00|05|fa0001|364201cf21[payload->].!||8,655
2025-08-03T09:34:27.463 0100|01|00|18|e601fe|36420103e6002ae6006ce60087000000000000000000e9c3[payload->]...*..l..............||50,153
2025-08-03T10:04:27.035 0100|00|00|05|fa0001|364201cf21[payload->].!||8,655
2025-08-03T10:04:27.137 0100|01|00|18|e601fe|36420103e6002ae6006ce60087000000000000000000e9c3[payload->]...*..l..............||50,153
2025-08-03T10:31:25.048 0100|00|00|05|fa0001|364201cf21[payload->].!||8,655
2025-08-03T10:31:25.250 0100|01|00|18|e601fe|36420103e6002ae6006ce60087000000000000000000e9c3[payload->]...*..l..............||50,153
2025-08-03T10:34:26.973 0100|00|00|05|fa0001|364201cf21[payload->].!||8,655
2025-08-03T11:04:28.053 0100|00|00|05|fa0001|364201cf21[payload->].!||8,655
2025-08-03T11:04:28.154 0100|01|00|18|e601fe|36420103e6002ae6006ce60087000000000000000000e9c3[payload->]...*..l..............||50,153
2025-08-03T11:31:25.142 0100|00|00|05|fa0001|364201cf21[payload->].!||8,655
2025-08-03T11:31:25.445 0100|01|00|18|e601fe|36420103e6002ae6006ce60087000000000000000000e9c3[payload->]...*..l..............||50,153
2025-08-03T11:34:27.020 0100|00|00|05|fa0001|364201cf21[payload->].!||8,655
2025-08-03T11:34:27.222 0100|01|00|18|e601fe|36420103e6002ae6006ce60087000000000000000000e9c3[payload->]...*..l..............||50,153
2025-08-03T12:04:28.164 0100|00|00|05|fa0001|364201cf21[payload->].!||8,655
2025-08-03T12:04:28.265 0100|01|00|18|e601fe|36420103e6002ae6006ce60087000000000000000000e9c3[payload->]...*..l..............||50,153
2025-08-03T12:31:25.117 0100|00|00|05|fa0001|364201cf21[payload->].!||8,655
2025-08-03T12:31:25.218 0100|01|00|18|e601fe|36420103e6002ae6006ce60087000000000000000000e9c3[payload->]...*..l..............||50,153
2025-08-03T12:34:28.118 0100|00|00|05|fa0001|364201cf21[payload->].!||8,655
2025-08-03T12:34:28.219 0100|01|00|18|e601fe|36420103e6002ae6006ce60087000000000000000000e9c3[payload->]...*..l..............||50,153
2025-08-03T13:04:29.450 0100|00|00|05|fa0001|364201cf21[payload->].!||8,655
2025-08-03T13:34:28.153 0100|00|00|05|fa0001|364201cf21[payload->].!||8,655
2025-08-03T13:34:28.254 0100|01|00|18|e601fe|36420103e6002ae6006ce60087000000000000000000e9c3[payload->]...*..l..............||50,153
2025-08-03T14:04:28.127 0100|00|00|05|fa0001|364201cf21[payload->].!||8,655
2025-08-03T14:04:28.329 0100|01|00|18|e601fe|36420103e6002ae6006ce60087000000000000000000e9c3[payload->]...*..l..............||50,153
2025-08-03T14:31:25.399 0100|00|00|05|fa0001|364201cf21[payload->].!||8,655
2025-08-03T14:34:28.140 0100|00|00|05|fa0001|364201cf21[payload->].!||8,655
2025-08-03T14:34:28.242 0100|01|00|18|e601fe|36420103e6002ae6006ce60087000000000000000000e9c3[payload->]...*..l..............||50,153
2025-08-03T15:04:28.134 0100|00|00|05|fa0001|364201cf21[payload->].!||8,655
2025-08-03T15:04:28.235 0100|01|00|18|e601fe|36420103e6002ae6006ce60087000000000000000000e9c3[payload->]...*..l..............||50,153
2025-08-03T15:34:28.149 0100|00|00|05|fa0001|364201cf21[payload->].!||8,655
2025-08-03T15:34:28.250 0100|01|00|18|e601fe|36420103e6002ae6006ce60087000000000000000000e9c3[payload->]...*..l..............||50,153
2025-08-03T16:04:28.163 0100|00|00|05|fa0001|364201cf21[payload->].!||8,655
2025-08-03T16:04:28.264 0100|01|00|18|e601fe|36420103e6002ae6006ce60087000000000000000000e9c3[payload->]...*..l..............||50,153
2025-08-03T16:31:24.740 0100|00|00|05|fa0001|364201cf21[payload->].!||8,655
2025-08-03T16:31:24.942 0100|01|00|18|e601fe|36420103e6002ae6006ce60087000000000000000000e9c3[payload->]...*..l..............||50,153
2025-08-03T16:34:29.070 0100|00|00|05|fa0001|364201cf21[payload->].!||8,655
2025-08-03T16:34:29.272 0100|01|00|18|e601fe|36420103e6002ae6006ce60087000000000000000000e9c3[payload->]...*..l..............||50,153
2025-08-03T17:31:24.780 0100|00|00|05|fa0001|364201cf21[payload->].!||8,655
2025-08-03T17:31:24.982 0100|01|00|18|e601fe|36420103e6002ae6006ce60087000000000000000000e9c3[payload->]...*..l..............||50,153
2025-08-03T17:34:29.161 0100|00|00|05|fa0001|364201cf21[payload->].!||8,655
2025-08-03T17:34:29.262 0100|01|00|18|e601fe|36420103e6002ae6006ce60087000000000000000000e9c3[payload->]...*..l..............||50,153
2025-08-03T18:04:30.169 0100|00|00|05|fa0001|364201cf21[payload->].!||8,655
