2025-08-01T04:07:50.759 0100|01|00|07|f701fe|365541800cbfe4[payload->]....||58,559
2025-08-01T04:19:50.200 0100|01|00|07|f701fe|365541800cbfe4[payload->]....||58,559
2025-08-01T05:26:50.157 0100|01|00|07|f701fe|365541800cbfe4[payload->]....||58,559
2025-08-01T05:56:50.185 0100|01|00|07|f701fe|365541800ebfe4[payload->]....||58,559
2025-08-01T06:29:50.191 0100|01|00|07|f701fe|365541c00cbfe4[payload->]....||58,559
2025-08-01T21:16:01.440 0100|01|00|07|f701fe|365541c24ebfe4[payload->].N..||58,559
2025-08-01T22:12:32.481 0100|01|00|07|f701fe|365541800cbfe4[payload->]....||58,559
2025-08-01T22:17:32.434 0100|01|00|07|f703fe|365541800cbfe4[payload->]....||58,559
2025-08-01T22:40:02.490 0100|01|00|07|f701fe|365541c20effe4[payload->]....||58,623
2025-08-01T23:29:32.700 0100|01|00|07|f701fe|365541820cbfe4[payload->]....||58,559
2025-08-01T23:31:33.139 0100|01|00|07|f701fe|365541800cbfe4[payload->]....||58,559
2025-08-02T01:19:32.494 0100|01|00|07|f701fe|365541c00cbfe4[payload->]....||58,559
2025-08-02T01:29:32.369 0100|01|00|07|f701fe|365541c80cbfe4[payload->]....||58,559
2025-08-02T01:46:32.423 0100|01|00|07|f701fe|365541c04cbfe4[payload->].L..||58,559
2025-08-02T02:01:32.441 0100|01|00|07|f701fe|365541800cbfe4[payload->]....||58,559
2025-08-02T02:46:32.452 0100|01|00|07|f701fe|365541800cbfe4[payload->]....||58,559
2025-08-02T05:15:32.536 0100|0b|0a|0f|f701fe|365541800cbfe40100000005fa0001[payload->]............||0,256
2025-08-02T05:21:32.439 0100|01|00|07|f701fe|365541c20ebfe4[payload->]....||58,559
2025-08-02T05:27:32.489 0100|01|00|07|f701fe|365541800cbfe4[payload->]....||58,559
2025-08-02T05:42:02.480 0100|01|00|07|f701fe|365541c20ebfe4[payload->]....||58,559
2025-08-02T09:01:34.650 0100|01|00|07|f701fe|365541800ebfe4[payload->]....||58,559
2025-08-02T09:23:34.325 0100|cb|42|47|f701fe|365541800cbfe40100000005fa000110030154f00100010007f701fe100301ffff859c0100000005fa0001365401af2f0100010007f701fe365401ac0d43380100000005fa0001[payload->]...............T........................6T../........6T...C8........||0,256
2025-08-02T17:58:40.007 0100|01|00|07|f701fe|365541800cbfe4[payload->]....||58,559
