2025-07-30T20:31:28.065 0100|01|00|0f|ef01fe|340d025720646f6d7500000000b881[payload->]W domu......||33,208
2025-07-30T20:33:09.586 0100|00|00|05|fa0001|340d023ef4[payload->]>.||62,526
2025-07-30T20:33:09.687 0100|01|00|0f|ef01fe|340d025720646f6d7500000000b881[payload->]W domu......||33,208
2025-07-30T21:03:09.478 0100|00|00|05|fa0001|340d023ef4[payload->]>.||62,526
2025-07-30T21:03:09.579 0100|01|00|0f|ef01fe|340d025720646f6d7500000000b881[payload->]W domu......||33,208
2025-07-30T21:33:09.270 0100|00|00|05|fa0001|340d023ef4[payload->]>.||62,526
2025-07-30T21:33:09.371 0100|01|00|0f|ef01fe|340d025720646f6d7500000000b881[payload->]W domu......||33,208
2025-07-30T22:03:09.270 0100|00|00|05|fa0001|340d023ef4[payload->]>.||62,526
2025-07-30T22:03:09.371 0100|01|00|0f|ef01fe|340d025720646f6d7500000000b881[payload->]W domu......||33,208
2025-07-30T22:33:09.329 0100|00|00|05|fa0001|340d023ef4[payload->]>.||62,526
2025-07-30T22:33:09.430 0100|01|00|0f|ef01fe|340d025720646f6d7500000000b881[payload->]W domu......||33,208
2025-07-30T23:03:09.244 0100|00|00|05|fa0001|340d023ef4[payload->]>.||62,526
2025-07-30T23:03:09.345 0100|01|00|0f|ef01fe|340d025720646f6d7500000000b881[payload->]W domu......||33,208
2025-07-31T00:03:09.425 0100|00|00|05|fa0001|340d023ef4[payload->]>.||62,526
2025-07-31T00:03:09.525 0100|01|00|0f|ee01fe|340d025720646f6d7500000000b881[payload->]W domu......||33,208
2025-07-31T00:31:27.935 0100|00|00|05|fa0001|340d023ef4[payload->]>.||62,526
2025-07-31T00:31:28.036 0100|01|00|0f|ef01fe|340d025720646f6d7500000000b881[payload->]W domu......||33,208
2025-07-31T01:03:09.225 0100|00|00|05|fa0001|340d023ef4[payload->]>.||62,526
2025-07-31T01:03:09.327 0100|01|00|0f|ef01fe|340d025720646f6d7500000000b881[payload->]W domu......||33,208
2025-07-31T01:31:28.005 0100|00|00|05|fa0001|340d023ef4[payload->]>.||62,526
2025-07-31T01:33:09.217 0100|00|00|05|fa0001|340d023ef4[payload->]>.||62,526
2025-07-31T01:33:09.318 0100|01|00|0f|ef01fe|340d025720646f6d7500000000b881[payload->]W domu......||33,208
2025-07-31T02:03:09.231 0100|00|00|05|fa0001|340d023ef4[payload->]>.||62,526
2025-07-31T02:03:09.332 0100|01|00|0f|ef01fe|340d025720646f6d7500000000b881[payload->]W domu......||33,208
2025-07-31T02:33:10.659 0100|00|00|05|fa0001|340d023ef4[payload->]>.||62,526
2025-07-31T02:33:10.760 0100|01|00|0f|ef01fe|340d025720646f6d7500000000b881[payload->]W domu......||33,208
2025-07-31T03:03:10.756 0100|00|00|05|fa0001|340d023ef4[payload->]>.||62,526
2025-07-31T03:03:10.857 0100|01|00|0f|ef01fe|340d025720646f6d7500000000b881[payload->]W domu......||33,208
2025-07-31T03:31:27.571 0100|00|00|05|fa0001|340d023ef4[payload->]>.||62,526
2025-07-31T03:31:27.672 0100|01|00|0f|ef01fe|340d025720646f6d75000000c6a101[payload->]W domu......||0,417
2025-07-31T03:33:10.630 0100|00|00|05|fa0001|340d023ef4[payload->]>.||62,526
2025-07-31T03:33:10.731 0100|01|00|0f|ef01fe|340d025720646f6d7500000000b881[payload->]W domu......||33,208
2025-07-31T04:03:10.613 0100|00|00|05|fa0001|340d023ef4[payload->]>.||62,526
2025-07-31T04:03:10.714 0100|01|00|0f|ef01fe|340d025720646f6d7500000000b881[payload->]W domu......||33,208
2025-07-31T04:33:10.667 0100|00|00|05|fa0001|340d023ef4[payload->]>.||62,526
2025-07-31T04:33:10.768 0100|01|00|0f|ef01fe|340d025720646f6d7500000000b881[payload->]W domu......||33,208
2025-07-31T05:03:11.658 0100|00|00|05|fa0001|340d023ef4[payload->]>.||62,526
2025-07-31T05:03:11.659 0100|01|00|0f|ef01fe|340d025720646f6d7500000000b881[payload->]W domu......||33,208
2025-07-31T05:31:27.598 0100|00|00|05|fa0001|340d023ef4[payload->]>.||62,526
2025-07-31T05:31:27.699 0100|01|00|0f|ef01fe|340d025720646f6d7500000000b881[payload->]W domu......||33,208
2025-07-31T06:03:11.694 0100|00|00|05|fa0001|340d023ef4[payload->]>.||62,526
2025-07-31T06:03:11.694 0100|01|00|0f|ef01fe|340d025720646f6d7500000000b881[payload->]W domu......||33,208
2025-07-31T06:33:11.634 0100|00|00|05|fa0001|340d023ef4[payload->]>.||62,526
2025-07-31T06:33:11.735 0100|01|00|0f|ef01fe|340d025720646f6d7500000000b881[payload->]W domu......||33,208
2025-07-31T07:03:11.682 0100|00|00|05|fa0001|340d023ef4[payload->]>.||62,526
2025-07-31T07:03:11.788 0100|01|00|0f|ef01fe|340d025720646f6d7500000000b881[payload->]W domu......||33,208
2025-07-31T07:33:11.674 0100|00|00|05|fa0001|340d023ef4[payload->]>.||62,526
2025-07-31T07:33:11.775 0100|01|00|0f|ef01fe|340d025720646f6d5500000000b881[payload->]W domU......||33,208
2025-07-31T08:03:11.702 0100|00|00|05|fa0001|340d023ef4[payload->]>.||62,526
2025-07-31T08:03:11.803 0100|01|00|0f|ef01fe|340d025720646f6d7500000000b881[payload->]W domu......||33,208
2025-07-31T08:33:11.668 0100|00|00|05|fa0001|340d023ef4[payload->]>.||62,526
2025-07-31T08:33:11.769 0100|01|00|0f|ef01fe|340d025720646f6d7500000000b881[payload->]W domu......||33,208
2025-07-31T09:03:11.698 0100|00|00|05|fa0001|340d023ef4[payload->]>.||62,526
2025-07-31T09:03:11.799 0100|01|00|0f|ef01fe|340d025720646f6d7500000000b881[payload->]W domu......||33,208
2025-07-31T09:33:12.177 0100|00|00|05|fa0001|340d023ef4[payload->]>.||62,526
2025-07-31T09:33:12.278 0100|01|00|0f|ef01fe|340d025720646f6d7500000000b881[payload->]W domu......||33,208
2025-07-31T10:03:12.111 0100|01|00|0f|ef01fe|340d025720646f6d7500000000b881[payload->]W domu......||33,208
2025-07-31T10:31:27.472 0100|00|00|05|fa0001|340d023ef4[payload->]>.||62,526
2025-07-31T10:31:27.573 0100|01|00|0f|ef01fe|340d025720646f6d7500000000b881[payload->]W domu......||33,208
2025-07-31T10:33:11.780 0100|00|00|05|fa0001|340d023ef4[payload->]>.||62,526
2025-07-31T10:33:11.781 0100|01|00|0f|ef01fe|340d025720646f6d7500000000b881[payload->]W domu......||33,208
2025-07-31T11:03:11.758 0100|00|00|05|fa0001|340d023ef4[payload->]>.||62,526
2025-07-31T11:03:11.758 0100|01|00|0f|ef01fe|340d025720646f6d7500000000b881[payload->]W domu......||33,208
2025-07-31T11:33:11.637 0100|00|00|05|fa0001|340d023ef4[payload->]>.||62,526
2025-07-31T11:33:11.738 0100|01|00|0f|ef01fe|340d025720646f6d7500000000b881[payload->]W domu......||33,208
2025-07-31T12:03:12.230 0100|00|00|05|fa0001|340d023ef4[payload->]>.||62,526
2025-07-31T12:03:12.331 0100|01|00|0f|ef01fe|340d025720646f6d7500000000b881[payload->]W domu......||33,208
2025-07-31T12:33:11.659 0100|00|00|05|fa0001|340d023ef4[payload->]>.||62,526
2025-07-31T12:33:11.760 0100|01|00|0f|ef01fe|340d025720646f6d7500000000b881[payload->]W domu......||33,208
2025-07-31T13:03:11.681 0100|00|00|05|fa0001|340d023ef4[payload->]>.||62,526
2025-07-31T13:03:11.783 0100|01|00|0f|ef01fe|340d025720646f6d7500000000b881[payload->]W domu......||33,208
2025-07-31T13:31:27.938 0100|00|00|05|fa0001|340d023ef4[payload->]>.||62,526
2025-07-31T13:31:28.039 0100|01|00|0f|ef01fe|340d025720646f6d7500000000b881[payload->]W domu......||33,208
2025-07-31T13:33:11.649 0100|00|00|05|fa0001|340d023ef4[payload->]>.||62,526
2025-07-31T13:33:11.751 0100|01|00|0f|ef01fe|340d025720646f6d7500000000b881[payload->]W domu......||33,208
2025-07-31T14:03:11.676 0100|00|00|05|fa0001|340d023ef4[payload->]>.||62,526
2025-07-31T14:03:11.777 0100|01|00|0f|ef01fe|340d025720646f6d7500000000b881[payload->]W domu......||33,208
2025-07-31T15:03:11.789 0100|00|00|05|fa0001|340d023ef4[payload->]>.||62,526
2025-07-31T15:03:11.891 0100|01|00|0f|ef01fe|340d025720646f6d7500000000b881[payload->]W domu......||33,208
2025-07-31T15:33:13.195 0100|00|00|05|fa0001|340d023ef4[payload->]>.||62,526
2025-07-31T15:33:13.297 0100|01|00|0f|ef01fe|340d025720646f6d7500000000b881[payload->]W domu......||33,208
2025-07-31T16:03:13.198 0100|00|00|05|fa0001|340d023ef4[payload->]>.||62,526
2025-07-31T16:03:13.303 0100|01|00|0f|ef01fe|340d025720646f6d7500000000b881[payload->]W domu......||33,208
2025-07-31T16:33:13.177 0100|00|00|05|fa0001|340d023ef4[payload->]>.||62,526
2025-07-31T16:33:13.278 0100|01|00|0f|ef01fe|340d025720646f6d7500000000b881[payload->]W domu......||33,208
2025-07-31T17:03:13.251 0100|00|00|05|fa0001|340d023ef4[payload->]>.||62,526
2025-07-31T17:03:13.352 0100|01|00|0f|ef01fe|340d025720646f6d7500000000b881[payload->]W domu......||33,208
2025-07-31T17:33:13.142 0100|00|00|05|fa0001|340d023ef4[payload->]>.||62,526
2025-07-31T17:33:13.243 0100|01|00|0f|ef01fe|340d025720646f6d7500000000b881[payload->]W domu......||33,208
2025-07-31T18:03:13.137 0100|00|00|05|fa0001|340d023ef4[payload->]>.||62,526
2025-07-31T18:03:13.238 0100|01|00|0f|ef01fe|340d025720646f6d7500000000b881[payload->]W domu......||33,208
2025-07-31T18:33:13.119 0100|00|00|05|fa0001|340d023ef4[payload->]>.||62,526
2025-07-31T18:33:13.221 0100|01|00|0f|ef01fe|340d025720646f6d7500000000b881[payload->]W domu......||33,208
2025-07-31T19:03:14.730 0100|00|00|05|fa0001|340d023ef4[payload->]>.||62,526
2025-07-31T19:03:14.831 0100|01|00|0f|ef01fe|340d025720646f6d7500000000b881[payload->]W domu......||33,208
2025-07-31T19:33:14.589 0100|00|00|05|fa0001|340d023ef4[payload->]>.||62,526
2025-07-31T19:33:14.690 0100|01|00|0f|ef01fe|340d025720646f6d7500000000b881[payload->]W domu......||33,208
2025-07-31T20:03:14.652 0100|00|00|05|fa0001|340d023ef4[payload->]>.||62,526
2025-07-31T20:03:14.753 0100|01|00|0f|ef01fe|340d025720646f6d7500000000b881[payload->]W domu......||33,208
2025-07-31T20:33:15.062 0100|00|00|05|fa0001|340d023ef4[payload->]>.||62,526
2025-07-31T20:33:15.163 0100|01|00|0f|ef01fe|340d025720646f6d7500000000b881[payload->]W domu......||33,208
2025-07-31T21:03:14.475 0100|00|00|05|fa0001|340d023ef4[payload->]>.||62,526
2025-07-31T21:03:14.577 0100|01|00|0f|ef01fe|340d025720646f6d7500000000b881[payload->]W domu......||33,208
2025-07-31T21:33:14.584 0100|00|00|05|fa0001|340d023ef4[payload->]>.||62,526
2025-07-31T21:33:14.686 0100|01|00|0f|ef01fe|340d025720646f6d7500000000b881[payload->]W domu......||33,208
2025-07-31T22:03:14.425 0100|00|00|05|fa0001|340d023ef4[payload->]>.||62,526
2025-07-31T22:03:14.527 0100|01|00|0f|ef01fe|340d025720646f6d7500000000b881[payload->]W domu......||33,208
2025-07-31T22:33:14.627 0100|00|00|05|fa0001|340d023ef4[payload->]>.||62,526
2025-07-31T22:33:14.729 0100|01|00|0f|ef01fe|340d025720646f6d7500000000b881[payload->]W domu......||33,208
2025-07-31T23:03:14.444 0100|00|00|05|fa0001|340d023ef4[payload->]>.||62,526
2025-07-31T23:03:14.545 0100|01|00|0f|ef01fe|340d025720646f6d7500000000b881[payload->]W domu......||33,208
2025-07-31T23:33:14.364 0100|00|00|05|fa0001|340d023ef4[payload->]>.||62,526
2025-07-31T23:33:14.465 0100|01|00|0f|ef01fe|340d025720646f6d7500000000b881[payload->]W domu......||33,208
2025-08-01T00:03:14.759 0100|00|00|05|fa0001|340d023ef4[payload->]>.||62,526
2025-08-01T00:03:14.961 0100|01|00|0f|ef01fe|340d025720646f6d7500000000b881[payload->]W domu......||33,208
2025-08-01T00:33:14.552 0100|00|00|05|fa0001|340d023ef4[payload->]>.||62,526
2025-08-01T00:33:14.653 0100|01|00|0f|ef01fe|340d025720646f6d7500000000b881[payload->]W domu......||33,208
2025-08-01T01:03:14.434 0100|00|00|05|fa0001|340d023ef4[payload->]>.||62,526
2025-08-01T01:03:14.535 0100|01|00|0f|ef01fe|340d025720646f6d7500000000b881[payload->]W domu......||33,208
2025-08-01T01:33:14.474 0100|00|00|05|fa0001|340d023ef4[payload->]>.||62,526
2025-08-01T01:33:14.576 0100|01|00|0f|ef01fe|340d025720646f6d7500000000b881[payload->]W domu......||33,208
2025-08-01T02:31:27.110 0100|00|00|05|fa0001|340d023ef4[payload->]>.||62,526
2025-08-01T02:31:27.211 0100|01|00|0f|ef01fe|340d025720646f6d7500000000b881[payload->]W domu......||33,208
2025-08-01T02:33:14.525 0100|00|00|05|fa0001|340d023ef4[payload->]>.||62,526
2025-08-01T02:33:14.626 0100|01|00|0f|ef01fe|340d025720646f6d7500000000b881[payload->]W domu......||33,208
2025-08-01T03:03:14.408 0100|00|00|05|fa0001|340d023ef4[payload->]>.||62,526
2025-08-01T03:03:14.509 0100|01|00|0f|ef01fe|340d025720646f6d7500000000b881[payload->]W domu......||33,208
2025-08-01T03:33:15.399 0100|00|00|05|fa0001|340d023ef4[payload->]>.||62,526
2025-08-01T03:33:15.500 0100|01|00|0f|ef01fe|340d025720646f6d7500000000b881[payload->]W domu......||33,208
2025-08-01T04:03:14.368 0100|00|00|05|fa0001|340d023ef4[payload->]>.||62,526
2025-08-01T04:03:14.469 0100|01|00|0f|ef01fe|340d025720646f6d7500000000b881[payload->]W domu......||33,208
2025-08-01T04:31:26.852 0100|00|00|05|fa0001|340d023ef4[payload->]>.||62,526
2025-08-01T04:31:26.953 0100|01|00|0f|ef01fe|340d025720646f6d7500000000b881[payload->]W domu......||33,208
2025-08-01T04:33:14.378 0100|00|00|05|fa0001|340d023ef4[payload->]>.||62,526
2025-08-01T04:33:14.479 0100|01|00|0f|ef01fe|340d025720646f6d7500000000b881[payload->]W domu......||33,208
2025-08-01T05:03:14.448 0100|00|00|05|fa0001|340d023ef4[payload->]>.||62,526
2025-08-01T05:03:14.549 0100|01|00|0f|ef01fe|340d025720646f6d7500000000b881[payload->]W domu......||33,208
2025-08-01T05:33:14.444 0100|00|00|05|fa0001|340d023ef4[payload->]>.||62,526
2025-08-01T05:33:14.546 0100|01|00|0f|ef01fe|340d025720646f6d7500000000b881[payload->]W domu......||33,208
2025-08-01T06:03:14.401 0100|00|00|05|fa0001|340d023ef4[payload->]>.||62,526
2025-08-01T06:03:14.503 0100|01|00|0f|ef01fe|340d025720646f6d7500000000b881[payload->]W domu......||33,208
2025-08-01T06:33:14.431 0100|00|00|05|fa0001|340d023ef4[payload->]>.||62,526
2025-08-01T06:33:14.532 0100|01|00|0f|ef01fe|340d025720646f6d7500000000b881[payload->]W domu......||33,208
2025-08-01T07:03:14.362 0100|00|00|05|fa0001|340d023ef4[payload->]>.||62,526
2025-08-01T07:03:14.463 0100|01|00|0f|ef01fe|340d025720646f6d7500000000b881[payload->]W domu......||33,208
2025-08-01T07:31:26.862 0100|01|00|0f|ef01fe|340d025720646f6d7500000000b881[payload->]W domu......||33,208
2025-08-01T07:33:14.479 0100|00|00|05|fa0001|340d023ef4[payload->]>.||62,526
2025-08-01T07:33:14.580 0100|01|00|0f|ef01fe|340d025720646f6d7500000000b881[payload->]W domu......||33,208
2025-08-01T08:03:14.504 0100|00|00|05|fa0001|340d023ef4[payload->]>.||62,526
2025-08-01T08:03:14.606 0100|01|00|0f|ef01fe|340d025720646f6d7500000000b881[payload->]W domu......||33,208
2025-08-01T08:31:27.578 0100|00|00|05|fa0001|340d023ef4[payload->]>.||62,526
2025-08-01T08:31:27.679 0100|01|00|0f|ef01fe|340d025720646f6d7500000000b881[payload->]W domu......||33,208
2025-08-01T08:33:14.493 0100|00|00|05|fa0001|340d023ef4[payload->]>.||62,526
2025-08-01T08:33:14.594 0100|01|00|0f|ef01fe|340d025720646f6d7500000000b881[payload->]W domu......||33,208
2025-08-01T09:03:14.337 0100|00|00|05|fa0001|340d023ef4[payload->]>.||62,526
2025-08-01T09:03:14.438 0100|01|00|0f|ef01fe|340d025720646f6d7500000000b881[payload->]W domu......||33,208
2025-08-01T09:33:14.466 0100|00|00|05|fa0001|340d023ef4[payload->]>.||62,526
2025-08-01T09:33:14.467 0100|01|00|0f|ef01fe|340d025720646f6d7500000000b881[payload->]W domu......||33,208
2025-08-01T10:03:14.456 0100|00|00|05|fa0001|340d023ef4[payload->]>.||62,526
2025-08-01T10:03:14.557 0100|01|00|0f|ef01fe|340d025720646f6d7500000000b881[payload->]W domu......||33,208
2025-08-01T10:33:14.431 0100|00|00|05|fa0001|340d023ef4[payload->]>.||62,526
2025-08-01T10:33:14.532 0100|01|00|0f|ef01fe|340d025720646f6d7500000000b881[payload->]W domu......||33,208
2025-08-01T11:03:14.299 0100|00|00|05|fa0001|340d023ef4[payload->]>.||62,526
2025-08-01T11:03:14.501 0100|01|00|0f|ef01fe|340d025720646f6d7500000000b881[payload->]W domu......||33,208
2025-08-01T11:33:14.418 0100|00|00|05|fa0001|340d023ef4[payload->]>.||62,526
2025-08-01T11:33:14.519 0100|01|00|0f|ef01fe|340d025720646f6d7500000000b881[payload->]W domu......||33,208
2025-08-01T12:03:14.388 0100|00|00|05|fa0001|340d023ef4[payload->]>.||62,526
2025-08-01T12:03:14.489 0100|01|00|0f|ef01fe|340d025720646f6d7500000000b881[payload->]W domu......||33,208
2025-08-01T12:33:15.087 0100|00|00|05|fa0001|340d023ef4[payload->]>.||62,526
2025-08-01T12:33:15.188 0100|01|00|0f|ef01fe|340d025720646f6d7500000000b881[payload->]W domu......||33,208
2025-08-01T13:03:16.505 0100|00|00|05|fa0001|340d023ef4[payload->]>.||62,526
2025-08-01T13:03:16.606 0100|01|00|0f|ef01fe|340d025720646f6d7500000000b881[payload->]W domu......||33,208
2025-08-01T13:31:27.255 0100|00|00|05|fa0001|340d023ef4[payload->]>.||62,526
2025-08-01T13:31:27.356 0100|01|00|0f|ef41fe|340d025720646f6d7500000000b881[payload->]W domu......||33,208
2025-08-01T14:03:16.311 0100|00|00|05|fa0001|340d023ef4[payload->]>.||62,526
2025-08-01T14:03:16.412 0100|01|00|0f|ef01fe|340d025720646f6d7500000000b881[payload->]W domu......||33,208
2025-08-01T14:31:28.550 0100|00|00|05|fa0001|340d023ef4[payload->]>.||62,526
2025-08-01T14:31:28.651 0100|01|00|0f|ef01fe|340d025720646f6d7500000000b881[payload->]W domu......||33,208
2025-08-01T14:33:16.364 0100|00|00|05|fa0001|340d023ef4[payload->]>.||62,526
2025-08-01T14:33:16.465 0100|01|00|0f|ef01fe|340d025720646f6d7500000000b881[payload->]W domu......||33,208
2025-08-01T15:03:16.311 0100|00|00|05|fa0001|340d023ef4[payload->]>.||62,526
2025-08-01T15:03:16.412 0100|01|00|0f|ef01fe|340d025720646f6d7500000000b881[payload->]W domu......||33,208
2025-08-01T15:31:27.050 0100|00|00|05|fa0001|340d023ef4[payload->]>.||62,526
2025-08-01T15:31:27.151 0100|01|00|0f|ef01fe|340d025720646f6d7500000000b881[payload->]W domu......||33,208
2025-08-01T15:33:16.373 0100|00|00|05|fa0001|340d023ef4[payload->]>.||62,526
2025-08-01T15:33:16.474 0100|01|00|0f|ef01fe|340d025720646f6d7500000000b881[payload->]W domu......||33,208
2025-08-01T16:03:16.349 0100|00|00|05|fa0001|340d023ef4[payload->]>.||62,526
2025-08-01T16:03:16.451 0100|01|00|0f|ef01fe|340d025720646f6d7500000000b881[payload->]W domu......||33,208
2025-08-01T16:33:16.357 0100|00|00|05|fa0001|340d023ef4[payload->]>.||62,526
2025-08-01T16:33:16.459 0100|01|00|0f|ef01fe|340d025720646f6d7500000000b881[payload->]W domu......||33,208
2025-08-01T17:03:16.280 0100|00|00|05|fa0001|340d023ef4[payload->]>.||62,526
2025-08-01T17:03:16.381 0100|01|00|0f|ef01fe|340d025720646f6d7500000000b881[payload->]W domu......||33,208
2025-08-01T17:31:27.085 0100|00|00|05|fa0001|340d023ef4[payload->]>.||62,526
2025-08-01T17:31:27.186 0100|01|00|0f|ef01fe|340d025720646f6d7500000000b881[payload->]W domu......||33,208
2025-08-01T17:33:16.529 0100|00|00|05|fa0001|340d023ef4[payload->]>.||62,526
2025-08-01T17:33:16.630 0100|01|00|0f|ef01fe|340d025720646f6d7500000000b881[payload->]W domu......||33,208
2025-08-01T18:03:16.337 0100|00|00|05|fa0001|340d023ef4[payload->]>.||62,526
2025-08-01T18:03:16.438 0100|01|00|0f|ef01fe|340d025720646f6d7500000000b881[payload->]W domu......||33,208
2025-08-01T18:33:16.387 0100|00|00|05|fa0001|340d023ef4[payload->]>.||62,526
2025-08-01T18:33:16.488 0100|01|00|0f|ef01fe|340d025720646f6d7500000000b881[payload->]W domu......||33,208
2025-08-01T19:03:16.391 0100|00|00|05|fa0001|340d023ef4[payload->]>.||62,526
2025-08-01T19:03:16.492 0100|01|00|0f|ef01fe|340d025720646f6d7500000000b881[payload->]W domu......||33,208
2025-08-01T19:31:26.803 0100|00|00|05|fa0001|340d023ef4[payload->]>.||62,526
2025-08-01T19:31:26.904 0100|01|00|0f|ef01fe|340d025720646f6d7500000000b881[payload->]W domu......||33,208
2025-08-01T19:33:16.330 0100|00|00|05|fa0001|340d023ef4[payload->]>.||62,526
2025-08-01T19:33:16.431 0100|01|00|0f|ef01fe|340d025720646f6d7500000000b881[payload->]W domu......||33,208
2025-08-01T20:03:17.307 0100|00|00|05|fa0001|340d023ef4[payload->]>.||62,526
2025-08-01T20:03:17.408 0100|01|00|0f|ef01fe|340d025720646f6d7500000000b881[payload->]W domu......||33,208
2025-08-01T20:33:17.247 0100|00|00|05|fa0001|340d023ef4[payload->]>.||62,526
2025-08-01T20:33:17.348 0100|01|00|0f|ef01fe|340d025720646f6d7500000000b881[payload->]W domu......||33,208
2025-08-01T21:03:17.301 0100|00|00|05|fa0001|340d023ef4[payload->]>.||62,526
2025-08-01T21:03:17.301 0100|01|00|0f|ef01fe|340d025720646f6d7500000000b881[payload->]W domu......||33,208
2025-08-01T21:33:17.301 0100|00|00|05|fa0001|340d023ef4[payload->]>.||62,526
2025-08-01T21:33:17.402 0100|01|00|0f|ce01fe|340d025720646f6d7500000000b881[payload->]W domu......||33,208
2025-08-01T22:03:18.192 0100|00|00|05|fa0001|340d023ef4[payload->]>.||62,526
2025-08-01T22:03:18.293 0100|01|00|0f|ef01fe|340d025720646f6d7500000000b881[payload->]W domu......||33,208
2025-08-01T22:31:26.985 0100|00|00|05|fa0001|340d023ef4[payload->]>.||62,526
2025-08-01T22:31:27.086 0100|01|00|0f|ef01fe|340d025720646f6d7500000000b881[payload->]W domu......||33,208
2025-08-01T22:33:18.134 0100|00|00|05|fa0001|340d023ef4[payload->]>.||62,526
2025-08-01T22:33:18.235 0100|01|00|0f|ef01fe|340d025720646f6d7500000000b881[payload->]W domu......||33,208
2025-08-01T23:03:18.732 0100|00|00|05|fa0001|340d023ef4[payload->]>.||62,526
2025-08-01T23:33:18.162 0100|00|00|05|fa0001|340d023ef4[payload->]>.||62,526
2025-08-01T23:33:18.263 0100|01|00|0f|ef01fe|340d025720646f6d7500000000b881[payload->]W domu......||33,208
2025-08-02T00:03:18.127 0100|00|00|05|fa0001|340d023ef4[payload->]>.||62,526
2025-08-02T00:03:18.229 0100|01|00|0f|ef01fe|340d025720646f6d7500000000b881[payload->]W domu......||33,208
2025-08-02T00:33:18.106 0100|00|00|05|fa0001|340d023ef4[payload->]>.||62,526
2025-08-02T01:03:18.165 0100|00|00|05|fa0001|340d023ef4[payload->]>.||62,526
2025-08-02T01:03:18.266 0100|01|00|0f|ef01fe|340d025720646f6d7500000000b881[payload->]W domu......||33,208
2025-08-02T01:33:18.122 0100|00|00|05|fa0001|340d023ef4[payload->]>.||62,526
2025-08-02T01:33:18.223 0100|01|00|0f|ef01fe|340d025720646f6d7500000000b881[payload->]W domu......||33,208
2025-08-02T02:03:18.112 0100|00|00|05|fa0001|340d023ef4[payload->]>.||62,526
2025-08-02T02:03:18.213 0100|01|00|0f|ef01fe|340d025720646f6d7500000000b881[payload->]W domu......||33,208
2025-08-02T02:33:18.149 0100|00|00|05|fa0001|340d023ef4[payload->]>.||62,526
2025-08-02T02:33:18.250 0100|01|00|0f|ef01fe|340d025720646f6d7500000000b881[payload->]W domu......||33,208
2025-08-02T03:03:18.139 0100|00|00|05|fa0001|340d023ef4[payload->]>.||62,526
2025-08-02T03:03:18.240 0100|01|00|0f|ef01fe|340d025720646f6d7500000000b881[payload->]W domu......||33,208
2025-08-02T03:33:18.147 0100|00|00|05|fa0001|340d023ef4[payload->]>.||62,526
2025-08-02T03:33:18.248 0100|01|00|0f|ef01fe|340d025720646f6d7500000000b881[payload->]W domu......||33,208
2025-08-02T04:03:18.150 0100|00|00|05|fa0001|340d023ef4[payload->]>.||62,526
2025-08-02T04:03:18.251 0100|01|00|0f|ef01fe|340d025720646f6d7500000000b881[payload->]W domu......||33,208
2025-08-02T04:33:18.184 0100|00|00|05|fa0001|340d023ef4[payload->]>.||62,526
2025-08-02T04:33:18.286 0100|01|00|0f|ef01fe|340d025720646f6d7500000000b881[payload->]W domu......||33,208
2025-08-02T05:03:18.185 0100|00|00|05|fa0001|340d023ef4[payload->]>.||62,526
2025-08-02T05:33:18.171 0100|00|00|05|fa0001|340d023ef4[payload->]>.||62,526
2025-08-02T05:33:18.272 0100|01|00|0f|ef01fe|340d025720646f6d7500000000b881[payload->]W domu......||33,208
2025-08-02T06:03:18.128 0100|00|00|05|fa0001|340d023ef4[payload->]>.||62,526
2025-08-02T06:03:18.230 0100|01|00|0f|ef01fe|340d025720646f6d7500000000b881[payload->]W domu......||33,208
2025-08-02T06:33:18.110 0100|00|00|05|fa0001|340d023ef4[payload->]>.||62,526
2025-08-02T06:33:18.211 0100|01|00|0f|ef01fe|340d025720646f6d7500000000b881[payload->]W domu......||33,208
2025-08-02T07:03:18.138 0100|00|00|05|fa0001|340d023ef4[payload->]>.||62,526
2025-08-02T07:03:18.239 0100|01|00|0f|ef01fe|340d025720646f6d7500000000b881[payload->]W domu......||33,208
2025-08-02T07:33:18.157 0100|00|00|05|fa0001|340d023ef4[payload->]>.||62,526
2025-08-02T07:33:18.258 0100|01|00|0f|ef01fe|340d025720646f6d7500000000b881[payload->]W domu......||33,208
2025-08-02T08:03:18.121 0100|00|00|05|fa0001|340d023ef4[payload->]>.||62,526
2025-08-02T08:03:18.222 0100|01|00|0f|ef01fe|340d025720646f6d7500000000b881[payload->]W domu......||33,208
2025-08-02T08:33:18.126 0100|00|00|05|fa0001|340d023ef4[payload->]>.||62,526
2025-08-02T08:33:18.227 0100|01|00|0f|ef01fe|340d025720646f6d7500000000b881[payload->]W domu......||33,208
2025-08-02T09:03:18.167 0100|00|00|05|fa0001|340d023ef4[payload->]>.||62,526
2025-08-02T09:03:18.268 0100|01|00|0f|ef01fe|340d025720646f6d7500000000b881[payload->]W domu......||33,208
2025-08-02T09:31:27.084 0100|00|00|05|fa0001|340d023ef4[payload->]>.||62,526
2025-08-02T09:33:18.194 0100|00|00|05|fa0001|340d023ef4[payload->]>.||62,526
2025-08-02T09:33:18.295 0100|01|00|0f|ef01fe|340d025720646f6d7500000000b881[payload->]W domu......||33,208
2025-08-02T10:03:18.103 0100|00|00|05|fa0001|340d023ef4[payload->]>.||62,526
2025-08-02T10:03:18.204 0100|01|00|0f|ef01fe|340d025720646f6d7500000000b881[payload->]W domu......||33,208
2025-08-02T10:33:18.125 0100|00|00|05|fa0001|340d023ef4[payload->]>.||62,526
2025-08-02T10:33:18.227 0100|01|00|0f|ef01fe|340d025720646f6d7500000000b881[payload->]W domu......||33,208
2025-08-02T11:03:18.848 0100|00|00|05|fa0001|340d023ef4[payload->]>.||62,526
2025-08-02T11:03:18.949 0100|01|00|0f|ef01fe|340d025720646f6d7500000000b881[payload->]W domu......||33,208
2025-08-02T11:31:27.183 0100|00|00|05|fa0001|340d023ef4[payload->]>.||62,526
2025-08-02T11:33:18.189 0100|00|00|05|fa0001|340d023ef4[payload->]>.||62,526
2025-08-02T11:33:18.290 0100|01|00|0f|ef01fe|340d025720646f6d7500000000b881[payload->]W domu......||33,208
2025-08-02T12:03:18.164 0100|00|00|05|fa0001|340d023ef4[payload->]>.||62,526
2025-08-02T12:03:18.265 0100|01|00|0f|ef01fe|340d025720646f6d7500000000b881[payload->]W domu......||33,208
2025-08-02T12:33:18.201 0100|00|00|05|fa0001|340d023ef4[payload->]>.||62,526
2025-08-02T12:33:18.302 0100|01|00|0f|ef01fe|340d025720646f6d7500000000b881[payload->]W domu......||33,208
2025-08-02T13:03:18.167 0100|00|00|05|fa0001|340d023ef4[payload->]>.||62,526
2025-08-02T13:03:18.268 0100|01|00|0f|ef01fe|340d025720646f6d7500000000b881[payload->]W domu......||33,208
2025-08-02T13:33:19.189 0100|00|00|05|fa0001|340d023ef4[payload->]>.||62,526
2025-08-02T14:03:19.199 0100|00|00|05|fa0001|340d023ef4[payload->]>.||62,526
2025-08-02T14:03:19.300 0100|01|00|0f|ef01fe|340d025f28646f6d7500000000b881[payload->]_(domu......||33,208
2025-08-02T14:31:27.596 0100|00|00|05|fa0001|340d020100[payload->]..||0,001
2025-08-02T14:33:19.162 0100|00|00|05|fa0001|340d023ef4[payload->]>.||62,526
2025-08-02T14:33:19.264 0100|01|00|0f|ef01fe|340d025720666f6d7500000000b881[payload->]W fomu......||33,208
2025-08-02T15:03:19.191 0100|00|00|05|fa0001|340d023ef4[payload->]>.||62,526
2025-08-02T15:03:19.293 0100|01|00|0f|ef01fe|340d025720646f6d7500000000b881[payload->]W domu......||33,208
2025-08-02T15:33:19.146 0100|00|00|05|fa0001|340d023ef4[payload->]>.||62,526
2025-08-02T15:33:19.347 0100|01|00|0f|ef01fe|340d025720646f6d7500000000b881[payload->]W domu......||33,208
2025-08-02T16:03:19.291 0100|00|00|05|fa0001|340d023ef4[payload->]>.||62,526
2025-08-02T16:03:19.392 0100|01|00|0f|ef01fe|340d0257206c6f6d7500000000b881[payload->]W lomu......||33,208
2025-08-02T16:31:26.854 0100|00|00|05|fa0001|340d023ef4[payload->]>.||62,526
2025-08-02T16:33:19.136 0100|00|00|05|fa0001|340d023ef4[payload->]>.||62,526
2025-08-02T16:33:19.237 0100|01|00|0f|ef01fe|340d025720646f6d7700400000b881[payload->]W domw.@....||33,208
2025-08-02T17:03:19.896 0100|00|00|05|fa0001|340d023ef4[payload->]>.||62,526
2025-08-02T17:03:19.997 0100|01|00|0f|ef01fe|340d025720646f6d7500000000b881[payload->]W domu......||33,208
2025-08-02T17:33:19.172 0100|00|00|05|fa0001|340d023ef4[payload->]>.||62,526
2025-08-02T17:33:19.273 0100|01|00|0f|ef01fe|340d025720646f6d7500000000b881[payload->]W domu......||33,208
2025-08-02T18:03:19.189 0100|00|00|05|fa0001|340d023ef4[payload->]>.||62,526
2025-08-02T18:03:19.391 0100|01|00|0f|ef01fe|340d025720646f6d7500000000b881[payload->]W domu......||33,208
2025-08-02T18:33:19.172 0100|00|00|05|fa0001|340d023ef4[payload->]>.||62,526
2025-08-02T18:33:19.273 0100|01|00|0f|ef01fe|340d025720646f6d7500000000b881[payload->]W domu......||33,208
2025-08-02T19:03:19.318 0100|00|00|05|fa0001|340d023ef4[payload->]>.||62,526
2025-08-02T19:03:19.520 0100|01|00|0f|ef01fe|340d025720646f6d7500000000b881[payload->]W domu......||33,208
2025-08-02T19:33:19.232 0100|00|00|05|fa0001|340d023ef4[payload->]>.||62,526
2025-08-02T19:33:19.333 0100|01|00|0f|ef01fe|340d025720646f6d7500000000b881[payload->]W domu......||33,208
2025-08-02T20:03:19.449 0100|00|00|05|fa0001|340d023ef4[payload->]>.||62,526
2025-08-02T20:03:19.751 0100|01|00|0f|ef01fe|340d025720646f6d7500000000b881[payload->]W domu......||33,208
2025-08-02T20:33:19.762 0100|00|00|05|fa0001|340d023ef4[payload->]>.||62,526
2025-08-02T20:33:19.863 0100|01|00|0f|ef01fe|340d025720646f6d7500000000b881[payload->]W domu......||33,208
2025-08-02T21:03:19.123 0100|00|00|05|fa0001|340d023ef4[payload->]>.||62,526
2025-08-02T21:03:19.325 0100|01|00|0f|ef01fe|340d025720646f6d7500000000b881[payload->]W domu......||33,208
2025-08-02T21:33:19.169 0100|00|00|05|fa0001|340d023ef4[payload->]>.||62,526
2025-08-02T21:33:19.371 0100|01|00|0f|ef01fe|340d025720646f6d7500000000b881[payload->]W domu......||33,208
2025-08-02T22:03:19.167 0100|00|00|05|fa0001|340d023ef4[payload->]>.||62,526
2025-08-02T22:03:19.369 0100|01|00|0f|ef01fe|340d025720646f6d7500000000b881[payload->]W domu......||33,208
2025-08-02T22:33:19.147 0100|00|00|05|fa0001|340d023ef4[payload->]>.||62,526
2025-08-02T22:33:19.348 0100|01|00|0f|ef01fe|340d025720646f6d7500000000b881[payload->]W domu......||33,208
2025-08-02T23:03:19.243 0100|00|00|05|fa0001|340d023ef4[payload->]>.||62,526
2025-08-02T23:03:19.344 0100|01|00|0f|ef01fe|340d025720646f6d7500000000b881[payload->]W domu......||33,208
2025-08-02T23:33:19.360 0100|00|00|05|fa0001|340d023ef4[payload->]>.||62,526
2025-08-02T23:33:19.461 0100|01|00|0f|ef01fe|340d025720646f6d7500000000b881[payload->]W domu......||33,208
2025-08-03T00:03:19.374 0100|00|00|05|fa0001|340d023ef4[payload->]>.||62,526
2025-08-03T00:03:19.475 0100|01|00|0f|ef01fe|340d025720646f6d7500000000b881[payload->]W domu......||33,208
2025-08-03T00:33:19.423 0100|00|00|05|fa0001|340d023ef4[payload->]>.||62,526
2025-08-03T00:33:19.524 0100|01|00|0f|ef01fe|340d025720646f6d7500000000b881[payload->]W domu......||33,208
2025-08-03T01:03:19.266 0100|00|00|05|fa0001|340d023ef4[payload->]>.||62,526
2025-08-03T01:03:19.367 0100|01|00|0f|ef01fe|340d025720646f6d7500000000b881[payload->]W domu......||33,208
2025-08-03T01:33:19.260 0100|00|00|05|fa0001|340d023ef4[payload->]>.||62,526
2025-08-03T01:33:19.361 0100|01|00|0f|ef01fe|340d025720646f6d7500000000b881[payload->]W domu......||33,208
2025-08-03T02:03:19.275 0100|00|00|05|fa0001|340d023ef4[payload->]>.||62,526
2025-08-03T02:03:19.376 0100|01|00|0f|ee01fe|340d025720646f6d7500000000b881[payload->]W domu......||33,208
2025-08-03T02:33:19.233 0100|00|00|05|fa0001|340d023ef4[payload->]>.||62,526
2025-08-03T03:03:19.145 0100|00|00|05|fa0001|340d023ef4[payload->]>.||62,526
2025-08-03T03:03:19.246 0100|01|00|0f|ef01fe|340d025720646f6d7500000000b881[payload->]W domu......||33,208
2025-08-03T03:33:19.208 0100|00|00|05|fa0001|340d023ef4[payload->]>.||62,526
2025-08-03T03:33:19.310 0100|01|00|0f|ef01fe|340d025720646f6d7500000000b881[payload->]W domu......||33,208
2025-08-03T04:03:19.198 0100|00|00|05|fa0001|340d023ef4[payload->]>.||62,526
2025-08-03T04:03:19.400 0100|01|00|0f|ef01fe|340d025720646f6d7500000000b881[payload->]W domu......||33,208
2025-08-03T04:31:27.285 0100|00|00|05|fa0001|340d023ef4[payload->]>.||62,526
2025-08-03T04:31:27.487 0100|01|00|0f|ef01fe|340d025720646f6d7500000000b881[payload->]W domu......||33,208
2025-08-03T04:33:19.257 0100|00|00|05|fa0001|340d023ef4[payload->]>.||62,526
2025-08-03T04:33:19.358 0100|01|00|0f|ef01fe|340d025720646f6d7500000000b881[payload->]W domu......||33,208
2025-08-03T05:03:19.163 0100|00|00|05|fa0001|340d023ef4[payload->]>.||62,526
2025-08-03T05:03:19.264 0100|01|00|0f|ef01fe|340d025720646f6d7500000000b881[payload->]W domu......||33,208
2025-08-03T05:33:19.197 0100|00|00|05|fa0001|340d023ef4[payload->]>.||62,526
2025-08-03T05:33:19.399 0100|01|00|0f|ef01fe|340d025720646f6d7500000000b881[payload->]W domu......||33,208
2025-08-03T06:03:19.216 0100|00|00|05|fa0001|340d023ef4[payload->]>.||62,526
2025-08-03T06:03:19.317 0100|01|00|0f|ef01fe|340d025720646f6d7500000000b881[payload->]W domu......||33,208
2025-08-03T06:33:19.216 0100|00|00|05|fa0001|340d023ef4[payload->]>.||62,526
2025-08-03T06:33:19.317 0100|01|00|0f|ef01fe|340d025720646f6d7500000000b881[payload->]W domu......||33,208
2025-08-03T07:03:19.203 0100|00|00|05|fa0001|340d023ef4[payload->]>.||62,526
2025-08-03T07:31:27.750 0100|01|00|0f|ef01fe|340d025720646f6d7500000000b881[payload->]W domu......||33,208
2025-08-03T07:33:19.107 0100|00|00|05|fa0001|340d023ef4[payload->]>.||62,526
2025-08-03T07:33:19.208 0100|01|00|0f|ef01fe|340d025720646f6d7500000000b881[payload->]W domu......||33,208
2025-08-03T08:03:19.231 0100|00|00|05|fa0001|340d023ef4[payload->]>.||62,526
2025-08-03T08:03:19.332 0100|01|00|0f|ef01fe|340d025720646f6d7500000000b881[payload->]W domu......||33,208
2025-08-03T08:33:21.051 0100|00|00|05|fa0001|340d023ef4[payload->]>.||62,526
2025-08-03T08:33:21.153 0100|01|00|0f|ef01fe|340d025720646f6d7500000000b881[payload->]W domu......||33,208
2025-08-03T09:03:19.289 0100|00|00|05|fa0001|340d023ef4[payload->]>.||62,526
2025-08-03T09:03:19.491 0100|01|00|0f|ef01fe|340d025720646f6d7500000000b881[payload->]W domu......||33,208
2025-08-03T09:33:19.377 0100|00|00|05|fa0001|340d023ef4[payload->]>.||62,526
2025-08-03T09:33:19.479 0100|01|00|0f|ef01fe|340d025720646f6d7500000000b881[payload->]W domu......||33,208
2025-08-03T10:03:19.172 0100|00|00|05|fa0001|340d023ef4[payload->]>.||62,526
2025-08-03T10:03:19.274 0100|01|00|0f|ef01fe|340d025720646f6d7500000000b881[payload->]W domu......||33,208
2025-08-03T10:33:19.200 0100|00|00|05|fa0001|340d023ef4[payload->]>.||62,526
2025-08-03T10:33:19.301 0100|01|00|0f|ef01fe|340d025720646f6d7500000000b881[payload->]W domu......||33,208
2025-08-03T11:03:19.165 0100|00|00|05|fa0001|340d023ef4[payload->]>.||62,526
2025-08-03T11:03:19.267 0100|01|00|0f|ef01fe|340d025720646f6d7500000000b881[payload->]W domu......||33,208
2025-08-03T11:33:19.170 0100|00|00|05|fa0001|340d023ef4[payload->]>.||62,526
2025-08-03T11:33:19.271 0100|01|00|0f|ef01fe|340d025720646f6d7500000000b881[payload->]W domu......||33,208
2025-08-03T12:03:19.158 0100|00|00|05|fa0001|340d023ef4[payload->]>.||62,526
2025-08-03T12:03:19.260 0100|01|00|0f|ef01fe|340d025720646f6d7500000000b881[payload->]W domu......||33,208
2025-08-03T12:33:19.106 0100|00|00|05|fa0001|340d023ef4[payload->]>.||62,526
2025-08-03T12:33:19.207 0100|01|00|0f|ef01fe|340d025720646f6d7500000000b881[payload->]W domu......||33,208
2025-08-03T13:03:19.247 0100|00|00|05|fa0001|340d023ef4[payload->]>.||62,526
2025-08-03T13:03:19.348 0100|01|00|0f|ef01fe|340d025720646f6d7500000000b881[payload->]W domu......||33,208
2025-08-03T13:33:19.192 0100|00|00|05|fa0001|340d023ef4[payload->]>.||62,526
2025-08-03T13:33:19.293 0100|01|00|0f|ef01fe|340d025720646f6d7500000000b881[payload->]W domu......||33,208
2025-08-03T14:03:19.194 0100|00|00|05|fa0001|340d023ef4[payload->]>.||62,526
2025-08-03T14:03:19.295 0100|01|00|0f|ef01fe|340d025720646f6d7500000000b881[payload->]W domu......||33,208
2025-08-03T14:33:19.166 0100|00|00|05|fa0001|340d023ef4[payload->]>.||62,526
2025-08-03T14:33:19.267 0100|01|00|0f|ef01fe|340d025720646f6d7500000000b881[payload->]W domu......||33,208
2025-08-03T15:03:19.171 0100|00|00|05|fa0001|340d023ef4[payload->]>.||62,526
2025-08-03T15:03:19.273 0100|01|00|0f|ef01fe|340d025720646f6d7500000000b881[payload->]W domu......||33,208
2025-08-03T15:33:19.187 0100|00|00|05|fa0001|340d023ef4[payload->]>.||62,526
2025-08-03T15:33:19.288 0100|01|00|0f|ef01fe|340d025720646f6d7500000000b881[payload->]W domu......||33,208
2025-08-03T16:03:19.190 0100|00|00|05|fa0001|340d023ef4[payload->]>.||62,526
2025-08-03T16:03:19.292 0100|01|00|0f|ef01fe|340d025720646f6d7500000000b881[payload->]W domu......||33,208
2025-08-03T16:33:19.112 0100|00|00|05|fa0001|340d023ef4[payload->]>.||62,526
2025-08-03T16:33:19.213 0100|01|00|0f|ef01fe|340d025720646f6d7500000000b881[payload->]W domu......||33,208
2025-08-03T17:03:19.143 0100|00|00|05|fa0001|340d023ef4[payload->]>.||62,526
2025-08-03T17:03:19.244 0100|01|00|0f|ef01fe|340d025720646f6d7500000000b881[payload->]W domu......||33,208
2025-08-03T17:33:19.187 0100|00|00|05|fa0001|340d023ef4[payload->]>.||62,526
2025-08-03T17:33:19.289 0100|01|00|0f|ef01fe|340d025720646f6d7500000000b881[payload->]W domu......||33,208
2025-08-03T18:03:19.678 0100|00|00|05|fa0001|340d023ef4[payload->]>.||62,526
2025-08-03T18:03:19.780 0100|09|00|0f|ef01fe|340d025720646f6d7500000000b881[payload->]W domu......||33,208
