2025-07-31T00:48:04.577 0100|01|00|07|f701fe|360a013c00aefd[payload->]<...||64,942
2025-07-31T02:01:14.294 0100|01|00|07|f701fe|360a013c00aeff[payload->]<...||65,454
2025-07-31T11:58:29.594 0100|01|00|07|f701fe|360a013c00aeff[payload->]<...||65,454
2025-07-31T12:44:59.907 0100|01|00|07|f701fe|360a013c00aeff[payload->]<...||65,454
2025-07-31T13:03:29.772 0100|01|00|07|f703fe|360a013c00aeff[payload->]<...||65,454
2025-07-31T14:07:49.855 0100|01|00|07|f701fe|360a013c00aeff[payload->]<...||65,454
2025-07-31T15:14:59.560 0100|01|00|07|f701fe|360a013c00aeff[payload->]<...||65,454
2025-07-31T20:43:25.216 0100|01|00|07|f701fe|360a013c00aeff[payload->]<...||65,454
2025-07-31T20:47:15.182 0100|01|00|07|f701fe|360a013c00aeff[payload->]<...||65,454
2025-07-31T21:01:15.261 0100|01|00|07|f701fe|360a013c00aeff[payload->]<...||65,454
2025-07-31T21:20:25.182 0100|01|00|07|f701fe|360a013c00aeff[payload->]<...||65,454
2025-08-01T06:31:25.893 0100|01|00|18|e601fe|360a01020100010018e601fe365001020010240000840000[payload->].........6P....$.....||0,000
2025-08-02T06:40:39.070 0100|01|00|07|f703fe|360a013c00aeff[payload->]<...||65,454
2025-08-02T06:44:09.028 0100|01|00|07|f70bfe|360a013c00aeff[payload->]<...||65,454
2025-08-02T08:36:39.301 0100|01|00|47|f741fe|360a013c00aeff0100000005fa000110030154f00100010007f701fe100301ffff859c0100000005fa00013023009e29010001000bf301fe3023002efc1800553b011701000000[payload->]<..............T........................0#..)........0#.....U;......||0,000
2025-08-02T08:57:58.982 0100|01|00|07|f701fe|360a013c00aeff[payload->]<...||65,454
2025-08-02T09:01:48.974 0100|01|00|07|f701fe|360a013c00aeff[payload->]<...||65,454
2025-08-02T09:02:58.992 0100|01|00|07|f741fe|360a013c00aeff[payload->]<...||65,454
2025-08-02T09:07:29.069 0100|01|00|07|ff4bfe|360a013c00aeff[payload->]<...||65,454
2025-08-02T09:14:09.366 0100|01|00|07|f701fe|360a013c00aeff[payload->]<...||65,454
2025-08-02T10:03:29.523 0100|01|00|0f|ff03fe|360a013c00aeff0100000005fa0001[payload->]<...........||0,256
2025-08-02T10:35:29.074 0100|01|00|07|f703fe|360a013c00aeff[payload->]<...||65,454
2025-08-02T17:24:02.223 0100|01|00|07|f701fe|360a013c00aeff[payload->]<...||65,454
2025-08-02T19:44:42.245 0100|01|00|07|f701fe|360a013c00aeff[payload->]<...||65,454
2025-08-02T22:01:25.065 0100|01|00|07|f701fe|360a013c00aeff[payload->]<...||65,454
2025-08-03T08:54:21.609 0100|01|00|47|ff03fe|360a013c02aeff0100000005fa000110030154f00100010007f701fe100301ffff859c0100000005fa000110030154f00100010007f701fe100301ffff859c03100301ecf10100[payload->]<..............T...........................T........................||0,001
2025-08-03T14:14:20.423 0100|01|00|07|f741fe|360a013c00aeff[payload->]<...||65,454
2025-08-03T15:02:20.425 0100|01|00|07|f701fe|360a013c00aeff[payload->]<...||65,454
