2025-07-30T20:33:29.079 0100|00|00|05|fa0001|340c01afb5[payload->]..||46,511
2025-07-30T20:33:29.080 0100|01|00|07|f701fe|340c01320046fb[payload->]2.F.||64,326
2025-07-30T21:03:29.063 0100|00|00|05|fa0001|340c01afb5[payload->]..||46,511
2025-07-30T21:03:29.063 0100|01|00|07|f701fe|340c01320046fb[payload->]2.F.||64,326
2025-07-30T21:33:29.251 0100|00|00|05|fa0001|340c01afb5[payload->]..||46,511
2025-07-30T21:33:29.352 0100|01|00|07|f701fe|340c01320046fb[payload->]2.F.||64,326
2025-07-30T22:03:29.162 0100|00|00|05|fa0001|340c01afb5[payload->]..||46,511
2025-07-30T22:03:29.263 0100|01|00|07|f701fe|340c01320046fb[payload->]2.F.||64,326
2025-07-30T22:31:27.940 0100|00|00|05|fa0001|340c01afb5[payload->]..||46,511
2025-07-30T22:31:27.941 0100|01|00|07|f701fe|340c01320046fb[payload->]2.F.||64,326
2025-07-30T22:33:29.241 0100|00|00|05|fa0001|340c01afb5[payload->]..||46,511
2025-07-30T22:33:29.241 0100|01|00|07|f701fe|340c01320046fb[payload->]2.F.||64,326
2025-07-30T23:03:29.139 0100|00|00|05|fa0001|340c01afb5[payload->]..||46,511
2025-07-30T23:03:29.139 0100|01|00|07|f701fe|340c01320046fb[payload->]2.F.||64,326
2025-07-30T23:33:29.015 0100|00|00|05|fa0001|340c01afb5[payload->]..||46,511
2025-07-30T23:33:29.117 0100|01|00|07|f701fe|340c01320046fb[payload->]2.F.||64,326
2025-07-31T00:03:29.209 0100|00|00|05|fa0001|340c01afb5[payload->]..||46,511
2025-07-31T00:03:29.311 0100|01|00|07|f701fe|340c01320046fb[payload->]2.F.||64,326
2025-07-31T00:31:27.631 0100|00|00|05|fa0001|340c01afb5[payload->]..||46,511
2025-07-31T00:31:27.732 0100|01|00|07|f701fe|340c01320046fb[payload->]2.F.||64,326
2025-07-31T00:33:29.125 0100|00|00|05|fa0001|340c01afb5[payload->]..||46,511
2025-07-31T00:33:29.226 0100|01|00|07|f701fe|340c01320046fb[payload->]2.F.||64,326
2025-07-31T01:03:29.128 0100|00|00|05|fa0001|340c01afb5[payload->]..||46,511
2025-07-31T01:03:29.229 0100|01|00|07|f701fe|340c01320046fb[payload->]2.F.||64,326
2025-07-31T01:33:29.207 0100|00|00|05|fa0001|340c01afb5[payload->]..||46,511
2025-07-31T01:33:29.207 0100|01|00|07|f701fe|340c01320046fb[payload->]2.F.||64,326
2025-07-31T02:03:29.116 0100|00|00|05|fa0001|340c01afb5[payload->]..||46,511
2025-07-31T02:03:29.116 0100|01|00|07|f701fe|340c01320046fb[payload->]2.F.||64,326
2025-07-31T02:31:26.925 0100|00|00|05|fa0001|340c01afb5[payload->]..||46,511
2025-07-31T02:31:26.925 0100|01|00|07|f701fe|340c01320046fb[payload->]2.F.||64,326
2025-07-31T02:33:30.464 0100|00|00|05|fa0001|340c01afb5[payload->]..||46,511
2025-07-31T02:33:30.565 0100|01|00|07|f701fe|340c01320046fb[payload->]2.F.||64,326
2025-07-31T03:33:30.526 0100|00|00|05|fa0001|340c01afb5[payload->]..||46,511
2025-07-31T03:33:30.527 0100|01|00|07|f701fe|340c01320046fb[payload->]2.F.||64,326
2025-07-31T04:03:30.495 0100|00|00|05|fa0001|340c01afb5[payload->]..||46,511
2025-07-31T04:03:30.596 0100|01|00|07|f701fe|340c01320046fb[payload->]2.F.||64,326
2025-07-31T04:31:27.274 0100|00|00|05|fa0001|340c01afb5[payload->]..||46,511
2025-07-31T04:31:27.275 0100|01|00|07|f701fe|340c01320046fb[payload->]2.F.||64,326
2025-07-31T04:33:30.552 0100|00|00|05|fa0001|340c01afb5[payload->]..||46,511
2025-07-31T04:33:30.552 0100|01|00|07|f701fe|340c01320046fb[payload->]2.F.||64,326
2025-07-31T05:03:32.472 0100|00|00|05|fa0001|340c01afb5[payload->]..||46,511
2025-07-31T05:03:32.573 0100|01|00|07|f701fe|340c01320046fb[payload->]2.F.||64,326
2025-07-31T05:31:27.496 0100|00|00|05|fa0001|340c01afb5[payload->]..||46,511
2025-07-31T05:31:27.496 0100|01|00|07|f701fe|340c01320046fb[payload->]2.F.||64,326
2025-07-31T05:33:32.473 0100|00|00|05|fa0001|340c01afb5[payload->]..||46,511
2025-07-31T05:33:32.574 0100|01|00|07|f701fe|340c01320046fb[payload->]2.F.||64,326
2025-07-31T06:03:32.495 0100|00|00|05|fa0001|340c01afb5[payload->]..||46,511
2025-07-31T06:03:32.596 0100|01|00|07|f701fe|340c01320046fb[payload->]2.F.||64,326
2025-07-31T06:33:33.746 0100|00|00|05|fa0001|340c01afb5[payload->]..||46,511
2025-07-31T06:33:33.847 0100|01|00|07|f701fe|340c01320046fb[payload->]2.F.||64,326
2025-07-31T07:03:33.796 0100|00|00|05|fa0001|340c01afb5[payload->]..||46,511
2025-07-31T07:03:33.799 0100|01|00|07|f701fe|340c01320046fb[payload->]2.F.||64,326
2025-07-31T07:33:34.502 0100|00|00|05|fa0001|340c01afb5[payload->]..||46,511
2025-07-31T07:33:34.502 0100|01|00|07|f701fe|340c01320046fb[payload->]2.F.||64,326
2025-07-31T08:03:33.808 0100|00|00|05|fa0001|340c01afb5[payload->]..||46,511
2025-07-31T08:03:33.909 0100|01|00|07|f701fe|340c01320046fb[payload->]2.F.||64,326
2025-07-31T08:33:33.798 0100|00|00|05|fa0001|340c01afb5[payload->]..||46,511
2025-07-31T08:33:33.899 0100|01|00|07|f701fe|340c01320046fb[payload->]2.F.||64,326
2025-07-31T09:03:33.803 0100|00|00|05|fa0001|340c01afb5[payload->]..||46,511
2025-07-31T09:03:33.905 0100|01|00|07|f701fe|340c01320046fb[payload->]2.F.||64,326
2025-07-31T09:31:27.348 0100|00|00|05|fa0001|340c01afb5[payload->]..||46,511
2025-07-31T09:31:27.450 0100|01|00|07|f701fe|340c01320046fb[payload->]2.F.||64,326
2025-07-31T09:33:33.785 0100|00|00|05|fa0001|340c01afb5[payload->]..||46,511
2025-07-31T09:33:33.886 0100|01|00|07|f701fe|340c01320046fb[payload->]2.F.||64,326
2025-07-31T10:03:34.939 0100|00|00|05|fa0001|340c01afb5[payload->]..||46,511
2025-07-31T10:03:35.040 0100|01|00|07|f701fe|340c01320046fb[payload->]2.F.||64,326
2025-07-31T10:31:27.270 0100|00|00|05|fa0001|340c01afb5[payload->]..||46,511
2025-07-31T10:31:27.370 0100|01|00|07|f701fe|340c01320046fb[payload->]2.F.||64,326
2025-07-31T10:33:34.909 0100|00|00|05|fa0001|340c01afb5[payload->]..||46,511
2025-07-31T10:33:35.010 0100|01|00|07|f701fe|340c01320046fb[payload->]2.F.||64,326
2025-07-31T11:03:34.892 0100|00|00|05|fa0001|340c01afb5[payload->]..||46,511
2025-07-31T11:03:34.993 0100|01|00|07|f701fe|340c01320046fb[payload->]2.F.||64,326
2025-07-31T11:31:27.001 0100|00|00|05|fa0001|340c01afb5[payload->]..||46,511
2025-07-31T11:31:27.102 0100|01|00|07|f701fe|340c01320046fb[payload->]2.F.||64,326
2025-07-31T11:33:34.959 0100|00|00|05|fa0001|340c01afb5[payload->]..||46,511
2025-07-31T11:33:35.060 0100|01|00|07|f701fe|340c01320046fb[payload->]2.F.||64,326
2025-07-31T12:03:34.843 0100|00|00|05|fa0001|340c01afb5[payload->]..||46,511
2025-07-31T12:03:34.944 0100|01|00|07|f701fe|340c01320046fb[payload->]2.F.||64,326
2025-07-31T12:31:31.122 0100|00|00|05|fa0001|340c01afb5[payload->]..||46,511
2025-07-31T12:33:34.570 0100|00|00|05|fa0001|340c01afb5[payload->]..||46,511
2025-07-31T12:33:34.671 0100|01|00|07|f701fe|340c01320046fb[payload->]2.F.||64,326
2025-07-31T13:03:34.916 0100|00|00|05|fa0001|340c01afb5[payload->]..||46,511
2025-07-31T13:03:35.017 0100|01|00|07|f701fe|340c01320046fb[payload->]2.F.||64,326
2025-07-31T13:31:27.836 0100|00|00|05|fa0001|340c01afb5[payload->]..||46,511
2025-07-31T13:31:27.937 0100|01|00|07|f701fe|340c01320046fb[payload->]2.F.||64,326
2025-07-31T13:33:34.685 0100|00|00|05|fa0001|340c01afb5[payload->]..||46,511
2025-07-31T13:33:34.786 0100|01|00|07|f701fe|340c01320046fb[payload->]2.F.||64,326
2025-07-31T14:03:34.988 0100|00|00|05|fa0001|340c01afb5[payload->]..||46,511
2025-07-31T14:03:34.988 0100|01|00|07|f701fe|340c01320046fb[payload->]2.F.||64,326
2025-07-31T14:33:34.570 0100|00|00|05|fa0001|340c01afb5[payload->]..||46,511
2025-07-31T14:33:34.771 0100|01|00|07|f701fe|340c01320046fb[payload->]2.F.||64,326
2025-07-31T15:33:37.130 0100|00|00|05|fa0001|340c01afb5[payload->]..||46,511
2025-07-31T15:33:37.232 0100|01|00|07|f701fe|340c01320046fb[payload->]2.F.||64,326
2025-07-31T16:03:37.153 0100|00|00|05|fa0001|340c01afb5[payload->]..||46,511
2025-07-31T16:03:37.159 0100|01|00|07|f701fe|340c01320046fb[payload->]2.F.||64,326
2025-07-31T16:31:26.838 0100|00|00|05|fa0001|340c01afb5[payload->]..||46,511
2025-07-31T16:31:26.939 0100|01|00|07|f701fe|340c01320046fb[payload->]2.F.||64,326
2025-07-31T16:33:37.110 0100|00|00|05|fa0001|340c01afb5[payload->]..||46,511
2025-07-31T16:33:37.211 0100|01|00|07|f701fe|340c01320046fb[payload->]2.F.||64,326
2025-07-31T17:03:37.101 0100|00|00|05|fa0001|340c01afb5[payload->]..||46,511
2025-07-31T17:03:37.202 0100|01|00|07|f701fe|340c01320046fb[payload->]2.F.||64,326
2025-07-31T17:33:37.174 0100|00|00|05|fa0001|340c01afb5[payload->]..||46,511
2025-07-31T17:33:37.175 0100|01|00|07|f701fe|340c01320046fb[payload->]2.F.||64,326
2025-07-31T18:03:37.066 0100|00|00|05|fa0001|340c01afb5[payload->]..||46,511
2025-07-31T18:03:37.167 0100|01|00|07|f701fe|340c01320046fb[payload->]2.F.||64,326
2025-07-31T18:33:38.071 0100|00|00|05|fa0001|340c01afb5[payload->]..||46,511
2025-07-31T18:33:38.273 0100|01|00|07|f701fe|340c01320046fb[payload->]2.F.||64,326
2025-07-31T19:03:39.263 0100|00|00|05|fa0001|340c01afb5[payload->]..||46,511
2025-07-31T19:03:39.364 0100|01|00|07|f701fe|340c01320046fb[payload->]2.F.||64,326
2025-07-31T19:33:39.135 0100|00|00|05|fa0001|340c01afb5[payload->]..||46,511
2025-07-31T19:33:39.236 0100|01|00|07|f701fe|340c01320046fb[payload->]2.F.||64,326
2025-07-31T20:03:39.185 0100|00|00|05|fa0001|340c01afb5[payload->]..||46,511
2025-07-31T20:03:39.287 0100|01|00|07|f701fe|340c01320046fb[payload->]2.F.||64,326
2025-07-31T20:33:39.402 0100|00|00|05|fa0001|340c01afb5[payload->]..||46,511
2025-07-31T20:33:39.503 0100|01|00|07|f701fe|340c01320046fb[payload->]2.F.||64,326
2025-07-31T21:03:39.610 0100|00|00|05|fa0001|340c01afb5[payload->]..||46,511
2025-07-31T21:03:39.711 0100|01|00|07|f701fe|340c01320046fb[payload->]2.F.||64,326
2025-07-31T21:33:40.027 0100|00|00|05|fa0001|340c01afb5[payload->]..||46,511
2025-07-31T21:33:40.028 0100|01|00|07|f701fe|340c01320046fb[payload->]2.F.||64,326
2025-07-31T22:03:39.990 0100|00|00|05|fa0001|340c01afb5[payload->]..||46,511
2025-07-31T22:03:40.091 0100|01|00|07|f701fe|340c01320046fb[payload->]2.F.||64,326
2025-07-31T22:33:39.966 0100|00|00|05|fa0001|340c01afb5[payload->]..||46,511
2025-07-31T22:33:40.068 0100|01|00|07|f701fe|340c01320046fb[payload->]2.F.||64,326
2025-07-31T23:03:39.915 0100|00|00|05|fa0001|340c01afb5[payload->]..||46,511
2025-07-31T23:03:40.016 0100|01|00|07|f701fe|340c01320046fb[payload->]2.F.||64,326
2025-07-31T23:33:40.012 0100|00|00|05|fa0001|340c01afb5[payload->]..||46,511
2025-07-31T23:33:40.013 0100|05|00|07|f701fe|340c01320046fb[payload->]2.F.||64,326
2025-08-01T00:03:40.010 0100|00|00|05|fa0001|340c01afb5[payload->]..||46,511
2025-08-01T00:03:40.010 0100|01|80|07|f701fe|340c01320046fb[payload->]2.F.||64,326
2025-08-01T00:33:40.306 0100|00|00|05|fa0001|340c01afb5[payload->]..||46,511
2025-08-01T00:33:40.307 0100|01|00|07|f701fe|340c01320046fb[payload->]2.F.||64,326
2025-08-01T01:03:39.989 0100|00|00|05|fa0001|340c01afb5[payload->]..||46,511
2025-08-01T01:03:40.090 0100|01|00|07|f701fe|340c01320046fb[payload->]2.F.||64,326
2025-08-01T01:33:40.039 0100|00|00|05|fa0001|340c01afb5[payload->]..||46,511
2025-08-01T01:33:40.039 0100|01|00|07|f701fe|340c01320046fb[payload->]2.F.||64,326
2025-08-01T02:03:40.982 0100|00|00|05|fa0001|340c01afb5[payload->]..||46,511
2025-08-01T02:03:41.083 0100|01|00|07|f701fe|340c01320046f3[payload->]2.F.||62,278
2025-08-01T02:31:27.009 0100|00|00|05|fa0001|340c01afb5[payload->]..||46,511
2025-08-01T02:31:27.009 0100|01|00|07|f701fe|340c01320046fb[payload->]2.F.||64,326
2025-08-01T02:33:42.730 0100|00|00|05|fa0001|340c01afb5[payload->]..||46,511
2025-08-01T02:33:42.931 0100|01|00|07|f701fe|340c01320046fb[payload->]2.F.||64,326
2025-08-01T03:03:40.960 0100|00|00|05|fa0001|340c01afb5[payload->]..||46,511
2025-08-01T03:03:41.061 0100|01|00|07|f701fe|340c01320046fb[payload->]2.F.||64,326
2025-08-01T03:33:41.043 0100|00|00|05|fa0001|340c01afb5[payload->]..||46,511
2025-08-01T03:33:41.043 0100|01|00|07|f701fe|340c01320046fb[payload->]2.F.||64,326
2025-08-01T04:03:41.031 0100|00|00|05|fa0001|340c01afb5[payload->]..||46,511
2025-08-01T04:03:41.032 0100|01|00|07|f701fe|340c01320046fb[payload->]2.F.||64,326
2025-08-01T04:31:26.750 0100|00|00|05|fa0001|340c01afb5[payload->]..||46,511
2025-08-01T04:31:26.751 0100|01|00|07|f701fe|340c01320046fb[payload->]2.F.||64,326
2025-08-01T04:33:41.023 0100|00|00|05|fa0001|340c01afb5[payload->]..||46,511
2025-08-01T04:33:41.024 0100|01|00|07|f701fe|340c01320046fb[payload->]2.F.||64,326
2025-08-01T05:03:41.017 0100|00|00|05|fa0001|340c01afb5[payload->]..||46,511
2025-08-01T05:03:41.017 0100|01|00|07|f701fe|340c01320046fb[payload->]2.F.||64,326
2025-08-01T05:31:28.316 0100|00|00|05|fa0001|340c01afb5[payload->]..||46,511
2025-08-01T05:33:40.986 0100|00|00|05|fa0001|340c01afb1[payload->]..||45,487
2025-08-01T05:33:41.087 0100|01|00|07|f701fe|340c01320046fb[payload->]2.F.||64,326
2025-08-01T06:03:41.063 0100|00|00|05|fa0001|340c01afb5[payload->]..||46,511
2025-08-01T06:03:41.164 0100|01|00|07|f701fe|340c01320046fb[payload->]2.F.||64,326
2025-08-01T06:33:40.972 0100|00|00|05|fa0001|340c01afb5[payload->]..||46,511
2025-08-01T06:33:41.074 0100|01|00|07|f701fe|340c01320046fb[payload->]2.F.||64,326
2025-08-01T07:03:41.006 0100|00|00|05|fa0001|340c01afb5[payload->]..||46,511
2025-08-01T07:03:41.007 0100|01|00|07|f701fe|340c01320046fb[payload->]2.F.||64,326
2025-08-01T07:33:41.045 0100|00|00|05|fa0001|340c01afb5[payload->]..||46,511
2025-08-01T07:33:41.146 0100|01|00|07|f701fe|340c01320046fb[payload->]2.F.||64,326
2025-08-01T08:03:40.946 0100|00|00|05|fa0001|340c01afb5[payload->]..||46,511
2025-08-01T08:03:41.047 0100|01|00|07|f701fe|340c01320046fb[payload->]2.F.||64,326
2025-08-01T08:31:27.476 0100|00|00|05|fa0001|340c01afb5[payload->]..||46,511
2025-08-01T08:31:27.577 0100|01|00|07|f701fe|340c01320046fb[payload->]2.F.||64,326
2025-08-01T08:33:40.960 0100|00|00|05|fa0001|340c01afb5[payload->]..||46,511
2025-08-01T08:33:41.061 0100|01|00|07|f701fe|340c01320046fb[payload->]2.F.||64,326
2025-08-01T09:03:40.977 0100|00|00|05|fa0001|340c01afb5[payload->]..||46,511
2025-08-01T09:03:41.078 0100|01|00|07|f701fe|340c01320046fb[payload->]2.F.||64,326
2025-08-01T09:33:41.030 0100|00|00|05|fa0001|340c01afb5[payload->]..||46,511
2025-08-01T09:33:41.030 0100|01|00|07|f701fe|340c01320046fb[payload->]2.F.||64,326
2025-08-01T10:03:41.008 0100|00|00|05|fa0001|340c01afb5[payload->]..||46,511
2025-08-01T10:03:41.008 0100|01|00|07|f701fe|340c01320046fb[payload->]2.F.||64,326
2025-08-01T10:33:40.975 0100|00|00|05|fa0001|340c01afb5[payload->]..||46,511
2025-08-01T10:33:41.077 0100|01|00|07|f701fe|340c01320046fb[payload->]2.F.||64,326
2025-08-01T11:03:41.068 0100|00|00|05|fa0001|340c01afb5[payload->]..||46,511
2025-08-01T11:03:41.069 0100|01|00|07|f701fe|340c01320046fb[payload->]2.F.||64,326
2025-08-01T11:31:27.679 0100|00|00|05|fa0001|340c01afb5[payload->]..||46,511
2025-08-01T11:31:27.780 0100|01|00|07|f701fe|340c01320046fb[payload->]2.F.||64,326
2025-08-01T11:33:40.962 0100|00|00|05|fa0001|340c01afb5[payload->]..||46,511
2025-08-01T11:33:41.064 0100|01|00|07|f701fe|340c01320046fb[payload->]2.F.||64,326
2025-08-01T12:03:40.945 0100|00|00|05|fa0001|340c01afb5[payload->]..||46,511
2025-08-01T12:03:41.046 0100|01|00|07|f701fe|340c01320046fb[payload->]2.F.||64,326
2025-08-01T12:33:42.036 0100|00|00|05|fa0001|340c01afb5[payload->]..||46,511
2025-08-01T12:33:42.037 0100|01|00|07|f701fe|340c01320046fb[payload->]2.F.||64,326
2025-08-01T13:03:41.937 0100|00|00|05|fa0001|340c01afb5[payload->]..||46,511
2025-08-01T13:03:42.038 0100|01|00|07|f701fe|340c01320046fb[payload->]2.F.||64,326
2025-08-01T13:31:27.255 0100|01|00|07|f701fe|340c01320046fb[payload->]2.F.||64,326
2025-08-01T13:33:42.438 0100|00|00|05|fa0001|340c01afb5[payload->]..||46,511
2025-08-01T13:33:42.539 0100|01|00|07|f701fe|340c01320046fb[payload->]2.F.||64,326
2025-08-01T14:03:44.295 0100|00|00|05|fa0001|340c01afb5[payload->]..||46,511
2025-08-01T14:03:44.295 0100|01|00|07|f701fe|340c01320046fb[payload->]2.F.||64,326
2025-08-01T14:31:28.348 0100|00|00|05|fa0001|340c01afb5[payload->]..||46,511
2025-08-01T14:31:28.449 0100|01|00|07|f701fe|340c01320046fb[payload->]2.F.||64,326
2025-08-01T14:33:43.026 0100|00|00|05|fa0001|340c01afb5[payload->]..||46,511
2025-08-01T14:33:43.127 0100|01|00|07|f701fe|340c01320046fb[payload->]2.F.||64,326
2025-08-01T15:03:42.952 0100|00|00|05|fa0001|340c01afb5[payload->]..||46,511
2025-08-01T15:03:43.053 0100|01|00|07|f701fe|340c01320046fb[payload->]2.F.||64,326
2025-08-01T15:31:26.949 0100|00|00|05|fa0001|340c01afb5[payload->]..||46,511
2025-08-01T15:31:27.050 0100|01|00|07|f701fe|340c01320046fb[payload->]2.F.||64,326
2025-08-01T15:33:43.037 0100|00|00|05|fa0001|340c01afb5[payload->]..||46,511
2025-08-01T15:33:43.037 0100|01|00|07|f701fe|340c01320046fb[payload->]2.F.||64,326
2025-08-01T16:03:42.990 0100|00|00|05|fa0001|340c01afb5[payload->]..||46,511
2025-08-01T16:03:43.091 0100|01|00|07|f701fe|340c01320046fb[payload->]2.F.||64,326
2025-08-01T16:25:47.788 0100|01|00|06|f801fe|340c01016009[payload->].`.||2,400
2025-08-01T16:33:43.001 0100|00|00|05|fa0001|340c01afb5[payload->]..||46,511
2025-08-01T16:33:43.001 0100|01|00|07|f701fe|340c01320046fb[payload->]2.F.||64,326
2025-08-01T17:03:42.949 0100|00|00|05|fa0001|340c01afb5[payload->]..||46,511
2025-08-01T17:03:43.050 0100|01|00|07|f701fe|340c01320046fb[payload->]2.F.||64,326
2025-08-01T17:31:26.882 0100|00|00|05|fa0001|340c01afb5[payload->]..||46,511
2025-08-01T17:31:26.983 0100|01|00|07|f701fe|340c01320046fb[payload->]2.F.||64,326
2025-08-01T17:33:42.972 0100|00|00|05|fa0001|340c01afb5[payload->]..||46,511
2025-08-01T17:33:43.074 0100|01|00|07|f701fe|340c01320046fb[payload->]2.F.||64,326
2025-08-01T18:03:43.002 0100|00|00|05|fa0001|340c01afb5[payload->]..||46,511
2025-08-01T18:03:43.003 0100|01|00|07|f701fe|340c01320046fb[payload->]2.F.||64,326
2025-08-01T18:33:43.256 0100|00|00|05|fa0001|340c01afb5[payload->]..||46,511
2025-08-01T18:33:43.257 0100|01|00|07|f701fe|340c01320046fb[payload->]2.F.||64,326
2025-08-01T19:03:43.036 0100|00|00|05|fa0001|340c01afb5[payload->]..||46,511
2025-08-01T19:03:43.036 0100|01|00|07|f701fe|340c01320046fb[payload->]2.F.||64,326
2025-08-01T19:33:44.110 0100|00|00|05|fa0001|340c01afb5[payload->]..||46,511
2025-08-01T19:33:44.110 0100|01|00|07|f701fe|340c01320046fb[payload->]2.F.||64,326
2025-08-01T20:03:46.081 0100|00|00|05|fa0001|340c01afb5[payload->]..||46,511
2025-08-01T20:03:46.182 0100|01|00|07|f701fe|340c01320046fb[payload->]2.F.||64,326
2025-08-01T20:33:46.216 0100|00|00|05|fa0001|340c01af35[payload->].5||13,743
2025-08-01T20:33:46.217 0100|01|00|07|f701fe|340c01320046fb[payload->]2.F.||64,326
2025-08-01T21:03:46.084 0100|00|00|05|fa0001|340c01afb5[payload->]..||46,511
2025-08-01T21:03:46.185 0100|01|00|07|f701fe|340c01320046fb[payload->]2.F.||64,326
2025-08-01T21:33:46.075 0100|00|00|05|fa0001|340c01afb5[payload->]..||46,511
2025-08-01T21:33:46.075 0100|01|00|07|f701fe|340c01320046fb[payload->]2.F.||64,326
2025-08-01T22:03:47.177 0100|00|00|05|fa0001|340c01afb5[payload->]..||46,511
2025-08-01T22:03:47.177 0100|01|00|07|f701fe|340c01320046fb[payload->]2.F.||64,326
2025-08-01T22:31:26.884 0100|00|00|05|fa0001|340c01afb5[payload->]..||46,511
2025-08-01T22:31:26.985 0100|01|00|07|f701fe|340c01320046fb[payload->]2.F.||64,326
2025-08-01T22:33:47.092 0100|00|00|05|fa0001|340c01afb5[payload->]..||46,511
2025-08-01T22:33:47.193 0100|01|00|07|f701fe|340c01320046fb[payload->]2.F.||64,326
2025-08-01T23:03:47.096 0100|00|00|05|fa0001|340c01afb5[payload->]..||46,511
2025-08-01T23:03:47.197 0100|01|00|07|f701fe|340c01320046fb[payload->]2.F.||64,326
2025-08-01T23:33:47.144 0100|00|00|05|fa0001|340c01afb5[payload->]..||46,511
2025-08-01T23:33:47.245 0100|01|00|07|f701fe|340c01320046fb[payload->]2.F.||64,326
2025-08-02T00:31:27.936 0100|00|00|05|fa0001|340c01afb5[payload->]..||46,511
2025-08-02T00:31:28.037 0100|01|00|07|f701fe|340c0132000100[payload->]2...||0,001
2025-08-02T00:33:47.089 0100|00|00|05|fa0001|340c01afb5[payload->]..||46,511
2025-08-02T00:33:47.190 0100|01|00|07|f701fe|340c01320046fb[payload->]2.F.||64,326
2025-08-02T01:03:47.128 0100|00|00|05|fa0001|340c01afb5[payload->]..||46,511
2025-08-02T01:03:47.229 0100|01|00|07|f701fe|340c01320046fb[payload->]2.F.||64,326
2025-08-02T02:03:48.295 0100|00|00|05|fa0001|340c01afb5[payload->]..||46,511
2025-08-02T02:03:48.295 0100|01|00|07|f701fe|340c01320046fb[payload->]2.F.||64,326
2025-08-02T02:33:47.115 0100|00|00|05|fa0001|340c01afb5[payload->]..||46,511
2025-08-02T02:33:47.216 0100|01|00|07|f701fe|340c01320046fb[payload->]2.F.||64,326
2025-08-02T03:03:47.130 0100|00|00|05|fa0001|340c01afb5[payload->]..||46,511
2025-08-02T03:03:47.231 0100|01|00|07|f701fe|340c01320046fb[payload->]2.F.||64,326
2025-08-02T03:31:26.780 0100|00|00|05|fa0001|340c01afb5[payload->]..||46,511
2025-08-02T03:33:47.116 0100|00|00|05|fa0001|340c01afb5[payload->]..||46,511
2025-08-02T03:33:47.217 0100|01|00|07|f701fe|340c01320046fb[payload->]2.F.||64,326
2025-08-02T04:03:47.136 0100|00|00|05|fa0001|340c01afb5[payload->]..||46,511
2025-08-02T04:03:47.137 0100|01|00|07|f701fe|340c01320046fb[payload->]2.F.||64,326
2025-08-02T04:33:47.156 0100|00|00|05|fa0001|340c01afb5[payload->]..||46,511
2025-08-02T04:33:47.156 0100|01|00|07|f701fe|340c01320046fb[payload->]2.F.||64,326
2025-08-02T05:03:47.151 0100|00|00|05|fa0001|340c01afb5[payload->]..||46,511
2025-08-02T05:03:47.151 0100|01|00|07|f701fe|340c01320046fb[payload->]2.F.||64,326
2025-08-02T05:31:26.840 0100|00|00|05|fa0001|340c01afb5[payload->]..||46,511
2025-08-02T05:31:26.941 0100|01|00|07|f701fe|340c01320046fb[payload->]2.F.||64,326
2025-08-02T05:33:47.152 0100|00|00|05|fa0001|340c01afb5[payload->]..||46,511
2025-08-02T05:33:47.153 0100|01|00|07|f701fe|340c01320046fb[payload->]2.F.||64,326
2025-08-02T06:03:47.099 0100|00|00|05|fa0001|340c01afb5[payload->]..||46,511
2025-08-02T06:03:47.200 0100|01|00|07|f701fe|340c01320046fb[payload->]2.F.||64,326
2025-08-02T06:31:28.200 0100|00|00|05|fa0001|340c01afb5[payload->]..||46,511
2025-08-02T06:33:47.096 0100|00|00|05|fa0001|340c01afb5[payload->]..||46,511
2025-08-02T06:33:47.196 0100|01|00|07|f701fe|340c01320046fb[payload->]2.F.||64,326
2025-08-02T07:03:47.097 0100|00|00|05|fa0001|340c01afb5[payload->]..||46,511
2025-08-02T07:03:47.198 0100|01|00|07|f701fe|340c01320046fb[payload->]2.F.||64,326
2025-08-02T07:33:47.133 0100|00|00|05|fa0001|340c01afb5[payload->]..||46,511
2025-08-02T07:33:47.134 0100|01|00|07|f701fe|340c01320046fb[payload->]2.F.||64,326
2025-08-02T08:03:47.182 0100|00|00|05|fa0001|340c01afb5[payload->]..||46,511
2025-08-02T08:03:47.182 0100|01|00|07|f701fe|340c01320046fb[payload->]2.F.||64,326
2025-08-02T08:33:47.184 0100|00|00|05|fa0001|340c01afb5[payload->]..||46,511
2025-08-02T08:33:47.185 0100|01|00|07|f701fe|340c01320046fb[payload->]2.F.||64,326
2025-08-02T09:03:47.144 0100|00|00|05|fa0001|340c01afb5[payload->]..||46,511
2025-08-02T09:03:47.246 0100|01|00|07|f701fe|340c01320046fb[payload->]2.F.||64,326
2025-08-02T09:31:26.983 0100|01|00|07|f701fe|340c01320046fb[payload->]2.F.||64,326
2025-08-02T09:33:47.162 0100|00|00|05|fa0001|340c01afb5[payload->]..||46,511
2025-08-02T09:33:47.163 0100|01|00|07|f701fe|340c01320046fb[payload->]2.F.||64,326
2025-08-02T10:03:47.093 0100|00|00|05|fa0001|340c01afb5[payload->]..||46,511
2025-08-02T10:03:47.194 0100|01|00|07|f701fe|340c01320046fb[payload->]2.F.||64,326
2025-08-02T10:33:47.096 0100|00|00|05|fa0001|340c01afb5[payload->]..||46,511
2025-08-02T10:33:47.197 0100|01|00|07|f701fe|340c01320046fb[payload->]2.F.||64,326
2025-08-02T11:03:47.119 0100|00|00|05|fa0001|340c01afb5[payload->]..||46,511
2025-08-02T11:03:47.220 0100|01|00|07|f701fe|340c01320046fb[payload->]2.F.||64,326
2025-08-02T12:03:48.032 0100|00|00|05|fa0001|340c01afb5[payload->]..||46,511
2025-08-02T12:03:48.032 0100|01|00|07|f701fe|340c01320046fb[payload->]2.F.||64,326
2025-08-02T12:31:27.011 0100|00|00|05|fa0001|340c01afb5[payload->]..||46,511
2025-08-02T12:31:27.011 0100|01|00|07|f701fe|340c01320046fb[payload->]2.F.||64,326
2025-08-02T12:33:47.971 0100|00|00|05|fa0001|340c01afb5[payload->]..||46,511
2025-08-02T12:33:48.072 0100|01|00|07|f701fe|340c01320046fb[payload->]2.F.||64,326
2025-08-02T13:03:47.973 0100|00|00|05|fa0001|340c01afb5[payload->]..||46,511
2025-08-02T13:03:48.074 0100|01|00|07|f701fe|340c01320046fb[payload->]2.F.||64,326
2025-08-02T13:33:48.985 0100|00|00|05|fa0001|340c01afb5[payload->]..||46,511
2025-08-02T13:33:49.087 0100|01|00|07|f701fe|340c01320046fb[payload->]2.F.||64,326
2025-08-02T14:31:27.392 0100|00|00|05|fa0001|340c01afb5[payload->]..||46,511
2025-08-02T14:31:27.393 0100|01|00|07|f701fe|340c01320046fb[payload->]2.F.||64,326
2025-08-02T14:33:49.033 0100|00|00|05|fa0001|340c01afb5[payload->]..||46,511
2025-08-02T14:33:49.034 0100|01|00|07|f701fe|340c01320046fb[payload->]2.F.||64,326
2025-08-02T15:03:48.977 0100|00|00|05|fa0001|340c01afb5[payload->]..||46,511
2025-08-02T15:03:49.078 0100|01|00|07|f701fe|340c01320046fb[payload->]2.F.||64,326
2025-08-02T15:33:49.021 0100|00|00|05|fa0001|340c01afb5[payload->]..||46,511
2025-08-02T15:33:49.123 0100|01|00|07|f701fe|340c01320046fb[payload->]2.F.||64,326
2025-08-02T16:03:48.985 0100|00|00|05|fa0001|340c01afb5[payload->]..||46,511
2025-08-02T16:03:49.086 0100|01|00|07|f701fe|340c01320046fb[payload->]2.F.||64,326
2025-08-02T16:31:26.752 0100|00|00|05|fa0001|340c01afb5[payload->]..||46,511
2025-08-02T16:31:26.853 0100|01|00|07|f701fe|340c01320046fb[payload->]2.F.||64,326
2025-08-02T16:33:49.009 0100|00|00|05|fa0001|340c01afb5[payload->]..||46,511
2025-08-02T16:33:49.110 0100|01|00|07|f701fe|340c01320046fb[payload->]2.F.||64,326
2025-08-02T17:03:48.973 0100|00|00|05|fa0001|340c01afb5[payload->]..||46,511
2025-08-02T17:03:49.074 0100|01|00|07|f701fe|340c01320046fb[payload->]2.F.||64,326
2025-08-02T17:33:49.064 0100|00|00|05|fa0001|340c01afb5[payload->]..||46,511
2025-08-02T17:33:49.064 0100|01|00|07|f701fe|340c01320046fb[payload->]2.F.||64,326
2025-08-02T18:03:48.961 0100|00|00|05|fa0001|340c01afb5[payload->]..||46,511
2025-08-02T18:03:49.062 0100|01|00|07|f701fe|340c01320046fb[payload->]2.F.||64,326
2025-08-02T18:31:27.215 0100|00|00|05|fa0001|340c01afb5[payload->]..||46,511
2025-08-02T18:33:48.964 0100|00|00|05|fa0001|340c01afb5[payload->]..||46,511
2025-08-02T18:33:49.065 0100|01|00|07|f701fe|340c01320046fb[payload->]2.F.||64,326
2025-08-02T19:03:49.099 0100|01|00|07|f701fe|340c01320046fb[payload->]2.F.||64,326
2025-08-02T19:33:49.038 0100|00|00|05|fa0001|340c01afb5[payload->]..||46,511
2025-08-02T19:33:49.139 0100|01|00|07|f701fe|340c01320046fb[payload->]2.F.||64,326
2025-08-02T20:03:50.046 0100|00|00|05|fa0001|340c01afb5[payload->]..||46,511
2025-08-02T20:03:50.046 0100|01|08|07|f701fe|340c01320046fb[payload->]2.F.||64,326
2025-08-02T20:33:50.059 0100|00|00|05|fa0001|340c01afb5[payload->]..||46,511
2025-08-02T21:03:50.145 0100|00|00|05|fa0001|340c01afb5[payload->]..||46,511
2025-08-02T21:03:50.245 0100|01|00|07|f701fe|340c01320046fb[payload->]2.F.||64,326
2025-08-02T21:33:50.368 0100|00|00|05|fa0001|340c01afb5[payload->]..||46,511
2025-08-02T21:33:50.470 0100|01|00|07|f701fe|340c01320046fb[payload->]2.F.||64,326
2025-08-02T22:03:50.093 0100|00|00|05|fa0001|340c01afb5[payload->]..||46,511
2025-08-02T22:03:50.295 0100|01|00|07|f701fe|340c01320046fb[payload->]2.F.||64,326
2025-08-02T22:33:50.356 0100|00|00|05|fa0001|340c01afb5[payload->]..||46,511
2025-08-02T22:33:50.457 0100|01|00|07|f701fe|340c01320046fb[payload->]2.F.||64,326
2025-08-02T23:03:50.260 0100|00|00|05|fa0001|340c01afb5[payload->]..||46,511
2025-08-02T23:03:50.361 0100|01|00|07|f701fe|340c01320046fb[payload->]2.F.||64,326
2025-08-02T23:31:27.864 0100|01|00|07|f701fe|340c01320046fb[payload->]2.F.||64,326
2025-08-02T23:33:51.874 0100|00|00|05|fa0001|340c01afb5[payload->]..||46,511
2025-08-02T23:33:51.975 0100|01|00|07|f701fe|340c01320046fb[payload->]2.F.||64,326
2025-08-03T00:03:50.979 0100|00|00|05|fa0001|340c01afb5[payload->]..||46,511
2025-08-03T00:03:51.080 0100|01|00|07|f701fe|340c01320046fb[payload->]2.F.||64,326
2025-08-03T00:33:51.062 0100|00|00|05|fa0001|340c01afb5[payload->]..||46,511
2025-08-03T00:33:51.063 0100|01|00|07|f701fe|340c01320046fb[payload->]2.F.||64,326
2025-08-03T01:03:50.975 0100|00|00|05|fa0001|340c01afb5[payload->]..||46,511
2025-08-03T01:03:51.076 0100|01|00|07|f701fe|340c01320046fb[payload->]2.F.||64,326
2025-08-03T02:03:53.414 0100|00|00|05|fa0001|340c01afb5[payload->]..||46,511
2025-08-03T02:03:53.516 0100|01|00|07|f701fe|340c01320046fb[payload->]2.F.||64,326
2025-08-03T02:33:53.054 0100|00|00|05|fa0001|340c01afb5[payload->]..||46,511
2025-08-03T02:33:53.155 0100|01|00|07|f701fe|340c01320046fb[payload->]2.F.||64,326
2025-08-03T03:03:53.088 0100|00|00|05|fa0001|340c01afb5[payload->]..||46,511
2025-08-03T03:03:53.190 0100|01|00|07|f701fe|340c01320046fb[payload->]2.F.||64,326
2025-08-03T03:33:53.035 0100|00|00|05|fa0001|340c01afb5[payload->]..||46,511
2025-08-03T03:33:53.136 0100|01|00|07|f701fe|340c01320046fb[payload->]2.F.||64,326
2025-08-03T04:03:53.046 0100|00|00|05|fa0001|340c01afb5[payload->]..||46,511
2025-08-03T04:03:53.147 0100|01|00|07|f701fe|340c01320046fb[payload->]2.F.||64,326
2025-08-03T04:31:27.184 0100|00|00|05|fa0001|340c01afb5[payload->]..||46,511
2025-08-03T04:31:27.185 0100|01|00|07|f701fe|340c01320046fb[payload->]2.F.||64,326
2025-08-03T04:33:53.186 0100|00|00|05|fa0001|340c01afb5[payload->]..||46,511
2025-08-03T04:33:53.287 0100|01|00|07|f701fe|340c01320046fb[payload->]2.F.||64,326
2025-08-03T05:03:53.104 0100|00|00|05|fa0001|340c01afb5[payload->]..||46,511
2025-08-03T05:03:53.205 0100|01|00|07|f701fe|340c01320046fb[payload->]2.F.||64,326
2025-08-03T05:33:53.143 0100|00|00|05|fa0001|340c01afb5[payload->]..||46,511
2025-08-03T05:33:53.244 0100|01|00|07|f701fe|340c01320046fb[payload->]2.F.||64,326
2025-08-03T06:03:53.140 0100|00|00|05|fa0001|340c01afb5[payload->]..||46,511
2025-08-03T06:03:53.241 0100|01|00|07|f701fe|340c01320046fb[payload->]2.F.||64,326
2025-08-03T06:33:53.147 0100|00|00|05|fa0001|340c01afb5[payload->]..||46,511
2025-08-03T06:33:53.248 0100|01|00|07|f701fe|340c01320046fb[payload->]2.F.||64,326
2025-08-03T07:03:53.033 0100|00|00|05|fa0001|340c01afb5[payload->]..||46,511
2025-08-03T07:03:53.134 0100|01|00|07|f701fe|340c01320046fb[payload->]2.F.||64,326
2025-08-03T07:33:53.953 0100|00|00|05|fa0001|340c01afb5[payload->]..||46,511
2025-08-03T07:33:54.054 0100|01|00|07|f701fe|340c01320046fb[payload->]2.F.||64,326
2025-08-03T08:03:53.952 0100|00|00|05|fa0001|340c01afb5[payload->]..||46,511
2025-08-03T08:03:54.053 0100|01|00|07|f701fe|340c01320046fb[payload->]2.F.||64,326
2025-08-03T08:33:54.074 0100|00|00|05|fa0001|340c01afb5[payload->]..||46,511
2025-08-03T08:33:54.175 0100|01|00|07|f701fe|340c01320046fb[payload->]2.F.||64,326
2025-08-03T09:03:55.352 0100|00|00|05|fa0001|340c01afb5[payload->]..||46,511
2025-08-03T09:03:55.353 0100|01|00|07|f701fe|340c01320046fb[payload->]2.F.||64,326
2025-08-03T09:33:55.339 0100|00|00|05|fa0001|340c01afb5[payload->]..||46,511
2025-08-03T09:33:55.440 0100|01|00|07|f701fe|340c01320046fb[payload->]2.F.||64,326
2025-08-03T10:03:55.136 0100|00|00|05|fa0001|340c01afb5[payload->]..||46,511
2025-08-03T10:03:55.136 0100|01|00|07|f701fe|340c01320046fb[payload->]2.F.||64,326
2025-08-03T10:33:55.152 0100|00|00|05|fa0001|340c01afb5[payload->]..||46,511
2025-08-03T10:33:55.152 0100|01|00|07|f701fe|340c01320046fb[payload->]2.F.||64,326
2025-08-03T11:03:55.233 0100|00|00|05|fa0001|340c01afb5[payload->]..||46,511
2025-08-03T11:03:55.234 0100|01|00|07|f701fe|340c01320046fb[payload->]2.F.||64,326
2025-08-03T11:33:55.130 0100|00|00|05|fa0001|340c01afb5[payload->]..||46,511
2025-08-03T11:33:55.232 0100|01|00|07|f701fe|340c01320046fb[payload->]2.F.||64,326
2025-08-03T12:03:55.238 0100|00|00|05|fa0001|340c01afb5[payload->]..||46,511
2025-08-03T12:03:55.339 0100|01|00|07|f701fe|340c01320046fb[payload->]2.F.||64,326
2025-08-03T12:33:55.260 0100|01|00|07|f781fe|340c01320046fb[payload->]2.F.||64,326
2025-08-03T13:03:55.084 0100|00|00|05|fa0001|340c01afb5[payload->]..||46,511
2025-08-03T13:03:55.185 0100|01|00|07|f701fe|340c01320046fb[payload->]2.F.||64,326
2025-08-03T13:33:55.151 0100|00|00|05|fa0001|340c01afb5[payload->]..||46,511
2025-08-03T13:33:55.252 0100|01|00|07|f701fe|340c01320046fb[payload->]2.F.||64,326
2025-08-03T14:03:55.268 0100|00|00|05|fa0001|340c01afb5[payload->]..||46,511
2025-08-03T14:03:55.269 0100|01|00|07|f701fe|340c01320046fb[payload->]2.F.||64,326
2025-08-03T14:33:55.125 0100|00|00|05|fa0001|340c01afb5[payload->]..||46,511
2025-08-03T14:33:55.226 0100|01|00|07|f701fe|340c01320046fb[payload->]2.F.||64,326
2025-08-03T15:03:55.130 0100|00|00|05|fa0001|340c01afb5[payload->]..||46,511
2025-08-03T15:03:55.331 0100|01|00|07|f701fe|340c01320046fb[payload->]2.F.||64,326
2025-08-03T15:33:55.133 0100|00|00|05|fa0001|340c01afb5[payload->]..||46,511
2025-08-03T15:33:55.234 0100|01|00|07|f701fe|340c01320046fb[payload->]2.F.||64,326
2025-08-03T16:03:55.157 0100|00|00|05|fa0001|340c01afb5[payload->]..||46,511
2025-08-03T16:03:55.258 0100|01|00|07|f709fe|340c01320046fb[payload->]2.F.||64,326
2025-08-03T16:33:55.149 0100|00|00|05|fa0001|340c01afb5[payload->]..||46,511
2025-08-03T16:33:55.250 0100|01|00|07|f701fe|340c01320046fb[payload->]2.F.||64,326
2025-08-03T17:03:55.198 0100|00|00|05|fa0001|340c01afb5[payload->]..||46,511
2025-08-03T17:03:55.299 0100|01|00|07|f701fe|340c01320046fb[payload->]2.F.||64,326
2025-08-03T17:31:27.716 0100|00|00|05|fa0001|340c01afb5[payload->]..||46,511
2025-08-03T17:31:27.717 0100|01|00|07|f701fe|340c01320046fb[payload->]2.F.||64,326
2025-08-03T17:33:55.228 0100|00|00|05|fa0001|340c01afb5[payload->]..||46,511
2025-08-03T17:33:55.229 0100|01|00|07|f701fe|340c01320046fb[payload->]2.F.||64,326
2025-08-03T18:03:55.221 0100|00|00|05|fa0001|340c01afb5[payload->]..||46,511
2025-08-03T18:03:55.322 0100|01|00|07|f701fe|340c01320046fb[payload->]2.F.||64,326
