2025-07-30T23:09:55.161 0100|01|08|44|b20101|7e506c00aac1031800aa0f0010ab01010000ffffff05ac03010000ffffff00adc1031800aa0f0010ae01010000ffffff05af03010000ffffff00b0c1031800aa0f00100f[payload->].................................................................||3,856
2025-07-31T00:49:05.155 0100|01|08|44|b20101|7e506c009c03010000ffffff009d01010000ffffff059ec1031800bc0c00109f03010000ffffff00a001010000ffffff05a1c1031800bc0c0010a203010000ffffff0064[payload->]................................................................d||25,600
2025-07-31T01:53:45.159 0100|01|08|44|b20101|7e506c0026c1031800fe0b00102703010000ffffff002801010000ffffbf0529c1031800fe0b00102a03010000ffffff002b01010000ffffff052cc1031800fe0b0010c0[payload->].&........'........(........)........*........+........,.........||49,168
2025-07-31T02:11:05.178 0100|01|08|44|b20101|7e506c0068c1031800d60b00105b01010000ffffff055cc1031800d60b00105d03010000ffffff005e01010000ffffff055fc1031800d60b00106003010000ffffff004e[payload->].h........[........\........]........^........_........`........N||19,968
2025-07-31T11:15:05.241 0100|01|08|44|b20101|7e506c008603010000ffffff008701010000ffffff0588c10318001a0e00107b01010000ffffff057cc1031800240e00107d03010000ffffff007e01010000ffffff0553[payload->]............................{........|....$...}........~........S||21,253
2025-07-31T13:45:55.309 0100|01|08|44|b20101|7e506c001403010000ffffff001501010000ffffff0516c1031800f40b00101703010000ffffff001801010000ffffff050b03010000ffffff000c01010000ffffff0577[payload->]................................................................w||30,469
2025-08-01T04:57:15.872 0100|01|08|44|b20101|7e506c00f4c1031800900b0010f501010000ffffff05f603010000ffffff00f7c1031800900b0010ea03010000ffffff00ebc1031800900b0010ec01010000ffffff054f[payload->]................................................................O||20,229
2025-08-01T05:03:45.865 0100|01|08|44|b20101|7e506c006403010000ffffff006501010000ffffff0566c1031800860b00106703010000ffffff006801010000ffffff0569c1031800860b00106a03010000ffffff005d[payload->].d........e........f........g........h........i........j........]||23,808
2025-08-01T05:43:55.655 0100|01|08|44|b20101|7e506c003c01010000ffffff052f03010000ffffff003001010000ffffff0531c10318004a0b00103203010000ffffff003301010000ffffff0534c10318004a0b001087[payload->].<......../........0........1....J...2........3........4....J....||34,576
2025-08-01T07:46:17.055 0100|01|08|44|b20101|7e506c00c4c1031800dc0a0010c501010000ffffff05c603010000ffffff00c7c1031800dc0a0010c801010000ffffff05c903010000ffffff00cac1031800dc0a00105c[payload->]................................................................\||23,568
2025-08-01T13:46:05.542 0100|01|08|44|b20101|7e506c00fa01010000ffffff05fbc1031800a20d0010fc03010000ffffff00fd01010000ffffff05fec1031800a20d0010ff03010000ffffff000001010000ffffff0562[payload->]................................................................b||25,093
2025-08-01T18:25:25.635 0100|01|08|44|b20101|7e506c008e01010000ffffff058f03010000ffffff0090c1031800f61300109101010000ffffff059203010000ffffff0093c1031800ec1300109401010000ffffff051e[payload->].................................................................||7,685
2025-08-01T19:34:55.685 0100|01|08|44|b20101|7e506c006cc1031800d20f00106d03010000ffffff006e01010000ffffff056fc1031800c80f00107003010000ffffff007101010000ffffff0532c1031800c80f0010f7[payload->].l........m........n........o........p........q........2.........||63,248
2025-08-01T19:39:25.570 0100|01|08|44|b20101|7e506c00c003010000ffffff00c1c1031800aa0f0010c201010000ffffff05c303010000ffffff00c4c1031800aa0f0010c501010000ffffff05c603010000ffffff0083[payload->].................................................................||33,536
2025-08-01T21:32:45.830 0100|01|08|44|b20101|7e506c00aec10318000c0d0010af01000000ffffff05b003010000ffffff00b1c10318000c0d0010b201010000ffffff05b303010000ffffff00b4c10318000c0d00105d[payload->]................................................................]||23,824
2025-08-01T21:38:05.603 0100|01|08|44|b20101|7e506c001003010000ffffff0011c1031800f80c00101201010000ffffff051303010000ffffff0014c1031800f80c00101501010000ffffff051603010000ffffff007b[payload->]................................................................{||31,488
2025-08-02T00:20:05.692 0100|01|08|44|b20101|7e506c0070c1031800dc0f00107103010000ffffff007201010000ffffff0573c1031800dc0f00106601010000ffffff0567c1031800e60f00104803010000ffffff008d[payload->].p........q........r........s........f........g........H.........||36,096
2025-08-02T00:45:55.667 0100|01|08|44|b20101|7e506c003ec10318000a0f00103f03010000ffffff004001010000ffffff0541c10318000a0f00104203010000ffffff0035c10318000a0f00103603010000ffffff00bf[payload->].>........?........@........A........B........5........6.........||48,896
2025-08-02T09:25:15.933 0100|01|08|44|b20101|7e506c009c03010000ffffff009d01010000ffffff059ec1031800be0a00109f03010000ffffff00a003010000ffffff00a101010000ffffff05a2c1031800be0a001092[payload->].................................................................||37,392
2025-08-02T11:23:45.921 0100|01|08|44|b20101|7e506c00ecc10318008c0a0010ed03010000ffffff00ee01010000ffffff05efc10318008c0a0010e201010000ffffff05e3c10318008c0a0010e403010000ffffff00f0[payload->].................................................................||61,440
2025-08-02T12:10:25.897 0100|01|08|44|b20101|7e506c003401010000ffffff0535c1031800780a00102801010000ffffbf0529c1031800780a00102a03010000ffffff002b01010000ffffff052cc1031800780a00108e[payload->].4........5....x...(........)....x...*........+........,....x....||36,368
2025-08-02T13:56:45.845 0100|01|08|44|b20101|7e506c00a403010000ffffff00a50101041effffff05a6c1031f17f8110010a703010000ffffff00a80101041effffff05a9c1031f1af81100109c0001041effffff0531[payload->]................................................................1||12,549
2025-08-02T16:15:25.843 0100|01|08|44|b20101|7e506c0060c10318009c0e00106101010000ffffff055403010000ffffff005501010000ffffff0556c10318009c0e00105703010000ffffff005801010000ffffff056a[payload->].`........a........T........U........V........W........X........j||27,141
2025-08-02T22:59:56.514 0100|01|08|44|b20101|7e506c00b4c103180052120010b501010000ffffff05b603010000ffffff00b7c103180052120010b801010000ffffff05b903010000ffffff00bac10318005212001081[payload->]......R..........................R..........................R....||33,040
2025-08-03T04:44:56.156 0100|01|08|44|b20101|7e506c00e001010000ffffff05e1c102180072100010e203010000ffffff00e301010000ffffff05e4c103180072100010e503010000ffffff00e601010000ffffff05af[payload->]...............r..........................r......................||44,805
2025-08-03T06:49:26.790 0100|01|08|44|b20101|7e506c00a0c1031800f00f00109301010000ffffff0594c1031800f00f00109503010000ffffff009601010000ffffff0597c1031800f00f00109803010000ffffff00fe[payload->].................................................................||65,024
2025-08-03T08:24:26.160 0100|01|08|44|b20101|7e506c003ec10318008c0f00103f01010000ffffff054003010000ffff7f0041c10318008c0f00104201010000ffffff054303010000ffffff0004c10318008c0f0010aa[payload->].>........?........@........A........B........C..................||43,536
2025-08-03T12:14:26.166 0100|01|08|44|b20101|7e506c0060c10318007a0d00106101010000ffffff056203010000ffffff0063c10318007a0d00106401010000ffffff056503010000ffffff0066c10318007a0d00102c[payload->].`....z...a........b........c....z...d........e........f....z...,||11,280
