2025-07-30T20:27:48.145 0100|00|00|05|fa0001|200007a970[payload->].p||28,841
2025-07-30T20:27:48.246 0100|01|00|09|f501fe|200007a534f90e0325[payload->].4...%||9,475
2025-07-30T20:37:56.645 0100|00|00|05|fa0001|200007a970[payload->].p||28,841
2025-07-30T20:37:56.746 0100|01|00|09|f501fe|200007a534f90e0325[payload->].4...%||9,475
2025-07-30T20:48:05.392 0100|00|00|05|fa0001|200007a970[payload->].p||28,841
2025-07-30T20:48:05.493 0100|01|00|09|f501fe|200007a534f90e0325[payload->].4...%||9,475
2025-07-30T21:18:32.161 0100|00|00|05|fa0001|200007a970[payload->].p||28,841
2025-07-30T21:18:32.162 0100|01|00|09|f501fe|200007a534f90e0325[payload->].4...%||9,475
2025-07-30T21:28:40.640 0100|00|00|05|fa0001|200007a970[payload->].p||28,841
2025-07-30T21:28:40.741 0100|01|00|09|f501fe|200007a534f90e0325[payload->].4...%||9,475
2025-07-30T21:48:58.268 0100|00|00|05|fa0001|200007a970[payload->].p||28,841
2025-07-30T21:48:58.369 0100|01|00|09|f501fe|200007a534f90e0325[payload->].4...%||9,475
2025-07-30T22:09:15.127 0100|01|00|09|f501fe|200007a534f90e0325[payload->].4...%||9,475
2025-07-30T22:29:33.020 0100|00|00|05|fa0001|200007a970[payload->].p||28,841
2025-07-30T22:29:33.122 0100|01|00|09|f501fe|200007a534f90e0325[payload->].4...%||9,475
2025-07-30T22:39:41.788 0100|00|00|05|fa0001|200007a970[payload->].p||28,841
2025-07-30T22:39:41.788 0100|01|00|09|f501fe|200007a534f90e0325[payload->].4...%||9,475
2025-07-30T22:49:50.627 0100|00|00|05|fa0001|200007a970[payload->].p||28,841
2025-07-30T22:49:50.728 0100|01|00|09|f501fe|200007a534f90e0325[payload->].4...%||9,475
2025-07-30T22:59:59.575 0100|00|00|05|fa0001|200007a970[payload->].p||28,841
2025-07-30T22:59:59.676 0100|01|00|09|f501fe|200007a534f90e0325[payload->].4...%||9,475
2025-07-30T23:10:07.915 0100|00|00|05|fa0001|200007a970[payload->].p||28,841
2025-07-30T23:10:07.916 0100|01|00|09|f501fe|200007a534f90e0325[payload->].4...%||9,475
2025-07-30T23:30:25.935 0100|00|00|05|fa0001|200007a970[payload->].p||28,841
2025-07-30T23:30:26.036 0100|01|00|09|f501fe|200007a534f90e0325[payload->].4...%||9,475
2025-07-30T23:40:35.765 0100|00|00|05|fa0001|200007a970[payload->].p||28,841
2025-07-30T23:40:35.866 0100|01|00|09|f501fe|200007a534f90e0325[payload->].4...%||9,475
2025-07-30T23:50:44.093 0100|00|00|05|fa0001|200007a970[payload->].p||28,841
2025-07-30T23:50:44.093 0100|01|00|09|f501fe|200007a534f90e0325[payload->].4...%||9,475
2025-07-31T00:00:52.918 0100|00|00|05|fa0001|200007a970[payload->].p||28,841
2025-07-31T00:00:53.020 0100|01|00|09|f501fe|200007a534f90e0325[payload->].4...%||9,475
2025-07-31T00:41:28.529 0100|00|00|05|fa0001|200007a970[payload->].p||28,841
2025-07-31T00:41:28.630 0100|01|00|09|f501fe|200007a534f90e0325[payload->].4...%||9,475
2025-07-31T01:01:44.822 0100|00|00|05|fa0001|200007a970[payload->].p||28,841
2025-07-31T01:01:44.923 0100|01|00|09|f501fe|200007a534f90e0325[payload->].4...%||9,475
2025-07-31T01:11:53.442 0100|00|00|05|fa0001|200007a970[payload->].p||28,841
2025-07-31T01:11:53.544 0100|01|00|09|f501fe|200007a534f90e0325[payload->].4...%||9,475
2025-07-31T01:22:01.831 0100|00|00|05|fa0001|200007a970[payload->].p||28,841
2025-07-31T01:22:01.932 0100|01|00|09|f501fe|200007a534f90e0325[payload->].4...%||9,475
2025-07-31T01:32:11.561 0100|00|00|05|fa0001|200007a970[payload->].p||28,841
2025-07-31T01:32:11.561 0100|01|00|09|f501fe|200007a534f90e0325[payload->].4...%||9,475
2025-07-31T02:02:37.610 0100|00|00|05|fa0001|200007a970[payload->].p||28,841
2025-07-31T02:02:37.711 0100|01|00|09|f501fe|200007a534f90e0325[payload->].4...%||9,475
2025-07-31T02:33:04.488 0100|00|00|05|fa0001|200007a970[payload->].p||28,841
2025-07-31T02:33:04.589 0100|01|00|09|f501fe|200007a534f90e0325[payload->].4...%||9,475
2025-07-31T02:43:13.150 0100|00|00|05|fa0001|200007a970[payload->].p||28,841
2025-07-31T02:43:13.251 0100|01|00|09|f501fe|200007a534f90e0325[payload->].4...%||9,475
2025-07-31T03:03:30.974 0100|00|00|05|fa0001|200007a970[payload->].p||28,841
2025-07-31T03:03:31.075 0100|01|00|09|f501fe|200007a534f90e0325[payload->].4...%||9,475
2025-07-31T03:13:39.080 0100|00|00|05|fa0001|200007a970[payload->].p||28,841
2025-07-31T03:13:39.181 0100|01|00|09|f501fe|200007a534f90e0325[payload->].4...%||9,475
2025-07-31T03:23:47.410 0100|00|00|04|fa0001|200007a9[payload->].||43,271
2025-07-31T03:23:47.410 0100|01|00|09|f501fe|200007a534f90e0325[payload->].4...%||9,475
2025-07-31T03:44:03.307 0100|00|00|05|fa0001|200007a970[payload->].p||28,841
2025-07-31T03:44:03.408 0100|01|00|09|f501fe|200007a534f90e0325[payload->].4...%||9,475
2025-07-31T03:54:12.960 0100|00|00|05|fa0001|200007a970[payload->].p||28,841
2025-07-31T03:54:12.960 0100|01|00|09|f501fe|200007a534f90e0325[payload->].4...%||9,475
2025-07-31T04:04:22.226 0100|00|00|05|fa0001|200007a901[payload->]..||0,425
2025-07-31T04:14:30.935 0100|00|00|05|fa0001|200007a970[payload->].p||28,841
2025-07-31T04:24:39.690 0100|00|00|05|fa0001|200007a970[payload->].p||28,841
2025-07-31T04:24:39.791 0100|01|00|09|f501fe|200007a534f90e0325[payload->].4...%||9,475
2025-07-31T04:34:49.034 0100|00|00|05|fa0001|200007a970[payload->].p||28,841
2025-07-31T04:34:49.034 0100|01|00|09|f501fe|200007a534f90e0325[payload->].4...%||9,475
2025-07-31T04:44:57.370 0100|00|00|05|fa0001|200007a970[payload->].p||28,841
2025-07-31T04:44:57.370 0100|01|00|09|f501fe|200007a534f90e0325[payload->].4...%||9,475
2025-07-31T05:35:41.787 0100|00|00|05|fa0001|200007a970[payload->].p||28,841
2025-07-31T05:35:41.889 0100|01|00|09|f501fe|200007a534f90e0325[payload->].4...%||9,475
2025-07-31T05:55:59.211 0100|00|00|05|fa0001|200007a970[payload->].p||28,841
2025-07-31T05:55:59.312 0100|01|00|09|f501fe|200007a534f90e0325[payload->].4...%||9,475
2025-07-31T06:06:07.529 0100|00|00|05|fa0001|200007a970[payload->].p||28,841
2025-07-31T06:06:07.630 0100|01|00|09|f501fe|200007a534f90e0325[payload->].4...%||9,475
2025-07-31T06:26:23.771 0100|00|00|05|fa0001|200007a970[payload->].p||28,841
2025-07-31T06:36:32.323 0100|00|00|05|fa0001|200007a970[payload->].p||28,841
2025-07-31T06:36:32.424 0100|01|00|09|f501fe|200007a534f90e0325[payload->].4...%||9,475
2025-07-31T06:46:40.815 0100|00|00|05|fa0001|200007a970[payload->].p||28,841
2025-07-31T06:56:49.441 0100|00|00|05|fa0001|200007a970[payload->].p||28,841
2025-07-31T06:56:49.542 0100|01|00|09|f501fe|200007a534f90e0325[payload->].4...%||9,475
2025-07-31T07:37:23.357 0100|00|00|05|fa0001|200007a970[payload->].p||28,841
2025-07-31T07:37:23.459 0100|01|00|09|f501fe|200007a534f90e0325[payload->].4...%||9,475
2025-07-31T07:47:31.390 0100|00|00|05|fa0001|200007a970[payload->].p||28,841
2025-07-31T07:47:31.390 0100|01|00|09|f501fe|200007a534f90e0325[payload->].4...%||9,475
2025-07-31T07:57:39.979 0100|00|00|05|fa0001|200007a970[payload->].p||28,841
2025-07-31T07:57:40.080 0100|01|00|09|f501fe|200007a534f90e0325[payload->].4...%||9,475
2025-07-31T08:17:57.589 0100|00|00|05|fa0001|200007a970[payload->].p||28,841
2025-07-31T08:17:57.690 0100|01|00|09|f501fe|200007a534f90e0325[payload->].4...%||9,475
2025-07-31T08:48:23.854 0100|00|00|05|fa0001|200007a970[payload->].p||28,841
2025-07-31T09:08:40.611 0100|00|00|05|fa0001|200007a970[payload->].p||28,841
2025-07-31T09:08:40.712 0100|01|00|09|f501fe|200007a534f90e0325[payload->].4...%||9,475
2025-07-31T09:18:47.924 0100|00|00|05|fa0001|200007a970[payload->].p||28,841
2025-07-31T09:18:47.924 0100|01|00|09|f501fe|200007a534f90e0325[payload->].4...%||9,475
2025-07-31T09:39:04.392 0100|00|00|05|fa0001|200007a970[payload->].p||28,841
2025-07-31T09:39:04.392 0100|01|00|09|f501fe|200007a534f90e0325[payload->].4...%||9,475
2025-07-31T09:49:12.255 0100|00|00|05|fa0001|200007a970[payload->].p||28,841
2025-07-31T09:49:12.356 0100|01|00|09|f501fe|200007a534f90e0325[payload->].4...%||9,475
2025-07-31T10:19:38.045 0100|00|00|05|fa0001|200007a970[payload->].p||28,841
2025-07-31T10:19:38.146 0100|01|00|09|f501fe|200007a534f90e0325[payload->].4...%||9,475
2025-07-31T10:39:54.162 0100|00|00|05|fa0001|200007a970[payload->].p||28,841
2025-07-31T10:39:54.162 0100|01|00|09|f501fe|200007a534f90e0325[payload->].4...%||9,475
2025-07-31T10:50:02.619 0100|00|00|05|fa0001|200007a970[payload->].p||28,841
2025-07-31T10:50:02.720 0100|01|00|09|f501fe|200007a534f90e0325[payload->].4...%||9,475
2025-07-31T11:00:11.773 0100|00|00|05|fa0001|200007a970[payload->].p||28,841
2025-07-31T11:00:11.874 0100|01|00|09|f501fe|200007a534f90e0325[payload->].4...%||9,475
2025-07-31T11:20:28.733 0100|00|00|05|fa0001|200007a970[payload->].p||28,841
2025-07-31T11:20:28.834 0100|01|00|09|f501fe|200007a534f90e0325[payload->].4...%||9,475
2025-07-31T11:40:46.110 0100|00|00|05|fa0001|200007a970[payload->].p||28,841
2025-07-31T11:40:46.111 0100|01|00|09|f501fe|200007a534f90e0325[payload->].4...%||9,475
2025-07-31T12:11:11.746 0100|00|00|05|fa0001|200007a970[payload->].p||28,841
2025-07-31T12:11:11.847 0100|01|00|09|f501fe|200007a534f90e0325[payload->].4...%||9,475
2025-07-31T12:21:20.929 0100|00|00|05|fa0001|200007a970[payload->].p||28,841
2025-07-31T12:21:20.930 0100|01|00|09|f501fe|200007a534f90e0325[payload->].4...%||9,475
2025-07-31T12:31:31.729 0100|00|00|05|fa0001|200007a970[payload->].p||28,841
2025-07-31T12:31:31.831 0100|01|00|09|f501fe|200007a534f90e0325[payload->].4...%||9,475
2025-07-31T12:41:40.887 0100|00|00|05|fa0001|200007a970[payload->].p||28,841
2025-07-31T12:41:40.888 0100|01|00|09|f501fe|200007a534f90e0325[payload->].4...%||9,475
2025-07-31T12:51:50.209 0100|00|00|05|fa0001|200007a970[payload->].p||28,841
2025-07-31T13:12:06.520 0100|00|00|05|fa0001|200007a970[payload->].p||28,841
2025-07-31T13:12:06.621 0100|01|00|09|f501fe|200007a534f90e0325[payload->].4...%||9,475
2025-07-31T13:22:14.246 0100|00|00|05|fa0001|200007a970[payload->].p||28,841
2025-07-31T13:22:14.246 0100|01|00|09|f501fe|200007a534f90e0325[payload->].4...%||9,475
2025-07-31T13:42:31.660 0100|00|00|05|fa0001|200007a970[payload->].p||28,841
2025-07-31T13:42:31.761 0100|01|00|09|f501fe|200007a534f90e0325[payload->].4...%||9,475
2025-07-31T14:12:58.542 0100|00|00|05|fa0001|200007a970[payload->].p||28,841
2025-07-31T14:12:58.543 0100|01|00|09|f501fe|200007a534f90e0325[payload->].4...%||9,475
2025-07-31T14:23:07.612 0100|00|00|05|fa0001|200007a970[payload->].p||28,841
2025-07-31T14:23:07.613 0100|01|00|09|f501fe|200007a534f90e0325[payload->].4...%||9,475
2025-07-31T14:33:14.980 0100|00|00|05|fa0001|200007a970[payload->].p||28,841
2025-07-31T14:33:14.980 0100|01|00|09|f501fe|200007a534f90e0325[payload->].4...%||9,475
2025-07-31T14:43:23.774 0100|00|00|05|fa0001|200007a970[payload->].p||28,841
2025-07-31T14:43:23.875 0100|01|00|09|f501fe|200007a534f90e0325[payload->].4...%||9,475
2025-07-31T14:53:32.624 0100|00|00|05|fa0001|200007a970[payload->].p||28,841
2025-07-31T14:53:32.725 0100|01|00|09|f501fe|200007a534f90e0325[payload->].4...%||9,475
2025-07-31T15:03:41.599 0100|00|00|05|fa0001|200007a970[payload->].p||28,841
2025-07-31T15:03:41.701 0100|01|00|09|f501fe|200007a534f90e0325[payload->].4...%||9,475
2025-07-31T15:13:49.165 0100|00|00|05|fa0001|200007a970[payload->].p||28,841
2025-07-31T15:13:49.165 0100|01|00|09|f501fe|200007a534f90e0325[payload->].4...%||9,475
2025-07-31T15:44:15.881 0100|00|00|05|fa0001|200007a970[payload->].p||28,841
2025-07-31T15:44:15.983 0100|01|00|09|f501fe|200007a534f90e0325[payload->].4...%||9,475
2025-07-31T15:54:24.726 0100|00|00|05|fa0001|200007a970[payload->].p||28,841
2025-07-31T15:54:24.726 0100|01|00|09|f501fe|200007a534f90e0325[payload->].4...%||9,475
2025-07-31T16:24:51.489 0100|00|00|05|fa0001|200007a970[payload->].p||28,841
2025-07-31T16:24:51.591 0100|01|00|09|f501fe|200007a534f90e0325[payload->].4...%||9,475
2025-07-31T16:34:59.638 0100|00|00|05|fa0001|200007a970[payload->].p||28,841
2025-07-31T16:34:59.739 0100|01|00|09|f501fe|200007a534f90e0325[payload->].4...%||9,475
2025-07-31T17:25:44.421 0100|00|00|05|fa0001|200007a970[payload->].p||28,841
2025-07-31T17:25:44.422 0100|01|00|09|f501fe|200007a534f90e0325[payload->].4...%||9,475
2025-07-31T17:46:02.998 0100|00|00|05|fa0001|200007a970[payload->].p||28,841
2025-07-31T17:46:03.300 0100|01|00|09|f501fe|200007a534f90e0325[payload->].4...%||9,475
2025-07-31T17:56:11.728 0100|00|00|05|fa0001|200007a970[payload->].p||28,841
2025-07-31T17:56:11.729 0100|01|00|09|f501fe|200007a534f90e0325[payload->].4...%||9,475
2025-07-31T18:36:47.956 0100|00|00|05|fa0001|200007a970[payload->].p||28,841
2025-07-31T18:36:47.957 0100|01|00|09|f501fe|200007a534f90e0325[payload->].4...%||9,475
2025-07-31T18:46:56.947 0100|00|00|05|fa0001|200007a970[payload->].p||28,841
2025-07-31T18:46:56.947 0100|01|00|09|f501fe|200007a534f90e0325[payload->].4...%||9,475
2025-07-31T18:57:06.295 0100|00|00|05|fa0001|200007a970[payload->].p||28,841
2025-07-31T18:57:06.295 0100|01|00|09|f501fe|200007a534f90e0325[payload->].4...%||9,475
2025-07-31T19:07:14.603 0100|00|00|05|fa0001|200007a970[payload->].p||28,841
2025-07-31T19:07:14.704 0100|01|00|09|f501fe|200007a534f90e0325[payload->].4...%||9,475
2025-07-31T19:17:23.676 0100|00|00|05|fa0001|200007a970[payload->].p||28,841
2025-07-31T19:17:23.777 0100|01|00|09|f501fe|200007a534f90e0321[payload->].4...!||8,451
2025-07-31T19:27:32.627 0100|00|00|05|fa0001|200007a970[payload->].p||28,841
2025-07-31T19:27:32.627 0100|01|00|09|f501fe|200007a534f90e0325[payload->].4...%||9,475
2025-07-31T19:57:59.802 0100|00|00|05|fa0001|200007a970[payload->].p||28,841
2025-07-31T19:57:59.904 0100|01|00|09|f501fe|200007a534f90e0325[payload->].4...%||9,475
2025-07-31T20:28:25.705 0100|00|00|05|fa0001|200007a970[payload->].p||28,841
2025-07-31T20:28:25.806 0100|01|00|09|f501fe|200007a534f90e0325[payload->].4...%||9,475
2025-07-31T20:38:34.569 0100|00|00|05|fa0001|200007a970[payload->].p||28,841
2025-07-31T20:38:34.569 0100|01|00|09|f501fe|200007a534f90e0325[payload->].4...%||9,475
2025-07-31T20:48:43.739 0100|00|00|05|fa0001|200007a970[payload->].p||28,841
2025-07-31T20:48:43.740 0100|01|00|09|f501fe|200007a534f90e0325[payload->].4...%||9,475
2025-07-31T20:58:52.715 0100|00|00|05|fa0001|200007a970[payload->].p||28,841
2025-07-31T20:58:52.816 0100|01|00|09|f501fe|200007a534f90e0325[payload->].4...%||9,475
2025-07-31T21:09:02.104 0100|00|00|05|fa0001|200007a970[payload->].p||28,841
2025-07-31T21:09:02.104 0100|01|00|09|f501fe|200007a534f90e0325[payload->].4...%||9,475
2025-07-31T21:19:10.974 0100|00|00|05|fa0001|200007a970[payload->].p||28,841
2025-07-31T21:19:11.076 0100|01|00|09|f501fe|200007a534f90e0325[payload->].4...%||9,475
2025-07-31T21:29:19.555 0100|00|00|05|fa0001|200007a970[payload->].p||28,841
2025-07-31T21:29:19.656 0100|01|00|09|f501fe|200007a534f90e0325[payload->].4...%||9,475
2025-07-31T21:59:45.015 0100|00|00|05|fa0001|200007a970[payload->].p||28,841
2025-07-31T21:59:45.015 0100|01|00|09|f501fe|200007a534f90e0325[payload->].4...%||9,475
2025-07-31T22:20:02.781 0100|00|00|05|fa0001|200007a970[payload->].p||28,841
2025-07-31T22:20:02.781 0100|01|00|09|f501fe|200007a534f90e0325[payload->].4...%||9,475
2025-07-31T23:10:49.154 0100|01|00|09|f501fe|200007a534f90e0325[payload->].4...%||9,475
2025-07-31T23:20:57.587 0100|00|00|05|fa0001|200007a970[payload->].p||28,841
2025-07-31T23:20:57.688 0100|01|00|09|f501fe|200007a534f90e0325[payload->].4...%||9,475
2025-07-31T23:31:06.115 0100|00|00|05|fa0001|200007a970[payload->].p||28,841
2025-07-31T23:31:06.216 0100|01|00|09|f501fe|200007a534f90e0325[payload->].4...%||9,475
2025-07-31T23:51:24.534 0100|00|00|05|fa0001|200007a970[payload->].p||28,841
2025-07-31T23:51:24.636 0100|01|00|09|f501fe|200007a534f90e0325[payload->].4...%||9,475
2025-08-01T00:01:33.788 0100|00|00|05|fa0001|200007a970[payload->].p||28,841
2025-08-01T00:01:33.889 0100|01|00|09|f501fe|200007a534f90e0325[payload->].4...%||9,475
2025-08-01T00:11:42.811 0100|00|00|05|fa0001|200007a970[payload->].p||28,841
2025-08-01T00:11:42.912 0100|01|00|09|f501fe|200007a534f90e0325[payload->].4...%||9,475
2025-08-01T00:21:51.684 0100|00|00|05|fa0001|200007a970[payload->].p||28,841
2025-08-01T00:21:51.785 0100|01|00|09|f501fe|200007a534f90e0325[payload->].4...%||9,475
2025-08-01T00:32:00.655 0100|00|00|05|fa0001|200007a970[payload->].p||28,841
2025-08-01T00:32:00.756 0100|01|00|09|f501fe|200007a534f90e0325[payload->].4...%||9,475
2025-08-01T00:42:09.449 0100|00|00|05|fa0001|200007a970[payload->].p||28,841
2025-08-01T00:42:09.550 0100|01|00|09|f501fe|200007a534f90e222c[payload->].4..",||11,298
2025-08-01T01:02:27.796 0100|00|00|05|fa0001|200007a970[payload->].p||28,841
2025-08-01T01:02:27.897 0100|01|00|09|f501fe|200007a534f90e0325[payload->].4...%||9,475
2025-08-01T01:32:53.677 0100|00|00|05|fa0001|200007a970[payload->].p||28,841
2025-08-01T01:32:53.778 0100|01|00|09|f501fe|200007a534f90e0325[payload->].4...%||9,475
2025-08-01T01:43:03.055 0100|00|00|05|fa0001|200007a970[payload->].p||28,841
2025-08-01T01:43:03.156 0100|01|00|09|f501fe|200007a534f90e0325[payload->].4...%||9,475
2025-08-01T02:23:38.268 0100|00|00|05|fa0001|200007a970[payload->].p||28,841
2025-08-01T02:23:38.369 0100|01|00|09|f501fe|200007a534f90e0325[payload->].4...%||9,475
2025-08-01T02:33:46.781 0100|00|00|05|fa0001|200007a970[payload->].p||28,841
2025-08-01T02:33:46.882 0100|01|00|09|f501fe|200007a534f90e0325[payload->].4...%||9,475
2025-08-01T02:43:56.618 0100|00|00|05|fa0001|200007a970[payload->].p||28,841
2025-08-01T02:43:56.719 0100|01|00|09|f501fe|200007a534f90e0325[payload->].4...%||9,475
2025-08-01T02:54:04.049 0100|00|00|05|fa0001|200007a970[payload->].p||28,841
2025-08-01T02:54:04.151 0100|01|00|09|f501fe|200007a534f90e0325[payload->].4...%||9,475
2025-08-01T03:04:12.694 0100|00|00|05|fa0001|200007a970[payload->].p||28,841
2025-08-01T03:04:12.795 0100|01|00|09|f501fe|200007a534f90e0325[payload->].4...%||9,475
2025-08-01T03:24:30.244 0100|00|00|05|fa0001|200007a970[payload->].p||28,841
2025-08-01T03:24:30.245 0100|01|00|09|f501fe|200007a534f90e0325[payload->].4...%||9,475
2025-08-01T03:34:38.743 0100|00|00|05|fa0001|200007a970[payload->].p||28,841
2025-08-01T03:34:38.743 0100|01|00|09|f501fe|200007a534f90e0325[payload->].4...%||9,475
2025-08-01T03:44:46.769 0100|00|00|05|fa0001|200007a970[payload->].p||28,841
2025-08-01T03:44:46.871 0100|01|00|09|f501fe|200007a534f90e0325[payload->].4...%||9,475
2025-08-01T03:54:55.854 0100|00|00|05|fa0001|200007a970[payload->].p||28,841
2025-08-01T03:54:55.955 0100|01|00|09|f501fe|200007a534f90e0325[payload->].4...%||9,475
2025-08-01T04:05:04.365 0100|00|00|05|fa0001|200007a970[payload->].p||28,841
2025-08-01T04:05:04.467 0100|01|00|09|f501fe|200007a534f90e0325[payload->].4...%||9,475
2025-08-01T04:25:22.581 0100|00|00|05|fa0001|200007a970[payload->].p||28,841
2025-08-01T04:25:22.682 0100|01|00|09|f501fe|200007a534f90e0325[payload->].4...%||9,475
2025-08-01T04:35:32.142 0100|00|00|05|fa0001|200007a970[payload->].p||28,841
2025-08-01T04:35:32.243 0100|01|00|09|f501fe|200007a534f90e0325[payload->].4...%||9,475
2025-08-01T04:45:41.287 0100|00|00|05|fa0001|200007a970[payload->].p||28,841
2025-08-01T04:45:41.388 0100|01|00|09|f501fe|200007a534f90e0325[payload->].4...%||9,475
2025-08-01T04:55:50.877 0100|00|00|05|fa0001|200007a970[payload->].p||28,841
2025-08-01T04:55:50.978 0100|01|00|09|f501fe|200007a534f90e0325[payload->].4...%||9,475
2025-08-01T05:05:59.201 0100|00|00|05|fa0001|200007a970[payload->].p||28,841
2025-08-01T05:05:59.302 0100|01|00|09|f501fe|200007a534f90e0325[payload->].4...%||9,475
2025-08-01T05:16:08.722 0100|00|00|05|fa0001|200007a970[payload->].p||28,841
2025-08-01T05:16:08.722 0100|01|00|09|f501fe|200007a534f90e0325[payload->].4...%||9,475
2025-08-01T05:26:16.336 0100|00|00|05|fa0001|200007a970[payload->].p||28,841
2025-08-01T05:26:16.437 0100|01|00|09|f501fe|200007a534f90e0325[payload->].4...%||9,475
2025-08-01T05:56:43.307 0100|00|00|05|fa0001|200007a970[payload->].p||28,841
2025-08-01T05:56:43.307 0100|01|00|09|f501fe|200007a534f90e0325[payload->].4...%||9,475
2025-08-01T06:06:52.614 0100|00|00|05|fa0001|200007a970[payload->].p||28,841
2025-08-01T06:06:52.716 0100|01|00|09|f501fe|200007a534f90e0325[payload->].4...%||9,475
2025-08-01T06:17:01.768 0100|00|00|05|fa0001|200007a970[payload->].p||28,841
2025-08-01T06:17:01.869 0100|01|00|09|f501fe|200007a534f90e0325[payload->].4...%||9,475
2025-08-01T06:37:18.292 0100|00|00|05|fa0001|200007a970[payload->].p||28,841
2025-08-01T06:57:35.506 0100|00|00|05|fa0001|200007a970[payload->].p||28,841
2025-08-01T06:57:35.607 0100|01|00|09|f501fe|200007a534f90e0325[payload->].4...%||9,475
2025-08-01T07:07:43.728 0100|00|00|05|fa0001|200007a970[payload->].p||28,841
2025-08-01T07:07:43.829 0100|01|00|09|f501fe|200007a534f90e0325[payload->].4...%||9,475
2025-08-01T07:17:52.852 0100|00|00|05|fa0001|200007a970[payload->].p||28,841
2025-08-01T07:17:52.953 0100|01|00|09|f501fe|200007a534f90e0325[payload->].4...%||9,475
2025-08-01T07:58:27.529 0100|00|00|05|fa0001|200007a970[payload->].p||28,841
2025-08-01T07:58:27.630 0100|01|00|09|f501fe|200007a534f90e0325[payload->].4...%||9,475
2025-08-01T08:18:45.962 0100|00|00|05|fa0001|200007a970[payload->].p||28,841
2025-08-01T08:18:46.064 0100|01|00|09|f501fe|200007a534f90e0325[payload->].4...%||9,475
2025-08-01T08:49:11.555 0100|00|00|05|fa0001|200007a970[payload->].p||28,841
2025-08-01T08:49:11.656 0100|01|00|09|f501fe|200007a534f90e0325[payload->].4...%||9,475
2025-08-01T09:09:29.792 0100|00|00|05|fa0001|200007a970[payload->].p||28,841
2025-08-01T09:09:29.893 0100|01|00|09|f501fe|200007a534f90e0325[payload->].4...%||9,475
2025-08-01T09:19:38.743 0100|00|00|05|fa0001|200007a970[payload->].p||28,841
2025-08-01T09:19:38.743 0100|01|00|09|f501fe|200007a534f90e0325[payload->].4...%||9,475
2025-08-01T09:29:47.600 0100|00|00|05|fa0001|200007a970[payload->].p||28,841
2025-08-01T09:29:47.701 0100|01|00|09|f501fe|200007a534f90e0325[payload->].4...%||9,475
2025-08-01T10:10:22.871 0100|00|00|05|fa0001|200007a970[payload->].p||28,841
2025-08-01T10:10:22.972 0100|01|00|09|f501fe|200007a534f90e0325[payload->].4...%||9,475
2025-08-01T10:30:41.027 0100|00|00|05|fa0001|200007a970[payload->].p||28,841
2025-08-01T10:30:41.028 0100|01|00|09|f501fe|200007a534f90e0325[payload->].4...%||9,475
2025-08-01T10:50:59.283 0100|00|00|05|fa0001|200007a970[payload->].p||28,841
2025-08-01T11:21:26.090 0100|00|00|05|fa0001|200007a970[payload->].p||28,841
2025-08-01T11:21:26.191 0100|01|00|09|f501fe|200007a534f90e0325[payload->].4...%||9,475
2025-08-01T11:41:45.066 0100|00|00|05|fa0001|200007a970[payload->].p||28,841
2025-08-01T11:51:53.837 0100|01|00|09|f501fe|200007a534f90e0325[payload->].4...%||9,475
2025-08-01T12:12:11.454 0100|00|00|05|fa0001|200007a970[payload->].p||28,841
2025-08-01T12:12:11.555 0100|01|00|09|f501fe|200007a534f90e0325[payload->].4...%||9,475
2025-08-01T12:32:29.347 0100|00|00|05|fa0001|200007a970[payload->].p||28,841
2025-08-01T12:32:29.347 0100|01|00|09|f501fe|200007a534f90e0325[payload->].4...%||9,475
2025-08-01T12:52:46.864 0100|00|00|05|fa0001|200007a970[payload->].p||28,841
2025-08-01T12:52:46.964 0100|01|00|09|f501fe|200007a534f90e0325[payload->].4...%||9,475
2025-08-01T13:13:03.900 0100|00|00|05|fa0001|200007a970[payload->].p||28,841
2025-08-01T13:13:04.001 0100|01|00|09|f501fe|200007a534f90e0325[payload->].4...%||9,475
2025-08-01T13:23:13.039 0100|00|00|05|fa0001|200007a970[payload->].p||28,841
2025-08-01T13:23:13.039 0100|01|00|09|f501fe|200007a534f90e0325[payload->].4...%||9,475
2025-08-01T13:33:21.927 0100|00|00|05|fa0001|200007a970[payload->].p||28,841
2025-08-01T13:33:22.028 0100|01|00|09|f501fe|200007a534f90e0325[payload->].4...%||9,475
2025-08-01T13:43:30.670 0100|01|00|09|f501fe|200007a534f90e0325[payload->].4...%||9,475
2025-08-01T13:53:39.791 0100|00|00|05|fa0001|200007a970[payload->].p||28,841
2025-08-01T13:53:39.892 0100|01|00|09|f501fe|200007a534f90e0325[payload->].4...%||9,475
2025-08-01T14:13:56.674 0100|00|00|05|fa0001|200007a970[payload->].p||28,841
2025-08-01T14:24:05.326 0100|00|00|05|fa0001|200007a970[payload->].p||28,841
2025-08-01T14:24:05.427 0100|01|00|09|f501fe|200007a534f90e0325[payload->].4...%||9,475
2025-08-01T14:34:13.841 0100|00|00|05|fa0001|200007a970[payload->].p||28,841
2025-08-01T14:34:13.842 0100|01|00|09|f501fe|200007a534f90e0325[payload->].4...%||9,475
2025-08-01T14:54:32.045 0100|00|00|05|fa0001|200007a970[payload->].p||28,841
2025-08-01T14:54:32.146 0100|01|00|09|f501fe|200007a534f90e0325[payload->].4...%||9,475
2025-08-01T15:04:40.638 0100|00|00|05|fa0001|200007a970[payload->].p||28,841
2025-08-01T15:04:40.739 0100|01|00|09|f501fe|200007a534f90e0325[payload->].4...%||9,475
2025-08-01T15:14:49.690 0100|00|00|05|fa0001|200007a970[payload->].p||28,841
2025-08-01T15:14:49.791 0100|01|00|09|f501fe|200007a534f90e0325[payload->].4...%||9,475
2025-08-01T16:05:32.981 0100|00|00|05|fa0001|200007a970[payload->].p||28,841
2025-08-01T16:05:32.982 0100|01|00|09|f501fe|200007a534f90e0325[payload->].4...%||9,475
2025-08-01T16:15:41.621 0100|00|00|05|fa0001|200007a970[payload->].p||28,841
2025-08-01T16:15:41.723 0100|01|00|09|f501fe|200007a534f90e0325[payload->].4...%||9,475
2025-08-01T16:35:59.268 0100|00|00|04|fa0001|200007a9[payload->].||43,271
2025-08-01T16:35:59.369 0100|01|00|09|f501fe|200007a534f90e0325[payload->].4...%||9,475
2025-08-01T16:46:08.169 0100|00|00|05|fa0001|200007a970[payload->].p||28,841
2025-08-01T16:46:08.270 0100|01|00|09|f501fe|200007a534f90e0325[payload->].4...%||9,475
2025-08-01T17:06:25.432 0100|01|00|09|f501fe|200007a534f90e0325[payload->].4...%||9,475
2025-08-01T17:16:34.021 0100|00|00|05|fa0001|200007a970[payload->].p||28,841
2025-08-01T17:36:51.828 0100|01|00|09|f501fe|200007a534f90e0325[payload->].4...%||9,475
2025-08-01T18:07:18.604 0100|00|00|05|fa0001|200007a970[payload->].p||28,841
2025-08-01T18:07:18.706 0100|01|00|09|f501fe|200007a534f90e0325[payload->].4...%||9,475
2025-08-01T18:17:26.321 0100|00|00|05|fa0001|200007a970[payload->].p||28,841
2025-08-01T18:17:26.422 0100|01|00|09|f501fe|200007a534f90e0325[payload->].4...%||9,475
2025-08-01T18:37:43.598 0100|00|00|05|fa0001|200007a970[payload->].p||28,841
2025-08-01T18:37:43.599 0100|01|00|09|f501fe|200007a534f90e0325[payload->].4...%||9,475
2025-08-01T18:47:51.838 0100|00|00|05|fa0001|200007a970[payload->].p||28,841
2025-08-01T18:47:51.940 0100|01|00|09|f501fe|200007a534f90e0325[payload->].4...%||9,475
2025-08-01T18:58:00.659 0100|00|00|05|fa0001|200007a970[payload->].p||28,841
2025-08-01T18:58:00.659 0100|01|00|09|f501fe|200007a534f90e0325[payload->].4...%||9,475
2025-08-01T19:08:08.996 0100|00|00|05|fa0001|200007a970[payload->].p||28,841
2025-08-01T19:08:09.098 0100|01|00|09|f501fe|200007a534f90e0325[payload->].4...%||9,475
2025-08-01T19:18:17.929 0100|00|00|05|fa0001|200007a970[payload->].p||28,841
2025-08-01T19:18:18.030 0100|01|00|09|f501fe|200007a534f90e0325[payload->].4...%||9,475
2025-08-01T19:38:35.606 0100|01|00|09|f501fe|200007a534f90e0325[payload->].4...%||9,475
2025-08-01T19:48:43.614 0100|00|00|05|fa0001|200007a970[payload->].p||28,841
2025-08-01T19:48:43.716 0100|01|00|09|f501fe|200007a534f90e0325[payload->].4...%||9,475
2025-08-01T20:09:00.473 0100|00|00|05|fa0001|200007a970[payload->].p||28,841
2025-08-01T20:09:00.574 0100|01|00|09|f501fe|200007a534f90e2000[payload->].4.. .||0,032
2025-08-01T20:19:09.099 0100|01|00|09|f501fe|200007a534f90e0325[payload->].4...%||9,475
2025-08-01T20:29:17.656 0100|01|00|09|f501fe|200007a534f90e0325[payload->].4...%||9,475
2025-08-01T20:49:35.658 0100|00|00|05|fa0001|200007a970[payload->].p||28,841
2025-08-01T20:49:35.759 0100|01|00|09|f501fe|200007a534f90e0325[payload->].4...%||9,475
2025-08-01T20:59:43.849 0100|00|00|05|fa0001|200007a970[payload->].p||28,841
2025-08-01T20:59:43.950 0100|01|00|09|f501fe|200007a534f90e0325[payload->].4...%||9,475
2025-08-01T21:20:01.886 0100|00|00|05|fa0001|200007a970[payload->].p||28,841
2025-08-01T21:30:10.469 0100|00|00|05|fa0001|200007a970[payload->].p||28,841
2025-08-01T21:30:10.570 0100|01|00|09|f501fe|200007a534f90e0325[payload->].4...%||9,475
2025-08-01T21:40:19.751 0100|00|00|05|fa0001|200007a970[payload->].p||28,841
2025-08-01T21:40:19.852 0100|01|00|09|f501fe|200007a534f90e0325[payload->].4...%||9,475
2025-08-01T22:00:37.796 0100|00|00|05|fa0001|200007a970[payload->].p||28,841
2025-08-01T22:00:37.897 0100|01|00|09|f501fe|200007a534f90e0325[payload->].4...%||9,475
2025-08-01T22:20:55.840 0100|00|00|05|fa0001|200007a970[payload->].p||28,841
2025-08-01T22:20:55.840 0100|01|00|09|f501fe|200007a534f90e0325[payload->].4...%||9,475
2025-08-01T22:31:04.666 0100|00|00|05|fa0001|200007a970[payload->].p||28,841
2025-08-01T22:31:04.666 0100|01|00|09|f501fe|200007a534f90e0325[payload->].4...%||9,475
2025-08-01T22:41:13.688 0100|00|00|05|fa0001|200007a970[payload->].p||28,841
2025-08-01T22:51:22.543 0100|00|00|05|fa0001|200007a970[payload->].p||28,841
2025-08-01T22:51:22.644 0100|01|00|09|f501fe|200007a534f90e0325[payload->].4...%||9,475
2025-08-01T23:01:31.309 0100|00|00|05|fa0001|200007a970[payload->].p||28,841
2025-08-01T23:01:31.309 0100|01|00|09|f501fe|200007a534f90e0325[payload->].4...%||9,475
2025-08-01T23:21:49.174 0100|00|00|05|fa0001|200007a970[payload->].p||28,841
2025-08-01T23:21:49.275 0100|01|00|09|f501fe|200007a534f90e0325[payload->].4...%||9,475
2025-08-01T23:31:57.304 0100|00|00|05|fa0001|200007a970[payload->].p||28,841
2025-08-01T23:31:57.405 0100|01|00|09|f501fe|200007a534f90e0325[payload->].4...%||9,475
2025-08-01T23:52:14.741 0100|00|00|05|fa0001|200007a970[payload->].p||28,841
2025-08-01T23:52:14.842 0100|01|00|09|f501fe|200007a534f90e0325[payload->].4...%||9,475
2025-08-02T00:02:22.303 0100|00|00|05|fa0001|200007a970[payload->].p||28,841
2025-08-02T00:02:22.404 0100|01|00|09|f501fe|200007a534f90e0325[payload->].4...%||9,475
2025-08-02T00:22:40.537 0100|00|00|05|fa0001|200007a970[payload->].p||28,841
2025-08-02T00:22:40.638 0100|01|00|09|f501fe|200007a534f90e0325[payload->].4...%||9,475
2025-08-02T00:32:49.236 0100|00|00|05|fa0001|200007a970[payload->].p||28,841
2025-08-02T00:32:49.337 0100|01|00|09|f501fe|200007a534f90e0325[payload->].4...%||9,475
2025-08-02T01:03:14.729 0100|00|00|05|fa0001|200007a970[payload->].p||28,841
2025-08-02T01:03:14.730 0100|01|00|09|f501fe|200007a534f90e0325[payload->].4...%||9,475
2025-08-02T01:13:23.624 0100|00|00|05|fa0001|200007a970[payload->].p||28,841
2025-08-02T01:13:23.625 0100|01|00|09|f501fe|200007a534f90e0325[payload->].4...%||9,475
2025-08-02T01:33:41.695 0100|00|00|05|fa0001|200007a970[payload->].p||28,841
2025-08-02T01:33:41.796 0100|01|00|09|f501fe|200007a534f90e0325[payload->].4...%||9,475
2025-08-02T01:53:59.597 0100|00|00|05|fa0001|200007a970[payload->].p||28,841
2025-08-02T01:53:59.698 0100|01|00|09|f501fe|200007a534f90e0325[payload->].4...%||9,475
2025-08-02T02:04:08.726 0100|00|00|05|fa0001|200007a970[payload->].p||28,841
2025-08-02T02:04:08.827 0100|01|00|09|f501fe|200007a534f90e0325[payload->].4...%||9,475
2025-08-02T02:14:18.194 0100|00|00|05|fa0001|200007a970[payload->].p||28,841
2025-08-02T02:34:35.915 0100|00|00|05|fa0001|200007a970[payload->].p||28,841
2025-08-02T02:34:35.916 0100|01|00|09|f501fe|200007a534f90e0325[payload->].4...%||9,475
2025-08-02T02:54:53.248 0100|00|00|05|fa0001|200007a970[payload->].p||28,841
2025-08-02T02:54:53.349 0100|01|00|09|f501fe|200007a534f90e0325[payload->].4...%||9,475
2025-08-02T03:05:01.564 0100|01|00|09|f501fe|200007a534f90e0325[payload->].4...%||9,475
2025-08-02T03:25:19.479 0100|00|00|05|fa0001|200007a970[payload->].p||28,841
2025-08-02T03:25:19.580 0100|01|00|09|f501fe|200007a534f90e0325[payload->].4...%||9,475
2025-08-02T03:45:36.350 0100|00|00|05|fa0001|200007a970[payload->].p||28,841
2025-08-02T03:45:36.451 0100|01|00|09|f501fe|200007a534f90e0325[payload->].4...%||9,475
2025-08-02T04:05:52.564 0100|01|00|09|f501fe|200007a534f90e0325[payload->].4...%||9,475
2025-08-02T04:36:19.462 0100|00|00|05|fa0001|200007a970[payload->].p||28,841
2025-08-02T04:36:19.462 0100|01|00|09|f501fe|200007a534f90e0325[payload->].4...%||9,475
2025-08-02T04:56:36.691 0100|00|00|05|fa0001|200007a970[payload->].p||28,841
2025-08-02T04:56:36.692 0100|01|00|09|f501fe|200007a534f90e0100[payload->].4....||0,001
2025-08-02T05:06:45.481 0100|00|00|05|fa0001|200007a970[payload->].p||28,841
2025-08-02T05:06:45.583 0100|01|00|09|f501fe|200007a534f90e0325[payload->].4...%||9,475
2025-08-02T05:27:02.482 0100|00|00|05|fa0001|200007a970[payload->].p||28,841
2025-08-02T05:27:02.583 0100|01|00|09|f501fe|200007a534f90e0325[payload->].4...%||9,475
2025-08-02T05:37:11.445 0100|00|00|05|fa0001|200007a970[payload->].p||28,841
2025-08-02T05:37:11.446 0100|01|00|09|f501fe|200007a534f90e0325[payload->].4...%||9,475
2025-08-02T05:57:29.204 0100|00|00|05|fa0001|200007a970[payload->].p||28,841
2025-08-02T05:57:29.305 0100|01|00|09|f501fe|200007a534f90e0325[payload->].4...%||9,475
2025-08-02T06:07:37.916 0100|00|00|05|fa0001|200007a970[payload->].p||28,841
2025-08-02T06:07:38.017 0100|01|00|09|f501fe|200007a534f90e0305[payload->].4....||1,283
2025-08-02T06:27:55.682 0100|00|00|05|fa0001|200007a970[payload->].p||28,841
2025-08-02T06:27:55.783 0100|01|00|09|f501fe|200007a534f90e0325[payload->].4...%||9,475
2025-08-02T06:58:22.380 0100|00|00|05|fa0001|200007a970[payload->].p||28,841
2025-08-02T06:58:22.481 0100|01|00|09|f501fe|200007a534f90e0325[payload->].4...%||9,475
2025-08-02T07:08:31.450 0100|00|00|05|fa0001|200007a970[payload->].p||28,841
2025-08-02T07:18:40.602 0100|00|00|05|fa0001|200007a970[payload->].p||28,841
2025-08-02T07:18:40.704 0100|01|00|09|f501fe|200007a534f90e0325[payload->].4...%||9,475
2025-08-02T07:28:49.703 0100|00|00|05|fa0001|200007a970[payload->].p||28,841
2025-08-02T07:28:49.804 0100|01|00|09|f501fe|200007a534f90e0325[payload->].4...%||9,475
2025-08-02T07:38:57.598 0100|00|00|05|fa0001|200007a970[payload->].p||28,841
2025-08-02T07:38:57.699 0100|01|00|09|f501fe|200007a534f90e0225[payload->].4...%||9,474
2025-08-02T08:09:24.590 0100|00|00|05|fa0001|200007a970[payload->].p||28,841
2025-08-02T08:09:24.691 0100|01|00|09|f501fe|200007a534f90e0325[payload->].4...%||9,475
2025-08-02T08:29:42.635 0100|00|00|05|fa0001|200007a970[payload->].p||28,841
2025-08-02T08:29:42.736 0100|01|00|09|f501fe|200007a534f90e0325[payload->].4...%||9,475
2025-08-02T08:39:50.726 0100|00|00|05|fa0001|200007a970[payload->].p||28,841
2025-08-02T08:39:50.828 0100|01|00|09|f501fe|200007a534f90e0325[payload->].4...%||9,475
2025-08-02T08:49:59.530 0100|00|00|05|fa0001|200007a970[payload->].p||28,841
2025-08-02T08:49:59.632 0100|01|00|09|f501fe|200007a534f90e0325[payload->].4...%||9,475
2025-08-02T09:00:07.956 0100|00|00|05|fa0001|200007a970[payload->].p||28,841
2025-08-02T09:00:08.057 0100|01|00|09|f501fe|200007a534f90e0325[payload->].4...%||9,475
2025-08-02T09:10:16.718 0100|00|00|05|fa0001|200007a970[payload->].p||28,841
2025-08-02T09:10:16.819 0100|01|00|09|f501fe|200007a534f90e0325[payload->].4...%||9,475
2025-08-02T09:20:25.623 0100|00|00|05|fa0001|200007a970[payload->].p||28,841
2025-08-02T09:20:25.623 0100|01|00|09|f501fe|200007a534f90e0325[payload->].4...%||9,475
2025-08-02T09:30:34.490 0100|01|00|09|f501fe|200007a534f90e0325[payload->].4...%||9,475
2025-08-02T10:00:59.912 0100|00|00|05|fa0001|200007a970[payload->].p||28,841
2025-08-02T10:01:00.013 0100|01|00|09|f501fe|200007a534f90e0325[payload->].4...%||9,475
2025-08-02T10:11:08.464 0100|00|00|05|fa0001|200007a970[payload->].p||28,841
2025-08-02T10:11:08.565 0100|01|00|09|f501fe|200007a534f90e0125[payload->].4...%||9,473
2025-08-02T11:01:53.647 0100|00|00|05|fa0001|200007a970[payload->].p||28,841
2025-08-02T11:01:53.748 0100|01|00|09|f501fe|200007a534f90e0325[payload->].4...%||9,475
2025-08-02T11:12:02.173 0100|00|00|05|fa0001|200007a970[payload->].p||28,841
2025-08-02T11:12:02.275 0100|01|00|09|f501fe|200007a534f90e0325[payload->].4...%||9,475
2025-08-02T11:32:19.235 0100|00|00|05|fa0001|200007a970[payload->].p||28,841
2025-08-02T11:32:19.336 0100|01|00|09|f501fe|200007a534f90e0325[payload->].4...%||9,475
2025-08-02T11:42:28.592 0100|00|00|05|fa0001|200007a970[payload->].p||28,841
2025-08-02T11:42:28.693 0100|01|00|09|f501fe|200007a534f90e0325[payload->].4...%||9,475
2025-08-02T12:02:46.559 0100|00|00|05|fa0001|200007a970[payload->].p||28,841
2025-08-02T12:02:46.559 0100|01|00|09|f501fe|200007a534f90e0325[payload->].4...%||9,475
2025-08-02T12:12:55.110 0100|00|00|04|fa0001|200007a9[payload->].||43,271
2025-08-02T12:12:55.211 0100|01|00|09|f501fe|200007a534f90e0325[payload->].4...%||9,475
2025-08-02T12:43:20.549 0100|00|00|05|fa0001|200007a970[payload->].p||28,841
2025-08-02T12:43:20.650 0100|01|00|09|f501fe|200007a534f90e0325[payload->].4...%||9,475
2025-08-02T12:53:29.509 0100|00|00|05|fa0001|200007a970[payload->].p||28,841
2025-08-02T12:53:29.610 0100|01|00|09|f501fe|200007a534f90e0325[payload->].4...%||9,475
2025-08-02T13:34:04.055 0100|00|00|05|fa0001|200007a970[payload->].p||28,841
2025-08-02T13:34:04.157 0100|01|00|09|f501fe|200007a534f90e0325[payload->].4...%||9,475
2025-08-02T13:44:12.660 0100|00|00|05|fa0001|200007a970[payload->].p||28,841
2025-08-02T13:44:12.761 0100|01|00|09|f501fe|200007a534f90e0325[payload->].4...%||9,475
2025-08-02T13:54:21.706 0100|00|00|05|fa0001|200007a970[payload->].p||28,841
2025-08-02T14:14:39.636 0100|00|00|05|fa0001|200007a970[payload->].p||28,841
2025-08-02T14:14:39.737 0100|01|00|09|f501fe|200007a534f90e0325[payload->].4...%||9,475
2025-08-02T15:05:24.006 0100|00|00|05|fa0001|200007a970[payload->].p||28,841
2025-08-02T15:05:24.006 0100|01|00|09|f501fe|200007a534f90e0325[payload->].4...%||9,475
2025-08-02T15:15:32.551 0100|00|00|05|fa0001|200007a970[payload->].p||28,841
2025-08-02T15:15:32.551 0100|01|00|09|f501fe|200007a534f90e0325[payload->].4...%||9,475
2025-08-02T15:25:41.940 0100|00|00|05|fa0001|200007a970[payload->].p||28,841
2025-08-02T15:25:42.041 0100|01|00|09|f501fe|200007a534f90e0325[payload->].4...%||9,475
2025-08-02T16:16:25.039 0100|00|00|05|fa0001|200007a970[payload->].p||28,841
2025-08-02T16:16:25.140 0100|01|00|09|f501fe|200007a534f90e0325[payload->].4...%||9,475
2025-08-02T16:26:33.627 0100|00|00|05|fa0001|200007a970[payload->].p||28,841
2025-08-02T16:26:33.728 0100|01|00|09|f501fe|2000072534f90e0325[payload->]%4...%||9,475
2025-08-02T16:46:51.386 0100|00|00|05|fa0001|200007a970[payload->].p||28,841
2025-08-02T16:46:51.487 0100|01|00|09|f501fe|200007a534f90e0325[payload->].4...%||9,475
2025-08-02T17:17:18.272 0100|00|00|05|fa0001|200007a970[payload->].p||28,841
2025-08-02T17:17:18.272 0100|01|00|09|f501fe|200007a534f90e0325[payload->].4...%||9,475
2025-08-02T17:37:35.570 0100|00|00|05|fa0001|200007a970[payload->].p||28,841
2025-08-02T17:37:35.570 0100|01|00|09|f501fe|200007a534f90e0325[payload->].4...%||9,475
2025-08-02T17:57:53.567 0100|00|00|05|fa0001|200007a970[payload->].p||28,841
2025-08-02T17:57:53.568 0100|01|00|09|f501fe|200007a534f90e0325[payload->].4...%||9,475
2025-08-02T18:18:11.579 0100|00|00|05|fa0001|200007a970[payload->].p||28,841
2025-08-02T18:18:11.680 0100|01|00|09|f501fe|200007a534f90e0325[payload->].4...%||9,475
2025-08-02T19:19:05.008 0100|00|00|05|fa0001|200007a970[payload->].p||28,841
2025-08-02T19:19:05.008 0100|01|00|09|f501fe|200007a534f90e0325[payload->].4...%||9,475
2025-08-02T19:49:32.146 0100|00|00|05|fa0001|200007a970[payload->].p||28,841
2025-08-02T19:49:32.247 0100|01|00|09|f501fe|200007a534f90e0325[payload->].4...%||9,475
2025-08-02T20:09:49.730 0100|01|00|09|f501fe|200007a534f90e0325[payload->].4...%||9,475
2025-08-02T20:19:58.212 0100|00|00|05|fa0001|200007a970[payload->].p||28,841
2025-08-02T20:19:58.313 0100|01|00|09|f501fe|200007a534f90e0325[payload->].4...%||9,475
2025-08-02T20:50:24.858 0100|00|00|05|fa0001|200007a970[payload->].p||28,841
2025-08-02T20:50:24.959 0100|01|00|09|f501fe|200007a534f90e0325[payload->].4...%||9,475
2025-08-02T21:10:41.953 0100|00|00|05|fa0001|200007a970[payload->].p||28,841
2025-08-02T21:10:42.054 0100|01|00|09|f501fe|200007a534f90e0325[payload->].4...%||9,475
2025-08-02T21:20:50.931 0100|00|00|05|fa0001|200007a970[payload->].p||28,841
2025-08-02T21:20:50.931 0100|01|00|09|f501fe|200007a534f90e0325[payload->].4...%||9,475
2025-08-02T21:51:16.987 0100|00|00|05|fa0001|200007a970[payload->].p||28,841
2025-08-02T21:51:16.988 0100|01|00|09|f501fe|200007a534f90e0325[payload->].4...%||9,475
2025-08-02T22:01:25.976 0100|00|00|05|fa0001|200007a970[payload->].p||28,841
2025-08-02T22:01:25.976 0100|01|00|09|f501fe|200007a534f90e0325[payload->].4...%||9,475
2025-08-02T22:31:53.213 0100|00|00|05|fa0001|200007a970[payload->].p||28,841
2025-08-02T22:31:53.314 0100|01|00|09|f501fe|200007a534f90e0325[payload->].4...%||9,475
2025-08-02T22:52:10.006 0100|00|00|05|fa0001|200007a970[payload->].p||28,841
2025-08-02T22:52:10.107 0100|01|00|09|f501fe|200007a534f90e0325[payload->].4...%||9,475
2025-08-02T23:22:35.666 0100|00|00|05|fa0001|200007a970[payload->].p||28,841
2025-08-02T23:22:35.767 0100|01|00|09|f701fe|200007a534f90e0325[payload->].4...%||9,475
2025-08-02T23:42:53.146 0100|00|00|05|fa0001|200007a970[payload->].p||28,841
2025-08-02T23:42:53.247 0100|01|00|09|f501fe|200007a534f90e0325[payload->].4...%||9,475
2025-08-02T23:53:02.182 0100|00|00|05|fa0001|200007a970[payload->].p||28,841
2025-08-02T23:53:02.182 0100|01|00|09|f501fe|200007a534f90e0325[payload->].4...%||9,475
2025-08-03T00:13:20.266 0100|00|00|05|fa0001|200007a970[payload->].p||28,841
2025-08-03T00:13:20.468 0100|01|00|09|f501fe|200007a534f90e0325[payload->].4...%||9,475
2025-08-03T00:23:28.890 0100|00|00|05|fa0001|200007a970[payload->].p||28,841
2025-08-03T00:23:28.991 0100|01|00|09|f501fe|200007a534f90e0325[payload->].4...%||9,475
2025-08-03T00:53:55.358 0100|00|00|05|fa0001|200007a970[payload->].p||28,841
2025-08-03T00:53:55.359 0100|01|00|09|f501fe|200007a534f90e0325[payload->].4...%||9,475
2025-08-03T01:34:30.987 0100|00|00|05|fa0001|200007a970[payload->].p||28,841
2025-08-03T01:34:31.088 0100|01|00|09|f501fe|200007a534f90e0325[payload->].4...%||9,475
2025-08-03T01:44:39.642 0100|00|00|05|fa0001|200007a970[payload->].p||28,841
2025-08-03T01:44:39.743 0100|01|00|09|f501fe|200007a534f90e0325[payload->].4...%||9,475
2025-08-03T02:25:13.165 0100|00|00|05|fa0001|200007a970[payload->].p||28,841
2025-08-03T02:25:13.267 0100|01|00|09|f501fe|200007a534f90e0325[payload->].4...%||9,475
2025-08-03T02:35:22.312 0100|00|00|05|fa0001|200007a970[payload->].p||28,841
2025-08-03T02:35:22.413 0100|01|00|09|f501fe|200007a534f90e0325[payload->].4...%||9,475
2025-08-03T02:55:39.709 0100|00|00|05|fa0001|200007a970[payload->].p||28,841
2025-08-03T02:55:39.710 0100|01|00|09|f501fe|200007a534f90e0325[payload->].4...%||9,475
2025-08-03T03:15:56.734 0100|00|00|05|fa0001|200007a970[payload->].p||28,841
2025-08-03T03:15:56.836 0100|01|00|09|f501fe|200007a534f90e0325[payload->].4...%||9,475
2025-08-03T03:26:05.802 0100|00|00|05|fa0001|200007a970[payload->].p||28,841
2025-08-03T03:26:05.903 0100|01|00|09|f501fe|200007a534f90e0325[payload->].4...%||9,475
2025-08-03T03:46:25.382 0100|00|00|05|fa0001|200007a970[payload->].p||28,841
2025-08-03T03:46:25.382 0100|01|20|09|f501fe|200007a534f90e0325[payload->].4...%||9,475
2025-08-03T05:38:03.403 0100|00|00|05|fa0001|200007a970[payload->].p||28,841
2025-08-03T05:38:03.504 0100|01|00|09|f501fe|200007a534f90e0325[payload->].4...%||9,475
2025-08-03T05:48:12.408 0100|00|00|05|fa0001|200007a970[payload->].p||28,841
2025-08-03T05:48:12.509 0100|01|00|09|f501fe|200007a534f90e0325[payload->].4...%||9,475
2025-08-03T06:08:29.342 0100|00|00|05|fa0001|200007a970[payload->].p||28,841
2025-08-03T06:08:29.342 0100|01|00|09|f501fe|200007a534f90e0325[payload->].4...%||9,475
2025-08-03T07:19:32.090 0100|00|00|05|fa0001|200007a970[payload->].p||28,841
2025-08-03T07:19:32.191 0100|01|00|09|f501fe|200007a534f90e0325[payload->].4...%||9,475
2025-08-03T07:29:40.725 0100|00|00|05|fa0001|200007a970[payload->].p||28,841
2025-08-03T07:29:40.826 0100|01|00|09|f501fe|200007a534f90e0325[payload->].4...%||9,475
2025-08-03T08:00:05.389 0100|00|00|05|fa0001|200007a970[payload->].p||28,841
2025-08-03T08:00:05.490 0100|01|00|09|f501fe|200007a534f90e0325[payload->].4...%||9,475
2025-08-03T08:10:14.292 0100|00|00|05|fa0001|200007a970[payload->].p||28,841
2025-08-03T08:10:14.393 0100|01|00|09|f501fe|200007a534f90e0325[payload->].4...%||9,475
2025-08-03T08:50:49.652 0100|00|00|05|fa0001|200007a970[payload->].p||28,841
2025-08-03T08:50:49.853 0100|01|00|09|f501fe|200007a534f90e0325[payload->].4...%||9,475
2025-08-03T09:00:58.938 0100|00|00|05|fa0001|200007a970[payload->].p||28,841
2025-08-03T09:00:59.038 0100|01|00|09|f501fe|200007a534f90e0325[payload->].4...%||9,475
2025-08-03T09:11:07.004 0100|00|00|05|fa0001|200007a970[payload->].p||28,841
2025-08-03T09:11:07.004 0100|03|00|09|f501fe|200007a534f90e0325[payload->].4...%||9,475
2025-08-03T09:51:41.977 0100|00|00|05|fa0001|200007a970[payload->].p||28,841
2025-08-03T09:51:42.178 0100|01|00|09|f501fe|200007a534f90e0325[payload->].4...%||9,475
2025-08-03T10:01:50.944 0100|00|00|05|fa0001|200007a970[payload->].p||28,841
2025-08-03T10:01:51.044 0100|01|00|09|f501fe|200007a534f90e0325[payload->].4...%||9,475
2025-08-03T10:11:59.858 0100|00|00|05|fa0001|200007a970[payload->].p||28,841
2025-08-03T10:11:59.959 0100|01|00|09|f501fe|200007a534f90e0325[payload->].4...%||9,475
2025-08-03T10:32:16.703 0100|00|00|05|fa0001|200007a970[payload->].p||28,841
2025-08-03T10:32:16.804 0100|01|00|09|f501fe|200007a534f90e0325[payload->].4...%||9,475
2025-08-03T10:42:25.849 0100|00|00|05|fa0001|200007a970[payload->].p||28,841
2025-08-03T10:42:25.951 0100|01|00|09|f501fe|200007a534f90e0325[payload->].4...%||9,475
2025-08-03T10:52:34.906 0100|00|00|05|fa0001|200007a970[payload->].p||28,841
2025-08-03T10:52:35.007 0100|01|00|09|f501fe|200007a534f90e0325[payload->].4...%||9,475
2025-08-03T11:02:43.944 0100|00|00|05|fa0001|200007a970[payload->].p||28,841
2025-08-03T11:02:44.045 0100|01|00|09|f501fe|200007a534f90e0325[payload->].4...%||9,475
2025-08-03T11:43:19.555 0100|00|00|05|fa0001|200007a970[payload->].p||28,841
2025-08-03T11:43:19.656 0100|01|00|09|f501fe|200007a534f90e0325[payload->].4...%||9,475
2025-08-03T11:53:28.889 0100|00|00|05|fa0001|200007a970[payload->].p||28,841
2025-08-03T11:53:28.990 0100|01|00|09|f501fe|200007a534f90e0325[payload->].4...%||9,475
2025-08-03T12:13:47.014 0100|00|00|05|fa0001|200007a970[payload->].p||28,841
2025-08-03T12:13:47.115 0100|01|00|09|f501fe|200007a534f90e0325[payload->].4...%||9,475
2025-08-03T12:44:13.404 0100|00|00|05|fa0001|200007a970[payload->].p||28,841
2025-08-03T12:44:13.505 0100|01|00|09|f501fe|200007a534f90e0325[payload->].4...%||9,475
2025-08-03T12:54:22.828 0100|00|00|05|fa0001|200007a970[payload->].p||28,841
2025-08-03T12:54:22.829 0100|01|00|09|f501fe|200007a534f90e0325[payload->].4...%||9,475
2025-08-03T13:24:49.328 0100|00|00|05|fa0001|200007a970[payload->].p||28,841
2025-08-03T13:24:49.429 0100|01|00|09|f501fe|200007a534f90e0325[payload->].4...%||9,475
2025-08-03T13:34:58.671 0100|00|00|05|fa0001|200007a970[payload->].p||28,841
2025-08-03T13:34:58.772 0100|01|00|09|f501fe|200007a534f90e0325[payload->].4...%||9,475
2025-08-03T13:55:17.033 0100|00|00|05|fa0001|200007a970[payload->].p||28,841
2025-08-03T13:55:17.134 0100|01|00|09|f501fe|200007a534f90e0325[payload->].4...%||9,475
2025-08-03T14:05:25.518 0100|00|00|05|fa0001|200007a970[payload->].p||28,841
2025-08-03T14:05:25.619 0100|01|00|09|f501fe|200007a534f90e0325[payload->].4...%||9,475
2025-08-03T14:15:35.162 0100|00|00|05|fa0001|200007a970[payload->].p||28,841
2025-08-03T14:15:35.264 0100|01|00|09|f501fe|200007a534f90e0325[payload->].4...%||9,475
2025-08-03T14:25:43.371 0100|00|00|05|fa0001|200007a970[payload->].p||28,841
2025-08-03T14:25:43.472 0100|01|00|09|f501fe|200007a534f90e0325[payload->].4...%||9,475
2025-08-03T14:46:00.557 0100|00|00|05|fa0001|200007a870[payload->].p||28,840
2025-08-03T14:46:00.658 0100|01|00|09|f501fe|200007a534f90e0325[payload->].4...%||9,475
2025-08-03T14:56:09.517 0100|00|00|05|fa0001|200007a970[payload->].p||28,841
2025-08-03T14:56:09.618 0100|01|00|09|f501fe|200007a534f90e0325[payload->].4...%||9,475
2025-08-03T15:06:18.394 0100|00|00|05|fa0001|200007a970[payload->].p||28,841
2025-08-03T15:06:18.495 0100|01|00|09|f501fe|200007a534f90e0325[payload->].4...%||9,475
2025-08-03T15:26:35.640 0100|00|00|05|fa0001|200007a970[payload->].p||28,841
2025-08-03T15:26:35.640 0100|01|00|09|f501fe|200007a534f90e0325[payload->].4...%||9,475
2025-08-03T15:36:44.290 0100|00|00|05|fa0001|200007a970[payload->].p||28,841
2025-08-03T15:36:44.391 0100|01|00|09|f501fe|200007a534f90e0325[payload->].4...%||9,475
2025-08-03T15:57:02.333 0100|00|00|05|fa0001|200007a970[payload->].p||28,841
2025-08-03T15:57:02.434 0100|01|00|09|f501fe|200007a534f90e0325[payload->].4...%||9,475
2025-08-03T16:07:10.548 0100|00|00|05|fa0001|200007a970[payload->].p||28,841
2025-08-03T16:07:10.649 0100|01|00|09|f501fe|200007a534f90e0325[payload->].4...%||9,475
2025-08-03T16:17:19.392 0100|00|00|05|fa0001|200007a970[payload->].p||28,841
2025-08-03T16:17:19.494 0100|01|00|09|f501fe|200007a534f90e0325[payload->].4...%||9,475
2025-08-03T16:57:53.810 0100|00|00|05|fa0001|200007a970[payload->].p||28,841
2025-08-03T16:57:53.911 0100|01|00|09|f501fe|200007a534f90e0325[payload->].4...%||9,475
2025-08-03T17:08:03.168 0100|00|00|05|fa0001|200007a970[payload->].p||28,841
2025-08-03T17:08:03.269 0100|01|00|09|f501fe|200007a534f90e0325[payload->].4...%||9,475
2025-08-03T17:28:20.539 0100|00|00|05|fa0001|200007a970[payload->].p||28,841
2025-08-03T17:28:20.640 0100|01|00|09|f501fe|200007a534f90e0325[payload->].4...%||9,475
2025-08-03T17:38:29.479 0100|00|00|05|fa0001|200007a970[payload->].p||28,841
2025-08-03T17:38:29.480 0100|01|00|09|f501fe|200007a534f90e0325[payload->].4...%||9,475
2025-08-03T17:58:47.737 0100|00|00|05|fa0001|200007a970[payload->].p||28,841
2025-08-03T17:58:47.737 0100|01|00|09|f501fe|200007a534f90e0325[payload->].4...%||9,475
