2025-07-30T20:37:48.127 0100|00|00|05|fa0001|200a00cb37[payload->].7||14,283
2025-07-30T20:37:48.128 0100|01|00|06|f801fe|200a000302ed[payload->]...||60,674
2025-07-30T20:47:57.076 0100|00|00|05|fa0001|200a00cb37[payload->].7||14,283
2025-07-30T20:47:57.177 0100|01|00|06|f801fe|200a000302ed[payload->]...||60,674
2025-07-30T20:58:06.122 0100|00|00|05|fa0001|200a00cb37[payload->].7||14,283
2025-07-30T20:58:06.223 0100|01|00|06|f801fe|200a000302ed[payload->]...||60,674
2025-07-30T21:08:14.898 0100|00|00|05|fa0001|200a00cb37[payload->].7||14,283
2025-07-30T21:08:14.899 0100|01|00|06|f801fe|200a000302ed[payload->]...||60,674
2025-07-30T21:18:23.149 0100|00|00|05|fa0001|200a00cb37[payload->].7||14,283
2025-07-30T21:18:23.149 0100|01|00|06|f801fe|200a000302ed[payload->]...||60,674
2025-07-30T21:28:32.043 0100|00|00|05|fa0001|200a00cb37[payload->].7||14,283
2025-07-30T21:28:32.043 0100|01|00|06|f801fe|200a000302ed[payload->]...||60,674
2025-07-30T21:38:41.084 0100|00|00|05|fa0001|200a00cb37[payload->].7||14,283
2025-07-30T21:38:41.084 0100|01|00|06|f801fe|200a000302ed[payload->]...||60,674
2025-07-30T21:48:50.262 0100|00|00|05|fa0001|200a00cb37[payload->].7||14,283
2025-07-30T21:48:50.263 0100|01|00|06|f801fe|200a000302ed[payload->]...||60,674
2025-07-30T21:58:58.030 0100|00|00|05|fa0001|200a00cb37[payload->].7||14,283
2025-07-30T21:58:58.131 0100|01|00|06|f801fe|200a000302ed[payload->]...||60,674
2025-07-30T22:09:07.022 0100|00|00|05|fa0001|200a00cb37[payload->].7||14,283
2025-07-30T22:09:07.123 0100|01|00|06|f801fe|200a000302ed[payload->]...||60,674
2025-07-30T22:19:16.057 0100|00|00|05|fa0001|200a00cb37[payload->].7||14,283
2025-07-30T22:19:16.158 0100|01|00|06|f801fe|200a000302ed[payload->]...||60,674
2025-07-30T22:29:24.709 0100|00|00|05|fa0001|200a00cb37[payload->].7||14,283
2025-07-30T22:29:24.709 0100|01|00|06|f801fe|200a000302ed[payload->]...||60,674
2025-07-30T22:39:33.072 0100|00|00|05|fa0001|200a00cb37[payload->].7||14,283
2025-07-30T22:39:33.173 0100|01|00|06|f801fe|200a000302ed[payload->]...||60,674
2025-07-30T22:49:42.015 0100|00|00|05|fa0001|200a00cb37[payload->].7||14,283
2025-07-30T22:49:42.116 0100|01|00|06|f801fe|200a000302ed[payload->]...||60,674
2025-07-30T22:59:51.067 0100|00|00|05|fa0001|200a00cb37[payload->].7||14,283
2025-07-30T22:59:51.168 0100|01|00|06|f801fe|200a000302ed[payload->]...||60,674
2025-07-30T23:09:59.707 0100|00|00|05|fa0001|200a00cb37[payload->].7||14,283
2025-07-30T23:09:59.707 0100|01|00|06|f801fe|200a000302ed[payload->]...||60,674
2025-07-30T23:20:08.158 0100|00|00|05|fa0001|200a00cb37[payload->].7||14,283
2025-07-30T23:20:08.259 0100|01|00|06|f801fe|200a000302ed[payload->]...||60,674
2025-07-30T23:30:17.118 0100|00|00|05|fa0001|200a00cb37[payload->].7||14,283
2025-07-30T23:30:17.219 0100|01|00|06|f801fe|200a000302ed[payload->]...||60,674
2025-07-30T23:40:27.050 0100|00|00|05|fa0001|200a00cb37[payload->].7||14,283
2025-07-30T23:40:27.051 0100|01|00|06|f801fe|200a000302ed[payload->]...||60,674
2025-07-30T23:50:36.188 0100|00|00|05|fa0001|200a00cb37[payload->].7||14,283
2025-07-30T23:50:36.290 0100|01|00|06|f801fe|200a000302ed[payload->]...||60,674
2025-07-31T00:00:44.820 0100|00|00|05|fa0001|200a00cb37[payload->].7||14,283
2025-07-31T00:00:44.821 0100|01|00|06|f801fe|200a000302ed[payload->]...||60,674
2025-07-31T00:10:53.090 0100|00|00|05|fa0001|200a00cb37[payload->].7||14,283
2025-07-31T00:10:53.191 0100|01|00|06|f801fe|200a000302ed[payload->]...||60,674
2025-07-31T00:21:02.011 0100|00|00|05|fa0001|200a00cb37[payload->].7||14,283
2025-07-31T00:21:02.113 0100|01|00|06|f801fe|200a000302ed[payload->]...||60,674
2025-07-31T00:31:11.027 0100|00|00|05|fa0001|200a00cb37[payload->].7||14,283
2025-07-31T00:31:11.028 0100|01|00|06|f801fe|200a000302ed[payload->]...||60,674
2025-07-31T00:41:21.341 0100|00|00|05|fa0001|200a00cb37[payload->].7||14,283
2025-07-31T00:41:21.341 0100|01|00|06|f801fe|200a000302ed[payload->]...||60,674
2025-07-31T00:51:28.113 0100|00|00|05|fa0001|200a00cb37[payload->].7||14,283
2025-07-31T00:51:28.114 0100|01|00|06|f801fe|200a000302ed[payload->]...||60,674
2025-07-31T01:01:37.118 0100|00|00|05|fa0001|200a00cb37[payload->].7||14,283
2025-07-31T01:01:37.219 0100|01|00|06|f801fe|200a000302ed[payload->]...||60,674
2025-07-31T01:11:45.943 0100|00|00|05|fa0001|200a00cb37[payload->].7||14,283
2025-07-31T01:11:46.044 0100|01|00|06|f801fe|200a000302ed[payload->]...||60,674
2025-07-31T01:21:53.118 0100|00|00|05|fa0001|200a00cb37[payload->].7||14,283
2025-07-31T01:21:53.219 0100|01|00|06|f801fe|200a000302ed[payload->]...||60,674
2025-07-31T01:32:02.150 0100|00|00|05|fa0001|200a00cb37[payload->].7||14,283
2025-07-31T01:32:02.251 0100|01|00|06|f801fe|200a000302ed[payload->]...||60,674
2025-07-31T01:42:11.033 0100|00|00|05|fa0001|200a00cb37[payload->].7||14,283
2025-07-31T01:42:11.134 0100|01|00|06|f801fe|200a000302ed[payload->]...||60,674
2025-07-31T01:52:20.114 0100|00|00|05|fa0001|200a00cb37[payload->].7||14,283
2025-07-31T01:52:20.215 0100|01|00|06|f801fe|200a000302ed[payload->]...||60,674
2025-07-31T02:02:29.604 0100|00|00|05|fa0001|200a00cb37[payload->].7||14,283
2025-07-31T02:02:29.705 0100|01|00|06|f801fe|200a000302ed[payload->]...||60,674
2025-07-31T02:12:38.180 0100|00|00|05|fa0001|200a00cb37[payload->].7||14,283
2025-07-31T02:12:38.180 0100|01|00|06|f801fe|200a000302ed[payload->]...||60,674
2025-07-31T02:22:47.232 0100|00|00|05|fa0001|200a00cb37[payload->].7||14,283
2025-07-31T02:22:47.333 0100|01|00|06|f801fe|200a000302ed[payload->]...||60,674
2025-07-31T02:32:56.480 0100|00|00|05|fa0001|200a00cb37[payload->].7||14,283
2025-07-31T02:32:56.582 0100|01|00|06|f801fe|200a000302ed[payload->]...||60,674
2025-07-31T02:43:04.538 0100|00|00|05|fa0001|200a00cb37[payload->].7||14,283
2025-07-31T02:43:04.638 0100|01|00|06|f801fe|200a000302ed[payload->]...||60,674
2025-07-31T02:53:13.212 0100|00|00|05|fa0001|200a00cb37[payload->].7||14,283
2025-07-31T02:53:13.313 0100|01|00|06|f801fe|200a000302ed[payload->]...||60,674
2025-07-31T03:03:22.060 0100|00|00|05|fa0001|200a00cb37[payload->].7||14,283
2025-07-31T03:03:22.161 0100|01|00|06|f801fe|200a000302ed[payload->]...||60,674
2025-07-31T03:13:31.174 0100|00|00|05|fa0001|200a00cb37[payload->].7||14,283
2025-07-31T03:13:31.275 0100|01|00|06|f801fe|200a000302ed[payload->]...||60,674
2025-07-31T03:23:39.405 0100|00|00|05|fa0001|200a00cb37[payload->].7||14,283
2025-07-31T03:23:39.506 0100|01|00|06|f801fe|200a000302ed[payload->]...||60,674
2025-07-31T03:33:47.181 0100|00|00|05|fa0001|200a00cb37[payload->].7||14,283
2025-07-31T03:33:47.282 0100|01|00|06|f801fe|200a000302ed[payload->]...||60,674
2025-07-31T03:43:55.813 0100|00|00|05|fa0001|200a00cb37[payload->].7||14,283
2025-07-31T03:43:55.915 0100|01|00|06|f801fe|200a000302ed[payload->]...||60,674
2025-07-31T03:54:04.652 0100|00|00|05|fa0001|200a00cb37[payload->].7||14,283
2025-07-31T03:54:04.653 0100|01|00|06|f801fe|200a000302ed[payload->]...||60,674
2025-07-31T04:04:13.412 0100|00|00|05|fa0001|200a00cb37[payload->].7||14,283
2025-07-31T04:04:13.413 0100|01|00|06|f801fe|200a000302ed[payload->]...||60,674
2025-07-31T04:14:22.122 0100|00|00|05|fa0001|200a00cb37[payload->].7||14,283
2025-07-31T04:14:22.224 0100|01|00|06|f801fe|200a000302ed[payload->]...||60,674
2025-07-31T04:24:31.181 0100|00|00|05|fa0001|200a00cb37[payload->].7||14,283
2025-07-31T04:24:31.181 0100|01|00|06|f801fe|200a000302ed[payload->]...||60,674
2025-07-31T04:34:40.120 0100|00|00|05|fa0001|200a00cb37[payload->].7||14,283
2025-07-31T04:34:40.121 0100|01|00|06|f801fe|200a000302ed[payload->]...||60,674
2025-07-31T04:44:49.467 0100|00|00|05|fa0001|200a00cb37[payload->].7||14,283
2025-07-31T04:44:49.568 0100|01|00|06|f801fe|200a000302ed[payload->]...||60,674
2025-07-31T04:54:57.142 0100|00|00|05|fa0001|200a00c337[payload->].7||14,275
2025-07-31T04:54:57.142 0100|01|00|06|f801fe|200a000302ed[payload->]...||60,674
2025-07-31T05:05:06.889 0100|00|00|05|fa0001|200a00cb37[payload->].7||14,283
2025-07-31T05:05:06.889 0100|01|00|06|f801fe|200a000302ed[payload->]...||60,674
2025-07-31T05:15:15.804 0100|00|00|05|fa0001|200a00cb37[payload->].7||14,283
2025-07-31T05:15:15.905 0100|01|00|06|f801fe|200a000302ed[payload->]...||60,674
2025-07-31T05:25:24.582 0100|00|00|05|fa0001|200a00cb37[payload->].7||14,283
2025-07-31T05:25:24.683 0100|01|00|06|f801fe|200a000302ed[payload->]...||60,674
2025-07-31T05:35:33.173 0100|00|00|05|fa0001|200a00cb37[payload->].7||14,283
2025-07-31T05:35:33.274 0100|01|00|06|f801fe|200a000302ed[payload->]...||60,674
2025-07-31T05:45:42.150 0100|00|00|05|fa0001|200a00cb37[payload->].7||14,283
2025-07-31T05:45:42.150 0100|01|00|06|f801fe|200a000302ed[payload->]...||60,674
2025-07-31T05:55:51.105 0100|00|00|05|fa0001|200a00cb37[payload->].7||14,283
2025-07-31T05:55:51.106 0100|01|00|06|f801fe|200a000302ed[payload->]...||60,674
2025-07-31T06:05:59.726 0100|00|00|05|fa0001|200a00cb37[payload->].7||14,283
2025-07-31T06:05:59.827 0100|01|00|06|f801fe|200a000302ed[payload->]...||60,674
2025-07-31T06:16:07.111 0100|00|00|05|fa0001|200a00cb37[payload->].7||14,283
2025-07-31T06:16:07.112 0100|01|00|06|f801fe|200a000302ed[payload->]...||60,674
2025-07-31T06:26:16.067 0100|00|00|05|fa0001|200a00cb37[payload->].7||14,283
2025-07-31T06:26:16.067 0100|01|00|06|f801fe|200a000302ed[payload->]...||60,674
2025-07-31T06:36:24.524 0100|00|00|05|fa0001|200a00cb37[payload->].7||14,283
2025-07-31T06:36:24.524 0100|01|00|06|f801fe|200a000302ed[payload->]...||60,674
2025-07-31T06:46:32.283 0100|00|00|05|fa0001|200a00cb37[payload->].7||14,283
2025-07-31T06:46:32.384 0100|01|00|06|f801fe|200a000302ed[payload->]...||60,674
2025-07-31T06:56:41.228 0100|00|00|05|fa0001|200a00cb37[payload->].7||14,283
2025-07-31T06:56:41.229 0100|01|00|06|f801fe|200a000302ed[payload->]...||60,674
2025-07-31T07:06:49.766 0100|00|00|05|fa0001|200a00cb37[payload->].7||14,283
2025-07-31T07:06:49.867 0100|01|00|06|f801fe|200a000302ed[payload->]...||60,674
2025-07-31T07:16:57.030 0100|00|00|05|fa0001|200a00cb37[payload->].7||14,283
2025-07-31T07:16:57.131 0100|01|00|06|f801fe|200a000302ed[payload->]...||60,674
2025-07-31T07:27:06.564 0100|00|00|05|fa0001|200a00cb37[payload->].7||14,283
2025-07-31T07:27:06.665 0100|01|00|06|f801fe|200a000302ed[payload->]...||60,674
2025-07-31T07:37:16.165 0100|00|00|05|fa0001|200a00cb37[payload->].7||14,283
2025-07-31T07:37:16.165 0100|01|00|06|f801fe|200a000302ed[payload->]...||60,674
2025-07-31T07:47:23.086 0100|00|00|05|fa0001|200a00cb37[payload->].7||14,283
2025-07-31T07:47:23.086 0100|01|00|06|f801fe|200a000302ed[payload->]...||60,674
2025-07-31T07:57:31.277 0100|00|00|05|fa0001|200a00cb37[payload->].7||14,283
2025-07-31T07:57:31.278 0100|01|00|06|f801fe|200a000302ed[payload->]...||60,674
2025-07-31T08:07:40.393 0100|00|00|05|fa0001|200a00cb37[payload->].7||14,283
2025-07-31T08:07:40.494 0100|01|00|06|f801fe|200a000302ed[payload->]...||60,674
2025-07-31T08:17:49.798 0100|00|00|05|fa0001|200a00cb37[payload->].7||14,283
2025-07-31T08:17:49.899 0100|01|00|06|f801fe|200a000302ed[payload->]...||60,674
2025-07-31T08:27:57.034 0100|00|00|05|fa0001|200a00cb37[payload->].7||14,283
2025-07-31T08:27:57.135 0100|01|00|06|f801fe|200a000302ed[payload->]...||60,674
2025-07-31T08:38:07.238 0100|00|00|05|fa0001|200a00cb37[payload->].7||14,283
2025-07-31T08:38:07.439 0100|01|00|06|f801fe|200a000302ed[payload->]...||60,674
2025-07-31T08:48:14.965 0100|00|00|05|fa0001|200a00cb37[payload->].7||14,283
2025-07-31T08:48:14.966 0100|01|00|06|f801fe|200a000302ed[payload->]...||60,674
2025-07-31T08:58:23.138 0100|00|00|05|fa0001|200a00cb37[payload->].7||14,283
2025-07-31T08:58:23.138 0100|01|00|06|f801fe|200a000302ed[payload->]...||60,674
2025-07-31T09:08:32.307 0100|00|00|05|fa0001|200a00cb37[payload->].7||14,283
2025-07-31T09:08:32.307 0100|01|00|06|f801fe|200a000302ed[payload->]...||60,674
2025-07-31T09:18:40.226 0100|00|00|05|fa0001|200a00cb37[payload->].7||14,283
2025-07-31T09:18:40.327 0100|01|00|06|f801fe|200a000302ed[payload->]...||60,674
2025-07-31T09:28:48.099 0100|00|00|05|fa0001|200a00cb37[payload->].7||14,283
2025-07-31T09:28:48.099 0100|01|00|06|f801fe|200a000302ed[payload->]...||60,674
2025-07-31T09:38:56.185 0100|00|00|05|fa0001|200a00cb37[payload->].7||14,283
2025-07-31T09:38:56.286 0100|01|00|06|f801fe|200a000302ed[payload->]...||60,674
2025-07-31T09:49:04.758 0100|00|00|05|fa0001|200a00cb37[payload->].7||14,283
2025-07-31T09:49:04.859 0100|01|00|06|f801fe|200a000302ed[payload->]...||60,674
2025-07-31T09:59:12.141 0100|00|00|05|fa0001|200a00cb37[payload->].7||14,283
2025-07-31T09:59:12.242 0100|01|00|06|f801fe|200a000302ed[payload->]...||60,674
2025-07-31T10:09:21.412 0100|00|00|05|fa0001|200a00cb37[payload->].7||14,283
2025-07-31T10:09:21.413 0100|01|00|06|f801fe|200a000302ed[payload->]...||60,674
2025-07-31T10:19:29.431 0100|00|00|05|fa0001|200a00cb37[payload->].7||14,283
2025-07-31T10:19:29.533 0100|01|00|06|f801fe|200a000302ed[payload->]...||60,674
2025-07-31T10:29:38.095 0100|00|00|05|fa0001|200a00cb37[payload->].7||14,283
2025-07-31T10:29:38.196 0100|01|00|06|f801fe|200a000302ed[payload->]...||60,674
2025-07-31T10:39:46.458 0100|00|00|05|fa0001|200a00cb37[payload->].7||14,283
2025-07-31T10:39:46.458 0100|01|00|06|f801fe|200a000302ed[payload->]...||60,674
2025-07-31T10:49:55.017 0100|00|00|05|fa0001|200a00cb37[payload->].7||14,283
2025-07-31T10:49:55.017 0100|01|00|06|f801fe|200a000302ed[payload->]...||60,674
2025-07-31T11:00:03.063 0100|00|00|05|fa0001|200a00cb37[payload->].7||14,283
2025-07-31T11:00:03.164 0100|01|00|06|f801fe|200a000302ed[payload->]...||60,674
2025-07-31T11:10:12.275 0100|00|00|05|fa0001|200a00cb37[payload->].7||14,283
2025-07-31T11:10:12.275 0100|01|00|06|f801fe|200a000302ed[payload->]...||60,674
2025-07-31T11:20:21.032 0100|00|00|05|fa0001|200a00cb37[payload->].7||14,283
2025-07-31T11:20:21.132 0100|01|00|06|f801fe|200a000302ed[payload->]...||60,674
2025-07-31T11:30:29.313 0100|00|00|05|fa0001|200a00cb37[payload->].7||14,283
2025-07-31T11:30:29.414 0100|01|00|06|f801fe|200a000302ed[payload->]...||60,674
2025-07-31T11:40:38.208 0100|00|00|05|fa0001|200a00cb37[payload->].7||14,283
2025-07-31T11:40:38.309 0100|01|00|06|f801fe|200a000302ed[payload->]...||60,674
2025-07-31T11:50:46.379 0100|00|00|05|fa0001|200a00cb37[payload->].7||14,283
2025-07-31T11:50:46.480 0100|01|00|06|f801fe|200a000302ed[payload->]...||60,674
2025-07-31T12:00:54.832 0100|00|00|05|fa0001|200a00cb37[payload->].7||14,283
2025-07-31T12:00:54.934 0100|01|00|06|f801fe|200a000302ed[payload->]...||60,674
2025-07-31T12:11:03.341 0100|00|00|05|fa0001|200a00cb37[payload->].7||14,283
2025-07-31T12:11:03.341 0100|01|00|06|f801fe|200a000302ed[payload->]...||60,674
2025-07-31T12:21:12.112 0100|00|00|05|fa0001|200a00cb37[payload->].7||14,283
2025-07-31T12:21:12.112 0100|01|00|06|f801fe|200a000302ed[payload->]...||60,674
2025-07-31T12:31:21.289 0100|00|00|05|fa0001|200a00cb37[payload->].7||14,283
2025-07-31T12:31:21.391 0100|01|00|06|f801fe|200a000302ed[payload->]...||60,674
2025-07-31T12:41:32.076 0100|00|00|05|fa0001|200a00cb37[payload->].7||14,283
2025-07-31T12:41:32.077 0100|01|00|06|f801fe|200a000302ed[payload->]...||60,674
2025-07-31T12:51:41.402 0100|00|00|05|fa0001|200a00cb37[payload->].7||14,283
2025-07-31T12:51:41.403 0100|01|00|06|f801fe|200a000302ed[payload->]...||60,674
2025-07-31T13:01:50.774 0100|00|00|05|fa0001|200a00cb37[payload->].7||14,283
2025-07-31T13:01:50.774 0100|01|00|06|f801fe|200a000302ed[payload->]...||60,674
2025-07-31T13:11:58.425 0100|00|00|05|fa0001|200a00cb37[payload->].7||14,283
2025-07-31T13:11:58.526 0100|01|00|06|f801fe|200a000302ed[payload->]...||60,674
2025-07-31T13:22:07.564 0100|00|00|05|fa0001|200a00cb37[payload->].7||14,283
2025-07-31T13:22:07.665 0100|01|00|06|f801fe|200a000302ed[payload->]...||60,674
2025-07-31T13:32:14.986 0100|00|00|05|fa0001|200a00cb37[payload->].7||14,283
2025-07-31T13:32:15.188 0100|01|00|06|f801fe|200a000302ed[payload->]...||60,674
2025-07-31T13:42:23.056 0100|00|00|05|fa0001|200a00cb37[payload->].7||14,283
2025-07-31T13:42:23.157 0100|01|00|06|f801fe|200a000302ed[payload->]...||60,674
2025-07-31T13:52:32.101 0100|00|00|05|fa0001|200a00cb37[payload->].7||14,283
2025-07-31T13:52:32.202 0100|01|00|06|f801fe|200a000302ed[payload->]...||60,674
2025-07-31T14:02:41.250 0100|00|00|05|fa0001|200a00cb37[payload->].7||14,283
2025-07-31T14:02:41.351 0100|01|00|06|f801fe|200a000302ed[payload->]...||60,674
2025-07-31T14:12:50.647 0100|00|00|05|fa0001|200a00cb37[payload->].7||14,283
2025-07-31T14:12:50.748 0100|01|00|06|f801fe|200a000302ed[payload->]...||60,674
2025-07-31T14:22:58.104 0100|00|00|05|fa0001|200a00cb37[payload->].7||14,283
2025-07-31T14:22:58.205 0100|01|00|06|f801fe|200a000302ed[payload->]...||60,674
2025-07-31T14:33:07.086 0100|00|00|05|fa0001|200a00cb37[payload->].7||14,283
2025-07-31T14:33:07.187 0100|01|00|06|f801fe|200a000302ed[payload->]...||60,674
2025-07-31T14:43:15.669 0100|00|00|05|fa0001|200a00cb37[payload->].7||14,283
2025-07-31T14:43:15.669 0100|01|00|06|f801fe|200a000302ed[payload->]...||60,674
2025-07-31T14:53:24.734 0100|00|00|05|fa0001|200a00cb37[payload->].7||14,283
2025-07-31T14:53:24.734 0100|01|00|06|f801fe|200a000302ed[payload->]...||60,674
2025-07-31T15:03:32.076 0100|00|00|05|fa0001|200a00cb37[payload->].7||14,283
2025-07-31T15:03:32.178 0100|01|00|06|f801fe|200a000302ed[payload->]...||60,674
2025-07-31T15:13:41.166 0100|00|00|05|fa0001|200a00cb37[payload->].7||14,283
2025-07-31T15:13:41.267 0100|01|00|06|f801fe|200a000302ed[payload->]...||60,674
2025-07-31T15:23:49.641 0100|00|00|05|fa0001|200a00cb37[payload->].7||14,283
2025-07-31T15:23:49.742 0100|01|00|06|f801fe|200a000302ed[payload->]...||60,674
2025-07-31T15:33:58.223 0100|00|00|05|fa0001|200a00cb37[payload->].7||14,283
2025-07-31T15:33:58.325 0100|01|00|06|f801fe|200a000302ed[payload->]...||60,674
2025-07-31T15:44:07.067 0100|00|00|05|fa0001|200a00cb37[payload->].7||14,283
2025-07-31T15:44:07.067 0100|01|00|06|f801fe|200a000302ed[payload->]...||60,674
2025-07-31T15:54:16.313 0100|00|00|05|fa0001|200a00cb37[payload->].7||14,283
2025-07-31T15:54:16.313 0100|01|00|06|f801fe|200a000302ed[payload->]...||60,674
2025-07-31T16:04:25.146 0100|00|00|05|fa0001|200a00cb37[payload->].7||14,283
2025-07-31T16:04:25.146 0100|01|00|06|f801fe|200a000302ed[payload->]...||60,674
2025-07-31T16:14:34.496 0100|00|00|05|fa0001|200a00cb37[payload->].7||14,283
2025-07-31T16:14:34.598 0100|01|00|06|f801fe|200a000302ed[payload->]...||60,674
2025-07-31T16:24:43.086 0100|00|00|05|fa0001|200a00cb37[payload->].7||14,283
2025-07-31T16:24:43.087 0100|01|00|06|f801fe|200a000302ed[payload->]...||60,674
2025-07-31T16:34:51.034 0100|00|00|05|fa0001|200a00cb37[payload->].7||14,283
2025-07-31T16:34:51.135 0100|01|00|06|f801fe|200a000302ed[payload->]...||60,674
2025-07-31T16:55:09.729 0100|00|00|05|fa0001|200a00cb37[payload->].7||14,283
2025-07-31T16:55:09.729 0100|01|00|06|f801fe|200a000302ed[payload->]...||60,674
2025-07-31T17:05:18.204 0100|00|00|05|fa0001|200a00cb37[payload->].7||14,283
2025-07-31T17:05:18.305 0100|01|00|06|f801fe|200a000302ed[payload->]...||60,674
2025-07-31T17:15:27.005 0100|00|00|05|fa0001|200a00cb37[payload->].7||14,283
2025-07-31T17:15:27.106 0100|01|00|06|f801fe|200a000302ed[payload->]...||60,674
2025-07-31T17:25:36.420 0100|00|00|05|fa0001|200a00cb37[payload->].7||14,283
2025-07-31T17:25:36.521 0100|01|00|06|f801fe|200a000302ed[payload->]...||60,674
2025-07-31T17:35:45.168 0100|00|00|05|fa0001|200a00cb37[payload->].7||14,283
2025-07-31T17:35:45.370 0100|01|00|06|f801fe|200a000302ed[payload->]...||60,674
2025-07-31T17:45:55.105 0100|00|00|05|fa0001|200a00cb37[payload->].7||14,283
2025-07-31T17:56:03.013 0100|00|00|05|fa0001|200a00cb37[payload->].7||14,283
2025-07-31T17:56:03.114 0100|01|00|06|f801fe|200a000302ed[payload->]...||60,674
2025-07-31T18:06:12.175 0100|00|00|05|fa0001|200a00cb37[payload->].7||14,283
2025-07-31T18:06:12.276 0100|01|00|06|f801fe|200a000302ed[payload->]...||60,674
2025-07-31T18:16:21.114 0100|00|00|05|fa0001|200a00cb37[payload->].7||14,283
2025-07-31T18:16:21.114 0100|01|00|06|f801fe|200a000302ed[payload->]...||60,674
2025-07-31T18:26:30.055 0100|00|00|05|fa0001|200a00cb37[payload->].7||14,283
2025-07-31T18:26:30.055 0100|01|00|06|f801fe|200a000302ed[payload->]...||60,674
2025-07-31T18:36:39.661 0100|00|00|05|fa0001|200a00cb37[payload->].7||14,283
2025-07-31T18:36:39.661 0100|01|00|06|f801fe|200a000302ed[payload->]...||60,674
2025-07-31T18:46:48.136 0100|00|00|05|fa0001|200a00cb37[payload->].7||14,283
2025-07-31T18:46:48.238 0100|01|00|06|f801fe|200a000302ed[payload->]...||60,674
2025-07-31T18:56:57.082 0100|00|00|05|fa0001|200a00cb37[payload->].7||14,283
2025-07-31T18:56:57.183 0100|01|00|06|f801fe|200a000302ed[payload->]...||60,674
2025-07-31T19:07:06.807 0100|00|00|05|fa0001|200a00cb37[payload->].7||14,283
2025-07-31T19:07:06.908 0100|01|00|06|f801fe|200a000302ed[payload->]...||60,674
2025-07-31T19:17:15.375 0100|00|00|05|fa0001|200a00cb37[payload->].7||14,283
2025-07-31T19:17:15.376 0100|01|00|06|f801fe|200a000302ed[payload->]...||60,674
2025-07-31T19:47:42.216 0100|00|00|05|fa0001|200a00cb37[payload->].7||14,283
2025-07-31T19:47:42.317 0100|01|00|06|f801fe|200a000302ed[payload->]...||60,674
2025-07-31T19:57:51.092 0100|00|00|05|fa0001|200a00cb37[payload->].7||14,283
2025-07-31T19:57:51.092 0100|01|00|06|f801fe|200a000302ed[payload->]...||60,674
2025-07-31T20:08:00.194 0100|00|00|05|fa0001|200a00cb37[payload->].7||14,283
2025-07-31T20:08:00.194 0100|01|00|06|f801fe|200a000302ed[payload->]...||60,674
2025-07-31T20:18:08.225 0100|00|00|05|fa0001|200a00cb37[payload->].7||14,283
2025-07-31T20:18:08.225 0100|01|00|06|f801fe|200a000302ed[payload->]...||60,674
2025-07-31T20:28:17.094 0100|00|00|05|fa0001|200a00cb37[payload->].7||14,283
2025-07-31T20:28:17.195 0100|01|00|06|f801fe|200a000302ed[payload->]...||60,674
2025-07-31T20:38:26.973 0100|00|00|05|fa0001|200a00cb37[payload->].7||14,283
2025-07-31T20:38:27.075 0100|01|00|06|f801fe|200a000302ed[payload->]...||60,674
2025-07-31T20:48:35.032 0100|00|00|05|fa0001|200a00cb37[payload->].7||14,283
2025-07-31T20:48:35.133 0100|01|00|06|f801fe|200a000302ed[payload->]...||60,674
2025-07-31T20:58:44.823 0100|00|00|05|fa0001|200a00cb37[payload->].7||14,283
2025-07-31T20:58:44.924 0100|01|00|06|f801fe|200a000302ed[payload->]...||60,674
2025-07-31T21:08:53.089 0100|00|00|05|fa0001|200a00cb37[payload->].7||14,283
2025-07-31T21:08:53.089 0100|01|00|06|f801fe|200a000302ed[payload->]...||60,674
2025-07-31T21:19:02.056 0100|00|00|05|fa0001|200a00cb37[payload->].7||14,283
2025-07-31T21:19:02.157 0100|01|00|06|f801fe|200a000302ed[payload->]...||60,674
2025-07-31T21:29:11.043 0100|00|00|05|fa0001|200a00cb37[payload->].7||14,283
2025-07-31T21:29:11.043 0100|01|00|06|f801fe|200a000302ed[payload->]...||60,674
2025-07-31T21:39:20.034 0100|00|00|05|fa0001|200a00cb37[payload->].7||14,283
2025-07-31T21:39:20.135 0100|01|00|06|f801fe|200a000302ed[payload->]...||60,674
2025-07-31T21:49:29.510 0100|00|00|05|fa0001|200a00cb37[payload->].7||14,283
2025-07-31T21:49:29.611 0100|01|00|06|f801fe|200a000302ed[payload->]...||60,674
2025-07-31T21:59:37.110 0100|00|00|05|fa0001|200a00cb37[payload->].7||14,283
2025-07-31T21:59:37.111 0100|01|00|06|f801fe|200a000302ed[payload->]...||60,674
2025-07-31T22:09:45.407 0100|00|00|05|fa0001|200a00cb37[payload->].7||14,283
2025-07-31T22:09:45.508 0100|01|00|06|f801fe|200a000302ed[payload->]...||60,674
2025-07-31T22:19:54.568 0100|00|00|05|fa0001|200a00cb37[payload->].7||14,283
2025-07-31T22:19:54.568 0100|01|00|06|f801fe|200a000302ed[payload->]...||60,674
2025-07-31T22:30:03.073 0100|00|00|05|fa0001|200a00cb37[payload->].7||14,283
2025-07-31T22:30:03.175 0100|01|00|06|f801fe|200a000302ed[payload->]...||60,674
2025-07-31T22:40:12.341 0100|01|00|06|f801fe|200a000302ed[payload->]...||60,674
2025-07-31T22:50:22.079 0100|00|00|05|fa0001|200a00cb37[payload->].7||14,283
2025-07-31T22:50:22.180 0100|01|00|06|f801fe|200a000302ed[payload->]...||60,674
2025-07-31T23:00:31.068 0100|00|00|05|fa0001|200a00cb37[payload->].7||14,283
2025-07-31T23:00:31.169 0100|01|00|06|f801fe|200a000302ed[payload->]...||60,674
2025-07-31T23:10:40.031 0100|00|00|05|fa0001|200a00cb37[payload->].7||14,283
2025-07-31T23:10:40.132 0100|01|00|06|f801fe|200a000302ed[payload->]...||60,674
2025-07-31T23:20:49.580 0100|00|00|05|fa0001|200a00cb37[payload->].7||14,283
2025-07-31T23:30:58.005 0100|00|00|05|fa0001|200a00cb37[payload->].7||14,283
2025-07-31T23:30:58.106 0100|01|00|06|f801fe|200a000302ed[payload->]...||60,674
2025-07-31T23:41:07.165 0100|00|00|05|fa0001|200a00cb37[payload->].7||14,283
2025-07-31T23:41:07.165 0100|01|00|06|f801fe|200a000302ed[payload->]...||60,674
2025-07-31T23:51:17.134 0100|00|00|05|fa0001|200a00cb37[payload->].7||14,283
2025-07-31T23:51:17.134 0100|01|00|06|f801fe|200a000302ed[payload->]...||60,674
2025-08-01T00:01:25.079 0100|00|00|05|fa0001|200a00cb37[payload->].7||14,283
2025-08-01T00:01:25.180 0100|01|00|06|f801fe|200a000302ed[payload->]...||60,674
2025-08-01T00:11:34.804 0100|00|00|05|fa0001|200a00cb37[payload->].7||14,283
2025-08-01T00:11:34.906 0100|01|00|06|f801fe|200a000302ed[payload->]...||60,674
2025-08-01T00:21:43.072 0100|00|00|05|fa0001|200a00cb37[payload->].7||14,283
2025-08-01T00:21:43.173 0100|01|00|06|f801fe|200a000302ed[payload->]...||60,674
2025-08-01T00:31:52.047 0100|00|00|05|fa0001|200a00cb37[payload->].7||14,283
2025-08-01T00:31:52.047 0100|01|00|06|f801fe|200a000302ed[payload->]...||60,674
2025-08-01T00:42:01.143 0100|00|00|05|fa0001|200a00cb37[payload->].7||14,283
2025-08-01T00:42:01.244 0100|01|00|06|f801fe|200a000302ed[payload->]...||60,674
2025-08-01T00:52:10.083 0100|00|00|05|fa0001|200a00cb37[payload->].7||14,283
2025-08-01T00:52:10.184 0100|01|00|06|f801fe|200a000302ed[payload->]...||60,674
2025-08-01T01:02:19.383 0100|00|00|05|fa0001|200a00cb37[payload->].7||14,283
2025-08-01T01:02:19.384 0100|01|00|06|f801fe|200a000302ed[payload->]...||60,674
2025-08-01T01:12:28.278 0100|00|00|05|fa0001|200a00cb37[payload->].7||14,283
2025-08-01T01:22:37.123 0100|00|00|05|fa0001|200a00cb37[payload->].7||14,283
2025-08-01T01:22:37.225 0100|01|00|06|f801fe|200a000302ed[payload->]...||60,674
2025-08-01T01:32:45.067 0100|00|00|05|fa0001|200a00cb37[payload->].7||14,283
2025-08-01T01:32:45.067 0100|01|00|06|f801fe|200a000302ed[payload->]...||60,674
2025-08-01T01:42:54.548 0100|00|00|05|fa0001|200a00cb37[payload->].7||14,283
2025-08-01T01:42:54.649 0100|01|00|06|f801fe|200a000302ed[payload->]...||60,674
2025-08-01T01:53:03.021 0100|00|00|05|fa0001|200a00cb37[payload->].7||14,283
2025-08-01T01:53:03.122 0100|01|00|06|f801fe|200a000302ed[payload->]...||60,674
2025-08-01T02:03:12.078 0100|00|00|05|fa0001|200a00cb37[payload->].7||14,283
2025-08-01T02:03:12.079 0100|01|00|06|f801fe|200a000302ed[payload->]...||60,674
2025-08-01T02:13:21.083 0100|00|00|05|fa0001|200a00cb37[payload->].7||14,283
2025-08-01T02:13:21.183 0100|01|00|06|f801fe|200a000302ed[payload->]...||60,674
2025-08-01T02:23:30.261 0100|00|00|05|fa0001|200a00cb37[payload->].7||14,283
2025-08-01T02:23:30.362 0100|01|00|06|f801fe|200a000302ed[payload->]...||60,674
2025-08-01T02:33:38.071 0100|00|00|05|fa0001|200a00cb37[payload->].7||14,283
2025-08-01T02:33:38.172 0100|01|00|06|f801fe|200a000302ed[payload->]...||60,674
2025-08-01T02:43:47.093 0100|00|00|05|fa0001|200a00cb37[payload->].7||14,283
2025-08-01T02:43:47.093 0100|01|00|06|f801fe|200a000302ed[payload->]...||60,674
2025-08-01T02:53:56.453 0100|00|00|05|fa0001|200a00cb37[payload->].7||14,283
2025-08-01T02:53:56.453 0100|01|00|06|f801fe|200a000302ed[payload->]...||60,674
2025-08-01T03:04:04.490 0100|00|00|05|fa0001|200a00cb37[payload->].7||14,283
2025-08-01T03:04:04.591 0100|01|00|06|f801fe|200a000302ed[payload->]...||60,674
2025-08-01T03:14:13.249 0100|00|00|05|fa0001|200a00cb37[payload->].7||14,283
2025-08-01T03:14:13.249 0100|01|00|06|f801fe|200a000302ed[payload->]...||60,674
2025-08-01T03:24:22.035 0100|00|00|05|fa0001|200a00cb37[payload->].7||14,283
2025-08-01T03:24:22.136 0100|01|00|06|f801fe|200a000302ed[payload->]...||60,674
2025-08-01T03:34:30.129 0100|00|00|05|fa0001|200a00cb37[payload->].7||14,283
2025-08-01T03:34:30.230 0100|01|00|06|f801fe|200a000302ed[payload->]...||60,674
2025-08-01T03:44:38.053 0100|00|00|05|fa0001|200a00cb37[payload->].7||14,283
2025-08-01T03:44:38.154 0100|01|00|06|f801fe|200a000302ed[payload->]...||60,674
2025-08-01T03:54:47.034 0100|00|00|05|fa0001|200a00cb37[payload->].7||14,283
2025-08-01T03:54:47.034 0100|01|00|06|f801fe|200a000302ed[payload->]...||60,674
2025-08-01T04:04:56.454 0100|00|00|05|fa0001|200a00cb37[payload->].7||14,283
2025-08-01T04:04:56.455 0100|01|00|06|f801fe|200a000302ed[payload->]...||60,674
2025-08-01T04:15:05.027 0100|00|00|05|fa0001|200a00cb37[payload->].7||14,283
2025-08-01T04:15:05.128 0100|01|00|06|f801fe|200a000302ed[payload->]...||60,674
2025-08-01T04:25:14.477 0100|00|00|05|fa0001|200a00cb37[payload->].7||14,283
2025-08-01T04:25:14.578 0100|01|00|06|f801fe|200a000302ed[payload->]...||60,674
2025-08-01T04:35:23.119 0100|00|00|05|fa0001|200a00cb37[payload->].7||14,283
2025-08-01T04:35:23.119 0100|01|00|06|f801fe|200a000302ed[payload->]...||60,674
2025-08-01T04:45:32.976 0100|00|00|05|fa0001|200a00cb37[payload->].7||14,283
2025-08-01T04:45:33.077 0100|01|00|06|f801fe|200a000302ed[payload->]...||60,674
2025-08-01T04:55:42.053 0100|00|00|05|fa0001|200a00cb37[payload->].7||14,283
2025-08-01T04:55:42.154 0100|01|00|06|f801fe|200a000302ed[payload->]...||60,674
2025-08-01T05:05:51.095 0100|00|00|05|fa0001|200a00cb37[payload->].7||14,283
2025-08-01T05:05:51.196 0100|01|00|06|f801fe|200a000302ed[payload->]...||60,674
2025-08-01T05:16:00.112 0100|00|00|05|fa0001|200a00cb37[payload->].7||14,283
2025-08-01T05:16:00.213 0100|01|00|06|f801fe|200a000302ed[payload->]...||60,674
2025-08-01T05:26:08.124 0100|00|00|05|fa0001|200a00cb37[payload->].7||14,283
2025-08-01T05:26:08.124 0100|01|00|06|f801fe|200a000302ed[payload->]...||60,674
2025-08-01T05:36:17.105 0100|00|00|05|fa0001|200a00cb37[payload->].7||14,283
2025-08-01T05:36:17.106 0100|01|00|06|f801fe|200a000302ed[payload->]...||60,674
2025-08-01T05:46:26.336 0100|00|00|05|fa0001|200a00cb37[payload->].7||14,283
2025-08-01T05:46:26.437 0100|01|00|06|f801fe|200a000302ed[payload->]...||60,674
2025-08-01T05:56:35.097 0100|00|00|05|fa0001|200a00cb37[payload->].7||14,283
2025-08-01T05:56:35.198 0100|01|00|06|f801fe|200a000302ed[payload->]...||60,674
2025-08-01T06:06:44.404 0100|00|00|05|fa0001|200a00cb37[payload->].7||14,283
2025-08-01T06:06:44.505 0100|01|00|06|f801fe|200a000302ed[payload->]...||60,674
2025-08-01T06:16:53.056 0100|00|00|05|fa0001|200a00cb37[payload->].7||14,283
2025-08-01T06:16:53.157 0100|01|00|06|f801fe|200a000302ed[payload->]...||60,674
2025-08-01T06:27:02.094 0100|00|00|05|fa0001|200a00cb37[payload->].7||14,283
2025-08-01T06:27:02.196 0100|01|00|06|f801fe|200a000302ed[payload->]...||60,674
2025-08-01T06:37:10.082 0100|00|00|05|fa0001|200a00cb37[payload->].7||14,283
2025-08-01T06:37:10.082 0100|01|00|06|f801fe|200a000302ed[payload->]...||60,674
2025-08-01T06:47:18.058 0100|00|00|05|fa0001|200a00cb37[payload->].7||14,283
2025-08-01T06:47:18.059 0100|01|00|06|f801fe|200a000302ed[payload->]...||60,674
2025-08-01T06:57:27.094 0100|00|00|05|fa0001|200a00cb37[payload->].7||14,283
2025-08-01T06:57:27.094 0100|01|00|06|f801fe|200a000302ed[payload->]...||60,674
2025-08-01T07:07:36.531 0100|00|00|05|fa0001|200a00cb37[payload->].7||14,283
2025-08-01T07:07:36.531 0100|01|00|06|f801fe|200a000302ed[payload->]...||60,674
2025-08-01T07:17:44.342 0100|00|00|05|fa0001|200a00cb37[payload->].7||14,283
2025-08-01T07:17:44.343 0100|01|00|06|f801fe|200a000302ed[payload->]...||60,674
2025-08-01T07:27:53.020 0100|00|00|05|fa0001|200a00cb37[payload->].7||14,283
2025-08-01T07:27:53.121 0100|01|00|06|f801fe|200a000302ed[payload->]...||60,674
2025-08-01T07:38:02.027 0100|00|00|05|fa0001|200a00cb37[payload->].7||14,283
2025-08-01T07:38:02.129 0100|01|00|06|f801fe|200a000302ed[payload->]...||60,674
2025-08-01T07:48:10.887 0100|00|00|05|fa0001|200a00cb37[payload->].7||14,283
2025-08-01T07:48:10.989 0100|01|00|06|f801fe|200a000302ed[payload->]...||60,674
2025-08-01T07:58:19.617 0100|00|00|05|fa0001|200a00cb37[payload->].7||14,283
2025-08-01T07:58:19.617 0100|01|00|06|f801fe|200a000302ed[payload->]...||60,674
2025-08-01T08:08:28.076 0100|00|00|05|fa0001|200a00cb37[payload->].7||14,283
2025-08-01T08:08:28.076 0100|01|00|06|f801fe|200a000302ed[payload->]...||60,674
2025-08-01T08:18:37.142 0100|00|00|05|fa0001|200a00cb37[payload->].7||14,283
2025-08-01T08:18:37.143 0100|01|00|06|f801fe|200a000302ed[payload->]...||60,674
2025-08-01T08:28:46.333 0100|00|00|05|fa0001|200a00cb37[payload->].7||14,283
2025-08-01T08:28:46.434 0100|01|00|06|f801fe|200a000302ed[payload->]...||60,674
2025-08-01T08:38:54.786 0100|00|00|05|fa0001|200a00cb37[payload->].7||14,283
2025-08-01T08:38:54.787 0100|01|00|06|f801fe|200a000302ed[payload->]...||60,674
2025-08-01T08:49:03.050 0100|00|00|05|fa0001|200a00cb37[payload->].7||14,283
2025-08-01T08:49:03.051 0100|01|00|06|f801fe|200a000302ed[payload->]...||60,674
2025-08-01T08:59:12.052 0100|00|00|05|fa0001|200a00cb37[payload->].7||14,283
2025-08-01T08:59:12.052 0100|01|00|06|f801fe|200a000302ed[payload->]...||60,674
2025-08-01T09:09:21.076 0100|00|00|05|fa0001|200a00cb37[payload->].7||14,283
2025-08-01T09:09:21.076 0100|01|00|06|f801fe|200a000302ed[payload->]...||60,674
2025-08-01T09:19:30.034 0100|00|00|05|fa0001|200a00cb37[payload->].7||14,283
2025-08-01T09:19:30.135 0100|01|00|06|f801fe|200a000302ed[payload->]...||60,674
2025-08-01T09:29:39.694 0100|00|00|05|fa0001|200a00cb37[payload->].7||14,283
2025-08-01T09:29:39.795 0100|01|00|06|f801fe|200a000302ed[payload->]...||60,674
2025-08-01T09:39:48.210 0100|00|00|05|fa0001|200a00cb37[payload->].7||14,283
2025-08-01T09:39:48.210 0100|01|00|06|f801fe|200a000302ed[payload->]...||60,674
2025-08-01T09:49:57.105 0100|00|00|05|fa0001|200a00cb37[payload->].7||14,283
2025-08-01T09:49:57.106 0100|01|00|06|f801fe|200a000302ed[payload->]...||60,674
2025-08-01T10:00:05.234 0100|00|00|05|fa0001|200a00cb37[payload->].7||14,283
2025-08-01T10:00:05.335 0100|01|00|06|f801fe|200a000302ed[payload->]...||60,674
2025-08-01T10:10:14.358 0100|00|00|05|fa0001|200a00cb37[payload->].7||14,283
2025-08-01T10:10:14.459 0100|01|00|06|f801fe|200a000302ed[payload->]...||60,674
2025-08-01T10:20:23.136 0100|00|00|05|fa0001|200a00cb37[payload->].7||14,283
2025-08-01T10:20:23.136 0100|01|00|06|f801fe|200a000302ed[payload->]...||60,674
2025-08-01T10:30:32.013 0100|00|00|05|fa0001|200a00cb37[payload->].7||14,283
2025-08-01T10:30:32.114 0100|01|00|06|f801fe|200a000302ed[payload->]...||60,674
2025-08-01T10:40:41.047 0100|00|00|05|fa0001|200a00cb37[payload->].7||14,283
2025-08-01T10:40:41.148 0100|01|00|06|f801fe|200a000302ed[payload->]...||60,674
2025-08-01T10:50:50.066 0100|00|00|05|fa0001|200a00cb37[payload->].7||14,283
2025-08-01T10:50:50.167 0100|01|00|06|f801fe|200a000302ed[payload->]...||60,674
2025-08-01T11:00:59.608 0100|00|00|05|fa0001|200a00cb37[payload->].7||14,283
2025-08-01T11:00:59.608 0100|01|00|06|f801fe|200a000302ed[payload->]...||60,674
2025-08-01T11:11:08.129 0100|00|00|05|fa0001|200a00cb37[payload->].7||14,283
2025-08-01T11:11:08.129 0100|01|00|06|f801fe|200a000302ed[payload->]...||60,674
2025-08-01T11:21:17.072 0100|00|00|05|fa0001|200a00cb37[payload->].7||14,283
2025-08-01T11:21:17.173 0100|01|00|06|f801fe|200a000302ed[payload->]...||60,674
2025-08-01T11:41:37.061 0100|00|00|05|fa0001|200a00cb37[payload->].7||14,283
2025-08-01T11:41:37.061 0100|01|00|06|f801fe|200a000302ed[payload->]...||60,674
2025-08-01T11:51:45.428 0100|00|00|05|fa0001|200a00cb37[payload->].7||14,283
2025-08-01T11:51:45.428 0100|01|00|06|f801fe|200a000302ed[payload->]...||60,674
2025-08-01T12:01:54.517 0100|00|00|05|fa0001|200a00cb37[payload->].7||14,283
2025-08-01T12:01:54.618 0100|01|00|06|f801fe|200a000302ed[payload->]...||60,674
2025-08-01T12:12:03.142 0100|00|00|05|fa0001|200a00cb37[payload->].7||14,283
2025-08-01T12:12:03.244 0100|01|00|06|f801fe|200a000302ed[payload->]...||60,674
2025-08-01T12:22:12.359 0100|00|00|05|fa0001|200a00cb37[payload->].7||14,283
2025-08-01T12:22:12.460 0100|01|00|06|f801fe|200a000302ed[payload->]...||60,674
2025-08-01T12:32:21.044 0100|00|00|05|fa0001|200a00cb37[payload->].7||14,283
2025-08-01T12:32:21.145 0100|01|00|06|f801fe|200a000302ed[payload->]...||60,674
2025-08-01T12:42:29.641 0100|00|00|05|fa0001|200a00cb37[payload->].7||14,283
2025-08-01T12:42:29.641 0100|01|00|06|f801fe|200a000302ed[payload->]...||60,674
2025-08-01T12:42:35.315 0100|01|00|0c|f201fe|200a000a18960100000005fa[payload->].........||64,005
2025-08-01T12:52:38.047 0100|00|00|05|fa0001|200a00cb37[payload->].7||14,283
2025-08-01T12:52:38.149 0100|01|00|06|f801fe|200a000302ed[payload->]...||60,674
2025-08-01T13:02:47.087 0100|00|00|05|fa0001|200a00cb37[payload->].7||14,283
2025-08-01T13:02:47.188 0100|01|00|06|f801fe|200a000302ed[payload->]...||60,674
2025-08-01T13:12:56.804 0100|00|00|05|fa0001|200a00cb37[payload->].7||14,283
2025-08-01T13:12:56.906 0100|01|00|06|f801fe|200a000302ed[payload->]...||60,674
2025-08-01T13:23:04.430 0100|00|00|05|fa0001|200a00cb37[payload->].7||14,283
2025-08-01T13:23:04.430 0100|01|00|06|f801fe|200a000302ed[payload->]...||60,674
2025-08-01T13:33:13.017 0100|00|00|05|fa0001|200a00cb37[payload->].7||14,283
2025-08-01T13:33:13.118 0100|01|00|06|f801fe|200a000302ed[payload->]...||60,674
2025-08-01T13:43:22.160 0100|00|00|05|fa0001|200a00cb37[payload->].7||14,283
2025-08-01T13:43:22.261 0100|01|00|06|f801fe|200a000302ed[payload->]...||60,674
2025-08-01T13:53:31.073 0100|00|00|05|fa0001|200a00cb37[payload->].7||14,283
2025-08-01T13:53:31.073 0100|01|00|06|f801fe|200a000302ed[payload->]...||60,674
2025-08-01T14:03:40.138 0100|00|00|05|fa0001|200a00cb37[payload->].7||14,283
2025-08-01T14:03:40.239 0100|01|00|06|f801fe|200a000302ed[payload->]...||60,674
2025-08-01T14:13:48.060 0100|00|00|05|fa0001|200a00cb37[payload->].7||14,283
2025-08-01T14:13:48.161 0100|01|00|06|f801fe|200a000302ed[payload->]...||60,674
2025-08-01T14:23:57.219 0100|00|00|05|fa0001|200a00cb37[payload->].7||14,283
2025-08-01T14:23:57.219 0100|01|00|06|f801fe|200a000302ed[payload->]...||60,674
2025-08-01T14:34:05.230 0100|00|00|05|fa0001|200a00cb37[payload->].7||14,283
2025-08-01T14:34:05.331 0100|01|00|06|f801fe|200a000302ed[payload->]...||60,674
2025-08-01T14:44:14.366 0100|00|00|05|fa0001|200a00cb37[payload->].7||14,283
2025-08-01T14:44:14.467 0100|01|00|06|f801fe|200a000302ed[payload->]...||60,674
2025-08-01T14:54:23.024 0100|00|00|05|fa0001|200a00cb37[payload->].7||14,283
2025-08-01T14:54:23.125 0100|01|00|06|f801fe|200a000302ed[payload->]...||60,674
2025-08-01T15:04:32.030 0100|00|00|05|fa0001|200a00cb37[payload->].7||14,283
2025-08-01T15:04:32.132 0100|01|00|06|f801fe|200a000302ed[payload->]...||60,674
2025-08-01T15:14:41.073 0100|00|00|05|fa0001|200a00cb37[payload->].7||14,283
2025-08-01T15:14:41.174 0100|01|00|06|f801fe|200a000302ed[payload->]...||60,674
2025-08-01T15:24:50.439 0100|00|00|05|fa0001|200a00cb37[payload->].7||14,283
2025-08-01T15:24:50.439 0100|01|00|06|f801fe|200a000302ed[payload->]...||60,674
2025-08-01T15:34:58.050 0100|00|00|05|fa0001|200a00cb37[payload->].7||14,283
2025-08-01T15:34:58.152 0100|01|00|06|f801fc|200a000302ed[payload->]...||60,674
2025-08-01T15:45:07.028 0100|00|00|05|fa0001|200a00cb37[payload->].7||14,283
2025-08-01T15:45:07.129 0100|01|00|06|f801fe|200a000302ed[payload->]...||60,674
2025-08-01T15:55:15.591 0100|00|00|05|fa0001|200a00cb37[payload->].7||14,283
2025-08-01T15:55:15.591 0100|01|00|06|f801fe|200a000302ed[payload->]...||60,674
2025-08-01T16:05:24.470 0100|00|00|05|fa0001|200a00cb37[payload->].7||14,283
2025-08-01T16:15:33.109 0100|00|00|05|fa0001|200a00cb37[payload->].7||14,283
2025-08-01T16:15:33.110 0100|01|00|06|f801fe|200a000302ed[payload->]...||60,674
2025-08-01T16:25:43.229 0100|00|00|05|fa0001|200a00cb37[payload->].7||14,283
2025-08-01T16:25:43.330 0100|01|00|06|f801fe|200a000302ed[payload->]...||60,674
2025-08-01T16:35:51.065 0100|00|00|05|fa0001|200a00cb37[payload->].7||14,283
2025-08-01T16:35:51.166 0100|01|00|06|f801fe|200a000302ed[payload->]...||60,674
2025-08-01T16:46:00.365 0100|00|00|05|fa0001|200a00cb37[payload->].7||14,283
2025-08-01T16:46:00.466 0100|01|00|06|f801fe|200a000302ed[payload->]...||60,674
2025-08-01T16:56:08.315 0100|00|00|05|fa0001|200a00cb37[payload->].7||14,283
2025-08-01T16:56:08.315 0100|01|00|06|f801fe|200a000302ed[payload->]...||60,674
2025-08-01T17:06:17.020 0100|00|00|05|fa0001|200a00cb37[payload->].7||14,283
2025-08-01T17:06:17.121 0100|01|00|06|f801fe|200a000302ed[payload->]...||60,674
2025-08-01T17:16:25.113 0100|00|00|05|fa0001|200a00cb37[payload->].7||14,283
2025-08-01T17:16:25.214 0100|01|00|06|f801fe|200a000302ed[payload->]...||60,674
2025-08-01T17:26:34.255 0100|00|00|05|fa0001|200a00cb37[payload->].7||14,283
2025-08-01T17:26:34.356 0100|01|00|06|f801fe|200a000302ed[payload->]...||60,674
2025-08-01T17:36:43.017 0100|00|00|05|fa0001|200a00cb37[payload->].7||14,283
2025-08-01T17:36:43.118 0100|01|00|06|f801fe|200a000302ed[payload->]...||60,674
2025-08-01T17:46:52.161 0100|00|00|05|fa0001|200a00cb37[payload->].7||14,283
2025-08-01T17:46:52.161 0100|01|00|06|f801fe|200a000302ed[payload->]...||60,674
2025-08-01T17:57:01.310 0100|00|00|05|fa0001|200a00cb37[payload->].7||14,283
2025-08-01T17:57:01.311 0100|01|00|06|f801fe|200a000302ed[payload->]...||60,674
2025-08-01T18:07:10.395 0100|00|00|05|fa0001|200a00cb37[payload->].7||14,283
2025-08-01T18:07:10.496 0100|01|00|06|f801fe|200a000302ed[payload->]...||60,674
2025-08-01T18:17:18.216 0100|00|00|05|fa0001|200a00cb37[payload->].7||14,283
2025-08-01T18:17:18.216 0100|01|00|06|f801fe|200a000302ed[payload->]...||60,674
2025-08-01T18:27:27.565 0100|00|00|05|fa0001|200a00cb37[payload->].7||14,283
2025-08-01T18:27:27.566 0100|01|00|06|f801fe|200a000302ed[payload->]...||60,674
2025-08-01T18:37:35.087 0100|00|00|05|fa0001|200a00cb37[payload->].7||14,283
2025-08-01T18:37:35.188 0100|01|00|06|f801fe|200a000302ed[payload->]...||60,674
2025-08-01T18:47:43.012 0100|00|00|05|fa0001|200a00cb37[payload->].7||14,283
2025-08-01T18:47:43.113 0100|01|00|06|f801fe|200a000302ed[payload->]...||60,674
2025-08-01T18:57:52.050 0100|00|00|05|fa0001|200a00cb37[payload->].7||14,283
2025-08-01T18:57:52.151 0100|01|00|06|f801fe|200a000302ed[payload->]...||60,674
2025-08-01T19:08:01.295 0100|00|00|05|fa0001|200a00cb37[payload->].7||14,283
2025-08-01T19:08:01.396 0100|01|00|06|f801fe|200a000302ed[payload->]...||60,674
2025-08-01T19:18:09.414 0100|00|00|05|fa0001|200a00cb37[payload->].7||14,283
2025-08-01T19:18:09.515 0100|01|00|06|f801fe|200a000302ed[payload->]...||60,674
2025-08-01T19:28:18.040 0100|00|00|05|fa0001|200a00cb37[payload->].7||14,283
2025-08-01T19:28:18.040 0100|01|00|06|f801fe|200a000302ed[payload->]...||60,674
2025-08-01T19:38:27.090 0100|00|00|05|fa0001|200a00cb37[payload->].7||14,283
2025-08-01T19:38:27.090 0100|01|00|06|f801fe|200a000302ed[payload->]...||60,674
2025-08-01T19:48:35.101 0100|00|00|05|fa0001|200a00cb37[payload->].7||14,283
2025-08-01T19:48:35.101 0100|01|00|06|f801fe|200a000302ed[payload->]...||60,674
2025-08-01T19:58:43.106 0100|00|00|05|fa0001|200a00cb37[payload->].7||14,283
2025-08-01T19:58:43.107 0100|01|00|06|f801fe|200a000302ed[payload->]...||60,674
2025-08-01T20:01:12.941 0100|01|00|07|f701fe|200a0068025c20[payload->]h.\ ||8,284
2025-08-01T20:08:52.069 0100|00|00|05|fa0001|200a00cb37[payload->].7||14,283
2025-08-01T20:08:52.069 0100|01|00|06|f801fe|200a000302ed[payload->]...||60,674
2025-08-01T20:19:00.079 0100|00|00|05|fa0001|200a00cb37[payload->].7||14,283
2025-08-01T20:19:00.079 0100|01|00|06|f801fe|200a000302ed[payload->]...||60,674
2025-08-01T20:29:09.155 0100|00|00|05|fa0001|200a00cb37[payload->].7||14,283
2025-08-01T20:29:09.155 0100|01|00|06|f801fe|200a000302ed[payload->]...||60,674
2025-08-01T20:39:18.086 0100|00|00|05|fa0001|200a00cb37[payload->].7||14,283
2025-08-01T20:39:18.087 0100|01|00|06|f801fe|200a000302ed[payload->]...||60,674
2025-08-01T20:49:27.044 0100|00|00|05|fa0001|200a00cb37[payload->].7||14,283
2025-08-01T20:49:27.145 0100|01|00|06|f801fe|200a000302ed[payload->]...||60,674
2025-08-01T20:59:36.549 0100|00|00|05|fa0001|200a00cb37[payload->].7||14,283
2025-08-01T20:59:36.650 0100|01|00|06|f801fe|200a000302ed[payload->]...||60,674
2025-08-01T21:09:44.185 0100|00|00|05|fa0001|200a00cb37[payload->].7||14,283
2025-08-01T21:09:44.286 0100|01|00|06|f801fe|200a000302ed[payload->]...||60,674
2025-08-01T21:19:53.183 0100|00|00|05|fa0001|200a00cb37[payload->].7||14,283
2025-08-01T21:19:53.183 0100|01|00|06|f801fe|200a000302ed[payload->]...||60,674
2025-08-01T21:30:02.162 0100|00|00|05|fa0001|200a00cb37[payload->].7||14,283
2025-08-01T21:30:02.263 0100|01|00|06|f801fe|200a000302ed[payload->]...||60,674
2025-08-01T21:40:11.041 0100|00|00|05|fa0001|200a00cb37[payload->].7||14,283
2025-08-01T21:40:11.041 0100|01|00|06|f801fe|200a000302ed[payload->]...||60,674
2025-08-01T21:50:20.557 0100|00|00|05|fa0001|200a00cb37[payload->].7||14,283
2025-08-01T21:50:20.658 0100|01|00|06|f801fe|200a000302ed[payload->]...||60,674
2025-08-01T22:00:29.086 0100|00|00|05|fa0001|200a00cb37[payload->].7||14,283
2025-08-01T22:00:29.087 0100|01|10|0e|f801fe|200a000302ed0100000005fa0001[payload->]...........||0,256
2025-08-01T22:10:38.083 0100|00|00|05|fa0001|200a00cb37[payload->].7||14,283
2025-08-01T22:10:38.083 0100|01|00|06|f801fe|200a000302ed[payload->]...||60,674
2025-08-01T22:20:47.123 0100|00|00|05|fa0001|200a00cb37[payload->].7||14,283
2025-08-01T22:20:47.123 0100|01|00|06|f801fe|200a000302ed[payload->]...||60,674
2025-08-01T22:30:56.462 0100|00|00|05|fa0001|200a00cb37[payload->].7||14,283
2025-08-01T22:30:56.463 0100|01|00|06|f801fe|200a000302ed[payload->]...||60,674
2025-08-01T22:41:05.280 0100|00|00|05|fa0001|200a00cb37[payload->].7||14,283
2025-08-01T22:41:05.381 0100|01|00|06|f801fe|200a000302ed[payload->]...||60,674
2025-08-01T22:51:14.233 0100|00|00|05|fa0001|200a00cb37[payload->].7||14,283
2025-08-01T22:51:14.233 0100|01|00|06|f801fe|200a000302ed[payload->]...||60,674
2025-08-01T23:01:23.099 0100|00|00|05|fa0001|200a00cb37[payload->].7||14,283
2025-08-01T23:01:23.099 0100|01|00|06|f801fe|200a000302ed[payload->]...||60,674
2025-08-01T23:11:31.163 0100|00|00|05|fa0001|200a00cb37[payload->].7||14,283
2025-08-01T23:11:31.264 0100|01|00|06|f801fe|200a000302ed[payload->]...||60,674
2025-08-01T23:21:40.466 0100|00|00|05|fa0001|200a00cb37[payload->].7||14,283
2025-08-01T23:21:40.567 0100|01|00|06|f801fe|200a000302ed[payload->]...||60,674
2025-08-01T23:31:49.100 0100|00|00|05|fa0001|200a00cb37[payload->].7||14,283
2025-08-01T23:31:49.201 0100|01|00|06|f801fe|200a000302ed[payload->]...||60,674
2025-08-01T23:41:57.057 0100|00|00|05|fa0001|200a00cb37[payload->].7||14,283
2025-08-01T23:41:57.158 0100|01|00|06|f801fe|200a000302ed[payload->]...||60,674
2025-08-01T23:52:06.531 0100|00|00|05|fa0001|200a00cb37[payload->].7||14,283
2025-08-01T23:52:06.632 0100|01|00|06|f801fe|200a000302ed[payload->]...||60,674
2025-08-02T00:02:14.199 0100|00|00|05|fa0001|200a00cb37[payload->].7||14,283
2025-08-02T00:02:14.300 0100|01|00|06|f801fe|200a000302ed[payload->]...||60,674
2025-08-02T00:12:23.136 0100|00|00|05|fa0001|200a00cb37[payload->].7||14,283
2025-08-02T00:12:23.137 0100|01|00|06|f801fe|200a000302ed[payload->]...||60,674
2025-08-02T00:22:32.024 0100|00|00|05|fa0001|200a00cb37[payload->].7||14,283
2025-08-02T00:22:32.125 0100|01|00|06|f801fe|200a000302ed[payload->]...||60,674
2025-08-02T00:32:41.030 0100|00|00|05|fa0001|200a00cb37[payload->].7||14,283
2025-08-02T00:32:41.132 0100|01|00|06|f801fe|200a000302ed[payload->]...||60,674
2025-08-02T00:42:49.129 0100|00|00|05|fa0001|200a00cb37[payload->].7||14,283
2025-08-02T00:42:49.230 0100|01|00|06|f801fe|200a000302ed[payload->]...||60,674
2025-08-02T00:52:57.058 0100|00|00|05|fa0001|200a00cb37[payload->].7||14,283
2025-08-02T00:52:57.159 0100|01|00|06|f801fe|200a000302ed[payload->]...||60,674
2025-08-02T01:03:06.525 0100|00|00|05|fa0001|200a00cb37[payload->].7||14,283
2025-08-02T01:03:06.525 0100|01|00|06|f801fe|200a000302ed[payload->]...||60,674
2025-08-02T01:13:15.315 0100|00|00|05|fa0001|200a00cb37[payload->].7||14,283
2025-08-02T01:13:15.416 0100|01|00|06|f801fe|200a000302ed[payload->]...||60,674
2025-08-02T01:23:24.110 0100|00|00|05|fa0001|200a00cb37[payload->].7||14,283
2025-08-02T01:23:24.211 0100|01|00|06|f801fe|200a000302ed[payload->]...||60,674
2025-08-02T01:33:33.081 0100|00|00|05|fa0001|200a00cb37[payload->].7||14,283
2025-08-02T01:33:33.081 0100|01|00|06|f801fe|200a000302ed[payload->]...||60,674
2025-08-02T01:43:42.064 0100|00|00|05|fa0001|200a00cb37[payload->].7||14,283
2025-08-02T01:43:42.064 0100|01|00|06|f801fe|200a000302ed[payload->]...||60,674
2025-08-02T01:53:51.082 0100|00|00|05|fa0001|200a00cb37[payload->].7||14,283
2025-08-02T01:53:51.183 0100|01|00|06|f801fe|200a000302ed[payload->]...||60,674
2025-08-02T02:04:00.514 0100|00|00|05|fa0001|200a00cb37[payload->].7||14,283
2025-08-02T02:04:00.514 0100|01|00|06|f801fe|200a000302ed[payload->]...||60,674
2025-08-02T02:14:09.077 0100|00|00|05|fa0001|200a00cb37[payload->].7||14,283
2025-08-02T02:14:09.078 0100|01|00|06|f801fe|200a000302ed[payload->]...||60,674
2025-08-02T02:24:18.116 0100|00|00|05|fa0001|200a00cb37[payload->].7||14,283
2025-08-02T02:24:18.217 0100|01|00|06|f801fe|200a000302ed[payload->]...||60,674
2025-08-02T02:34:26.998 0100|00|00|05|fa0001|200a00cb37[payload->].7||14,283
2025-08-02T02:34:27.099 0100|01|00|06|f801fe|200a000302ed[payload->]...||60,674
2025-08-02T02:44:36.539 0100|00|00|05|fa0001|200a00cb37[payload->].7||14,283
2025-08-02T02:44:36.640 0100|01|00|06|f801fe|200a000302ed[payload->]...||60,674
2025-08-02T02:54:45.356 0100|00|00|05|fa0001|200a00cb37[payload->].7||14,283
2025-08-02T02:54:45.356 0100|01|00|06|f801fe|200a000302ed[payload->]...||60,674
2025-08-02T03:04:53.057 0100|00|00|05|fa0001|200a00cb37[payload->].7||14,283
2025-08-02T03:04:53.158 0100|01|00|06|f801fe|200a000302ed[payload->]...||60,674
2025-08-02T03:15:02.124 0100|00|00|05|fa0001|200a00cb37[payload->].7||14,283
2025-08-02T03:15:02.124 0100|01|00|06|f801fe|200a000302ed[payload->]...||60,674
2025-08-02T03:25:11.069 0100|00|00|05|fa0001|200a00cb37[payload->].7||14,283
2025-08-02T03:25:11.070 0100|01|00|06|f801fe|200a000302ed[payload->]...||60,674
2025-08-02T03:35:19.008 0100|00|00|05|fa0001|200a00cb37[payload->].7||14,283
2025-08-02T03:35:19.109 0100|01|00|06|f801fe|200a000302ed[payload->]...||60,674
2025-08-02T03:45:28.148 0100|00|00|05|fa0001|200a00cb37[payload->].7||14,283
2025-08-02T03:45:28.249 0100|01|00|06|f801fe|200a000302ed[payload->]...||60,674
2025-08-02T03:55:36.484 0100|00|00|05|fa0001|200a00cb37[payload->].7||14,283
2025-08-02T03:55:36.485 0100|01|00|06|f801fe|200a000302ed[payload->]...||60,674
2025-08-02T04:05:44.052 0100|00|00|05|fa0001|200a00cb37[payload->].7||14,283
2025-08-02T04:05:44.153 0100|01|00|06|f801fe|200a000302ed[payload->]...||60,674
2025-08-02T04:15:53.047 0100|00|00|05|fa0001|200a00cb37[payload->].7||14,283
2025-08-02T04:15:53.148 0100|01|00|06|f801fe|200a000302ed[payload->]...||60,674
2025-08-02T04:26:02.110 0100|00|00|05|fa0001|200a00cb37[payload->].7||14,283
2025-08-02T04:26:02.111 0100|01|00|06|f801fe|200a000302ed[payload->]...||60,674
2025-08-02T04:36:11.056 0100|00|00|05|fa0001|200a00cb37[payload->].7||14,283
2025-08-02T04:36:11.056 0100|01|00|06|f801fe|200a000302ed[payload->]...||60,674
2025-08-02T04:46:19.071 0100|00|00|05|fa0001|200a00cb37[payload->].7||14,283
2025-08-02T04:46:19.373 0100|01|00|46|fa01fe|200a000302ed0100000005fa000110030154f00100010007f701fe100301ffff859c0100000005fa0001342101ffa8010001000bf301fe34210100000000000061f701000000[payload->]..............T........................4!...........4!.......a.....||0,000
2025-08-02T04:56:28.082 0100|00|00|05|fa0001|200a00cb37[payload->].7||14,283
2025-08-02T04:56:28.082 0100|01|00|06|f801fe|200a000302ed[payload->]...||60,674
2025-08-02T05:06:37.067 0100|00|00|05|fa0001|200a00cb37[payload->].7||14,283
2025-08-02T05:06:37.068 0100|01|00|06|f801fe|200a000302ed[payload->]...||60,674
2025-08-02T05:16:46.489 0100|00|00|05|fa0001|200a00ca37[payload->].7||14,282
2025-08-02T05:16:46.591 0100|01|00|06|f801fe|200a000302ed[payload->]...||60,674
2025-08-02T05:26:54.070 0100|00|00|05|fa0001|200a00cb37[payload->].7||14,283
2025-08-02T05:26:54.070 0100|01|00|06|f801fe|200a000302ed[payload->]...||60,674
2025-08-02T05:37:03.240 0100|00|00|05|fa0001|200a00cb37[payload->].7||14,283
2025-08-02T05:37:03.342 0100|01|00|06|f801fe|200a000302ed[payload->]...||60,674
2025-08-02T05:47:12.035 0100|00|00|05|fa0001|200a00cb37[payload->].7||14,283
2025-08-02T05:47:12.136 0100|01|00|06|f801fe|200a000302ed[payload->]...||60,674
2025-08-02T05:57:21.099 0100|00|00|05|fa0001|200a00cb37[payload->].7||14,283
2025-08-02T05:57:21.200 0100|01|00|06|f801fe|200a000302ed[payload->]...||60,674
2025-08-02T06:07:29.010 0100|00|00|05|fa0001|200a00cb37[payload->].7||14,283
2025-08-02T06:07:29.111 0100|01|00|06|f801fe|200a000302ed[payload->]...||60,674
2025-08-02T06:17:38.009 0100|00|00|05|fa0001|200a00cb37[payload->].7||14,283
2025-08-02T06:17:38.110 0100|01|00|06|f801fe|200a000302ed[payload->]...||60,674
2025-08-02T06:27:47.066 0100|00|00|05|fa0001|200a00cb37[payload->].7||14,283
2025-08-02T06:27:47.066 0100|01|00|06|f801fe|200a000302ed[payload->]...||60,674
2025-08-02T06:37:56.591 0100|00|00|05|fa0001|200a00cb37[payload->].7||14,283
2025-08-02T06:37:56.591 0100|01|00|06|f801fe|200a000302ed[payload->]...||60,674
2025-08-02T06:48:05.434 0100|01|00|06|f801fe|200a000302ed[payload->]...||60,674
2025-08-02T06:58:14.083 0100|00|00|05|fa0001|200a00cb37[payload->].7||14,283
2025-08-02T06:58:14.083 0100|01|00|06|f801fe|200a000302ed[payload->]...||60,674
2025-08-02T07:08:23.046 0100|00|00|05|fa0001|200a00cb37[payload->].7||14,283
2025-08-02T07:08:23.147 0100|01|00|06|f801fe|200a000302ed[payload->]...||60,674
2025-08-02T07:18:32.097 0100|00|00|05|fa0001|200a00cb37[payload->].7||14,283
2025-08-02T07:18:32.097 0100|01|00|06|f801fe|200a000302ed[payload->]...||60,674
2025-08-02T07:28:41.087 0100|00|00|05|fa0001|200a00cb37[payload->].7||14,283
2025-08-02T07:28:41.087 0100|01|00|06|f801fe|200a000302ed[payload->]...||60,674
2025-08-02T07:38:49.092 0100|00|00|05|fa0001|200a00cb37[payload->].7||14,283
2025-08-02T07:38:49.092 0100|01|00|06|f801fe|200a000302ed[payload->]...||60,674
2025-08-02T07:48:58.087 0100|00|00|05|fa0001|200a00cb37[payload->].7||14,283
2025-08-02T07:48:58.188 0100|01|00|06|f801fe|200a000302ed[payload->]...||60,674
2025-08-02T07:59:07.047 0100|00|00|05|fa0001|200a00cb37[payload->].7||14,283
2025-08-02T07:59:07.148 0100|01|00|06|f801fe|200a000302ed[payload->]...||60,674
2025-08-02T08:09:16.687 0100|00|00|05|fa0001|200a00cb37[payload->].7||14,283
2025-08-02T08:29:34.032 0100|00|00|05|fa0001|200a00cb37[payload->].7||14,283
2025-08-02T08:29:34.234 0100|01|00|06|f801fe|200a000302ed[payload->]...||60,674
2025-08-02T08:39:42.018 0100|00|00|05|fa0001|200a00cb37[payload->].7||14,283
2025-08-02T08:39:42.119 0100|01|00|06|f801fe|200a000302ed[payload->]...||60,674
2025-08-02T08:49:51.020 0100|00|00|05|fa0001|200a00cb37[payload->].7||14,283
2025-08-02T08:49:51.122 0100|01|00|06|f801fe|200a000302ed[payload->]...||60,674
2025-08-02T08:59:59.149 0100|00|00|05|fa0001|200a00cb37[payload->].7||14,283
2025-08-02T08:59:59.149 0100|01|00|06|f801fe|200a000302ed[payload->]...||60,674
2025-08-02T09:10:08.107 0100|00|00|05|fa0001|200a00cb37[payload->].7||14,283
2025-08-02T09:10:08.107 0100|01|00|06|f801fe|200a000302ed[payload->]...||60,674
2025-08-02T09:20:17.108 0100|00|00|05|fa0001|200a00cb37[payload->].7||14,283
2025-08-02T09:20:17.108 0100|01|00|06|f801fe|200a000302ed[payload->]...||60,674
2025-08-02T09:30:26.595 0100|00|00|05|fa0001|200a00cb37[payload->].7||14,283
2025-08-02T09:30:26.696 0100|01|00|06|f801fe|200a000302ed[payload->]...||60,674
2025-08-02T09:40:34.070 0100|00|00|05|fa0001|200a00cb37[payload->].7||14,283
2025-08-02T09:40:34.070 0100|01|00|06|f801fe|200a000302ed[payload->]...||60,674
2025-08-02T09:50:43.118 0100|00|00|05|fa0001|200a00cb37[payload->].7||14,283
2025-08-02T09:50:43.118 0100|01|00|06|f801fe|200a000302ed[payload->]...||60,674
2025-08-02T10:00:52.011 0100|00|00|05|fa0001|200a00cb37[payload->].7||14,283
2025-08-02T10:00:52.112 0100|01|00|06|f801fe|200a000302ed[payload->]...||60,674
2025-08-02T10:11:00.265 0100|00|00|05|fa0001|200a00cb37[payload->].7||14,283
2025-08-02T10:11:00.366 0100|01|00|06|f801fe|200a000302ed[payload->]...||60,674
2025-08-02T10:21:09.033 0100|00|00|05|fa0001|200a00cb37[payload->].7||14,283
2025-08-02T10:21:09.135 0100|01|00|06|f801fe|200a000302ed[payload->]...||60,674
2025-08-02T10:31:18.034 0100|00|00|05|fa0001|200a00cb37[payload->].7||14,283
2025-08-02T10:31:18.135 0100|01|00|06|f801fe|200a000302ed[payload->]...||60,674
2025-08-02T10:41:28.016 0100|00|00|05|fa0001|200a00cb37[payload->].7||14,283
2025-08-02T10:41:28.017 0100|01|00|06|f801fe|200a000302ed[payload->]...||60,674
2025-08-02T10:51:37.103 0100|00|00|05|fa0001|200a00cb37[payload->].7||14,283
2025-08-02T10:51:37.103 0100|01|00|06|f801fe|200a000302ed[payload->]...||60,674
2025-08-02T11:01:45.233 0100|00|00|05|fa0001|200a00cb37[payload->].7||14,283
2025-08-02T11:01:45.335 0100|01|00|06|f801fe|200a000302ed[payload->]...||60,674
2025-08-02T11:11:54.072 0100|00|00|05|fa0001|200a00cb37[payload->].7||14,283
2025-08-02T11:11:54.072 0100|01|00|06|f801fe|200a000302ed[payload->]...||60,674
2025-08-02T11:22:02.009 0100|00|00|05|fa0001|200a00cb37[payload->].7||14,283
2025-08-02T11:22:02.110 0100|01|00|06|f801fe|200a000302ed[payload->]...||60,674
2025-08-02T11:32:11.025 0100|00|00|05|fa0001|200a00cb37[payload->].7||14,283
2025-08-02T11:32:11.126 0100|01|00|06|f801fe|200a000302ed[payload->]...||60,674
2025-08-02T11:42:20.891 0100|00|00|05|fa0001|200a00cb37[payload->].7||14,283
2025-08-02T11:42:20.992 0100|01|00|06|f801fe|200a000302ed[payload->]...||60,674
2025-08-02T11:52:29.020 0100|00|00|05|fa0001|200a00cb37[payload->].7||14,283
2025-08-02T11:52:29.121 0100|01|00|06|f801fe|200a000302ed[payload->]...||60,674
2025-08-02T12:02:38.047 0100|00|00|05|fa0001|200a00cb37[payload->].7||14,283
2025-08-02T12:02:38.148 0100|01|00|06|f801fe|200a000302ed[payload->]...||60,674
2025-08-02T12:12:47.108 0100|00|00|05|fa0001|200a00cb37[payload->].7||14,283
2025-08-02T12:12:47.108 0100|01|00|06|f801fe|200a000302ed[payload->]...||60,674
2025-08-02T12:22:55.381 0100|00|00|05|fa0001|200a00cb37[payload->].7||14,283
2025-08-02T12:22:55.482 0100|01|00|06|f801fe|200a000302ed[payload->]...||60,674
2025-08-02T12:33:03.119 0100|00|00|05|fa0001|200a00cb37[payload->].7||14,283
2025-08-02T12:33:03.119 0100|01|00|06|f801fe|200a000302ed[payload->]...||60,674
2025-08-02T12:43:12.145 0100|00|00|05|fa0001|200a00cb37[payload->].7||14,283
2025-08-02T12:43:12.146 0100|01|00|06|f801fe|200a000302ed[payload->]...||60,674
2025-08-02T12:53:21.001 0100|00|00|05|fa0001|200a00cb37[payload->].7||14,283
2025-08-02T12:53:21.102 0100|01|00|06|f801fe|200a000302ed[payload->]...||60,674
2025-08-02T13:03:29.065 0100|00|00|05|fa0001|200a00cb37[payload->].7||14,283
2025-08-02T13:03:29.065 0100|01|00|06|f801fe|200a000302ed[payload->]...||60,674
2025-08-02T13:13:38.113 0100|00|00|05|fa0001|200a00cb37[payload->].7||14,283
2025-08-02T13:13:38.215 0100|01|00|06|f801fe|200a000302ed[payload->]...||60,674
2025-08-02T13:23:47.160 0100|00|00|05|fa0001|200a00cb37[payload->].7||14,283
2025-08-02T13:23:47.161 0100|01|00|06|f801fe|200a000302ed[payload->]...||60,674
2025-08-02T13:33:56.657 0100|00|00|05|fa0001|200a00cb37[payload->].7||14,283
2025-08-02T13:33:56.758 0100|01|00|06|f801fe|200a000302ed[payload->]...||60,674
2025-08-02T13:44:04.049 0100|00|00|05|fa0001|200a00cb37[payload->].7||14,283
2025-08-02T13:44:04.150 0100|01|00|06|f801fe|200a000302ed[payload->]...||60,674
2025-08-02T13:54:13.094 0100|00|00|05|fa0001|200a00cb37[payload->].7||14,283
2025-08-02T13:54:13.095 0100|01|00|06|f801fe|200a000302ed[payload->]...||60,674
2025-08-02T14:04:22.005 0100|00|00|05|fa0001|200a00cb37[payload->].7||14,283
2025-08-02T14:04:22.107 0100|01|00|06|f801fe|200a000302ed[payload->]...||60,674
2025-08-02T14:14:31.022 0100|00|00|05|fa0001|200a00cb37[payload->].7||14,283
2025-08-02T14:14:31.123 0100|01|00|06|f801fe|200a000302ed[payload->]...||60,674
2025-08-02T14:24:39.036 0100|00|00|05|fa0001|200a00cb37[payload->].7||14,283
2025-08-02T14:24:39.137 0100|01|00|06|f801fe|200a000302ed[payload->]...||60,674
2025-08-02T14:34:48.100 0100|00|00|05|fa0001|200a00cb37[payload->].7||14,283
2025-08-02T14:34:48.100 0100|01|00|06|f801fe|200a000302ed[payload->]...||60,674
2025-08-02T14:44:57.239 0100|00|00|05|fa0001|200a00cb37[payload->].7||14,283
2025-08-02T14:44:57.340 0100|01|00|06|f801fe|200a000302ed[payload->]...||60,674
2025-08-02T14:55:06.723 0100|00|00|05|fa0001|200a00cb37[payload->].7||14,283
2025-08-02T14:55:06.824 0100|01|00|06|f801fe|200a000302ed[payload->]...||60,674
2025-08-02T15:05:15.498 0100|00|00|05|fa0001|200a00cb37[payload->].7||14,283
2025-08-02T15:05:15.599 0100|01|00|06|f801fe|200a000302ed[payload->]...||60,674
2025-08-02T15:15:24.042 0100|00|00|05|fa0001|200a00cb37[payload->].7||14,283
2025-08-02T15:15:24.144 0100|01|00|06|f801fe|200a000302ed[payload->]...||60,674
2025-08-02T15:25:33.034 0100|00|00|05|fa0001|200a00cb37[payload->].7||14,283
2025-08-02T15:25:33.035 0100|01|00|06|f801fe|200a000302ed[payload->]...||60,674
2025-08-02T15:35:42.125 0100|00|00|05|fa0001|200a00cb37[payload->].7||14,283
2025-08-02T15:35:42.126 0100|01|00|06|f801fe|200a000302ed[payload->]...||60,674
2025-08-02T15:45:51.099 0100|00|00|05|fa0001|200a00cb37[payload->].7||14,283
2025-08-02T15:45:51.200 0100|01|00|06|f801fe|200a000302ed[payload->]...||60,674
2025-08-02T15:55:59.287 0100|00|00|05|fa0001|200a00cb37[payload->].7||14,283
2025-08-02T15:55:59.288 0100|01|00|06|f801fe|200a000302ed[payload->]...||60,674
2025-08-02T16:06:08.003 0100|00|00|05|fa0001|200a00cb37[payload->].7||14,283
2025-08-02T16:06:08.104 0100|01|00|06|f801fe|200a000302ed[payload->]...||60,674
2025-08-02T16:16:17.130 0100|00|00|05|fa0001|200a00cb37[payload->].7||14,283
2025-08-02T16:16:17.131 0100|01|00|06|f801fe|200a000302ed[payload->]...||60,674
2025-08-02T16:26:25.628 0100|00|00|05|fa0001|200a00cb37[payload->].7||14,283
2025-08-02T16:26:25.628 0100|01|00|06|f801fe|200a000302ed[payload->]...||60,674
2025-08-02T16:36:34.112 0100|00|00|05|fa0001|200a00cb37[payload->].7||14,283
2025-08-02T16:36:34.112 0100|01|00|06|f801fe|200a000302ed[payload->]...||60,674
2025-08-02T16:46:42.985 0100|00|00|05|fa0001|200a00cb37[payload->].7||14,283
2025-08-02T16:46:43.086 0100|01|00|06|f801fe|200a000302ed[payload->]...||60,674
2025-08-02T16:56:52.078 0100|00|00|05|fa0001|200a00cb37[payload->].7||14,283
2025-08-02T16:56:52.179 0100|01|00|06|f801fe|200a000302ed[payload->]...||60,674
2025-08-02T17:07:01.130 0100|00|00|05|fa0001|200a00cb37[payload->].7||14,283
2025-08-02T17:07:01.231 0100|01|00|06|f801fe|200a000302ed[payload->]...||60,674
2025-08-02T17:17:10.270 0100|00|00|05|fa0001|200a00cb37[payload->].7||14,283
2025-08-02T17:17:10.270 0100|01|00|06|f801fe|200a000302ed[payload->]...||60,674
2025-08-02T17:27:18.051 0100|00|00|05|fa0001|200a00cb37[payload->].7||14,283
2025-08-02T17:27:18.152 0100|01|00|06|f801fe|200a000302ed[payload->]...||60,674
2025-08-02T17:37:27.055 0100|00|00|05|fa0001|200a00cb37[payload->].7||14,283
2025-08-02T17:37:27.156 0100|01|00|06|f801fe|200a000302ed[payload->]...||60,674
2025-08-02T17:47:37.158 0100|00|00|05|fa0001|200a00cb37[payload->].7||14,283
2025-08-02T17:57:45.366 0100|00|00|05|fa0001|200a00cb37[payload->].7||14,283
2025-08-02T17:57:45.468 0100|01|00|06|f801fe|200a000302ed[payload->]...||60,674
2025-08-02T18:07:54.075 0100|00|00|05|fa0001|200a00cb37[payload->].7||14,283
2025-08-02T18:07:54.075 0100|01|00|06|f801fe|200a000302ed[payload->]...||60,674
2025-08-02T18:18:03.067 0100|00|00|05|fa0001|200a00cb37[payload->].7||14,283
2025-08-02T18:18:03.168 0100|01|00|06|f801fe|200a000302ed[payload->]...||60,674
2025-08-02T18:28:12.067 0100|00|00|05|fa0001|200a00cb37[payload->].7||14,283
2025-08-02T18:28:12.168 0100|01|00|06|f801fe|200a000302ed[payload->]...||60,674
2025-08-02T18:38:21.078 0100|01|00|06|f801fe|200a000302ed[payload->]...||60,674
2025-08-02T18:48:30.399 0100|00|00|05|fa0001|200a00cb37[payload->].7||14,283
2025-08-02T18:48:30.399 0100|01|00|06|f801fe|200a000302ed[payload->]...||60,674
2025-08-02T18:58:38.512 0100|00|00|05|fa0001|200a00cb37[payload->].7||14,283
2025-08-02T19:08:47.295 0100|00|00|05|fa0001|200a00cb37[payload->].7||14,283
2025-08-02T19:08:47.396 0100|01|00|06|f801fe|200a000302ed[payload->]...||60,674
2025-08-02T19:18:57.214 0100|00|00|05|fa0001|200a00cb37[payload->].7||14,283
2025-08-02T19:18:57.214 0100|01|00|06|f801fe|200a000302ed[payload->]...||60,674
2025-08-02T19:29:06.201 0100|00|00|05|fa0001|200a00cb37[payload->].7||14,283
2025-08-02T19:29:06.302 0100|01|00|06|f801fe|200a000302ed[payload->]...||60,674
2025-08-02T19:39:14.417 0100|00|00|05|fa0001|200a00cb37[payload->].7||14,283
2025-08-02T19:39:14.518 0100|01|00|06|f801fe|200a000302ed[payload->]...||60,674
2025-08-02T19:49:23.143 0100|00|00|05|fa0001|200a00cb37[payload->].7||14,283
2025-08-02T19:49:23.244 0100|01|00|06|f801fe|200a000302ed[payload->]...||60,674
2025-08-02T19:59:32.163 0100|00|00|05|fa0001|200a00cb37[payload->].7||14,283
2025-08-02T19:59:32.164 0100|01|00|06|f801fe|200a000302ed[payload->]...||60,674
2025-08-02T20:09:41.124 0100|00|00|05|fa0001|200a00cb37[payload->].7||14,283
2025-08-02T20:09:41.225 0100|01|00|06|f801fe|200a000302ed[payload->]...||60,674
2025-08-02T20:29:58.200 0100|00|00|05|fa0001|200a00cb37[payload->].7||14,283
2025-08-02T20:29:58.301 0100|01|00|06|f801fe|200a000302ed[payload->]...||60,674
2025-08-02T20:50:17.468 0100|00|00|05|fa0001|200a00cb37[payload->].7||14,283
2025-08-02T20:50:17.569 0100|01|00|06|f801fe|200a000302ed[payload->]...||60,674
2025-08-02T21:00:24.098 0100|00|00|05|fa0001|200a00cb37[payload->].7||14,283
2025-08-02T21:00:24.199 0100|00|00|06|f801fe|200a000302ed[payload->]...||60,674
2025-08-02T21:10:33.149 0100|00|00|05|fa0001|200a00cb37[payload->].7||14,283
2025-08-02T21:10:33.250 0100|01|00|06|f801fe|200a000302ed[payload->]...||60,674
2025-08-02T21:20:42.027 0100|00|00|05|fa0001|200a00cb37[payload->].7||14,283
2025-08-02T21:20:42.128 0100|01|00|06|f801fe|200a000302ed[payload->]...||60,674
2025-08-02T21:30:50.498 0100|00|00|05|fa0001|200a00cb37[payload->].7||14,283
2025-08-02T21:30:50.599 0100|01|00|06|f801fe|200a000302ed[payload->]...||60,674
2025-08-02T21:40:59.178 0100|00|00|05|fa0001|200a00cb37[payload->].7||14,283
2025-08-02T21:40:59.279 0100|01|00|06|f801fe|200a000302ed[payload->]...||60,674
2025-08-02T21:51:08.284 0100|00|00|05|fa0001|200a00cb37[payload->].7||14,283
2025-08-02T21:51:08.284 0100|01|00|06|f801fe|200a000302ed[payload->]...||60,674
2025-08-02T22:01:17.579 0100|00|00|05|fa0001|200a00cb37[payload->].7||14,283
2025-08-02T22:01:17.680 0100|01|00|06|f801fe|200a000302ed[payload->]...||60,674
2025-08-02T22:11:27.613 0100|00|00|05|fa0001|200a00cb37[payload->].7||14,283
2025-08-02T22:11:27.714 0100|01|00|06|f801fe|200a000302ed[payload->]...||60,674
2025-08-02T22:21:36.280 0100|00|00|05|fa0001|200a00cb37[payload->].7||14,283
2025-08-02T22:21:36.381 0100|01|00|06|f801fe|200a000302ed[payload->]...||60,674
2025-08-02T22:31:44.509 0100|00|00|05|fa0001|200a00cb37[payload->].7||14,283
2025-08-02T22:31:44.610 0100|01|00|06|f801fe|200a000302ed[payload->]...||60,674
2025-08-02T22:41:52.174 0100|00|00|05|fa0001|200a00cb37[payload->].7||14,283
2025-08-02T22:41:52.275 0100|01|00|06|f801fe|200a000302ed[payload->]...||60,674
2025-08-02T22:52:01.106 0100|00|00|05|fa0001|200a00cb37[payload->].7||14,283
2025-08-02T22:52:01.106 0100|01|00|06|f801fe|200a000302ed[payload->]...||60,674
2025-08-02T23:02:10.578 0100|00|00|05|fa0001|200a00cb37[payload->].7||14,283
2025-08-02T23:02:10.679 0100|01|00|06|f801fe|200a000302ed[payload->]...||60,674
2025-08-02T23:12:19.129 0100|00|00|05|fa0001|200a00cb37[payload->].7||14,283
2025-08-02T23:12:19.230 0100|01|00|06|f801fe|200a000302ed[payload->]...||60,674
2025-08-02T23:22:27.571 0100|00|00|05|fa0001|200a00cb37[payload->].7||14,283
2025-08-02T23:22:27.572 0100|01|00|06|f801fe|200a000302ed[payload->]...||60,674
2025-08-02T23:42:44.145 0100|00|00|05|fa0001|200a00cb37[payload->].7||14,283
2025-08-02T23:42:44.145 0100|01|00|06|f801fe|200a000302ed[payload->]...||60,674
2025-08-02T23:52:53.285 0100|00|00|05|fa0001|200a00cb37[payload->].7||14,283
2025-08-02T23:52:53.386 0100|01|00|06|f801fe|200a000302ed[payload->]...||60,674
2025-08-03T00:03:02.191 0100|00|00|05|fa0001|200a00cb37[payload->].7||14,283
2025-08-03T00:03:02.292 0100|01|00|06|f801fe|200a000302ed[payload->]...||60,674
2025-08-03T00:13:11.064 0100|00|00|05|fa0001|200a00cb37[payload->].7||14,283
2025-08-03T00:13:11.065 0100|01|00|06|f801fe|200a000302ed[payload->]...||60,674
2025-08-03T00:23:21.506 0100|00|00|05|fa0001|200a00cb37[payload->].7||14,283
2025-08-03T00:23:21.607 0100|01|00|06|f801fe|200a000302ed[payload->]...||60,674
2025-08-03T00:33:29.221 0100|00|00|05|fa0001|200a00cb37[payload->].7||14,283
2025-08-03T00:33:29.322 0100|01|00|06|f801fe|200a000302ed[payload->]...||60,674
2025-08-03T00:43:38.269 0100|00|00|05|fa0001|200a00cb37[payload->].7||14,283
2025-08-03T00:43:38.370 0100|01|00|06|f801fe|200a000302ed[payload->]...||60,674
2025-08-03T00:53:47.766 0100|00|00|05|fa0001|200a00cb37[payload->].7||14,283
2025-08-03T00:53:47.867 0100|01|00|06|f801fe|200a000302ed[payload->]...||60,674
2025-08-03T01:03:55.615 0100|00|00|05|fa0001|200a00cb37[payload->].7||14,283
2025-08-03T01:03:55.716 0100|01|00|06|f801fe|200a000302ed[payload->]...||60,674
2025-08-03T01:14:04.125 0100|00|00|05|fa0001|200a00cb37[payload->].7||14,283
2025-08-03T01:14:04.226 0100|01|00|06|f801fe|200a000302ed[payload->]...||60,674
2025-08-03T01:24:13.345 0100|00|00|05|fa0001|200a00cb37[payload->].7||14,283
2025-08-03T01:24:13.345 0100|01|00|06|f801fe|200a000302ed[payload->]...||60,674
2025-08-03T01:34:22.078 0100|00|00|05|fa0001|200a00cb37[payload->].7||14,283
2025-08-03T01:34:22.180 0100|01|00|06|f801fe|200a000302ed[payload->]...||60,674
2025-08-03T01:54:39.054 0100|00|00|05|fa0001|200a00cb37[payload->].7||14,283
2025-08-03T01:54:39.154 0100|01|00|06|f801fe|200a000302ed[payload->]...||60,674
2025-08-03T02:04:48.247 0100|01|00|06|f801fe|200a000302ed[payload->]...||60,674
2025-08-03T02:14:55.759 0100|00|00|05|fa0001|200a00cb37[payload->].7||14,283
2025-08-03T02:14:55.860 0100|01|00|06|f801fe|200a000302ed[payload->]...||60,674
2025-08-03T02:25:04.169 0100|00|00|05|fa0001|200a00cb37[payload->].7||14,283
2025-08-03T02:25:04.169 0100|01|00|06|f801fe|200a000302ed[payload->]...||60,674
2025-08-03T02:35:13.217 0100|00|00|05|fa0001|200a00cb37[payload->].7||14,283
2025-08-03T02:35:13.318 0100|01|00|06|f801fe|200a000302ed[payload->]...||60,674
2025-08-03T02:45:22.118 0100|00|00|05|fa0001|200a00cb37[payload->].7||14,283
2025-08-03T02:45:22.219 0100|01|00|06|f801fe|200a000302ed[payload->]...||60,674
2025-08-03T02:55:31.419 0100|00|00|05|fa0001|200a00cb37[payload->].7||14,283
2025-08-03T02:55:31.419 0100|01|00|06|f801fe|200a000302ed[payload->]...||60,674
2025-08-03T03:05:39.213 0100|00|00|05|fa0001|200a00cb37[payload->].7||14,283
2025-08-03T03:05:39.213 0100|01|00|06|f801fe|200a000302ed[payload->]...||60,674
2025-08-03T03:15:48.230 0100|00|00|05|fa0001|200a00cb37[payload->].7||14,283
2025-08-03T03:15:48.331 0100|01|00|06|f801fe|200a000302ed[payload->]...||60,674
2025-08-03T03:25:57.506 0100|00|00|05|fa0001|200a00cb37[payload->].7||14,283
2025-08-03T03:25:57.507 0100|01|00|06|f801fe|200a000302ed[payload->]...||60,674
2025-08-03T03:36:07.761 0100|00|00|05|fa0001|200a00cb37[payload->].7||14,283
2025-08-03T03:36:07.862 0100|01|00|06|f801fe|200a000302ed[payload->]...||60,674
2025-08-03T03:46:17.388 0100|00|00|05|fa0001|200a00cb37[payload->].7||14,283
2025-08-03T03:56:25.743 0100|00|00|05|fa0001|200a00cb37[payload->].7||14,283
2025-08-03T04:06:34.131 0100|00|00|05|fa0001|200a00cb37[payload->].7||14,283
2025-08-03T04:06:34.232 0100|01|00|06|f801fe|200a000302ed[payload->]...||60,674
2025-08-03T04:16:43.220 0100|00|00|05|fa0001|200a00cb37[payload->].7||14,283
2025-08-03T04:16:43.926 0100|01|00|86|f801fe|200a000302ed0100000005fa0001200a03ca770100010006f801fe200a03fe732c0100000005fa000154080171b70100050007f701fe54080100001e6f0100000005fa00012001023ab10100010007f701fe200102150019220100000005fa000150aa00104e0100010006f801fe50aa0000e1b70100000005fa000120010afcb00100010009[payload->]........... ...w........ ...s,........T..q.........T.....o........ ..:......... ....."........P...N........P............. .........||2,304
2025-08-03T04:26:52.337 0100|00|00|05|fa0001|200a00cb37[payload->].7||14,283
2025-08-03T04:26:52.438 0100|01|00|06|f801fe|200a000302ed[payload->]...||60,674
2025-08-03T04:37:00.853 0100|00|00|05|fa0001|200a00cb37[payload->].7||14,283
2025-08-03T04:37:00.954 0100|01|00|06|f801fe|200a000302ed[payload->]...||60,674
2025-08-03T04:47:09.200 0100|00|00|05|fa0001|200a00cb37[payload->].7||14,283
2025-08-03T04:47:09.200 0100|01|00|06|f801fe|200a000302ed[payload->]...||60,674
2025-08-03T04:57:18.418 0100|00|00|05|fa0001|200a00cb37[payload->].7||14,283
2025-08-03T04:57:18.519 0100|01|00|06|f801fe|200a000302ed[payload->]...||60,674
2025-08-03T05:07:27.603 0100|00|00|05|fa0001|200a00cb37[payload->].7||14,283
2025-08-03T05:07:27.603 0100|01|00|06|f801fe|200a000302ed[payload->]...||60,674
2025-08-03T05:17:37.655 0100|00|00|05|fa0001|200a00cb37[payload->].7||14,283
2025-08-03T05:27:46.056 0100|00|00|05|fa0001|200a00cb37[payload->].7||14,283
2025-08-03T05:27:46.157 0100|01|00|06|f801fe|200a000302ed[payload->]...||60,674
2025-08-03T05:37:54.099 0100|00|00|05|fa0001|200a00cb37[payload->].7||14,283
2025-08-03T05:37:54.099 0100|01|00|06|f801fe|200a000302ed[payload->]...||60,674
2025-08-03T05:48:03.201 0100|00|00|05|fa0001|200a00cb37[payload->].7||14,283
2025-08-03T05:48:03.302 0100|01|00|06|f801fe|200a000302ed[payload->]...||60,674
2025-08-03T05:58:12.215 0100|00|00|05|fa0001|200a00cb37[payload->].7||14,283
2025-08-03T05:58:12.316 0100|01|00|06|f801fe|200a000302ed[payload->]...||60,674
2025-08-03T06:08:21.457 0100|00|00|05|fa0001|200a00cb37[payload->].7||14,283
2025-08-03T06:08:21.658 0100|01|00|06|f801fe|200a000302ed[payload->]...||60,674
2025-08-03T06:18:29.143 0100|00|00|05|fa0001|200a00cb37[payload->].7||14,283
2025-08-03T06:18:29.245 0100|01|00|06|f801fe|200a000302ed[payload->]...||60,674
2025-08-03T06:28:38.932 0100|00|00|05|fa0001|200a00cb37[payload->].7||14,283
2025-08-03T06:28:38.932 0100|01|00|06|f801fe|200a000302ed[payload->]...||60,674
2025-08-03T06:38:48.029 0100|00|00|05|fa0001|200a00cb37[payload->].7||14,283
2025-08-03T06:38:48.130 0100|01|00|06|f801fe|200a000302ed[payload->]...||60,674
2025-08-03T06:48:56.054 0100|00|00|05|fa0001|200a00cb37[payload->].7||14,283
2025-08-03T06:48:56.155 0100|01|00|06|f801fe|200a000302ed[payload->]...||60,674
2025-08-03T06:59:04.310 0100|00|00|05|fa0001|200a00cb37[payload->].7||14,283
2025-08-03T06:59:04.411 0100|01|00|06|f801fe|200a000302ed[payload->]...||60,674
2025-08-03T07:09:13.250 0100|00|00|05|fa0001|200a00cb37[payload->].7||14,283
2025-08-03T07:09:13.351 0100|01|00|06|f801fe|200a000302ed[payload->]...||60,674
2025-08-03T07:19:23.086 0100|00|00|05|fa0001|200a00cb37[payload->].7||14,283
2025-08-03T07:19:23.087 0100|01|00|06|f801fe|200a000302ed[payload->]...||60,674
2025-08-03T07:29:32.223 0100|00|00|05|fa0001|200a00cb37[payload->].7||14,283
2025-08-03T07:29:32.224 0100|01|00|06|f801fe|200a000302ed[payload->]...||60,674
2025-08-03T07:39:41.032 0100|00|00|05|fa0001|200a00cb37[payload->].7||14,283
2025-08-03T07:39:41.133 0100|01|00|06|f801fe|200a000302ed[payload->]...||60,674
2025-08-03T07:49:49.284 0100|00|00|05|fa0001|200a00cb37[payload->].7||14,283
2025-08-03T07:49:49.284 0100|01|00|06|f801fe|200a000302ed[payload->]...||60,674
2025-08-03T07:59:57.654 0100|00|00|05|fa0001|200a00cb37[payload->].7||14,283
2025-08-03T07:59:57.654 0100|01|00|06|f801fe|200a000302ed[payload->]...||60,674
2025-08-03T08:10:05.898 0100|01|00|06|f801fe|200a000302ed[payload->]...||60,674
2025-08-03T08:20:14.332 0100|00|00|05|fa0001|200a00cb37[payload->].7||14,283
2025-08-03T08:20:14.433 0100|01|00|06|f801fe|200a000302ed[payload->]...||60,674
2025-08-03T08:30:23.291 0100|00|00|05|fa0001|200a00cb37[payload->].7||14,283
2025-08-03T08:30:23.392 0100|01|00|06|f801fe|200a000302ed[payload->]...||60,674
2025-08-03T08:40:32.160 0100|00|00|05|fa0001|200a00cb37[payload->].7||14,283
2025-08-03T08:40:32.262 0100|01|00|06|f801fe|200a000302ed[payload->]...||60,674
2025-08-03T08:50:41.254 0100|00|00|05|fa0001|200a00cb37[payload->].7||14,283
2025-08-03T08:50:41.355 0100|01|00|06|f801fe|200a000302ed[payload->]...||60,674
2025-08-03T09:00:51.287 0100|00|00|05|fa0001|200a00cb37[payload->].7||14,283
2025-08-03T09:00:51.287 0100|01|00|06|f801fe|200a000302ed[payload->]...||60,674
2025-08-03T09:10:58.302 0100|00|00|05|fa0001|200a00cb37[payload->].7||14,283
2025-08-03T09:10:58.303 0100|01|00|06|f801fe|200a000302ed[payload->]...||60,674
2025-08-03T09:31:16.454 0100|00|00|05|fa0001|200a00cb37[payload->].7||14,283
2025-08-03T09:31:16.555 0100|01|00|0e|f801fe|200a000302ed0100000005fa0001[payload->]...........||0,256
2025-08-03T09:41:24.079 0100|00|00|05|fa0001|200a00cb37[payload->].7||14,283
2025-08-03T09:41:24.080 0100|01|00|06|f801fe|200a000302ed[payload->]...||60,674
2025-08-03T09:51:33.060 0100|00|00|05|fa0001|200a00cb37[payload->].7||14,283
2025-08-03T09:51:33.161 0100|01|00|06|f801fe|200a000302ed[payload->]...||60,674
2025-08-03T10:01:42.135 0100|00|00|05|fa0001|200a00cb37[payload->].7||14,283
2025-08-03T10:01:42.236 0100|01|00|06|f801fe|200a000302ed[payload->]...||60,674
2025-08-03T10:11:51.056 0100|00|00|05|fa0001|200a00cb37[payload->].7||14,283
2025-08-03T10:11:51.158 0100|01|00|06|f801fe|200a000302ed[payload->]...||60,674
2025-08-03T10:22:00.790 0100|00|00|05|fa0001|200a00cb37[payload->].7||14,283
2025-08-03T10:22:00.892 0100|01|00|06|f801fe|200a000302ed[payload->]...||60,674
2025-08-03T10:32:08.087 0100|00|00|05|fa0001|200a00cb37[payload->].7||14,283
2025-08-03T10:32:08.087 0100|01|00|06|f801fe|200a000302ed[payload->]...||60,674
2025-08-03T10:42:17.349 0100|00|00|05|fa0001|200a00cb37[payload->].7||14,283
2025-08-03T10:42:17.551 0100|01|00|06|f801fe|200a000302ed[payload->]...||60,674
2025-08-03T10:52:27.008 0100|00|00|05|fa0001|200a00cb37[payload->].7||14,283
2025-08-03T10:52:27.109 0100|01|00|06|f801fe|200a000302ed[payload->]...||60,674
2025-08-03T11:12:44.048 0100|00|00|05|fa0001|200a00cb37[payload->].7||14,283
2025-08-03T11:12:44.149 0100|01|00|06|f801fe|200a000302ed[payload->]...||60,674
2025-08-03T11:22:52.998 0100|00|00|05|fa0001|200a00cb37[payload->].7||14,283
2025-08-03T11:22:53.099 0100|01|00|06|f801fe|200a000302ed[payload->]...||60,674
2025-08-03T11:33:02.075 0100|00|00|05|fa0001|200a00cb37[payload->].7||14,283
2025-08-03T11:33:02.177 0100|01|00|06|f801fe|200a000302ed[payload->]...||60,674
2025-08-03T11:43:11.158 0100|00|00|05|fa0001|200a00cb37[payload->].7||14,283
2025-08-03T11:43:11.259 0100|01|00|06|f801fe|200a000302ed[payload->]...||60,674
2025-08-03T11:53:20.695 0100|00|00|05|fa0001|200a00cb37[payload->].7||14,283
2025-08-03T11:53:20.796 0100|01|00|06|f801fe|200a000302ed[payload->]...||60,674
2025-08-03T12:03:29.055 0100|00|00|05|fa0001|200a00cb37[payload->].7||14,283
2025-08-03T12:03:29.055 0100|01|00|06|f801fe|200a000302ed[payload->]...||60,674
2025-08-03T12:13:38.096 0100|00|00|05|fa0001|200a00cb37[payload->].7||14,283
2025-08-03T12:13:38.097 0100|01|00|06|f801fe|200a000302ed[payload->]...||60,674
2025-08-03T12:44:05.607 0100|00|00|05|fa0001|200a00cb37[payload->].7||14,283
2025-08-03T12:44:05.910 0100|01|00|46|f801fe|200a000302ed0100000005fa0001200a03ca770100010006f801fe200a03fe732c0100000005fa00012001023ab10100010007f701fe200102150019220100000005fa000120[payload->]........... ...w........ ...s,........ ..:......... ....."........ ||8,193
2025-08-03T12:54:14.114 0100|00|00|05|fa0001|200a00cb37[payload->].7||14,283
2025-08-03T12:54:14.215 0100|01|00|06|f801fe|200a000302ed[payload->]...||60,674
2025-08-03T13:04:23.067 0100|00|00|05|fa0001|200a00cb37[payload->].7||14,283
2025-08-03T13:04:23.067 0100|01|00|06|f801fe|200a000302ed[payload->]...||60,674
2025-08-03T13:14:32.019 0100|00|00|05|fa0001|200a00cb37[payload->].7||14,283
2025-08-03T13:14:32.120 0100|01|00|06|f801fe|200a000302ed[payload->]...||60,674
2025-08-03T13:24:41.330 0100|00|00|05|fa0001|200a00cb37[payload->].7||14,283
2025-08-03T13:24:41.330 0100|01|00|06|f801fe|200a000302ed[payload->]...||60,674
2025-08-03T13:34:50.976 0100|00|00|05|fa0001|200a00cb37[payload->].7||14,283
2025-08-03T13:34:51.077 0100|01|00|06|f801fe|200a000302ed[payload->]...||60,674
2025-08-03T13:44:59.114 0100|00|00|05|fa0001|200a00cb37[payload->].7||14,283
2025-08-03T13:44:59.215 0100|01|00|06|f801fe|200a000302ed[payload->]...||60,674
2025-08-03T13:55:08.114 0100|00|00|05|fa0001|200a00cb37[payload->].7||14,283
2025-08-03T13:55:08.114 0100|01|00|06|f801fe|200a000302ed[payload->]...||60,674
2025-08-03T14:05:17.207 0100|00|00|05|fa0001|200a00cb37[payload->].7||14,283
2025-08-03T14:05:17.308 0100|01|00|06|f801fe|200a000302ed[payload->]...||60,674
2025-08-03T14:15:26.956 0100|00|00|05|fa0001|200a00cb37[payload->].7||14,283
2025-08-03T14:15:26.956 0100|01|00|06|f801fe|200a000302ed[payload->]...||60,674
2025-08-03T14:25:35.777 0100|00|00|05|fa0001|200a00cb37[payload->].7||14,283
2025-08-03T14:25:35.777 0100|01|00|06|f801fe|200a000302ed[payload->]...||60,674
2025-08-03T14:35:43.057 0100|00|00|05|fa0001|200a00cb37[payload->].7||14,283
2025-08-03T14:35:43.158 0100|01|00|06|f801fe|200a000302ed[payload->]...||60,674
2025-08-03T14:45:52.048 0100|00|00|05|fa0001|200a00cb37[payload->].7||14,283
2025-08-03T14:45:52.149 0100|01|00|06|f801fe|200a000302ed[payload->]...||60,674
2025-08-03T14:56:01.110 0100|00|00|05|fa0001|200a00cb37[payload->].7||14,283
2025-08-03T14:56:01.110 0100|01|00|06|f801fe|200a000302ed[payload->]...||60,674
2025-08-03T15:06:09.183 0100|00|00|05|fa0001|200a00cb37[payload->].7||14,283
2025-08-03T15:06:09.285 0100|01|00|06|f801fe|200a000302ed[payload->]...||60,674
2025-08-03T15:16:18.078 0100|00|00|05|fa0001|200a00cb37[payload->].7||14,283
2025-08-03T15:16:18.079 0100|01|00|06|f801fe|200a000302ed[payload->]...||60,674
2025-08-03T15:26:27.332 0100|00|00|05|fa0001|200a00cb37[payload->].7||14,283
2025-08-03T15:26:27.333 0100|01|00|06|f801fe|200a000302ed[payload->]...||60,674
2025-08-03T15:36:36.891 0100|00|00|05|fa0001|200a00cb37[payload->].7||14,283
2025-08-03T15:36:36.992 0100|01|00|06|f801fe|200a000302ed[payload->]...||60,674
2025-08-03T15:46:45.681 0100|00|00|05|fa0001|200a00cb37[payload->].7||14,283
2025-08-03T15:56:54.023 0100|00|00|05|fa0001|200a00cb37[payload->].7||14,283
2025-08-03T15:56:54.124 0100|01|00|06|f801fe|200a000302ed[payload->]...||60,674
2025-08-03T16:07:02.039 0100|00|00|05|fa0001|200a00cb37[payload->].7||14,283
2025-08-03T16:07:02.140 0100|01|00|06|f801fe|200a000302ed[payload->]...||60,674
2025-08-03T16:17:11.186 0100|00|00|05|fa0001|200a00cb37[payload->].7||14,283
2025-08-03T16:17:11.287 0100|01|00|06|f801fe|200a000302ed[payload->]...||60,674
2025-08-03T16:27:19.129 0100|00|00|05|fa0001|200a00cb37[payload->].7||14,283
2025-08-03T16:27:19.129 0100|01|00|06|f801fe|200a000302ed[payload->]...||60,674
2025-08-03T16:37:28.103 0100|00|00|05|fa0001|200a00cb37[payload->].7||14,283
2025-08-03T16:37:28.104 0100|01|00|06|f801fe|200a000302ed[payload->]...||60,674
2025-08-03T16:47:37.364 0100|00|00|05|fa0001|200a00cb37[payload->].7||14,283
2025-08-03T16:47:37.465 0100|01|00|06|f801fe|200a000302ed[payload->]...||60,674
2025-08-03T16:57:45.604 0100|00|00|05|fa0001|200a00cb37[payload->].7||14,283
2025-08-03T16:57:45.705 0100|01|00|06|f801fe|200a000302ed[payload->]...||60,674
2025-08-03T17:07:54.055 0100|00|00|05|fa0001|200a00cb37[payload->].7||14,283
2025-08-03T17:07:54.156 0100|01|00|06|f801fe|200a000302ed[payload->]...||60,674
2025-08-03T17:18:03.128 0100|00|00|05|fa0001|200a00cb37[payload->].7||14,283
2025-08-03T17:18:03.129 0100|01|00|06|f801fe|200a000302ed[payload->]...||60,674
2025-08-03T17:28:12.126 0100|00|00|05|fa0001|200a00cb37[payload->].7||14,283
2025-08-03T17:28:12.126 0100|01|00|06|f801fe|200a000302ed[payload->]...||60,674
2025-08-03T17:38:21.071 0100|00|00|05|fa0001|200a00cb37[payload->].7||14,283
2025-08-03T17:38:21.173 0100|01|00|06|f801fe|200a000302ed[payload->]...||60,674
2025-08-03T17:48:30.555 0100|00|00|05|fa0001|200a00cb37[payload->].7||14,283
2025-08-03T17:48:30.555 0100|01|00|06|f801fe|200a000302ed[payload->]...||60,674
2025-08-03T17:58:39.126 0100|00|00|05|fa0001|200a00cb37[payload->].7||14,283
2025-08-03T17:58:39.228 0100|01|00|06|f801fe|200a000302ed[payload->]...||60,674
2025-08-03T18:08:48.098 0100|00|00|05|fa0001|200a00cb37[payload->].7||14,283
2025-08-03T18:08:48.099 0100|01|00|06|f801fe|200a000302ed[payload->]...||60,674
