2025-07-31T20:12:14.589 0100|01|00|07|f701fe|3e5501800cbfe4[payload->]....||58,559
2025-08-01T00:59:46.955 0100|01|00|07|f701fe|3e5501800cbfe4[payload->]....||58,559
2025-08-01T05:25:50.171 0100|01|00|07|f701fe|3e5501800cbfe4[payload->]....||58,559
2025-08-01T09:36:52.371 0100|01|00|07|f701fe|3e5501800cbfe4[payload->]....||58,559
2025-08-01T21:16:31.419 0100|01|00|07|f701fe|3e5501800cbfe4[payload->]....||58,559
2025-08-01T21:19:31.503 0100|01|00|07|f701fe|3e5501800cbfe4[payload->]....||58,559
2025-08-01T21:21:31.520 0100|01|00|0f|ff01fe|3e5501800cbfe40100000005fa0001[payload->]............||0,256
2025-08-01T21:23:31.474 0100|01|00|07|f701fe|3e5501800cbfe4[payload->]....||58,559
2025-08-01T22:21:02.402 0100|01|00|07|f709fe|3e5501800cbfe4[payload->]....||58,559
2025-08-01T22:42:32.511 0100|01|00|07|f701fe|3e5501800cbfe4[payload->]....||58,559
2025-08-01T23:37:02.439 0100|01|00|07|f701fe|3e5501800cbfe4[payload->]....||58,559
2025-08-02T01:20:32.453 0100|01|08|07|ff09fe|3e5501800cbfe4[payload->]....||58,559
2025-08-02T02:18:32.916 0100|01|00|07|f701fe|3e5501800cbfe4[payload->]....||58,559
2025-08-02T03:56:32.439 0100|01|00|07|f701fe|3e5501800cbfe4[payload->]....||58,559
2025-08-02T04:09:02.500 0100|01|80|0f|f701fe|3e5501800cbfe40100000005fa0001[payload->]............||0,256
2025-08-02T05:00:02.450 0100|01|0c|07|f701fe|3e5501800cbfe4[payload->]....||58,559
2025-08-02T05:04:02.482 0100|01|00|07|f701fe|3e5501800cbfe4[payload->]....||58,559
2025-08-02T08:35:34.081 0100|01|00|07|f701fe|3e5501800cbfe4[payload->]....||58,559
2025-08-02T09:56:34.117 0100|01|0c|0f|ff09fe|3e5501800cbfe40100000005fa0001[payload->]............||0,256
2025-08-02T11:35:04.201 0100|01|00|0e|f801fe|3e55010071990100000005fa0001[payload->].q.........||0,256
2025-08-02T13:31:23.702 0100|85|04|87|f701fe|3e5501800cbfe40100000005fa000156100071dd0100010007f701fe561000800c7b200100000005fa00013013009e3d0100010006f801fe30130001c4b90100000005fa000150010020310100010006f801fe5001000001c60100000005fa000154080171b70100010007f701fe54080100001e6f0100000005fa0001560f0181140100010006[payload->]............V..q.........V....{ ........0...=........0.............P.. 1........P.............T..q.........T.....o........V.........||1,536
2025-08-02T22:37:43.670 0100|01|00|07|f701fe|3e5501800cbfe4[payload->]....||58,559
2025-08-02T23:03:13.787 0100|01|40|4f|f701fe|3e5501800cbfe40100000005fa0001560f0181140100010006f801fe560f01011a670100000005fa0001365401af2f0100010007f701fe365401ac0d43380100000005fa0001500e00d03401000100[payload->]............V............V....g........6T../........6T...C8........P...4....||0,001
2025-08-03T17:11:24.137 0100|01|00|07|f701fe|3e5501800cbfe4[payload->]....||58,559
2025-08-03T18:12:00.467 0100|01|00|06|f801fe|3e5501007199[payload->].q.||39,281
