2025-07-31T01:36:25.150 0100|01|08|44|b20101|fa506c00f203010000ffffff00f301010000ffffff05f4c1031800260c0010f503010000ffffff00f601010000ffffff05f7c1031800260c0010f003010000ffffff00dc[payload->]........................&..........................&.............||56,320
2025-07-31T04:40:15.199 0100|01|08|44|b20101|fa506c00ccc1031800f00a0010cd03010000ffffff00ce01010000ffffff05cfc1031800f00a0010d003010000ffffff00d101010000ffffff05d2c1031800f00a00101f[payload->].................................................................||7,952
2025-07-31T06:21:25.187 0100|01|08|44|b20101|fa506c00e801010000ffffff05e9c1031800a00a0010ea03010000ffffff00eb01010000ffffff05ecc1031800a00a0010ed03010000ffffff00ee01010000ffffff05a6[payload->].................................................................||42,501
2025-07-31T07:58:46.412 0100|01|08|44|b20101|fa506c00be01010000ffffff05bfc1031800780a0010c003010000ffffff00c101010000ffffff05c2c1031800780a0010c303010000ffffff00c401010000ffffff0582[payload->]...............x..........................x......................||33,285
2025-07-31T10:14:35.330 0100|01|08|44|b20101|fa506c0042c1031800041000104303010000ffffff004401010000ffffff0545c1031800041000104603010000ffffff004701010000ffffff0548c1031800fa0f0010a1[payload->].B........C........D........E........F........G........H.........||41,232
2025-07-31T10:51:35.503 0100|01|08|44|b20101|fa506c00e201010000ffffff05d503010000ffffff00d601010000ffffff05d7c1031800ba0e0010d803010000ffffff00d901010000ffffff05dac1031800ba0e0010af[payload->].................................................................||44,816
2025-07-31T13:34:35.893 0100|01|08|44|b20101|fa506c004201010000ffffff054303010000ffffff0044c1031800080c00104501010000ffffff054603010000ffffff0047c1031800080c00104801010000ffffff0596[payload->].B........C........D........E........F........G........H.........||38,405
2025-07-31T14:11:18.003 0100|01|08|44|b20101|fa506c00d403010000ffffff00d501010000ffffff05d6c1031800cc0b0010d703010000ffffff00d801010000ffffff05d9c1031800cc0b0010da03010000ffffff00bc[payload->].................................................................||48,128
2025-08-01T06:53:46.080 0100|01|08|44|b20101|fa506c001ac1031800040b00101b01010000ffffff051c03010000ffffff001dc1031800040b00101e01010000ffffff051f03010000ffffff0020c1031800040b0010ef[payload->]....................................................... .........||61,200
2025-08-01T08:51:45.692 0100|01|08|44|b20101|fa506c005c01010000ffffff055d03010000ffffff005ec1031800be0a00105f01010000ffffff056003010000ffffff0061c1031800b40a00106203010000ffffff007e[payload->].\........]........^........_........`........a........b........~||32,256
2025-08-01T11:34:15.605 0100|01|08|44|b20101|fa506c00bc01010000ffffff05bdc1031800de120010be03010000ffffff00bf01010000ffffff05c0c1031800de120010c103010000ffffff00c201010000ffffff0585[payload->].................................................................||34,053
2025-08-01T15:25:25.596 0100|01|08|44|b20101|fa506c00ec03010000ffffff00ed01010000ffffff05eec1031800440c0010ef03010000ffffff00f001010000ffffff05f1c1031800440c0010f203010000ffffff00c8[payload->]........................D..........................D.............||51,200
2025-08-01T16:38:05.643 0100|01|08|44|b20101|fa506c0010c1031800b80b00100301010000ffffff0504c1031800b80b00100503010000ffffff000601010000ffffff0507c1031800b80b00100803010000ffffff0049[payload->]................................................................I||18,688
2025-08-01T23:18:05.774 0100|01|08|44|b20101|fa506c001001010000ffffff051181031800741300101203010000ffffff001301010000ffffff0514c1031800741300101503010000ffffff001601010000ffffff05d2[payload->]...............t..........................t......................||53,765
2025-08-02T08:03:25.794 0100|01|08|44|b20101|fa506c00dec1031800e60a0818df03010000ffffff00e001010000ffffff05e1c1031800e60a0010e203010000ffffff00e301010000ffffff05e4c1031800e60a00108a[payload->].................................................................||35,344
2025-08-02T12:50:35.895 0100|01|08|44|b20101|fa506c00fec1031800780a0010ff03010000ffffff000001010000ffffff0501c1031800780a00100203010000ffffff000301010000ffffff0500c0031800780a0010e2[payload->]......x..........................x..........................x....||57,872
2025-08-02T21:16:36.275 0100|01|08|44|b20101|fa506c007c01010000ffffff057dc1031800061300107001010000ffffff0571c1031800101300107203010000ffffff007301010000ffffff0574c10318001013001052[payload->].|........}........p........q........r........s........t........R||21,008
2025-08-02T22:28:56.466 0100|01|08|44|b20101|fa506c00840101041effffff0585c1031f003c1400108603010000ffffff00870101041effffff0588c1031f00461400108903010000ffffff008a0101041effffff056c[payload->]...............<..........................F.....................l||27,653
2025-08-03T01:57:26.249 0100|01|08|44|b20101|fa506c001e01010000ffffff051f03010000ffffff0020c10318000c0d00102101010000ffffff052203010000ffffff0023c10318000c0d00102401010000ffffff05c1[payload->]................... ........!........"........#........$.........||49,413
2025-08-03T03:40:56.093 0100|01|08|44|b20101|fa506c0064c1031800fe0b00106501010000ffffff056603010000ffffff0067c1031800fe0b00106801010000ffffff056903010000ffffff006ac1031800fe0b0010ed[payload->].d........e........f........g........h........i........j.........||60,688
2025-08-03T03:41:06.083 0100|01|08|44|b20101|fa506c0064c1031800fe0b00106501010000ffffff056603010000ffffff0067c1031800fe0b00106801010000ffffff056903010000ffffff006ac1031800fe0b0010ed[payload->].d........e........f........g........h........i........j.........||60,688
2025-08-03T12:34:56.195 0100|01|08|44|b20101|fa506c00cc03010000ffffff00cd0101041effffff05cec1031f0266120010cf03010000ffffff00d00101041effffff05d1c1031f025c120010d203010000ffffff0043[payload->]........................f..........................\............C||17,152
