2025-07-30T20:32:52.015 0100|00|00|05|fa0001|343901ffa2[payload->]..||41,727
2025-07-30T20:32:52.116 0100|01|00|18|e601fe|34390102c81024a00084ffffffffffffffffffffffff5eb2[payload->]...$...............^.||45,662
2025-07-30T21:02:52.109 0100|00|00|05|fa0001|343901ffa2[payload->]..||41,727
2025-07-30T21:02:52.311 0100|01|00|18|e601fe|34390102c81024a00084ffffffffffffffffffffffff5eb2[payload->]...$...............^.||45,662
2025-07-30T21:32:51.913 0100|00|00|05|fa0001|343901ffa2[payload->]..||41,727
2025-07-30T21:32:52.114 0100|01|00|18|e601fe|34390102c81024a00084ffffffffffffffffffffffff5eb2[payload->]...$...............^.||45,662
2025-07-30T22:02:51.988 0100|00|00|05|fa0001|343901ffa2[payload->]..||41,727
2025-07-30T22:02:52.089 0100|01|00|18|e601fe|34390102c81020a00084ffffffffffffffffffffffff5eb2[payload->]... ...............^.||45,662
2025-07-30T22:32:51.960 0100|00|00|05|fa0001|343901ffa2[payload->]..||41,727
2025-07-30T22:32:52.162 0100|01|00|18|e601fe|34390102c81024a00084ffffffffffffffffffffffff1eb2[payload->]...$.................||45,598
2025-07-30T23:02:51.982 0100|00|00|05|fa0001|343901ffa2[payload->]..||41,727
2025-07-30T23:02:52.184 0100|01|00|18|e601fe|34390102c81024a00084ffffffffffffffffffffffff5eb2[payload->]...$...............^.||45,662
2025-07-30T23:32:51.949 0100|00|00|05|fa0001|343901ffa2[payload->]..||41,727
2025-07-30T23:32:52.150 0100|01|00|18|e601fe|34390102c81024a00084ffffffffffffffffffffffff5eb2[payload->]...$...............^.||45,662
2025-07-31T00:02:51.960 0100|00|00|05|fa0001|343901ffa2[payload->]..||41,727
2025-07-31T00:02:52.161 0100|01|00|18|e601fe|34390102c81024a00084ffffffffffffffffffffffff5eb2[payload->]...$...............^.||45,662
2025-07-31T00:32:51.949 0100|00|00|05|fa0001|343901ffa2[payload->]..||41,727
2025-07-31T00:32:52.151 0100|01|00|18|e601fe|34390102c81024a00084ffffffffffffffffffffffff5eb2[payload->]...$...............^.||45,662
2025-07-31T01:02:51.963 0100|00|00|05|fa0001|343901ffa2[payload->]..||41,727
2025-07-31T01:02:52.165 0100|01|00|18|e601fe|34390102c81024a00084ffffffffffffffffffffffff5eb2[payload->]...$...............^.||45,662
2025-07-31T01:31:29.017 0100|00|00|05|fa0001|343901ffa2[payload->]..||41,727
2025-07-31T01:31:29.219 0100|01|00|18|e601fe|343901020100010018e601fe343f0102c81024a00084ffff[payload->].........4?....$.....||65,535
2025-07-31T01:32:51.952 0100|00|00|05|fa0001|343901ffa2[payload->]..||41,727
2025-07-31T02:02:52.047 0100|00|00|05|fa0001|343901ffa2[payload->]..||41,727
2025-07-31T02:02:52.148 0100|01|00|18|e601fe|34390102c81024a00084ffffffffffffffffffffffff5eb2[payload->]...$...............^.||45,662
2025-07-31T02:32:53.647 0100|00|00|05|fa0001|343901ffa2[payload->]..||41,727
2025-07-31T02:32:53.748 0100|01|00|18|e601fe|34390102c81024a00084ffffffffffffffffffffffff5eb2[payload->]...$...............^.||45,662
2025-07-31T03:02:53.600 0100|00|00|05|fa0001|343901ffa2[payload->]..||41,727
2025-07-31T03:02:53.802 0100|01|00|18|e601fe|34390102c81024a00084ffffffffffffffffffffffff5eb2[payload->]...$...............^.||45,662
2025-07-31T03:31:28.784 0100|00|00|05|fa0001|343901ffa2[payload->]..||41,727
2025-07-31T03:32:53.578 0100|00|00|05|fa0001|343901ffa2[payload->]..||41,727
2025-07-31T03:32:53.679 0100|01|00|18|e601fe|34390102c81024a00084ffffffffffffffffffffffff5eb2[payload->]...$...............^.||45,662
2025-07-31T04:02:53.654 0100|00|00|05|fa0001|343901ffa2[payload->]..||41,727
2025-07-31T04:02:53.756 0100|01|00|18|e601fe|34390102c81024a00084ffffffffffffffffffffffff5eb2[payload->]...$...............^.||45,662
2025-07-31T04:32:53.588 0100|00|00|05|fa0001|343901ffa2[payload->]..||41,727
2025-07-31T04:32:53.689 0100|01|00|18|e601fe|34390102c81024a00084ffffffffffffffffffffffff5eb2[payload->]...$...............^.||45,662
2025-07-31T05:02:54.502 0100|00|00|05|fa0001|343901ffa2[payload->]..||41,727
2025-07-31T05:32:55.247 0100|00|00|05|fa0001|343901ffa2[payload->]..||41,727
2025-07-31T05:32:55.348 0100|01|00|18|e601fe|34390102c81024a00084ffffffffffffffffffffffff5eb2[payload->]...$...............^.||45,662
2025-07-31T06:02:54.438 0100|00|00|05|fa0001|343901ffa2[payload->]..||41,727
2025-07-31T06:02:54.640 0100|01|00|18|e601fe|34390102c81024a00084ffffffffffffffffffffffff5eb2[payload->]...$...............^.||45,662
2025-07-31T06:32:54.476 0100|00|00|05|fa0001|343901ffa2[payload->]..||41,727
2025-07-31T07:02:54.499 0100|00|00|05|fa0001|343901ffa2[payload->]..||41,727
2025-07-31T07:31:29.480 0100|00|00|05|fa0001|343901ffa2[payload->]..||41,727
2025-07-31T07:32:54.518 0100|00|00|05|fa0001|343901ffa2[payload->]..||41,727
2025-07-31T08:02:55.846 0100|00|00|05|fa0001|343901ffa2[payload->]..||41,727
2025-07-31T08:02:56.048 0100|01|00|18|e601fe|34390102c81024a00084ffffffffffffffffffffffff5eb2[payload->]...$...............^.||45,662
2025-07-31T08:31:28.574 0100|00|00|05|fa0001|343901ffa2[payload->]..||41,727
2025-07-31T08:32:54.610 0100|00|00|05|fa0001|343901ffa2[payload->]..||41,727
2025-07-31T08:32:54.712 0100|01|00|18|e601fe|34390102c81024a00084ffffffffffffffffffffffff5eb2[payload->]...$...............^.||45,662
2025-07-31T09:02:54.541 0100|00|00|05|fa0001|343901ffa2[payload->]..||41,727
2025-07-31T09:02:54.642 0100|01|00|18|e601fe|34390102c81024a00084ffffffffffffffffffffffff5eb2[payload->]...$...............^.||45,662
2025-07-31T09:32:54.497 0100|00|00|05|fa0001|343901ffa2[payload->]..||41,727
2025-07-31T09:32:54.598 0100|01|00|18|e601fe|34390102c81024a00084ffffffffffffffffffffffff5eb2[payload->]...$...............^.||45,662
2025-07-31T10:02:54.550 0100|00|00|05|fa0001|343901ffa2[payload->]..||41,727
2025-07-31T10:02:54.752 0100|01|00|18|e601fe|34390102c81024a00084ffffffffffffffffffffffff5eb2[payload->]...$...............^.||45,662
2025-07-31T10:32:55.012 0100|00|00|05|fa0001|343901ffa2[payload->]..||41,727
2025-07-31T10:32:55.113 0100|01|00|18|e601fe|34390102c81024a00084ffffffffffffffffffffffff5eb2[payload->]...$...............^.||45,662
2025-07-31T11:02:54.809 0100|00|00|05|fa0001|343901ffa2[payload->]..||41,727
2025-07-31T11:02:55.011 0100|01|00|18|e601fe|34390102c81024a00084ffffffffffffffffffffffff5eb2[payload->]...$...............^.||45,662
2025-07-31T11:31:28.723 0100|00|00|05|fa0001|343901ffa2[payload->]..||41,727
2025-07-31T11:32:54.781 0100|00|00|05|fa0001|343901ffa2[payload->]..||41,727
2025-07-31T11:32:54.882 0100|01|00|18|e601fe|34390102c81024a00084ffffffffffffffffffffffff5eb2[payload->]...$...............^.||45,662
2025-07-31T12:02:54.551 0100|00|00|05|fa0001|343901ffa2[payload->]..||41,727
2025-07-31T12:02:54.753 0100|01|00|18|e601fe|34390102c81024a00084ffffffffffffffffffffffff5eb2[payload->]...$...............^.||45,662
2025-07-31T12:32:54.806 0100|00|00|05|fa0001|343901ffa2[payload->]..||41,727
2025-07-31T12:32:54.908 0100|01|00|18|e601fe|34390102c81024a00084ffffffffffffffffffffffff5eb2[payload->]...$...............^.||45,662
2025-07-31T13:02:55.002 0100|00|00|05|fa0001|343901ffa2[payload->]..||41,727
2025-07-31T13:02:55.204 0100|01|00|18|e601fe|34390102c81024a00084ffffffffffffffffffffffff5eb2[payload->]...$...............^.||45,662
2025-07-31T13:32:55.094 0100|00|00|05|fa0001|343901ffa2[payload->]..||41,727
2025-07-31T13:32:55.296 0100|01|00|18|e601fe|34390102c81024a00084fffffffffffffffeffffffff5eb2[payload->]...$...............^.||45,662
2025-07-31T14:02:54.919 0100|00|00|05|fa0001|343901ffa2[payload->]..||41,727
2025-07-31T14:02:55.020 0100|01|00|18|e601fe|34390102c81024a00084ffffffffffffffffffffffff5eb2[payload->]...$...............^.||45,662
2025-07-31T14:32:54.977 0100|00|00|05|fa0001|343901ffa2[payload->]..||41,727
2025-07-31T14:32:55.078 0100|01|00|18|e601fe|34390102c81024a00084ffffffffffffffffffffffff5eb2[payload->]...$...............^.||45,662
2025-07-31T15:02:54.731 0100|00|00|05|fa0001|343901ffa2[payload->]..||41,727
2025-07-31T15:02:54.933 0100|01|00|18|e601fe|34390102c81024a00084ffffffffffffffffffffffff5eb2[payload->]...$...............^.||45,662
2025-07-31T15:31:28.175 0100|00|00|05|fa0001|343901ffa2[payload->]..||41,727
2025-07-31T15:31:28.377 0100|01|00|18|e601fe|34390102c81024a00084ffffffffffffffffffffffff5eb2[payload->]...$...............^.||45,662
2025-07-31T16:02:56.042 0100|00|00|05|fa0001|343901ffa2[payload->]..||41,727
2025-07-31T16:02:56.248 0100|01|00|18|e601fe|34390102c81024a00084ffffffffffffffffffffffff5eb2[payload->]...$...............^.||45,662
2025-07-31T16:32:57.128 0100|00|00|05|fa0001|343901ffa2[payload->]..||41,727
2025-07-31T16:32:57.229 0100|01|00|18|e601fe|34390102c81024a00084ffffffffffffffffffffffff5eb2[payload->]...$...............^.||45,662
2025-07-31T17:02:56.298 0100|00|00|05|fa0001|343901ffa2[payload->]..||41,727
2025-07-31T17:02:56.500 0100|01|00|18|e601fe|34390102c81024a00084ffffffffffffffffffffffff5eb2[payload->]...$...............^.||45,662
2025-07-31T17:32:56.191 0100|00|00|05|fa0001|343901ffa2[payload->]..||41,727
2025-07-31T17:32:56.393 0100|01|00|18|e601fe|34390102c81024a00084ffffffffffffffffffffffff5eb2[payload->]...$...............^.||45,662
2025-07-31T18:32:56.471 0100|00|00|05|fa0001|343901ffa2[payload->]..||41,727
2025-07-31T18:32:56.673 0100|01|00|18|e601fe|34390102c81024a00084ffffffffffffffffffffffff5eb2[payload->]...$...............^.||45,662
2025-07-31T19:02:56.544 0100|00|00|05|fa0001|343901ffa2[payload->]..||41,727
2025-07-31T19:02:56.746 0100|01|00|18|e601fe|34390102c81024a00084ffffffffffffffffffffffff5eb2[payload->]...$...............^.||45,662
2025-07-31T19:32:56.428 0100|00|00|05|fa0001|343901ffa2[payload->]..||41,727
2025-07-31T19:32:56.529 0100|01|00|18|e601fe|34390102c81024a00084ffffffffffffffffffffffff5eb2[payload->]...$...............^.||45,662
2025-07-31T20:02:56.493 0100|00|00|05|fa0001|343901ffa2[payload->]..||41,727
2025-07-31T20:02:56.594 0100|01|00|18|e601fe|34390102c81024a00084ffffffffffffffffffffffff5eb2[payload->]...$...............^.||45,662
2025-07-31T20:32:56.491 0100|00|00|05|fa0001|343901ffa2[payload->]..||41,727
2025-07-31T20:32:56.593 0100|01|00|18|e601fe|34390102c81024a00084ffffffffffffffffffffffff5eb2[payload->]...$...............^.||45,662
2025-07-31T21:02:56.616 0100|00|00|05|fa0001|343901ffa2[payload->]..||41,727
2025-07-31T21:02:56.717 0100|01|00|18|e601fe|34390102c81024a00084ffffffffffffffffffffffff5eb2[payload->]...$...............^.||45,662
2025-07-31T21:32:55.998 0100|00|00|05|fa0001|343901ffa2[payload->]..||41,727
2025-07-31T21:32:56.200 0100|01|00|18|e601fe|34390102c81024a00084ffffffffffffffffffffffff5eb2[payload->]...$...............^.||45,662
2025-07-31T22:02:56.267 0100|00|00|05|fa0001|343901ffa2[payload->]..||41,727
2025-07-31T22:02:56.368 0100|01|00|18|e601fe|34390102c81024a00084fffffffeffffffffffffffff5eb2[payload->]...$...............^.||45,662
2025-07-31T23:32:56.706 0100|00|00|05|fa0001|343901ffa2[payload->]..||41,727
2025-07-31T23:32:56.908 0100|01|00|18|e601fe|34390102c81024a00084ffffffffffffffffffffffff5eb2[payload->]...$...............^.||45,662
2025-08-01T00:02:56.374 0100|00|00|05|fa0001|343901ffa2[payload->]..||41,727
2025-08-01T00:02:56.475 0100|01|00|18|e601fe|34390102c81024a00084ffffffffffffffffffffffff5eb2[payload->]...$...............^.||45,662
2025-08-01T00:32:56.494 0100|00|00|05|fa0001|343901ffa2[payload->]..||41,727
2025-08-01T00:32:56.595 0100|01|00|18|e601fe|34390102c81024a00084ffffffffffffffffffffffff5eb2[payload->]...$...............^.||45,662
2025-08-01T01:02:56.358 0100|00|00|05|fa0001|343901ffa2[payload->]..||41,727
2025-08-01T01:02:56.459 0100|01|00|18|e601fe|34390102c81024a00084ffffffffffffffffffffffff5eb2[payload->]...$...............^.||45,662
2025-08-01T01:31:29.834 0100|01|00|18|e401fe|34390102c81024a00084ffefffffffffffffffffffff5eb2[payload->]...$...............^.||45,662
2025-08-01T01:32:56.918 0100|01|00|18|e601fe|34390102c81024a00084ffffffffffffffffffffffff5eb2[payload->]...$...............^.||45,662
2025-08-01T02:02:57.338 0100|00|00|05|fa0001|343901ffa2[payload->]..||41,727
2025-08-01T02:02:57.439 0100|01|00|18|e601fe|34390102c81024a00084ffffffffffffffffffffffff5eb2[payload->]...$...............^.||45,662
2025-08-01T02:32:56.060 0100|00|00|05|fa0001|343901ffa2[payload->]..||41,727
2025-08-01T02:32:56.161 0100|01|00|18|e601fe|34390102c81024a00084ffffffffffffffffffffffff5eb2[payload->]...$...............^.||45,662
2025-08-01T03:02:56.045 0100|00|00|05|fa0001|343901ffa2[payload->]..||41,727
2025-08-01T03:02:56.146 0100|01|00|18|e601fe|34390102c81024a00084ffffffffffffffffffffffff5eb2[payload->]...$...............^.||45,662
2025-08-01T03:31:28.082 0100|00|00|05|fa0001|343901ffa2[payload->]..||41,727
2025-08-01T03:31:28.183 0100|01|00|18|e601fe|34390102c81024a00084ffffffffffffffffffffffff5eb2[payload->]...$...............^.||45,662
2025-08-01T03:32:56.017 0100|00|00|05|fa0001|343901ffa2[payload->]..||41,727
2025-08-01T03:32:56.119 0100|01|00|18|e601fe|34390102c81024a00084ffffffffffffffffffffffff5eb2[payload->]...$...............^.||45,662
2025-08-01T04:02:56.009 0100|00|00|05|fa0001|343901ffa2[payload->]..||41,727
2025-08-01T04:02:56.212 0100|01|00|18|e601fe|34390102c81024a00084fffffffeffffffffffffffff5eb2[payload->]...$...............^.||45,662
2025-08-01T04:32:56.000 0100|00|00|05|fa0001|343901ffa2[payload->]..||41,727
2025-08-01T04:32:56.202 0100|01|00|18|e601fe|34390102c81024a00084ffffffffffffffffffffffff5eb2[payload->]...$...............^.||45,662
2025-08-01T05:02:56.089 0100|00|00|05|fa0001|343901ffa2[payload->]..||41,727
2025-08-01T05:02:56.190 0100|01|00|18|e601fe|34390102c81024a00084ffffffffffffffffffffffff5eb2[payload->]...$...............^.||45,662
2025-08-01T05:32:56.085 0100|00|00|05|fa0001|343901ffa2[payload->]..||41,727
2025-08-01T05:32:56.186 0100|01|00|18|e601fe|34390102c81024a00084fffffffffffeffffffffffff5eb2[payload->]...$...............^.||45,662
2025-08-01T06:02:56.042 0100|00|00|05|fa0001|343901ffa2[payload->]..||41,727
2025-08-01T06:02:56.144 0100|01|00|18|e601fe|34390102c81024a00084ffffffffffffffffffffffff5eb2[payload->]...$...............^.||45,662
2025-08-01T06:31:28.121 0100|01|00|18|e601fe|34390102c81024a00084ffffffffffffffffffffffff5eb2[payload->]...$...............^.||45,662
2025-08-01T06:32:56.073 0100|00|00|05|fa0001|343901ffa2[payload->]..||41,727
2025-08-01T06:32:56.174 0100|01|00|18|e601fe|34390102c81024a00084ffffffffbfffffffffffffff5eb2[payload->]...$...............^.||45,662
2025-08-01T07:02:56.074 0100|00|00|05|fa0001|343901ffa2[payload->]..||41,727
2025-08-01T07:02:56.175 0100|01|00|18|e601fe|34390102c81024a00084ffffffffffffffffffffffff5eb2[payload->]...$...............^.||45,662
2025-08-01T07:32:56.113 0100|00|00|05|fa0001|343901ffa2[payload->]..||41,727
2025-08-01T07:32:56.214 0100|01|00|18|e601fe|34390102c81024a00084ffffffffffffffffffffffff5eb2[payload->]...$...............^.||45,662
2025-08-01T08:02:56.023 0100|00|00|05|fa0001|343901ffa2[payload->]..||41,727
2025-08-01T08:02:56.125 0100|01|00|18|e601fe|34390102c81024a00084ffffffffffffffffffffffff5eb2[payload->]...$...............^.||45,662
2025-08-01T08:32:56.133 0100|00|00|05|fa0001|343901ffa2[payload->]..||41,727
2025-08-01T08:32:56.234 0100|01|00|18|e601fe|34390102c81024a00084ffffffffffffffffffffffff5eb2[payload->]...$...............^.||45,662
2025-08-01T09:02:56.079 0100|00|00|05|fa0001|343901ffa2[payload->]..||41,727
2025-08-01T09:02:56.180 0100|01|00|18|e601fe|34390102c81024a00084ffffffffffffffffffffffff5eb2[payload->]...$...............^.||45,662
2025-08-01T09:32:56.003 0100|00|00|05|fa0001|343901ffa2[payload->]..||41,727
2025-08-01T09:32:56.205 0100|01|00|18|e601fe|34390102c81024a00084ffffffffffffffffffffffff5eb2[payload->]...$...............^.||45,662
2025-08-01T10:02:56.294 0100|00|00|05|fa0001|343901ffa2[payload->]..||41,727
2025-08-01T10:02:56.495 0100|01|00|18|e601fe|34390102c81024a00084ffffffffffffffffffffffff5eb2[payload->]...$...............^.||45,662
2025-08-01T10:31:29.014 0100|00|00|05|fa0001|343901ffa2[payload->]..||41,727
2025-08-01T10:32:56.049 0100|00|00|05|fa0001|343901ffa2[payload->]..||41,727
2025-08-01T10:32:56.151 0100|01|00|18|e601fe|34390102c81024a00084ffffffffffffffffffffffff5eb2[payload->]...$...............^.||45,662
2025-08-01T11:02:56.036 0100|00|00|05|fa0001|343901ffa2[payload->]..||41,727
2025-08-01T11:02:56.238 0100|01|00|18|e601fe|34390102c81024a00084ffffffffffffffffffffffff5eb2[payload->]...$...............^.||45,662
2025-08-01T11:31:29.603 0100|00|00|05|fa0001|343901ffa2[payload->]..||41,727
2025-08-01T11:31:29.805 0100|01|00|18|e601fe|34390102c81024a00084ffffffffffffffffffffffff5eb2[payload->]...$...............^.||45,662
2025-08-01T11:32:57.153 0100|00|00|05|fa0001|343901ffa2[payload->]..||41,727
2025-08-01T11:32:57.255 0100|01|00|18|e601fe|34390102c81024a00084ffffffffffffffffffffffff5eb2[payload->]...$...............^.||45,662
2025-08-01T12:02:56.128 0100|00|00|05|fa0001|343901ffa2[payload->]..||41,727
2025-08-01T12:02:56.331 0100|01|00|18|e601fe|34390102c81024a00084ffffffffffffffffffffffff5eb2[payload->]...$...............^.||45,662
2025-08-01T12:32:57.027 0100|00|00|05|fa0001|343901ffa2[payload->]..||41,727
2025-08-01T12:32:57.128 0100|01|00|18|e601fe|34390102c81024a00084ffffffffffffffffffffffff5eb2[payload->]...$...............^.||45,662
2025-08-01T13:02:57.823 0100|01|00|18|e601fe|34390102c81024a00084ffffffffffffffffffffffff5eb2[payload->]...$...............^.||45,662
2025-08-01T13:32:56.992 0100|00|00|05|fa0001|343901ffa2[payload->]..||41,727
2025-08-01T13:32:57.093 0100|01|00|18|e601fe|34390102c81024a00084ffffffffffffffffffffffff5eb2[payload->]...$...............^.||45,662
2025-08-01T14:02:57.020 0100|00|00|05|fa0001|343901ffa2[payload->]..||41,727
2025-08-01T14:02:57.323 0100|01|00|18|e601fe|34390102c81024a00084ffffffffffffffffffffffff5eb2[payload->]...$...............^.||45,662
2025-08-01T14:31:29.867 0100|00|00|05|fa0001|343901ffa2[payload->]..||41,727
2025-08-01T14:31:30.069 0100|01|00|18|e601fe|34390102c81024a00084ffffffffffffffffffffffff5eb2[payload->]...$...............^.||45,662
2025-08-01T14:32:57.093 0100|00|00|05|fa0001|343901ffa2[payload->]..||41,727
2025-08-01T14:32:57.194 0100|01|00|18|e601fe|34390102c81024a00084ffffffffffffffffffffffff5eb2[payload->]...$...............^.||45,662
2025-08-01T15:02:57.934 0100|00|00|05|fa0001|343901ffa2[payload->]..||41,727
2025-08-01T15:02:58.035 0100|01|00|18|e601fe|34390102c81024a00084ffffffffffffffffffffffff5eb2[payload->]...$...............^.||45,662
2025-08-01T15:31:28.365 0100|00|00|05|fa0001|343901ffa2[payload->]..||41,727
2025-08-01T15:32:56.994 0100|00|00|05|fa0001|343901ffa2[payload->]..||41,727
2025-08-01T15:32:57.095 0100|01|00|18|e601fe|34390102c81024a00084ffffffffffffffffffffffff5eb2[payload->]...$...............^.||45,662
2025-08-01T16:02:56.973 0100|00|00|05|fa0001|343901ffa2[payload->]..||41,727
2025-08-01T16:02:57.175 0100|01|00|18|e601fe|34390102c81024a00084ffffffffffff7fffffffffff5eb2[payload->]...$...............^.||45,662
2025-08-01T16:32:56.959 0100|00|00|05|fa0001|343901ffa2[payload->]..||41,727
2025-08-01T16:32:57.161 0100|01|00|18|e601fe|34390102c81024a00084ffffffffffffffffffffffff5eb2[payload->]...$...............^.||45,662
2025-08-01T17:02:57.001 0100|00|00|05|fa0001|343901ffa2[payload->]..||41,727
2025-08-01T17:02:57.103 0100|01|00|18|e601fe|34390102c81024a00084ffffffffffffffffffffffff5eb2[payload->]...$...............^.||45,662
2025-08-01T17:31:28.200 0100|00|00|05|fa0001|343901ffa2[payload->]..||41,727
2025-08-01T17:31:28.301 0100|01|00|18|e601fe|34390102c81024a00084ffffffffffffffffffffffff5eb2[payload->]...$...............^.||45,662
2025-08-01T17:32:57.035 0100|00|00|05|fa0001|343901ffa2[payload->]..||41,727
2025-08-01T17:32:57.136 0100|01|00|18|e601fe|34390102c81024a00084ffffffffffffffffffffffff5eb2[payload->]...$...............^.||45,662
2025-08-01T18:02:56.960 0100|00|00|05|fa0001|343901ffa2[payload->]..||41,727
2025-08-01T18:02:57.163 0100|01|00|18|e601fe|34390102c81024a00084ffffffffffffffffffffffff5eb2[payload->]...$...............^.||45,662
2025-08-01T18:32:57.006 0100|00|00|05|fa0001|343901ffa2[payload->]..||41,727
2025-08-01T18:32:57.107 0100|01|00|18|e601fe|34390102c81024a00084ffffffffffffffffffffffff5eb2[payload->]...$...............^.||45,662
2025-08-01T19:02:57.291 0100|00|00|05|fa0001|343901ffa2[payload->]..||41,727
2025-08-01T19:02:57.392 0100|01|00|18|e601fe|34390102c81024a00084ffffffffffffffffffffffff5eb2[payload->]...$...............^.||45,662
2025-08-01T19:32:56.953 0100|00|00|05|fa0001|343901ffa2[payload->]..||41,727
2025-08-01T19:32:57.155 0100|01|00|18|e601fe|34390102c81024a00084fffffffffffffffffffbffff5eb2[payload->]...$...............^.||45,662
2025-08-01T20:02:57.930 0100|00|00|05|fa0001|343901ffa2[payload->]..||41,727
2025-08-01T20:02:58.031 0100|01|00|18|e601fe|34390102c81024a00084ffffffffffffffffffffffff5eb2[payload->]...$...............^.||45,662
2025-08-01T20:32:57.944 0100|00|00|05|fa0001|343901ffa2[payload->]..||41,727
2025-08-01T20:32:58.146 0100|01|00|18|e601fe|34390102c81024a00084ffffffffffffffffffffffff5eb2[payload->]...$...............^.||45,662
2025-08-01T21:02:58.018 0100|00|00|05|fa0001|343901ffa2[payload->]..||41,727
2025-08-01T21:02:58.119 0100|01|00|18|e601fe|34390102c81024a00084ffffffffffffffffffffffff5eb2[payload->]...$...............^.||45,662
2025-08-01T21:32:58.949 0100|00|00|05|fa0001|343901ffa2[payload->]..||41,727
2025-08-01T21:32:59.050 0100|01|00|18|e601fe|34390102c81024a00084fffffffffffffffffffeffff5eb2[payload->]...$...............^.||45,662
2025-08-01T22:02:58.003 0100|00|00|05|fa0001|343901ffa2[payload->]..||41,727
2025-08-01T22:02:58.105 0100|01|00|18|e601fe|34390102c81024a00084ffffffffffffffffffffffff5eb2[payload->]...$...............^.||45,662
2025-08-01T22:32:57.949 0100|00|00|05|fa0001|343901ffa2[payload->]..||41,727
2025-08-01T22:32:58.151 0100|01|00|18|e601fe|34390102c81024a00084ffffffffffffffffffffffff5eb2[payload->]...$...............^.||45,662
2025-08-01T23:02:58.022 0100|00|00|05|fa0001|343901ffa2[payload->]..||41,727
2025-08-01T23:02:58.123 0100|01|00|18|e601fe|34390102c81024a00084ffffffffffffffffffffffff5eb2[payload->]...$...............^.||45,662
2025-08-01T23:31:28.384 0100|00|00|05|fa0001|343901ffa2[payload->]..||41,727
2025-08-01T23:31:28.586 0100|01|00|18|e601fe|34390102c81024a00084ffffffffffffffffffff7fff5eb2[payload->]...$...............^.||45,662
2025-08-01T23:32:57.976 0100|00|00|05|fa0001|343901ffa2[payload->]..||41,727
2025-08-01T23:32:58.178 0100|01|00|18|e601fe|34390102c81024a00084ffffffffffffffffffffffff5eb2[payload->]...$...............^.||45,662
2025-08-02T00:02:58.030 0100|00|00|05|fa0001|343901ffa2[payload->]..||41,727
2025-08-02T00:02:58.131 0100|01|00|18|e601fe|34390102c81024a00084ffffffffffffffffffffffff5eb2[payload->]...$...............^.||45,662
2025-08-02T00:32:58.019 0100|00|00|05|fa0001|343901ffa2[payload->]..||41,727
2025-08-02T00:32:58.120 0100|01|00|18|e601fe|34390102c81024a00084ffffffffffffffffffffffff5eb2[payload->]...$...............^.||45,662
2025-08-02T01:31:28.216 0100|00|00|05|fa0001|343901ffa2[payload->]..||41,727
2025-08-02T01:31:28.317 0100|01|00|18|e601fe|34390102c81024a00084ffffffffffbc91ff0100000005fa[payload->]...$.................||64,005
2025-08-02T02:02:58.029 0100|00|00|05|fa0001|343901ffa2[payload->]..||41,727
2025-08-02T02:02:58.130 0100|01|00|18|e601fe|34390102c81024a00084ffffffffffffffffffffffff5eb2[payload->]...$...............^.||45,662
2025-08-02T02:32:58.043 0100|00|00|05|fa0001|343901ffa2[payload->]..||41,727
2025-08-02T02:32:58.144 0100|01|00|18|e601fe|34390102c81024a00084ffffffffffffffffffffffff5eb2[payload->]...$...............^.||45,662
2025-08-02T03:02:57.955 0100|00|00|05|fa0001|343901ffa2[payload->]..||41,727
2025-08-02T03:02:58.157 0100|01|00|18|e601fe|34390102c81024a00084ffffffffffdfffffffffffff5eb2[payload->]...$...............^.||45,662
2025-08-02T03:31:28.197 0100|00|00|05|fa0001|343901ffa2[payload->]..||41,727
2025-08-02T03:31:28.298 0100|01|00|18|e601fe|34390102c81024a00084ffffffffffffffffffffffff5eb2[payload->]...$...............^.||45,662
2025-08-02T03:32:57.940 0100|00|00|05|fa0001|343901ffa2[payload->]..||41,727
2025-08-02T03:32:58.143 0100|01|00|18|e601fe|34390102c81024a00084ffffffffffffffffffffffff5eb2[payload->]...$...............^.||45,662
2025-08-02T04:02:57.963 0100|00|00|05|fa0001|343901ffa2[payload->]..||41,727
2025-08-02T04:02:58.164 0100|01|00|18|e601fe|34390102c81024a00084ffffffffffffffffffffffff5eb2[payload->]...$...............^.||45,662
2025-08-02T04:31:28.243 0100|00|00|05|fa0001|343901ffa2[payload->]..||41,727
2025-08-02T04:32:58.000 0100|00|00|05|fa0001|343901ffa2[payload->]..||41,727
2025-08-02T04:32:58.101 0100|01|00|18|e601fe|34390102c81024a00084ffffffffffffffffffffffff5eb2[payload->]...$...............^.||45,662
2025-08-02T05:02:57.983 0100|00|00|05|fa0001|343901ffa2[payload->]..||41,727
2025-08-02T05:02:58.185 0100|01|00|18|e601fe|34390102c81024a00084ffffffffffffffffffffffff5eb2[payload->]...$...............^.||45,662
2025-08-02T05:31:28.257 0100|00|00|05|fa0001|343901ffa2[payload->]..||41,727
2025-08-02T05:31:28.458 0100|01|00|18|e601fe|34390102c81024a00084fffff7ffffffffffffffffff5eb2[payload->]...$...............^.||45,662
2025-08-02T05:32:57.996 0100|00|00|05|fa0001|343901ffa2[payload->]..||41,727
2025-08-02T05:32:58.097 0100|01|00|18|e601fe|34390102c81024a00084ffffffffffffffffffffffff5eb2[payload->]...$...............^.||45,662
2025-08-02T06:02:58.042 0100|00|00|05|fa0001|343901ffa2[payload->]..||41,727
2025-08-02T06:02:58.143 0100|01|00|18|e601fe|34390102c81024a00084ffffffffffffffffffffffff5eb2[payload->]...$...............^.||45,662
2025-08-02T06:32:58.033 0100|00|00|05|fa0001|343901ffa2[payload->]..||41,727
2025-08-02T06:32:58.134 0100|01|00|18|e601fe|34390102c81024a00084ffffffffffffffffffffffff5eb2[payload->]...$...............^.||45,662
2025-08-02T07:02:57.959 0100|00|00|05|fa0001|343901ffa2[payload->]..||41,727
2025-08-02T07:02:58.160 0100|01|00|18|e601fe|34390102c81024a00084ffffffffffffffffffffffff5eb2[payload->]...$...............^.||45,662
2025-08-02T07:32:57.975 0100|00|00|05|fa0001|343901ffa2[payload->]..||41,727
2025-08-02T07:32:58.177 0100|01|00|18|e601fe|34390102c81024a00084ffffffffffffffffffffffff5eb2[payload->]...$...............^.||45,662
2025-08-02T08:02:58.147 0100|01|00|18|e601fe|34390102c81024a00084ffffffffffffffffffffffff5eb2[payload->]...$...............^.||45,662
2025-08-02T08:31:28.521 0100|00|00|05|fa0001|343901ffa2[payload->]..||41,727
2025-08-02T08:31:28.622 0100|01|00|18|e601fe|34390102c81000000005fa0001343e01cfa00100010018e6[payload->]..........4>.........||58,904
2025-08-02T08:32:58.029 0100|00|00|05|fa0001|343901ffa2[payload->]..||41,727
2025-08-02T08:32:58.230 0100|01|00|18|e601fe|34390102c81024a00084ffffffffffffffffffffffff5eb2[payload->]...$...............^.||45,662
2025-08-02T09:02:57.985 0100|00|00|05|fa0001|343901ffa2[payload->]..||41,727
2025-08-02T09:02:58.187 0100|01|00|18|e601fe|34390102c81024a00084ffffffffffffffffffffffff5eb2[payload->]...$...............^.||45,662
2025-08-02T09:32:57.992 0100|00|00|05|fa0001|343901ffa2[payload->]..||41,727
2025-08-02T09:32:58.093 0100|01|00|18|e601fe|34390102c81024a00084ffffffffffffffffffffffff5eb2[payload->]...$...............^.||45,662
2025-08-02T10:02:58.017 0100|00|00|05|fa0001|343901ffa2[payload->]..||41,727
2025-08-02T10:02:58.118 0100|01|00|18|e601fe|34390102c81024a00084ffffffffffffffffffffffff5eb2[payload->]...$...............^.||45,662
2025-08-02T10:31:30.893 0100|00|00|05|fa0001|343901ffa2[payload->]..||41,727
2025-08-02T10:31:31.096 0100|01|00|18|e601fe|34390102c81024a00084ffffffffffffff1024a00084ffff[payload->]...$...........$.....||65,535
2025-08-02T10:32:58.041 0100|00|00|05|fa0001|343901ffa2[payload->]..||41,727
2025-08-02T10:32:58.142 0100|01|00|18|e601fe|34390102c81024a00084ffffffffffffffffffffffff5eb2[payload->]...$...............^.||45,662
2025-08-02T11:02:58.040 0100|00|00|05|fa0001|343901ffa2[payload->]..||41,727
2025-08-02T11:02:58.141 0100|01|00|18|e601fe|34390102c81024a00084ffffffffffffffffffffffff5eb2[payload->]...$...............^.||45,662
2025-08-02T11:32:58.007 0100|00|00|05|fa0001|343901ffa2[payload->]..||41,727
2025-08-02T11:32:58.109 0100|01|00|18|e601fe|34390102c81024a00084ffffffffffffffffffffffff5eb2[payload->]...$...............^.||45,662
2025-08-02T12:02:57.965 0100|00|00|05|fa0001|343901ffa2[payload->]..||41,727
2025-08-02T12:02:58.167 0100|01|00|18|e601fe|34390102c81024a00084ffffffffffffffffffffffff5eb2[payload->]...$...............^.||45,662
2025-08-02T12:32:57.969 0100|00|00|05|fa0001|343901ffa2[payload->]..||41,727
2025-08-02T12:32:58.171 0100|01|00|18|e601fe|34390102c81024a00084ffffffffffffffffffffffff5eb2[payload->]...$...............^.||45,662
2025-08-02T13:02:59.189 0100|00|00|05|fa0001|343901ffa2[payload->]..||41,727
2025-08-02T13:02:59.391 0100|01|00|18|e601fe|34390102c81024a00084ffffffffffffffffffffffff5eb2[payload->]...$...............^.||45,662
2025-08-02T13:31:28.558 0100|00|00|05|fa0001|343901ffa2[payload->]..||41,727
2025-08-02T13:31:28.660 0100|01|00|18|e601fe|34390102c81024a00084ffffffffffffffffffffffff5eb2[payload->]...$...............^.||45,662
2025-08-02T13:32:59.008 0100|00|00|05|fa0001|343901fea2[payload->]..||41,726
2025-08-02T13:32:59.109 0100|01|00|18|e601fe|34390102c81024a00084ffffffffffffffffffffffff5eb2[payload->]...$...............^.||45,662
2025-08-02T14:02:58.917 0100|00|00|05|fa0001|343901ffa2[payload->]..||41,727
2025-08-02T14:02:59.119 0100|01|00|18|e601fe|34390102c81024a00084ffffffffffffffffffffffff5eb2[payload->]...$...............^.||45,662
2025-08-02T14:32:58.959 0100|00|00|05|fa0001|343901ffa2[payload->]..||41,727
2025-08-02T14:32:59.060 0100|01|00|18|e601fe|34390102c81024a00084ffffffffffffffffffffffbf5eb2[payload->]...$...............^.||45,662
2025-08-02T15:02:59.013 0100|00|00|05|fa0001|343901ffa2[payload->]..||41,727
2025-08-02T15:02:59.114 0100|01|00|18|e601fe|34390102c81024a00084ffffffffffffffffffffffff5eb2[payload->]...$...............^.||45,662
2025-08-02T15:32:58.938 0100|00|00|05|fa0001|343901ffa2[payload->]..||41,727
2025-08-02T15:32:59.039 0100|01|00|18|e601fe|34390102c81024a00084ffffffffffffffffffffffff5eb2[payload->]...$...............^.||45,662
2025-08-02T16:02:59.002 0100|00|00|05|fa0001|343901ffa2[payload->]..||41,727
2025-08-02T16:02:59.204 0100|01|00|18|e601fe|34390102c81024a00084ffffffffffffffffffffffff5eb2[payload->]...$...............^.||45,662
2025-08-02T16:31:28.265 0100|00|00|05|fa0001|343901ffa2[payload->]..||41,727
2025-08-02T16:31:28.366 0100|01|00|18|e601fe|34390102c81024a00102c81024a00084ffffffffffffffff[payload->]...$.....$...........||65,535
2025-08-02T16:32:58.948 0100|00|00|05|fa0001|343901ffa2[payload->]..||41,727
2025-08-02T16:32:59.150 0100|01|00|18|e601fe|34390102c81024a00084ffffffffffffffffffffffff5eb2[payload->]...$...............^.||45,662
2025-08-02T17:02:58.995 0100|00|00|05|fa0001|343901ffa2[payload->]..||41,727
2025-08-02T17:02:59.096 0100|01|00|18|e601fe|34390102c81024a00084ffffffffffffffffffffffff5eb2[payload->]...$...............^.||45,662
2025-08-02T17:32:58.986 0100|00|00|05|fa0001|343901ffa2[payload->]..||41,727
2025-08-02T17:32:59.087 0100|01|00|18|e601fe|34390102c81024a00084ffffffffffffffffffffffff5eb2[payload->]...$...............^.||45,662
2025-08-02T18:02:58.980 0100|00|00|05|fa0001|343901ffa2[payload->]..||41,727
2025-08-02T18:02:59.081 0100|01|00|18|e601fe|34390102c81024a00084ffffffffffffffffffffffff5eb2[payload->]...$...............^.||45,662
2025-08-02T18:32:58.985 0100|00|00|05|fa0001|343901ffa2[payload->]..||41,727
2025-08-02T18:32:59.086 0100|01|00|18|e601fe|34390102c81024a00084fffffffffffffffffbffffff5eb2[payload->]...$...............^.||45,662
2025-08-02T19:03:00.327 0100|00|00|05|fa0001|343901ffa2[payload->]..||41,727
2025-08-02T19:03:00.428 0100|01|00|18|e601fe|34390102c81024a00084ffffffffffffffffffffffff5eb2[payload->]...$...............^.||45,662
2025-08-02T19:31:28.479 0100|00|00|05|fa0001|343901ffa2[payload->]..||41,727
2025-08-02T19:31:28.580 0100|01|00|18|e601fe|34390102c81024a00084ffffffffffffffffffffffff5eb2[payload->]...$...............^.||45,662
2025-08-02T19:32:59.038 0100|00|00|05|fa0001|343901ffa2[payload->]..||41,727
2025-08-02T19:32:59.139 0100|01|00|18|e601fe|34390102c81024a00084ffffffffffffffffffffffff5eb2[payload->]...$...............^.||45,662
2025-08-02T20:02:58.952 0100|00|00|05|fa0001|343901ffa2[payload->]..||41,727
2025-08-02T20:02:59.255 0100|01|00|18|e601fe|34390102c81024a00084ffffffffffffffffffffffff5eb2[payload->]...$...............^.||45,662
2025-08-02T20:32:59.161 0100|01|00|18|e601fe|34390102c81024a00084fffffffffffffdffffffffff5eb2[payload->]...$...............^.||45,662
2025-08-02T21:02:58.925 0100|00|00|05|fa0001|343901ffa2[payload->]..||41,727
2025-08-02T21:02:59.127 0100|01|00|18|e601fe|34390102c81024a00084ffffffffffffffffffffffff5eb2[payload->]...$...............^.||45,662
2025-08-02T21:31:28.902 0100|00|00|05|fa0001|343901ffa2[payload->]..||41,727
2025-08-02T21:31:29.004 0100|01|00|18|e601fe|34390102c81024a00084ffffffffffff02c81024a00084ff[payload->]...$............$....||65,412
2025-08-02T21:32:58.968 0100|00|00|05|fa0001|343901ffa2[payload->]..||41,727
2025-08-02T21:32:59.271 0100|01|00|18|e601fe|34390102c81024a00084ffffffffffffffffffffffff5eb2[payload->]...$...............^.||45,662
2025-08-02T22:02:58.975 0100|00|00|05|fa0001|343901ffa2[payload->]..||41,727
2025-08-02T22:02:59.277 0100|01|00|18|e601fe|34390102c81024a00084ffffffffffffffffffffffff5eb2[payload->]...$...............^.||45,662
2025-08-02T22:32:59.654 0100|00|00|05|fa0001|343901ffa2[payload->]..||41,727
2025-08-02T22:32:59.755 0100|01|00|18|e601de|34390102c81024a00084fffffffffeffffffffffffff5eb2[payload->]...$...............^.||45,662
2025-08-02T23:02:58.954 0100|00|00|05|fa0001|343901ffa2[payload->]..||41,727
2025-08-02T23:02:59.156 0100|01|00|18|e601fe|34390102c81024a00084ffffffffffffffffffffffff5eb2[payload->]...$...............^.||45,662
2025-08-02T23:32:59.068 0100|00|00|05|fa0001|343901ffa2[payload->]..||41,727
2025-08-02T23:32:59.170 0100|01|00|18|e601fe|34390102c81024a00084ffffffffffffffffffffffff5eb2[payload->]...$...............^.||45,662
2025-08-03T00:02:58.959 0100|00|00|05|fa0001|343901ffa2[payload->]..||41,727
2025-08-03T00:02:59.061 0100|01|00|18|e601fe|34390102c81024a00084ffffffffffffffffffffffff5eb2[payload->]...$...............^.||45,662
2025-08-03T00:32:59.032 0100|00|00|05|fa0001|343901ffa2[payload->]..||41,727
2025-08-03T00:32:59.234 0100|01|00|18|e601fe|34390102c81024a00084fffffffff7ffffffffffffff5eb2[payload->]...$...............^.||45,662
2025-08-03T01:02:59.577 0100|00|00|05|fa0001|343901ffa2[payload->]..||41,727
2025-08-03T01:02:59.679 0100|01|00|18|e601fe|34390102c81024a00084ffffffffffffffffffffffff5eb2[payload->]...$...............^.||45,662
2025-08-03T01:32:58.969 0100|00|00|05|fa0001|343901ffa2[payload->]..||41,727
2025-08-03T01:32:59.071 0100|01|00|18|e601fe|34390102c81024a00084ffffffffffffffffffffffff5eb2[payload->]...$...............^.||45,662
2025-08-03T02:02:58.986 0100|00|00|05|fa0001|343901ffa2[payload->]..||41,727
2025-08-03T02:02:59.087 0100|01|08|18|e601fe|34390102c81024a00084ffffffffffffffffffffffff5eb2[payload->]...$...............^.||45,662
2025-08-03T02:32:58.933 0100|00|00|05|fa0001|343901ffa2[payload->]..||41,727
2025-08-03T02:32:59.135 0100|01|00|18|e601fe|34390102c81024a00084ffffffffffffffffffffffff5eb2[payload->]...$...............^.||45,662
2025-08-03T03:02:58.960 0100|00|00|05|fa0001|343901ffa2[payload->]..||41,727
2025-08-03T03:02:59.161 0100|01|00|18|e601fe|34390102c81024a00084fffffffffffffeffffffffff5eb2[payload->]...$...............^.||45,662
2025-08-03T03:32:59.002 0100|00|00|05|fa0001|343901ffa2[payload->]..||41,727
2025-08-03T03:32:59.103 0100|01|00|18|e601fe|34390102c81024a00084ffffffffffffffffffffffff5eb2[payload->]...$...............^.||45,662
2025-08-03T04:02:59.017 0100|00|00|05|fa0001|343901ffa2[payload->]..||41,727
2025-08-03T04:02:59.219 0100|01|00|18|e601fe|34390102c81024a00084ffffffffffffffffffffffff5eb2[payload->]...$...............^.||45,662
2025-08-03T04:31:28.904 0100|01|00|18|e601fe|34390102c81024a00084ffffffffffffffffffffffff5eb2[payload->]...$...............^.||45,662
2025-08-03T04:32:59.271 0100|00|00|05|fa0001|343901ffa2[payload->]..||41,727
2025-08-03T04:32:59.473 0100|01|00|18|e601fe|34390102c81024a00084ffffffffffffffffffffffff5eb2[payload->]...$...............^.||45,662
2025-08-03T05:02:58.975 0100|00|00|05|fa0001|343901ffa2[payload->]..||41,727
2025-08-03T05:02:59.076 0100|01|00|18|e601fe|34390102c81024a00084ffffffffffffffffffffffff5eb2[payload->]...$...............^.||45,662
2025-08-03T05:32:59.005 0100|00|00|05|fa0001|343901ffa2[payload->]..||41,727
2025-08-03T05:32:59.107 0100|01|00|18|e601fe|34390102c81024a00084ffffffffffffffffffffffff5eb2[payload->]...$...............^.||45,662
2025-08-03T06:02:59.008 0100|00|00|05|fa0001|343901ffa2[payload->]..||41,727
2025-08-03T06:02:59.109 0100|01|00|18|e601fe|34390102c81024a00084ffffffffffffffffffffffff5eb2[payload->]...$...............^.||45,662
2025-08-03T06:32:59.123 0100|00|00|05|fa0001|343901ffa2[payload->]..||41,727
2025-08-03T06:32:59.225 0100|01|00|18|e601fe|34390102c81024a00084ffffffffffffffffffffffff5eb2[payload->]...$...............^.||45,662
2025-08-03T07:02:58.987 0100|00|00|05|fa0001|343901ffa2[payload->]..||41,727
2025-08-03T07:02:59.189 0100|01|00|18|e601fe|34390102c81024a00084ffffffffffffffffffffffff5eb2[payload->]...$...............^.||45,662
2025-08-03T07:32:59.020 0100|00|00|05|fa0001|343901ffa2[payload->]..||41,727
2025-08-03T07:32:59.222 0100|01|00|18|e601fe|34390102c81024a00084ffffffffffffffffffffffff5eb2[payload->]...$...............^.||45,662
2025-08-03T08:02:59.247 0100|00|00|05|fa0001|343901ffa2[payload->]..||41,727
2025-08-03T08:02:59.449 0100|01|00|18|e601fe|34390102c81024a00084ffffffffffffffffffffffff5eb2[payload->]...$...............^.||45,662
2025-08-03T08:31:28.472 0100|00|00|05|fa0001|343901ffa2[payload->]..||41,727
2025-08-03T08:31:28.674 0100|01|00|18|e601fe|34390102c81024a00084ffffffffffffffffffffffff5eb2[payload->]...$...............^.||45,662
2025-08-03T08:32:59.142 0100|00|00|05|fa0001|343901ffa2[payload->]..||41,727
2025-08-03T08:32:59.444 0100|01|00|18|e601fe|34390102c81024a00084ffffffffffffffffffffffff5eb2[payload->]...$...............^.||45,662
2025-08-03T09:02:58.996 0100|00|00|05|fa0001|343901ffa2[payload->]..||41,727
2025-08-03T09:02:59.198 0100|01|00|18|e601fe|34390102c81024a00084ffffffffffffffffffffffff5eb2[payload->]...$...............^.||45,662
2025-08-03T09:32:58.973 0100|00|00|05|fa0001|343901ffa2[payload->]..||41,727
2025-08-03T09:32:59.175 0100|01|00|18|e601fe|34390102c81024a00084fffffffffffffeffffffffff5eb2[payload->]...$...............^.||45,662
2025-08-03T10:02:58.990 0100|00|00|05|fa0001|343901ffa2[payload->]..||41,727
2025-08-03T10:02:59.091 0100|01|00|18|e601fe|34390102c81024a00084fffffffffffffdffffffffff5eb2[payload->]...$...............^.||45,662
2025-08-03T10:32:59.922 0100|00|00|05|fa0001|343901ffa2[payload->]..||41,727
2025-08-03T10:33:00.124 0100|01|00|18|e601fe|34390102c81024a00084ffffffffffffffffffffffff5eb2[payload->]...$...............^.||45,662
2025-08-03T11:02:58.989 0100|00|00|05|fa0001|343901ffa2[payload->]..||41,727
2025-08-03T11:02:59.191 0100|01|40|18|e601fe|34390102c81024a00084ffffffffffffffffffffffff5eb2[payload->]...$...............^.||45,662
2025-08-03T11:31:28.285 0100|00|00|05|fa0001|343901ffa2[payload->]..||41,727
2025-08-03T11:32:59.043 0100|00|00|05|fa0001|343901ffa2[payload->]..||41,727
2025-08-03T11:32:59.143 0100|01|00|18|e601fe|34390102c81024a00084ffffffffffffffffffffffff5ea2[payload->]...$...............^.||41,566
2025-08-03T12:02:58.955 0100|00|00|05|fa0001|343901ffa2[payload->]..||41,727
2025-08-03T12:02:59.157 0100|01|00|18|e601fe|34390102c81024a00084ffffffffffffffffffffffff5eb2[payload->]...$...............^.||45,662
2025-08-03T12:31:28.758 0100|00|00|05|fa0001|343901ffa2[payload->]..||41,727
2025-08-03T12:31:28.859 0100|01|00|18|e601fe|34390102c81024a00084ffffffffffffffffffffffff5eff[payload->]...$...............^.||65,374
2025-08-03T12:32:58.931 0100|00|00|05|fa0001|343901ffa2[payload->]..||41,727
2025-08-03T12:32:59.032 0100|01|00|18|e601fe|34390102c81024a00084ffffffffffffffffffffffff5eb2[payload->]...$...............^.||45,662
2025-08-03T13:02:58.947 0100|00|00|05|fa0001|343901ffa2[payload->]..||41,727
2025-08-03T13:02:59.048 0100|01|00|18|e601fe|34390102c81024a00084ffffffffffffffffffffffff5eb2[payload->]...$...............^.||45,662
2025-08-03T13:32:59.013 0100|00|00|05|fa0001|343901ffa2[payload->]..||41,727
2025-08-03T13:32:59.114 0100|01|00|18|e601fe|34390102c81024a00084ffffffffffffffffffffffff5eb2[payload->]...$...............^.||45,662
2025-08-03T14:02:59.020 0100|00|00|05|fa0001|343901ffa2[payload->]..||41,727
2025-08-03T14:02:59.122 0100|01|00|18|e601fe|34390102c81024a00084ffffffffffffffffffffffff5eb2[payload->]...$...............^.||45,662
2025-08-03T14:31:29.136 0100|00|00|05|fa0001|343901ffa2[payload->]..||41,727
2025-08-03T14:31:29.237 0100|01|00|18|e601fe|34390102c81024a00084ffffffffffffffffffffffff5eb2[payload->]...$...............^.||45,662
2025-08-03T14:32:58.988 0100|00|00|05|fa0001|343901ffa2[payload->]..||41,727
2025-08-03T14:32:59.089 0100|01|00|18|e601fe|34390102c81024a00084ffffffffffffffffffffffff5eb2[payload->]...$...............^.||45,662
2025-08-03T15:02:58.992 0100|00|00|05|fa0001|343901ffa2[payload->]..||41,727
2025-08-03T15:02:59.094 0100|01|00|18|e601fe|34390102c81024a00084ffffffffffffffffffffffff5eb2[payload->]...$...............^.||45,662
2025-08-03T15:32:58.987 0100|00|00|05|fa0001|343901ffa2[payload->]..||41,727
2025-08-03T15:32:59.189 0100|01|00|18|e601fe|34390102c81024a00084ffffffffffffffffffffffff5eb2[payload->]...$...............^.||45,662
2025-08-03T16:02:59.013 0100|00|00|05|fa0001|343901ffa2[payload->]..||41,727
2025-08-03T16:02:59.114 0100|01|00|18|e601fe|34390102c81024a00084ffffffffffffffffffffffff5eb2[payload->]...$...............^.||45,662
2025-08-03T16:32:58.914 0100|00|00|05|fa0001|343901ffa2[payload->]..||41,727
2025-08-03T16:32:59.117 0100|01|00|18|e601fe|34390102c81024a00084ffffffffffffffffffffffff5eb2[payload->]...$...............^.||45,662
2025-08-03T17:02:58.965 0100|00|00|05|fa0001|343901ffa2[payload->]..||41,727
2025-08-03T17:02:59.067 0100|01|00|18|e601fe|34390102c81024a00084ffffffffffffffffffffffff5eb2[payload->]...$...............^.||45,662
2025-08-03T17:31:28.932 0100|00|00|05|fa0001|343901ffa2[payload->]..||41,727
2025-08-03T17:32:59.008 0100|00|00|05|fa0001|343901ffa2[payload->]..||41,727
2025-08-03T17:32:59.109 0100|01|00|18|e601fe|34390102c81024a00084ffffffffffffffffffffffff5eb2[payload->]...$...............^.||45,662
2025-08-03T18:02:58.984 0100|00|00|05|fa0001|343901ffa2[payload->]..||41,727
2025-08-03T18:02:59.086 0100|01|00|18|e601fe|34390102c81024a00084ffffffffffffffffffffffff5eb2[payload->]...$...............^.||45,662
