2025-07-30T21:32:06.303 0100|01|00|06|f801fe|34580000b208[payload->]...||2,226
2025-07-31T00:20:27.584 0100|01|00|06|f801fe|34580000b208[payload->]...||2,226
2025-07-31T10:23:22.570 0100|01|00|06|f801fe|34580000b208[payload->]...||2,226
2025-07-31T15:23:58.858 0100|01|00|06|f801fe|34580000b208[payload->]...||2,226
2025-07-31T18:14:31.124 0100|01|00|06|f801fe|34580000b208[payload->]...||2,226
2025-07-31T18:19:31.017 0100|00|00|05|fa0001|3458006f8b[payload->]o.||35,695
2025-07-31T19:11:02.080 0100|01|00|06|f801fe|34580000b208[payload->]...||2,226
2025-07-31T19:23:32.088 0100|01|00|06|f801fe|34580000b208[payload->]...||2,226
2025-07-31T20:20:32.010 0100|01|00|06|f801fe|34580000b208[payload->]...||2,226
2025-07-31T20:36:52.076 0100|01|00|06|f801fe|34580000b208[payload->]...||2,226
2025-07-31T20:47:52.015 0100|01|00|06|f801fe|34580000b208[payload->]...||2,226
2025-07-31T20:56:32.090 0100|01|00|06|f801fe|34580000b208[payload->]...||2,226
2025-07-31T21:13:02.109 0100|01|00|06|f801fe|34580000b208[payload->]...||2,226
2025-07-31T23:37:46.382 0100|01|00|06|f801fe|34580000b208[payload->]...||2,226
2025-08-01T02:12:07.186 0100|01|00|06|f801fe|34580000b208[payload->]...||2,226
2025-08-01T08:10:31.066 0100|01|00|06|f801fe|34580000b208[payload->]...||2,226
2025-08-01T08:30:01.057 0100|01|00|06|f801fe|34580000b208[payload->]...||2,226
2025-08-01T09:03:11.105 0100|01|00|06|f801fe|34580000b208[payload->]...||2,226
2025-08-01T09:15:01.036 0100|01|00|06|f801fe|34580000b208[payload->]...||2,226
2025-08-01T09:26:41.035 0100|00|00|05|fa0001|3458006f8b[payload->]o.||35,695
2025-08-01T09:44:21.090 0100|00|00|05|fa0001|3458006f8b[payload->]o.||35,695
2025-08-01T09:59:11.223 0100|01|00|06|f801fe|34580000b208[payload->]...||2,226
2025-08-01T10:25:31.011 0100|00|00|05|fa0001|3458006f8b[payload->]o.||35,695
2025-08-01T12:32:52.072 0100|00|00|05|fa0001|3458006f8b[payload->]o.||35,695
2025-08-01T12:36:32.086 0100|01|00|06|f801fe|34580000b208[payload->]...||2,226
2025-08-01T13:02:02.058 0100|01|00|06|f801fe|34580000b208[payload->]...||2,226
2025-08-01T13:26:33.137 0100|01|00|06|f801fe|34580000b208[payload->]...||2,226
2025-08-01T13:53:25.315 0100|01|00|06|f801fe|34580000b208[payload->]...||2,226
2025-08-01T15:09:36.346 0100|01|00|06|f801fe|34580000b208[payload->]...||2,226
2025-08-02T08:12:23.289 0100|00|00|05|fa0001|3458006f8b[payload->]o.||35,695
2025-08-02T09:51:43.119 0100|00|00|05|fa0001|3458006f8b[payload->]o.||35,695
2025-08-02T20:15:44.469 0100|00|00|05|fa0001|3458006f8b[payload->]o.||35,695
2025-08-03T12:04:34.119 0100|01|00|06|f801fe|34580000b208[payload->]...||2,226
2025-08-03T12:27:14.151 0100|01|00|06|f801fe|34580000b208[payload->]...||2,226
2025-08-03T18:01:17.848 0100|01|00|06|f801fe|34580000b208[payload->]...||2,226
