2025-07-30T20:31:31.614 0100|00|00|05|fa0001|3068006e1f[payload->]n.||8,046
2025-07-30T20:31:31.715 0100|01|42|06|f801fe|306800001d08[payload->]...||2,077
2025-07-30T21:31:32.694 0100|00|00|05|fa0001|3068006e1f[payload->]n.||8,046
2025-07-30T21:31:32.694 0100|01|00|06|f801fe|306800001d08[payload->]...||2,077
2025-07-31T01:31:32.057 0100|00|00|05|fa0001|3068006e1f[payload->]n.||8,046
2025-07-31T01:31:32.158 0100|01|00|06|f801fe|306800001d08[payload->]...||2,077
2025-07-31T11:31:30.650 0100|00|00|05|fa0001|3068006e1f[payload->]n.||8,046
2025-07-31T11:31:30.755 0100|01|00|06|f801fe|306800001d08[payload->]...||2,077
2025-07-31T12:31:36.894 0100|00|00|05|fa0001|3068006e1f[payload->]n.||8,046
2025-07-31T12:31:36.995 0100|01|00|06|f801fe|306800001d08[payload->]...||2,077
2025-07-31T14:31:31.104 0100|00|00|05|fa0001|3068006e1f[payload->]n.||8,046
2025-07-31T20:31:31.284 0100|00|00|05|fa0001|3068006e1f[payload->]n.||8,046
2025-07-31T20:31:31.285 0100|01|00|06|f801fe|306800001d08[payload->]...||2,077
2025-07-31T22:31:31.459 0100|00|00|05|fa0001|3068006e1f[payload->]n.||8,046
2025-07-31T22:31:31.459 0100|01|00|06|f801fe|306800001d08[payload->]...||2,077
2025-08-01T02:31:31.156 0100|00|00|05|fa0001|3068006e1f[payload->]n.||8,046
2025-08-01T02:31:31.357 0100|01|00|06|f801fe|306800001d08[payload->]...||2,077
2025-08-01T03:31:30.815 0100|00|00|05|fa0001|3068006e1f[payload->]n.||8,046
2025-08-01T03:31:30.815 0100|01|00|06|f801fe|306800001d08[payload->]...||2,077
2025-08-01T04:31:30.796 0100|00|00|05|fa0001|3068006e1f[payload->]n.||8,046
2025-08-01T04:31:30.796 0100|01|00|06|f801fe|306800001d08[payload->]...||2,077
2025-08-01T08:31:30.920 0100|00|00|05|fa0001|3068006e1f[payload->]n.||8,046
2025-08-01T08:31:30.923 0100|01|00|06|f801fe|306800001d08[payload->]...||2,077
2025-08-01T10:31:31.143 0100|00|00|05|fa0001|3068006e1f[payload->]n.||8,046
2025-08-01T10:31:31.244 0100|01|00|06|f801fe|306800001d08[payload->]...||2,077
2025-08-01T14:31:32.501 0100|00|00|05|fa0001|3068006e1f[payload->]n.||8,046
2025-08-01T14:31:32.502 0100|01|00|06|f801fe|306800001d08[payload->]...||2,077
2025-08-01T15:31:30.998 0100|00|00|05|fa0001|3068006e1f[payload->]n.||8,046
2025-08-01T15:31:30.999 0100|01|00|06|f801fe|306800001d08[payload->]...||2,077
2025-08-01T19:31:31.069 0100|00|00|05|fa0001|3068006e1f[payload->]n.||8,046
2025-08-01T19:31:31.170 0100|01|00|06|f801fe|306800001d08[payload->]...||2,077
2025-08-01T21:31:30.839 0100|00|00|05|fa0001|3068006e1f[payload->]n.||8,046
2025-08-01T21:31:30.940 0100|01|00|06|f801fe|306800001d08[payload->]...||2,077
2025-08-02T00:31:31.887 0100|00|00|05|fa0001|3068006e1f[payload->]n.||8,046
2025-08-02T00:31:31.988 0100|01|00|06|f801fe|306800001d08[payload->]...||2,077
2025-08-02T04:31:31.079 0100|00|00|05|fa0001|3068006e1f[payload->]n.||8,046
2025-08-02T05:31:30.983 0100|00|00|05|fa0001|3068006e1f[payload->]n.||8,046
2025-08-02T05:31:31.084 0100|01|00|06|f801fe|306800001d08[payload->]...||2,077
2025-08-02T06:31:31.853 0100|00|00|05|fa0001|3068006e1f[payload->]n.||8,046
2025-08-02T06:31:31.853 0100|01|00|06|f801fe|306800001d48[payload->]..H||18,461
2025-08-02T07:31:30.796 0100|00|00|05|fa0001|3068006e1f[payload->]n.||8,046
2025-08-02T07:31:30.897 0100|01|00|06|f801fe|306800001d08[payload->]...||2,077
2025-08-02T11:31:30.928 0100|00|00|05|fa0001|3068006e1f[payload->]n.||8,046
2025-08-02T11:31:30.928 0100|01|00|06|f801fe|306800001d08[payload->]...||2,077
2025-08-02T12:31:32.475 0100|00|00|05|fa0001|3068006e1f[payload->]n.||8,046
2025-08-02T20:31:31.838 0100|00|00|05|fa0001|3068006e1f[payload->]n.||8,046
2025-08-02T20:31:31.939 0100|01|00|06|f801fe|306800001d08[payload->]...||2,077
2025-08-03T02:31:31.300 0100|00|00|05|fa0001|3068006e1f[payload->]n.||8,046
2025-08-03T02:31:31.402 0100|01|00|06|f801fe|306800001d08[payload->]...||2,077
2025-08-03T04:31:31.829 0100|00|00|05|fa0001|3068006e1f[payload->]n.||8,046
2025-08-03T04:31:31.830 0100|01|00|06|f801fe|306800001d08[payload->]...||2,077
2025-08-03T05:31:31.738 0100|00|00|05|fa0001|3068006e1f[payload->]n.||8,046
2025-08-03T05:31:31.940 0100|01|00|06|f801fe|306800001d08[payload->]...||2,077
2025-08-03T06:31:31.592 0100|00|00|05|fa0001|3068006e1f[payload->]n.||8,046
2025-08-03T06:31:31.592 0100|01|00|06|f801fe|306800001d08[payload->]...||2,077
2025-08-03T10:31:31.217 0100|00|00|05|fa0001|3068006e1f[payload->]n.||8,046
2025-08-03T10:31:31.319 0100|01|00|06|f801fe|306800001d08[payload->]...||2,077
2025-08-03T11:31:31.121 0100|00|00|05|fa0001|3068006e1f[payload->]n.||8,046
2025-08-03T11:31:31.121 0100|01|00|06|f801fe|306800001d08[payload->]...||2,077
2025-08-03T12:31:31.087 0100|00|00|05|fa0001|3068006e1f[payload->]n.||8,046
2025-08-03T12:31:31.188 0100|01|00|06|f801fe|306800001d08[payload->]...||2,077
2025-08-03T16:31:31.316 0100|00|00|05|fa0001|3068006e1f[payload->]n.||8,046
2025-08-03T16:31:31.417 0100|01|00|06|f801fe|306800001d08[payload->]...||2,077
