2025-07-30T20:37:54.111 0100|00|00|05|fa0001|20070659b3[payload->]Y.||45,913
2025-07-30T20:37:54.212 0100|01|00|0c|f201fe|2007060304810000000e5918[payload->].......Y.||6,233
2025-07-30T20:48:02.959 0100|00|00|05|fa0001|20070659b3[payload->]Y.||45,913
2025-07-30T20:48:03.060 0100|01|00|0c|f201fe|2007060304810000000e5918[payload->].......Y.||6,233
2025-07-30T20:58:12.095 0100|00|00|05|fa0001|20070659b3[payload->]Y.||45,913
2025-07-30T20:58:12.196 0100|01|00|0c|f201fe|2007060304810000000e5918[payload->].......Y.||6,233
2025-07-30T21:38:47.766 0100|00|00|05|fa0001|20070659b3[payload->]Y.||45,913
2025-07-30T21:38:47.867 0100|01|00|0c|f201fe|2007060304810000000e5918[payload->].......Y.||6,233
2025-07-30T21:48:56.647 0100|00|00|05|fa0001|20070659b3[payload->]Y.||45,913
2025-07-30T21:48:56.748 0100|01|00|0c|f201fe|2007060304810000000e5918[payload->].......Y.||6,233
2025-07-30T22:09:12.794 0100|00|00|05|fa0001|20070659b3[payload->]Y.||45,913
2025-07-30T22:09:12.895 0100|01|00|0c|f201fe|2007060304810000000e5918[payload->].......Y.||6,233
2025-07-30T22:39:39.354 0100|00|00|05|fa0001|20070659b3[payload->]Y.||45,913
2025-07-30T22:39:39.354 0100|01|00|0c|f201fe|2007060304810000000e5918[payload->].......Y.||6,233
2025-07-30T22:49:48.904 0100|00|00|05|fa0001|20070659b3[payload->]Y.||45,913
2025-07-30T22:49:49.005 0100|01|00|0c|f201fe|2007060304810000000e5918[payload->].......Y.||6,233
2025-07-30T23:50:41.964 0100|00|00|05|fa0001|20070659b3[payload->]Y.||45,913
2025-07-30T23:50:42.065 0100|01|00|0c|f201fe|2007060304810000000e5918[payload->].......Y.||6,233
2025-07-31T00:00:50.892 0100|00|00|05|fa0001|20070659b3[payload->]Y.||45,913
2025-07-31T00:00:50.993 0100|01|00|0c|f201fe|2007060304810000000e5918[payload->].......Y.||6,233
2025-07-31T00:21:08.293 0100|00|00|05|fa0001|20070659b3[payload->]Y.||45,913
2025-07-31T00:21:08.394 0100|01|00|0c|f201fe|2007060304810000000e5918[payload->].......Y.||6,233
2025-07-31T00:31:17.615 0100|00|00|05|fa0001|20070659b3[payload->]Y.||45,913
2025-07-31T00:31:17.716 0100|01|00|0c|f201fe|2007060304810000000e5918[payload->].......Y.||6,233
2025-07-31T00:51:34.298 0100|00|00|05|fa0001|20070659b3[payload->]Y.||45,913
2025-07-31T00:51:34.399 0100|01|00|0c|f201fe|2007060304810000000e5918[payload->].......Y.||6,233
2025-07-31T01:01:43.201 0100|00|00|05|fa0001|20070659b3[payload->]Y.||45,913
2025-07-31T01:01:43.302 0100|01|00|0c|f201fe|2007060304810000000e5918[payload->].......Y.||6,233
2025-07-31T01:21:59.703 0100|00|00|05|fa0001|20070659b3[payload->]Y.||45,913
2025-07-31T01:21:59.804 0100|01|00|0c|f201fe|2007060304810000000e5918[payload->].......Y.||6,233
2025-07-31T01:32:08.830 0100|00|00|05|fa0001|20070659b3[payload->]Y.||45,913
2025-07-31T01:32:08.931 0100|01|00|0c|f201fe|2007060304810000000e5918[payload->].......Y.||6,233
2025-07-31T01:42:17.621 0100|00|00|05|fa0001|20070659b3[payload->]Y.||45,913
2025-07-31T01:52:26.398 0100|00|00|05|fa0001|20070659b3[payload->]Y.||45,913
2025-07-31T01:52:26.499 0100|01|00|0c|f201fe|2007060304810000000e5918[payload->].......Y.||6,233
2025-07-31T02:12:44.464 0100|00|00|05|fa0001|20070659b3[payload->]Y.||45,913
2025-07-31T02:12:44.565 0100|01|00|0c|f201fe|2007060304810000000e5918[payload->].......Y.||6,233
2025-07-31T02:33:02.358 0100|00|00|05|fa0001|20070659b3[payload->]Y.||45,913
2025-07-31T02:33:02.460 0100|01|00|0c|f201fe|2007060304810000000e5918[payload->].......Y.||6,233
2025-07-31T02:53:19.987 0100|01|00|0c|f201fe|2007060304810000000e5918[payload->].......Y.||6,233
2025-07-31T03:03:28.440 0100|00|00|05|fa0001|20070659b3[payload->]Y.||45,913
2025-07-31T03:03:28.542 0100|01|00|0c|f201fe|2007060304810000000e5918[payload->].......Y.||6,233
2025-07-31T03:13:37.358 0100|00|00|05|fa0001|20070659b3[payload->]Y.||45,913
2025-07-31T03:13:37.459 0100|01|00|0c|f201fe|2007060304810000000e5918[payload->].......Y.||6,233
2025-07-31T03:33:53.061 0100|01|00|0c|f201fe|2007060304810000000e5918[payload->].......Y.||6,233
2025-07-31T03:44:01.684 0100|00|00|05|fa0001|20070659b3[payload->]Y.||45,913
2025-07-31T05:05:12.565 0100|00|00|05|fa0001|20070659b3[payload->]Y.||45,913
2025-07-31T05:05:12.667 0100|01|00|0c|f201fe|2007060304810000000e5918[payload->].......Y.||6,233
2025-07-31T05:15:21.579 0100|00|00|05|fa0001|20070659b3[payload->]Y.||45,913
2025-07-31T05:15:21.680 0100|01|00|0c|f201fe|2007060304810000000e5918[payload->].......Y.||6,233
2025-07-31T05:35:39.353 0100|00|00|05|fa0001|20070659b3[payload->]Y.||45,913
2025-07-31T05:35:39.454 0100|01|00|0c|f201fe|2007060304810000000e5918[payload->].......Y.||6,233
2025-07-31T06:16:13.293 0100|00|00|05|fa0001|20070659b3[payload->]Y.||45,913
2025-07-31T06:16:13.394 0100|01|00|0c|f201fe|2007060304810000000e5918[payload->].......Y.||6,233
2025-07-31T06:36:30.093 0100|00|00|05|fa0001|20070659b3[payload->]Y.||45,913
2025-07-31T06:36:30.194 0100|01|00|0c|f201fe|2007060304810000000e5918[payload->].......Y.||6,233
2025-07-31T06:46:38.578 0100|00|00|05|fa0001|20070659b3[payload->]Y.||45,913
2025-07-31T06:46:38.682 0100|01|00|0c|f201fe|2007060304810000000e5918[payload->].......Y.||6,233
2025-07-31T06:56:47.512 0100|00|00|05|fa0001|20070659b3[payload->]Y.||45,913
2025-07-31T06:56:47.613 0100|01|00|0c|f201fe|2007060304810000000e5918[payload->].......Y.||6,233
2025-07-31T07:06:55.340 0100|00|00|05|fa0001|20070659b3[payload->]Y.||45,913
2025-07-31T07:06:55.441 0100|01|00|0c|f201fe|2007060304810000000e5918[payload->].......Y.||6,233
2025-07-31T07:17:03.616 0100|01|00|0c|f201fe|2007060304810000000e5918[payload->].......Y.||6,233
2025-07-31T07:47:29.363 0100|00|00|05|fa0001|20070659b3[payload->]Y.||45,913
2025-07-31T07:47:29.464 0100|01|00|0c|f201fe|2007060304810000000e5918[payload->].......Y.||6,233
2025-07-31T09:08:38.382 0100|00|00|05|fa0001|20070659b3[payload->]Y.||45,913
2025-07-31T09:08:38.382 0100|01|00|0c|f201fe|2007060304810000000e5918[payload->].......Y.||6,233
2025-07-31T09:28:54.175 0100|00|00|05|fa0001|20070659b3[payload->]Y.||45,913
2025-07-31T09:28:54.276 0100|01|00|0c|f201fe|2007060304810000000e5918[payload->].......Y.||6,233
2025-07-31T09:39:02.265 0100|00|00|05|fa0001|20070659b3[payload->]Y.||45,913
2025-07-31T09:39:02.265 0100|01|00|0c|f201fe|2007060304810000000e5918[payload->].......Y.||6,233
2025-07-31T09:49:10.532 0100|00|00|05|fa0001|20070659b3[payload->]Y.||45,913
2025-07-31T09:49:10.633 0100|01|00|0c|f201fe|2007060304810000000e5918[payload->].......Y.||6,233
2025-07-31T10:19:35.815 0100|00|00|05|fa0001|20070659b3[payload->]Y.||45,913
2025-07-31T10:19:35.815 0100|01|00|0c|f201fe|2007060304810000000e5918[payload->].......Y.||6,233
2025-07-31T11:00:09.745 0100|00|00|05|fa0001|20070659b3[payload->]Y.||45,913
2025-07-31T11:00:09.746 0100|01|00|0c|f201fe|2007060304810000000e5918[payload->].......Y.||6,233
2025-07-31T11:10:18.758 0100|00|00|05|fa0001|20070659b3[payload->]Y.||45,913
2025-07-31T11:10:18.758 0100|01|00|0c|f201fe|2007060304810000000e5918[payload->].......Y.||6,233
2025-07-31T11:20:27.112 0100|00|00|05|fa0001|20070659b3[payload->]Y.||45,913
2025-07-31T11:20:27.213 0100|01|00|0c|f201fe|2007060304810000000e5918[payload->].......Y.||6,233
2025-07-31T11:40:43.778 0100|00|00|05|fa0001|20070659b3[payload->]Y.||45,913
2025-07-31T11:40:43.879 0100|01|00|0c|f201fe|2007060304810000000e5918[payload->].......Y.||6,233
2025-07-31T12:01:01.205 0100|00|00|05|fa0001|20070659b3[payload->]Y.||45,913
2025-07-31T12:01:01.306 0100|01|00|0c|f201fe|2007060304810000000e5918[payload->].......Y.||6,233
2025-07-31T12:11:09.516 0100|00|00|05|fa0001|20070659b3[payload->]Y.||45,913
2025-07-31T12:11:09.617 0100|01|00|0c|f201fe|2007060304810000000e5918[payload->].......Y.||6,233
2025-07-31T12:21:18.598 0100|00|00|05|fa0001|20070659b3[payload->]Y.||45,913
2025-07-31T12:21:18.699 0100|01|00|0c|f201fe|2007060304810000000e5918[payload->].......Y.||6,233
2025-07-31T12:51:47.779 0100|00|00|05|fa0001|20070659b3[payload->]Y.||45,913
2025-07-31T12:51:47.880 0100|01|00|0c|f201fe|2007060304810000000e5918[payload->].......Y.||6,233
2025-07-31T13:32:20.859 0100|00|00|05|fa0001|20070659b3[payload->]Y.||45,913
2025-07-31T13:32:20.859 0100|01|00|0c|f201fe|2007060304810000000e5918[payload->].......Y.||6,233
2025-07-31T13:42:29.331 0100|00|00|05|fa0001|20070659b3[payload->]Y.||45,913
2025-07-31T13:42:29.533 0100|01|00|0c|f201fe|2007060304810000000e5918[payload->].......Y.||6,233
2025-07-31T13:52:38.368 0100|00|00|05|fa0001|20070659b3[payload->]Y.||45,913
2025-07-31T13:52:38.469 0100|01|00|0c|f201fe|2007060304810000000e5918[payload->].......Y.||6,233
2025-07-31T14:02:47.531 0100|00|00|05|fa0001|20070659b3[payload->]Y.||45,913
2025-07-31T14:02:47.632 0100|01|00|0c|f201fe|2007060304810000000e5918[payload->].......Y.||6,233
2025-07-31T14:12:56.323 0100|00|00|05|fa0001|20070659b3[payload->]Y.||45,913
2025-07-31T14:12:56.424 0100|01|00|0c|f201fe|2007060304810000000e5918[payload->].......Y.||6,233
2025-07-31T14:23:03.975 0100|00|00|05|fa0001|20070659b3[payload->]Y.||45,913
2025-07-31T14:23:04.076 0100|01|00|0c|f201fe|2007060304810000000e5918[payload->].......Y.||6,233
2025-07-31T14:43:21.849 0100|00|00|05|fa0001|20070659b3[payload->]Y.||45,913
2025-07-31T14:43:22.051 0100|01|00|0c|f201fe|2007060304810000000e5918[payload->].......Y.||6,233
2025-07-31T15:13:47.445 0100|00|00|05|fa0001|20070659b3[payload->]Y.||45,913
2025-07-31T15:13:47.546 0100|01|00|0c|f201fe|2007060304810000000e5918[payload->].......Y.||6,233
2025-07-31T15:23:55.519 0100|00|00|05|fa0001|20070659b3[payload->]Y.||45,913
2025-07-31T15:23:55.620 0100|01|00|0c|f201fe|2007060304810000000e5918[payload->].......Y.||6,233
2025-07-31T15:34:04.914 0100|00|00|05|fa0001|20070659b3[payload->]Y.||45,913
2025-07-31T15:34:05.015 0100|01|00|0c|f201fe|2007060304810000000e5918[payload->].......Y.||6,233
2025-07-31T15:44:14.157 0100|00|00|05|fa0001|20070659b3[payload->]Y.||45,913
2025-07-31T15:44:14.158 0100|01|00|0c|f201fe|2007060304810000000e5918[payload->].......Y.||6,233
2025-07-31T16:04:31.624 0100|00|00|05|fa0001|20070659b3[payload->]Y.||45,913
2025-07-31T16:04:31.725 0100|01|00|0c|f201fe|2007060304810000000e5918[payload->].......Y.||6,233
2025-07-31T16:55:16.313 0100|00|00|05|fa0001|20070659b3[payload->]Y.||45,913
2025-07-31T16:55:16.414 0100|01|00|0c|f201fe|2007060304810000000e5918[payload->].......Y.||6,233
2025-07-31T17:05:24.588 0100|00|00|05|fa0001|20070659b3[payload->]Y.||45,913
2025-07-31T17:05:24.689 0100|01|00|0c|f201fe|2007060304810000000e5918[payload->].......Y.||6,233
2025-07-31T17:15:33.154 0100|00|00|05|fa0001|20070659b3[payload->]Y.||45,913
2025-07-31T17:15:33.255 0100|01|00|0c|f201fe|2007060304810000000e5918[payload->].......Y.||6,233
2025-07-31T17:25:41.887 0100|01|00|0c|f201fe|2007060304810000000e5918[payload->].......Y.||6,233
2025-07-31T18:36:45.427 0100|00|00|05|fa0001|20070659b3[payload->]Y.||45,913
2025-07-31T18:36:45.528 0100|01|00|0c|f201fe|2007060304810000000e5918[payload->].......Y.||6,233
2025-07-31T18:46:54.012 0100|00|00|05|fa0001|20070659b3[payload->]Y.||45,913
2025-07-31T18:46:54.213 0100|01|00|0c|f201fe|2007060304810000000e5918[payload->].......Y.||6,233
2025-07-31T19:17:21.954 0100|00|00|05|fa0001|20070659b3[payload->]Y.||45,913
2025-07-31T19:17:22.056 0100|01|00|0c|f201fe|2007060304810000000e5918[payload->].......Y.||6,233
2025-07-31T19:27:30.903 0100|00|00|05|fa0001|20070659b3[payload->]Y.||45,913
2025-07-31T19:27:31.004 0100|01|00|0c|f201fe|2007060304810000000e5918[payload->].......Y.||6,233
2025-07-31T19:47:48.494 0100|01|00|0c|f201fe|2007060304810000000e5918[payload->].......Y.||6,233
2025-07-31T19:57:57.774 0100|00|00|05|fa0001|20070659b3[payload->]Y.||45,913
2025-07-31T19:57:57.876 0100|01|00|0c|f201fe|2007060304810000000e5918[payload->].......Y.||6,233
2025-07-31T20:08:05.868 0100|01|00|0c|f201fe|2007060304810000000e5918[payload->].......Y.||6,233
2025-07-31T20:18:14.002 0100|01|00|0c|f201fe|2007060304810000000e5918[payload->].......Y.||6,233
2025-07-31T20:28:23.576 0100|01|00|0c|f201fe|2007060304810000000e5918[payload->].......Y.||6,233
2025-07-31T20:38:32.036 0100|00|00|05|fa0001|20070659b3[payload->]Y.||45,913
2025-07-31T20:38:32.137 0100|01|00|0c|f201fe|2007060304810000000e5918[payload->].......Y.||6,233
2025-07-31T20:48:41.814 0100|00|00|05|fa0001|20070659b3[payload->]Y.||45,913
2025-07-31T20:48:41.915 0100|01|00|0c|f201fe|2007060304810000000e5918[payload->].......Y.||6,233
2025-07-31T21:08:59.671 0100|00|00|05|fa0001|20070659b3[payload->]Y.||45,913
2025-07-31T21:08:59.773 0100|01|00|0c|f201fe|2007060304810000000e5918[payload->].......Y.||6,233
2025-07-31T21:29:17.731 0100|00|00|05|fa0001|20070659b3[payload->]Y.||45,913
2025-07-31T21:29:17.832 0100|01|00|0c|f201fe|2007060304810000000e5918[payload->].......Y.||6,233
2025-07-31T21:39:26.217 0100|00|00|05|fa0001|20070659b3[payload->]Y.||45,913
2025-07-31T21:39:26.318 0100|01|00|0c|f201fe|2007060304810000000e5918[payload->].......Y.||6,233
2025-07-31T21:59:43.190 0100|00|00|05|fa0001|20070659b3[payload->]Y.||45,913
2025-07-31T21:59:43.291 0100|01|00|0c|f201fe|2007060304810000000e5918[payload->].......Y.||6,233
2025-07-31T22:09:51.586 0100|01|00|0c|f201fe|2007060304810000000e5918[payload->].......Y.||6,233
2025-07-31T22:20:00.956 0100|00|00|05|fa0001|20070659b3[payload->]Y.||45,913
2025-07-31T22:20:00.956 0100|01|00|0c|f201fe|2007060304810000000e5918[payload->].......Y.||6,233
2025-07-31T22:30:09.860 0100|00|00|05|fa0001|20070659b3[payload->]Y.||45,913
2025-07-31T22:30:09.962 0100|01|00|0c|f201fe|2007060304810000000e5918[payload->].......Y.||6,233
2025-07-31T22:40:18.820 0100|00|00|05|fa0001|20070659b3[payload->]Y.||45,913
2025-07-31T22:40:18.921 0100|01|00|0c|f201fe|2007060304810000000e5918[payload->].......Y.||6,233
2025-07-31T22:50:28.656 0100|00|00|05|fa0001|20070659b3[payload->]Y.||45,913
2025-07-31T22:50:28.757 0100|01|00|0c|f201fe|2007060304810000000e5918[payload->].......Y.||6,233
2025-07-31T23:00:37.554 0100|00|00|05|fa0001|20070659b3[payload->]Y.||45,913
2025-08-01T00:01:31.963 0100|00|00|05|fa0001|20070659b3[payload->]Y.||45,913
2025-08-01T00:31:58.426 0100|00|00|05|fa0001|20070659b3[payload->]Y.||45,913
2025-08-01T00:31:58.528 0100|01|00|0c|f201fe|2007060304810000000e5918[payload->].......Y.||6,233
2025-08-01T00:52:16.064 0100|00|00|05|fa0001|20070659b3[payload->]Y.||45,913
2025-08-01T00:52:16.165 0100|01|00|0c|f201fe|2007060304810000000e5918[payload->].......Y.||6,233
2025-08-01T01:02:24.959 0100|00|00|05|fa0001|20070659b3[payload->]Y.||45,913
2025-08-01T01:02:25.060 0100|01|00|0c|f201fe|2007060304810000000e5918[payload->].......Y.||6,233
2025-08-01T01:12:33.855 0100|00|00|05|fa0001|20070659b3[payload->]Y.||45,913
2025-08-01T01:12:33.956 0100|01|00|0c|f201fe|2007060304810000000e5918[payload->].......Y.||6,233
2025-08-01T01:22:43.409 0100|00|00|05|fa0001|20070659b3[payload->]Y.||45,913
2025-08-01T01:22:43.510 0100|01|00|0c|f201fe|2007060304810000000e5918[payload->].......Y.||6,233
2025-08-01T01:32:51.753 0100|00|00|05|fa0001|20070659b3[payload->]Y.||45,913
2025-08-01T01:32:52.156 0100|01|00|4c|fa01fe|2007060304810000000e59180100000005fa00012007079972010001000cf201fe200707030281000e0000f4390100000005fa00012007089d32010001000cf201fe200708031282000f0000[payload->].......Y......... ...r........ ..........9........ ...2........ .........||0,000
2025-08-01T01:53:09.401 0100|00|00|05|fa0001|20070659b3[payload->]Y.||45,913
2025-08-01T01:53:09.502 0100|01|00|0c|f201fe|2007060304810000000e5918[payload->].......Y.||6,233
2025-08-01T02:03:18.460 0100|00|00|05|fa0001|20070659b3[payload->]Y.||45,913
2025-08-01T02:03:18.561 0100|01|00|0c|f201fe|2007060304810000000e5918[payload->].......Y.||6,233
2025-08-01T02:23:35.937 0100|00|00|05|fa0001|20070659b3[payload->]Y.||45,913
2025-08-01T02:23:36.038 0100|01|00|0c|f201fe|2007060304810000000e5918[payload->].......Y.||6,233
2025-08-01T02:33:44.249 0100|00|00|05|fa0001|20070659b3[payload->]Y.||45,913
2025-08-01T02:33:44.450 0100|01|00|0c|f201fe|2007060304810000000e5918[payload->].......Y.||6,233
2025-08-01T02:43:53.984 0100|00|00|05|fa0001|20070659b3[payload->]Y.||45,913
2025-08-01T03:04:10.970 0100|00|00|05|fa0001|20070659b3[payload->]Y.||45,913
2025-08-01T03:04:10.970 0100|01|00|0c|f201fe|2007060304810000000e5918[payload->].......Y.||6,233
2025-08-01T03:24:27.915 0100|00|00|05|fa0001|20070659b3[payload->]Y.||45,913
2025-08-01T03:24:28.016 0100|01|00|0c|f201fe|2007060304810000000e5918[payload->].......Y.||6,233
2025-08-01T04:05:02.438 0100|00|00|05|fa0001|20070659b3[payload->]Y.||45,913
2025-08-01T04:05:02.438 0100|01|00|0c|f201fe|2007060304810000000e5918[payload->].......Y.||6,233
2025-08-01T04:15:11.708 0100|01|00|0c|f201fe|2007060304810000000e5918[payload->].......Y.||6,233
2025-08-01T04:35:29.404 0100|00|00|05|fa0001|20070659b3[payload->]Y.||45,913
2025-08-01T04:35:29.505 0100|01|00|0c|f201fe|2007060304810000000e5918[payload->].......Y.||6,233
2025-08-01T04:55:48.442 0100|00|00|05|fa0001|20070659b3[payload->]Y.||45,913
2025-08-01T04:55:48.543 0100|01|00|0c|f201fe|2007060304810000000e5918[payload->].......Y.||6,233
2025-08-01T05:26:14.003 0100|00|00|05|fa0001|20070659b3[payload->]Y.||45,913
2025-08-01T05:26:14.104 0100|01|00|0c|f201fe|2007060304810000000e5918[payload->].......Y.||6,233
2025-08-01T05:36:23.790 0100|00|00|05|fa0001|20070659b3[payload->]Y.||45,913
2025-08-01T05:36:23.791 0100|01|00|0c|f201fe|20070603048100031b840015[payload->].........||5,376
2025-08-01T05:46:32.216 0100|00|00|05|fa0001|20070659b3[payload->]Y.||45,913
2025-08-01T05:46:32.317 0100|01|00|0c|f201fe|2007060304810000000e5918[payload->].......Y.||6,233
2025-08-01T06:06:50.281 0100|00|00|05|fa0001|20070659b3[payload->]Y.||45,913
2025-08-01T06:06:50.281 0100|01|00|0c|f201fe|2007060304810000000e5918[payload->].......Y.||6,233
2025-08-01T06:27:08.276 0100|00|00|05|fa0001|2007065900[payload->]Y.||0,089
2025-08-01T06:37:15.961 0100|00|00|05|fa0001|20070659b3[payload->]Y.||45,913
2025-08-01T06:37:15.962 0100|01|00|0c|f201fe|2007060304810000000e5918[payload->].......Y.||6,233
2025-08-01T07:17:50.723 0100|00|00|05|fa0001|20070659b3[payload->]Y.||45,913
2025-08-01T07:17:50.723 0100|01|00|0c|f201fe|2007060304810000000e5918[payload->].......Y.||6,233
2025-08-01T07:27:59.399 0100|00|00|05|fa0001|20070659b3[payload->]Y.||45,913
2025-08-01T07:27:59.500 0100|01|00|0c|f201fe|2007060304810000000e5918[payload->].......Y.||6,233
2025-08-01T07:38:08.412 0100|00|00|05|fa0001|20070659b3[payload->]Y.||45,913
2025-08-01T07:38:08.513 0100|01|00|0c|f201fe|2007060304810000000e5918[payload->].......Y.||6,233
2025-08-01T07:48:16.361 0100|00|00|05|fa0001|20070659b3[payload->]Y.||45,913
2025-08-01T07:48:16.462 0100|01|00|0c|f201fe|2007060304810000000e5918[payload->].......Y.||6,233
2025-08-01T08:08:34.359 0100|00|00|05|fa0001|20070659b3[payload->]Y.||45,913
2025-08-01T08:08:34.359 0100|01|00|0c|f201fe|2007060304810000000e5918[payload->].......Y.||6,233
2025-08-01T08:28:51.806 0100|00|00|05|fa0001|20070659b3[payload->]Y.||45,913
2025-08-01T08:28:51.908 0100|01|00|0c|f201fe|2007060304810000000e5918[payload->].......Y.||6,233
2025-08-01T08:49:09.529 0100|00|00|05|fa0001|20070659b3[payload->]Y.||45,913
2025-08-01T08:49:09.529 0100|01|00|0c|f201fe|2007060304810000000e5918[payload->].......Y.||6,233
2025-08-01T09:09:27.865 0100|00|00|05|fa0001|20070659b3[payload->]Y.||45,913
2025-08-01T09:09:27.967 0100|01|00|0c|f201fe|2007060304810000000e5918[payload->].......Y.||6,233
2025-08-01T09:29:45.269 0100|01|00|0c|f201fe|2007060304810000000e5918[payload->].......Y.||6,233
2025-08-01T09:39:54.886 0100|00|00|05|fa0001|20070659b3[payload->]Y.||45,913
2025-08-01T09:39:55.088 0100|01|00|0c|f201fe|2007060304810000000e5918[payload->].......Y.||6,233
2025-08-01T09:50:03.090 0100|00|00|05|fa0001|20070659b3[payload->]Y.||45,913
2025-08-01T10:20:29.726 0100|00|00|05|fa0001|20070659b3[payload->]Y.||45,913
2025-08-01T10:20:29.827 0100|01|00|0c|f201fe|2007060304810000000e5918[payload->].......Y.||6,233
2025-08-01T10:50:56.651 0100|00|00|05|fa0001|20070659b3[payload->]Y.||45,913
2025-08-01T10:50:56.752 0100|01|00|0c|f201fe|2007060304810000000e5918[payload->].......Y.||6,233
2025-08-01T11:01:05.279 0100|00|00|05|fa0001|20070659b3[payload->]Y.||45,913
2025-08-01T11:01:05.279 0100|01|00|0c|f201fe|2007060304810000000e5918[payload->].......Y.||6,233
2025-08-01T11:11:14.009 0100|01|00|0c|f201fe|2007060304810000000e5918[payload->].......Y.||6,233
2025-08-01T11:21:23.253 0100|00|00|05|fa0001|20070659b3[payload->]Y.||45,913
2025-08-01T11:21:23.354 0100|01|00|0c|f201fe|2007060304810000000e5918[payload->].......Y.||6,233
2025-08-01T11:31:33.859 0100|00|00|05|fa0001|20070659b3[payload->]Y.||45,913
2025-08-01T11:31:33.960 0100|01|00|0c|f201fe|2007060304810000000e5918[payload->].......Y.||6,233
2025-08-01T11:41:42.634 0100|00|00|05|fa0001|20070659b3[payload->]Y.||45,913
2025-08-01T11:41:42.735 0100|01|00|0c|f201fe|2007060304810000000e5918[payload->].......Y.||6,233
2025-08-01T11:51:51.708 0100|00|00|05|fa0001|20070659b3[payload->]Y.||45,913
2025-08-01T11:51:51.709 0100|01|00|0c|f201fe|2007060304810000000e5900[payload->].......Y.||0,089
2025-08-01T12:02:00.788 0100|00|00|05|fa0001|20070659b3[payload->]Y.||45,913
2025-08-01T12:02:00.889 0100|01|00|0c|f201fe|2007060304810000000e5918[payload->].......Y.||6,233
2025-08-01T12:12:09.427 0100|00|00|05|fa0001|20070659b3[payload->]Y.||45,913
2025-08-01T12:12:09.528 0100|01|00|0c|f201fe|2007060304810000000e5918[payload->].......Y.||6,233
2025-08-01T12:22:19.148 0100|00|00|05|fa0001|20070659b3[payload->]Y.||45,913
2025-08-01T12:42:35.518 0100|00|00|05|fa0001|20070659b3[payload->]Y.||45,913
2025-08-01T12:42:35.619 0100|01|00|0c|f201fe|2007060304810000000e5918[payload->].......Y.||6,233
2025-08-01T13:02:53.068 0100|00|00|05|fa0001|20070659b3[payload->]Y.||45,913
2025-08-01T13:02:53.169 0100|01|00|0c|f201fe|2007060304810000000e5918[payload->].......Y.||6,233
2025-08-01T13:13:02.178 0100|00|00|05|fa0001|20070659b3[payload->]Y.||45,913
2025-08-01T13:13:02.279 0100|01|00|0c|f201fe|2007060304810000000e5918[payload->].......Y.||6,233
2025-08-01T13:53:37.357 0100|00|00|05|fa0001|20070659b3[payload->]Y.||45,913
2025-08-01T13:53:37.458 0100|01|00|0c|f201fe|2007060304810000000e5918[payload->].......Y.||6,233
2025-08-01T14:13:54.342 0100|00|00|05|fa0001|20070659b3[payload->]Y.||45,913
2025-08-01T14:13:54.443 0100|01|00|0c|f201fe|2007060304810000000e5918[payload->].......Y.||6,233
2025-08-01T14:24:03.501 0100|00|00|05|fa0001|20070659b3[payload->]Y.||45,913
2025-08-01T14:24:03.602 0100|01|00|0c|f201fe|2007060304810000000e5918[payload->].......Y.||6,233
2025-08-01T14:34:11.713 0100|00|00|05|fa0001|20070659b3[payload->]Y.||45,913
2025-08-01T14:34:11.814 0100|01|00|0c|f201fe|2007060304810000000e5918[payload->].......Y.||6,233
2025-08-01T15:14:47.154 0100|00|00|05|fa0001|20070659b3[payload->]Y.||45,913
2025-08-01T15:14:47.255 0100|01|00|0c|f201fe|2007060304810000000e5918[payload->].......Y.||6,233
2025-08-01T16:56:14.492 0100|00|00|05|fa0001|20070659b3[payload->]Y.||45,913
2025-08-01T16:56:14.593 0100|01|00|0c|f201fe|2007060304810000000e5918[payload->].......Y.||6,233
2025-08-01T17:06:23.608 0100|00|00|05|fa0001|20070659b3[payload->]Y.||45,913
2025-08-01T17:06:23.709 0100|01|00|0c|f201fe|2007060304810000000e5918[payload->].......Y.||6,233
2025-08-01T17:16:31.896 0100|00|00|05|fa0001|20070659b3[payload->]Y.||45,913
2025-08-01T17:16:31.997 0100|01|00|0c|f201fe|2007060304810000000e5918[payload->].......Y.||6,233
2025-08-01T17:26:40.132 0100|01|00|0c|f201fe|2007060304810000000e5918[payload->].......Y.||6,233
2025-08-01T17:46:58.343 0100|00|00|05|fa0001|20070659b3[payload->]Y.||45,913
2025-08-01T17:46:58.444 0100|01|00|0c|f201fe|2007060304810000000e5918[payload->].......Y.||6,233
2025-08-01T18:07:16.073 0100|00|00|05|fa0001|20070659b3[payload->]Y.||45,913
2025-08-01T18:07:16.174 0100|01|00|0c|f201fe|2007060304810000000e5918[payload->].......Y.||6,233
2025-08-01T18:37:41.368 0100|01|00|0c|f201fe|2007060304810000000e5918[payload->].......Y.||6,233
2025-08-01T18:57:58.227 0100|00|00|05|fa0001|20070659b3[payload->]Y.||45,913
2025-08-01T18:57:58.328 0100|01|00|0c|f201fe|2007060304810000000e5918[payload->].......Y.||6,233
2025-08-01T19:18:15.800 0100|00|00|05|fa0001|20070659b3[payload->]Y.||45,913
2025-08-01T19:28:24.628 0100|00|00|05|fa0001|20070659b3[payload->]Y.||45,913
2025-08-01T19:28:24.729 0100|01|00|0c|f201fe|2007060304810000000e5918[payload->].......Y.||6,233
2025-08-01T19:58:49.286 0100|00|00|05|fa0001|20070659b3[payload->]Y.||45,913
2025-08-01T19:58:49.287 0100|01|00|0c|f201fe|2007060304810000000e5918[payload->].......Y.||6,233
2025-08-01T20:08:58.046 0100|00|00|05|fa0001|20070659b3[payload->]Y.||45,913
2025-08-01T20:08:58.148 0100|01|00|0c|f201fe|2007060304810000000e5918[payload->].......Y.||6,233
2025-08-01T20:39:24.772 0100|00|00|05|fa0001|20070659b3[payload->]Y.||45,913
2025-08-01T20:39:24.873 0100|01|00|0c|f201fe|2007060304810000000e5918[payload->].......Y.||6,233
2025-08-01T20:49:33.328 0100|00|00|05|fa0001|20070659b3[payload->]Y.||45,913
2025-08-01T20:49:33.328 0100|01|00|0c|f201fe|2007060304810000000e5918[payload->].......Y.||6,233
2025-08-01T21:09:49.852 0100|00|00|05|fa0001|20070659b3[payload->]Y.||45,913
2025-08-01T21:09:49.954 0100|01|00|0c|f201fe|2007060304810000000e5918[payload->].......Y.||6,233
2025-08-01T21:19:59.153 0100|00|00|05|fa0001|20070659b3[payload->]Y.||45,913
2025-08-01T21:19:59.254 0100|01|00|0c|f201fe|2007060304810000000e5918[payload->].......Y.||6,233
2025-08-01T22:00:35.669 0100|00|00|05|fa0001|20070659b3[payload->]Y.||45,913
2025-08-01T22:00:35.770 0100|01|00|0c|f201fe|2007060304810000000e5918[payload->].......Y.||6,233
2025-08-01T22:10:44.565 0100|00|00|05|fa0001|20070659b3[payload->]Y.||45,913
2025-08-01T22:10:44.666 0100|01|00|0c|f201fe|2007060304810000000e5918[payload->].......Y.||6,233
2025-08-01T22:41:11.255 0100|00|00|05|fa0001|20070659b3[payload->]Y.||45,913
2025-08-01T22:41:11.356 0100|01|00|0c|f201fe|2007060304810000000e5918[payload->].......Y.||6,233
2025-08-01T22:51:20.314 0100|00|00|05|fa0001|20070659b3[payload->]Y.||45,913
2025-08-01T22:51:20.415 0100|01|00|0c|f201fe|2007060304810000000e5918[payload->].......Y.||6,233
2025-08-01T23:11:37.847 0100|00|00|05|fa0001|20070659b3[payload->]Y.||45,913
2025-08-01T23:11:37.948 0100|01|00|0c|f201fe|2007060304810000000e5918[payload->].......Y.||6,233
2025-08-01T23:21:46.844 0100|00|00|05|fa0001|20070659b3[payload->]Y.||45,913
2025-08-01T23:42:03.543 0100|00|00|05|fa0001|20070659b3[payload->]Y.||45,913
2025-08-01T23:42:03.644 0100|01|00|0c|f201fe|2007060304810000000e5918[payload->].......Y.||6,233
2025-08-01T23:52:12.107 0100|00|00|05|fa0001|20070659b3[payload->]Y.||45,913
2025-08-01T23:52:12.208 0100|01|00|0c|f201fe|2007060304810000000e5918[payload->].......Y.||6,233
2025-08-02T00:12:29.412 0100|00|00|05|fa0001|20070659b3[payload->]Y.||45,913
2025-08-02T00:12:29.513 0100|01|00|0c|f201fe|2007060304810000000e5918[payload->].......Y.||6,233
2025-08-02T00:53:03.238 0100|01|00|0c|f201fe|2007060304810000000e5918[payload->].......Y.||6,233
2025-08-02T01:03:12.093 0100|00|00|05|fa0001|20070659b3[payload->]Y.||45,913
2025-08-02T01:03:12.093 0100|01|00|0c|f201fe|2007060304810000000e5918[payload->].......Y.||6,233
2025-08-02T01:23:30.288 0100|00|00|05|fa0001|20070659b3[payload->]Y.||45,913
2025-08-02T01:53:57.062 0100|00|00|05|fa0001|20070659b3[payload->]Y.||45,913
2025-08-02T01:53:57.163 0100|01|00|0c|f201fe|2007060304810000000e5918[payload->].......Y.||6,233
2025-08-02T02:04:06.495 0100|00|00|05|fa0001|20070659b3[payload->]Y.||45,913
2025-08-02T02:04:06.597 0100|01|00|0c|f201fe|2007060304810000000e5918[payload->].......Y.||6,233
2025-08-02T02:14:15.865 0100|00|00|05|fa0001|20070659b3[payload->]Y.||45,913
2025-08-02T02:14:15.966 0100|01|00|0c|f201fe|2007060304810000000e5918[payload->].......Y.||6,233
2025-08-02T02:24:24.503 0100|00|00|05|fa0001|20070659b3[payload->]Y.||45,913
2025-08-02T02:24:24.604 0100|01|00|0c|f201fe|2007060304810000000e5918[payload->].......Y.||6,233
2025-08-02T02:34:33.383 0100|00|00|05|fa0001|20070659b3[payload->]Y.||45,913
2025-08-02T02:34:33.484 0100|01|00|0e|f203fe|2007060304810000000e59180100[payload->].......Y...||0,001
2025-08-02T02:44:42.215 0100|00|00|05|fa0001|20070659b3[payload->]Y.||45,913
2025-08-02T02:44:42.215 0100|01|00|0c|f201fe|2007060304810000000e5918[payload->].......Y.||6,233
2025-08-02T03:04:59.442 0100|00|00|05|fa0001|20070659b3[payload->]Y.||45,913
2025-08-02T03:04:59.543 0100|01|00|0c|f221fe|2007060304810000000e5918[payload->].......Y.||6,233
2025-08-02T03:25:17.556 0100|00|00|05|fa0001|20070659b3[payload->]Y.||45,913
2025-08-02T03:25:17.657 0100|01|00|0c|f201fe|2007060304810000000e5918[payload->].......Y.||6,233
2025-08-02T03:45:34.018 0100|00|00|05|fa0001|20070659b3[payload->]Y.||45,913
2025-08-02T03:45:34.019 0100|01|00|0c|f201fe|2007060304810000000e5818[payload->].......X.||6,232
2025-08-02T04:15:59.123 0100|00|00|05|fa0001|20070659b3[payload->]Y.||45,913
2025-08-02T04:15:59.224 0100|01|00|0c|f201fe|2007060304810000000e5918[payload->].......Y.||6,233
2025-08-02T04:26:08.592 0100|00|00|05|fa0001|20070659b3[payload->]Y.||45,913
2025-08-02T04:26:08.694 0100|01|00|0c|f201fe|2007060304810000000e5918[payload->].......Y.||6,233
2025-08-02T04:56:34.464 0100|00|00|05|fa0001|20070659b3[payload->]Y.||45,913
2025-08-02T04:56:34.565 0100|01|00|0c|f201fe|2007060304810000000e5918[payload->].......Y.||6,233
2025-08-02T05:16:52.166 0100|00|00|05|fa0001|20070659b3[payload->]Y.||45,913
2025-08-02T05:16:52.167 0100|01|00|0c|f201fe|2007060304810000000e5918[payload->].......Y.||6,233
2025-08-02T05:57:27.379 0100|00|00|05|fa0001|20070659b3[payload->]Y.||45,913
2025-08-02T06:07:35.690 0100|00|00|05|fa0001|20070659b3[payload->]Y.||45,913
2025-08-02T06:27:53.246 0100|00|00|05|fa0001|20070659b3[payload->]Y.||45,913
2025-08-02T06:27:53.347 0100|01|00|0c|f201fe|2007060304810000000e5918[payload->].......Y.||6,233
2025-08-02T06:38:02.164 0100|00|00|05|fa0001|20070659b3[payload->]Y.||45,913
2025-08-02T06:38:02.265 0100|01|00|0c|f201fe|2007060304810000000e5918[payload->].......Y.||6,233
2025-08-02T06:48:11.202 0100|00|00|05|fa0001|20070659b3[payload->]Y.||45,913
2025-08-02T06:58:20.155 0100|00|00|05|fa0001|20070659b3[payload->]Y.||45,913
2025-08-02T06:58:20.256 0100|01|00|0c|f201fe|2007060304810000000e5918[payload->].......Y.||6,233
2025-08-02T07:08:29.530 0100|00|00|05|fa0001|20070659b3[payload->]Y.||45,913
2025-08-02T07:08:29.631 0100|01|00|0c|f201fe|2007060304810000000e5918[payload->].......Y.||6,233
2025-08-02T07:38:55.373 0100|00|00|05|fa0001|20070659b3[payload->]Y.||45,913
2025-08-02T07:38:55.474 0100|01|00|0c|f201fe|2007060304810000000e5918[payload->].......Y.||6,233
2025-08-02T07:49:04.065 0100|00|00|05|fa0001|20070659b3[payload->]Y.||45,913
2025-08-02T07:49:04.065 0100|01|00|0c|f201fe|2007060304810000000e5918[payload->].......Y.||6,233
2025-08-02T07:59:13.228 0100|00|00|05|fa0001|20070659b3[payload->]Y.||45,913
2025-08-02T07:59:13.329 0100|01|00|0c|f201fe|2007060304810000000e5918[payload->].......Y.||6,233
2025-08-02T08:09:22.363 0100|00|00|05|fa0001|20070659b3[payload->]Y.||45,913
2025-08-02T08:09:22.464 0100|01|00|0c|f201fe|2007060304810000000e5918[payload->].......Y.||6,233
2025-08-02T09:00:06.031 0100|00|00|05|fa0001|20070659b3[payload->]Y.||45,913
2025-08-02T09:00:06.132 0100|01|00|0c|f201fe|2007060304810000000e5918[payload->].......Y.||6,233
2025-08-02T09:40:40.151 0100|00|00|05|fa0001|20070659b3[payload->]Y.||45,913
2025-08-02T09:40:40.151 0100|01|00|0c|f201fe|2007060304810000000e5918[payload->].......Y.||6,233
2025-08-02T10:00:57.985 0100|00|00|05|fa0001|20070659b3[payload->]Y.||45,913
2025-08-02T10:00:58.086 0100|01|00|0c|f201fe|2007060304810000000e5918[payload->].......Y.||6,233
2025-08-02T10:41:34.098 0100|00|00|05|fa0001|20070659b3[payload->]Y.||45,913
2025-08-02T10:41:34.099 0100|01|00|0c|f201fe|2007060304810000000e5918[payload->].......Y.||6,233
2025-08-02T11:12:00.248 0100|00|00|05|fa0001|20070659b3[payload->]Y.||45,913
2025-08-02T11:12:00.350 0100|01|00|0c|f201fe|2007060304810000000e5918[payload->].......Y.||6,233
2025-08-02T11:52:35.198 0100|00|00|05|fa0001|20070659b3[payload->]Y.||45,913
2025-08-02T11:52:35.198 0100|01|00|0c|f201fe|2007060304810000000e5918[payload->].......Y.||6,233
2025-08-02T12:02:43.823 0100|00|00|05|fa0001|20070659b3[payload->]Y.||45,913
2025-08-02T12:02:43.924 0100|01|00|0c|f201fe|2007060304810000000e5918[payload->].......Y.||6,233
2025-08-02T12:23:01.455 0100|00|00|05|fa0001|20070659b3[payload->]Y.||45,913
2025-08-02T12:33:09.805 0100|00|00|05|fa0001|20070659b3[payload->]Y.||45,913
2025-08-02T12:43:18.725 0100|00|00|05|fa0001|20070659b3[payload->]Y.||45,913
2025-08-02T13:03:35.645 0100|00|00|05|fa0001|20070659b3[payload->]Y.||45,913
2025-08-02T13:03:35.747 0100|01|00|0c|f201fe|2007060304810000000e5918[payload->].......Y.||6,233
2025-08-02T13:23:53.444 0100|00|00|05|fa0001|20070659b3[payload->]Y.||45,913
2025-08-02T13:23:53.444 0100|01|00|0c|f201fe|2007060304810000000e5918[payload->].......Y.||6,233
2025-08-02T13:54:19.475 0100|00|00|05|fa0001|20070659b3[payload->]Y.||45,913
2025-08-02T14:04:28.386 0100|00|00|05|fa0001|20070659b3[payload->]Y.||45,913
2025-08-02T14:04:28.487 0100|01|00|0c|f201fe|2007060304810000000e5918[payload->].......Y.||6,233
2025-08-02T14:14:37.507 0100|00|00|05|fa0001|20070659b3[payload->]Y.||45,913
2025-08-02T14:14:37.608 0100|09|00|0c|f201fe|2007060304810000000e5918[payload->].......Y.||6,233
2025-08-02T14:34:54.079 0100|00|00|05|fa0001|20070659b3[payload->]Y.||45,913
2025-08-02T14:34:54.181 0100|01|00|0c|f201fe|2007060304810000000e5918[payload->].......Y.||6,233
2025-08-02T14:55:12.495 0100|00|00|05|fa0001|20070659b3[payload->]Y.||45,913
2025-08-02T14:55:12.597 0100|01|00|0c|f201fe|2007060304810000000e5918[payload->].......Y.||6,233
2025-08-02T15:35:48.510 0100|00|00|05|fa0001|20070659b3[payload->]Y.||45,913
2025-08-02T15:35:48.611 0100|01|00|0c|f201fe|2007060304810000000e5918[payload->].......Y.||6,233
2025-08-02T16:16:23.011 0100|00|00|05|fa0001|20070659b3[payload->]Y.||45,913
2025-08-02T16:16:23.011 0100|01|00|0c|f201fe|2007060304810000000e5918[payload->].......Y.||6,233
2025-08-02T16:26:31.402 0100|00|00|05|fa0001|20070659b3[payload->]Y.||45,913
2025-08-02T16:26:31.402 0100|01|00|0c|f201fe|2007060304810000000e5918[payload->].......Y.||6,233
2025-08-02T17:47:42.125 0100|00|00|05|fa0001|20070659b3[payload->]Y.||45,913
2025-08-02T17:47:42.227 0100|01|00|0c|f201fe|2007060304810000000e5918[payload->].......Y.||6,233
2025-08-02T18:18:09.249 0100|00|00|05|fa0001|20070659b3[payload->]Y.||45,913
2025-08-02T18:18:09.350 0100|01|00|0c|f201fe|2007060304810000000e5918[payload->].......Y.||6,233
2025-08-02T19:39:20.587 0100|00|00|05|fa0001|20070659b3[payload->]Y.||45,913
2025-08-02T19:39:20.789 0100|01|00|2c|f201fe|2007060304810000000e59180100000005fa000154190121bb0100010007f701fe5419013c00227b01000000[payload->].......Y.........T..!.........T..<."{....||0,000
2025-08-02T19:49:29.820 0100|00|00|05|fa0001|20070659b3[payload->]Y.||45,913
2025-08-02T19:49:29.921 0100|01|00|0c|f201fe|2007060304810000000e0000[payload->].........||0,000
2025-08-02T19:59:38.942 0100|00|00|05|fa0001|20070659b3[payload->]Y.||45,913
2025-08-02T19:59:39.043 0100|01|00|0c|f201fe|2007060304810000000e5918[payload->].......Y.||6,233
2025-08-02T21:51:14.558 0100|00|00|05|fa0001|20070659b3[payload->]Y.||45,913
2025-08-02T21:51:14.659 0100|01|00|0c|f201fe|2007060304810000000e5918[payload->].......Y.||6,233
2025-08-02T22:01:23.648 0100|00|00|05|fa0001|20070659b3[payload->]Y.||45,913
2025-08-02T22:01:23.749 0100|01|00|0c|f201fe|2007060304810000000e5918[payload->].......Y.||6,233
2025-08-02T22:21:41.635 0100|00|00|05|fa0001|20070659b3[payload->]Y.||45,913
2025-08-02T22:21:41.736 0100|01|00|0c|f201fe|2007060304810000000e5918[payload->].......Y.||6,233
2025-08-02T22:41:59.157 0100|00|00|05|fa0001|20070659b3[payload->]Y.||45,913
2025-08-02T22:41:59.258 0100|01|00|0c|f201fe|2007060304810000000e5918[payload->].......Y.||6,233
2025-08-02T23:02:16.746 0100|00|00|05|fa0001|20070659b3[payload->]Y.||45,913
2025-08-02T23:02:16.847 0100|01|00|0c|f201fe|2007060304810000000e5918[payload->].......Y.||6,233
2025-08-03T01:04:01.887 0100|00|00|05|fa0001|20070659b3[payload->]Y.||45,913
2025-08-03T01:04:01.988 0100|01|00|0c|f201fe|2007060304810000000e5918[payload->].......Y.||6,233
2025-08-03T01:24:19.927 0100|00|00|05|fa0001|20070659b3[payload->]Y.||45,913
2025-08-03T01:34:28.354 0100|01|00|0c|f201fe|2007060304810000000e5918[payload->].......Y.||6,233
2025-08-03T02:15:02.433 0100|00|00|05|fa0001|20070659b3[payload->]Y.||45,913
2025-08-03T02:15:02.433 0100|01|00|0c|f201fe|2007060304810000400e5918[payload->].....@.Y.||6,233
2025-08-03T02:25:11.141 0100|00|00|05|fa0001|20070659b3[payload->]Y.||45,913
2025-08-03T02:25:11.242 0100|01|00|0c|f201fe|2007060304810000000e5918[payload->].......Y.||6,233
2025-08-03T02:45:28.190 0100|00|00|05|fa0001|20070659b3[payload->]Y.||45,913
2025-08-03T02:45:28.291 0100|01|00|0c|f201fe|2007060304810000000e5918[payload->].......Y.||6,233
2025-08-03T03:46:23.661 0100|00|00|05|fa0001|20070659b3[payload->]Y.||45,913
2025-08-03T04:16:49.897 0100|00|00|05|fa0001|20070659b3[payload->]Y.||45,913
2025-08-03T04:16:49.998 0100|01|00|0c|f201fe|2007060304810000000e5918[payload->].......Y.||6,233
2025-08-03T04:26:58.613 0100|00|00|05|fa0001|20070659b3[payload->]Y.||45,913
2025-08-03T04:47:15.778 0100|00|00|05|fa0001|20070659b3[payload->]Y.||45,913
2025-08-03T04:47:15.879 0100|01|00|0c|f201fe|2007060304810000000e5918[payload->].......Y.||6,233
2025-08-03T04:57:25.095 0100|00|00|05|fa0001|20070659b3[payload->]Y.||45,913
2025-08-03T04:57:25.095 0100|01|00|0c|f201fe|2007060304810000000e5918[payload->].......Y.||6,233
2025-08-03T06:08:27.121 0100|00|00|05|fa0001|20070659b3[payload->]Y.||45,913
2025-08-03T06:59:10.780 0100|00|00|05|fa0001|20070659b3[payload->]Y.||45,913
2025-08-03T06:59:10.981 0100|01|00|0c|f201fe|2007060304810000000e5918[payload->].......Y.||6,233
2025-08-03T07:09:20.329 0100|00|00|05|fa0001|20070659b3[payload->]Y.||45,913
2025-08-03T07:29:38.698 0100|00|00|05|fa0001|20070659b3[payload->]Y.||45,913
2025-08-03T07:29:38.698 0100|01|00|0c|f201fe|2007060304810000000e5918[payload->].......Y.||6,233
2025-08-03T07:49:55.863 0100|00|00|05|fa0001|20070659b3[payload->]Y.||45,913
2025-08-03T08:30:29.458 0100|00|00|05|fa0001|20070659b3[payload->]Y.||45,913
2025-08-03T08:30:29.660 0100|01|00|0c|f201fe|2007060304810000000e5918[payload->].......Y.||6,233
2025-08-03T08:50:48.133 0100|00|00|05|fa0001|20070659b3[payload->]Y.||45,913
2025-08-03T08:50:48.234 0100|01|00|0c|f201fe|2007060304810000000e5918[payload->].......Y.||6,233
2025-08-03T09:00:56.730 0100|00|00|05|fa0001|20070659b3[payload->]Y.||45,913
2025-08-03T09:00:56.830 0100|03|00|0e|f201fe|2007060304810000000e59180100[payload->].......Y...||0,001
2025-08-03T09:11:04.473 0100|00|00|05|fa0001|20070659b3[payload->]Y.||45,913
2025-08-03T09:11:04.574 0100|01|00|0c|f201fe|2007060304810000000e5918[payload->].......Y.||6,233
2025-08-03T09:41:30.261 0100|00|00|05|fa0001|20070659b3[payload->]Y.||45,913
2025-08-03T09:41:30.362 0100|01|00|0c|f201fe|2007060304810000000e5918[payload->].......Y.||6,233
2025-08-03T10:01:48.412 0100|00|00|05|fa0001|20070659b3[payload->]Y.||45,913
2025-08-03T10:01:48.513 0100|01|00|0c|f201fe|2007060304810000000e5918[payload->].......Y.||6,233
2025-08-03T10:22:06.060 0100|00|00|05|fa0001|20070659b3[payload->]Y.||45,913
2025-08-03T10:22:06.162 0100|01|00|0c|f201fe|2007060304810000000e5918[payload->].......Y.||6,233
2025-08-03T10:32:14.266 0100|01|00|0c|f201fe|2007060304810000000e5918[payload->].......Y.||6,233
2025-08-03T10:42:23.625 0100|00|00|05|fa0001|20070659b3[payload->]Y.||45,913
2025-08-03T10:42:23.726 0100|01|00|0c|f201fe|2007060304810000000e5918[payload->].......Y.||6,233
2025-08-03T11:02:41.815 0100|00|00|05|fa0001|20070659b3[payload->]Y.||45,913
2025-08-03T11:02:41.916 0100|01|00|0c|f201fe|2007060304810000000e5918[payload->].......Y.||6,233
2025-08-03T11:12:49.824 0100|00|00|05|fa0001|20070659b3[payload->]Y.||45,913
2025-08-03T11:12:49.926 0100|01|00|0c|f201fe|2007060304810000000e5918[payload->].......Y.||6,233
2025-08-03T11:33:08.662 0100|00|00|05|fa0001|20070659b3[payload->]Y.||45,913
2025-08-03T11:33:08.864 0100|01|00|0c|f201fe|2007060304810000000e5918[payload->].......Y.||6,233
2025-08-03T12:03:35.847 0100|01|00|0c|f201fe|2007060304810000000e5918[payload->].......Y.||6,233
2025-08-03T12:13:44.277 0100|00|00|05|fa0001|20070659b3[payload->]Y.||45,913
2025-08-03T12:13:44.378 0100|01|00|0c|f201fe|2007060304810000000e5918[payload->].......Y.||6,233
2025-08-03T12:23:53.164 0100|00|00|05|fa0001|20070659b3[payload->]Y.||45,913
2025-08-03T12:23:53.265 0100|01|00|0c|f201fe|2007060304810000000e5918[payload->].......Y.||6,233
2025-08-03T12:44:11.580 0100|01|00|0c|f201fe|2007060304810000000e5918[payload->].......Y.||6,233
2025-08-03T12:54:20.594 0100|01|00|0c|f201fe|2007060304818400000e5918[payload->].......Y.||6,233
2025-08-03T13:04:29.348 0100|00|00|05|fa0001|20070659b3[payload->]Y.||45,913
2025-08-03T13:04:29.449 0100|01|00|0c|f201fe|2007060304810000000e5918[payload->].......Y.||6,233
2025-08-03T14:05:23.287 0100|00|00|05|fa0001|20070659b3[payload->]Y.||45,913
2025-08-03T14:05:23.388 0100|01|00|0c|f201fe|2007060304810000000e5918[payload->].......Y.||6,233
2025-08-03T14:25:41.344 0100|00|00|05|fa0001|20070659b3[payload->]Y.||45,913
2025-08-03T14:25:41.445 0100|01|00|0c|f201fe|2007060304810000000e5918[payload->].......Y.||6,233
2025-08-03T15:16:24.464 0100|00|00|05|fa0001|20070659b3[payload->]Y.||45,913
2025-08-03T15:16:24.565 0100|01|00|0c|f201fe|2007060304810000000e5918[payload->].......Y.||6,233
2025-08-03T15:26:33.004 0100|00|00|05|fa0001|20070659b3[payload->]Y.||45,913
2025-08-03T15:26:33.106 0100|01|00|0c|f201fe|2007060304810000000e5918[payload->].......Y.||6,233
2025-08-03T15:36:42.465 0100|00|00|05|fa0001|20070659b3[payload->]Y.||45,913
2025-08-03T15:36:42.566 0100|01|00|0c|f201fe|2007060304810000000e5918[payload->].......Y.||6,233
2025-08-03T15:57:00.305 0100|00|00|05|fa0001|20070659b3[payload->]Y.||45,913
2025-08-03T15:57:00.407 0100|01|00|0c|f201fe|2007060304810000000e5918[payload->].......Y.||6,233
2025-08-03T16:37:34.892 0100|00|00|05|fa0001|20070659b3[payload->]Y.||45,913
2025-08-03T16:37:34.993 0100|01|00|0c|f201fe|2007060304810000000e5918[payload->].......Y.||6,233
2025-08-03T16:57:51.986 0100|00|00|05|fa0001|20070659b3[payload->]Y.||45,913
2025-08-03T16:57:52.188 0100|01|00|0c|f201fe|2007060304810000000e5918[payload->].......Y.||6,233
2025-08-03T17:08:00.737 0100|00|00|05|fa0001|20070659b3[payload->]Y.||45,913
2025-08-03T17:08:00.838 0100|01|00|0c|f201fe|2007060304810000000e5918[payload->].......Y.||6,233
2025-08-03T17:18:09.710 0100|00|00|05|fa0001|20070659b3[payload->]Y.||45,913
2025-08-03T17:18:09.911 0100|01|00|0c|f201fe|2007060304810000000e5918[payload->].......Y.||6,233
2025-08-03T18:08:54.180 0100|00|00|05|fa0001|20070659b3[payload->]Y.||45,913
2025-08-03T18:08:54.281 0100|01|00|0c|f201fe|2007060304810000000e5918[payload->].......Y.||6,233
