2025-07-31T12:05:02.688 0100|01|00|07|f701fe|100341ffff859c[payload->]....||40,069
2025-07-31T13:04:12.693 0100|01|00|07|f701fe|100341ffff859c[payload->]....||40,069
2025-07-31T13:38:53.889 0100|01|00|07|f701fe|100341ffff859c[payload->]....||40,069
2025-07-31T13:44:24.640 0100|01|00|07|f701fe|100341ffff859c[payload->]....||40,069
2025-07-31T14:11:05.677 0100|01|00|07|f701fe|100341ffff859c[payload->]....||40,069
2025-08-01T07:27:30.211 0100|01|00|07|f701fe|100341ffff859c[payload->]....||40,069
2025-08-01T09:39:14.478 0100|01|00|07|f701fe|100341ffff859c[payload->]....||40,069
2025-08-01T20:34:51.483 0100|01|00|07|f701fe|100341ffff859c[payload->]....||40,069
2025-08-01T20:57:41.549 0100|01|00|07|f701fe|100341ffff859c[payload->]....||40,069
2025-08-01T21:40:59.513 0100|01|00|07|f701fe|100341ffff859c[payload->]....||40,069
2025-08-02T01:51:58.942 0100|01|00|07|f701fe|100341ffff859c[payload->]....||40,069
2025-08-02T04:55:59.034 0100|01|00|07|f701fe|100341ffff859c[payload->]....||40,069
2025-08-02T05:07:38.179 0100|01|00|07|f701fe|100341ffff859c[payload->]....||40,069
2025-08-02T05:50:24.679 0100|01|00|07|f701fe|100341ffff859e[payload->]....||40,581
2025-08-02T08:56:00.440 0100|01|00|07|f701fe|100341ffffc5dc[payload->]....||56,517
2025-08-02T10:01:19.194 0100|01|00|07|ff43fe|100341ffff859c[payload->]....||40,069
2025-08-02T11:08:44.130 0100|01|00|07|f701fe|100341ffff859c[payload->]....||40,069
2025-08-02T12:25:04.180 0100|01|00|07|f701fe|100341ffffc79c[payload->]....||40,135
2025-08-02T14:45:44.403 0100|01|00|07|f701fe|100341ffff859c[payload->]....||40,069
2025-08-02T17:07:14.291 0100|01|00|07|f701fe|100341ffff859e[payload->]....||40,581
2025-08-02T17:25:24.314 0100|0b|0a|07|f701fe|100341ffff859c[payload->]....||40,069
2025-08-02T22:06:09.699 0100|01|00|07|f701fe|100341ffff8d9c[payload->]....||40,077
2025-08-02T22:22:49.906 0100|01|00|07|f701fe|100341ffff859c[payload->]....||40,069
2025-08-02T23:02:49.676 0100|01|00|07|f701fe|100341ffff859c[payload->]....||40,069
2025-08-03T01:22:27.042 0100|01|00|07|f701fe|100341ffff879c[payload->]....||40,071
2025-08-03T02:10:47.607 0100|01|00|07|f743fe|100341ffff859c[payload->]....||40,069
2025-08-03T02:15:36.997 0100|01|00|07|f701fe|100341ffffc59c[payload->]....||40,133
2025-08-03T02:17:57.532 0100|01|00|07|f701fe|100341ffff859c[payload->]....||40,069
2025-08-03T02:42:48.781 0100|01|02|4f|f703fe|100341ffff859c0100000005fa00013423019fa9010001000bf301fe342301000000000000b8760100000005fa000156100071dd0100010007f701fe561000800c7b20ff010000d0012e0478750100[payload->]............4#...........4#........v........V..q.........V....{ ........xu..||0,001
2025-08-03T02:44:54.454 0100|01|00|07|f701fe|100341ffff859c[payload->]....||40,069
2025-08-03T02:47:17.740 0100|01|00|07|ff4bfe|100341ffff859c[payload->]....||40,069
2025-08-03T03:07:07.908 0100|01|4a|0f|ff03fe|100341ffff859cffffffff01000000[payload->]............||0,000
2025-08-03T03:20:14.249 0100|01|00|07|f701fe|100341ffff859c[payload->]....||40,069
2025-08-03T03:21:57.442 0100|01|00|07|f701fe|100341ffff879c[payload->]....||40,071
2025-08-03T03:37:37.631 0100|01|00|07|f701fe|100341ffff859c[payload->]....||40,069
2025-08-03T03:47:27.670 0100|01|00|07|f701fe|100341ffff879c[payload->]....||40,071
2025-08-03T04:36:27.949 0100|01|00|07|f701fe|100341ffff859c[payload->]....||40,069
2025-08-03T04:58:09.322 0100|01|00|07|f703fe|100341ffff859c[payload->]....||40,069
2025-08-03T04:58:34.265 0100|01|00|07|f701fe|100341ffff859c[payload->]....||40,069
2025-08-03T06:38:28.348 0100|01|00|07|f701fe|100341ffff879c[payload->]....||40,071
2025-08-03T07:07:18.767 0100|01|00|07|f701fe|100341ffffc59c[payload->]....||40,133
2025-08-03T07:12:07.826 0100|01|00|07|f701fe|100341ffff859c[payload->]....||40,069
2025-08-03T07:41:38.679 0100|01|00|07|f701fe|100341ffff879c[payload->]....||40,071
2025-08-03T08:20:38.778 0100|01|00|07|f701fe|100341ffffc59c[payload->]....||40,133
2025-08-03T08:38:28.761 0100|01|00|07|f701fe|100341ffff859c[payload->]....||40,069
2025-08-03T08:58:39.516 0100|01|00|07|f701fe|100341ffff859c[payload->]....||40,069
2025-08-03T09:00:29.565 0100|01|00|07|f701fe|100341ffff859c[payload->]....||40,069
2025-08-03T09:01:09.720 0100|01|00|07|f701fe|100341ffff859c[payload->]....||40,069
2025-08-03T09:09:59.625 0100|01|00|07|f701fe|100341ffff859c[payload->]....||40,069
2025-08-03T11:28:10.233 0100|01|00|07|f701fe|100341ffff859c[payload->]....||40,069
2025-08-03T16:52:29.505 0100|01|00|07|f701fe|100341ffff859c[payload->]....||40,069
2025-08-03T17:42:59.479 0100|01|00|07|f701fe|100341ffff859c[payload->]....||40,069
