2025-07-31T11:12:59.555 0100|01|00|07|f701fe|340a033c00aeff[payload->]<...||65,454
2025-07-31T11:27:59.601 0100|01|00|07|f701fe|340a033c00aeff[payload->]<...||65,454
2025-07-31T13:12:01.357 0100|01|00|07|f701fe|340a033c00aeff[payload->]<...||65,454
2025-07-31T13:49:29.767 0100|01|00|07|f701fe|340a033e00aeff[payload->]>...||65,454
2025-07-31T20:43:45.302 0100|01|00|07|f701fe|340a033c00aeff[payload->]<...||65,454
2025-07-31T20:46:25.314 0100|01|00|07|f701fe|340a033c00aeff[payload->]<...||65,454
2025-07-31T20:49:05.265 0100|01|00|07|f701fe|340a033c00aeff[payload->]<...||65,454
2025-07-31T21:14:45.179 0100|01|00|07|f701fe|340a033e00aeff[payload->]>...||65,454
2025-08-02T07:42:39.024 0100|01|00|07|f701fe|340a033c00aeff[payload->]<...||65,454
2025-08-02T08:24:29.061 0100|01|00|07|f701fe|340a037e40aeff[payload->]~@..||65,454
2025-08-02T08:28:29.051 0100|01|00|07|f701fe|340a037e02aeff[payload->]~...||65,454
2025-08-02T08:29:48.995 0100|01|00|07|f701fe|340a033c00aeff[payload->]<...||65,454
2025-08-02T08:34:49.060 0100|01|00|07|f701fe|340a033c00aeff[payload->]<...||65,454
2025-08-02T08:34:59.052 0100|01|00|07|f701fe|340a033c02aeff[payload->]<...||65,454
2025-08-02T08:49:09.061 0100|01|00|07|f701fe|340a033c00aeff[payload->]<...||65,454
2025-08-02T08:57:19.034 0100|01|00|07|f701fe|340a033e00aeff[payload->]>...||65,454
2025-08-02T09:00:59.021 0100|01|00|07|f701fe|340a033e00eeff[payload->]>...||65,518
2025-08-02T09:09:49.012 0100|01|00|07|f701fe|340a033e42aeff[payload->]>B..||65,454
2025-08-02T10:03:58.991 0100|01|00|07|f701fe|340a033c00aeff[payload->]<...||65,454
2025-08-02T18:34:12.182 0100|01|00|07|f701fe|340a033c00aeff[payload->]<...||65,454
2025-08-03T01:03:56.830 0100|01|00|07|f701fe|340a033c00aeff[payload->]<...||65,454
2025-08-03T15:20:20.330 0100|01|00|07|f701fe|340a033c00aeff[payload->]<...||65,454
