2025-07-30T21:13:36.570 0100|00|e0|07|180001|0315efa43f360c[payload->].?6.||3,126
2025-07-30T21:13:36.671 0100|01|e0|08|160201|0315efa43f018ff7[payload->].?...||63,375
2025-07-30T21:13:36.874 0100|00|e0|07|180401|0315efa43ff649[payload->].?.I||18,934
2025-07-30T21:13:36.874 0100|01|e0|08|160501|0315efa43f0169b6[payload->].?.i.||46,697
2025-07-30T21:13:36.975 0100|00|e0|07|1800ff|0315efa43fe819[payload->].?..||6,632
2025-07-30T21:13:37.077 0100|01|e0|08|1602ff|0315efa43f0140e8[payload->].?.@.||59,456
2025-07-30T21:13:37.381 0100|00|e0|07|1804ff|0315efa43f285c[payload->].?(\||23,592
2025-07-30T21:13:37.482 0100|01|e0|08|1605ff|0315efa43f01a6a9[payload->].?...||43,430
2025-07-30T21:13:37.483 0100|00|e0|07|180001|0315efa43f360c[payload->].?6.||3,126
2025-07-30T21:13:37.584 0100|01|e0|08|160201|0315efa43f018ff7[payload->].?...||63,375
2025-07-30T21:13:41.029 0100|00|e0|07|180001|0315efa43f360c[payload->].?6.||3,126
2025-07-30T21:13:41.130 0100|01|e0|08|160201|0315efa43f018ff7[payload->].?...||63,375
2025-07-30T21:28:06.701 0100|00|e0|07|180001|0315efa43f360c[payload->].?6.||3,126
2025-07-30T21:28:06.701 0100|01|e0|08|160201|0315efa43f018ff7[payload->].?...||63,375
2025-07-30T21:28:07.005 0100|00|e0|07|180401|0315efa43ff649[payload->].?.I||18,934
2025-07-30T21:28:07.005 0100|01|e0|08|160501|0315efa43f0169b6[payload->].?.i.||46,697
2025-07-30T21:28:07.106 0100|00|e0|07|1800ff|0315efa43fe819[payload->].?..||6,632
2025-07-30T21:28:07.207 0100|01|e0|08|1602ff|0315efa43f0140e8[payload->].?.@.||59,456
2025-07-30T21:28:07.511 0100|00|e0|07|1804ff|0315efa43f285c[payload->].?(\||23,592
2025-07-30T21:28:07.613 0100|01|e0|08|1605ff|0315efa43f01a6a9[payload->].?...||43,430
2025-07-30T21:28:07.613 0100|00|e0|07|180001|0315efa43f360c[payload->].?6.||3,126
2025-07-30T21:28:07.714 0100|01|e0|08|160201|0315efa43f018ff7[payload->].?...||63,375
2025-07-30T21:28:11.954 0100|00|e0|07|180001|0315efa43f360c[payload->].?6.||3,126
2025-07-30T21:28:12.055 0100|01|e0|08|160201|0315efa43f018ff7[payload->].?...||63,375
2025-07-30T21:51:16.419 0100|00|e0|07|180001|0315efa43f360c[payload->].?6.||3,126
2025-07-30T21:51:16.420 0100|01|e0|08|160201|0315efa43f018ff7[payload->].?...||63,375
2025-07-30T21:51:16.622 0100|00|e0|07|180401|0315efa43ff649[payload->].?.I||18,934
2025-07-30T21:51:16.824 0100|01|e0|08|160501|0315efa43f0169b6[payload->].?.i.||46,697
2025-07-30T21:51:16.825 0100|00|e0|07|1800ff|0315efa43fe819[payload->].?..||6,632
2025-07-30T21:51:16.926 0100|01|e0|08|1602ff|0315efa43f0140e8[payload->].?.@.||59,456
2025-07-30T21:51:17.230 0100|00|e0|07|1804ff|0315efa43f285c[payload->].?(\||23,592
2025-07-30T21:51:17.331 0100|01|e0|08|1605ff|0315efa43f01a6a9[payload->].?...||43,430
2025-07-30T21:51:17.332 0100|00|e0|07|180001|0315efa43f360c[payload->].?6.||3,126
2025-07-30T21:51:17.433 0100|01|e0|08|160201|0315efa43f018ff7[payload->].?...||63,375
2025-07-30T21:51:21.071 0100|00|e0|07|180001|0315efa43f360c[payload->].?6.||3,126
2025-07-30T21:51:21.071 0100|01|e0|08|160201|0315efa43f018ff7[payload->].?...||63,375
2025-07-30T23:47:18.698 0100|00|e0|07|180001|0315efa43f360c[payload->].?6.||3,126
2025-07-30T23:47:18.799 0100|01|e0|08|160201|0315efa43f018ff7[payload->].?...||63,375
2025-07-30T23:47:19.103 0100|00|e0|07|180401|0315efa43ff649[payload->].?.I||18,934
2025-07-30T23:47:19.304 0100|01|e0|08|160501|0315efa43f0169b6[payload->].?.i.||46,697
2025-07-30T23:47:19.305 0100|00|e0|07|1800ff|0315efa43fe819[payload->].?..||6,632
2025-07-30T23:47:19.406 0100|01|e0|08|1602ff|0315efa43f0140e8[payload->].?.@.||59,456
2025-07-30T23:47:19.710 0100|00|e0|07|1804ff|0315efa43f285c[payload->].?(\||23,592
2025-07-30T23:47:19.710 0100|01|e0|08|1605ff|0315efa43f01a6a9[payload->].?...||43,430
2025-07-30T23:47:19.812 0100|00|e0|07|180001|0315efa43f360c[payload->].?6.||3,126
2025-07-30T23:47:19.913 0100|01|e0|08|160201|0315efa43f018ff7[payload->].?...||63,375
2025-07-30T23:47:23.651 0100|00|e0|07|180001|0315efa43f360c[payload->].?6.||3,126
2025-07-30T23:47:23.752 0100|01|e0|08|160201|0315efa43f018ff7[payload->].?...||63,375
2025-07-31T02:21:46.161 0100|00|e0|07|180001|0315efa43f360c[payload->].?6.||3,126
2025-07-31T02:21:46.262 0100|01|e0|08|160201|0315efa43f018ff7[payload->].?...||63,375
2025-07-31T02:21:46.464 0100|00|e0|07|180401|0315efa43ff649[payload->].?.I||18,934
2025-07-31T02:21:46.465 0100|01|e0|08|160501|0315efa43f0169b6[payload->].?.i.||46,697
2025-07-31T02:21:46.566 0100|00|e0|07|1800ff|0315efa43fe819[payload->].?..||6,632
2025-07-31T02:21:46.667 0100|01|e0|08|1602ff|0315efa43f0140e8[payload->].?.@.||59,456
2025-07-31T02:21:46.971 0100|00|e0|07|1804ff|0315efa43f285c[payload->].?(\||23,592
2025-07-31T02:21:47.073 0100|01|e0|08|1605fe|0315efa43f01a6a9[payload->].?...||43,430
2025-07-31T02:21:47.073 0100|00|e0|07|180001|0315efa43f360c[payload->].?6.||3,126
2025-07-31T02:21:47.174 0100|01|e0|08|160201|0315efa43f018ff7[payload->].?...||63,375
2025-07-31T02:21:50.724 0100|00|e0|07|180001|0315efa43f360c[payload->].?6.||3,126
2025-07-31T02:21:50.825 0100|01|e0|08|160201|0315efa43f018ff7[payload->].?...||63,375
2025-07-31T03:07:39.896 0100|00|e0|07|180001|0315efa43f360c[payload->].?6.||3,126
2025-07-31T03:07:39.998 0100|01|e0|08|160201|0315efa43f018ff7[payload->].?...||63,375
2025-07-31T03:07:40.200 0100|00|e0|07|180401|0315efa43ff649[payload->].?.I||18,934
2025-07-31T03:07:40.201 0100|01|e0|08|160501|0315efa43f0169b6[payload->].?.i.||46,697
2025-07-31T03:07:40.302 0100|00|e0|07|1800ff|0315efa43fe819[payload->].?..||6,632
2025-07-31T03:07:40.403 0100|01|e0|08|1602ff|0315efa43f0140e8[payload->].?.@.||59,456
2025-07-31T03:07:40.707 0100|00|e0|07|1804ff|0315efa43f285c[payload->].?(\||23,592
2025-07-31T03:07:40.708 0100|01|e0|08|1605ff|0315efa43f01a6a9[payload->].?...||43,430
2025-07-31T03:07:40.809 0100|00|e0|07|180001|0315efa43f360c[payload->].?6.||3,126
2025-07-31T03:07:40.910 0100|01|e0|08|160201|0315efa43f018ff7[payload->].?...||63,375
2025-07-31T03:07:44.548 0100|00|e0|07|180001|0315efa43f360c[payload->].?6.||3,126
2025-07-31T04:38:47.884 0100|00|e0|07|180001|0315efa43f360c[payload->].?6.||3,126
2025-07-31T04:38:47.985 0100|01|e0|08|160201|0315efa43f018ff7[payload->].?...||63,375
2025-07-31T04:38:48.188 0100|00|e0|07|180401|0315efa43ff649[payload->].?.I||18,934
2025-07-31T04:38:48.189 0100|01|e0|08|160501|0315efa43f0169b6[payload->].?.i.||46,697
2025-07-31T04:38:48.290 0100|00|e0|07|1800ff|0315efa43fe819[payload->].?..||6,632
2025-07-31T04:38:48.391 0100|01|e0|08|1602ff|0315efa43f0140e8[payload->].?.@.||59,456
2025-07-31T04:38:48.796 0100|00|e0|07|1804ff|0315efa43f285c[payload->].?(\||23,592
2025-07-31T04:38:48.897 0100|01|e0|08|1605ff|0315efa43f01a6a9[payload->].?...||43,430
2025-07-31T04:38:48.897 0100|00|e0|07|180001|0315efa43f360c[payload->].?6.||3,126
2025-07-31T04:38:48.998 0100|01|e0|08|160201|0315efa43f018ff7[payload->].?...||63,375
2025-07-31T04:38:52.430 0100|00|e0|07|180001|0315efa43f360c[payload->].?6.||3,126
2025-07-31T04:38:52.532 0100|01|e0|08|160201|0315efa43f018ff7[payload->].?...||63,375
2025-07-31T04:51:11.560 0100|00|e0|07|1800ff|0315efa43fe819[payload->].?..||6,632
2025-07-31T04:51:11.661 0100|01|e0|08|9602ff|0315efa43f0140e8[payload->].?.@.||59,456
2025-07-31T04:51:11.965 0100|00|e0|07|1804ff|0315efa43f285c[payload->].?(\||23,592
2025-07-31T04:51:12.067 0100|01|e0|08|1605ff|0315efa43f01a6a9[payload->].?...||43,430
2025-07-31T04:51:12.067 0100|00|e0|07|180001|0315efa43f360c[payload->].?6.||3,126
2025-07-31T04:51:12.168 0100|01|e0|08|160201|0315efa43f018ff7[payload->].?...||63,375
2025-07-31T06:24:55.726 0100|00|e0|07|1800ff|0315efa43fe819[payload->].?..||6,632
2025-07-31T06:24:55.827 0100|01|e0|08|1602ff|0315efa43f0140e8[payload->].?.@.||59,456
2025-07-31T06:24:56.030 0100|00|e0|07|1804ff|0315efa43f285c[payload->].?(\||23,592
2025-07-31T06:24:56.131 0100|01|e0|08|1605ff|0315efa43f01a6a9[payload->].?...||43,430
2025-07-31T06:24:56.232 0100|00|e0|07|180001|0315efa43f360c[payload->].?6.||3,126
2025-07-31T06:24:56.233 0100|01|e0|08|160201|0315efa43f018ff7[payload->].?...||63,375
2025-07-31T08:39:24.173 0100|00|e0|07|180001|0315efa43f360c[payload->].?6.||3,126
2025-07-31T08:39:24.274 0100|01|e0|08|160201|0315efa43f018ff7[payload->].?...||63,375
2025-07-31T08:39:24.677 0100|00|e0|07|180401|0315efa43ff649[payload->].?.I||18,934
2025-07-31T08:39:24.778 0100|01|e0|08|160501|0315efa43f0169b6[payload->].?.i.||46,697
2025-07-31T08:39:24.879 0100|00|e0|07|1800ff|0315efa43fe819[payload->].?..||6,632
2025-07-31T08:39:25.484 0100|01|e0|48|1602ff|0315efa43f0140e80100000005fa00ff4008019dc60100010006f801fe4008010193d20100000005fa00ff200102d2800100010007f701fe20010215001922010000e0071804ff03[payload->].?.@.........@............@............. ............ .....".........||1,023
2025-07-31T08:39:25.585 0100|01|e0|08|1605ff|0315efa43f01a6a9[payload->].?...||43,430
2025-07-31T08:39:25.687 0100|00|e0|07|180001|0315efa43f360c[payload->].?6.||3,126
2025-07-31T08:39:25.687 0100|01|e0|08|160201|0315efa43f018ff7[payload->].?...||63,375
2025-07-31T08:39:30.339 0100|00|e0|07|180001|0315efa43f360c[payload->].?6.||3,126
2025-07-31T09:14:12.273 0100|00|e0|07|180001|0315efa43f360c[payload->].?6.||3,126
2025-07-31T09:14:12.274 0100|01|e0|08|160201|0315efa43f018ff7[payload->].?...||63,375
2025-07-31T09:14:12.677 0100|00|e0|07|180401|0315efa43ff649[payload->].?.I||18,934
2025-07-31T09:14:12.678 0100|01|e0|08|160501|0315efa43f0169b6[payload->].?.i.||46,697
2025-07-31T09:14:12.779 0100|00|e0|07|1800ff|0315efa43fe819[payload->].?..||6,632
2025-07-31T09:14:12.880 0100|01|e0|08|1602ff|0315efa43f0140e8[payload->].?.@.||59,456
2025-07-31T09:14:13.189 0100|00|e0|07|1804ff|0315efa43f285c[payload->].?(\||23,592
2025-07-31T09:14:13.189 0100|01|e0|08|1605ff|0315efa43f01a6a9[payload->].?...||43,430
2025-07-31T09:14:13.290 0100|00|e0|07|180001|0315efa43f360c[payload->].?6.||3,126
2025-07-31T09:14:13.291 0100|01|e0|08|160201|0315ef843f018ff7[payload->].?...||63,375
2025-07-31T09:14:17.546 0100|00|e0|07|180001|0315efa43f360c[payload->].?6.||3,126
2025-07-31T09:14:17.546 0100|01|e0|08|160201|0315efa43f018ff7[payload->].?...||63,375
2025-07-31T09:20:28.567 0100|00|e0|07|180001|0315efa43f360c[payload->].?6.||3,126
2025-07-31T09:20:28.669 0100|01|e0|08|160201|0315efa43f018ff7[payload->].?...||63,375
2025-07-31T09:20:28.871 0100|00|e0|07|180401|0315efa43ff649[payload->].?.I||18,934
2025-07-31T09:20:28.872 0100|01|e0|08|160501|0315efa43f0169b6[payload->].?.i.||46,697
2025-07-31T09:20:28.973 0100|00|e0|07|1800ff|0315efa43fe819[payload->].?..||6,632
2025-07-31T09:20:29.074 0100|01|e0|08|1602ff|0315efa43f0140e8[payload->].?.@.||59,456
2025-07-31T09:20:29.378 0100|00|e0|07|1804ff|0315efa43f285c[payload->].?(\||23,592
2025-07-31T09:20:29.379 0100|01|e0|08|1605ff|0315efa43f01a6a9[payload->].?...||43,430
2025-07-31T09:20:29.480 0100|00|e0|07|180001|0315efa43f360c[payload->].?6.||3,126
2025-07-31T09:20:29.581 0100|01|e0|08|160201|0315efa43f018ff7[payload->].?...||63,375
2025-07-31T09:20:34.447 0100|00|e0|07|180001|0315efa43f360c[payload->].?6.||3,126
2025-07-31T09:20:34.548 0100|01|e0|08|160201|0315efa43f018ff7[payload->].?...||63,375
2025-07-31T10:13:27.184 0100|00|e0|07|180001|0315efa43f360c[payload->].?6.||3,126
2025-07-31T10:13:27.285 0100|01|e0|08|160201|0315efa43f018ff7[payload->].?...||63,375
2025-07-31T10:13:27.488 0100|00|e0|07|180401|0315efa43ff649[payload->].?.I||18,934
2025-07-31T10:13:27.790 0100|01|e0|08|160501|0315efa43f0169b6[payload->].?.i.||46,697
2025-07-31T10:13:27.891 0100|00|e0|07|1800ff|0315efa43fe819[payload->].?..||6,632
2025-07-31T10:13:27.892 0100|01|e0|08|1602ff|0315efa43f0140e8[payload->].?.@.||59,456
2025-07-31T10:13:28.398 0100|00|e0|07|1804ff|0315efa43f285c[payload->].?(\||23,592
2025-07-31T10:13:28.499 0100|01|e0|08|1605ff|0315efa43f01a6a9[payload->].?...||43,430
2025-07-31T10:13:28.600 0100|00|e0|07|180001|0315efa43f360c[payload->].?6.||3,126
2025-07-31T10:13:28.601 0100|01|e0|08|160201|0315efa43f018ff7[payload->].?...||63,375
2025-07-31T10:13:31.532 0100|00|e0|07|180001|0315efa43f360c[payload->].?6.||3,126
2025-07-31T10:13:31.633 0100|01|e0|08|160201|0315efa43f018ff7[payload->].?...||63,375
2025-07-31T10:27:28.682 0100|00|e0|07|180001|0315efa43f360c[payload->].?6.||3,126
2025-07-31T10:27:28.783 0100|01|e0|08|160201|0315efa43f018ff7[payload->].?...||63,375
2025-07-31T10:27:28.885 0100|00|e0|07|180401|0315efa43ff649[payload->].?.I||18,934
2025-07-31T10:27:28.986 0100|01|e0|08|160501|0315efa43f0169b6[payload->].?.i.||46,697
2025-07-31T10:27:29.087 0100|00|e0|07|1800ff|0315efa43fe819[payload->].?..||6,632
2025-07-31T10:27:29.088 0100|01|e0|08|1602ff|0315efa43f0140e8[payload->].?.@.||59,456
2025-07-31T10:27:29.391 0100|00|e0|07|1804ff|0315efa43f285c[payload->].?(\||23,592
2025-07-31T10:27:29.492 0100|01|e0|08|1605ff|0315efa43f01a6a9[payload->].?...||43,430
2025-07-31T10:27:29.593 0100|00|e0|07|180001|0315efa43f360c[payload->].?6.||3,126
2025-07-31T10:27:29.593 0100|01|e0|08|160201|0315efa43f018ff7[payload->].?...||63,375
2025-07-31T10:27:33.532 0100|00|e0|07|180001|0315efa43f360c[payload->].?6.||3,126
2025-07-31T10:27:33.633 0100|01|e0|08|160201|0315efa43f018ff7[payload->].?...||63,375
2025-07-31T11:19:32.151 0100|00|e0|07|180001|0315efa43f360c[payload->].?6.||3,126
2025-07-31T11:19:32.253 0100|01|e0|08|160201|0315efa43f018ff7[payload->].?...||63,375
2025-07-31T11:19:32.354 0100|00|e0|07|180401|0315efa43ff649[payload->].?.I||18,934
2025-07-31T11:19:32.455 0100|01|e0|08|160501|0315efa43f0169b6[payload->].?.i.||46,697
2025-07-31T11:19:32.556 0100|00|e0|07|1800ff|0315efa43fe819[payload->].?..||6,632
2025-07-31T11:19:32.556 0100|01|e0|08|1602ff|0315efa43f0140e8[payload->].?.@.||59,456
2025-07-31T11:19:32.861 0100|00|e0|07|1804ff|0315efa43f285c[payload->].?(\||23,592
2025-07-31T11:19:32.962 0100|01|e0|08|1605ff|0315efa43f01a6a9[payload->].?...||43,430
2025-07-31T11:19:33.063 0100|00|e0|07|180001|0315efa43f360c[payload->].?6.||3,126
2025-07-31T11:19:33.063 0100|01|e0|08|160201|0315efa43f018ff7[payload->].?...||63,375
2025-07-31T11:19:38.420 0100|00|e0|07|180001|0315efa43f360c[payload->].?6.||3,126
2025-07-31T11:19:38.521 0100|01|e0|08|160201|0315efa43f018ff7[payload->].?...||63,375
2025-07-31T12:37:59.400 0100|00|e0|07|180001|0315efa43f360c[payload->].?6.||3,126
2025-07-31T12:37:59.400 0100|01|e0|08|160201|0315efa43f018ff7[payload->].?...||63,375
2025-07-31T12:37:59.602 0100|00|e0|07|180401|0315efa43ff649[payload->].?.I||18,934
2025-07-31T12:37:59.704 0100|01|e0|08|160501|0315efa43f0169b6[payload->].?.i.||46,697
2025-07-31T12:37:59.704 0100|00|e0|07|1800ff|0315efa43fe819[payload->].?..||6,632
2025-07-31T12:37:59.805 0100|01|e0|08|1602ff|0315efa43f0140e8[payload->].?.@.||59,456
2025-07-31T12:38:00.110 0100|00|e0|07|1804ff|0315efa43f285c[payload->].?(\||23,592
2025-07-31T12:38:00.211 0100|01|e0|08|1605ff|0315efa43f01a6a9[payload->].?...||43,430
2025-07-31T12:38:00.312 0100|00|e0|07|180001|0315efa43f360c[payload->].?6.||3,126
2025-07-31T12:38:00.414 0100|01|e0|08|160201|0315efa43f018ff7[payload->].?...||63,375
2025-07-31T12:38:04.758 0100|00|e0|07|180001|0315efa43f360c[payload->].?6.||3,126
2025-07-31T12:38:04.759 0100|01|e0|08|160201|0315efa43f018ff7[payload->].?...||63,375
2025-07-31T13:03:18.444 0100|00|e0|07|180001|0315efa43f360c[payload->].?6.||3,126
2025-07-31T13:03:18.545 0100|01|e0|08|160201|0315efa43f018ff7[payload->].?...||63,375
2025-07-31T13:03:18.848 0100|00|e0|07|180401|0315efa43ff649[payload->].?.I||18,934
2025-07-31T13:03:18.950 0100|01|e0|08|160501|0315efa43f0169b6[payload->].?.i.||46,697
2025-07-31T13:03:19.051 0100|00|e0|07|1800ff|0315efa43fe819[payload->].?..||6,632
2025-07-31T13:03:19.152 0100|01|e0|08|1602ff|0315efa43f0140e8[payload->].?.@.||59,456
2025-07-31T13:03:19.355 0100|00|e0|07|1804ff|0315efa43f285c[payload->].?(\||23,592
2025-07-31T13:03:19.456 0100|01|e0|08|1605ff|0315efa43f01a6a9[payload->].?...||43,430
2025-07-31T13:03:19.557 0100|00|e0|07|180001|0315efa43f360c[payload->].?6.||3,126
2025-07-31T13:03:19.658 0100|01|e0|08|160201|0315efa43f018ff7[payload->].?...||63,375
2025-07-31T13:03:23.202 0100|00|e0|07|180001|0315efa43f360c[payload->].?6.||3,126
2025-07-31T13:03:23.303 0100|01|e0|08|160201|0315efa43f018ff7[payload->].?...||63,375
2025-07-31T13:31:57.223 0100|00|e0|07|1800ff|0315efa43fe819[payload->].?..||6,632
2025-07-31T13:31:57.324 0100|01|e0|08|1602ff|0315efa43f0140e8[payload->].?.@.||59,456
2025-07-31T13:31:57.729 0100|00|e0|07|1804ff|0315efa43f285c[payload->].?(\||23,592
2025-07-31T13:31:57.729 0100|01|e0|08|1605ff|0315efa43f01a6a9[payload->].?...||43,430
2025-07-31T13:31:57.830 0100|00|e0|07|180001|0315efa43f360c[payload->].?6.||3,126
2025-07-31T13:31:57.831 0100|01|e0|08|160201|0315efa43f018ff7[payload->].?...||63,375
2025-07-31T13:36:11.235 0100|00|e0|07|180001|0315efa43f360c[payload->].?6.||3,126
2025-07-31T13:36:11.336 0100|01|e0|08|160201|0315efa43f018ff7[payload->].?...||63,375
2025-07-31T13:36:11.538 0100|00|e0|07|180401|0315efa43ff649[payload->].?.I||18,934
2025-07-31T13:36:11.639 0100|01|e0|08|160501|0315efa43f0169b6[payload->].?.i.||46,697
2025-07-31T13:36:11.640 0100|00|e0|07|1800ff|0315efa43fe819[payload->].?..||6,632
2025-07-31T13:36:11.741 0100|01|e0|08|1602ff|0315efa43f0140e8[payload->].?.@.||59,456
2025-07-31T13:36:12.247 0100|00|e0|07|1804ff|0315efa43f285c[payload->].?(\||23,592
2025-07-31T13:36:12.247 0100|01|e0|08|1605ff|0315efa43f01a6a9[payload->].?...||43,430
2025-07-31T13:36:12.349 0100|00|e0|07|180001|0315efa43f360c[payload->].?6.||3,126
2025-07-31T13:36:12.450 0100|01|e0|08|160201|0315efa43f018ff7[payload->].?...||63,375
2025-07-31T13:36:17.503 0100|00|e0|07|180001|0315efa43f360c[payload->].?6.||3,126
2025-07-31T13:36:17.503 0100|01|e0|08|160201|0315efa43f018ff7[payload->].?...||63,375
2025-07-31T14:20:44.663 0100|00|e0|07|180001|0315efa43f360c[payload->].?6.||3,126
2025-07-31T14:20:44.664 0100|01|e0|08|160201|0315efa43f018ff7[payload->].?...||63,375
2025-07-31T14:20:44.866 0100|00|e0|07|180401|0315efa43ff649[payload->].?.I||18,934
2025-07-31T14:20:44.968 0100|01|e0|08|160501|0315efa43f0169b6[payload->].?.i.||46,697
2025-07-31T14:20:44.968 0100|00|e0|07|1800ff|0315efa43fe819[payload->].?..||6,632
2025-07-31T14:20:45.069 0100|01|e0|08|1602ff|0315efa43f0140e8[payload->].?.@.||59,456
2025-07-31T14:20:45.373 0100|00|e0|07|1804ff|0315efa43f285c[payload->].?(\||23,592
2025-07-31T14:20:45.474 0100|01|e0|08|1605ff|0315efa43f01a6a9[payload->].?...||43,430
2025-07-31T14:20:45.475 0100|00|e0|07|180001|0315efa43f360c[payload->].?6.||3,126
2025-07-31T14:20:45.576 0100|01|e0|08|160201|0315efa43f018ff7[payload->].?...||63,375
2025-07-31T14:20:49.923 0100|00|e0|07|180001|0315efa43f360c[payload->].?6.||3,126
2025-07-31T14:20:50.024 0100|01|e0|08|160201|0315efa43f018ff7[payload->].?...||63,375
2025-07-31T15:19:22.006 0100|00|e0|07|180001|0315efa43f360c[payload->].?6.||3,126
2025-07-31T15:19:22.107 0100|01|e0|08|160201|0315efa43f018ff7[payload->].?...||63,375
2025-07-31T15:19:22.209 0100|00|e0|07|180401|0315efa43ff649[payload->].?.I||18,934
2025-07-31T15:19:22.310 0100|01|e0|08|160501|0315efa43f0169b6[payload->].?.i.||46,697
2025-07-31T15:19:22.411 0100|00|e0|07|1800ff|0315efa43fe819[payload->].?..||6,632
2025-07-31T15:19:22.412 0100|01|e0|08|1602ff|0315efa43f0140e8[payload->].?.@.||59,456
2025-07-31T15:19:22.817 0100|00|e0|07|1804ff|0315efa43f285c[payload->].?(\||23,592
2025-07-31T15:19:22.817 0100|01|e0|08|1605ff|0315efa43f01a6a9[payload->].?...||43,430
2025-07-31T15:19:22.918 0100|00|e0|07|180001|0315efa43f360c[payload->].?6.||3,126
2025-07-31T15:19:23.020 0100|01|e0|08|160201|0315efa43f018ff7[payload->].?...||63,375
2025-07-31T15:24:19.642 0100|00|e0|07|180001|0315efa43f360c[payload->].?6.||3,126
2025-07-31T15:24:19.744 0100|01|e0|08|160201|0315efa43f018ff7[payload->].?...||63,375
2025-07-31T15:24:19.946 0100|00|e0|07|180401|0315efa43ff649[payload->].?.I||18,934
2025-07-31T15:24:20.047 0100|01|e0|08|160501|0315efa43f0169b6[payload->].?.i.||46,697
2025-07-31T15:24:20.149 0100|00|e0|07|1800ff|0315efa43fe819[payload->].?..||6,632
2025-07-31T15:24:20.149 0100|01|e0|08|1602ff|0315efa43f0140e8[payload->].?.@.||59,456
2025-07-31T15:24:20.453 0100|00|e0|07|1804ff|0315efa43f285c[payload->].?(\||23,592
2025-07-31T15:24:20.554 0100|01|e0|08|1605ff|0315efa43f01a6a9[payload->].?...||43,430
2025-07-31T15:24:20.554 0100|00|c0|07|180001|0315efa43f360c[payload->].?6.||3,126
2025-07-31T15:24:20.655 0100|01|e0|08|160201|0315efa43f018ff7[payload->].?...||63,375
2025-07-31T15:24:23.483 0100|00|e0|07|180001|0315efa43f360c[payload->].?6.||3,126
2025-07-31T15:24:23.484 0100|01|e0|08|160201|0315efa43f018ff7[payload->].?...||63,375
2025-07-31T15:47:54.614 0100|00|e0|07|180001|0315efa43f360c[payload->].?6.||3,126
2025-07-31T15:47:54.615 0100|01|e0|08|160201|0315efa43f018ff7[payload->].?...||63,375
2025-07-31T15:47:54.817 0100|00|e0|07|180401|0315efa43ff649[payload->].?.I||18,934
2025-07-31T15:47:54.918 0100|00|e0|07|1800ff|0315efa43fe819[payload->].?..||6,632
2025-07-31T15:47:55.019 0100|01|e0|08|1602ff|0315efa43f0140e8[payload->].?.@.||59,456
2025-07-31T15:47:55.323 0100|00|e0|07|1800ff|0315efa43f285c[payload->].?(\||23,592
2025-07-31T15:47:55.424 0100|01|e0|08|1605ff|0315efa43f01a6a9[payload->].?...||43,430
2025-07-31T15:47:55.525 0100|00|e0|07|180001|0315efa43f360c[payload->].?6.||3,126
2025-07-31T15:47:55.526 0100|01|e0|08|160201|0315efa43f018ff7[payload->].?...||63,375
2025-07-31T15:48:00.074 0100|00|e0|07|180001|0315efa43f360c[payload->].?6.||3,126
2025-07-31T15:48:00.075 0100|01|e0|08|160201|0315efa43f018ff7[payload->].?...||63,375
2025-07-31T18:11:27.802 0100|00|e0|07|1800ff|0315efa43fe819[payload->].?..||6,632
2025-07-31T18:11:27.903 0100|01|e0|08|1602ff|0315efa43f0140e8[payload->].?.@.||59,456
2025-07-31T18:11:28.210 0100|00|e0|07|1804ff|0315efa43f285c[payload->].?(\||23,592
2025-07-31T18:11:28.312 0100|01|e0|08|1605ff|0315efa43f01a6a9[payload->].?...||43,430
2025-07-31T18:11:28.312 0100|00|e0|07|180001|0315efa43f360c[payload->].?6.||3,126
2025-07-31T18:11:28.413 0100|01|e0|08|160201|0315efa43f018ff7[payload->].?...||63,375
2025-07-31T18:47:08.650 0100|00|e0|07|180001|0315efa43f360c[payload->].?6.||3,126
2025-07-31T18:47:08.751 0100|01|e0|08|160201|0315efa43f018ff7[payload->].?...||63,375
2025-07-31T18:47:08.954 0100|00|e0|07|180401|0315efa43ff649[payload->].?.I||18,934
2025-07-31T18:47:09.156 0100|01|e0|08|160501|0315efa43f0169b6[payload->].?.i.||46,697
2025-07-31T18:47:09.156 0100|00|e0|07|1800ff|0315efa43fe819[payload->].?..||6,632
2025-07-31T18:47:09.257 0100|01|e0|08|1602ff|0315efa43f0140e8[payload->].?.@.||59,456
2025-07-31T18:47:13.604 0100|00|e0|07|180001|0315efa43f360c[payload->].?6.||3,126
2025-07-31T18:47:13.604 0100|01|e0|08|160201|0315efa43f018ff7[payload->].?...||63,375
2025-07-31T23:01:37.640 0100|00|e0|07|1800ff|0315efa43fe819[payload->].?..||6,632
2025-07-31T23:01:38.245 0100|01|e0|88|1602ff|0315efa43f0140e80100000005fa00ff4008019dc60100010006f801fe4008010193d20100000005fa00ff200102d2800100010007f701fe20010215001922ffffff010000e0071804ff0315efa43f285c010001e0081605ff0315efa43f01a6a9010000e0071800010315efa43f360c010001e0081602010315efa43f018ff70100000005fa0001[payload->].?.@.........@............@............. ............ ....."...............?(\............?...............?6.............?...........||0,256
2025-07-31T23:25:08.769 0100|00|e0|07|180001|0315efa43f360c[payload->].?6.||3,126
2025-07-31T23:25:08.769 0100|01|e0|08|160201|0315efa43f018ff7[payload->].?...||63,375
2025-07-31T23:25:08.972 0100|00|e0|07|180401|0315efa43ff649[payload->].?.I||18,934
2025-07-31T23:25:09.073 0100|01|e0|08|160501|0315efa43f0169b6[payload->].?.i.||46,697
2025-07-31T23:25:09.073 0100|00|e0|07|1800ff|0315efa43fe819[payload->].?..||6,632
2025-07-31T23:25:09.175 0100|01|e0|08|1602ff|0315efa43f0140e8[payload->].?.@.||59,456
2025-07-31T23:25:09.479 0100|00|e0|07|1804ff|0315efa43f285c[payload->].?(\||23,592
2025-07-31T23:25:09.580 0100|01|e0|08|1605ff|0315efa43f01a6a9[payload->].?...||43,430
2025-07-31T23:25:09.580 0100|00|e0|07|180001|0315efa43f360c[payload->].?6.||3,126
2025-07-31T23:25:09.682 0100|01|e0|08|160201|0315efa43f018ff7[payload->].?...||63,375
2025-07-31T23:25:13.514 0100|00|e0|07|180001|0315efa43f360c[payload->].?6.||3,126
2025-07-31T23:25:13.615 0100|01|e0|08|160201|0315efa43f018ff7[payload->].?...||63,375
2025-07-31T23:43:50.735 0100|00|e0|07|180001|0315efa43f360c[payload->].?6.||3,126
2025-07-31T23:43:50.836 0100|01|e0|08|160201|0315efa43f018ff6[payload->].?...||63,119
2025-07-31T23:43:51.039 0100|00|e0|07|180401|0315efa43ff649[payload->].?.I||18,934
2025-07-31T23:43:51.140 0100|01|e0|08|160501|0315efa43f0169b6[payload->].?.i.||46,697
2025-07-31T23:43:51.141 0100|00|e0|07|1800ff|0315efa43fe819[payload->].?..||6,632
2025-07-31T23:43:51.242 0100|01|e0|08|1602ff|0315efa43f0140e8[payload->].?.@.||59,456
2025-07-31T23:43:51.546 0100|00|e0|07|1804ff|0315efa43f285c[payload->].?(\||23,592
2025-07-31T23:43:51.547 0100|01|e0|08|1605ff|0315efa43f01a6a9[payload->].?...||43,430
2025-07-31T23:43:51.648 0100|00|e0|07|180001|0315efa43f360c[payload->].?6.||3,126
2025-07-31T23:43:51.749 0100|01|e0|08|160201|0315efa43f018ff7[payload->].?...||63,375
2025-07-31T23:43:56.293 0100|00|e0|07|180001|0315efa43f360c[payload->].?6.||3,126
2025-07-31T23:43:56.394 0100|01|e0|08|160201|0315efa43f018ff7[payload->].?...||63,375
2025-08-01T01:51:19.439 0100|00|e0|07|180001|0315efa43f360c[payload->].?6.||3,126
2025-08-01T01:51:19.541 0100|01|e0|08|160201|0315efa43f018ff7[payload->].?...||63,375
2025-08-01T01:51:19.743 0100|00|e0|07|180401|0315efa43ff649[payload->].?.I||18,934
2025-08-01T01:51:19.845 0100|01|e0|08|160501|0315efa43f0169b6[payload->].?.i.||46,697
2025-08-01T01:51:19.845 0100|00|e0|07|1800ff|0315efa43fe819[payload->].?..||6,632
2025-08-01T01:51:19.946 0100|01|e0|08|1602ff|0315efa43f0140e8[payload->].?.@.||59,456
2025-08-01T01:51:20.250 0100|00|e0|07|1804ff|0315efa43f285c[payload->].?(\||23,592
2025-08-01T01:51:20.251 0100|01|e0|08|1605ff|0315efa43f01a6a9[payload->].?...||43,430
2025-08-01T01:51:20.352 0100|00|e0|07|180001|0315efa43f360c[payload->].?6.||3,126
2025-08-01T01:51:20.454 0100|01|e0|08|160201|0315efa43f018ff7[payload->].?...||63,375
2025-08-01T01:51:23.588 0100|00|e0|07|180001|0315efa43f360c[payload->].?6.||3,126
2025-08-01T01:51:23.689 0100|01|e0|08|160201|0315efa43f018ff7[payload->].?...||63,375
2025-08-01T04:00:52.455 0100|00|e0|07|180001|0315efa43f360c[payload->].?6.||3,126
2025-08-01T04:00:52.557 0100|01|e0|08|160201|0315efa43f018ff7[payload->].?...||63,375
2025-08-01T04:00:52.759 0100|00|e0|07|180401|0315efa43ff649[payload->].?.I||18,934
2025-08-01T04:00:52.760 0100|01|e0|08|160501|0315efa43f0169b6[payload->].?.i.||46,697
2025-08-01T04:00:52.861 0100|00|e0|07|1800ff|0315efa43fe819[payload->].?..||6,632
2025-08-01T04:00:52.962 0100|01|e0|08|1602ff|0315efa43f0140e8[payload->].?.@.||59,456
2025-08-01T04:00:53.267 0100|01|e0|08|1605ff|0315efa43f01a6a9[payload->].?...||43,430
2025-08-01T04:00:53.368 0100|00|e0|07|180001|0315efa43f360c[payload->].?6.||3,126
2025-08-01T04:00:53.368 0100|01|e0|08|160201|0315efa43f018ff7[payload->].?...||63,375
2025-08-01T04:00:57.008 0100|00|e0|07|180001|0315efa43f360c[payload->].?6.||3,126
2025-08-01T04:00:57.109 0100|01|e0|08|160201|0315efa43f018ff7[payload->].?...||63,375
2025-08-01T04:15:57.656 0100|00|e0|07|180001|0315efa43f360c[payload->].?6.||3,126
2025-08-01T04:15:57.757 0100|01|e0|08|160201|0315efa43f018ff7[payload->].?...||63,375
2025-08-01T04:15:57.960 0100|00|e0|07|180401|0315efa43ff649[payload->].?.I||18,934
2025-08-01T04:15:57.961 0100|01|e0|08|160501|0315efa43f0169b6[payload->].?.i.||46,697
2025-08-01T04:15:58.062 0100|00|e0|07|1800ff|0315efa43fe819[payload->].?..||6,632
2025-08-01T04:15:58.163 0100|01|e0|08|1602ff|0315efa43f0140e8[payload->].?.@.||59,456
2025-08-01T04:15:58.467 0100|00|e0|07|1804ff|0315efa43f285c[payload->].?(\||23,592
2025-08-01T04:15:58.468 0100|01|e0|08|1605ff|0315efa43f01a6a9[payload->].?...||43,430
2025-08-01T04:15:58.569 0100|00|e0|07|180001|0315efa43f360c[payload->].?6.||3,126
2025-08-01T04:15:58.670 0100|01|e0|08|160201|0315efa43f018ff7[payload->].?...||63,375
2025-08-01T04:16:03.014 0100|00|e0|07|180001|0315efa03f360c[payload->].?6.||3,126
2025-08-01T04:16:03.014 0100|01|e0|08|160201|0315efa43f018ff7[payload->].?...||63,375
2025-08-01T05:31:23.354 0100|00|e0|07|180001|0315efa43f360c[payload->].?6.||3,126
2025-08-01T05:31:23.455 0100|01|e0|08|160201|0315efa43f018ff7[payload->].?...||63,375
2025-08-01T05:31:23.658 0100|00|e0|07|180401|0315efa43ff649[payload->].?.I||18,934
2025-08-01T05:31:23.759 0100|01|e0|08|160501|0315efa43f0169b6[payload->].?.i.||46,697
2025-08-01T05:31:23.760 0100|00|e0|07|1800ff|0315efa43fe819[payload->].?..||6,632
2025-08-01T05:31:24.165 0100|00|e0|07|1804ff|0315efa43f285c[payload->].?(\||23,592
2025-08-01T05:31:24.266 0100|01|e0|08|1605ff|0315efa43f01a6a9[payload->].?...||43,430
2025-08-01T05:31:24.266 0100|00|e0|07|180001|0315efa43f360c[payload->].?6.||3,126
2025-08-01T05:31:28.823 0100|01|e0|08|160201|0315efa43f018ff7[payload->].?...||63,375
2025-08-01T05:32:38.694 0100|00|e0|07|180001|0315efa43f360c[payload->].?6.||3,126
2025-08-01T05:32:38.997 0100|01|e0|48|5e0203|0315efa43f018ff70100000005fa000154080170b70100010007f701fe54080100001e6f010000e0071804010315efa43ff649010001e0081605010315efa43f0169b6010000e007[payload->].?...........T..p.........T.....o............?.I............?.i......||2,016
2025-08-01T05:32:39.098 0100|01|e0|08|1602ff|0315efa43f0140e8[payload->].?.@.||59,456
2025-08-01T05:32:39.402 0100|00|e0|07|1804ff|0315efa43f285c[payload->].?(\||23,592
2025-08-01T05:32:39.504 0100|01|e0|08|1605ff|0315efa43f01a6a9[payload->].?...||43,430
2025-08-01T05:32:39.504 0100|00|e0|07|180001|0315efa43f360c[payload->].?6.||3,126
2025-08-01T05:32:39.605 0100|01|e0|08|160201|0315efa43f018ff7[payload->].?...||63,375
2025-08-01T05:32:43.442 0100|00|e0|07|180001|0315efa43f360c[payload->].?6.||3,126
2025-08-01T05:32:43.543 0100|01|e0|08|160201|0315efa43f018ff7[payload->].?...||63,375
2025-08-01T05:38:57.701 0100|00|e0|07|180001|0315efa43f360c[payload->].?6.||3,126
2025-08-01T05:38:57.702 0100|01|e0|08|160201|0315efa43f018ff7[payload->].?...||63,375
2025-08-01T05:38:57.904 0100|00|e0|07|180401|0315efa43ff649[payload->].?.I||18,934
2025-08-01T05:38:58.006 0100|01|e0|08|160501|0315efa43f0169b6[payload->].?.i.||46,697
2025-08-01T05:38:58.107 0100|00|e0|07|1800ff|0315efa43fe819[payload->].?..||6,632
2025-08-01T05:38:58.208 0100|01|e0|08|1602ff|0315efa43f0140e8[payload->].?.@.||59,456
2025-08-01T05:38:58.513 0100|00|e0|07|1804ff|0315efa43f285c[payload->].?(\||23,592
2025-08-01T05:38:58.513 0100|01|e0|08|1605ff|0315efa43f01a6a9[payload->].?...||43,430
2025-08-01T05:38:58.614 0100|00|e0|07|180001|0315efa43f360c[payload->].?6.||3,126
2025-08-01T05:38:58.715 0100|01|e0|08|160201|0315efa43f018ff7[payload->].?...||63,375
2025-08-01T05:39:02.960 0100|00|e0|07|180001|0315efa43f360c[payload->].?6.||3,126
2025-08-01T05:39:03.061 0100|01|e0|08|160201|0315efa43f018ff7[payload->].?...||63,375
2025-08-01T06:31:06.382 0100|00|e0|07|180001|0315efa43f360c[payload->].?6.||3,126
2025-08-01T06:31:06.483 0100|01|e0|08|160201|0315efa43f018ff7[payload->].?...||63,375
2025-08-01T06:31:06.686 0100|00|e0|07|180401|0315efa43ff649[payload->].?.I||18,934
2025-08-01T06:31:06.686 0100|01|e0|08|160501|0315efa43f0169b6[payload->].?.i.||46,697
2025-08-01T06:31:06.787 0100|00|e0|07|1800ff|0315efa43fe819[payload->].?..||6,632
2025-08-01T06:31:06.888 0100|01|e0|08|1602ff|0315efa43f0140e8[payload->].?.@.||59,456
2025-08-01T06:31:07.193 0100|00|e0|07|1804ff|0315efa43f285c[payload->].?(\||23,592
2025-08-01T06:31:07.193 0100|01|e0|08|1605ff|0315efa43f01a6a9[payload->].?...||43,430
2025-08-01T06:31:07.294 0100|00|e0|07|180001|0315efa43f360c[payload->].?6.||3,126
2025-08-01T06:31:07.396 0100|01|e0|08|160201|0315efa43f018ff7[payload->].?...||63,375
2025-08-01T06:31:11.037 0100|00|e0|07|180001|0315efa43f360c[payload->].?6.||3,126
2025-08-01T06:31:11.037 0100|01|e0|08|160201|0315efa43f018ff7[payload->].?...||63,375
2025-08-01T07:03:11.423 0100|00|e0|07|180001|0315efa43f360c[payload->].?6.||3,126
2025-08-01T07:03:11.524 0100|01|e0|08|160201|0315efa43f018ff7[payload->].?...||63,375
2025-08-01T07:03:11.727 0100|00|e0|07|180401|0315efa43ff649[payload->].?.I||18,934
2025-08-01T07:03:11.727 0100|01|e0|08|160501|0315efa43f0169b6[payload->].?.i.||46,697
2025-08-01T07:03:11.828 0100|00|e0|07|1800ff|0315efa43fe819[payload->].?..||6,632
2025-08-01T07:03:11.930 0100|01|e0|08|1602ff|0315efa43f0140e8[payload->].?.@.||59,456
2025-08-01T07:03:12.234 0100|00|e0|07|1804ff|0315efa43f285c[payload->].?(\||23,592
2025-08-01T07:03:12.234 0100|01|e0|08|1605ff|0315efa43f01a6a9[payload->].?...||43,430
2025-08-01T07:03:12.335 0100|00|e0|07|180001|0315efa43f360c[payload->].?6.||3,126
2025-08-01T07:03:12.437 0100|01|e0|08|160201|0315efa43f018ff7[payload->].?...||63,375
2025-08-01T07:03:16.991 0100|00|e0|07|180001|0315efa43f360c[payload->].?6.||3,126
2025-08-01T07:03:17.092 0100|01|e0|08|160201|0315efa43f018ff7[payload->].?...||63,375
2025-08-01T07:38:48.690 0100|00|e0|07|180001|0315efa43f360c[payload->].?6.||3,126
2025-08-01T07:38:48.791 0100|81|e0|08|160201|0315efa43f018ff7[payload->].?...||63,375
2025-08-01T07:38:48.893 0100|00|e0|07|180401|0315efa43ff649[payload->].?.I||18,934
2025-08-01T07:38:48.995 0100|01|e0|08|160501|0315efa43f0169b6[payload->].?.i.||46,697
2025-08-01T07:38:49.096 0100|00|e0|07|1800ff|0315efa43fe819[payload->].?..||6,632
2025-08-01T07:38:49.096 0100|01|e0|08|1602ff|0315efa43f0140e8[payload->].?.@.||59,456
2025-08-01T07:38:49.501 0100|00|e0|07|1804ff|0315efa43f285c[payload->].?(\||23,592
2025-08-01T07:38:49.502 0100|01|e0|08|1605ff|0315efa43f01a6a9[payload->].?...||43,430
2025-08-01T07:38:49.603 0100|00|e0|07|180001|0315efa43f360c[payload->].?6.||3,126
2025-08-01T07:38:49.704 0100|01|e0|08|160201|0315efa43f018ff7[payload->].?...||63,375
2025-08-01T07:38:55.275 0100|00|e0|07|180001|0315efa43f360c[payload->].?6.||3,126
2025-08-01T07:38:55.376 0100|01|e0|08|160201|0315efa43f018ff7[payload->].?...||63,375
2025-08-01T07:57:08.658 0100|00|e0|07|180001|0315efa43f360c[payload->].?6.||3,126
2025-08-01T07:57:08.759 0100|01|e0|08|160a01|0315efa43f018ff7[payload->].?...||63,375
2025-08-01T07:57:08.860 0100|00|e0|07|180401|0315efa43ff649[payload->].?.I||18,934
2025-08-01T07:57:08.962 0100|01|e0|08|160501|0315efa43f0169b6[payload->].?.i.||46,697
2025-08-01T07:57:09.063 0100|00|e0|07|1800ff|0315efa43fe819[payload->].?..||6,632
2025-08-01T07:57:09.063 0100|01|e0|08|1602ff|0315efa43f0140e8[payload->].?.@.||59,456
2025-08-01T07:57:09.367 0100|00|e0|07|1804ff|0315efa43f285c[payload->].?(\||23,592
2025-08-01T07:57:09.468 0100|01|e0|08|1605ff|0315efa43f01a6a9[payload->].?...||43,430
2025-08-01T07:57:09.569 0100|00|e0|07|180001|0315efa43f360c[payload->].?6.||3,126
2025-08-01T07:57:09.570 0100|01|e0|08|160201|0315efa43f018ff7[payload->].?...||63,375
2025-08-01T07:57:13.510 0100|00|e0|07|180001|0315efa43f360c[payload->].?6.||3,126
2025-08-01T07:57:13.612 0100|01|e0|08|160201|0315efa43f018ff7[payload->].?...||63,375
2025-08-01T08:50:01.511 0100|00|e0|07|180001|0315efa43f360c[payload->].?6.||3,126
2025-08-01T08:50:01.612 0100|01|e0|08|160201|0315efa43f018ff7[payload->].?...||63,375
2025-08-01T08:50:01.814 0100|00|e0|07|180401|0315efa43ff649[payload->].?.I||18,934
2025-08-01T08:50:01.915 0100|01|e0|08|160501|0315efa43f0169b6[payload->].?.i.||46,697
2025-08-01T08:50:02.016 0100|00|e0|07|1800ff|0315efa43fe819[payload->].?..||6,632
2025-08-01T08:50:02.118 0100|01|e0|08|1602ff|0315efa43f0140e8[payload->].?.@.||59,456
2025-08-01T08:50:02.522 0100|00|e0|07|1804ff|0315efa43f285c[payload->].?(\||23,592
2025-08-01T08:50:02.523 0100|01|e0|08|1605ff|0315efa43f01a6a9[payload->].?...||43,430
2025-08-01T08:50:02.624 0100|00|e0|07|180001|0315efa43f360c[payload->].?6.||3,126
2025-08-01T08:50:02.725 0100|01|e0|08|160201|0315efa43f018ff7[payload->].?...||63,375
2025-08-01T08:50:06.069 0100|00|e0|07|180001|0315efa43f360c[payload->].?6.||3,126
2025-08-01T08:50:06.069 0100|01|e0|08|160201|0315efa43f018ff7[payload->].?...||63,375
2025-08-01T13:03:02.462 0100|00|e0|07|1800ff|0315efa43fe819[payload->].?..||6,632
2025-08-01T13:03:02.463 0100|01|e0|08|1602ff|0315efa43f0140e8[payload->].?.@.||59,456
2025-08-01T13:03:02.968 0100|00|e0|07|1804ff|0315efa43f285c[payload->].?(\||23,592
2025-08-01T13:03:03.070 0100|01|e0|08|1605ff|0315efa43f01a6a9[payload->].?...||43,430
2025-08-01T13:03:03.171 0100|00|e0|07|180001|0315efa43f360c[payload->].?6.||3,126
2025-08-01T13:03:03.172 0100|01|e0|08|160201|0315efa43f018ff7[payload->].?...||63,375
2025-08-01T13:34:48.139 0100|00|e0|07|180001|0315efa43f360c[payload->].?6.||3,126
2025-08-01T13:34:48.240 0100|01|e0|08|160201|0315efa43f018ff7[payload->].?...||63,375
2025-08-01T14:27:53.125 0100|00|e0|07|180001|0315efa43f360c[payload->].?6.||3,126
2025-08-01T14:27:53.226 0100|01|e0|08|160201|0315efa43f018ff7[payload->].?...||63,375
2025-08-01T14:27:53.429 0100|00|e0|07|180401|0315efa43ff649[payload->].?.I||18,934
2025-08-01T14:27:53.430 0100|01|e0|08|160501|0315efa43f0169b6[payload->].?.i.||46,697
2025-08-01T14:27:53.531 0100|00|e0|07|1800ff|0315efa43fe819[payload->].?..||6,632
2025-08-01T14:27:53.632 0100|01|e0|08|1602ff|0315efa43f0140e8[payload->].?.@.||59,456
2025-08-01T14:27:53.937 0100|00|e0|07|1804ff|0315efa43f285c[payload->].?(\||23,592
2025-08-01T14:27:53.937 0100|01|e0|08|1605ff|0315efa43f01a6a9[payload->].?...||43,430
2025-08-01T14:27:54.038 0100|00|e0|07|180001|0315efa43f360c[payload->].?6.||3,126
2025-08-01T14:27:54.139 0100|01|e0|08|160201|0315efa43f018ff7[payload->].?...||63,375
2025-08-01T14:27:58.286 0100|00|e0|07|180001|0315efa43f360c[payload->].?6.||3,126
2025-08-01T14:27:58.387 0100|01|e0|08|160201|0315efa43f018ff7[payload->].?...||63,375
2025-08-01T15:17:18.866 0100|00|e0|07|180001|0315efa43f360c[payload->].?6.||3,126
2025-08-01T15:17:18.968 0100|01|e0|08|160201|0315efa43f018ff7[payload->].?...||63,375
2025-08-01T15:17:19.170 0100|00|e0|07|180401|0315efa43ff649[payload->].?.I||18,934
2025-08-01T15:17:19.171 0100|01|e0|08|160501|0315efa43f0169b6[payload->].?.i.||46,697
2025-08-01T15:17:19.272 0100|00|e0|07|1800ff|0315efa43fe819[payload->].?..||6,632
2025-08-01T15:17:19.373 0100|01|e0|08|1602ff|0315efa43f0140e8[payload->].?.@.||59,456
2025-08-01T15:17:19.677 0100|00|e0|07|1804ff|0315efa43f285c[payload->].?(\||23,592
2025-08-01T15:17:19.677 0100|01|e0|08|1605ff|0315efa43f01a6a9[payload->].?...||43,430
2025-08-01T15:17:19.778 0100|00|e0|07|180001|0315efa43f360c[payload->].?6.||3,126
2025-08-01T15:17:19.779 0100|01|e0|08|160201|0315efa43f018ff7[payload->].?...||63,375
2025-08-01T15:17:23.922 0100|00|e0|07|180001|0315efa43f360c[payload->].?6.||3,126
2025-08-01T15:17:23.922 0100|01|e0|08|160201|0315efa43f018ff7[payload->].?...||63,375
2025-08-01T15:47:22.518 0100|00|e0|07|180001|0315efa43f360c[payload->].?6.||3,126
2025-08-01T15:47:22.519 0100|01|e0|08|160201|0315efa43f018ff7[payload->].?...||63,375
2025-08-01T15:47:22.722 0100|00|e0|07|180401|0315efa43ff649[payload->].?.I||18,934
2025-08-01T15:47:22.823 0100|01|e0|08|160501|0315efa43f0169b6[payload->].?.i.||46,697
2025-08-01T15:47:22.924 0100|00|e0|07|1800ff|0315efa43fe819[payload->].?..||6,632
2025-08-01T15:47:22.924 0100|01|e0|08|1602ff|0315efa43f0140e8[payload->].?.@.||59,456
2025-08-01T15:47:23.229 0100|00|e0|07|1804ff|0315efa43f285c[payload->].?(\||23,592
2025-08-01T15:47:23.330 0100|01|e0|08|1605ff|0315efa43f01a6a9[payload->].?...||43,430
2025-08-01T15:47:23.432 0100|00|e0|07|180001|0315efa43f360c[payload->].?6.||3,126
2025-08-01T15:47:23.432 0100|01|e0|08|160201|0315efa43f018ff7[payload->].?...||63,375
2025-08-01T15:47:28.075 0100|00|e0|07|180001|0315efa43f360c[payload->].?6.||3,126
2025-08-01T15:47:28.076 0100|01|e0|08|160201|0315efa43f018ff7[payload->].?...||63,375
2025-08-01T17:45:05.028 0100|00|e0|07|180001|0315efa43f360c[payload->].?6.||3,126
2025-08-01T17:45:05.029 0100|01|e0|08|160201|0315efa43f018ff7[payload->].?...||63,375
2025-08-01T17:45:05.232 0100|00|e0|07|180401|0315efa43ff649[payload->].?.I||18,934
2025-08-01T17:45:05.333 0100|01|e0|08|160501|0315efa43f0169b6[payload->].?.i.||46,697
2025-08-01T17:45:05.333 0100|00|e0|07|1800ff|0315efa43fe819[payload->].?..||6,632
2025-08-01T17:45:05.434 0100|01|e0|08|1602ff|0315efa43f0140e8[payload->].?.@.||59,456
2025-08-01T17:45:05.738 0100|00|e0|07|1804ff|0315efa43f285c[payload->].?(\||23,592
2025-08-01T17:45:05.839 0100|01|e0|08|1605ff|0315efa43f01a6a9[payload->].?...||43,430
2025-08-01T17:45:05.840 0100|00|e0|07|180001|0315efa43f360c[payload->].?6.||3,126
2025-08-01T17:45:05.941 0100|01|e0|08|160201|0315efa43f018ff7[payload->].?...||63,375
2025-08-01T17:45:09.891 0100|00|e0|07|180001|0315efa43f360c[payload->].?6.||3,126
2025-08-01T17:45:09.992 0100|01|e0|08|160201|0315efa43f018ff7[payload->].?...||63,375
2025-08-01T18:28:42.598 0100|00|e0|07|180001|0315efa43f360c[payload->].?6.||3,126
2025-08-01T18:28:42.598 0100|01|e0|08|160201|0315efa43f018ff7[payload->].?...||63,375
2025-08-01T18:28:42.902 0100|01|e0|08|160501|0315efa43f0169b6[payload->].?.i.||46,697
2025-08-01T18:28:42.902 0100|00|e0|07|1800ff|0315efa43fe819[payload->].?..||6,632
2025-08-01T18:28:43.003 0100|01|e0|08|1602ff|0315efa43f0140e8[payload->].?.@.||59,456
2025-08-01T18:28:43.306 0100|00|e0|07|1804ff|0315efa43f285c[payload->].?(\||23,592
2025-08-01T18:28:43.407 0100|01|e0|08|1605ff|0315efa43f01a6a9[payload->].?...||43,430
2025-08-01T18:28:43.408 0100|00|e0|07|180001|0315efa43f360c[payload->].?6.||3,126
2025-08-01T18:28:43.509 0100|01|e0|08|160201|0315efa43f018ff7[payload->].?...||63,375
2025-08-01T18:28:47.952 0100|00|e0|07|180001|0315efa43f360c[payload->].?6.||3,126
2025-08-01T18:28:48.053 0100|01|e0|08|160201|0315efa43f018ff7[payload->].?...||63,375
2025-08-01T18:30:03.741 0100|00|e0|07|1800ff|0315efa43fe819[payload->].?..||6,632
2025-08-01T18:30:03.741 0100|01|e0|08|1602ff|0315efa43f0140e8[payload->].?.@.||59,456
2025-08-01T18:30:04.146 0100|00|e0|07|1804ff|0315efa43f285c[payload->].?(\||23,592
2025-08-01T18:30:04.146 0100|01|e0|08|1605ff|0315efa43f01a6a9[payload->].?...||43,430
2025-08-01T18:30:04.247 0100|00|e0|07|180001|0315efa43f360c[payload->].?6.||3,126
2025-08-01T18:30:04.348 0100|01|e0|08|160201|0315efa43f018ff7[payload->].?...||63,375
2025-08-01T19:03:07.597 0100|00|e0|07|180001|0315efa43f360c[payload->].?6.||3,126
2025-08-01T19:03:07.698 0100|01|e0|08|160201|0315efa43f018ff7[payload->].?...||63,375
2025-08-01T19:03:07.901 0100|00|e0|07|180401|0315efa43ff649[payload->].?.I||18,934
2025-08-01T19:03:07.902 0100|01|e0|08|160501|0315efa43f0169b6[payload->].?.i.||46,697
2025-08-01T19:03:08.003 0100|00|e0|07|1800ff|0315efa43fe819[payload->].?..||6,632
2025-08-01T19:03:08.104 0100|01|e0|08|1602ff|0315efa43f0140e8[payload->].?.@.||59,456
2025-08-01T19:03:08.408 0100|00|e0|07|1804ff|0315efa43f285c[payload->].?(\||23,592
2025-08-01T19:03:08.409 0100|01|e0|08|1605ff|0315efa43f01a6a9[payload->].?...||43,430
2025-08-01T19:03:08.510 0100|00|e0|07|180001|0315efa43f360c[payload->].?6.||3,126
2025-08-01T19:03:08.611 0100|01|e0|08|160201|0315efa43f018ff7[payload->].?...||63,375
2025-08-01T19:03:13.559 0100|00|e0|07|180001|0315efa43f360c[payload->].?6.||3,126
2025-08-01T19:03:13.560 0100|01|e0|08|160201|0315efa43f018ff7[payload->].?...||63,375
2025-08-01T19:54:12.460 0100|00|e0|07|180001|0315efa43f360c[payload->].?6.||3,126
2025-08-01T19:54:12.561 0100|01|e0|08|160201|0315efa43f018ff7[payload->].?...||63,375
2025-08-01T19:54:12.764 0100|00|e0|07|180401|0315efa43ff649[payload->].?.I||18,934
2025-08-01T19:54:12.764 0100|01|e0|08|160501|0315efa43f0169b6[payload->].?.i.||46,697
2025-08-01T19:54:12.865 0100|00|e0|07|1800ff|0315efa43fe819[payload->].?..||6,632
2025-08-01T19:54:13.271 0100|00|e0|07|1804ff|0315efa43f285c[payload->].?(\||23,592
2025-08-01T19:54:13.271 0100|01|e0|08|1605ff|0315efa43f01a6a9[payload->].?...||43,430
2025-08-01T19:54:13.372 0100|00|e0|07|180001|0315efa43f360c[payload->].?6.||3,126
2025-08-01T19:54:13.372 0100|01|e0|08|160201|0315efa43f018ff7[payload->].?...||63,375
2025-08-01T19:54:17.824 0100|00|e0|07|180001|0315efa43f360c[payload->].?6.||3,126
2025-08-01T19:54:17.925 0100|01|e0|08|160201|0315efa43f018ff7[payload->].?...||63,375
2025-08-01T21:15:47.607 0100|00|e0|07|180001|0315efa43f360c[payload->].?6.||3,126
2025-08-01T21:15:47.708 0100|01|e0|08|5e0a03|0315efa43f018ff7[payload->].?...||63,375
2025-08-01T21:15:49.021 0100|00|e0|07|180401|0315efa43ff649[payload->].?.I||18,934
2025-08-01T21:15:49.122 0100|01|e0|08|160501|0315efa43f0169b6[payload->].?.i.||46,697
2025-08-01T21:15:49.123 0100|00|e0|07|1800ff|0315efa43fe819[payload->].?..||6,632
2025-08-01T21:15:49.224 0100|01|e0|08|1602ff|0315efa43f0140e8[payload->].?.@.||59,456
2025-08-01T21:15:52.060 0100|00|e0|07|180001|0315efa43f360c[payload->].?6.||3,126
2025-08-01T21:15:52.161 0100|01|e0|08|160201|0315efa43f018ff7[payload->].?...||63,375
2025-08-01T21:24:23.643 0100|00|e0|07|180001|0315efa43f360c[payload->].?6.||3,126
2025-08-01T21:24:23.744 0100|01|e0|08|160201|0315efa43f018ff7[payload->].?...||63,375
2025-08-01T21:24:23.947 0100|00|e0|07|180401|0315efa43ff649[payload->].?.I||18,934
2025-08-01T21:24:24.048 0100|00|e0|07|1800ff|0315efa43fe819[payload->].?..||6,632
2025-08-01T21:24:24.149 0100|01|e0|08|1602ff|0315efa43f0140e8[payload->].?.@.||59,456
2025-08-01T21:24:24.353 0100|00|e0|07|1804ff|0315efa43f285c[payload->].?(\||23,592
2025-08-01T21:24:24.454 0100|01|e0|08|5607ff|0315efa43f01a6a9[payload->].?...||43,430
2025-08-01T21:24:24.555 0100|00|e0|07|180001|0315efa43f360c[payload->].?6.||3,126
2025-08-01T21:24:24.555 0100|01|e0|08|160201|0315efa43f018ff7[payload->].?...||63,375
2025-08-01T21:24:28.796 0100|00|e0|07|180001|0315efa43f360c[payload->].?6.||3,126
2025-08-01T21:24:28.897 0100|01|e0|08|160201|0315efa43f018ff7[payload->].?...||63,375
2025-08-01T21:42:47.107 0100|00|e0|07|1800ff|0315efa43fe819[payload->].?..||6,632
2025-08-01T21:42:47.208 0100|01|e0|08|1602ff|0315efa43f0140e8[payload->].?.@.||59,456
2025-08-01T21:42:48.015 0100|00|e0|07|1804ff|0315efa43f285c[payload->].?(\||23,592
2025-08-01T21:42:48.116 0100|01|e0|08|1605ff|0315efa43f01a6a9[payload->].?...||43,430
2025-08-01T21:42:48.117 0100|00|e0|07|180001|0315efa43f360c[payload->].?6.||3,126
2025-08-01T21:42:48.218 0100|01|e0|08|160201|0315efa43f018ff7[payload->].?...||63,375
2025-08-02T01:13:29.785 0100|00|e0|07|180001|0315efa43f360c[payload->].?6.||3,126
2025-08-02T01:13:29.786 0100|01|e0|08|160201|0315efa43f018ff7[payload->].?...||63,375
2025-08-02T01:13:29.989 0100|00|e0|07|180401|0315efa43ff649[payload->].?.I||18,934
2025-08-02T01:13:30.090 0100|01|e0|08|160501|0315efa43f0169b6[payload->].?.i.||46,697
2025-08-02T01:13:30.090 0100|00|e0|07|1800ff|0315efa43fe819[payload->].?..||6,632
2025-08-02T01:13:30.495 0100|00|e0|07|1804ff|0315efa43f285c[payload->].?(\||23,592
2025-08-02T01:13:30.597 0100|01|e0|08|1605ff|0315efa43f01a6a9[payload->].?...||43,430
2025-08-02T01:13:30.698 0100|00|e0|07|180001|0315efa43f360c[payload->].?6.||3,126
2025-08-02T01:13:30.698 0100|01|e0|08|160201|0315efa43f018ff7[payload->].?...||63,375
2025-08-02T01:13:34.746 0100|00|e0|07|180001|0315efa43f360c[payload->].?6.||3,126
2025-08-02T01:13:34.848 0100|01|e0|08|160201|0315efa43f018ff7[payload->].?...||63,375
2025-08-02T03:00:17.672 0100|00|e0|07|180001|0315efa43f360c[payload->].?6.||3,126
2025-08-02T03:00:17.672 0100|01|ea|08|160201|0315efa43f018ff7[payload->].?...||63,375
2025-08-02T03:00:17.974 0100|00|e0|07|180401|0315efa43ff649[payload->].?.I||18,934
2025-08-02T03:00:18.075 0100|01|e0|08|160501|0315efa43f0169b6[payload->].?.i.||46,697
2025-08-02T03:00:18.176 0100|00|e0|07|1800ff|0315efa43fe819[payload->].?..||6,632
2025-08-02T03:00:18.176 0100|01|e0|08|1602ff|0315efa43f0140e8[payload->].?.@.||59,456
2025-08-02T03:00:18.480 0100|00|e0|07|1804ff|0315efa43f285c[payload->].?(\||23,592
2025-08-02T03:00:18.581 0100|01|e0|08|1605ff|0315efa43f01a6a9[payload->].?...||43,430
2025-08-02T03:00:18.682 0100|00|e0|07|180001|0315efa43f360c[payload->].?6.||3,126
2025-08-02T03:00:18.682 0100|01|e0|08|160201|0315efa43f018ff7[payload->].?...||63,375
2025-08-02T03:00:22.925 0100|00|e0|07|180001|0315efa43f360c[payload->].?6.||3,126
2025-08-02T03:28:17.724 0100|00|e0|07|180001|0315efa43f360c[payload->].?6.||3,126
2025-08-02T03:28:17.724 0100|01|e0|08|160201|0315efa43f018ff7[payload->].?...||63,375
2025-08-02T03:28:17.927 0100|00|e0|07|180401|0315efa43ff649[payload->].?.I||18,934
2025-08-02T03:28:18.028 0100|01|e0|08|160501|0315efa43f0169b6[payload->].?.i.||46,697
2025-08-02T03:28:18.129 0100|00|e0|07|1800ff|0315efa43fe819[payload->].?..||6,632
2025-08-02T03:28:18.130 0100|01|e0|08|1602ff|0315efa43f0140e8[payload->].?.@.||59,456
2025-08-02T03:28:18.434 0100|00|e0|07|1804ff|0315efa43f285c[payload->].?(\||23,592
2025-08-02T03:28:18.535 0100|01|e0|08|1605ff|0315efa43f01a6a9[payload->].?...||43,430
2025-08-02T03:28:18.536 0100|00|e0|07|180001|0315efa43f360c[payload->].?6.||3,126
2025-08-02T03:28:18.637 0100|01|e0|08|160201|0315efa43f018ff7[payload->].?...||63,375
2025-08-02T03:28:22.476 0100|00|e0|07|180001|0315efa43f360c[payload->].?6.||3,126
2025-08-02T04:18:57.676 0100|00|e0|07|180001|0315efa43f360c[payload->].?6.||3,126
2025-08-02T04:18:57.878 0100|01|e0|28|168201|0315efac3f018ff70100000005fa00013423019fa9010001000bf301fe342301000000000000b876[payload->].?...........4#...........4#........v||30,392
2025-08-02T04:18:57.879 0100|00|e0|07|180401|0315efa43ff649[payload->].?.I||18,934
2025-08-02T04:18:57.980 0100|01|e0|08|160501|0315efa43f0169b6[payload->].?.i.||46,697
2025-08-02T04:18:58.081 0100|00|e0|07|1800ff|0315efa43fe819[payload->].?..||6,632
2025-08-02T04:18:58.082 0100|01|e0|08|1602ff|0315efa43f0140e8[payload->].?.@.||59,456
2025-08-02T04:18:58.487 0100|00|e0|07|1804ff|0315efa43f285c[payload->].?(\||23,592
2025-08-02T04:18:58.587 0100|01|e0|08|1605ff|0315efa43f01a6a9[payload->].?...||43,430
2025-08-02T04:18:58.587 0100|00|e0|07|180001|0315efa43f360c[payload->].?6.||3,126
2025-08-02T04:18:58.688 0100|01|e0|08|160201|0315efa43f018ff7[payload->].?...||63,375
2025-08-02T04:19:02.733 0100|00|e0|07|180001|0315efa43f360c[payload->].?6.||3,126
2025-08-02T04:19:02.835 0100|01|e0|08|160201|0315efa43f018ff7[payload->].?...||63,375
2025-08-02T05:44:32.020 0100|00|e0|07|1804ff|0315efa03f285c[payload->].?(\||23,592
2025-08-02T05:44:32.122 0100|01|e0|08|1605ff|0315efa43f01a6a9[payload->].?...||43,430
2025-08-02T05:44:32.122 0100|00|e0|06|180001|0315efa43f36[payload->].?6||13,887
2025-08-02T05:44:32.223 0100|01|e0|08|160201|0315efa43f018ff7[payload->].?...||63,375
2025-08-02T06:58:36.719 0100|00|e0|07|180001|0315efa43f360c[payload->].?6.||3,126
2025-08-02T06:58:36.922 0100|00|e0|07|180401|0315efa43ff649[payload->].?.I||18,934
2025-08-02T06:58:37.023 0100|01|e0|08|160501|0315efa43f0169b6[payload->].?.i.||46,697
2025-08-02T06:58:37.124 0100|00|e0|07|1800ff|0315efa43fe819[payload->].?..||6,632
2025-08-02T06:58:37.125 0100|01|e0|08|1602ff|0315efa43f0140e8[payload->].?.@.||59,456
2025-08-02T06:58:37.429 0100|00|e0|07|1804ff|0315efa43f285c[payload->].?(\||23,592
2025-08-02T06:58:37.530 0100|01|e0|08|1605ff|0315efa43f01a6a9[payload->].?...||43,430
2025-08-02T06:58:37.631 0100|00|e0|07|180001|0315efa43f360c[payload->].?6.||3,126
2025-08-02T06:58:37.632 0100|00|e0|08|160201|0315efa43f018ff7[payload->].?...||63,375
2025-08-02T06:58:41.568 0100|00|e0|07|180001|0315efa43f360c[payload->].?6.||3,126
2025-08-02T06:58:41.669 0100|01|e0|08|160201|0315efa43f018ff7[payload->].?...||63,375
2025-08-02T08:27:14.779 0100|00|e0|07|180001|0315efa43f360c[payload->].?6.||3,126
2025-08-02T08:27:14.982 0100|00|e0|07|180401|0315efa43ff649[payload->].?.I||18,934
2025-08-02T08:27:15.083 0100|01|e0|08|160501|0315efa43f0169b6[payload->].?.i.||46,697
2025-08-02T08:27:15.184 0100|00|e0|07|1800ff|0315efa43fe819[payload->].?..||6,632
2025-08-02T08:27:15.489 0100|00|e0|07|1804ff|0315efa43f285c[payload->].?(\||23,592
2025-08-02T08:27:15.590 0100|01|e0|08|1605ff|0315efa43f01a6a9[payload->].?...||43,430
2025-08-02T08:27:15.691 0100|00|e0|07|180001|0315efa43f360c[payload->].?6.||3,126
2025-08-02T08:27:15.793 0100|01|e0|08|160201|0315efa43f018ff7[payload->].?...||63,375
2025-08-02T08:27:19.532 0100|00|e0|07|180001|0315efa43f360c[payload->].?6.||3,126
2025-08-02T10:08:05.121 0100|00|e0|07|1800ff|0315efa43fe819[payload->].?..||6,632
2025-08-02T10:08:05.121 0100|01|e0|08|1602ff|0315efa43f0140e8[payload->].?.@.||59,456
2025-08-02T10:08:05.425 0100|00|e0|07|1804ff|0315efa43f285c[payload->].?(\||23,592
2025-08-02T10:08:05.527 0100|01|e0|08|1605ff|0315efa43f01a6a9[payload->].?...||43,430
2025-08-02T10:08:05.628 0100|00|e0|07|180001|0315efa43f360c[payload->].?6.||3,126
2025-08-02T10:08:05.628 0100|01|e0|08|160201|0315efa43f018ff7[payload->].?...||63,375
2025-08-02T10:08:09.777 0100|00|e0|07|180001|0315efa43f360c[payload->].?6.||3,126
2025-08-02T10:08:09.778 0100|01|e0|08|160201|0315efa43f018ff7[payload->].?...||63,375
2025-08-02T11:39:43.822 0100|00|e0|07|180001|0315efa43f360c[payload->].?6.||3,126
2025-08-02T11:39:43.822 0100|01|e0|08|160201|0315efa43f018ff7[payload->].?...||63,375
2025-08-02T11:39:44.025 0100|00|e0|07|180401|0315efa43ff649[payload->].?.I||18,934
2025-08-02T11:39:44.126 0100|01|e0|08|160501|0315efa43f0169b6[payload->].?.i.||46,697
2025-08-02T11:39:44.228 0100|00|e0|07|1800ff|0315efa43fe819[payload->].?..||6,632
2025-08-02T11:39:44.228 0100|01|e0|08|1602ff|0315efa43f0140e8[payload->].?.@.||59,456
2025-08-02T11:39:44.532 0100|00|e0|07|1804ff|0315efa43f285c[payload->].?(\||23,592
2025-08-02T11:39:44.633 0100|01|e0|08|1605ff|0315efa43f01a6a9[payload->].?...||43,430
2025-08-02T11:39:44.633 0100|00|e0|07|180001|0315efa43f360c[payload->].?6.||3,126
2025-08-02T11:39:44.734 0100|01|e0|08|160201|0315efa43f018ff7[payload->].?...||63,375
2025-08-02T11:39:48.977 0100|00|e0|07|180001|0315efa43f360c[payload->].?6.||3,126
2025-08-02T11:39:48.977 0100|01|e0|08|160201|0315efa43f018ff7[payload->].?...||63,375
2025-08-02T12:55:26.692 0100|00|e0|07|180001|0315efa43f360c[payload->].?6.||3,126
2025-08-02T12:55:26.794 0100|01|e0|08|160201|0315efa43f018ff7[payload->].?...||63,375
2025-08-02T12:55:26.996 0100|00|e0|07|180401|0315efa43ff649[payload->].?.I||18,934
2025-08-02T12:55:27.300 0100|41|e0|48|160501|0315efa43f0169b6010000e0071800ff0315efa43fe819010001e0081602ff0315efa43f0140e80100000005fa00ff4008019dc60100010006f801fe4008010193d20100000005fa[payload->].?.i.............?..............?.@.........@............@...........||64,005
2025-08-02T12:55:27.503 0100|00|e0|07|1804ff|0315efa43f285c[payload->].?(\||23,592
2025-08-02T12:55:27.504 0100|01|e0|08|1605ff|0315efa43f01a6a9[payload->].?...||43,430
2025-08-02T12:55:27.605 0100|00|e0|07|180001|0315efa43f360c[payload->].?6.||3,126
2025-08-02T12:55:27.706 0100|01|e0|08|160201|0315efa43f018ff7[payload->].?...||63,375
2025-08-02T12:55:32.049 0100|00|e0|07|180001|0315efa43f360c[payload->].?6.||3,126
2025-08-02T12:55:32.049 0100|01|e0|08|160201|0315efa43f018ff7[payload->].?...||63,375
2025-08-02T13:05:16.626 0100|00|e0|07|180001|0315efa43f360c[payload->].?6.||3,126
2025-08-02T13:05:16.930 0100|00|e0|07|180401|0315efa43ff649[payload->].?.I||18,934
2025-08-02T13:05:16.930 0100|01|e0|08|160501|0315efa43f0169b6[payload->].?.i.||46,697
2025-08-02T13:05:17.031 0100|00|e0|07|1800ff|0315efa43fe819[payload->].?..||6,632
2025-08-02T13:05:17.437 0100|00|e0|07|1804ff|0315efa43f285c[payload->].?(\||23,592
2025-08-02T13:05:17.437 0100|01|e0|08|1605ff|0315efa43f01a6a9[payload->].?...||43,430
2025-08-02T13:05:17.538 0100|00|e0|07|180001|0315efa43f360c[payload->].?6.||3,126
2025-08-02T13:05:17.639 0100|01|e0|08|160201|0315efa43f018ff7[payload->].?...||63,375
2025-08-02T13:05:21.991 0100|00|e0|07|180001|0315efa43f360c[payload->].?6.||3,126
2025-08-02T13:05:22.092 0100|01|e0|08|160201|0315efa43f018ff7[payload->].?...||63,375
2025-08-02T14:19:19.026 0100|00|e0|07|1800ff|0315efa43fe819[payload->].?..||6,632
2025-08-02T14:19:19.128 0100|01|e0|08|1602ff|0315efa43f0140e8[payload->].?.@.||59,456
2025-08-02T14:19:19.432 0100|00|e0|07|1804ff|0315efa43f285c[payload->].?(\||23,592
2025-08-02T14:19:19.432 0100|01|e0|08|1605ff|0315efa43f01a6a9[payload->].?...||43,430
2025-08-02T14:19:19.533 0100|00|e0|07|180001|0315efa43f360c[payload->].?6.||3,126
2025-08-02T14:19:19.534 0100|01|e0|08|160201|0315efa43f018ff7[payload->].?...||63,375
2025-08-02T14:19:23.978 0100|00|e0|07|180001|0315efa43f360c[payload->].?6.||3,126
2025-08-02T14:19:24.079 0100|01|e0|08|160201|0315efa43f018ff7[payload->].?...||63,375
2025-08-02T15:13:00.172 0100|00|e0|07|180001|0315efa43f360c[payload->].?6.||3,126
2025-08-02T15:13:00.173 0100|01|e0|08|160201|0315efa43f018ff7[payload->].?...||63,375
2025-08-02T15:13:00.375 0100|00|e0|07|180401|0315efa43ff649[payload->].?.I||18,934
2025-08-02T15:13:00.477 0100|01|e0|08|160501|0315efa43f0169b6[payload->].?.i.||46,697
2025-08-02T15:13:00.477 0100|00|e0|07|1800ff|0315efa43fe819[payload->].?..||6,632
2025-08-02T15:13:00.880 0100|01|e0|48|1602ff|0315efa43f0140e80100000005fa00ff4008019dc60100010006f801fe4008010193d20100000005fa00ff200102d2800100010007f701fe20010215001922010000e0071804ff03[payload->].?.@.........@............@............. ............ .....".........||1,023
2025-08-02T15:13:00.981 0100|01|e0|08|1605ff|0315efa43f01a6a9[payload->].?...||43,430
2025-08-02T15:13:00.982 0100|00|e0|07|180001|0315efa43f360c[payload->].?6.||3,126
2025-08-02T15:13:01.083 0100|01|e0|08|160201|0315efa43f018ff7[payload->].?...||63,375
2025-08-02T15:13:06.656 0100|00|e0|07|180001|0315efa43f360c[payload->].?6.||3,126
2025-08-02T15:13:06.757 0100|01|e0|08|160201|0315efa43f018ff7[payload->].?...||63,375
2025-08-02T15:15:34.779 0100|00|e0|07|180001|0315efa43f360c[payload->].?6.||3,126
2025-08-02T15:15:34.880 0100|01|e0|08|160201|0315efa43f018ff7[payload->].?...||63,375
2025-08-02T15:15:35.082 0100|00|e0|07|180401|0315efa43ff649[payload->].?.I||18,934
2025-08-02T15:15:35.184 0100|01|e0|08|160501|0315efa43f0169b6[payload->].?.i.||46,697
2025-08-02T15:15:35.184 0100|00|e0|07|1800ff|0315efa43fe819[payload->].?..||6,632
2025-08-02T15:15:35.386 0100|01|e0|08|1602ff|0315efa43f0140e8[payload->].?.@.||59,456
2025-08-02T15:15:35.690 0100|00|e0|07|1804ff|0315efa43f285c[payload->].?(\||23,592
2025-08-02T15:15:35.791 0100|01|e0|08|1605ff|0315efa43f01a6a9[payload->].?...||43,430
2025-08-02T15:15:35.791 0100|00|e0|07|180001|0315efa43f360c[payload->].?6.||3,126
2025-08-02T15:15:35.893 0100|01|e0|08|160201|0315efa43f018ff7[payload->].?...||63,375
2025-08-02T15:15:39.937 0100|00|e0|07|180001|0315efa43f360c[payload->].?6.||3,126
2025-08-02T15:15:39.938 0100|01|e0|08|160201|0315efa43f018ff7[payload->].?...||63,375
2025-08-02T16:13:07.749 0100|00|e0|07|1800ff|0315efa43fe819[payload->].?..||6,632
2025-08-02T16:13:07.850 0100|01|e0|08|1602ff|0315efa43f0140e8[payload->].?.@.||59,456
2025-08-02T16:13:08.255 0100|00|c0|07|1804ff|0315efa43f285c[payload->].?(\||23,592
2025-08-02T16:13:08.255 0100|00|e0|08|1605ff|0315efa43f01a6a9[payload->].?...||43,430
2025-08-02T16:13:08.356 0100|00|e0|07|180001|0315efa43f360c[payload->].?6.||3,126
2025-08-02T16:13:08.457 0100|01|e0|08|160201|0315efa43f018ff7[payload->].?...||63,375
2025-08-02T17:13:07.768 0100|00|e0|07|1800ff|0315efa43fe819[payload->].?..||6,632
2025-08-02T17:13:07.768 0100|01|e0|08|1602ff|0315efa43f0140e8[payload->].?.@.||59,456
2025-08-02T17:13:08.072 0100|00|e0|07|1804ff|0315efa43f281c[payload->].?(.||7,208
2025-08-02T17:13:08.173 0100|01|e0|08|1605ff|0315efa43f01a6a9[payload->].?...||43,430
2025-08-02T17:13:08.275 0100|00|e0|07|180001|0315efa43f360c[payload->].?6.||3,126
2025-08-02T17:13:08.275 0100|01|e0|08|160201|0315efa43f018ff7[payload->].?...||63,375
2025-08-02T19:48:24.673 0100|00|e0|07|180001|0315efa43f360c[payload->].?6.||3,126
2025-08-02T19:48:24.775 0100|01|e0|08|160201|0315efa43f018ff7[payload->].?...||63,375
2025-08-02T19:48:24.877 0100|00|e0|07|180401|0315efa43ff649[payload->].?.I||18,934
2025-08-02T19:48:25.078 0100|01|e0|08|160501|0315efa43f0169b6[payload->].?.i.||46,697
2025-08-02T19:48:25.079 0100|00|e0|07|1800ff|0315efa43fe819[payload->].?..||6,632
2025-08-02T19:48:25.179 0100|01|e0|08|1602ff|0315efa43f0140e8[payload->].?.@.||59,456
2025-08-02T19:48:25.584 0100|00|e0|07|1804ff|0315efa43f285c[payload->].?(\||23,592
2025-08-02T19:48:25.686 0100|01|e0|08|1605ff|0315efa43f01a6a9[payload->].?...||43,430
2025-08-02T19:48:25.787 0100|00|e0|07|180001|0315efa43f360c[payload->].?6.||3,126
2025-08-02T19:48:25.888 0100|01|e0|08|160201|0315efa43f018ff7[payload->].?...||63,375
2025-08-02T19:48:30.234 0100|00|e0|07|180001|0315efa43f360c[payload->].?6.||3,126
2025-08-02T19:48:30.336 0100|01|e0|08|160201|0315efa43f018ff7[payload->].?...||63,375
2025-08-02T20:55:57.934 0100|00|e0|07|180001|0315efa43f360c[payload->].?6.||3,126
2025-08-02T20:55:58.036 0100|01|e0|08|160201|0315efa43f018ff7[payload->].?...||63,375
2025-08-02T20:55:58.339 0100|00|e0|07|180401|0315efa43ff649[payload->].?.I||18,934
2025-08-02T20:55:58.339 0100|01|e0|08|160501|0315efa43f0169b6[payload->].?.i.||46,697
2025-08-02T20:55:58.440 0100|00|e0|07|1800ff|0315efa43fe819[payload->].?..||6,632
2025-08-02T20:55:58.945 0100|00|e0|07|1804ff|0315efa43f285c[payload->].?(\||23,592
2025-08-02T20:55:58.946 0100|01|e0|08|1605ff|0315efa43f01a6a9[payload->].?...||43,430
2025-08-02T20:55:59.047 0100|00|e0|07|180001|0315efa43f360c[payload->].?6.||3,126
2025-08-02T20:55:59.148 0100|01|e0|08|160201|0315efa43f018ff7[payload->].?...||63,375
2025-08-02T20:56:02.279 0100|00|e0|07|180001|0315efa43f360c[payload->].?6.||3,126
2025-08-02T20:56:02.380 0100|01|e0|08|160201|0315efa43f018ff7[payload->].?...||63,375
2025-08-02T20:56:02.583 0100|00|e0|07|180401|0315efa43ff649[payload->].?.I||18,934
2025-08-02T20:56:02.684 0100|01|e0|08|160501|0315efa43f0169b6[payload->].?.i.||46,697
2025-08-02T20:56:02.786 0100|00|e0|07|1800ff|0315efa43fe819[payload->].?..||6,632
2025-08-02T20:56:03.190 0100|00|e0|07|1804ff|0315efa43f285c[payload->].?(\||23,592
2025-08-02T20:56:03.291 0100|01|e0|08|1605ff|0315efa43f01a6a9[payload->].?...||43,430
2025-08-02T20:56:03.393 0100|00|e0|07|180001|0315efa43f360c[payload->].?6.||3,126
2025-08-02T20:56:03.494 0100|01|e0|08|160201|0315efa43f018ff7[payload->].?...||63,375
2025-08-02T20:56:03.798 0100|00|e0|07|180001|0315efa43f360c[payload->].?6.||3,126
2025-08-02T20:56:03.900 0100|01|e0|08|160201|0315efa43f018ff7[payload->].?...||63,375
2025-08-02T21:32:03.537 0100|00|e0|07|180001|0315efa43f360c[payload->].?6.||3,126
2025-08-02T21:32:03.639 0100|01|e0|08|160201|0315efa43f018ff7[payload->].?...||63,375
2025-08-02T21:32:03.740 0100|00|e0|07|180401|0315efa43ff649[payload->].?.I||18,934
2025-08-02T21:32:03.841 0100|01|e0|08|160501|0315efa43f0169b6[payload->].?.i.||46,697
2025-08-02T21:32:03.942 0100|00|e0|07|1800ff|0315efa43fe819[payload->].?..||6,632
2025-08-02T21:32:03.942 0100|01|e0|08|1602ff|0315efa43f0140e8[payload->].?.@.||59,456
2025-08-02T21:32:04.347 0100|00|e0|07|1804ff|0315efa43f285c[payload->].?(\||23,592
2025-08-02T21:32:04.448 0100|01|e0|08|1605ff|0315efa43f01a6a9[payload->].?...||43,430
2025-08-02T21:32:04.449 0100|00|e0|07|180001|0315efa43f360c[payload->].?6.||3,126
2025-08-02T21:32:04.550 0100|01|e0|08|160201|0315efa43f018ff7[payload->].?...||63,375
2025-08-02T21:32:09.002 0100|00|e0|07|180001|0315efa43f360c[payload->].?6.||3,126
2025-08-02T21:32:09.103 0100|01|e0|08|160201|0315efa43f018ff7[payload->].?...||63,375
2025-08-03T00:43:53.723 0100|00|e0|07|180401|0315efa43ff649[payload->].?.I||18,934
2025-08-03T00:43:53.723 0100|01|e0|08|160501|0315efa43f0169b6[payload->].?.i.||46,697
2025-08-03T00:43:53.824 0100|00|e0|07|1800ff|0315efa43fe819[payload->].?..||6,632
2025-08-03T00:43:53.926 0100|01|e0|08|1602ff|0315efa43f0140e8[payload->].?.@.||59,456
2025-08-03T00:43:54.230 0100|00|e0|07|1804ff|0315efa43f285c[payload->].?(\||23,592
2025-08-03T00:43:54.230 0100|01|e0|08|1605ff|0315efa43f01a6a9[payload->].?...||43,430
2025-08-03T00:43:54.332 0100|00|e0|07|180001|0315efa43f360c[payload->].?6.||3,126
2025-08-03T00:43:54.332 0100|01|e0|08|160201|0315efa41f018ff7[payload->].....||63,375
2025-08-03T00:43:58.780 0100|00|e0|07|180001|0315efa43f360c[payload->].?6.||3,126
2025-08-03T00:43:58.882 0100|01|e0|08|160201|0315efa43f018ff7[payload->].?...||63,375
2025-08-03T01:01:28.597 0100|00|e0|07|180001|0315efa43f360c[payload->].?6.||3,126
2025-08-03T01:01:28.698 0100|01|e0|08|160201|0315efa43f018ff7[payload->].?...||63,375
2025-08-03T01:01:29.001 0100|00|e0|07|180401|0315efa43ff649[payload->].?.I||18,934
2025-08-03T01:01:29.304 0100|00|e0|07|1800ff|0315efa43fe819[payload->].?..||6,632
2025-08-03T01:01:29.304 0100|01|e0|08|1602ff|0315efa43f0140e8[payload->].?.@.||59,456
2025-08-03T01:01:29.709 0100|00|e0|07|1804ff|0315efa43f285c[payload->].?(\||23,592
2025-08-03T01:01:29.810 0100|01|e0|08|1605ff|0315efa43f01a6a9[payload->].?...||43,430
2025-08-03T01:01:29.911 0100|00|e0|07|180001|0315efa43f360c[payload->].?6.||3,126
2025-08-03T01:01:30.013 0100|01|e0|08|160201|0315efa43f018ff7[payload->].?...||63,375
2025-08-03T01:01:34.150 0100|00|e0|07|180001|0315efa43f360c[payload->].?6.||3,126
2025-08-03T03:22:17.819 0100|00|e0|07|180001|0315efa43f360c[payload->].?6.||3,126
2025-08-03T03:22:17.819 0100|01|e0|08|160201|0315efa43f018ff7[payload->].?...||63,375
2025-08-03T03:22:18.122 0100|00|e0|07|180401|0315efa43ff649[payload->].?.I||18,934
2025-08-03T03:22:18.122 0100|01|e0|08|160501|0315efa43f0169b6[payload->].?.i.||46,697
2025-08-03T03:22:18.223 0100|00|e0|07|1800ff|0315efa43fe819[payload->].?..||6,632
2025-08-03T03:22:18.324 0100|01|e0|08|1602ff|0315efa43f0140e8[payload->].?.@.||59,456
2025-08-03T03:22:18.628 0100|00|e0|07|1804ff|0315efa43f285c[payload->].?(\||23,592
2025-08-03T03:22:18.729 0100|01|e0|08|1605ff|0315efa43f01a6a9[payload->].?...||43,430
2025-08-03T03:22:18.931 0100|00|e0|07|180001|0315efa43f360c[payload->].?6.||3,126
2025-08-03T03:22:18.932 0100|01|e0|08|160201|0315efa43f018ff7[payload->].?...||63,375
2025-08-03T03:22:22.979 0100|00|e0|07|180001|0315efa43f360c[payload->].?6.||3,126
2025-08-03T03:22:23.080 0100|01|e0|08|160201|0315efa43f018ff7[payload->].?...||63,375
2025-08-03T06:06:16.751 0100|00|e0|07|180001|0315efa43f360c[payload->].?6.||3,126
2025-08-03T06:06:18.063 0100|00|e0|07|180401|0315efa43ff649[payload->].?.I||18,934
2025-08-03T06:06:18.164 0100|01|e0|08|160501|0315efa43f0169b6[payload->].?.i.||46,697
2025-08-03T06:06:18.265 0100|00|e0|07|1800ff|0315efa43fe819[payload->].?..||6,632
2025-08-03T06:06:18.669 0100|01|e2|48|1602ff|0315efa43f0140e80100000005fa00ff4008019dc60100010006f801fe4008010193d20100000005fa00ff200102d2800100010007f701fe20010215001922010000e0071804ff03[payload->].?.@.........@............@............. ............ .....".........||1,023
2025-08-03T06:06:18.770 0100|01|e0|08|1605ff|0315efa43f01a6a9[payload->].?...||43,430
2025-08-03T06:06:18.871 0100|00|e0|07|180001|0315efa43f360c[payload->].?6.||3,126
2025-08-03T06:06:18.972 0100|01|e0|08|160201|0315efa43fffffff[payload->].?...||65,535
2025-08-03T06:06:23.428 0100|00|e0|07|180001|0315efa43f360c[payload->].?6.||3,126
2025-08-03T06:06:23.629 0100|01|e0|08|160201|0315efa43f018ff7[payload->].?...||63,375
2025-08-03T06:38:16.626 0100|00|e0|07|180001|0315efa43f360c[payload->].?6.||3,126
2025-08-03T06:38:16.727 0100|01|e0|08|160201|0315efa43f018ff7[payload->].?...||63,375
2025-08-03T06:38:17.837 0100|00|e0|07|180400|0315efa43ff649[payload->].?.I||18,934
2025-08-03T06:38:17.938 0100|01|e0|08|160501|0315efa43f0169b6[payload->].?.i.||46,697
2025-08-03T06:38:17.939 0100|00|e0|07|1800ff|0315efa43fe819[payload->].?..||6,632
2025-08-03T06:38:18.845 0100|01|e0|88|9602ff|0315efa43f0140e80100000005fa00ff4008019dc60100010006f801fe4008010193d20100000005fa00ff200102d2800100010007f701fe20010215001922010000e0071804ff0315efa43f285c010001e0081605ff0315efa43f01a6a9010000e0071800010315efa43f340c010001e0081602010315efa43f018ff70100000005fa0001541901[payload->].?.@.........@............@............. ............ ....."............?(\............?...............?4.............?...........T..||0,281
2025-08-03T06:38:22.994 0100|00|e0|07|180001|0315efa43f360c[payload->].?6.||3,126
2025-08-03T06:38:23.096 0100|01|e0|08|160201|0315efa43f018ff7[payload->].?...||63,375
2025-08-03T09:12:26.787 0100|00|e0|07|180001|0315efa43f360c[payload->].?6.||3,126
2025-08-03T09:12:26.888 0100|01|e0|08|160201|0315efa43f018ff7[payload->].?...||63,375
2025-08-03T09:12:27.192 0100|00|e0|07|180401|0315efa43ff649[payload->].?.I||18,934
2025-08-03T09:12:27.192 0100|01|e0|08|164501|0315efa43f0169b6[payload->].?.i.||46,697
2025-08-03T09:12:27.394 0100|00|e0|07|1800ff|0315efa43fe819[payload->].?..||6,632
2025-08-03T09:12:27.394 0100|01|e0|08|1602ff|0315efa43f0140e8[payload->].?.@.||59,456
2025-08-03T09:12:28.001 0100|00|e0|07|1804ff|0315efa43f285c[payload->].?(\||23,592
2025-08-03T09:12:28.203 0100|00|e0|07|180001|0315efa43f360c[payload->].?6.||3,126
2025-08-03T09:12:28.203 0100|01|e0|08|160201|0315efa43f018ff7[payload->].?...||63,375
2025-08-03T09:12:32.044 0100|00|e0|07|180001|0315efa43f360c[payload->].?6.||3,126
2025-08-03T09:12:32.044 0100|01|e0|08|160201|0315efa43f018ff7[payload->].?...||63,375
2025-08-03T11:46:39.648 0100|00|e0|07|180001|0315efa43f360c[payload->].?6.||3,126
2025-08-03T11:46:39.749 0100|01|e0|08|160201|0315efa43f018ff7[payload->].?...||63,375
2025-08-03T11:46:39.851 0100|00|e0|07|180401|0315efa43ff649[payload->].?.I||18,934
2025-08-03T11:46:39.952 0100|01|e0|08|160501|0315efa43f0169b6[payload->].?.i.||46,697
2025-08-03T11:46:40.054 0100|00|e0|07|1800ff|0315efa43fe819[payload->].?..||6,632
2025-08-03T11:46:40.054 0100|01|e0|08|1602ff|0315efa43f0140e8[payload->].?.@.||59,456
2025-08-03T11:46:40.363 0100|00|e0|07|1804ff|0315efa43f285c[payload->].?(\||23,592
2025-08-03T11:46:40.464 0100|01|e0|08|1605ff|0315efa43f01a6a9[payload->].?...||43,430
2025-08-03T11:46:40.565 0100|00|e0|07|180001|0315efa43f360c[payload->].?6.||3,126
2025-08-03T11:46:40.666 0100|01|e0|08|160201|0315efa43f018ff7[payload->].?...||63,375
2025-08-03T11:46:44.510 0100|00|e0|07|180001|0315efa43f360c[payload->].?6.||3,126
2025-08-03T11:46:44.612 0100|01|e0|08|160201|0315efa43f018ff7[payload->].?...||63,375
2025-08-03T14:10:09.659 0100|00|e0|07|180001|0315efa43f360c[payload->].?6.||3,126
2025-08-03T14:10:09.660 0100|01|e0|08|160201|0315efa43f018ff7[payload->].?...||63,375
2025-08-03T14:10:09.862 0100|00|e0|07|180401|0315efa43ff649[payload->].?.I||18,934
2025-08-03T14:10:09.963 0100|01|e0|08|160501|0315efa43f0169b6[payload->].?.i.||46,697
2025-08-03T14:10:09.964 0100|00|e0|07|1800ff|0315efa43fe819[payload->].?..||6,632
2025-08-03T14:10:10.065 0100|01|e0|08|1602ff|0315efa43f0140e8[payload->].?.@.||59,456
2025-08-03T14:10:10.367 0100|00|e0|07|1804ff|0315efa43f285c[payload->].?(\||23,592
2025-08-03T14:10:10.469 0100|01|e0|08|1605ff|0315efa43f01a6a9[payload->].?...||43,430
2025-08-03T14:10:10.469 0100|00|e0|07|180001|0315efa43f360c[payload->].?6.||3,126
2025-08-03T14:10:10.570 0100|01|e0|08|160201|0315efa43f018ff7[payload->].?...||63,375
2025-08-03T14:10:14.515 0100|00|e0|07|180001|0315efa43f360c[payload->].?6.||3,126
2025-08-03T15:42:28.654 0100|00|e0|07|180001|0315efa43f360c[payload->].?6.||3,126
2025-08-03T15:42:28.755 0100|01|e0|08|160201|0315efa43f018ff7[payload->].?...||63,375
2025-08-03T15:42:29.058 0100|00|e0|07|180401|0315efa43ff649[payload->].?.I||18,934
2025-08-03T15:42:29.159 0100|01|e0|08|160501|0315efa43f0169b6[payload->].?.i.||46,697
2025-08-03T15:42:29.159 0100|00|e0|07|1800ff|0315efa43fe819[payload->].?..||6,632
2025-08-03T15:42:29.564 0100|00|e0|07|1804ff|0315efa43f285c[payload->].?(\||23,592
2025-08-03T15:42:29.565 0100|01|e0|08|1605fe|0315efa43f01a6a9[payload->].?...||43,430
2025-08-03T15:42:29.666 0100|00|e0|07|180001|0315efa43f360c[payload->].?6.||3,126
2025-08-03T15:42:29.767 0100|01|e0|08|160201|0315efa43f018ff7[payload->].?...||63,375
2025-08-03T15:42:34.011 0100|00|e0|07|180001|0315efa43f360c[payload->].?6.||3,126
2025-08-03T15:42:34.011 0100|01|e0|08|160201|0315efa43f018ff7[payload->].?...||63,375
2025-08-03T16:27:00.153 0100|00|e0|07|180001|0315efa43f360c[payload->].?6.||3,126
2025-08-03T16:27:00.154 0100|01|e0|08|160201|0315efa43f018ff7[payload->].?...||63,375
2025-08-03T16:27:00.356 0100|00|e0|07|180401|0315efa43ff649[payload->].?.I||18,934
2025-08-03T16:27:00.457 0100|01|e0|08|160501|0315efa43f0169b6[payload->].?.i.||46,697
2025-08-03T16:27:00.558 0100|00|e0|07|1800ff|0315efa43fe819[payload->].?..||6,632
2025-08-03T16:27:00.558 0100|01|e0|0a|1602ff|0315efa43f0140e80100[payload->].?.@...||0,001
2025-08-03T16:27:00.962 0100|00|e0|07|1804ff|0315efa43f285c[payload->].?(\||23,592
2025-08-03T16:27:00.963 0100|01|e0|08|1605ff|0315efa43f01a6a9[payload->].?...||43,430
2025-08-03T16:27:01.064 0100|00|e0|07|180001|0315efa43f360c[payload->].?6.||3,126
2025-08-03T16:27:01.165 0100|01|e0|08|160201|0315efa43f018ff7[payload->].?...||63,375
2025-08-03T16:27:05.911 0100|00|e0|07|180001|0315efa43f360c[payload->].?6.||3,126
2025-08-03T16:27:05.911 0100|01|e0|08|160201|0315efa43f018ff7[payload->].?...||63,375
