2025-07-30T20:31:29.991 0100|00|00|05|fa0001|3445013f82[payload->]?.||33,343
2025-07-30T20:31:30.093 0100|01|00|18|e601fe|34450102c81024a005fa00013463015f980100010006f801[payload->]...$.....4c._........||0,504
2025-07-30T20:34:41.389 0100|00|00|05|fa0001|3445013f82[payload->]?.||33,343
2025-07-30T20:34:41.591 0100|01|00|18|e601fe|34450102c81024a00084ffffffffffffffffffffffffa505[payload->]...$.................||1,445
2025-07-30T21:04:41.340 0100|00|00|05|fa0001|3445013f82[payload->]?.||33,343
2025-07-30T21:04:41.642 0100|01|00|18|e601fe|34450102c81024a00084ffffffffffffffffffffffffa505[payload->]...$.................||1,445
2025-07-30T21:34:41.445 0100|00|00|05|fa0001|3445013f82[payload->]?.||33,343
2025-07-30T21:34:41.546 0100|01|00|18|e601fe|34450102c81024a00084ffffffffffffffffffffffffa505[payload->]...$.................||1,445
2025-07-30T22:04:41.371 0100|00|00|05|fa0001|3445013f82[payload->]?.||33,343
2025-07-30T22:04:41.573 0100|01|00|18|e601fe|34450102c81024a00084ffffffffffffffffffffffffa505[payload->]...$.................||1,445
2025-07-30T22:34:41.452 0100|00|00|05|fa0001|3445013f82[payload->]?.||33,343
2025-07-30T22:34:41.554 0100|01|00|18|e601fe|34450102c81024a00084ffffffffffffffffffffffffa505[payload->]...$.................||1,445
2025-07-30T23:04:41.345 0100|00|00|05|fa0001|3445013f82[payload->]?.||33,343
2025-07-30T23:04:41.548 0100|01|00|18|e601fe|34450102c81024a00084ffffffffffffffffffffffffa505[payload->]...$.................||1,445
2025-07-30T23:31:29.665 0100|01|00|18|e601fe|34450102c81024a00084ffffffffffffffffffffffffa505[payload->]...$.................||1,445
2025-07-30T23:34:41.530 0100|00|00|05|fa0001|3445013f82[payload->]?.||33,343
2025-07-30T23:34:41.731 0100|01|00|18|e601fe|34450102c81024a00084ffffffffffffffffffffffffa505[payload->]...$.................||1,445
2025-07-31T00:04:42.449 0100|00|00|05|fa0001|3445013f82[payload->]?.||33,343
2025-07-31T00:04:42.651 0100|01|00|18|e601fe|34450102c81024a00084ffffffffffffffffffffffffa505[payload->]...$.................||1,445
2025-07-31T00:34:41.436 0100|00|00|05|fa0001|3445013f82[payload->]?.||33,343
2025-07-31T00:34:41.537 0100|01|00|18|e601fe|34450102c81024a00084ffffffffffffffffffffffffa505[payload->]...$.................||1,445
2025-07-31T01:04:41.375 0100|00|00|05|fa0001|3445013f82[payload->]?.||33,343
2025-07-31T01:04:41.577 0100|01|00|18|e601fe|34450102c81024a00084ffffffffffffffffffffffffa505[payload->]...$.................||1,445
2025-07-31T01:31:29.928 0100|00|00|05|fa0001|3445013f82[payload->]?.||33,343
2025-07-31T01:31:30.029 0100|01|00|18|e601fe|34450102c81024a00084ffffffffffff980100010006f801[payload->]...$.................||0,504
2025-07-31T01:34:42.352 0100|00|00|05|fa0001|3445013f82[payload->]?.||33,343
2025-07-31T01:34:42.453 0100|01|00|18|e601fe|34450102c81024a00084ffffffffffffffffffffffffa505[payload->]...$.................||1,445
2025-07-31T02:04:41.422 0100|00|00|05|fa0001|3445013f82[payload->]?.||33,343
2025-07-31T02:04:41.524 0100|01|00|18|e601fe|34450102c81024a00084ffffffffffffffffffffffffa505[payload->]...$.................||1,445
2025-07-31T02:34:42.865 0100|00|00|05|fa0001|3445013f82[payload->]?.||33,343
2025-07-31T02:34:43.067 0100|01|00|18|e601fe|34450102c81024a00084ffffffffffffffffffffffffa505[payload->]...$.................||1,445
2025-07-31T03:04:42.877 0100|00|00|05|fa0001|3445013f82[payload->]?.||33,343
2025-07-31T03:04:42.979 0100|01|00|18|e601fe|34450102c81024a00084ffffffffffffffffffffffffa505[payload->]...$.................||1,445
2025-07-31T03:34:42.864 0100|00|00|05|fa0001|3445013f82[payload->]?.||33,343
2025-07-31T03:34:42.966 0100|01|00|18|e601fe|34450102c81024a00084ffffffffffffffffffffffffa505[payload->]...$.................||1,445
2025-07-31T04:04:43.651 0100|00|00|05|fa0001|3445013f82[payload->]?.||33,343
2025-07-31T04:04:43.753 0100|01|00|18|e601fe|34450102c81024a00084ffffffffffffffffffffffffa505[payload->]...$.................||1,445
2025-07-31T04:34:44.073 0100|00|00|05|fa0001|3445013f82[payload->]?.||33,343
2025-07-31T04:34:44.175 0100|01|00|18|e601fe|34450102c81024a00084ffffffffffffffffffffffffa505[payload->]...$.................||1,445
2025-07-31T05:04:44.769 0100|00|00|05|fa0001|3445013f82[payload->]?.||33,343
2025-07-31T05:04:44.870 0100|01|00|18|e601fe|34450102c81024a00084ffffffffffffffffffffffffa505[payload->]...$.................||1,445
2025-07-31T05:34:44.779 0100|00|00|05|fa0001|3445013f82[payload->]?.||33,343
2025-07-31T05:34:44.880 0100|01|00|18|e601fe|34450102c81024a00084ffffffffffffffffffffffffa505[payload->]...$.................||1,445
2025-07-31T06:04:44.800 0100|00|00|05|fa0001|3445013f82[payload->]?.||33,343
2025-07-31T06:04:44.901 0100|01|00|18|e601fe|34450102c81024a00084ffffffffffffffffffffffffa505[payload->]...$.................||1,445
2025-07-31T07:04:46.845 0100|00|00|05|fa0001|3445013f82[payload->]?.||33,343
2025-07-31T07:04:46.946 0100|01|00|18|e601fe|34450102c81024a00084ffffffffffffffffffffffffa505[payload->]...$.................||1,445
2025-07-31T07:34:46.816 0100|00|00|05|fa0001|3445013f82[payload->]?.||33,343
2025-07-31T07:34:47.018 0100|01|00|18|e601fe|34450102c81024a00084ffffffffffffffffffffffffa505[payload->]...$.................||1,445
2025-07-31T07:54:04.936 0100|00|00|05|fa0001|344501ff8f[payload->]..||36,863
2025-07-31T08:04:46.922 0100|00|00|05|fa0001|3445013f82[payload->]?.||33,343
2025-07-31T08:04:47.023 0100|01|00|18|e601fe|34450102c81024a00084ffffffffffffffffffffffffa505[payload->]...$.................||1,445
2025-07-31T08:34:46.811 0100|00|00|05|fa0001|3445013f82[payload->]?.||33,343
2025-07-31T08:34:46.912 0100|01|00|18|e601fe|34450102c81024a00084ffffffffffffffffffffffffa505[payload->]...$.................||1,445
2025-07-31T09:04:46.829 0100|00|00|05|fa0001|3445013f82[payload->]?.||33,343
2025-07-31T09:04:47.030 0100|01|00|18|e601fe|34450102c81024a00084ffffffffffffffffffffffffa505[payload->]...$.................||1,445
2025-07-31T09:31:29.271 0100|00|00|05|fa0001|3445013f82[payload->]?.||33,343
2025-07-31T09:34:46.803 0100|00|00|05|fa0001|3445013f82[payload->]?.||33,343
2025-07-31T09:34:47.005 0100|01|00|18|e601fe|34450102c81024a00084ffffffffffffffffffffffffa505[payload->]...$.................||1,445
2025-07-31T10:04:46.826 0100|00|00|05|fa0001|3445013f82[payload->]?.||33,343
2025-07-31T10:04:47.129 0100|01|00|18|e601fe|34450102c81024a00084ffffffffffffffffffffffffa505[payload->]...$.................||1,445
2025-07-31T10:31:29.799 0100|00|00|05|fa0001|3445013f82[payload->]?.||33,343
2025-07-31T10:31:29.900 0100|01|00|18|e601fe|34450102c81024a00084ffffffffffffffffffffffffa505[payload->]...$.................||1,445
2025-07-31T10:34:48.731 0100|00|00|05|fa0001|3445013f82[payload->]?.||33,343
2025-07-31T10:34:48.933 0100|01|00|18|e601fe|34450102c81024a00084ffffffffffffffffffffffffa505[payload->]...$.................||1,445
2025-07-31T11:04:48.596 0100|00|00|05|fa0001|3445013f82[payload->]?.||33,343
2025-07-31T11:04:48.799 0100|01|00|18|e601fe|34450102c81024a00084ffffffffffffffffffffffffa505[payload->]...$.................||1,445
2025-07-31T11:34:49.593 0100|00|00|05|fa0001|3445013f82[payload->]?.||33,343
2025-07-31T11:34:49.694 0100|01|00|18|e601fe|34450102c81024a00084ffffffffffffffffffffffffa505[payload->]...$.................||1,445
2025-07-31T12:04:50.177 0100|00|00|05|fa0001|3445013f82[payload->]?.||33,343
2025-07-31T12:04:50.278 0100|01|00|18|e601fe|34450102c81024a00084ffffffffffffffffffffffffa505[payload->]...$.................||1,445
2025-07-31T12:31:35.069 0100|00|00|05|fa0001|3445013f82[payload->]?.||33,343
2025-07-31T12:31:35.171 0100|01|00|18|e601fe|34450102c81024a00084ffffffffffffffffffffffffa505[payload->]...$.................||1,445
2025-07-31T12:34:49.923 0100|00|00|05|fa0001|3445013f82[payload->]?.||33,343
2025-07-31T12:34:50.024 0100|01|00|18|e601fe|34450102c81024a00084ffffffffffffffffffffffffa505[payload->]...$.................||1,445
2025-07-31T13:04:50.478 0100|00|00|05|fa0001|3445013f82[payload->]?.||33,343
2025-07-31T13:04:50.580 0100|01|00|18|e601fe|34450102c81024a00084ffffffffffffffffffffffffa505[payload->]...$.................||1,445
2025-07-31T13:34:50.041 0100|00|00|05|fa0001|3445013f82[payload->]?.||33,343
2025-07-31T13:34:50.243 0100|01|00|18|e601fe|34450102c81024a00084ffffffffffffffffffffffffa505[payload->]...$.................||1,445
2025-07-31T13:53:50.161 0100|01|00|06|f801fe|344501007199[payload->].q.||39,281
2025-07-31T14:04:51.329 0100|00|00|05|fa0001|3445013f82[payload->]?.||33,343
2025-07-31T14:04:51.430 0100|01|00|18|e601fe|34450102c81024a00084ffffffffffffffffffffffffa505[payload->]...$.................||1,445
2025-07-31T14:34:50.817 0100|00|00|05|fa0001|3445013f82[payload->]?.||33,343
2025-07-31T14:34:50.918 0100|01|00|18|e601fe|34450102c81024a00084ffffffffffffffffffffffffa505[payload->]...$.................||1,445
2025-07-31T15:04:51.687 0100|00|00|05|fa0001|3445013f82[payload->]?.||33,343
2025-07-31T15:04:51.788 0100|01|00|18|e601fe|34450102c81024a00084ffffffffffffffffffffffffa505[payload->]...$.................||1,445
2025-07-31T15:34:54.310 0100|00|00|05|fa0001|3445013f82[payload->]?.||33,343
2025-07-31T15:34:54.511 0100|01|00|18|e601fe|34450102c81024a00084ffffffffffffffffffffffffa505[payload->]...$.................||1,445
2025-07-31T16:04:54.378 0100|00|00|05|fa0001|3445013f82[payload->]?.||33,343
2025-07-31T16:04:54.479 0100|01|40|18|e601fe|34450102c81024a00084ffffffffffffffffffffffffa505[payload->]...$.................||1,445
2025-07-31T16:21:03.014 0100|01|00|06|f801fe|344501007199[payload->].q.||39,281
2025-07-31T17:04:55.987 0100|00|00|05|fa0001|3445013f82[payload->]?.||33,343
2025-07-31T17:04:56.088 0100|01|00|18|e601fe|34450102c81024a00084ffffffffffffffffffffffffa505[payload->]...$.................||1,445
2025-07-31T17:34:56.273 0100|00|00|05|fa0001|3445013f82[payload->]?.||33,343
2025-07-31T17:34:56.374 0100|01|00|18|e601fe|34450102c81024a00084fffffffffeffffffffffffffa505[payload->]...$.................||1,445
2025-07-31T18:04:56.133 0100|00|00|05|fa0001|3445013f82[payload->]?.||33,343
2025-07-31T18:04:56.335 0100|01|00|18|e601fe|34450102c81024a00084ffffffffffffffffffffffffa505[payload->]...$.................||1,445
2025-07-31T18:34:56.759 0100|00|00|05|fa0001|3445013f82[payload->]?.||33,343
2025-07-31T18:34:56.961 0100|01|00|18|e601fe|34450102c81024a00084ffffffffffffffffffffffffa505[payload->]...$.................||1,445
2025-07-31T19:04:57.336 0100|00|00|05|fa0001|3445013f82[payload->]?.||33,343
2025-07-31T19:04:57.537 0100|01|00|18|e601fe|34450102c81024a00084ffffffffffffffffffffffffa505[payload->]...$.................||1,445
2025-07-31T19:34:57.198 0100|00|00|05|fa0001|3445013f82[payload->]?.||33,343
2025-07-31T19:34:57.299 0100|01|00|18|e601fe|34450102c81024a00084fffffffffffbffffffffffffa505[payload->]...$.................||1,445
2025-07-31T19:50:36.405 0100|01|00|06|f801fe|344501007199[payload->].q.||39,281
2025-07-31T20:04:57.640 0100|00|00|05|fa0001|3445013f82[payload->]?.||33,343
2025-07-31T20:04:57.742 0100|01|00|18|e601fe|34450102c81024a00084ffffffffffffffffffffffffa505[payload->]...$.................||1,445
2025-07-31T20:34:57.167 0100|00|00|05|fa0001|3445013f82[payload->]?.||33,343
2025-07-31T20:34:57.268 0100|01|00|18|e601fe|34450102c81024a00084ffffffffffffffffffffffffa505[payload->]...$.................||1,445
2025-07-31T21:04:57.174 0100|00|00|05|fa0001|3445013f82[payload->]?.||33,343
2025-07-31T21:04:57.275 0100|01|00|18|e601fe|34450102c81024a00084ffffffffffffffffffffffffa505[payload->]...$.................||1,445
2025-07-31T21:34:58.280 0100|00|00|05|fa0001|3445013f82[payload->]?.||33,343
2025-07-31T21:34:58.381 0100|01|00|18|e601fe|34450102c81024a00084ffffffffffffffffffffffffa505[payload->]...$.................||1,445
2025-07-31T22:04:58.231 0100|00|00|05|fa0001|3445013f82[payload->]?.||33,343
2025-07-31T22:04:58.433 0100|01|00|18|e601fe|34450102c81024a00084ffffffffffffffffffffffffa505[payload->]...$.................||1,445
2025-07-31T22:31:29.938 0100|00|00|05|fa0001|3445013f82[payload->]?.||33,343
2025-07-31T22:34:58.221 0100|00|00|05|fa0001|3445013f82[payload->]?.||33,343
2025-07-31T22:34:58.422 0100|01|00|18|e601fe|34450102c81024a00084ffffffffffffffffffffffffa505[payload->]...$.................||1,445
2025-07-31T23:05:00.104 0100|00|00|05|fa0001|3445013f82[payload->]?.||33,343
2025-07-31T23:05:00.306 0100|01|00|18|e601fe|34450102c81024a00084ffffffffffffffffffffffffa505[payload->]...$.................||1,445
2025-07-31T23:35:00.210 0100|00|00|05|fa0001|3445013f82[payload->]?.||33,343
2025-07-31T23:35:00.311 0100|01|00|18|e601fe|34450102c81024a00084ffffffffffffffffffffffffa505[payload->]...$.................||1,445
2025-08-01T00:05:00.173 0100|00|00|05|fa0001|3445013f82[payload->]?.||33,343
2025-08-01T00:05:00.275 0100|01|00|18|e601fe|34450102c81024a00084ffffffffffffffffffffffffa505[payload->]...$.................||1,445
2025-08-01T00:35:00.191 0100|00|00|05|fa0001|3445013f82[payload->]?.||33,343
2025-08-01T00:35:00.292 0100|01|00|18|e601fe|34450102c81024a00084ffffffffffffffffffffffffa505[payload->]...$.................||1,445
2025-08-01T01:05:00.161 0100|00|00|05|fa0001|3445013f82[payload->]?.||33,343
2025-08-01T01:05:00.362 0100|01|00|18|e601fe|34450102c81024a00084ffffffffffffffffffffffffa505[payload->]...$.................||1,445
2025-08-01T01:35:00.108 0100|00|00|05|fa0001|3445013f82[payload->]?.||33,343
2025-08-01T01:35:00.311 0100|01|00|18|e601fe|34450102c81024a00084ffffffffffffffffffffffffa505[payload->]...$.................||1,445
2025-08-01T02:05:03.298 0100|00|00|05|fa0001|3445013f82[payload->]?.||33,343
2025-08-01T02:05:03.500 0100|01|00|18|e601fe|34450102c81024a00084ffffffffffffffffffffffff2505[payload->]...$...............%.||1,317
2025-08-01T02:35:02.013 0100|00|00|05|fa0001|3445013f82[payload->]?.||33,343
2025-08-01T02:35:02.114 0100|01|00|18|e601fe|34450102c81024a00084ffffffffffffffffffffffffa505[payload->]...$.................||1,445
2025-08-01T03:05:02.091 0100|00|00|04|fa0001|3445013f[payload->]?||16,129
2025-08-01T03:05:02.293 0100|01|00|18|e601fe|34450102c81024a00084ffffffffffffffffffffffffa501[payload->]...$.................||0,421
2025-08-01T03:35:03.089 0100|00|00|05|fa0001|3445013f82[payload->]?.||33,343
2025-08-01T03:35:03.290 0100|01|00|18|e601fe|34450102c81024a00084ffffffffffffffffffffffffa505[payload->]...$.................||1,445
2025-08-01T04:05:05.181 0100|00|00|05|fa0001|3445013f82[payload->]?.||33,343
2025-08-01T04:05:05.383 0100|01|00|18|e601fe|34450102c81024a00084ffffffffffffffffffffffffa505[payload->]...$.................||1,445
2025-08-01T04:35:04.111 0100|00|00|05|fa0001|3445013f82[payload->]?.||33,343
2025-08-01T04:35:04.213 0100|01|00|18|e601fe|34450102c81024a00084ffffffffffffffffffffffffa505[payload->]...$.................||1,445
2025-08-01T05:05:04.109 0100|00|00|05|fa0001|3445013f82[payload->]?.||33,343
2025-08-01T05:05:04.311 0100|01|00|18|e601fe|34450102c81024a00084ffffffffffffffffffffffffa505[payload->]...$.................||1,445
2025-08-01T05:35:04.193 0100|00|00|05|fa0001|3445013f82[payload->]?.||33,343
2025-08-01T05:35:04.294 0100|01|00|18|e601fe|34450102c81024a00084ffffffffffffffffffffffffa505[payload->]...$.................||1,445
2025-08-01T06:05:04.153 0100|00|00|05|fa0001|3445013f82[payload->]?.||33,343
2025-08-01T06:05:04.254 0100|01|00|18|e601fe|34450102c81024a00084ffffffffffffffffffffffffa505[payload->]...$.................||1,445
2025-08-01T06:35:04.180 0100|00|00|05|fa0001|3445013f82[payload->]?.||33,343
2025-08-01T06:35:04.282 0100|01|00|18|e601fe|34450102c81024a00084ffffffffffffffffffffffffa505[payload->]...$.................||1,445
2025-08-01T07:05:04.198 0100|00|00|05|fa0001|3445013f82[payload->]?.||33,343
2025-08-01T07:05:04.299 0100|01|00|18|e601fe|34450102c81024a00084ffffffffffffffffffffffffa505[payload->]...$.................||1,445
2025-08-01T07:35:06.165 0100|00|00|05|fa0001|3445013f82[payload->]?.||33,343
2025-08-01T07:35:06.266 0100|01|00|18|e601fe|34450102c81024a00084ffffffffffffffffffffffffa505[payload->]...$.................||1,445
2025-08-01T08:17:57.084 0100|01|00|06|f801fe|344501007199[payload->].q.||39,281
2025-08-01T08:31:29.703 0100|01|00|18|e601fe|34450102c81024a00084ffffffffffffffffffffffffa505[payload->]...$.................||1,445
2025-08-01T08:35:06.153 0100|00|00|05|fa0001|3445013f82[payload->]?.||33,343
2025-08-01T08:35:06.254 0100|01|00|18|e601fe|34450102c81024a00084ffffffffffffffffffffffffa505[payload->]...$.................||1,445
2025-08-01T09:05:06.100 0100|00|00|05|fa0001|3445013f82[payload->]?.||33,343
2025-08-01T09:05:06.302 0100|01|00|18|e601fe|34450102c81024a00084ffffffffffffffffffffffffa505[payload->]...$.................||1,445
2025-08-01T09:21:37.038 0100|01|00|06|f801fe|344501007199[payload->].q.||39,281
2025-08-01T09:35:06.159 0100|00|00|05|fa0001|3445013f82[payload->]?.||33,343
2025-08-01T09:35:06.260 0100|01|00|18|e601fe|34450102c81024a00084ffffffffffffffffffffffffa505[payload->]...$.................||1,445
2025-08-01T10:05:06.361 0100|00|00|05|fa0001|3445013f82[payload->]?.||33,343
2025-08-01T10:05:06.462 0100|01|00|18|e601fe|34450102c81024a00084ffffffffffffffffffffffffa505[payload->]...$.................||1,445
2025-08-01T10:35:06.186 0100|00|00|05|fa0001|3445013f82[payload->]?.||33,343
2025-08-01T10:35:06.288 0100|01|00|18|e401fe|34450102c81024a00084ffffffffffffffffffffffffa505[payload->]...$.................||1,445
2025-08-01T11:05:06.286 0100|00|00|05|fa0001|3445013f82[payload->]?.||33,343
2025-08-01T11:05:06.387 0100|01|00|18|e601fe|34450102c81024a00084ffffffffffffffffffffffffa505[payload->]...$.................||1,445
2025-08-01T11:35:06.901 0100|00|00|05|fa0001|3445013f82[payload->]?.||33,343
2025-08-01T11:35:07.002 0100|01|00|18|e601fe|34450102c81024a00084ffffffffffffffffffffffffa505[payload->]...$.................||1,445
2025-08-01T11:39:17.471 0100|01|00|06|f801fe|344501007199[payload->].q.||39,281
2025-08-01T12:05:06.362 0100|00|00|05|fa0001|3445013f82[payload->]?.||33,343
2025-08-01T12:05:06.463 0100|01|00|18|e601fe|34450102c81024a00084ffffffffffffffffffffffffa505[payload->]...$.................||1,445
2025-08-01T12:35:07.167 0100|00|00|05|fa0001|3445013f82[payload->]?.||33,343
2025-08-01T12:35:07.268 0100|01|00|18|e601fe|34450102c81024a00084ffffffffffffffffffffffffa505[payload->]...$.................||1,445
2025-08-01T13:05:08.058 0100|00|00|05|fa0001|3445013f82[payload->]?.||33,343
2025-08-01T13:05:08.260 0100|01|00|18|e601fe|34450102c81024a00084ffffffffffffffffffffffffa505[payload->]...$.................||1,445
2025-08-01T13:24:40.014 0100|01|00|06|f801fe|344501007199[payload->].q.||39,281
2025-08-01T13:31:29.984 0100|00|00|05|fa0001|3445013f82[payload->]?.||33,343
2025-08-01T13:31:30.085 0100|01|00|18|e601fe|34450102c81024a00084fffffffffffffbffffffffffa505[payload->]...$.................||1,445
2025-08-01T13:35:10.146 0100|00|00|05|fa0001|3445013f82[payload->]?.||33,343
2025-08-01T13:35:10.347 0100|01|00|18|e601fe|34450102c81024a00084ffffffffffffffffffffffffa505[payload->]...$.................||1,445
2025-08-01T14:03:52.091 0100|01|00|06|f801fe|344501007199[payload->].q.||39,281
2025-08-01T14:31:30.980 0100|00|00|05|fa0001|3445013f82[payload->]?.||33,343
2025-08-01T14:31:31.182 0100|01|00|18|e601fe|34450102c81024a00084ffffffffffffffffffffffffa505[payload->]...$.................||1,445
2025-08-01T14:35:11.309 0100|00|00|05|fa0001|3445013f82[payload->]?.||33,343
2025-08-01T14:35:11.410 0100|01|00|18|e601fe|34450102c81024a00084ffffffffffffffffffffffffa505[payload->]...$.................||1,445
2025-08-01T15:05:11.256 0100|00|00|05|fa0001|3445013f82[payload->]?.||33,343
2025-08-01T15:05:11.357 0100|01|00|18|e601fe|34450102c81024a00084ffffffffffffffffffffffffa505[payload->]...$.................||1,445
2025-08-01T15:35:12.130 0100|00|00|05|fa0001|3445013f82[payload->]?.||33,343
2025-08-01T15:35:12.231 0100|01|00|18|e601fe|34450102c81024a00084ffffffffffffffffffffffffa505[payload->]...$.................||1,445
2025-08-01T16:05:12.156 0100|00|00|05|fa0001|3445013f82[payload->]?.||33,343
2025-08-01T16:05:12.257 0100|01|00|18|e601fe|34450102c81024a00084ffffffffffffffffffffffffa505[payload->]...$.................||1,445
2025-08-01T16:31:29.262 0100|00|00|05|fa0001|3445013f82[payload->]?.||33,343
2025-08-01T16:31:29.363 0100|01|00|18|e601fe|34450102c81024a00084ffffffffffffff54040171b20100[payload->]...$..........T..q...||0,001
2025-08-01T16:35:12.570 0100|00|00|05|fa0001|3445013f82[payload->]?.||33,343
2025-08-01T16:35:12.772 0100|01|00|18|e601fe|34450102c81024a00084ffffffffffffffffffffffffa505[payload->]...$.................||1,445
2025-08-01T17:05:12.091 0100|00|00|05|fa0001|3445013f82[payload->]?.||33,343
2025-08-01T17:05:12.293 0100|01|00|18|e601fe|34450102c81024a00084ffffffffffffffffffffffffa505[payload->]...$.................||1,445
2025-08-01T17:35:12.245 0100|00|00|05|fa0001|3445013f82[payload->]?.||33,343
2025-08-01T17:35:12.346 0100|01|00|18|e600fe|34450102c81024a00084ffffffffffffffffffffffffa505[payload->]...$.................||1,445
2025-08-01T18:05:12.158 0100|00|00|05|fa0001|3445013f82[payload->]?.||33,343
2025-08-01T18:05:12.259 0100|01|00|18|e601fe|34450102c81024a00084ffffffffffffffffffffffffa505[payload->]...$.................||1,445
2025-08-01T18:31:29.257 0100|00|00|05|fa0001|3445013f82[payload->]?.||33,343
2025-08-01T18:31:29.358 0100|01|00|18|e601fe|34450102c81024a00084ffffffffffffffffffffffffa505[payload->]...$.................||1,445
2025-08-01T18:35:12.125 0100|00|00|05|fa0001|3445013f82[payload->]?.||33,343
2025-08-01T18:35:12.226 0100|01|00|18|e601fe|34450102c81024a00084ffffffffffffffffffffffffa505[payload->]...$.................||1,445
2025-08-01T19:05:12.101 0100|00|00|05|fa0001|3445013f82[payload->]?.||33,343
2025-08-01T19:05:12.202 0100|01|00|18|e601fe|34450102c81024a00084ffffffffffffffffffffffffa505[payload->]...$.................||1,445
2025-08-01T19:31:28.828 0100|00|00|05|fa0001|3445013f82[payload->]?.||33,343
2025-08-01T19:31:28.929 0100|01|00|18|e601fe|34450102c81024a00084ffffffffffffffffffffffffa505[payload->]...$.................||1,445
2025-08-01T19:35:13.160 0100|00|00|05|fa0001|3445013f82[payload->]?.||33,343
2025-08-01T19:35:13.262 0100|01|00|18|e601fe|34450102c81024a00084ffffffffffffffffffffffffa505[payload->]...$.................||1,445
2025-08-01T19:56:26.838 0100|01|00|06|f801fe|344501007199[payload->].q.||39,281
2025-08-01T20:05:14.233 0100|00|00|05|fa0001|3445013f82[payload->]?.||33,343
2025-08-01T20:05:14.334 0100|01|00|18|e601fe|34450102c81024a00084ffffffffffffffffffffffffa505[payload->]...$.................||1,445
2025-08-01T20:35:15.128 0100|00|00|05|fa0001|3445013f82[payload->]?.||33,343
2025-08-01T20:35:15.330 0100|01|00|18|e600fe|34450102c81024a00084ffffffffffffffffffffffffa505[payload->]...$.................||1,445
2025-08-01T21:05:15.137 0100|00|00|05|fa0001|3445013f82[payload->]?.||33,343
2025-08-01T21:05:15.238 0100|01|00|18|e601fe|34450102c81024a00084ffffffffffffffffffffffffa505[payload->]...$.................||1,445
2025-08-01T21:35:14.936 0100|00|00|05|fa0001|3445013f82[payload->]?.||33,343
2025-08-01T21:35:15.138 0100|01|00|18|e601fe|34450102c81024a00084ffffffffffffffffffffffffa505[payload->]...$.................||1,445
2025-08-01T22:05:16.111 0100|00|00|05|fa0001|3445013f82[payload->]?.||33,343
2025-08-01T22:05:16.314 0100|01|00|18|e601fe|34450102c81024a00084ffffffffffffffffffffffffa505[payload->]...$.................||1,445
2025-08-01T22:35:16.146 0100|00|00|05|fa0001|3445013f82[payload->]?.||33,343
2025-08-01T22:35:16.347 0100|01|00|18|e601fe|34450102c81024a00084ffffffffffffffffffffffffa505[payload->]...$.................||1,445
2025-08-01T23:05:16.142 0100|00|00|05|fa0001|3445013f82[payload->]?.||33,343
2025-08-01T23:05:16.243 0100|01|00|18|e601fe|34450102c81024a00084ffffffffffffffffffffffffa505[payload->]...$.................||1,445
2025-08-01T23:26:40.102 0100|01|00|06|f801fe|344501007199[payload->].q.||39,281
2025-08-01T23:35:16.133 0100|00|00|05|fa0001|3445013f82[payload->]?.||33,343
2025-08-01T23:35:16.335 0100|01|00|18|e601fe|34450102c81024a00084ffffffffffffffffffffffffa505[payload->]...$.................||1,445
2025-08-02T00:04:11.228 0100|01|00|06|f801fe|344501007199[payload->].q.||39,281
2025-08-02T00:05:16.155 0100|00|00|05|fa0001|3445013f82[payload->]?.||33,343
2025-08-02T00:05:16.256 0100|01|00|18|e601fe|34450102c81024a00084ffffffffffffffffffffffffa505[payload->]...$.................||1,445
2025-08-02T00:35:16.135 0100|00|00|05|fa0001|3445013f82[payload->]?.||33,343
2025-08-02T00:35:16.236 0100|01|00|18|e601fe|34450102c81024a00084ffffffffffffffffffffffffa505[payload->]...$.................||1,445
2025-08-02T01:05:16.185 0100|00|00|05|fa0001|3445013f82[payload->]?.||33,343
2025-08-02T01:05:16.286 0100|01|00|18|e601fe|34450102c81024a00084ffffffffffffffffffffffffa505[payload->]...$.................||1,445
2025-08-02T01:31:29.126 0100|00|00|05|fa0001|3445013f82[payload->]?.||33,343
2025-08-02T01:31:29.228 0100|01|00|18|e601fe|34450102c81024a00084ffffffffffffffffffffffffa505[payload->]...$.................||1,445
2025-08-02T01:35:16.178 0100|00|00|05|fa0001|3445013f82[payload->]?.||33,343
2025-08-02T01:35:16.280 0100|01|00|18|e601fe|34450102c81024a00084ffffffffffffffffffffffffa505[payload->]...$.................||1,445
2025-08-02T02:05:16.177 0100|00|00|05|fa0001|3445013f82[payload->]?.||33,343
2025-08-02T02:05:16.278 0100|01|00|18|e601fe|34450102c81024a00084ffffffffffffffffffffffffa505[payload->]...$.................||1,445
2025-08-02T02:13:50.022 0100|01|00|06|f801fe|344501007199[payload->].q.||39,281
2025-08-02T02:31:29.119 0100|00|00|05|fa0001|3445013f82[payload->]?.||33,343
2025-08-02T02:31:29.320 0100|01|00|18|e601fe|34450102c81024a00084ffffffffffffffffffffffffa505[payload->]...$.................||1,445
2025-08-02T02:35:16.678 0100|00|00|05|fa0001|3445013f82[payload->]?.||33,343
2025-08-02T02:35:16.780 0100|01|00|18|e601fe|34450102c81024a00084ffffffffffffffffffffffffa505[payload->]...$.................||1,445
2025-08-02T02:40:10.194 0100|01|02|06|f801fe|344501007199[payload->].q.||39,281
2025-08-02T02:44:50.114 0100|01|00|06|f801fe|344501007199[payload->].q.||39,281
2025-08-02T03:05:16.221 0100|00|00|05|fa0001|3445013f82[payload->]?.||33,343
2025-08-02T03:05:16.323 0100|01|00|18|e601fe|34450102c81024a00084ffffffffffffffffffffffffa505[payload->]...$.................||1,445
2025-08-02T03:31:29.108 0100|00|00|05|fa0001|3445013f82[payload->]?.||33,343
2025-08-02T03:31:29.210 0100|01|00|18|e601fe|34450102c81024a00084ffffffffffffffffffffffffa505[payload->]...$.................||1,445
2025-08-02T03:35:16.283 0100|00|00|05|fa0001|3445013f82[payload->]?.||33,343
2025-08-02T03:35:16.384 0100|01|00|18|e601fe|34450102c81024a00084ffffffffffffffffffffffffa505[payload->]...$.................||1,445
2025-08-02T04:05:16.164 0100|00|00|05|fa0001|3445013f82[payload->]?.||33,343
2025-08-02T04:05:16.265 0100|01|00|18|e601fe|34450102c81024a00084ffffffffffffffffffffffffa505[payload->]...$.................||1,445
2025-08-02T04:34:40.259 0100|01|00|06|f801fe|344501007199[payload->].q.||39,281
2025-08-02T04:35:16.210 0100|00|00|05|fa0001|3445013f82[payload->]?.||33,343
2025-08-02T04:52:10.140 0100|01|00|06|f801fe|344501007199[payload->].q.||39,281
2025-08-02T05:05:16.178 0100|00|00|05|fa0001|3445013f82[payload->]?.||33,343
2025-08-02T05:05:16.279 0100|01|00|18|e601fe|34450102c81024a00084ffffffffffffffffffffffffa505[payload->]...$.................||1,445
2025-08-02T05:35:16.258 0100|00|00|05|fa0001|3445013f82[payload->]?.||33,343
2025-08-02T05:35:16.359 0100|01|00|18|e601fe|34450102c81024a00084ffffffffffffffffffffffffa505[payload->]...$.................||1,445
2025-08-02T06:05:17.123 0100|00|00|05|fa0001|3445013f82[payload->]?.||33,343
2025-08-02T06:05:17.225 0100|01|00|18|e601fe|34450102c81024a00084ffffffffffffffffffffffffa505[payload->]...$.................||1,445
2025-08-02T06:35:17.119 0100|00|00|05|fa0001|3445013f82[payload->]?.||33,343
2025-08-02T06:35:17.220 0100|01|00|18|e601fe|34450102c81024a00084ffffffffffffffffffffffffa505[payload->]...$.................||1,445
2025-08-02T07:05:17.143 0100|00|00|05|fa0001|3445013f82[payload->]?.||33,343
2025-08-02T07:05:17.244 0100|01|00|18|e601fe|34450102c81024a00084ffffffffffffffffffffffffa505[payload->]...$.................||1,445
2025-08-02T07:35:17.153 0100|00|00|05|fa0001|3445013f82[payload->]?.||33,343
2025-08-02T07:35:17.254 0100|01|00|18|e601fe|34450102c81024a00084ffefffffffffffffffffffffa505[payload->]...$.................||1,445
2025-08-02T08:05:18.030 0100|00|00|05|fa0001|3445013f82[payload->]?.||33,343
2025-08-02T08:05:18.131 0100|01|00|18|e601fe|34450102c81024a00084ffffffffffffffffffffffffa505[payload->]...$.................||1,445
2025-08-02T08:31:29.532 0100|00|00|05|fa0001|3445013f82[payload->]?.||33,343
2025-08-02T08:31:29.733 0100|01|00|18|e601fe|34450102c81024a00084fffffeffffffffffffffffffa505[payload->]...$.................||1,445
2025-08-02T08:35:19.239 0100|00|00|05|fa0001|3445013f82[payload->]?.||33,343
2025-08-02T08:35:19.340 0100|01|00|18|e601fe|34450102c81024a00084ffffffffffffffffffffffffa505[payload->]...$.................||1,445
2025-08-02T09:05:17.978 0100|00|00|05|fa0001|3445013f82[payload->]?.||33,343
2025-08-02T09:05:18.180 0100|01|00|18|e601fe|34450102c81024a00084fffffffffff7ffffffffffffa505[payload->]...$.................||1,445
2025-08-02T09:35:18.021 0100|00|00|05|fa0001|3445013f82[payload->]?.||33,343
2025-08-02T09:35:18.122 0100|01|00|18|e601fe|34450102c81024a00084ffffffffffffffffffffffffa505[payload->]...$.................||1,445
2025-08-02T10:05:19.257 0100|00|00|05|fa0001|3445013f82[payload->]?.||33,343
2025-08-02T10:05:19.357 0100|01|00|18|e601fe|34450102c81024a00084ffffffffffffffffffffffffa505[payload->]...$.................||1,445
2025-08-02T10:23:43.204 0100|01|00|06|f801fe|344501007199[payload->].q.||39,281
2025-08-02T10:35:19.379 0100|01|00|18|e601fe|34450102c81024a00084ffffffffffffffffffffffffad05[payload->]...$.................||1,453
2025-08-02T11:02:43.917 0100|00|00|05|fa0001|344501ff8f[payload->]..||36,863
2025-08-02T11:05:20.599 0100|00|00|05|fa0001|3445013f82[payload->]?.||33,343
2025-08-02T11:05:20.700 0100|01|00|18|e601fe|34450102c81024a00084ffffffffffffffffffffffffa505[payload->]...$.................||1,445
2025-08-02T11:31:29.205 0100|00|00|05|fa0001|3445013f82[payload->]?.||33,343
2025-08-02T11:31:29.307 0100|01|00|18|e601fe|34450102c81024a00084ffffffffffffffffffffffffa505[payload->]...$.................||1,445
2025-08-02T11:35:20.362 0100|00|00|05|fa0001|3445013f82[payload->]?.||33,343
2025-08-02T11:35:20.565 0100|01|00|18|e601fe|34450102c81024a00084ffffffffffffffffffffffffa505[payload->]...$.................||1,445
2025-08-02T12:05:22.232 0100|00|00|05|fa0001|3445013f82[payload->]?.||33,343
2025-08-02T12:05:22.434 0100|01|00|18|e601fe|34450102c81024a00084ffffffffffffffffffffffffa505[payload->]...$.................||1,445
2025-08-02T12:31:24.885 0100|00|00|05|fa0001|344501ff23[payload->].#||9,215
2025-08-02T12:35:23.169 0100|00|00|05|fa0001|3445013f82[payload->]?.||33,343
2025-08-02T12:35:23.270 0100|01|00|18|e601fe|34450102c81024a00084ffffffffffffffffffffffffa505[payload->]...$.................||1,445
2025-08-02T13:05:24.411 0100|00|00|05|fa0001|3445013f82[payload->]?.||33,343
2025-08-02T13:05:24.613 0100|01|00|18|e601fe|34450102c81024a00084ffffffffffffffffffffffffa505[payload->]...$.................||1,445
2025-08-02T13:35:26.341 0100|00|00|05|fa0001|3445013f82[payload->]?.||33,343
2025-08-02T13:35:26.542 0100|01|00|18|e601fe|34450102c81024a00084ffffffffffffffffffffffffa505[payload->]...$.................||1,445
2025-08-02T14:05:26.459 0100|00|00|05|fa0001|3445013f82[payload->]?.||33,343
2025-08-02T14:05:26.661 0100|01|00|18|e601fe|34450102c81024a00084ffffffffffffffffffffffffa505[payload->]...$.................||1,445
2025-08-02T14:31:29.519 0100|00|00|05|fa0001|3445013f82[payload->]?.||33,343
2025-08-02T14:31:29.721 0100|01|00|18|e601fe|34450102c81024a00084ffffffe7ffffffffffffffffa505[payload->]...$.................||1,445
2025-08-02T14:35:26.430 0100|00|00|05|fa0001|3445013f82[payload->]?.||33,343
2025-08-02T14:35:26.532 0100|01|00|18|e601fe|34450102c81024a00084ffffffffffffffffffffffffa505[payload->]...$.................||1,445
2025-08-02T15:05:27.045 0100|00|00|05|fa0001|3445013f82[payload->]?.||33,343
2025-08-02T15:05:27.146 0100|01|00|18|e601fe|34450102c81024a00084ffffffffffffffffffffffffa505[payload->]...$.................||1,445
2025-08-02T15:35:26.478 0100|00|00|05|fa0001|3445013f82[payload->]?.||33,343
2025-08-02T15:35:26.680 0100|01|00|18|e601fe|34450102c81024a00084ffffffffffffffffffffffffa505[payload->]...$.................||1,445
2025-08-02T16:05:26.395 0100|00|00|05|fa0001|3445013f82[payload->]?.||33,343
2025-08-02T16:05:26.496 0100|01|00|18|e601fe|34450102c81024a00084ffffffffffffffffffffffffa505[payload->]...$.................||1,445
2025-08-02T16:35:26.460 0100|00|00|05|fa0001|3445013f82[payload->]?.||33,343
2025-08-02T16:35:26.561 0100|01|00|18|e601fe|34450102c81024a00084ffffffffffffffffffffffffa505[payload->]...$.................||1,445
2025-08-02T17:05:27.326 0100|00|00|05|fa0001|3445013f82[payload->]?.||33,343
2025-08-02T17:05:27.427 0100|01|00|18|e601fe|34450102c81024a00084ffffffffffffffffffffffffa505[payload->]...$.................||1,445
2025-08-02T17:31:29.328 0100|00|00|05|fa0001|3445013f82[payload->]?.||33,343
2025-08-02T17:31:29.429 0100|01|00|18|e601fe|34450102c81024a00084ffffffffffffffffff0121bb0100[payload->]...$.............!...||0,001
2025-08-02T17:35:26.388 0100|00|00|05|fa0001|3445013f82[payload->]?.||33,343
2025-08-02T17:35:26.489 0100|01|00|18|e601fe|34450102c81024a00084ffffffffffffffffffffffffa505[payload->]...$.................||1,445
2025-08-02T18:05:26.494 0100|00|00|05|fa0001|3445013f82[payload->]?.||33,343
2025-08-02T18:05:26.695 0100|01|00|18|e601fe|34450102c81024a00084ffffffffffffffffffffffffa505[payload->]...$.................||1,445
2025-08-02T18:35:26.499 0100|00|00|05|fa0001|3445013f82[payload->]?.||33,343
2025-08-02T19:05:26.861 0100|00|00|05|fa0001|3445013f82[payload->]?.||33,343
2025-08-02T19:05:27.063 0100|01|00|18|e601fe|34450102c81024a00084ffffffffffffffffffffffffa505[payload->]...$.................||1,445
2025-08-02T19:31:29.389 0100|00|00|05|fa0001|3445013f82[payload->]?.||33,343
2025-08-02T19:35:27.098 0100|00|00|05|fa0001|3445013f82[payload->]?.||33,343
2025-08-02T19:35:27.200 0100|01|00|18|e601fe|34450102c81024a00084ffffffffffffffffffffffffa505[payload->]...$.................||1,445
2025-08-02T20:05:28.516 0100|00|00|05|fa0001|3445013f82[payload->]?.||33,343
2025-08-02T20:05:28.818 0100|01|00|18|e601fe|34450102c81024a00084ffffffffffffffffffffffffa505[payload->]...$.................||1,445
2025-08-02T20:31:29.816 0100|00|00|05|ea0001|3445013f82[payload->]?.||33,343
2025-08-02T20:31:30.118 0100|01|00|18|e601fe|34450102c81024a00084ffffffffffffffffffffffffa505[payload->]...$.................||1,445
2025-08-02T20:35:29.032 0100|00|00|05|fa0001|3445013f82[payload->]?.||33,343
2025-08-02T20:35:29.133 0100|01|00|18|e601fe|34450102c81024a00084ffffffffffffffffffffffffa505[payload->]...$.................||1,445
2025-08-02T21:05:29.019 0100|00|00|05|fa0001|3445013f82[payload->]?.||33,343
2025-08-02T21:05:29.220 0100|01|00|18|e601fe|34450102c81024a00084ffffffffffffffffffffffffa505[payload->]...$.................||1,445
2025-08-02T21:35:28.962 0100|00|00|05|fa0001|3445013f82[payload->]?.||33,343
2025-08-02T21:35:29.163 0100|01|00|18|e601fe|34450102c81024a00084ffffffffffffffffffffffffa505[payload->]...$.................||1,445
2025-08-02T22:05:28.962 0100|00|00|05|fa0001|3445013f82[payload->]?.||33,343
2025-08-02T22:05:29.164 0100|01|00|18|e601fe|34450102c81024a00084ffffffffffffffffffffffffa505[payload->]...$.................||1,445
2025-08-02T22:35:28.949 0100|00|00|05|fa0001|3445013f82[payload->]?.||33,343
2025-08-02T22:35:29.252 0100|01|00|18|e601fe|34450102c81024a00084ffffffffffffffffffffffffa505[payload->]...$.................||1,445
2025-08-02T23:05:30.642 0100|00|00|05|fa0001|3445013f82[payload->]?.||33,343
2025-08-02T23:05:30.844 0100|01|00|18|e601fe|34450102c81024a00084ffffffffffffffffffffffffa505[payload->]...$.................||1,445
2025-08-02T23:35:30.252 0100|00|00|05|fa0001|3445013f82[payload->]?.||33,343
2025-08-02T23:35:30.453 0100|01|00|18|e601fe|34450102c81024a00084ffffffffffffffffffffffffa505[payload->]...$.................||1,445
2025-08-03T00:05:30.341 0100|00|00|05|fa0001|3445013f82[payload->]?.||33,343
2025-08-03T00:05:30.442 0100|01|00|18|e601fe|34450102c81024a00084ffffffffffffffffffffffffa505[payload->]...$.................||1,445
2025-08-03T00:35:30.145 0100|00|00|05|fa0001|3445013f82[payload->]?.||33,343
2025-08-03T00:35:30.347 0100|01|00|18|e601fe|34450102c81024a00084ffffffffffffffffffffffffa505[payload->]...$.................||1,445
2025-08-03T00:56:59.223 0100|01|00|06|f801fe|344501007199[payload->].q.||39,281
2025-08-03T01:05:33.170 0100|00|00|05|fa0001|3445013f82[payload->]?.||33,343
2025-08-03T01:05:33.371 0100|01|00|18|e601fe|34450102c81024a00084ffffffffffffffffffffffffa505[payload->]...$.................||1,445
2025-08-03T01:35:34.820 0100|00|00|05|fa0001|3445013f82[payload->]?.||33,343
2025-08-03T01:35:35.022 0100|01|00|18|e601fe|34450102c81024a00084ffffffffffffffffffffffffa505[payload->]...$.................||1,445
2025-08-03T02:05:34.003 0100|00|00|05|fa0001|3445013f82[payload->]?.||33,343
2025-08-03T02:05:34.104 0100|01|00|18|e601fe|34450102c81024a00084ffffffffffffffffffffffffa505[payload->]...$.................||1,445
2025-08-03T02:31:30.187 0100|00|00|05|fa0001|3445013f82[payload->]?.||33,343
2025-08-03T02:31:30.389 0100|01|00|18|e601fe|34450102c81024a00084fffffffffffffdffffffffffa505[payload->]...$.................||1,445
2025-08-03T02:35:35.356 0100|00|00|05|fa0001|3445013f82[payload->]?.||33,343
2025-08-03T02:35:35.558 0100|01|00|18|e601fe|34450102c81024a00084ffffffffffffffffffffffffa505[payload->]...$.................||1,445
2025-08-03T03:05:35.576 0100|00|00|05|fa0001|3445013f82[payload->]?.||33,343
2025-08-03T03:05:35.678 0100|01|00|18|e601fe|34450102c81024a00084ffffffffffffffffffffffffa505[payload->]...$.................||1,445
2025-08-03T03:31:29.659 0100|01|00|18|e601fe|34450102c81024a00084ffffffffffffffffffffffffa505[payload->]...$.................||1,445
2025-08-03T03:35:35.549 0100|01|00|18|e601fe|34450102c81024a00084ffffffffffffffffffffffffa505[payload->]...$.................||1,445
2025-08-03T04:05:35.232 0100|00|00|05|fa0001|3445013f82[payload->]?.||33,343
2025-08-03T04:05:35.434 0100|01|00|18|e601fe|34450102c81024a00084ffffffffffffffffffffffffa505[payload->]...$.................||1,445
2025-08-03T04:35:35.704 0100|00|00|05|fa0001|3445013f82[payload->]?.||33,343
2025-08-03T04:35:35.805 0100|01|00|18|e601fe|34450102c81024a00084ffffffffffffffffffffffffa505[payload->]...$.................||1,445
2025-08-03T05:05:35.305 0100|00|00|05|fa0001|3445013f82[payload->]?.||33,343
2025-08-03T05:05:35.507 0100|01|00|18|e601fe|34450102c81024a00084ffffffffffffffffffffffffa505[payload->]...$.................||1,445
2025-08-03T05:35:35.334 0100|00|00|05|fa0001|3445013f82[payload->]?.||33,343
2025-08-03T05:35:35.435 0100|01|00|18|e601fe|34450102c81024a00084ffffffffffffffffffffffffa505[payload->]...$.................||1,445
2025-08-03T06:05:35.450 0100|00|00|05|fa0001|3445013f82[payload->]?.||33,343
2025-08-03T06:05:35.551 0100|01|00|18|e601fe|34450102c81024a00084ffffffffffffffffffffffffa505[payload->]...$.................||1,445
2025-08-03T06:31:29.871 0100|00|00|05|fa0001|3445013f82[payload->]?.||33,343
2025-08-03T06:31:30.073 0100|01|00|18|e601fe|34450102c81024a00084ffffffffffffffffffffffffa505[payload->]...$.................||1,445
2025-08-03T06:35:35.350 0100|00|00|05|fa0001|3445013f82[payload->]?.||33,343
2025-08-03T06:35:35.551 0100|01|00|18|e601fe|34450102c81024a00084fffffbffffffffffffffffffa505[payload->]...$.................||1,445
2025-08-03T07:05:35.444 0100|00|00|05|fa0001|3445013f82[payload->]?.||33,343
2025-08-03T07:05:35.646 0100|01|00|18|e601fe|34450102c81024a00084ffffffffffffffffffffffffa505[payload->]...$.................||1,445
2025-08-03T07:31:30.881 0100|00|00|05|fa0001|3445013f00[payload->]?.||0,063
2025-08-03T07:57:54.248 0100|01|00|06|f801fe|344501007199[payload->].q.||39,281
2025-08-03T08:05:36.678 0100|00|00|05|fa0001|3445013f82[payload->]?.||33,343
2025-08-03T08:05:36.880 0100|01|00|18|e601fe|34450102c81024a00084ffffffffffffffffffffffffa505[payload->]...$.................||1,445
2025-08-03T08:35:36.689 0100|00|00|05|fa0001|3445013f82[payload->]?.||33,343
2025-08-03T08:35:36.790 0100|01|00|18|e601fe|34450102c81024a00084ffffffffffffffffffffffffe505[payload->]...$.................||1,509
2025-08-03T09:05:37.055 0100|00|00|05|fa0001|3445013f82[payload->]?.||33,343
2025-08-03T09:05:37.357 0100|01|00|18|e601fe|34450102c81024a00084fffffffffffeffffffffffffa505[payload->]...$.................||1,445
2025-08-03T09:35:37.674 0100|00|00|05|fa0001|3445013f82[payload->]?.||33,343
2025-08-03T09:35:37.876 0100|01|00|18|e601fe|34450102c81024a00084ffffffffffffffffffffffffa505[payload->]...$.................||1,445
2025-08-03T10:05:37.001 0100|00|00|05|fa0001|3445013f82[payload->]?.||33,343
2025-08-03T10:05:37.102 0100|01|00|18|e601fe|34450102c81024a00084ffffffffffffffffffffffffa505[payload->]...$.................||1,445
2025-08-03T10:35:37.158 0100|00|00|05|fa0001|3445013f82[payload->]?.||33,343
2025-08-03T11:05:37.026 0100|00|00|05|fa0001|3445013f82[payload->]?.||33,343
2025-08-03T11:05:37.228 0100|01|00|18|e601fe|34450102c81024a00084ffffffffffffffffffffffffa505[payload->]...$.................||1,445
2025-08-03T11:35:36.999 0100|00|00|05|fa0001|3445013f82[payload->]?.||33,343
2025-08-03T11:35:37.100 0100|03|00|18|e601fe|34450102c81024a00084ffffffffffffffffffffffffa505[payload->]...$.................||1,445
2025-08-03T12:05:38.139 0100|00|00|05|fa0001|3445013f82[payload->]?.||33,343
2025-08-03T12:05:38.241 0100|01|00|18|e601fe|34450102c81024a00084ffffffffffffffffffffffffa505[payload->]...$.................||1,445
2025-08-03T12:35:38.191 0100|00|00|05|fa0001|3445013f82[payload->]?.||33,343
2025-08-03T12:35:38.292 0100|01|00|18|e601fe|34450102c81024a00084ffffffffffffffffffffffffa505[payload->]...$.................||1,445
2025-08-03T13:05:38.124 0100|00|00|05|fa0001|3445013f82[payload->]?.||33,343
2025-08-03T13:05:38.225 0100|01|00|18|e601fe|34450102c81024a00084ffffffffffffffffffffffffa505[payload->]...$.................||1,445
2025-08-03T13:23:27.047 0100|00|00|05|fa0001|344501ff8f[payload->]..||36,863
2025-08-03T13:31:30.387 0100|00|00|05|fa0001|3445013f71[payload->]?q||28,991
2025-08-03T13:35:38.153 0100|00|00|05|fa0001|3445013f82[payload->]?.||33,343
2025-08-03T13:35:38.255 0100|01|00|18|e601fe|34450102c81024a00084ffffffffffffffffffffffffa505[payload->]...$.................||1,445
2025-08-03T14:05:38.241 0100|00|00|05|fa0001|3445013f82[payload->]?.||33,343
2025-08-03T14:05:38.342 0100|01|00|18|e601fe|34450102c81024a00084ffffffffffffffffffffffffa505[payload->]...$.................||1,445
2025-08-03T14:35:38.110 0100|00|00|05|fa0001|3445013f82[payload->]?.||33,343
2025-08-03T14:35:38.211 0100|01|00|18|e601fe|34450102c81024a00084ffffffffffffffffffffffffa505[payload->]...$.................||1,445
2025-08-03T15:05:38.185 0100|00|00|05|fa0001|3445013f82[payload->]?.||33,343
2025-08-03T15:05:38.286 0100|01|00|18|e601fe|34450102c81024a00084ffffffffffffffffffffffffa505[payload->]...$.................||1,445
2025-08-03T15:31:29.655 0100|00|00|05|fa0001|3445013f82[payload->]?.||33,343
2025-08-03T15:31:29.857 0100|01|00|18|e601fe|34450102c8342301000000000000b8760100000005fa0001[payload->]..4#........v........||0,256
2025-08-03T15:35:38.114 0100|00|00|05|fa0001|3445013f82[payload->]?.||33,343
2025-08-03T15:35:38.215 0100|01|00|18|e601fe|34450102c81024a00084ffffffffffffffffffffffffa505[payload->]...$.................||1,445
2025-08-03T16:35:40.450 0100|00|00|05|fa0001|3445013f82[payload->]?.||33,343
2025-08-03T16:35:40.552 0100|01|00|18|e601fe|34450102c81024a00084ffffffffffffffffffffffffa505[payload->]...$.................||1,445
2025-08-03T17:05:40.489 0100|00|00|05|fa0001|3445013f82[payload->]?.||33,343
2025-08-03T17:31:29.743 0100|00|00|05|fa0001|3445013f82[payload->]?.||33,343
2025-08-03T17:31:29.945 0100|01|00|18|e601fe|34450102c81024a00084ffffffffffffffffffffffffa505[payload->]...$.................||1,445
2025-08-03T17:35:40.453 0100|00|00|05|fa0001|3445013f82[payload->]?.||33,343
2025-08-03T17:35:40.554 0100|01|00|18|e601fe|34450102c81024a00084ffffffffffffffffffffffffa505[payload->]...$.................||1,445
2025-08-03T17:46:10.275 0100|01|00|06|f801fe|344501007199[payload->].q.||39,281
2025-08-03T17:49:00.162 0100|41|00|06|f801fe|344501007199[payload->].q.||39,281
2025-08-03T18:05:41.346 0100|00|00|05|fa0001|3445013f82[payload->]?.||33,343
