2025-07-30T20:34:53.421 0100|00|00|05|fa0001|3442010f80[payload->]..||32,783
2025-07-30T20:34:53.623 0100|01|00|18|e601fe|34420102c81024a00084ffffffffffffffffffffffff1273[payload->]...$................s||29,458
2025-07-30T21:04:54.660 0100|00|00|05|fa0001|3442010f80[payload->]..||32,783
2025-07-30T21:04:54.862 0100|01|00|18|e601fe|34420102c81024a00084ffffffffffffffffffffffff1273[payload->]...$................s||29,458
2025-07-30T21:34:54.679 0100|00|00|05|fa0001|3442010f80[payload->]..||32,783
2025-07-30T21:34:54.781 0100|01|00|18|e601fe|34420102c81024a00084ffffffffffffffffffffffff1273[payload->]...$................s||29,458
2025-07-30T22:04:54.599 0100|00|00|05|fa0001|3442010f80[payload->]..||32,783
2025-07-30T22:04:54.700 0100|01|00|18|e601fe|34420102c81024a00084ffffffffffffffffffffffff1273[payload->]...$................s||29,458
2025-07-30T22:34:54.482 0100|00|00|05|fa0001|3442010f80[payload->]..||32,783
2025-07-30T22:34:54.683 0100|01|00|18|e601fe|34420102c81024a00084ffffffffffffffffffffffff1273[payload->]...$................s||29,458
2025-07-30T23:04:54.696 0100|00|00|05|fa0001|3442010f80[payload->]..||32,783
2025-07-30T23:04:54.798 0100|01|00|18|e601fe|34420100c81024a00084ffffffffffffffffffffffff1273[payload->]...$................s||29,458
2025-07-30T23:34:54.559 0100|00|00|05|fa0001|3442010f80[payload->]..||32,783
2025-07-30T23:34:54.761 0100|01|00|18|e601fe|34420102c81024a00084ffffffffffffffffffffffff1273[payload->]...$................s||29,458
2025-07-31T00:04:54.573 0100|00|00|05|fa0001|3442010f80[payload->]..||32,783
2025-07-31T00:04:54.674 0100|01|00|18|e601fe|34420102c81024a00084ffffffffffffffffffffffff1273[payload->]...$................s||29,458
2025-07-31T01:04:54.503 0100|00|00|05|fa0001|3442010f80[payload->]..||32,783
2025-07-31T01:04:54.705 0100|01|00|18|e601fe|34420102c81024a00084ffffffffffffffffffffffff1273[payload->]...$................s||29,458
2025-07-31T01:34:54.575 0100|00|00|05|fa0001|3442010f80[payload->]..||32,783
2025-07-31T01:34:54.676 0100|01|00|18|e601fe|34420102c81024a00084ffffffffffffffffffffffff1273[payload->]...$................s||29,458
2025-07-31T02:04:54.551 0100|00|00|05|fa0001|3442010f80[payload->]..||32,783
2025-07-31T02:04:54.653 0100|01|00|18|e601fe|34420102c81024a00084ffffffffffffffffffffffff1273[payload->]...$................s||29,458
2025-07-31T02:34:55.994 0100|00|00|05|fa0001|3442010f80[payload->]..||32,783
2025-07-31T02:34:56.095 0100|01|00|18|e601fe|34420102c81024a00084ffffffffffffffffffffffff1273[payload->]...$................s||29,458
2025-07-31T03:34:55.993 0100|00|00|05|fa0001|3442010f80[payload->]..||32,783
2025-07-31T03:34:56.093 0100|01|00|18|e401fe|34420102c81024a00084ffdfffffffffffffffffffff1273[payload->]...$................s||29,458
2025-07-31T04:04:55.977 0100|00|00|05|fa0001|3442010f80[payload->]..||32,783
2025-07-31T04:04:56.179 0100|01|00|18|e601fe|34420102c81024a00084ffffffffffffffffffffffff1273[payload->]...$................s||29,458
2025-07-31T04:31:29.399 0100|00|00|05|fa0001|3442010f80[payload->]..||32,783
2025-07-31T04:31:29.601 0100|01|00|18|e601fe|34420102c81024a00084ffffffffffffffffffffffff1273[payload->]...$................s||29,458
2025-07-31T04:34:55.910 0100|00|00|05|fa0001|3442010f80[payload->]..||32,783
2025-07-31T04:34:56.112 0100|01|00|18|e601fe|34420102c81024a00084ffffffffff7fffffffffffff1273[payload->]...$................s||29,458
2025-07-31T05:04:57.890 0100|00|00|05|fa0001|3442010f80[payload->]..||32,783
2025-07-31T05:04:57.992 0100|01|00|18|e601fe|34420102c81024a00084ffffffffffffffffffffffff1273[payload->]...$................s||29,458
2025-07-31T05:34:58.105 0100|00|00|05|fa0001|3442010f80[payload->]..||32,783
2025-07-31T05:34:58.206 0100|01|00|18|e601fe|34420102c81024a00084ffffffffffffffffffffffff1273[payload->]...$................s||29,458
2025-07-31T06:04:57.822 0100|00|00|05|fa0001|3442010f80[payload->]..||32,783
2025-07-31T06:04:58.024 0100|01|00|18|e601fe|34420102c81024a00084ffffffffffffffffffffffff1273[payload->]...$................s||29,458
2025-07-31T06:34:59.901 0100|00|00|05|fa0001|3442010f80[payload->]..||32,783
2025-07-31T06:35:00.002 0100|01|00|18|e601fe|34420102c81024a00084ffffffffffffffffffffffff1273[payload->]...$................s||29,458
2025-07-31T07:34:59.841 0100|00|00|05|fa0001|3442010f80[payload->]..||32,783
2025-07-31T07:34:59.942 0100|01|00|18|e601fe|34420102c81024a00084ffffffffffffffffffffffff1273[payload->]...$................s||29,458
2025-07-31T08:34:59.841 0100|00|00|05|fa0001|3442010f80[payload->]..||32,783
2025-07-31T08:34:59.942 0100|01|00|18|e601fe|34420102c81024a00084ffffffffffffffffffffffff1273[payload->]...$................s||29,458
2025-07-31T09:04:59.772 0100|00|00|05|fa0001|3442010f80[payload->]..||32,783
2025-07-31T09:05:00.074 0100|01|00|18|e601fe|34420102c81024a00084ffffffffffffffffffffffff1273[payload->]...$................s||29,458
2025-07-31T09:35:00.028 0100|00|00|05|fa0001|3442010f80[payload->]..||32,783
2025-07-31T09:35:00.129 0100|01|00|18|e601fe|34420102c81024a00084ffffffffffffffffffffffff1273[payload->]...$................s||29,458
2025-07-31T10:04:59.852 0100|00|00|05|fa0001|3442010f80[payload->]..||32,783
2025-07-31T10:04:59.953 0100|01|00|18|e601fe|34420102c81024a00084ffffffffffffffffffffffff1273[payload->]...$................s||29,458
2025-07-31T10:35:02.569 0100|00|00|05|fa0001|3442010f80[payload->]..||32,783
2025-07-31T10:35:02.771 0100|01|00|18|e601fe|34420102c81024a00084ffffffffffffffffffffffff1273[payload->]...$................s||29,458
2025-07-31T11:05:01.719 0100|00|00|05|fa0001|3442010f80[payload->]..||32,783
2025-07-31T11:05:01.921 0100|01|00|18|e601fe|34420102c81024a00084ffffffffffffffffffffffff1273[payload->]...$................s||29,458
2025-07-31T11:35:01.717 0100|00|00|05|fa0001|3442010f80[payload->]..||32,783
2025-07-31T11:35:01.819 0100|01|00|18|e601fe|34420102c81024a00084ffffffffffffffffffffdfff1273[payload->]...$................s||29,458
2025-07-31T12:05:02.789 0100|00|00|05|fa0001|3442010f80[payload->]..||32,783
2025-07-31T12:05:02.890 0100|01|00|18|e601fe|34420102c81024a00084ffffffffffffffffffffffff1273[payload->]...$................s||29,458
2025-07-31T12:35:02.735 0100|00|00|05|fa0001|3442010f80[payload->]..||32,783
2025-07-31T12:35:02.836 0100|01|00|18|e601fe|34420102c81024a00084ffffffffffffffffffffffff1273[payload->]...$................s||29,458
2025-07-31T13:05:02.694 0100|00|00|05|fa0001|3442010f80[payload->]..||32,783
2025-07-31T13:05:02.896 0100|01|00|18|e601fe|34420102c81024a00084ffffffffffffffffffffffff1273[payload->]...$................s||29,458
2025-07-31T13:31:29.656 0100|00|00|05|fa0001|3442010f80[payload->]..||32,783
2025-07-31T13:31:29.858 0100|01|00|18|e601fe|34420102c81024a00084ffffffffffffffffffffffff1273[payload->]...$................s||29,458
2025-07-31T13:35:04.168 0100|00|00|05|fa0001|3442010f80[payload->]..||32,783
2025-07-31T13:35:04.370 0100|01|00|18|e601fe|34420102c81024a00084ffffffffffffffffffffffff1273[payload->]...$................s||29,458
2025-07-31T13:44:07.585 0100|01|00|06|f801fe|344201007f79[payload->]..y||31,103
2025-07-31T14:05:04.859 0100|00|00|05|fa0001|3442010f80[payload->]..||32,783
2025-07-31T14:05:04.960 0100|01|00|18|e601fe|34420102c81024a00084ffffffffffffffffffffffff1273[payload->]...$................s||29,458
2025-07-31T14:31:29.077 0100|00|00|05|fa0001|3442010f80[payload->]..||32,783
2025-07-31T14:31:29.279 0100|01|00|18|e601fe|34420102c81024a00084ffffffffffffffffffffffff1273[payload->]...$................s||29,458
2025-07-31T14:35:04.749 0100|00|00|05|fa0001|3442010f80[payload->]..||32,783
2025-07-31T14:35:04.850 0100|01|00|18|e601fe|34420102c81024a00084ffffffffffffffffffffffff1273[payload->]...$................s||29,458
2025-07-31T15:05:06.015 0100|00|00|05|fa0001|3442010f80[payload->]..||32,783
2025-07-31T15:05:06.217 0100|01|00|18|e601fe|34420102c81024a00084ffffffffffffffffffffffff1273[payload->]...$................s||29,458
2025-07-31T15:35:08.141 0100|00|00|05|fa0001|3442010f80[payload->]..||32,783
2025-07-31T15:35:08.342 0100|01|00|18|e601fe|34420102c81024a00084ffffffffffffffffffffffff1273[payload->]...$................s||29,458
2025-07-31T16:05:08.105 0100|00|00|05|fa0001|3442010f80[payload->]..||32,783
2025-07-31T16:05:08.211 0100|01|00|18|e601fe|34420102c81024a00084ffffffffffffffffffffffff1273[payload->]...$................s||29,458
2025-07-31T16:35:08.137 0100|00|00|05|fa0001|3442010f80[payload->]..||32,783
2025-07-31T16:35:08.238 0100|01|00|18|e601fe|34420102c81024a00084ffffffffffffffffffffffff1273[payload->]...$................s||29,458
2025-07-31T17:05:09.506 0100|00|00|05|fa0001|3442010f80[payload->]..||32,783
2025-07-31T17:05:09.608 0100|01|00|18|e601fe|34420102c81024a00084ffffffffffffffffffffffff1273[payload->]...$................s||29,458
2025-07-31T17:31:29.318 0100|00|00|05|fa0001|3442010f80[payload->]..||32,783
2025-07-31T17:31:29.419 0100|01|00|18|e601fe|34420102c81024a00084ffffffffffffffffffffffff1273[payload->]...$................s||29,458
2025-07-31T17:35:09.901 0100|00|00|05|fa0001|3442010f80[payload->]..||32,783
2025-07-31T18:05:09.257 0100|00|00|05|fa0001|3442010f80[payload->]..||32,783
2025-07-31T18:35:10.188 0100|00|00|05|fa0001|3442010f80[payload->]..||32,783
2025-07-31T18:35:10.290 0100|01|00|18|e601fe|34420102c81024a00084ffffffffffffffffffffffff1273[payload->]...$................s||29,458
2025-07-31T19:05:11.283 0100|00|00|05|fa0001|3442010f80[payload->]..||32,783
2025-07-31T19:05:11.384 0100|01|00|18|e601fe|34420102c81024a00084ffffffffffffffffffffffff1273[payload->]...$................s||29,458
2025-07-31T19:31:29.493 0100|01|00|18|e601fe|34420102c81024a00084ffffffffffffffffffffffff1273[payload->]...$................s||29,458
2025-07-31T19:35:11.230 0100|00|00|05|fa0001|3442010f80[payload->]..||32,783
2025-07-31T19:35:11.331 0100|01|00|18|e601fe|34420102c81024a00084ffffffffffffffffffffffff1273[payload->]...$................s||29,458
2025-07-31T20:05:11.180 0100|00|00|05|fa0001|3442010f80[payload->]..||32,783
2025-07-31T20:05:11.281 0100|01|00|18|e601fe|34420102c81024a00084ffffffffffffffffffffffff1273[payload->]...$................s||29,458
2025-07-31T20:35:11.297 0100|00|00|05|fa0001|3442010f80[payload->]..||32,783
2025-07-31T20:35:11.398 0100|01|00|18|e601fe|34420102c81024a00084ffffffffffffffffffffffff1273[payload->]...$................s||29,458
2025-07-31T21:05:11.200 0100|00|00|05|fa0001|3442010f80[payload->]..||32,783
2025-07-31T21:05:11.402 0100|01|00|18|e601fe|34420102c81024a00084ffffffffffffffffffffffff1273[payload->]...$................s||29,458
2025-07-31T21:35:12.103 0100|00|00|05|fa0001|3442010f80[payload->]..||32,783
2025-07-31T21:35:12.204 0100|01|00|18|e601fe|34420102c81024a00084ffffffffffffffffffffffff1273[payload->]...$................s||29,458
2025-07-31T22:05:13.368 0100|00|00|05|fa0001|3442010f80[payload->]..||32,783
2025-07-31T22:05:13.469 0100|01|00|18|e601fe|34420102c81024a00084ffffffffffffffffffffffff1273[payload->]...$................s||29,458
2025-07-31T22:35:13.972 0100|00|00|05|fa0001|3442010f80[payload->]..||32,783
2025-07-31T22:35:14.073 0100|01|00|18|e601fe|34420102c81024a00084ffffffffffffffffffffffdf1273[payload->]...$................s||29,458
2025-07-31T23:05:16.456 0100|00|00|05|fa0001|3442010f80[payload->]..||32,783
2025-07-31T23:05:16.557 0100|01|00|18|e601fe|34420102c81024a00084ffffffffffffffffffffffff1273[payload->]...$................s||29,458
2025-07-31T23:31:29.247 0100|00|00|05|fa0001|3442010f80[payload->]..||32,783
2025-07-31T23:31:29.348 0100|01|00|18|e601fe|34420102c81024a00084ffffffffffffffffffffffff1273[payload->]...$................s||29,458
2025-07-31T23:35:16.359 0100|00|00|05|fa0001|3442010f80[payload->]..||32,783
2025-07-31T23:35:16.561 0100|01|00|18|e601fe|34420102c81024a00084ffffffffffffffffffffffff1273[payload->]...$................s||29,458
2025-08-01T00:05:16.520 0100|00|00|05|fa0001|3442010f80[payload->]..||32,783
2025-08-01T00:05:16.722 0100|01|00|18|e601fe|34420102c81024a00084ffffffffffffffffffffffff1273[payload->]...$................s||29,458
2025-08-01T00:31:29.408 0100|01|00|18|e601fe|34420102c81024a00084ffffffffffffffffffffffff1273[payload->]...$................s||29,458
2025-08-01T00:35:16.438 0100|00|00|05|fa0001|3442010f80[payload->]..||32,783
2025-08-01T00:35:16.539 0100|01|00|18|e601fe|34420102c81024a00084ffffffffffffffffffffffff1273[payload->]...$................s||29,458
2025-08-01T01:05:16.333 0100|00|00|05|fa0001|3442010f80[payload->]..||32,783
2025-08-01T01:05:16.534 0100|01|00|18|e601fe|34420102c81024a00084ffffffffffffffffffffffff1273[payload->]...$................s||29,458
2025-08-01T01:31:30.643 0100|01|00|18|e601fe|34420102c80024a00084ffffffffffffffffffffffff1273[payload->]...$................s||29,458
2025-08-01T01:35:16.258 0100|00|00|05|fa0001|3442010f80[payload->]..||32,783
2025-08-01T01:35:16.459 0100|01|00|18|e601fe|34420102c81024a00084ffffffffffffffffffffffff1273[payload->]...$................s||29,458
2025-08-01T02:05:17.641 0100|00|00|05|fa0001|3442010f80[payload->]..||32,783
2025-08-01T02:05:17.743 0100|01|00|18|e601fe|34420102c81024a00084ffffffffffffffffffffffff1273[payload->]...$................s||29,458
2025-08-01T02:35:17.462 0100|00|00|05|fa0001|3442010f80[payload->]..||32,783
2025-08-01T02:35:17.563 0100|01|00|18|e601fe|34420102c81024a00084ffffffffffffffffffffffff1273[payload->]...$................s||29,458
2025-08-01T03:05:17.434 0100|00|00|05|fa0001|3442010f80[payload->]..||32,783
2025-08-01T03:05:17.635 0100|01|00|18|e601fe|34420102c81024a00084ffffffffffffffffffffffff1273[payload->]...$................s||29,458
2025-08-01T03:31:28.790 0100|00|00|05|fa0001|3442010f80[payload->]..||32,783
2025-08-01T03:31:28.891 0100|01|00|18|e601fe|34420102c81024a00084ffffffffffffffffffffffff1273[payload->]...$................s||29,458
2025-08-01T03:35:18.738 0100|00|00|05|fa0001|3442010f80[payload->]..||32,783
2025-08-01T03:35:18.839 0100|01|00|18|e601fe|34420102c81024a00084ffffffffffffffffffffffff1273[payload->]...$................s||29,458
2025-08-01T04:05:19.624 0100|00|00|05|fa0001|3442010f80[payload->]..||32,783
2025-08-01T04:05:19.726 0100|01|00|18|e601fe|34420102c81024a00084ffffffffffffffffffffffff1273[payload->]...$................s||29,458
2025-08-01T04:31:28.871 0100|00|00|05|fa0001|3442010f80[payload->]..||32,783
2025-08-01T04:31:29.073 0100|01|00|18|e601fe|34420102c81024a00084ffffffffffffffffffffffff1273[payload->]...$................s||29,458
2025-08-01T04:35:19.681 0100|00|00|05|fa0001|3442010f80[payload->]..||32,783
2025-08-01T04:35:19.782 0100|01|00|18|e601fe|34420102c81024a00084ffffffffffffffffffffffff1273[payload->]...$................s||29,458
2025-08-01T04:40:50.979 0100|00|00|05|fa0001|344201ffa8[payload->]..||43,263
2025-08-01T05:05:19.759 0100|00|00|05|fa0001|3442010f80[payload->]..||32,783
2025-08-01T05:05:19.860 0100|01|00|18|e601fe|34420102c81024a00084ffffffffffffffffffffffff1273[payload->]...$................s||29,458
2025-08-01T05:35:19.641 0100|00|00|05|fa0001|3442010f80[payload->]..||32,783
2025-08-01T05:35:19.742 0100|01|00|18|e601fe|34420102c81024a00084ffffffffffffffffffffffff1273[payload->]...$................s||29,458
2025-08-01T06:05:19.602 0100|00|00|05|fa0001|3442010f80[payload->]..||32,783
2025-08-01T06:05:19.804 0100|01|00|18|e601fe|34420102c81024a00084ffffffffffffffffffffffff1273[payload->]...$................s||29,458
2025-08-01T06:31:28.729 0100|00|00|05|fa0001|3442010f80[payload->]..||32,783
2025-08-01T06:31:28.830 0100|01|00|18|e601fe|34420102c81024a00084ffffffffffffffffffffffffffff[payload->]...$.................||65,535
2025-08-01T06:35:19.631 0100|00|00|05|fa0001|3442010f80[payload->]..||32,783
2025-08-01T06:35:19.732 0100|01|00|18|e601fe|34420102c81024a00084ffffffffffffffffffffffff1273[payload->]...$................s||29,458
2025-08-01T07:05:19.463 0100|00|00|05|fa0001|3442010f80[payload->]..||32,783
2025-08-01T07:05:19.664 0100|01|00|18|e601fe|34420102c81024a00084ffffffffffffffffffffffff1273[payload->]...$................s||29,458
2025-08-01T07:31:28.885 0100|00|00|05|fa0001|3442010f80[payload->]..||32,783
2025-08-01T07:31:29.086 0100|01|00|18|e601fe|34420102c81024a00002c81024a00084ffffffffffffffff[payload->]...$.....$...........||65,535
2025-08-01T07:35:21.302 0100|00|00|05|fa0001|3442010f80[payload->]..||32,783
2025-08-01T07:35:21.503 0100|01|00|18|e601fe|34420102c81024a00084ffffffffffffffffffffffff1273[payload->]...$................s||29,458
2025-08-01T08:05:21.312 0100|00|00|05|fa0001|3442010f80[payload->]..||32,783
2025-08-01T08:05:21.413 0100|01|00|18|e601fe|34420102c81024a00084ffffffffffffffffffffffff1273[payload->]...$................s||29,458
2025-08-01T08:31:29.298 0100|00|00|05|fa0001|3442010f80[payload->]..||32,783
2025-08-01T08:31:29.500 0100|01|00|18|e601fe|34420102c81024a00084ffffffffffffffffffffffff1273[payload->]...$................s||29,458
2025-08-01T08:35:21.292 0100|00|00|05|fa0001|3442010f80[payload->]..||32,783
2025-08-01T08:35:21.393 0100|01|00|18|e601fe|34420102c81024a00084ffffffffffffffffffffffff1273[payload->]...$................s||29,458
2025-08-01T09:05:21.338 0100|00|00|05|fa0001|3442010f80[payload->]..||32,783
2025-08-01T09:05:21.439 0100|01|00|18|e601fe|34420102c81024a00084ffffffffffffffffffffffff1273[payload->]...$................s||29,458
2025-08-01T09:31:29.181 0100|01|00|18|e601fe|34420102c81024a00084ffffffffffffffffffffffff1273[payload->]...$................s||29,458
2025-08-01T09:35:21.913 0100|00|00|05|fa0001|3442010f80[payload->]..||32,783
2025-08-01T09:35:22.115 0100|01|00|18|e601fe|34420102c81024a00084ffffffffffffffffffffffff1273[payload->]...$................s||29,458
2025-08-01T10:05:21.302 0100|00|00|05|fa0001|3442010f80[payload->]..||32,783
2025-08-01T10:05:21.403 0100|01|00|18|e601fe|34420102c81024a00084ffffffffffffffffffffffff1273[payload->]...$................s||29,458
2025-08-01T10:31:29.015 0100|00|00|05|fa0001|3442010f80[payload->]..||32,783
2025-08-01T10:31:29.216 0100|01|00|18|e601fe|34420102c81024a00084ffffffffffffffffffffffff1273[payload->]...$................s||29,458
2025-08-01T10:35:21.347 0100|00|00|05|fa0001|3442010f80[payload->]..||32,783
2025-08-01T10:35:21.449 0100|01|00|18|e601fe|34420102c81024a00084ffffffffffffffffffffffff1273[payload->]...$................s||29,458
2025-08-01T11:05:21.331 0100|00|00|05|fa0001|3442010f80[payload->]..||32,783
2025-08-01T11:05:21.433 0100|01|00|18|e601fe|34420102c81024a00084ffffffffffffffffffffffff1273[payload->]...$................s||29,458
2025-08-01T11:35:21.339 0100|00|00|05|fa0001|3442010f80[payload->]..||32,783
2025-08-01T11:35:21.540 0100|01|00|18|e601fe|34420102c81024a00084ffffffffffdfffffffffffff1273[payload->]...$................s||29,458
2025-08-01T12:05:22.610 0100|00|00|05|fa0001|3442010f80[payload->]..||32,783
2025-08-01T12:05:22.711 0100|01|00|18|e601fe|34420102c81024a00084ffffffffffffffffffffffff1273[payload->]...$................s||29,458
2025-08-01T12:35:23.617 0100|00|00|05|fa0001|3442010f80[payload->]..||32,783
2025-08-01T12:35:23.719 0100|01|00|18|e601fe|34420102c81024a00084ffffffffffffffffffffffff1273[payload->]...$................s||29,458
2025-08-01T13:05:25.343 0100|00|00|05|fa0001|3442010f80[payload->]..||32,783
2025-08-01T13:05:25.444 0100|01|00|18|e601fe|34420102c81024a00084ffffffffffffffffffffffff1273[payload->]...$................s||29,458
2025-08-01T13:35:26.699 0100|00|00|05|fa0001|3442010f80[payload->]..||32,783
2025-08-01T13:35:26.800 0100|01|00|18|e601fe|34420102c81024a00084ffffffffffffffffffffffff1273[payload->]...$................s||29,458
2025-08-01T14:05:26.713 0100|00|00|05|fa0001|3442010f80[payload->]..||32,783
2025-08-01T14:05:26.814 0100|01|00|18|e601fe|34420102c81024a00084ffffffffffffffffffffffff1273[payload->]...$................s||29,458
2025-08-01T14:35:27.663 0100|00|00|05|fa0001|3442010f80[payload->]..||32,783
2025-08-01T14:35:27.764 0100|01|00|18|e601fe|34420102c81024a00084ffffffffffffffffffffffff1273[payload->]...$................s||29,458
2025-08-01T15:05:27.612 0100|00|00|05|fa0001|3442010f80[payload->]..||32,783
2025-08-01T15:05:27.714 0100|01|00|18|e601fe|34420102c81024a00084ffffffffffffffffffffffff1273[payload->]...$................s||29,458
2025-08-01T15:35:29.308 0100|00|00|05|fa0001|3442010f80[payload->]..||32,783
2025-08-01T15:35:29.510 0100|01|00|18|e601fe|34420102c81024a00084ffffffffffffffffffffffff1273[payload->]...$................s||29,458
2025-08-01T16:05:30.142 0100|00|00|05|fa0001|3442010f80[payload->]..||32,783
2025-08-01T16:05:30.243 0100|01|00|18|e601fe|34420102c81024a00084ffffffffffffffffffffffff1273[payload->]...$................s||29,458
2025-08-01T16:35:28.635 0100|00|00|05|fa0001|3442010f80[payload->]..||32,783
2025-08-01T16:35:28.737 0100|01|00|18|e601fe|34420102c81024a00084ffffffffffffffffffffffff1273[payload->]...$................s||29,458
2025-08-01T17:05:28.649 0100|00|00|05|fa0001|3442010f80[payload->]..||32,783
2025-08-01T17:05:28.952 0100|01|00|18|e601fe|34420102c81024a00084ffffffffffffffffffffffff1273[payload->]...$................s||29,458
2025-08-01T17:35:28.699 0100|00|00|05|fa0001|3442010f80[payload->]..||32,783
2025-08-01T17:35:28.801 0100|01|00|18|e601fe|34420102c81024a00084ffffffffffffffffffffffff1273[payload->]...$................s||29,458
2025-08-01T18:05:28.614 0100|00|00|05|fa0001|3442010f80[payload->]..||32,783
2025-08-01T18:05:28.716 0100|01|00|18|e601fe|34420102c81024a00084ffffffffffffffffffffffff1273[payload->]...$................s||29,458
2025-08-01T18:35:28.580 0100|00|00|05|fa0001|3442010f80[payload->]..||32,783
2025-08-01T18:35:28.782 0100|01|00|18|e601fe|34420102c81024a00084ffffffffffffffffffffffff1273[payload->]...$................s||29,458
2025-08-01T19:05:28.655 0100|00|00|05|fa0001|3442010f80[payload->]..||32,783
2025-08-01T19:05:28.857 0100|01|00|18|e601fe|34420102c81024a00084ffffffffffffffffffffffff1273[payload->]...$................s||29,458
2025-08-01T19:35:30.245 0100|00|00|05|fa0001|3442010f80[payload->]..||32,783
2025-08-01T19:35:30.346 0100|01|00|18|e601fe|34420102c81024a00084ffffffffffffffffffffffff1273[payload->]...$................s||29,458
2025-08-01T20:05:30.591 0100|00|00|05|fa0001|3442010f80[payload->]..||32,783
2025-08-01T20:05:30.793 0100|01|00|18|e601fe|34420102c81024a00084ffffffffffffffffffffffff1273[payload->]...$................s||29,458
2025-08-01T20:35:31.984 0100|00|00|05|fa0001|3442010f80[payload->]..||32,783
2025-08-01T20:35:32.085 0100|01|00|18|e601fe|34420102c81024a00084ffffffffffffffffffffffff1273[payload->]...$................s||29,458
2025-08-01T21:05:32.098 0100|00|00|05|fa0001|3442010f80[payload->]..||32,783
2025-08-01T21:05:32.200 0100|01|00|18|e601fe|34420102c81024a00084ffffffffffffffffffffffff1273[payload->]...$................s||29,458
2025-08-01T21:35:31.691 0100|00|00|05|fa0001|3442010f80[payload->]..||32,783
2025-08-01T21:35:31.792 0100|01|00|18|e601fe|34420102c81024a00084ffffffffffffdfffffffffff1273[payload->]...$................s||29,458
2025-08-01T22:05:32.782 0100|00|00|05|fa0001|3442010f80[payload->]..||32,783
2025-08-01T22:05:32.983 0100|01|00|18|e601fe|34420102c81024a00084ffffffffffffffffffffffff1273[payload->]...$................s||29,458
2025-08-01T22:35:32.701 0100|00|00|05|fa0001|3442010f80[payload->]..||32,783
2025-08-01T22:35:32.802 0100|01|00|18|e601fe|34420102c81024a00084ffffffffffffffffffffffff1273[payload->]...$................s||29,458
2025-08-01T23:05:32.819 0100|00|00|05|fa0001|3442010f80[payload->]..||32,783
2025-08-01T23:05:33.021 0100|01|00|18|e601fe|34420102c81024a00084ffffffffffffffffffffffff1273[payload->]...$................s||29,458
2025-08-01T23:35:32.684 0100|00|00|05|fa0001|3442010f80[payload->]..||32,783
2025-08-01T23:35:32.785 0100|01|00|18|e601fe|34420102c81024a00084ffffffffffffffffffffffff1273[payload->]...$................s||29,458
2025-08-02T00:05:32.609 0100|00|00|05|fa0001|3442010f80[payload->]..||32,783
2025-08-02T00:05:32.811 0100|01|00|18|e601fe|34420102c81024a00084ffffffffffffffffffffffff1273[payload->]...$................s||29,458
2025-08-02T00:35:32.589 0100|00|00|05|fa0001|3442010f80[payload->]..||32,783
2025-08-02T00:35:32.791 0100|01|00|18|e601fe|34420102c81024a00084ffffffffffffffffffffffff1273[payload->]...$................s||29,458
2025-08-02T01:05:32.642 0100|00|00|05|fa0001|3442010f80[payload->]..||32,783
2025-08-02T01:35:32.751 0100|01|00|18|e601fe|34420102c81024a00084ffffffffffffffffffffffff1273[payload->]...$................s||29,458
2025-08-02T02:05:32.638 0100|00|00|05|fa0001|3442010f80[payload->]..||32,783
2025-08-02T02:05:32.738 0100|01|00|18|e601fe|34420102c81024a00084ffffffffffffffffffffffff1273[payload->]...$................s||29,458
2025-08-02T02:35:32.846 0100|01|00|18|e601fe|34420102c81024a00084ffffffffffffffffffffffff1273[payload->]...$................s||29,458
2025-08-02T03:05:32.681 0100|00|00|05|fa0001|3442010f80[payload->]..||32,783
2025-08-02T03:05:32.782 0100|01|00|18|e601fe|34420102c81024a00084ffffffffffffffffffffffff1273[payload->]...$................s||29,458
2025-08-02T03:35:32.677 0100|00|00|05|fa0001|3442010f80[payload->]..||32,783
2025-08-02T03:35:32.778 0100|01|00|18|e601fe|34420102c81024a00084ffffffffffffffffffffffff1273[payload->]...$................s||29,458
2025-08-02T04:05:33.540 0100|00|00|05|fa0001|3442010f80[payload->]..||32,783
2025-08-02T04:31:29.154 0100|00|00|05|fa0001|3442010f80[payload->]..||32,783
2025-08-02T04:31:29.356 0100|01|00|18|e601fe|34420102c81024a00084ffffffffffffffffffffffff1273[payload->]...$................s||29,458
2025-08-02T04:35:32.662 0100|00|00|05|fa0001|3442010f80[payload->]..||32,783
2025-08-02T04:35:32.763 0100|01|00|18|e601fe|34420102c81024a00084ffffffffffffffffffffffff1273[payload->]...$................s||29,458
2025-08-02T05:05:32.653 0100|00|00|05|fa0001|3442010f80[payload->]..||32,783
2025-08-02T05:35:32.612 0100|00|00|05|fa0001|3442010f80[payload->]..||32,783
2025-08-02T05:35:32.813 0100|01|00|18|e601fe|34420102c81024a00084ffffffffffffffffffffffff1273[payload->]...$................s||29,458
2025-08-02T06:05:33.372 0100|00|00|05|fa0001|3442010f80[payload->]..||32,783
2025-08-02T06:05:33.474 0100|01|00|18|e601fe|34420102c81024a00084ffffffffffffffffffffffff1273[payload->]...$................s||29,458
2025-08-02T06:31:29.925 0100|00|00|05|fa0001|3442010f80[payload->]..||32,783
2025-08-02T06:31:30.027 0100|01|00|18|e601fe|34420102c81024a00084ffffffffffffffffffffffff1273[payload->]...$................s||29,458
2025-08-02T06:35:33.371 0100|00|00|05|fa0001|3442010f80[payload->]..||32,783
2025-08-02T06:35:33.472 0100|01|00|18|e601fe|34420102c81024a00084ffffffffffffffffffffffff1273[payload->]...$................s||29,458
2025-08-02T07:05:33.292 0100|00|00|05|fa0001|3442010f80[payload->]..||32,783
2025-08-02T07:31:29.071 0100|00|00|05|fa0001|3442010f80[payload->]..||32,783
2025-08-02T07:31:29.172 0100|01|00|18|e601fe|34420102c81024a00084ffffffffffffffffffffffffffff[payload->]...$.................||65,535
2025-08-02T07:35:33.421 0100|00|00|05|fa0001|3442010f80[payload->]..||32,783
2025-08-02T07:35:33.622 0100|01|00|18|e601fe|34420102c81024a00084ffffffffffffff9fffffff1273ff[payload->]...$...............s.||65,395
2025-08-02T08:05:34.382 0100|00|00|05|fa0001|3442010f80[payload->]..||32,783
2025-08-02T08:05:34.483 0100|01|84|18|e601fe|34420102c81024a00084ffffffffffffffffffffffff1273[payload->]...$................s||29,458
2025-08-02T08:35:34.385 0100|00|00|05|fa0001|3442010f80[payload->]..||32,783
2025-08-02T09:05:34.418 0100|00|00|05|fa0001|3442010f80[payload->]..||32,783
2025-08-02T09:35:34.373 0100|00|00|05|fa0001|3442010f80[payload->]..||32,783
2025-08-02T10:05:36.437 0100|00|00|05|fa0001|3442010f80[payload->]..||32,783
2025-08-02T10:05:36.538 0100|41|00|18|e601fe|34420102c81024a00084ffffffffffffffffffffffff1273[payload->]...$................s||29,458
2025-08-02T10:35:35.332 0100|00|00|05|fa0001|3442010f80[payload->]..||32,783
2025-08-02T10:35:35.434 0100|01|00|18|e601fe|34420102c81024a00084ffffffffffffffffffffffff1273[payload->]...$................s||29,458
2025-08-02T11:05:36.467 0100|00|00|05|fa0001|3442010f80[payload->]..||32,783
2025-08-02T11:05:36.568 0100|01|00|18|e601fe|34420102c81024a00084ffffffffffffffffffffffff1273[payload->]...$................s||29,458
2025-08-02T11:35:36.619 0100|00|00|05|fa0001|3442010f80[payload->]..||32,783
2025-08-02T11:35:36.720 0100|01|00|18|e601fe|34420102c81024a00084ffffffffffffffffffffffff1273[payload->]...$................s||29,458
2025-08-02T12:05:37.979 0100|00|00|05|fa0001|3442010f80[payload->]..||32,783
2025-08-02T12:05:38.080 0100|01|00|18|e601fc|34420102c81024a00084ffffffffffffffffffffffff1273[payload->]...$................s||29,458
2025-08-02T12:31:30.550 0100|00|00|05|fa0001|3442010f80[payload->]..||32,783
2025-08-02T12:35:39.017 0100|00|00|05|fa0001|3442010f80[payload->]..||32,783
2025-08-02T12:35:39.118 0100|01|00|18|e601fe|34420102c81024a00084ffffffffffffffffffffffff1273[payload->]...$................s||29,458
2025-08-02T13:05:40.268 0100|00|00|05|fa0001|3442010f80[payload->]..||32,783
2025-08-02T13:05:40.369 0100|01|00|18|e601fe|34420102c81024a00084fffffffffffffdffffffffff1273[payload->]...$................s||29,458
2025-08-02T13:35:42.310 0100|00|00|05|fa0001|3442010f80[payload->]..||32,783
2025-08-02T13:35:42.411 0100|01|00|18|e601fe|34420102c81024a00084ffffffffffffffffffffffff1273[payload->]...$................s||29,458
2025-08-02T14:05:42.309 0100|00|00|05|fa0001|3442010f80[payload->]..||32,783
2025-08-02T14:35:42.278 0100|00|00|05|fa0001|3442010f80[payload->]..||32,783
2025-08-02T14:35:42.379 0100|01|00|18|e601fe|34420102c81024a00084ffffffffffffffffffffffff1273[payload->]...$................s||29,458
2025-08-02T15:05:42.290 0100|00|00|05|fa0001|3442010f80[payload->]..||32,783
2025-08-02T15:05:42.391 0100|01|00|18|e601fe|34420102c81024a00084ffffffffffffffffffffffff1273[payload->]...$................s||29,458
2025-08-02T15:31:28.884 0100|00|00|05|fa0001|3442010f80[payload->]..||32,783
2025-08-02T15:31:28.985 0100|01|00|18|e601fe|34420102c81024a00084ffffffffffffffffffffffff1273[payload->]...$................s||29,458
2025-08-02T15:35:42.835 0100|00|00|05|fa0001|3442010f80[payload->]..||32,783
2025-08-02T15:35:42.937 0100|01|00|18|c401fe|34420102c81024a00084ffffffffffffffffffffffff1273[payload->]...$................s||29,458
2025-08-02T16:05:42.254 0100|00|00|05|fa0001|3442010f80[payload->]..||32,783
2025-08-02T16:05:42.456 0100|01|00|18|e601fe|34420102c81024a00084fdffffffffffffffffffffff1273[payload->]...$................s||29,458
2025-08-02T16:31:28.873 0100|00|00|05|fa0001|3442010f80[payload->]..||32,783
2025-08-02T16:31:28.974 0100|01|00|18|e601fe|34420102c81024a00084ffffffffffffffffffffffff1273[payload->]...$................s||29,458
2025-08-02T16:35:42.411 0100|00|00|05|fa0001|3442010f80[payload->]..||32,783
2025-08-02T16:35:42.513 0100|01|00|18|e601fe|34420102c81024a00084ffffffffffffffffffffffff1273[payload->]...$................s||29,458
2025-08-02T17:05:42.271 0100|00|00|05|fa0001|3442010f80[payload->]..||32,783
2025-08-02T17:05:42.372 0100|01|00|18|e601fe|34420102c81024a00084ffffffffffffffffffffffff1273[payload->]...$................s||29,458
2025-08-02T17:35:42.240 0100|00|00|05|fa0001|3442010f80[payload->]..||32,783
2025-08-02T17:35:42.442 0100|01|00|18|e601fe|34420102c81024a00084ffffffffffffffffffffffff1273[payload->]...$................s||29,458
2025-08-02T18:31:28.835 0100|00|00|05|fa0001|3442010f80[payload->]..||32,783
2025-08-02T18:31:29.037 0100|09|00|18|e601fe|34420102c81024a00084ffffffffffffffffffffffff1273[payload->]...$................s||29,458
2025-08-02T18:35:43.270 0100|00|00|05|fa0001|3442010e80[payload->]..||32,782
2025-08-02T18:35:43.371 0100|01|00|18|e601fe|34420102c81024a00084ffffffffffffffffffffffff1273[payload->]...$................s||29,458
2025-08-02T19:05:42.512 0100|00|00|05|fa0001|3442010f80[payload->]..||32,783
2025-08-02T19:05:42.814 0100|01|00|18|e601fe|34420102c81024a00084ffffffffffffffffffffffff1273[payload->]...$................s||29,458
2025-08-02T19:35:43.481 0100|00|00|05|fa0001|3442010f80[payload->]..||32,783
2025-08-02T19:35:43.783 0100|01|00|18|e601fe|34420102c81024a00084ffffffffffffffffffffffff1273[payload->]...$................s||29,458
2025-08-02T20:05:44.671 0100|00|00|05|fa0001|3442010f80[payload->]..||32,783
2025-08-02T20:05:44.873 0100|01|00|18|e601fe|34420102c81024a00084ffffffffffffffffffffffff1273[payload->]...$................s||29,458
2025-08-02T20:35:45.801 0100|00|00|05|fa0001|3442010f80[payload->]..||32,783
2025-08-02T21:05:45.882 0100|00|00|05|fa0001|3442010f80[payload->]..||32,783
2025-08-02T21:35:45.833 0100|00|00|05|fa0001|3442010f80[payload->]..||32,783
2025-08-02T22:05:46.356 0100|00|00|05|fa0001|3442010f80[payload->]..||32,783
2025-08-02T22:05:46.557 0100|01|00|18|e601fe|34420102c81024a00084ffffffffffffffffffffffff1273[payload->]...$................s||29,458
2025-08-02T22:35:45.921 0100|00|00|05|fa0001|3442010f80[payload->]..||32,783
2025-08-02T23:05:46.203 0100|00|00|05|fa0001|3442010f80[payload->]..||32,783
2025-08-02T23:31:30.189 0100|00|00|05|fa0001|3442010f80[payload->]..||32,783
2025-08-02T23:35:47.918 0100|00|00|05|fa0001|3442010f80[payload->]..||32,783
2025-08-02T23:35:48.019 0100|01|00|18|e601fe|34420102c81024a00084ffffffffffffffffffffffff1273[payload->]...$................s||29,458
2025-08-03T00:05:47.912 0100|00|00|05|fa0001|3442010f80[payload->]..||32,783
2025-08-03T00:05:48.114 0100|01|00|18|e601fe|34420102c81024a00084ffffffffffffffffffffffff1273[payload->]...$................s||29,458
2025-08-03T01:05:49.027 0100|00|00|05|fa0001|3442010f80[payload->]..||32,783
2025-08-03T01:05:49.228 0100|01|00|18|e601fe|34420102c81024a00084ffffffffffffffffffffffff1273[payload->]...$................s||29,458
2025-08-03T01:35:50.790 0100|00|00|05|fa0001|3442010f80[payload->]..||32,783
2025-08-03T02:05:51.177 0100|00|00|05|fa0001|3442010f80[payload->]..||32,783
2025-08-03T02:05:51.278 0100|01|00|18|e601fe|34420102c81024a00084ffffffffffffffffffffffff1273[payload->]...$................s||29,458
2025-08-03T02:27:18.166 0100|01|00|0b|f301fe|344201000000000000b876[payload->].......v||30,392
2025-08-03T02:35:51.416 0100|00|00|05|fa0001|3442010f80[payload->]..||32,783
2025-08-03T02:35:51.617 0100|01|00|18|e601fe|34420102c81024a00084ffffffffffffffffffffffff1273[payload->]...$................s||29,458
2025-08-03T03:05:52.363 0100|00|00|05|fa0001|3442010f80[payload->]..||32,783
2025-08-03T03:05:52.565 0100|01|00|18|e601fe|34420102c81024a00084ffffffffffffffffffffffff1273[payload->]...$................s||29,458
2025-08-03T03:35:51.305 0100|00|00|05|fa0001|3442010f80[payload->]..||32,783
2025-08-03T03:35:51.507 0100|01|00|18|e601fe|34420102c81024a00084ffffffffffffffffffffffff1273[payload->]...$................s||29,458
2025-08-03T04:05:51.508 0100|00|00|05|fa0001|3442010f80[payload->]..||32,783
2025-08-03T04:35:51.363 0100|00|00|05|fa0001|3442010f80[payload->]..||32,783
2025-08-03T04:35:51.464 0100|01|08|18|e601fe|34420102c81024a00084ffffffffffffffffffffffff1273[payload->]...$................s||29,458
2025-08-03T05:05:51.365 0100|00|00|05|fa0001|3442010f80[payload->]..||32,783
2025-08-03T05:05:51.567 0100|01|00|18|e601fe|34420102c81024a0008cffffffffffffffffffffffff1273[payload->]...$................s||29,458
2025-08-03T05:35:52.609 0100|00|00|05|fa0001|3442010f80[payload->]..||32,783
2025-08-03T05:35:52.710 0100|01|00|18|e601fe|34420102c81024a00084ffffffffffffffffffffffff1273[payload->]...$................s||29,458
2025-08-03T06:05:51.408 0100|00|00|05|fa0001|3442010f80[payload->]..||32,783
2025-08-03T06:05:51.509 0100|01|00|18|e601fe|34420102c81024a00084fffffffffffff3ffffffffff1273[payload->]...$................s||29,458
2025-08-03T06:31:29.467 0100|00|00|05|fa0001|3442010f80[payload->]..||32,783
2025-08-03T06:31:29.669 0100|01|00|18|e601fe|34420102c81024a00084ffffffffffffffffffffffff1273[payload->]...$................s||29,458
2025-08-03T06:35:52.034 0100|00|00|05|fa0001|3442010f80[payload->]..||32,783
2025-08-03T06:35:52.236 0100|05|00|18|e601fe|34420102c81024a00084ffffffffffffffffffffffff1273[payload->]...$................s||29,458
2025-08-03T07:05:44.022 0100|00|00|05|fa0001|3442019f81[payload->]..||33,183
2025-08-03T07:05:51.201 0100|00|00|05|fa0001|3442010f80[payload->]..||32,783
2025-08-03T07:05:51.402 0100|01|00|18|e601fe|34420102c81024a00084ffffffffffefffffffffffff1273[payload->]...$................s||29,458
2025-08-03T07:31:30.075 0100|01|00|18|e601fe|34420102c81024a00084ffffffffffffffffffffffff1273[payload->]...$................s||29,458
2025-08-03T07:35:52.229 0100|00|00|05|fa0001|3442010f80[payload->]..||32,783
2025-08-03T07:35:52.431 0100|01|00|18|e601fe|34420102c81024a00084ffffffffffffffffffffffff1273[payload->]...$................s||29,458
2025-08-03T08:05:52.135 0100|00|00|05|fa0001|3442010f80[payload->]..||32,783
2025-08-03T08:05:52.336 0100|01|00|18|e601fe|34420102c81024a00084ffffffffffffffffffffffff1273[payload->]...$................s||29,458
2025-08-03T08:35:52.138 0100|00|00|05|fa0001|3442010f80[payload->]..||32,783
2025-08-03T08:35:52.340 0100|01|00|18|e601fe|34420102c81024a00084ffffffffffffffffffffffff1273[payload->]...$................s||29,458
2025-08-03T09:05:54.939 0100|00|00|05|fa0001|3442010f80[payload->]..||32,783
2025-08-03T09:05:55.141 0100|01|00|18|e601fe|34420102c81024a00084ffffffffffffffffffffffff1273[payload->]...$................s||29,458
2025-08-03T09:35:53.941 0100|00|00|05|fa0001|3442010f80[payload->]..||32,783
2025-08-03T09:35:54.042 0100|01|00|18|e601fe|34420102c81024a00084ffffffffffffffffffffffff1273[payload->]...$................s||29,458
2025-08-03T10:05:53.981 0100|00|00|05|fa0001|3442010f80[payload->]..||32,783
2025-08-03T10:05:54.082 0100|01|00|18|e601fe|34420102c81024a00084ffffffffffffffffffffffff1273[payload->]...$................s||29,458
2025-08-03T10:35:54.016 0100|00|00|05|fa0001|3442010f80[payload->]..||32,783
2025-08-03T10:35:54.117 0100|01|00|18|e601fe|34420102c81024a00084ffffffffffffffffffffffff1273[payload->]...$................s||29,458
2025-08-03T11:05:53.986 0100|00|00|05|fa0001|3442010f80[payload->]..||32,783
2025-08-03T11:05:54.188 0100|01|00|18|e601fe|34420102c81024a00084ffffffffffffffffffffffff1273[payload->]...$................s||29,458
2025-08-03T11:35:53.955 0100|00|00|05|fa0001|3442010f80[payload->]..||32,783
2025-08-03T11:35:54.056 0100|01|00|18|e601fe|34420102c81024a00084ffffffffffffffffffffffff1273[payload->]...$................s||29,458
2025-08-03T12:05:55.102 0100|00|00|05|fa0001|3442010f80[payload->]..||32,783
2025-08-03T12:05:55.304 0100|01|00|18|e601fe|34420102c81024a00084ffffffffffffffffffffffff1273[payload->]...$................s||29,458
2025-08-03T12:35:55.076 0100|00|00|05|fa0001|3442010f80[payload->]..||32,783
2025-08-03T12:35:55.278 0100|01|00|18|e601fe|34420102c81024a00084ffffffffffffffffffffffff1273[payload->]...$................s||29,458
2025-08-03T13:05:55.286 0100|00|00|05|fa0001|3442010f80[payload->]..||32,783
2025-08-03T13:35:55.138 0100|00|00|05|fa0001|3442010f80[payload->]..||32,783
2025-08-03T13:35:55.239 0100|01|00|18|e601fe|34420102c81024a00084ffffffffffffffffffffffff1273[payload->]...$................s||29,458
2025-08-03T14:05:55.103 0100|00|00|05|fa0001|3442010f80[payload->]..||32,783
2025-08-03T14:05:55.305 0100|01|00|18|e601fe|34420102d01024a00084ffffffffffffffffffffffff1273[payload->]...$................s||29,458
2025-08-03T14:35:55.619 0100|00|00|05|fa0001|3442010f80[payload->]..||32,783
2025-08-03T14:35:55.721 0100|01|00|18|e601fe|34420102c81024a00084ffffffffffffffffffffffff1273[payload->]...$................s||29,458
2025-08-03T15:05:55.651 0100|00|00|05|fa0001|3442010f80[payload->]..||32,783
2025-08-03T15:05:55.853 0100|01|00|18|e601fe|34420102c81024a00084ffffffffffffffffffffffff1273[payload->]...$................s||29,458
2025-08-03T15:35:55.172 0100|00|00|05|fa0001|3442010f80[payload->]..||32,783
2025-08-03T15:35:55.374 0100|01|00|18|e601fe|34420102c81024a00084ffffffffffffffffffffffff1273[payload->]...$................s||29,458
2025-08-03T16:05:55.194 0100|00|00|05|fa0001|3442010f80[payload->]..||32,783
2025-08-03T16:05:55.295 0100|01|00|18|e601fe|34420102c81024a00084ffffffffffffffffffffffff1273[payload->]...$................s||29,458
2025-08-03T16:35:57.204 0100|00|00|05|fa0001|3442010f80[payload->]..||32,783
2025-08-03T16:35:57.305 0100|01|00|18|e601fe|34420102c81024a00084ffffffffffffffffffffffff1273[payload->]...$................s||29,458
2025-08-03T17:05:57.045 0100|00|00|05|fa0001|3442010f80[payload->]..||32,783
2025-08-03T17:05:57.147 0100|01|00|18|e601fe|34420102c81024a00084ffffffffffffffffffffffff1273[payload->]...$................s||29,458
2025-08-03T17:35:57.009 0100|00|00|05|fa0001|3442010f80[payload->]..||32,783
2025-08-03T17:35:57.110 0100|01|00|18|e601fe|34420102c81024a00084ffffffffffffffffffffffff1273[payload->]...$................s||29,458
2025-08-03T17:49:28.010 0100|01|00|0b|f301fe|344201000000000000b876[payload->].......v||30,392
2025-08-03T18:05:58.102 0100|00|00|05|fa0001|3442010f80[payload->]..||32,783
2025-08-03T18:05:58.204 0100|01|00|18|e601fe|34420102c81024a00084ffffffffffffffffffffffff1273[payload->]...$................s||29,458
