2025-07-30T22:01:14.273 0100|01|00|07|f701fe|3c0a013c00aeff[payload->]<...||65,454
2025-07-31T00:53:44.342 0100|01|00|07|f701fe|3c0a013c00aeff[payload->]<...||65,454
2025-07-31T00:54:14.335 0100|01|00|07|f701fe|3c0a013c00aeff[payload->]<...||65,454
2025-07-31T01:19:44.401 0100|01|00|07|f701fe|3c0a013c00aeff[payload->]<...||65,454
2025-07-31T04:50:46.520 0100|01|00|07|f701fe|3c0a013c00aeff[payload->]<...||65,454
2025-07-31T05:09:07.563 0100|01|00|07|f701fe|3c0a013c00aeff[payload->]<...||65,454
2025-07-31T12:57:59.792 0100|01|00|07|f701fe|3c0a013c00aeff[payload->]<...||65,454
2025-07-31T13:08:59.699 0100|01|00|07|f701fe|3c0a013c00aeff[payload->]<...||65,454
2025-07-31T14:30:40.207 0100|01|00|07|f701fe|3c0a013c00aeff[payload->]<...||65,454
2025-07-31T14:48:59.553 0100|01|00|07|f701fe|3c0a013c00aeff[payload->]<...||65,454
2025-07-31T14:51:59.530 0100|01|00|07|f701fe|3c0a013c00aeff[payload->]<...||65,454
2025-07-31T14:52:29.829 0100|01|00|07|f701fe|3c0a013c00aeff[payload->]<...||65,454
2025-07-31T15:05:59.858 0100|01|00|07|f701fe|3c0a013c00aeff[payload->]<...||65,454
2025-07-31T20:53:25.226 0100|01|00|07|f701fe|3c0a013c00aeff[payload->]<...||65,454
2025-07-31T21:25:35.202 0100|01|00|07|f701fe|3c0a013c00aeff[payload->]<...||65,454
2025-08-02T07:54:18.987 0100|01|00|07|f70dfe|3c0a013c00aeff[payload->]<...||65,454
2025-08-02T08:21:49.062 0100|01|00|0f|f709fe|3c0a013c00aeff0100000005fa0001[payload->]<...........||0,256
2025-08-02T08:22:09.032 0100|01|00|07|f701fe|3c0a013c00aeff[payload->]<...||65,454
2025-08-02T08:35:29.034 0100|01|00|07|f701fe|3c0a013c00aeff[payload->]<...||65,454
2025-08-02T08:37:19.043 0100|01|00|07|f781fe|3c0a013c00aeff[payload->]<...||65,454
2025-08-02T08:37:49.017 0100|01|00|07|ff09fe|3c0a013c00aeff[payload->]<...||65,454
2025-08-02T08:38:09.693 0100|01|00|8f|f701fe|3c0a013c00aeff0100000005fa000110030154f02104010007f701fe100301ffff859c0100000005fa00013023009e29010001000bf301fe3023008c5bda01553b223a0100000005fa00012004016bf20100010009f501fe200401ffffffff850d0100000005fa0001200201cbf1010001000bf301fe200201ae8da802453b1e8d0100000005fa0003100301ecf101[payload->]<..............T.!......................0#..)........0#..[..U;":........ ..k......... ................ ............ ......E;................||0,497
2025-08-02T08:39:09.006 0100|01|00|07|f701fe|3c0a013c00aeff[payload->]<...||65,454
2025-08-02T08:41:29.086 0100|01|00|07|f701fe|3c0a013c00eeff[payload->]<...||65,518
2025-08-02T08:43:19.053 0100|01|00|0f|f701fe|3c0a013c00aeff0100000005fa0001[payload->]<...........||0,256
2025-08-02T08:45:49.095 0100|01|00|07|f701fe|3c0a013c40aeff[payload->]<@..||65,454
2025-08-02T08:55:29.063 0100|01|00|07|f701fe|3c0a013c08aeff[payload->]<...||65,454
2025-08-02T08:57:09.050 0100|01|00|07|f701fe|3c0a013c02aeff[payload->]<...||65,454
2025-08-02T09:02:19.032 0100|01|00|07|f701fe|3c0a013c00aeff[payload->]<...||65,454
2025-08-02T09:05:09.094 0100|01|00|0f|f701fe|3c0a013c00aeff0100000005fa0001[payload->]<...........||0,256
2025-08-02T09:05:49.062 0100|01|00|07|f701fe|3c0a013c00aeff[payload->]<...||65,454
2025-08-02T09:06:39.011 0100|01|00|07|f743fe|3c0a013c00aeff[payload->]<...||65,454
2025-08-02T09:07:49.041 0100|01|80|07|f701fe|3c0a013c00aeff[payload->]<...||65,454
2025-08-02T09:13:09.051 0100|01|00|07|ff09fe|3c0a013c00aeff[payload->]<...||65,454
2025-08-02T09:13:48.984 0100|01|00|07|f781fe|3c0a013c00aeff[payload->]<...||65,454
2025-08-02T09:15:29.679 0100|01|80|8f|ff09fe|3c0a013c00aeff0100000005fa000110030154f00140010007f701fe100301ffff859c0100000005fa00013023009e29010001000bf301fe302300f089fc01553b84820100000005fa00012004016bf20100010009f501fe200401ffffffff850d0100000005fa0001200201cbf1010001000bf301fe200201ae8da802453b1e8d0100000005fa0003100301ecf101[payload->]<..............T..@.....................0#..)........0#.....U;.......... ..k......... ................ ............ ......E;................||0,497
2025-08-02T23:28:44.271 0100|01|00|07|f701fe|3c0a013c00aeff[payload->]<...||65,454
2025-08-03T00:52:44.235 0100|01|00|07|f701fe|3c0a013c00aeff[payload->]<...||65,454
2025-08-03T03:05:49.225 0100|01|00|07|f705fe|3c0a013c00aeff[payload->]<...||65,454
2025-08-03T12:18:40.379 0100|01|00|07|f701fe|3c0a013c00aeff[payload->]<...||65,454
2025-08-03T14:48:20.452 0100|01|00|07|f701fe|3c0a013c00aeff[payload->]<...||65,454
2025-08-03T14:58:20.516 0100|01|00|07|f701fe|3c0a013c00aeff[payload->]<...||65,454
2025-08-03T15:43:41.632 0100|01|00|07|ff21fe|3c0a013c00aeff[payload->]<...||65,454
2025-08-03T17:10:11.359 0100|01|00|07|f701fe|3c0a013c00aeff[payload->]<...||65,454
