2025-07-30T20:27:48.550 0100|00|00|05|fa0001|200008ad30[payload->].0||12,461
2025-07-30T20:27:48.652 0100|01|00|19|e501fe|200008ffffffffffffffffffffffffffffffffffffffffbc77[payload->].....................w||30,652
2025-07-30T20:37:57.050 0100|00|00|05|fa0001|200008ad30[payload->].0||12,461
2025-07-30T20:37:57.151 0100|01|00|19|e501fe|200008ffffffffffffffffffffffffffffffffffffffff000e[payload->]......................||3,584
2025-07-30T20:48:05.797 0100|01|00|19|e501fe|200008ffffffffffffffffffffffffffffffffffffffffbc77[payload->].....................w||30,652
2025-07-30T21:08:23.396 0100|00|00|05|fa0001|200008ad30[payload->].0||12,461
2025-07-30T21:08:23.497 0100|01|00|19|e501fe|200008ffffffffffffffffffffffffffffffffffffffffbc77[payload->].....................w||30,652
2025-07-30T21:28:41.044 0100|00|00|05|fa0001|200008ad30[payload->].0||12,461
2025-07-30T21:28:41.145 0100|01|00|19|e501fe|200008ffffffffffffffffffffffffffffffffffffffffbc77[payload->].....................w||30,652
2025-07-30T21:48:58.572 0100|00|00|05|fa0001|200008ad30[payload->].0||12,461
2025-07-30T21:48:58.774 0100|01|00|19|e501fe|200008ffffffffffffffffffffffffffffffffffffffffbc77[payload->].....................w||30,652
2025-07-30T22:29:33.324 0100|00|00|05|fa0001|200008ad30[payload->].0||12,461
2025-07-30T22:29:33.526 0100|01|00|19|e501fe|200008fffffffffffffffffffffffffeffffffffffffffbc77[payload->].....................w||30,652
2025-07-30T22:39:42.092 0100|00|00|05|fa0001|200008ad30[payload->].0||12,461
2025-07-30T22:49:50.931 0100|00|00|05|fa0001|200008ad30[payload->].0||12,461
2025-07-30T22:49:51.133 0100|01|00|19|e501fe|200008ffffffffffffffffffffffffffffffffffffffffbc77[payload->].....................w||30,652
2025-07-30T23:20:17.372 0100|00|00|05|fa0001|200008ad30[payload->].0||12,461
2025-07-30T23:20:17.473 0100|01|00|19|e501fe|200008ffffffffffffffffffffffffffffffffffffffffbc77[payload->].....................w||30,652
2025-07-30T23:50:44.599 0100|00|00|05|fa0001|200008ad30[payload->].0||12,461
2025-07-30T23:50:44.700 0100|01|00|19|e501fe|200008ffffffffffffffffffffffffffffffffffffffffbc77[payload->].....................w||30,652
2025-07-31T00:31:19.743 0100|00|00|05|fa0001|200008ad30[payload->].0||12,461
2025-07-31T00:31:19.844 0100|01|00|19|e501fe|200008ffffffffffffffffffffffffffffffffffffffffbc77[payload->].....................w||30,652
2025-07-31T00:41:28.833 0100|00|00|05|fa0001|200008ad30[payload->].0||12,461
2025-07-31T00:41:29.035 0100|01|00|19|e501fe|200008fffffffffffffffffffffeffffffffffffffffffbc77[payload->].....................w||30,652
2025-07-31T01:01:45.431 0100|00|00|05|fa0001|200008ad30[payload->].0||12,461
2025-07-31T01:01:45.532 0100|01|00|19|e501fe|200008ffffffffffffffffffffffffffffffffffffffffbc77[payload->].....................w||30,652
2025-07-31T01:11:53.746 0100|00|00|05|fa0001|200008ad30[payload->].0||12,461
2025-07-31T01:11:53.847 0100|01|00|19|e501fe|200008ffffffffffffffffffffffffffffffffffffffffbc77[payload->].....................w||30,652
2025-07-31T01:22:02.135 0100|00|00|05|fa0001|200008ad30[payload->].0||12,461
2025-07-31T01:22:02.236 0100|01|00|19|e501fe|200008ffffffffffffffffffffffffffffffffffffffffbc77[payload->].....................w||30,652
2025-07-31T01:42:19.648 0100|00|00|05|fa0001|200008ad30[payload->].0||12,461
2025-07-31T01:42:19.850 0100|01|00|19|e501fe|200008ffffffffffffffffffffffffffffffffffffffffbc77[payload->].....................w||30,652
2025-07-31T01:52:28.827 0100|00|00|05|fa0001|200008ad30[payload->].0||12,461
2025-07-31T01:52:29.029 0100|01|00|19|e501fe|200008dffffffffffffffffffffffffffffffdffffffffbc77[payload->].....................w||30,652
2025-07-31T02:02:37.914 0100|00|00|05|fa0001|200008ad30[payload->].0||12,461
2025-07-31T02:02:38.116 0100|01|00|19|e501fe|200008ffffffffffffffffffffffffffffffffffffffffbc77[payload->].....................w||30,652
2025-07-31T02:12:47.598 0100|01|00|19|e501fe|200008ffffffffffffffffffffffffffffffffffffffffbc77[payload->].....................w||30,652
2025-07-31T02:22:56.152 0100|00|00|05|fa0001|200008ad30[payload->].0||12,461
2025-07-31T02:22:56.354 0100|01|00|19|e501fe|200008ffffffffffffffffffffffffffffffffffffffffbc77[payload->].....................w||30,652
2025-07-31T03:03:31.379 0100|00|00|05|fa0001|200008ad30[payload->].0||12,461
2025-07-31T03:03:31.480 0100|01|00|19|e501fe|200008ffffffffffffffffffffffffffffffffffffffffbc77[payload->].....................w||30,652
2025-07-31T03:13:39.384 0100|00|00|05|fa0001|200008ad30[payload->].0||12,461
2025-07-31T03:13:39.586 0100|01|00|19|e501fe|200008ffffffffffffffffffffffffffffffffffffffffbc77[payload->].....................w||30,652
2025-07-31T03:23:47.714 0100|00|00|05|fa0001|200008ad30[payload->].0||12,461
2025-07-31T03:23:47.916 0100|01|00|19|e501fe|200008fffffffffffffbffffffffffffffffffffffffffbc77[payload->].....................w||30,652
2025-07-31T03:33:55.492 0100|00|00|05|fa0001|200008ad30[payload->].0||12,461
2025-07-31T03:33:55.694 0100|01|00|1b|e501fe|200008ffffffffffffffffffffffffffffffffffffffffbc77ff01[payload->].....................w..||0,511
2025-07-31T03:44:03.712 0100|00|00|05|fa0001|200008ad30[payload->].0||12,461
2025-07-31T04:14:31.239 0100|00|00|05|fa0001|200008ad30[payload->].0||12,461
2025-07-31T04:14:31.440 0100|01|00|19|e501fe|200008ffffffffffffffffffffffffffffffffffffffffbc77[payload->].....................w||30,652
2025-07-31T04:34:49.440 0100|00|00|05|fa0001|200008ad30[payload->].0||12,461
2025-07-31T04:34:49.541 0100|01|00|19|e501fe|200008ffffffffffffffffffffffffffffffffffffffffbc77[payload->].....................w||30,652
2025-07-31T04:44:57.674 0100|00|00|05|fa0001|200008ad30[payload->].0||12,461
2025-07-31T04:44:57.776 0100|01|00|19|e501fe|200008ffffffffffffffffffffffffffffffffffffffffbc77[payload->].....................w||30,652
2025-07-31T05:15:23.708 0100|00|00|05|fa0001|200008ad30[payload->].0||12,461
2025-07-31T05:15:23.809 0100|01|00|19|e501fe|200008ffffffffffffffffffffffffffffffffffffffffbc77[payload->].....................w||30,652
2025-07-31T05:25:33.090 0100|00|00|05|fa0001|200008ad30[payload->].0||12,461
2025-07-31T05:25:33.292 0100|01|00|19|e501fe|200008ffffffffffffffffffffffffffffffffffffffffbc77[payload->].....................w||30,652
2025-07-31T05:35:42.293 0100|01|00|19|e501fe|200008ffffffffff7fffffffffffffffffffffffffffffbc77[payload->].....................w||30,652
2025-07-31T05:45:51.365 0100|00|00|05|fa0001|200008ad30[payload->].0||12,461
2025-07-31T05:45:51.466 0100|01|00|19|e501fe|200008fffffffff7ffffffffffffffffffffffffffffffbc77[payload->].....................w||30,652
2025-07-31T06:06:07.833 0100|00|00|05|fa0001|200008ad30[payload->].0||12,461
2025-07-31T06:06:08.034 0100|01|00|19|e501fe|200008ffffffffffffffffffffffffffffffffffffffffbc77[payload->].....................w||30,652
2025-07-31T06:16:15.518 0100|00|00|05|fa0001|200008ad30[payload->].0||12,461
2025-07-31T06:16:15.619 0100|01|00|19|e501fe|200008ffffffffffffffffffffffffffffffffffffffffbc77[payload->].....................w||30,652
2025-07-31T06:36:32.728 0100|00|00|05|fa0001|200008ad30[payload->].0||12,461
2025-07-31T06:36:32.929 0100|01|00|19|e501fe|200008ffffffffffffffffffffffffffffffffffffffffbc77[payload->].....................w||30,652
2025-07-31T06:56:49.846 0100|00|00|05|fa0001|200008ad30[payload->].0||12,461
2025-07-31T06:56:49.948 0100|01|00|19|e501fe|200008ffffffffffffffffffffffffffffffffffffffffbc77[payload->].....................w||30,652
2025-07-31T07:06:57.358 0100|00|00|05|fa0001|200008ad30[payload->].0||12,461
2025-07-31T07:06:57.560 0100|01|00|19|e501fe|200008ffffffffffffffffffffffffffffffffffffffffbc77[payload->].....................w||30,652
2025-07-31T07:17:05.843 0100|00|00|05|fa0001|200008ad30[payload->].0||12,461
2025-07-31T07:17:05.944 0100|01|00|19|e501fe|200008ffffffffffffffffffffffffffffffffffffffffbc77[payload->].....................w||30,652
2025-07-31T07:37:23.661 0100|00|00|05|fa0001|200008ad30[payload->].0||12,461
2025-07-31T07:37:23.863 0100|01|00|19|e501fe|200008ffffffffffffffffffffffffffffffffffffffffbc77[payload->].....................w||30,652
2025-07-31T07:47:31.694 0100|00|00|05|fa0001|200008ad30[payload->].0||12,461
2025-07-31T07:47:31.795 0100|01|00|19|e501fe|200008ffffffffffffffffffffffffffffffffffffffffbc77[payload->].....................w||30,652
2025-07-31T08:28:05.739 0100|00|00|05|fa0001|200008ad30[payload->].0||12,461
2025-07-31T08:28:05.840 0100|01|00|19|e501fe|200008ffffffffffffffffffbfffffffffffffffffffffbc77[payload->].....................w||30,652
2025-07-31T08:58:31.852 0100|00|00|05|fa0001|200008ad30[payload->].0||12,461
2025-07-31T08:58:32.054 0100|01|00|19|e501fe|200008ffffffffffffffffffffffffffffffffffffffffbc77[payload->].....................w||30,652
2025-07-31T09:18:48.228 0100|00|00|05|fa0001|200008ad30[payload->].0||12,461
2025-07-31T09:18:48.430 0100|01|00|19|e501fe|200008ffffffffffffffffffffffffffffff7fffffffffbc77[payload->].....................w||30,652
2025-07-31T09:39:04.696 0100|00|00|05|fa0001|200008ad30[payload->].0||12,461
2025-07-31T09:39:04.797 0100|01|00|19|e501fe|200008ffffffffffffffffffffffffffffffffffffffffbc77[payload->].....................w||30,652
2025-07-31T09:49:12.558 0100|00|00|05|fa0001|200008ad30[payload->].0||12,461
2025-07-31T09:49:12.659 0100|01|00|19|e501fe|200008ffffffffffffffffffffffffffffffffffffffffbc77[payload->].....................w||30,652
2025-07-31T10:09:29.416 0100|00|00|05|fa0001|200008ad30[payload->].0||12,461
2025-07-31T10:09:29.517 0100|01|00|19|e501fe|200008ffffffffffffffffffffffffffffffffffffffffbc77[payload->].....................w||30,652
2025-07-31T10:19:38.348 0100|00|00|05|fa0001|200008ad30[payload->].0||12,461
2025-07-31T10:29:46.806 0100|00|00|05|fa0001|200008ad30[payload->].0||12,461
2025-07-31T10:29:47.008 0100|01|00|19|e501fe|200008ffffffffffffffffffffffffffffffffffffffffbc77[payload->].....................w||30,652
2025-07-31T10:39:54.465 0100|00|00|05|fa0001|200008ad30[payload->].0||12,461
2025-07-31T10:39:54.566 0100|01|00|19|e501fe|200008ffffffffffffffffffffffffffffffffffffffffbc77[payload->].....................w||30,652
2025-07-31T11:00:12.077 0100|00|00|05|fa0001|200008ad30[payload->].0||12,461
2025-07-31T11:00:12.279 0100|01|00|19|e501fe|200008ffffffffffffffffffffffffffffffffffffffffbc77[payload->].....................w||30,652
2025-07-31T11:10:21.493 0100|00|00|05|fa0001|200008ad30[payload->].0||12,461
2025-07-31T11:10:21.695 0100|09|00|19|e501fe|200008ffffffffffffffffffffffffffffffffffffffffbc77[payload->].....................w||30,652
2025-07-31T11:20:29.037 0100|00|00|05|fa0001|200008ad30[payload->].0||12,461
2025-07-31T11:20:29.138 0100|01|00|19|e501fe|200008ffffffffffffffffffffffffffffffffffffffffbc77[payload->].....................w||30,652
2025-07-31T11:30:38.324 0100|00|00|05|fa0001|2000082d30[payload->]-0||12,333
2025-07-31T11:30:38.526 0100|01|00|19|e501fe|200008ffffffffffffffffffffffffffffffffffffffffbc77[payload->].....................w||30,652
2025-07-31T11:40:46.515 0100|00|00|05|fa0001|200008ad30[payload->].0||12,461
2025-07-31T11:40:46.717 0100|01|00|19|e501fe|200008ffffffffffffffffffffffffffffffffffffffffbc77[payload->].....................w||30,652
2025-07-31T11:50:54.278 0100|00|00|05|fa0001|200008ad30[payload->].0||12,461
2025-07-31T11:50:54.480 0100|01|00|19|e501fe|200008ffffffffffffffffffffffffffffffffffffffffbc77[payload->].....................w||30,652
2025-07-31T12:01:03.430 0100|01|00|19|e501fe|200008ffffffffffffffffffffffffffffffffffffffffbc77[payload->].....................w||30,652
2025-07-31T12:41:41.191 0100|00|00|05|fa0001|200008ad30[payload->].0||12,461
2025-07-31T12:41:41.393 0100|01|00|19|e501fe|200008ffffffffffffffffffffffffffffffffffffffffbc77[payload->].....................w||30,652
2025-07-31T13:01:58.664 0100|00|00|05|fa0001|200008ad30[payload->].0||12,461
2025-07-31T13:01:58.865 0100|01|00|19|e501fe|200008ffffffffffffffffffffffffffffffffffffffffbc77[payload->].....................w||30,652
2025-07-31T13:12:06.925 0100|00|00|05|fa0001|200008ad30[payload->].0||12,461
2025-07-31T13:12:07.227 0100|01|00|19|e501fe|200008ffffffffffffffffffffffffffffffffffffffffbc77[payload->].....................w||30,652
2025-07-31T13:22:14.550 0100|00|00|05|fa0001|200008ad30[payload->].0||12,461
2025-07-31T13:22:14.752 0100|01|00|19|e501fe|200008ffffffffffffffffffffffffffffffffffffffffbc77[payload->].....................w||30,652
2025-07-31T13:32:23.284 0100|00|00|05|fa0001|200008ad30[payload->].0||12,461
2025-07-31T13:32:23.385 0100|01|00|19|e501fe|200008ffffffffffffffffffffffffffffffffffffffffbc77[payload->].....................w||30,652
2025-07-31T13:42:32.267 0100|00|00|05|fa0001|200008ad30[payload->].0||12,461
2025-07-31T13:42:32.468 0100|01|00|19|e501fe|200008ffffffffffffffffffffffffffffffffffffffffbc77[payload->].....................w||30,652
2025-07-31T14:43:24.078 0100|00|00|05|fa0001|200008ad30[payload->].0||12,461
2025-07-31T14:43:24.179 0100|01|00|19|e501fe|200008ffffffffffffffffffffffffffffffffffffffffbc77[payload->].....................w||30,652
2025-07-31T15:13:49.569 0100|00|00|05|fa0001|200008ad30[payload->].0||12,461
2025-07-31T15:13:49.670 0100|01|00|19|e501fe|200008ffffffffffffffffffffffffffffffffffffffffbc77[payload->].....................w||30,652
2025-07-31T15:23:57.539 0100|00|00|05|fa0001|200008ad30[payload->].0||12,461
2025-07-31T15:23:57.741 0100|01|00|19|e501fe|200008ffffffffffffffffffffffffffffffffffffffffbc77[payload->].....................w||30,652
2025-07-31T15:44:16.185 0100|00|00|05|fa0001|200008ad30[payload->].0||12,461
2025-07-31T15:44:16.287 0100|01|00|19|e501fe|200008ffffffffffffffff105e03010000ffffff005f010100[payload->].........^........_...||0,001
2025-07-31T16:24:51.793 0100|00|00|05|fa0001|200008ad30[payload->].0||12,461
2025-07-31T16:24:51.894 0100|01|00|19|e501fe|200008ffffffffffffffffffffffffffffffffffffffffbc77[payload->].....................w||30,652
2025-07-31T16:34:59.942 0100|00|00|05|fa0001|200008ad30[payload->].0||12,461
2025-07-31T16:35:00.144 0100|01|00|19|e501fe|200008ffffffffffffffffffffffffffffffffffffffffbc77[payload->].....................w||30,652
2025-07-31T16:55:18.846 0100|00|00|05|fa0001|200008ad30[payload->].0||12,461
2025-07-31T16:55:18.947 0100|01|00|19|e501fe|200008ffffffffffffffffffffffffffffffffffffffffbc77[payload->].....................w||30,652
2025-07-31T17:46:03.502 0100|00|00|05|fa0001|200008ad30[payload->].0||12,461
2025-07-31T17:56:12.132 0100|00|00|05|fa0001|200008ad30[payload->].0||12,461
2025-07-31T17:56:12.234 0100|01|00|19|e501fe|200008ffffffffffffffffffffffffffffffffffffffffbc77[payload->].....................w||30,652
2025-07-31T18:26:38.758 0100|00|00|05|fa0001|200008ad30[payload->].0||12,461
2025-07-31T18:26:38.960 0100|01|00|19|e501fe|200008ffffffffffffffffffffffffffffffffffffffffbc77[payload->].....................w||30,652
2025-07-31T18:46:57.251 0100|00|00|05|fa0001|200008ad30[payload->].0||12,461
2025-07-31T18:46:57.352 0100|01|00|19|e501fe|200008ffffffffffffffffffffffffffffffff05fa00013660[payload->]....................6`||24,630
2025-07-31T19:17:24.180 0100|00|00|05|fa0001|200008ad30[payload->].0||12,461
2025-07-31T19:17:24.282 0100|01|00|19|e501fe|200008ffffffffffffffffffffffffffffffffffffffffbc77[payload->].....................w||30,652
2025-07-31T19:27:32.931 0100|00|00|05|fa0001|200008ad30[payload->].0||12,461
2025-07-31T19:27:33.032 0100|01|00|19|e501fe|200008ffffffffffffffffffffffffffffffffffffffffbc77[payload->].....................w||30,652
2025-07-31T19:47:51.028 0100|00|00|05|fa0001|200008ad30[payload->].0||12,461
2025-07-31T19:47:51.129 0100|01|00|19|e501fe|200008ffffffffffffffffffffffffffffffffffffffffbc77[payload->].....................w||30,652
2025-07-31T20:08:08.498 0100|00|00|05|fa0001|200008ad30[payload->].0||12,461
2025-07-31T20:08:08.600 0100|01|00|19|e501fe|200008ffffffffffffffffffffffffffffffffffffffffbc77[payload->].....................w||30,652
2025-07-31T20:28:26.009 0100|00|00|05|fa0001|200008ad30[payload->].0||12,461
2025-07-31T20:28:26.110 0100|01|00|19|e501fe|200008ffffffffffffffffffffffffffffffffffffffffbc77[payload->].....................w||30,652
2025-07-31T20:48:44.043 0100|00|00|05|fa0001|200008ad30[payload->].0||12,461
2025-07-31T20:48:44.144 0100|01|00|19|e501fe|200008ffffffffffffffffffffffffffffffffffffffffbc77[payload->].....................w||30,652
2025-07-31T21:29:20.061 0100|00|00|05|fa0001|200008ad30[payload->].0||12,461
2025-07-31T21:29:20.162 0100|01|00|19|e501fe|200008ffffffffffffffffffffffffffffffffffffffffbc77[payload->].....................w||30,652
2025-07-31T21:59:45.319 0100|00|00|05|fa0001|200008ad30[payload->].0||12,461
2025-07-31T21:59:45.420 0100|01|00|19|e501fe|200008ffffffffffffffffffffffffffffffffffffffffbc77[payload->].....................w||30,652
2025-07-31T22:09:53.813 0100|00|00|05|fa0001|200008ad30[payload->].0||12,461
2025-07-31T22:09:53.914 0100|01|00|19|e501fe|200008ffffffffffffffffffffffffffffffffffffffffbc77[payload->].....................w||30,652
2025-07-31T22:20:03.085 0100|00|00|05|fa0001|200008ad30[payload->].0||12,461
2025-07-31T22:20:03.186 0100|01|00|19|e501fe|200008ffffffffffffffffffffffffffffffffffffffffbc77[payload->].....................w||30,652
2025-07-31T22:40:21.858 0100|00|00|05|fa0001|200008ad30[payload->].0||12,461
2025-07-31T22:40:22.161 0100|01|00|19|e501fe|200008ffffffffffffffffffffffffffffffffffffffffbc77[payload->].....................w||30,652
2025-07-31T22:50:30.987 0100|00|00|05|fa0001|200008ad30[payload->].0||12,461
2025-07-31T22:50:31.088 0100|01|00|19|e501fe|200008ffffffffffffffffffffffffffffffffffffffffbc77[payload->].....................w||30,652
2025-07-31T23:00:39.789 0100|00|00|05|fa0001|200008ad30[payload->].0||12,461
2025-07-31T23:00:39.890 0100|01|00|19|e501fe|200008ffffffffffffffffffffffffffffffffffffffffbc77[payload->].....................w||30,652
2025-07-31T23:10:49.559 0100|00|00|05|fa0001|200008ad30[payload->].0||12,461
2025-07-31T23:10:49.660 0100|01|00|19|e501fe|200008ffffffffffffffffffffffffffffffffffffffffbc77[payload->].....................w||30,652
2025-07-31T23:20:57.891 0100|00|00|05|fa0001|200008ad30[payload->].0||12,461
2025-07-31T23:20:58.093 0100|01|00|19|e501fe|200008ffffffffffffffffffffffffffffffffffffffffbc77[payload->].....................w||30,652
2025-07-31T23:41:15.780 0100|00|00|05|fa0001|200008ad30[payload->].0||12,461
2025-07-31T23:41:15.982 0100|01|00|19|e501fe|200008ffffffffffffffffffffffffffffffffffffffffbc77[payload->].....................w||30,652
2025-07-31T23:51:24.940 0100|00|00|05|fa0001|200008ad30[payload->].0||12,461
2025-07-31T23:51:25.141 0100|01|00|19|e501fe|200008ffffffffffffffffffffffffffffffffffffffffbc77[payload->].....................w||30,652
2025-08-01T00:01:34.192 0100|00|00|05|fa0001|200008ad30[payload->].0||12,461
2025-08-01T00:01:34.293 0100|01|00|19|e501fe|200008ffffffffffffffffffffffffffffffffffffffffbc77[payload->].....................w||30,652
2025-08-01T00:11:43.115 0100|00|00|05|fa0001|200008ad30[payload->].0||12,461
2025-08-01T00:11:43.317 0100|01|00|19|e501fe|200008ffffffffffffffffffffffffffffffffffffffefbc77[payload->].....................w||30,652
2025-08-01T00:21:51.987 0100|00|00|05|fa0001|200008ad30[payload->].0||12,461
2025-08-01T00:21:52.189 0100|01|00|19|e501fe|200008ffffffffffffffffffffffffffffffffffffffffbc77[payload->].....................w||30,652
2025-08-01T00:32:00.959 0100|00|00|05|fa0001|200008ad30[payload->].0||12,461
2025-08-01T00:32:01.060 0100|01|00|19|e501fe|200008ffffffffffffffffffffffffffffffffffffffffbc77[payload->].....................w||30,652
2025-08-01T01:22:45.334 0100|00|00|05|fa0001|200008ad30[payload->].0||12,461
2025-08-01T01:22:45.436 0100|01|00|19|e501fe|200008ffffffffffffffffffffffffffffffffffffffffbc77[payload->].....................w||30,652
2025-08-01T01:32:53.981 0100|00|00|05|fa0001|200008ad30[payload->].0||12,461
2025-08-01T01:32:54.183 0100|01|00|19|e501fe|200008ffffffffffffffffffffffffffffffffffffffffac77[payload->].....................w||30,636
2025-08-01T01:53:11.833 0100|01|00|19|e501fe|200008ffffffffffffffffffffffffffffffffffffffffbc77[payload->].....................w||30,652
2025-08-01T02:03:21.394 0100|00|00|05|fa0001|200008ad30[payload->].0||12,461
2025-08-01T02:03:21.496 0100|01|00|19|e501fe|200008ffffffffffffffffffffffffffffffffffffffffbc77[payload->].....................w||30,652
2025-08-01T02:23:38.876 0100|00|00|05|fa0001|200008ad30[payload->].0||12,461
2025-08-01T02:33:47.186 0100|00|00|05|fa0001|200008ad30[payload->].0||12,461
2025-08-01T03:04:12.998 0100|00|00|05|fa0001|200008ad30[payload->].0||12,461
2025-08-01T03:04:13.200 0100|01|00|19|e501fe|200008ffffffffffffffffffffffffffffffffffffffffbc77[payload->].....................w||30,652
2025-08-01T03:14:22.164 0100|00|00|05|fa0001|200008ad30[payload->].0||12,461
2025-08-01T03:14:22.366 0100|01|00|19|e501fe|200008ffffffffffffffffffffffffffffffffffffffffbc77[payload->].....................w||30,652
2025-08-01T03:34:39.047 0100|00|00|05|fa0001|200008ad30[payload->].0||12,461
2025-08-01T03:34:39.148 0100|01|00|19|e501fe|200008ffffffffffffffffffffffffffffffffffffffffbc77[payload->].....................w||30,652
2025-08-01T03:44:47.174 0100|00|00|05|fa0001|200008ad30[payload->].0||12,461
2025-08-01T03:44:47.276 0100|01|00|19|e501fe|200008ffffffffffffffffffffffffffffffffffffffffbc77[payload->].....................w||30,652
2025-08-01T03:54:56.158 0100|00|00|05|fa0001|200008ad30[payload->].0||12,461
2025-08-01T03:54:56.359 0100|01|00|19|e501fe|200008ffffffffffffffffffffffffffffffffffffffffbc77[payload->].....................w||30,652
2025-08-01T04:05:04.669 0100|00|00|05|fa0001|200008ad30[payload->].0||12,461
2025-08-01T04:05:04.771 0100|01|00|19|e501fe|200008ffffffffffffffffffffffffffffffffffffffffbc77[payload->].....................w||30,652
2025-08-01T04:15:14.039 0100|00|00|05|fa0001|200008ad30[payload->].0||12,461
2025-08-01T04:15:14.141 0100|01|00|19|e501fe|200008ffffffffffffffffffffffffffffffffffffffffbc77[payload->].....................w||30,652
2025-08-01T04:25:22.885 0100|00|00|05|fa0001|200008ad30[payload->].0||12,461
2025-08-01T04:25:23.086 0100|01|00|19|e501fe|200008ffffffffffffffffffffffffffffffffffffffffbc77[payload->].....................w||30,652
2025-08-01T04:45:41.591 0100|00|00|05|fa0001|200008ad30[payload->].0||12,461
2025-08-01T04:45:41.692 0100|01|00|19|e501fe|200008ffffffffffffffffffffffffffffffffffffffffbc77[payload->].....................w||30,652
2025-08-01T05:05:59.504 0100|00|00|05|fa0001|200008ad30[payload->].0||12,461
2025-08-01T05:05:59.706 0100|01|00|19|e501fe|200008ffffffffffffffffffffffffffffffffffffffffbc77[payload->].....................w||30,652
2025-08-01T05:46:34.547 0100|00|00|05|fa0001|200008ad30[payload->].0||12,461
2025-08-01T05:46:34.750 0100|01|00|19|e501fe|200008ffffffffffffffffffffffffffffffffffffffffbc77[payload->].....................w||30,652
2025-08-01T05:56:43.611 0100|00|00|05|fa0001|200008ad30[payload->].0||12,461
2025-08-01T05:56:43.712 0100|01|00|19|e501fe|200008ffffffffffffffffffffffffffffffffffffffffbc77[payload->].....................w||30,652
2025-08-01T06:06:52.918 0100|00|00|05|fa0001|200008ad30[payload->].0||12,461
2025-08-01T06:06:53.120 0100|01|00|19|e501fe|200008ffffffffffffffffffffffffffffffffffffffffbc77[payload->].....................w||30,652
2025-08-01T06:37:18.596 0100|00|00|05|fa0001|200008ad30[payload->].0||12,461
2025-08-01T06:37:18.798 0100|01|00|19|e501fe|200008ffffffffffffffffffffffffffffffffffffffffbc77[payload->].....................w||30,652
2025-08-01T07:07:44.133 0100|00|00|05|fa0001|200008ad30[payload->].0||12,461
2025-08-01T07:07:44.234 0100|01|00|19|e501fe|200008ffffffffffffffffffffffffffffffffffffffffbc77[payload->].....................w||30,652
2025-08-01T07:17:53.156 0100|00|00|05|fa0001|200008ad30[payload->].0||12,461
2025-08-01T07:17:53.357 0100|01|00|19|e501fe|200008ffffffffffffffffffffffffffffffffffffffffbc77[payload->].....................w||30,652
2025-08-01T07:38:11.047 0100|00|00|05|fa0001|200008ad30[payload->].0||12,461
2025-08-01T07:38:11.149 0100|01|00|19|e501fe|200008ffffffffffffffffffffffffffffffffffffffffbc77[payload->].....................w||30,652
2025-08-01T07:58:27.934 0100|00|00|05|fa0001|200008ad30[payload->].0||12,461
2025-08-01T07:58:28.035 0100|01|00|19|e501fe|200008ffffffffffffffffffffffffffffffffffffffffbc77[payload->].....................w||30,652
2025-08-01T08:08:36.992 0100|00|00|05|fa0001|200008ad30[payload->].0||12,461
2025-08-01T08:08:37.194 0100|01|00|19|e501fe|200008ffffffffffffffffffffffffffffffffffffffffbc77[payload->].....................w||30,652
2025-08-01T08:28:54.337 0100|00|00|05|fa0001|200008ad30[payload->].0||12,461
2025-08-01T08:28:54.539 0100|01|00|19|e501fe|200008ffffffffffffffffffffffffffffffffffffffffbc77[payload->].....................w||30,652
2025-08-01T08:49:11.859 0100|00|00|05|fa0001|200008ad30[payload->].0||12,461
2025-08-01T08:49:12.061 0100|01|00|19|e501fe|200008ffffffffffffffffffffffffffffffffffffffffbc77[payload->].....................w||30,652
2025-08-01T09:09:30.096 0100|00|00|05|fa0001|200008ad30[payload->].0||12,461
2025-08-01T09:09:30.298 0100|01|00|19|e501fe|200008ffffffffffffffffffffffffffffffffffffffffbc77[payload->].....................w||30,652
2025-08-01T09:29:47.904 0100|00|00|05|fa0001|200008ad30[payload->].0||12,461
2025-08-01T09:29:48.105 0100|01|00|19|e501fe|200008ffffffffffffffffffffffffffffffffffffffffbc77[payload->].....................w||30,652
2025-08-01T10:00:13.535 0100|00|00|05|fa0001|200008ad30[payload->].0||12,461
2025-08-01T10:00:13.737 0100|01|00|19|e501fe|200008ffff7fffffffffffffffffffffffffffffffffffbc77[payload->].....................w||30,652
2025-08-01T10:10:23.175 0100|00|00|05|fa0001|200008ad30[payload->].0||12,461
2025-08-01T10:10:23.276 0100|01|00|19|e501fe|200008ffffffffffffffffffffffffffffffffffffffffbc77[payload->].....................w||30,652
2025-08-01T10:20:31.957 0100|00|00|05|fa0001|200008ad30[payload->].0||12,461
2025-08-01T10:20:32.058 0100|01|00|19|e501fe|200008ffffffffffffffffffffffffffffffffffffffffbc77[payload->].....................w||30,652
2025-08-01T10:30:41.331 0100|00|00|05|fa0001|200008ad30[payload->].0||12,461
2025-08-01T10:30:41.433 0100|01|00|19|e501fe|200008fffffffffffffffffffffffffff71fffffffffbc7701[payload->]....................w.||0,375
2025-08-01T10:40:49.657 0100|00|00|05|fa0001|200008ad30[payload->].0||12,461
2025-08-01T10:40:49.758 0100|01|00|19|e501fe|200008ffffffffffffffffffffffffffffffffffffffffbc77[payload->].....................w||30,652
2025-08-01T11:51:54.344 0100|00|00|05|fa0001|200008ad30[payload->].0||12,461
2025-08-01T11:51:54.445 0100|01|00|19|e501fe|200008fffffffffffffffdffffffffffffffffffffffffbc77[payload->].....................w||30,652
2025-08-01T12:12:11.758 0100|00|00|05|fa0001|200008ad30[payload->].0||12,461
2025-08-01T12:12:11.859 0100|01|00|19|e501fe|200008ffffffffffffffffffffffffffffffffffffffffbc77[payload->].....................w||30,652
2025-08-01T12:22:21.074 0100|00|00|05|fa0001|200008ad30[payload->].0||12,461
2025-08-01T12:22:21.276 0100|01|00|19|e501fe|200008ffffffffffffffffffffffffffffffffffffffffbc77[payload->].....................w||30,652
2025-08-01T12:32:29.651 0100|00|00|05|fa0001|200008ad30[payload->].0||12,461
2025-08-01T12:32:29.753 0100|01|00|19|e501fe|200008ffffffffffffffffffffffffffffffffffffffffbc77[payload->].....................w||30,652
2025-08-01T12:42:38.045 0100|00|00|05|fa0001|200008ad30[payload->].0||12,461
2025-08-01T12:42:38.146 0100|01|00|19|e501fe|200008ffffffffffffffffffffffffffffffffffffffffbc77[payload->].....................w||30,652
2025-08-01T13:02:55.905 0100|00|00|05|fa0001|200008ad30[payload->].0||12,461
2025-08-01T13:02:56.107 0100|01|00|19|e501fe|200008ffffffffffffffffffffffffffffffffffffffffbc77[payload->].....................w||30,652
2025-08-01T13:13:04.406 0100|00|00|05|fa0001|200008ad30[payload->].0||12,461
2025-08-01T13:13:04.608 0100|01|00|19|e501fe|200008ffffffffffffffffffffffffffffffffffffffffbc77[payload->].....................w||30,652
2025-08-01T13:23:13.343 0100|00|00|05|fa0001|200008ad30[payload->].0||12,461
2025-08-01T13:23:13.645 0100|01|00|19|e501fe|200008ffffffffffffffffffffffffffffffffffffffffbc77[payload->].....................w||30,652
2025-08-01T13:33:22.230 0100|00|00|05|fa0001|200008ad30[payload->].0||12,461
2025-08-01T13:33:22.432 0100|01|00|19|e501fe|200008ffffffffffffffffffffffffffffffffffffffffac77[payload->].....................w||30,636
2025-08-01T13:43:30.974 0100|00|00|05|fa0001|200008ad30[payload->].0||12,461
2025-08-01T13:43:31.075 0100|01|00|19|e501fe|200008ffffffffffffffffffffffffffffffffffffffffbc77[payload->].....................w||30,652
2025-08-01T14:13:56.877 0100|01|00|19|e501fe|200008ffffffffffffffffffffffffffffffffffffffffbc77[payload->].....................w||30,652
2025-08-01T14:34:14.145 0100|00|00|05|fa0001|200008ad30[payload->].0||12,461
2025-08-01T14:34:14.246 0100|01|00|19|e501fe|200008ffffffffffffffffffffffffffffffffffffffffbc77[payload->].....................w||30,652
2025-08-01T14:44:22.465 0100|00|00|05|fa0001|200008ad30[payload->].0||12,461
2025-08-01T14:44:22.667 0100|01|00|19|e501fe|200008ffffffffffffffffffffffffffffffffffffffffbc77[payload->].....................w||30,652
2025-08-01T15:45:15.643 0100|00|00|05|fa0001|200008ad30[payload->].0||12,461
2025-08-01T15:45:15.845 0100|01|40|19|e501fe|200008ffffffffffffffffffffffffffffffffffffffffbc77[payload->].....................w||30,652
2025-08-01T16:05:33.386 0100|00|00|05|fa0001|200008ad30[payload->].0||12,461
2025-08-01T16:05:33.488 0100|01|00|19|e501fe|200008ffffffffffffffffffffffffffffffffffffffffbc77[payload->].....................w||30,652
2025-08-01T16:15:42.229 0100|00|00|05|fa0001|200008ad30[payload->].0||12,461
2025-08-01T16:15:42.431 0100|01|00|19|e501fe|200008ffffffffffffffffffffffffffffffffffffffffbc77[payload->].....................w||30,652
2025-08-01T16:25:51.429 0100|00|00|05|fa0001|200008ad30[payload->].0||12,461
2025-08-01T16:25:51.531 0100|09|00|19|e501fe|200008ffffffffffffffffffffffffffffffffffffffffbc77[payload->].....................w||30,652
2025-08-01T16:46:08.675 0100|00|00|05|fa0001|200008ad30[payload->].0||12,461
2025-08-01T16:46:08.776 0100|01|00|19|e501fe|200008ffffffffffffffffffffffffffffffffffffffffbc77[payload->].....................w||30,652
2025-08-01T17:16:34.425 0100|00|00|05|fa0001|200008ad30[payload->].0||12,461
2025-08-01T17:16:34.526 0100|01|00|19|e501fe|200008ffffffffffffffffffffffffffffffffffffffffbc77[payload->].....................w||30,652
2025-08-01T17:36:52.131 0100|00|00|05|fa0001|200008ad30[payload->].0||12,461
2025-08-01T17:36:52.232 0100|01|00|19|e501fe|200008ffffffffffffffffffffffffffffffffffffffffbc77[payload->].....................w||30,652
2025-08-01T17:47:00.976 0100|00|00|05|fa0001|200008ad30[payload->].0||12,461
2025-08-01T17:47:01.077 0100|01|00|19|e501fe|200008ffffffffffffffffffffffffffffffffffffffffbc77[payload->].....................w||30,652
2025-08-01T18:27:35.875 0100|00|00|05|fa0001|200008ad30[payload->].0||12,461
2025-08-01T18:27:35.976 0100|01|00|19|e501fe|200008ffffffffffffffffffffffffffffffffffffffffbc77[payload->].....................w||30,652
2025-08-01T18:37:43.902 0100|00|00|05|fa0001|200008ad30[payload->].0||12,461
2025-08-01T18:37:44.003 0100|01|00|19|e501fe|200008ffffffffffffffffffffffffffffffffffffffffbc77[payload->].....................w||30,652
2025-08-01T18:47:52.142 0100|00|00|05|fa0001|200008ad30[payload->].0||12,461
2025-08-01T18:47:52.344 0100|01|00|19|e501fe|200008ffffffffffffffffffffffffffffffffffffffffbc77[payload->].....................w||30,652
2025-08-01T19:08:09.604 0100|00|00|05|fa0001|200008ad30[payload->].0||12,461
2025-08-01T19:08:09.705 0100|01|00|19|e501fe|200008ffffffffffffffffffffffffffffffffffffffffbc77[payload->].....................w||30,652
2025-08-01T19:18:18.233 0100|00|00|05|fa0001|200008ad30[payload->].0||12,461
2025-08-01T19:18:18.434 0100|01|00|19|e501fe|200008ffffffffffffffffffffffffffffffffffffffffbc77[payload->].....................w||30,652
2025-08-01T19:48:44.020 0100|00|00|05|fa0001|200008ad30[payload->].0||12,461
2025-08-01T19:48:44.121 0100|01|00|19|e501fe|200008ffffffffffffffffffffffffffffffffffffffffbc77[payload->].....................w||30,652
2025-08-01T20:29:17.858 0100|00|00|05|fa0001|200008ad30[payload->].0||12,461
2025-08-01T20:29:17.959 0100|01|00|19|e501fe|200008ffffffffffffffffffffffffffffffffffffffffbc77[payload->].....................w||30,652
2025-08-01T20:59:44.558 0100|00|00|05|fa0001|200008ad30[payload->].0||12,461
2025-08-01T20:59:44.659 0100|01|00|19|e501fe|200008ffffffffffffffffffffffffffffffffffffffffbc77[payload->].....................w||30,652
2025-08-01T21:09:53.096 0100|00|00|05|fa0001|200008ad30[payload->].0||12,461
2025-08-01T21:30:11.076 0100|00|00|05|fa0001|200008ad30[payload->].0||12,461
2025-08-01T22:00:38.201 0100|00|00|05|fa0001|200008ad30[payload->].0||12,461
2025-08-01T22:00:38.402 0100|01|00|19|e501fe|200008ffffffffffffffffffffffffffffffffffffffffbc77[payload->].....................w||30,652
2025-08-01T22:31:04.970 0100|00|00|05|fa0001|200008ad30[payload->].0||12,461
2025-08-01T22:31:05.072 0100|01|00|19|e501fe|200008ffffffffffffffffffffffffffffffffffffffffbc77[payload->].....................w||30,652
2025-08-01T22:51:22.846 0100|00|00|05|fa0001|200008ad30[payload->].0||12,461
2025-08-01T22:51:22.948 0100|01|00|19|e501fe|200008ffffffffffffffffffffffffffffffffffffffffbc77[payload->].....................w||30,652
2025-08-01T23:01:31.613 0100|00|00|05|fa0001|200008ad30[payload->].0||12,461
2025-08-01T23:01:31.714 0100|01|00|19|e501fe|200008ffffffffffffffffffffffffffffffffffffffffbc77[payload->].....................w||30,652
2025-08-01T23:21:49.478 0100|00|00|05|fa0001|200008ad30[payload->].0||12,461
2025-08-01T23:21:49.579 0100|01|00|19|e501fe|200008ffffffffffffffffffffffffffffffffffffffffbc77[payload->].....................w||30,652
2025-08-01T23:31:57.608 0100|00|00|05|fa0001|200008ad30[payload->].0||12,461
2025-08-01T23:31:57.809 0100|01|00|19|e501fe|200008ffffffffffffffffffffffffffffffffffffffffbc77[payload->].....................w||30,652
2025-08-02T00:02:22.810 0100|00|00|05|fa0001|200008ad30[payload->].0||12,461
2025-08-02T00:02:22.911 0100|01|00|19|e501fe|200008ffffffffffffffffffffffffffffffffffffffffbc77[payload->].....................w||30,652
2025-08-02T00:32:49.641 0100|00|00|05|fa0001|200008ad30[payload->].0||12,461
2025-08-02T00:32:49.843 0100|01|00|19|e501fe|200008ffffffffffffffffffffffffffffffffffffffffbc77[payload->].....................w||30,652
2025-08-02T01:03:15.033 0100|00|00|05|fa0001|200008ad30[payload->].0||12,461
2025-08-02T01:03:15.135 0100|01|00|19|e501fe|200008ffffffffffffffffffffffffffffffffffffffffbc77[payload->].....................w||30,652
2025-08-02T01:23:32.722 0100|00|00|05|fa0001|200008ad30[payload->].0||12,461
2025-08-02T01:23:32.823 0100|01|00|19|e501fe|200008ffffffffffffffffffffffffffffffffffffffffbc77[payload->].....................w||30,652
2025-08-02T01:33:42.100 0100|00|00|05|fa0001|200008ad30[payload->].0||12,461
2025-08-02T01:33:42.201 0100|01|00|19|e501fe|200008ffffffffffffffffffffffffffffffffffffffffbc77[payload->].....................w||30,652
2025-08-02T01:43:50.773 0100|00|00|05|fa0001|200008ad30[payload->].0||12,461
2025-08-02T01:43:50.874 0100|01|00|19|e501fe|200008ffffffffffffffffffffffffffffffffffffffffbc77[payload->].....................w||30,652
2025-08-02T02:04:09.029 0100|00|00|05|fa0001|200008ad30[payload->].0||12,461
2025-08-02T02:04:09.130 0100|01|00|19|e501fe|200008ffffffffffffffffffffffffffffffffffffffffbc77[payload->].....................w||30,652
2025-08-02T02:24:27.133 0100|00|00|05|fa0001|200008ad30[payload->].0||12,461
2025-08-02T02:24:27.335 0100|01|00|19|e501fe|200008ffffffffffffffffffffffffffdfffffffffffffbc77[payload->].....................w||30,652
2025-08-02T02:44:44.953 0100|00|00|05|fa0001|200008ad30[payload->].0||12,461
2025-08-02T02:54:53.857 0100|00|00|05|fa0001|200008ad30[payload->].0||12,461
2025-08-02T03:05:01.767 0100|00|00|05|fa0001|200008ad30[payload->].0||12,461
2025-08-02T03:05:01.868 0100|01|00|19|e501fe|200008ffffffffffffffffffffffffffffffffffffffffbc77[payload->].....................w||30,652
2025-08-02T03:25:19.783 0100|00|00|05|fa0001|200008ad30[payload->].0||12,461
2025-08-02T03:25:19.985 0100|01|00|19|e501fe|200008ffffffffffffffffffffffffffffffffffffffffbc77[payload->].....................w||30,652
2025-08-02T04:05:52.868 0100|00|00|05|fa0001|200008ad30[payload->].0||12,461
2025-08-02T04:05:52.969 0100|01|00|19|e501fe|200008ffffffffffffffffffffffffffffffffffffffffbc77[payload->].....................w||30,652
2025-08-02T04:16:01.556 0100|00|00|05|fa0001|200008ad30[payload->].0||12,461
2025-08-02T04:16:01.657 0100|01|00|19|e501fe|200008ffffffffffffffffffffffffffffffffffffffffbc77[payload->].....................w||30,652
2025-08-02T04:26:11.330 0100|00|00|05|fa0001|200008ad30[payload->].0||12,461
2025-08-02T04:26:11.532 0100|01|00|19|e501fe|200008ffffffffffffffffffffffffffffffffffffffffbc77[payload->].....................w||30,652
2025-08-02T04:36:19.765 0100|00|00|05|fa0001|200008ad30[payload->].0||12,461
2025-08-02T04:36:19.967 0100|01|00|19|e501fe|200008ffffffffffffffffffffffffffffffffffffffffbc77[payload->].....................w||30,652
2025-08-02T04:46:28.182 0100|01|00|19|e501fe|200008ffffffffffffffffffffffffffffffffffffffffbc77[payload->].....................w||30,652
2025-08-02T05:27:02.786 0100|00|00|05|fa0001|200008ad30[payload->].0||12,461
2025-08-02T05:27:02.988 0100|01|00|19|e501fe|200008ffffffffffffffffffffff7fffffffffffffffffbc77[payload->].....................w||30,652
2025-08-02T05:37:11.750 0100|00|00|05|fa0001|200008ad30[payload->].0||12,461
2025-08-02T05:57:29.710 0100|00|00|05|fa0001|200008ad30[payload->].0||12,461
2025-08-02T05:57:29.811 0100|01|00|1b|e501fe|200008ffffffffffffffffffffffffffffffffffffffffbc770100[payload->].....................w..||0,001
2025-08-02T06:07:38.219 0100|00|00|05|fa0001|200008ad30[payload->].0||12,461
2025-08-02T06:07:38.421 0100|01|00|19|e501fe|200008ffffffffffffffffffffffffffffffffffffffffbc77[payload->].....................w||30,652
2025-08-02T06:58:22.684 0100|00|00|05|fa0001|200008ad30[payload->].0||12,461
2025-08-02T06:58:22.785 0100|01|00|19|e501fe|200008fffffffffffffffffffffffff7ffffffffffffffbc77[payload->].....................w||30,652
2025-08-02T07:08:31.855 0100|00|00|05|fa0001|200008ad30[payload->].0||12,461
2025-08-02T07:28:50.007 0100|00|00|05|fa0001|200008ad30[payload->].0||12,461
2025-08-02T07:28:50.208 0100|01|00|19|e501fe|200008ffffffffffffffffffffffffffffffffffffffffbc77[payload->].....................w||30,652
2025-08-02T07:49:06.700 0100|01|00|19|e501fe|200008ffffffffffffffffffffffffffffffffffffffffbc77[payload->].....................w||30,652
2025-08-02T07:59:15.859 0100|00|00|05|fa0001|200008ad30[payload->].0||12,461
2025-08-02T07:59:15.960 0100|01|00|19|e501fe|200008ffffffffffffffffffffffffffffffffffffffffbc77[payload->].....................w||30,652
2025-08-02T08:09:24.893 0100|00|00|05|fa0001|200008ad30[payload->].0||12,461
2025-08-02T08:09:25.095 0100|01|00|19|e501fe|200008ffffffffffffffffffffffffffffffffffffffffbc77[payload->].....................w||30,652
2025-08-02T08:29:42.939 0100|00|00|05|fa0001|200008ad30[payload->].0||12,461
2025-08-02T08:29:43.140 0100|01|00|19|e501fe|200008ffffffffffffffffffffffffffffffffffffffffbc77[payload->].....................w||30,652
2025-08-02T09:00:08.259 0100|00|00|05|fa0001|200008ad30[payload->].0||12,461
2025-08-02T09:30:34.692 0100|00|00|05|fa0001|200008ad30[payload->].0||12,461
2025-08-02T09:30:34.794 0100|01|00|19|e501fe|200008ffffffffffffffffffffffffffffffffffffffffbc77[payload->].....................w||30,652
2025-08-02T09:40:42.785 0100|01|00|19|e501fe|200008ffffffffffffffffffffffffffffffffffffffffbc77[payload->].....................w||30,652
2025-08-02T10:01:00.418 0100|00|00|05|fa0001|200008ad30[payload->].0||12,461
2025-08-02T10:11:08.767 0100|00|00|05|fa0001|200008ad30[payload->].0||12,461
2025-08-02T10:11:08.969 0100|01|00|19|e501fe|200008ffffffffffffffffffffffffffffffffffffffffbc77[payload->].....................w||30,652
2025-08-02T10:21:17.946 0100|00|00|05|fa0001|200008ad30[payload->].0||12,461
2025-08-02T10:21:18.148 0100|01|00|19|e501fe|200008ffffffffffffffffffffffffffffffffffffffffbc77[payload->].....................w||30,652
2025-08-02T10:51:45.210 0100|00|00|05|fa0001|200008ad30[payload->].0||12,461
2025-08-02T10:51:45.312 0100|01|00|19|e501fe|200008ffffffffffffffffffffffffffffffffffffffffbc77[payload->].....................w||30,652
2025-08-02T11:01:53.951 0100|00|00|05|fa0001|200008ad30[payload->].0||12,461
2025-08-02T11:01:54.153 0100|81|00|19|e501fe|200008ffffffffffffffffffffffffffffffffffffffffbc77[payload->].....................w||30,652
2025-08-02T11:12:02.579 0100|00|00|05|fa0001|200008ad30[payload->].0||12,461
2025-08-02T11:12:02.680 0100|01|00|19|e501fe|200008ffffffffffffffffffffffffffffffffffffffffbc77[payload->].....................w||30,652
2025-08-02T11:32:19.539 0100|00|00|05|fa0001|200008ad30[payload->].0||12,461
2025-08-02T11:32:19.741 0100|01|00|19|e501fe|200008ffffffffffffffffffffffffffffffffffffffffbc77[payload->].....................w||30,652
2025-08-02T11:42:28.896 0100|00|00|05|fa0001|200008ad30[payload->].0||12,461
2025-08-02T11:42:28.996 0100|01|00|19|e541fe|200008ffffffffffffffffffffffffffffffffffffffffbc77[payload->].....................w||30,652
2025-08-02T12:02:46.863 0100|00|00|05|fa0001|200008ad30[payload->].0||12,461
2025-08-02T12:02:46.964 0100|01|00|19|e501fe|200008ffffffffffffffffffffffffffffffffffffffffbc77[payload->].....................w||30,652
2025-08-02T12:23:03.785 0100|00|00|05|fa0001|200008ad30[payload->].0||12,461
2025-08-02T12:23:03.886 0100|01|00|19|e501fe|200008ffffffffffffffffffffffffffffffffffffffffbc77[payload->].....................w||30,652
2025-08-02T12:33:11.831 0100|00|00|05|fa0001|200008ad30[payload->].0||12,461
2025-08-02T12:33:11.933 0100|01|00|19|e501fe|200008ffffffffffffffffffffffffffffffffffffffffbc77[payload->].....................w||30,652
2025-08-02T12:43:21.156 0100|00|00|05|fa0001|200008ad30[payload->].0||12,461
2025-08-02T12:53:29.812 0100|00|00|05|fa0001|200008ad30[payload->].0||12,461
2025-08-02T12:53:30.014 0100|01|00|19|e501fe|200008ffffffffffffffffffffffffffffffffffffffffbc77[payload->].....................w||30,652
2025-08-02T13:03:38.275 0100|00|00|05|fa0001|200008ad30[payload->].0||12,461
2025-08-02T13:03:38.376 0100|01|00|19|e501fe|200008ffffffffffffffffffffffffffffffffffffffffbc77[payload->].....................w||30,652
2025-08-02T13:34:04.562 0100|00|00|05|fa0001|200008ad30[payload->].0||12,461
2025-08-02T13:34:04.663 0100|01|00|19|e501fe|200008ffffffffffffffffffffffffffffffffffffffffbc77[payload->].....................w||30,652
2025-08-02T13:44:13.165 0100|00|00|05|fa0001|200008ad30[payload->].0||12,461
2025-08-02T13:44:13.266 0100|01|00|19|e501fe|200008ffffffffffffffffffffffffffff00000005fa000134[payload->].....................4||13,313
2025-08-02T14:14:39.940 0100|00|00|05|fa0001|200008ad30[payload->].0||12,461
2025-08-02T14:14:40.041 0100|01|00|19|e501fe|200008ffffffffffffffffffffffffffffffffffffffffbc77[payload->].....................w||30,652
2025-08-02T15:05:24.310 0100|00|00|05|fa0001|200008ad30[payload->].0||12,461
2025-08-02T15:05:24.411 0100|01|00|19|e501fe|200008ffffffffffffffffffffffffffffbfffffffffffbc77[payload->].....................w||30,652
2025-08-02T15:15:32.855 0100|00|00|05|fa0001|200008ad30[payload->].0||12,461
2025-08-02T15:15:33.057 0100|01|00|19|e501fe|200008ffffffffffffffffffffffffffffffffffffffffbc77[payload->].....................w||30,652
2025-08-02T15:35:51.141 0100|00|00|05|fa0001|200008ad30[payload->].0||12,461
2025-08-02T15:35:51.243 0100|01|00|19|e501fe|200008ffffffffffffffffffffffffffffffffffffffffbc77[payload->].....................w||30,652
2025-08-02T15:45:59.803 0100|00|00|05|fa0001|200008ad30[payload->].0||12,461
2025-08-02T15:45:59.904 0100|01|00|19|e501fe|200008ffffffffffffffffffffffffffffffffffffffffbc77[payload->].....................w||30,652
2025-08-02T16:06:17.521 0100|00|00|05|fa0001|200008ad30[payload->].0||12,461
2025-08-02T16:06:17.723 0100|01|00|19|e501fe|200008ffffffffffffffffffffffffffffffffffffffffbc77[payload->].....................w||30,652
2025-08-02T16:26:33.931 0100|00|00|05|fa0001|200008ad30[payload->].0||12,461
2025-08-02T16:26:34.132 0100|01|00|19|e501fe|200008ffffffffffffffffffffffffffffffffffffffffbc77[payload->].....................w||30,652
2025-08-02T16:46:51.690 0100|00|00|05|fa0001|200008ad30[payload->].0||12,461
2025-08-02T16:46:51.891 0100|01|00|19|e501fe|200008ffffffffffffffffffffffffffffffffffffffffbc77[payload->].....................w||30,652
2025-08-02T16:57:00.995 0100|00|00|05|fa0001|200008ad30[payload->].0||12,461
2025-08-02T16:57:01.196 0100|01|00|19|e501fe|200008ffffffffffffffffffffffffffffffffffffffffbc77[payload->].....................w||30,652
2025-08-02T17:07:09.639 0100|00|00|05|fa0001|200008ad30[payload->].0||12,461
2025-08-02T17:07:09.841 0100|01|00|19|e501fe|200008ffffffffffffffffffffffffffffffffffffffffbc77[payload->].....................w||30,652
2025-08-02T17:17:18.575 0100|00|00|05|fa0001|200008ad30[payload->].0||12,461
2025-08-02T17:17:18.676 0100|01|00|19|e501fe|200008ffffffffffffffffffffffffffffffffffffffffbc77[payload->].....................w||30,652
2025-08-02T17:57:53.871 0100|00|00|05|fa0001|200008ad30[payload->].0||12,461
2025-08-02T18:08:02.582 0100|00|00|05|fa0001|200008ad30[payload->].0||12,461
2025-08-02T18:08:02.784 0100|01|00|19|e501fe|200008ffffffffffffffffffffffffffffffffffffffffbc77[payload->].....................w||30,652
2025-08-02T18:18:11.883 0100|00|00|05|fa0001|200008ad30[payload->].0||12,461
2025-08-02T18:18:12.084 0100|01|00|19|e501fe|200008ffffffffffffffffffffffffffffffffffffffffbc77[payload->].....................w||30,652
2025-08-02T18:28:21.178 0100|01|00|19|e501fe|200008ffffffffffffffffffffffffffffffffffffffffbc77[payload->].....................w||30,652
2025-08-02T18:38:29.893 0100|00|00|05|fa0001|200008ad30[payload->].0||12,461
2025-08-02T18:38:30.094 0100|01|00|19|e501fe|200008ffffffffffffffffffffffffffffffffffffffffbc77[payload->].....................w||30,652
2025-08-02T18:48:38.704 0100|00|00|05|fa0001|200008ad30[payload->].0||12,461
2025-08-02T18:48:38.805 0100|01|00|19|e501fe|200008ffffffffffffffffffffffffffffffffffffffffbc77[payload->].....................w||30,652
2025-08-02T20:09:50.033 0100|00|00|05|fa0001|200008ad30[payload->].0||12,461
2025-08-02T20:09:50.235 0100|01|00|19|e501fe|200008ffffffffffffffffffffffffffffffffffffffffbc77[payload->].....................w||30,652
2025-08-02T20:19:58.718 0100|00|00|05|fa0001|200008ad30[payload->].0||12,461
2025-08-02T20:40:15.928 0100|00|00|05|fa0001|200008ad30[payload->].0||12,461
2025-08-02T20:40:16.129 0100|01|00|19|e501fe|200008ffffffffffffffffffffffffffffffffffffffffbc77[payload->].....................w||30,652
2025-08-02T21:10:42.257 0100|00|00|05|fa0001|200008ad30[payload->].0||12,461
2025-08-02T21:10:42.459 0100|01|00|19|e501fe|200008ffffffffffffffffffffffffffffffffffffffffbc77[payload->].....................w||30,652
2025-08-02T21:51:17.593 0100|00|00|05|fa0001|200008ad30[payload->].0||12,461
2025-08-02T21:51:17.694 0100|01|00|19|e501fe|200008ffffffffffffffffffffffffffffffffffffffffbc77[payload->].....................w||30,652
2025-08-02T22:21:43.964 0100|00|00|05|fa0001|200008ad30[payload->].0||12,461
2025-08-02T22:21:44.065 0100|01|00|19|e501fe|200008fffffffffffffffffffffffffffdffffffffffffbc77[payload->].....................w||30,652
2025-08-02T22:42:01.179 0100|00|00|05|fa0001|200008ad30[payload->].0||12,461
2025-08-02T22:42:01.280 0100|01|00|19|e501fe|200008ffffffffffffffffffffffffffffb70100000005fa00[payload->]......................||0,250
2025-08-02T22:52:10.512 0100|00|00|05|fa0001|200008ad30[payload->].0||12,461
2025-08-02T22:52:10.714 0100|01|00|19|e501fe|200008ffffffffffffffffffffffffffffffffffffffffbc77[payload->].....................w||30,652
2025-08-02T23:02:19.277 0100|00|00|05|fa0001|200008ad30[payload->].0||12,461
2025-08-02T23:02:19.478 0100|01|00|19|e501fe|200008ffffffffffffffffffffffffffffffffffffffffbc77[payload->].....................w||30,652
2025-08-02T23:32:44.733 0100|01|00|19|e501fe|200008ffffffffffffffffffffffbfffffffffffffffffbc77[payload->].....................w||30,652
2025-08-02T23:42:53.651 0100|00|00|05|fa0001|200008ad30[payload->].0||12,461
2025-08-02T23:42:53.752 0100|41|40|19|e501fe|200008ffffffffffffffffffffffffffffffffffffffffbc77[payload->].....................w||30,652
2025-08-03T00:03:11.390 0100|00|00|05|fa0001|200008ad30[payload->].0||12,461
2025-08-03T00:03:11.593 0100|01|00|19|e501fe|200008ffffffffffffffffffffffffffffffffffffffffbc77[payload->].....................w||30,652
2025-08-03T00:13:20.872 0100|00|00|05|fa0001|200008ad30[payload->].0||12,461
2025-08-03T00:13:21.074 0100|01|00|19|e501fe|200008ffffffffffffffffffffffffffffffffffffffffbc77[payload->].....................w||30,652
2025-08-03T00:23:29.294 0100|00|00|05|fa0001|200008ad30[payload->].0||12,461
2025-08-03T00:23:29.496 0100|01|00|19|e501fe|200008ffffffffffffffffffffffffffffffffffffffffbc77[payload->].....................w||30,652
2025-08-03T00:53:55.762 0100|00|00|05|fa0001|200008ad30[payload->].0||12,461
2025-08-03T00:53:55.964 0100|01|00|19|e501fe|200008ffffffffffffffffffffffffffffffffffffffffbc77[payload->].....................w||30,652
2025-08-03T01:04:04.814 0100|01|00|19|e501fe|200008ffffffffffffffffffffffffffffffffffffffffbc77[payload->].....................w||30,652
2025-08-03T01:24:22.458 0100|00|00|05|fa0001|200008ad30[payload->].0||12,461
2025-08-03T01:24:22.660 0100|01|00|19|e501fe|200008ffffffffffffffffffffffffffffffffffffffffbc77[payload->].....................w||30,652
2025-08-03T01:44:40.249 0100|00|00|05|fa0001|200008ad30[payload->].0||12,461
2025-08-03T01:44:40.450 0100|01|00|19|e501fe|200008ffffffffffffffffffffffffffdfffffffffffffbc77[payload->].....................w||30,652
2025-08-03T02:25:13.570 0100|00|00|05|fa0001|200008ad30[payload->].0||12,461
2025-08-03T02:25:13.771 0100|01|00|19|e501fe|200008ffffffffffffffffffffffffffffffffffffffffbc77[payload->].....................w||30,652
2025-08-03T02:35:22.817 0100|00|00|05|fa0001|2000081902[payload->]..||0,537
2025-08-03T02:55:40.013 0100|00|00|05|fa0001|200008ad30[payload->].0||12,461
2025-08-03T02:55:40.215 0100|01|00|19|e501fe|200008ffffffffffffffffffffffffffffffffffffffffbc77[payload->].....................w||30,652
2025-08-03T03:46:25.686 0100|00|00|05|fa0001|200008ad30[payload->].0||12,461
2025-08-03T03:46:25.888 0100|01|00|19|e501fe|200008ffffffffffffffffffffffffffffffffffffffffbc7f[payload->]......................||32,700
2025-08-03T04:16:52.327 0100|00|00|05|fa0001|200008ad30[payload->].0||12,461
2025-08-03T04:16:52.529 0100|01|00|19|e501fe|200008ffffffffffffffffffffffffffffffffffffffff3c77[payload->]....................<w||30,524
2025-08-03T04:27:00.838 0100|00|00|05|fa0001|200008ad30[payload->].0||12,461
2025-08-03T04:27:01.140 0100|01|00|19|e501fe|200008ffffffffffffffffffffffffffffffffffffffffbc77[payload->].....................w||30,652
2025-08-03T04:57:27.018 0100|00|00|05|fa0001|200008ad30[payload->].0||12,461
2025-08-03T04:57:27.220 0100|09|00|19|e501fe|200008ffffffffffffffffffffffffffffffffffffffffbc77[payload->].....................w||30,652
2025-08-03T05:07:36.605 0100|01|00|19|e501fe|200008ffffffffffffffffffffffffffffffffffffffffbc77[payload->].....................w||30,652
2025-08-03T05:17:45.346 0100|01|00|19|e501fe|200008ffffffffffffffffffffffffffffffffffffffffbc77[payload->].....................w||30,652
2025-08-03T05:48:12.813 0100|00|00|05|fa0001|200008ad30[payload->].0||12,461
2025-08-03T05:48:13.014 0100|01|00|19|e501fe|200008ffffffffffffffffffffffffffffffffffffffffbc77[payload->].....................w||30,652
2025-08-03T07:19:32.596 0100|00|00|05|fa0001|200008ad30[payload->].0||12,461
2025-08-03T07:19:32.697 0100|01|00|19|e501fe|200008ffffffffffffff0206b8b70100000005fa0001301f00[payload->]...................0..||0,031
2025-08-03T07:29:41.129 0100|00|00|05|fa0001|200008ad30[payload->].0||12,461
2025-08-03T07:29:41.431 0100|01|00|19|e501fe|200008ffffffffffffffffffffffffffffffffffffffffbc77[payload->].....................w||30,652
2025-08-03T08:20:23.640 0100|00|00|05|fa0001|200008ad30[payload->].0||12,461
2025-08-03T08:20:23.841 0100|01|00|19|e500fe|200008ffffffffffffffffffffffffffffffffffffffffbc77[payload->].....................w||30,652
2025-08-03T08:30:32.093 0100|01|00|19|e501fe|200008ffffffffffffffffffffffffffffffffffffffffbc77[payload->].....................w||30,652
2025-08-03T08:40:41.367 0100|00|00|05|fa0001|200008ad30[payload->].0||12,461
2025-08-03T08:40:41.569 0100|01|00|19|e501fe|200008ffffffffffffffffffffffffffffffffffffffffbc77[payload->].....................w||30,652
2025-08-03T08:50:50.460 0100|00|00|05|fa0001|200008ad30[payload->].0||12,461
2025-08-03T08:50:50.562 0100|01|00|19|e501fe|200008ffffffffffffffffffffffffffffffffffffffffbc77[payload->].....................w||30,652
2025-08-03T09:00:59.239 0100|00|00|05|fa0001|200008ad30[payload->].0||12,461
2025-08-03T09:00:59.540 0100|01|00|19|e501fe|200008ffffffffffffffffffffffffffffffffffffffffbc77[payload->].....................w||30,652
2025-08-03T09:21:15.790 0100|00|00|05|fa0001|200008ad30[payload->].0||12,461
2025-08-03T09:21:15.891 0100|01|00|19|e501fe|200008ffffffffffffffffffffffffffffffffffffffffbc77[payload->].....................w||30,652
2025-08-03T09:51:42.583 0100|00|00|05|fa0001|200008ad30[payload->].0||12,461
2025-08-03T09:51:42.684 0100|01|00|19|e501fe|200008fffffffffffbffffffffffffffffffffffffffffbc77[payload->].....................w||30,652
2025-08-03T10:22:08.486 0100|01|00|19|e501fe|200008ffffffffffffffffffffffffffffffffffffffffbc77[payload->].....................w||30,652
2025-08-03T10:32:17.108 0100|00|00|05|fa0001|200008ad30[payload->].0||12,461
2025-08-03T10:32:17.209 0100|01|00|19|e501fe|200008ffffffffffffffffffffffffffffffffffffffffbc77[payload->].....................w||30,652
2025-08-03T11:23:01.914 0100|00|00|05|fa0001|200008ad30[payload->].0||12,461
2025-08-03T11:53:29.193 0100|00|00|05|fa0001|200008ad30[payload->].0||12,461
2025-08-03T12:23:55.697 0100|00|00|05|fa0001|200008ad30[payload->].0||12,461
2025-08-03T12:23:55.798 0100|01|00|19|e501fe|200008ffffffffffffffffffffffffffffffffffffffffbc77[payload->].....................w||30,652
2025-08-03T12:44:13.708 0100|00|00|05|fa0001|200008ad30[payload->].0||12,461
2025-08-03T12:44:13.910 0100|01|00|19|e501fe|200008ffffffffffffffffffffffffffffffffffffffffbc77[payload->].....................w||30,652
2025-08-03T12:54:23.137 0100|00|00|05|fa0001|200008ad30[payload->].0||12,461
2025-08-03T12:54:23.238 0100|01|00|19|e501fe|200008ffffffffffffffffffffffffffffffffffffffffbc77[payload->].....................w||30,652
2025-08-03T13:24:49.732 0100|00|00|05|fa0001|200008ad30[payload->].0||12,461
2025-08-03T13:24:49.834 0100|01|00|19|e501fe|200008fffffffffffffffffff7ffffffffffffffffffffbc77[payload->].....................w||30,652
2025-08-03T13:34:59.076 0100|00|00|05|fa0001|200008ad30[payload->].0||12,461
2025-08-03T13:34:59.177 0100|01|00|19|e501fe|200008ffffffffffffffffffffffffffffffffffffffffbc77[payload->].....................w||30,652
2025-08-03T14:05:25.821 0100|00|00|05|fa0001|200008ad30[payload->].0||12,461
2025-08-03T14:05:26.023 0100|01|00|19|e501fe|200008ffffffffffffffffffffffffff0100000005fa000130[payload->].....................0||12,289
2025-08-03T14:25:43.675 0100|00|00|05|fa0001|200008ad30[payload->].0||12,461
2025-08-03T14:25:43.776 0100|01|00|19|e501fe|200008ffffffffffffffffffffffffffffffffffffffffbc77[payload->].....................w||30,652
2025-08-03T14:56:09.821 0100|00|00|05|fa0001|200008ad30[payload->].0||12,461
2025-08-03T14:56:10.023 0100|01|00|19|e501fe|200008ffffffffffffffffffffffffffffffffffffffffbc77[payload->].....................w||30,652
2025-08-03T15:06:18.698 0100|00|00|05|fa0001|200008ad30[payload->].0||12,461
2025-08-03T15:06:18.900 0100|01|00|19|e501fe|200008ffffffffffffffffffffffffffffffffffffffffbc77[payload->].....................w||30,652
2025-08-03T15:36:44.998 0100|00|00|05|fa0001|200008ad30[payload->].0||12,461
2025-08-03T15:36:45.100 0100|01|00|19|e501fe|200008ffffffffffffffffffffffffffffffffffffffffbc77[payload->].....................w||30,652
2025-08-03T15:46:53.584 0100|00|00|05|fa0001|200008ad30[payload->].0||12,461
2025-08-03T15:46:53.786 0100|01|00|19|e501fe|200008ffffffffffffffffffffffffffffffffffffffffbc77[payload->].....................w||30,652
2025-08-03T15:57:02.637 0100|00|00|05|fa0001|200008ad30[payload->].0||12,461
2025-08-03T15:57:02.838 0100|01|00|19|e501fe|200008ffffffffffffffffffffffffffffffffffffffffbc77[payload->].....................w||30,652
2025-08-03T16:07:10.952 0100|00|00|05|fa0001|200008ad30[payload->].0||12,461
2025-08-03T16:07:11.054 0100|01|00|19|e503fe|200008ffffffffffffffffffffffffffffffffffffffffbc77[payload->].....................w||30,652
2025-08-03T16:17:19.797 0100|00|00|05|fa0001|200008ad30[payload->].0||12,461
2025-08-03T16:17:19.899 0100|01|00|19|e501fe|200008ffffffffffffffffffffffffffffffffffffffffbc77[payload->].....................w||30,652
2025-08-03T16:57:54.114 0100|00|00|05|fa0001|200008ad30[payload->].0||12,461
2025-08-03T16:57:54.316 0100|01|00|19|e501fe|200008ffffffffffffffffffffffffffffffffffffffffbc77[payload->].....................w||30,652
2025-08-03T17:08:03.472 0100|00|00|05|fa0001|200008ac30[payload->].0||12,460
2025-08-03T17:08:03.673 0100|01|00|19|e501fe|200008ffffffffffffffffffffffffffffffffffffffffbc77[payload->].....................w||30,652
2025-08-03T17:18:12.140 0100|00|00|05|fa0001|200008ad30[payload->].0||12,461
2025-08-03T17:18:12.241 0100|01|00|19|e501fe|200008ffffffffffffffffffffffffffffffffffffffffbc77[payload->].....................w||30,652
2025-08-03T17:28:20.843 0100|00|00|05|fa0001|200008ad30[payload->].0||12,461
2025-08-03T17:28:21.045 0100|01|00|19|e501fe|200008ffffffffffffffffffffffffffffffffffffffffbc77[payload->].....................w||30,652
2025-08-03T17:38:29.783 0100|00|00|05|fa0001|200008ad30[payload->].0||12,461
2025-08-03T17:38:29.985 0100|09|00|19|e501fe|200008ffffffffffffffffffffffffffffffffffffffffbc77[payload->].....................w||30,652
2025-08-03T18:08:56.713 0100|00|00|05|fa0001|200008ad30[payload->].0||12,461
2025-08-03T18:08:56.815 0100|01|00|19|e501fe|200008ffffffffffffffffffffffffffffffffffffffffbc77[payload->].....................w||30,652
