2025-07-30T21:03:45.709 0100|00|00|05|fa0001|3643015f20[payload->]_ ||8,287
2025-07-30T21:03:45.911 0100|01|00|18|e601fe|36430103e6002ae6006ce6008700000000000000000038d3[payload->]...*..l............8.||54,072
2025-07-30T21:31:24.907 0100|00|00|05|fa0001|3643015f20[payload->]_ ||8,287
2025-07-30T21:31:25.008 0100|01|00|18|e601fe|36430103e6002ae6006ce6008700000000000000000038d3[payload->]...*..l............8.||54,072
2025-07-30T21:33:45.820 0100|00|00|05|fa0001|3643015f20[payload->]_ ||8,287
2025-07-30T21:33:45.921 0100|01|00|18|e601fe|36430103e6002ae6006ce6008700000000000000000038d3[payload->]...*..l............8.||54,072
2025-07-30T22:03:45.517 0100|00|00|05|fa0001|3643015f20[payload->]_ ||8,287
2025-07-30T22:03:45.718 0100|01|00|18|e601fe|36430103e6002ae6006ce6008700000000000000000038d3[payload->]...*..l............8.||54,072
2025-07-30T22:33:45.496 0100|00|00|05|fa0001|3643015f20[payload->]_ ||8,287
2025-07-30T22:33:45.698 0100|01|00|18|e601fe|36430103e6002ae6006ce6008700000000000000000038d3[payload->]...*..l............8.||54,072
2025-07-30T23:03:46.397 0100|00|00|05|fa0001|3643015f20[payload->]_ ||8,287
2025-07-30T23:03:46.499 0100|01|00|18|e601fe|36430103e6002ae6006ce6008700000000000000000038d3[payload->]...*..l............8.||54,072
2025-07-30T23:31:25.111 0100|00|00|05|fa0001|3643015f20[payload->]_ ||8,287
2025-07-30T23:31:25.212 0100|01|00|18|e601fe|36430103e6002ae6006ce6008700000000000000000038d3[payload->]...*..l............8.||54,072
2025-07-30T23:33:45.571 0100|00|00|05|fa0001|3643015f20[payload->]_ ||8,287
2025-07-30T23:33:45.672 0100|01|00|18|e601fe|36430103e6002ae6006ce6008700000000000000000038d3[payload->]...*..l............8.||54,072
2025-07-31T00:03:45.682 0100|00|00|05|fa0001|3643015f20[payload->]_ ||8,287
2025-07-31T00:03:45.783 0100|01|00|18|e601fe|36430103e6002ae6006ce6008700000000000000000038d3[payload->]...*..l............8.||54,072
2025-07-31T00:31:25.103 0100|01|00|18|e601fe|36430103e6002ae6006ce6008700000000000000000038d3[payload->]...*..l............8.||54,072
2025-07-31T00:33:45.579 0100|00|00|05|fa0001|3643015f20[payload->]_ ||8,287
2025-07-31T00:33:45.680 0100|01|00|18|e601fe|36430103e6002ae6006ce6008700000000000000000038d3[payload->]...*..l............8.||54,072
2025-07-31T01:03:45.576 0100|00|00|05|fa0001|3643015f20[payload->]_ ||8,287
2025-07-31T01:03:45.677 0100|01|00|18|e601fe|36430103e6002ae6006ce6008700000000000000000038d3[payload->]...*..l............8.||54,072
2025-07-31T01:31:25.379 0100|00|00|05|fa0001|3643015f20[payload->]_ ||8,287
2025-07-31T01:31:25.480 0100|01|00|18|e601fe|36430103e6002ae6006ce6008700000000c6310100000005[payload->]...*..l........1.....||1,280
2025-07-31T01:33:45.584 0100|00|00|05|fa0001|3643015f20[payload->]_ ||8,287
2025-07-31T01:33:45.685 0100|01|00|18|e601fe|36430103e6002ae6006ce6008700000000000000000038d3[payload->]...*..l............8.||54,072
2025-07-31T02:03:45.568 0100|00|00|05|fa0001|3643015f20[payload->]_ ||8,287
2025-07-31T02:03:45.669 0100|01|00|18|e601fe|36430103e6002ae6006ce6008700000000000000000038d3[payload->]...*..l............8.||54,072
2025-07-31T02:33:46.515 0100|00|00|05|fa0001|3643015f20[payload->]_ ||8,287
2025-07-31T03:03:46.524 0100|00|00|05|fa0001|3643015f20[payload->]_ ||8,287
2025-07-31T03:03:46.625 0100|01|00|18|e601fe|36430103e6002ae6006ce6008700000000000000000038d3[payload->]...*..l............8.||54,072
2025-07-31T03:31:25.146 0100|00|00|05|fa0001|3643015f20[payload->]_ ||8,287
2025-07-31T03:31:25.247 0100|01|00|18|e601fe|36430103e6002ae6006ce6008700000000000000000038d3[payload->]...*..l............8.||54,072
2025-07-31T03:33:46.471 0100|00|00|05|fa0001|3643015f20[payload->]_ ||8,287
2025-07-31T04:03:46.559 0100|00|00|05|fa0001|3643015f20[payload->]_ ||8,287
2025-07-31T04:31:25.050 0100|00|00|05|fa0001|3643015f20[payload->]_ ||8,287
2025-07-31T04:31:25.151 0100|01|00|18|e601fe|36430103e6002ae6006ce6008700000000000000000038d3[payload->]...*..l............8.||54,072
2025-07-31T04:33:46.495 0100|00|00|05|fa0001|3643015f20[payload->]_ ||8,287
2025-07-31T04:33:46.697 0100|01|00|18|e601fe|36430103e6002ae6006ce6008700000000000000000038d3[payload->]...*..l............8.||54,072
2025-07-31T05:03:48.718 0100|00|00|05|fa0001|3643015f20[payload->]_ ||8,287
2025-07-31T05:03:48.819 0100|01|00|18|e601fe|36430103e6002ae6006ce6008700000000000000000038d3[payload->]...*..l............8.||54,072
2025-07-31T05:33:48.727 0100|00|00|05|fa0001|3643015f20[payload->]_ ||8,287
2025-07-31T05:33:48.928 0100|01|00|18|e601fe|36430103e6002ae6006ce6008700000000000000000038d3[payload->]...*..l............8.||54,072
2025-07-31T06:03:48.845 0100|00|00|05|fa0001|3643015f20[payload->]_ ||8,287
2025-07-31T06:03:49.047 0100|01|00|18|e601fe|36430103e6002ae6006ce6008700000000000000000038d3[payload->]...*..l............8.||54,072
2025-07-31T06:19:31.727 0100|01|00|06|f801fe|36430100c878[payload->]..x||30,920
2025-07-31T06:33:49.619 0100|00|00|05|fa0001|3643015f20[payload->]_ ||8,287
2025-07-31T06:33:49.720 0100|01|00|18|e601fe|36430103e6002ae6006ce6008700000000000000000038d3[payload->]...*..l............8.||54,072
2025-07-31T07:03:49.649 0100|00|00|05|fa0001|3643015f20[payload->]_ ||8,287
2025-07-31T07:03:49.750 0100|01|00|18|e601fe|36430103e6002ae6006ce6008700000000000000000038d3[payload->]...*..l............8.||54,072
2025-07-31T07:33:49.643 0100|00|00|05|fa0001|3643015f20[payload->]_ ||8,287
2025-07-31T07:33:49.745 0100|01|00|18|e601fe|36430103e6002ae6006ce6008700000000000000000038d3[payload->]...*..l............8.||54,072
2025-07-31T08:03:49.658 0100|00|00|05|fa0001|3643015f20[payload->]_ ||8,287
2025-07-31T08:03:49.860 0100|01|00|18|e601fe|36430103e6002ae6006ce6008700000000000000000038d3[payload->]...*..l............8.||54,072
2025-07-31T08:31:25.645 0100|00|00|05|fa0001|3643015f20[payload->]_ ||8,287
2025-07-31T08:31:25.847 0100|01|00|18|e601fe|36430103e600010018e601fe364901020010240000840000[payload->].........6I....$.....||0,000
2025-07-31T08:33:49.650 0100|00|00|05|fa0001|3643015f20[payload->]_ ||8,287
2025-07-31T08:33:50.053 0100|01|00|18|e601fe|36430103e6002ae6006ce6008700000000000000000038d3[payload->]...*..l............8.||54,072
2025-07-31T09:03:50.079 0100|00|00|05|fa0001|3643015f20[payload->]_ ||8,287
2025-07-31T09:03:50.180 0100|01|00|18|e601fe|36430103e6002ae6006ce6008700000000000000000038d3[payload->]...*..l............8.||54,072
2025-07-31T09:33:49.636 0100|00|00|05|fa0001|3643015f20[payload->]_ ||8,287
2025-07-31T09:33:49.737 0100|01|00|18|e601fe|36430103e6002ae6006ce6008700000000000000000038d3[payload->]...*..l............8.||54,072
2025-07-31T10:03:49.872 0100|00|00|05|fa0001|3643015f20[payload->]_ ||8,287
2025-07-31T10:03:50.073 0100|01|00|18|e601fe|36430103e6002ae6006ce6008700000000000000000038d3[payload->]...*..l............8.||54,072
2025-07-31T10:33:50.659 0100|00|00|05|fa0001|3643015f20[payload->]_ ||8,287
2025-07-31T10:33:50.760 0100|01|00|18|e601fe|36430103e6002ae6006ce6008700000000000000000038d3[payload->]...*..l............8.||54,072
2025-07-31T11:03:50.636 0100|00|00|05|fa0001|3643015f20[payload->]_ ||8,287
2025-07-31T11:03:50.737 0100|01|00|18|e601fe|36430103e60022e6006ce6008700000000000000000038d3[payload->]..."..l............8.||54,072
2025-07-31T11:31:25.182 0100|00|00|05|fa0001|3643015f20[payload->]_ ||8,287
2025-07-31T11:33:50.629 0100|00|00|05|fa0001|3643015f20[payload->]_ ||8,287
2025-07-31T11:33:50.731 0100|01|00|18|e601fe|36430103e6002ae6006ce6008700000000000000000038d3[payload->]...*..l............8.||54,072
2025-07-31T12:03:50.691 0100|00|00|05|fa0001|3643015f20[payload->]_ ||8,287
2025-07-31T12:03:50.792 0100|01|00|18|e601fe|36430103e6002ae6006ce6008700000000000000000038d3[payload->]...*..l............8.||54,072
2025-07-31T12:33:50.639 0100|00|00|05|fa0001|3643015f20[payload->]_ ||8,287
2025-07-31T12:33:50.740 0100|01|00|18|e601fe|36430103e6002ae6006ce6008700000000000000000038d3[payload->]...*..l............8.||54,072
2025-07-31T13:03:50.675 0100|00|00|05|fa0001|3643015f20[payload->]_ ||8,287
2025-07-31T13:03:50.877 0100|01|00|18|e601fe|36430103e6002ae6006ce6008700000000000000000038d3[payload->]...*..l............8.||54,072
2025-07-31T13:33:50.639 0100|00|00|05|fa0001|3643015f20[payload->]_ ||8,287
2025-07-31T13:33:50.841 0100|01|00|18|e601fe|36430103e6002ae6006ce6008700000000000000000038d3[payload->]...*..l............8.||54,072
2025-07-31T14:03:50.642 0100|00|00|05|fa0001|3643015f20[payload->]_ ||8,287
2025-07-31T14:03:50.844 0100|01|00|18|e601fe|36430103e6002ae6006ce6008700000000000000000038d3[payload->]...*..l............8.||54,072
2025-07-31T14:33:51.024 0100|00|00|05|fa0001|3643015f20[payload->]_ ||8,287
2025-07-31T14:33:51.125 0100|01|00|18|e601fe|36430103e6002ae6006ce6008700000000000000000038d3[payload->]...*..l............8.||54,072
2025-07-31T15:03:50.696 0100|00|00|05|fa0001|3643015f20[payload->]_ ||8,287
2025-07-31T15:03:50.798 0100|01|00|18|e601fe|36430103e6002ae6006ce6008700000000000000000038d3[payload->]...*..l............8.||54,072
2025-07-31T15:33:52.973 0100|00|00|05|fa0001|3643015f20[payload->]_ ||8,287
2025-07-31T15:33:53.075 0100|01|00|18|e601fe|36430103e6002ae6006ce6008700000000000000000038d3[payload->]...*..l............8.||54,072
2025-07-31T16:03:53.006 0100|00|00|05|fa0001|3643015f20[payload->]_ ||8,287
2025-07-31T16:03:53.107 0100|01|00|18|e601fe|36430103e6002ae6006ce6008700000000000000000038d3[payload->]...*..l............8.||54,072
2025-07-31T16:33:52.958 0100|00|00|05|fa0001|3643015f20[payload->]_ ||8,287
2025-07-31T16:33:53.160 0100|01|00|18|e601fe|36430103e6002ae6006ce6008700000000000000000038d3[payload->]...*..l............8.||54,072
2025-07-31T17:03:54.161 0100|00|00|05|fa0001|3643015f20[payload->]_ ||8,287
2025-07-31T17:03:54.463 0100|01|00|18|e601fe|36430103e6002ae6006ce6008700000000000000000038d3[payload->]...*..l............8.||54,072
2025-07-31T17:33:54.460 0100|00|00|05|fa0001|3643015f20[payload->]_ ||8,287
2025-07-31T17:33:54.561 0100|01|00|18|e601fe|36430103e6002ae6006ce6008700000000000000000038d3[payload->]...*..l............8.||54,072
2025-07-31T18:03:54.426 0100|00|00|05|fa0001|3643015f20[payload->]_ ||8,287
2025-07-31T18:03:54.527 0100|01|00|18|e601fe|36430103e6002ae6006ce6008700000000000000000038d3[payload->]...*..l............8.||54,072
2025-07-31T18:31:25.192 0100|00|00|05|fa0001|3643015f20[payload->]_ ||8,287
2025-07-31T18:31:25.393 0100|01|00|18|e601fe|36430103260100010018e601fe3649010200102400008400[payload->].&........6I....$....||0,132
2025-07-31T18:33:56.144 0100|00|00|05|fa0001|3643015f20[payload->]_ ||8,287
2025-07-31T18:33:56.246 0100|01|00|18|e601fe|36430103e6002ae6006ce6008700000000000000000038d3[payload->]...*..l............8.||54,072
2025-07-31T19:03:56.727 0100|00|00|05|fa0001|3643015f20[payload->]_ ||8,287
2025-07-31T19:03:56.929 0100|01|00|18|e601fe|36430103e6002ae6006ce6008700000000000000000038d3[payload->]...*..l............8.||54,072
2025-07-31T19:33:56.597 0100|00|00|05|fa0001|3643015f20[payload->]_ ||8,287
2025-07-31T19:33:56.698 0100|01|00|18|e601fe|36430103e6002ae6006ce6008700000000000000000038d3[payload->]...*..l............8.||54,072
2025-07-31T20:31:25.009 0100|00|00|05|fa0001|3643015f20[payload->]_ ||8,287
2025-07-31T20:31:25.211 0100|01|00|18|e601fe|36430103e6002ae6006ce600240000840000000000000000[payload->]...*..l..$...........||0,000
2025-07-31T20:33:56.560 0100|00|00|05|fa0001|3643015f20[payload->]_ ||8,287
2025-07-31T20:33:56.661 0100|01|00|18|e601fe|36430103e6002ae6006ce6008700000000000000000038d3[payload->]...*..l............8.||54,072
2025-07-31T21:03:56.584 0100|00|00|05|fa0001|3643015f20[payload->]_ ||8,287
2025-07-31T21:03:56.685 0100|01|00|18|e601fe|36430103e6002ae6006ce6008700000000000000000038d3[payload->]...*..l............8.||54,072
2025-07-31T21:33:56.983 0100|00|00|05|fa0001|3643015f20[payload->]_ ||8,287
2025-07-31T21:33:57.084 0100|01|00|18|e601fe|36430103e6002ae6006ce6008700000000000000000038d3[payload->]...*..l............8.||54,072
2025-07-31T22:31:25.188 0100|00|00|05|fa0001|3643015f20[payload->]_ ||8,287
2025-07-31T22:31:25.389 0100|01|00|18|e601fe|36430103e600541d0101a7c60100000005fa00013646010f[payload->]...T.............6F..||3,841
2025-07-31T22:33:58.341 0100|00|00|05|fa0001|3643015f20[payload->]_ ||8,287
2025-07-31T22:33:58.542 0100|01|00|18|e601fe|36430103e6002ae6006ce6008700000000000000000038d3[payload->]...*..l............8.||54,072
2025-07-31T23:03:56.966 0100|00|00|05|fa0001|3643015f20[payload->]_ ||8,287
2025-07-31T23:03:57.168 0100|01|00|18|e601fe|36430103e6002ae6006ce6008700000000000000000038d3[payload->]...*..l............8.||54,072
2025-07-31T23:33:56.982 0100|00|00|05|fa0001|3643015f20[payload->]_ ||8,287
2025-07-31T23:33:57.185 0100|01|00|18|e601fe|36430103e6002ae6006ce6008700000000000000000038d3[payload->]...*..l............8.||54,072
2025-08-01T00:03:56.964 0100|00|00|05|fa0001|3643015f20[payload->]_ ||8,287
2025-08-01T00:03:57.166 0100|01|00|18|e601fe|36430103e6002ae6006ce6008700000000000000000038d3[payload->]...*..l............8.||54,072
2025-08-01T00:31:24.753 0100|00|00|05|fa0001|3643015f20[payload->]_ ||8,287
2025-08-01T00:31:24.955 0100|01|00|18|e601fe|36430103e6002ae6006ce6008700000000000000000038d3[payload->]...*..l............8.||54,072
2025-08-01T00:33:56.972 0100|00|00|05|fa0001|3643015f20[payload->]_ ||8,287
2025-08-01T00:33:57.175 0100|01|00|18|e601fe|36430103e6002ae6006ce6008700000000000000000038d3[payload->]...*..l............8.||54,072
2025-08-01T01:03:57.039 0100|00|00|05|fa0001|3643015f20[payload->]_ ||8,287
2025-08-01T01:03:57.141 0100|01|00|18|e601fe|36430103e6002ae6006ce6008700000000000000000038d3[payload->]...*..l............8.||54,072
2025-08-01T01:31:24.770 0100|00|00|05|fa0001|3643015f20[payload->]_ ||8,287
2025-08-01T01:31:24.871 0100|01|00|18|e601fe|36430103e6002ae6006ce6008700000000000000000038d3[payload->]...*..l............8.||54,072
2025-08-01T01:33:56.993 0100|00|00|05|fa0001|3643015f20[payload->]_ ||8,287
2025-08-01T01:33:57.094 0100|01|00|18|e601fe|36430103e6002ae6006ce6008700000000000000000038d3[payload->]...*..l............8.||54,072
2025-08-01T02:03:59.055 0100|00|00|05|fa0001|3643015f20[payload->]_ ||8,287
2025-08-01T02:03:59.257 0100|01|00|18|e601fe|36430103e6002ae6006ce6008700000000000000000038d3[payload->]...*..l............8.||54,072
2025-08-01T02:33:58.196 0100|00|00|05|fa0001|3643015f20[payload->]_ ||8,287
2025-08-01T02:33:58.398 0100|01|00|18|e601fe|36430103e6002ae6006ce6008700000000000000000038d3[payload->]...*..l............8.||54,072
2025-08-01T03:03:58.227 0100|00|00|05|fa0001|3643015f20[payload->]_ ||8,287
2025-08-01T03:03:58.329 0100|01|00|18|e601fe|36430103e6002ae6006ce6008700000000000000000038d3[payload->]...*..l............8.||54,072
2025-08-01T03:33:58.095 0100|00|00|05|fa0001|3643015f20[payload->]_ ||8,287
2025-08-01T03:33:58.297 0100|01|00|18|e601fe|36430103e6002ae6006ce6008700000000000000000038d3[payload->]...*..l............8.||54,072
2025-08-01T04:03:58.177 0100|00|00|05|fa0001|3643015f20[payload->]_ ||8,287
2025-08-01T04:03:58.279 0100|01|00|18|e601fe|36430103e6002ae6006ce6008700000000000000000038d3[payload->]...*..l............8.||54,072
2025-08-01T04:31:24.928 0100|00|00|05|fa0001|3643015f20[payload->]_ ||8,287
2025-08-01T04:31:25.130 0100|01|00|18|e601fe|36430103e6002ae6006ce6008700000000000000000038d3[payload->]...*..l............8.||54,072
2025-08-01T04:33:58.175 0100|00|00|05|fa0001|3643015f20[payload->]_ ||8,287
2025-08-01T04:33:58.276 0100|01|00|18|e601fe|36430103e6002ae6006ce6008700000000000000000038d3[payload->]...*..l............8.||54,072
2025-08-01T05:03:58.169 0100|00|00|05|fa0001|3643015f20[payload->]_ ||8,287
2025-08-01T05:03:58.270 0100|01|00|18|e601fe|36430103e6002ae6006ce6008700000000000000000038d3[payload->]...*..l............8.||54,072
2025-08-01T05:33:58.154 0100|00|00|05|fa0001|3643015f20[payload->]_ ||8,287
2025-08-01T05:33:58.255 0100|01|00|18|e601fe|36430103e6002ae6006ce6008700000000000000000038d3[payload->]...*..l............8.||54,072
2025-08-01T06:03:58.113 0100|00|00|05|fa0001|3643015f20[payload->]_ ||8,287
2025-08-01T06:03:58.214 0100|01|00|18|e601fe|36430103e6002ae6006ce6008700000000000000000038d3[payload->]...*..l............8.||54,072
2025-08-01T06:31:24.780 0100|00|00|05|fa0001|3643015f20[payload->]_ ||8,287
2025-08-01T06:31:24.982 0100|01|00|18|e601fe|36430103e6002ae6006ce6008700000000000000000038d3[payload->]...*..l............8.||54,072
2025-08-01T06:33:58.143 0100|00|00|05|fa0001|3643015f20[payload->]_ ||8,287
2025-08-01T06:33:58.245 0100|01|00|18|e601fe|36430103e6002ae6006ce6008700000000000000000038d3[payload->]...*..l............8.||54,072
2025-08-01T07:03:58.156 0100|00|00|05|fa0001|3643015f20[payload->]_ ||8,287
2025-08-01T07:03:58.258 0100|01|00|18|e601fe|36430103e6002ae6006ce68700000000000000000038d3ff[payload->]...*..l...........8..||65,491
2025-08-01T07:31:24.939 0100|00|00|05|fa0001|3643015f20[payload->]_ ||8,287
2025-08-01T07:31:25.140 0100|01|00|18|e601fe|3643010301fe364601020010240000840000000000000000[payload->]...6F....$...........||0,000
2025-08-01T07:33:58.102 0100|00|00|05|fa0001|3643015f20[payload->]_ ||8,287
2025-08-01T07:33:58.203 0100|01|00|18|e601fe|36430103e6002ae6006ce6008700000000000000000038d3[payload->]...*..l............8.||54,072
2025-08-01T08:03:59.212 0100|00|00|05|fa0001|3643015f20[payload->]_ ||8,287
2025-08-01T08:03:59.313 0100|01|00|18|e601fe|36430103e6002ae6006ce6008700000000000000000038d3[payload->]...*..l............8.||54,072
2025-08-01T08:33:59.092 0100|00|00|05|fa0001|3643015f20[payload->]_ ||8,287
2025-08-01T08:33:59.194 0100|01|00|18|e601fe|36430103e6002ae6006ce6008700000000000000000038d3[payload->]...*..l............8.||54,072
2025-08-01T09:03:59.061 0100|00|00|05|fa0001|3643015f20[payload->]_ ||8,287
2025-08-01T09:03:59.263 0100|01|00|18|e60bfe|36430103e6002ae6006ce6008700000000000000000038d3[payload->]...*..l............8.||54,072
2025-08-01T09:33:59.099 0100|00|00|05|fa0001|3643015f20[payload->]_ ||8,287
2025-08-01T09:33:59.200 0100|09|08|18|e601fe|36430103e6002ae6006ce6008700000000000000000038d3[payload->]...*..l............8.||54,072
2025-08-01T10:03:58.989 0100|00|00|05|fa0001|3643015f20[payload->]_ ||8,287
2025-08-01T10:03:59.190 0100|01|00|18|e601fe|36430103e6002ae6006ce6008700000000000000000038d3[payload->]...*..l............8.||54,072
2025-08-01T10:31:25.376 0100|00|00|05|fa0001|3643015f20[payload->]_ ||8,287
2025-08-01T10:31:25.477 0100|01|00|18|e601fe|36430103e6002ae6006ce6016f270100010018e601fe3648[payload->]...*..l..o'........6H||18,486
2025-08-01T10:33:59.136 0100|00|00|05|fa0001|3643015f20[payload->]_ ||8,287
2025-08-01T10:33:59.338 0100|01|00|18|e601fe|36430103e6002ae6006ce6008700000000000000000038d3[payload->]...*..l............8.||54,072
2025-08-01T11:03:59.132 0100|00|00|05|fa0001|3643015f20[payload->]_ ||8,287
2025-08-01T11:03:59.233 0100|01|00|18|e601fe|36430103e6002ae6006ce6008700000000000000000038d3[payload->]...*..l............8.||54,072
2025-08-01T11:31:25.351 0100|00|00|05|fa0001|3643015f20[payload->]_ ||8,287
2025-08-01T11:31:25.553 0100|00|00|18|e601fe|36430103e6002ae6006ce60087000000010018e601fe3648[payload->]...*..l............6H||18,486
2025-08-01T11:33:59.746 0100|00|00|05|fa0001|3643015f20[payload->]_ ||8,287
2025-08-01T11:33:59.948 0100|01|00|18|e601fe|36430103e6002ae6006ce6008700000000000000000038d3[payload->]...*..l............8.||54,072
2025-08-01T12:03:59.113 0100|00|00|05|fa0001|3643015f20[payload->]_ ||8,287
2025-08-01T12:03:59.315 0100|01|00|18|e601fe|36430103e6002ae6006ce6008700000000000000000038d3[payload->]...*..l............8.||54,072
2025-08-01T12:34:00.027 0100|00|00|05|fa0001|3643015f20[payload->]_ ||8,287
2025-08-01T12:34:00.229 0100|01|00|18|e601fe|36430103c6002ae6006ce6008700000000000000000038d3[payload->]...*..l............8.||54,072
2025-08-01T13:04:00.009 0100|00|00|05|fa0001|3643015f20[payload->]_ ||8,287
2025-08-01T13:04:00.110 0100|01|00|18|e601fe|36430103e6002ae6006ce6008700000000000000000038d3[payload->]...*..l............8.||54,072
2025-08-01T13:31:25.130 0100|00|00|05|fa0001|3643015f20[payload->]_ ||8,287
2025-08-01T13:31:25.331 0100|01|00|18|e601fe|36430103e6002ae6006ce6008700000000000000000038d3[payload->]...*..l............8.||54,072
2025-08-01T13:34:00.002 0100|00|00|05|fa0001|3643015f20[payload->]_ ||8,287
2025-08-01T13:34:00.103 0100|01|00|18|e601fe|36430103e6002ae6006ce6008700000000000000000038d3[payload->]...*..l............8.||54,072
2025-08-01T14:04:01.981 0100|00|00|05|fa0001|3643015f20[payload->]_ ||8,287
2025-08-01T14:04:02.183 0100|01|00|18|e601fe|36430103e6002ae6006ce6008700000000000000000038d3[payload->]...*..l............8.||54,072
2025-08-01T14:31:25.513 0100|00|00|05|fa0001|3643015f20[payload->]_ ||8,287
2025-08-01T14:31:25.715 0100|01|00|18|e601fe|36430103e6002ae6006ce6008700000000000000000038d3[payload->]...*..l............8.||54,072
2025-08-01T14:34:02.000 0100|00|00|05|fa0001|3643015f20[payload->]_ ||8,287
2025-08-01T14:34:02.202 0100|01|00|18|e601fe|36430103e6002ae6006ce6008700000000000000000038d3[payload->]...*..l............8.||54,072
2025-08-01T15:04:02.252 0100|00|00|05|fa0001|3643015f20[payload->]_ ||8,287
2025-08-01T15:04:02.454 0100|01|00|18|e601fe|36430103e6002ae6006ce6008700000000000000000038d3[payload->]...*..l............8.||54,072
2025-08-01T15:31:25.025 0100|00|00|05|fa0001|3643015f20[payload->]_ ||8,287
2025-08-01T15:31:25.126 0100|01|00|18|e601fe|36430103e6002ae6006ce6008700000000000000000038d3[payload->]...*..l............8.||54,072
2025-08-01T15:34:02.014 0100|00|00|05|fa0001|3643015f20[payload->]_ ||8,287
2025-08-01T15:34:02.215 0100|01|00|18|e601fe|36430103e6002ae6006ce6008700000000000000000038d3[payload->]...*..l............8.||54,072
2025-08-01T16:04:01.988 0100|00|00|05|fa0001|3643015f20[payload->]_ ||8,287
2025-08-01T16:04:02.190 0100|01|00|18|e601fe|36430103e6002ae6006ce6008700000000000000000038d3[payload->]...*..l............8.||54,072
2025-08-01T16:34:02.082 0100|00|00|05|fa0001|3643015f20[payload->]_ ||8,287
2025-08-01T16:34:02.283 0100|01|00|18|e601fe|36430103e6002ae6006ce6008700000000000000000038d3[payload->]...*..l............8.||54,072
2025-08-01T17:04:02.026 0100|00|00|05|fa0001|3643015f20[payload->]_ ||8,287
2025-08-01T17:04:02.127 0100|01|00|18|e601fe|36430103e6002ae6006ce6008700000000000000000038d3[payload->]...*..l............8.||54,072
2025-08-01T17:34:02.871 0100|00|00|05|fa0001|3643015f20[payload->]_ ||8,287
2025-08-01T17:34:02.972 0100|01|00|18|e601fe|36430103e6002ae6006ce6008700000000000000000038d3[payload->]...*..l............8.||54,072
2025-08-01T18:04:01.982 0100|00|00|05|fa0001|3643015f20[payload->]_ ||8,287
2025-08-01T18:04:02.184 0100|01|00|18|e601fe|36430103e6002ae6006ce6008700000000000000000038d3[payload->]...*..l............8.||54,072
2025-08-01T18:31:24.909 0100|00|00|05|fa0001|3643015f00[payload->]_.||0,095
2025-08-01T18:34:02.035 0100|00|00|05|fa0001|3643015f20[payload->]_ ||8,287
2025-08-01T18:34:02.236 0100|01|00|18|e601fe|36430103e6002ae6006ce6008700000000000000000038d3[payload->]...*..l............8.||54,072
2025-08-01T19:04:02.833 0100|00|00|05|fa0001|3643015f20[payload->]_ ||8,287
2025-08-01T19:04:03.035 0100|01|00|18|e601fe|36430103e6002ae6006ce6008700000000000000000038d3[payload->]...*..l............8.||54,072
2025-08-01T19:31:24.980 0100|00|00|05|fa0001|3643015f20[payload->]_ ||8,287
2025-08-01T19:31:24.980 0100|01|00|18|e601fe|36430103e6002ae6006ce6008700000000000000000038d3[payload->]...*..l............8.||54,072
2025-08-01T19:34:02.981 0100|00|00|05|fa0001|3643015f20[payload->]_ ||8,287
2025-08-01T19:34:03.183 0100|01|00|18|e601fe|36430103e6002ae6006ce6008700000000000000000038d3[payload->]...*..l............8.||54,072
2025-08-01T20:04:04.147 0100|00|00|05|fa0001|3643015f20[payload->]_ ||8,287
2025-08-01T20:04:04.248 0100|01|00|18|e601fe|36430103e6002ae6006ce6008700000000000000000038d3[payload->]...*..l............8.||54,072
2025-08-01T20:34:05.399 0100|00|00|05|fa0001|3643015f20[payload->]_ ||8,287
2025-08-01T20:34:05.601 0100|01|00|18|e601fe|36430103e6002ae6006ce6008700000000000000000038d3[payload->]...*..l............8.||54,072
2025-08-01T21:04:04.958 0100|00|00|05|fa0001|3643015f20[payload->]_ ||8,287
2025-08-01T21:04:05.060 0100|01|00|18|e601fe|36430103e6002ae6006ce6008700000000000000000038d3[payload->]...*..l............8.||54,072
2025-08-01T21:34:04.966 0100|00|00|05|fa0001|3643015f20[payload->]_ ||8,287
2025-08-01T21:34:05.167 0100|01|00|18|e601fe|36430103e6002ae6006ce6008700000000000000000038d3[payload->]...*..l............8.||54,072
2025-08-01T22:04:06.150 0100|00|00|05|fa0001|3643015f20[payload->]_ ||8,287
2025-08-01T22:04:06.251 0100|01|00|18|e601fe|36430103e6002ae6006ce6008700000000000000000038d3[payload->]...*..l............8.||54,072
2025-08-01T22:34:06.085 0100|00|00|05|fa0001|3643015f20[payload->]_ ||8,287
2025-08-01T22:34:06.186 0100|01|00|18|e601fe|36430103e6002ae6006ce6008700000000000000000038d3[payload->]...*..l............8.||54,072
2025-08-01T23:04:06.169 0100|00|00|05|fa0001|3643015f20[payload->]_ ||8,287
2025-08-01T23:04:06.270 0100|01|00|18|e601fe|36430103e6002ae6006ce6008700000000000000000038d3[payload->]...*..l............8.||54,072
2025-08-01T23:34:06.120 0100|00|00|05|fa0001|3643015f20[payload->]_ ||8,287
2025-08-01T23:34:06.222 0100|01|00|18|e601fe|36430103e6002ae6006ce6008700000000000000000038d3[payload->]...*..l............8.||54,072
2025-08-02T00:04:06.162 0100|00|00|05|fa0001|3643015f20[payload->]_ ||8,287
2025-08-02T00:04:06.264 0100|01|00|18|e601fe|36430103e6002ae6006ce6008700000000000000000038d3[payload->]...*..l............8.||54,072
2025-08-02T00:34:06.166 0100|00|00|05|fa0001|3643015f20[payload->]_ ||8,287
2025-08-02T00:34:06.267 0100|01|00|18|e601fe|36430103e6002ae6006ce6008700000000000000000038d3[payload->]...*..l............8.||54,072
2025-08-02T01:04:06.121 0100|00|00|05|fa0001|3643015f20[payload->]_ ||8,287
2025-08-02T01:04:06.223 0100|01|00|18|e601fe|36430103e6002ae6006ce6008700000000000000000038d3[payload->]...*..l............8.||54,072
2025-08-02T01:31:24.977 0100|00|00|05|fa0001|3643015f20[payload->]_ ||8,287
2025-08-02T01:31:25.179 0100|01|00|18|e601fe|36430103e600010018e601fe364901020010240000840000[payload->].........6I....$.....||0,000
2025-08-02T01:34:06.119 0100|00|00|05|fa0001|3643015f20[payload->]_ ||8,287
2025-08-02T01:34:06.321 0100|01|00|18|e601fe|36430103e6002ae6006ce6008700000000000000000038d3[payload->]...*..l............8.||54,072
2025-08-02T02:34:06.187 0100|00|00|05|fa0001|3643015f20[payload->]_ ||8,287
2025-08-02T02:34:06.288 0100|01|00|18|e601fe|36430103e6002ae6006ce6008700000000000000000038d3[payload->]...*..l............8.||54,072
2025-08-02T03:04:06.202 0100|00|00|05|fa0001|3643015f20[payload->]_ ||8,287
2025-08-02T03:04:06.303 0100|01|00|18|e601fe|36430103e6002ae6006ce6008700000000000000000038d3[payload->]...*..l............8.||54,072
2025-08-02T03:34:07.111 0100|00|00|05|fa0001|3643015f20[payload->]_ ||8,287
2025-08-02T04:04:06.108 0100|00|00|05|fa0001|3643015f20[payload->]_ ||8,287
2025-08-02T04:04:06.310 0100|01|00|18|e601fe|36430103e6002ae6006ce6008700000000000000000038d3[payload->]...*..l............8.||54,072
2025-08-02T04:34:06.149 0100|00|00|05|fa0001|3643015f20[payload->]_ ||8,287
2025-08-02T04:34:06.351 0100|01|00|18|e601fe|36430103e6002ae6006ce6008700000000000000000038d3[payload->]...*..l............8.||54,072
2025-08-02T05:04:06.221 0100|00|00|05|fa0001|3643015f20[payload->]_ ||8,287
2025-08-02T05:04:06.322 0100|01|00|18|e601fe|36430103e6002ae6006ce6008700000000000000000038d3[payload->]...*..l............8.||54,072
2025-08-02T05:31:25.118 0100|00|00|05|fa0001|3643015f20[payload->]_ ||8,287
2025-08-02T05:31:25.219 0100|01|00|18|e601fe|36430103e6002ae6006ce600870000000000000000000000[payload->]...*..l..............||0,000
2025-08-02T05:34:06.114 0100|00|00|05|fa0001|3643015f20[payload->]_ ||8,287
2025-08-02T05:34:06.316 0100|01|00|18|e601fe|36430103e6002ae6006ce6008700000000000000000038d3[payload->]...*..l............8.||54,072
2025-08-02T06:04:07.478 0100|00|00|05|fa0001|3643015f20[payload->]_ ||8,287
2025-08-02T06:04:07.579 0100|01|00|18|e601fe|36430103e6002ae6006ce6008700000000000000000038d3[payload->]...*..l............8.||54,072
2025-08-02T06:34:07.174 0100|00|00|05|fa0001|3643015f20[payload->]_ ||8,287
2025-08-02T07:04:07.196 0100|00|00|05|fa0001|3643015f20[payload->]_ ||8,287
2025-08-02T07:34:07.111 0100|00|00|05|fa0001|3643015f20[payload->]_ ||8,287
2025-08-02T08:04:07.173 0100|00|00|05|fa0001|3643015f20[payload->]_ ||8,287
2025-08-02T08:04:07.275 0100|01|00|18|e601fe|36430103e6002ae6006ce6008700000000000000000038d3[payload->]...*..l............8.||54,072
2025-08-02T08:34:07.163 0100|00|00|05|fa0001|3643015f20[payload->]_ ||8,287
2025-08-02T08:34:07.264 0100|01|00|18|e601fe|36430103e6002ae6006ce6008700000000000000000038d3[payload->]...*..l............8.||54,072
2025-08-02T09:04:07.120 0100|00|00|05|fa0001|3643015f20[payload->]_ ||8,287
2025-08-02T09:34:07.758 0100|00|00|05|fa0001|3643015f20[payload->]_ ||8,287
2025-08-02T09:34:07.859 0100|01|00|18|e601fe|36430103e6002ae6006ce6008700000000000000000038d3[payload->]...*..l............8.||54,072
2025-08-02T10:04:07.174 0100|00|00|05|fa0001|3643015f20[payload->]_ ||8,287
2025-08-02T10:04:07.275 0100|01|00|18|e601fe|36430103e6002ae6006ce6008700000000000000000038d3[payload->]...*..l............8.||54,072
2025-08-02T10:34:07.199 0100|00|00|05|fa0001|3643015f20[payload->]_ ||8,287
2025-08-02T10:34:07.300 0100|01|00|18|e601fe|36430103e6002ae6006ce6008700000000000000000038d3[payload->]...*..l............8.||54,072
2025-08-02T11:04:07.100 0100|00|00|05|fa0001|3643015f20[payload->]_ ||8,287
2025-08-02T11:04:07.302 0100|01|00|18|e601fe|36430103e6002ae6006ce6008700000000000000000038d3[payload->]...*..l............8.||54,072
2025-08-02T11:34:07.161 0100|00|00|05|fa0001|3643015f20[payload->]_ ||8,287
2025-08-02T11:34:07.263 0100|01|00|18|e601fe|36430103e6002ae6006ce6008700000000000000000038d3[payload->]...*..l............8.||54,072
2025-08-02T12:04:08.009 0100|00|00|05|fa0001|3643015f20[payload->]_ ||8,287
2025-08-02T12:04:08.110 0100|01|00|18|e601fe|36430103e6002ae6006ce6008700000000000000000038d3[payload->]...*..l............8.||54,072
2025-08-02T12:34:07.948 0100|00|00|05|fa0001|3643015f20[payload->]_ ||8,287
2025-08-02T12:34:08.150 0100|01|00|18|e601fe|36430103e6002ae6006ce6008700000000000000000038d3[payload->]...*..l............8.||54,072
2025-08-02T13:04:07.972 0100|00|00|05|fa0001|3643015f20[payload->]_ ||8,287
2025-08-02T13:04:08.174 0100|01|00|18|e601fe|36430103e6002ae6006ce6008700000000000000000038d3[payload->]...*..l............8.||54,072
2025-08-02T13:31:25.018 0100|00|00|05|fa0001|3643015f20[payload->]_ ||8,287
2025-08-02T13:31:25.119 0100|01|00|18|e601fe|36430103e6002ae6006ce600870000840000000000000000[payload->]...*..l..............||0,000
2025-08-02T13:34:09.012 0100|00|00|05|fa0001|3643015f20[payload->]_ ||8,287
2025-08-02T13:34:09.114 0100|01|00|18|e601fe|36430103e6002ae6006ce6008700000000000000000038d3[payload->]...*..l............8.||54,072
2025-08-02T14:04:09.171 0100|01|00|18|e601fe|36430103e6002ae6006ce6008700000000000000000038d3[payload->]...*..l............8.||54,072
2025-08-02T14:34:09.111 0100|00|00|05|fa0001|3643015f20[payload->]_ ||8,287
2025-08-02T14:34:09.212 0100|01|00|18|e601fe|36430103e6002ae6006ce6008700000000000000000038d3[payload->]...*..l............8.||54,072
2025-08-02T15:04:09.050 0100|00|00|05|fa0001|3643015f20[payload->]_ ||8,287
2025-08-02T15:04:09.152 0100|01|00|18|e601fe|36430103e6002ae6006ce6008700000000000000000038d3[payload->]...*..l............8.||54,072
2025-08-02T15:31:24.936 0100|00|00|05|fa0001|3643015f20[payload->]_ ||8,287
2025-08-02T15:31:25.138 0100|01|00|18|e601fe|36430103e6002ae6006ce6008700000000000000000038d3[payload->]...*..l............8.||54,072
2025-08-02T15:34:08.917 0100|00|00|05|fa0001|3643015f20[payload->]_ ||8,287
2025-08-02T15:34:09.119 0100|01|00|18|e601fe|36430103e6002ae6006ce6008700000000000000000038d3[payload->]...*..l............8.||54,072
2025-08-02T16:04:09.062 0100|00|00|05|fa0001|3643015f20[payload->]_ ||8,287
2025-08-02T16:04:09.163 0100|01|00|18|e601fe|36430103e6002ae6006ce6008700000000000000000038d3[payload->]...*..l............8.||54,072
2025-08-02T16:31:24.930 0100|00|00|05|fa0001|3643015f20[payload->]_ ||8,287
2025-08-02T16:31:25.131 0100|01|00|18|e601fe|36430103e6002ae6006ce6008700000000000000000038d3[payload->]...*..l............8.||54,072
2025-08-02T16:34:09.003 0100|00|00|05|fa0001|3643015f20[payload->]_ ||8,287
2025-08-02T16:34:09.205 0100|01|00|18|e601fe|36430103e6002ae6006ce6008700000000000000000038d3[payload->]...*..l............8.||54,072
2025-08-02T17:04:09.052 0100|00|00|05|fa0001|3643015f20[payload->]_ ||8,287
2025-08-02T17:04:09.153 0100|01|00|18|e601fe|36430103e6002ae6006ce6008700000000000000000038d3[payload->]...*..l............8.||54,072
2025-08-02T17:31:25.083 0100|00|00|05|fa0001|3643015f20[payload->]_ ||8,287
2025-08-02T17:31:25.285 0100|01|00|18|e601fe|36430103e6002a66006ce610240000840000000000000000[payload->]...*f.l..$...........||0,000
2025-08-02T17:34:09.045 0100|00|00|05|fa0001|3643015f20[payload->]_ ||8,287
2025-08-02T17:34:09.146 0100|01|00|18|e601fe|36430103e6002ae6006ce6008700000000000000000038d3[payload->]...*..l............8.||54,072
2025-08-02T18:04:09.250 0100|00|00|05|fa0001|3643015f20[payload->]_ ||8,287
2025-08-02T18:04:09.451 0100|01|00|18|e601fe|36430103e6002ae6006ce6008700000000000000000038d3[payload->]...*..l............8.||54,072
2025-08-02T18:04:20.271 0100|01|00|18|e601fe|36430103e6002ae6006ce60087000000000000000000e9c3[payload->]...*..l..............||50,153
2025-08-02T18:31:25.092 0100|00|00|05|fa0001|3643015f20[payload->]_ ||8,287
2025-08-02T18:31:25.194 0100|01|00|18|e601fe|36430103e6fe364601020010240000840000000000000000[payload->]...6F....$...........||0,000
2025-08-02T18:34:09.047 0100|00|00|05|fa0001|3643015f20[payload->]_ ||8,287
2025-08-02T18:34:09.148 0100|01|00|18|e601fe|36430103e6002ae6006ce6008700000000000000000038d3[payload->]...*..l............8.||54,072
2025-08-02T19:04:09.000 0100|00|00|05|fa0001|3643015f20[payload->]_ ||8,287
2025-08-02T19:04:09.302 0100|01|00|18|e601fe|36430103e6002ae6006ce6008700000000000000000038d3[payload->]...*..l............8.||54,072
2025-08-02T19:31:25.545 0100|01|00|18|e601fe|36430103e6002ae6006ce6008700000000000000000038d3[payload->]...*..l............8.||54,072
2025-08-02T19:34:09.017 0100|00|00|05|fa0001|3643015f20[payload->]_ ||8,287
2025-08-02T19:34:09.118 0100|01|00|18|e601fe|36430103e6002ae6006ce6008700000000000000000038d3[payload->]...*..l............8.||54,072
2025-08-02T20:04:10.149 0100|00|00|05|fa0001|3643015f20[payload->]_ ||8,287
2025-08-02T20:04:10.250 0100|01|00|18|e601fe|36430103e6002ae6006ce6008700000000000000000038d3[payload->]...*..l............8.||54,072
2025-08-02T20:34:10.038 0100|00|00|05|fa0001|3643011f20[payload->]. ||8,223
2025-08-02T20:34:10.139 0100|01|00|18|e601fe|36430103e6002ae6006ce6008700000000000000000038d3[payload->]...*..l............8.||54,072
2025-08-02T21:04:10.131 0100|00|00|05|fa0001|3643015f20[payload->]_ ||8,287
2025-08-02T21:04:10.433 0100|01|00|18|e601fe|36430103e6002ae6006ce6008700000000000000000038d3[payload->]...*..l............8.||54,072
2025-08-02T21:34:11.377 0100|00|00|05|fa0001|3643015f20[payload->]_ ||8,287
2025-08-02T21:34:11.579 0100|01|00|18|e601fe|36430103e6002ae6006ce6008700000000000000000038d3[payload->]...*..l............8.||54,072
2025-08-02T22:04:10.286 0100|00|00|05|fa0001|3643015f20[payload->]_ ||8,287
2025-08-02T22:04:10.387 0100|01|00|18|e601fe|36430103e6002ae6006ce6008700000000000000000038d3[payload->]...*..l............8.||54,072
2025-08-02T22:34:10.161 0100|00|00|05|fa0001|3643015f20[payload->]_ ||8,287
2025-08-02T22:34:10.363 0100|01|00|18|e601fe|36430103e6002ae6006ce6008700000000000000000038d3[payload->]...*..l............8.||54,072
2025-08-02T23:04:10.547 0100|00|00|05|fa0001|3643015f20[payload->]_ ||8,287
2025-08-02T23:04:10.648 0100|01|00|18|e601fe|36430103e6002ae6006ce6008700000000000000000038d3[payload->]...*..l............8.||54,072
2025-08-02T23:34:11.158 0100|00|00|05|fa0001|3643015f20[payload->]_ ||8,287
2025-08-02T23:34:11.460 0100|01|00|18|e601fe|36430103e6002ae6006ce6008700000000000000000038d3[payload->]...*..l............8.||54,072
2025-08-03T00:04:11.160 0100|00|00|05|fa0001|3643015f20[payload->]_ ||8,287
2025-08-03T00:04:11.362 0100|01|00|18|e601fe|36430103e6002ae6006ce6008700000000000000000038d3[payload->]...*..l............8.||54,072
2025-08-03T00:34:11.150 0100|00|00|05|fa0001|3643015f20[payload->]_ ||8,287
2025-08-03T00:34:11.251 0100|01|00|18|e601fe|36430103e6002ae6006ce6008700000000000000000038d3[payload->]...*..l............8.||54,072
2025-08-03T01:04:11.987 0100|00|00|05|fa0001|3643015f20[payload->]_ ||8,287
2025-08-03T01:04:12.189 0100|01|00|18|e601fe|36430103e6002ae6006ce6008700000000000000000038d3[payload->]...*..l............8.||54,072
2025-08-03T01:34:13.183 0100|00|00|05|fa0001|3643015f20[payload->]_ ||8,287
2025-08-03T01:34:13.284 0100|01|00|18|e601fe|36430103e6002ae6006ce6008700000000000000000038d3[payload->]...*..l............8.||54,072
2025-08-03T02:04:13.104 0100|00|00|05|fa0001|3643015f20[payload->]_ ||8,287
2025-08-03T02:04:13.306 0100|01|00|18|e601fe|36430103e6002ae6006ce6008700000000000000000038d3[payload->]...*..l............8.||54,072
2025-08-03T02:34:14.048 0100|00|00|05|fa0001|3643015f20[payload->]_ ||8,287
2025-08-03T02:34:14.149 0100|01|00|18|e601fe|36430103e6002ae6006ce6008700000000000000000038d3[payload->]...*..l............8.||54,072
2025-08-03T03:04:13.974 0100|00|00|05|fa0001|3643015f20[payload->]_ ||8,287
2025-08-03T03:04:14.076 0100|01|00|18|e601fe|36430103e6002ae6006ce6008700000000000000000038d3[payload->]...*..l............8.||54,072
2025-08-03T03:34:14.048 0100|00|00|05|fa0001|3643015f20[payload->]_ ||8,287
2025-08-03T03:34:14.250 0100|01|00|18|e601fe|36430103e6002ae6006ce6008700000000000000000038d3[payload->]...*..l............8.||54,072
2025-08-03T04:04:13.936 0100|00|00|05|fa0001|3643015f20[payload->]_ ||8,287
2025-08-03T04:04:14.138 0100|01|00|18|e601fe|36430103e6002ae6006ce6008700000000000000000038d3[payload->]...*..l............8.||54,072
2025-08-03T04:34:13.994 0100|00|00|05|fa0001|3643015f20[payload->]_ ||8,287
2025-08-03T04:34:14.095 0100|01|00|18|e601fe|36430103e6002ae6006ce6008700000000000000000038d3[payload->]...*..l............8.||54,072
2025-08-03T05:04:13.994 0100|00|00|05|fa0001|3643015f20[payload->]_ ||8,287
2025-08-03T05:04:14.196 0100|01|00|18|e601fc|36430103e6002ae6006ce6008700000000000000000038d3[payload->]...*..l............8.||54,072
2025-08-03T05:31:25.070 0100|00|00|05|fa0001|3643015f20[payload->]_ ||8,287
2025-08-03T05:31:25.172 0100|01|00|18|e601fe|36430103e6002ae6006ce6008700000000000000000038d3[payload->]...*..l............8.||54,072
2025-08-03T05:34:13.933 0100|00|00|05|fa0001|3643015f20[payload->]_ ||8,287
2025-08-03T05:34:14.135 0100|01|00|18|e601fe|36430103e6002ae6006ce6008700000000000000000038d3[payload->]...*..l............8.||54,072
2025-08-03T06:04:15.152 0100|00|00|05|fa0001|3643015f20[payload->]_ ||8,287
2025-08-03T06:04:15.253 0100|01|00|18|e601fe|36430103e6002ae6006ce6008700000000000000000038d3[payload->]...*..l............8.||54,072
2025-08-03T06:34:14.041 0100|00|00|05|fa0001|3643015f20[payload->]_ ||8,287
2025-08-03T06:34:14.142 0100|01|00|18|e601fe|36430103e6002ae6006ce6008700000000000000000038d3[payload->]...*..l............8.||54,072
2025-08-03T07:04:14.042 0100|00|00|05|fa0001|3643015f20[payload->]_ ||8,287
2025-08-03T07:04:14.244 0100|01|00|18|e601fe|36430103e6002ae6006ce6008700000000000000000038d3[payload->]...*..l............8.||54,072
2025-08-03T07:31:26.228 0100|01|00|18|e601fe|36430103e6002ae6006ce6008700000000000000000018d3[payload->]...*..l..............||54,040
2025-08-03T07:34:15.554 0100|00|00|05|fa0001|3643015f20[payload->]_ ||8,287
2025-08-03T07:34:15.756 0100|01|00|18|e601fe|36430103e6002ae6006ce6008700000000000000000038d3[payload->]...*..l............8.||54,072
2025-08-03T08:04:15.369 0100|00|00|05|fa0001|3643015f20[payload->]_ ||8,287
2025-08-03T08:04:15.570 0100|01|00|18|e601fe|36430103e6002ae6006ce6008700000000000000000038d3[payload->]...*..l............8.||54,072
2025-08-03T08:34:15.469 0100|00|00|05|fa0001|3643015f20[payload->]_ ||8,287
2025-08-03T08:34:15.570 0100|81|00|18|e601fe|36430103e6002ae6006ce6008700000000000000000038d3[payload->]...*..l............8.||54,072
2025-08-03T09:04:17.354 0100|00|00|05|fa0001|3643015f20[payload->]_ ||8,287
2025-08-03T09:31:26.362 0100|00|00|05|fa0001|3643015f20[payload->]_ ||8,287
2025-08-03T09:31:26.665 0100|01|00|18|e601fe|36430103e6002ae6006ce600870000000000364c01020010[payload->]...*..l........6L....||4,096
2025-08-03T09:34:17.756 0100|00|00|05|fa0001|3643015f20[payload->]_ ||8,287
2025-08-03T09:34:17.857 0100|01|00|18|e601fe|36430103e6002ae6006ce6008700000000000000000038d3[payload->]...*..l............8.||54,072
2025-08-03T10:34:16.870 0100|00|00|05|fa0001|3643015f20[payload->]_ ||8,287
2025-08-03T10:34:16.971 0100|01|00|18|e601fe|36430103e6002ae6006ce6008700000000000000000038d3[payload->]...*..l............8.||54,072
2025-08-03T11:04:16.731 0100|00|00|05|fa0001|3643015f20[payload->]_ ||8,287
2025-08-03T11:04:16.832 0100|01|00|18|e601fe|36430103e6002ae6006ce6008700000000000000000038d3[payload->]...*..l............8.||54,072
2025-08-03T11:34:16.717 0100|00|00|05|fa0001|3643015f20[payload->]_ ||8,287
2025-08-03T11:34:16.818 0100|01|00|18|e601fe|36430103e6002ae6006ce6008700000000000000000038d3[payload->]...*..l............8.||54,072
2025-08-03T12:31:25.320 0100|00|00|05|fa0001|3643015f20[payload->]_ ||8,287
2025-08-03T12:34:17.010 0100|00|00|05|fa0001|3643015f20[payload->]_ ||8,287
2025-08-03T12:34:17.212 0100|01|00|18|e601fe|36430103e6002ae6006ce6008700000000000000000038d3[payload->]...*..l............8.||54,072
2025-08-03T13:04:16.999 0100|00|00|05|fa0001|3643015f20[payload->]_ ||8,287
2025-08-03T13:04:17.201 0100|01|00|18|e601fe|36430103e6002ae6006ce6008700000000000000000038d3[payload->]...*..l............8.||54,072
2025-08-03T13:34:17.046 0100|00|00|05|fa0001|3643015f20[payload->]_ ||8,287
2025-08-03T13:34:17.147 0100|01|00|18|e601fe|36430103e6002ae6006ce6008700000000000000000038d3[payload->]...*..l............8.||54,072
2025-08-03T14:04:17.021 0100|00|00|05|fa0001|3643015f20[payload->]_ ||8,287
2025-08-03T14:04:17.222 0100|01|00|18|e601fe|36430103e6002ae6006ce6008700000000000000000038d3[payload->]...*..l............8.||54,072
2025-08-03T14:34:17.014 0100|00|00|05|fa0001|3643015f20[payload->]_ ||8,287
2025-08-03T14:34:17.216 0100|01|00|18|e601fe|36430103e6002ae6006ce6008700000000000000000038d3[payload->]...*..l............8.||54,072
2025-08-03T15:04:17.026 0100|00|00|05|fa0001|3643015f20[payload->]_ ||8,287
2025-08-03T15:04:17.227 0100|01|00|18|e601fe|36430103e6002ae6006ce6008700000000000000000038d3[payload->]...*..l............8.||54,072
2025-08-03T15:31:24.995 0100|00|00|05|fa0001|3643015f20[payload->]_ ||8,287
2025-08-03T15:31:25.096 0100|01|00|18|e601fe|36430103e6002ae6006ce6008700000000000000000038d3[payload->]...*..l............8.||54,072
2025-08-03T15:34:18.451 0100|00|00|05|fa0001|3643015f20[payload->]_ ||8,287
2025-08-03T15:34:18.553 0100|01|00|18|e601fe|36430103e6002ae6006ce6008700000000000000000038d3[payload->]...*..l............8.||54,072
2025-08-03T16:04:17.056 0100|00|00|05|fa0001|3643015f20[payload->]_ ||8,287
2025-08-03T16:04:17.258 0100|01|00|18|e601fe|36430103e6002ae6006ce6008700000000000800000038d3[payload->]...*..l............8.||54,072
2025-08-03T16:31:24.942 0100|00|00|05|fa0001|3643015f20[payload->]_ ||8,287
2025-08-03T16:34:18.163 0100|00|00|05|fa0001|3643015f20[payload->]_ ||8,287
2025-08-03T16:34:18.265 0100|01|00|18|e601fe|36430103e6002ae6006ce6008700000000000000000038d3[payload->]...*..l............8.||54,072
2025-08-03T17:04:18.200 0100|00|00|05|fa0001|3643015f20[payload->]_ ||8,287
2025-08-03T17:04:18.301 0100|01|00|18|e601fe|36430103e6002ae6006ce6008700000000000000000038d3[payload->]...*..l............8.||54,072
2025-08-03T17:31:24.983 0100|00|00|05|fa0001|3643015f00[payload->]_.||0,095
2025-08-03T17:34:18.156 0100|00|00|05|fa0001|3643015f20[payload->]_ ||8,287
2025-08-03T17:34:18.257 0100|01|02|18|e601fe|36430103e6002ae6006ce6008700000000000000000038d3[payload->]...*..l............8.||54,072
2025-08-03T18:04:18.124 0100|00|00|05|fa0001|3643015f20[payload->]_ ||8,287
2025-08-03T18:04:18.326 0100|01|00|18|e601fe|36430103e6002ae6006ce6008700000000000000000038d3[payload->]...*..l............8.||54,072
