2025-07-30T20:31:24.829 0100|01|00|0b|f301fe|70230062506704523bf0be[payload->]bPg.R;..||48,880
2025-07-31T05:24:19.475 0100|01|00|0b|f301fe|702300dadd2801533bd28c[payload->]..(.S;..||36,050
2025-07-31T05:48:28.103 0100|01|00|0b|fb01fe|70230022fd3e01533be51e[payload->]".>.S;..||7,909
2025-07-31T06:36:10.092 0100|01|00|0b|f301fe|702300baac6a01533b01ef[payload->]..j.S;..||61,185
2025-08-01T04:30:19.919 0100|01|00|0b|f301fe|7023008069f700543b165a[payload->].i..T;.Z||23,062
2025-08-01T06:23:10.152 0100|01|00|0b|f301fe|70230010bd5e01543b0807[payload->]..^.T;..||1,800
2025-08-01T11:26:19.805 0100|01|00|0b|f301fe|7023004a4e7402543bfff7[payload->]JNt.T;..||63,487
2025-08-01T15:28:19.708 0100|01|00|0b|f341fe|7023006edd5103543bca2f[payload->]n.Q.T;./||12,234
2025-08-01T15:46:10.669 0100|01|00|0b|f301fe|70230006356203543b7148[payload->].5b.T;qH||18,545
2025-08-01T15:58:19.829 0100|01|00|0b|f301fe|702300da556d03543b31d8[payload->].Um.T;1.||55,345
2025-08-01T16:13:20.582 0100|01|00|0b|f301fe|70230068147b03543ba4fb[payload->]h.{.T;..||64,420
2025-08-01T16:37:40.523 0100|01|00|0b|f341fe|702300885b9103543b128c[payload->].[..T;..||35,858
2025-08-01T16:59:40.502 0100|01|00|0b|f301fe|702300fa7fa503543bf7f8[payload->]....T;..||63,735
2025-08-01T17:11:50.564 0100|01|00|0b|f301fe|7023008aa3b003543b1826[payload->]....T;.&||9,752
2025-08-01T17:22:10.528 0100|01|00|0b|f301fe|7023006a19ba03543b7bea[payload->]j...T;{.||60,027
2025-08-01T18:01:30.563 0100|01|00|0b|f301fe|7023005c1cde03543bdd3c[payload->]\...T;.<||15,581
2025-08-02T09:00:29.558 0100|01|00|0b|f301fe|70230050ceee01553b532f[payload->]P...U;S/||12,115
2025-08-02T09:07:49.446 0100|01|0c|0b|fb01fe|7023004285f501553bcb8a[payload->]B...U;..||35,531
2025-08-02T12:37:14.134 0100|01|00|0b|fb49fe|702300943bb502553be654[payload->].;..U;.T||21,734
2025-08-02T12:52:14.186 0100|01|00|0b|f341fe|70230034f7c202553be247[payload->]4...U;.G||18,402
2025-08-02T15:28:38.470 0100|01|00|0b|f301fe|702300d2285203553bf7b8[payload->].(R.U;..||47,351
2025-08-02T19:17:29.376 0100|01|00|0b|fb43fe|70230008b22304553b2c59[payload->]..#.U;,Y||22,828
2025-08-02T19:32:29.576 0100|01|00|0b|f343fe|702300a86d3104553b27d1[payload->].m1.U;'.||53,543
2025-08-02T20:32:51.401 0100|03|00|0b|f301fe|702300aeb26804553b0e56[payload->]..h.U;.V||22,030
2025-08-02T23:44:54.592 0100|01|00|0b|f349fe|70230042731805553b7336[payload->]Bs..U;s6||13,939
2025-08-02T23:45:24.684 0100|01|00|0b|f341fe|70230072e81805553b5f56[payload->]r...U;_V||22,111
2025-08-03T00:00:04.485 0100|01|00|0b|f301fe|70230024562605553b9a7f[payload->]$V&.U;..||32,666
2025-08-03T00:40:45.394 0100|01|00|4b|fb01fe|7023002c362500563b6fee0100000005fa00012004016bf20100010009f501fe200401ffffffff850d0100000005fa0001200201cbf1010001000bf301fe200201ae8da802453b1e8d0100[payload->],6%.V;o......... ..k......... ................ ............ ......E;....||0,001
2025-08-03T03:49:51.111 0100|01|00|0b|f301fe|702300c652d200563b19bb[payload->].R..V;..||47,897
2025-08-03T06:39:51.142 0100|01|00|0b|f301fe|7023001cf76d01563b2e90[payload->]..m.V;..||36,910
2025-08-03T09:28:53.644 0100|01|00|0b|fb43fe|702300fcbc0802563b8ccc[payload->]....V;..||52,364
2025-08-03T09:37:33.425 0100|01|00|0b|f301fe|7023003cac1002563bef1a[payload->]<...V;..||6,895
2025-08-03T09:41:03.483 0100|01|00|0b|f341fe|7023008ce01302563b5511[payload->]....V;U.||4,437
2025-08-03T11:31:43.438 0100|01|00|0b|f301fe|70230070327902563ba3a0[payload->]p2y.V;..||41,123
2025-08-03T12:48:20.308 0100|01|00|0b|f341fe|7023001457bf02563b07d8[payload->].W..V;..||55,303
