2025-07-30T22:03:11.389 0100|01|00|06|f801fe|54010000a1c6[payload->]...||50,849
2025-07-30T22:31:30.169 0100|01|00|06|f801fe|54010006f801[payload->]...||0,504
2025-07-31T00:30:21.154 0100|01|00|06|f801fe|54010000a1c6[payload->]...||50,849
2025-07-31T00:31:32.393 0100|00|00|05|fa0001|54010021b1[payload->]!.||45,345
2025-07-31T01:38:21.147 0100|00|00|05|fa0001|54010021b1[payload->]!.||45,345
2025-07-31T02:06:51.078 0100|00|00|05|fa0001|54010021b1[payload->]!.||45,345
2025-07-31T03:24:31.623 0100|01|00|06|f801fe|5401000001c6[payload->]...||50,689
2025-07-31T03:26:52.617 0100|01|00|06|f801fe|54010000a1c6[payload->]...||50,849
2025-07-31T04:12:31.606 0100|01|00|06|f801fe|5401000001c6[payload->]...||50,689
2025-07-31T12:17:06.545 0100|01|00|06|f801fe|5401000001c6[payload->]...||50,689
2025-07-31T18:52:56.367 0100|00|00|05|fa0001|54010021b1[payload->]!.||45,345
2025-07-31T23:54:17.358 0100|01|00|06|f801fe|54010000a1c6[payload->]...||50,849
2025-08-01T00:09:47.303 0100|01|00|06|f801fe|54010000a1c6[payload->]...||50,849
2025-08-01T01:18:36.988 0100|00|00|05|fa0001|54010021b1[payload->]!.||45,345
2025-08-01T04:40:11.407 0100|01|00|06|f801fe|54010000a1c6[payload->]...||50,849
2025-08-01T06:40:51.232 0100|01|00|06|f801fe|54010000a1c6[payload->]...||50,849
2025-08-01T08:18:23.011 0100|00|00|05|fa0001|54010021b1[payload->]!.||45,345
2025-08-01T08:20:12.968 0100|00|00|05|fa0001|54010021b1[payload->]!.||45,345
2025-08-01T08:57:12.962 0100|00|00|05|fa0001|54010021b1[payload->]!.||45,345
2025-08-01T10:10:13.042 0100|00|00|05|fa0001|54010021b1[payload->]!.||45,345
2025-08-01T10:33:23.315 0100|01|00|06|f801fe|54010000a1c6[payload->]...||50,849
2025-08-01T11:13:03.148 0100|01|00|06|f801fe|540100016107[payload->].a.||1,889
2025-08-01T11:16:13.032 0100|00|00|05|fa0001|54010021b1[payload->]!.||45,345
2025-08-01T11:19:13.720 0100|01|00|06|f801fe|54010000a1c6[payload->]...||50,849
2025-08-01T12:09:53.047 0100|01|00|06|f801fe|54010000a1c6[payload->]...||50,849
2025-08-01T21:37:12.449 0100|01|00|06|f801fe|54010000a1c6[payload->]...||50,849
2025-08-01T21:46:23.073 0100|01|00|06|f801fe|54010000a1c6[payload->]...||50,849
2025-08-01T22:29:03.002 0100|01|00|06|f801fe|54010000a1c6[payload->]...||50,849
2025-08-02T00:15:23.009 0100|01|00|06|f801fe|54010000a1c6[payload->]...||50,849
2025-08-02T00:45:53.042 0100|00|00|05|fa0001|54010021b1[payload->]!.||45,345
2025-08-02T01:11:22.990 0100|01|00|06|f801fe|54010000a1c6[payload->]...||50,849
2025-08-02T01:22:53.638 0100|00|00|05|fa0001|54010021b1[payload->]!.||45,345
2025-08-02T01:31:53.059 0100|01|00|06|f801fe|54010000a1c6[payload->]...||50,849
2025-08-02T02:06:03.046 0100|01|00|06|f801fe|54010000a1c6[payload->]...||50,849
2025-08-02T02:22:33.069 0100|01|00|06|f801fe|54010000a1c6[payload->]...||50,849
2025-08-02T02:53:52.957 0100|00|00|05|fa0001|54010021b1[payload->]!.||45,345
2025-08-02T03:05:44.402 0100|01|00|06|f801fe|54010000a1c6[payload->]...||50,849
2025-08-02T03:52:32.988 0100|01|00|06|f801fe|54010000a1c6[payload->]...||50,849
2025-08-02T04:18:52.936 0100|00|00|05|fa0001|54010021b1[payload->]!.||45,345
2025-08-02T04:23:53.036 0100|01|00|06|f801fe|54010000a1c6[payload->]...||50,849
2025-08-02T08:44:05.366 0100|01|00|06|f801fe|54010000a1c6[payload->]...||50,849
2025-08-02T09:37:05.333 0100|01|00|06|f801fe|54010000a1c6[payload->]...||50,849
2025-08-02T09:52:05.339 0100|01|00|06|f801fe|540100a1c601[payload->]...||0,454
2025-08-02T10:25:31.304 0100|01|00|06|f801fe|5401000001c6[payload->]...||50,689
2025-08-02T10:33:26.204 0100|00|00|05|fa0001|54010021b1[payload->]!.||45,345
2025-08-02T12:49:37.958 0100|00|00|05|fa0001|54010021b1[payload->]!.||45,345
2025-08-02T13:30:01.023 0100|01|00|06|f801fe|54010000a1c6[payload->]...||50,849
2025-08-02T14:18:01.019 0100|00|00|05|fa0001|54010021b1[payload->]!.||45,345
2025-08-02T14:20:51.113 0100|01|00|06|f801fe|540100016107[payload->].a.||1,889
2025-08-02T14:26:01.042 0100|01|00|06|f801fe|540100016107[payload->].a.||1,889
2025-08-02T14:30:31.152 0100|01|00|06|f801fe|540100016107[payload->].a.||1,889
2025-08-02T15:10:11.216 0100|01|00|06|f801fe|54010000a1c6[payload->]...||50,849
2025-08-02T15:34:01.033 0100|01|00|06|f801fe|54010000a1c6[payload->]...||50,849
2025-08-02T16:32:11.098 0100|00|00|05|fa0001|54010021b1[payload->]!.||45,345
2025-08-03T02:14:49.101 0100|01|00|06|f801fe|54010000a1c6[payload->]...||50,849
2025-08-03T02:36:31.529 0100|01|00|06|f801fe|54010000a1c6[payload->]...||50,849
2025-08-03T04:20:30.421 0100|01|00|06|f801fe|54010000a1c6[payload->]...||50,849
2025-08-03T04:53:50.522 0100|00|00|05|fa0001|54010021b1[payload->]!.||45,345
2025-08-03T06:50:50.276 0100|00|00|05|fa0001|54010021b1[payload->]!.||45,345
2025-08-03T09:03:52.324 0100|01|00|06|f801fe|54010000a1c6[payload->]...||50,849
2025-08-03T09:11:42.257 0100|01|00|06|f801fe|54010000a1c6[payload->]...||50,849
2025-08-03T10:49:32.365 0100|01|00|06|f801fe|54010000a1c6[payload->]...||50,849
2025-08-03T18:09:27.096 0100|01|00|06|f801fe|54010000a1c6[payload->]...||50,849
