2025-07-31T16:43:58.700 0100|01|00|07|f701fe|108301ffff859c[payload->]....||40,069
2025-08-01T04:16:04.328 0100|01|00|07|f701fe|108301ffff859c[payload->]....||40,069
2025-08-02T03:37:24.623 0100|01|00|07|f701fe|108301ffff859c[payload->]....||40,069
2025-08-02T06:13:54.729 0100|01|00|07|f701fe|108301ffff859c[payload->]....||40,069
2025-08-02T08:51:59.201 0100|01|00|07|f761fe|108301ffff859c[payload->]....||40,069
2025-08-02T09:49:19.138 0100|01|00|07|f701fe|108301ffff859c[payload->]....||40,069
2025-08-02T10:15:34.130 0100|01|00|07|f701fe|108301ffff859c[payload->]....||40,069
2025-08-02T10:51:09.140 0100|01|00|07|f709fe|108301ffff859c[payload->]....||40,069
2025-08-02T10:55:49.135 0100|01|00|07|f721fe|108301ffff859c[payload->]....||40,069
2025-08-02T11:22:19.322 0100|01|00|07|f701fe|108301ffff859c[payload->]....||40,069
2025-08-02T11:29:49.672 0100|01|00|07|f785fe|108301ffff859c[payload->]....||40,069
2025-08-02T11:40:29.264 0100|01|00|07|f701fe|108301ffff859c[payload->]....||40,069
2025-08-02T14:27:59.425 0100|01|00|07|f701fe|108301ffff859c[payload->]....||40,069
2025-08-02T18:30:29.280 0100|01|00|07|f791fe|108301ffff859c[payload->]....||40,069
2025-08-02T23:01:09.805 0100|01|00|07|f701fe|108301ffff859c[payload->]....||40,069
2025-08-03T03:54:47.713 0100|01|00|07|f701fe|108301ffff859c[payload->]....||40,069
2025-08-03T04:09:27.898 0100|01|00|07|f705fe|108301ffff859c[payload->]....||40,069
2025-08-03T07:09:57.691 0100|01|00|07|f701fe|108301ffff859c[payload->]....||40,069
2025-08-03T08:02:38.754 0100|01|00|07|f701fe|108301ffff859c[payload->]....||40,069
2025-08-03T08:21:58.965 0100|01|00|07|f701fe|108301ffff859c[payload->]....||40,069
2025-08-03T11:44:09.734 0100|01|00|07|f701fe|108301ffff859c[payload->]....||40,069
2025-08-03T13:05:14.598 0100|01|00|07|f701fe|108301ffff859c[payload->]....||40,069
