2025-07-30T21:13:37.077 0100|00|00|05|fa00ff|4008019dc6[payload->]..||50,845
2025-07-30T21:13:37.178 0100|01|00|06|f801fe|4008010193d2[payload->]...||53,907
2025-07-30T21:28:07.208 0100|00|00|05|fa00ff|4008019dc6[payload->]..||50,845
2025-07-30T21:28:07.309 0100|01|00|06|f801fe|4008010193d2[payload->]...||53,907
2025-07-30T21:51:16.926 0100|00|00|05|fa00ff|4008019dc6[payload->]..||50,845
2025-07-30T21:51:17.027 0100|01|00|06|f801fe|4008010193d2[payload->]...||53,907
2025-07-30T22:36:22.953 0100|00|00|05|fa0001|40080171b7[payload->]q.||46,961
2025-07-30T23:47:19.406 0100|00|00|05|fa00ff|4008019dc6[payload->]..||50,845
2025-07-30T23:47:19.507 0100|01|00|06|f801fe|4008010193d2[payload->]...||53,907
2025-07-31T02:21:46.668 0100|00|00|05|fa00ff|4008019dc6[payload->]..||50,845
2025-07-31T02:21:46.769 0100|01|00|06|f801fe|4008010193d2[payload->]...||53,907
2025-07-31T03:07:40.403 0100|00|00|05|fa00ff|4008019dc6[payload->]..||50,845
2025-07-31T03:07:40.505 0100|01|00|06|f801fe|4008010193d2[payload->]...||53,907
2025-07-31T04:38:48.492 0100|00|00|05|fa00ff|4008019dc6[payload->]..||50,845
2025-07-31T04:38:48.593 0100|01|00|06|f801fe|4008010193d2[payload->]...||53,907
2025-07-31T04:51:11.762 0100|00|00|05|fa00ff|4008019dc6[payload->]..||50,845
2025-07-31T04:51:11.763 0100|01|00|06|f801fe|4008010193d2[payload->]...||53,907
2025-07-31T06:24:55.827 0100|00|00|05|fa00ff|4008019dc6[payload->]..||50,845
2025-07-31T06:24:55.928 0100|01|00|06|f801fe|4008010193d2[payload->]...||53,907
2025-07-31T09:14:12.880 0100|00|00|05|fa00ff|4008019dc6[payload->]..||50,845
2025-07-31T09:14:12.986 0100|01|00|06|f801fe|4008010193d2[payload->]...||53,907
2025-07-31T09:20:29.074 0100|00|00|05|fa00ff|4008019dc6[payload->]..||50,845
2025-07-31T09:20:29.176 0100|01|00|06|f801fe|4008010193d2[payload->]...||53,907
2025-07-31T10:13:27.993 0100|00|00|05|fa00ff|4008019dc6[payload->]..||50,845
2025-07-31T10:13:27.993 0100|01|00|06|f801fe|4008010193d2[payload->]...||53,907
2025-07-31T10:27:29.188 0100|00|00|05|fa00ff|4008019dc6[payload->]..||50,845
2025-07-31T10:27:29.289 0100|01|00|06|f801fe|4008010193d2[payload->]...||53,907
2025-07-31T11:19:32.658 0100|00|00|05|fa00ff|4008019dc6[payload->]..||50,845
2025-07-31T11:19:32.759 0100|01|00|06|f801fe|4008010193d2[payload->]...||53,907
2025-07-31T12:37:59.906 0100|00|00|05|fa00ff|4008019dc6[payload->]..||50,845
2025-07-31T12:38:00.007 0100|01|00|06|f801fe|4008010193d2[payload->]...||53,907
2025-07-31T13:03:19.152 0100|00|00|05|fa00ff|4008019dc6[payload->]..||50,845
2025-07-31T13:03:19.253 0100|01|00|06|f801fe|4008010193d2[payload->]...||53,907
2025-07-31T13:31:57.325 0100|00|00|05|fa00ff|4008019dc6[payload->]..||50,845
2025-07-31T13:31:57.426 0100|01|00|06|f801fe|4008010193d2[payload->]...||53,907
2025-07-31T13:36:11.842 0100|00|00|05|fa00ff|4008019dc6[payload->]..||50,845
2025-07-31T13:36:11.943 0100|01|00|06|f801fe|4008010193d2[payload->]...||53,907
2025-07-31T14:20:45.171 0100|00|00|05|fa00ff|4008019dc6[payload->]..||50,845
2025-07-31T14:20:45.171 0100|01|00|06|f801fe|4008010193d2[payload->]...||53,907
2025-07-31T15:19:22.513 0100|00|00|05|fa00ff|4008019dc6[payload->]..||50,845
2025-07-31T15:19:22.614 0100|01|00|06|f801fe|4008010193d2[payload->]...||53,907
2025-07-31T15:24:20.250 0100|00|00|05|fa00ff|4008019dc6[payload->]..||50,845
2025-07-31T15:24:20.250 0100|01|00|06|f801fe|4008010193d2[payload->]...||53,907
2025-07-31T15:47:55.120 0100|00|00|05|fa00ff|4008019dc6[payload->]..||50,845
2025-07-31T15:47:55.120 0100|01|00|06|f801fe|4008010193d2[payload->]...||53,907
2025-07-31T18:11:27.903 0100|00|00|05|fa00ff|4008019dc6[payload->]..||50,845
2025-07-31T18:11:28.008 0100|01|00|06|f801fe|4008010193d2[payload->]...||53,907
2025-07-31T18:47:09.358 0100|00|00|05|fa00ff|4008019dc6[payload->]..||50,845
2025-07-31T18:47:09.459 0100|01|00|06|f801fe|4008010193d2[payload->]...||53,907
2025-07-31T23:25:09.276 0100|00|00|05|fa00ff|4008019dc6[payload->]..||50,845
2025-07-31T23:25:09.276 0100|01|00|06|f801fe|4008010193d2[payload->]...||53,907
2025-07-31T23:43:51.242 0100|00|00|05|fa00ff|4008019dc6[payload->]..||50,845
2025-07-31T23:43:51.343 0100|01|00|06|f801fe|4008010193d2[payload->]...||53,907
2025-08-01T01:51:19.946 0100|00|00|05|fa00ff|4008019dc6[payload->]..||50,845
2025-08-01T01:51:20.047 0100|01|00|06|f801fe|4008010193d2[payload->]...||53,907
2025-08-01T04:00:52.963 0100|00|00|05|fa00ff|4008019dc6[payload->]..||50,845
2025-08-01T04:00:53.064 0100|01|00|06|f801fe|4008010193d2[payload->]...||53,907
2025-08-01T04:15:58.164 0100|00|00|05|fa00ff|4008019dc6[payload->]..||50,845
2025-08-01T04:15:58.265 0100|01|00|06|f801fe|4008010193d2[payload->]...||53,907
2025-08-01T05:31:23.962 0100|00|00|05|fa00ff|4008019dc6[payload->]..||50,845
2025-08-01T05:31:23.962 0100|01|00|06|f801fe|4008010193d2[payload->]...||53,907
2025-08-01T05:32:39.199 0100|00|00|05|fa00ff|4008019dc6[payload->]..||50,845
2025-08-01T05:32:39.200 0100|01|00|06|f801fe|4008010193d2[payload->]...||53,907
2025-08-01T05:38:58.209 0100|00|00|05|fa00ff|4008019dc6[payload->]..||50,845
2025-08-01T05:38:58.310 0100|01|00|06|f801fe|4008010193d2[payload->]...||53,907
2025-08-01T06:31:06.889 0100|00|00|05|fa00ff|4008019dc6[payload->]..||50,845
2025-08-01T06:31:06.990 0100|01|00|06|f801fe|4008010193d2[payload->]...||53,907
2025-08-01T07:03:11.930 0100|00|00|05|fa00ff|4008019dc6[payload->]..||50,845
2025-08-01T07:03:12.031 0100|01|00|06|f801fe|4008010193d2[payload->]...||53,907
2025-08-01T07:38:49.198 0100|00|00|05|fa00ff|4008019dc6[payload->]..||50,845
2025-08-01T07:38:49.198 0100|01|00|06|f801fe|4008010193d2[payload->]...||53,907
2025-08-01T07:57:09.164 0100|00|00|05|fa00ff|4008019dc6[payload->]..||50,845
2025-08-01T07:57:09.266 0100|01|00|06|f801fe|4008010193d2[payload->]...||53,907
2025-08-01T08:50:02.219 0100|00|00|05|fa00ff|4008019dc6[payload->]..||50,845
2025-08-01T08:50:02.219 0100|01|00|06|f801fe|4008010193d2[payload->]...||53,907
2025-08-01T13:03:02.564 0100|00|00|05|fa00ff|4008019dc6[payload->]..||50,845
2025-08-01T13:03:02.665 0100|01|00|06|f801fe|4008010193d2[payload->]...||53,907
2025-08-01T14:27:53.633 0100|00|00|05|fa00ff|4008019dc6[payload->]..||50,845
2025-08-01T14:27:53.734 0100|01|00|06|f801fe|4008010193d2[payload->]...||53,907
2025-08-01T15:17:19.373 0100|00|00|05|fa00ff|4008019dc6[payload->]..||50,845
2025-08-01T15:17:19.474 0100|01|00|06|f801fe|4008010193d2[payload->]...||53,907
2025-08-01T15:47:23.026 0100|00|00|05|fa00ff|4008019dc6[payload->]..||50,845
2025-08-01T15:47:23.026 0100|01|00|06|f801fe|4008010193d2[payload->]...||53,907
2025-08-01T17:45:05.535 0100|00|00|05|fa00ff|4008019dc6[payload->]..||50,845
2025-08-01T17:45:05.536 0100|01|00|06|f801fe|4008010193d2[payload->]...||53,907
2025-08-01T18:28:43.004 0100|00|00|05|fa00ff|4008019dc6[payload->]..||50,845
2025-08-01T18:28:43.105 0100|01|00|06|f801fe|4008010193d2[payload->]...||53,907
2025-08-01T18:30:03.842 0100|00|00|05|fa00ff|4008019dc6[payload->]..||50,845
2025-08-01T18:30:03.943 0100|01|00|06|f801fe|4008010193d2[payload->]...||53,907
2025-08-01T19:03:08.104 0100|00|00|05|fa00ff|4008019dc6[payload->]..||50,845
2025-08-01T19:03:08.206 0100|01|00|06|f801fe|4008010193d2[payload->]...||53,907
2025-08-01T19:54:12.967 0100|00|00|05|fa00ff|4008019dc6[payload->]..||50,845
2025-08-01T19:54:13.068 0100|01|00|06|f801fe|4008010193d2[payload->]...||53,907
2025-08-01T21:24:24.150 0100|00|00|05|fa00ff|4008019dc6[payload->]..||50,845
2025-08-01T21:24:24.251 0100|01|00|06|f801fe|4008010193d2[payload->]...||53,907
2025-08-01T21:42:47.208 0100|00|00|05|fa00ff|4008019dc6[payload->]..||50,845
2025-08-01T21:42:47.309 0100|01|00|06|f801fe|4008010193d2[payload->]...||53,907
2025-08-02T01:13:30.293 0100|00|00|05|fa00ff|4008019dc6[payload->]..||50,845
2025-08-02T01:13:30.293 0100|01|00|06|f801fe|4008010193d2[payload->]...||53,907
2025-08-02T03:00:18.277 0100|00|00|05|fa00ff|4008019dc6[payload->]..||50,845
2025-08-02T03:00:18.378 0100|01|00|06|f801fe|4008010193d2[payload->]...||53,907
2025-08-02T03:28:18.231 0100|00|00|05|fa00ff|4008019dc6[payload->]..||50,845
2025-08-02T03:28:18.231 0100|01|00|06|f801fe|4008010193d2[payload->]...||53,907
2025-08-02T04:18:58.183 0100|00|00|05|fa00ff|4008019dc6[payload->]..||50,845
2025-08-02T04:18:58.284 0100|01|00|06|f801fe|4008010193d2[payload->]...||53,907
2025-08-02T06:58:37.226 0100|00|00|05|fa00ff|4008019dc6[payload->]..||50,845
2025-08-02T06:58:37.226 0100|01|00|06|f801fe|4008010193d2[payload->]...||53,907
2025-08-02T08:27:15.286 0100|00|00|05|fa00ff|4008019dc6[payload->]..||50,845
2025-08-02T08:27:15.286 0100|01|00|06|f801fe|4008010193d2[payload->]...||53,907
2025-08-02T10:08:05.222 0100|00|00|05|fa00ff|4008019dc6[payload->]..||50,845
2025-08-02T10:08:05.323 0100|01|00|06|f801fe|4008010193d2[payload->]...||53,907
2025-08-02T11:39:44.329 0100|00|00|05|fa00ff|4008019dc6[payload->]..||50,845
2025-08-02T11:39:44.330 0100|01|00|06|f801fe|4008010193d2[payload->]...||53,907
2025-08-02T13:05:17.133 0100|00|00|05|fa00ff|4008019dc6[payload->]..||50,845
2025-08-02T13:05:17.234 0100|01|00|06|f801fe|4008010193d2[payload->]...||53,907
2025-08-02T14:19:19.128 0100|00|00|05|fa00ff|4008019dc6[payload->]..||50,845
2025-08-02T14:19:19.229 0100|01|00|06|f801fe|4008010193d2[payload->]...||53,907
2025-08-02T15:15:35.386 0100|00|00|05|fa00ff|4008019dc6[payload->]..||50,845
2025-08-02T15:15:35.487 0100|01|00|06|f801fe|4008010193d2[payload->]...||53,907
2025-08-02T16:13:07.950 0100|00|00|05|fa00ff|4008019dc6[payload->]..||50,845
2025-08-02T16:13:08.052 0100|01|00|06|f801fe|4008010193d2[payload->]...||53,907
2025-08-02T17:13:07.869 0100|00|00|05|fa00ff|4008019dc6[payload->]..||50,845
2025-08-02T17:13:07.970 0100|01|00|06|f801fe|4008010193d2[payload->]...||53,907
2025-08-02T19:48:25.281 0100|00|00|05|fa00ff|4008019dc6[payload->]..||50,845
2025-08-02T19:48:25.382 0100|01|00|06|f801fe|4008010193d2[payload->]...||53,907
2025-08-02T20:55:58.642 0100|00|00|05|fa00ff|4008019dc6[payload->]..||50,845
2025-08-02T20:55:58.743 0100|01|00|06|f801fe|4008010193d2[payload->]...||53,907
2025-08-02T20:56:02.887 0100|00|00|05|fa00ff|4008019dc6[payload->]..||50,845
2025-08-02T20:56:02.988 0100|01|00|06|f801fe|4008010193d2[payload->]...||53,907
2025-08-02T21:32:04.043 0100|00|00|05|fa00ff|4008019dc6[payload->]..||50,845
2025-08-02T21:32:04.145 0100|01|00|06|f801fe|4008010193d2[payload->]...||53,907
2025-08-03T00:43:53.926 0100|00|00|05|fa00ff|4008019dc6[payload->]..||50,845
2025-08-03T00:43:54.027 0100|01|00|06|f801fe|4008010193d2[payload->]...||53,907
2025-08-03T01:01:29.406 0100|00|00|05|fa00ff|4008019dc6[payload->]..||50,845
2025-08-03T02:47:52.967 0100|00|00|05|fa0001|40080171b7[payload->]q.||46,961
2025-08-03T03:22:18.425 0100|00|00|05|fa00ff|4008019dc6[payload->]..||50,845
2025-08-03T03:22:18.527 0100|01|00|06|f801fe|4008010193d2[payload->]...||53,907
2025-08-03T08:48:53.108 0100|00|00|05|fa0001|40080171b7[payload->]q.||46,961
2025-08-03T09:12:27.495 0100|00|00|05|fa00ff|4008019dc6[payload->]..||50,845
2025-08-03T09:12:27.596 0100|01|00|06|f801fe|4008010193d2[payload->]...||53,907
2025-08-03T11:46:40.155 0100|00|00|05|fa00ff|4008019dc6[payload->]..||50,845
2025-08-03T11:46:40.160 0100|01|00|06|f801fe|4008010193d2[payload->]...||53,907
2025-08-03T14:10:10.165 0100|00|00|05|fa00ff|4008019dc6[payload->]..||50,845
2025-08-03T14:10:10.166 0100|01|00|06|f801fe|4008010193d2[payload->]...||53,907
2025-08-03T15:42:29.261 0100|00|00|05|fa00ff|4008019dc6[payload->]..||50,845
2025-08-03T15:42:29.362 0100|01|00|06|f801fe|4008010193d2[payload->]...||53,907
2025-08-03T16:27:00.760 0100|01|00|06|f801fe|4008010193d2[payload->]...||53,907
