2025-07-30T20:27:46.825 0100|00|00|05|fa0001|20070a5cb3[payload->]\.||45,916
2025-07-30T20:27:47.027 0100|01|00|0c|f201fe|20070a031b8400150013ae07[payload->].........||1,966
2025-07-30T20:48:03.668 0100|00|00|05|fa0001|20070a5cb3[payload->]\.||45,916
2025-07-30T20:48:03.769 0100|01|00|0c|f201fe|20070a031b8400150013ae07[payload->].........||1,966
2025-07-30T21:08:21.478 0100|00|00|05|fa0001|20070a5cb3[payload->]\.||45,916
2025-07-30T21:08:21.579 0100|01|00|0c|f201fe|20070a031b8400150013ae07[payload->].........||1,966
2025-07-30T21:18:30.134 0100|01|00|0c|f201fe|20070a031b8400150013ae07[payload->].........||1,966
2025-07-30T21:28:39.022 0100|00|00|05|fa0001|20070a5cb3[payload->]\.||45,916
2025-07-30T21:28:39.123 0100|01|00|0c|f201fe|20070a031b8400150013ae07[payload->].........||1,966
2025-07-30T21:38:48.373 0100|00|00|05|fa0001|20070a5cb3[payload->]\.||45,916
2025-07-30T21:38:48.474 0100|01|00|0c|f201fe|20070a031b8400150013ae07[payload->].........||1,966
2025-07-30T21:59:04.820 0100|00|00|05|fa0001|20070a5cb3[payload->]\.||45,916
2025-07-30T21:59:04.921 0100|01|00|0c|f201fe|20070a031b8400150013ae07[payload->].........||1,966
2025-07-30T22:19:22.442 0100|00|00|05|fa0001|20070a5cb3[payload->]\.||45,916
2025-07-30T22:19:22.543 0100|01|00|0c|f201fe|20070a031b8400150013ae07[payload->].........||1,966
2025-07-30T22:29:31.499 0100|00|00|05|fa0001|20070a5cb3[payload->]\.||45,916
2025-07-30T22:59:58.359 0100|00|00|05|fa0001|20070a5cb3[payload->]\.||45,916
2025-07-30T22:59:58.359 0100|01|00|0c|f201fe|20070a031b8400150013ae07[payload->].........||1,966
2025-07-30T23:30:23.503 0100|00|00|05|fa0001|20070a5cb3[payload->]\.||45,916
2025-07-30T23:30:23.604 0100|01|00|0c|f201fe|20070a031b8400150013ae07[payload->].........||1,966
2025-07-30T23:40:33.737 0100|01|00|0c|f201fe|20070a031b8400150013ae07[payload->].........||1,966
2025-07-31T00:00:51.601 0100|00|00|05|fa0001|20070a5cb3[payload->]\.||45,916
2025-07-31T00:00:51.702 0100|01|00|0c|f201fe|20070a031b8400150013ae07[payload->].........||1,966
2025-07-31T00:10:59.875 0100|01|00|0c|f201fe|20070a031b8400150013ae07[payload->].........||1,966
2025-07-31T00:21:08.901 0100|00|00|05|fa0001|20070a5cb3[payload->]\.||45,916
2025-07-31T00:21:09.002 0100|01|00|0c|f201fe|20070a031b8400150013ae07[payload->].........||1,966
2025-07-31T00:31:18.020 0100|01|00|0c|f201fe|20070a031b8400150013ae07[payload->].........||1,966
2025-07-31T00:41:26.407 0100|00|00|05|fa0001|20070a5cb3[payload->]\.||45,916
2025-07-31T00:41:26.509 0100|01|00|0c|f201fe|20070a031b8400150013ae07[payload->].........||1,966
2025-07-31T01:01:43.403 0100|01|00|0c|f201fe|20070a031b8400150013ae07[payload->].........||1,966
2025-07-31T01:11:51.618 0100|00|00|05|fa0001|20070a5cb3[payload->]\.||45,916
2025-07-31T01:11:51.719 0100|01|00|0c|f201fe|20070a031b8400150013ae07[payload->].........||1,966
2025-07-31T01:32:09.739 0100|00|00|05|fa0001|20070a5cb3[payload->]\.||45,916
2025-07-31T01:42:18.026 0100|00|00|05|fa0001|20070a5cb3[payload->]\.||45,916
2025-07-31T01:42:18.027 0100|01|00|0c|f201fe|20070a031b8400150013ae07[payload->].........||1,966
2025-07-31T02:12:44.768 0100|00|00|05|fa0001|20070a5cb3[payload->]\.||45,916
2025-07-31T02:12:44.869 0100|01|00|0c|f201fe|20070a031b8400150013ae07[payload->].........||1,966
2025-07-31T02:22:53.822 0100|00|00|05|fa0001|20070a5cb3[payload->]\.||45,916
2025-07-31T02:22:53.923 0100|01|00|0c|f201fe|20070a031b8400150013ae07[payload->].........||1,966
2025-07-31T02:43:11.121 0100|00|00|05|fa0001|20070a5cb3[payload->]\.||45,916
2025-07-31T02:43:11.122 0100|01|00|0c|f201fe|20070a031b8400150013ae07[payload->].........||1,966
2025-07-31T03:13:37.966 0100|00|00|05|fa0001|20070a5cb3[payload->]\.||45,916
2025-07-31T03:13:38.067 0100|01|00|0c|f201fe|20070a031b8400150013ae07[payload->].........||1,966
2025-07-31T03:33:53.668 0100|00|00|05|fa0001|20070a5cb3[payload->]\.||45,916
2025-07-31T03:33:53.770 0100|01|00|0c|f201fe|20070a031b8400150013ae07[payload->].........||1,966
2025-07-31T03:44:01.786 0100|00|00|05|fa0001|20070a5cb3[payload->]\.||45,916
2025-07-31T03:44:01.887 0100|01|00|0c|f201fe|20070a031b8400150013ae07[payload->].........||1,966
2025-07-31T03:54:10.933 0100|00|00|05|fa0001|20070a5cb3[payload->]\.||45,916
2025-07-31T03:54:11.035 0100|01|00|0c|f201fe|20070a031b8400150013ae07[payload->].........||1,966
2025-07-31T04:14:29.009 0100|00|00|05|fa0001|20070a5cb3[payload->]\.||45,916
2025-07-31T04:14:29.110 0100|01|00|0c|f201fe|20070a031b8400150013ae07[payload->].........||1,966
2025-07-31T04:24:37.763 0100|01|00|0c|f201fe|20070a031b8400150013ae07[payload->].........||1,966
2025-07-31T04:44:55.446 0100|00|00|05|fa0001|20070a5cb3[payload->]\.||45,916
2025-07-31T04:44:55.446 0100|01|00|0c|f201fe|20070a031b8400150013ae07[payload->].........||1,966
2025-07-31T04:55:03.831 0100|00|00|05|fa0001|20070a5cb3[payload->]\.||45,916
2025-07-31T04:55:03.932 0100|01|00|0c|f201fe|20070a031b8400150013ae07[payload->].........||1,966
2025-07-31T05:05:13.376 0100|00|00|05|fa0001|20070a5cb3[payload->]\.||45,916
2025-07-31T05:05:13.478 0100|01|00|0c|f201fe|20070a031b8400150013ae07[payload->].........||1,966
2025-07-31T05:15:22.086 0100|00|00|05|fa0001|20070a5cb3[payload->]\.||45,916
2025-07-31T05:15:22.187 0100|01|00|0c|f201fe|20070a031b8400150013ae07[payload->].........||1,966
2025-07-31T05:25:31.164 0100|00|00|05|fa0001|20070a5cb3[payload->]\.||45,916
2025-07-31T05:25:31.265 0100|01|00|0c|f201fe|20070a031b8400150013ae07[payload->].........||1,966
2025-07-31T05:45:48.731 0100|00|00|05|fa0001|20070a5cb3[payload->]\.||45,916
2025-07-31T05:45:48.832 0100|01|00|0c|f201fe|20070a031b8400150013ae07[payload->].........||1,966
2025-07-31T05:55:57.487 0100|00|00|05|fa0001|20070a5cb3[payload->]\.||45,916
2025-07-31T05:55:57.588 0100|01|00|0c|f201fe|20070a031b8400150013ae07[payload->].........||1,966
2025-07-31T06:26:21.844 0100|00|00|05|fa0001|20070a5cb3[payload->]\.||45,916
2025-07-31T06:26:21.945 0100|01|00|0c|f201fe|20070a031b8400150013ae07[payload->].........||1,966
2025-07-31T06:36:30.599 0100|01|00|0c|f201fe|20070a031b8400150013ae07[payload->].........||1,966
2025-07-31T07:27:12.743 0100|00|00|05|fa0001|20070a5cb3[payload->]\.||45,916
2025-07-31T07:27:12.844 0100|01|00|0c|f201fe|20070a031b8400150013ae07[payload->].........||1,966
2025-07-31T07:37:21.736 0100|00|00|05|fa0001|20070a5cb3[payload->]\.||45,916
2025-07-31T07:37:21.736 0100|01|00|0c|f201fe|20070a031b8400150013ae07[payload->].........||1,966
2025-07-31T07:57:37.958 0100|00|00|05|fa0001|20070a5cb3[payload->]\.||45,916
2025-07-31T08:17:55.363 0100|00|00|05|fa0001|20070a5cb3[payload->]\.||45,916
2025-07-31T08:17:55.464 0100|01|00|0c|f201fe|20070a031b8400150013ae07[payload->].........||1,966
2025-07-31T08:38:13.199 0100|00|00|05|fa0001|20070a5cb3[payload->]\.||45,916
2025-07-31T08:38:13.300 0100|01|00|0c|f201fe|20070a031b8400150013ae07[payload->].........||1,966
2025-07-31T08:58:29.418 0100|00|00|05|fa0001|20070a5cb3[payload->]\.||45,916
2025-07-31T08:58:29.519 0100|01|00|0c|f201fe|20070a031b8400150013ae07[payload->].........||1,966
2025-07-31T09:08:38.989 0100|00|00|05|fa0001|20070a5cb3[payload->]\.||45,916
2025-07-31T09:08:39.090 0100|01|00|0c|f201fe|20070a031b8400150013ae07[payload->].........||1,966
2025-07-31T09:28:54.782 0100|00|00|05|fa0001|20070a5cb3[payload->]\.||45,916
2025-07-31T09:28:54.884 0100|01|00|0c|f201fe|20070a031b8400150013ae07[payload->].........||1,966
2025-07-31T09:49:10.836 0100|00|00|05|fa0001|20070a5cb3[payload->]\.||45,916
2025-07-31T09:59:18.923 0100|00|00|05|fa0001|20070a5cb3[payload->]\.||45,916
2025-07-31T09:59:19.024 0100|01|00|0c|f201fe|20070a031b8400150013ae07[payload->].........||1,966
2025-07-31T10:09:27.493 0100|00|00|05|fa0001|20070a5cb3[payload->]\.||45,916
2025-07-31T10:09:27.594 0100|01|00|0c|f201fe|20070a031b8400150013ae07[payload->].........||1,966
2025-07-31T10:29:44.982 0100|00|00|05|fa0001|20070a5cb3[payload->]\.||45,916
2025-07-31T10:29:45.083 0100|01|00|0c|f201fe|20070a031b8400150013ae07[payload->].........||1,966
2025-07-31T10:39:52.540 0100|00|00|05|fa0001|20070a5cb3[payload->]\.||45,916
2025-07-31T10:39:52.541 0100|01|00|0c|f201fe|20070a031b8400150013ae07[payload->].........||1,966
2025-07-31T10:50:01.402 0100|00|00|05|fa0001|20070a5cb3[payload->]\.||45,916
2025-07-31T10:50:01.503 0100|01|00|0c|f201fe|20070a031b8400150013ae07[payload->].........||1,966
2025-07-31T11:10:18.961 0100|00|00|05|fa0001|20070a5cb3[payload->]\.||45,916
2025-07-31T11:10:19.062 0100|01|00|0c|f201fe|20070a031b8400150013ae07[payload->].........||1,966
2025-07-31T11:20:27.719 0100|00|00|05|fa0001|20070a5cb3[payload->]\.||45,916
2025-07-31T11:20:27.720 0100|01|00|0c|f201fe|20070a031b8400150013ae07[payload->].........||1,966
2025-07-31T11:30:36.203 0100|00|00|05|fa0001|20070a5cb3[payload->]\.||45,916
2025-07-31T11:30:36.304 0100|01|00|0c|f201fe|20070a031b844d0002b44a01[payload->]...M...J.||0,330
2025-07-31T11:40:44.589 0100|00|00|05|fa0001|20070a5cb3[payload->]\.||45,916
2025-07-31T11:40:44.691 0100|01|00|0c|f201fe|20070a031b8400150013ae07[payload->].........||1,966
2025-07-31T11:50:52.555 0100|00|00|05|fa0001|20070a5cb3[payload->]\.||45,916
2025-07-31T11:50:52.555 0100|01|00|0c|f201fe|20070a031b8400150013ae07[payload->].........||1,966
2025-07-31T12:31:28.893 0100|00|00|05|fa0001|20070a5cb3[payload->]\.||45,916
2025-07-31T12:31:28.994 0100|01|00|0c|f201fe|20070a031b8400150013ae07[payload->].........||1,966
2025-07-31T12:41:39.063 0100|00|00|05|fa0001|20070a5cb3[payload->]\.||45,916
2025-07-31T12:41:39.164 0100|01|00|0c|f201fe|20070a031b8400150013ae07[payload->].........||1,966
2025-07-31T12:51:48.486 0100|00|00|05|fa0001|20070a5cb3[payload->]\.||45,916
2025-07-31T12:51:48.587 0100|01|00|0c|f201fe|20070a031b8400150013ae07[payload->].........||1,966
2025-07-31T13:01:57.252 0100|00|00|05|fa0001|20070a5cb3[payload->]\.||45,916
2025-07-31T13:01:57.353 0100|01|00|0c|f201fe|20070a031b8400150013ae07[payload->].........||1,966
2025-07-31T13:12:04.697 0100|00|00|05|fa0001|20070a5cb3[payload->]\.||45,916
2025-07-31T13:12:04.798 0100|01|00|0c|f201fe|20070a031b8400150013ae07[payload->].........||1,966
2025-07-31T13:22:12.728 0100|00|00|05|fa0001|20070a5cb3[payload->]\.||45,916
2025-07-31T13:22:12.829 0100|01|00|0c|f201fe|20070a031b8400150013ae07[payload->].........||1,966
2025-07-31T14:23:04.583 0100|00|00|05|fa0001|20070a5cb3[payload->]\.||45,916
2025-07-31T14:23:04.583 0100|01|00|0c|f201fe|20070a031b8400150013ae07[payload->].........||1,966
2025-07-31T14:53:30.697 0100|01|00|0c|f201fe|20070a031b8400150013ae07[payload->].........||1,966
2025-07-31T15:03:39.374 0100|00|00|05|fa0001|20070a5cb3[payload->]\.||45,916
2025-07-31T15:03:39.475 0100|01|00|0c|f201fe|20070a031b840015fefa0100[payload->].........||0,001
2025-07-31T15:34:05.117 0100|01|00|0c|f201fe|20070a031b8400150013ae07[payload->].........||1,966
2025-07-31T15:54:22.594 0100|00|00|05|fa0001|20070a5cb3[payload->]\.||45,916
2025-07-31T15:54:22.696 0100|01|00|0c|f201fe|20070a031b8400150013ae07[payload->].........||1,966
2025-07-31T16:04:32.132 0100|00|00|05|fa0001|20070a5cb3[payload->]\.||45,916
2025-07-31T16:04:32.232 0100|01|00|0c|f201fe|20070a031b8400150013ae07[payload->].........||1,966
2025-07-31T16:24:49.869 0100|00|00|05|fa0001|20070a5cb3[payload->]\.||45,916
2025-07-31T16:24:49.970 0100|01|00|0c|f201fe|20070a031b8400150013ae07[payload->].........||1,966
2025-07-31T16:34:58.018 0100|00|00|05|fa0001|20070a5cb3[payload->]\.||45,916
2025-07-31T16:34:58.119 0100|01|00|0c|f201fe|20070a031b8400150013ae07[payload->].........||1,966
2025-07-31T16:55:16.920 0100|00|00|05|fa0001|20070a5cb3[payload->]\.||45,916
2025-07-31T16:55:17.022 0100|01|00|0c|f201fe|20070a031b8400150013ae07[payload->].........||1,966
2025-07-31T17:15:34.064 0100|00|00|05|fa0001|20070a5cb3[payload->]\.||45,916
2025-07-31T17:15:34.165 0100|01|00|0c|f201fe|20070a031b8400150013ae07[payload->].........||1,966
2025-07-31T17:25:42.496 0100|00|00|05|fa0001|20070a5cb3[payload->]\.||45,916
2025-07-31T17:25:42.597 0100|01|00|0c|f201fe|20070a031b8400150013ae07[payload->].........||1,966
2025-07-31T17:56:09.804 0100|00|00|05|fa0001|20070a5cb3[payload->]\.||45,916
2025-07-31T17:56:09.804 0100|01|00|0c|f201fe|20070a031b8400150013ae07[payload->].........||1,966
2025-07-31T18:16:27.796 0100|00|00|05|fa0001|20070a5cb3[payload->]\.||45,916
2025-07-31T18:16:27.898 0100|01|00|0c|f201fe|20070a031b8400150013ae07[payload->].........||1,966
2025-07-31T18:57:04.170 0100|00|00|05|fa0001|20070a5cb3[payload->]\.||45,916
2025-07-31T18:57:04.270 0100|01|00|0c|f201fe|20070a031b8400150013ae07[payload->].........||1,966
2025-07-31T19:07:12.678 0100|00|00|05|fa0001|20070a5cb3[payload->]\.||45,916
2025-07-31T19:07:12.779 0100|01|00|0c|f201fe|20070a031b8400150013ae07[payload->].........||1,966
2025-07-31T19:27:31.207 0100|00|00|05|fa0001|20070a5cb3[payload->]\.||45,916
2025-07-31T19:27:31.308 0100|01|00|0c|f201fe|20070a031b8400150013ae07[payload->].........||1,966
2025-07-31T19:37:39.970 0100|00|00|05|fa0001|20070a5cb3[payload->]\.||45,916
2025-07-31T19:37:40.072 0100|01|00|0c|f201fe|20070a031b8400150013ae07[payload->].........||1,966
2025-07-31T19:47:49.001 0100|00|00|05|fa0001|20070a5cb3[payload->]\.||45,916
2025-07-31T19:47:49.102 0100|01|00|0c|f201fe|20070a031b8400150013ae07[payload->].........||1,966
2025-07-31T19:57:58.383 0100|00|00|05|fa0001|20070a5cb3[payload->]\.||45,916
2025-07-31T19:57:58.383 0100|01|00|0c|f201fe|20070a031b8400150013ae07[payload->].........||1,966
2025-07-31T20:28:24.083 0100|00|00|05|fa0001|20070a5cb3[payload->]\.||45,916
2025-07-31T20:28:24.184 0100|01|00|0c|f201fe|20070a031b8400150013ae07[payload->].........||1,966
2025-07-31T20:58:51.398 0100|00|00|05|fa0001|20070a5cb3[payload->]\.||45,916
2025-07-31T20:58:51.498 0100|01|00|0c|f201fe|20070a031b8400150013ae07[payload->].........||1,966
2025-07-31T21:19:08.745 0100|00|00|05|fa0001|20070a5cb3[payload->]\.||45,916
2025-07-31T21:19:08.847 0100|01|00|0c|f201fe|20070a031b8400150013ae07[payload->].........||1,966
2025-07-31T21:29:18.339 0100|00|00|05|fa0001|20070a5cb3[payload->]\.||45,916
2025-07-31T21:29:18.440 0100|01|00|0c|f201fe|20070a031b8400150013ae07[payload->].........||1,966
2025-07-31T21:49:35.897 0100|00|00|05|fa0001|20070a5cb3[payload->]\.||45,916
2025-07-31T21:49:35.998 0100|01|00|0c|f201fe|20070a031b8400150013ae07[payload->].........||1,966
2025-07-31T22:09:51.993 0100|00|00|05|fa0001|20070a5cb3[payload->]\.||45,916
2025-07-31T22:09:52.094 0100|01|00|0c|f201fe|20070a031b84008103362101[payload->]......6!.||0,289
2025-07-31T22:20:01.564 0100|00|00|05|fa0001|20070a5cb3[payload->]\.||45,916
2025-07-31T22:20:01.665 0100|01|00|0c|f201fe|20070a031b8400150013ae07[payload->].........||1,966
2025-07-31T22:40:19.530 0100|00|00|05|fa0001|20070a5cb3[payload->]\.||45,916
2025-07-31T22:40:19.631 0100|01|00|0c|f201fe|20070a031b8400150013ae07[payload->].........||1,966
2025-07-31T23:00:37.858 0100|00|00|05|fa0001|20070a5cb3[payload->]\.||45,916
2025-07-31T23:00:37.959 0100|01|00|0c|f201fe|20070a031b8400150013ae07[payload->].........||1,966
2025-07-31T23:31:04.189 0100|00|00|05|fa0001|20070a5cb3[payload->]\.||45,916
2025-07-31T23:31:04.290 0100|01|00|0c|f201fe|20070a031b8400150013ae07[payload->].........||1,966
2025-07-31T23:41:13.550 0100|00|00|05|fa0001|20070a5cb3[payload->]\.||45,916
2025-07-31T23:41:13.551 0100|01|00|0c|f201fe|20070a031b8400150013ae07[payload->].........||1,966
2025-07-31T23:51:22.912 0100|00|00|05|fa0001|20070a5cb3[payload->]\.||45,916
2025-07-31T23:51:23.013 0100|01|00|0c|f201fe|20070a031b8400150013ae07[payload->].........||1,966
2025-08-01T00:11:40.885 0100|00|00|05|fa0001|20070a5cb3[payload->]\.||45,916
2025-08-01T00:11:40.986 0100|01|00|0c|f201fe|20070a031b8400150013ae07[payload->].........||1,966
2025-08-01T00:42:07.625 0100|00|00|05|fa0001|20070a5cb3[payload->]\.||45,916
2025-08-01T00:42:07.726 0100|01|00|0c|f201fe|20070a031b8400150013ae07[payload->].........||1,966
2025-08-01T01:02:25.567 0100|00|00|05|fa0001|20070a5cb3[payload->]\.||45,916
2025-08-01T01:02:25.668 0100|01|00|0c|f201fe|20070a031b8400150013ae07[payload->].........||1,966
2025-08-01T01:12:34.362 0100|00|00|05|fa0001|20070a5cb3[payload->]\.||45,916
2025-08-01T01:12:34.463 0100|01|00|0c|f201fe|20070a031b8400150013ae07[payload->].........||1,966
2025-08-01T01:32:52.358 0100|00|00|05|fa0001|20070a5cb3[payload->]\.||45,916
2025-08-01T01:32:52.459 0100|01|00|0c|f201fe|20070a031b8400150013ae07[payload->].........||1,966
2025-08-01T01:43:01.029 0100|00|00|05|fa0001|20070a5cb3[payload->]\.||45,916
2025-08-01T01:43:01.030 0100|01|00|0c|f201fe|20070a031b8400150013ae07[payload->].........||1,966
2025-08-01T01:53:09.806 0100|01|00|0c|f201fe|20070a031b8400150013ae07[payload->].........||1,966
2025-08-01T02:03:19.370 0100|00|00|05|fa0001|20070a5cb3[payload->]\.||45,916
2025-08-01T02:03:19.471 0100|01|00|0c|f201fe|20070a031b8400150013ae07[payload->].........||1,966
2025-08-01T02:13:27.671 0100|00|00|05|fa0001|20070a5cb3[payload->]\.||45,916
2025-08-01T02:13:27.671 0100|01|00|0c|f201fe|20070a031b8400150013ae07[payload->].........||1,966
2025-08-01T02:33:44.958 0100|00|00|05|fa0001|20070a5cb3[payload->]\.||45,916
2025-08-01T02:54:02.934 0100|00|00|05|fa0001|20070a5cb3[payload->]\.||45,916
2025-08-01T02:54:03.035 0100|01|00|0c|f201fe|20070a031b8400150013ae07[payload->].........||1,966
2025-08-01T03:14:20.136 0100|00|00|05|fa0001|20070a5cb3[payload->]\.||45,916
2025-08-01T03:24:28.625 0100|00|00|05|fa0001|20070a5cb3[payload->]\.||45,916
2025-08-01T03:24:28.726 0100|01|00|0c|f201fe|20070a031b8400150013ae07[payload->].........||1,966
2025-08-01T03:34:37.020 0100|00|00|05|fa0001|20070a5cb3[payload->]\.||45,916
2025-08-01T03:34:37.121 0100|01|00|0c|f201fe|20070a031b8400150013ae07[payload->].........||1,966
2025-08-01T03:44:44.541 0100|00|00|05|fa0001|20070a5cb3[payload->]\.||45,916
2025-08-01T03:44:44.642 0100|01|00|0c|f201fe|20070a031b8400150013ae07[payload->].........||1,966
2025-08-01T03:54:53.826 0100|00|00|05|fa0001|20070a5cb3[payload->]\.||45,916
2025-08-01T03:54:53.927 0100|01|00|0c|f201fe|20070a031b8400150013ae07[payload->].........||1,966
2025-08-01T04:05:02.844 0100|00|00|05|fa0001|20070a5cb3[payload->]\.||45,916
2025-08-01T04:05:02.945 0100|01|00|0c|f201fe|20070a031b8400150013ae07[payload->].........||1,966
2025-08-01T04:45:39.359 0100|00|00|05|fa0001|20070a5cb3[payload->]\.||45,916
2025-08-01T04:45:39.461 0100|01|00|0c|f201fe|20070a031b8400150013ae07[payload->].........||1,966
2025-08-01T05:05:57.984 0100|00|00|05|fa0001|20070a5cb3[payload->]\.||45,916
2025-08-01T05:05:58.085 0100|01|00|0c|f201fe|20070a031b8400150013ae07[payload->].........||1,966
2025-08-01T05:26:14.713 0100|00|00|05|fa0001|20070a5cb3[payload->]\.||45,916
2025-08-01T05:26:14.814 0100|01|00|0c|f201fe|20070a031b8400150013ae07[payload->].........||1,966
2025-08-01T05:46:32.722 0100|00|00|05|fa0001|20070a5cb3[payload->]\.||45,916
2025-08-01T05:46:32.824 0100|01|00|0c|f201fe|20070a031b8400150013ae07[payload->].........||1,966
2025-08-01T05:56:41.683 0100|00|00|05|fa0001|20070a5cb3[payload->]\.||45,916
2025-08-01T05:56:41.684 0100|01|00|0c|f201fe|20070a031b8400150013ae07[payload->].........||1,966
2025-08-01T06:06:50.789 0100|00|00|05|fa0001|20070a5cb3[payload->]\.||45,916
2025-08-01T06:06:50.890 0100|01|00|0c|f201fe|20070a031b8400150013ae07[payload->].........||1,966
2025-08-01T06:16:59.537 0100|00|00|05|fa0001|20070a5cb3[payload->]\.||45,916
2025-08-01T06:16:59.638 0100|01|00|0c|f201fe|20070a031b8400150013ae07[payload->].........||1,966
2025-08-01T06:27:08.378 0100|00|00|05|fa0001|20070a5cb3[payload->]\.||45,916
2025-08-01T06:47:24.749 0100|00|00|05|fa0001|20070a5cb3[payload->]\.||45,916
2025-08-01T06:47:24.851 0100|01|00|0c|f201fe|20070a031b8400150013ae07[payload->].........||1,966
2025-08-01T06:57:33.681 0100|00|00|05|fa0001|20070a5cb3[payload->]\.||45,916
2025-08-01T06:57:33.782 0100|01|00|0c|f201fe|20070a031b8400150013ae07[payload->].........||1,966
2025-08-01T07:07:42.004 0100|00|00|05|fa0001|20070a5cb3[payload->]\.||45,916
2025-08-01T07:07:42.105 0100|01|00|0c|f201fe|20070a031b8400150013ae07[payload->].........||1,966
2025-08-01T07:17:51.128 0100|01|00|0c|f201fe|20070a031b8400150013ae07[payload->].........||1,966
2025-08-01T07:38:09.019 0100|00|00|05|fa0001|20070a5cb3[payload->]\.||45,916
2025-08-01T07:38:09.120 0100|01|00|0c|f201fe|20070a031b8400150013ae07[payload->].........||1,966
2025-08-01T07:58:26.009 0100|00|00|05|fa0001|20070a5cb3[payload->]\.||45,916
2025-08-01T07:58:26.110 0100|01|00|0c|f201fe|20070a031b8400150013ae07[payload->].........||1,966
2025-08-01T08:08:34.866 0100|01|00|0c|f201fe|20070a031b8400150013ae07[payload->].........||1,966
2025-08-01T08:18:43.933 0100|00|00|05|fa0001|20070a5cb3[payload->]\.||45,916
2025-08-01T08:18:44.035 0100|01|00|0c|f201fe|20070a031b8400150013ae07[payload->].........||1,966
2025-08-01T08:28:52.415 0100|00|00|05|fa0001|20070a5cb3[payload->]\.||45,916
2025-08-01T08:28:52.415 0100|01|00|0c|f201fe|20070a031b8400150013ae07[payload->].........||1,966
2025-08-01T08:39:00.960 0100|00|00|05|fa0001|20070a5cb3[payload->]\.||45,916
2025-08-01T08:39:00.961 0100|01|00|0c|f201fe|20070a031b8400150013ae07[payload->].........||1,966
2025-08-01T08:49:10.036 0100|00|00|05|fa0001|20070a5cb3[payload->]\.||45,916
2025-08-01T08:49:10.237 0100|01|00|0c|f201fe|20070a031b8400150013ae07[payload->].........||1,966
2025-08-01T08:59:19.142 0100|00|00|05|fa0001|20070a1cb3[payload->]..||45,852
2025-08-01T08:59:19.243 0100|01|00|0c|f201fe|20070a031b8400150013ae07[payload->].........||1,966
2025-08-01T09:19:37.021 0100|00|00|05|fa0001|20070a5cb3[payload->]\.||45,916
2025-08-01T09:19:37.122 0100|01|00|0c|f201fe|20070a031b8400150013ae07[payload->].........||1,966
2025-08-01T09:29:45.777 0100|00|00|05|fa0001|20070a5cb3[payload->]\.||45,916
2025-08-01T09:29:45.878 0100|01|00|0c|f201fe|20070a031b8400150013ae07[payload->].........||1,966
2025-08-01T09:39:55.493 0100|00|00|05|fa0001|20070a5cb3[payload->]\.||45,916
2025-08-01T09:39:55.595 0100|01|00|0c|f201fe|20070a031b8400150013ae07[payload->].........||1,966
2025-08-01T10:00:11.913 0100|00|00|05|fa0001|20070a5cb3[payload->]\.||45,916
2025-08-01T10:00:12.015 0100|01|00|0c|f201fe|20070a031b8400150013ae07[payload->].........||1,966
2025-08-01T10:30:39.103 0100|00|00|05|fa0001|20070a5cb3[payload->]\.||45,916
2025-08-01T10:30:39.204 0100|01|00|0c|f201fe|20070a031b8400150013ae07[payload->].........||1,966
2025-08-01T10:40:48.137 0100|00|00|05|fa0001|20070a5cb3[payload->]\.||45,916
2025-08-01T10:40:48.339 0100|01|00|0c|f201fe|20070a031b8400150013ae07[payload->].........||1,966
2025-08-01T11:01:05.786 0100|00|00|05|fa0001|20070a5cb3[payload->]\.||45,916
2025-08-01T11:01:05.887 0100|01|00|0c|f201fe|20070a031b8400150013ae07[payload->].........||1,966
2025-08-01T11:11:14.312 0100|01|00|0c|f201fe|20070a031b8400150013ae07[payload->].........||1,966
2025-08-01T11:21:23.759 0100|00|00|05|fa0001|20070a5cb3[payload->]\.||45,916
2025-08-01T11:21:23.860 0100|01|00|0c|f201fe|20070a031b8400150013ae07[payload->].........||1,966
2025-08-01T11:31:34.366 0100|00|00|05|fa0001|20070a5cb3[payload->]\.||45,916
2025-08-01T11:31:34.467 0100|01|00|0c|f201fe|20070a031b8400150013ae07[payload->].........||1,966
2025-08-01T11:41:43.242 0100|00|00|05|fa0001|20070a5cb3[payload->]\.||45,916
2025-08-01T11:41:43.242 0100|01|00|0c|f201fe|20070a031b8400150013ae07[payload->].........||1,966
2025-08-01T12:22:19.249 0100|01|00|0c|f201fe|20070a031b8400150013ae07[payload->].........||1,966
2025-08-01T12:32:28.131 0100|00|00|05|fa0001|20070a5cb3[payload->]\.||45,916
2025-08-01T12:32:28.232 0100|01|00|0c|f201fe|20070a031b8400150013ae07[payload->].........||1,966
2025-08-01T12:42:36.125 0100|00|00|05|fa0001|20070a5cb3[payload->]\.||45,916
2025-08-01T12:42:36.226 0100|01|00|0c|f201fe|20070a031b8400150013ae07[payload->].........||1,966
2025-08-01T12:52:44.531 0100|00|00|05|fa0001|20070a5cb3[payload->]\.||45,916
2025-08-01T12:52:44.632 0100|01|00|0c|f201fe|20070a031b8400150013ae07[payload->].........||1,966
2025-08-01T13:13:02.886 0100|00|00|05|fa0001|20070a5cb3[payload->]\.||45,916
2025-08-01T13:13:02.988 0100|01|00|0c|f201fe|20070a031b8400150013ae07[payload->].........||1,966
2025-08-01T13:23:11.316 0100|00|00|05|fa0001|20070a5cb3[payload->]\.||45,916
2025-08-01T13:23:11.417 0100|01|00|0c|f201fe|20070a031b8400150013ae07[payload->].........||1,966
2025-08-01T13:33:19.902 0100|00|00|05|fa0001|20070a5cb3[payload->]\.||45,916
2025-08-01T13:33:20.104 0100|01|00|0c|f201fe|20070a031b8400150013ae07[payload->].........||1,966
2025-08-01T13:43:28.745 0100|00|00|05|fa0001|20070a5cb3[payload->]\.||45,916
2025-08-01T13:43:28.846 0100|01|00|0c|f201fe|20070a031b8400150013ae07[payload->].........||1,966
2025-08-01T14:03:46.222 0100|00|00|05|fa0001|20070a5cb3[payload->]\.||45,916
2025-08-01T14:03:46.323 0100|01|00|0c|f201fe|20070a031b8400150013ae07[payload->].........||1,966
2025-08-01T14:13:54.647 0100|00|00|05|fa0001|20070a5cb3[payload->]\.||45,916
2025-08-01T14:13:54.748 0100|01|00|0c|f201fe|20070a031b8400150013ae07[payload->].........||1,966
2025-08-01T14:34:12.220 0100|00|00|05|fa0001|20070a5cb3[payload->]\.||45,916
2025-08-01T14:34:12.321 0100|01|00|0c|f201fe|20070a031b8400150013ae07[payload->].........||1,966
2025-08-01T14:44:20.944 0100|00|00|05|fa0001|20070a5cb3[payload->]\.||45,916
2025-08-01T14:44:21.045 0100|01|00|0c|f201fe|20070a031b8400150013ae07[payload->].........||1,966
2025-08-01T14:54:29.814 0100|00|00|05|fa0001|20070a5cb3[payload->]\.||45,916
2025-08-01T14:54:29.915 0100|01|00|0c|f201fe|20070a031b8400150013ae07[payload->].........||1,966
2025-08-01T15:04:38.610 0100|00|00|05|fa0001|20070a5cb3[payload->]\.||45,916
2025-08-01T15:04:38.711 0100|01|00|0c|f201fe|20070a031b8400150013ae07[payload->].........||1,966
2025-08-01T15:24:56.111 0100|00|00|05|fa0001|20070a5cb3[payload->]\.||45,916
2025-08-01T15:24:56.213 0100|01|00|0c|f201fe|20070a031b8400150013ae07[payload->].........||1,966
2025-08-01T15:35:05.344 0100|00|00|05|fa0001|20070a5cb3[payload->]\.||45,916
2025-08-01T15:35:05.446 0100|01|00|0c|f201fe|20070a031b8400150013ae07[payload->].........||1,966
2025-08-01T15:45:13.919 0100|00|00|05|fa0001|20070a5cb3[payload->]\.||45,916
2025-08-01T15:45:13.920 0100|01|00|0c|f201fe|20070a031b8400150013ae07[payload->].........||1,966
2025-08-01T15:55:22.277 0100|00|00|05|fa0001|20070a5cb3[payload->]\.||45,916
2025-08-01T15:55:22.277 0100|01|00|0c|f201fe|20070a031b8400150013ae07[payload->].........||1,966
2025-08-01T16:05:31.460 0100|00|00|05|fa0001|20070a5cb3[payload->]\.||45,916
2025-08-01T16:05:31.561 0100|01|00|0c|f201fe|20070a031b8400150013ae07[payload->].........||1,966
2025-08-01T16:15:39.594 0100|00|00|05|fa0001|20070a5cb3[payload->]\.||45,916
2025-08-01T16:15:39.695 0100|01|00|0c|f201fe|20070a031b8400150013ae07[payload->].........||1,966
2025-08-01T16:25:49.305 0100|00|00|05|fa0001|20070a5cb3[payload->]\.||45,916
2025-08-01T16:25:49.406 0100|01|00|0c|f201fe|20070a031b8400150013ae07[payload->].........||1,966
2025-08-01T16:46:06.952 0100|00|00|05|fa0001|20070a5cb3[payload->]\.||45,916
2025-08-01T16:46:07.053 0100|01|00|0c|f201fe|20070a031b8400150013ae07[payload->].........||1,966
2025-08-01T17:16:32.705 0100|00|00|05|fa0001|20070a5cb3[payload->]\.||45,916
2025-08-01T17:16:32.806 0100|01|00|0c|f201fe|20070a031b8400150013ae07[payload->].........||1,966
2025-08-01T17:26:40.745 0100|01|00|0c|f201fe|20070a031b8400150013ae07[payload->].........||1,966
2025-08-01T17:46:58.748 0100|00|00|05|fa0001|20070a5cb3[payload->]\.||45,916
2025-08-01T17:46:58.849 0100|01|00|0c|f201fe|20070a031b8400150013ae07[payload->].........||1,966
2025-08-01T17:57:07.789 0100|00|00|05|fa0001|20070a5cb3[payload->]\.||45,916
2025-08-01T17:57:07.890 0100|01|00|0c|f201fe|20070a031b8400150013ae07[payload->].........||1,966
2025-08-01T18:07:17.083 0100|00|00|05|fa0001|20070a5cb3[payload->]\.||45,916
2025-08-01T18:07:17.084 0100|01|00|0c|f201fe|20070a031b8400150013ae07[payload->].........||1,966
2025-08-01T18:17:24.799 0100|01|00|0c|f201fe|20070a031b8400150013ae07[payload->].........||1,966
2025-08-01T18:27:33.745 0100|00|00|05|fa0001|20070a5cb3[payload->]\.||45,916
2025-08-01T18:27:33.846 0100|01|00|0c|f201fe|20070a031b8400150013ae07[payload->].........||1,966
2025-08-01T18:47:49.608 0100|00|00|05|fa0001|20070a5cb3[payload->]\.||45,916
2025-08-01T18:47:49.709 0100|01|00|0c|f201fe|20070a031b8000150013ae07[payload->].........||1,966
2025-08-01T18:57:58.531 0100|00|00|05|fa0001|20070a5cb3[payload->]\.||45,916
2025-08-01T18:57:58.632 0100|01|00|0c|f201fe|20070a031b8400150013ae07[payload->].........||1,966
2025-08-01T19:08:07.881 0100|00|00|05|fa0001|20070a5cb3[payload->]\.||45,916
2025-08-01T19:08:07.982 0100|01|00|0c|f201fe|20070a031b8400150013ae07[payload->].........||1,966
2025-08-01T19:18:16.205 0100|00|00|05|fa0001|20070a5cb3[payload->]\.||45,916
2025-08-01T19:18:16.307 0100|01|00|0c|f201fe|20070a031b8400150013ae07[payload->].........||1,966
2025-08-01T19:38:33.578 0100|00|00|05|fa0001|20070a5cb3[payload->]\.||45,916
2025-08-01T19:38:33.680 0100|01|00|0c|f201fe|20070a031b8400150013ae07[payload->].........||1,966
2025-08-01T19:48:42.093 0100|00|00|05|fa0001|20070a5cb3[payload->]\.||45,916
2025-08-01T19:48:42.094 0100|01|00|0c|f201fe|20070a031b8400150013ae07[payload->].........||1,966
2025-08-01T19:58:49.388 0100|00|00|05|fa0001|20070a5cb3[payload->]\.||45,916
2025-08-01T19:58:49.489 0100|01|00|0c|f201fe|20070a031b8400150013ae07[payload->].........||1,966
2025-08-01T20:08:58.249 0100|01|00|0c|f201fe|20070a031b8400150013ae07[payload->].........||1,966
2025-08-01T20:19:07.071 0100|00|00|05|fa0001|20070a5cb3[payload->]\.||45,916
2025-08-01T20:19:07.173 0100|01|00|0c|f201fe|20070a031b8400150013ae07[payload->].........||1,966
2025-08-01T20:29:16.243 0100|00|00|05|fa0001|20070a5cb3[payload->]\.||45,916
2025-08-01T20:39:25.177 0100|00|00|05|fa0001|20070a5cb3[payload->]\.||45,916
2025-08-01T20:39:25.278 0100|01|00|0c|f201fe|20070a031b8400150013ae07[payload->].........||1,966
2025-08-01T20:49:33.530 0100|00|00|05|fa0001|20070a5cb3[payload->]\.||45,916
2025-08-01T20:49:33.631 0100|01|00|0c|f201fe|20070a031b8400150013ae07[payload->].........||1,966
2025-08-01T20:59:42.023 0100|00|00|05|fa0001|20070a5cb3[payload->]\.||45,916
2025-08-01T20:59:42.023 0100|01|00|0c|f201fe|20070a031b8400150013ae07[payload->].........||1,966
2025-08-01T21:19:59.659 0100|01|00|0c|f201fe|20070a031b8400150013ae07[payload->].........||1,966
2025-08-01T21:30:09.151 0100|00|00|05|fa0001|20070a5cb3[payload->]\.||45,916
2025-08-01T21:30:09.252 0100|01|00|0c|f201fe|20070a031b8400110013ae07[payload->].........||1,966
2025-08-01T21:40:17.925 0100|01|00|0c|f201fe|20070a031b8400150013ae07[payload->].........||1,966
2025-08-01T22:00:36.175 0100|00|00|05|fa0001|20070a5cb3[payload->]\.||45,916
2025-08-01T22:00:36.277 0100|01|00|0c|f205fe|20070a031b8400150013ae07[payload->].........||1,966
2025-08-01T22:20:53.710 0100|00|00|05|fa0001|20070a5cb3[payload->]\.||45,916
2025-08-01T22:20:53.812 0100|01|00|0c|f201fe|20070a031b84200700e33201[payload->]... ...2.||0,306
2025-08-01T22:51:21.023 0100|00|00|05|fa0001|20070a5cb3[payload->]\.||45,916
2025-08-01T23:01:29.585 0100|00|00|05|fa0001|20070a5cb3[payload->]\.||45,916
2025-08-01T23:01:29.686 0100|01|00|0c|f201fe|20070a031b8400150013ae07[payload->].........||1,966
2025-08-01T23:21:47.047 0100|00|00|05|fa0001|20070a5cb3[payload->]\.||45,916
2025-08-01T23:21:47.148 0100|01|00|0c|f201fe|20070a031b8400150013ae07[payload->].........||1,966
2025-08-01T23:31:55.987 0100|00|00|05|fa0001|20070a5cb3[payload->]\.||45,916
2025-08-01T23:31:56.088 0100|01|00|0c|f201fe|20070a031b8400150013ae07[payload->].........||1,966
2025-08-01T23:42:04.252 0100|00|00|05|fa0001|20070a5cb3[payload->]\.||45,916
2025-08-02T00:02:20.882 0100|00|00|05|fa0001|20070a5cb3[payload->]\.||45,916
2025-08-02T00:02:20.983 0100|01|00|0c|f201fe|20070a031b8400150013ae07[payload->].........||1,966
2025-08-02T00:12:30.021 0100|00|00|05|fa0001|20070a5cb3[payload->]\.||45,916
2025-08-02T00:12:30.223 0100|01|00|0c|f201fe|20070a031b8400150013ae07[payload->].........||1,966
2025-08-02T00:22:38.611 0100|00|00|05|fa0001|20070a5cb3[payload->]\.||45,916
2025-08-02T00:22:38.712 0100|01|00|0c|f201fe|20070a031b8400150013ae07[payload->].........||1,966
2025-08-02T00:32:47.817 0100|00|00|05|fa0001|20070a5cb3[payload->]\.||45,916
2025-08-02T00:32:47.918 0100|01|00|0c|f201fe|20070a031b8400150013ae07[payload->].........||1,966
2025-08-02T01:13:22.000 0100|00|00|05|fa0001|20070a5cb3[payload->]\.||45,916
2025-08-02T01:13:22.000 0100|01|00|0c|f201fe|20070a031b8400150013ae07[payload->].........||1,966
2025-08-02T01:43:48.847 0100|00|00|05|fa0001|20070a5cb3[payload->]\.||45,916
2025-08-02T01:43:48.948 0100|01|00|0c|f201fe|20070a031b8400150013ae07[payload->].........||1,966
2025-08-02T01:53:57.771 0100|00|00|05|fa0001|20070a5cb3[payload->]\.||45,916
2025-08-02T01:53:57.872 0100|01|00|0c|f201fe|20070a031b8400150013ae07[payload->].........||1,966
2025-08-02T02:04:07.204 0100|00|00|05|fa0001|20070a5cb3[payload->]\.||45,916
2025-08-02T02:04:07.306 0100|01|00|0c|f201fe|20070a031b8400150013ae07[payload->].........||1,966
2025-08-02T02:24:25.111 0100|00|00|05|fa0001|20070a5cb3[payload->]\.||45,916
2025-08-02T02:34:33.889 0100|01|00|0c|f201fe|20070a031b8400150013ae07[payload->].........||1,966
2025-08-02T03:15:09.215 0100|00|00|05|fa0001|20070a5cb3[payload->]\.||45,916
2025-08-02T03:15:09.316 0100|01|00|0c|f201fe|20070a031b8400150013ae07[payload->].........||1,966
2025-08-02T04:05:51.147 0100|00|00|05|fa0001|20070a5cb3[payload->]\.||45,916
2025-08-02T04:05:51.248 0100|01|00|0c|f201fe|20070a031b8400150013ae07[payload->].........||1,966
2025-08-02T04:26:09.200 0100|00|00|05|fa0001|20070a5cb3[payload->]\.||45,916
2025-08-02T04:26:09.302 0100|01|00|0c|f201fe|20070a031b8400150013ae07[payload->].........||1,966
2025-08-02T04:36:17.942 0100|00|00|05|fa0001|20070a5cb3[payload->]\.||45,916
2025-08-02T04:36:18.043 0100|01|00|0c|f201fe|20070a031b8400150013ae07[payload->].........||1,966
2025-08-02T04:46:26.161 0100|01|00|0c|f201fe|20070a031b8400150013ae07[payload->].........||1,966
2025-08-02T04:56:35.071 0100|00|00|05|fa0001|20070a5cb3[payload->]\.||45,916
2025-08-02T04:56:35.173 0100|01|00|0c|f201fe|20070a031b8400150013ae07[payload->].........||1,966
2025-08-02T05:06:43.757 0100|00|00|05|fa0001|20070a5cb3[payload->]\.||45,916
2025-08-02T05:06:43.858 0100|01|00|0c|f201fe|20070a031b8400150013ae07[payload->].........||1,966
2025-08-02T05:16:52.368 0100|01|00|0c|f201fe|20070a031b8400150013ae07[payload->].........||1,966
2025-08-02T05:37:09.721 0100|00|00|05|fa0001|20070a5cb3[payload->]\.||45,916
2025-08-02T05:37:09.823 0100|01|00|0c|f201fe|20070a031b8400150013ae07[payload->].........||1,966
2025-08-02T05:47:18.719 0100|00|00|05|fa0001|20070a5cb3[payload->]\.||45,916
2025-08-02T05:47:18.820 0100|01|00|0c|f201fe|20070a031b8400150013ae07[payload->].........||1,966
2025-08-02T05:57:27.987 0100|00|00|05|fa0001|20070a5cb3[payload->]\.||45,916
2025-08-02T05:57:27.987 0100|01|00|0c|f201fe|20070a031b8400150013ae07[payload->].........||1,966
2025-08-02T06:07:36.095 0100|00|00|05|fa0001|20070a5cb3[payload->]\.||45,916
2025-08-02T06:07:36.197 0100|01|00|0c|f201fe|20070a031b8400150013ae07[payload->].........||1,966
2025-08-02T06:17:44.821 0100|00|00|05|fa0001|20070a5cb3[payload->]\.||45,916
2025-08-02T06:17:44.922 0100|01|00|0c|f201fe|20070a031b8400150013ae07[payload->].........||1,966
2025-08-02T06:38:02.975 0100|00|00|05|fa0001|20070a5cb3[payload->]\.||45,916
2025-08-02T06:48:11.507 0100|00|00|05|fa0001|20070a5cb3[payload->]\.||45,916
2025-08-02T06:48:11.608 0100|01|00|0c|f201fe|20070a031b8400150013ae07[payload->].........||1,966
2025-08-02T07:18:38.675 0100|00|00|05|fa0001|20070a5cb3[payload->]\.||45,916
2025-08-02T07:18:38.776 0100|01|00|0c|f201fe|20070a031b8400150013ae07[payload->].........||1,966
2025-08-02T07:28:47.777 0100|00|00|05|fa0001|20070a5cb3[payload->]\.||45,916
2025-08-02T07:28:47.878 0100|01|00|0c|f201fe|20070a031b8400150013ae07[payload->].........||1,966
2025-08-02T07:59:13.633 0100|01|00|0c|f201fe|20070a031b8400150013ae07[payload->].........||1,966
2025-08-02T08:19:32.034 0100|00|00|05|fa0001|20070a5cb3[payload->]\.||45,916
2025-08-02T08:19:32.035 0100|01|00|0c|f201fe|20070a031b8400150013ae07[payload->].........||1,966
2025-08-02T08:39:48.902 0100|00|00|05|fa0001|20070a5cb3[payload->]\.||45,916
2025-08-02T08:39:49.003 0100|01|00|0c|f201fe|20070a031b8400150013ae07[payload->].........||1,966
2025-08-02T08:49:57.706 0100|00|00|05|fa0001|20070a5cb3[payload->]\.||45,916
2025-08-02T08:49:57.807 0100|01|00|0c|f201fe|20070a031b8400150013ae07[payload->].........||1,966
2025-08-02T09:30:32.565 0100|00|00|05|fa0001|20070a5cb3[payload->]\.||45,916
2025-08-02T09:30:32.666 0100|01|00|0c|f201fe|20070a031b8400150013ae07[payload->].........||1,966
2025-08-02T09:50:49.505 0100|00|00|05|fa0001|20070a5cb3[payload->]\.||45,916
2025-08-02T09:50:49.606 0100|01|00|0c|f201fe|20070a031b8400150013ae07[payload->].........||1,966
2025-08-02T10:00:58.796 0100|00|00|05|fa0001|20070a5cb3[payload->]\.||45,916
2025-08-02T10:00:58.897 0100|01|00|0c|f201fe|20070a031b8400150013ae07[payload->].........||1,966
2025-08-02T10:21:16.127 0100|01|00|0c|f201fe|20070a031b8400150013ae07[payload->].........||1,966
2025-08-02T10:31:25.230 0100|01|00|0c|f201fe|20070a031b8400150013be07[payload->].........||1,982
2025-08-02T10:41:35.010 0100|00|00|05|fa0001|20070a5cb3[payload->]\.||45,916
2025-08-02T10:41:35.111 0100|01|00|0c|f201fe|20070a031b8400150013ae07[payload->].........||1,966
2025-08-02T10:51:43.184 0100|00|00|05|fa0001|20070a5cb3[payload->]\.||45,916
2025-08-02T10:51:43.286 0100|01|00|0c|f201fe|20070a031b8400150013ae07[payload->].........||1,966
2025-08-02T11:01:51.721 0100|00|00|05|fa0001|20070a5cb3[payload->]\.||45,916
2025-08-02T11:01:51.822 0100|01|00|0c|f201fe|20070a031b8400150013ae07[payload->].........||1,966
2025-08-02T11:22:08.797 0100|00|00|05|fa0001|20070a5cb3[payload->]\.||45,916
2025-08-02T11:22:08.899 0100|01|00|0c|f201fe|20070a031b8400150013ae07[payload->].........||1,966
2025-08-02T11:32:18.018 0100|00|00|05|fa0001|20070a5cb3[payload->]\.||45,916
2025-08-02T11:32:18.119 0100|01|00|0c|f201fe|20070a031b8400150013ae07[payload->].........||1,966
2025-08-02T11:42:27.071 0100|00|00|05|fa0001|20070a5cb3[payload->]\.||45,916
2025-08-02T12:02:44.633 0100|00|00|05|fa0001|20070a5cb3[payload->]\.||45,916
2025-08-02T12:02:44.734 0100|01|00|0c|f201fe|20070a031b8400150013ae07[payload->].........||1,966
2025-08-02T12:12:53.491 0100|00|00|05|fa0001|20070a5cb3[payload->]\.||45,916
2025-08-02T12:12:53.592 0100|01|00|0c|f201fe|20070a031b8400150013ae07[payload->].........||1,966
2025-08-02T12:23:01.759 0100|00|00|05|fa0001|20070a5cb3[payload->]\.||45,916
2025-08-02T12:43:19.232 0100|00|00|05|fa0001|20070a5cb3[payload->]\.||45,916
2025-08-02T12:43:19.333 0100|01|00|0c|f201fe|20070a031b8400150013ae07[payload->].........||1,966
2025-08-02T12:53:28.089 0100|01|00|0c|f201fe|20070a031b8400150003ae07[payload->].........||1,966
2025-08-02T13:03:36.153 0100|00|00|05|fa0001|20070a5cb3[payload->]\.||45,916
2025-08-02T13:03:36.254 0100|01|00|0c|f201fe|20070a031b8400150013ae07[payload->].........||1,966
2025-08-02T13:13:44.900 0100|00|00|05|fa0001|20070a5cb3[payload->]\.||45,916
2025-08-02T13:13:45.001 0100|01|00|0c|f201fe|20070a031b8404150013ae07[payload->].........||1,966
2025-08-02T13:54:19.880 0100|01|00|0c|f201fe|20070a031b8c00150013ae07[payload->].........||1,966
2025-08-02T14:14:38.114 0100|00|00|05|fa0001|20070a5cb3[payload->]\.||45,916
2025-08-02T14:14:38.115 0100|01|00|0c|f201fe|20070a0b1b8400150013ae07[payload->].........||1,966
2025-08-02T14:24:45.720 0100|01|00|0c|f201fe|20070a031b8400150013ae07[payload->].........||1,966
2025-08-02T14:34:54.889 0100|00|00|05|fa0001|20070a5cb3[payload->]\.||45,916
2025-08-02T14:34:54.991 0100|01|00|0c|f201fe|20070a031b8400150013ae07[payload->].........||1,966
2025-08-02T14:45:04.025 0100|00|00|05|fa0001|20070a5cb3[payload->]\.||45,916
2025-08-02T14:45:04.126 0100|01|00|0c|f201fe|20070a031b8400150013ae07[payload->].........||1,966
2025-08-02T14:55:12.901 0100|00|00|05|fa0001|20070a5cb3[payload->]\.||45,916
2025-08-02T14:55:13.002 0100|01|00|0c|f201fe|20070a031b8400150013ae07[payload->].........||1,966
2025-08-02T15:15:30.930 0100|01|00|0c|f201fe|20070a031b8400150013ae07[payload->].........||1,966
2025-08-02T16:06:15.091 0100|00|00|05|fa0001|20070a5cb3[payload->]\.||45,916
2025-08-02T16:06:15.192 0100|01|00|0c|f201fe|20070a031b8400150013ae07[payload->].........||1,966
2025-08-02T16:26:31.909 0100|00|00|05|fa0001|20070a5cb3[payload->]\.||45,916
2025-08-02T16:26:32.010 0100|01|00|0c|f201fe|20070a031b8400150013ae07[payload->].........||1,966
2025-08-02T16:46:49.765 0100|00|00|05|fa0001|20070a5cb3[payload->]\.||45,916
2025-08-02T16:46:49.866 0100|01|00|0c|f201fe|20070a031b8400150013ae07[payload->].........||1,966
2025-08-02T16:56:58.766 0100|00|00|05|fa0001|20070a5cb3[payload->]\.||45,916
2025-08-02T16:56:58.867 0100|01|00|0c|f201fe|20070a031b8400150013ae07[payload->].........||1,966
2025-08-02T17:17:16.655 0100|00|00|05|fa0001|20070a5cb3[payload->]\.||45,916
2025-08-02T17:17:16.756 0100|01|00|0c|f201fe|20070a031b8400150013ae07[payload->].........||1,966
2025-08-02T17:27:24.738 0100|00|00|05|fa0001|20070a5cb3[payload->]\.||45,916
2025-08-02T17:27:24.739 0100|01|00|0c|f201fe|20070a031b8400150013ae07[payload->].........||1,966
2025-08-02T17:37:33.645 0100|00|00|05|fa0001|20070a5cb3[payload->]\.||45,916
2025-08-02T17:37:33.746 0100|01|00|0c|f201fe|20070a031b8400150013ae07[payload->].........||1,966
2025-08-02T17:57:51.646 0100|00|00|05|fa0001|20070a5cb3[payload->]\.||45,916
2025-08-02T17:57:51.747 0100|01|00|0c|f201fe|20070a031b8400150013ae07[payload->].........||1,966
2025-08-02T18:28:18.948 0100|00|00|05|fa0001|20070a5cb3[payload->]\.||45,916
2025-08-02T18:28:19.050 0100|01|00|0c|f201fe|20070a031b8400150013ae07[payload->].........||1,966
2025-08-02T18:38:27.867 0100|00|00|05|fa0001|20070a5cb3[payload->]\.||45,916
2025-08-02T18:38:27.969 0100|01|00|0c|f201fe|20070a031b8400150013ae07[payload->].........||1,966
2025-08-02T18:48:36.685 0100|00|00|05|fa0001|20070a5cb3[payload->]\.||45,916
2025-08-02T18:48:36.786 0100|01|40|0e|f201fe|20070a031b8400150013ae070100[payload->]...........||0,001
2025-08-02T19:08:53.975 0100|00|00|05|fa0001|20070a5cb3[payload->]\.||45,916
2025-08-02T19:08:54.176 0100|01|00|0c|f201fe|20070a031b8400150013ae07[payload->].........||1,966
2025-08-02T19:19:02.781 0100|00|00|05|fa0001|20070a5cb3[payload->]\.||45,916
2025-08-02T19:19:02.882 0100|01|00|0c|f201fe|20070a031b8400150013ae07[payload->].........||1,966
2025-08-02T19:49:30.023 0100|00|00|05|fa0001|20070a5cb3[payload->]\.||45,916
2025-08-02T19:49:30.124 0100|01|00|0c|f201fe|20070a031b8400150013ae07[payload->].........||1,966
2025-08-02T20:09:48.007 0100|00|00|05|fa0001|20070a5cb3[payload->]\.||45,916
2025-08-02T20:09:48.109 0100|01|00|0c|f201fe|20070a031b8400150013ae07[payload->].........||1,966
2025-08-02T20:30:05.377 0100|00|00|05|fa0001|20070a5cb3[payload->]\.||45,916
2025-08-02T20:30:05.377 0100|01|00|0c|f201fe|20070a031b8400150013ae07[payload->].........||1,966
2025-08-02T20:40:13.498 0100|00|00|05|fa0001|20070a5cb3[payload->]\.||45,916
2025-08-02T20:40:13.599 0100|01|00|0c|f201fe|20070a031b8400150013ae07[payload->].........||1,966
2025-08-02T20:50:23.238 0100|00|00|05|fa0001|20070a5cb3[payload->]\.||45,916
2025-08-02T20:50:23.339 0100|01|00|0c|f201fe|20070a031b8400150013ae07[payload->].........||1,966
2025-08-02T21:10:40.434 0100|00|00|05|fa0001|20070a5cb3[payload->]\.||45,916
2025-08-02T21:10:40.535 0100|01|00|0c|f201fe|20070a031b8400150013ae07[payload->].........||1,966
2025-08-02T21:30:57.077 0100|00|00|05|fa0001|20070a5cb3[payload->]\.||45,916
2025-08-02T21:30:57.178 0100|01|00|0c|f201fe|20070a031b8400150013ae07[payload->].........||1,966
2025-08-02T22:11:32.672 0100|01|00|0c|f201fe|20070a031b8400150013ae07[payload->].........||1,966
2025-08-02T22:21:42.444 0100|00|00|05|fa0001|20070a5cb3[payload->]\.||45,916
2025-08-02T22:21:42.445 0100|01|00|0c|f201fe|20070a031b8400150013ae07[payload->].........||1,966
2025-08-02T23:22:33.540 0100|00|00|05|fa0001|20070a5cb3[payload->]\.||45,916
2025-08-02T23:22:33.641 0100|01|00|0c|f201fe|20070a031b8400150013ae07[payload->].........||1,966
2025-08-02T23:32:42.408 0100|00|00|05|fa0001|20070a5cb3[payload->]\.||45,916
2025-08-02T23:32:42.509 0100|01|00|0c|f201fe|20070a031b8400150013ae07[payload->].........||1,966
2025-08-02T23:42:51.730 0100|00|00|05|fa0001|20070a5cb3[payload->]\.||45,916
2025-08-02T23:42:52.134 0100|01|00|4e|fa01fe|20070a031b8400150013ae070100000005fa0003301900863a0100010006f801fe3019000006580100000005fa0003200700e3320100010006f801fe2007000100fd0100000005fa000320070123[payload->].................0...:........0....X........ ...2........ ............. ..#||8,961
2025-08-02T23:53:00.662 0100|00|00|05|fa0001|20070a5cb3[payload->]\.||45,916
2025-08-02T23:53:00.763 0100|01|00|0c|f201fe|20070a031b8400150013ae07[payload->].........||1,966
2025-08-03T00:03:09.062 0100|00|00|05|fa0001|20070a5cb3[payload->]\.||45,916
2025-08-03T00:03:09.164 0100|01|00|0c|f201fe|20070a031b8400150013ae07[payload->].........||1,966
2025-08-03T00:43:44.746 0100|00|00|05|fa0001|20070a5cb3[payload->]\.||45,916
2025-08-03T00:43:44.847 0100|01|00|0c|f201fe|20070a031b8400150013ae07[payload->].........||1,966
2025-08-03T00:53:53.335 0100|00|00|05|fa0001|20070a5cb3[payload->]\.||45,916
2025-08-03T00:53:53.436 0100|01|00|0c|f201fe|20070a031b8400150013ae07[payload->].........||1,966
2025-08-03T01:04:02.595 0100|00|00|05|fa0001|20070a5cb3[payload->]\.||45,916
2025-08-03T01:04:02.696 0100|01|00|0c|f201fe|20070a031b8400150013ae07[payload->].........||1,966
2025-08-03T01:14:11.609 0100|00|00|05|fa0001|20070a5cb3[payload->]\.||45,916
2025-08-03T01:34:28.961 0100|00|00|05|fa0001|20070a5cb3[payload->]\.||45,916
2025-08-03T01:34:29.062 0100|01|00|0c|f201fe|20070a031b8400150013ae07[payload->].........||1,966
2025-08-03T01:44:38.020 0100|00|00|05|fa0001|20070a5cb3[payload->]\.||45,916
2025-08-03T01:54:45.935 0100|00|00|05|fa0001|20070a5cb3[payload->]\.||45,916
2025-08-03T01:54:46.036 0100|01|00|0c|f201fe|20070a031b8400150013ae07[payload->].........||1,966
2025-08-03T02:04:53.511 0100|00|00|05|fa0001|20070a5cb3[payload->]\.||45,916
2025-08-03T02:04:53.713 0100|01|00|0c|f201fe|20070a031b8400150013ae07[payload->].........||1,966
2025-08-03T02:35:20.289 0100|00|00|05|fa0001|20070a5cb3[payload->]\.||45,916
2025-08-03T02:35:20.390 0100|01|00|0c|f201fe|20070a031b8400150013ae07[payload->].........||1,966
2025-08-03T03:05:45.690 0100|00|00|05|fa0001|20070a5cb3[payload->]\.||45,916
2025-08-03T03:05:45.791 0100|01|00|0c|f201fe|20070a031b8400150013ae07[payload->].........||1,966
2025-08-03T03:15:55.215 0100|00|00|05|fa0001|20070a5cb3[payload->]\.||45,916
2025-08-03T03:15:55.317 0100|01|00|0c|f201fe|20070a031b8400150013ae07[payload->].........||1,966
2025-08-03T03:26:03.980 0100|00|00|05|fa0001|20070a5cb3[payload->]\.||45,916
2025-08-03T03:26:04.081 0100|01|00|0c|f201fe|20070a031b8400150013ae07[payload->].........||1,966
2025-08-03T03:36:13.831 0100|00|00|05|fa0001|20070a5cb3[payload->]\.||45,916
2025-08-03T03:36:13.932 0100|01|00|0c|f201fe|20070a031b8400150013ae07[payload->].........||1,966
2025-08-03T04:16:50.707 0100|00|00|05|fa0001|20070a5cb3[payload->]\.||45,916
2025-08-03T04:16:50.908 0100|01|00|0c|f201fe|20070a031b8400150013ae07[payload->].........||1,966
2025-08-03T04:26:58.814 0100|00|00|05|fa0001|20070a5cb3[payload->]\.||45,916
2025-08-03T04:26:58.815 0100|01|00|0c|f201fe|20070a031b8400150013ae07[payload->].........||1,966
2025-08-03T04:37:07.126 0100|00|00|05|fa0001|20070a5cb3[payload->]\.||45,916
2025-08-03T04:57:25.399 0100|00|00|05|fa0001|20070a1cb3[payload->]..||45,852
2025-08-03T05:07:33.878 0100|00|00|05|fa0001|20070a5cb3[payload->]\.||45,916
2025-08-03T05:07:33.980 0100|01|00|0c|f201fe|20070a031b8400150013ae07[payload->].........||1,966
2025-08-03T05:17:43.525 0100|00|00|05|fa0001|20070a5cb3[payload->]\.||45,916
2025-08-03T05:17:43.626 0100|01|00|0c|f201fe|20070a031b8400150013ae07[payload->].........||1,966
2025-08-03T05:48:10.587 0100|00|00|05|fa0001|20070a5cb3[payload->]\.||45,916
2025-08-03T05:48:10.688 0100|01|00|0c|f201fe|20070a031b8400150013ae07[payload->].........||1,966
2025-08-03T06:28:44.901 0100|00|00|05|fa0001|20070a5cb3[payload->]\.||45,916
2025-08-03T06:28:45.002 0100|01|00|0c|f201fe|20070a031b8400150013ae07[payload->].........||1,966
2025-08-03T06:38:53.793 0100|00|00|05|fa0001|20070a5cb3[payload->]\.||45,916
2025-08-03T06:49:03.033 0100|00|00|05|fa0001|20070a5cb3[payload->]\.||45,916
2025-08-03T06:49:03.134 0100|01|00|0c|f201fe|20070a031b8400150013ae07[payload->].........||1,966
2025-08-03T06:59:11.390 0100|00|00|05|fa0001|20070a5cb3[payload->]\.||45,916
2025-08-03T06:59:11.492 0100|01|00|0c|f201fe|20070a031b8400150013ae07[payload->].........||1,966
2025-08-03T07:19:30.066 0100|00|00|05|fa0001|20070a5cb3[payload->]\.||45,916
2025-08-03T07:19:30.268 0100|01|00|0c|f201fe|20070a031b8400150013ae07[payload->].........||1,966
2025-08-03T07:39:46.907 0100|00|00|05|fa0001|20070a5cb3[payload->]\.||45,916
2025-08-03T07:39:47.108 0100|01|00|0c|f201fe|20070a031b8400150013ae07[payload->].........||1,966
2025-08-03T07:49:56.469 0100|00|00|05|fa0001|20070a5cb3[payload->]\.||45,916
2025-08-03T07:49:56.570 0100|01|00|0c|f201fe|20070a031b8400150013ae07[payload->].........||1,966
2025-08-03T08:00:03.874 0100|00|00|05|fa0001|20070a5cb3[payload->]\.||45,916
2025-08-03T08:00:04.075 0100|01|00|0c|f201fe|20070a031b8400150013ae07[payload->].........||1,966
2025-08-03T08:20:21.108 0100|00|00|05|fa0001|20070a5cb3[payload->]\.||45,916
2025-08-03T08:20:21.209 0100|01|00|0c|f201fe|20070a031b8400150013ae07[payload->].........||1,966
2025-08-03T08:30:30.469 0100|00|00|05|fa0001|20070a5cb3[payload->]\.||45,916
2025-08-03T08:40:39.648 0100|00|00|05|fa0001|20070a5cb3[payload->]\.||45,916
2025-08-03T09:00:57.131 0100|01|00|0c|f201fe|20070a031b8400150013ae07[payload->].........||1,966
2025-08-03T09:21:13.868 0100|00|00|05|fa0001|20070a5cb3[payload->]\.||45,916
2025-08-03T09:21:13.969 0100|01|00|0c|f201fe|20070a031b8400150013ae07[payload->].........||1,966
2025-08-03T09:51:40.151 0100|00|00|05|fa0001|20070a5cb3[payload->]\.||45,916
2025-08-03T09:51:40.252 0100|01|00|0c|f201fe|20070a031b8400150013ae07[payload->].........||1,966
2025-08-03T10:01:49.221 0100|00|00|05|fa0001|20070a5cb3[payload->]\.||45,916
2025-08-03T10:01:49.221 0100|01|00|0c|f201fe|20070a031b8400150013ae07[payload->].........||1,966
2025-08-03T10:32:15.380 0100|00|00|05|fa0001|20070a5cb3[payload->]\.||45,916
2025-08-03T10:32:15.481 0100|01|00|0c|f201fe|20070a031b8400150013ae07[payload->].........||1,966
2025-08-03T10:42:24.030 0100|00|00|05|fa0001|20070a5cb3[payload->]\.||45,916
2025-08-03T10:42:24.131 0100|01|00|0c|f201fe|20070a031b8400150013ae07[payload->].........||1,966
2025-08-03T11:12:50.635 0100|00|00|05|fa0001|20070a5cb3[payload->]\.||45,916
2025-08-03T11:12:50.736 0100|01|00|0c|f201fe|20070a031b8400150013ae07[payload->].........||1,966
2025-08-03T11:22:59.582 0100|00|00|05|fa0001|20070a5cb3[payload->]\.||45,916
2025-08-03T11:22:59.683 0100|01|00|0c|f201fe|20070a031b8400150013ae07[payload->].........||1,966
2025-08-03T12:03:36.353 0100|00|00|05|fa0001|20070af801[payload->]..||0,504
2025-08-03T12:13:44.682 0100|00|00|05|fa0001|20070a5cb3[payload->]\.||45,916
2025-08-03T12:13:44.783 0100|01|00|0c|f201fe|20070a031b8400150013ae07[payload->].........||1,966
2025-08-03T12:34:02.857 0100|00|00|05|fa0001|20070a5cb3[payload->]\.||45,916
2025-08-03T12:34:02.958 0100|01|00|0c|f201fe|20070a031b8400150013ae07[payload->].........||1,966
2025-08-03T13:14:38.808 0100|00|00|05|fa0001|20070a5cb3[payload->]\.||45,916
2025-08-03T13:14:38.910 0100|01|00|0c|f201fe|20070a031b8400150013ae07[payload->].........||1,966
2025-08-03T13:45:06.003 0100|00|00|05|fa0001|20070a5cb3[payload->]\.||45,916
2025-08-03T13:45:06.104 0100|01|00|0c|f201fe|20070afa00012004016bf201[payload->]... ..k..||0,498
2025-08-03T13:55:15.310 0100|00|00|05|fa0001|20070a5cb3[payload->]\.||45,916
2025-08-03T13:55:15.311 0100|01|00|0c|f201fe|20070a031b8400150013ae07[payload->].........||1,966
2025-08-03T14:15:33.142 0100|00|00|05|fa0001|20070a5cb3[payload->]\.||45,916
2025-08-03T14:15:33.243 0100|01|00|0c|f201fe|20070a031b8400150013ae07[payload->].........||1,966
2025-08-03T14:25:41.952 0100|00|00|05|fa0001|20070a5cb3[payload->]\.||45,916
2025-08-03T14:25:42.053 0100|01|00|0c|f201fe|20070a031b8400150013ae07[payload->].........||1,966
2025-08-03T14:35:49.945 0100|00|00|05|fa0001|20070a5cb3[payload->]\.||45,916
2025-08-03T14:35:50.047 0100|01|00|0c|f201fe|20070a031b8400150013ae07[payload->].........||1,966
2025-08-03T14:45:58.529 0100|00|00|05|fa0001|20070a5cb3[payload->]\.||45,916
2025-08-03T14:45:58.630 0100|01|00|0c|f201fe|20070a031b8400150013ae07[payload->].........||1,966
2025-08-03T15:36:42.972 0100|00|00|05|fa0001|20070a5cb3[payload->]\.||45,916
2025-08-03T15:36:43.073 0100|01|00|0c|f201fe|20070a031b8400150013ae07[payload->].........||1,966
2025-08-03T15:46:52.266 0100|00|00|05|fa0001|20070a5cb3[payload->]\.||45,916
2025-08-03T15:46:52.367 0100|01|00|0c|f201fe|20070a031b8400150013ae07[payload->].........||1,966
2025-08-03T16:07:08.621 0100|00|00|05|fa0001|20070a5cb3[payload->]\.||45,916
2025-08-03T16:07:08.723 0100|01|00|0c|f201fe|20070a031b8400150013ae07[payload->].........||1,966
2025-08-03T16:17:17.871 0100|00|00|05|fa0001|20070a5cb3[payload->]\.||45,916
2025-08-03T16:17:17.972 0100|01|00|0c|f201fe|20070a031b8400150013ae07[payload->].........||1,966
2025-08-03T16:27:26.126 0100|00|00|05|fa0001|20070a5cb3[payload->]\.||45,916
2025-08-03T16:27:26.228 0100|01|00|0c|f201fe|20070a031b8400150013ae07[payload->].........||1,966
2025-08-03T16:47:43.140 0100|00|00|05|fa0001|20070a5cb3[payload->]\.||45,916
2025-08-03T16:47:43.241 0100|01|00|0c|f201fe|20070a031b8400150013ae07[payload->].........||1,966
2025-08-03T17:08:01.041 0100|00|00|05|fa0001|20070a5cb3[payload->]\.||45,916
2025-08-03T17:08:01.142 0100|01|00|0c|f201fe|20070a031b8400150013ae07[payload->].........||1,966
2025-08-03T17:18:10.418 0100|00|00|05|fa0001|20070a5cb3[payload->]\.||45,916
2025-08-03T17:18:10.519 0100|01|00|0c|f201fe|20070a031b8400150013ae07[payload->].........||1,966
2025-08-03T17:48:36.734 0100|00|00|05|fa0001|20070a5cb3[payload->]\.||45,916
2025-08-03T17:48:36.836 0100|01|00|0c|f201fe|20070a031b8400150013ae07[payload->].........||1,966
