2025-07-30T20:30:15.168 0100|01|08|44|b20101|fe106c008201010000ffffff0583c1031800240e00108403010000ffffff0077c10318002e0e00107803010000ffffff007901010000ffffff057ac10318002e0e0010d8[payload->]...............$............w........x........y........z.........||55,312
2025-07-30T20:53:25.484 0100|01|08|44|b20101|fe106c001801010000ffffff0519c1031800980d00101a03010000ffffff001b01010000ffffff051cc1031800980d00101d03010000ffffff001e01010000ffffff0541[payload->]................................................................A||16,645
2025-07-31T01:53:05.164 0100|01|08|44|b20101|fe106c001803010000ffffff001901010000ffffff051ac1031800fe0b00101b03010000ffffff001c01010000ffffff051dc1031800fe0b00101e03010000ffffff00eb[payload->].................................................................||60,160
2025-07-31T02:48:25.261 0100|01|08|44|b20101|fe106c00fac1031800860b0010fb03010000ffffff00fc01010000ffffff05fdc1031800860b0010fe03010000ffffff00ff01010000ffffff0500c1031800860b0010b3[payload->].................................................................||45,840
2025-07-31T02:54:55.176 0100|01|08|44|b20101|fe106c0078c1031800860b00107903010000ffffff006cc1031800860b00106d03010000ffffff006e01010000ffffff056fc1031800860b00107003010000ffffff004f[payload->].x........y........l........m........n........o........p........O||20,224
2025-07-31T04:17:25.272 0100|01|08|44|b20101|fe106c0036c1031800040b00103703010000ffffff003801010000ffffff0539c1031800040b00103a03010000ffffff003b01010000ffffff053cc1031800040b00105a[payload->].6........7........8........9........:........;........<........Z||23,056
2025-07-31T04:36:45.250 0100|01|08|44|b20101|fe106c009403010000ffffff009501010000ffffff0596c1031800f00a00109703010000ffffff009801010000ffffff0599c1031800f00a00109a03010000ffffff00ba[payload->].................................................................||47,616
2025-07-31T06:32:45.192 0100|01|08|44|b20101|fe106c00ba03010000ffffff00bb01010000ffffff05bcc1031800a00a0010af01010000ffffff05b0c1031800a00a0010b103010000ffffff00b201010000ffffff0537[payload->]................................................................7||14,085
2025-07-31T08:11:45.234 0100|01|08|44|b20101|fe106c00acc1031800640a0010ad03010000ffffff00a0c10318006e0a0010a103010000ffffff00a201010000fbffff05a3c1031800640a0010a403010000ffffff0027[payload->]......d.................n..........................d............'||9,984
2025-07-31T08:30:55.338 0100|01|08|44|b20101|fe106c00fcc1031d00640a0010fd0101020dffffff05fec1031f23e60a0010ff03010000ffffff000001010425ffffff0501c1031f23aa0f00100203010000ffffff0022[payload->]......d................#.................%........#............."||8,704
2025-07-31T09:57:35.540 0100|01|08|44|b20101|fe106c000e01010000ffffff050fc1031800c21000101003010000ffffff001101010000ffffff0512c1031800c21000101303010000ffffff001401010000ffffff05b6[payload->].................................................................||46,597
2025-07-31T10:14:55.320 0100|01|08|44|b20101|fe106c005001010000ffffff0551c1031800fa0f00104401010000ffffff0545c1031800041000104603010000ffffff004701010000ffffff0548c1031800fa0f0010e6[payload->].P........Q........D........E........F........G........H.........||58,896
2025-07-31T12:25:15.321 0100|01|08|44|b20101|fe106c0064c1031800d00c00106503010000ffffff006601010000ffffff0567c1031800d00c00106803010000ffffff006901010000ffffff056ac1031800d00c0010ad[payload->].d........e........f........g........h........i........j.........||44,304
2025-07-31T13:47:15.593 0100|01|08|44|b20101|fe106c003001010000ffffff052303010000ffffff002401010000ffffff0525c1031800f40b00102603010000ffffff002701010000ffffff0528c1031800f40b001077[payload->].0........#........$........%........&........'........(........w||30,480
2025-07-31T14:50:55.636 0100|01|08|44|b20101|fe106c009ec1031800860b00109f03010000ffffff00a001010000ffffff05a1c1031800860b0010a203010000ffffff00a301010000ffffff05a4c1031800860b00106a[payload->]................................................................j||27,152
2025-07-31T15:16:35.372 0100|01|08|44|b20101|fe106c006c01010000ffffff056dc10318005e0b00106e03010000ffffff006f01010000ffffff0570c10318005e0b00107103010000ffffff007201010000ffffff0500[payload->].l........m....^...n........o........p....^...q........r.........||0,005
2025-07-31T20:34:55.547 0100|01|08|44|b20101|fe106c00bc01010000ffffff05bdc1031800e40c0010be03010000ffffff00bf01010000ffffff05c0c1031800e40c0010c103010000ffffff00c201010000ffffff0544[payload->]................................................................D||17,413
2025-07-31T22:22:25.613 0100|01|08|44|b20101|fe106c0048c1031f005c1200104903010000ffffff004a0101041effffff053d03010000ffffff003e0101041effffff053fc1031f005c1200104003010000ffffff0033[payload->].H....\...I........J........=........>........?....\...@........3||13,056
2025-08-01T01:37:05.624 0100|01|08|44|b20101|fe106c00e6c1031800ca0d0010e701010000ffffff05e803010000ffffff00e9c1031800ca0d0010ea01010000ffffff05eb03010000ffffff00ecc1031800ca0d001069[payload->]................................................................i||26,896
2025-08-01T03:55:45.617 0100|01|08|44|b20101|fe106c00a2c1031800fe0b0010a301010000ffffff05a403010000ffffff00a5c1031800fe0b0010a601010000ffffff05a703010000ffffff00a8c1031800fe0b001095[payload->].................................................................||38,160
2025-08-01T04:30:05.692 0100|01|08|44|b20101|fe106c000ac1031800c20b00100b01010000ffffff050c03010000ffffff000dc1031800b80b00100e01010000ffffff050f03010000ffffff0010c1031800b80b00101b[payload->].................................................................||6,928
2025-08-01T09:28:45.687 0100|01|08|44|b20101|fe106c00fcc1031800a00a0010ef01010000ffffff05f0c1031800aa0a0010f103010000ffffff00f201010000ffffff05f3c1031800aa0a0010f403010000ffffff00f0[payload->].................................................................||61,440
2025-08-01T15:58:15.688 0100|01|08|44|b20101|fe106c0038c1031800fe0b00103903010000ffffff003a01010000ffffff053bc1031800fe0b00103c03010000ffffff003d01010000ffffff053ec1031800fe0b001085[payload->].8........9........:........;........<........=........>.........||34,064
2025-08-01T17:57:15.683 0100|01|08|44|b20101|fe106c0096c1031f0070120010970101041effffff059803010000ffffff0099c1031f00701200109a0101041efeffff059b03010000ffffff008e0101041effffff05df[payload->]......p..........................p...............................||57,093
2025-08-01T18:46:45.672 0100|01|08|44|b20101|fe106c000803010000ffffff000901010000ffffff050ac1031800201200100b03010000ffffff000c01010000ffffff050dc1031800201200100e03010000ffffff00bf[payload->]........................ .......................... .............||48,896
2025-08-01T23:21:15.745 0100|01|08|44|b20101|fe106c0048c1031800381300104903010000ffffff004a01010000ffffff054bc10318002e1300104c03010000ffffff004d01010000ffffff054ec10318002e1300109a[payload->].H....8...I........J........K........L........M........N.........||39,440
2025-08-02T04:07:05.738 0100|01|08|44|b20101|fe106c004cc1031800fe0b00104d03010000ffffff004e01010000ffffff054fc1031800fe0b00105003010000ffffff005101010000ffffff0552c1031800fe0b0010c8[payload->].L........M........N........O........P........Q........R.........||51,216
2025-08-02T11:19:15.997 0100|01|08|44|b20100|fe106c089803014000ffffff009901010000ffffff059ac10318008c0800109b03010000ffffff009c01010000ffffff059dc10318008c0a00109e03010000ffffff0064[payload->]....@...........................................................d||25,600
2025-08-02T11:45:16.626 0100|01|08|44|b20101|fe106c0066c1031800820a00106703010000ffffff006801010000ffffff0569c1031800820a00106a03010000ffffff006b01010000ffffff056cc1031800820a0010ff[payload->].f........g........h........i........j........k........l.........||65,296
2025-08-02T13:13:35.793 0100|01|08|44|b20101|fe106c009403010000ffffff009501010000ffffff0596c1031800640a00109703010000ffffff009801010000fdffff0599c1031800640a00109a03010000ffffff0049[payload->]........................d..........................d............I||18,688
2025-08-02T13:56:15.858 0100|01|08|44|b20101|fe106c009601010425ffffff0597c1031f23b40f00109803010000ffffff00990101041effffff059ac1031f23dc0f00109b03010000ffffff009c0101041effffff0524[payload->].....%........#..........................#......................$||9,221
2025-08-02T18:00:15.895 0100|01|08|44|b20101|fe106c00b401010000ffffff05b503010000ffffff00b6c10318009e0c0010b701010000ffffff05b803010000ffffff00b9c10318009e0c0010ba01010000ffffff0561[payload->]................................................................a||24,837
2025-08-02T18:15:47.683 0100|01|08|44|b20101|fe106c00cc01010000ffffff05cd03010000ffffff00cec1031800760c0010cf01010000ffffff05c2c1031800760c0010c301010000ffffff05c403010000ffffff00c2[payload->]........................v.................v......................||49,664
2025-08-02T19:47:46.104 0100|01|08|44|b20101|fe106c0040c1031800b80b00104101010000ffffff0534c1031800b80b00103501010000ffffff053603010000ffffff0037c1031800b80b00103801010000ffffff0549[payload->].@........A........4........5........6........7........8........I||18,693
2025-08-03T01:22:46.314 0100|01|08|44|b20101|fe106c00b601010000ffffff05b703010000ffffff00b8c1031800a20d0010b901010000ffffff05ba03010000fdffff00bbc1031800a20d0010bc01010000ffffff05ef[payload->].................................................................||61,189
2025-08-03T01:34:56.039 0100|01|08|44|b20101|fe106c0096c1031800660d00109701010000ffffff058ac1031800660d00108b01010000ffffff058c03010000feffff008dc1031800660d00108e01010000ffffff0566[payload->]......f.................f..........................f............f||26,117
2025-08-03T02:08:16.074 0100|01|08|44|b20101|fe106c00e203010000ffffff00e3c1031800e40c0010e401010000ffffff05e503010000ffffff00e6c1031800e40c0010e701010000ffffff05e803010000ffffff0076[payload->]................................................................v||30,208
2025-08-03T02:20:36.131 0100|01|08|44|b20101|fe106c00c203010000ffffff00c301010000ffffff05c403010000ffffff00c5c1031800c60c0010c601010000ffffff05c703010000ffffff00c8c1031800bc0c001066[payload->]................................................................f||26,128
2025-08-03T03:07:36.162 0100|01|08|44|b20101|fe106c000a03010000ffffff000bc1031800440c00100c01010000ffffff050d03010000ffffff000ec1031800400c00100f01010000ffffff051003010000ffffff0053[payload->]...............D..........................@.....................S||21,248
2025-08-03T03:21:26.236 0100|01|08|44|b20101|fe106c000601010000ffffff050703010000ffffff0008c10318001c0c00100901010000ffffff050a03010000ffffff000bc10318001c0c00100c01010000ffffff050c[payload->].................................................................||3,077
2025-08-03T03:59:36.110 0100|01|08|44|b20101|fe106c00b401010000ffffff05b503010000ffffff00b6c103180022100010b701010000ffffff05b803010000ffffff00b9c103180022100010ba01010000ffffff0525[payload->]........................".........................."............%||9,477
2025-08-03T04:11:16.128 0100|01|08|44|b20101|fe106c008601010000ffffff058703010000ffffff0088c103180086100010c901010000ffffff058a03010000ffffff008bc1031800861000107e03010000ffffff0099[payload->].......................................................~.........||39,168
2025-08-03T04:33:26.126 0100|01|08|44|b20101|fe106c000e03010000ffffff000fc10318007c1000101001010000ffffff051103010000ffffff0012c10318007c1000101301010000ffffff051403010000ffffff00ad[payload->]...............|..........................|......................||44,288
2025-08-03T06:06:56.342 0100|01|08|44|b20101|fe106c009e03010000ffffff009fc103180018100010a001010000ffffff05a103010000ffffff00a2c103180018100010a301010000ffffff05a403010000ffffff004e[payload->]................................................................N||19,968
2025-08-03T07:12:26.395 0100|01|08|44|b20101|fe106c0036c1031800dc0f00103703010000ffffff003801010000ffffff0539c1031800dc0f00103a03010000ffffff003b01010000ffffff053cc1031800dc0f001017[payload->].6........7........8........9........:........;........<.........||5,904
2025-08-03T09:00:06.244 0100|01|08|44|b20101|fe106c00c201010000ffffff05c303010000ffffff00c4c10318001e0f0010c501010000ffffff05c603010000ffffff00c7c10318001e0f0010c801010000ffffff0506[payload->].................................................................||1,541
2025-08-03T09:06:06.159 0100|01|08|44|b20101|fe106c003201010000ffffff053303010000ffffff0034c10318000a0f00103501010000ffffff0528c1031800140f00102901010000ffffff052a03010000ffffff002f[payload->].2........3........4........5........(........)........*......../||12,032
2025-08-03T09:29:16.377 0100|01|08|44|b20101|fe106c00c803010000ffffff00c9c1031800ec0e0010ca01010000ffffff05cb03010000ffffff00ccc1031800ec0e0010cd01010000ffffff05ce03010000ffffff00cc[payload->].................................................................||52,224
2025-08-03T12:58:06.127 0100|01|08|44|b20101|fe106c0070c1031f003c1400107103010000ffffff00720101041effffff0573c1031f003c1400107403010000ffffff00750101041effffff0576c1031f003c1400108b[payload->].p....<...q........r........s....<...t........u........v....<....||35,600
2025-08-03T15:45:16.370 0100|01|08|44|b20101|fe106c002403010000ffffff0025c1031800980d00102601010000ffffff052703010000ffffff0028c1031800980d00102901010000ffffff052a03010000ffffff00e5[payload->].$........%........&........'........(........)........*.........||58,624
2025-08-03T16:31:16.253 0100|01|08|44|b20101|fe106c005e01010000ffffff055f03010000ffffff0060c1031800da0c00106101010000ffffff056203010000ffffff0063c1031800da0c00106401010000ffffff05fc[payload->].^........_........`........a........b........c........d.........||64,517
