2025-07-30T20:33:21.101 0100|00|00|05|fa0001|340d043c74[payload->]<t||29,756
2025-07-30T20:33:21.202 0100|01|00|0f|ef01fe|340d0452616e6f00646f6d656dc6a1[payload->]Rano.domem..||41,414
2025-07-30T21:03:21.187 0100|00|00|05|fa0001|340d043c74[payload->]<t||29,756
2025-07-30T21:03:21.288 0100|01|00|0f|ef01fe|340d0452616e6f00646f6d656dc6a1[payload->]Rano.domem..||41,414
2025-07-30T21:33:21.076 0100|00|00|05|fa0001|340d043c74[payload->]<t||29,756
2025-07-30T21:33:21.177 0100|01|00|0f|ef01fe|340d0452616e6f00646f6d656dc6a1[payload->]Rano.domem..||41,414
2025-07-30T22:03:21.084 0100|00|00|05|fa0001|340d043c74[payload->]<t||29,756
2025-07-30T22:03:21.185 0100|01|00|0f|ef01fe|340d0452616e6f00646f6d656dc6a1[payload->]Rano.domem..||41,414
2025-07-30T22:31:28.447 0100|00|00|05|fa0001|340d043c74[payload->]<t||29,756
2025-07-30T22:31:28.548 0100|01|00|0f|ef01fe|340d0452616e6f00646f6d656dc6a1[payload->]Rano.domem..||41,414
2025-07-30T22:33:21.861 0100|00|00|05|fa0001|340d043c74[payload->]<t||29,756
2025-07-30T22:33:21.962 0100|01|00|0f|ef01fe|340d0452616e6f00646f6d656dc6a1[payload->]Rano.domem..||41,414
2025-07-30T23:03:21.160 0100|00|00|05|fa0001|340d043c74[payload->]<t||29,756
2025-07-30T23:03:21.261 0100|01|00|0f|ef01fe|340d0452616e6f00646f6d656dc6a1[payload->]Rano.domem..||41,414
2025-07-30T23:31:28.249 0100|00|00|05|fa0001|340d043c74[payload->]<t||29,756
2025-07-30T23:31:28.351 0100|01|00|0f|ef01fe|340d0452616e6f00646f6d656dc6a1[payload->]Rano.domem..||41,414
2025-07-30T23:33:21.140 0100|00|00|05|fa0001|340d043c74[payload->]<t||29,756
2025-07-30T23:33:21.241 0100|01|00|0f|ef01fe|340d0452616e6f00646f6d656dc6a1[payload->]Rano.domem..||41,414
2025-07-31T00:03:21.134 0100|00|00|05|fa0001|340d043c74[payload->]<t||29,756
2025-07-31T00:03:21.235 0100|01|00|0f|ef01fe|340d0452616e6f00646f6d656dc6a1[payload->]Rano.domem..||41,414
2025-07-31T00:33:21.148 0100|00|00|05|fa0001|340d043c74[payload->]<t||29,756
2025-07-31T00:33:21.250 0100|01|00|0f|ef01fe|340d0452616e6f00646f6d656dc6a1[payload->]Rano.domem..||41,414
2025-07-31T01:03:21.149 0100|00|00|05|fa0001|340d043c74[payload->]<t||29,756
2025-07-31T01:03:21.250 0100|01|00|0f|ef01fe|340d0452616e6f00646f6d656dc6a1[payload->]Rano.domem..||41,414
2025-07-31T01:31:28.207 0100|01|00|0f|ef01fe|340d0452616e6f00646f6d656dc6a1[payload->]Rano.domem..||41,414
2025-07-31T01:33:21.131 0100|00|00|05|fa0001|340d043c74[payload->]<t||29,756
2025-07-31T01:33:21.232 0100|01|00|0f|ef01fe|340d0452616e6f00646f6d656dc6a1[payload->]Rano.domem..||41,414
2025-07-31T02:03:21.142 0100|00|00|05|fa0001|340d043c74[payload->]<t||29,756
2025-07-31T02:03:21.243 0100|01|00|0f|ef01fe|340d0452616e6f00646f6d656dc6a1[payload->]Rano.domem..||41,414
2025-07-31T02:31:27.733 0100|00|00|05|fa0001|340d043c74[payload->]<t||29,756
2025-07-31T02:31:27.834 0100|01|00|0f|ef01fe|340d0452616e6f00646f6d656dc6a1[payload->]Rano.domem..||41,414
2025-07-31T02:33:22.572 0100|00|00|05|fa0001|340d043c74[payload->]<t||29,756
2025-07-31T02:33:22.674 0100|01|00|0f|ef01fe|340d0452616e6f00646f6d656dc6a1[payload->]Rano.domem..||41,414
2025-07-31T03:03:23.277 0100|00|00|05|fa0001|340d043c74[payload->]<t||29,756
2025-07-31T03:03:23.378 0100|01|00|0f|ef01fe|340d0452616e6f00646f6d656dc6a1[payload->]Rano.domem..||41,414
2025-07-31T03:33:22.554 0100|00|00|05|fa0001|340d043c74[payload->]<t||29,756
2025-07-31T03:33:22.755 0100|01|00|0f|ef01fe|340d0452616e6f00646f6d656dc6a1[payload->]Rano.domem..||41,414
2025-07-31T04:03:22.622 0100|00|00|05|fa0001|340d043c74[payload->]<t||29,756
2025-07-31T04:03:22.723 0100|01|00|0f|ef01fe|340d0452616e6f00646f6d656dc6a1[payload->]Rano.domem..||41,414
2025-07-31T04:31:27.578 0100|01|00|0f|ef01fe|340d0452616e6f00646f6d656dc6a1[payload->]Rano.domem..||41,414
2025-07-31T04:33:22.575 0100|00|00|05|fa0001|340d043c74[payload->]<t||29,756
2025-07-31T04:33:22.676 0100|01|00|0f|ef01fe|340d0452616e6f00646f6d656dc6a1[payload->]Rano.domem..||41,414
2025-07-31T05:03:23.672 0100|00|00|05|fa0001|340d043c74[payload->]<t||29,756
2025-07-31T05:03:23.773 0100|01|00|0f|ef01fe|340d0452616e6f00646f6d656dc6a1[payload->]Rano.domem..||41,414
2025-07-31T05:33:23.714 0100|00|00|05|fa0001|340d043c74[payload->]<t||29,756
2025-07-31T05:33:23.815 0100|01|00|0f|ef01fe|340d0452616e6f00646f6d656dc6a1[payload->]Rano.domem..||41,414
2025-07-31T06:03:23.717 0100|00|00|05|fa0001|340d043c74[payload->]<t||29,756
2025-07-31T06:03:23.818 0100|01|00|0f|ef01fe|340d0452616e6f00646f6d656dc6a1[payload->]Rano.domem..||41,414
2025-07-31T06:31:27.620 0100|00|00|05|fa0001|340d043c74[payload->]<t||29,756
2025-07-31T06:31:27.721 0100|01|00|0f|ef01fe|340d0452616e6f00646f6d656dc6a1[payload->]Rano.domem..||41,414
2025-07-31T06:33:24.459 0100|00|00|05|fa0001|340d043c74[payload->]<t||29,756
2025-07-31T06:33:24.560 0100|01|00|0f|ef01fe|340d0452616e6f00646f6d656dc6a1[payload->]Rano.domem..||41,414
2025-07-31T07:03:24.512 0100|00|00|05|fa0001|340d043c74[payload->]<t||29,756
2025-07-31T07:31:28.062 0100|00|00|05|fa0001|340d043c74[payload->]<t||29,756
2025-07-31T07:31:28.163 0100|01|00|0f|ef01fe|340d0452616e6f00646f6d656dc6a1[payload->]Rano.domem..||41,414
2025-07-31T07:33:24.498 0100|00|00|05|fa0001|340d043c74[payload->]<t||29,756
2025-07-31T07:33:24.599 0100|01|00|0f|ef01fe|340d0452616e6f00646f6d656dc6a1[payload->]Rano.domem..||41,414
2025-07-31T08:03:24.525 0100|00|00|05|fa0001|340d043c74[payload->]<t||29,756
2025-07-31T08:03:24.627 0100|01|00|0f|ef01fe|340d0452616e6f00646f6d656dc6a1[payload->]Rano.domem..||41,414
2025-07-31T08:33:24.913 0100|00|00|05|fa0001|340d043c74[payload->]<t||29,756
2025-07-31T09:03:24.620 0100|00|00|05|fa0001|340d043c74[payload->]<t||29,756
2025-07-31T09:03:24.721 0100|01|00|0f|ef01fe|340d0452616e6f00646f6d656dc6a1[payload->]Rano.domem..||41,414
2025-07-31T09:33:24.501 0100|00|00|05|fa0001|340d043c74[payload->]<t||29,756
2025-07-31T09:33:24.602 0100|01|00|0f|ef01fe|340d0452616e6f00646f6d656dc6a1[payload->]Rano.domem..||41,414
2025-07-31T10:03:24.529 0100|00|00|05|fa0001|340d043c74[payload->]<t||29,756
2025-07-31T10:03:24.630 0100|01|00|0f|ef01fe|340d0452616e6f00646f6d656dc6a1[payload->]Rano.domem..||41,414
2025-07-31T10:33:25.719 0100|00|00|05|fa0001|340d043c74[payload->]<t||29,756
2025-07-31T10:33:25.820 0100|01|00|0f|ef01fe|340d0452616e6f00646f6d656dc6a1[payload->]Rano.domem..||41,414
2025-07-31T11:03:26.012 0100|00|00|05|fa0001|340d043c74[payload->]<t||29,756
2025-07-31T11:03:26.113 0100|01|00|0f|ef01fe|340d0452616e6f00646f6d656dc6a1[payload->]Rano.domem..||41,414
2025-07-31T11:31:27.204 0100|01|00|0f|ef01fe|340d0452616e6f00646f6d656dc6a1[payload->]Rano.domem..||41,414
2025-07-31T11:33:25.774 0100|00|00|05|fa0001|340d043c74[payload->]<t||29,756
2025-07-31T11:33:25.875 0100|01|00|0f|ef01fe|340d0452616e6f00646f6d656dc6a1[payload->]Rano.domem..||41,414
2025-07-31T12:03:25.767 0100|00|00|05|fa0001|340d043c74[payload->]<t||29,756
2025-07-31T12:03:25.869 0100|01|00|0f|ef01fe|340d0452616e6f00646f6d656dc6a1[payload->]Rano.domem..||41,414
2025-07-31T12:33:25.797 0100|00|00|05|fa0001|340d043c74[payload->]<t||29,756
2025-07-31T12:33:25.999 0100|01|00|0f|ef01fe|340d0452616e6f00646f6d656dc6a1[payload->]Rano.domem..||41,414
2025-07-31T13:03:26.542 0100|00|00|05|fa0001|340d043c74[payload->]<t||29,756
2025-07-31T13:03:26.643 0100|01|00|0f|ef01fe|340d0452616e6f00646f6d656dc6a1[payload->]Rano.domem..||41,414
2025-07-31T14:03:26.417 0100|00|00|05|fa0001|340d043c74[payload->]<t||29,756
2025-07-31T14:03:26.619 0100|01|00|0f|ef01fe|340d0452616e6f00646f6d656dc6a1[payload->]Rano.domem..||41,414
2025-07-31T14:33:26.096 0100|00|00|05|fa0001|340d043c74[payload->]<t||29,756
2025-07-31T14:33:26.198 0100|01|00|0f|ef01fe|340d0452616e6f00646f6d656dc6a1[payload->]Rano.domem..||41,414
2025-07-31T15:03:25.722 0100|00|00|05|fa0001|340d043c74[payload->]<t||29,756
2025-07-31T15:03:25.824 0100|01|00|0f|ef01fe|340d0452616e6f00646f6d656dc6a1[payload->]Rano.domem..||41,414
2025-07-31T15:33:27.136 0100|00|00|05|fa0001|340d043c74[payload->]<t||29,756
2025-07-31T15:33:27.238 0100|01|00|0f|ef01fe|340d0452616e6f00646f6d656dc6a1[payload->]Rano.domem..||41,414
2025-07-31T16:03:27.548 0100|00|00|05|fa0001|340d043c74[payload->]<t||29,756
2025-07-31T16:03:27.654 0100|01|00|0f|ef01fe|340d0452616e6f00646f6d656dc6a1[payload->]Rano.domem..||41,414
2025-07-31T16:33:27.116 0100|00|00|05|fa0001|340d043c74[payload->]<t||29,756
2025-07-31T16:33:27.217 0100|01|00|0f|ef01fe|340d0452616e6f00646f6d656dc6a1[payload->]Rano.domem..||41,414
2025-07-31T17:03:27.215 0100|00|00|05|fa0001|340d043c74[payload->]<t||29,756
2025-07-31T17:03:27.316 0100|01|00|0f|ef01fe|340d0452616e6f00646f6d656dc6a1[payload->]Rano.domem..||41,414
2025-07-31T17:33:27.181 0100|00|00|05|fa0001|340d043c74[payload->]<t||29,756
2025-07-31T17:33:27.282 0100|01|00|0f|ef01fe|340d0452616e6f00646f6d656dc6a1[payload->]Rano.domem..||41,414
2025-07-31T18:03:27.180 0100|00|00|05|fa0001|340d043c74[payload->]<t||29,756
2025-07-31T18:03:27.281 0100|01|00|0f|ef01fe|340d0452616e6f00646f6d656dc6a1[payload->]Rano.domem..||41,414
2025-07-31T18:33:27.968 0100|00|00|05|fa0001|340d043c74[payload->]<t||29,756
2025-07-31T18:33:28.170 0100|01|00|0f|ef01fe|340d0452616e6f00646f6d656dc6a1[payload->]Rano.domem..||41,414
2025-07-31T19:03:29.276 0100|00|00|05|fa0001|340d043c74[payload->]<t||29,756
2025-07-31T19:03:29.377 0100|01|00|0f|ef01fe|340d0452616e6f00646f6d656dc6a1[payload->]Rano.domem..||41,414
2025-07-31T19:31:27.975 0100|00|00|05|fa0001|340d043c74[payload->]<t||29,756
2025-07-31T19:31:28.076 0100|01|00|0f|ef01fe|340d0452616e6f00646f6d656dc6a1[payload->]Rano.domem..||41,414
2025-07-31T19:33:30.248 0100|00|00|05|fa0001|340d043c74[payload->]<t||29,756
2025-07-31T19:33:30.349 0100|01|00|0f|ef01fe|340d0452616e6f00646f6d656dc6a1[payload->]Rano.domem..||41,414
2025-07-31T20:03:29.296 0100|00|00|05|fa0001|340d043c74[payload->]<t||29,756
2025-07-31T20:03:29.397 0100|01|00|0f|ef01fe|340d0452616e6f00646f6d656dc6a1[payload->]Rano.domem..||41,414
2025-07-31T20:33:29.111 0100|00|00|05|fa0001|340d043c74[payload->]<t||29,756
2025-07-31T20:33:29.313 0100|01|00|0f|ef01fe|340d0452616e6f00646f6d656dc6a1[payload->]Rano.domem..||41,414
2025-07-31T21:03:29.219 0100|00|00|05|fa0001|340d043c74[payload->]<t||29,756
2025-07-31T21:03:29.220 0100|01|00|0f|ef01fe|340d0452616e6f00646f6d656dc6a1[payload->]Rano.domem..||41,414
2025-07-31T21:31:28.167 0100|00|00|05|fa0001|340d043c74[payload->]<t||29,756
2025-07-31T21:33:30.038 0100|00|00|05|fa0001|340d043c74[payload->]<t||29,756
2025-07-31T21:33:30.240 0100|01|00|0f|ef01fe|340d0452616e6f00646f6d656dc6a1[payload->]Rano.domem..||41,414
2025-07-31T22:03:29.980 0100|00|00|05|fa0001|340d043c74[payload->]<t||29,756
2025-07-31T22:03:30.081 0100|01|00|0f|ef01fe|340d0452616e6f00646f6d656dc6a1[payload->]Rano.domem..||41,414
2025-07-31T22:33:29.977 0100|00|00|05|fa0001|340d043c74[payload->]<t||29,756
2025-07-31T22:33:30.078 0100|01|00|0f|ef01fe|340d0452616e6f00646f6d656dc6a1[payload->]Rano.domem..||41,414
2025-07-31T23:03:30.026 0100|00|00|05|fa0001|340d043c74[payload->]<t||29,756
2025-07-31T23:03:30.127 0100|01|00|0f|ef01fe|340d0452616e6f00646f6d656dc6a1[payload->]Rano.domem..||41,414
2025-07-31T23:33:30.022 0100|00|00|05|fa0001|340d043c74[payload->]<t||29,756
2025-07-31T23:33:30.123 0100|01|00|0f|ef01fe|340d0452616e6f00646f6d656dc6a1[payload->]Rano.domem..||41,414
2025-08-01T00:03:30.015 0100|00|00|05|fa0001|340d043c74[payload->]<t||29,756
2025-08-01T00:03:30.116 0100|01|00|0f|ef01fe|340d0452616e6f00646f6d656dc6a1[payload->]Rano.domem..||41,414
2025-08-01T00:31:27.687 0100|00|00|05|fa0001|340d043c74[payload->]<t||29,756
2025-08-01T00:31:27.788 0100|01|00|0f|ef01fe|340d0452616e6f00646f6d656dc6a1[payload->]Rano.domem..||41,414
2025-08-01T00:33:30.009 0100|00|00|05|fa0001|340d043c74[payload->]<t||29,756
2025-08-01T00:33:30.110 0100|01|00|0f|ef01fe|340d0452616e6f00646f4d656dc6a1[payload->]Rano.doMem..||41,414
2025-08-01T01:03:29.998 0100|00|00|05|fa0001|340d043c74[payload->]<t||29,756
2025-08-01T01:03:30.099 0100|01|00|0f|ef01fe|340d0452616e6f00646f6d656dc6a1[payload->]Rano.domem..||41,414
2025-08-01T01:31:29.126 0100|00|00|05|fa0001|340d043c74[payload->]<t||29,756
2025-08-01T01:31:29.227 0100|01|00|0f|ef01fe|340d0452616e6f00646f6d656dc6a1[payload->]Rano.domem..||41,414
2025-08-01T01:33:30.028 0100|00|00|05|fa0001|340d043c74[payload->]<t||29,756
2025-08-01T01:33:30.129 0100|01|00|0f|ef01fe|340d0452616e6f00646f6d656dc6a1[payload->]Rano.domem..||41,414
2025-08-01T02:03:30.993 0100|00|00|05|fa0001|340d043c74[payload->]<t||29,756
2025-08-01T02:03:31.095 0100|01|00|0f|ef01fe|340d0452616e6f00646f6d656dc6a1[payload->]Rano.domem..||41,414
2025-08-01T02:33:31.006 0100|00|00|05|fa0001|340d043c74[payload->]<t||29,756
2025-08-01T02:33:31.108 0100|01|00|0f|ef01fe|340d0452616e6f00646f6d656dc6a1[payload->]Rano.domem..||41,414
2025-08-01T03:03:31.065 0100|00|00|05|fa0001|340d043c74[payload->]<t||29,756
2025-08-01T03:03:31.267 0100|01|00|0f|ef01fe|340d0452616e6f00646f6d656dc6a1[payload->]Rano.domem..||41,414
2025-08-01T03:33:30.951 0100|00|00|05|fa0001|340d043c74[payload->]<t||29,756
2025-08-01T03:33:31.153 0100|01|00|0f|ef01fe|340d0452616e6f00646f6d656dc6a1[payload->]Rano.domem..||41,414
2025-08-01T04:03:31.022 0100|00|00|05|fa0001|340d043c74[payload->]<t||29,756
2025-08-01T04:03:31.123 0100|01|00|0f|ef01fe|340d0452616e6f00646f6d656dc6a1[payload->]Rano.domem..||41,414
2025-08-01T04:33:30.934 0100|00|00|05|fa0001|340d043c74[payload->]<t||29,756
2025-08-01T04:33:31.035 0100|01|00|0f|ef01fe|340d0452616e6f00646f6d656dc6a1[payload->]Rano.domem..||41,414
2025-08-01T05:03:32.128 0100|00|00|05|fa0001|340d043c74[payload->]<t||29,756
2025-08-01T05:03:32.229 0100|01|00|0f|ef01fe|340d0452616e6f00646f6d656dc6a1[payload->]Rano.domem..||41,414
2025-08-01T05:31:28.519 0100|00|00|05|fa0001|340d043c74[payload->]<t||29,756
2025-08-01T05:31:28.620 0100|01|00|0f|ef01fe|340d0452616e6f00646f6d656dc6a1[payload->]Rano.domem..||41,414
2025-08-01T05:33:30.996 0100|00|00|05|fa0001|340d043c74[payload->]<t||29,756
2025-08-01T05:33:31.097 0100|01|00|0f|ef01fe|340d0452616e6f00646f6d656dc6a1[payload->]Rano.domem..||41,414
2025-08-01T06:03:30.974 0100|00|00|05|fa0001|340d043c74[payload->]<t||29,756
2025-08-01T06:03:31.076 0100|01|00|0f|ef01fe|340d0452616e6f00646f6d656dc6a1[payload->]Rano.domem..||41,414
2025-08-01T06:33:30.986 0100|00|00|05|fa0001|340d043c74[payload->]<t||29,756
2025-08-01T06:33:31.087 0100|01|00|0f|ef01fe|340d0452616e6f00646f6d656dc6a1[payload->]Rano.domem..||41,414
2025-08-01T07:03:31.018 0100|00|00|05|fa0001|340d043c74[payload->]<t||29,756
2025-08-01T07:03:31.119 0100|01|00|0f|ef01fe|340d0452616e6f00646f6d656dc6a1[payload->]Rano.domem..||41,414
2025-08-01T07:33:31.033 0100|00|00|05|fa0001|340d043c74[payload->]<t||29,756
2025-08-01T07:33:31.134 0100|01|00|0f|ef01fe|340d0452616e6f00646f6d656dc6a1[payload->]Rano.domem..||41,414
2025-08-01T08:03:30.956 0100|00|00|05|fa0001|340d043c74[payload->]<t||29,756
2025-08-01T08:03:31.057 0100|01|00|0f|ef01fe|340d0452616e6f00646f6d656dc6a1[payload->]Rano.domem..||41,414
2025-08-01T08:33:30.969 0100|00|00|05|fa0001|340d043c74[payload->]<t||29,756
2025-08-01T08:33:31.070 0100|01|00|0f|ef01fe|340d0452616e6f00646f6d656dc6a1[payload->]Rano.domem..||41,414
2025-08-01T09:03:30.984 0100|00|00|05|fa0001|340d043c74[payload->]<t||29,756
2025-08-01T09:03:31.085 0100|01|00|0f|ef01fe|340d0452616e6f00646f6d656dc6a1[payload->]Rano.domem..||41,414
2025-08-01T09:33:31.039 0100|00|00|05|fa0001|340d043c74[payload->]<t||29,756
2025-08-01T09:33:31.140 0100|01|00|0f|ef01fe|340d0452616e6f00646f6d656dc6a1[payload->]Rano.domem..||41,414
2025-08-01T10:03:31.012 0100|00|00|05|fa0001|340d043c74[payload->]<t||29,756
2025-08-01T10:03:31.113 0100|01|00|0f|ef01fe|340d0452616e6f00646f6d656dc6a1[payload->]Rano.domem..||41,414
2025-08-01T10:33:30.984 0100|00|00|05|fa0001|340d043c74[payload->]<t||29,756
2025-08-01T10:33:31.085 0100|01|00|0f|ef01fe|340d0452616e6f00646f6d656dc6a1[payload->]Rano.domem..||41,414
2025-08-01T11:03:31.269 0100|00|00|05|fa0001|340d043c74[payload->]<t||29,756
2025-08-01T11:03:31.370 0100|01|00|0f|ef01fe|340d0452616e6f00646f6d656dc6a1[payload->]Rano.domem..||41,414
2025-08-01T11:33:30.972 0100|00|00|05|fa0001|340d043c74[payload->]<t||29,756
2025-08-01T11:33:31.074 0100|01|00|0f|ef01fe|340d0452616e6f00646f6d656dc6a1[payload->]Rano.domem..||41,414
2025-08-01T12:03:30.955 0100|00|00|05|fa0001|340d043c74[payload->]<t||29,756
2025-08-01T12:03:31.057 0100|01|00|0f|ef01fe|340d0452616e6f00646f6d656dc6a1[payload->]Rano.domem..||41,414
2025-08-01T12:33:32.043 0100|00|00|05|fa0001|340d043c74[payload->]<t||29,756
2025-08-01T12:33:32.144 0100|01|00|0f|ef01fe|340d0452616e6f00646f6d656dc6a1[payload->]Rano.domem..||41,414
2025-08-01T13:03:32.048 0100|00|00|05|fa0001|340d043c74[payload->]<t||29,756
2025-08-01T13:03:32.048 0100|01|00|0f|ef01fe|340d0452616e6f00646f6d656dc6a1[payload->]Rano.domem..||41,414
2025-08-01T13:33:32.027 0100|00|00|05|fa0001|340d043c74[payload->]<t||29,756
2025-08-01T13:33:32.129 0100|01|00|0f|ef01fe|340d0452616e6f00646f6d656dc6a1[payload->]Rano.domem..||41,414
2025-08-01T14:03:32.964 0100|00|00|05|fa0001|340d043c74[payload->]<t||29,756
2025-08-01T14:03:33.065 0100|01|00|0f|ef01fe|340d0452616e6f00646f6d656dc6a1[payload->]Rano.domem..||41,414
2025-08-01T14:31:28.955 0100|00|00|05|fa0001|340d043c74[payload->]<t||29,756
2025-08-01T14:31:29.057 0100|01|00|0f|ef01fe|340d0452616e6f00646f6d656dc6a1[payload->]Rano.domem..||41,414
2025-08-01T14:33:33.137 0100|00|00|05|fa0001|340d043c74[payload->]<t||29,756
2025-08-01T14:33:33.239 0100|01|00|0f|ef01fe|340d0452616e6f00646f6d656dc621[payload->]Rano.domem.!||8,646
2025-08-01T15:03:32.963 0100|00|00|05|fa0001|340d043c74[payload->]<t||29,756
2025-08-01T15:03:33.064 0100|01|00|0f|ef01fe|340d0452616e6f00646f6d656dc6a1[payload->]Rano.domem..||41,414
2025-08-01T15:33:33.047 0100|00|00|05|fa0001|340d043c74[payload->]<t||29,756
2025-08-01T15:33:33.149 0100|01|00|0f|ef01fe|340d0452616e6f00646f6d656dc6a1[payload->]Rano.domem..||41,414
2025-08-01T16:03:33.002 0100|00|00|05|fa0001|340d043c74[payload->]<t||29,756
2025-08-01T16:03:33.103 0100|01|00|0f|ef01fe|340d0452616e6f00646f6d656dc6a1[payload->]Rano.domem..||41,414
2025-08-01T16:31:27.542 0100|00|00|05|fa0001|340d043c74[payload->]<t||29,756
2025-08-01T16:33:33.012 0100|00|00|05|fa0001|340d043c74[payload->]<t||29,756
2025-08-01T16:33:33.113 0100|01|00|0f|ef01fe|340d0452616e6f00646f6d656dc6a1[payload->]Rano.domem..||41,414
2025-08-01T17:03:33.142 0100|00|00|05|fa0001|340d043c74[payload->]<t||29,756
2025-08-01T17:03:33.243 0100|01|00|0f|ef01fe|340d0452616e6f00646f6d656dc6a1[payload->]Rano.domem..||41,414
2025-08-01T17:33:32.983 0100|00|00|05|fa0001|340d043c74[payload->]<t||29,756
2025-08-01T17:33:33.084 0100|01|00|0f|ef01fe|340d0452616e6f00646f6d656dc6a1[payload->]Rano.domem..||41,414
2025-08-01T18:03:33.014 0100|00|00|05|fa0001|340d043c74[payload->]<t||29,756
2025-08-01T18:03:33.115 0100|01|00|0f|ef01fe|340d0452616e6f00646f6d656dc6a1[payload->]Rano.domem..||41,414
2025-08-01T18:33:32.944 0100|00|00|05|fa0001|340d043c74[payload->]<t||29,756
2025-08-01T18:33:33.046 0100|01|00|0f|ef01fe|340d0452616e6f00646f6d656dc6a1[payload->]Rano.domem..||41,414
2025-08-01T19:03:33.047 0100|00|00|05|fa0001|340d043c74[payload->]<t||29,756
2025-08-01T19:03:33.048 0100|01|00|0f|ef01fe|340d0452616e6f00646f6d656dc6a1[payload->]Rano.domem..||41,414
2025-08-01T19:33:34.116 0100|00|00|05|fa0001|340d043c74[payload->]<t||29,756
2025-08-01T19:33:34.218 0100|01|00|0f|ef01fe|340d0452616e6f00646f6d656dc6a1[payload->]Rano.domem..||41,414
2025-08-01T20:03:34.971 0100|00|00|05|fa0001|340d043c74[payload->]<t||29,756
2025-08-01T20:03:35.073 0100|01|00|0f|ef01fe|340d0452616e6f00646f6d656dc6a1[payload->]Rano.domem..||41,414
2025-08-01T20:33:36.124 0100|00|00|05|fa0001|340d043c74[payload->]<t||29,756
2025-08-01T20:33:36.225 0100|01|00|0f|ef01fe|340d0452616e6f00646f6d656dc6a1[payload->]Rano.domem..||41,414
2025-08-01T21:03:37.301 0100|00|00|05|fa0001|340d043c74[payload->]<t||29,756
2025-08-01T21:03:37.402 0100|01|00|0f|ef01fe|340d0452616e6f00646f6d656dc6a1[payload->]Rano.domem..||41,414
2025-08-01T21:33:36.085 0100|00|00|05|fa0001|340d043c74[payload->]<t||29,756
2025-08-01T21:33:36.186 0100|01|00|0f|ef01fe|340d0452616e6f00646f6d656dc6a1[payload->]Rano.domem..||41,414
2025-08-01T22:03:37.188 0100|00|00|05|fa0001|340d043c74[payload->]<t||29,756
2025-08-01T22:03:37.289 0100|01|00|0f|ef01fe|340d0452616e6f00646f6d656dc6a1[payload->]Rano.domem..||41,414
2025-08-01T22:33:37.101 0100|00|00|05|f20001|340d043c74[payload->]<t||29,756
2025-08-01T22:33:37.202 0100|01|00|0f|ef01fe|340d0452616e6f00646f6d656dc6a1[payload->]Rano.domem..||41,414
2025-08-01T23:03:37.106 0100|00|00|05|fa0001|340d043c74[payload->]<t||29,756
2025-08-01T23:03:37.207 0100|01|00|0f|ef01fe|340d0452616e6f00646f6d656dc6a1[payload->]Rano.domem..||41,414
2025-08-01T23:31:27.371 0100|00|00|05|fa0001|340d043c74[payload->]<t||29,756
2025-08-01T23:31:27.472 0100|01|00|0f|ef01fe|340d0452616e6f00646f6d656dc6a1[payload->]Rano.domem..||41,414
2025-08-01T23:33:37.135 0100|00|00|05|fa0001|340d043c74[payload->]<t||29,756
2025-08-01T23:33:37.236 0100|01|00|0f|ef01fe|340d0452616e6f00646f6d656dc6a1[payload->]Rano.domem..||41,414
2025-08-02T00:03:37.105 0100|00|00|05|fa0001|340d043c74[payload->]<t||29,756
2025-08-02T00:03:37.206 0100|01|00|0f|ef01fe|340d0452616e6f00646f6d656dc6a1[payload->]Rano.domem..||41,414
2025-08-02T00:31:28.240 0100|00|00|05|fa0001|340d043c74[payload->]<t||29,756
2025-08-02T00:33:37.299 0100|00|00|05|fa0001|340d043c74[payload->]<t||29,756
2025-08-02T00:33:37.400 0100|01|80|0f|ef01fe|340d0452616e6f00646f6d656dc6a1[payload->]Rano.domem..||41,414
2025-08-02T01:03:37.137 0100|00|00|05|fa0001|340d043c74[payload->]<t||29,756
2025-08-02T01:03:37.238 0100|01|00|0f|ef01fe|340d0452616e6f00646f6d656dc6a1[payload->]Rano.domem..||41,414
2025-08-02T01:33:38.552 0100|01|00|0f|ef01fe|340d0452616e6f00646f6d656dc6a1[payload->]Rano.domem..||41,414
2025-08-02T02:03:37.084 0100|00|00|05|fa0001|340d043c74[payload->]<t||29,756
2025-08-02T02:03:37.185 0100|01|00|0f|ef01fe|340d0452616e6f00646f6d656dc6a1[payload->]Rano.domem..||41,414
2025-08-02T02:33:37.126 0100|00|00|05|fa0001|340d043c74[payload->]<t||29,756
2025-08-02T02:33:37.227 0100|01|00|0f|ef01fe|340d0452616e6f00646f6d656dc6a1[payload->]Rano.domem..||41,414
2025-08-02T03:03:38.240 0100|00|00|05|fa0001|340d043c74[payload->]<t||29,756
2025-08-02T03:03:38.342 0100|01|00|0f|ef01fe|340d0452616e6f00646f6d656dc6a1[payload->]Rano.domem..||41,414
2025-08-02T03:33:37.126 0100|00|00|05|fa0001|340d043c74[payload->]<t||29,756
2025-08-02T03:33:37.227 0100|01|00|0f|ef01fe|340d0452616e6f00646f6d656dc6a1[payload->]Rano.domem..||41,414
2025-08-02T04:03:37.145 0100|00|00|05|fa0001|340d043c74[payload->]<t||29,756
2025-08-02T04:03:37.246 0100|01|00|0f|ef01fe|340d0452616e6f00646f6d656dc6a1[payload->]Rano.domem..||41,414
2025-08-02T04:33:37.164 0100|00|00|05|fa0001|340d043c74[payload->]<t||29,756
2025-08-02T04:33:37.265 0100|09|00|0f|ef01fe|340d0452616e6f00646f6d656dc6a1[payload->]Rano.domem..||41,414
2025-08-02T05:03:37.161 0100|00|00|05|fa0001|340d043c74[payload->]<t||29,756
2025-08-02T05:03:37.262 0100|01|00|0f|ef01fe|340d0452616e6f00646f6d656dc6a1[payload->]Rano.domem..||41,414
2025-08-02T05:33:37.144 0100|00|00|05|fa0001|340d043c74[payload->]<t||29,756
2025-08-02T05:33:37.245 0100|01|00|0f|ef01fe|340d0452616e6f00646f6d656dc6a1[payload->]Rano.domem..||41,414
2025-08-02T06:03:37.112 0100|00|00|05|fa0001|340d043c74[payload->]<t||29,756
2025-08-02T06:03:37.213 0100|01|00|0f|ef01fe|340d0452616e6f00646f6d656dc6a1[payload->]Rano.domem..||41,414
2025-08-02T06:31:28.609 0100|00|00|05|fa0001|340d043c74[payload->]<t||29,756
2025-08-02T06:31:28.711 0100|01|00|0f|ef01fe|340d0452616e6f00646f6d656dc6a1[payload->]Rano.domem..||41,414
2025-08-02T06:33:37.108 0100|00|00|05|fa0001|340d043c74[payload->]<t||29,756
2025-08-02T06:33:37.209 0100|01|00|0f|ef01fe|340d0452616e6f00646f6d656dc6a1[payload->]Rano.domem..||41,414
2025-08-02T07:03:37.114 0100|00|00|05|fa0001|340d043c74[payload->]<t||29,756
2025-08-02T07:03:37.215 0100|01|00|0f|ef01fe|340d0452616e6f00646f6d656dc6a1[payload->]Rano.domem..||41,414
2025-08-02T07:31:27.452 0100|01|00|0f|ef01fe|340d0452616e6f00646f6d656dc6a1[payload->]Rano.domem..||41,414
2025-08-02T07:33:37.147 0100|00|00|05|fa0001|340d043c74[payload->]<t||29,756
2025-08-02T07:33:37.248 0100|01|00|0f|ef01fe|340d0452616e6f00646f6d656dc6a1[payload->]Rano.domem..||41,414
2025-08-02T08:03:37.095 0100|00|00|05|fa0001|340d043c74[payload->]<t||29,756
2025-08-02T08:03:37.196 0100|01|00|0f|ef01fe|340d0452616e6f00646f6d656dc6a1[payload->]Rano.domem..||41,414
2025-08-02T08:31:27.610 0100|01|00|0f|ef01fe|340d0452616e6f00646f6d656dc6a1[payload->]Rano.domem..||41,414
2025-08-02T08:33:37.094 0100|00|00|05|fa0001|340d043c74[payload->]<t||29,756
2025-08-02T08:33:37.195 0100|01|00|0f|ef01fe|340d0452616e6f00646f6d656dc6a1[payload->]Rano.domem..||41,414
2025-08-02T09:03:37.136 0100|00|00|05|fa0001|340d043c74[payload->]<t||29,756
2025-08-02T09:03:37.237 0100|01|00|0f|ef01fe|340d0452616e6f00646f6d656dc6a1[payload->]Rano.domem..||41,414
2025-08-02T09:33:37.174 0100|00|00|05|fa0001|340d043c74[payload->]<t||29,756
2025-08-02T09:33:37.275 0100|01|00|0f|ef01fe|340d0452616e6f00646f6d656dc6a1[payload->]Rano.domem..||41,414
2025-08-02T10:03:37.303 0100|00|00|05|fa0001|340d043c74[payload->]<t||29,756
2025-08-02T10:03:37.303 0100|01|00|0f|ef01fe|340d0452616e6f00646f6d656dc6a1[payload->]Rano.domem..||41,414
2025-08-02T10:33:37.108 0100|00|00|05|fa0001|340d043c74[payload->]<t||29,756
2025-08-02T10:33:37.209 0100|01|00|0f|ef01fe|340d0452616e6f00646f6d656dc6a1[payload->]Rano.domem..||41,414
2025-08-02T11:03:37.130 0100|00|00|05|fa0001|340d043c74[payload->]<t||29,756
2025-08-02T11:03:37.231 0100|01|00|0f|ef01fe|340d0452616e6f00646f6d656dc6a1[payload->]Rano.domem..||41,414
2025-08-02T11:33:37.172 0100|00|00|05|fa0001|340d043c74[payload->]<t||29,756
2025-08-02T11:33:37.273 0100|01|00|0f|ef01fe|340d0452616e6f00646f6d656dc6a1[payload->]Rano.domem..||41,414
2025-08-02T12:03:37.942 0100|00|00|05|fa0001|340d043c74[payload->]<t||29,756
2025-08-02T12:33:38.487 0100|00|00|05|fa0001|340d043c74[payload->]<t||29,756
2025-08-02T12:33:38.588 0100|01|00|0f|ef01fe|340d0452616e6f00646f6d656dc6a1[payload->]Rano.domem..||41,414
2025-08-02T13:03:38.984 0100|00|00|05|fa0001|340d043c74[payload->]<t||29,756
2025-08-02T13:03:39.085 0100|01|00|0f|ef01fe|340d0452616e6f00646f6d656dc6a1[payload->]Rano.domem..||41,414
2025-08-02T13:33:38.994 0100|00|00|05|fa0001|340d043c74[payload->]<t||29,756
2025-08-02T13:33:39.095 0100|01|00|0f|ef01fe|340d0452616e6f00646f6d656dc6a1[payload->]Rano.domem..||41,414
2025-08-02T14:03:38.983 0100|00|00|05|fa0001|340d043c74[payload->]<t||29,756
2025-08-02T14:03:39.085 0100|01|00|0f|ef01fe|340d0452616e6f00646f6d656dc6a1[payload->]Rano.domem..||41,414
2025-08-02T14:33:39.042 0100|00|00|05|fa0001|340d043c74[payload->]<t||29,756
2025-08-02T14:33:39.143 0100|01|00|0f|ef01fe|340d0452616e6f00646f6d656dc6a1[payload->]Rano.domem..||41,414
2025-08-02T15:03:39.887 0100|00|00|05|fa0001|340d043c74[payload->]<t||29,756
2025-08-02T15:03:39.988 0100|01|00|0f|ef01fe|340d0452616e6f00646f6d656dc6a1[payload->]Rano.domem..||41,414
2025-08-02T15:33:39.027 0100|00|00|05|fa0001|340d043c74[payload->]<t||29,756
2025-08-02T15:33:39.128 0100|01|00|0f|ef01fe|340d0452616e6f00646f6d656dc6a1[payload->]Rano.domem..||41,414
2025-08-02T16:03:38.993 0100|00|00|05|fa0001|340d043c74[payload->]<t||29,756
2025-08-02T16:03:39.094 0100|01|00|0f|ef01fe|340d0452616e6f00646f6d656dc6a1[payload->]Rano.domem..||41,414
2025-08-02T16:33:39.016 0100|00|00|05|fa0001|340d043c74[payload->]<t||29,756
2025-08-02T16:33:39.117 0100|01|00|0f|ef01fe|340d0452616e6f00646f6d656dc681[payload->]Rano.domem..||33,222
2025-08-02T17:03:39.080 0100|00|00|05|fa0001|340d043c74[payload->]<t||29,756
2025-08-02T17:03:39.081 0100|01|00|0f|ef01fe|340d0452616e6f00646f6d656dc6a1[payload->]Rano.domem..||41,414
2025-08-02T17:33:39.054 0100|00|00|05|fa0001|340d043c74[payload->]<t||29,756
2025-08-02T17:33:39.155 0100|01|00|0f|ef01fe|340d0452616e6f00646f6d656dc6a1[payload->]Rano.domem..||41,414
2025-08-02T18:03:39.069 0100|00|00|05|fa0001|340d043c74[payload->]<t||29,756
2025-08-02T18:03:39.170 0100|01|00|0f|ef01fe|340d0452616e6f00646f6d656dc6a1[payload->]Rano.domem..||41,414
2025-08-02T18:33:39.172 0100|00|00|05|fa0001|340d043c74[payload->]<t||29,756
2025-08-02T18:33:39.374 0100|01|00|0f|ef01fe|340d0452616e6f00646f6d656dc6a1[payload->]Rano.domem..||41,414
2025-08-02T19:03:39.102 0100|00|00|05|fa0001|340d043c74[payload->]<t||29,756
2025-08-02T19:03:39.304 0100|01|00|0f|ef01fe|340d0452616e6f00646f6d656dc6a1[payload->]Rano.domem..||41,414
2025-08-02T19:31:27.872 0100|00|00|05|fa0001|340d043c74[payload->]<t||29,756
2025-08-02T19:31:28.074 0100|01|00|0f|ef01fe|340d0452616e6f00646f6d656dc6a1[payload->]Rano.domem..||41,414
2025-08-02T19:33:39.039 0100|00|00|05|fa0001|340d043c74[payload->]<t||29,756
2025-08-02T19:33:39.141 0100|01|00|0f|ef01fe|340d0452616e6f00646f6d656dc6a1[payload->]Rano.domem..||41,414
2025-08-02T20:03:40.452 0100|00|00|05|fa0001|340d043c74[payload->]<t||29,756
2025-08-02T20:33:40.165 0100|00|00|05|fa0001|340d043c74[payload->]<t||29,756
2025-08-02T20:33:40.266 0100|01|00|0f|ef01fe|340d0452616e6f00646f6d656dc6a1[payload->]Rano.domem..||41,414
2025-08-02T21:03:40.838 0100|00|00|05|fa0001|340d043c74[payload->]<t||29,756
2025-08-02T21:03:40.939 0100|01|00|0f|ef01fe|340d0452616e6f00646f6d656dc6a1[payload->]Rano.domem..||41,414
2025-08-02T21:33:40.272 0100|00|00|05|fa0001|340d043c74[payload->]<t||29,756
2025-08-02T21:33:40.474 0100|01|00|0f|ef01fe|340d0452616e6f00646f6d656dc6a1[payload->]Rano.domem..||41,414
2025-08-02T22:03:40.397 0100|00|00|05|fa0001|340d043c74[payload->]<t||29,756
2025-08-02T22:03:40.499 0100|01|00|0f|ef01fe|340d0452616e6f00646f6d656dc6a1[payload->]Rano.domem..||41,414
2025-08-02T22:33:40.258 0100|00|00|05|fa0001|340d043c74[payload->]<t||29,756
2025-08-02T22:33:40.359 0100|01|00|0f|ef01fe|340d0452616e6f00646f6d656dc6a1[payload->]Rano.domem..||41,414
2025-08-02T23:03:40.264 0100|00|00|05|fa0001|340d043c74[payload->]<t||29,756
2025-08-02T23:03:40.365 0100|01|00|0f|ef01fe|340d0452616e6f00646f6d656dc6a1[payload->]Rano.domem..||41,414
2025-08-02T23:33:40.163 0100|00|00|05|fa0001|340d043c74[payload->]<t||29,756
2025-08-02T23:33:40.365 0100|01|00|0f|ef01fe|340d0452616e6f00646f6d656dc6a1[payload->]Rano.domem..||41,414
2025-08-03T00:03:40.377 0100|00|00|05|fa0001|340d043c74[payload->]<t||29,756
2025-08-03T00:03:40.478 0100|01|00|0f|ef01fe|340d0452616e6f00646f6d656dc6a1[payload->]Rano.domem..||41,414
2025-08-03T00:33:41.869 0100|00|00|05|fa0001|340d043c74[payload->]<t||29,756
2025-08-03T00:33:42.071 0100|01|00|0f|ef01fe|340d0452616e6f00646f6d656dc6a1[payload->]Rano.domem..||41,414
2025-08-03T01:03:40.270 0100|00|00|05|fa0001|340d043c74[payload->]<t||29,756
2025-08-03T01:03:40.471 0100|01|00|0f|ef01fe|340d0452616e6f00646f6d656dc6a1[payload->]Rano.domem..||41,414
2025-08-03T01:33:40.484 0100|00|00|05|fa0001|340d043c74[payload->]<t||29,756
2025-08-03T01:33:40.585 0100|01|00|0f|ef01fe|340d0452616e6f00646f6d656dc6a1[payload->]Rano.domem..||41,414
2025-08-03T02:03:40.782 0100|00|00|05|fa0001|340d043c74[payload->]<t||29,756
2025-08-03T02:03:40.883 0100|01|00|0f|ef01fe|340d0452616e6f00646f6d656dc6a1[payload->]Rano.domem..||41,414
2025-08-03T02:33:40.238 0100|00|00|05|fa0001|340d043c74[payload->]<t||29,756
2025-08-03T02:33:40.339 0100|01|00|0f|ef01fe|340d0452616e6f00646f6d656dc6a1[payload->]Rano.domem..||41,414
2025-08-03T03:03:41.063 0100|00|00|05|fa0001|340d043c74[payload->]<t||29,756
2025-08-03T03:03:41.165 0100|01|00|0f|ef01fe|340d0452616e6f00646f6d656dc6a1[payload->]Rano.domem..||41,414
2025-08-03T03:33:40.217 0100|00|00|05|fa0001|340d043c74[payload->]<t||29,756
2025-08-03T03:33:40.319 0100|01|00|0f|ef01fe|340d0452616e6f00646f6d656dc6a1[payload->]Rano.domem..||41,414
2025-08-03T04:03:40.128 0100|00|00|05|fa0001|340d043c74[payload->]<t||29,756
2025-08-03T04:03:40.229 0100|01|00|0f|ef01fe|340d0452616e6f00646f6d656dc6a1[payload->]Rano.domem..||41,414
2025-08-03T04:31:27.792 0100|00|00|05|fa0001|340d043c74[payload->]<t||29,756
2025-08-03T04:31:27.893 0100|01|00|0f|ef01fe|340d0452616e6f00646f6d656dc6a1[payload->]Rano.domem..||41,414
2025-08-03T04:33:40.263 0100|00|00|05|fa0001|340d043c74[payload->]<t||29,756
2025-08-03T04:33:40.365 0100|01|00|0f|ef01fe|340d0452616e6f00646f6d656dc4a1[payload->]Rano.domem..||41,412
2025-08-03T05:03:40.084 0100|00|00|05|fa0001|340d043c74[payload->]<t||29,756
2025-08-03T05:03:40.285 0100|01|00|0f|ef01fe|340d0452616e6f00646f6d656dc6a1[payload->]Rano.domem..||41,414
2025-08-03T05:33:40.204 0100|00|00|05|fa0001|340d043c74[payload->]<t||29,756
2025-08-03T05:33:40.305 0100|01|00|0f|ef01fe|340d0452616e6f00646f6d656dc6a1[payload->]Rano.domem..||41,414
2025-08-03T06:03:40.220 0100|00|00|05|fa0001|340d043c74[payload->]<t||29,756
2025-08-03T06:03:40.321 0100|01|00|0f|ef01fe|340d0452616e6f00646f6d656dc6a1[payload->]Rano.domem..||41,414
2025-08-03T06:33:40.431 0100|00|00|05|fa0001|340d043c74[payload->]<t||29,756
2025-08-03T06:33:40.533 0100|01|00|0f|ef01fe|340d0452616e6f00646f6d656dc6a1[payload->]Rano.domem..||41,414
2025-08-03T07:03:40.414 0100|00|00|05|fa0001|340d043c74[payload->]<t||29,756
2025-08-03T07:03:40.515 0100|01|00|0f|ef01fe|340d0452616e6f00646f6d656dc6a1[payload->]Rano.domem..||41,414
2025-08-03T07:33:40.531 0100|00|00|05|fa0001|340d043c74[payload->]<t||29,756
2025-08-03T07:33:40.733 0100|01|00|0f|ef01fe|340d0452606e6f00646f6d656dc6a1[payload->]R`no.domem..||41,414
2025-08-03T08:03:40.228 0100|00|00|05|fa0001|340d043c74[payload->]<t||29,756
2025-08-03T08:03:40.329 0100|01|00|0f|ef01fe|340d0452616e6f00646f6d656dc6a1[payload->]Rano.domem..||41,414
2025-08-03T08:33:40.247 0100|00|00|05|fa0001|340d043c74[payload->]<t||29,756
2025-08-03T08:33:40.449 0100|01|00|0f|ef01fe|340d0452616e6f00646f6d656dc6a1[payload->]Rano.domem..||41,414
2025-08-03T09:03:41.309 0100|00|00|05|fa0001|340d043c74[payload->]<t||29,756
2025-08-03T09:03:41.410 0100|01|00|0f|ef01fe|340d0452616e6f00646f6d656dc6a1[payload->]Rano.domem..||41,414
2025-08-03T09:33:41.202 0100|00|00|05|fa0001|340d043c74[payload->]<t||29,756
2025-08-03T09:33:41.303 0100|01|00|0f|ef01fe|340d0452616e6f00646f6d656dc6a1[payload->]Rano.domem..||41,414
2025-08-03T10:03:41.005 0100|00|00|05|fa0001|340d043c74[payload->]<t||29,756
2025-08-03T10:03:41.106 0100|01|00|0f|ef01fe|340d0452616e6f00646f6d656dc6a1[payload->]Rano.domem..||41,414
2025-08-03T10:33:41.019 0100|00|00|05|fa0001|340d043c74[payload->]<t||29,756
2025-08-03T10:33:41.120 0100|01|00|0f|ef01fe|340d0452616e6f00646f6d656dc6a1[payload->]Rano.domem..||41,414
2025-08-03T11:03:41.001 0100|00|00|05|fa0001|340d043c74[payload->]<t||29,756
2025-08-03T11:03:41.102 0100|01|00|0f|ef01fe|340d0452616e6f00646f6d656dc6a1[payload->]Rano.domem..||41,414
2025-08-03T11:31:27.369 0100|00|00|05|fa0001|340d043c74[payload->]<t||29,756
2025-08-03T11:31:27.470 0100|01|00|0f|ef01fe|340d0452616e6f00646f6d656dc6a1[payload->]Rano.domem..||41,414
2025-08-03T11:33:40.983 0100|00|00|05|fa0001|340d043c74[payload->]<t||29,756
2025-08-03T11:33:41.084 0100|01|00|0f|ef01fe|340d0452616e6f00646f6d656dc6a1[payload->]Rano.domem..||41,414
2025-08-03T12:03:41.110 0100|00|00|05|fa0001|340d043c74[payload->]<t||29,756
2025-08-03T12:03:41.211 0100|01|00|0f|ef01fe|340d0452616e6f00646f6d656dc6a1[payload->]Rano.domem..||41,414
2025-08-03T12:33:42.033 0100|00|00|05|fa0001|340d043c74[payload->]<t||29,756
2025-08-03T12:33:42.135 0100|01|00|0f|ef01fe|340d0452616e6f00646f6d656dc6a1[payload->]Rano.domem..||41,414
2025-08-03T13:03:41.055 0100|00|00|05|fa0001|340d043c74[payload->]<t||29,756
2025-08-03T13:03:41.156 0100|01|00|0f|ef01fe|340d0452616e6f00646f6d656dc6a1[payload->]Rano.domem..||41,414
2025-08-03T13:33:41.019 0100|00|00|05|fa0001|340d043c74[payload->]<t||29,756
2025-08-03T13:33:41.121 0100|01|00|0f|ef01fe|340d0452616e6f00646f6d656dc6a1[payload->]Rano.domem..||41,414
2025-08-03T14:03:40.954 0100|00|00|05|fa0001|340d043c74[payload->]<t||29,756
2025-08-03T14:03:41.156 0100|01|00|0f|ef01fe|340d0452616e6f00646f6d656dc6a1[payload->]Rano.domem..||41,414
2025-08-03T14:33:40.997 0100|00|00|05|fa0001|340d043c74[payload->]<t||29,756
2025-08-03T14:33:41.098 0100|01|00|0f|ef01fe|340d0452616e6f00646f6d656dc6a1[payload->]Rano.domem..||41,414
2025-08-03T15:03:40.981 0100|00|00|05|fa0001|340d043c74[payload->]<t||29,756
2025-08-03T15:03:41.082 0100|01|00|0f|ef01fe|340d0452616e6f00646f6d656dc6a1[payload->]Rano.domem..||41,414
2025-08-03T15:31:27.831 0100|00|00|05|fa0001|340d043c74[payload->]<t||29,756
2025-08-03T15:31:27.932 0100|01|00|0f|ef01fe|340d0452616e6f00646f6d656dc6a1[payload->]Rano.domem..||41,414
2025-08-03T15:33:41.004 0100|00|00|05|fa0001|340d043c74[payload->]<t||29,756
2025-08-03T15:33:41.105 0100|01|00|0f|ef01fe|340d0452616e6f00646f6d656dc6a1[payload->]Rano.domem..||41,414
2025-08-03T16:03:42.332 0100|00|00|05|fa0001|340d043c74[payload->]<t||29,756
2025-08-03T16:03:42.433 0100|01|00|0f|ef01fe|340d0452616e6f00646f6d656dc6a1[payload->]Rano.domem..||41,414
2025-08-03T16:33:41.023 0100|00|00|05|fa0001|340d043c74[payload->]<t||29,756
2025-08-03T16:33:41.124 0100|01|00|0f|ef01fe|340d0452616e6f00646f6d656dc6a1[payload->]Rano.domem..||41,414
2025-08-03T17:03:40.974 0100|00|00|05|fa0001|340d043c74[payload->]<t||29,756
2025-08-03T17:03:41.075 0100|01|00|0f|ef01fe|340d0452616e6f00646f6d656dc6a1[payload->]Rano.domem..||41,414
2025-08-03T17:31:28.020 0100|01|00|0f|ef01fe|340d0452616e6f00646f6d656dc6a1[payload->]Rano.domem..||41,414
2025-08-03T17:33:41.000 0100|00|00|05|fa0001|340d043c74[payload->]<t||29,756
2025-08-03T17:33:41.101 0100|01|00|0f|ef01fe|340d0452616e6f00646f6d656dc6a1[payload->]Rano.domem..||41,414
2025-08-03T18:03:40.997 0100|00|00|05|fa0001|340d043c74[payload->]<t||29,756
2025-08-03T18:03:41.099 0100|01|00|0f|ef01fe|340d0452616e6f00646f6d656dc6a1[payload->]Rano.domem..||41,414
