2025-07-31T02:19:24.647 0100|01|00|0b|f301fe|30630066927f00533b5480[payload->]f...S;T.||32,852
2025-07-31T06:30:10.186 0100|01|00|0b|f301fe|306300922a6501533be363[payload->].*e.S;.c||25,571
2025-07-31T07:11:10.045 0100|01|00|0b|f301fe|3063000cb88a01533b94f2[payload->]....S;..||62,100
2025-07-31T07:47:31.187 0100|01|00|0b|f301fe|306300defbab01533b15af[payload->]....S;..||44,821
2025-07-31T15:04:47.440 0100|01|00|0b|f301fe|306300e64d3c03533bc3ef[payload->].M<.S;..||61,379
2025-07-31T16:48:48.204 0100|01|00|0b|f301fe|306300c0829b03533ba19f[payload->]....S;..||40,865
2025-08-01T03:00:19.971 0100|01|00|0b|f301fe|3063006202a500543be578[payload->]b...T;.x||30,949
2025-08-01T05:41:40.217 0100|01|00|0b|f301fe|3063004ebe3801543bfe50[payload->]N.8.T;.P||20,734
2025-08-01T06:40:40.130 0100|01|00|0b|f301fe|306300a0c26e01543bf207[payload->]..n.T;..||2,034
2025-08-01T13:11:16.922 0100|01|00|0b|f301fe|3063008864d402543bdbdc[payload->].d..T;..||56,539
2025-08-01T15:33:50.612 0100|01|00|0b|f301fe|30630066ea5603543b32da[payload->]f.V.T;2.||55,858
2025-08-01T15:41:20.604 0100|01|00|0b|f301fe|30630036c85d03543b412c[payload->]6.].T;A,||11,329
2025-08-01T16:08:11.091 0100|01|00|0b|f301fe|30630078597603543b96d7[payload->]xYv.T;..||55,190
2025-08-01T16:19:40.759 0100|01|00|0b|f301fe|306300c8e08003543bf563[payload->]....T;.c||25,589
2025-08-01T16:20:00.640 0100|01|00|0b|f301fe|3063001a2f8103543b6b24[payload->]./..T;k$||9,323
2025-08-01T16:22:50.516 0100|01|00|0b|f301fe|306300f8c68303543b866f[payload->]....T;.o||28,550
2025-08-01T17:07:50.529 0100|01|00|0b|f301fe|30630022f6ac03543b6c34[payload->]"...T;l4||13,420
2025-08-01T17:27:40.502 0100|01|00|0b|f301fe|306300921ebf03543bcf4a[payload->]....T;.J||19,151
2025-08-01T18:59:00.532 0100|01|00|0b|f301fe|30630050c11204543b935e[payload->]P...T;.^||24,211
2025-08-02T06:36:48.198 0100|01|00|0b|f301fe|306300c0416b01553bd04a[payload->].Ak.U;.J||19,152
2025-08-02T09:21:49.390 0100|01|02|0b|fb09fe|30630082560202553b6ddc[payload->].V..U;m.||56,429
2025-08-02T19:35:39.637 0100|01|00|0b|f301fe|306300d8533404553b1ef3[payload->].S4.U;..||62,238
2025-08-02T22:14:21.424 0100|01|00|0b|f301fe|306300be9fc504553b34d8[payload->]....U;4.||55,348
2025-08-02T22:50:53.642 0100|01|00|0b|f301fe|3063003813e704553b35dc[payload->]8...U;5.||56,373
2025-08-03T00:17:04.559 0100|01|00|0b|f301fe|306300848a0f00563b44ae[payload->]....V;D.||44,612
2025-08-03T00:32:54.685 0100|01|00|0b|f301fe|30630074091e00563b56fa[payload->]t...V;V.||64,086
2025-08-03T02:35:51.112 0100|01|00|0b|f301fe|306300d4928e00563b2aaa[payload->]....V;*.||43,562
2025-08-03T07:32:50.952 0100|01|00|0b|f301fe|3063002e7d9e01563ba73e[payload->].}..V;.>||16,039
2025-08-03T08:10:51.456 0100|01|00|0b|f301fe|306300a047c101563b58ea[payload->].G..V;X.||59,992
2025-08-03T09:00:23.006 0100|01|00|0b|f301fe|30630032a1ee01563be8f7[payload->]2...V;..||63,464
2025-08-03T09:30:43.619 0100|01|00|0b|f343fe|306300ac6a0a02563bb688[payload->].j..V;..||34,998
2025-08-03T10:43:24.383 0100|01|00|4b|f301fe|3063001ef24c02563bf0a7ffff010000d0012e047875010001d0012d0588890100000005fa000110030154f00100010007f701fe100301ffff859c0100000005fa00012004016bf2010001[payload->]..L.V;...........xu.....-..............T........................ ..k....||0,256
2025-08-03T11:22:13.410 0100|01|00|0b|f341fe|306300e07f7002563b6192[payload->]..p.V;a.||37,473
