2025-07-30T20:35:15.874 0100|00|00|05|fa0001|3410016fbd[payload->]o.||48,495
2025-07-30T20:35:15.975 0100|01|00|0a|f401fe|34100143495243414146[payload->]CIRCAAF||17,985
2025-07-30T21:35:16.513 0100|00|00|05|fa0001|3410016fbd[payload->]o.||48,495
2025-07-30T21:35:16.514 0100|01|00|0a|f401fe|34100143495243414146[payload->]CIRCAAF||17,985
2025-07-30T22:35:16.517 0100|00|00|05|fa0001|3410016fbd[payload->]o.||48,495
2025-07-30T22:35:16.619 0100|01|00|0a|f401fe|34100143495243414146[payload->]CIRCAAF||17,985
2025-07-30T23:35:17.612 0100|00|00|05|fa0001|3410016fbd[payload->]o.||48,495
2025-07-30T23:35:17.713 0100|01|00|0a|f401fe|34100143495243414146[payload->]CIRCAAF||17,985
2025-07-31T00:35:16.507 0100|00|00|05|fa0001|3410016fbd[payload->]o.||48,495
2025-07-31T00:35:16.508 0100|01|00|0a|f401fe|34100143495243414146[payload->]CIRCAAF||17,985
2025-07-31T01:35:16.508 0100|00|00|05|fa0001|3410016fbd[payload->]o.||48,495
2025-07-31T01:35:16.508 0100|01|00|0a|f401fe|34100143495243414146[payload->]CIRCAAF||17,985
2025-07-31T02:31:26.519 0100|00|00|05|fa0001|3410016fbd[payload->]o.||48,495
2025-07-31T02:35:17.919 0100|00|00|05|fa0001|3410016fbd[payload->]o.||48,495
2025-07-31T02:35:18.020 0100|01|00|0a|f401fe|34100143495243414146[payload->]CIRCAAF||17,985
2025-07-31T03:35:17.918 0100|00|00|05|fa0001|3410016fbd[payload->]o.||48,495
2025-07-31T03:35:18.020 0100|01|00|0a|f401fe|34100143495243414146[payload->]CIRCAAF||17,985
2025-07-31T04:31:26.565 0100|01|00|0a|f401fe|34100143495243414146[payload->]CIRCAAF||17,985
2025-07-31T04:35:17.946 0100|00|00|05|fa0001|3410016fbd[payload->]o.||48,495
2025-07-31T04:35:18.047 0100|01|00|0a|f401fe|34100143495243414146[payload->]CIRCAAF||17,985
2025-07-31T05:35:20.056 0100|00|00|05|fa0001|3410016fbd[payload->]o.||48,495
2025-07-31T05:35:20.057 0100|01|00|0a|f401fe|34100143495243414146[payload->]CIRCAAF||17,985
2025-07-31T06:31:26.607 0100|01|00|0a|f401fe|34100143495243414146[payload->]CIRCAAF||17,985
2025-07-31T06:35:21.728 0100|00|00|05|fa0001|3410016fbd[payload->]o.||48,495
2025-07-31T06:35:21.829 0100|01|00|0a|f401fe|34100143495243414146[payload->]CIRCAAF||17,985
2025-07-31T07:35:21.862 0100|00|00|05|fa0001|3410016fbd[payload->]o.||48,495
2025-07-31T07:35:21.967 0100|01|00|0a|f401fe|34100143495243414146[payload->]CIRCAAF||17,985
2025-07-31T08:35:21.773 0100|01|00|0a|f401fe|34100143495243414146[payload->]CIRCAAF||17,985
2025-07-31T09:35:21.756 0100|00|00|05|fa0001|3410016fbd[payload->]o.||48,495
2025-07-31T09:35:21.857 0100|01|00|0a|f401fe|34100143495243414146[payload->]CIRCAAF||17,985
2025-07-31T10:35:24.409 0100|00|00|05|fa0001|3410016fbd[payload->]o.||48,495
2025-07-31T10:35:24.510 0100|01|00|0a|f401fe|34100143495243414146[payload->]CIRCAAF||17,985
2025-07-31T11:35:24.247 0100|00|00|05|fa0001|3410016fbd[payload->]o.||48,495
2025-07-31T11:35:24.247 0100|01|00|0a|f401fe|34100143495243414146[payload->]CIRCAAF||17,985
2025-07-31T12:31:30.210 0100|00|00|05|fa0001|3410016fbd[payload->]o.||48,495
2025-07-31T12:31:30.210 0100|01|00|0a|f401fe|34100143495243414146[payload->]CIRCAAF||17,985
2025-07-31T12:35:24.776 0100|00|00|05|fa0001|3410016fbd[payload->]o.||48,495
2025-07-31T12:35:24.877 0100|01|00|0a|f401fe|34100143495243414146[payload->]CIRCAAF||17,985
2025-07-31T13:35:26.106 0100|00|00|05|fa0001|3410016fbd[payload->]o.||48,495
2025-07-31T13:35:26.207 0100|01|00|0a|f401fe|34100143495243414146[payload->]CIRCAAF||17,985
2025-07-31T14:35:26.994 0100|00|00|05|fa0001|3410016fbd[payload->]o.||48,495
2025-07-31T14:35:26.994 0100|01|00|0a|f401fe|34100143495243414146[payload->]CIRCAAF||17,985
2025-07-31T15:35:30.195 0100|00|00|05|fa0001|3410016fbd[payload->]o.||48,495
2025-07-31T15:35:30.195 0100|01|00|0a|f401fe|34100143495243414146[payload->]CIRCAAF||17,985
2025-07-31T16:35:30.177 0100|00|00|05|fa0001|3410016fbd[payload->]o.||48,495
2025-07-31T16:35:30.278 0100|01|00|0a|f401fe|34100143495243414146[payload->]CIRCAAF||17,985
2025-07-31T17:35:31.230 0100|00|00|05|fa0001|3410016fbd[payload->]o.||48,495
2025-07-31T17:35:31.432 0100|01|00|0a|f401fe|34100143495243414146[payload->]CIRCAAF||17,985
2025-07-31T18:31:26.811 0100|00|00|05|fa0001|3410016fbd[payload->]o.||48,495
2025-07-31T18:31:26.912 0100|01|00|0a|f401fe|34100143495243414146[payload->]CIRCAAF||17,985
2025-07-31T18:35:32.219 0100|00|00|05|fa0001|3410016fbd[payload->]o.||48,495
2025-07-31T18:35:32.320 0100|01|00|0a|f401fe|34100143495243414146[payload->]CIRCAAF||17,985
2025-07-31T19:31:26.657 0100|00|00|05|fa0001|3410016fbd[payload->]o.||48,495
2025-07-31T19:31:26.758 0100|01|00|0a|f401fe|34100143495243414146[payload->]CIRCAAF||17,985
2025-07-31T19:35:34.077 0100|00|00|05|fa0001|3410016fbd[payload->]o.||48,495
2025-07-31T19:35:34.078 0100|01|00|0a|f401fe|34100143495243414146[payload->]CIRCAAF||17,985
2025-07-31T20:31:26.325 0100|00|00|05|fa0001|3410016fbd[payload->]o.||48,495
2025-07-31T20:31:26.426 0100|01|00|0a|f401fe|34100143495243414146[payload->]CIRCAAF||17,985
2025-07-31T20:35:33.239 0100|00|00|05|fa0001|3410016fbd[payload->]o.||48,495
2025-07-31T20:35:33.340 0100|01|00|0a|f401fe|34100143495243414146[payload->]CIRCAAF||17,985
2025-07-31T21:31:26.851 0100|01|00|0a|f401fe|34100143495243414146[payload->]CIRCAAF||17,985
2025-07-31T21:35:34.452 0100|00|00|05|fa0001|3410016fbd[payload->]o.||48,495
2025-07-31T21:35:34.553 0100|01|00|0a|f401fe|34100143495243414146[payload->]CIRCAAF||17,985
2025-07-31T22:35:36.104 0100|00|00|05|fa0001|3410016fbd[payload->]o.||48,495
2025-07-31T22:35:36.205 0100|01|00|0a|f401fe|34100143495243414146[payload->]CIRCAAF||17,985
2025-07-31T23:31:26.316 0100|00|00|05|fa0001|3410016fbd[payload->]o.||48,495
2025-07-31T23:31:26.417 0100|01|00|0a|f401fe|34100143495243414146[payload->]CIRCAAF||17,985
2025-07-31T23:35:37.275 0100|00|00|05|fa0001|3410016fbd[payload->]o.||48,495
2025-07-31T23:35:37.275 0100|01|00|0a|f401fe|34100143495243414146[payload->]CIRCAAF||17,985
2025-08-01T00:35:37.260 0100|00|00|05|fa0001|3410016fbd[payload->]o.||48,495
2025-08-01T00:35:37.260 0100|01|00|0a|f401fe|34100143495243414146[payload->]CIRCAAF||17,985
2025-08-01T01:35:37.791 0100|00|00|05|fa0001|3410016fbd[payload->]o.||48,495
2025-08-01T01:35:37.892 0100|01|00|0a|f401fe|34100143495243414146[payload->]CIRCAAF||17,985
2025-08-01T02:31:26.502 0100|00|00|05|fa0001|3410016fbd[payload->]o.||48,495
2025-08-01T02:31:26.603 0100|01|00|0a|f401fe|34100143495243414146[payload->]CIRCAAF||17,985
2025-08-01T02:35:39.413 0100|00|00|05|fa0001|3410016fbd[payload->]o.||48,495
2025-08-01T02:35:39.414 0100|01|00|0a|f401fe|34100143495243414146[payload->]CIRCAAF||17,985
2025-08-01T03:31:26.259 0100|01|00|0a|f401fe|34100143495243414146[payload->]CIRCAAF||17,985
2025-08-01T03:35:40.277 0100|00|00|05|fa0001|3410016fbd[payload->]o.||48,495
2025-08-01T03:35:40.277 0100|01|00|0a|f401fe|34100143495243414146[payload->]CIRCAAF||17,985
2025-08-01T04:31:26.244 0100|00|00|05|fa0001|3410016fbd[payload->]o.||48,495
2025-08-01T04:31:26.345 0100|01|00|0a|f401fe|34100143495243414146[payload->]CIRCAAF||17,985
2025-08-01T04:35:41.441 0100|00|00|05|fa0001|3410016fbd[payload->]o.||48,495
2025-08-01T04:35:41.542 0100|01|00|0a|f401fe|34100143495243414146[payload->]CIRCAAF||17,985
2025-08-01T05:35:42.168 0100|00|00|05|fa0001|3410016fbd[payload->]o.||48,495
2025-08-01T05:35:42.168 0100|01|00|0a|f401fe|34100143495243414146[payload->]CIRCAAF||17,985
2025-08-01T06:35:42.157 0100|00|00|05|fa0001|3410016fbd[payload->]o.||48,495
2025-08-01T06:35:42.258 0100|01|00|0a|f401fe|34100143495243414146[payload->]CIRCAAF||17,985
2025-08-01T07:31:26.153 0100|00|00|05|fa0001|3410016fbd[payload->]o.||48,495
2025-08-01T07:31:26.254 0100|01|00|0a|f401fe|34100143495243414146[payload->]CIRCAAF||17,985
2025-08-01T07:35:45.465 0100|00|00|05|fa0001|3410016fbd[payload->]o.||48,495
2025-08-01T07:35:45.465 0100|01|00|0a|f401fe|34100143495243414146[payload->]CIRCAAF||17,985
2025-08-01T08:31:26.970 0100|00|00|05|fa0001|3410016fbd[payload->]o.||48,495
2025-08-01T08:35:45.238 0100|00|00|05|fa0001|3410016fbd[payload->]o.||48,495
2025-08-01T08:35:45.339 0100|01|00|0a|f401fe|34100143495243414146[payload->]CIRCAAF||17,985
2025-08-01T09:35:45.159 0100|00|00|05|fa0001|3410016fbd[payload->]o.||48,495
2025-08-01T09:35:45.260 0100|01|00|0a|f401fe|34100143495243414146[payload->]CIRCAAF||17,985
2025-08-01T10:31:27.096 0100|00|00|05|fa0001|3410016fbd[payload->]o.||48,495
2025-08-01T10:31:27.198 0100|01|00|0a|f401fe|34100143495243414146[payload->]CIRCAAF||17,985
2025-08-01T10:35:45.184 0100|00|00|05|fa0001|3410016fbd[payload->]o.||48,495
2025-08-01T10:35:45.285 0100|01|00|0a|f401fe|34100143495243414146[payload->]CIRCAAF||17,985
2025-08-01T11:35:45.280 0100|00|00|05|fa0001|3410016fbd[payload->]o.||48,495
2025-08-01T11:35:45.281 0100|01|00|0a|f401fe|34100143495243414146[payload->]CIRCAAF||17,985
2025-08-01T12:35:47.160 0100|00|00|05|fa0001|3410016fbd[payload->]o.||48,495
2025-08-01T12:35:47.160 0100|01|00|0a|f401fe|34100143495243414146[payload->]CIRCAAF||17,985
2025-08-01T13:31:26.951 0100|00|00|05|fa0001|3410016fbd[payload->]o.||48,495
2025-08-01T13:31:27.053 0100|01|00|0a|f401fe|34100143495243414146[payload->]CIRCAAF||17,985
2025-08-01T13:35:50.946 0100|00|00|05|fa0001|3410016fbd[payload->]o.||48,495
2025-08-01T13:35:51.048 0100|01|00|0a|f401fe|34100143495243414146[payload->]CIRCAAF||17,985
2025-08-01T14:31:27.538 0100|00|00|05|fa0001|3410016fbd[payload->]o.||48,495
2025-08-01T14:31:27.639 0100|01|00|0a|f401fe|34100143495243414146[payload->]CIRCAAF||17,985
2025-08-01T14:35:51.209 0100|00|00|05|fa0001|3410016fbd[payload->]o.||48,495
2025-08-01T14:35:51.209 0100|01|00|0a|f401fe|34100143495243414146[payload->]CIRCAAF||17,985
2025-08-01T15:31:26.340 0100|00|00|05|fa0001|3410016fbd[payload->]o.||48,495
2025-08-01T15:31:26.441 0100|01|00|0a|f401fe|34100143495243414146[payload->]CIRCAAF||17,985
2025-08-01T15:35:52.140 0100|00|00|05|fa0001|3410016fbd[payload->]o.||48,495
2025-08-01T15:35:52.241 0100|01|00|0a|f401fe|34100143495243414146[payload->]CIRCAAF||17,985
2025-08-01T16:35:52.991 0100|00|00|05|fa0001|3410016fbd[payload->]o.||48,495
2025-08-01T16:35:52.991 0100|01|00|0a|f401fe|34100143495243414146[payload->]CIRCAAF||17,985
2025-08-01T17:31:26.274 0100|00|00|05|fa0001|3410016fbd[payload->]o.||48,495
2025-08-01T17:31:26.274 0100|01|00|0a|f401fe|34100143495243414146[payload->]CIRCAAF||17,985
2025-08-01T17:35:52.135 0100|00|00|05|fa0001|3410016fbd[payload->]o.||48,495
2025-08-01T17:35:52.236 0100|01|00|0a|f401fe|34100143495243414146[payload->]CIRCAAF||17,985
2025-08-01T18:35:52.137 0100|00|00|05|fa0001|3410016fbd[payload->]o.||48,495
2025-08-01T18:35:52.238 0100|01|00|0a|f401fe|34100143495243414146[payload->]CIRCAAF||17,985
2025-08-01T19:31:26.194 0100|00|00|05|fa0001|3410016fbd[payload->]o.||48,495
2025-08-01T19:31:26.295 0100|01|00|0a|f401fe|34100143495243414146[payload->]CIRCAAF||17,985
2025-08-01T19:35:53.068 0100|00|00|05|fa0001|3410016fbd[payload->]o.||48,495
2025-08-01T19:35:53.169 0100|01|00|0a|f401fe|34100143495243414146[payload->]CIRCAAF||17,985
2025-08-01T20:31:26.680 0100|00|00|05|fa0001|3410016fbd[payload->]o.||48,495
2025-08-01T20:31:26.680 0100|01|00|0a|f401fe|34100143495243414146[payload->]CIRCAAF||17,985
2025-08-01T20:35:55.115 0100|00|00|05|fa0001|3410016fbd[payload->]o.||48,495
2025-08-01T20:35:55.216 0100|01|00|0a|f401fe|34100143495243414146[payload->]CIRCAAF||17,985
2025-08-01T21:35:56.129 0100|00|00|05|fa0001|3410016fbd[payload->]o.||48,495
2025-08-01T21:35:56.129 0100|01|00|0a|f401fe|34100143495243414146[payload->]CIRCAAF||17,985
2025-08-01T22:31:26.377 0100|00|00|05|fa0001|3410016fbd[payload->]o.||48,495
2025-08-01T22:31:26.478 0100|01|00|0a|f401fe|34100143495243414146[payload->]CIRCAAF||17,985
2025-08-01T22:35:59.269 0100|00|00|05|fa0001|3410016fbd[payload->]o.||48,495
2025-08-01T22:35:59.370 0100|01|00|0a|f401fe|34100143495243414146[payload->]CIRCAAF||17,985
2025-08-01T23:35:58.244 0100|00|00|05|fa0001|3410016fbd[payload->]o.||48,495
2025-08-01T23:35:58.345 0100|01|00|0a|f401fe|34100143495243414146[payload->]CIRCAAF||17,985
2025-08-02T00:35:58.254 0100|00|00|05|fa0001|3410016fbd[payload->]o.||48,495
2025-08-02T00:35:58.255 0100|01|00|0a|f401fe|34100143495243414146[payload->]CIRCAAF||17,985
2025-08-02T01:31:26.494 0100|00|00|05|fa0001|3410016fbd[payload->]o.||48,495
2025-08-02T01:31:26.495 0100|01|00|0a|f401fe|34100143495243414146[payload->]CIRCAAF||17,985
2025-08-02T01:35:58.284 0100|00|00|05|fa0001|3410016fbd[payload->]o.||48,495
2025-08-02T02:35:58.289 0100|00|00|05|fa0001|3410016fbd[payload->]o.||48,495
2025-08-02T02:35:58.290 0100|01|00|0a|f401fe|34100143495243414146[payload->]CIRCAAF||17,985
2025-08-02T03:31:26.476 0100|00|00|05|fa0001|3410016fbd[payload->]o.||48,495
2025-08-02T03:31:26.476 0100|01|00|0a|f401fe|34100143495243414146[payload->]CIRCAAF||17,985
2025-08-02T03:35:58.221 0100|00|00|05|fa0001|3410016fbd[payload->]o.||48,495
2025-08-02T03:35:58.322 0100|01|00|0a|f401fe|34100143495243414146[payload->]CIRCAAF||17,985
2025-08-02T04:35:58.723 0100|00|00|05|fa0001|3410016fbd[payload->]o.||48,495
2025-08-02T04:35:58.824 0100|01|00|0a|f401fe|34100143495243414146[payload->]CIRCAAF||17,985
2025-08-02T05:31:26.637 0100|00|00|05|fa0001|3410016fbd[payload->]o.||48,495
2025-08-02T05:31:26.738 0100|01|00|0a|f401fe|34100143495243414146[payload->]CIRCAAF||17,985
2025-08-02T05:35:58.274 0100|00|00|05|fa0001|3410016fbd[payload->]o.||48,495
2025-08-02T05:35:58.375 0100|01|00|0a|f401fe|34100143495243414146[payload->]CIRCAAF||17,985
2025-08-02T06:31:27.693 0100|00|00|05|fa0001|3410016fbd[payload->]o.||48,495
2025-08-02T06:31:27.794 0100|01|00|0a|f401fe|34100143495243414146[payload->]CIRCAAF||17,985
2025-08-02T06:36:00.347 0100|00|00|05|fa0001|3410016fbd[payload->]o.||48,495
2025-08-02T06:36:00.448 0100|01|00|0a|f401fe|34100143495243414146[payload->]CIRCAAF||17,985
2025-08-02T07:31:26.440 0100|00|00|05|fa0001|3410016fbd[payload->]o.||48,495
2025-08-02T07:31:26.542 0100|01|00|0a|f401fe|34100143495243414146[payload->]CIRCAAF||17,985
2025-08-02T07:36:00.381 0100|00|00|05|fa0001|3410016fbd[payload->]o.||48,495
2025-08-02T07:36:00.482 0100|01|00|0a|f401fe|34100143495243414146[payload->]CIRCAAF||17,985
2025-08-02T08:36:01.244 0100|00|00|05|fa0001|3410016fbd[payload->]o.||48,495
2025-08-02T08:36:01.345 0100|01|00|0a|f401fe|34100143495243414146[payload->]CIRCAAF||17,985
2025-08-02T09:31:26.274 0100|00|00|05|fa0001|3410016fbd[payload->]o.||48,495
2025-08-02T09:31:26.375 0100|01|00|0a|f401fe|34100143495243414146[payload->]CIRCAAF||17,985
2025-08-02T10:31:28.874 0100|00|00|05|fa0001|3410016fbd[payload->]o.||48,495
2025-08-02T10:31:28.976 0100|01|00|0a|f401fe|34100143495243414146[payload->]CIRCAAF||17,985
2025-08-02T10:36:02.414 0100|00|00|05|fa0001|3410016fbd[payload->]o.||48,495
2025-08-02T11:31:26.574 0100|00|00|05|fa0001|3410016fbd[payload->]o.||48,495
2025-08-02T11:31:26.675 0100|01|00|0a|f401fe|34100143495243414146[payload->]CIRCAAF||17,985
2025-08-02T11:36:03.293 0100|00|00|05|fa0001|3410016fbd[payload->]o.||48,495
2025-08-02T11:36:03.293 0100|01|00|0a|f401fe|34100143495243414146[payload->]CIRCAAF||17,985
2025-08-02T12:36:06.508 0100|00|00|05|fa0001|3410016fbd[payload->]o.||48,495
2025-08-02T12:36:06.508 0100|01|00|0a|f401be|34100143495243414146[payload->]CIRCAAF||17,985
2025-08-02T13:31:26.637 0100|00|00|05|fa0001|3410016fbd[payload->]o.||48,495
2025-08-02T13:31:26.738 0100|01|00|0a|f401fe|34100143495243414146[payload->]CIRCAAF||17,985
2025-08-02T13:36:09.170 0100|00|00|05|fa0001|3410016fbd[payload->]o.||48,495
2025-08-02T13:36:09.170 0100|01|00|0a|f401fe|34100143495243414146[payload->]CIRCAAF||17,985
2025-08-02T14:36:09.135 0100|00|00|05|fa0001|3410016fbd[payload->]o.||48,495
2025-08-02T14:36:09.236 0100|01|00|0a|f401fe|34100143495243414146[payload->]CIRCAAF||17,985
2025-08-02T15:31:26.555 0100|00|00|05|fa0001|3410016fbd[payload->]o.||48,495
2025-08-02T15:31:26.555 0100|01|00|0a|f401fe|34100143495243414146[payload->]CIRCAAF||17,985
2025-08-02T15:36:10.342 0100|00|00|05|fa0001|3410016fbd[payload->]o.||48,495
2025-08-02T15:36:10.443 0100|01|00|0a|f401fe|34100143495243414146[payload->]CIRCAAF||17,985
2025-08-02T16:31:26.549 0100|00|00|05|fa0001|3410016fbd[payload->]o.||48,495
2025-08-02T16:36:10.393 0100|00|00|05|fa0001|3410016fbd[payload->]o.||48,495
2025-08-02T16:36:10.494 0100|01|00|0a|f401fe|34100143495243414146[payload->]CIRCAAF||17,985
2025-08-02T17:31:26.803 0100|00|00|05|fa0001|3410016fbd[payload->]o.||48,495
2025-08-02T17:31:26.904 0100|01|00|0a|f401fe|34100143495243414146[payload->]CIRCAAF||17,985
2025-08-02T17:36:10.341 0100|00|00|05|fa0001|3410016fbd[payload->]o.||48,495
2025-08-02T17:36:10.442 0100|01|00|0a|f401fe|34100143495243414146[payload->]CIRCAAF||17,985
2025-08-02T18:36:10.349 0100|00|00|05|fa0001|3410016fbd[payload->]o.||48,495
2025-08-02T18:36:10.451 0100|01|00|0a|f401fe|34100143495243414146[payload->]CIRCAAF||17,985
2025-08-02T19:36:11.670 0100|00|00|05|fa0001|3410016fbd[payload->]o.||48,495
2025-08-02T19:36:11.771 0100|01|00|0a|f401fe|34100143495243414146[payload->]CIRCAAF||17,985
2025-08-02T20:31:27.190 0100|00|00|05|fa0001|3410016fbd[payload->]o.||48,495
2025-08-02T20:31:27.190 0100|01|00|0a|f401fe|34100143495243414146[payload->]CIRCAAF||17,985
2025-08-02T20:36:13.978 0100|00|00|05|fa0001|3410016fbd[payload->]o.||48,495
2025-08-02T20:36:14.079 0100|01|00|0a|f401fe|34100143495243414946[payload->]CIRCAIF||17,993
2025-08-02T21:36:15.236 0100|00|00|05|fa0001|3410016fbd[payload->]o.||48,495
2025-08-02T21:36:15.337 0100|01|00|0a|f401fe|34100143495243414146[payload->]CIRCAAF||17,985
2025-08-02T22:31:27.336 0100|00|00|05|fa0001|3410016fbd[payload->]o.||48,495
2025-08-02T22:31:27.437 0100|01|00|0a|f401fe|34100143495243414146[payload->]CIRCAAF||17,985
2025-08-02T22:36:14.915 0100|00|00|05|fa0001|3410016fbd[payload->]o.||48,495
2025-08-02T22:36:15.016 0100|01|00|0a|f401fe|34100143495243414146[payload->]CIRCAAF||17,985
2025-08-02T23:31:27.054 0100|00|00|05|fa0001|3410016fbd[payload->]o.||48,495
2025-08-02T23:31:27.155 0100|01|00|0a|f401fe|34100143495243414146[payload->]CIRCAAF||17,985
2025-08-02T23:36:18.131 0100|00|00|05|fa0001|3410016fbd[payload->]o.||48,495
2025-08-02T23:36:18.232 0100|01|00|0a|f401fe|34100143495243414146[payload->]CIRCAAF||17,985
2025-08-03T00:31:28.345 0100|00|00|05|fa0001|3410016fbd[payload->]o.||48,495
2025-08-03T00:31:28.446 0100|01|00|0a|f401fe|34100143495243414146[payload->]CIRCAAF||17,985
2025-08-03T00:36:17.923 0100|00|00|05|fa0001|3410016fbd[payload->]o.||48,495
2025-08-03T00:36:18.024 0100|01|00|0a|f401fe|34100143495243414146[payload->]CIRCAAF||17,985
2025-08-03T01:31:26.489 0100|01|00|0a|f401fe|34100143495243414146[payload->]CIRCAAF||17,985
2025-08-03T01:36:21.094 0100|00|00|05|fa0001|3410016fbd[payload->]o.||48,495
2025-08-03T01:36:21.094 0100|01|00|0a|f401fe|34100143495243414146[payload->]CIRCAAF||17,985
2025-08-03T02:36:22.228 0100|00|00|05|fa0001|3410016fbd[payload->]o.||48,495
2025-08-03T02:36:22.329 0100|01|00|0a|f401fe|34100143495243414146[payload->]CIRCAAF||17,985
2025-08-03T03:36:22.226 0100|00|00|05|fa0001|3410016fbd[payload->]o.||48,495
2025-08-03T03:36:22.327 0100|01|00|0a|f401fe|34100143495243414146[payload->]CIRCAAF||17,985
2025-08-03T04:31:26.881 0100|00|00|05|fa0001|3410016fbd[payload->]o.||48,495
2025-08-03T04:31:26.982 0100|01|00|0a|f401fe|34100143495243414146[payload->]CIRCAAF||17,985
2025-08-03T04:36:21.994 0100|00|00|05|fa0001|3410016fbd[payload->]o.||48,495
2025-08-03T04:36:22.095 0100|01|00|0a|f401fe|34100143495243414146[payload->]CIRCAAF||17,985
2025-08-03T05:36:22.029 0100|00|00|05|fa0001|3410016fbd[payload->]o.||48,495
2025-08-03T05:36:22.130 0100|01|00|0a|f401fe|34100143495243414146[payload->]CIRCAAF||17,985
2025-08-03T06:31:26.843 0100|00|00|05|fa0001|3410016fbd[payload->]o.||48,495
2025-08-03T06:31:27.044 0100|01|00|0a|f401fe|34100143495243414146[payload->]CIRCAAF||17,985
2025-08-03T06:36:22.039 0100|00|00|05|fa0001|3410016fbd[payload->]o.||48,495
2025-08-03T06:36:22.141 0100|01|00|0a|f401fe|34100143495243414146[payload->]CIRCAAF||17,985
2025-08-03T07:36:23.135 0100|00|00|05|fa0001|3410016fbd[payload->]o.||48,495
2025-08-03T07:36:23.236 0100|01|00|0a|f401fe|34100143495243414146[payload->]CIRCAAF||17,985
2025-08-03T08:36:23.159 0100|00|00|05|fa0001|3410016fbd[payload->]o.||48,495
2025-08-03T08:36:23.260 0100|01|00|0a|f401fe|34100143495243414146[payload->]CIRCAAF||17,985
2025-08-03T09:31:27.574 0100|00|00|05|fa0001|3410016fbd[payload->]o.||48,495
2025-08-03T09:31:27.775 0100|01|00|0a|f401fe|34100143495243414146[payload->]CIRCAAF||17,985
2025-08-03T09:36:25.869 0100|00|00|05|fa0001|3410016fbd[payload->]o.||48,495
2025-08-03T09:36:26.071 0100|01|00|0a|f401fe|34100143495243414146[payload->]CIRCAAF||17,985
2025-08-03T10:31:26.768 0100|00|00|05|fa0001|3410016fbd[payload->]o.||48,495
2025-08-03T10:31:26.969 0100|01|00|0a|f401fe|34100143495243414146[payload->]CIRCAAF||17,985
2025-08-03T10:36:25.238 0100|00|00|05|fa0001|3410016fbd[payload->]o.||48,495
2025-08-03T10:36:25.339 0100|01|00|0a|f401fe|34100143495243414146[payload->]CIRCAAF||17,985
2025-08-03T11:36:25.277 0100|00|00|05|fa0001|3410016fbd[payload->]o.||48,495
2025-08-03T11:36:25.277 0100|01|00|0a|f401fe|34100143495243414146[payload->]CIRCAAF||17,985
2025-08-03T12:31:26.839 0100|00|00|05|fa0001|3410016fbd[payload->]o.||48,495
2025-08-03T12:31:26.940 0100|01|00|0a|f401fe|34100143495243414146[payload->]CIRCAAF||17,985
2025-08-03T12:36:26.875 0100|00|00|05|fa0001|3410016fbd[payload->]o.||48,495
2025-08-03T12:36:26.976 0100|01|00|0a|f401fe|34100143495243414146[payload->]CIRCAAF||17,985
2025-08-03T13:36:26.850 0100|00|00|05|fa0001|3410016fbd[payload->]o.||48,495
2025-08-03T13:36:26.951 0100|01|00|0a|f401fe|34100143495243414146[payload->]CIRCAAF||17,985
2025-08-03T14:15:37.897 0100|00|00|05|fa0001|341001ff8f[payload->]..||36,863
2025-08-03T14:36:26.823 0100|00|00|05|fa0001|3410016fbd[payload->]o.||48,495
2025-08-03T14:36:26.824 0100|01|00|0a|f401fe|34100143495243414146[payload->]CIRCAAF||17,985
2025-08-03T15:36:26.898 0100|00|00|05|fa0001|3410016fbd[payload->]o.||48,495
2025-08-03T15:36:26.899 0100|01|00|0a|f401fe|34100143495243414146[payload->]CIRCAAF||17,985
2025-08-03T16:31:26.764 0100|00|00|05|fa0001|3410016fbd[payload->]o.||48,495
2025-08-03T16:31:26.865 0100|01|00|0a|f401fe|34100143495243414146[payload->]CIRCAAF||17,985
2025-08-03T16:36:28.239 0100|00|00|05|fa0001|3410016fbd[payload->]o.||48,495
2025-08-03T16:36:28.340 0100|01|00|0a|f401fe|34100143495243414146[payload->]CIRCAAF||17,985
2025-08-03T17:31:26.803 0100|00|00|05|fa0001|3410016fbd[payload->]o.||48,495
2025-08-03T17:31:26.905 0100|01|00|0a|f401fe|34100143495243414146[payload->]CIRCAAF||17,985
2025-08-03T17:36:28.224 0100|00|00|05|fa0001|3410016fbd[payload->]o.||48,495
2025-08-03T17:36:28.325 0100|01|00|0a|f401fe|34100143495243414146[payload->]CIRCAAF||17,985
