2025-07-30T22:47:39.251 0100|00|00|05|fa0001|305501ff8f[payload->]..||36,863
2025-07-31T08:38:05.419 0100|01|00|06|f801fe|305501007199[payload->].q.||39,281
2025-07-31T09:12:04.983 0100|00|00|05|fa0001|305501ff8f[payload->]..||36,863
2025-07-31T17:01:15.544 0100|01|00|06|f801fe|305501007199[payload->].q.||39,281
2025-08-01T03:03:02.000 0100|01|00|06|f801fe|305501007199[payload->].q.||39,281
2025-08-01T09:25:17.063 0100|01|00|06|f801fe|305501007199[payload->].q.||39,281
2025-08-01T10:01:47.045 0100|01|00|06|f801fe|305501007199[payload->].q.||39,281
2025-08-01T10:11:07.302 0100|00|00|05|fa0001|305501ff8f[payload->]..||36,863
2025-08-01T10:54:37.028 0100|00|00|05|fa0001|305501ff8f[payload->]..||36,863
2025-08-01T11:15:07.011 0100|01|00|06|f801fe|305501007199[payload->].q.||39,281
2025-08-01T13:49:02.049 0100|01|00|06|f801fe|305501007199[payload->].q.||39,281
2025-08-01T14:40:13.022 0100|01|00|06|f801fe|305501007199[payload->].q.||39,281
2025-08-01T15:11:52.997 0100|01|00|06|f801fe|305501007199[payload->].q.||39,281
2025-08-01T19:24:04.980 0100|01|00|06|f801fe|305501007199[payload->].q.||39,281
2025-08-01T19:39:15.072 0100|01|00|06|f801fe|305501007199[payload->].q.||39,281
2025-08-01T22:19:30.117 0100|01|00|06|f801fe|305501007199[payload->].q.||39,281
2025-08-01T23:36:40.119 0100|01|00|06|f801fe|305501007199[payload->].q.||39,281
2025-08-01T23:39:10.126 0100|01|00|06|f801fe|305501007199[payload->].q.||39,281
2025-08-02T00:26:50.051 0100|01|00|06|f801fe|305501007199[payload->].q.||39,281
2025-08-02T04:19:00.311 0100|01|00|06|f801fe|305501007199[payload->].q.||39,281
2025-08-02T13:34:01.419 0100|00|00|05|fa0001|305501ff8f[payload->]..||36,863
2025-08-02T14:51:50.018 0100|01|00|06|f801fe|305501007199[payload->].q.||39,281
2025-08-03T14:56:27.089 0100|00|00|05|fa0001|305501ff8f[payload->]..||36,863
2025-08-03T15:08:37.183 0100|00|00|05|fa0001|305501ff8f[payload->]..||36,863
2025-08-03T16:18:27.136 0100|01|00|06|f801fe|305501007199[payload->].q.||39,281
2025-08-03T17:53:20.266 0100|01|00|06|f801fe|305501007199[payload->].q.||39,281
