2025-07-31T08:24:58.870 0100|01|00|09|f501fe|240401ffffffff850d[payload->]......||3,461
2025-08-01T21:23:29.456 0100|01|00|09|f501fe|240401ffffffff850d[payload->]......||3,461
2025-08-02T00:50:34.248 0100|01|00|09|f501fe|240401ffffffff850d[payload->]......||3,461
2025-08-02T01:08:24.225 0100|01|00|09|f501fe|240401ffffffff850d[payload->]......||3,461
2025-08-02T01:29:04.201 0100|01|00|09|f501fe|240401ffffffff850d[payload->]......||3,461
2025-08-02T01:51:34.238 0100|01|00|09|f505fe|240401ffffffff850d[payload->]......||3,461
2025-08-02T02:18:44.208 0100|01|00|09|f501fe|240401ffffffff850d[payload->]......||3,461
2025-08-02T02:24:39.348 0100|01|00|09|f505fe|240401ffffffff850d[payload->]......||3,461
2025-08-02T02:53:09.578 0100|01|00|09|f501fe|240401ffffffff850d[payload->]......||3,461
2025-08-02T03:10:04.401 0100|01|00|09|f501fe|240401ffffffff850d[payload->]......||3,461
2025-08-02T03:20:29.283 0100|01|00|09|f581fe|240401ffffffff850d[payload->]......||3,461
2025-08-02T03:21:04.382 0100|01|00|09|f501fe|240401ffffffff850d[payload->]......||3,461
2025-08-02T03:38:29.311 0100|01|00|09|f501fe|240401ffffffff850d[payload->]......||3,461
2025-08-02T04:14:19.286 0100|01|00|09|f501fe|240401ffffffff850d[payload->]......||3,461
2025-08-02T04:31:59.251 0100|01|00|09|f581fe|240401ffffffff8d0d[payload->]......||3,469
2025-08-02T04:46:49.284 0100|01|00|09|f501fe|240401ffffffff850d[payload->]......||3,461
2025-08-02T04:51:19.264 0100|01|00|09|f501fe|240401ffffffff850d[payload->]......||3,461
2025-08-02T05:38:49.322 0100|01|00|09|f585fe|240401ffffffff850d[payload->]......||3,461
2025-08-02T05:53:04.417 0100|01|00|09|f501fe|240401ffffffff850d[payload->]......||3,461
2025-08-02T06:33:19.320 0100|01|00|09|f521fe|240401ffffffff850d[payload->]......||3,461
2025-08-02T08:51:44.680 0100|01|00|09|f501fe|240401ffffffff850d[payload->]......||3,461
2025-08-02T10:05:19.459 0100|01|00|09|f505fe|240401ffffffff850d[payload->]......||3,461
2025-08-02T10:32:34.818 0100|01|00|09|f501fe|240401ffffffff850d[payload->]......||3,461
2025-08-02T12:35:49.541 0100|01|00|09|f581fe|240401ffffffff850d[payload->]......||3,461
