2025-07-31T06:46:37.161 0100|01|00|06|f8fa01|00010009f501[payload->]...||0,501
2025-07-31T07:31:32.626 0100|01|00|07|f71501|00010006f801fe[payload->]....||65,025
2025-07-31T09:59:15.280 0100|01|00|0b|f301fe|00010007f701fe20010e00[payload->].... ...||0,014
2025-07-31T13:31:29.049 0100|00|00|05|fa4e01|00010006f8[payload->]..||63,494
2025-07-31T16:12:35.663 0100|01|08|3f|b78255|00010000ffffff0556c10318002c0b00105703010000ffffff005801010000ffffff0559c10318002c0b00105a03010000ffffff005b01010000ffffff0573[payload->].....V....,...W........X........Y....,...Z........[........s||29,445
2025-07-31T18:31:26.305 0100|00|00|05|fa0001|0001000bf3[payload->]..||62,219
2025-07-31T20:31:31.082 0100|00|00|05|fa0001|00010007f7[payload->]..||63,239
2025-07-31T22:50:30.074 0100|01|00|06|f82a01|00010006f801[payload->]...||0,504
2025-08-01T04:05:00.406 0100|01|00|19|71dd01|00010007f701fe561000800c7b200100000005fa000320010f[payload->]....V....{ ........ ..||3,841
2025-08-01T05:25:05.956 0100|01|08|3f|b782e5|00010000ffffff05e603010000ffffff00e7c1031800680b0010e801010000ffffff05e903010000ffffff00eac1031800680b0010dd03010000ffffff00dd[payload->]...................h..........................h.............||56,576
2025-08-01T10:33:07.152 0100|01|08|3f|b78271|00010000ffffff0572c10318008c0a00107303010000ffffff007401010000ffffff0575c10318008c0a00107603010000ffffff007701010000ffffff0513[payload->].....r........s........t........u........v........w.........||4,869
2025-08-01T12:32:28.537 0100|00|00|05|717e01|00010006f8[payload->]..||63,494
2025-08-01T13:33:20.509 0100|00|00|05|fa0001|00010007f7[payload->]..||63,239
2025-08-01T14:37:36.063 0100|01|08|3f|b7829d|00010000ffffff059e03010000fff7ff009fc1031800d00c00109203010000ffffff0093c1031800d00c00109401010000ffffff059503010000ffffff00ae[payload->]............................................................||44,544
2025-08-01T21:30:11.278 0100|01|00|19|e5b901|00010006f801fe541d0101a7c60100000005fa0001301f009e[payload->]....T.............0...||40,448
2025-08-02T00:22:41.044 0100|01|00|07|f701fe|00010009f502fe[payload->]....||65,026
2025-08-02T03:35:25.491 0100|00|00|05|fa0001|0001000cf2[payload->]..||61,964
2025-08-02T05:31:29.670 0100|01|00|07|f79d01|00010007f701fe[payload->]....||65,025
2025-08-02T05:53:36.182 0100|01|08|3f|b782c3|00010000ffffff05c4c10318005e0b0010c503010000ffffff00c601010000ffffff05c7c10318005e0b0010c803010000ffffff00c901010000ffffff05e3[payload->]..........^..........................^......................||58,117
2025-08-02T06:57:16.182 0100|01|08|3f|b7823f|00010000ffffff0540c1031800180b00104103010000ffffff004201010000ffffff0543c1031800180b00104403010000ffffff0037c1031800180b001018[payload->].....@........A........B........C........D........7.........||6,160
2025-08-03T11:31:29.702 0100|00|00|05|21bb01|00010007f7[payload->]..||63,239
2025-08-03T17:31:16.493 0100|01|08|3f|b7829b|00010000ffffff059c03010000ffffff008f01010000ffffff059003010000ffffff0091c10318003a0c00109201010000ffffff059303010000ffffff00d2[payload->].....................................:......................||53,760
2025-08-03T17:31:30.249 0100|01|00|06|f801fe|00010006f801[payload->]...||0,504
2025-08-03T17:54:26.578 0100|01|08|3f|b78231|00010000ffffff053203010000ffffff0033c1031800080c00103401010000ffffff053503010000ffffff0036c1031800080c00103701010000f7ffff0517[payload->].....2........3........4........5........6........7.........||5,893
