2025-07-30T20:37:51.982 0100|00|00|05|fa0003|2001048030[payload->].0||12,416
2025-07-30T20:48:00.018 0100|00|00|05|fa0001|2001043831[payload->]81||12,600
2025-07-30T20:48:00.018 0100|01|00|07|f701fe|2001040301b80d[payload->]....||3,512
2025-07-30T20:58:08.959 0100|01|00|07|f701fe|2001040301b80d[payload->]....||3,512
2025-07-30T20:58:09.972 0100|00|00|05|fa0003|2001048030[payload->].0||12,416
2025-07-30T20:58:09.972 0100|01|00|07|f701fe|2001040e012809[payload->]..(.||2,344
2025-07-30T21:08:17.632 0100|00|00|05|fa0001|2001043831[payload->]81||12,600
2025-07-30T21:08:17.733 0100|01|00|07|f701fe|2001040301b80d[payload->]....||3,512
2025-07-30T21:08:18.745 0100|00|00|05|fa0003|2001048030[payload->].0||12,416
2025-07-30T21:08:18.746 0100|01|00|07|f701fe|200104fe83dc01[payload->]....||0,476
2025-07-30T21:28:34.573 0100|00|00|05|fa0001|2001043831[payload->]81||12,600
2025-07-30T21:28:34.673 0100|01|00|07|f701fe|2001040301b80d[payload->]....||3,512
2025-07-30T21:38:43.918 0100|00|00|05|fa0001|2001043831[payload->]81||12,600
2025-07-30T21:38:44.019 0100|01|00|07|f701fe|2001040301b80d[payload->]....||3,512
2025-07-30T21:38:45.032 0100|00|00|05|fa0003|2001048030[payload->].0||12,416
2025-07-30T21:38:45.133 0100|01|00|07|f701fe|2001040e012809[payload->]..(.||2,344
2025-07-30T21:48:52.695 0100|00|00|05|fa0001|2001043831[payload->]81||12,600
2025-07-30T21:48:52.796 0100|01|00|07|f701fe|2001040301b80d[payload->]....||3,512
2025-07-30T21:59:01.982 0100|00|00|05|fa0003|2001048030[payload->].0||12,416
2025-07-30T21:59:02.084 0100|01|00|07|f701fe|2001040e012809[payload->]..(.||2,344
2025-07-30T22:09:09.759 0100|00|00|05|fa0001|2001043831[payload->]81||12,600
2025-07-30T22:09:09.860 0100|01|00|07|f701fe|2001040301b80d[payload->]....||3,512
2025-07-30T22:19:18.895 0100|00|00|05|fa0001|2001043831[payload->]81||12,600
2025-07-30T22:19:18.895 0100|01|00|07|f701fe|2001040301b80d[payload->]....||3,512
2025-07-30T22:19:19.807 0100|00|00|05|fa0003|2001048030[payload->].0||12,416
2025-07-30T22:29:27.649 0100|00|00|05|fa0001|2001043831[payload->]81||12,600
2025-07-30T22:29:27.750 0100|01|00|07|f701fe|2001040301b80d[payload->]....||3,512
2025-07-30T22:59:53.500 0100|00|00|05|fa0001|2001043831[payload->]81||12,600
2025-07-30T22:59:53.601 0100|01|00|07|f701fe|2001040301b80d[payload->]....||3,512
2025-07-30T23:20:11.802 0100|00|00|05|fa0001|2001043831[payload->]81||12,600
2025-07-30T23:20:11.904 0100|01|00|07|f701fe|2001040301b80d[payload->]....||3,512
2025-07-30T23:20:12.309 0100|00|00|05|fa0003|2001048030[payload->].0||12,416
2025-07-30T23:20:12.410 0100|01|00|07|f701fe|2001040e012809[payload->]..(.||2,344
2025-07-30T23:30:19.855 0100|00|00|05|fa0001|2001043831[payload->]81||12,600
2025-07-30T23:30:19.956 0100|01|00|07|f701fe|2001040301b80d[payload->]....||3,512
2025-07-30T23:30:21.070 0100|00|00|05|fa0003|2001048030[payload->].0||12,416
2025-07-30T23:30:21.171 0100|01|00|07|f701fe|2001040e012809[payload->]..(.||2,344
2025-07-30T23:40:31.003 0100|00|00|05|fa0003|2001048030[payload->].0||12,416
2025-07-30T23:40:31.104 0100|01|00|07|f701fe|2001040e012809[payload->]..(.||2,344
2025-07-30T23:50:39.027 0100|00|00|05|fa0001|2001043831[payload->]81||12,600
2025-07-30T23:50:39.128 0100|01|00|07|f701fe|2001040301b80d[payload->]....||3,512
2025-07-30T23:50:39.938 0100|00|00|05|fa0003|2001048030[payload->].0||12,416
2025-07-30T23:50:40.039 0100|01|00|07|f701fe|2001040e012809[payload->]..(.||2,344
2025-07-31T00:10:57.545 0100|01|00|07|f701fe|2001040e012809[payload->]..(.||2,344
2025-07-31T00:21:05.050 0100|00|00|05|fa0001|2001043831[payload->]81||12,600
2025-07-31T00:21:05.151 0100|01|00|07|f701fe|2001040301b80d[payload->]....||3,512
2025-07-31T00:21:06.163 0100|00|00|05|fa0003|2001048030[payload->].0||12,416
2025-07-31T00:21:06.264 0100|01|00|07|f701fe|2001040e012809[payload->]..(.||2,344
2025-07-31T00:31:13.766 0100|00|00|05|fa0001|2001043831[payload->]81||12,600
2025-07-31T00:31:13.766 0100|01|00|07|f701fe|2001040301b80d[payload->]....||3,512
2025-07-31T00:41:23.773 0100|00|00|05|fa0003|2001048030[payload->].0||12,416
2025-07-31T00:41:23.874 0100|01|00|07|f701fe|2001040e012809[payload->]..(.||2,344
2025-07-31T01:01:40.058 0100|00|00|05|fa0001|2001043831[payload->]81||12,600
2025-07-31T01:01:40.058 0100|01|00|07|f701fe|2001040301b80d[payload->]....||3,512
2025-07-31T01:01:41.073 0100|00|00|05|fa0003|2001048030[payload->].0||12,416
2025-07-31T01:01:41.174 0100|01|00|07|f701fe|2001040e012809[payload->]..(.||2,344
2025-07-31T01:11:48.071 0100|00|00|05|fa0001|2001043831[payload->]81||12,600
2025-07-31T01:11:48.172 0100|01|00|07|f701fe|2001040301b80d[payload->]....||3,512
2025-07-31T01:11:48.679 0100|00|00|05|fa0003|2001048030[payload->].0||12,416
2025-07-31T01:11:48.679 0100|01|00|07|f701fe|2001040e012809[payload->]..(.||2,344
2025-07-31T01:21:56.662 0100|00|00|05|fa0001|2001043831[payload->]81||12,600
2025-07-31T01:21:56.764 0100|01|00|07|f701fe|2001040301b80d[payload->]....||3,512
2025-07-31T01:21:57.371 0100|00|00|05|fa0003|2001048030[payload->].0||12,416
2025-07-31T01:21:57.371 0100|01|00|07|f701fe|2001040e012809[payload->]..(.||2,344
2025-07-31T01:32:05.087 0100|00|00|05|fa0001|2001043831[payload->]81||12,600
2025-07-31T01:32:05.188 0100|01|00|07|f701fe|2001040301b80d[payload->]....||3,512
2025-07-31T01:42:13.771 0100|00|00|05|fa0001|2001043831[payload->]81||12,600
2025-07-31T01:42:13.872 0100|01|00|07|f701fe|2001040301b80d[payload->]....||3,512
2025-07-31T01:42:14.582 0100|00|00|05|fa0003|2001048030[payload->].0||12,416
2025-07-31T01:42:14.683 0100|01|00|07|f701fe|2001040e012809[payload->]..(.||2,344
2025-07-31T01:52:22.548 0100|00|00|05|fa0001|2001043831[payload->]81||12,600
2025-07-31T01:52:22.649 0100|01|00|07|f701fe|2001040301b80d[payload->]....||3,512
2025-07-31T01:52:23.661 0100|00|00|05|fa0003|2001048030[payload->].0||12,416
2025-07-31T01:52:23.762 0100|01|00|07|f701fe|2001040e012809[payload->]..(.||2,344
2025-07-31T02:02:32.341 0100|00|00|05|fa0001|2001043831[payload->]81||12,600
2025-07-31T02:02:32.442 0100|01|00|07|f701fe|2001040301b80d[payload->]....||3,512
2025-07-31T02:02:33.151 0100|00|00|05|fa0003|2001048030[payload->].0||12,416
2025-07-31T02:02:33.252 0100|01|00|07|f701fe|2001040e012809[payload->]..(.||2,344
2025-07-31T02:22:50.982 0100|00|00|05|fa0003|2001048030[payload->].0||12,416
2025-07-31T02:22:50.982 0100|01|00|07|f701fe|2001040e012809[payload->]..(.||2,344
2025-07-31T02:32:59.116 0100|00|00|05|fa0001|2001043831[payload->]81||12,600
2025-07-31T02:32:59.217 0100|01|00|07|f701fe|2001040301b80d[payload->]....||3,512
2025-07-31T03:03:25.912 0100|00|00|05|fa0003|2001048030[payload->].0||12,416
2025-07-31T03:03:26.013 0100|01|00|07|f701fe|2001040e012809[payload->]..(.||2,344
2025-07-31T03:13:34.013 0100|00|00|05|fa0001|2001043831[payload->]81||12,600
2025-07-31T03:13:34.114 0100|01|00|07|f701fe|2001040301b80d[payload->]....||3,512
2025-07-31T03:13:34.824 0100|00|00|05|fa0003|2001048030[payload->].0||12,416
2025-07-31T03:13:34.925 0100|01|00|07|f701fe|2001040e012809[payload->]..(.||2,344
2025-07-31T03:23:42.141 0100|01|00|07|f701fe|2001040301b80d[payload->]....||3,512
2025-07-31T03:33:50.730 0100|00|00|05|fa0003|2001048030[payload->].0||12,416
2025-07-31T03:33:50.730 0100|01|00|07|f701fe|2001040e012809[payload->]..(.||2,344
2025-07-31T03:43:58.244 0100|00|00|05|fa0001|2001043831[payload->]81||12,600
2025-07-31T03:43:58.345 0100|01|00|07|f701fe|2001040301b80d[payload->]....||3,512
2025-07-31T03:54:07.082 0100|00|00|05|fa0001|2001043831[payload->]81||12,600
2025-07-31T03:54:07.183 0100|01|00|07|f701fe|2001040301b80d[payload->]....||3,512
2025-07-31T04:04:17.563 0100|00|00|05|fa0003|2001048030[payload->].0||12,416
2025-07-31T04:04:17.664 0100|01|00|07|f701fe|200104f801fe20[payload->]... ||8,446
2025-07-31T04:14:25.163 0100|00|00|05|fa0001|2001043831[payload->]81||12,600
2025-07-31T04:14:25.164 0100|01|00|07|f701fe|2001040301b80d[payload->]....||3,512
2025-07-31T04:14:26.076 0100|00|00|05|fa0003|2001048030[payload->].0||12,416
2025-07-31T04:14:26.177 0100|01|00|07|f701fe|2001040e012809[payload->]..(.||2,344
2025-07-31T04:24:34.017 0100|00|00|05|fa0001|2001043831[payload->]81||12,600
2025-07-31T04:24:34.119 0100|01|00|07|f701fe|2001040301b80d[payload->]....||3,512
2025-07-31T04:24:34.727 0100|00|00|05|fa0003|2001048030[payload->].0||12,416
2025-07-31T04:24:34.728 0100|01|00|07|f701fe|2001040e012809[payload->]..(.||2,344
2025-07-31T04:34:42.755 0100|00|00|05|fa0001|2001043831[payload->]81||12,600
2025-07-31T04:34:42.756 0100|01|00|07|f701fe|2001040301b80d[payload->]....||3,512
2025-07-31T04:44:52.000 0100|00|00|05|fa0001|2001043831[payload->]81||12,600
2025-07-31T04:44:52.101 0100|01|00|07|f701fe|2001040301b80d[payload->]....||3,512
2025-07-31T04:44:52.709 0100|01|00|07|f701fe|2001040e012809[payload->]..(.||2,344
2025-07-31T05:05:09.322 0100|00|00|05|fa0001|2001043831[payload->]81||12,600
2025-07-31T05:05:10.539 0100|00|00|05|fa0003|2001048030[payload->].0||12,416
2025-07-31T05:25:28.225 0100|00|00|05|fa0003|2001048030[payload->].0||12,416
2025-07-31T05:25:28.326 0100|01|00|07|f701fe|2001040e012809[payload->]..(.||2,344
2025-07-31T05:35:37.124 0100|00|00|05|fa0003|2001048030[payload->].0||12,416
2025-07-31T05:35:37.124 0100|01|00|07|f701fe|2001040e012809[payload->]..(.||2,344
2025-07-31T05:45:45.191 0100|00|00|05|fa0001|2001043831[payload->]81||12,600
2025-07-31T05:45:45.292 0100|01|00|07|f701fe|2001040301b80d[payload->]....||3,512
2025-07-31T05:55:53.436 0100|00|00|05|fa0001|2001043831[payload->]81||12,600
2025-07-31T05:55:53.437 0100|01|00|07|f701fe|2001040301b80d[payload->]....||3,512
2025-07-31T06:06:02.666 0100|00|00|05|fa0003|2001048030[payload->].0||12,416
2025-07-31T06:06:02.666 0100|01|00|07|f701fe|2001040e012809[payload->]..(.||2,344
2025-07-31T06:26:18.197 0100|00|00|05|fa0001|2001043831[payload->]81||12,600
2025-07-31T06:26:18.298 0100|01|00|07|f701fe|2001040301b80d[payload->]....||3,512
2025-07-31T06:26:18.905 0100|00|00|05|fa0003|2001048030[payload->].0||12,416
2025-07-31T06:26:19.007 0100|01|00|07|f701fe|2001040e012809[payload->]..(.||2,344
2025-07-31T06:46:35.029 0100|00|00|05|fa0001|2001043831[payload->]81||12,600
2025-07-31T06:46:35.130 0100|01|00|07|f701fe|2001040301b80d[payload->]....||3,512
2025-07-31T06:46:35.942 0100|00|00|05|fa0003|2001048030[payload->].0||12,416
2025-07-31T06:46:36.044 0100|01|00|07|f701fe|2001040e012809[payload->]..(.||2,344
2025-07-31T06:56:43.864 0100|00|00|05|fa0001|2001043831[payload->]81||12,600
2025-07-31T06:56:43.864 0100|01|00|07|f701fe|2001040301b80d[payload->]....||3,512
2025-07-31T07:06:52.908 0100|00|00|05|fa0003|2001048030[payload->].0||12,416
2025-07-31T07:06:53.010 0100|01|00|07|f701fe|2001040e012809[payload->]..(.||2,344
2025-07-31T07:17:00.173 0100|00|00|05|fa0001|2001043831[payload->]81||12,600
2025-07-31T07:17:00.274 0100|01|00|07|f701fe|2001040301b80d[payload->]....||3,512
2025-07-31T07:27:08.997 0100|00|00|05|fa0001|2001043831[payload->]81||12,600
2025-07-31T07:27:09.098 0100|01|00|07|f701fe|2001040301b80d[payload->]....||3,512
2025-07-31T07:27:09.706 0100|00|00|05|fa0003|2001048030[payload->].0||12,416
2025-07-31T07:27:09.807 0100|01|00|07|f701fe|2001040e012809[payload->]..(.||2,344
2025-07-31T07:37:18.596 0100|00|00|05|fa0001|2001043831[payload->]81||12,600
2025-07-31T07:37:18.697 0100|01|00|07|f701fe|2001040301b80d[payload->]....||3,512
2025-07-31T07:37:19.406 0100|00|00|05|fa0003|2001048030[payload->].0||12,416
2025-07-31T07:37:19.507 0100|01|00|07|f701fe|2001040e012809[payload->]..(.||2,344
2025-07-31T07:57:34.114 0100|00|00|05|fa0001|2001043831[payload->]81||12,600
2025-07-31T07:57:34.215 0100|01|00|07|f701fe|2001040301b80d[payload->]....||3,512
2025-07-31T07:57:34.822 0100|00|00|05|fa0003|2001048030[payload->].0||12,416
2025-07-31T07:57:34.823 0100|01|00|07|f701fe|2001040e012809[payload->]..(.||2,344
2025-07-31T08:07:43.129 0100|00|00|05|fa0001|2001043831[payload->]81||12,600
2025-07-31T08:07:43.129 0100|01|00|07|f701fe|2001040301b80d[payload->]....||3,512
2025-07-31T08:17:52.832 0100|00|00|05|fa0001|2001043831[payload->]81||12,600
2025-07-31T08:17:52.833 0100|01|00|07|f701fe|2001040301b80d[payload->]....||3,512
2025-07-31T08:17:53.542 0100|00|00|05|fa0003|2001048030[payload->].0||12,416
2025-07-31T08:27:59.973 0100|00|00|05|fa0001|2001043831[payload->]81||12,600
2025-07-31T08:27:59.973 0100|01|00|07|f701fe|2001040301b80d[payload->]....||3,512
2025-07-31T08:48:17.898 0100|00|00|05|fa0001|2001043831[payload->]81||12,600
2025-07-31T08:48:17.999 0100|01|00|07|f701fe|2001040301b80d[payload->]....||3,512
2025-07-31T08:58:26.075 0100|00|00|05|fa0001|2001043831[payload->]81||12,600
2025-07-31T08:58:26.177 0100|01|00|07|f701fe|2001040301b80d[payload->]....||3,512
2025-07-31T09:08:35.045 0100|00|00|05|fa0001|2001043831[payload->]81||12,600
2025-07-31T09:08:35.146 0100|01|00|07|f701fe|2001040301b80d[payload->]....||3,512
2025-07-31T09:08:35.956 0100|00|00|05|fa0003|2001048030[payload->].0||12,416
2025-07-31T09:08:36.057 0100|01|00|07|f701fe|2001040e012809[payload->]..(.||2,344
2025-07-31T09:18:42.862 0100|00|00|05|fa0001|2001043831[payload->]81||12,600
2025-07-31T09:18:42.963 0100|01|00|07|f701fe|2001040301b80d[payload->]....||3,512
2025-07-31T09:28:51.341 0100|00|00|05|fa0001|2001043831[payload->]81||12,600
2025-07-31T09:28:51.341 0100|01|00|07|f701fe|2001040301b80d[payload->]....||3,512
2025-07-31T09:28:52.152 0100|00|00|05|fa0003|2001048030[payload->].0||12,416
2025-07-31T09:28:52.253 0100|01|00|07|f701fe|2001040e012809[payload->]..(.||2,344
2025-07-31T09:38:58.718 0100|00|00|05|fa0001|2001043831[payload->]81||12,600
2025-07-31T09:38:58.819 0100|01|00|07|f701fe|2001040301b80d[payload->]....||3,512
2025-07-31T09:49:07.797 0100|00|00|05|fa0001|2001043831[payload->]81||12,600
2025-07-31T09:49:07.898 0100|01|00|07|f701fe|2001040301b80d[payload->]....||3,512
2025-07-31T09:49:08.506 0100|00|00|05|fa0003|2001048030[payload->].0||12,416
2025-07-31T09:49:08.507 0100|01|00|07|f701fe|2001040e012809[payload->]..(.||2,344
2025-07-31T10:09:24.047 0100|00|00|05|fa0001|2001043831[payload->]81||12,600
2025-07-31T10:09:24.654 0100|00|00|05|fa0003|2001048030[payload->].0||12,416
2025-07-31T10:49:58.262 0100|00|00|05|fa0003|2001048030[payload->].0||12,416
2025-07-31T10:49:58.263 0100|01|00|07|f701fe|2001040e012809[payload->]..(.||2,344
2025-07-31T11:00:06.204 0100|00|00|05|fa0001|2001043831[payload->]81||12,600
2025-07-31T11:00:06.205 0100|01|00|07|f701fe|2001040301b80d[payload->]....||3,512
2025-07-31T11:10:15.315 0100|01|00|07|f701fe|2001040301b80d[payload->]....||3,512
2025-07-31T11:20:23.869 0100|00|00|05|fa0001|2001043831[payload->]81||12,600
2025-07-31T11:20:23.869 0100|01|00|07|f701fe|2001040301b80d[payload->]....||3,512
2025-07-31T11:40:41.044 0100|00|00|05|fa0001|2001043831[payload->]81||12,600
2025-07-31T11:40:41.145 0100|01|00|07|f701fe|2001040301b80d[payload->]....||3,512
2025-07-31T11:40:41.752 0100|00|00|05|fa0003|2001048030[payload->].0||12,416
2025-07-31T11:40:41.853 0100|01|00|07|f701fe|2001040e012809[payload->]..(.||2,344
2025-07-31T11:50:48.610 0100|00|00|05|fa0001|2001043831[payload->]81||12,600
2025-07-31T11:50:48.610 0100|01|00|07|f701fe|2001040301b80d[payload->]....||3,512
2025-07-31T11:50:49.724 0100|00|00|05|fa0003|2001048030[payload->].0||12,416
2025-07-31T11:50:49.724 0100|01|00|07|f701fe|2001040e012809[payload->]..(.||2,344
2025-07-31T12:21:16.470 0100|00|00|05|fa0003|2001048030[payload->].0||12,416
2025-07-31T12:21:16.572 0100|01|00|07|f701fe|2001040e012809[payload->]..(.||2,344
2025-07-31T12:31:23.519 0100|00|00|05|fa0001|2001043831[payload->]81||12,600
2025-07-31T12:31:23.620 0100|01|00|07|f701fe|2001040301b80d[payload->]....||3,512
2025-07-31T12:51:44.136 0100|00|00|05|fa0001|2001043831[payload->]81||12,600
2025-07-31T12:51:44.237 0100|01|00|07|f701fe|2001040301b80d[payload->]....||3,512
2025-07-31T13:01:53.610 0100|00|00|05|fa0003|2001048030[payload->].0||12,416
2025-07-31T13:01:53.812 0100|01|00|07|f701fe|2001040e012809[payload->]..(.||2,344
2025-07-31T13:12:02.065 0100|00|00|05|fa0003|2001048030[payload->].0||12,416
2025-07-31T13:12:02.166 0100|01|00|07|f701fe|2001040e012809[payload->]..(.||2,344
2025-07-31T13:32:18.228 0100|00|00|05|fa0001|2001043831[payload->]81||12,600
2025-07-31T13:32:18.228 0100|01|00|07|f701fe|2001040e012809[payload->]..(.||2,344
2025-07-31T13:42:26.297 0100|00|00|05|fa0001|2001043831[payload->]81||12,600
2025-07-31T13:42:26.398 0100|01|00|07|f701fe|2001040301b80d[payload->]....||3,512
2025-07-31T13:52:34.938 0100|00|00|05|fa0001|2001043831[payload->]81||12,600
2025-07-31T13:52:34.938 0100|01|00|07|f701fe|2001040301b80d[payload->]....||3,512
2025-07-31T14:02:43.581 0100|00|00|05|fa0001|2001043831[payload->]81||12,600
2025-07-31T14:02:43.783 0100|01|00|07|f701fe|2001040301b80d[payload->]....||3,512
2025-07-31T14:02:44.998 0100|00|00|05|fa0003|2001048030[payload->].0||12,416
2025-07-31T14:02:45.100 0100|01|00|07|f701fe|2001040e012809[payload->]..(.||2,344
2025-07-31T14:12:53.282 0100|00|00|05|fa0001|2001043831[payload->]81||12,600
2025-07-31T14:23:01.246 0100|00|00|05|fa0001|2001043831[payload->]81||12,600
2025-07-31T14:23:01.348 0100|01|00|07|f701fe|2001040301b80d[payload->]....||3,512
2025-07-31T14:23:02.759 0100|00|00|05|fa0003|2001048030[payload->].0||12,416
2025-07-31T14:23:02.760 0100|01|00|07|f701fe|2001040e012809[payload->]..(.||2,344
2025-07-31T14:33:09.317 0100|00|00|05|fa0001|2001043831[payload->]81||12,600
2025-07-31T14:33:09.317 0100|01|00|07|f701fe|2001040301b80d[payload->]....||3,512
2025-07-31T15:03:34.508 0100|00|00|05|fa0001|2001043831[payload->]81||12,600
2025-07-31T15:03:34.609 0100|01|00|07|f701fe|2001040301b80d[payload->]....||3,512
2025-07-31T15:13:43.598 0100|00|00|05|fa0001|2001043831[payload->]81||12,600
2025-07-31T15:13:43.699 0100|01|00|07|f701fe|2001040301b80d[payload->]....||3,512
2025-07-31T15:13:44.914 0100|00|00|05|fa0003|2001048030[payload->].0||12,416
2025-07-31T15:13:45.015 0100|01|00|07|f701fe|2001040e012809[payload->]..(.||2,344
2025-07-31T15:23:53.391 0100|00|00|05|fa0003|2001048030[payload->].0||12,416
2025-07-31T15:23:53.492 0100|01|00|07|f701fe|2001040e012809[payload->]..(.||2,344
2025-07-31T15:34:01.670 0100|01|00|19|e501fe|2001040301b80d0100000005fa000120010b3c710100010019[payload->]............ ..<q.....||6,400
2025-07-31T15:44:10.104 0100|00|00|05|fa0001|2001043831[payload->]81||12,600
2025-07-31T15:44:10.305 0100|01|00|07|f701fe|2001040301b80d[payload->]....||3,512
2025-07-31T15:54:19.049 0100|00|00|05|fa0001|2001043831[payload->]81||12,600
2025-07-31T15:54:19.150 0100|01|00|07|f701fe|2001040301b80d[payload->]....||3,512
2025-07-31T15:54:19.961 0100|00|00|05|fa0003|2001048030[payload->].0||12,416
2025-07-31T15:54:20.062 0100|01|00|07|f701fe|2001040e012809[payload->]..(.||2,344
2025-07-31T16:04:28.180 0100|00|00|05|fa0001|2001043831[payload->]81||12,600
2025-07-31T16:04:28.382 0100|01|00|07|f701fe|2001040301b80d[payload->]....||3,512
2025-07-31T16:14:37.635 0100|00|00|05|fa0001|2001043831[payload->]81||12,600
2025-07-31T16:14:37.736 0100|01|00|07|f701fe|2001040301b80d[payload->]....||3,512
2025-07-31T16:14:38.344 0100|00|00|05|fa0003|2001048030[payload->].0||12,416
2025-07-31T16:14:38.345 0100|01|00|07|f701fe|2001040f02f058[payload->]...X||22,768
2025-07-31T16:34:54.884 0100|00|00|05|fa0003|2001048030[payload->].0||12,416
2025-07-31T16:34:54.985 0100|01|00|07|f701fe|2001040e012809[payload->]..(.||2,344
2025-07-31T16:45:03.017 0100|00|00|05|fa0001|2001043831[payload->]81||12,600
2025-07-31T16:45:03.017 0100|01|00|07|f701fe|2001040301b80d[payload->]....||3,512
2025-07-31T16:45:04.131 0100|00|00|05|fa0003|2001048030[payload->].0||12,416
2025-07-31T16:45:04.232 0100|01|00|07|f701fe|2001040e012809[payload->]..(.||2,344
2025-07-31T16:55:12.868 0100|00|00|05|fa0001|2001043831[payload->]81||12,600
2025-07-31T16:55:12.969 0100|01|00|07|f701fe|2001040301b80d[payload->]....||3,512
2025-07-31T16:55:13.982 0100|01|00|07|f701fe|2001040e012809[payload->]..(.||2,344
2025-07-31T17:05:21.447 0100|00|00|05|fa0001|2001043831[payload->]81||12,600
2025-07-31T17:05:21.548 0100|01|00|07|f701fe|2001040301b80d[payload->]....||3,512
2025-07-31T17:15:30.245 0100|00|00|05|fa0001|2001043831[payload->]81||12,600
2025-07-31T17:15:30.346 0100|01|00|07|f701fe|2001040301b80d[payload->]....||3,512
2025-07-31T17:15:31.055 0100|00|00|05|fa0003|2001048030[payload->].0||12,416
2025-07-31T17:15:31.156 0100|01|00|07|f701fe|2001040e012809[payload->]..(.||2,344
2025-07-31T17:25:39.155 0100|00|00|05|fa0001|2001043831[payload->]81||12,600
2025-07-31T17:25:39.763 0100|00|00|05|fa0003|2001048030[payload->].0||12,416
2025-07-31T17:25:39.864 0100|01|00|07|f701fe|2001040e012809[payload->]..(.||2,344
2025-07-31T17:35:48.710 0100|00|00|05|fa0001|2001043831[payload->]81||12,600
2025-07-31T17:35:48.812 0100|01|00|07|f701fe|2001040301b80d[payload->]....||3,512
2025-07-31T17:45:57.938 0100|00|00|05|fa0001|2001043831[payload->]81||12,600
2025-07-31T18:06:16.229 0100|00|00|05|fa0003|2001048030[payload->].0||12,416
2025-07-31T18:06:16.330 0100|01|00|07|f701fe|2001040e012809[payload->]..(.||2,344
2025-07-31T18:16:23.750 0100|00|00|05|fa0001|2001043831[payload->]81||12,600
2025-07-31T18:16:23.750 0100|01|00|07|f701fe|2001040301b80d[payload->]....||3,512
2025-07-31T18:16:24.966 0100|00|00|05|fa0003|2001048030[payload->].0||12,416
2025-07-31T18:16:25.067 0100|01|00|07|f701fe|2001040e012809[payload->]..(.||2,344
2025-07-31T18:26:33.194 0100|00|00|05|fa0001|2001043831[payload->]81||12,600
2025-07-31T18:26:33.295 0100|01|00|07|f701fe|2001040301b80d[payload->]....||3,512
2025-07-31T18:26:34.105 0100|00|00|05|fa0003|2001048030[payload->].0||12,416
2025-07-31T18:26:34.105 0100|01|00|07|f701fe|2001040e012809[payload->]..(.||2,344
2025-07-31T18:36:43.407 0100|00|00|05|fa0003|2001048030[payload->].0||12,416
2025-07-31T18:36:43.408 0100|01|00|07|f701fe|2001040e012809[payload->]..(.||2,344
2025-07-31T18:46:51.276 0100|00|00|05|fa0001|2001043831[payload->]81||12,600
2025-07-31T18:46:51.377 0100|01|00|07|f701fe|2001040301b80d[payload->]....||3,512
2025-07-31T18:46:52.188 0100|00|00|05|fa0003|2001048030[payload->].0||12,416
2025-07-31T18:46:52.289 0100|01|00|07|f701fe|2001040e012809[payload->]..(.||2,344
2025-07-31T19:07:09.945 0100|01|00|07|f701fe|2001040e012809[payload->]..(.||2,344
2025-07-31T19:17:18.612 0100|00|00|05|fa0001|2001043831[payload->]81||12,600
2025-07-31T19:17:18.713 0100|01|00|07|f701fe|2001040301b80d[payload->]....||3,512
2025-07-31T19:17:19.220 0100|00|00|05|fa0003|2001048030[payload->].0||12,416
2025-07-31T19:17:19.321 0100|01|00|07|f701fe|2001040e012809[payload->]..(.||2,344
2025-07-31T19:27:28.272 0100|00|00|05|fa0003|2001048030[payload->].0||12,416
2025-07-31T19:27:28.373 0100|01|00|07|f701fe|2001040e012809[payload->]..(.||2,344
2025-07-31T19:37:36.428 0100|00|00|05|fa0001|2001043831[payload->]81||12,600
2025-07-31T19:37:36.428 0100|01|00|07|f701fe|2001040301b80d[payload->]....||3,512
2025-07-31T19:57:53.729 0100|00|00|05|fa0001|2001043831[payload->]81||12,600
2025-07-31T19:57:53.830 0100|01|00|07|f701fe|2001040301b80d[payload->]....||3,512
2025-07-31T20:08:02.727 0100|00|00|05|fa0001|2001043831[payload->]81||12,600
2025-07-31T20:08:02.828 0100|01|00|07|f701fe|2001040301b80d[payload->]....||3,512
2025-07-31T20:08:03.537 0100|00|00|05|fa0003|2001048030[payload->].0||12,416
2025-07-31T20:08:03.638 0100|01|00|07|f701fe|2001040e012809[payload->]..(.||2,344
2025-07-31T20:28:19.931 0100|00|00|05|fa0001|2001043831[payload->]81||12,600
2025-07-31T20:28:20.032 0100|01|00|07|f701fe|2001040301b80d[payload->]....||3,512
2025-07-31T20:38:29.405 0100|00|00|05|fa0001|2001043831[payload->]81||12,600
2025-07-31T20:38:29.506 0100|01|00|07|f701fe|2001040301b80d[payload->]....||3,512
2025-07-31T20:48:38.776 0100|00|00|05|fa0001|2001043831[payload->]81||12,600
2025-07-31T20:48:38.776 0100|01|00|07|f701fe|2001040301b80d[payload->]....||3,512
2025-07-31T20:48:39.283 0100|00|00|05|fa0003|2001048030[payload->].0||12,416
2025-07-31T20:48:39.384 0100|01|00|07|f701fe|2001040e012809[payload->]..(.||2,344
2025-07-31T20:58:48.360 0100|00|00|05|fa0003|2001048030[payload->].0||12,416
2025-07-31T20:58:48.461 0100|01|00|07|f701fe|2001040e012809[payload->]..(.||2,344
2025-07-31T21:08:56.333 0100|00|00|05|fa0001|2001043831[payload->]81||12,600
2025-07-31T21:08:56.333 0100|01|00|07|f701fe|2001040301b80d[payload->]....||3,512
2025-07-31T21:19:04.996 0100|00|00|05|fa0001|2001043831[payload->]81||12,600
2025-07-31T21:19:04.996 0100|01|00|07|f701fe|2001040301b80d[payload->]....||3,512
2025-07-31T21:19:06.211 0100|00|00|05|fa0003|2001048030[payload->].0||12,416
2025-07-31T21:19:06.212 0100|01|00|07|f701fe|2001040e012809[payload->]..(.||2,344
2025-07-31T21:29:13.880 0100|00|00|05|fa0001|2001043831[payload->]81||12,600
2025-07-31T21:29:13.981 0100|01|00|07|f701fe|2001040301b80d[payload->]....||3,512
2025-07-31T21:39:22.468 0100|00|00|05|fa0001|2001043831[payload->]81||12,600
2025-07-31T21:39:22.569 0100|01|00|07|f701fe|2001040301b80d[payload->]....||3,512
2025-07-31T21:39:23.885 0100|00|00|05|fa0003|2001048030[payload->].0||12,416
2025-07-31T21:39:23.987 0100|01|00|07|f701fe|2001040e012809[payload->]..(.||2,344
2025-07-31T21:49:32.248 0100|00|00|05|fa0001|2001043831[payload->]81||12,600
2025-07-31T21:49:32.349 0100|01|00|07|f701fe|2001040301b80d[payload->]....||3,512
2025-07-31T21:49:32.856 0100|00|00|05|fa0003|2001048030[payload->].0||12,416
2025-07-31T21:49:32.856 0100|01|00|07|f701fe|2001040e012809[payload->]..(.||2,344
2025-07-31T21:59:40.049 0100|00|00|05|fa0001|2001043831[payload->]81||12,600
2025-07-31T21:59:40.050 0100|01|00|07|f701fe|2001040301b80d[payload->]....||3,512
2025-07-31T22:09:48.344 0100|00|00|05|fa0001|2001043831[payload->]81||12,600
2025-07-31T22:09:48.445 0100|01|00|07|f701fe|2001040301b80d[payload->]....||3,512
2025-07-31T22:09:48.850 0100|00|00|05|fa0003|2001048030[payload->].0||12,416
2025-07-31T22:09:48.951 0100|01|00|07|f700fe|2001040e012809[payload->]..(.||2,344
2025-07-31T22:50:24.711 0100|00|00|05|fa0001|2001043831[payload->]81||12,600
2025-07-31T22:50:24.712 0100|01|00|07|f701fe|2001040301b80d[payload->]....||3,512
2025-07-31T22:50:26.028 0100|00|00|05|fa0003|2001048030[payload->].0||12,416
2025-07-31T22:50:26.029 0100|01|00|07|f701fe|2001040e012809[payload->]..(.||2,344
2025-07-31T23:00:33.400 0100|00|00|05|fa0001|2001043831[payload->]81||12,600
2025-07-31T23:00:33.400 0100|01|00|07|f701fe|2001040301b80d[payload->]....||3,512
2025-07-31T23:00:34.819 0100|00|00|05|fa0003|2001048030[payload->].0||12,416
2025-07-31T23:00:34.920 0100|01|00|07|f701fe|2001040e012809[payload->]..(.||2,344
2025-07-31T23:10:42.870 0100|00|00|05|fa0001|2001043831[payload->]81||12,600
2025-07-31T23:10:42.971 0100|01|00|07|f701fe|2001040301b80d[payload->]....||3,512
2025-07-31T23:20:52.317 0100|00|00|05|fa0001|2001043831[payload->]81||12,600
2025-07-31T23:20:52.418 0100|01|00|07|f701fe|2001040301b80d[payload->]....||3,512
2025-07-31T23:20:53.026 0100|00|00|05|fa0003|2001048030[payload->].0||12,416
2025-07-31T23:20:53.026 0100|01|00|07|f701fe|2001040e012809[payload->]..(.||2,344
2025-07-31T23:31:02.263 0100|00|00|05|fa0003|2001048030[payload->].0||12,416
2025-07-31T23:31:02.264 0100|01|00|07|f701fe|2001040e012809[payload->]..(.||2,344
2025-07-31T23:41:10.003 0100|00|00|05|fa0001|2001043831[payload->]81||12,600
2025-07-31T23:41:10.004 0100|01|00|07|f701fe|2001040301b80d[payload->]....||3,512
2025-07-31T23:51:19.667 0100|00|00|05|fa0001|2001043831[payload->]81||12,600
2025-07-31T23:51:19.667 0100|01|00|07|f701fe|2001040301b80d[payload->]....||3,512
2025-07-31T23:51:20.377 0100|00|00|05|fa0003|2001048030[payload->].0||12,416
2025-07-31T23:51:20.377 0100|01|00|07|f701fe|2001040e012809[payload->]..(.||2,344
2025-08-01T00:01:28.828 0100|00|00|05|fa0001|2001043831[payload->]81||12,600
2025-08-01T00:01:28.929 0100|01|00|07|f701fe|2001040301b80d[payload->]....||3,512
2025-08-01T00:01:29.638 0100|00|00|05|fa0003|2001048030[payload->].0||12,416
2025-08-01T00:01:29.739 0100|01|00|07|f701fe|2001040e012809[payload->]..(.||2,344
2025-08-01T00:21:46.216 0100|00|00|05|fa0001|2001043831[payload->]81||12,600
2025-08-01T00:21:46.318 0100|01|00|07|f701fe|2001040301b80d[payload->]....||3,512
2025-08-01T00:31:54.277 0100|00|00|05|fa0001|2001043831[payload->]81||12,600
2025-08-01T00:31:54.278 0100|01|00|07|f701fe|2001040301b80d[payload->]....||3,512
2025-08-01T00:42:04.285 0100|00|00|05|fa0001|2001043831[payload->]81||12,600
2025-08-01T00:42:04.386 0100|01|00|07|f701fe|2001040301b80d[payload->]....||3,512
2025-08-01T00:52:12.719 0100|00|00|05|fa0001|2001043831[payload->]81||12,600
2025-08-01T00:52:12.821 0100|01|00|07|f701fe|2001040301b80d[payload->]....||3,512
2025-08-01T00:52:13.834 0100|00|00|05|fa0003|2001048030[payload->].0||12,416
2025-08-01T00:52:13.935 0100|01|00|07|f701fe|2001040e012809[payload->]..(.||2,344
2025-08-01T01:12:31.319 0100|00|00|05|fa0001|2001043831[payload->]81||12,600
2025-08-01T01:12:31.320 0100|01|00|07|f701fe|2001040301b80d[payload->]....||3,512
2025-08-01T01:12:32.232 0100|00|00|05|fa0003|2001048030[payload->].0||12,416
2025-08-01T01:22:40.165 0100|00|00|05|fa0001|2001043831[payload->]81||12,600
2025-08-01T01:22:40.165 0100|01|00|07|f701fe|2001040301b80d[payload->]....||3,512
2025-08-01T01:32:48.713 0100|00|00|05|fa0001|2001043831[payload->]81||12,600
2025-08-01T01:32:48.814 0100|01|00|07|e701fe|2001040301b80d[payload->]....||3,512
2025-08-01T01:32:49.523 0100|00|00|05|fa0003|2001048030[payload->].0||12,416
2025-08-01T01:32:49.625 0100|01|00|07|f701fe|2001040e012809[payload->]..(.||2,344
2025-08-01T01:53:06.164 0100|00|00|05|fa0001|2001043b37[payload->];7||14,139
2025-08-01T02:03:14.919 0100|00|00|05|fa0001|2001043831[payload->]81||12,600
2025-08-01T02:03:15.020 0100|01|00|07|f701fe|2001040301b80d[payload->]....||3,512
2025-08-01T02:03:15.932 0100|00|00|05|fa0003|2001048030[payload->].0||12,416
2025-08-01T02:03:15.933 0100|01|00|07|f701fe|2001040e012809[payload->]..(.||2,344
2025-08-01T02:13:23.717 0100|00|00|05|fa0001|2001043831[payload->]81||12,600
2025-08-01T02:13:23.717 0100|01|00|07|f701fe|2001040301b80d[payload->]....||3,512
2025-08-01T02:23:32.997 0100|00|00|05|fa0001|2001043831[payload->]81||12,600
2025-08-01T02:23:33.099 0100|01|00|07|f701fe|2001040301b80d[payload->]....||3,512
2025-08-01T02:23:33.808 0100|00|00|05|fa0003|2001048030[payload->].0||12,416
2025-08-01T02:23:33.808 0100|01|00|07|f701fe|2001040e012809[payload->]..(.||2,344
2025-08-01T02:33:42.021 0100|00|00|05|fa0003|2001048030[payload->].0||12,416
2025-08-01T02:33:42.123 0100|01|00|07|f701fe|2001040e012809[payload->]..(.||2,344
2025-08-01T02:43:51.858 0100|00|00|05|fa0003|2001048030[payload->].0||12,416
2025-08-01T02:43:51.858 0100|01|00|07|f701fe|2001040e012809[payload->]..(.||2,344
2025-08-01T03:14:15.886 0100|00|00|05|fa0001|2001043831[payload->]81||12,600
2025-08-01T03:14:15.987 0100|01|00|07|f701fe|2001040301b80d[payload->]....||3,512
2025-08-01T03:24:24.468 0100|00|00|05|fa0001|2001043831[payload->]81||12,600
2025-08-01T03:24:24.468 0100|01|00|07|f701fe|2001040301b80d[payload->]....||3,512
2025-08-01T03:24:25.583 0100|00|00|05|fa0003|2001048030[payload->].0||12,416
2025-08-01T03:34:32.967 0100|00|00|05|fa0001|2001043831[payload->]81||12,600
2025-08-01T03:34:33.068 0100|01|00|07|f701fe|2001040301b80d[payload->]....||3,512
2025-08-01T03:54:49.669 0100|00|00|05|fa0001|2001043831[payload->]81||12,600
2025-08-01T03:54:49.771 0100|01|00|07|f701fe|2001040301b80d[payload->]....||3,512
2025-08-01T03:54:51.189 0100|00|00|05|fa0003|2001048030[payload->].0||12,416
2025-08-01T03:54:51.291 0100|01|00|07|f701fe|2001040e012809[payload->]..(.||2,344
2025-08-01T04:04:58.988 0100|00|00|05|fa0001|2001043831[payload->]81||12,600
2025-08-01T04:04:59.089 0100|01|00|07|f701fe|2001040301b80d[payload->]....||3,512
2025-08-01T04:05:00.001 0100|00|00|05|fa0003|2001048030[payload->].0||12,416
2025-08-01T04:05:00.002 0100|01|00|07|f701fe|2001040e012809[payload->]..(.||2,344
2025-08-01T04:15:08.370 0100|00|00|05|fa0001|2001043831[payload->]81||12,600
2025-08-01T04:15:08.471 0100|01|00|07|f701fe|2001040301b80d[payload->]....||3,512
2025-08-01T04:15:08.977 0100|00|00|05|fa0003|2001048030[payload->].0||12,416
2025-08-01T04:15:08.978 0100|01|00|07|f701fe|2001040e012809[payload->]..(.||2,344
2025-08-01T04:25:18.222 0100|00|00|05|fa0003|2001048030[payload->].0||12,416
2025-08-01T04:25:18.323 0100|01|00|07|f701fe|2001040e012809[payload->]..(.||2,344
2025-08-01T04:35:26.060 0100|00|00|05|fa0001|2001043831[payload->]81||12,600
2025-08-01T04:35:26.161 0100|01|00|07|f701fe|2001040301b80d[payload->]....||3,512
2025-08-01T04:45:35.814 0100|00|00|05|fa0001|2001043831[payload->]81||12,600
2025-08-01T04:45:35.814 0100|01|00|07|f701fe|2001040301b80d[payload->]....||3,512
2025-08-01T04:55:44.586 0100|00|00|05|fa0001|2001043831[payload->]81||12,600
2025-08-01T04:55:44.687 0100|01|00|07|f701fe|2001040301b80d[payload->]....||3,512
2025-08-01T04:55:46.005 0100|00|00|05|fa0003|2001048030[payload->].0||12,416
2025-08-01T04:55:46.107 0100|01|00|07|f701fe|2001040e012809[payload->]..(.||2,344
2025-08-01T05:05:54.136 0100|00|00|05|fa0001|2001043831[payload->]81||12,600
2025-08-01T05:05:54.237 0100|01|00|07|f701fe|2001040301b80d[payload->]....||3,512
2025-08-01T05:16:03.761 0100|00|00|05|fa0003|2001048030[payload->].0||12,416
2025-08-01T05:16:03.863 0100|01|00|07|f701fe|2001040e012809[payload->]..(.||2,344
2025-08-01T05:36:19.944 0100|00|00|05|fa0001|2001043831[payload->]81||12,600
2025-08-01T05:36:20.045 0100|01|00|07|f701fe|2001040301b80d[payload->]....||3,512
2025-08-01T05:36:21.261 0100|00|00|05|fa0003|2001048030[payload->].0||12,416
2025-08-01T05:36:21.261 0100|01|00|07|f701fe|2001040e012809[payload->]..(.||2,344
2025-08-01T05:46:28.769 0100|00|00|05|fa0001|2001043831[payload->]81||12,600
2025-08-01T05:46:28.870 0100|01|00|07|f701fe|2001040301b80d[payload->]....||3,512
2025-08-01T05:46:29.478 0100|00|00|05|fa0003|2001048030[payload->].0||12,416
2025-08-01T05:46:29.478 0100|01|00|07|f701fe|2001040e012809[payload->]..(.||2,344
2025-08-01T05:56:38.440 0100|00|00|05|fa0001|2001043831[payload->]81||12,600
2025-08-01T05:56:38.541 0100|01|00|07|f701fe|2001040301b80d[payload->]....||3,512
2025-08-01T06:06:47.242 0100|00|00|05|fa0001|2001043831[payload->]81||12,600
2025-08-01T06:06:47.242 0100|01|00|07|f701fe|2001040301b80d[payload->]....||3,512
2025-08-01T06:06:47.850 0100|00|00|05|fa0003|2001048030[payload->].0||12,416
2025-08-01T06:06:47.951 0100|01|00|07|f701fe|2001040e012809[payload->]..(.||2,344
2025-08-01T06:27:04.630 0100|00|00|05|fa0001|2001043831[payload->]81||12,600
2025-08-01T06:27:04.731 0100|01|00|07|f701fe|2001040301b80d[payload->]....||3,512
2025-08-01T06:27:06.048 0100|01|00|07|f701fe|2001040e012809[payload->]..(.||2,344
2025-08-01T06:37:13.123 0100|01|00|07|f701fe|2001040301b80d[payload->]....||3,512
2025-08-01T06:37:13.731 0100|00|00|05|fa0003|2001048030[payload->].0||12,416
2025-08-01T06:37:13.833 0100|01|00|07|f701fe|2001040e012809[payload->]..(.||2,344
2025-08-01T06:47:22.519 0100|00|00|05|fa0003|2001048030[payload->].0||12,416
2025-08-01T06:57:29.427 0100|00|00|05|fa0001|2001043831[payload->]81||12,600
2025-08-01T06:57:29.528 0100|01|00|07|f701fe|2001040301b80d[payload->]....||3,512
2025-08-01T07:07:39.066 0100|00|00|05|fa0001|2001043831[payload->]81||12,600
2025-08-01T07:17:47.685 0100|00|00|05|fa0001|2001043831[payload->]81||12,600
2025-08-01T07:17:47.686 0100|01|00|07|f701fe|2001040301b80d[payload->]....||3,512
2025-08-01T07:17:48.192 0100|00|00|05|fa0003|2001048030[payload->].0||12,416
2025-08-01T07:17:48.293 0100|01|00|07|f701fe|2001040e012809[payload->]..(.||2,344
2025-08-01T07:48:12.915 0100|00|00|05|fa0001|2001043831[payload->]81||12,600
2025-08-01T07:48:13.016 0100|01|00|07|f701fe|2001040301b80d[payload->]....||3,512
2025-08-01T07:48:13.827 0100|00|00|05|fa0003|2001048030[payload->].0||12,416
2025-08-01T07:48:13.928 0100|01|00|07|f701fe|2001040e012809[payload->]..(.||2,344
2025-08-01T07:58:22.963 0100|00|00|05|fa0003|2001048030[payload->].0||12,416
2025-08-01T07:58:22.963 0100|01|00|07|f701fe|2001040e012809[payload->]..(.||2,344
2025-08-01T08:08:31.421 0100|00|00|05|fa0001|2001043831[payload->]81||12,600
2025-08-01T08:08:31.522 0100|01|00|07|f701fe|2001040301b80d[payload->]....||3,512
2025-08-01T08:18:39.879 0100|00|00|05|fa0001|2001043831[payload->]81||12,600
2025-08-01T08:18:39.980 0100|01|00|07|f701fe|2001040301b80d[payload->]....||3,512
2025-08-01T08:18:41.095 0100|00|00|05|fa0003|2001048030[payload->].0||12,416
2025-08-01T08:18:41.196 0100|01|00|07|f701fe|2001040e012809[payload->]..(.||2,344
2025-08-01T08:28:48.867 0100|00|00|05|fa0001|2001043831[payload->]81||12,600
2025-08-01T08:28:48.867 0100|01|00|07|f701fe|2001040301b80d[payload->]....||3,512
2025-08-01T08:28:49.779 0100|00|00|05|fa0003|2001048030[payload->].0||12,416
2025-08-01T08:28:49.880 0100|01|00|07|f701fe|2001040e012809[payload->]..(.||2,344
2025-08-01T08:38:58.529 0100|00|00|05|fa0003|2001048030[payload->].0||12,416
2025-08-01T08:38:58.631 0100|01|00|07|f701fe|2001040e012809[payload->]..(.||2,344
2025-08-01T08:49:06.596 0100|00|00|05|fa0001|2001043831[payload->]81||12,600
2025-08-01T08:49:06.698 0100|01|00|07|f701fe|2001040301b80d[payload->]....||3,512
2025-08-01T08:59:16.310 0100|00|00|05|fa0003|2001048030[payload->].0||12,416
2025-08-01T08:59:16.310 0100|01|00|07|f701fe|2001040e012809[payload->]..(.||2,344
2025-08-01T09:09:24.218 0100|00|00|05|fa0001|2001043831[payload->]81||12,600
2025-08-01T09:09:24.218 0100|01|00|07|f701fe|2001040301b80d[payload->]....||3,512
2025-08-01T09:09:25.534 0100|00|00|05|fa0003|2001048030[payload->].0||12,416
2025-08-01T09:09:25.534 0100|01|00|07|f701fe|2001040e012809[payload->]..(.||2,344
2025-08-01T09:19:32.771 0100|00|00|05|fa0001|2001043831[payload->]81||12,600
2025-08-01T09:19:32.771 0100|01|00|07|f701fe|2001040301b80d[payload->]....||3,512
2025-08-01T09:29:42.128 0100|00|00|05|fa0001|2001043831[payload->]81||12,600
2025-08-01T09:29:42.229 0100|01|00|07|f701fe|2001040301b80d[payload->]....||3,512
2025-08-01T09:29:43.039 0100|00|00|05|fa0003|2001048030[payload->].0||12,416
2025-08-01T09:29:43.039 0100|01|00|07|f701fe|2001040e012809[payload->]..(.||2,344
2025-08-01T09:39:51.651 0100|00|00|05|fa0001|2001043831[payload->]81||12,600
2025-08-01T09:39:51.752 0100|01|00|07|f701fe|2001040301b80d[payload->]....||3,512
2025-08-01T09:39:52.459 0100|00|00|05|fa0003|2001048030[payload->].0||12,416
2025-08-01T09:39:52.661 0100|01|00|07|f701fe|2001040e012809[payload->]..(.||2,344
2025-08-01T09:49:59.741 0100|00|00|05|fa0001|2001043831[payload->]81||12,600
2025-08-01T09:49:59.842 0100|01|00|07|f701fe|2001040301b80d[payload->]....||3,512
2025-08-01T09:50:01.059 0100|00|00|05|fa0003|2001048030[payload->].0||12,416
2025-08-01T09:50:01.160 0100|01|00|07|f701fe|2001040e012809[payload->]..(.||2,344
2025-08-01T10:00:08.472 0100|00|00|05|fa0001|2001043831[payload->]81||12,600
2025-08-01T10:10:17.600 0100|00|00|05|fa0001|2001043831[payload->]81||12,600
2025-08-01T10:10:17.701 0100|01|00|07|f701fe|2001040301b80d[payload->]....||3,512
2025-08-01T10:10:18.310 0100|00|00|05|fa0003|2001048030[payload->].0||12,416
2025-08-01T10:20:27.699 0100|00|00|05|fa0003|2001048030[payload->].0||12,416
2025-08-01T10:20:27.800 0100|01|00|07|f701fe|200104fe83dc01[payload->]....||0,476
2025-08-01T10:30:35.258 0100|00|00|05|fa0001|2001043831[payload->]81||12,600
2025-08-01T10:30:35.359 0100|01|00|07|f701fe|2001040301b80d[payload->]....||3,512
2025-08-01T10:40:43.784 0100|00|00|05|fa0001|2001043831[payload->]81||12,600
2025-08-01T10:40:43.886 0100|01|00|07|f701fe|2001040301b80d[payload->]....||3,512
2025-08-01T10:50:52.802 0100|00|00|05|fa0001|2001043831[payload->]81||12,600
2025-08-01T10:50:52.802 0100|01|00|07|f701fe|2001040301b80d[payload->]....||3,512
2025-08-01T11:01:02.343 0100|00|00|05|fa0001|2001043831[payload->]81||12,600
2025-08-01T11:01:02.444 0100|01|00|07|f701fe|2001040301b80d[payload->]....||3,512
2025-08-01T11:01:03.154 0100|00|00|05|fa0003|2001048030[payload->].0||12,416
2025-08-01T11:01:03.154 0100|01|00|07|f701fe|2001040e012809[payload->]..(.||2,344
2025-08-01T11:21:20.011 0100|00|00|05|fa0001|2001043831[payload->]81||12,600
2025-08-01T11:21:20.112 0100|01|00|07|f701fe|2001040301b80d[payload->]....||3,512
2025-08-01T11:21:21.125 0100|00|00|05|fa0003|2001048030[payload->].0||12,416
2025-08-01T11:21:21.126 0100|01|00|07|f701fe|2001040e012809[payload->]..(.||2,344
2025-08-01T11:31:30.008 0100|01|00|07|f701fe|2001040301b80d[payload->]....||3,512
2025-08-01T11:31:30.919 0100|01|00|07|f701fe|2001040e012809[payload->]..(.||2,344
2025-08-01T11:41:39.898 0100|00|00|05|fa0001|2001043831[payload->]81||12,600
2025-08-01T11:41:39.998 0100|01|00|07|f701fe|2001040301b80d[payload->]....||3,512
2025-08-01T11:51:49.277 0100|00|00|05|fa0003|2001048030[payload->].0||12,416
2025-08-01T12:01:58.358 0100|01|00|07|f701fe|2001040e012809[payload->]..(.||2,344
2025-08-01T12:12:06.590 0100|00|00|05|fa0001|2001043831[payload->]81||12,600
2025-08-01T12:12:06.691 0100|01|00|07|f701fe|2001040301b80d[payload->]....||3,512
2025-08-01T12:12:07.501 0100|00|00|05|fa0003|2001048030[payload->].0||12,416
2025-08-01T12:12:07.602 0100|01|00|07|f701fe|2001040e012809[payload->]..(.||2,344
2025-08-01T12:32:23.578 0100|00|00|05|fa0001|2001043831[payload->]81||12,600
2025-08-01T12:32:23.578 0100|01|00|07|f701fe|2001040301b80d[payload->]....||3,512
2025-08-01T12:42:32.783 0100|00|00|05|fa0001|2001043831[payload->]81||12,600
2025-08-01T12:42:32.783 0100|01|00|07|f701fe|2001040301b80d[payload->]....||3,512
2025-08-01T13:02:49.420 0100|00|00|05|fa0001|2001043831[payload->]81||12,600
2025-08-01T13:02:49.521 0100|01|00|07|f701fe|2001040301b80d[payload->]....||3,512
2025-08-01T13:12:59.341 0100|00|00|05|fa0001|2001043831[payload->]81||12,600
2025-08-01T13:12:59.443 0100|01|00|07|f701fe|2001040301b80d[payload->]....||3,512
2025-08-01T13:12:59.949 0100|00|00|05|fa0003|2001048030[payload->].0||12,416
2025-08-01T13:13:00.050 0100|01|00|07|f701fe|2001040e012809[payload->]..(.||2,344
2025-08-01T13:23:07.467 0100|00|00|05|fa0001|2001043831[payload->]81||12,600
2025-08-01T13:23:07.568 0100|01|00|07|f701fe|2001040301b80d[payload->]....||3,512
2025-08-01T13:33:16.260 0100|00|00|05|fa0001|2001043831[payload->]81||12,600
2025-08-01T13:33:16.361 0100|01|00|07|f701fe|2001040301b80d[payload->]....||3,512
2025-08-01T13:43:24.795 0100|00|00|05|fa0001|2001043831[payload->]81||12,600
2025-08-01T13:43:24.795 0100|01|00|07|f701fe|2001040301b80d[payload->]....||3,512
2025-08-01T13:43:26.111 0100|00|00|05|fa0003|2001048030[payload->].0||12,416
2025-08-01T13:53:33.405 0100|00|00|05|fa0001|2001043831[payload->]81||12,600
2025-08-01T13:53:33.506 0100|01|00|07|f701fe|2001040301b80d[payload->]....||3,512
2025-08-01T13:53:34.722 0100|00|00|05|fa0003|2001048030[payload->].0||12,416
2025-08-01T13:53:34.823 0100|01|00|07|f701fe|2001040e012809[payload->]..(.||2,344
2025-08-01T14:03:42.672 0100|00|00|05|fa0001|2001043831[payload->]81||12,600
2025-08-01T14:03:42.774 0100|01|00|07|f701fe|2001040301b80d[payload->]....||3,512
2025-08-01T14:13:51.809 0100|00|00|05|fa0003|2001048030[payload->].0||12,416
2025-08-01T14:13:51.910 0100|01|00|07|f701fe|2001040e012809[payload->]..(.||2,344
2025-08-01T14:24:00.261 0100|00|00|05|fa0001|2001043831[payload->]81||12,600
2025-08-01T14:24:00.462 0100|01|00|07|f701fe|2001040301b80d[payload->]....||3,512
2025-08-01T14:34:08.167 0100|00|00|05|fa0001|2001043831[payload->]81||12,600
2025-08-01T14:34:08.167 0100|01|00|07|f701fe|2001040301b80d[payload->]....||3,512
2025-08-01T14:34:09.079 0100|00|00|05|fa0003|2001048030[payload->].0||12,416
2025-08-01T14:34:09.079 0100|01|00|07|f701fe|2001040e012809[payload->]..(.||2,344
2025-08-01T14:44:17.907 0100|00|00|05|fa0003|2001048030[payload->].0||12,416
2025-08-01T14:44:18.008 0100|01|00|07|f701fe|2001040e012809[payload->]..(.||2,344
2025-08-01T15:04:34.362 0100|00|00|05|fa0001|2001043831[payload->]81||12,600
2025-08-01T15:04:34.463 0100|01|00|07|f701fe|2001040301b80d[payload->]....||3,512
2025-08-01T15:04:35.679 0100|00|00|05|fa0003|2001048030[payload->].0||12,416
2025-08-01T15:04:35.780 0100|01|00|07|f701fe|2001040e012809[payload->]..(.||2,344
2025-08-01T15:14:43.505 0100|00|00|05|fa0001|2001043831[payload->]81||12,600
2025-08-01T15:14:43.505 0100|01|00|07|f701fe|2001040301b80d[payload->]....||3,512
2025-08-01T15:14:44.722 0100|00|00|05|fa0003|2001048030[payload->].0||12,416
2025-08-01T15:14:44.823 0100|01|00|07|f701fe|2001040e012809[payload->]..(.||2,344
2025-08-01T15:24:52.972 0100|00|00|05|fa0001|2001043831[payload->]81||12,600
2025-08-01T15:24:52.972 0100|01|00|07|f701fe|2001040301b80d[payload->]....||3,512
2025-08-01T15:24:53.479 0100|00|00|05|fa0003|2001048030[payload->].0||12,416
2025-08-01T15:24:53.580 0100|01|00|07|f701fe|2001040e012809[payload->]..(.||2,344
2025-08-01T15:35:01.596 0100|00|00|05|fa0001|2001043831[payload->]81||12,600
2025-08-01T15:35:01.697 0100|01|00|07|f701fe|2001040301b80d[payload->]....||3,512
2025-08-01T15:35:02.811 0100|01|00|06|f701fe|2001040e0128[payload->]..(||10,241
2025-08-01T15:45:09.967 0100|00|00|05|fa0001|2001043831[payload->]81||12,600
2025-08-01T15:45:10.068 0100|01|00|07|f701fe|2001040301b80d[payload->]....||3,512
2025-08-01T15:55:18.124 0100|00|00|05|fa0001|2001043831[payload->]81||12,600
2025-08-01T15:55:18.226 0100|01|00|07|f701fe|2001040301b80d[payload->]....||3,512
2025-08-01T15:55:19.035 0100|00|00|05|fa0003|2001048030[payload->].0||12,416
2025-08-01T15:55:19.036 0100|01|00|07|f701fe|2001040e012809[payload->]..(.||2,344
2025-08-01T16:15:36.251 0100|00|00|05|fa0001|2001043831[payload->]81||12,600
2025-08-01T16:15:36.352 0100|01|00|07|f701fe|2001040301b80d[payload->]....||3,512
2025-08-01T16:25:45.356 0100|00|00|05|fa0001|2001043831[payload->]81||12,600
2025-08-01T16:25:45.457 0100|01|00|07|f701fe|2001040301b80d[payload->]....||3,512
2025-08-01T16:25:46.065 0100|00|00|05|fa0003|2001048030[payload->].0||12,416
2025-08-01T16:25:46.166 0100|01|00|07|f701fe|2001040e012809[payload->]..(.||2,344
2025-08-01T16:35:53.498 0100|00|00|05|fa0001|2001043831[payload->]81||12,600
2025-08-01T16:35:53.599 0100|01|00|07|f701fe|2001040301b80d[payload->]....||3,512
2025-08-01T16:35:54.612 0100|00|00|05|fa0003|2001048030[payload->].0||12,416
2025-08-01T16:35:54.713 0100|01|00|07|f701fe|2001040e012809[payload->]..(.||2,344
2025-08-01T16:46:03.304 0100|00|00|05|fa0001|2001043831[payload->]81||12,600
2025-08-01T16:46:03.405 0100|01|00|07|f701fe|2001040301b80d[payload->]....||3,512
2025-08-01T16:46:04.013 0100|00|00|05|fa0003|2001048030[payload->].0||12,416
2025-08-01T16:46:04.013 0100|01|00|07|f701fe|2001040e012809[payload->]..(.||2,344
2025-08-01T16:56:12.369 0100|00|00|05|fa0003|2001048030[payload->].0||12,416
2025-08-01T16:56:12.470 0100|01|00|07|f701fe|2001040e012809[payload->]..(.||2,344
2025-08-01T17:06:19.959 0100|00|00|05|fa0001|2001043831[payload->]81||12,600
2025-08-01T17:06:20.061 0100|01|00|07|f701fe|2001040301b80d[payload->]....||3,512
2025-08-01T17:06:20.971 0100|00|00|07|f701fe|2001040e012809[payload->]..(.||2,344
2025-08-01T17:16:29.366 0100|00|00|05|fa0003|2001048030[payload->].0||12,416
2025-08-01T17:16:29.467 0100|01|00|07|f701fe|2001040e012809[payload->]..(.||2,344
2025-08-01T17:26:38.004 0100|00|00|05|fa0003|2001048030[payload->].0||12,416
2025-08-01T17:26:38.105 0100|01|00|07|f701fe|2001040e012809[payload->]..(.||2,344
2025-08-01T17:46:54.391 0100|00|00|05|fa0001|2001043831[payload->]81||12,600
2025-08-01T17:57:03.741 0100|00|00|05|fa0001|2001043831[payload->]81||12,600
2025-08-01T17:57:03.842 0100|01|00|07|f701fe|2001040301b80d[payload->]....||3,512
2025-08-01T17:57:04.550 0100|01|00|07|f701fe|2001040e012809[payload->]..(.||2,344
2025-08-01T18:07:13.234 0100|00|00|05|fa0001|2001043831[payload->]81||12,600
2025-08-01T18:07:14.045 0100|00|00|05|fa0003|2001048030[payload->].0||12,416
2025-08-01T18:07:14.045 0100|01|00|07|f701fe|2001040e012809[payload->]..(.||2,344
2025-08-01T18:17:22.266 0100|00|00|05|fa0003|2001048030[payload->].0||12,416
2025-08-01T18:17:22.367 0100|01|00|07|f701fe|2001040e012809[payload->]..(.||2,344
2025-08-01T18:27:30.606 0100|00|00|05|fa0001|2001043831[payload->]81||12,600
2025-08-01T18:27:30.707 0100|01|00|07|f701fe|2001040301b80d[payload->]....||3,512
2025-08-01T18:27:31.315 0100|00|00|05|fa0003|2001048030[payload->].0||12,416
2025-08-01T18:27:31.416 0100|01|00|07|f701fe|2001040e012809[payload->]..(.||2,344
2025-08-01T18:57:54.382 0100|00|00|05|fa0001|2001043831[payload->]81||12,600
2025-08-01T18:57:54.483 0100|01|00|07|f701fe|2001040301b80d[payload->]....||3,512
2025-08-01T19:08:04.031 0100|00|00|05|fa0001|2001043831[payload->]81||12,600
2025-08-01T19:08:04.132 0100|01|00|07|f701fe|2001040301b80d[payload->]....||3,512
2025-08-01T19:08:04.740 0100|00|00|05|fa0003|2001048030[payload->].0||12,416
2025-08-01T19:08:04.741 0100|01|00|07|f701fe|2001040e012809[payload->]..(.||2,344
2025-08-01T19:18:12.759 0100|00|00|05|fa0001|2001043831[payload->]81||12,600
2025-08-01T19:18:12.759 0100|01|00|07|f701fe|2001040301b80d[payload->]....||3,512
2025-08-01T19:18:13.570 0100|00|00|05|fa0003|2001048030[payload->].0||12,416
2025-08-01T19:18:13.570 0100|01|00|07|f700fe|2001040e012809[payload->]..(.||2,344
2025-08-01T19:28:22.600 0100|00|00|05|fa0003|2001048030[payload->].0||12,416
2025-08-01T19:28:22.701 0100|01|00|07|f701fe|2001040e012809[payload->]..(.||2,344
2025-08-01T19:38:29.625 0100|00|00|05|fa0001|2001043831[payload->]81||12,600
2025-08-01T19:38:29.726 0100|01|00|07|f701fe|2001040301b80d[payload->]....||3,512
2025-08-01T19:48:38.444 0100|00|00|05|fa0001|2001043831[payload->]81||12,600
2025-08-01T20:08:55.209 0100|00|00|05|fa0001|2001043831[payload->]81||12,600
2025-08-01T20:08:55.210 0100|01|00|07|f701fe|2001040301b80d[payload->]....||3,512
2025-08-01T20:08:56.020 0100|00|00|05|fa0003|2001048030[payload->].0||12,416
2025-08-01T20:08:56.121 0100|01|00|07|f701fe|2001040e012809[payload->]..(.||2,344
2025-08-01T20:29:12.297 0100|00|00|05|fa0001|2001043831[payload->]81||12,600
2025-08-01T20:29:12.398 0100|01|00|07|f701fe|2001040301b80d[payload->]....||3,512
2025-08-01T20:29:13.512 0100|00|00|05|fa0003|2001048030[payload->].0||12,416
2025-08-01T20:29:13.512 0100|01|00|07|f701fe|2001040e012809[payload->]..(.||2,344
2025-08-01T20:49:29.780 0100|00|00|05|fa0001|2001043831[payload->]81||12,600
2025-08-01T20:49:29.881 0100|01|00|07|f701fe|2001040301b80d[payload->]....||3,512
2025-08-01T20:49:30.996 0100|00|00|05|fa0003|2001048030[payload->].0||12,416
2025-08-01T20:49:31.097 0100|01|00|07|f701fe|2001040e012809[payload->]..(.||2,344
2025-08-01T20:59:38.983 0100|00|00|05|fa0001|2001043831[payload->]81||12,600
2025-08-01T20:59:39.084 0100|01|00|07|f701fe|2001040301b80d[payload->]....||3,512
2025-08-01T21:30:05.202 0100|00|00|05|fa0001|2001043831[payload->]81||12,600
2025-08-01T21:30:05.303 0100|01|00|07|f701fe|2001040301b80d[payload->]....||3,512
2025-08-01T21:40:13.878 0100|00|00|05|fa0001|2001043831[payload->]81||12,600
2025-08-01T21:40:13.980 0100|01|00|07|f701be|2001040301b80d[payload->]....||3,512
2025-08-01T21:40:14.993 0100|00|00|05|fa0003|2001048030[payload->].0||12,416
2025-08-01T21:40:15.094 0100|01|00|07|f701fe|2001040e012809[payload->]..(.||2,344
2025-08-01T22:00:32.933 0100|00|00|05|fa0001|2001043831[payload->]81||12,600
2025-08-01T22:00:33.034 0100|01|00|07|f701fe|2001040301b80d[payload->]....||3,512
2025-08-01T22:20:49.759 0100|00|00|05|fa0001|2001043831[payload->]81||12,600
2025-08-01T22:20:49.861 0100|01|00|07|f701fe|2001040301b80d[payload->]....||3,512
2025-08-01T22:30:58.895 0100|00|00|05|fa0001|2001043831[payload->]81||12,600
2025-08-01T22:30:58.895 0100|01|00|07|f701fe|2001040301b00d[payload->]....||3,504
2025-08-01T22:30:59.604 0100|00|00|05|fa0003|2001048030[payload->].0||12,416
2025-08-01T22:30:59.705 0100|01|00|07|f701fe|2001040e012809[payload->]..(.||2,344
2025-08-01T22:41:08.014 0100|00|00|05|fa0001|2001043831[payload->]81||12,600
2025-08-01T22:41:08.116 0100|03|00|07|f701fe|2001040301b80d[payload->]....||3,512
2025-08-01T23:11:34.507 0100|00|00|05|fa0001|2001043831[payload->]81||12,600
2025-08-01T23:11:34.609 0100|01|00|07|f701fe|2001040301b80d[payload->]....||3,512
2025-08-01T23:11:35.318 0100|00|00|05|fa0003|2001048030[payload->].0||12,416
2025-08-01T23:11:35.419 0100|01|00|07|f501fe|2001040e012809[payload->]..(.||2,344
2025-08-01T23:21:43.101 0100|00|00|05|fa0001|2001043831[payload->]81||12,600
2025-08-01T23:21:43.202 0100|01|00|07|f701fe|2001040301b80d[payload->]....||3,512
2025-08-01T23:21:44.115 0100|00|00|05|fa0003|2001048030[payload->].0||12,416
2025-08-01T23:21:44.216 0100|01|00|07|f701fe|2001040e012809[payload->]..(.||2,344
2025-08-01T23:31:52.542 0100|00|00|05|fa0001|2001043831[payload->]81||12,600
2025-08-01T23:41:59.895 0100|00|00|05|fa0001|2001043831[payload->]81||12,600
2025-08-01T23:41:59.895 0100|01|00|07|f701fe|2001040301b80d[payload->]....||3,512
2025-08-01T23:52:08.965 0100|00|00|05|fa0001|2001043831[payload->]81||12,600
2025-08-01T23:52:09.066 0100|01|00|07|f701fe|2001040301b80d[payload->]....||3,512
2025-08-01T23:52:09.776 0100|00|00|05|fa0003|2001048030[payload->].0||12,416
2025-08-01T23:52:09.776 0100|01|00|07|f701fe|2001040e012809[payload->]..(.||2,344
2025-08-02T00:22:35.065 0100|00|00|05|fa0001|2001043831[payload->]81||12,600
2025-08-02T00:22:35.065 0100|01|00|07|f701fe|2001040301b80d[payload->]....||3,512
2025-08-02T00:32:43.767 0100|00|00|05|fa0001|2001043831[payload->]81||12,600
2025-08-02T00:32:43.868 0100|01|00|07|f701fe|2001040301b80d[payload->]....||3,512
2025-08-02T00:52:59.693 0100|00|00|05|fa0001|2001043831[payload->]81||12,600
2025-08-02T00:52:59.794 0100|01|00|07|f701fe|2001040301b80d[payload->]....||3,512
2025-08-02T01:03:08.855 0100|00|00|05|fa0001|2001043831[payload->]81||12,600
2025-08-02T01:03:08.956 0100|01|00|07|f701fe|2001040301b80d[payload->]....||3,512
2025-08-02T01:23:28.159 0100|00|00|05|fa0003|2001048030[payload->].0||12,416
2025-08-02T01:23:28.260 0100|01|00|07|f701fe|2001040e012809[payload->]..(.||2,344
2025-08-02T01:33:36.021 0100|00|00|05|fa0001|2001043831[payload->]81||12,600
2025-08-02T01:43:45.106 0100|00|00|05|fa0001|2001043831[payload->]81||12,600
2025-08-02T01:43:45.106 0100|01|00|07|f701fe|2001040301b80d[payload->]....||3,512
2025-08-02T01:53:54.022 0100|00|00|05|fa0001|2001043831[payload->]81||12,600
2025-08-02T01:53:54.123 0100|01|00|07|f701fe|2001040301b80d[payload->]....||3,512
2025-08-02T01:53:54.731 0100|00|00|05|fa0003|2001048030[payload->].0||12,416
2025-08-02T01:53:54.731 0100|01|00|07|f701fe|2001040e012809[payload->]..(.||2,344
2025-08-02T02:04:04.062 0100|00|00|05|fa0003|2001048030[payload->].0||12,416
2025-08-02T02:04:04.062 0100|01|00|07|f701fe|2001040e012809[payload->]..(.||2,344
2025-08-02T02:14:12.216 0100|00|00|05|fa0001|2001043831[payload->]81||12,600
2025-08-02T02:14:12.217 0100|01|00|07|f701fe|2001040301b80d[payload->]....||3,512
2025-08-02T02:24:21.361 0100|00|00|05|fa0001|2001043831[payload->]81||12,600
2025-08-02T02:24:21.462 0100|01|00|07|f701fe|2001040301b80d[payload->]....||3,512
2025-08-02T02:24:21.969 0100|00|00|05|fa0003|2001048030[payload->].0||12,416
2025-08-02T02:24:21.969 0100|01|00|07|f701fe|2001040e012809[payload->]..(.||2,344
2025-08-02T02:34:29.634 0100|00|00|05|fa0001|2001043831[payload->]81||12,600
2025-08-02T02:34:29.735 0100|01|00|07|f701fe|2001040301b80d[payload->]....||3,512
2025-08-02T02:34:31.154 0100|00|00|05|fa0003|2001048030[payload->].0||12,416
2025-08-02T02:34:31.255 0100|01|00|07|f701fe|2001040e012809[payload->]..(.||2,344
2025-08-02T02:44:38.973 0100|00|00|05|fa0001|2001043831[payload->]81||12,600
2025-08-02T02:44:39.074 0100|01|00|07|f701fe|2001040301b80d[payload->]....||3,512
2025-08-02T02:44:39.883 0100|00|00|05|fa0003|2001048030[payload->].0||12,416
2025-08-02T02:44:39.884 0100|01|00|07|f701fe|2001040e012809[payload->]..(.||2,344
2025-08-02T02:54:47.884 0100|00|00|05|fa0001|2001043831[payload->]81||12,600
2025-08-02T02:54:47.985 0100|01|00|07|f701fe|2001040301b80d[payload->]....||3,512
2025-08-02T03:04:56.808 0100|00|00|05|fa0003|2001048030[payload->].0||12,416
2025-08-02T03:04:56.909 0100|01|00|07|f701fe|2001040e012809[payload->]..(.||2,344
2025-08-02T03:15:06.584 0100|00|00|05|fa0003|2001048030[payload->].0||12,416
2025-08-02T03:15:06.584 0100|01|00|07|f701fe|2001040e012809[payload->]..(.||2,344
2025-08-02T03:25:13.908 0100|00|00|05|fa0001|2001043831[payload->]81||12,600
2025-08-02T03:25:14.010 0100|01|00|07|f701fe|2001040301b80d[payload->]....||3,512
2025-08-02T03:25:14.821 0100|00|00|05|fa0003|2001048030[payload->].0||12,416
2025-08-02T03:25:14.821 0100|01|00|07|f701fe|2001040e012809[payload->]..(.||2,344
2025-08-02T03:35:22.353 0100|00|00|05|fa0001|2001043831[payload->]81||12,600
2025-08-02T03:35:22.354 0100|01|00|07|f701fe|2001040301b80d[payload->]....||3,512
2025-08-02T03:45:31.185 0100|00|00|05|fa0001|2001043831[payload->]81||12,600
2025-08-02T03:45:31.186 0100|01|00|07|f701fe|2001040301b80d[payload->]....||3,512
2025-08-02T03:55:38.918 0100|00|00|05|fa0001|2001043831[payload->]81||12,600
2025-08-02T03:55:38.918 0100|01|00|07|f701fe|2001040301b80d[payload->]....||3,512
2025-08-02T03:55:39.831 0100|00|00|05|fa0003|2001048030[payload->].0||12,416
2025-08-02T03:55:39.831 0100|01|00|07|f701fe|2001040e012809[payload->]..(.||2,344
2025-08-02T04:05:47.193 0100|00|00|05|fa0001|2001043831[payload->]81||12,600
2025-08-02T04:05:47.194 0100|01|00|07|f701fe|2001040301b80d[payload->]....||3,512
2025-08-02T04:15:57.298 0100|00|00|05|fa0003|2001048030[payload->].0||12,416
2025-08-02T04:15:57.298 0100|01|00|07|f701fe|2001040e012809[payload->]..(.||2,344
2025-08-02T04:26:06.368 0100|00|00|05|fa0003|2001048030[payload->].0||12,416
2025-08-02T04:26:06.469 0100|01|40|07|f701fe|2001040e012809[payload->]..(.||2,344
2025-08-02T04:36:13.894 0100|00|00|05|fa0001|2001043831[payload->]81||12,600
2025-08-02T04:36:13.995 0100|01|00|07|f701fe|2001040301b80d[payload->]....||3,512
2025-08-02T04:46:23.426 0100|00|00|05|fa0003|2001048030[payload->].0||12,416
2025-08-02T04:56:32.341 0100|00|00|05|fa0003|2001048030[payload->].0||12,416
2025-08-02T04:56:32.442 0100|01|00|07|f701fe|2001040e012809[payload->]..(.||2,344
2025-08-02T05:06:39.703 0100|00|00|05|fa0001|2001043831[payload->]81||12,600
2025-08-02T05:06:39.804 0100|01|00|07|f701fe|2001040301b80d[payload->]....||3,512
2025-08-02T05:16:49.125 0100|00|00|05|fa0001|2001043831[payload->]81||12,600
2025-08-02T05:16:49.226 0100|01|00|07|f701fe|2001040301b80d[payload->]....||3,512
2025-08-02T05:26:58.325 0100|00|00|05|fa0003|2001048030[payload->].0||12,416
2025-08-02T05:26:58.325 0100|01|00|07|f701fe|2001040e012809[payload->]..(.||2,344
2025-08-02T05:47:14.972 0100|00|00|05|fa0001|2001043831[payload->]81||12,600
2025-08-02T05:47:14.973 0100|01|00|07|f701fe|2001040301b80d[payload->]....||3,512
2025-08-02T05:47:16.188 0100|00|00|05|fa0003|2001048030[payload->].0||12,416
2025-08-02T05:57:23.936 0100|00|00|05|fa0001|2001043831[payload->]81||12,600
2025-08-02T05:57:23.936 0100|01|00|07|f701fe|2001040301b80d[payload->]....||3,512
2025-08-02T06:17:41.364 0100|00|00|05|fa0001|2001043831[payload->]81||12,600
2025-08-02T06:17:41.465 0100|01|00|07|f701fe|2001040301b80d[payload->]....||3,512
2025-08-02T06:27:49.600 0100|00|00|05|fa0001|2001043831[payload->]81||12,600
2025-08-02T06:27:49.701 0100|01|00|07|f701fe|2001040301b80d[payload->]....||3,512
2025-08-02T06:27:51.118 0100|01|00|07|f701fe|2001040e012809[payload->]..(.||2,344
2025-08-02T06:37:58.921 0100|00|00|05|fa0001|2001043831[payload->]81||12,600
2025-08-02T06:37:59.022 0100|01|00|07|f701fe|2001040301b80d[payload->]....||3,512
2025-08-02T06:37:59.630 0100|00|00|05|fa0003|2001048030[payload->].0||12,416
2025-08-02T06:37:59.732 0100|09|00|07|f701fe|2001040e012809[payload->]..(.||2,344
2025-08-02T06:48:08.872 0100|00|00|05|fa0003|2001048030[payload->].0||12,416
2025-08-02T06:48:08.973 0100|01|00|07|f701fe|2001040e012809[payload->]..(.||2,344
2025-08-02T06:58:18.330 0100|00|00|05|fa0003|2001048030[payload->].0||12,416
2025-08-02T06:58:18.330 0100|01|00|07|f701fe|2001040e012809[payload->]..(.||2,344
2025-08-02T07:08:26.491 0100|00|00|05|fa0001|2001043831[payload->]81||12,600
2025-08-02T07:08:26.491 0100|01|00|07|f701fe|2001040301b80d[payload->]....||3,512
2025-08-02T07:18:35.945 0100|00|00|05|fa0003|2001048030[payload->].0||12,416
2025-08-02T07:28:43.823 0100|00|00|05|fa0001|2001043831[payload->]81||12,600
2025-08-02T07:28:43.824 0100|01|00|07|f701fe|2001040301b80d[payload->]....||3,512
2025-08-02T07:38:52.536 0100|00|00|05|fa0001|2001043831[payload->]81||12,600
2025-08-02T07:38:52.536 0100|01|00|07|f701fe|2001040301b80d[payload->]....||3,512
2025-08-02T07:49:00.924 0100|00|00|05|fa0001|2001043831[payload->]81||12,600
2025-08-02T07:49:01.025 0100|01|00|07|f701fe|20010403fe2001[payload->].. .||0,288
2025-08-02T07:49:01.836 0100|00|00|05|fa0003|2001048030[payload->].0||12,416
2025-08-02T07:49:01.836 0100|01|00|07|f701fe|2001040e012809[payload->]..(.||2,344
2025-08-02T07:59:09.681 0100|00|00|05|fa0001|2001043831[payload->]81||12,600
2025-08-02T07:59:09.681 0100|01|00|07|f701fe|2001040301b80d[payload->]....||3,512
2025-08-02T08:09:19.626 0100|00|00|05|fa0003|2001048030[payload->].0||12,416
2025-08-02T08:09:19.727 0100|01|00|07|f701fe|2001040e012809[payload->]..(.||2,344
2025-08-02T08:19:28.695 0100|00|00|05|fa0001|2001043831[payload->]81||12,600
2025-08-02T08:19:28.695 0100|01|00|07|f701fe|2001040701b80d[payload->]....||3,512
2025-08-02T08:19:29.301 0100|00|00|05|fa0003|2001048030[payload->].0||12,416
2025-08-02T08:19:29.403 0100|01|00|07|f701fe|2001040e012809[payload->]..(.||2,344
2025-08-02T08:39:44.956 0100|00|00|05|fa0001|2001043831[payload->]81||12,600
2025-08-02T08:39:45.057 0100|01|00|07|f701fe|2001040301b80d[payload->]....||3,512
2025-08-02T08:49:53.756 0100|00|00|05|fa0001|2001043831[payload->]81||12,600
2025-08-02T08:49:53.857 0100|01|00|07|f701fe|2001040301b80d[payload->]....||3,512
2025-08-02T09:10:11.043 0100|00|00|05|fa0001|2001043831[payload->]81||12,600
2025-08-02T09:10:11.145 0100|01|00|07|f701fe|2001040301b80d[payload->]....||3,512
2025-08-02T09:20:19.541 0100|00|00|05|fa0001|2001043831[payload->]81||12,600
2025-08-02T09:20:19.542 0100|01|00|07|f701fe|2001040301b80d[payload->]....||3,512
2025-08-02T09:30:29.129 0100|00|00|05|fa0001|2001043831[payload->]81||12,600
2025-08-02T09:30:29.230 0100|01|00|07|f701fe|2001040301b80d[payload->]....||3,512
2025-08-02T09:40:37.110 0100|00|00|05|fa0001|2001043831[payload->]81||12,600
2025-08-02T09:40:37.211 0100|01|00|07|f701fe|2001040301b80d[payload->]....||3,512
2025-08-02T10:00:54.850 0100|00|00|05|fa0001|2001043831[payload->]81||12,600
2025-08-02T10:00:54.850 0100|01|00|07|f700fe|2001040301b80d[payload->]....||3,512
2025-08-02T10:00:55.863 0100|00|00|05|fa0003|2001048030[payload->].0||12,416
2025-08-02T10:11:03.002 0100|00|00|05|fa0001|2001043831[payload->]81||12,600
2025-08-02T10:11:03.103 0100|01|00|07|f701fe|2001040301b80d[payload->]....||3,512
2025-08-02T10:11:04.115 0100|01|00|07|f701fe|2001040e012809[payload->]..(.||2,344
2025-08-02T10:21:13.188 0100|00|00|05|fa0003|2001048030[payload->].0||12,416
2025-08-02T10:21:13.289 0100|01|00|07|f701fe|2001040e012809[payload->]..(.||2,344
2025-08-02T10:31:21.276 0100|00|00|05|fa0001|2001043831[payload->]81||12,600
2025-08-02T10:31:21.276 0100|01|00|07|f701fe|2001040301b80d[payload->]....||3,512
2025-08-02T10:41:31.869 0100|00|00|05|fa0003|2001048030[payload->].0||12,416
2025-08-02T10:41:31.870 0100|01|00|07|f701fe|2001040e012809[payload->]..(.||2,344
2025-08-02T10:51:39.535 0100|00|00|05|fa0001|2001043831[payload->]81||12,600
2025-08-02T10:51:39.636 0100|01|00|07|f701fe|2001040301b80d[payload->]....||3,512
2025-08-02T11:01:48.175 0100|00|00|05|fa0001|2001043831[payload->]81||12,600
2025-08-02T11:01:48.276 0100|01|00|07|f701fe|2001040301b80d[payload->]....||3,512
2025-08-02T11:11:57.518 0100|00|00|05|fa0001|2001043831[payload->]81||12,600
2025-08-02T11:11:57.518 0100|01|00|07|f701fe|2001040301b80d[payload->]....||3,512
2025-08-02T11:22:04.948 0100|00|00|05|fa0001|2001043831[payload->]81||12,600
2025-08-02T11:22:05.050 0100|01|00|07|f701fe|2001040301b80d[payload->]....||3,512
2025-08-02T11:32:13.964 0100|00|00|05|fa0001|2001043831[payload->]81||12,600
2025-08-02T11:32:13.964 0100|01|00|07|f701fe|2001040301b80d[payload->]....||3,512
2025-08-02T11:32:14.876 0100|00|00|05|fa0003|2001048030[payload->].0||12,416
2025-08-02T11:32:14.877 0100|01|00|07|f701fe|2001040e012809[payload->]..(.||2,344
2025-08-02T11:42:23.324 0100|00|00|05|fa0001|2001043831[payload->]81||12,600
2025-08-02T11:42:23.324 0100|01|00|07|f703fe|2001040301b80d[payload->]....||3,512
2025-08-02T11:52:32.158 0100|00|00|05|fa0001|2001043831[payload->]81||12,600
2025-08-02T11:52:32.159 0100|01|00|07|f701fe|2001040301b80d[payload->]....||3,512
2025-08-02T12:12:49.743 0100|00|00|05|fa0001|2001043831[payload->]81||12,600
2025-08-02T12:12:49.844 0100|01|00|07|f701fe|2001040301b80d[payload->]....||3,512
2025-08-02T12:12:50.757 0100|00|00|05|fa0003|2001048030[payload->].0||12,416
2025-08-02T12:12:50.858 0100|01|00|07|f701fe|2001040e012809[payload->]..(.||2,344
2025-08-02T12:22:58.215 0100|00|00|05|fa0001|2001043831[payload->]81||12,600
2025-08-02T12:22:58.316 0100|01|00|07|f701fe|2001040301b80d[payload->]....||3,512
2025-08-02T12:33:06.158 0100|00|00|05|fa0001|2001043831[payload->]81||12,600
2025-08-02T12:33:06.259 0100|01|00|07|f701fe|2001040301b80d[payload->]....||3,512
2025-08-02T12:43:15.084 0100|00|00|05|fa0001|2001043831[payload->]81||12,600
2025-08-02T12:43:15.186 0100|01|00|07|f701fe|2001040301b80d[payload->]....||3,512
2025-08-02T12:43:15.996 0100|00|00|05|fa0003|2001048030[payload->].0||12,416
2025-08-02T12:43:16.097 0100|01|00|07|f701fe|2001040e012809[payload->]..(.||2,344
2025-08-02T12:53:23.838 0100|01|00|07|f701fe|2001040301b80d[payload->]....||3,512
2025-08-02T13:03:33.620 0100|00|00|05|fa0003|2001048030[payload->].0||12,416
2025-08-02T13:03:33.721 0100|01|00|07|f701fe|2001040e012809[payload->]..(.||2,344
2025-08-02T13:13:42.267 0100|01|00|07|f701fe|2001040e012809[payload->]..(.||2,344
2025-08-02T13:23:49.795 0100|00|00|05|fa0001|2001043831[payload->]81||12,600
2025-08-02T13:23:49.896 0100|01|00|07|f701fe|2001040301b80d[payload->]....||3,512
2025-08-02T14:04:24.742 0100|00|00|05|fa0001|2001043831[payload->]81||12,600
2025-08-02T14:04:24.843 0100|01|00|07|f701fe|2001040301b80d[payload->]....||3,512
2025-08-02T14:04:25.956 0100|00|00|05|fa0003|2001048030[payload->].0||12,416
2025-08-02T14:04:26.057 0100|01|00|07|f701fe|2001040e012809[payload->]..(.||2,344
2025-08-02T14:14:33.962 0100|00|00|05|fa0001|2001043831[payload->]81||12,600
2025-08-02T14:14:33.962 0100|01|00|07|f701fe|2001040301b80d[payload->]....||3,512
2025-08-02T14:14:34.976 0100|00|00|05|fa0003|2001048030[payload->].0||12,416
2025-08-02T14:14:35.077 0100|01|00|07|f701fe|2001040e012809[payload->]..(.||2,344
2025-08-02T14:24:42.882 0100|00|00|05|fa0001|2001043831[payload->]81||12,600
2025-08-02T14:45:00.379 0100|00|00|05|fa0001|2001043831[payload->]81||12,600
2025-08-02T14:45:00.380 0100|01|00|07|f701fe|2001040301b80d[payload->]....||3,512
2025-08-02T14:55:09.761 0100|00|00|05|fa0003|2001048030[payload->].0||12,416
2025-08-02T14:55:09.862 0100|01|00|07|f701fe|2001040e012809[payload->]..(.||2,344
2025-08-02T15:15:28.399 0100|00|00|05|fa0003|2001048030[payload->].0||12,416
2025-08-02T15:15:28.500 0100|01|00|07|f701fe|2001040e012809[payload->]..(.||2,344
2025-08-02T15:35:45.168 0100|00|00|05|fa0001|2001043831[payload->]81||12,600
2025-08-02T15:35:45.269 0100|01|00|07|f701fe|2001040301b80d[payload->]....||3,512
2025-08-02T15:35:46.181 0100|00|00|05|fa0003|2001048030[payload->].0||12,416
2025-08-02T15:35:46.182 0100|01|00|07|f701fe|2001040e012809[payload->]..(.||2,344
2025-08-02T15:45:54.139 0100|00|00|05|fa0001|2001043831[payload->]81||12,600
2025-08-02T15:45:54.240 0100|01|00|07|f701fe|2001040301b80d[payload->]....||3,512
2025-08-02T15:45:55.148 0100|00|00|05|fa0003|2001048030[payload->].0||12,416
2025-08-02T15:45:55.149 0100|01|00|07|f701fe|2001040e012809[payload->]..(.||2,344
2025-08-02T16:06:11.246 0100|00|00|05|fa0001|2001043831[payload->]81||12,600
2025-08-02T16:06:11.347 0100|01|00|07|f701fe|2001040301b80d[payload->]....||3,512
2025-08-02T16:06:12.158 0100|00|00|05|fa0003|2001048030[payload->].0||12,416
2025-08-02T16:06:12.259 0100|01|00|07|f701fe|2001040e012809[payload->]..(.||2,344
2025-08-02T16:16:19.766 0100|00|00|05|fa0001|2001043831[payload->]81||12,600
2025-08-02T16:16:19.766 0100|01|00|07|f701fe|2001040301b80d[payload->]....||3,512
2025-08-02T16:16:20.780 0100|00|00|05|fa0003|2001048030[payload->].0||12,416
2025-08-02T16:26:28.867 0100|00|00|05|fa0003|2001048030[payload->].0||12,416
2025-08-02T16:26:28.968 0100|01|00|07|f701fe|2001040e012809[payload->]..(.||2,344
2025-08-02T16:46:46.430 0100|01|00|07|f701fe|2001040301b80d[payload->]....||3,512
2025-08-02T16:46:47.037 0100|00|00|05|fa0003|2001048030[payload->].0||12,416
2025-08-02T16:46:47.037 0100|01|00|07|f701fe|2001040e012809[payload->]..(.||2,344
2025-08-02T16:56:54.815 0100|00|00|05|fa0001|2001043831[payload->]81||12,600
2025-08-02T16:56:54.916 0100|01|00|07|f701fe|2001040301b80d[payload->]....||3,512
2025-08-02T17:07:04.170 0100|00|00|05|fa0001|2001043831[payload->]81||12,600
2025-08-02T17:07:04.271 0100|01|00|07|f701fe|2001040301b80d[payload->]....||3,512
2025-08-02T17:07:05.183 0100|00|00|05|fa0003|2001048030[payload->].0||12,416
2025-08-02T17:07:05.184 0100|01|00|07|f701fe|2001040e012809[payload->]..(.||2,344
2025-08-02T17:27:21.192 0100|00|00|05|fa0001|2001043831[payload->]81||12,600
2025-08-02T17:27:21.192 0100|01|00|07|f701fe|2001040301b80d[payload->]....||3,512
2025-08-02T17:27:22.103 0100|00|00|05|fa0003|2001048030[payload->].0||12,416
2025-08-02T17:27:22.204 0100|01|00|07|f701fe|2001040e012809[payload->]..(.||2,344
2025-08-02T17:37:29.792 0100|00|00|05|fa0001|2001043831[payload->]81||12,600
2025-08-02T17:37:29.894 0100|01|00|07|f701fe|2001040301b80d[payload->]....||3,512
2025-08-02T17:47:39.895 0100|00|00|05|fa0003|2001048030[payload->].0||12,416
2025-08-02T17:47:39.996 0100|01|00|07|f701fe|2001040e012809[payload->]..(.||2,344
2025-08-02T17:57:47.999 0100|00|00|05|fa0001|2001043831[payload->]81||12,600
2025-08-02T17:57:48.000 0100|01|00|07|f701fe|2001040301b80d[payload->]....||3,512
2025-08-02T18:07:58.224 0100|00|00|05|fa0003|2001048030[payload->].0||12,416
2025-08-02T18:07:58.325 0100|01|00|07|f701fe|2001040e012809[payload->]..(.||2,344
2025-08-02T18:18:07.221 0100|00|00|05|fa0003|2001048030[payload->].0||12,416
2025-08-02T18:18:07.322 0100|01|00|07|f701fe|2001040e012809[payload->]..(.||2,344
2025-08-02T18:28:16.121 0100|00|00|05|fa0003|2001048030[payload->].0||12,416
2025-08-02T18:38:24.018 0100|00|00|05|fa0001|2001043831[payload->]81||12,600
2025-08-02T18:38:24.119 0100|01|00|07|f701fe|2001040301b80d[payload->]....||3,512
2025-08-02T18:48:33.135 0100|00|00|05|fa0001|2001043831[payload->]81||12,600
2025-08-02T18:48:33.236 0100|01|00|07|f701fe|2001040301b80d[payload->]....||3,512
2025-08-02T18:58:42.458 0100|00|00|05|fa0003|2001048030[payload->].0||12,416
2025-08-02T18:58:42.559 0100|01|00|07|f701fe|2001040e012809[payload->]..(.||2,344
2025-08-02T19:08:51.446 0100|00|00|05|fa0003|2001048030[payload->].0||12,416
2025-08-02T19:08:51.547 0100|01|00|07|f701fe|2001040e012809[payload->]..(.||2,344
2025-08-02T19:18:59.138 0100|00|00|05|fa0001|2001043831[payload->]81||12,600
2025-08-02T19:18:59.240 0100|01|00|07|f701fe|2001040301b80d[payload->]....||3,512
2025-08-02T19:19:00.454 0100|00|00|05|fa0003|2001048030[payload->].0||12,416
2025-08-02T19:19:00.555 0100|01|00|07|f701fe|2001040e012809[payload->]..(.||2,344
2025-08-02T19:39:17.856 0100|00|00|05|fa0001|2001043831[payload->]81||12,600
2025-08-02T19:39:18.666 0100|00|00|05|fa0003|2001048030[payload->].0||12,416
2025-08-02T19:39:18.767 0100|01|00|07|f701fe|2001040e012809[payload->]..(.||2,344
2025-08-02T20:09:45.477 0100|00|00|05|fa0003|2001048030[payload->].0||12,416
2025-08-02T20:09:45.578 0100|01|00|07|f701fe|2001040e012809[payload->]..(.||2,344
2025-08-02T20:19:53.654 0100|00|00|05|fa0003|2001048030[payload->].0||12,416
2025-08-02T20:19:53.756 0100|01|00|07|f701fe|2001040e012809[payload->]..(.||2,344
2025-08-02T20:30:01.537 0100|00|00|05|fa0001|2001043831[payload->]81||12,600
2025-08-02T20:30:01.537 0100|01|00|07|f701fe|2001040301b80d[payload->]....||3,512
2025-08-02T20:40:10.361 0100|00|00|05|fa0001|2001043831[payload->]81||12,600
2025-08-02T20:40:10.562 0100|01|00|07|f701fe|2001040301b80d[payload->]....||3,512
2025-08-02T20:40:11.068 0100|01|00|07|f701fe|2001040e012809[payload->]..(.||2,344
2025-08-02T20:50:19.190 0100|00|00|05|fa0001|2001043831[payload->]81||12,600
2025-08-02T20:50:19.190 0100|01|00|07|f701fe|2001040301b80d[payload->]....||3,512
2025-08-02T21:10:37.196 0100|00|00|05|fa0001|2001043831[payload->]81||12,600
2025-08-02T21:20:45.267 0100|00|00|05|fa0001|2001043831[payload->]81||12,600
2025-08-02T21:20:45.267 0100|01|00|07|f701fe|2001040301b80d[payload->]....||3,512
2025-08-02T21:41:02.617 0100|00|00|05|fa0001|2001043831[payload->]81||12,600
2025-08-02T21:41:02.718 0100|01|00|07|f701fe|2001040301b80d[payload->]....||3,512
2025-08-02T21:51:12.132 0100|00|00|05|fa0003|2001048030[payload->].0||12,416
2025-08-02T21:51:12.234 0100|01|00|07|f701fe|2001040e012809[payload->]..(.||2,344
2025-08-02T22:11:30.546 0100|01|00|07|f701fe|2001040e012809[payload->]..(.||2,344
2025-08-02T22:41:55.819 0100|00|00|05|fa0001|2001043831[payload->]81||12,600
2025-08-02T22:41:55.920 0100|01|00|07|f701fe|2001040301b80d[payload->]....||3,512
2025-08-02T22:52:04.244 0100|00|00|05|fa0001|2001043831[payload->]81||12,600
2025-08-02T22:52:04.446 0100|01|00|07|f701fe|2001040301b80d[payload->]....||3,512
2025-08-02T23:02:14.417 0100|00|00|05|fa0003|2001048030[payload->].0||12,416
2025-08-02T23:02:14.518 0100|01|00|07|f701fe|2001040e012809[payload->]..(.||2,344
2025-08-02T23:12:22.669 0100|00|00|05|fa0001|2001043831[payload->]81||12,600
2025-08-02T23:12:22.669 0100|01|00|07|f701fe|2001040301b80d[payload->]....||3,512
2025-08-02T23:32:38.864 0100|00|00|05|fa0001|2001043831[payload->]81||12,600
2025-08-02T23:32:38.865 0100|01|00|07|f701fe|2001040301b80d[payload->]....||3,512
2025-08-02T23:42:48.493 0100|00|00|05|fa0001|2001043831[payload->]81||12,600
2025-08-02T23:42:48.897 0100|01|00|07|f701fe|2001040e012809[payload->]..(.||2,344
2025-08-03T00:03:05.531 0100|00|00|05|fa0001|2001043831[payload->]81||12,600
2025-08-03T00:03:05.531 0100|01|00|07|f701fe|2001040301b80d[payload->]....||3,512
2025-08-03T00:13:14.907 0100|00|00|05|fa0001|2001043831[payload->]81||12,600
2025-08-03T00:13:15.008 0100|01|00|07|f701fe|2001040301b80d[payload->]....||3,512
2025-08-03T00:23:23.829 0100|00|00|05|fa0001|2001043831[payload->]81||12,600
2025-08-03T00:33:33.369 0100|00|00|05|fa0003|2001048030[payload->].0||12,416
2025-08-03T00:33:33.470 0100|01|00|07|f701fe|2001040e01280b[payload->]..(.||2,856
2025-08-03T00:43:42.421 0100|00|00|05|fa0003|2001048030[payload->].0||12,416
2025-08-03T00:43:42.523 0100|01|00|07|f701fe|2001040e012809[payload->]..(.||2,344
2025-08-03T01:03:58.850 0100|00|00|05|fa0001|2001043831[payload->]81||12,600
2025-08-03T01:03:58.851 0100|01|00|07|f701fe|2001040301b80d[payload->]....||3,512
2025-08-03T01:24:17.094 0100|00|00|05|fa0003|2001048030[payload->].0||12,416
2025-08-03T01:24:17.195 0100|01|00|07|f701fe|2001040e012809[payload->]..(.||2,344
2025-08-03T01:34:25.217 0100|00|00|05|fa0001|2001043831[payload->]81||12,600
2025-08-03T01:34:25.318 0100|01|00|07|f701fe|2001040301b80d[payload->]....||3,512
2025-08-03T01:44:34.988 0100|00|00|05|fa0003|2001048030[payload->].0||12,416
2025-08-03T01:44:35.089 0100|01|00|07|f701fe|2001040e012809[payload->]..(.||2,344
2025-08-03T01:54:42.596 0100|00|00|05|fa0001|2001043831[payload->]81||12,600
2025-08-03T01:54:42.596 0100|01|00|07|f701fe|2001040301b80d[payload->]....||3,512
2025-08-03T01:54:43.102 0100|00|00|05|fa0003|2001048030[payload->].0||12,416
2025-08-03T01:54:43.203 0100|01|00|07|f701fe|2001040e012809[payload->]..(.||2,344
2025-08-03T02:04:50.878 0100|00|00|05|fa0003|2001048030[payload->].0||12,416
2025-08-03T02:04:50.979 0100|01|00|07|f701fe|2001040e012809[payload->]..(.||2,344
2025-08-03T02:35:16.356 0100|00|00|05|fa0001|2001043831[payload->]81||12,600
2025-08-03T02:35:17.062 0100|01|88|87|f701fe|2001040301b80d0100000005fa000120010b3c710100010019e501fe20010bffffffffffffffffffffffffffff03300f00e6340100010019e501fe300f004d4b322e31000000000000000000000000000000940f0100000005fa0003301800163b0100010007f701fe3018001c0016430100000005fa000300010342710100010007f701fe2001[payload->]............ ..<q........ .................0...4........0..MK2.1.........................0...;........0.....C...........Bq........ .||0,288
2025-08-03T02:45:25.762 0100|00|00|05|fa0003|2001048030[payload->].0||12,416
2025-08-03T02:45:25.863 0100|01|00|07|f701fe|2001040e012809[payload->]..(.||2,344
2025-08-03T02:55:35.161 0100|00|00|05|fa0003|2001048030[payload->].0||12,416
2025-08-03T02:55:35.162 0100|01|00|07|f701fe|2001040e012809[payload->]..(.||2,344
2025-08-03T03:15:51.165 0100|01|00|07|f701fe|2001040301b80d[payload->]....||3,512
2025-08-03T03:26:00.643 0100|00|00|05|fa0001|2001043831[payload->]81||12,600
2025-08-03T03:26:00.744 0100|01|00|07|f701fe|2001040301b80d[payload->]....||3,512
2025-08-03T03:36:10.696 0100|00|00|05|fa0003|2001048030[payload->].0||12,416
2025-08-03T03:36:10.696 0100|01|00|07|f701fe|2001040e012809[payload->]..(.||2,344
2025-08-03T03:56:28.575 0100|00|00|05|fa0001|2001043831[payload->]81||12,600
2025-08-03T03:56:28.676 0100|01|00|07|f701fe|2001040301b80d[payload->]....||3,512
2025-08-03T04:06:37.369 0100|00|00|05|fa0001|2001043831[payload->]81||12,600
2025-08-03T04:06:37.370 0100|01|00|07|f701fe|2001040301b80d[payload->]....||3,512
2025-08-03T04:57:22.567 0100|00|00|05|fa0003|2001048030[payload->].0||12,416
2025-08-03T04:57:22.668 0100|01|00|07|f701fe|2001040e012809[payload->]..(.||2,344
2025-08-03T05:07:30.538 0100|00|00|05|fa0001|2001043831[payload->]81||12,600
2025-08-03T05:07:30.639 0100|01|00|07|f701fe|2001040301b80d[payload->]....||3,512
2025-08-03T05:07:31.449 0100|00|00|05|fa0003|2001048030[payload->].0||12,416
2025-08-03T05:07:31.550 0100|01|00|07|f701fe|2001040e012809[payload->]..(.||2,344
2025-08-03T05:27:49.691 0100|00|00|05|fa0003|2001048030[payload->].0||12,416
2025-08-03T05:27:49.692 0100|01|00|07|f701fe|2001040e012809[payload->]..(.||2,344
2025-08-03T05:58:16.945 0100|00|00|05|fa0003|2001048030[payload->].0||12,416
2025-08-03T05:58:16.945 0100|01|00|07|f701fe|2001040e012809[payload->]..(.||2,344
2025-08-03T06:08:24.291 0100|00|00|05|fa0003|2001048030[payload->].0||12,416
2025-08-03T06:08:24.392 0100|01|00|07|f701fe|2001040e012809[payload->]..(.||2,344
2025-08-03T06:18:32.988 0100|00|00|05|fa0001|2001043831[payload->]81||12,600
2025-08-03T06:18:32.988 0100|01|00|07|f701fe|2001040301b80d[payload->]....||3,512
2025-08-03T06:18:33.696 0100|00|00|05|fa0003|2001048030[payload->].0||12,416
2025-08-03T06:18:33.797 0100|01|00|07|f701fe|2001040e012809[payload->]..(.||2,344
2025-08-03T06:38:51.568 0100|00|00|05|fa0003|2001048030[payload->].0||12,416
2025-08-03T06:38:51.569 0100|01|00|07|f701fe|2001040e012809[payload->]..(.||2,344
2025-08-03T06:48:59.387 0100|00|00|05|fa0003|2001048030[payload->].0||12,416
2025-08-03T06:48:59.488 0100|01|00|07|f701fe|2001040e012809[payload->]..(.||2,344
2025-08-03T07:09:16.890 0100|01|00|07|f701fe|2001040301b80d[payload->]....||3,512
2025-08-03T07:19:26.427 0100|00|00|05|fa0001|2001043831[payload->]81||12,600
2025-08-03T07:19:26.427 0100|01|00|07|f701fe|2001040301b80d[payload->]....||3,512
2025-08-03T07:29:35.360 0100|00|00|05|fa0001|2001043831[payload->]81||12,600
2025-08-03T07:29:35.461 0100|01|00|07|f701fe|2001040301b80d[payload->]....||3,512
2025-08-03T07:39:43.664 0100|00|00|05|fa0001|2001043831[payload->]81||12,600
2025-08-03T07:39:43.665 0100|00|00|07|f701fe|2001040301b80d[payload->]....||3,512
2025-08-03T08:00:00.084 0100|00|00|05|fa0001|2001043831[payload->]81||12,600
2025-08-03T08:00:00.792 0100|00|00|05|fa0003|2001048030[payload->].0||12,416
2025-08-03T08:00:00.893 0100|01|00|07|f701fe|2001040e012809[payload->]..(.||2,344
2025-08-03T08:10:09.237 0100|00|00|05|fa0003|2001048030[payload->].0||12,416
2025-08-03T08:10:09.237 0100|01|00|07|f701fe|2001040e012809[payload->]..(.||2,344
2025-08-03T08:30:27.234 0100|00|00|05|fa0003|2001048030[payload->].0||12,416
2025-08-03T08:30:27.336 0100|01|00|07|f701fe|2001040e012809[payload->]..(.||2,344
2025-08-03T08:40:35.297 0100|00|00|05|fa0001|2001043831[payload->]81||12,600
2025-08-03T08:40:35.398 0100|01|00|07|f701fe|2001040301b80d[payload->]....||3,512
2025-08-03T09:00:54.620 0100|00|00|05|fa0003|2001048030[payload->].0||12,416
2025-08-03T09:00:54.720 0100|01|00|07|f701fe|2001040e012809[payload->]..(.||2,344
2025-08-03T09:31:19.482 0100|00|00|05|fa0003|2001048030[payload->].0||12,416
2025-08-03T09:31:19.583 0100|01|00|07|f701fe|2001040e012809[payload->]..(.||2,344
2025-08-03T09:41:27.220 0100|00|00|05|fa0001|2001043831[payload->]81||12,600
2025-08-03T09:41:27.321 0100|01|00|07|f701fe|20010403010001[payload->]....||0,256
2025-08-03T09:51:36.404 0100|00|00|05|fa0001|2001043831[payload->]81||12,600
2025-08-03T09:51:36.506 0100|01|00|07|f701fe|2001040301b80d[payload->]....||3,512
2025-08-03T09:51:37.011 0100|00|00|05|fa0003|2001048030[payload->].0||12,416
2025-08-03T09:51:37.012 0100|01|00|07|f701fe|2001040e012809[payload->]..(.||2,344
2025-08-03T10:01:45.278 0100|00|00|05|fa0001|2001043831[payload->]81||12,600
2025-08-03T10:01:45.379 0100|01|00|07|f701fe|2001040301b80d[payload->]....||3,512
2025-08-03T10:11:53.894 0100|00|00|05|fa0001|2001043831[payload->]81||12,600
2025-08-03T10:11:53.894 0100|01|00|07|f701fe|2001040301b80d[payload->]....||3,512
2025-08-03T10:22:03.121 0100|00|00|05|fa0001|2001043831[payload->]81||12,600
2025-08-03T10:22:04.033 0100|00|00|05|fa0003|2001048030[payload->].0||12,416
2025-08-03T10:22:04.134 0100|01|00|07|f701fe|2001040e012809[payload->]..(.||2,344
2025-08-03T10:32:12.036 0100|00|00|05|fa0003|2001048030[payload->].0||12,416
2025-08-03T10:42:20.285 0100|00|00|05|fa0001|2001043831[payload->]81||12,600
2025-08-03T10:42:20.386 0100|01|00|07|f701fe|2001040301b80d[payload->]....||3,512
2025-08-03T10:52:29.338 0100|00|00|05|fa0001|2001043831[payload->]81||12,600
2025-08-03T10:52:30.148 0100|00|00|05|fa0003|2001048030[payload->].0||12,416
2025-08-03T10:52:30.249 0100|01|00|07|f701fe|2001040e012809[payload->]..(.||2,344
2025-08-03T11:02:38.269 0100|00|00|05|fa0001|2001043831[payload->]81||12,600
2025-08-03T11:02:38.269 0100|01|00|07|f701fe|2001040301b80d[payload->]....||3,512
2025-08-03T11:12:47.189 0100|00|00|05|fa0001|2001043831[payload->]81||12,600
2025-08-03T11:12:47.190 0100|01|00|07|f701fe|2001040301b80d[payload->]....||3,512
2025-08-03T11:12:48.102 0100|00|00|05|fa0003|2001048030[payload->].0||12,416
2025-08-03T11:12:48.203 0100|01|00|07|f701fe|2001040e012809[payload->]..(.||2,344
2025-08-03T11:33:05.117 0100|00|00|05|fa0001|2001043831[payload->]81||12,600
2025-08-03T11:33:05.218 0100|01|00|07|f701fe|2001040301b80d[payload->]....||3,512
2025-08-03T11:43:13.894 0100|00|00|05|fa0001|2001043831[payload->]81||12,600
2025-08-03T11:43:13.996 0100|01|00|07|f701fe|2001040301b80d[payload->]....||3,512
2025-08-03T11:53:23.629 0100|00|00|05|fa0001|2001043831[payload->]81||12,600
2025-08-03T11:53:23.630 0100|01|00|07|f701fe|2001040301b80d[payload->]....||3,512
2025-08-03T12:03:32.300 0100|00|00|05|fa0001|2001043831[payload->]81||12,600
2025-08-03T12:03:32.401 0100|01|00|07|f701fe|2001040301b80d[payload->]....||3,512
2025-08-03T12:13:41.947 0100|00|00|05|fa0003|2001048030[payload->].0||12,416
2025-08-03T12:13:42.048 0100|01|00|07|f701fe|2001040e012809[payload->]..(.||2,344
2025-08-03T12:23:49.618 0100|00|00|05|fa0001|2001043831[payload->]81||12,600
2025-08-03T12:23:49.719 0100|01|00|07|f701fe|2001040301b80d[payload->]....||3,512
2025-08-03T12:33:59.404 0100|00|00|05|fa0001|2001043831[payload->]81||12,600
2025-08-03T12:34:00.218 0100|00|00|05|fa0003|2001048030[payload->].0||12,416
2025-08-03T12:34:00.219 0100|01|00|07|f701fe|2001040e012809[payload->]..(.||2,344
2025-08-03T12:54:18.567 0100|01|00|07|f701fe|2001040e012809[payload->]..(.||2,344
2025-08-03T13:14:34.958 0100|00|00|05|fa0001|2001043831[payload->]81||12,600
2025-08-03T13:14:35.059 0100|01|00|07|f701fe|2001040301b80d[payload->]....||3,512
2025-08-03T13:14:35.972 0100|00|00|05|fa0003|2001048030[payload->].0||12,416
2025-08-03T13:14:36.073 0100|01|00|07|f701fe|2001040e012809[payload->]..(.||2,344
2025-08-03T13:24:43.962 0100|00|00|05|fa0001|2001043831[payload->]81||12,600
2025-08-03T13:24:44.063 0100|01|00|07|f701fe|2001040301b80d[payload->]....||3,512
2025-08-03T13:24:45.279 0100|00|00|05|fa0003|2001048030[payload->].0||12,416
2025-08-03T13:45:02.253 0100|00|00|05|fa0001|2001043831[payload->]81||12,600
2025-08-03T13:45:02.354 0100|01|00|07|f701fe|2001040301b80d[payload->]....||3,512
2025-08-03T13:45:02.860 0100|00|00|05|fa0003|2001048030[payload->].0||12,416
2025-08-03T13:45:02.961 0100|01|00|07|f701fe|2001040e012809[payload->]..(.||2,344
2025-08-03T13:55:11.356 0100|00|00|05|fa0001|2001043831[payload->]81||12,600
2025-08-03T13:55:11.457 0100|01|00|07|f701fe|2001040301b80d[payload->]....||3,512
2025-08-03T14:05:19.943 0100|00|00|05|fa0001|2001043831[payload->]81||12,600
2025-08-03T14:05:20.145 0100|01|00|07|f701fe|2001040301b80d[payload->]....||3,512
2025-08-03T14:05:20.956 0100|00|00|05|fa0003|2001048030[payload->].0||12,416
2025-08-03T14:05:21.057 0100|01|00|07|f701fe|2001040e012809[payload->]..(.||2,344
2025-08-03T14:15:29.288 0100|00|00|05|fa0001|2001043831[payload->]81||12,600
2025-08-03T14:15:29.389 0100|01|00|07|f701fe|2001040301b80d[payload->]....||3,512
2025-08-03T14:15:29.997 0100|00|00|05|fa0003|2001048030[payload->].0||12,416
2025-08-03T14:15:30.098 0100|01|00|07|f701fe|2001040e012809[payload->]..(.||2,344
2025-08-03T14:25:39.217 0100|00|00|05|fa0003|2001048030[payload->].0||12,416
2025-08-03T14:25:39.419 0100|01|00|07|f701fe|2001040e012809[payload->]..(.||2,344
2025-08-03T14:45:54.987 0100|00|00|05|fa0001|2001043831[payload->]81||12,600
2025-08-03T14:45:54.988 0100|01|00|07|f701fe|2001040301b80d[payload->]....||3,512
2025-08-03T14:56:03.341 0100|00|00|05|fa0001|2001043831[payload->]81||12,600
2025-08-03T14:56:03.442 0100|01|00|07|f701fe|2001040301b80d[payload->]....||3,512
2025-08-03T14:56:04.860 0100|00|00|05|fa0003|2001048030[payload->].0||12,416
2025-08-03T15:06:12.831 0100|00|00|05|fa0001|2001043831[payload->]81||12,600
2025-08-03T15:06:12.831 0100|01|00|07|f701fe|2001040301b80d[payload->]....||3,512
2025-08-03T15:16:21.118 0100|00|00|05|fa0001|2001043831[payload->]81||12,600
2025-08-03T15:16:21.220 0100|01|00|07|f701fe|2001040301b80d[payload->]....||3,512
2025-08-03T15:16:22.535 0100|00|00|05|fa0003|2001048030[payload->].0||12,416
2025-08-03T15:16:22.637 0100|01|00|07|f701fe|2001040e012809[payload->]..(.||2,344
2025-08-03T15:26:29.664 0100|00|00|05|fa0001|2001043831[payload->]81||12,600
2025-08-03T15:26:29.765 0100|01|00|07|f701fe|2001040301b80d[payload->]....||3,512
2025-08-03T15:36:39.627 0100|00|00|05|fa0001|2001043831[payload->]81||12,600
2025-08-03T15:36:39.728 0100|01|00|07|f701fe|2001040301b80d[payload->]....||3,512
2025-08-03T15:46:49.125 0100|00|00|05|fa0003|2001048030[payload->].0||12,416
2025-08-03T15:46:49.125 0100|01|00|07|f701fe|2001040e012809[payload->]..(.||2,344
2025-08-03T15:56:57.367 0100|00|00|05|fa0001|2001043831[payload->]81||12,600
2025-08-03T15:56:57.367 0100|01|00|07|f701fe|2001040301b80d[payload->]....||3,512
2025-08-03T16:07:04.774 0100|00|00|05|fa0001|2001043831[payload->]81||12,600
2025-08-03T16:07:04.774 0100|01|00|07|f701fe|2001040301b80d[payload->]....||3,512
2025-08-03T16:07:05.685 0100|00|00|05|fa0003|2001048030[payload->].0||12,416
2025-08-03T16:07:05.786 0100|01|00|07|f701fe|2001040e012809[payload->]..(.||2,344
2025-08-03T16:17:13.821 0100|00|00|05|fa0001|2001043831[payload->]81||12,600
2025-08-03T16:17:13.922 0100|01|00|07|f701fe|2001040301b80d[payload->]....||3,512
2025-08-03T16:17:14.936 0100|00|00|05|fa0003|2001048030[payload->].0||12,416
2025-08-03T16:17:15.037 0100|01|00|07|f701fe|2001040e012809[payload->]..(.||2,344
2025-08-03T16:37:31.348 0100|00|00|05|fa0001|2001043831[payload->]81||12,600
2025-08-03T16:37:31.449 0100|01|00|07|f701fe|2001040301b80d[payload->]....||3,512
2025-08-03T16:37:32.158 0100|00|00|05|fa0003|2001048030[payload->].0||12,416
2025-08-03T16:47:39.898 0100|00|00|05|fa0001|2001043831[payload->]81||12,600
2025-08-03T16:47:39.999 0100|01|00|07|f701fe|2001040301b80d[payload->]....||3,512
2025-08-03T16:57:48.943 0100|00|00|05|fa0001|2001043831[payload->]81||12,600
2025-08-03T16:57:48.944 0100|01|00|07|f701fe|2001040301b80d[payload->]....||3,512
2025-08-03T17:07:58.406 0100|00|00|05|fa0003|2001048030[payload->].0||12,416
2025-08-03T17:07:58.407 0100|01|00|07|f701fe|2001040e012809[payload->]..(.||2,344
2025-08-03T17:18:06.473 0100|00|00|05|fa0001|2001043831[payload->]81||12,600
2025-08-03T17:18:06.574 0100|01|00|07|f701fe|2001040301b80d[payload->]....||3,512
2025-08-03T17:28:14.964 0100|00|00|05|fa0001|2001043831[payload->]81||12,600
2025-08-03T17:28:15.065 0100|01|00|07|f701fe|2001040301b80d[payload->]....||3,512
2025-08-03T17:28:15.775 0100|00|00|05|fa0003|2001048030[payload->].0||12,416
2025-08-03T17:28:15.876 0100|01|00|07|f701fe|2001040e012809[payload->]..(.||2,344
2025-08-03T17:38:24.012 0100|01|00|07|f701fe|2001040301b80d[payload->]....||3,512
2025-08-03T17:38:24.723 0100|00|00|05|fa0003|2001048030[payload->].0||12,416
2025-08-03T17:38:24.723 0100|01|00|07|f701fe|2001040e012809[payload->]..(.||2,344
2025-08-03T17:48:33.391 0100|00|00|05|fa0001|2001043831[payload->]81||12,600
2025-08-03T17:48:33.391 0100|01|00|07|f701fe|2001040301b80d[payload->]....||3,512
2025-08-03T17:48:33.999 0100|00|00|05|fa0003|2001048030[payload->].0||12,416
2025-08-03T17:48:34.100 0100|01|00|07|f701fe|2001040e012809[payload->]..(.||2,344
2025-08-03T18:08:51.038 0100|00|00|05|fa0001|2001043831[payload->]81||12,600
2025-08-03T18:08:51.139 0100|01|00|07|f701fe|2001040301b80d[payload->]....||3,512
