2025-07-30T21:15:47.557 0100|00|08|44|b30108|1000013018000001341f0100015044000001500000000150480000015045000001500f00000150110000015013000001501e00000150150000015016000001530b000026[payload->]0....4....PD...P....PH...PE...P....P....P....P....P....P....S...&||9,728
2025-07-30T22:15:46.865 0100|00|08|44|b30108|1000013018000001341f0100015044000001500000000150480000015045000001500f00000150110000015013000001501e00000150150000015016000001530b000026[payload->]0....4....PD...P....PH...PE...P....P....P....P....P....P....S...&||9,728
2025-07-30T23:15:46.756 0100|00|08|44|b30108|1000013018000001341f0100015044000001500000000150480000015045000001500f00000150110000015013000001501e00000150150000015016000001530b000026[payload->]0....4....PD...P....PH...PE...P....P....P....P....P....P....S...&||9,728
2025-07-31T00:15:46.805 0100|00|08|44|b30108|1000013018000001341f0100015044000001500000000150480000015045000001500f00000150110000015013000001501e00000150150000015016000001530b000026[payload->]0....4....PD...P....PH...PE...P....P....P....P....P....P....S...&||9,728
2025-07-31T01:15:46.758 0100|00|08|44|b30108|1000013018000001341f0100015044000001500000000150480000015045000001500f00000150110000015013000001501e00000150150000015016000001530b000026[payload->]0....4....PD...P....PH...PE...P....P....P....P....P....P....S...&||9,728
2025-07-31T02:15:46.802 0100|00|08|44|b30108|1000013018000001341f0100015044000001500000000150480000015045000001500f00000150110000015013000001501e00000150150000015016000001530b000026[payload->]0....4....PD...P....PH...PE...P....P....P....P....P....P....S...&||9,728
2025-07-31T03:15:46.971 0100|00|08|44|b30108|1000013018000001341f0100015044000001500000000150480000015045000001500f00000150110000015013000001501e00000150150000015016000001530b000026[payload->]0....4....PD...P....PH...PE...P....P....P....P....P....P....S...&||9,728
2025-07-31T04:15:47.153 0100|00|08|44|b30108|1000013018000001341f0100015044000001500000000150480000015045000001500f00000150110000015013000001501e00000150150000015016000001530b000026[payload->]0....4....PD...P....PH...PE...P....P....P....P....P....P....S...&||9,728
2025-07-31T05:15:46.824 0100|00|08|44|b30108|1000013018000001341f0100015044000001500000000150480000015045000001500f00000150110000015013000001501e00000150150000015016000001530b000026[payload->]0....4....PD...P....PH...PE...P....P....P....P....P....P....S...&||9,728
2025-07-31T06:15:46.902 0100|00|08|44|b30108|1000013018000001341f0100015044000001500000000150480000015045000001500f00000150110000015013000001501e00000150150000015016000001530b000026[payload->]0....4....PD...P....PH...PE...P....P....P....P....P....P....S...&||9,728
2025-07-31T07:15:47.050 0100|00|08|44|b30108|1000013018000001341f0100015044000001500000000150480000015045000001500f00000150110000015013000001501e00000150150000015016000001530b000026[payload->]0....4....PD...P....PH...PE...P....P....P....P....P....P....S...&||9,728
2025-07-31T08:15:46.837 0100|00|08|44|b30108|1000013018000001341f0100015044000001500000000150480000015045000001500f00000150110000015013000001501e00000150150000015016000001530b000026[payload->]0....4....PD...P....PH...PE...P....P....P....P....P....P....S...&||9,728
2025-07-31T09:15:46.884 0100|00|08|44|b30108|1000013018000001341f0100015044000001500000000150480000015045000001500f00000150110000015013000001501e00000150150000015016000001530b000026[payload->]0....4....PD...P....PH...PE...P....P....P....P....P....P....S...&||9,728
2025-07-31T10:15:47.315 0100|00|08|44|b30108|1000013018000001341f0100015044000001500000000150480000015045000001500f00000150110000015013000001501e00000150150000015016000001530b000026[payload->]0....4....PD...P....PH...PE...P....P....P....P....P....P....S...&||9,728
2025-07-31T10:50:00.593 0100|00|00|05|fa0003|100001000b[payload->]..||2,816
2025-07-31T11:15:46.933 0100|00|08|44|b30108|1000013018000001341f0100015044000001500000000150480000015045000001500f00000150110000015013000001501e00000150150000015016000001530b000026[payload->]0....4....PD...P....PH...PE...P....P....P....P....P....P....S...&||9,728
2025-07-31T12:15:47.611 0100|00|08|44|b30108|1000013018000001341f0100015044000001500000000150480000015045000001500f00000150110000015013000001501e00000150150000015016000001530b000026[payload->]0....4....PD...P....PH...PE...P....P....P....P....P....P....S...&||9,728
2025-07-31T13:15:47.207 0100|00|08|44|b30108|1000013018000001341f0100015044000001500000000150480000015045000001500f00000150110000015013000001501e00000150150000015016000001530b000026[payload->]0....4....PD...P....PH...PE...P....P....P....P....P....P....S...&||9,728
2025-07-31T14:15:46.986 0100|00|08|44|b30108|1000013018000001341f0100015044000001500000000150480000015045000001500f00000150110000015013000001501e00000150150000015016000001530b000026[payload->]0....4....PD...P....PH...PE...P....P....P....P....P....P....S...&||9,728
2025-07-31T15:15:46.910 0100|00|08|44|b30108|1000013018000001341f0100015044000001500000000150480000015045000001500f00000150110000015013000001501e00000150150000015016000001530b000026[payload->]0....4....PD...P....PH...PE...P....P....P....P....P....P....S...&||9,728
2025-07-31T16:15:46.820 0100|00|08|44|b30108|1000013018000001341f0100015044000001500000000150480000015045000001500f00000150110000015013000001501e00000150150000015016000001530b000026[payload->]0....4....PD...P....PH...PE...P....P....P....P....P....P....S...&||9,728
2025-07-31T17:15:46.795 0100|00|08|44|b30108|1000013018000001341f0100015044000001500000000150480000015045000001500f00000150110000015013000001501e00000150150000015016000001530b000026[payload->]0....4....PD...P....PH...PE...P....P....P....P....P....P....S...&||9,728
2025-07-31T18:15:48.211 0100|00|08|44|b30108|1000013018000001341f0100015044000001500000000150480000015045000001500f00000150110000015013000001501e00000150150000015016000001530b000026[payload->]0....4....PD...P....PH...PE...P....P....P....P....P....P....S...&||9,728
2025-07-31T19:15:47.125 0100|00|08|44|b30108|1000013018000001341f0100015044000001500000000150480000015045000001500f00000150110000015013000001501e00000150150000015016000001530b000026[payload->]0....4....PD...P....PH...PE...P....P....P....P....P....P....S...&||9,728
2025-07-31T20:15:46.901 0100|00|08|44|b30108|1000013018000001341f0100015044000001500000000150480000015045000001500f00000150110000015013000001501e00000150150000015016000001530b000026[payload->]0....4....PD...P....PH...PE...P....P....P....P....P....P....S...&||9,728
2025-07-31T21:15:46.875 0100|00|08|44|b30108|1000013018000001341f0100015044000001500000000150480000015045000001500f00000150110000015013000001501e00000150150000015016000001530b000026[payload->]0....4....PD...P....PH...PE...P....P....P....P....P....P....S...&||9,728
2025-07-31T22:15:47.087 0100|00|08|44|b30108|1000013018000001341f0100015044000001500000000150480000015045000001500f00000150110000015013000001501e00000150150000015016000001530b000026[payload->]0....4....PD...P....PH...PE...P....P....P....P....P....P....S...&||9,728
2025-07-31T23:15:47.697 0100|00|08|44|b30108|1000013018000001341f0100015044000001500000000150480000015045000001500f00000150110000015013000001501e00000150150000015016000001530b000026[payload->]0....4....PD...P....PH...PE...P....P....P....P....P....P....S...&||9,728
2025-08-01T00:15:47.614 0100|00|08|44|b30108|1000013018000001341f0100015044000001500000000150480000015045000001500f00000150110000015013000001501e00000150150000015016000001530b000026[payload->]0....4....PD...P....PH...PE...P....P....P....P....P....P....S...&||9,728
2025-08-01T01:15:47.891 0100|00|08|44|b30108|1000013018000001341f0100015044000001500000000150480000015045000001500f00000150110000015013000001501e00000150150000015016000001530b000026[payload->]0....4....PD...P....PH...PE...P....P....P....P....P....P....S...&||9,728
2025-08-01T02:15:46.902 0100|00|08|44|b30108|1000013018000001341f0100015044000001500000000150480000015045000001500f00000150110000015013000001501e00000150150000015016000001530b000026[payload->]0....4....PD...P....PH...PE...P....P....P....P....P....P....S...&||9,728
2025-08-01T03:15:46.762 0100|00|08|44|b30108|1000013018000001341f0100015044000001500000000150480000015045000001500f00000150110000015013000001501e00000150150000015016000001530b000026[payload->]0....4....PD...P....PH...PE...P....P....P....P....P....P....S...&||9,728
2025-08-01T04:15:46.751 0100|00|08|44|b30108|1000013018000001341f0100015044000001500000000150480000015045000001500f00000150110000015013000001501e00000150150000015016000001530b000026[payload->]0....4....PD...P....PH...PE...P....P....P....P....P....P....S...&||9,728
2025-08-01T05:15:46.778 0100|00|08|44|b30108|1000013018000001341f0100015044000001500000000150480000015045000001500f00000150110000015013000001501e00000150150000015016000001530b000026[payload->]0....4....PD...P....PH...PE...P....P....P....P....P....P....S...&||9,728
2025-08-01T06:15:46.840 0100|00|08|44|b30108|1000013018000001341f0100015044000001500000000150480000015045000001500f00000150110000015013000001501e00000150150000015016000001530b000026[payload->]0....4....PD...P....PH...PE...P....P....P....P....P....P....S...&||9,728
2025-08-01T07:15:46.775 0100|00|08|44|b30108|1000013018000001341f0100015044000001500000000150480000015045000001500f00000150110000015013000001501e00000150150000015016000001530b000026[payload->]0....4....PD...P....PH...PE...P....P....P....P....P....P....S...&||9,728
2025-08-01T08:15:46.778 0100|00|08|44|b30108|1000013018000001341f0100015044000001500000000150480000015045000001500f00000150110000015013000001501e00000150150000015016000001530b000026[payload->]0....4....PD...P....PH...PE...P....P....P....P....P....P....S...&||9,728
2025-08-01T09:15:46.772 0100|00|08|44|b30108|1000013018000001341f0100015044000001500000000150480000015045000001500f00000150110000015013000001501e00000150150000015016000001530b000026[payload->]0....4....PD...P....PH...PE...P....P....P....P....P....P....S...&||9,728
2025-08-01T10:15:46.771 0100|00|08|44|b30108|1000013018000001341f0100015044000001500000000150480000015045000001500f00000150110000015013000001501e00000150150000015016000001530b000026[payload->]0....4....PD...P....PH...PE...P....P....P....P....P....P....S...&||9,728
2025-08-01T11:15:46.778 0100|00|08|44|b30108|1000013018000001341f0100015044000001500000000150480000015045000001500f00000150110000015013000001501e00000150150000015016000001530b000026[payload->]0....4....PD...P....PH...PE...P....P....P....P....P....P....S...&||9,728
2025-08-01T12:15:46.759 0100|00|08|44|b30108|1000013018000001341f0100015044000001500000000150480000015045000001500f00000150110000015013000001501e00000150150000015016000001530b000026[payload->]0....4....PD...P....PH...PE...P....P....P....P....P....P....S...&||9,728
2025-08-01T13:15:47.048 0100|00|08|44|b30108|1000013018000001341f0100015044000001500000000150480000015045000001500f00000150110000015013000001501e00000150150000015016000001530b000026[payload->]0....4....PD...P....PH...PE...P....P....P....P....P....P....S...&||9,728
2025-08-01T14:15:46.813 0100|00|08|44|b30108|1000013018000001341f0100015044000001500000000150480000015045000001500f00000150110000015013000001501e00000150150000015016000001530b000026[payload->]0....4....PD...P....PH...PE...P....P....P....P....P....P....S...&||9,728
2025-08-01T15:15:46.830 0100|00|08|44|b30108|1000013018000001341f0100015044000001500000000150480000015045000001500f00000150110000015013000001501e00000150150000015016000001430b000026[payload->]0....4....PD...P....PH...PE...P....P....P....P....P....P....C...&||9,728
2025-08-01T16:15:46.874 0100|00|08|44|b30108|1000013018000001341f0100015044000001500000000150480000015045000001500f00000150110000015013000001501e00000150150000015016000001530b000026[payload->]0....4....PD...P....PH...PE...P....P....P....P....P....P....S...&||9,728
2025-08-01T17:15:46.836 0100|00|08|44|b30108|1000013018000001341f0100015044000001500000000150480000015045000001500f00000150110000015013000001501e00000150150000015016000001530b000026[payload->]0....4....PD...P....PH...PE...P....P....P....P....P....P....S...&||9,728
2025-08-01T18:15:46.940 0100|00|08|44|b30108|1000013018000001341f0100015044000001500000000150480000015045000001500f00000150110000015013000001501e00000150150000015016000001530b000026[payload->]0....4....PD...P....PH...PE...P....P....P....P....P....P....S...&||9,728
2025-08-01T19:15:46.791 0100|00|08|44|b30108|1000013018000001341f0100015044000001500000000150480000015045000001500f00000150110000015013000001501e00000150150000015016000000530b000026[payload->]0....4....PD...P....PH...PE...P....P....P....P....P....P....S...&||9,728
2025-08-01T20:15:46.878 0100|00|08|44|b30108|1000013018000001341f0100015044000001500000000150480000015045000001500f00000150110000015013000001501e00000150150000015016000001530b000026[payload->]0....4....PD...P....PH...PE...P....P....P....P....P....P....S...&||9,728
2025-08-01T21:15:48.212 0100|00|08|44|b30108|1000013018000001341f0100015044000001500000000150480000015045000001500f00000150110000015013000001501e00000150150000015016000001530b000026[payload->]0....4....PD...P....PH...PE...P....P....P....P....P....P....S...&||9,728
2025-08-01T22:15:46.755 0100|00|08|44|b30108|1000013018000001341f0100015044000001500000000150480000015045000001500f00000150110000015013000001501e00000150150000015016000001530b000026[payload->]0....4....PD...P....PH...PE...P....P....P....P....P....P....S...&||9,728
2025-08-01T23:15:46.762 0100|00|08|44|b30108|1000013018000001341f0100015044000001500000000150480000015045000001500f00000150110000015013000001501e00000150150000015016000001530b000026[payload->]0....4....PD...P....PH...PE...P....P....P....P....P....P....S...&||9,728
2025-08-02T00:15:46.743 0100|00|08|44|b30108|1000013018000001341f0100015044000001500000000150480000015045000001500f00000150110000015013000001501e00000150150000015016000001530b000026[payload->]0....4....PD...P....PH...PE...P....P....P....P....P....P....S...&||9,728
2025-08-02T01:15:46.741 0100|00|08|44|b30108|1000013018000001341f0100015044000001500000000150480000015045000001500f00000150110000015013000001501e00000150150000015016000001530b000026[payload->]0....4....PD...P....PH...PE...P....P....P....P....P....P....S...&||9,728
2025-08-02T02:15:46.703 0100|00|08|44|b30108|1000013018000001341f0100015044000001500000000150480000015045000001500f00000150110000015013000001501e00000150150000015016000001530b000026[payload->]0....4....PD...P....PH...PE...P....P....P....P....P....P....S...&||9,728
2025-08-02T02:48:26.405 0100|00|08|44|b30108|1000013018000001341f0100015044000001500000000150480000015045000001500f00000150110000015013000001501e00000150150000015016000001530b000026[payload->]0....4....PD...P....PH...PE...P....P....P....P....P....P....S...&||9,728
2025-08-02T02:48:27.517 0100|00|08|44|b30108|1000013018000001341f0100015044000001500000000150480000015045000001500f00000150110000015013000001501e00000150150000015016000001530b000026[payload->]0....4....PD...P....PH...PE...P....P....P....P....P....P....S...&||9,728
2025-08-02T03:48:26.811 0100|00|08|44|b30108|1000013018000001341f0100015044000001500000000150480000015045000001500f00000150110000015013000001501e00000150150000015016000001530b000026[payload->]0....4....PD...P....PH...PE...P....P....P....P....P....P....S...&||9,728
2025-08-02T04:48:26.767 0100|00|08|44|b30108|1000013018000001341f0100015044000001500000000150480000015045000001500f00000150110000015013000001501e00000150150000015016000001530b000026[payload->]0....4....PD...P....PH...PE...P....P....P....P....P....P....S...&||9,728
2025-08-02T05:48:27.554 0100|00|08|44|b30108|1000013018000001341f0100015044000001500000000150480000015045000001500f00000150110000015013000001501e00000150150000015016000001530b000026[payload->]0....4....PD...P....PH...PE...P....P....P....P....P....P....S...&||9,728
2025-08-02T06:29:14.588 0100|00|00|05|fa0003|100001ecf1[payload->]..||61,932
2025-08-02T06:48:26.763 0100|00|08|44|b30108|1000013018000001341f0100015044000001500000000150480000015045000001500f00000150110000015013000001501e00000150150000015016000001530b000026[payload->]0....4....PD...P....PH...PE...P....P....P....P....P....P....S...&||9,728
2025-08-02T07:36:49.205 0100|01|00|07|f701fe|100001ffff859c[payload->]....||40,069
2025-08-02T07:48:26.813 0100|00|08|44|b30108|1000013018000001341f0100015044000001500000000150480000015045000001500f00000150110000015013000001501e00000150150000015016000001530b000026[payload->]0....4....PD...P....PH...PE...P....P....P....P....P....P....S...&||9,728
2025-08-02T08:48:26.763 0100|00|08|44|b30108|1000013018000001341f0100015044000001500000000150480000015045000001500f00000150110000015013000001501e00000150150000015016000001530b000026[payload->]0....4....PD...P....PH...PE...P....P....P....P....P....P....S...&||9,728
2025-08-02T09:48:26.757 0100|00|08|44|b30108|1000013018000001341f0100015044000001500000000150480000015045000001500f00000150110000015013000001501e00000150150000015016000001530b000026[payload->]0....4....PD...P....PH...PE...P....P....P....P....P....P....S...&||9,728
2025-08-02T10:48:26.822 0100|00|08|44|b30108|1000013018000001341f0100015044000001500000000150480000015045000001500f00000150110000015013000001501e00000150150000015016000001530b000026[payload->]0....4....PD...P....PH...PE...P....P....P....P....P....P....S...&||9,728
2025-08-02T11:48:27.727 0100|00|08|44|b30108|1000013018000001341f0100015044000001500000000150480000015045000001500f00000150110000015013000001501e00000150150000015016000001530b000026[payload->]0....4....PD...P....PH...PE...P....P....P....P....P....P....S...&||9,728
2025-08-02T12:48:26.895 0100|00|08|44|b30108|1000013018000001341f0100015044000001500000000150480000015045000001500f00000150110000015013000001501e00000150150000015016000001530b000026[payload->]0....4....PD...P....PH...PE...P....P....P....P....P....P....S...&||9,728
2025-08-02T13:48:26.820 0100|00|08|44|b30108|1000013018000001341f0100015044000001500000000150480000015045000001500f00000150110000015013000001501e00000150150000015016000001530b000026[payload->]0....4....PD...P....PH...PE...P....P....P....P....P....P....S...&||9,728
2025-08-02T14:48:26.820 0100|00|08|44|b30108|1000013018000001341f0100015044000001500000000150480000015045000001500f00000150110000015013000001501e00000150150000015016000001530b000026[payload->]0....4....PD...P....PH...PE...P....P....P....P....P....P....S...&||9,728
2025-08-02T15:48:26.979 0100|00|08|44|b30108|1000013018000001341f0100015044000001500000000150480000015045000001500f00000150110000015013000001501e00000150150000015016000001530b000026[payload->]0....4....PD...P....PH...PE...P....P....P....P....P....P....S...&||9,728
2025-08-02T16:48:26.876 0100|00|08|44|b30108|1000013018000001341f0100015044000001500000000150480000015045000001500f00000150110000015013000001501e00000150150000015016000000530b000026[payload->]0....4....PD...P....PH...PE...P....P....P....P....P....P....S...&||9,728
2025-08-02T17:48:27.681 0100|00|08|44|b30108|1000013018000001341f0100015044000001500000000150480000015045000001500f00000150110000015013000001501e00000150150000015016000001530b000026[payload->]0....4....PD...P....PH...PE...P....P....P....P....P....P....S...&||9,728
2025-08-02T18:48:26.854 0100|00|08|44|b30108|1000013018000001341f0100015044000001500000000150480000015045000001500f00000150110000015013000001501e00000150150000015016000001530b000026[payload->]0....4....PD...P....PH...PE...P....P....P....P....P....P....S...&||9,728
2025-08-02T19:48:29.020 0100|00|08|44|b30108|1000013018000001341f0100015044000001500000000150480000015045000001500f00000150110000015013000001501e0000015015000001501600000154040171b2[payload->]0....4....PD...P....PH...PE...P....P....P....P....P....P....T..q.||45,681
2025-08-02T20:48:27.092 0100|00|08|44|b30108|1000013018000001341f0100015044000001500000000150480000015045000001500f00000150110000015013000001501e00000150150000015016000001530b000026[payload->]0....4....PD...P....PH...PE...P....P....P....P....P....P....S...&||9,728
2025-08-02T21:48:27.612 0100|00|08|44|b30108|1000013018000001341f0100015044000001500000000150480000015045000001500f00000150110000015013000001501e00000150150000015016000001430b000026[payload->]0....4....PD...P....PH...PE...P....P....P....P....P....P....C...&||9,728
2025-08-02T22:48:27.524 0100|00|08|44|b30108|1000013018000001341f0100015044000001500000000150480000015045000001500f00000150110000015013000001501e00000150150000015016000001530b000026[payload->]0....4....PD...P....PH...PE...P....P....P....P....P....P....S...&||9,728
2025-08-03T00:48:27.585 0100|00|08|44|b30108|1000013018000001341f0100015044000001500000000150480000015045000001500f00000150110000015013000001501e00000150150000015016000001530b000026[payload->]0....4....PD...P....PH...PE...P....P....P....P....P....P....S...&||9,728
2025-08-03T01:48:27.947 0100|00|08|44|b30108|1000013018000001341f0100015044000001500000000150480000015045000001500f00000150110000015013000001501e00000150150000015016000001530b000026[payload->]0....4....PD...P....PH...PE...P....P....P....P....P....P....S...&||9,728
2025-08-03T02:48:27.397 0100|00|08|44|b30108|1000013018000001341f0100015044000001500000000150480000015045000001500f00000150110000015013000001501e00000150150000015016000001530b000026[payload->]0....4....PD...P....PH...PE...P....P....P....P....P....P....S...&||9,728
2025-08-03T03:48:27.318 0100|00|08|44|b30108|1000013018000001341f0100015044000001500000000150480000015045000001500f00000150110000015013000001501e00000150150000015016000001530b000026[payload->]0....4....PD...P....PH...PE...P....P....P....P....P....P....S...&||9,728
2025-08-03T04:48:28.167 0100|00|08|44|b30108|1000013018000001341f0100015044000001500000000150480000015045000001500f00000150110000015013000001501e00000150150000015016000001530b000026[payload->]0....4....PD...P....PH...PE...P....P....P....P....P....P....S...&||9,728
2025-08-03T05:48:27.660 0100|00|08|44|b30108|1000013018000001341f0100015044000001500000000150480000015045000001500f00000150110000015013000001501e00000150150000015016000001530b000026[payload->]0....4....PD...P....PH...PE...P....P....P....P....P....P....S...&||9,728
2025-08-03T06:48:27.579 0100|00|08|44|b30108|1000013018000001341f0100015044000001500000000150480000015045000001500f00000150110000015013000001501e00000150150000015016000001530b000026[payload->]0....4....PD...P....PH...PE...P....P....P....P....P....P....S...&||9,728
2025-08-03T07:48:26.906 0100|00|08|44|b30108|1000013018000001341f0100015044000001500000000150480000015045000001500f00000150110000015013000001501e00000150150000015016000001530b000026[payload->]0....4....PD...P....PH...PE...P....P....P....P....P....P....S...&||9,728
2025-08-03T09:48:27.109 0100|00|08|44|b30108|1000013018000001341f0100015044000001500000000150480000015045000001500f00000150110000015013000001501e00000150150000015016000001530b000026[payload->]0....4....PD...P....PH...PE...P....P....P....P....P....P....S...&||9,728
2025-08-03T10:48:27.144 0100|00|08|44|b30108|1000013018000001341f0100015044000001500000000150480000015045000001500f00000150110000015013000001501e00000150150000015016000001530b000026[payload->]0....4....PD...P....PH...PE...P....P....P....P....P....P....S...&||9,728
2025-08-03T13:48:27.187 0100|00|08|44|b30108|1000013018000001341f0100015044000001500000000150480000015045000001500f00000150110000015013000001501e00000150150000015016000001530b000026[payload->]0....4....PD...P....PH...PE...P....P....P....P....P....P....S...&||9,728
2025-08-03T14:48:27.118 0100|00|08|44|b30108|1000013018000001341f0100015044000001500000000150480000015045000001500f00000150110000015013000001501e00000150150000015016000001530b000026[payload->]0....4....PD...P....PH...PE...P....P....P....P....P....P....S...&||9,728
2025-08-03T15:48:27.140 0100|00|08|44|b30108|1000013018000001341f0100015044000001500000000150480000015045000001500f00000150110000015013000001501e00000150150000015016000001530b000026[payload->]0....4....PD...P....PH...PE...P....P....P....P....P....P....S...&||9,728
2025-08-03T16:48:27.257 0100|00|08|44|b30108|1000013018000001341f0100015044000001500000000150480000015045000001500f00000150110000015013000001501e00000150150000015016000001530b000026[payload->]0....4....PD...P....PH...PE...P....P....P....P....P....P....S...&||9,728
2025-08-03T17:48:27.520 0100|00|08|44|b30108|1000013018000001341f0100015044000001500000000150480000015045000001500f00000150110000015013000001501e00000150150000015016000001530b000026[payload->]0....4....PD...P....PH...PE...P....P....P....P....P....P....S...&||9,728
