2025-07-30T20:27:47.941 0100|00|00|05|fa0001|503b044322[payload->]C"||8,771
2025-07-30T20:27:48.043 0100|01|00|06|f801fe|503b0409ca24[payload->]..$||9,418
2025-07-30T20:48:04.683 0100|00|00|05|fa0001|503b044322[payload->]C"||8,771
2025-07-30T20:48:04.784 0100|01|00|06|f801fe|503b0409ca24[payload->]..$||9,418
2025-07-30T20:58:14.121 0100|00|00|05|fa0001|503b044322[payload->]C"||8,771
2025-07-30T20:58:14.122 0100|01|00|06|f801fe|503b0409ca24[payload->]..$||9,418
2025-07-30T21:18:31.655 0100|00|00|05|fa0001|503b044322[payload->]C"||8,771
2025-07-30T21:18:31.756 0100|01|00|06|f801fe|503b0409ca24[payload->]..$||9,418
2025-07-30T21:48:58.065 0100|00|00|05|fa0001|503b044322[payload->]C"||8,771
2025-07-30T21:48:58.166 0100|01|00|06|f801fe|503b0409ca24[payload->]..$||9,418
2025-07-30T21:59:06.138 0100|00|00|05|fa0001|503b044322[payload->]C"||8,771
2025-07-30T21:59:06.239 0100|01|00|06|f801fe|503b0409ca24[payload->]..$||9,418
2025-07-30T22:09:14.518 0100|00|00|05|fa0001|503b044322[payload->]C"||8,771
2025-07-30T22:09:14.518 0100|01|00|06|f801fe|503b0409ca24[payload->]..$||9,418
2025-07-30T22:19:23.961 0100|00|00|05|fa0001|503b044322[payload->]C"||8,771
2025-07-30T22:19:23.961 0100|01|00|06|f801fe|503b0409ca24[payload->]..$||9,418
2025-07-30T22:29:32.818 0100|00|00|05|fa0001|503b044322[payload->]C"||8,771
2025-07-30T22:29:32.818 0100|01|00|06|f801fe|503b0409ca24[payload->]..$||9,418
2025-07-30T22:59:59.170 0100|00|00|05|fa0001|503b044322[payload->]C"||8,771
2025-07-30T22:59:59.271 0100|01|00|06|f801fe|503b0409ca24[payload->]..$||9,418
2025-07-30T23:20:17.169 0100|00|00|05|fa0001|503b044322[payload->]C"||8,771
2025-07-30T23:20:17.270 0100|01|00|06|f801fe|503b0409ca24[payload->]..$||9,418
2025-07-30T23:50:43.789 0100|00|00|05|fa0001|503b044322[payload->]C"||8,771
2025-07-30T23:50:43.890 0100|01|00|06|f801fe|503b0409ca24[payload->]..$||9,418
2025-07-31T00:00:52.513 0100|00|00|05|fa0001|503b044322[payload->]C"||8,771
2025-07-31T00:00:52.513 0100|01|00|06|f801fe|503b0409ca24[payload->]..$||9,418
2025-07-31T00:31:19.439 0100|00|00|05|fa0001|503b044322[payload->]C"||8,771
2025-07-31T00:31:19.540 0100|01|00|06|f801fe|503b0409ca24[payload->]..$||9,418
2025-07-31T01:11:53.239 0100|00|00|05|fa0001|503b044322[payload->]C"||8,771
2025-07-31T01:11:53.240 0100|01|00|06|f801fe|503b0409ca24[payload->]..$||9,418
2025-07-31T01:42:19.344 0100|00|00|05|fa0001|503b044322[payload->]C"||8,771
2025-07-31T01:42:19.445 0100|01|00|06|f801fe|503b0409ca24[payload->]..$||9,418
2025-07-31T02:02:37.408 0100|00|00|05|fa0001|503b044322[payload->]C"||8,771
2025-07-31T02:33:04.285 0100|00|00|05|fa0001|503b044322[payload->]C"||8,771
2025-07-31T02:33:04.386 0100|01|00|06|f801fe|503b0409ca24[payload->]..$||9,418
2025-07-31T02:43:12.745 0100|00|00|05|fa0001|503b044322[payload->]C"||8,771
2025-07-31T02:43:12.846 0100|01|00|06|f801fe|503b0409ca24[payload->]..$||9,418
2025-07-31T03:03:30.568 0100|00|00|05|fa0001|503b044322[payload->]C"||8,771
2025-07-31T03:03:30.670 0100|01|00|06|f801fe|503b0409ca24[payload->]..$||9,418
2025-07-31T03:33:54.783 0100|00|00|05|fa0001|503b044322[payload->]C"||8,771
2025-07-31T03:33:54.784 0100|01|00|06|f801fe|503b0409ca24[payload->]..$||9,418
2025-07-31T03:54:12.250 0100|00|00|05|fa0001|503b044322[payload->]C"||8,771
2025-07-31T03:54:12.250 0100|01|00|06|f801fe|503b0409ca24[payload->]..$||9,418
2025-07-31T04:04:21.719 0100|00|00|05|fa0001|503b044322[payload->]C"||8,771
2025-07-31T04:04:21.719 0100|01|00|06|f801fe|503b0409ca24[payload->]..$||9,418
2025-07-31T04:14:30.327 0100|00|00|05|fa0001|503b044322[payload->]C"||8,771
2025-07-31T04:14:30.428 0100|01|00|06|f801fe|503b0409ca24[payload->]..$||9,418
2025-07-31T04:34:48.426 0100|00|00|05|fa0001|503b044322[payload->]C"||8,771
2025-07-31T04:34:48.426 0100|01|00|06|f801fe|503b0409ca24[payload->]..$||9,418
2025-07-31T05:05:14.694 0100|00|00|05|fa0001|503b044322[payload->]C"||8,771
2025-07-31T05:05:14.796 0100|01|00|06|f801fe|503b0409ca24[payload->]..$||9,418
2025-07-31T05:15:23.607 0100|00|00|05|fa0001|503b044322[payload->]C"||8,771
2025-07-31T05:15:23.607 0100|01|00|06|f801fe|503b0409ca24[payload->]..$||9,418
2025-07-31T05:25:32.482 0100|00|00|05|fa0001|503b044322[payload->]C"||8,771
2025-07-31T05:25:32.483 0100|01|00|06|f801fe|503b0409ca24[payload->]..$||9,418
2025-07-31T05:35:41.584 0100|00|00|05|fa0001|503b044322[payload->]C"||8,771
2025-07-31T05:35:41.585 0100|01|00|06|f801fe|503b0409ca24[payload->]..$||9,418
2025-07-31T05:45:50.859 0100|00|00|05|fa0001|503b044322[payload->]C"||8,771
2025-07-31T05:45:50.859 0100|01|00|06|f801fe|503b0409ca24[payload->]..$||9,418
2025-07-31T05:55:58.704 0100|00|00|05|fa0001|503b044322[payload->]C"||8,771
2025-07-31T05:55:58.805 0100|01|00|06|f801fe|503b0409ca24[payload->]..$||9,418
2025-07-31T06:06:07.326 0100|00|00|05|fa0001|503b044322[payload->]C"||8,771
2025-07-31T06:06:07.327 0100|01|00|06|f801fe|503b0409ca24[payload->]..$||9,418
2025-07-31T06:26:23.467 0100|00|00|05|fa0001|503b044322[payload->]C"||8,771
2025-07-31T06:26:23.468 0100|01|00|06|f801fe|503b0409ca24[payload->]..$||9,418
2025-07-31T06:36:31.817 0100|00|00|05|fa0001|503b044322[payload->]C"||8,771
2025-07-31T06:36:31.918 0100|01|00|06|f801fe|503b0409ca24[payload->]..$||9,418
2025-07-31T06:56:49.037 0100|00|00|05|fa0001|503b044322[payload->]C"||8,771
2025-07-31T06:56:49.037 0100|01|00|06|f801fe|503b0409ca24[payload->]..$||9,418
2025-07-31T07:17:05.437 0100|00|00|05|fa0001|503b044322[payload->]C"||8,771
2025-07-31T07:17:05.539 0100|01|00|06|f801fe|503b0409ca24[payload->]..$||9,418
2025-07-31T07:37:23.155 0100|00|00|05|fa0001|503b044322[payload->]C"||8,771
2025-07-31T07:37:23.155 0100|01|00|06|f801fe|503b0409ca24[payload->]..$||9,418
2025-07-31T08:07:48.395 0100|00|00|05|fa0001|503b044322[payload->]C"||8,771
2025-07-31T08:07:48.496 0100|01|00|06|f801fe|503b0409ca24[payload->]..$||9,418
2025-07-31T08:17:57.183 0100|00|00|05|fa0001|503b044322[payload->]C"||8,771
2025-07-31T08:17:57.184 0100|01|00|06|f801fe|503b0409ca24[payload->]..$||9,418
2025-07-31T08:38:14.415 0100|00|00|05|fa0001|503b044322[payload->]C"||8,771
2025-07-31T08:38:14.516 0100|01|00|06|f801fe|503b0409ca24[payload->]..$||9,418
2025-07-31T08:48:23.651 0100|01|00|06|f801fe|503b0409ca24[payload->]..$||9,418
2025-07-31T08:58:31.243 0100|00|00|05|fa0001|503b044322[payload->]C"||8,771
2025-07-31T08:58:31.344 0100|01|00|06|f801fe|503b0409ca24[payload->]..$||9,418
2025-07-31T09:18:47.519 0100|00|00|05|fa0001|503b044322[payload->]C"||8,771
2025-07-31T09:18:47.620 0100|01|00|06|f801fe|503b0409ca24[payload->]..$||9,418
2025-07-31T09:39:03.987 0100|00|00|05|fa0001|503b044322[payload->]C"||8,771
2025-07-31T09:39:03.988 0100|01|00|06|f801fe|503b0409ca24[payload->]..$||9,418
2025-07-31T09:49:12.051 0100|00|00|05|fa0001|503b044322[payload->]C"||8,771
2025-07-31T09:49:12.052 0100|01|00|06|f801fe|503b0409ca24[payload->]..$||9,418
2025-07-31T10:09:29.314 0100|00|00|05|fa0001|503b044322[payload->]C"||8,771
2025-07-31T10:09:29.314 0100|01|00|06|f801fe|503b0409ca24[payload->]..$||9,418
2025-07-31T10:19:37.741 0100|00|00|05|fa0001|503b044322[payload->]C"||8,771
2025-07-31T10:19:37.741 0100|01|00|06|f801fe|503b0409ca24[payload->]..$||9,418
2025-07-31T10:29:45.997 0100|00|00|05|fa0001|503b044322[payload->]C"||8,771
2025-07-31T10:29:46.098 0100|01|00|06|f801fe|503b0409ca24[payload->]..$||9,418
2025-07-31T11:10:20.480 0100|00|00|05|fa0001|503b044322[payload->]C"||8,771
2025-07-31T11:10:20.581 0100|01|00|06|f801fe|503b0409ca24[payload->]..$||9,418
2025-07-31T11:50:53.873 0100|00|00|05|fa0001|503b044322[payload->]C"||8,771
2025-07-31T11:50:53.975 0100|01|00|06|f801fe|503b0409ca24[payload->]..$||9,418
2025-07-31T12:11:11.543 0100|00|00|05|fa0001|503b044322[payload->]C"||8,771
2025-07-31T12:11:11.644 0100|01|00|06|f801fe|503b0409ca24[payload->]..$||9,418
2025-07-31T12:51:49.904 0100|00|00|05|fa0001|503b044322[payload->]C"||8,771
2025-07-31T12:51:49.905 0100|01|00|06|f801fe|503b0409ca24[payload->]..$||9,418
2025-07-31T13:22:13.639 0100|00|00|05|fa0001|503b044322[payload->]C"||8,771
2025-07-31T13:22:13.841 0100|01|00|06|f801fe|503b0409ca24[payload->]..$||9,418
2025-07-31T13:32:22.777 0100|01|00|06|f801fe|503b0409ca24[payload->]..$||9,418
2025-07-31T13:42:31.254 0100|00|00|05|fa0001|503b044322[payload->]C"||8,771
2025-07-31T13:42:31.355 0100|01|00|06|f801fe|503b0409ca24[payload->]..$||9,418
2025-07-31T13:52:40.496 0100|00|00|05|fa0001|503b044322[payload->]C"||8,771
2025-07-31T13:52:40.597 0100|01|00|06|f801fe|503b0409ca24[payload->]..$||9,418
2025-07-31T14:02:49.049 0100|00|00|05|fa0001|503b044322[payload->]C"||8,771
2025-07-31T14:02:49.250 0100|01|00|06|f801fe|503b0409ca24[payload->]..$||9,418
2025-07-31T14:12:58.136 0100|00|00|05|fa0001|503b044322[payload->]C"||8,771
2025-07-31T14:12:58.238 0100|01|00|06|f801fe|503b0409ca24[payload->]..$||9,418
2025-07-31T14:23:07.105 0100|00|00|05|fa0001|503b044322[payload->]C"||8,771
2025-07-31T14:23:07.106 0100|01|00|06|f801fe|503b0409ca24[payload->]..$||9,418
2025-07-31T14:33:14.371 0100|00|00|05|fa0001|503b044322[payload->]C"||8,771
2025-07-31T14:33:14.372 0100|01|00|06|f801fe|503b0409ca24[payload->]..$||9,418
2025-07-31T14:43:23.470 0100|00|00|05|fa0001|503b044322[payload->]C"||8,771
2025-07-31T14:43:23.571 0100|01|00|06|f801fe|503b0409ca24[payload->]..$||9,418
2025-07-31T14:53:32.320 0100|00|00|05|fa0001|503b044322[payload->]C"||8,771
2025-07-31T14:53:32.421 0100|01|00|06|f801fe|503b0409ca24[payload->]..$||9,418
2025-07-31T15:44:15.577 0100|01|00|06|f801fe|503b0409ca24[payload->]..$||9,418
2025-07-31T15:54:24.220 0100|00|00|05|fa0001|503b044322[payload->]C"||8,771
2025-07-31T15:54:24.322 0100|01|00|06|f801fe|503b0409ca24[payload->]..$||9,418
2025-07-31T16:04:33.449 0100|00|00|05|fa0001|503b044322[payload->]C"||8,771
2025-07-31T16:04:33.450 0100|01|00|06|f801fe|503b0409ca24[payload->]..$||9,418
2025-07-31T16:14:42.196 0100|00|00|05|fa0001|503b044322[payload->]C"||8,771
2025-07-31T16:14:42.197 0100|01|00|06|f801fe|503b0409ca24[payload->]..$||9,418
2025-07-31T16:34:59.031 0100|00|00|05|fa0001|503b044322[payload->]C"||8,771
2025-07-31T16:34:59.031 0100|01|00|06|f801fe|503b0409ca24[payload->]..$||9,418
2025-07-31T16:45:08.384 0100|00|00|05|fa0001|503b044322[payload->]C"||8,771
2025-07-31T16:45:08.485 0100|01|00|06|f801fe|503b0409ca24[payload->]..$||9,418
2025-07-31T16:55:18.339 0100|01|00|06|f801fe|503b0409ca24[payload->]..$||9,418
2025-07-31T17:25:44.117 0100|00|00|05|fa0001|503b044322[payload->]C"||8,771
2025-07-31T17:25:44.218 0100|01|00|06|f801fe|503b0409ca24[payload->]..$||9,418
2025-07-31T17:46:02.290 0100|00|00|05|fa0001|503b044322[payload->]C"||8,771
2025-07-31T17:46:02.290 0100|01|00|06|f801fe|503b0409ca24[payload->]..$||9,418
2025-07-31T18:16:29.520 0100|00|00|05|fa0001|503b044322[payload->]C"||8,771
2025-07-31T18:16:29.520 0100|01|00|06|f801fe|503b0409ca24[payload->]..$||9,418
2025-07-31T18:26:38.556 0100|00|00|05|fa0001|503b044322[payload->]C"||8,771
2025-07-31T18:26:38.657 0100|01|00|06|f801fe|503b0409ca24[payload->]..$||9,418
2025-07-31T18:57:05.486 0100|00|00|05|fa0001|503b044322[payload->]C"||8,771
2025-07-31T18:57:05.688 0100|01|00|06|f801fe|503b0409ca24[payload->]..$||9,418
2025-07-31T19:07:14.198 0100|00|00|05|fa0001|503b044322[payload->]C"||8,771
2025-07-31T19:07:14.299 0100|01|00|06|f801fe|503b0409ca24[payload->]..$||9,418
2025-07-31T19:37:41.391 0100|00|00|05|fa0001|503b044322[payload->]C"||8,771
2025-07-31T19:37:41.492 0100|01|00|06|f801fe|503b0409ca24[payload->]..$||9,418
2025-07-31T19:47:50.623 0100|00|00|05|fa0001|503b044322[payload->]C"||8,771
2025-07-31T19:47:50.724 0100|01|00|06|f801fe|503b0409ca24[payload->]..$||9,418
2025-07-31T19:57:59.397 0100|00|00|05|fa0001|503b044322[payload->]C"||8,771
2025-07-31T19:57:59.397 0100|01|00|06|f801fe|503b0409ca24[payload->]..$||9,418
2025-07-31T20:08:07.890 0100|00|00|05|fa0001|503b044322[payload->]C"||8,771
2025-07-31T20:08:07.890 0100|01|00|06|f801fe|503b0409ca24[payload->]..$||9,418
2025-07-31T20:38:34.062 0100|00|00|05|fa0001|503b044322[payload->]C"||8,771
2025-07-31T20:38:34.062 0100|01|00|06|f801fe|503b0409ca24[payload->]..$||9,418
2025-07-31T20:58:52.209 0100|00|00|05|fa0001|503b044322[payload->]C"||8,771
2025-07-31T20:58:52.310 0100|01|00|06|f801fe|503b0409ca24[payload->]..$||9,418
2025-07-31T21:29:19.251 0100|00|00|05|fa0001|503b044322[payload->]C"||8,771
2025-07-31T21:29:19.251 0100|01|00|06|f801fe|503b0409ca24[payload->]..$||9,418
2025-07-31T21:49:37.214 0100|00|00|05|fa0001|503b044322[payload->]C"||8,771
2025-07-31T21:49:37.315 0100|01|00|06|f801fe|503b0409ca24[payload->]..$||9,418
2025-07-31T22:09:53.204 0100|00|00|05|fa0001|503b044322[payload->]C"||8,771
2025-07-31T22:09:53.205 0100|01|00|06|f801fe|503b0409ca24[payload->]..$||9,418
2025-07-31T22:20:02.477 0100|00|00|05|fa0001|503b044322[payload->]C"||8,771
2025-07-31T22:20:02.578 0100|01|00|06|f800fe|503b0409ca24[payload->]..$||9,418
2025-07-31T22:30:11.482 0100|00|00|05|fa0001|503b044322[payload->]C"||8,771
2025-07-31T22:30:11.583 0100|01|00|06|f801fe|503b0409ca24[payload->]..$||9,418
2025-07-31T22:40:21.049 0100|01|00|06|f801fe|503b0409ca24[payload->]..$||9,418
2025-07-31T22:50:30.277 0100|00|00|05|f80001|503b044322[payload->]C"||8,771
2025-07-31T22:50:30.378 0100|01|00|06|f801fe|503b0409ca24[payload->]..$||9,418
2025-07-31T23:00:39.181 0100|00|00|05|fa0001|503b044322[payload->]C"||8,771
2025-07-31T23:00:39.282 0100|01|00|06|f801fe|503b0409ca24[payload->]..$||9,418
2025-07-31T23:10:48.950 0100|00|00|05|fa0001|503b044322[payload->]C"||8,771
2025-07-31T23:10:48.951 0100|01|00|06|f801fe|503b0409ca24[payload->]..$||9,418
2025-07-31T23:20:57.079 0100|00|00|05|fa0001|503b044322[payload->]C"||8,771
2025-07-31T23:20:57.181 0100|01|00|06|f801fe|503b0409ca24[payload->]..$||9,418
2025-07-31T23:31:05.911 0100|00|00|05|fa0001|503b044322[payload->]C"||8,771
2025-07-31T23:31:05.912 0100|41|00|06|f801fe|503b0409ca24[payload->]..$||9,418
2025-07-31T23:41:14.767 0100|00|00|05|fa0001|503b044322[payload->]C"||8,771
2025-07-31T23:41:14.768 0100|01|00|06|f801fe|503b0409ca24[payload->]..$||9,418
2025-07-31T23:51:24.331 0100|00|00|05|fa0001|503b044322[payload->]C"||8,771
2025-07-31T23:51:24.331 0100|01|00|06|f801fe|503b0409ca24[payload->]..$||9,418
2025-08-01T00:01:33.585 0100|00|00|05|fa0001|503b044322[payload->]C"||8,771
2025-08-01T00:01:33.686 0100|01|00|06|f801fe|503b0409ca24[payload->]..$||9,418
2025-08-01T00:11:42.305 0100|00|00|05|fa0001|503b044322[payload->]C"||8,771
2025-08-01T00:11:42.406 0100|01|00|06|f801fe|503b0409ca24[payload->]..$||9,418
2025-08-01T00:21:51.481 0100|00|00|05|fa0001|503b044322[payload->]C"||8,771
2025-08-01T00:21:51.481 0100|01|00|06|f801fe|503b0409ca24[payload->]..$||9,418
2025-08-01T00:32:00.148 0100|00|00|05|fa0001|503b044322[payload->]C"||8,771
2025-08-01T00:32:00.249 0100|01|00|06|f801fe|503b0409ca24[payload->]..$||9,418
2025-08-01T00:52:18.389 0100|00|00|05|fa0001|503b044322[payload->]C"||8,771
2025-08-01T00:52:18.490 0100|01|00|06|f801fe|503b0409ca24[payload->]..$||9,418
2025-08-01T01:02:27.390 0100|00|00|05|fa0001|503b044322[payload->]C"||8,771
2025-08-01T01:02:27.390 0100|01|00|06|f801fe|503b0409ca24[payload->]..$||9,418
2025-08-01T01:12:35.781 0100|00|00|05|fa0001|503b044322[payload->]C"||8,771
2025-08-01T01:12:35.781 0100|01|00|06|f801fe|503b0409ca24[payload->]..$||9,418
2025-08-01T01:22:44.726 0100|00|00|05|fa0001|503b044322[payload->]C"||8,771
2025-08-01T01:22:44.727 0100|01|00|06|f801fe|503b0409ca24[payload->]..$||9,418
2025-08-01T01:53:11.530 0100|00|00|05|fa0001|503b044322[payload->]C"||8,771
2025-08-01T01:53:11.631 0100|01|00|06|f801fe|503b0409ca24[payload->]..$||9,418
2025-08-01T02:13:29.392 0100|00|00|05|fa0001|503b044322[payload->]C"||8,771
2025-08-01T02:13:29.493 0100|01|00|06|f801fe|503b0409ca24[payload->]..$||9,418
2025-08-01T02:23:37.964 0100|00|00|05|fa0001|503b044322[payload->]C"||8,771
2025-08-01T02:23:38.066 0100|01|00|06|f801fe|503b0409ca24[payload->]..$||9,418
2025-08-01T02:33:46.274 0100|00|00|05|fa0001|503b044322[payload->]C"||8,771
2025-08-01T02:33:46.375 0100|01|00|06|f801fe|503b0409ca24[payload->]..$||9,418
2025-08-01T02:54:03.846 0100|00|00|05|fa0001|503b044322[payload->]C"||8,771
2025-08-01T02:54:03.847 0100|01|00|06|f801fe|503b0409ca24[payload->]..$||9,418
2025-08-01T03:04:12.491 0100|00|00|05|fa0001|503b044322[payload->]C"||8,771
2025-08-01T03:04:12.491 0100|01|00|06|f801fe|503b0409ca24[payload->]..$||9,418
2025-08-01T03:14:21.657 0100|00|00|05|fa0001|503b044322[payload->]C"||8,771
2025-08-01T03:14:21.758 0100|01|00|06|f801fe|503b0409ca24[payload->]..$||9,418
2025-08-01T03:54:55.245 0100|00|00|05|fa0001|503b044322[payload->]C"||8,771
2025-08-01T03:54:55.246 0100|01|00|06|f801fe|503b0409ca24[payload->]..$||9,418
2025-08-01T04:05:03.960 0100|00|00|05|fa0001|503b044322[payload->]C"||8,771
2025-08-01T04:05:04.061 0100|01|00|06|f801fe|503b0409ca24[payload->]..$||9,418
2025-08-01T04:15:13.533 0100|00|00|05|fa0001|503b044322[payload->]C"||8,771
2025-08-01T04:15:13.533 0100|01|00|06|f801fe|503b0409ca24[payload->]..$||9,418
2025-08-01T04:35:31.938 0100|00|00|05|fa0001|503b044322[payload->]C"||8,771
2025-08-01T04:45:40.780 0100|00|00|05|fa0001|503b044322[payload->]C"||8,771
2025-08-01T04:45:40.881 0100|01|00|06|f801fe|503b0409ca24[payload->]..$||9,418
2025-08-01T04:55:50.268 0100|00|00|05|fa0001|503b044322[payload->]C"||8,771
2025-08-01T04:55:50.268 0100|01|00|06|f801fe|503b0409ca24[payload->]..$||9,418
2025-08-01T05:26:16.031 0100|00|00|05|fa0001|503b044322[payload->]C"||8,771
2025-08-01T05:26:16.031 0100|01|00|06|f801fe|503b0409ca24[payload->]..$||9,418
2025-08-01T05:46:33.940 0100|00|00|05|fa0001|503b044322[payload->]C"||8,771
2025-08-01T05:46:34.041 0100|01|00|06|f801fe|503b0409ca24[payload->]..$||9,418
2025-08-01T05:56:42.901 0100|00|00|05|fa0001|503b044322[payload->]C"||8,771
2025-08-01T05:56:43.002 0100|01|00|06|f801fe|503b0409ca24[payload->]..$||9,418
2025-08-01T06:17:01.261 0100|00|00|05|fa0001|503b044322[payload->]C"||8,771
2025-08-01T06:17:01.261 0100|01|00|06|f801fe|503b0409ca24[payload->]..$||9,418
2025-08-01T06:27:09.897 0100|00|00|05|fa0001|503b044322[payload->]C"||8,771
2025-08-01T06:27:09.898 0100|01|00|06|f801fe|503b0409ca24[payload->]..$||9,418
2025-08-01T06:37:17.887 0100|00|00|05|fa0001|503b044322[payload->]C"||8,771
2025-08-01T06:37:17.988 0100|01|00|06|f801fe|503b0409ca24[payload->]..$||9,418
2025-08-01T06:57:35.101 0100|00|00|05|fa0001|503b044322[payload->]C"||8,771
2025-08-01T06:57:35.202 0100|01|00|06|f801fe|503b0409ca24[payload->]..$||9,418
2025-08-01T07:07:43.525 0100|00|00|05|fa0001|503b044322[payload->]C"||8,771
2025-08-01T07:07:43.626 0100|01|00|06|f801fe|503b0409ca24[payload->]..$||9,418
2025-08-01T07:38:10.134 0100|00|00|05|fa0001|503b044322[payload->]C"||8,771
2025-08-01T07:38:10.135 0100|01|00|06|f801fe|503b0409ca24[payload->]..$||9,418
2025-08-01T07:58:27.326 0100|00|00|05|fa0001|503b044322[payload->]C"||8,771
2025-08-01T07:58:27.427 0100|01|00|06|f801fc|503b0409ca24[payload->]..$||9,418
2025-08-01T08:08:36.386 0100|01|00|46|f801fe|503b0409ca240100000005fa00013423019fa9010001000bf301fe342301000000000000b8760100000005fa0001541d01e1b90100010006f801fe541d0101a7c60100000005[payload->]..$........4#...........4#........v........T............T..........||1,280
2025-08-01T08:18:45.455 0100|00|00|05|fa0001|503b044322[payload->]C"||8,771
2025-08-01T08:18:45.556 0100|01|00|06|f801fe|503b0409ca24[payload->]..$||9,418
2025-08-01T08:39:02.480 0100|00|00|05|fa0001|503b044322[payload->]C"||8,771
2025-08-01T08:39:02.582 0100|01|00|06|f801fe|503b0409ca24[payload->]..$||9,418
2025-08-01T08:49:11.251 0100|00|00|05|fa0001|503b044322[payload->]C"||8,771
2025-08-01T08:49:11.352 0100|01|00|06|f801fe|503b0409ca24[payload->]..$||9,418
2025-08-01T08:59:21.169 0100|00|00|05|fa0001|503b044322[payload->]C"||8,771
2025-08-01T08:59:21.170 0100|01|00|06|f801fe|503b0409ca24[payload->]..$||9,418
2025-08-01T09:09:29.386 0100|00|00|05|fa0001|503b044322[payload->]C"||8,771
2025-08-01T09:09:29.387 0100|01|00|06|f801fe|503b0409ca24[payload->]..$||9,418
2025-08-01T09:29:47.195 0100|00|00|05|fa0001|503b044322[payload->]C"||8,771
2025-08-01T09:29:47.296 0100|01|00|06|f801fe|503b0409ca24[payload->]..$||9,418
2025-08-01T10:00:13.130 0100|00|00|05|fa0001|503b044322[payload->]C"||8,771
2025-08-01T10:00:13.231 0100|01|00|06|f801fe|503b0409ca24[payload->]..$||9,418
2025-08-01T10:10:22.262 0100|00|00|05|fa0001|503b044322[payload->]C"||8,771
2025-08-01T10:10:22.363 0100|01|00|06|f801fe|503b0409ca24[payload->]..$||9,418
2025-08-01T10:20:31.349 0100|00|00|05|fa0001|503b044322[payload->]C"||8,771
2025-08-01T10:20:31.349 0100|01|00|06|f801fe|503b0409ca24[payload->]..$||9,418
2025-08-01T10:40:49.150 0100|00|00|05|fa0001|503b044322[payload->]C"||8,771
2025-08-01T10:40:49.252 0100|01|00|06|f801fe|503b0409ca24[payload->]..$||9,418
2025-08-01T11:01:07.608 0100|00|00|05|fa0001|503b044322[payload->]C"||8,771
2025-08-01T11:01:07.609 0100|01|00|06|f801fe|503b0409ca24[payload->]..$||9,418
2025-08-01T11:11:16.340 0100|00|00|05|fa0001|503b044322[payload->]C"||8,771
2025-08-01T11:11:16.441 0100|01|00|06|f801fe|503b0409ca24[payload->]..$||9,418
2025-08-01T11:31:36.494 0100|00|00|05|fa0001|503b04506c[payload->]Pl||27,728
2025-08-01T11:41:44.357 0100|00|00|05|fa0001|503b044322[payload->]C"||8,771
2025-08-01T11:41:44.458 0100|01|00|06|f801fe|503b0409ca24[payload->]..$||9,418
2025-08-01T11:51:53.027 0100|00|00|05|fa0001|503b044322[payload->]C"||8,771
2025-08-01T11:51:53.128 0100|01|00|06|f801fe|503b0409ca24[payload->]..$||9,418
2025-08-01T12:02:02.511 0100|00|00|05|fa0001|503b044322[payload->]C"||8,771
2025-08-01T12:02:02.612 0100|01|00|06|f801fe|503b0409ca24[payload->]..$||9,418
2025-08-01T12:12:11.049 0100|00|00|05|fa0001|503b044322[payload->]C"||8,771
2025-08-01T12:12:11.150 0100|01|00|06|f801fe|503b0409ca24[payload->]..$||9,418
2025-08-01T12:32:29.043 0100|00|00|05|fa0001|503b044322[payload->]C"||8,771
2025-08-01T12:32:29.144 0100|01|00|06|f801fe|503b0409ca24[payload->]..$||9,418
2025-08-01T13:02:54.993 0100|00|00|05|fa0001|503b044322[payload->]C"||8,771
2025-08-01T13:02:55.094 0100|01|00|06|f801fe|503b0409ca24[payload->]..$||9,418
2025-08-01T13:13:03.697 0100|00|00|05|fa0001|503b044322[payload->]C"||8,771
2025-08-01T13:13:03.798 0100|01|00|06|f801fe|503b0409ca24[payload->]..$||9,418
2025-08-01T13:33:21.724 0100|00|00|05|fa0001|503b044322[payload->]C"||8,771
2025-08-01T13:33:21.724 0100|01|00|06|f801fe|503b0409ca24[payload->]..$||9,418
2025-08-01T13:43:30.467 0100|00|00|05|fa0001|503b044322[payload->]C"||8,771
2025-08-01T13:43:30.468 0100|01|00|06|f801fe|503b0409ca24[payload->]..$||9,418
2025-08-01T13:53:39.182 0100|00|00|05|fa0001|503b044322[payload->]C"||8,771
2025-08-01T13:53:39.182 0100|01|00|06|f801fe|503b0409ca24[payload->]..$||9,418
2025-08-01T14:03:47.641 0100|00|00|05|fa0001|503b044322[payload->]C"||8,771
2025-08-01T14:03:47.641 0100|01|00|06|f801fe|503b0409ca24[payload->]..$||9,418
2025-08-01T14:13:56.167 0100|00|00|05|fa0001|503b044322[payload->]C"||8,771
2025-08-01T14:13:56.269 0100|01|00|06|f801fe|503b0409ca24[payload->]..$||9,418
2025-08-01T14:24:05.123 0100|00|00|05|fa0001|503b044322[payload->]C"||8,771
2025-08-01T14:24:05.124 0100|01|00|06|f801fe|503b0409ca24[payload->]..$||9,418
2025-08-01T14:34:13.437 0100|00|00|05|fa0001|503b044322[payload->]C"||8,771
2025-08-01T14:34:13.538 0100|01|00|06|f801fe|503b0409ca24[payload->]..$||9,418
2025-08-01T14:44:22.364 0100|00|00|05|fa0001|503b044322[payload->]C"||8,771
2025-08-01T14:44:22.464 0100|01|00|06|f801fe|503b0409ca24[payload->]..$||9,418
2025-08-01T15:04:40.130 0100|00|00|05|fa0001|503b044322[payload->]C"||8,771
2025-08-01T15:04:40.131 0100|01|00|06|f801fe|503b0409ca24[payload->]..$||9,418
2025-08-01T15:14:49.081 0100|00|00|05|fa0001|503b044322[payload->]C"||8,771
2025-08-01T15:14:49.182 0100|01|00|06|f801fe|503b0409ca24[payload->]..$||9,418
2025-08-01T15:35:06.459 0100|00|00|05|fa0001|503b044322[payload->]C"||8,771
2025-08-01T15:35:06.460 0100|01|00|06|f801fe|503b0409ca24[payload->]..$||9,418
2025-08-01T15:55:23.594 0100|00|00|05|fa0001|503b044322[payload->]C"||8,771
2025-08-01T15:55:23.696 0100|01|00|06|f801fe|503b0409ca24[payload->]..$||9,418
2025-08-01T16:05:32.677 0100|00|00|05|fa0001|503b044322[payload->]C"||8,771
2025-08-01T16:05:32.778 0100|01|00|06|f801fe|503b0409ca24[payload->]..$||9,418
2025-08-01T16:35:59.064 0100|00|00|05|fa0001|503b044322[payload->]C"||8,771
2025-08-01T16:35:59.065 0100|01|00|06|f801fe|503b0409ca24[payload->]..$||9,418
2025-08-01T16:46:07.864 0100|00|00|05|fa0001|503b044322[payload->]C"||8,771
2025-08-01T16:46:07.865 0100|01|00|06|f801fe|503b0409ca24[payload->]..$||9,418
2025-08-01T16:56:16.114 0100|00|00|05|fa0001|503b044322[payload->]C"||8,771
2025-08-01T16:56:16.215 0100|01|00|06|f801fe|503b0409ca24[payload->]..$||9,418
2025-08-01T17:06:25.128 0100|00|00|05|fa0001|503b044322[payload->]C"||8,771
2025-08-01T17:06:25.229 0100|01|00|06|f801fe|503b0409ca24[payload->]..$||9,418
2025-08-01T17:16:33.717 0100|00|00|05|fa0001|503b044322[payload->]C"||8,771
2025-08-01T17:16:33.818 0100|01|00|06|f801fe|503b0409ca24[payload->]..$||9,418
2025-08-01T17:26:42.163 0100|00|00|05|fa0001|503b044322[payload->]C"||8,771
2025-08-01T17:26:42.264 0100|01|00|06|f801fe|503b0409ca24[payload->]..$||9,418
2025-08-01T17:36:51.423 0100|00|00|05|fa0001|503b044322[payload->]C"||8,771
2025-08-01T17:36:51.524 0100|01|00|06|f801fe|503b0409ca24[payload->]..$||9,418
2025-08-01T18:07:18.097 0100|00|00|05|fa0001|503b044322[payload->]C"||8,771
2025-08-01T18:07:18.198 0100|01|00|06|f801fe|503b0409ca24[payload->]..$||9,418
2025-08-01T18:17:25.813 0100|00|00|05|fa0001|503b044322[payload->]C"||8,771
2025-08-01T18:17:25.915 0100|01|00|06|f801fe|503b0409ca24[payload->]..$||9,418
2025-08-01T18:27:35.064 0100|00|00|05|fa0001|503b044322[payload->]C"||8,771
2025-08-01T18:27:35.165 0100|01|00|06|f801fe|503b0409ca24[payload->]..$||9,418
2025-08-01T18:37:43.193 0100|00|00|05|fa0001|503b044322[payload->]C"||8,771
2025-08-01T18:37:43.193 0100|01|00|06|f801fe|503b0409ca24[payload->]..$||9,418
2025-08-01T18:47:50.926 0100|00|00|05|fa0001|503b044322[payload->]C"||8,771
2025-08-01T18:47:51.027 0100|01|00|06|f001fe|503b0409ca24[payload->]..$||9,418
2025-08-01T18:58:00.255 0100|00|00|05|fa0001|503b044322[payload->]C"||8,771
2025-08-01T18:58:00.255 0100|01|00|06|f801fe|503b0409ca24[payload->]..$||9,418
2025-08-01T19:08:08.793 0100|00|00|05|fa0001|503b044322[payload->]C"||8,771
2025-08-01T19:08:08.793 0100|01|00|06|f801fe|503b0409ca24[payload->]..$||9,418
2025-08-01T19:18:17.321 0100|00|00|05|fa0001|503b044322[payload->]C"||8,771
2025-08-01T19:18:17.322 0100|01|00|06|f801fe|503b0409ca24[payload->]..$||9,418
2025-08-01T19:28:26.351 0100|00|00|05|fa0001|503b044322[payload->]C"||8,771
2025-08-01T19:28:26.352 0100|01|00|06|f801fe|503b0409ca24[payload->]..$||9,418
2025-08-01T19:38:34.897 0100|00|00|05|fa0001|503b044322[payload->]C"||8,771
2025-08-01T19:38:34.999 0100|01|00|06|f801fe|503b0409ca24[payload->]..$||9,418
2025-08-01T19:48:43.411 0100|00|00|05|fa0001|503b044322[payload->]C"||8,771
2025-08-01T19:48:43.512 0100|01|00|06|f801fe|503b0409ca24[payload->]..$||9,418
2025-08-01T19:58:51.413 0100|00|00|05|fa0001|503b044322[payload->]C"||8,771
2025-08-01T19:58:51.414 0100|01|00|06|f801fe|503b0409ca24[payload->]..$||9,418
2025-08-01T20:19:08.693 0100|00|00|05|fa0001|503b044322[payload->]C"||8,771
2025-08-01T20:19:08.693 0100|01|00|06|f801fe|503b0409ca24[payload->]..$||9,418
2025-08-01T20:39:26.590 0100|00|00|05|fa0001|503b044322[payload->]C"||8,771
2025-08-01T20:39:26.692 0100|01|00|06|f801fe|503b0409ca24[payload->]..$||9,418
2025-08-01T20:49:35.354 0100|00|00|05|fa0001|503b044322[payload->]C"||8,771
2025-08-01T20:49:35.354 0100|01|00|06|f801fe|503b0409ca24[payload->]..$||9,418
2025-08-01T21:20:01.279 0100|01|00|06|f801fe|503b0409ca24[payload->]..$||9,418
2025-08-01T21:30:10.266 0100|00|00|05|fa0001|503b044322[payload->]C"||8,771
2025-08-01T21:30:10.367 0100|01|00|06|f801fe|503b0409ca24[payload->]..$||9,418
2025-08-01T21:40:19.243 0100|00|00|05|fa0001|503b044322[payload->]C"||8,771
2025-08-01T21:40:19.244 0100|01|00|06|f801fe|503b0409ca24[payload->]..$||9,418
2025-08-01T21:50:28.451 0100|00|00|05|fa0001|503b044322[payload->]C"||8,771
2025-08-01T21:50:28.452 0100|01|00|06|f801fe|503b0409ca24[payload->]..$||9,418
2025-08-01T22:00:37.391 0100|00|00|05|fa0001|503b044322[payload->]C"||8,771
2025-08-01T22:00:37.492 0100|01|00|06|f801fe|503b0409ca24[payload->]..$||9,418
2025-08-01T22:10:46.591 0100|00|00|05|fa0001|503b044322[payload->]C"||8,771
2025-08-01T22:10:46.592 0100|01|00|06|f801fe|503b0409ca24[payload->]..$||9,418
2025-08-01T22:20:54.928 0100|00|00|05|fa0001|503b044322[payload->]C"||8,771
2025-08-01T22:20:55.029 0100|01|00|06|f801fe|503b0409ca24[payload->]..$||9,418
2025-08-01T22:41:12.978 0100|00|00|05|fa0001|503b044322[payload->]C"||8,771
2025-08-01T23:21:48.566 0100|00|00|05|fa0001|503b044322[payload->]C"||8,771
2025-08-01T23:21:48.567 0100|01|00|06|f801fe|503b0409ca24[payload->]..$||9,418
2025-08-01T23:31:57.000 0100|01|00|06|f801fe|503b0409ca04[payload->]...||1,226
2025-08-01T23:42:05.265 0100|00|00|05|fa0001|503b044322[payload->]C"||8,771
2025-08-01T23:42:05.266 0100|01|00|06|f801fe|503b0409ca24[payload->]..$||9,418
2025-08-01T23:52:14.236 0100|00|00|05|fa0001|503b044322[payload->]C"||8,771
2025-08-01T23:52:14.640 0100|01|00|46|fa01fe|503b0409ca24ffffff0100000005fa0001560e0111150100010006f801fe560e01001af70100000005fa000120000669b10100010006f801fe20000605a24e0100000005fa00[payload->]..$...........V............V............. ..i......... ....N.......||0,250
2025-08-02T00:02:21.998 0100|00|00|05|fa0001|503b044322[payload->]C"||8,771
2025-08-02T00:02:22.099 0100|01|00|06|f801fe|503b0409ca24[payload->]..$||9,418
2025-08-02T00:22:40.233 0100|00|00|05|fa0001|503b044322[payload->]C"||8,771
2025-08-02T00:22:40.334 0100|01|00|06|f801fe|503b0409ca24[payload->]..$||9,418
2025-08-02T00:32:48.831 0100|00|00|05|fa0001|503b044322[payload->]C"||8,771
2025-08-02T00:32:48.932 0100|01|00|06|f801fe|503b0409ca24[payload->]..$||9,418
2025-08-02T00:53:05.266 0100|00|00|05|fa0001|503b044322[payload->]C"||8,771
2025-08-02T00:53:05.367 0100|01|00|06|f801fe|503b0409ca24[payload->]..$||9,418
2025-08-02T01:03:14.122 0100|00|00|05|fa0001|503b040322[payload->]."||8,707
2025-08-02T01:03:14.223 0100|01|00|06|f801fe|503b0409ca24[payload->]..$||9,418
2025-08-02T01:13:22.915 0100|00|00|05|fa0001|503b044322[payload->]C"||8,771
2025-08-02T01:13:23.016 0100|01|00|06|f801fe|503b0409ca24[payload->]..$||9,418
2025-08-02T01:23:32.317 0100|00|00|05|fa0001|503b044322[payload->]C"||8,771
2025-08-02T01:23:32.418 0100|01|00|06|f801fe|503b0409ca24[payload->]..$||9,418
2025-08-02T01:33:41.390 0100|00|00|05|fa0001|503b044322[payload->]C"||8,771
2025-08-02T01:33:41.492 0100|01|00|06|f801fe|503b0409ca24[payload->]..$||9,418
2025-08-02T01:53:59.292 0100|00|00|05|fa0001|503b044322[payload->]C"||8,771
2025-08-02T01:53:59.292 0100|01|00|06|f801fe|503b0409ca24[payload->]..$||9,418
2025-08-02T02:04:08.320 0100|00|00|05|fa0001|503b044322[payload->]C"||8,771
2025-08-02T02:04:08.421 0100|01|00|06|f801fe|503b0409ca24[payload->]..$||9,418
2025-08-02T02:24:26.323 0100|00|00|05|fa0001|503b044322[payload->]C"||8,771
2025-08-02T02:24:26.324 0100|01|00|06|f801fe|503b0409ca24[payload->]..$||9,418
2025-08-02T02:44:44.142 0100|00|00|05|fa0001|503b044322[payload->]C"||8,771
2025-08-02T02:44:44.142 0100|01|00|06|f801fe|503b0409ca24[payload->]..$||9,418
2025-08-02T02:54:52.944 0100|00|00|05|fa0001|503b044322[payload->]C"||8,771
2025-08-02T02:54:52.944 0100|01|00|06|f801fe|503b0409ca24[payload->]..$||9,418
2025-08-02T03:15:10.634 0100|00|00|05|fa0001|503b040110[payload->]..||4,097
2025-08-02T04:16:01.151 0100|00|00|05|fa0001|503b044322[payload->]C"||8,771
2025-08-02T04:16:01.252 0100|01|08|0e|f801fe|503b0409ca240100000005fa0003[payload->]..$........||0,768
2025-08-02T04:26:10.519 0100|00|00|05|fa0001|503b044322[payload->]C"||8,771
2025-08-02T04:26:10.620 0100|01|00|06|f801fe|503b0409ca24[payload->]..$||9,418
2025-08-02T04:36:18.854 0100|00|00|05|fa0001|503b044322[payload->]C"||8,771
2025-08-02T04:36:18.855 0100|01|00|06|f801fe|503b0409ca24[payload->]..$||9,418
2025-08-02T05:06:44.873 0100|00|00|05|fa0001|503b044322[payload->]C"||8,771
2025-08-02T05:06:44.974 0100|01|00|06|f801fe|503b0409ca24[payload->]..$||9,418
2025-08-02T05:47:20.240 0100|00|00|05|fa0001|503b044322[payload->]C"||8,771
2025-08-02T05:47:20.240 0100|01|00|06|f801fe|503b0409ca24[payload->]..$||9,418
2025-08-02T05:57:28.899 0100|00|00|05|fa0001|503b044322[payload->]C"||8,771
2025-08-02T05:57:28.900 0100|01|00|06|f801fe|503b0409ca24[payload->]..$||9,418
2025-08-02T06:07:37.713 0100|00|00|05|fa0001|503b044322[payload->]C"||8,771
2025-08-02T06:07:37.713 0100|01|00|06|f801fe|503b0409ca24[payload->]..$||9,418
2025-08-02T06:27:55.075 0100|00|00|05|fa0001|503b044322[payload->]C"||8,771
2025-08-02T06:27:55.176 0100|01|00|06|f801fe|503b0409ca24[payload->]..$||9,418
2025-08-02T06:38:04.293 0100|00|00|05|fa0001|503b044322[payload->]C"||8,771
2025-08-02T06:38:04.293 0100|01|00|06|f801fe|503b0409ca24[payload->]..$||9,418
2025-08-02T06:48:13.330 0100|00|00|05|fa0001|503b044322[payload->]C"||8,771
2025-08-02T06:48:13.431 0100|01|00|06|f801fe|503b0409ca24[payload->]..$||9,418
2025-08-02T07:28:49.196 0100|00|00|05|fa0001|503b044322[payload->]C"||8,771
2025-08-02T07:28:49.297 0100|01|00|06|f801fe|503b0409ca24[payload->]..$||9,418
2025-08-02T07:38:57.293 0100|00|00|05|fa0001|503b044322[payload->]C"||8,771
2025-08-02T07:38:57.294 0100|01|00|06|f801fe|503b0409ca24[payload->]..$||9,418
2025-08-02T07:49:05.990 0100|00|00|05|fa0001|503b044300[payload->]C.||0,067
2025-08-02T08:29:42.129 0100|00|00|05|fa0001|503b044322[payload->]C"||8,771
2025-08-02T08:29:42.230 0100|01|00|06|f801fe|503b0409ca24[payload->]..$||9,418
2025-08-02T08:39:50.321 0100|00|00|05|fa0001|503b044322[payload->]C"||8,771
2025-08-02T08:39:50.321 0100|01|00|06|f801fe|503b0409ca24[payload->]..$||9,418
2025-08-02T09:00:07.652 0100|00|00|05|fa0001|503b044322[payload->]C"||8,771
2025-08-02T09:00:07.753 0100|01|00|06|f801fe|503b0409ca24[payload->]..$||9,418
2025-08-02T09:10:16.211 0100|00|00|05|fa0001|503b044322[payload->]C"||8,771
2025-08-02T09:10:16.211 0100|01|00|06|f801fe|503b0409ca24[payload->]..$||9,418
2025-08-02T09:20:25.016 0100|00|00|05|fa0001|503b044322[payload->]C"||8,771
2025-08-02T09:20:25.016 0100|01|00|06|f801fe|503b0409ca24[payload->]..$||9,418
2025-08-02T09:50:51.934 0100|00|00|05|fa0001|503b044322[payload->]C"||8,771
2025-08-02T10:00:59.607 0100|00|00|05|fa0001|503b044322[payload->]C"||8,771
2025-08-02T10:00:59.708 0100|01|00|06|f801fe|503b0409ca24[payload->]..$||9,418
2025-08-02T10:41:36.227 0100|00|00|05|fa0001|503b044322[payload->]C"||8,771
2025-08-02T10:41:36.329 0100|01|00|06|fc01fe|503b0409ca24[payload->]..$||9,418
2025-08-02T11:22:10.319 0100|00|00|05|fa0001|503b044322[payload->]C"||8,771
2025-08-02T11:22:10.420 0100|03|00|06|f801fe|503b0409ca24[payload->]..$||9,418
2025-08-02T11:42:28.187 0100|00|00|05|fa0001|503b044322[payload->]C"||8,771
2025-08-02T11:42:28.288 0100|01|00|06|f801fe|503b0409ca24[payload->]..$||9,418
2025-08-02T11:52:37.023 0100|01|00|06|f801fe|503b0409ca24[payload->]..$||9,418
2025-08-02T12:02:45.748 0100|00|00|05|fa0001|503b044322[payload->]C"||8,771
2025-08-02T12:02:45.849 0100|01|00|06|f801fe|503b0409ca24[payload->]..$||9,418
2025-08-02T12:12:54.805 0100|00|00|05|fa0001|503b044322[payload->]C"||8,771
2025-08-02T12:12:54.806 0100|01|00|06|f801fe|503b0409ca24[payload->]..$||9,418
2025-08-02T12:23:03.482 0100|00|00|05|fa0001|503b044322[payload->]C"||8,771
2025-08-02T12:23:03.583 0100|01|00|06|f801fe|503b0409ca24[payload->]..$||9,418
2025-08-02T12:43:20.347 0100|00|00|05|fa0001|503b044322[payload->]C"||8,771
2025-08-02T12:43:20.448 0100|01|00|06|f801fe|503b0409ca24[payload->]..$||9,418
2025-08-02T13:23:55.268 0100|00|00|05|fa0001|503b044322[payload->]C"||8,771
2025-08-02T13:23:55.268 0100|01|00|06|f801fe|503b0409ca24[payload->]..$||9,418
2025-08-02T13:34:03.852 0100|00|00|05|fa0001|503b044322[payload->]C"||8,771
2025-08-02T13:34:03.953 0100|01|00|06|f801fe|503b0409ca24[payload->]..$||9,418
2025-08-02T13:44:11.950 0100|00|00|05|fa0001|503b044322[payload->]C"||8,771
2025-08-02T13:44:12.051 0100|01|00|06|f801fe|503b0409ca24[payload->]..$||9,418
2025-08-02T13:54:21.300 0100|00|00|05|fa0001|503b044322[payload->]C"||8,771
2025-08-02T13:54:21.301 0100|01|00|06|f801fe|503b0409ca24[payload->]..$||9,418
2025-08-02T14:04:30.210 0100|00|00|05|fa0001|503b044322[payload->]C"||8,771
2025-08-02T14:04:30.312 0100|01|00|06|f801fe|503b0409ca24[payload->]..$||9,418
2025-08-02T14:14:39.027 0100|00|00|05|fa0001|503b044322[payload->]C"||8,771
2025-08-02T14:14:39.028 0100|01|00|06|f801fe|503b0409ca24[payload->]..$||9,418
2025-08-02T14:45:05.242 0100|00|00|05|fa0001|503b044322[payload->]C"||8,771
2025-08-02T14:45:05.343 0100|01|00|06|f801fe|503b0409ca24[payload->]..$||9,418
2025-08-02T14:55:13.916 0100|00|00|05|fa0001|503b044322[payload->]C"||8,771
2025-08-02T14:55:13.916 0100|01|00|06|f801fe|503b0409ca24[payload->]..$||9,418
2025-08-02T15:05:23.195 0100|00|00|05|fa0001|503b044322[payload->]C"||8,771
2025-08-02T15:05:23.297 0100|01|00|06|f801fe|503b0409ca24[payload->]..$||9,418
2025-08-02T15:15:32.349 0100|00|00|05|fa0001|503b044322[payload->]C"||8,771
2025-08-02T15:15:32.349 0100|01|00|06|f801fe|503b0409ca24[payload->]..$||9,418
2025-08-02T15:45:59.398 0100|00|00|05|fa0001|503b044322[payload->]C"||8,771
2025-08-02T15:45:59.398 0100|01|00|06|f801fe|503b0409ca24[payload->]..$||9,418
2025-08-02T15:56:07.889 0100|00|00|05|fa0001|503b044322[payload->]C"||8,771
2025-08-02T16:06:16.610 0100|00|00|05|fa0001|503b044322[payload->]C"||8,771
2025-08-02T16:06:16.712 0100|01|00|06|f801fe|503b0409ca24[payload->]..$||9,418
2025-08-02T16:16:24.836 0100|00|00|05|fa0001|503b044322[payload->]C"||8,771
2025-08-02T16:16:24.836 0100|01|00|06|f801fe|503b0409ca24[payload->]..$||9,418
2025-08-02T16:26:33.221 0100|00|00|05|fa0001|503b044322[payload->]C"||8,771
2025-08-02T16:26:33.221 0100|01|00|06|f801fe|503b0409ca24[payload->]..$||9,418
2025-08-02T16:46:51.183 0100|01|00|06|f801fe|503b0409ca24[payload->]..$||9,418
2025-08-02T16:57:00.386 0100|00|00|05|fa0001|503b044322[payload->]C"||8,771
2025-08-02T16:57:00.387 0100|01|00|06|f801fe|503b0409ca24[payload->]..$||9,418
2025-08-02T17:07:09.132 0100|00|00|05|fa0001|503b044322[payload->]C"||8,771
2025-08-02T17:07:09.233 0100|01|00|06|f801fe|503b0409ca24[payload->]..$||9,418
2025-08-02T17:27:26.462 0100|00|00|05|fa0001|503b044322[payload->]C"||8,771
2025-08-02T17:27:26.765 0100|01|00|46|fa41fe|503b0409ca24ff0100000005fa00013463015f980100010006f801fe346301007f79ff0100000005fa000120000669ffffffffffffbc770100000005fa00011f8500f7630100[payload->]..$.........4c._.........4c...y......... ..i.......w............c..||0,001
2025-08-02T17:37:34.861 0100|01|00|06|f801fe|503b0409ca24[payload->]..$||9,418
2025-08-02T17:47:44.154 0100|00|00|05|fa0001|503b044322[payload->]C"||8,771
2025-08-02T17:47:44.255 0100|01|00|06|f801fe|503b0409ca24[payload->]..$||9,418
2025-08-02T18:08:02.279 0100|01|00|06|f801fe|503b0409ca24[payload->]..$||9,418
2025-08-02T18:18:11.376 0100|01|00|46|f801fe|503b0409ca240100000005fa00013655013f2e0100010007f701fe365501800cbfe40100000005fa0001560f0181140100010006f801fe560f01011a670100000005fa000136[payload->]..$........6U.?.........6U.............V............V....g........6||13,825
2025-08-02T18:38:29.285 0100|00|00|05|fa0001|503b044322[payload->]C"||8,771
2025-08-02T18:38:29.387 0100|01|00|06|f801fe|503b0409ca24[payload->]..$||9,418
2025-08-02T19:19:04.501 0100|00|00|05|fa0001|503b044322[payload->]C"||8,771
2025-08-02T19:19:04.603 0100|01|00|06|f801fe|503b0409ca24[payload->]..$||9,418
2025-08-02T19:29:13.380 0100|00|00|05|fa0001|503b044322[payload->]C"||8,771
2025-08-02T19:29:13.481 0100|01|00|06|f801fe|503b0409ca24[payload->]..$||9,418
2025-08-02T19:39:22.913 0100|00|00|05|fa0001|503b044322[payload->]C"||8,771
2025-08-02T19:39:23.015 0100|01|00|06|f801fe|503b0409ca24[payload->]..$||9,418
2025-08-02T19:49:31.136 0100|01|00|06|f801fe|503b0409ca24[payload->]..$||9,418
2025-08-02T19:59:40.258 0100|00|00|05|fa0001|503b044322[payload->]C"||8,771
2025-08-02T19:59:40.359 0100|01|00|06|f801fe|503b0409ca24[payload->]..$||9,418
2025-08-02T20:19:57.909 0100|00|00|05|fa0001|503b044322[payload->]C"||8,771
2025-08-02T20:19:58.010 0100|01|00|06|f801fe|503b0409ca24[payload->]..$||9,418
2025-08-02T20:30:07.095 0100|00|00|05|fa0001|503b044322[payload->]C"||8,771
2025-08-02T20:40:14.915 0100|00|00|05|fa0001|503b044322[payload->]C"||8,771
2025-08-02T20:50:24.554 0100|00|00|05|fa0001|503b044322[payload->]C"||8,771
2025-08-02T20:50:24.554 0100|01|00|06|f801fe|503b0409ca24[payload->]..$||9,418
2025-08-02T21:10:41.750 0100|00|00|05|fa0001|503b044322[payload->]C"||8,771
2025-08-02T21:10:41.750 0100|01|00|06|f801fe|503b0409ca24[payload->]..$||9,418
2025-08-02T21:20:50.323 0100|00|00|05|fa0001|503b044322[payload->]C"||8,771
2025-08-02T21:20:50.425 0100|01|00|06|f801fe|503b0409ca24[payload->]..$||9,418
2025-08-02T22:01:25.267 0100|00|00|05|fa0001|503b044322[payload->]C"||8,771
2025-08-02T22:01:25.267 0100|01|00|06|f801fe|503b0409ca24[payload->]..$||9,418
2025-08-02T22:11:34.595 0100|00|00|05|fa0001|503b044322[payload->]C"||8,771
2025-08-02T22:11:34.697 0100|01|00|06|f801fe|503b0409ca24[payload->]..$||9,418
2025-08-02T22:21:43.660 0100|00|00|05|fa0001|503b044322[payload->]C"||8,771
2025-08-02T22:21:43.761 0100|01|00|06|f801fe|503b0409ca24[payload->]..$||9,418
2025-08-02T22:31:52.606 0100|00|00|05|fa0001|503b044322[payload->]C"||8,771
2025-08-02T22:31:52.707 0100|01|00|06|f801fe|503b0409ca24[payload->]..$||9,418
2025-08-02T22:42:00.369 0100|00|00|05|fa0001|503b044322[payload->]C"||8,771
2025-08-02T22:42:00.470 0100|01|00|06|f801fe|503b0409ca24[payload->]..$||9,418
2025-08-02T22:52:09.601 0100|00|00|05|fa0001|503b044322[payload->]C"||8,771
2025-08-02T22:52:09.601 0100|01|00|06|f801fe|503b0409ca24[payload->]..$||9,418
2025-08-02T23:12:27.327 0100|00|00|05|fa0001|503b044322[payload->]C"||8,771
2025-08-02T23:32:43.420 0100|00|00|05|fa0001|503b044322[payload->]C"||8,771
2025-08-02T23:32:43.521 0100|01|00|06|f801fe|503b0409ca24[payload->]..$||9,418
2025-08-02T23:42:52.640 0100|00|00|05|fa0001|503b044322[payload->]C"||8,771
2025-08-02T23:42:52.741 0100|01|00|06|f801fe|503b0409ca24[payload->]..$||9,418
2025-08-02T23:53:01.979 0100|00|00|05|fa0001|503b044322[payload->]C"||8,771
2025-08-02T23:53:01.979 0100|01|00|06|f801fe|503b0409ca24[payload->]..$||9,418
2025-08-03T00:03:10.784 0100|00|00|05|fa0001|503b044322[payload->]C"||8,771
2025-08-03T00:03:10.885 0100|01|00|06|f801fe|503b0409ca07[payload->]...||1,994
2025-08-03T00:53:54.953 0100|00|00|05|fa0001|503b044322[payload->]C"||8,771
2025-08-03T00:53:54.953 0100|01|00|06|f801fe|503b0409ca24[payload->]..$||9,418
2025-08-03T01:14:12.623 0100|00|00|05|fa0001|503b044322[payload->]C"||8,771
2025-08-03T01:14:12.724 0100|01|00|06|f801fe|503b0409ca24[payload->]..$||9,418
2025-08-03T01:24:22.054 0100|00|00|05|fa0001|503b044322[payload->]C"||8,771
2025-08-03T01:24:22.155 0100|01|00|06|f801fe|503b0409ca24[payload->]..$||9,418
2025-08-03T01:34:30.479 0100|00|00|05|fa0001|503b044322[payload->]C"||8,771
2025-08-03T01:34:30.580 0100|01|00|06|f801fe|503b0409ca24[payload->]..$||9,418
2025-08-03T01:44:39.136 0100|00|00|05|fa0001|503b044322[payload->]C"||8,771
2025-08-03T01:44:39.237 0100|01|00|06|f801fe|503b0409ca24[payload->]..$||9,418
2025-08-03T02:15:04.257 0100|00|00|05|fa0001|503b044322[payload->]C"||8,771
2025-08-03T02:25:12.761 0100|00|00|05|fa0001|503b044322[payload->]C"||8,771
2025-08-03T02:45:30.922 0100|00|00|05|fa0001|503b044322[payload->]C"||8,771
2025-08-03T02:45:31.023 0100|01|00|06|f801fe|503b0409ca24[payload->]..$||9,418
2025-08-03T02:55:39.203 0100|00|00|05|fa0001|503b044322[payload->]C"||8,771
2025-08-03T02:55:39.304 0100|01|00|06|f801fe|503b0409ca24[payload->]..$||9,418
2025-08-03T03:05:47.208 0100|00|00|05|fa0001|503b044322[payload->]C"||8,771
2025-08-03T03:05:47.309 0100|01|00|0e|f801fe|503b0409ca240100000005fa0001[payload->]..$........||0,256
2025-08-03T03:15:56.228 0100|00|00|05|fa0001|503b044322[payload->]C"||8,771
2025-08-03T03:15:56.228 0100|01|00|06|f801fe|503b0409ca24[payload->]..$||9,418
2025-08-03T03:26:05.499 0100|00|00|05|fa0001|503b044322[payload->]C"||8,771
2025-08-03T03:26:05.600 0100|01|00|06|f801fe|503b0409ca24[payload->]..$||9,418
2025-08-03T03:46:25.079 0100|00|00|05|fa0001|503b044322[payload->]C"||8,771
2025-08-03T03:46:25.180 0100|01|00|06|f801fe|503b0409ca24[payload->]..$||9,418
2025-08-03T03:56:33.599 0100|00|00|05|fa0001|503b044322[payload->]C"||8,771
2025-08-03T03:56:33.700 0100|01|00|06|f801fe|503b0409ca24[payload->]..$||9,418
2025-08-03T04:16:52.123 0100|00|00|05|fa0001|503b044322[payload->]C"||8,771
2025-08-03T04:16:52.124 0100|01|00|06|f801fe|503b0409ca24[payload->]..$||9,418
2025-08-03T04:27:00.434 0100|00|00|05|fa0001|503b044322[payload->]C"||8,771
2025-08-03T04:27:00.435 0100|01|00|06|f801fe|503b0409ca24[payload->]..$||9,418
2025-08-03T04:37:09.052 0100|00|00|05|fa0001|503b044322[payload->]C"||8,771
2025-08-03T04:57:26.512 0100|00|00|05|fa0001|503b044322[payload->]C"||8,771
2025-08-03T04:57:26.613 0100|01|00|06|f801fe|503b0409ca24[payload->]..$||9,418
2025-08-03T05:17:44.638 0100|01|00|06|f801fe|503b0409ca24[payload->]..$||9,418
2025-08-03T05:27:54.043 0100|00|00|05|fa0001|503b044322[payload->]C"||8,771
2025-08-03T05:27:54.144 0100|01|00|06|f801fe|503b0409ca24[payload->]..$||9,418
2025-08-03T05:38:02.998 0100|00|00|05|fa0001|503b044322[payload->]C"||8,771
2025-08-03T05:48:11.902 0100|00|00|05|fa0001|503b044322[payload->]C"||8,771
2025-08-03T05:48:12.003 0100|01|00|06|f801fe|503b0409ca24[payload->]..$||9,418
2025-08-03T05:58:20.379 0100|01|00|06|f801fe|503b0409ca24[payload->]..$||9,418
2025-08-03T06:18:37.944 0100|00|00|05|fa0001|503b044322[payload->]C"||8,771
2025-08-03T06:18:37.944 0100|01|00|06|f801fe|503b0409ca24[payload->]..$||9,418
2025-08-03T06:28:46.924 0100|00|00|05|fa0001|503b044322[payload->]C"||8,771
2025-08-03T06:28:46.925 0100|01|00|06|f801fe|503b0409ca24[payload->]..$||9,418
2025-08-03T06:49:04.347 0100|00|00|05|fa0001|503b044322[payload->]C"||8,771
2025-08-03T06:49:04.448 0100|01|00|06|f801fe|503b0409ca24[payload->]..$||9,418
2025-08-03T07:19:31.685 0100|00|00|05|fa0001|503b044322[payload->]C"||8,771
2025-08-03T07:19:31.786 0100|01|00|06|f801fe|503b0409ca24[payload->]..$||9,418
2025-08-03T07:29:40.319 0100|00|00|05|fa0001|503b044322[payload->]C"||8,771
2025-08-03T07:29:40.420 0100|09|08|06|f801fe|503b0409ca24[payload->]..$||9,418
2025-08-03T08:10:13.787 0100|00|00|05|fa0001|503b044322[payload->]C"||8,771
2025-08-03T08:10:13.888 0100|01|00|06|f801fe|503b0409ca24[payload->]..$||9,418
2025-08-03T08:20:22.732 0100|00|00|05|fa0001|503b044322[payload->]C"||8,771
2025-08-03T08:20:22.833 0100|01|00|06|f801fe|503b0409ca24[payload->]..$||9,418
2025-08-03T08:30:31.384 0100|00|00|05|fa0001|503b044322[payload->]C"||8,771
2025-08-03T08:30:31.485 0100|01|00|06|f801fe|503b0409ca24[payload->]..$||9,418
2025-08-03T08:40:40.558 0100|00|00|05|fa0001|503b044322[payload->]C"||8,771
2025-08-03T08:40:40.659 0100|01|00|06|f801fe|503b0409ca24[payload->]..$||9,418
2025-08-03T08:50:48.943 0100|00|00|05|fa0001|503b044322[payload->]C"||8,771
2025-08-03T08:50:49.045 0100|01|00|06|f801fe|503b0409ca24[payload->]..$||9,418
2025-08-03T09:00:58.737 0100|00|00|05|fa0001|503b044322[payload->]C"||8,771
2025-08-03T09:00:58.737 0100|01|00|06|f801fe|503b0409ca24[payload->]..$||9,418
2025-08-03T09:11:06.194 0100|00|00|05|fa0001|503b044322[payload->]C"||8,771
2025-08-03T09:11:06.396 0100|01|00|06|f801fe|503b0409ca24[payload->]..$||9,418
2025-08-03T09:21:14.982 0100|00|00|05|fa0001|503b044322[payload->]C"||8,771
2025-08-03T09:21:15.083 0100|01|00|06|f801fe|503b0409ca24[payload->]..$||9,418
2025-08-03T09:31:23.732 0100|00|00|05|fa0001|503b044322[payload->]C"||8,771
2025-08-03T09:31:23.732 0100|01|00|06|f801fe|503b0409ca24[payload->]..$||9,418
2025-08-03T09:51:41.672 0100|00|00|05|fa0001|503b044322[payload->]C"||8,771
2025-08-03T09:51:41.672 0100|01|00|06|f801fe|503b0409ca24[payload->]..$||9,418
2025-08-03T10:01:50.235 0100|00|00|05|fa0001|503b044322[payload->]C"||8,771
2025-08-03T10:01:50.436 0100|01|00|06|f801fe|503b0409ca24[payload->]..$||9,418
2025-08-03T10:11:59.352 0100|00|00|05|fa0001|503b044322[payload->]C"||8,771
2025-08-03T10:11:59.553 0100|01|00|06|f801fe|503b0409ca24[payload->]..$||9,418
2025-08-03T10:32:16.500 0100|00|00|05|fa0001|503b044322[payload->]C"||8,771
2025-08-03T10:32:16.601 0100|01|00|06|f801fe|503b0409ca24[payload->]..$||9,418
2025-08-03T10:42:25.242 0100|00|00|05|fa0001|503b044322[payload->]C"||8,771
2025-08-03T10:42:25.343 0100|01|00|06|f801fe|503b0409ca24[payload->]..$||9,418
2025-08-03T10:52:34.196 0100|00|00|05|fa0001|503b044322[payload->]C"||8,771
2025-08-03T10:52:34.298 0100|01|00|06|f801fe|503b0409ca24[payload->]..$||9,418
2025-08-03T11:02:43.336 0100|00|00|05|fa0001|503b044322[payload->]C"||8,771
2025-08-03T11:02:43.437 0100|01|00|06|f801fe|503b0409ca24[payload->]..$||9,418
2025-08-03T11:23:01.508 0100|00|00|05|fa0001|503b044322[payload->]C"||8,771
2025-08-03T11:23:01.610 0100|01|00|06|f801fe|503b0409ca24[payload->]..$||9,418
2025-08-03T11:33:10.384 0100|00|00|05|fa0001|503b044322[payload->]C"||8,771
2025-08-03T11:33:10.485 0100|01|00|06|f801fe|503b0409ca24[payload->]..$||9,418
2025-08-03T11:53:28.686 0100|00|00|05|fa0001|503b044322[payload->]C"||8,771
2025-08-03T11:53:28.787 0100|01|00|06|f801fe|503b0409ca24[payload->]..$||9,418
2025-08-03T12:13:46.507 0100|00|00|05|fa0001|503b044322[payload->]C"||8,771
2025-08-03T12:13:46.608 0100|01|00|06|f801fe|503b0409ca24[payload->]..$||9,418
2025-08-03T12:23:55.292 0100|00|00|05|fa0001|503b044322[payload->]C"||8,771
2025-08-03T12:23:55.293 0100|01|00|06|f801fe|503b0409ca24[payload->]..$||9,418
2025-08-03T12:34:04.276 0100|00|00|05|fa0001|503b044322[payload->]C"||8,771
2025-08-03T12:34:04.377 0100|01|00|06|f801fe|503b0409ca24[payload->]..$||9,418
2025-08-03T12:54:22.322 0100|00|00|05|fa0001|503b044322[payload->]C"||8,771
2025-08-03T12:54:22.322 0100|01|00|06|f801fe|503b0409ca24[payload->]..$||9,418
2025-08-03T13:04:31.071 0100|00|00|05|fa0001|503b044322[payload->]C"||8,771
2025-08-03T13:04:31.172 0100|01|00|06|f801fe|503b0409ca24[payload->]..$||9,418
2025-08-03T13:24:48.922 0100|00|00|05|fa0001|503b044322[payload->]C"||8,771
2025-08-03T13:24:49.024 0100|01|00|06|f801fe|503b0409ca24[payload->]..$||9,418
2025-08-03T13:34:58.468 0100|01|00|06|f801fe|503b0409ca24[payload->]..$||9,418
2025-08-03T13:55:16.424 0100|00|00|05|fa0001|503b044322[payload->]C"||8,771
2025-08-03T13:55:16.425 0100|01|00|06|f801fe|503b0409ca24[payload->]..$||9,418
2025-08-03T14:25:43.168 0100|00|00|05|fa0001|503b044322[payload->]C"||8,771
2025-08-03T14:25:43.169 0100|01|00|06|f801fe|503b0409ca24[payload->]..$||9,418
2025-08-03T14:56:09.111 0100|00|00|05|fa0001|503b044322[payload->]C"||8,771
2025-08-03T14:56:09.213 0100|01|00|06|fa03fe|503b0409ca24[payload->]..$||9,418
2025-08-03T15:06:17.887 0100|00|00|05|fa0001|503b044322[payload->]C"||8,771
2025-08-03T15:06:17.988 0100|01|00|06|f801fe|503b0409ca24[payload->]..$||9,418
2025-08-03T15:26:35.032 0100|00|00|05|fa0001|503b044322[payload->]C"||8,771
2025-08-03T15:26:35.032 0100|01|00|06|f801fe|503b0409ca24[payload->]..$||9,418
2025-08-03T15:36:43.783 0100|00|00|05|fa0001|503b044322[payload->]C"||8,771
2025-08-03T15:36:43.884 0100|01|00|06|f801fe|503b0409ca24[payload->]..$||9,418
2025-08-03T15:46:53.077 0100|01|00|06|f801fe|503b0409ca24[payload->]..$||9,418
2025-08-03T15:57:02.028 0100|00|00|05|fa0001|503b044322[payload->]C"||8,771
2025-08-03T16:07:10.143 0100|00|00|05|fa0001|503b044322[payload->]C"||8,771
2025-08-03T16:07:10.143 0100|01|00|06|f801fe|503b0409ca24[payload->]..$||9,418
2025-08-03T16:17:19.088 0100|00|00|05|fa0001|503b044322[payload->]C"||8,771
2025-08-03T16:17:19.189 0100|01|00|06|f801fe|503b0409ca24[payload->]..$||9,418
2025-08-03T16:47:44.865 0100|01|00|06|f801fe|503b0409ca24[payload->]..$||9,418
2025-08-03T16:57:53.201 0100|00|00|05|fa0001|503b044322[payload->]C"||8,771
2025-08-03T16:57:53.302 0100|01|00|06|f801fe|503b0409ca24[payload->]..$||9,418
2025-08-03T17:08:02.965 0100|00|00|05|fa0001|503b044322[payload->]C"||8,771
2025-08-03T17:08:02.965 0100|01|00|06|f801fe|503b0409ca24[payload->]..$||9,418
2025-08-03T17:18:11.633 0100|00|00|05|fa0001|503b044322[payload->]C"||8,771
2025-08-03T17:18:11.633 0100|01|02|06|f801fe|503b0409ca24[payload->]..$||9,418
2025-08-03T17:28:20.032 0100|00|00|05|fa0001|503b044322[payload->]C"||8,771
2025-08-03T17:28:20.133 0100|00|00|06|f801fe|503b0409ca24[payload->]..$||9,418
2025-08-03T17:38:28.972 0100|00|00|05|fa0001|503b044322[payload->]C"||8,771
2025-08-03T17:38:29.073 0100|01|00|06|f801fe|503b0409ca24[payload->]..$||9,418
2025-08-03T17:58:47.030 0100|00|00|05|fa0001|503b044322[payload->]C"||8,771
2025-08-03T17:58:47.131 0100|01|00|06|f801fe|503b0409ca24[payload->]..$||9,418
2025-08-03T18:08:55.701 0100|00|00|05|fa0001|503b044322[payload->]C"||8,771
2025-08-03T18:08:55.802 0100|01|00|06|f801fe|503b0409ca24[payload->]..$||9,418
