2025-07-31T14:51:33.891 0100|01|00|07|f701fe|900301ffff859c[payload->]....||40,069
2025-07-31T15:19:46.554 0100|01|00|07|f701fe|900301ffff859c[payload->]....||40,069
2025-08-01T14:51:17.704 0100|01|00|07|f701fe|900301ffff859c[payload->]....||40,069
2025-08-02T01:12:08.191 0100|01|00|07|f701fe|900301ffff859c[payload->]....||40,069
2025-08-02T02:12:38.180 0100|01|00|07|f701fe|900301ffff859c[payload->]....||40,069
2025-08-02T05:04:29.042 0100|01|00|07|f701fe|900301ffff859c[payload->]....||40,069
2025-08-02T06:43:39.260 0100|01|08|07|f701fe|900301ffff859c[payload->]....||40,069
2025-08-02T09:38:34.166 0100|01|00|07|f701fe|900301ffff859c[payload->]....||40,069
2025-08-02T09:52:39.146 0100|01|00|07|f701fe|900301ffff859c[payload->]....||40,069
2025-08-02T10:04:09.190 0100|01|00|07|f701fe|900301ffff859c[payload->]....||40,069
2025-08-02T10:22:04.172 0100|01|00|07|f701fe|900301ffff859c[payload->]....||40,069
2025-08-02T11:00:49.209 0100|01|00|07|f701fe|900301ffff859c[payload->]....||40,069
2025-08-02T11:25:29.484 0100|01|00|27|f701ff|900301ffff859c0100000005fa00012004016bf20100010009f501fe200401ffffffff850d0100[payload->]............ ..k......... ..........||0,001
2025-08-02T12:06:04.125 0100|01|00|07|f701fe|900301ffff859c[payload->]....||40,069
2025-08-02T12:12:14.192 0100|01|00|07|f705fe|900301ffff859c[payload->]....||40,069
2025-08-02T12:55:54.363 0100|01|00|07|f701fe|900301ffff859c[payload->]....||40,069
2025-08-02T13:20:04.205 0100|01|00|07|f701fe|900301ffff859c[payload->]....||40,069
2025-08-02T14:28:14.365 0100|01|00|07|ff09fe|900301ffff859c[payload->]....||40,069
2025-08-02T15:51:14.282 0100|01|00|07|f701fe|900301ffff859c[payload->]....||40,069
2025-08-02T18:29:34.371 0100|01|00|07|f701fe|900301ffff859c[payload->]....||40,069
2025-08-02T18:38:50.394 0100|01|00|07|f701fe|900301ffff859c[payload->]....||40,069
2025-08-02T23:45:09.833 0100|01|00|07|f781fe|900301ffff859c[payload->]....||40,069
2025-08-03T04:39:37.660 0100|01|00|07|f701fe|900301ffff859c[payload->]....||40,069
2025-08-03T05:03:28.870 0100|01|00|07|f701fe|900301ffff859c[payload->]....||40,069
2025-08-03T05:19:57.803 0100|01|00|07|f721fe|900301ffff859c[payload->]....||40,069
2025-08-03T06:48:07.772 0100|01|00|07|f781fe|900301ffff859c[payload->]....||40,069
2025-08-03T06:51:48.144 0100|01|00|07|f701fe|900301ffff859c[payload->]....||40,069
2025-08-03T12:02:24.539 0100|01|00|07|f701fe|900301ffff859c[payload->]....||40,069
