2025-07-30T20:37:55.632 0100|00|00|05|fa0001|541401b1bf[payload->]..||49,073
2025-07-30T20:37:55.633 0100|01|00|06|f801fe|5414010065d7[payload->].e.||55,141
2025-07-30T20:58:13.514 0100|00|00|05|fa0001|541401b1bf[payload->]..||49,073
2025-07-30T20:58:13.615 0100|01|00|06|f801fe|5414010065d7[payload->].e.||55,141
2025-07-30T21:18:30.945 0100|00|00|05|fa0001|541401b1bf[payload->]..||49,073
2025-07-30T21:18:31.046 0100|01|00|06|f801fe|5414010065d7[payload->].e.||55,141
2025-07-30T21:28:39.730 0100|00|00|05|fa0001|541401b1bf[payload->]..||49,073
2025-07-30T21:28:39.730 0100|01|00|06|f801fe|5414010065d7[payload->].e.||55,141
2025-07-30T21:38:49.081 0100|00|00|05|fa0001|541401b1bf[payload->]..||49,073
2025-07-30T21:38:49.081 0100|01|00|06|f801fe|5414010065d7[payload->].e.||55,141
2025-07-30T21:59:05.631 0100|01|00|06|f801fe|5414010065d7[payload->].e.||55,141
2025-07-30T22:19:23.455 0100|00|00|05|fa0001|541401b1bf[payload->]..||49,073
2025-07-30T22:19:23.555 0100|01|00|06|f801fe|5414010065d7[payload->].e.||55,141
2025-07-30T22:29:32.108 0100|00|00|05|fa0001|541401b1bf[payload->]..||49,073
2025-07-30T22:29:32.209 0100|01|00|06|f801fe|5414010065d7[payload->].e.||55,141
2025-07-30T22:39:40.977 0100|00|00|05|fa0001|541401b1bf[payload->]..||49,073
2025-07-30T22:39:41.078 0100|01|00|06|f801fe|5414010065d7[payload->].e.||55,141
2025-07-30T23:10:06.901 0100|00|00|05|fa0001|541401b1bf[payload->]..||49,073
2025-07-30T23:10:07.002 0100|01|00|06|f801fe|5414010065d7[payload->].e.||55,141
2025-07-30T23:20:16.662 0100|00|00|05|fa0001|541401b1bf[payload->]..||49,073
2025-07-30T23:20:16.763 0100|01|00|06|f801fe|5414010065d7[payload->].e.||55,141
2025-07-30T23:30:24.718 0100|00|00|05|fa0001|541401b1bf[payload->]..||49,073
2025-07-30T23:30:24.719 0100|01|00|06|f801fe|5414010065d7[payload->].e.||55,141
2025-07-30T23:50:43.383 0100|00|00|05|fa0001|541401b1bf[payload->]..||49,073
2025-07-30T23:50:43.384 0100|01|00|06|f801fe|5414010065d7[payload->].e.||55,141
2025-07-31T00:11:01.092 0100|00|00|05|fa0001|541401b1bf[payload->]..||49,073
2025-07-31T00:11:01.193 0100|01|00|06|f801fe|5414010065d7[payload->].e.||55,141
2025-07-31T00:21:09.812 0100|00|00|05|fa0001|541401b1bf[payload->]..||49,073
2025-07-31T00:21:09.812 0100|01|00|06|f801fe|5414010065d7[payload->].e.||55,141
2025-07-31T00:31:19.032 0100|00|00|05|fa0001|541401b1bf[payload->]..||49,073
2025-07-31T00:31:19.134 0100|01|00|06|f801fe|5414010065d7[payload->].e.||55,141
2025-07-31T00:51:36.123 0100|00|00|05|fa0001|541401b1bf[payload->]..||49,073
2025-07-31T00:51:36.224 0100|01|00|06|f801fe|5414010065d7[payload->].e.||55,141
2025-07-31T01:01:44.214 0100|00|00|05|fa0001|541401b1bf[payload->]..||49,073
2025-07-31T01:01:44.315 0100|01|00|06|f801fe|5414010065d7[payload->].e.||55,141
2025-07-31T01:11:52.732 0100|00|00|05|fa0001|541401b1bf[payload->]..||49,073
2025-07-31T01:11:52.833 0100|01|00|06|f801fe|5414010065d7[payload->].e.||55,141
2025-07-31T01:22:01.324 0100|00|00|05|fa0001|541401b1bf[payload->]..||49,073
2025-07-31T01:22:01.324 0100|01|00|06|f801fe|5414010065d7[payload->].e.||55,141
2025-07-31T01:42:18.938 0100|00|00|05|fa0001|541401b1bf[payload->]..||49,073
2025-07-31T01:42:18.939 0100|01|00|06|f801fe|5414010065d7[payload->].e.||55,141
2025-07-31T01:52:28.220 0100|00|00|05|fa0001|541401b1bf[payload->]..||49,073
2025-07-31T01:52:28.321 0100|01|00|06|f801fe|5414010065d7[payload->].e.||55,141
2025-07-31T02:02:37.002 0100|00|00|05|fa0001|541401b1bf[payload->]..||49,073
2025-07-31T02:02:37.002 0100|01|00|06|f801fe|5414010065d7[payload->].e.||55,141
2025-07-31T02:12:45.882 0100|00|00|05|fa0001|541401b1bf[payload->]..||49,073
2025-07-31T02:12:45.983 0100|01|00|06|f801fe|5414010065d7[payload->].e.||55,141
2025-07-31T02:22:54.835 0100|00|00|05|fa0001|541401b1bf[payload->]..||49,073
2025-07-31T02:22:54.936 0100|01|00|06|f801fe|5414010065d7[payload->].e.||55,141
2025-07-31T02:33:03.575 0100|00|00|05|fa0001|541401b1bf[payload->]..||49,073
2025-07-31T02:33:03.676 0100|01|00|06|f801fe|5414010065d7[payload->].e.||55,141
2025-07-31T02:43:12.338 0100|00|00|05|fa0001|541401b1bf[payload->]..||49,073
2025-07-31T02:43:12.339 0100|03|00|06|f801fe|5414010065d7[payload->].e.||55,141
2025-07-31T02:52:26.603 0100|01|00|06|f801fe|541401026517[payload->].e.||5,989
2025-07-31T02:53:21.405 0100|00|00|05|fa0001|541401b1bf[payload->]..||49,073
2025-07-31T02:53:21.406 0100|01|00|06|f801fe|5414010065d7[payload->].e.||55,141
2025-07-31T03:23:46.700 0100|00|00|05|fa0001|541401b1bf[payload->]..||49,073
2025-07-31T03:23:46.801 0100|01|00|06|f801fe|5414010065d7[payload->].e.||55,141
2025-07-31T03:33:54.277 0100|00|00|05|fa0001|541401b1bf[payload->]..||49,073
2025-07-31T03:33:54.378 0100|01|00|06|f801fe|5414010065d7[payload->].e.||55,141
2025-07-31T03:38:36.573 0100|01|00|06|f801fe|541401026517[payload->].e.||5,989
2025-07-31T03:44:02.800 0100|00|00|05|fa0001|541401b1bf[payload->]..||49,073
2025-07-31T03:44:02.901 0100|01|00|06|f801fe|5414010065d7[payload->].e.||55,141
2025-07-31T03:54:11.945 0100|00|00|05|fa0001|541401b1bf[payload->]..||49,073
2025-07-31T04:04:21.112 0100|01|00|06|f801fe|5414010065d7[payload->].e.||55,141
2025-07-31T04:14:30.225 0100|00|00|05|fa0001|541401b1bf[payload->]..||49,073
2025-07-31T04:14:30.226 0100|01|00|06|f801fe|5414010065d7[payload->].e.||55,141
2025-07-31T04:44:56.661 0100|00|00|05|fa0001|541401b1bf[payload->]..||49,073
2025-07-31T04:44:56.761 0100|01|00|06|f801fe|5414010065d7[payload->].e.||55,141
2025-07-31T05:05:14.086 0100|00|00|05|fa0001|541401b1bf[payload->]..||49,073
2025-07-31T05:15:23.100 0100|00|00|05|fa0001|541401b1bf[payload->]..||49,073
2025-07-31T05:15:23.201 0100|01|00|06|f801fe|5414010065d7[payload->].e.||55,141
2025-07-31T05:35:40.773 0100|00|00|05|fa0001|541401b1bf[payload->]..||49,073
2025-07-31T05:35:40.773 0100|01|00|06|f801fe|5414010065d7[payload->].e.||55,141
2025-07-31T06:26:22.859 0100|00|00|05|fa0001|541401b1bf[payload->]..||49,073
2025-07-31T06:26:22.960 0100|01|00|06|f801fe|5414010065d7[payload->].e.||55,141
2025-07-31T06:36:31.411 0100|00|00|05|fa0001|541401b1bf[payload->]..||49,073
2025-07-31T06:36:31.512 0100|01|00|06|f801fe|5414010065d7[payload->].e.||55,141
2025-07-31T06:46:39.902 0100|00|00|05|fa0001|541401b1bf[payload->]..||49,073
2025-07-31T06:46:39.903 0100|01|00|06|f801fe|5414010065d7[payload->].e.||55,141
2025-07-31T06:56:48.429 0100|00|00|05|fa0001|541401b1bf[payload->]..||49,073
2025-07-31T06:56:48.530 0100|01|00|06|f801fe|5414010065d7[payload->].e.||55,141
2025-07-31T07:17:04.830 0100|00|00|05|fa0001|541401b1bf[payload->]..||49,073
2025-07-31T07:17:04.931 0100|01|00|06|f801fe|5414010065d7[payload->].e.||55,141
2025-07-31T07:27:13.756 0100|00|00|05|fa0001|541401b1bf[payload->]..||49,073
2025-07-31T07:27:13.858 0100|01|00|06|f801fe|5414010065d7[payload->].e.||55,141
2025-07-31T07:47:30.680 0100|00|00|05|fa0001|541401b1bf[payload->]..||49,073
2025-07-31T07:47:30.781 0100|01|00|06|f801fe|5414010065d7[payload->].e.||55,141
2025-07-31T08:07:47.786 0100|00|00|05|fa0001|541401b1bf[payload->]..||49,073
2025-07-31T08:07:47.887 0100|01|00|06|f801fe|5414010065d7[payload->].e.||55,141
2025-07-31T08:28:04.421 0100|00|00|05|fa0001|541401b1bf[payload->]..||49,073
2025-07-31T08:28:04.522 0100|01|00|06|f801fe|5414010065d7[payload->].e.||55,141
2025-07-31T08:58:30.533 0100|00|00|05|fa0001|541401b1bf[payload->]..||49,073
2025-07-31T08:58:30.534 0100|01|00|06|fa01fe|5414010065d7[payload->].e.||55,141
2025-07-31T09:28:55.801 0100|00|00|05|fa0001|541401b1bf[payload->]..||49,073
2025-07-31T09:28:55.802 0100|01|00|06|f801fe|5414010065d7[payload->].e.||55,141
2025-07-31T09:39:03.480 0100|00|00|05|fa0001|541401b1bf[payload->]..||49,073
2025-07-31T09:39:03.581 0100|01|00|06|f801fe|5414010065d7[payload->].e.||55,141
2025-07-31T09:59:20.238 0100|00|00|05|fa0001|541401b1bf[payload->]..||49,073
2025-07-31T09:59:20.239 0100|01|00|06|f801fe|5414010065d7[payload->].e.||55,141
2025-07-31T10:09:28.807 0100|00|00|05|fa0001|541401b1bf[payload->]..||49,073
2025-07-31T10:09:28.808 0100|01|00|06|f801fe|5414010065d7[payload->].e.||55,141
2025-07-31T11:10:20.177 0100|00|00|05|fa0001|541401b1bf[payload->]..||49,073
2025-07-31T11:10:20.278 0100|01|00|06|f801fe|5414010065d7[payload->].e.||55,141
2025-07-31T11:40:45.299 0100|01|00|06|f801fe|5414010065d7[payload->].e.||55,141
2025-07-31T11:50:53.467 0100|00|00|05|fa0001|541401b1bf[payload->]..||49,073
2025-07-31T11:50:53.568 0100|01|00|06|f801fe|5414010065d7[payload->].e.||55,141
2025-07-31T12:31:30.514 0100|00|00|05|fa0001|541401b1bf[payload->]..||49,073
2025-07-31T12:41:39.874 0100|00|00|05|fa0001|541401b1bf[payload->]..||49,073
2025-07-31T12:41:39.975 0100|01|00|06|f801fe|5414010065d7[payload->].e.||55,141
2025-07-31T12:50:53.852 0100|01|00|06|f801fe|541401026517[payload->].e.||5,989
2025-07-31T12:51:48.892 0100|01|00|06|f801fe|5414010065d7[payload->].e.||55,141
2025-07-31T13:42:30.748 0100|00|00|05|fa0001|541401b1bf[payload->]..||49,073
2025-07-31T13:42:30.849 0100|01|00|06|f801fe|5414010065d7[payload->].e.||55,141
2025-07-31T13:52:39.584 0100|00|00|05|fa0001|541401b1bf[payload->]..||49,073
2025-07-31T13:52:39.584 0100|01|00|06|f801fe|5414010065d7[payload->].e.||55,141
2025-07-31T15:03:40.890 0100|01|00|06|f801fe|5414010065d7[payload->].e.||55,141
2025-07-31T15:34:06.131 0100|00|00|05|fa0001|541401b1bf[payload->]..||49,073
2025-07-31T15:34:06.131 0100|01|00|06|f801fe|5414010065d7[payload->].e.||55,141
2025-07-31T15:44:15.070 0100|00|00|05|fa0001|541401b1bf[payload->]..||49,073
2025-07-31T15:44:15.171 0100|01|00|06|f801fe|5414010065d7[payload->].e.||55,141
2025-07-31T16:04:32.943 0100|00|00|05|fa0001|541401b1bf[payload->]..||49,073
2025-07-31T16:04:33.044 0100|01|00|06|f801fe|5414010065d7[payload->].e.||55,141
2025-07-31T16:14:41.689 0100|00|00|05|fa0001|541401b1bf[payload->]..||49,073
2025-07-31T16:14:41.790 0100|01|00|06|f801fe|5414010065d7[payload->].e.||55,141
2025-07-31T16:45:07.877 0100|00|00|05|fa0001|541401b1bf[payload->]..||49,073
2025-07-31T16:45:07.978 0100|01|00|06|f801fe|5414010065d7[payload->].e.||55,141
2025-07-31T16:55:17.832 0100|00|00|05|fa0001|541401b1bf[payload->]..||49,073
2025-07-31T16:55:17.933 0100|01|00|06|f801fe|5414010065d7[payload->].e.||55,141
2025-07-31T17:05:26.003 0100|00|00|05|fa0001|541401b1bf[payload->]..||49,073
2025-07-31T17:05:26.003 0100|01|00|06|f801fe|5414010065d7[payload->].e.||55,141
2025-07-31T17:15:34.571 0100|00|00|05|fa0001|541401b1bf[payload->]..||49,073
2025-07-31T17:15:34.672 0100|01|00|06|f801fe|5414010065d7[payload->].e.||55,141
2025-07-31T17:25:43.408 0100|01|00|06|f801fe|5414010065d7[payload->].e.||55,141
2025-07-31T17:35:53.367 0100|00|00|05|fa0001|541401b1bf[payload->]..||49,073
2025-07-31T17:35:53.367 0100|01|00|06|f801fe|5414010065d7[payload->].e.||55,141
2025-07-31T17:56:11.121 0100|00|00|05|fa0001|541401b1bf[payload->]..||49,073
2025-07-31T17:56:11.122 0100|01|00|06|f801fe|5414010065d7[payload->].e.||55,141
2025-07-31T18:16:28.912 0100|00|00|05|fa0001|541401b1bf[payload->]..||49,073
2025-07-31T18:16:29.013 0100|01|00|06|f801fe|5414010065d7[payload->].e.||55,141
2025-07-31T18:26:38.049 0100|00|00|05|fa0001|541401b1bf[payload->]..||49,073
2025-07-31T18:26:38.150 0100|01|00|06|f801fe|5414010065d7[payload->].e.||55,141
2025-07-31T18:36:47.551 0100|00|00|05|fa0001|541401b1bf[payload->]..||49,073
2025-07-31T18:36:47.652 0100|01|00|06|f801fe|5414010065d7[payload->].e.||55,141
2025-07-31T18:57:04.877 0100|00|00|05|fa0001|541401b1bf[payload->]..||49,073
2025-07-31T18:57:04.979 0100|01|00|06|f801fe|5414010065d7[payload->].e.||55,141
2025-07-31T19:27:32.120 0100|00|00|05|fa0001|541401b1bf[payload->]..||49,073
2025-07-31T19:27:32.221 0100|01|00|06|f801fe|5414010065d7[payload->].e.||55,141
2025-07-31T19:37:40.985 0100|00|00|05|fa0001|541401b1bf[payload->]..||49,073
2025-07-31T19:37:41.086 0100|01|00|06|f801fe|5414010065d7[payload->].e.||55,141
2025-07-31T19:57:58.890 0100|00|00|05|fa0001|541401b1bf[payload->]..||49,073
2025-07-31T19:57:58.991 0100|01|00|06|f801fe|5414010065d7[payload->].e.||55,141
2025-07-31T20:18:15.826 0100|00|00|05|fa0001|541401b1bf[payload->]..||49,073
2025-07-31T20:18:15.927 0100|01|00|06|f801fe|5414010065d7[payload->].e.||55,141
2025-07-31T20:48:43.132 0100|00|00|05|fa0001|541401b1bf[payload->]..||49,073
2025-07-31T20:48:43.233 0100|01|00|06|f801fe|5414010065d7[payload->].e.||55,141
2025-07-31T21:19:09.759 0100|00|00|05|fa0001|541401b1bf[payload->]..||49,073
2025-07-31T21:19:09.860 0100|01|00|06|f801fe|5414010065d7[payload->].e.||55,141
2025-07-31T21:29:18.846 0100|01|00|06|f801fe|5414010065d7[payload->].e.||55,141
2025-07-31T21:39:28.040 0100|00|00|05|fa0001|541401b1bf[payload->]..||49,073
2025-07-31T21:39:28.142 0100|01|00|06|f801fe|5414010065d7[payload->].e.||55,141
2025-07-31T21:59:44.102 0100|00|00|05|fa0001|541401b1bf[payload->]..||49,073
2025-07-31T21:59:44.204 0100|01|00|06|f801fe|5414010065d7[payload->].e.||55,141
2025-07-31T22:30:10.975 0100|00|00|05|fa0001|541401b1bf[payload->]..||49,073
2025-07-31T22:30:11.076 0100|01|00|06|f801fe|5414010065d7[payload->].e.||55,141
2025-07-31T22:40:20.745 0100|00|00|05|fa0001|541401b1bf[payload->]..||49,073
2025-07-31T22:40:20.745 0100|01|00|06|f801fe|5414010065d7[payload->].e.||55,141
2025-07-31T23:00:38.775 0100|00|00|05|fa0001|541401b1bf[payload->]..||49,073
2025-07-31T23:00:38.775 0100|01|00|06|f801fe|5414010065d7[payload->].e.||55,141
2025-07-31T23:10:48.342 0100|00|00|05|fa0001|541401b1bf[payload->]..||49,073
2025-07-31T23:10:48.443 0100|01|00|06|f801fe|5414010065d7[payload->].e.||55,141
2025-07-31T23:20:56.574 0100|00|00|05|fa0001|541401b1bf[payload->]..||49,073
2025-07-31T23:20:56.574 0100|01|00|06|f801fe|5414010065d7[payload->].e.||55,141
2025-07-31T23:51:23.825 0100|00|00|05|fa0001|541401b1bf[payload->]..||49,073
2025-07-31T23:51:23.926 0100|01|00|06|f801fe|5414010065d7[payload->].e.||55,141
2025-08-01T00:01:33.078 0100|00|00|05|fa0001|541401b1bf[payload->]..||49,073
2025-08-01T00:01:33.179 0100|01|00|06|f801fe|5414010065d7[payload->].e.||55,141
2025-08-01T00:21:51.279 0100|00|00|05|fa0001|541401b1bf[payload->]..||49,073
2025-08-01T00:21:51.380 0100|01|00|06|f801fe|5414010065d7[payload->].e.||55,141
2025-08-01T00:42:08.739 0100|00|00|05|fa0001|541401b1bf[payload->]..||49,073
2025-08-01T00:42:08.739 0100|01|00|06|f801fe|5414010065d7[payload->].e.||55,141
2025-08-01T00:52:17.882 0100|00|00|05|fa0001|541401b1bf[payload->]..||49,073
2025-08-01T00:52:17.983 0100|01|00|06|f801fe|5414010065d7[payload->].e.||55,141
2025-08-01T01:22:44.220 0100|00|00|05|fa0001|541401b1bf[payload->]..||49,073
2025-08-01T01:22:44.321 0100|01|00|06|f801fe|5414010065d7[payload->].e.||55,141
2025-08-01T01:32:53.372 0100|00|00|05|fa0001|541401b1bf[payload->]..||49,073
2025-08-01T01:32:53.373 0100|01|00|06|f801fe|5414010065d7[payload->].e.||55,141
2025-08-01T01:43:02.043 0100|00|00|05|fa0001|541401b1bf[payload->]..||49,073
2025-08-01T01:43:02.144 0100|01|00|06|f801fe|5414010065d7[payload->].e.||55,141
2025-08-01T01:53:11.124 0100|00|00|05|fa0001|541401b1bf[payload->]..||49,073
2025-08-01T01:53:11.124 0100|01|00|06|f801fe|5414010065d7[payload->].e.||55,141
2025-08-01T02:13:28.886 0100|00|00|05|fa0001|541401b1bf[payload->]..||49,073
2025-08-01T02:13:28.886 0100|01|00|06|f801fe|5414010065d7[payload->].e.||55,141
2025-08-01T02:23:37.558 0100|00|00|05|fa0001|541401b1bf[payload->]..||49,073
2025-08-01T02:23:37.559 0100|01|00|06|f801fe|5414010065d7[payload->].e.||55,141
2025-08-01T02:33:45.767 0100|00|00|05|fa0001|541401b1bf[payload->]..||49,073
2025-08-01T02:43:55.201 0100|00|00|05|fa0001|541401b1bf[payload->]..||49,073
2025-08-01T02:43:55.201 0100|01|00|06|f801fe|5414010065d7[payload->].e.||55,141
2025-08-01T03:04:11.984 0100|00|00|05|fa0001|541401b1bf[payload->]..||49,073
2025-08-01T03:34:38.034 0100|00|00|05|fa0001|541401b1bf[payload->]..||49,073
2025-08-01T03:34:38.135 0100|01|00|06|f801fe|5414010065d7[payload->].e.||55,141
2025-08-01T03:44:45.756 0100|00|00|05|fa0001|541401b1bf[payload->]..||49,073
2025-08-01T03:44:45.858 0100|01|00|06|f801fe|5414010065d7[payload->].e.||55,141
2025-08-01T03:54:54.839 0100|00|00|05|fa0001|541401b1bf[payload->]..||49,073
2025-08-01T03:54:54.840 0100|01|00|06|f801fe|5414010065d7[payload->].e.||55,141
2025-08-01T04:15:12.924 0100|00|00|05|fa0001|541401b1bf[payload->]..||49,073
2025-08-01T04:15:13.026 0100|01|00|06|f801fe|5414010065d7[payload->].e.||55,141
2025-08-01T04:25:21.973 0100|00|00|05|fa0001|541401b1bf[payload->]..||49,073
2025-08-01T04:25:21.973 0100|01|00|06|f801fe|5414010065d7[payload->].e.||55,141
2025-08-01T04:35:31.128 0100|00|00|05|fa0001|541401b1bf[payload->]..||49,073
2025-08-01T04:35:31.229 0100|01|00|06|f801fe|5414010065d7[payload->].e.||55,141
2025-08-01T04:45:40.374 0100|00|00|05|fa0001|541401b1bf[payload->]..||49,073
2025-08-01T04:45:40.475 0100|01|00|06|f801fe|5414010065d7[payload->].e.||55,141
2025-08-01T04:55:49.660 0100|00|00|05|fa0001|541401b1bf[payload->]..||49,073
2025-08-01T04:55:49.761 0100|01|00|06|f801fe|5414010065d7[payload->].e.||55,141
2025-08-01T05:16:07.708 0100|00|00|05|fa0001|541401b1bf[payload->]..||49,073
2025-08-01T05:16:07.809 0100|01|00|06|f801fe|5414010065d7[payload->].e.||55,141
2025-08-01T05:36:24.804 0100|00|00|05|fa0001|541401b1bf[payload->]..||49,073
2025-08-01T05:36:24.805 0100|01|00|06|f801fe|5414010065d7[payload->].e.||55,141
2025-08-01T05:46:33.534 0100|00|00|05|fa0001|541401b1bf[payload->]..||49,073
2025-08-01T05:46:33.534 0100|01|00|06|f801fe|5414010065d7[payload->].e.||55,141
2025-08-01T06:06:52.005 0100|00|00|05|fa0001|541401b1bf[payload->]..||49,073
2025-08-01T06:06:52.107 0100|01|00|06|f801fe|5414010065d7[payload->].e.||55,141
2025-08-01T06:27:09.391 0100|00|00|05|fa0001|541401b1bf[payload->]..||49,073
2025-08-01T06:27:09.492 0100|01|00|06|f801fe|5414010065d7[payload->].e.||55,141
2025-08-01T06:37:17.481 0100|00|00|05|fa0001|541401b1bf[payload->]..||49,073
2025-08-01T06:37:17.481 0100|01|00|06|f801fe|5414010065d7[payload->].e.||55,141
2025-08-01T06:47:25.966 0100|00|00|05|fa0001|541401b1bf[payload->]..||49,073
2025-08-01T06:47:25.966 0100|01|00|06|f801fe|5414010065d7[payload->].e.||55,141
2025-08-01T06:57:34.695 0100|00|00|05|fa0001|541401b1bf[payload->]..||49,073
2025-08-01T06:57:34.695 0100|01|00|06|f801fc|5414010065d7[payload->].e.||55,141
2025-08-01T07:17:00.056 0100|01|00|06|f801fe|541401026517[payload->].e.||5,989
2025-08-01T07:38:09.728 0100|01|00|06|f801fe|5414010065d7[payload->].e.||55,141
2025-08-01T08:08:35.778 0100|00|00|05|fa0001|541401b1bf[payload->]..||49,073
2025-08-01T08:08:35.779 0100|01|00|06|f801fe|5414010065d7[payload->].e.||55,141
2025-08-01T08:28:53.023 0100|00|00|05|fa0001|541401b1bf[payload->]..||49,073
2025-08-01T08:28:53.124 0100|01|00|06|f801fe|5414010065d7[payload->].e.||55,141
2025-08-01T08:39:01.974 0100|00|00|05|fa0001|541401b1bf[payload->]..||49,073
2025-08-01T08:39:02.075 0100|01|00|06|f801fe|5414010065d7[payload->].e.||55,141
2025-08-01T08:49:10.845 0100|01|00|06|f801fe|5414010065d7[payload->].e.||55,141
2025-08-01T09:09:28.880 0100|00|00|05|fa0001|541401b1bf[payload->]..||49,073
2025-08-01T09:09:28.981 0100|01|00|06|f801fe|5414010065d7[payload->].e.||55,141
2025-08-01T09:19:37.933 0100|00|00|05|fa0001|541401b1bf[payload->]..||49,073
2025-08-01T09:19:38.034 0100|01|00|06|f801fe|5414010065df[payload->].e.||57,189
2025-08-01T09:29:46.587 0100|00|00|05|fa0001|541401b1bf[payload->]..||49,073
2025-08-01T09:29:46.587 0100|01|00|06|f801fe|5414010065d7[payload->].e.||55,141
2025-08-01T09:50:04.104 0100|00|00|05|fa0001|541401b1bf[payload->]..||49,073
2025-08-01T09:50:04.205 0100|01|00|06|f801fe|5414010065d7[payload->].e.||55,141
2025-08-01T10:00:12.622 0100|00|00|05|fa0001|541401b1bf[payload->]..||49,073
2025-08-01T10:00:12.623 0100|01|00|06|f801fe|5414010065d7[payload->].e.||55,141
2025-08-01T10:10:21.856 0100|00|00|05|fa0001|541401b1bf[payload->]..||49,073
2025-08-01T10:10:21.857 0100|01|00|06|f801fe|5414010065d7[payload->].e.||55,141
2025-08-01T10:40:48.744 0100|00|00|05|fa0001|541401b1bf[payload->]..||49,073
2025-08-01T10:40:48.745 0100|01|00|06|f801fe|5414010065d7[payload->].e.||55,141
2025-08-01T10:50:58.271 0100|00|00|05|fa0001|54140131fe[payload->]1.||65,073
2025-08-01T11:11:15.631 0100|00|00|05|fa0001|541401b1bf[payload->]..||49,073
2025-08-01T11:11:15.732 0100|01|00|06|f801fe|5414010065d7[payload->].e.||55,141
2025-08-01T11:21:24.976 0100|00|00|05|fa0001|541401b1bf[payload->]..||49,073
2025-08-01T11:21:24.976 0100|01|00|06|f801fe|5414010065d7[payload->].e.||55,141
2025-08-01T11:41:43.850 0100|00|00|05|fa0001|541401b1bf[payload->]..||49,073
2025-08-01T11:41:43.951 0100|01|00|06|f801fe|5414010065d7[payload->].e.||55,141
2025-08-01T12:02:02.104 0100|00|00|05|fa0001|541401b1bf[payload->]..||49,073
2025-08-01T12:02:02.206 0100|01|00|06|f801fe|5414010065d7[payload->].e.||55,141
2025-08-01T12:22:20.162 0100|00|00|05|fa0001|541401b1bf[payload->]..||49,073
2025-08-01T12:22:20.162 0100|01|00|06|f801fe|5414010065d7[payload->].e.||55,141
2025-08-01T12:32:28.537 0100|00|00|05|fa0001|541401b1bf[payload->]..||49,073
2025-08-01T12:32:28.638 0100|01|00|06|f801fe|5414010065d7[payload->].e.||55,141
2025-08-01T12:52:45.445 0100|00|00|05|fa0001|541401b1bf[payload->]..||49,073
2025-08-01T12:52:45.546 0100|01|00|06|f801fe|5414010065d7[payload->].e.||55,141
2025-08-01T13:02:54.182 0100|00|00|05|fa0001|541401b1bf[payload->]..||49,073
2025-08-01T13:02:54.283 0100|01|00|06|f801fe|5414010065d7[payload->].e.||55,141
2025-08-01T13:23:12.127 0100|00|00|05|fa0001|541401b1bf[payload->]..||49,073
2025-08-01T13:23:12.127 0100|01|00|06|f801fe|5414010065d7[payload->].e.||55,141
2025-08-01T13:43:29.757 0100|00|00|05|fa0001|541401b1bf[payload->]..||49,073
2025-08-01T13:43:29.757 0100|01|00|06|f801fe|5414010065d7[payload->].e.||55,141
2025-08-01T14:03:47.033 0100|00|00|05|fa0001|541401b1bf[payload->]..||49,073
2025-08-01T14:03:47.033 0100|01|00|06|f801fe|5414010065d7[payload->].e.||55,141
2025-08-01T14:13:55.559 0100|00|00|05|fa0001|541401b1bf[payload->]..||49,073
2025-08-01T14:13:55.660 0100|01|00|06|f801fe|5414010065d7[payload->].e.||55,141
2025-08-01T14:24:04.616 0100|00|00|05|fa0001|541401b1bf[payload->]..||49,073
2025-08-01T14:24:04.717 0100|01|00|06|f801fe|5414010065d7[payload->].e.||55,141
2025-08-01T14:44:21.958 0100|00|00|05|fa0001|541401b1bf[payload->]..||49,073
2025-08-01T14:44:21.958 0100|01|00|06|f801fe|5414010065d7[payload->].e.||55,141
2025-08-01T15:04:39.319 0100|01|00|06|f801fe|5414010065d7[payload->].e.||55,141
2025-08-01T15:14:48.675 0100|00|00|05|fa0001|541401b1bf[payload->]..||49,073
2025-08-01T15:14:48.676 0100|01|00|06|f801fe|5414010065d7[payload->].e.||55,141
2025-08-01T15:35:05.953 0100|01|00|06|f801fe|5414010065d7[payload->].e.||55,141
2025-08-01T15:45:14.730 0100|00|00|05|fa0001|541401b1bf[payload->]..||49,073
2025-08-01T15:45:14.831 0100|01|00|06|f801fe|5414010065d7[payload->].e.||55,141
2025-08-01T16:05:32.272 0100|01|00|06|f801fe|5414010065d7[payload->].e.||55,141
2025-08-01T16:15:40.506 0100|00|00|05|fa0001|541401b1bf[payload->]..||49,073
2025-08-01T16:15:40.608 0100|01|00|06|f801fe|5414010065d7[payload->].e.||55,141
2025-08-01T16:25:50.215 0100|00|00|05|fa0001|541401b1bf[payload->]..||49,073
2025-08-01T16:25:50.215 0100|01|00|06|f801fe|5414010065d7[payload->].e.||55,141
2025-08-01T16:35:58.355 0100|00|00|05|fa0001|541401b1bf[payload->]..||49,073
2025-08-01T16:35:58.355 0100|01|00|06|f801fe|5414010065d7[payload->].e.||55,141
2025-08-01T16:46:07.458 0100|01|00|06|f801fe|5414010065d7[payload->].e.||55,141
2025-08-01T17:06:24.622 0100|00|00|05|fa0001|541401b1bf[payload->]..||49,073
2025-08-01T17:06:24.723 0100|01|00|06|f801fe|5414010065d7[payload->].e.||55,141
2025-08-01T17:36:50.713 0100|00|00|05|fa0001|541401b1bf[payload->]..||49,073
2025-08-01T17:36:50.814 0100|01|00|06|f801fe|5414010065d7[payload->].e.||55,141
2025-08-01T17:57:08.701 0100|00|00|05|fa0001|541401b1bf[payload->]..||49,073
2025-08-01T17:57:08.701 0100|01|00|06|f801fe|5414010065d7[payload->].e.||55,141
2025-08-01T18:27:34.658 0100|00|00|05|fa0001|541401b1bf[payload->]..||49,073
2025-08-01T18:27:34.658 0100|01|00|06|f801fe|5414010065d7[payload->].e.||55,141
2025-08-01T18:37:42.686 0100|00|00|05|fa0001|541401b1bf[payload->]..||49,073
2025-08-01T18:37:42.787 0100|01|00|06|f801fe|5414010065c7[payload->].e.||51,045
2025-08-01T18:47:50.622 0100|00|00|05|fa0001|541401b1bf[payload->]..||49,073
2025-08-01T18:47:50.723 0100|01|00|06|f801fe|5414010065d7[payload->].e.||55,141
2025-08-01T19:28:25.844 0100|00|00|05|fa0001|541401b1bf[payload->]..||49,073
2025-08-01T19:28:25.945 0100|01|00|06|f801fe|5414010065d7[payload->].e.||55,141
2025-08-01T19:38:34.491 0100|00|00|05|fa0001|541401b1bf[payload->]..||49,073
2025-08-01T19:38:34.592 0100|01|00|06|f801fe|5414010065d7[payload->].e.||55,141
2025-08-01T19:48:42.904 0100|00|00|05|fa0001|541401b1bf[payload->]..||49,073
2025-08-01T19:58:50.907 0100|00|00|05|fa0001|541401b1bf[payload->]..||49,073
2025-08-01T19:58:51.008 0100|01|00|06|f801fe|5414010065d7[payload->].e.||55,141
2025-08-01T20:19:08.085 0100|00|00|05|fa0001|541401b1bf[payload->]..||49,073
2025-08-01T20:19:08.085 0100|01|00|06|f801fe|5414010065d7[payload->].e.||55,141
2025-08-01T20:49:34.746 0100|00|00|05|fa0001|541401b1bf[payload->]..||49,073
2025-08-01T20:49:34.847 0100|01|00|06|f801fe|5414010065d7[payload->].e.||55,141
2025-08-01T20:59:43.341 0100|00|00|05|fa0001|541401b1bf[payload->]..||49,073
2025-08-01T20:59:43.442 0100|01|00|06|f801fe|5414010065d7[payload->].e.||55,141
2025-08-01T21:09:51.271 0100|00|00|05|fa0001|541401b1bf[payload->]..||49,073
2025-08-01T21:09:51.372 0100|01|00|06|f801fe|5414010065d7[payload->].e.||55,141
2025-08-01T21:20:01.076 0100|00|00|05|fa0001|541401b1bf[payload->]..||49,073
2025-08-01T21:20:01.076 0100|01|00|06|f801fe|5414010065d7[payload->].e.||55,141
2025-08-01T21:30:09.860 0100|00|00|05|fa0001|541401b1bf[payload->]..||49,073
2025-08-01T21:30:09.861 0100|01|00|06|f801fe|5414010065d7[payload->].e.||55,141
2025-08-01T21:50:27.944 0100|00|00|05|fa0001|541401b1bf[payload->]..||49,073
2025-08-01T21:50:28.045 0100|01|00|06|f801fe|5414010065d7[payload->].e.||55,141
2025-08-01T22:00:36.985 0100|01|00|06|f801fe|5414010065d7[payload->].e.||55,141
2025-08-01T22:20:54.521 0100|00|00|05|fa0001|541401b1bf[payload->]..||49,073
2025-08-01T22:20:54.522 0100|01|00|06|f801fe|5414010065d7[payload->].e.||55,141
2025-08-01T22:41:12.572 0100|00|00|05|fa0001|541401b1bf[payload->]..||49,073
2025-08-01T22:41:12.573 0100|01|00|06|f801fe|5414010267d7[payload->].g.||55,143
2025-08-01T22:51:21.834 0100|00|00|05|fa0001|541401b1bf[payload->]..||49,073
2025-08-01T22:51:21.935 0100|01|00|06|f801fe|5414010065d7[payload->].e.||55,141
2025-08-01T23:11:39.063 0100|00|00|05|fa0001|541401b1bf[payload->]..||49,073
2025-08-01T23:11:39.164 0100|01|00|06|f801fe|5414010065d7[payload->].e.||55,141
2025-08-01T23:21:48.060 0100|00|00|05|fa0001|541401b1bf[payload->]..||49,073
2025-08-01T23:21:48.161 0100|01|00|06|f801fe|5414010065d7[payload->].e.||55,141
2025-08-01T23:31:56.898 0100|00|00|05|fa0001|541401b1bf[payload->]..||49,073
2025-08-01T23:31:56.899 0100|01|00|06|f801fe|541401000005[payload->]...||1,280
2025-08-01T23:52:13.830 0100|00|00|05|fa0001|541401b1bf[payload->]..||49,073
2025-08-01T23:52:13.830 0100|01|00|06|f801fe|5414010065d7[payload->].e.||55,141
2025-08-02T00:02:21.592 0100|00|00|05|fa0001|541401b1bf[payload->]..||49,073
2025-08-02T00:02:21.592 0100|01|00|06|f801fe|5414010065d7[payload->].e.||55,141
2025-08-02T00:12:31.033 0100|00|00|05|fa0001|541401b1bf[payload->]..||49,073
2025-08-02T00:12:31.033 0100|01|00|06|f801fe|5414010065d7[payload->].e.||55,141
2025-08-02T00:22:39.827 0100|00|00|05|fa0001|541401b1bf[payload->]..||49,073
2025-08-02T00:22:39.827 0100|01|00|06|f801fe|5414010065d7[payload->].e.||55,141
2025-08-02T00:32:48.425 0100|00|00|05|fa0001|541401b1bf[payload->]..||49,073
2025-08-02T00:32:48.426 0100|01|00|06|f801fe|5414010065d7[payload->].e.||55,141
2025-08-02T00:53:04.860 0100|00|00|05|fa0001|541401b1bf[payload->]..||49,073
2025-08-02T00:53:04.860 0100|01|00|06|f801fe|5414010065d7[payload->].e.||55,141
2025-08-02T01:03:13.513 0100|00|00|05|fa0001|541401b1bf[payload->]..||49,073
2025-08-02T01:03:13.614 0100|01|00|06|f801fe|5414010065d7[payload->].e.||55,141
2025-08-02T01:13:22.509 0100|00|00|05|fa0001|541401b1bf[payload->]..||49,073
2025-08-02T01:13:22.509 0100|01|00|06|f801fe|5414010065d7[payload->].e.||55,141
2025-08-02T01:23:31.911 0100|00|00|05|fa0001|541401b1bf[payload->]..||49,073
2025-08-02T01:23:31.911 0100|01|00|06|f801fe|5414010065d7[payload->].e.||55,141
2025-08-02T01:33:40.681 0100|01|00|06|f801fe|5414010065d7[payload->].e.||55,141
2025-08-02T01:53:58.785 0100|00|00|05|fa0001|541401b1bf[payload->]..||49,073
2025-08-02T01:53:58.886 0100|01|00|06|f801fe|5414010065d7[payload->].e.||55,141
2025-08-02T02:04:07.813 0100|00|00|05|fa0001|541401b1bf[payload->]..||49,073
2025-08-02T02:34:34.902 0100|00|00|05|fa0001|541401b1bf[payload->]..||49,073
2025-08-02T02:34:35.003 0100|01|00|06|f801fe|5414010065d7[payload->].e.||55,141
2025-08-02T02:44:43.634 0100|00|00|05|fa0001|541401b1bf[payload->]..||49,073
2025-08-02T02:44:43.736 0100|01|00|06|f801fe|5414010065d7[payload->].e.||55,141
2025-08-02T03:15:10.228 0100|00|00|05|fa0001|541401b1bf[payload->]..||49,073
2025-08-02T03:15:10.329 0100|01|00|06|f801fe|5414010065d7[payload->].e.||55,141
2025-08-02T03:25:18.570 0100|00|00|05|fa0001|541401b1bf[payload->]..||49,073
2025-08-02T03:25:18.671 0100|01|00|06|f801fe|5414010065d7[payload->].e.||55,141
2025-08-02T03:45:34.931 0100|00|00|05|fa0001|541401b1bf[payload->]..||49,073
2025-08-02T03:45:35.032 0100|01|00|06|f801fe|5414010065d7[payload->].e.||55,141
2025-08-02T03:55:43.474 0100|00|00|05|fa0001|541401b1bf[payload->]..||49,073
2025-08-02T03:55:43.575 0100|01|00|06|f801fe|5414010065d7[payload->].e.||55,141
2025-08-02T04:05:52.058 0100|00|00|05|fa0001|541401b1bf[payload->]..||49,073
2025-08-02T04:05:52.058 0100|01|00|06|f801fe|5414010065d7[payload->].e.||55,141
2025-08-02T04:16:01.049 0100|00|00|04|fa0001|541401b1[payload->].||45,313
2025-08-02T05:27:01.975 0100|00|00|05|fa0001|541401b1bf[payload->]..||49,073
2025-08-02T05:27:02.076 0100|01|00|06|f801fe|5414010065d7[payload->].e.||55,141
2025-08-02T05:37:10.634 0100|00|00|05|fa0001|541401b1bf[payload->]..||49,073
2025-08-02T05:37:10.736 0100|01|00|06|f801fe|5414010065d7[payload->].e.||55,141
2025-08-02T05:47:19.733 0100|00|00|05|fa0001|541401b1bf[payload->]..||49,073
2025-08-02T05:47:19.834 0100|01|00|06|f801fe|5414010065d7[payload->].e.||55,141
2025-08-02T05:57:28.493 0100|01|00|06|f801fe|5414010065d7[payload->].e.||55,141
2025-08-02T06:17:45.733 0100|00|00|05|fa0001|541401b1bf[payload->]..||49,073
2025-08-02T06:17:45.834 0100|01|00|06|f801fe|5414010065d7[payload->].e.||55,141
2025-08-02T06:27:54.668 0100|00|00|05|fa0001|541401b1bf[payload->]..||49,073
2025-08-02T06:27:54.669 0100|01|00|06|f801fe|5414010065d7[payload->].e.||55,141
2025-08-02T06:38:03.786 0100|00|00|05|fa0001|541401b1bf[payload->]..||49,073
2025-08-02T06:38:03.887 0100|01|00|06|f801fe|5414010065d7[payload->].e.||55,141
2025-08-02T06:48:13.025 0100|01|00|06|f801fe|5414010065d7[payload->].e.||55,141
2025-08-02T07:18:39.689 0100|00|00|05|fa0001|541401b1bf[payload->]..||49,073
2025-08-02T07:18:39.689 0100|01|00|06|f801fe|5414010065d7[payload->].e.||55,141
2025-08-02T07:28:48.790 0100|00|00|05|fa0001|541401b1bf[payload->]..||49,073
2025-08-02T07:28:48.791 0100|01|00|06|f801fe|5414010065d7[payload->].e.||55,141
2025-08-02T07:49:05.281 0100|00|00|05|fa0001|541401b1bf[payload->]..||49,073
2025-08-02T07:49:05.382 0100|01|00|06|f801fe|5414010065d7[payload->].e.||55,141
2025-08-02T07:59:14.646 0100|00|00|05|fa0001|541401b1bf[payload->]..||49,073
2025-08-02T07:59:14.747 0100|01|00|06|f801fe|5414010065d7[payload->].e.||55,141
2025-08-02T08:09:24.083 0100|00|00|05|fa0001|541401b1bf[payload->]..||49,073
2025-08-02T08:09:24.083 0100|01|00|06|f801fe|5414010065d7[payload->].e.||55,141
2025-08-02T08:19:33.048 0100|00|00|05|fa0001|541401b1bf[payload->]..||49,073
2025-08-02T08:19:33.149 0100|01|00|06|f801fe|5414010065d7[payload->].e.||55,141
2025-08-02T08:39:49.814 0100|00|00|05|fa0001|541401b1bf[payload->]..||49,073
2025-08-02T08:39:49.915 0100|01|00|0e|f801fe|5414010065d70100000005fa0001[payload->].e.........||0,256
2025-08-02T08:49:58.821 0100|00|00|05|fa0001|541401b1bf[payload->]..||49,073
2025-08-02T08:49:58.922 0100|01|00|06|f801fe|5414010065d7[payload->].e.||55,141
2025-08-02T09:00:07.145 0100|01|00|06|f801fe|5414010065d7[payload->].e.||55,141
2025-08-02T09:20:24.509 0100|00|00|05|fa0001|541401b1bf[payload->]..||49,073
2025-08-02T09:20:24.610 0100|01|00|06|f801fe|5414010065d7[payload->].e.||55,141
2025-08-02T09:30:33.882 0100|00|00|05|fa0001|541401b1bf[payload->]..||49,073
2025-08-02T09:30:33.983 0100|01|00|06|f801fe|5414010065d7[payload->].e.||55,141
2025-08-02T09:40:41.469 0100|00|00|05|fa0001|541401b1bf[payload->]..||49,073
2025-08-02T09:40:41.469 0100|01|00|06|f801fe|5414010065d7[payload->].e.||55,141
2025-08-02T09:50:51.125 0100|00|00|05|fa0001|541401b1bf[payload->]..||49,073
2025-08-02T09:50:51.226 0100|01|00|06|f801fe|5414010065d7[payload->].e.||55,141
2025-08-02T10:31:26.445 0100|00|00|05|fa0001|5414010000[payload->]..||0,000
2025-08-02T10:51:44.401 0100|00|00|05|fa0001|541401b1bf[payload->]..||49,073
2025-08-02T10:51:44.502 0100|01|00|06|f801fe|5414010065d7[payload->].e.||55,141
2025-08-02T11:01:53.140 0100|00|00|05|fa0001|541401b1bf[payload->]..||49,073
2025-08-02T11:01:53.241 0100|01|00|06|f809fe|5414010065d7[payload->].e.||55,141
2025-08-02T11:22:09.912 0100|00|00|05|fa0001|541401b1bf[payload->]..||49,073
2025-08-02T11:22:09.913 0100|01|00|06|f801fe|5414010065d7[payload->].e.||55,141
2025-08-02T11:42:27.780 0100|00|00|05|fa0001|541401b1bf[payload->]..||49,073
2025-08-02T11:42:27.781 0100|01|00|06|f801fe|5414010065d7[payload->].e.||55,141
2025-08-02T11:52:36.618 0100|00|00|05|fa0001|541401b1bf[payload->]..||49,073
2025-08-02T12:23:03.076 0100|00|00|05|fa0001|541401b1bf[payload->]..||49,073
2025-08-02T12:23:03.077 0100|01|00|06|f801fe|5414010065d7[payload->].e.||55,141
2025-08-02T12:43:19.941 0100|00|00|05|fa0001|541401b1bf[payload->]..||49,073
2025-08-02T12:43:19.942 0100|01|00|06|f801fe|5414010065d7[payload->].e.||55,141
2025-08-02T12:53:29.103 0100|00|00|05|fa0001|541401b1bf[payload->]..||49,073
2025-08-02T12:53:29.204 0100|01|00|06|f801fe|5414010065d7[payload->].e.||55,141
2025-08-02T13:23:54.761 0100|00|00|05|fa0001|541401b1bf[payload->]..||49,073
2025-08-02T13:23:54.862 0100|01|00|06|f801fe|5414010065d7[payload->].e.||55,141
2025-08-02T13:34:03.244 0100|00|00|05|fa0001|541401b1bf[payload->]..||49,073
2025-08-02T13:54:20.591 0100|01|00|06|f801fe|5414010065d7[payload->].e.||55,141
2025-08-02T14:04:29.703 0100|00|00|05|fa0001|541401b1bf[payload->]..||49,073
2025-08-02T14:04:29.805 0100|01|00|06|f801fe|5414010065d7[payload->].e.||55,141
2025-08-02T14:14:38.621 0100|01|00|06|f801fe|5414010065d7[payload->].e.||55,141
2025-08-02T14:34:55.498 0100|00|00|05|fa0001|541401b1bf[payload->]..||49,073
2025-08-02T14:34:55.599 0100|01|00|06|f801fe|5414010065d7[payload->].e.||55,141
2025-08-02T14:45:04.837 0100|01|00|06|f809fe|54140100e5d7[payload->]...||55,269
2025-08-02T15:15:31.842 0100|00|00|05|fa0001|541401b1bf[payload->]..||49,073
2025-08-02T15:15:31.943 0100|01|00|06|f801fe|5414010065d7[payload->].e.||55,141
2025-08-02T15:35:50.230 0100|00|00|05|fa0001|541401b1bf[payload->]..||49,073
2025-08-02T15:35:50.331 0100|01|00|06|f801fe|5414010065d7[payload->].e.||55,141
2025-08-02T15:45:58.790 0100|00|00|05|fa0001|541401b1bf[payload->]..||49,073
2025-08-02T15:45:58.892 0100|01|00|06|f801fe|5414010065d7[payload->].e.||55,141
2025-08-02T16:16:24.126 0100|00|00|05|fa0001|541401b1bf[payload->]..||49,073
2025-08-02T16:16:24.127 0100|01|00|06|f801fe|5414010065d7[payload->].e.||55,141
2025-08-02T16:36:42.305 0100|00|00|05|fa0001|541401fa00[payload->]..||0,250
2025-08-02T16:46:50.778 0100|00|00|05|fa0001|541401b1bf[payload->]..||49,073
2025-08-02T16:46:50.879 0100|01|00|06|f801fe|5414010065d7[payload->].e.||55,141
2025-08-02T17:07:08.726 0100|00|00|05|fa0001|541401b1bf[payload->]..||49,073
2025-08-02T17:07:08.727 0100|01|00|06|f801fe|5414010065d7[payload->].e.||55,141
2025-08-02T17:47:43.748 0100|00|00|05|fa0001|541401b1bf[payload->]..||49,073
2025-08-02T17:47:43.748 0100|01|00|06|f801fe|5414010065d7[payload->].e.||55,141
2025-08-02T17:57:52.759 0100|00|00|05|fa0001|541401b1bf[payload->]..||49,073
2025-08-02T17:57:52.760 0100|01|00|06|f801fe|5414010065d7[payload->].e.||55,141
2025-08-02T18:08:01.772 0100|00|00|05|fa0001|541401b1bf[payload->]..||49,073
2025-08-02T18:08:01.873 0100|01|00|06|f801fe|5414010065d7[payload->].e.||55,141
2025-08-02T18:28:20.368 0100|00|00|05|fa0001|541401b1bf[payload->]..||49,073
2025-08-02T18:28:20.368 0100|01|00|06|f801fe|5414010065d7[payload->].e.||55,141
2025-08-02T18:38:28.779 0100|00|00|05|fa0001|541401b1bf[payload->]..||49,073
2025-08-02T18:38:28.880 0100|01|00|06|f801fe|5414010065d7[payload->].e.||55,141
2025-08-02T19:39:22.407 0100|00|00|05|fa0001|541401b1bf[payload->]..||49,073
2025-08-02T20:09:49.223 0100|00|00|05|fa0001|541401b1bf[payload->]..||49,073
2025-08-02T20:09:49.324 0100|01|00|06|f801fe|5414010065d7[payload->].e.||55,141
2025-08-02T20:19:57.503 0100|01|00|06|f801fe|5414010065d7[payload->].e.||55,141
2025-08-02T20:40:14.511 0100|00|00|05|fa0001|541401b1bf[payload->]..||49,073
2025-08-02T20:40:14.612 0100|01|00|06|f801fe|5414010065d7[payload->].e.||55,141
2025-08-02T21:00:32.193 0100|00|00|05|fa0001|541401b1bf[payload->]..||49,073
2025-08-02T21:00:32.193 0100|01|00|06|f801fe|5414010065d7[payload->].e.||55,141
2025-08-02T21:30:58.090 0100|00|00|05|fa0001|541401b1bf[payload->]..||49,073
2025-08-02T21:30:58.191 0100|01|00|06|f801fe|5414010065d7[payload->].e.||55,141
2025-08-02T21:41:07.375 0100|01|00|06|f801fe|5414010065d7[payload->].e.||55,141
2025-08-02T21:51:16.279 0100|00|00|05|fa0001|541401b1bf[payload->]..||49,073
2025-08-02T21:51:16.380 0100|01|00|06|f801fe|5414010065d7[payload->].e.||55,141
2025-08-02T22:11:33.989 0100|00|00|05|fa0001|541401b1bf[payload->]..||49,073
2025-08-02T22:11:34.089 0100|01|00|06|f801fe|5414010065d7[payload->].e.||55,141
2025-08-02T22:21:43.052 0100|00|00|05|fa0001|541401b1bf[payload->]..||49,073
2025-08-02T22:21:43.153 0100|01|00|06|f801fe|5414010065d7[payload->].e.||55,141
2025-08-02T22:31:51.998 0100|00|00|05|fa0001|541401b1bf[payload->]..||49,073
2025-08-02T22:31:52.099 0100|01|00|06|f801fe|5414010065d7[payload->].e.||55,141
2025-08-02T23:02:18.466 0100|00|00|05|fa0001|541401b1bf[payload->]..||49,073
2025-08-02T23:02:18.567 0100|01|00|06|f801fe|5414010065d7[payload->].e.||55,141
2025-08-02T23:22:34.654 0100|00|00|05|fa0001|541401b1bf[payload->]..||49,073
2025-08-02T23:22:34.754 0100|01|00|06|f801fe|5414010065d7[payload->].e.||55,141
2025-08-03T00:03:10.277 0100|00|00|05|fa0001|541401b1bf[payload->]..||49,073
2025-08-03T00:03:10.378 0100|01|00|06|f801fe|5414010065d7[payload->].e.||55,141
2025-08-03T00:13:19.457 0100|00|00|05|fa0001|541401b1bf[payload->]..||49,073
2025-08-03T00:13:19.658 0100|01|00|06|f801fe|5414010065d7[payload->].e.||55,141
2025-08-03T00:23:28.383 0100|00|00|05|fa0001|541401b1bf[payload->]..||49,073
2025-08-03T00:33:37.014 0100|00|00|05|fa0001|541401b1bf[payload->]..||49,073
2025-08-03T00:33:37.115 0100|01|00|06|f801fe|5414010065d7[payload->].e.||55,141
2025-08-03T00:43:45.959 0100|01|00|06|f801fe|5414010065d7[payload->].e.||55,141
2025-08-03T01:14:12.116 0100|00|00|05|fa0001|541401b1bf[payload->]..||49,073
2025-08-03T01:14:12.218 0100|01|00|06|f801fe|5414010065d7[payload->].e.||55,141
2025-08-03T01:24:21.547 0100|01|00|06|f801fe|5414010065d7[payload->].e.||55,141
2025-08-03T02:15:03.547 0100|00|00|05|fa0001|541401b1bf[payload->]..||49,073
2025-08-03T02:15:03.648 0100|01|00|06|f801fe|5414010065d7[payload->].e.||55,141
2025-08-03T02:45:30.315 0100|00|00|05|fa0001|541401b1bf[payload->]..||49,073
2025-08-03T02:45:30.416 0100|01|00|06|f801fe|5414010065d7[payload->].e.||55,141
2025-08-03T03:36:15.351 0100|00|00|05|fa0001|541401b1bf[payload->]..||49,073
2025-08-03T03:36:15.453 0100|01|00|06|f801fe|5414010065d7[payload->].e.||55,141
2025-08-03T03:46:24.775 0100|00|00|05|fa0001|541401b1bf[payload->]..||49,073
2025-08-03T03:46:24.775 0100|01|00|06|f801fe|5414010065d7[payload->].e.||55,141
2025-08-03T03:56:33.092 0100|00|00|05|fa0001|541401b1bf[payload->]..||49,073
2025-08-03T03:56:33.193 0100|01|00|06|f801fe|5414010065d7[payload->].e.||55,141
2025-08-03T04:26:59.726 0100|00|00|05|fa0001|541401b1bf[payload->]..||49,073
2025-08-03T04:26:59.827 0100|01|00|06|f801fe|5414010065d7[payload->].e.||55,141
2025-08-03T04:47:17.398 0100|00|00|05|fa0001|541401b1bf[payload->]..||49,073
2025-08-03T04:47:17.499 0100|01|00|06|f801fe|5414010065d7[payload->].e.||55,141
2025-08-03T04:57:26.006 0100|00|00|05|fa0001|541401b1bf[payload->]..||49,073
2025-08-03T04:57:26.107 0100|01|00|06|f801fe|5414010065d7[payload->].e.||55,141
2025-08-03T05:07:26.894 0100|01|00|06|f801fe|541401026517[payload->].e.||5,989
2025-08-03T05:17:44.132 0100|01|00|06|f801fe|5414010065d7[payload->].e.||55,141
2025-08-03T05:27:53.335 0100|00|00|05|fa0001|541401b1bf[payload->]..||49,073
2025-08-03T05:27:53.436 0100|01|00|06|f801fe|5414010065d7[payload->].e.||55,141
2025-08-03T05:38:02.390 0100|00|00|05|fa0001|541401b1bf[payload->]..||49,073
2025-08-03T05:38:02.491 0100|01|00|06|f801fe|5414010065d7[payload->].e.||55,141
2025-08-03T05:48:11.395 0100|00|00|05|fa0001|541401b1bf[payload->]..||49,073
2025-08-03T05:48:11.496 0100|01|00|06|f801fe|5414010065d7[payload->].e.||55,141
2025-08-03T05:58:20.075 0100|00|00|05|fa0001|541401b1bf[payload->]..||49,073
2025-08-03T05:58:20.176 0100|01|00|06|f801fe|5414010065d7[payload->].e.||55,141
2025-08-03T06:18:37.135 0100|00|00|05|fa0001|541401b1bf[payload->]..||49,073
2025-08-03T06:18:37.336 0100|01|00|06|f801fe|5414010065d7[payload->].e.||55,141
2025-08-03T06:38:55.007 0100|00|00|05|fa0001|541401b1bf[payload->]..||49,073
2025-08-03T06:38:55.008 0100|01|00|06|f801fe|5414010065d7[payload->].e.||55,141
2025-08-03T07:09:21.444 0100|01|00|06|f801fe|5414010065d7[payload->].e.||55,141
2025-08-03T07:29:39.812 0100|00|00|05|fa0001|541401b1bf[payload->]..||49,073
2025-08-03T07:29:39.812 0100|01|00|06|f801fe|5414010065d7[payload->].e.||55,141
2025-08-03T07:39:48.120 0100|00|00|05|fa0001|541401b1bf[payload->]..||49,073
2025-08-03T07:39:48.221 0100|01|00|06|f801fe|5414010065d7[payload->].e.||55,141
2025-08-03T07:49:57.177 0100|00|00|05|fa0001|541401b1bf[payload->]..||49,073
2025-08-03T07:49:57.278 0100|01|00|06|f801fe|5414010065d7[payload->].e.||55,141
2025-08-03T08:10:13.280 0100|01|00|06|f801fe|5414010065d7[payload->].e.||55,141
2025-08-03T08:20:22.221 0100|00|00|05|fa0001|541401b1bf[payload->]..||49,073
2025-08-03T09:11:05.891 0100|00|00|05|fa0001|541401b1bf[payload->]..||49,073
2025-08-03T09:11:05.891 0100|01|00|06|f801fe|5414010065d7[payload->].e.||55,141
2025-08-03T09:21:14.779 0100|00|00|05|fa0001|541401b1bf[payload->]..||49,073
2025-08-03T09:21:14.881 0100|01|00|06|f801fe|5414010065d7[payload->].e.||55,141
2025-08-03T09:47:59.455 0100|01|00|06|f801fe|541401026517[payload->].e.||5,989
2025-08-03T10:01:49.829 0100|00|00|05|fa0001|541401b1bf[payload->]..||49,073
2025-08-03T10:01:49.829 0100|01|00|06|f801fe|5414010065d7[payload->].e.||55,141
2025-08-03T10:11:58.847 0100|00|00|05|fa0001|541401b1bf[payload->]..||49,073
2025-08-03T10:11:59.250 0100|01|40|46|f801fe|5414010065d70100000005fa0001541800717b0100010006f801fe5418000136d70100000005fa0001541801b1ba0100010006f801fe54180101a6d60100000005fa0001365b[payload->].e.........T..q{........T...6.........T............T.............6[||23,350
2025-08-03T10:32:16.094 0100|00|00|05|fa0001|541401b1bf[payload->]..||49,073
2025-08-03T10:32:16.195 0100|01|00|06|f801fe|5414010065d7[payload->].e.||55,141
2025-08-03T10:52:33.790 0100|00|00|05|fa0001|541401b1bf[payload->]..||49,073
2025-08-03T10:52:33.791 0100|01|00|06|f801fe|5414010065d7[payload->].e.||55,141
2025-08-03T11:02:42.828 0100|00|00|05|fa0001|541401b1bf[payload->]..||49,073
2025-08-03T11:02:42.930 0100|01|00|06|f801fe|5414010065d7[payload->].e.||55,141
2025-08-03T11:23:01.103 0100|00|00|05|fa0001|541401b1bf[payload->]..||49,073
2025-08-03T11:23:01.204 0100|01|00|06|f801fe|5414010065d7[payload->].e.||55,141
2025-08-03T11:33:09.978 0100|01|00|06|f801fe|5414010065d7[payload->].e.||55,141
2025-08-03T11:33:59.368 0100|01|00|06|f801fe|541401026537[payload->].e7||14,181
2025-08-03T11:34:29.441 0100|01|00|06|f801fe|541401026517[payload->].e.||5,989
2025-08-03T11:43:18.746 0100|00|00|05|fa0001|541401b1bf[payload->]..||49,073
2025-08-03T11:43:18.847 0100|01|00|06|f801fe|5414010065d7[payload->].e.||55,141
2025-08-03T11:48:20.560 0100|01|00|06|f801fe|541401026517[payload->].e.||5,989
2025-08-03T12:03:36.861 0100|00|00|05|fa0001|541401b1bf[payload->]..||49,073
2025-08-03T12:03:36.962 0100|01|00|06|f801fe|5414010065d7[payload->].e.||55,141
2025-08-03T12:13:46.101 0100|00|00|05|fa0001|541401b1bf[payload->]..||49,073
2025-08-03T12:13:46.202 0100|01|00|06|f801fe|5414010065d7[payload->].e.||55,141
2025-08-03T12:23:54.481 0100|00|00|05|fa0001|541401b1bf[payload->]..||49,073
2025-08-03T12:23:54.481 0100|01|00|06|f801fe|5414010065d7[payload->].e.||55,141
2025-08-03T12:34:03.769 0100|00|00|05|fa0001|541401b1bf[payload->]..||49,073
2025-08-03T12:34:03.870 0100|01|00|06|f801fe|5414010065d7[payload->].e.||55,141
2025-08-03T12:44:12.695 0100|00|00|05|fa0001|541401b1bf[payload->]..||49,073
2025-08-03T12:44:12.796 0100|01|00|06|f801fe|5414010065d7[payload->].e.||55,141
2025-08-03T12:54:21.814 0100|00|00|05|fa0001|541401b1bf[payload->]..||49,073
2025-08-03T12:54:21.916 0100|01|00|06|f801fe|5414010065d7[payload->].e.||55,141
2025-08-03T13:04:30.869 0100|00|00|05|fa0001|541401b1bf[payload->]..||49,073
2025-08-03T13:04:30.970 0100|01|00|06|f801fe|5414010065d7[payload->].e.||55,141
2025-08-03T13:14:40.025 0100|00|00|05|fa0001|541401b1bf[payload->]..||49,073
2025-08-03T13:45:06.915 0100|00|00|05|fa0001|541401b1bf[payload->]..||49,073
2025-08-03T13:45:06.915 0100|01|00|06|f801fe|5414010065d7[payload->].e.||55,141
2025-08-03T14:05:24.909 0100|00|00|05|fa0001|541401b1bf[payload->]..||49,073
2025-08-03T14:05:25.010 0100|01|00|06|f801fe|5414010065d7[payload->].e.||55,141
2025-08-03T14:25:42.662 0100|00|00|05|fa0001|541401b1bf[payload->]..||49,073
2025-08-03T14:25:42.763 0100|01|00|06|f801fe|5414010065d7[payload->].e.||55,141
2025-08-03T14:35:50.858 0100|00|00|05|fa0001|541401b1bf[payload->]..||49,073
2025-08-03T14:35:50.959 0100|01|00|06|f801fe|5414010065d7[payload->].e.||55,141
2025-08-03T14:56:08.604 0100|00|00|05|fa0001|541401b1bf[payload->]..||49,073
2025-08-03T14:56:08.706 0100|01|00|06|f801fe|5414010065d7[payload->].e.||55,141
2025-08-03T15:26:34.323 0100|00|00|05|fa0001|541401b1bf[payload->]..||49,073
2025-08-03T15:26:34.424 0100|01|00|06|f801fe|5414010065d7[payload->].e.||55,141
2025-08-03T15:33:30.507 0100|01|00|06|f801fe|541401026517[payload->].e.||5,989
2025-08-03T16:07:09.636 0100|00|00|05|fa0001|541401b1bf[payload->]..||49,073
2025-08-03T16:07:09.737 0100|01|00|06|f801fe|5414010065d7[payload->].e.||55,141
2025-08-03T16:17:18.682 0100|00|00|05|fa0001|541401b1bf[payload->]..||49,073
2025-08-03T16:17:18.682 0100|01|00|06|f801fe|5414010065d7[payload->].e.||55,141
2025-08-03T16:47:44.154 0100|00|00|05|fa0001|541401b1bf[payload->]..||49,073
2025-08-03T16:47:44.154 0100|01|00|06|f801fe|5414010065d7[payload->].e.||55,141
2025-08-03T17:08:02.054 0100|00|00|05|fa0001|541401b1bf[payload->]..||49,073
2025-08-03T17:08:02.155 0100|01|00|06|f801fe|5414014267d7[payload->]Bg.||55,143
2025-08-03T17:18:11.228 0100|01|00|06|f801fe|5414010065d7[payload->].e.||55,141
2025-08-03T17:28:19.626 0100|00|00|05|fa0001|541401b1bf[payload->]..||49,073
2025-08-03T17:28:19.727 0100|01|00|06|f801fe|5414010065d7[payload->].e.||55,141
2025-08-03T17:38:28.566 0100|00|00|05|fa0001|541401b1bf[payload->]..||49,073
2025-08-03T17:38:28.567 0100|01|00|06|f801fe|5414010065d7[payload->].e.||55,141
2025-08-03T17:58:46.623 0100|00|00|05|fa0001|541401b1bf[payload->]..||49,073
2025-08-03T17:58:46.623 0100|01|00|06|f801fe|5414010065d7[payload->].e.||55,141
