2025-07-31T05:45:59.949 0100|01|00|06|f801fe|500e080802f6[payload->]...||62,978
2025-07-31T20:45:43.508 0100|01|00|06|f801fe|500e080002f6[payload->]...||62,978
2025-08-01T21:57:59.588 0100|01|00|06|f801fe|500e080a02f6[payload->]...||62,978
2025-08-01T22:08:59.590 0100|01|04|0e|f801fe|500e080002f60100000005fa0003[payload->]...........||0,768
2025-08-01T22:16:29.663 0100|81|04|0e|f801fe|500e080802f60100000005fa0003[payload->]...........||0,768
2025-08-02T00:40:59.532 0100|01|00|06|f801fe|500e080002f6[payload->]...||62,978
2025-08-02T00:50:39.497 0100|01|42|06|fa43fe|500e080002f6[payload->]...||62,978
2025-08-02T00:51:29.467 0100|01|00|06|f801fe|500e080002f6[payload->]...||62,978
2025-08-02T01:14:59.399 0100|01|08|06|f801fe|500e080002f6[payload->]...||62,978
2025-08-02T02:11:29.464 0100|01|00|06|f801fe|500e08000af6[payload->]...||62,986
2025-08-02T02:38:59.534 0100|01|00|06|f801fe|500e088402f6[payload->]...||62,978
2025-08-02T04:18:29.423 0100|01|00|06|f801fe|500e080002fe[payload->]...||65,026
2025-08-02T04:41:59.489 0100|01|00|06|f881fe|500e080002f6[payload->]...||62,978
2025-08-02T05:07:59.467 0100|01|00|06|f801fe|500e080002f6[payload->]...||62,978
2025-08-02T05:25:00.006 0100|01|80|86|fc01fe|500e080002f60100000005fa0001200201cbf1090001000bf301fe200201ae8da802453b1e8d0100000005fa0003100301ecf10100010007f701fe100301ffff859c0100000005fa0003200401d3f30100010009f501fe200401ffffffff850d0100000005fa000320020173f0010001000bf301fe2002010000000000006c4a0100000005fa[payload->]........... ............ ......E;...................................... ............ ................ ..s......... ........lJ......||64,005
2025-08-02T05:35:39.472 0100|85|04|06|f801fe|500e080002f6[payload->]...||62,978
2025-08-02T07:10:20.439 0100|01|00|06|f801fe|500e080002f6[payload->]...||62,978
2025-08-02T13:34:39.612 0100|81|48|4e|f801fe|500e080002f60100000005fa000110030154f00180010007f701fe100301ffff859c0100000005fa00012004016bf20100010009f501fe200401ffffffff850d0100000005fa0001200201cbf101[payload->]..............T........................ ..k......... ................ .....||0,497
2025-08-02T15:04:39.234 0100|01|00|06|f801fe|500e08080af6[payload->]...||62,986
2025-08-02T20:41:02.066 0100|01|00|06|f801fe|500e080002f6[payload->]...||62,978
2025-08-02T23:01:03.542 0100|01|00|06|f801fe|500e080002f6[payload->]...||62,978
2025-08-03T04:57:29.649 0100|01|00|06|f801fe|500e080002f6[payload->]...||62,978
2025-08-03T09:00:42.494 0100|01|00|06|f801fe|500e080002f6[payload->]...||62,978
