2025-07-30T23:28:06.166 0100|01|00|07|f701fe|5019013c00227b[payload->]<."{||31,522
2025-07-31T01:21:16.192 0100|01|00|07|f701fe|5019013c00227b[payload->]<."{||31,522
2025-07-31T12:57:12.539 0100|00|00|05|fa0001|50190121bb[payload->]!.||47,905
2025-07-31T14:16:12.823 0100|01|00|07|f701fe|5019013c00227b[payload->]<."{||31,522
2025-07-31T18:20:48.049 0100|00|00|05|fa0001|50190101bb[payload->]..||47,873
2025-07-31T19:53:59.404 0100|01|00|07|f701fe|5019013c00227b[payload->]<."{||31,522
2025-08-01T01:28:31.077 0100|01|00|07|f701fe|5019013c00227b[payload->]<."{||31,522
2025-08-01T02:40:53.064 0100|01|00|07|f701fe|5019013c00227b[payload->]<."{||31,522
2025-08-01T03:09:53.022 0100|00|00|05|fa0001|50190121bb[payload->]!.||47,905
2025-08-01T20:34:33.011 0100|01|00|07|f701fe|5019013c00227b[payload->]<."{||31,522
2025-08-01T20:34:53.095 0100|01|00|07|f701fe|5019013c00227b[payload->]<."{||31,522
2025-08-01T20:49:13.017 0100|00|00|05|fa0001|50190121bb[payload->]!.||47,905
2025-08-02T02:54:44.039 0100|00|00|05|fa0001|50190121bb[payload->]!.||47,905
2025-08-02T08:08:44.997 0100|00|00|05|fa0001|50190121bb[payload->]!.||47,905
2025-08-02T10:46:15.012 0100|01|00|07|f701fe|5019013c00227b[payload->]<."{||31,522
2025-08-02T11:06:45.033 0100|00|00|05|fa0001|50190121bb[payload->]!.||47,905
2025-08-02T16:56:18.174 0100|01|00|07|f701fe|5019013c00227b[payload->]<."{||31,522
2025-08-02T21:44:01.061 0100|01|00|07|f701fe|5019013c00227b[payload->]<."{||31,522
2025-08-02T22:54:01.186 0100|01|00|07|f701fe|5019013c00227b[payload->]<."{||31,522
2025-08-02T23:07:40.959 0100|00|00|05|fa0001|50190121bb[payload->]!.||47,905
2025-08-02T23:19:41.064 0100|01|00|07|f701fe|5019013c00227b[payload->]<."{||31,522
2025-08-02T23:46:42.028 0100|01|00|07|f701fe|5019013c00227b[payload->]<."{||31,522
2025-08-03T00:23:32.130 0100|01|00|07|f701fe|5019013c00227b[payload->]<."{||31,522
2025-08-03T02:38:16.799 0100|01|00|07|f701fe|5019013c00227b[payload->]<."{||31,522
2025-08-03T03:33:26.582 0100|01|00|07|f701fe|5019013c00227b[payload->]<."{||31,522
2025-08-03T08:00:17.004 0100|00|00|05|fa0001|50190121bb[payload->]!.||47,905
