2025-07-30T20:31:12.301 0100|00|00|05|fa0001|200e000b35[payload->].5||13,579
2025-07-30T20:31:12.403 0100|01|00|07|f701fe|200e0068025c20[payload->]h.\ ||8,284
2025-07-30T20:41:12.320 0100|00|00|05|fa0001|200e000b35[payload->].5||13,579
2025-07-30T20:41:12.421 0100|01|00|07|f703fe|200e0068025c20[payload->]h.\ ||8,284
2025-07-30T20:51:12.490 0100|00|00|05|fa0001|200e000b35[payload->].5||13,579
2025-07-30T20:51:12.591 0100|01|00|07|f701fe|200e0068025c20[payload->]h.\ ||8,284
2025-07-30T21:01:12.308 0100|00|00|05|fa0001|200e000b35[payload->].5||13,579
2025-07-30T21:01:12.408 0100|01|00|07|f701fe|200e0068025c20[payload->]h.\ ||8,284
2025-07-30T21:11:12.375 0100|00|00|05|fa0001|200e000b35[payload->].5||13,579
2025-07-30T21:11:12.376 0100|01|00|07|f701fe|200e0068025c20[payload->]h.\ ||8,284
2025-07-30T21:21:12.337 0100|00|00|05|fa0001|200e000b35[payload->].5||13,579
2025-07-30T21:21:12.438 0100|01|00|07|f701fe|200e0068025c20[payload->]h.\ ||8,284
2025-07-30T21:31:12.388 0100|00|00|05|fa0001|200e000b35[payload->].5||13,579
2025-07-30T21:31:12.389 0100|01|00|07|f701fe|200e0068025c20[payload->]h.\ ||8,284
2025-07-30T21:41:12.313 0100|00|00|05|fa0001|200e000b35[payload->].5||13,579
2025-07-30T21:41:12.414 0100|01|00|07|f701fe|200e0068025c20[payload->]h.\ ||8,284
2025-07-30T21:51:12.382 0100|00|00|05|fa0001|200e000b35[payload->].5||13,579
2025-07-30T21:51:12.483 0100|01|00|07|f701fe|200e0068025c20[payload->]h.\ ||8,284
2025-07-30T22:01:12.354 0100|00|00|05|fa0001|200e000b35[payload->].5||13,579
2025-07-30T22:01:12.455 0100|01|00|07|f701fe|200e0068025c20[payload->]h.\ ||8,284
2025-07-30T22:11:12.332 0100|00|00|05|fa0001|200e000b35[payload->].5||13,579
2025-07-30T22:11:12.433 0100|01|00|07|f701fe|200e0068025c20[payload->]h.\ ||8,284
2025-07-30T22:21:12.409 0100|00|00|05|fa0001|200e000b35[payload->].5||13,579
2025-07-30T22:21:12.409 0100|01|00|07|f701fe|200e0068025c20[payload->]h.\ ||8,284
2025-07-30T22:31:12.365 0100|00|00|05|fa0001|200e000b35[payload->].5||13,579
2025-07-30T22:31:12.365 0100|01|00|07|f701fe|200e0068025c20[payload->]h.\ ||8,284
2025-07-30T22:41:12.352 0100|00|00|05|fa0001|200e000b35[payload->].5||13,579
2025-07-30T22:41:12.453 0100|01|00|07|f701fe|200e0068025c20[payload->]h.\ ||8,284
2025-07-30T22:51:13.240 0100|00|00|05|fa0001|200e000b35[payload->].5||13,579
2025-07-30T22:51:13.341 0100|01|00|07|f701fe|200e0068025c20[payload->]h.\ ||8,284
2025-07-30T23:01:12.386 0100|00|00|05|fa0001|200e000b35[payload->].5||13,579
2025-07-30T23:01:12.487 0100|01|00|07|f701fe|200e0068025c20[payload->]h.\ ||8,284
2025-07-30T23:11:12.940 0100|00|00|05|fa0001|200e000b35[payload->].5||13,579
2025-07-30T23:11:13.041 0100|01|00|07|f701fe|200e0068025c20[payload->]h.\ ||8,284
2025-07-30T23:21:12.409 0100|00|00|05|fa0001|200e000b35[payload->].5||13,579
2025-07-30T23:21:12.409 0100|01|00|07|f701fe|200e0068025c20[payload->]h.\ ||8,284
2025-07-30T23:31:12.385 0100|00|00|05|fa0001|200e000b35[payload->].5||13,579
2025-07-30T23:31:12.385 0100|01|00|07|f701fe|200e0068025c20[payload->]h.\ ||8,284
2025-07-30T23:41:12.408 0100|00|00|05|fa0001|200e000a35[payload->].5||13,578
2025-07-30T23:41:12.409 0100|01|00|07|f701fe|200e0068025c20[payload->]h.\ ||8,284
2025-07-30T23:51:12.469 0100|00|00|05|fa0001|200e000b35[payload->].5||13,579
2025-07-30T23:51:12.469 0100|01|00|07|f701fe|200e0068025c20[payload->]h.\ ||8,284
2025-07-31T00:01:12.406 0100|00|00|05|fa0001|200e000b35[payload->].5||13,579
2025-07-31T00:01:12.406 0100|01|00|07|f701fe|200e0068025c20[payload->]h.\ ||8,284
2025-07-31T00:11:12.415 0100|00|00|05|fa0001|200e000b35[payload->].5||13,579
2025-07-31T00:11:12.516 0100|01|00|07|f701fe|200e0068025c20[payload->]h.\ ||8,284
2025-07-31T00:21:12.448 0100|00|00|05|fa0001|200e000b35[payload->].5||13,579
2025-07-31T00:21:12.549 0100|01|00|07|f701fe|200e0068025c20[payload->]h.\ ||8,284
2025-07-31T00:31:13.158 0100|00|00|05|fa0001|200e000b35[payload->].5||13,579
2025-07-31T00:31:13.259 0100|01|00|07|f701fe|200e0068025c20[payload->]h.\ ||8,284
2025-07-31T00:41:12.435 0100|00|00|05|fa0001|200e000b35[payload->].5||13,579
2025-07-31T00:41:12.435 0100|01|00|07|f701fe|200e0068025c20[payload->]h.\ ||8,284
2025-07-31T00:51:12.369 0100|00|00|05|fa0001|200e000b35[payload->].5||13,579
2025-07-31T00:51:12.470 0100|01|00|07|f701fe|200e0068025c20[payload->]h.\ ||8,284
2025-07-31T01:01:12.384 0100|00|00|05|fa0001|200e000b35[payload->].5||13,579
2025-07-31T01:01:12.485 0100|01|00|07|f701fe|200e0068025c20[payload->]h.\ ||8,284
2025-07-31T01:11:12.410 0100|00|00|05|fa0001|200e000b35[payload->].5||13,579
2025-07-31T01:11:12.410 0100|01|00|07|f701fe|200e0068025c20[payload->]h.\ ||8,284
2025-07-31T01:21:12.350 0100|00|00|05|fa0001|200e000b35[payload->].5||13,579
2025-07-31T01:21:12.451 0100|01|00|07|f701fe|200e0068025c20[payload->]h.\ ||8,284
2025-07-31T01:31:12.453 0100|00|00|05|fa0001|200e000b35[payload->].5||13,579
2025-07-31T01:31:12.453 0100|01|00|07|f701fe|200e0068025c20[payload->]h.\ ||8,284
2025-07-31T01:41:12.376 0100|00|00|05|fa0001|200e000b35[payload->].5||13,579
2025-07-31T01:41:12.477 0100|01|00|07|f701fe|200e0068025c20[payload->]h.\ ||8,284
2025-07-31T01:51:12.373 0100|00|00|05|fa0001|200e000b35[payload->].5||13,579
2025-07-31T01:51:12.473 0100|01|00|07|f701fe|200e0068025c20[payload->]h.\ ||8,284
2025-07-31T02:01:12.474 0100|00|00|05|fa0001|200e000b35[payload->].5||13,579
2025-07-31T02:01:12.475 0100|01|00|07|f701fe|200e0068025c20[payload->]h.\ ||8,284
2025-07-31T02:11:12.449 0100|00|00|05|fa0001|200e000b35[payload->].5||13,579
2025-07-31T02:11:12.449 0100|01|00|07|f701fe|200e0068025c20[payload->]h.\ ||8,284
2025-07-31T02:21:12.365 0100|00|00|05|fa0001|200e000b35[payload->].5||13,579
2025-07-31T02:21:12.466 0100|01|00|07|f701fe|200e0068025c20[payload->]h.\ ||8,284
2025-07-31T02:31:12.454 0100|00|00|05|fa0001|200e000b35[payload->].5||13,579
2025-07-31T02:31:12.454 0100|01|00|07|f701fe|200e0068025c20[payload->]h.\ ||8,284
2025-07-31T02:41:12.481 0100|00|00|05|fa0001|200e000b35[payload->].5||13,579
2025-07-31T02:41:12.482 0100|01|00|07|f701fe|200e0068025c20[payload->]h.\ ||8,284
2025-07-31T02:51:13.119 0100|00|00|05|fa0001|200e000b35[payload->].5||13,579
2025-07-31T02:51:13.120 0100|01|00|07|f701fe|200e0068025c20[payload->]h.\ ||8,284
2025-07-31T03:01:12.454 0100|00|00|05|fa0001|200e000b35[payload->].5||13,579
2025-07-31T03:01:12.455 0100|01|00|07|f701fe|200e0068025c20[payload->]h.\ ||8,284
2025-07-31T03:11:12.876 0100|00|00|05|fa0001|200e000b35[payload->].5||13,579
2025-07-31T03:11:12.977 0100|01|00|07|f701fe|200e0068025c20[payload->]h.\ ||8,284
2025-07-31T03:21:12.470 0100|00|00|05|fa0001|200e000b35[payload->].5||13,579
2025-07-31T03:21:12.470 0100|01|00|07|f701fe|200e0068025c20[payload->]h.\ ||8,284
2025-07-31T03:31:12.421 0100|00|00|05|fa0001|200e000b35[payload->].5||13,579
2025-07-31T03:31:12.522 0100|01|00|07|f701fe|200e0068025c20[payload->]h.\ ||8,284
2025-07-31T03:41:12.392 0100|00|00|05|fa0001|200e000b35[payload->].5||13,579
2025-07-31T03:41:12.493 0100|01|00|07|f701fe|200e0068025c20[payload->]h.\ ||8,284
2025-07-31T03:51:12.490 0100|00|00|05|fa0001|200e000b35[payload->].5||13,579
2025-07-31T03:51:12.491 0100|01|00|07|f701fe|200e0068025c20[payload->]h.\ ||8,284
2025-07-31T04:01:12.505 0100|00|00|05|fa0001|200e000b35[payload->].5||13,579
2025-07-31T04:01:12.506 0100|01|00|07|f701fe|200e0068025c20[payload->]h.\ ||8,284
2025-07-31T04:11:12.481 0100|00|00|05|fa0001|200e000b35[payload->].5||13,579
2025-07-31T04:11:12.481 0100|01|00|07|f701fe|200e0068025c20[payload->]h.\ ||8,284
2025-07-31T04:21:12.466 0100|00|00|05|fa0001|200e000b35[payload->].5||13,579
2025-07-31T04:21:12.567 0100|01|00|07|f701fe|200e0068025c20[payload->]h.\ ||8,284
2025-07-31T04:31:12.626 0100|00|00|05|fa0001|200e000b35[payload->].5||13,579
2025-07-31T04:31:12.626 0100|01|00|07|f701fe|200e0068025c20[payload->]h.\ ||8,284
2025-07-31T04:41:12.421 0100|00|00|05|fa0001|200e000b35[payload->].5||13,579
2025-07-31T04:41:12.522 0100|01|00|07|f701fe|200e0068025c20[payload->]h.\ ||8,284
2025-07-31T04:51:12.471 0100|00|00|05|fa0001|200e000b35[payload->].5||13,579
2025-07-31T04:51:12.472 0100|01|00|07|f701fe|200e0068025c20[payload->]h.\ ||8,284
2025-07-31T05:01:12.440 0100|00|00|05|fa0001|200e000b35[payload->].5||13,579
2025-07-31T05:01:12.542 0100|01|00|07|f701fe|200e0068025c20[payload->]h.\ ||8,284
2025-07-31T05:11:12.435 0100|00|00|05|fa0001|200e000b35[payload->].5||13,579
2025-07-31T05:11:12.536 0100|01|00|07|f701fe|200e0068025c20[payload->]h.\ ||8,284
2025-07-31T05:21:12.440 0100|00|00|05|fa0001|200e000b35[payload->].5||13,579
2025-07-31T05:21:12.541 0100|01|00|07|f701fe|200e0068025c20[payload->]h.\ ||8,284
2025-07-31T05:31:12.442 0100|00|00|05|fa0001|200e000b35[payload->].5||13,579
2025-07-31T05:31:12.543 0100|03|00|07|f701fe|200e0068025c20[payload->]h.\ ||8,284
2025-07-31T05:41:12.437 0100|00|00|05|fa0001|200e000b35[payload->].5||13,579
2025-07-31T05:41:12.538 0100|01|00|07|f701fe|200e0068025c20[payload->]h.\ ||8,284
2025-07-31T05:51:12.426 0100|00|00|05|fa0001|200e000b35[payload->].5||13,579
2025-07-31T05:51:12.527 0100|01|00|07|f701fe|200e0068025c20[payload->]h.\ ||8,284
2025-07-31T06:01:12.495 0100|00|00|05|fa0001|200e000b35[payload->].5||13,579
2025-07-31T06:01:12.496 0100|01|00|07|f701fe|200e0068025c20[payload->]h.\ ||8,284
2025-07-31T06:11:12.466 0100|00|00|05|fa0001|200e000b35[payload->].5||13,579
2025-07-31T06:11:12.567 0100|01|00|07|f701fe|200e0068025c20[payload->]h.\ ||8,284
2025-07-31T06:21:12.469 0100|00|00|05|fa0001|200e000b35[payload->].5||13,579
2025-07-31T06:21:12.570 0100|01|00|07|f701fe|200e0068025c20[payload->]h.\ ||8,284
2025-07-31T06:31:12.463 0100|00|00|05|fa0001|200e000b35[payload->].5||13,579
2025-07-31T06:31:12.565 0100|01|00|07|f701fe|200e0068025c20[payload->]h.\ ||8,284
2025-07-31T06:41:12.675 0100|00|00|05|fa0001|200e000b35[payload->].5||13,579
2025-07-31T06:41:12.680 0100|01|00|07|f701fe|200e0068025c20[payload->]h.\ ||8,284
2025-07-31T06:51:12.460 0100|00|00|05|fa0001|200e000b35[payload->].5||13,579
2025-07-31T06:51:12.561 0100|01|00|07|f701fe|200e0068025c20[payload->]h.\ ||8,284
2025-07-31T07:01:12.448 0100|00|00|05|fa0001|200e000b35[payload->].5||13,579
2025-07-31T07:01:12.549 0100|01|00|07|f701fe|200e0068025c20[payload->]h.\ ||8,284
2025-07-31T07:11:12.664 0100|00|00|05|fa0001|200e000b35[payload->].5||13,579
2025-07-31T07:11:12.664 0100|01|00|07|f701fe|200e0068025c20[payload->]h.\ ||8,284
2025-07-31T07:21:12.673 0100|00|00|05|fa0001|200e000a35[payload->].5||13,578
2025-07-31T07:21:12.774 0100|01|00|07|f701fe|200e0068025c20[payload->]h.\ ||8,284
2025-07-31T07:31:12.600 0100|00|00|05|fa0001|200e000b35[payload->].5||13,579
2025-07-31T07:31:13.303 0100|01|02|0f|f701fe|200e0068025c20010000d0012e0478[payload->]h.\ .......x||30,724
2025-07-31T07:41:12.627 0100|00|00|05|fa0001|200e000b35[payload->].5||13,579
2025-07-31T07:41:13.330 0100|01|00|0f|f701fe|200e0068025c20ffff010000d0012e[payload->]h.\ ........||11,777
2025-07-31T07:51:12.680 0100|00|00|05|fa0001|200e000b35[payload->].5||13,579
2025-07-31T08:01:12.771 0100|00|00|05|fa0001|200e000b35[payload->].5||13,579
2025-07-31T08:01:12.772 0100|01|00|07|f701fe|200e0068025c20[payload->]h.\ ||8,284
2025-07-31T08:11:12.611 0100|00|00|05|fa0001|200e000b35[payload->].5||13,579
2025-07-31T08:11:12.812 0100|01|00|07|f701fe|200e0068025c20[payload->]h.\ ||8,284
2025-07-31T08:21:12.644 0100|00|00|05|fa0001|200e000b35[payload->].5||13,579
2025-07-31T08:21:12.745 0100|01|00|07|f701fe|200e0068025c20[payload->]h.\ ||8,284
2025-07-31T08:31:12.999 0100|00|00|05|fa0001|200e000b35[payload->].5||13,579
2025-07-31T08:31:13.201 0100|01|00|07|f781fe|200e0068025c20[payload->]h.\ ||8,284
2025-07-31T08:41:12.627 0100|00|00|05|fa0001|200e000b35[payload->].5||13,579
2025-07-31T08:41:12.728 0100|01|00|07|f701fe|200e0068025c20[payload->]h.\ ||8,284
2025-07-31T08:51:13.566 0100|00|00|05|fa0001|200e000b35[payload->].5||13,579
2025-07-31T08:51:13.668 0100|01|00|07|f701fe|200e0068025c20[payload->]h.\ ||8,284
2025-07-31T09:01:12.660 0100|00|00|05|fa0001|200e000b35[payload->].5||13,579
2025-07-31T09:01:12.660 0100|01|00|07|f701fe|200e0068025c20[payload->]h.\ ||8,284
2025-07-31T09:11:12.705 0100|00|00|05|fa0001|200e000b35[payload->].5||13,579
2025-07-31T09:11:12.706 0100|01|00|07|f701fe|200e0068025c20[payload->]h.\ ||8,284
2025-07-31T09:21:12.602 0100|00|00|05|fa0001|200e000b35[payload->].5||13,579
2025-07-31T09:21:12.703 0100|01|00|07|f701fe|200e0068025c20[payload->]h.\ ||8,284
2025-07-31T09:31:12.598 0100|00|00|05|fa0001|200e000b35[payload->].5||13,579
2025-07-31T09:31:12.699 0100|01|00|07|f701fe|200e0068025c20[payload->]h.\ ||8,284
2025-07-31T09:41:12.606 0100|00|00|05|fa0001|200e000b35[payload->].5||13,579
2025-07-31T09:41:12.707 0100|01|00|07|f701fe|200e0068025c20[payload->]h.\ ||8,284
2025-07-31T09:51:12.612 0100|00|00|05|fa0001|200e000b35[payload->].5||13,579
2025-07-31T09:51:12.713 0100|01|00|07|f701fe|200e0068025c20[payload->]h.\ ||8,284
2025-07-31T10:01:12.688 0100|00|00|05|fa0001|200e000b35[payload->].5||13,579
2025-07-31T10:01:12.789 0100|01|00|07|f701fe|200e0068025c20[payload->]h.\ ||8,284
2025-07-31T10:11:13.006 0100|00|00|05|fa0001|200e000b35[payload->].5||13,579
2025-07-31T10:11:13.409 0100|01|00|07|f701fe|200e0068025c20[payload->]h.\ ||8,284
2025-07-31T10:21:12.628 0100|00|00|05|fa0001|200e000b35[payload->].5||13,579
2025-07-31T10:21:12.729 0100|01|00|07|f701fe|200e0068025c20[payload->]h.\ ||8,284
2025-07-31T10:31:12.720 0100|00|00|05|fa0001|200e000b35[payload->].5||13,579
2025-07-31T10:41:12.710 0100|00|00|05|fa0001|200e000b35[payload->].5||13,579
2025-07-31T10:41:12.811 0100|01|00|07|f701fe|200e0068025c20[payload->]h.\ ||8,284
2025-07-31T10:51:12.692 0100|00|00|05|fa0001|200e000b35[payload->].5||13,579
2025-07-31T10:51:12.793 0100|01|00|07|f701fe|200e0068025c20[payload->]h.\ ||8,284
2025-07-31T11:01:12.635 0100|00|00|05|fa0001|200e000b35[payload->].5||13,579
2025-07-31T11:01:12.735 0100|01|00|07|f701fe|200e0068025c20[payload->]h.\ ||8,284
2025-07-31T11:11:12.638 0100|00|00|05|fa0001|200e000b35[payload->].5||13,579
2025-07-31T11:11:12.739 0100|01|00|07|f701fe|200e0068025c20[payload->]h.\ ||8,284
2025-07-31T11:21:12.671 0100|00|00|05|fa0001|200e000b35[payload->].5||13,579
2025-07-31T11:21:12.772 0100|01|00|07|f701fe|200e0068025c20[payload->]h.\ ||8,284
2025-07-31T11:31:12.654 0100|00|00|05|fa0001|200e000b35[payload->].5||13,579
2025-07-31T11:31:12.755 0100|01|00|07|f701fe|200e0068025c20[payload->]h.\ ||8,284
2025-07-31T11:41:12.766 0100|00|00|05|fa0001|200e000b35[payload->].5||13,579
2025-07-31T11:41:12.766 0100|01|00|07|f701fe|200e0068025c20[payload->]h.\ ||8,284
2025-07-31T11:51:12.756 0100|00|00|05|fa0001|200e000b35[payload->].5||13,579
2025-07-31T11:51:12.857 0100|01|00|07|f701fe|200e0068025c20[payload->]h.\ ||8,284
2025-07-31T12:01:12.723 0100|01|00|07|f701fe|200e0068025c20[payload->]h.\ ||8,284
2025-07-31T12:11:13.164 0100|00|00|05|fa0001|200e000b35[payload->].5||13,579
2025-07-31T12:11:13.164 0100|01|00|07|f701fe|200e0068025c20[payload->]h.\ ||8,284
2025-07-31T12:21:13.735 0100|00|00|05|fa0001|200e000b35[payload->].5||13,579
2025-07-31T12:21:13.735 0100|01|00|07|f701fe|200e0068025c20[payload->]h.\ ||8,284
2025-07-31T12:31:12.803 0100|00|00|05|fa0001|200e000b35[payload->].5||13,579
2025-07-31T12:31:12.904 0100|01|00|07|f701fe|200e0068025c20[payload->]h.\ ||8,284
2025-07-31T12:41:12.804 0100|00|00|05|fa0001|200e000b35[payload->].5||13,579
2025-07-31T12:41:12.905 0100|01|00|07|f701fe|200e0068025c20[payload->]h.\ ||8,284
2025-07-31T12:51:12.723 0100|00|00|05|fa0001|200e000b35[payload->].5||13,579
2025-07-31T12:51:12.824 0100|01|00|07|f701fe|200e0068025c20[payload->]h.\ ||8,284
2025-07-31T13:01:12.913 0100|00|00|05|fa0001|200e000b35[payload->].5||13,579
2025-07-31T13:01:12.914 0100|01|00|07|f701fe|200e0068025c20[payload->]h.\ ||8,284
2025-07-31T13:11:12.973 0100|00|00|05|fa0001|200e000b35[payload->].5||13,579
2025-07-31T13:11:12.973 0100|01|00|07|f701fe|200e0068025c20[payload->]h.\ ||8,284
2025-07-31T13:21:12.625 0100|00|00|05|fa0001|200e000b35[payload->].5||13,579
2025-07-31T13:21:12.626 0100|01|00|07|f701fe|200e0068025c20[payload->]h.\ ||8,284
2025-07-31T13:31:12.562 0100|00|00|05|fa0001|200e000b35[payload->].5||13,579
2025-07-31T13:31:12.663 0100|01|00|07|f701fe|200e0068025c20[payload->]h.\ ||8,284
2025-07-31T13:41:12.577 0100|00|00|05|fa0001|200e000b35[payload->].5||13,579
2025-07-31T13:41:12.678 0100|01|00|07|f701fe|200e0068025c20[payload->]h.\ ||8,284
2025-07-31T13:51:12.836 0100|00|00|05|fa0001|200e000b35[payload->].5||13,579
2025-07-31T13:51:12.937 0100|01|00|07|f701fe|200e0068025c20[payload->]h.\ ||8,284
2025-07-31T14:01:12.606 0100|00|00|05|fa0001|200e000b35[payload->].5||13,579
2025-07-31T14:01:12.707 0100|01|00|07|f701fe|200e0068025c20[payload->]h.\ ||8,284
2025-07-31T14:11:13.970 0100|00|00|05|fa0001|200e000b35[payload->].5||13,579
2025-07-31T14:11:14.071 0100|01|00|07|f701fe|200e0068025c20[payload->]h.\ ||8,284
2025-07-31T14:21:12.630 0100|00|00|05|fa0001|200e000b35[payload->].5||13,579
2025-07-31T14:21:12.731 0100|01|00|07|f701fe|200e0068025c20[payload->]h.\ ||8,284
2025-07-31T14:31:12.616 0100|00|00|05|fa0001|200e000b35[payload->].5||13,579
2025-07-31T14:31:12.718 0100|01|00|07|f701fe|200e0068025c20[payload->]h.\ ||8,284
2025-07-31T14:41:12.720 0100|00|00|05|fa0001|200e000b35[payload->].5||13,579
2025-07-31T14:41:12.720 0100|01|00|07|f701fe|200e0068025c20[payload->]h.\ ||8,284
2025-07-31T14:51:12.697 0100|00|00|05|fa0001|200e000b35[payload->].5||13,579
2025-07-31T14:51:12.798 0100|01|00|07|f701fe|200e0068025c20[payload->]h.\ ||8,284
2025-07-31T15:01:12.555 0100|00|00|05|fa0001|200e000b35[payload->].5||13,579
2025-07-31T15:01:12.656 0100|01|00|07|f701fe|200e0068025c20[payload->]h.\ ||8,284
2025-07-31T15:11:12.578 0100|00|00|05|fa0001|200e000b35[payload->].5||13,579
2025-07-31T15:11:12.679 0100|01|00|07|f701fe|200e0068025c20[payload->]h.\ ||8,284
2025-07-31T15:21:12.659 0100|00|00|05|fa0001|200e000b35[payload->].5||13,579
2025-07-31T15:21:12.659 0100|01|00|07|f701fe|200e0068025c20[payload->]h.\ ||8,284
2025-07-31T15:31:12.623 0100|00|00|05|fa0001|200e000b35[payload->].5||13,579
2025-07-31T15:31:12.724 0100|01|00|07|f701fe|200e0068025c20[payload->]h.\ ||8,284
2025-07-31T15:41:12.608 0100|00|00|05|fa0001|200e000b35[payload->].5||13,579
2025-07-31T15:41:12.609 0100|01|00|07|f701fe|200e0068025c20[payload->]h.\ ||8,284
2025-07-31T15:51:12.586 0100|00|00|05|fa0001|200e000b35[payload->].5||13,579
2025-07-31T15:51:12.687 0100|01|00|07|f701fe|200e0068025c20[payload->]h.\ ||8,284
2025-07-31T16:01:12.572 0100|00|00|05|fa0001|200e000b35[payload->].5||13,579
2025-07-31T16:11:12.592 0100|00|00|05|fa0001|200e000b35[payload->].5||13,579
2025-07-31T16:11:12.694 0100|01|00|07|f701fe|200e0068025c20[payload->]h.\ ||8,284
2025-07-31T16:21:12.606 0100|00|00|05|fa0001|200e000b35[payload->].5||13,579
2025-07-31T16:21:12.707 0100|01|00|07|f701fe|200e0068025c20[payload->]h.\ ||8,284
2025-07-31T16:31:12.588 0100|00|00|05|fa0001|200e000b35[payload->].5||13,579
2025-07-31T16:31:12.689 0100|01|00|07|f701fe|200e0068025c20[payload->]h.\ ||8,284
2025-07-31T16:41:12.620 0100|00|00|05|fa0001|200e000b35[payload->].5||13,579
2025-07-31T16:41:12.620 0100|01|00|07|f701fe|200e0068025c20[payload->]h.\ ||8,284
2025-07-31T16:51:12.577 0100|00|00|05|fa0001|200e000b35[payload->].5||13,579
2025-07-31T16:51:12.678 0100|01|00|07|f701fe|200e0068025c20[payload->]h.\ ||8,284
2025-07-31T17:01:13.820 0100|00|00|05|fa0001|200e000b35[payload->].5||13,579
2025-07-31T17:01:13.922 0100|01|00|07|f701fe|200e0068025c20[payload->]h.\ ||8,284
2025-07-31T17:11:12.640 0100|00|00|05|fa0001|200e000b35[payload->].5||13,579
2025-07-31T17:11:12.640 0100|01|00|07|f701fe|200e0068025c20[payload->]h.\ ||8,284
2025-07-31T17:21:12.733 0100|00|00|05|fa0001|200e000b35[payload->].5||13,579
2025-07-31T17:21:12.734 0100|01|00|07|f701fe|200e0068025c20[payload->]h.\ ||8,284
2025-07-31T17:31:12.643 0100|00|00|05|fa0001|200e000b35[payload->].5||13,579
2025-07-31T17:31:12.643 0100|01|00|07|f701fe|200e0068025c20[payload->]h.\ ||8,284
2025-07-31T17:41:12.656 0100|00|00|05|fa0001|200e000b35[payload->].5||13,579
2025-07-31T17:41:12.656 0100|01|00|07|f701fe|200e0068025c20[payload->]h.\ ||8,284
2025-07-31T17:51:12.633 0100|00|00|05|fa0001|200e000b35[payload->].5||13,579
2025-07-31T17:51:12.633 0100|01|00|07|f701fe|200e0068025c20[payload->]h.\ ||8,284
2025-07-31T18:01:12.587 0100|00|00|05|fa0001|200e000b35[payload->].5||13,579
2025-07-31T18:01:12.688 0100|01|00|07|f701fe|200e0068025c20[payload->]h.\ ||8,284
2025-07-31T18:11:12.559 0100|00|00|05|fa0001|200e000b35[payload->].5||13,579
2025-07-31T18:11:12.660 0100|01|00|07|f701fe|200e0068025c20[payload->]h.\ ||8,284
2025-07-31T18:21:12.586 0100|00|00|05|fa0001|200e000b35[payload->].5||13,579
2025-07-31T18:21:12.688 0100|01|00|07|f701fe|200e0068025c20[payload->]h.\ ||8,284
2025-07-31T18:31:12.668 0100|00|00|05|fa0001|200e000b35[payload->].5||13,579
2025-07-31T18:31:12.668 0100|01|00|07|f701fe|200e0068025c20[payload->]h.\ ||8,284
2025-07-31T18:41:12.659 0100|00|00|05|fa0001|200e000b35[payload->].5||13,579
2025-07-31T18:41:12.659 0100|01|00|07|f701fe|200e0068025c20[payload->]h.\ ||8,284
2025-07-31T18:51:12.671 0100|00|00|05|fa0001|200e000b35[payload->].5||13,579
2025-07-31T18:51:12.672 0100|01|00|07|f701fe|200e0068025c20[payload->]h.\ ||8,284
2025-07-31T19:01:12.656 0100|00|00|05|fa0001|200e000b35[payload->].5||13,579
2025-07-31T19:01:12.656 0100|01|00|07|f701fe|200e0068025c20[payload->]h.\ ||8,284
2025-07-31T19:11:12.677 0100|00|00|05|fa0001|200e000b35[payload->].5||13,579
2025-07-31T19:11:12.678 0100|01|00|07|f701fe|200e0068025c20[payload->]h.\ ||8,284
2025-07-31T19:21:12.679 0100|00|00|05|fa0001|200e000b35[payload->].5||13,579
2025-07-31T19:21:12.780 0100|01|00|07|f701fe|200e0068025c20[payload->]h.\ ||8,284
2025-07-31T19:31:12.689 0100|00|00|05|fa0001|200e000b35[payload->].5||13,579
2025-07-31T19:31:12.690 0100|01|00|07|f701fe|200e0068025c20[payload->]h.\ ||8,284
2025-07-31T19:41:12.581 0100|00|00|05|fa0001|200e000b35[payload->].5||13,579
2025-07-31T19:41:12.682 0100|01|00|07|f701fe|200e0068025c20[payload->]h.\ ||8,284
2025-07-31T19:51:12.628 0100|00|00|05|fa0001|200e000b35[payload->].5||13,579
2025-07-31T19:51:12.729 0100|01|00|07|f701fe|200e0068025c20[payload->]h.\ ||8,284
2025-07-31T20:01:12.590 0100|00|00|05|fa0001|200e000b35[payload->].5||13,579
2025-07-31T20:01:12.691 0100|01|00|07|f701fe|200e0068025c20[payload->]h.\ ||8,284
2025-07-31T20:11:12.616 0100|00|00|05|fa0001|200e000b35[payload->].5||13,579
2025-07-31T20:11:12.717 0100|01|00|07|f701fe|200e0068025c20[payload->]h.\ ||8,284
2025-07-31T20:21:12.693 0100|00|00|05|fa0001|200e000b35[payload->].5||13,579
2025-07-31T20:21:12.693 0100|01|00|07|f701fe|200e0068025c20[payload->]h.\ ||8,284
2025-07-31T20:31:12.582 0100|00|00|05|fa0001|200e000b35[payload->].5||13,579
2025-07-31T20:31:12.683 0100|01|00|07|f701fe|200e0068025c20[payload->]h.\ ||8,284
2025-07-31T20:41:12.578 0100|00|00|05|fa0001|200e000b35[payload->].5||13,579
2025-07-31T20:41:12.679 0100|01|00|07|f701fe|200e0068025c20[payload->]h.\ ||8,284
2025-07-31T20:51:12.678 0100|00|00|05|fa0001|200e000b35[payload->].5||13,579
2025-07-31T20:51:12.679 0100|01|00|07|f701fe|200e0068025c20[payload->]h.\ ||8,284
2025-07-31T21:01:12.633 0100|00|00|05|fa0001|200e000b35[payload->].5||13,579
2025-07-31T21:01:12.734 0100|01|00|07|f701fe|200e0068025c20[payload->]h.\ ||8,284
2025-07-31T21:11:12.616 0100|00|00|05|fa0001|200e000b35[payload->].5||13,579
2025-07-31T21:11:12.717 0100|01|00|07|f701fe|200e0068025c20[payload->]h.\ ||8,284
2025-07-31T21:21:12.631 0100|00|00|05|fa0001|200e000b35[payload->].5||13,579
2025-07-31T21:21:12.732 0100|01|00|07|f701fe|200e0068025c20[payload->]h.\ ||8,284
2025-07-31T21:31:12.613 0100|00|00|05|fa0001|200e000b35[payload->].5||13,579
2025-07-31T21:31:12.714 0100|01|00|07|f701fe|200e0068025c20[payload->]h.\ ||8,284
2025-07-31T21:41:12.623 0100|00|00|05|fa0001|200e000b35[payload->].5||13,579
2025-07-31T21:41:12.724 0100|01|00|07|f701fe|200e0068025c20[payload->]h.\ ||8,284
2025-07-31T21:51:12.716 0100|00|00|05|fa0001|200e000b35[payload->].5||13,579
2025-07-31T21:51:12.716 0100|01|00|07|f701fe|200e0068025c20[payload->]h.\ ||8,284
2025-07-31T22:01:12.690 0100|00|00|05|fa0001|200e000b35[payload->].5||13,579
2025-07-31T22:01:12.690 0100|01|00|07|f701fe|200e0068025c20[payload->]h.\ ||8,284
2025-07-31T22:11:12.653 0100|00|00|05|fa0001|200e000b35[payload->].5||13,579
2025-07-31T22:11:12.754 0100|01|00|07|f701fe|200e0068025c20[payload->]h.\ ||8,284
2025-07-31T22:21:12.629 0100|00|00|05|fa0001|200e000b35[payload->].5||13,579
2025-07-31T22:21:12.730 0100|01|00|07|f701fe|200e0068025c20[payload->]h.\ ||8,284
2025-07-31T22:31:12.656 0100|00|00|05|fa0001|200e000b35[payload->].5||13,579
2025-07-31T22:31:12.757 0100|01|00|07|f701fe|200e0068025c20[payload->]h.\ ||8,284
2025-07-31T22:41:12.640 0100|00|00|05|fa0001|200e000b35[payload->].5||13,579
2025-07-31T22:41:12.741 0100|01|00|07|f701fe|200e0068025c20[payload->]h.\ ||8,284
2025-07-31T22:51:12.689 0100|00|00|05|fa0001|200e000b35[payload->].5||13,579
2025-07-31T22:51:12.790 0100|01|00|07|f701fe|200e0068025c20[payload->]h.\ ||8,284
2025-07-31T23:01:12.689 0100|00|00|05|fa0001|200e000b35[payload->].5||13,579
2025-07-31T23:01:12.690 0100|01|00|07|f701fe|200e0068025c20[payload->]h.\ ||8,284
2025-07-31T23:11:12.674 0100|00|00|05|fa0001|200e000b35[payload->].5||13,579
2025-07-31T23:11:12.775 0100|01|00|07|f701fe|200e0068025c20[payload->]h.\ ||8,284
2025-07-31T23:21:12.725 0100|00|00|05|fa0001|200e000b35[payload->].5||13,579
2025-07-31T23:21:12.725 0100|01|00|07|f701fe|200e0068025c20[payload->]h.\ ||8,284
2025-07-31T23:31:12.675 0100|00|00|05|fa0001|200e000b35[payload->].5||13,579
2025-07-31T23:31:12.776 0100|01|00|07|f701fe|200e0068025c20[payload->]h.\ ||8,284
2025-07-31T23:41:14.057 0100|00|00|05|fa0001|200e000b35[payload->].5||13,579
2025-07-31T23:41:14.058 0100|01|00|07|f701fe|200e0068025c20[payload->]h.\ ||8,284
2025-07-31T23:51:12.685 0100|00|00|05|fa0001|200e000b35[payload->].5||13,579
2025-07-31T23:51:12.786 0100|01|00|07|f701fe|200e0068025c20[payload->]h.\ ||8,284
2025-08-01T00:01:12.662 0100|00|00|05|fa0001|200e000b35[payload->].5||13,579
2025-08-01T00:01:12.763 0100|01|00|07|f701fe|200e0068025c20[payload->]h.\ ||8,284
2025-08-01T00:11:12.695 0100|00|00|05|fa0001|200e000b35[payload->].5||13,579
2025-08-01T00:11:12.796 0100|01|00|07|f701fe|200e0068025c20[payload->]h.\ ||8,284
2025-08-01T00:21:12.690 0100|00|00|05|fa0001|200e000b35[payload->].5||13,579
2025-08-01T00:21:12.790 0100|01|00|07|f701fe|200e0068025c20[payload->]h.\ ||8,284
2025-08-01T00:31:12.732 0100|00|00|05|fa0001|200e000b35[payload->].5||13,579
2025-08-01T00:31:12.733 0100|01|00|07|f701fe|200e0068025c20[payload->]h.\ ||8,284
2025-08-01T00:41:12.691 0100|00|00|05|fa0001|200e000b35[payload->].5||13,579
2025-08-01T00:41:12.792 0100|01|00|07|f701fe|200e0068025c20[payload->]h.\ ||8,284
2025-08-01T00:51:12.733 0100|00|00|05|fa0001|200e000b35[payload->].5||13,579
2025-08-01T00:51:12.733 0100|01|00|07|f701fe|200e0068025c20[payload->]h.\ ||8,284
2025-08-01T01:01:12.754 0100|00|00|05|fa0001|200e000b35[payload->].5||13,579
2025-08-01T01:01:12.754 0100|01|00|07|f701fe|200e0068025c20[payload->]h.\ ||8,284
2025-08-01T01:11:12.761 0100|00|00|05|fa0001|200e000b35[payload->].5||13,579
2025-08-01T01:11:12.762 0100|01|00|07|f701fe|200e0068025c20[payload->]h.\ ||8,284
2025-08-01T01:21:12.736 0100|00|00|05|fa0001|200e000b35[payload->].5||13,579
2025-08-01T01:21:12.737 0100|01|00|07|f701fe|200e0068025c20[payload->]h.\ ||8,284
2025-08-01T01:31:12.751 0100|00|00|05|fa0001|200e000b35[payload->].5||13,579
2025-08-01T01:31:12.751 0100|01|00|07|f701fe|200e0068025c20[payload->]h.\ ||8,284
2025-08-01T01:41:12.716 0100|00|00|05|fa0001|200e000b35[payload->].5||13,579
2025-08-01T01:41:12.817 0100|01|00|07|f701fe|200e0068025c20[payload->]h.\ ||8,284
2025-08-01T01:51:12.677 0100|00|00|05|fa0001|200e000b35[payload->].5||13,579
2025-08-01T01:51:12.778 0100|01|00|07|f701fe|200e0068025c20[payload->]h.\ ||8,284
2025-08-01T02:01:12.742 0100|00|00|05|fa0001|200e000b35[payload->].5||13,579
2025-08-01T02:01:12.742 0100|01|00|07|f701fe|200e0068025c20[payload->]h.\ ||8,284
2025-08-01T02:11:12.775 0100|00|00|05|fa0001|200e000b35[payload->].5||13,579
2025-08-01T02:11:12.776 0100|01|00|07|f701fe|200e0068025c20[payload->]h.\ ||8,284
2025-08-01T02:21:12.668 0100|00|00|05|fa0001|200e000b35[payload->].5||13,579
2025-08-01T02:21:12.769 0100|01|00|07|f701fe|200e0068025c20[payload->]h.\ ||8,284
2025-08-01T02:31:12.740 0100|00|00|05|fa0001|200e000b35[payload->].5||13,579
2025-08-01T02:31:12.741 0100|01|00|07|f701fe|200e0068025c20[payload->]h.\ ||8,284
2025-08-01T02:41:12.739 0100|00|00|05|fa0001|200e000b35[payload->].5||13,579
2025-08-01T02:41:12.740 0100|01|00|07|f701fe|200e0068025c20[payload->]h.\ ||8,284
2025-08-01T02:51:12.712 0100|00|00|05|fa0001|200e000b35[payload->].5||13,579
2025-08-01T02:51:12.813 0100|01|00|07|f701fe|200e0068025c20[payload->]h.\ ||8,284
2025-08-01T03:01:12.764 0100|00|00|05|fa0001|200e000b35[payload->].5||13,579
2025-08-01T03:01:12.765 0100|01|00|07|f701fe|200e0068025c20[payload->]h.\ ||8,284
2025-08-01T03:11:12.681 0100|00|00|05|fa0001|200e000b35[payload->].5||13,579
2025-08-01T03:11:12.782 0100|01|00|07|f701fe|200e0068025c20[payload->]h.\ ||8,284
2025-08-01T03:21:12.761 0100|00|00|05|fa0001|200e000b35[payload->].5||13,579
2025-08-01T03:21:12.862 0100|01|00|07|f701fe|200e0068025c20[payload->]h.\ ||8,284
2025-08-01T03:31:12.716 0100|00|00|05|fa0001|200e000b35[payload->].5||13,579
2025-08-01T03:31:12.817 0100|01|00|07|f701fe|200e0068025c20[payload->]h.\ ||8,284
2025-08-01T03:41:12.755 0100|00|00|05|fa0001|200e000a35[payload->].5||13,578
2025-08-01T03:41:12.755 0100|01|00|07|f701fe|200e0068025c20[payload->]h.\ ||8,284
2025-08-01T03:51:12.752 0100|00|00|05|fa0001|200e000b35[payload->].5||13,579
2025-08-01T03:51:12.752 0100|01|00|07|f701fe|200e0068025c20[payload->]h.\ ||8,284
2025-08-01T04:01:12.844 0100|00|00|05|fa0001|200e000b35[payload->].5||13,579
2025-08-01T04:01:12.844 0100|01|00|07|f701fe|200e0068025c20[payload->]h.\ ||8,284
2025-08-01T04:11:12.822 0100|00|00|05|fa0001|200e000b35[payload->].5||13,579
2025-08-01T04:11:12.823 0100|01|00|07|f701fe|200e0068025c20[payload->]h.\ ||8,284
2025-08-01T04:21:12.749 0100|00|00|05|fa0001|200e000b35[payload->].5||13,579
2025-08-01T04:21:12.850 0100|01|00|07|f701fe|200e0068025c20[payload->]h.\ ||8,284
2025-08-01T04:31:12.802 0100|00|00|05|fa0001|200e000b35[payload->].5||13,579
2025-08-01T04:31:12.802 0100|01|00|07|f701fe|200e0068025c20[payload->]h.\ ||8,284
2025-08-01T04:41:12.866 0100|01|00|07|f701fe|200e0068025c20[payload->]h.\ ||8,284
2025-08-01T04:51:12.775 0100|00|00|05|fa0001|200e000b35[payload->].5||13,579
2025-08-01T04:51:12.876 0100|01|00|07|f701fe|200e0068025c20[payload->]h.\ ||8,284
2025-08-01T05:01:12.829 0100|00|00|05|fa0001|200e000b35[payload->].5||13,579
2025-08-01T05:01:12.830 0100|01|00|07|f701fe|200e0068025c20[payload->]h.\ ||8,284
2025-08-01T05:21:12.810 0100|00|00|05|fa0001|200e000b35[payload->].5||13,579
2025-08-01T05:21:12.810 0100|01|00|07|f701fe|200e0068025c20[payload->]h.\ ||8,284
2025-08-01T05:31:12.756 0100|00|00|05|fa0001|200e000b35[payload->].5||13,579
2025-08-01T05:31:12.857 0100|01|00|07|f701fe|200e0068025c20[payload->]h.\ ||8,284
2025-08-01T05:41:12.855 0100|00|00|05|fa0001|200e000b35[payload->].5||13,579
2025-08-01T05:41:12.855 0100|01|00|07|f701fe|200e0068025c20[payload->]h.\ ||8,284
2025-08-01T05:51:12.821 0100|00|00|05|fa0001|200e000b35[payload->].5||13,579
2025-08-01T05:51:12.822 0100|01|00|07|f701fe|200e0068025c20[payload->]h.\ ||8,284
2025-08-01T06:01:12.878 0100|00|00|05|fa0001|200e000b35[payload->].5||13,579
2025-08-01T06:01:12.979 0100|01|00|07|f701fe|200e0068025c20[payload->]h.\ ||8,284
2025-08-01T06:11:12.816 0100|00|00|05|fa0001|200e000b35[payload->].5||13,579
2025-08-01T06:11:12.816 0100|01|00|07|f701fe|200e0068025c20[payload->]h.\ ||8,284
2025-08-01T06:21:13.284 0100|00|00|05|fa0001|200e000b35[payload->].5||13,579
2025-08-01T06:21:13.385 0100|01|00|07|f701fe|200e0068025c20[payload->]h.\ ||8,284
2025-08-01T06:31:12.752 0100|00|00|05|fa0001|200e000b35[payload->].5||13,579
2025-08-01T06:31:12.853 0100|01|00|07|f701fe|200e0068025c20[payload->]h.\ ||8,284
2025-08-01T06:41:12.734 0100|00|00|05|fa0001|200e000b35[payload->].5||13,579
2025-08-01T06:41:12.835 0100|01|00|07|f701fe|200e0068025c20[payload->]h.\ ||8,284
2025-08-01T06:51:12.869 0100|00|00|05|fa0001|200e000b35[payload->].5||13,579
2025-08-01T06:51:12.869 0100|01|00|07|f701fe|200e0068025c20[payload->]h.\ ||8,284
2025-08-01T07:01:12.824 0100|00|00|05|fa0001|200e000b35[payload->].5||13,579
2025-08-01T07:01:12.824 0100|01|00|07|f701fe|200e0068025c20[payload->]h.\ ||8,284
2025-08-01T07:11:12.726 0100|00|00|05|fa0001|200e000b35[payload->].5||13,579
2025-08-01T07:11:12.827 0100|01|00|07|f701fe|200e0068025c20[payload->]h.\ ||8,284
2025-08-01T07:21:12.795 0100|00|00|05|fa0001|200e000b35[payload->].5||13,579
2025-08-01T07:21:12.896 0100|01|00|07|f701fe|200e0068025c20[payload->]h.\ ||8,284
2025-08-01T07:31:12.815 0100|00|00|05|fa0001|200e000b35[payload->].5||13,579
2025-08-01T07:31:12.815 0100|01|00|07|f701fe|200e0068025c20[payload->]h.\ ||8,284
2025-08-01T07:41:12.727 0100|00|00|05|fa0001|200e000b35[payload->].5||13,579
2025-08-01T07:41:12.828 0100|01|00|07|f701fe|200e0068025c20[payload->]h.\ ||8,284
2025-08-01T07:51:12.781 0100|00|00|05|fa0001|200e000b35[payload->].5||13,579
2025-08-01T07:51:13.685 0100|01|00|07|f701fe|200e0068025c20[payload->]h.\ ||8,284
2025-08-01T08:01:12.774 0100|00|00|05|fa0001|200e000b35[payload->].5||13,579
2025-08-01T08:01:12.775 0100|01|00|07|f701fe|200e0068025c20[payload->]h.\ ||8,284
2025-08-01T08:11:12.828 0100|00|00|05|fa0001|200e000b35[payload->].5||13,579
2025-08-01T08:11:12.829 0100|01|00|07|f701fe|200e0068025c20[payload->]h.\ ||8,284
2025-08-01T08:21:12.823 0100|00|00|05|fa0001|200e000b35[payload->].5||13,579
2025-08-01T08:21:12.823 0100|01|00|07|f701fe|200e0068025c20[payload->]h.\ ||8,284
2025-08-01T08:31:12.805 0100|00|00|05|fa0001|200e000b35[payload->].5||13,579
2025-08-01T08:31:12.906 0100|01|00|07|f701fe|200e0068025c20[payload->]h.\ ||8,284
2025-08-01T08:41:12.793 0100|00|00|05|fa0001|200e000b35[payload->].5||13,579
2025-08-01T08:41:12.894 0100|01|00|07|f701fe|200e0068025c20[payload->]h.\ ||8,284
2025-08-01T08:51:12.774 0100|00|00|05|fa0001|200e000b35[payload->].5||13,579
2025-08-01T08:51:12.875 0100|01|00|07|f701fe|200e0068025c20[payload->]h.\ ||8,284
2025-08-01T09:01:12.810 0100|00|00|05|fa0001|200e000b35[payload->].5||13,579
2025-08-01T09:01:12.810 0100|01|00|07|f701fe|200e0068025c20[payload->]h.\ ||8,284
2025-08-01T09:21:12.816 0100|00|00|05|fa0001|200e000b35[payload->].5||13,579
2025-08-01T09:21:12.816 0100|01|00|07|f701fe|200e0068025c20[payload->]h.\ ||8,284
2025-08-01T09:31:12.811 0100|00|00|05|fa0001|200e000b35[payload->].5||13,579
2025-08-01T09:31:12.912 0100|01|00|07|f701fe|200e0068025c20[payload->]h.\ ||8,284
2025-08-01T09:41:12.816 0100|00|00|05|fa0001|200e000b35[payload->].5||13,579
2025-08-01T09:41:12.917 0100|01|00|07|f701fe|200e0068025c20[payload->]h.\ ||8,284
2025-08-01T09:51:12.761 0100|00|00|05|fa0001|200e000b35[payload->].5||13,579
2025-08-01T09:51:12.862 0100|01|00|07|f701fe|200e0068025c20[payload->]h.\ ||8,284
2025-08-01T10:01:12.805 0100|00|00|05|fa0001|200e000b35[payload->].5||13,579
2025-08-01T10:01:12.805 0100|01|00|07|f701fe|200e0068025c20[payload->]h.\ ||8,284
2025-08-01T10:11:12.746 0100|00|00|05|fa0001|200e000b35[payload->].5||13,579
2025-08-01T10:11:12.847 0100|01|00|07|f701fe|200e0068025c20[payload->]h.\ ||8,284
2025-08-01T10:21:12.831 0100|00|00|05|fa0001|200e000b35[payload->].5||13,579
2025-08-01T10:21:12.832 0100|01|00|07|f701fe|200e0068025c20[payload->]h.\ ||8,284
2025-08-01T10:31:12.845 0100|00|00|05|fa0001|200e000b35[payload->].5||13,579
2025-08-01T10:31:12.846 0100|01|00|07|f701fe|200e0068025c20[payload->]h.\ ||8,284
2025-08-01T10:41:12.873 0100|00|00|05|fa0001|200e000b35[payload->].5||13,579
2025-08-01T10:41:12.873 0100|01|00|07|f701fe|200e0068025c20[payload->]h.\ ||8,284
2025-08-01T10:51:12.814 0100|00|00|05|fa0001|200e000b35[payload->].5||13,579
2025-08-01T10:51:12.815 0100|01|00|07|f701fe|200e0068025c20[payload->]h.\ ||8,284
2025-08-01T11:01:12.761 0100|00|00|05|fa0001|200e000b35[payload->].5||13,579
2025-08-01T11:01:12.862 0100|01|00|07|f701fe|200e0068025c20[payload->]h.\ ||8,284
2025-08-01T11:21:12.825 0100|00|00|05|fa0001|200e000b35[payload->].5||13,579
2025-08-01T11:21:12.926 0100|01|00|07|f701fe|200e0068025c20[payload->]h.\ ||8,284
2025-08-01T11:31:12.820 0100|00|00|05|fa0001|200e000b35[payload->].5||13,579
2025-08-01T11:31:12.821 0100|01|00|07|f701fe|200e0068025c20[payload->]h.\ ||8,284
2025-08-01T11:41:12.819 0100|00|00|05|fa0001|200e000b35[payload->].5||13,579
2025-08-01T11:41:12.920 0100|01|00|07|f701fe|200e0068025c20[payload->]h.\ ||8,284
2025-08-01T11:51:12.828 0100|00|00|05|fa0001|200e000b35[payload->].5||13,579
2025-08-01T11:51:12.828 0100|01|00|07|f701fe|200e0068025c20[payload->]h.\ ||8,284
2025-08-01T12:01:12.813 0100|00|00|05|fa0001|200e000b35[payload->].5||13,579
2025-08-01T12:01:12.813 0100|01|00|07|f701fe|200e0068025c20[payload->]h.\ ||8,284
2025-08-01T12:11:12.877 0100|00|00|05|fa0001|200e000b35[payload->].5||13,579
2025-08-01T12:11:12.978 0100|01|00|07|f701fe|200e0068025c20[payload->]h.\ ||8,284
2025-08-01T12:21:12.915 0100|00|00|05|fa0001|200e000b35[payload->].5||13,579
2025-08-01T12:21:12.916 0100|01|00|07|f701fe|200e0068025c20[payload->]h.\ ||8,284
2025-08-01T12:31:12.863 0100|00|00|05|fa0001|200e000b35[payload->].5||13,579
2025-08-01T12:31:12.864 0100|01|00|07|f701fe|200e0068025c20[payload->]h.\ ||8,284
2025-08-01T12:41:13.330 0100|00|00|05|fa0001|200e000b35[payload->].5||13,579
2025-08-01T12:41:13.431 0100|01|00|07|f701fe|200e0068025c20[payload->]h.\ ||8,284
2025-08-01T12:51:12.852 0100|00|00|05|fa0001|200e000b35[payload->].5||13,579
2025-08-01T12:51:12.953 0100|01|00|07|f701fe|200e0068025c20[payload->]h.\ ||8,284
2025-08-01T13:01:12.909 0100|00|00|05|fa0001|200e000b35[payload->].5||13,579
2025-08-01T13:01:13.010 0100|01|00|07|f701fe|200e0068025c20[payload->]h.\ ||8,284
2025-08-01T13:11:12.876 0100|00|00|05|fa0001|200e000b35[payload->].5||13,579
2025-08-01T13:11:12.876 0100|01|00|07|f701fe|200e0068025c20[payload->]h.\ ||8,284
2025-08-01T13:21:12.853 0100|00|00|05|fa0001|200e000b35[payload->].5||13,579
2025-08-01T13:21:12.954 0100|01|00|07|f701fe|200e0068025c20[payload->]h.\ ||8,284
2025-08-01T13:31:12.910 0100|00|00|05|fa0001|200e000b35[payload->].5||13,579
2025-08-01T13:31:12.910 0100|01|00|07|f701fe|200e0068025c20[payload->]h.\ ||8,284
2025-08-01T13:41:12.899 0100|00|00|05|fa0001|200e000b35[payload->].5||13,579
2025-08-01T13:41:12.900 0100|01|00|07|f701fe|200e0068025c20[payload->]h.\ ||8,284
2025-08-01T13:51:12.904 0100|00|00|05|fa0001|200e000b35[payload->].5||13,579
2025-08-01T13:51:12.905 0100|01|00|07|f701fe|200e0068025c20[payload->]h.\ ||8,284
2025-08-01T14:01:12.868 0100|00|00|05|fa0001|200e000b35[payload->].5||13,579
2025-08-01T14:01:12.969 0100|01|00|07|f701fe|200e0068025c20[payload->]h.\ ||8,284
2025-08-01T14:11:12.917 0100|00|00|05|fa0001|200e000b35[payload->].5||13,579
2025-08-01T14:11:12.917 0100|01|00|07|f701fe|200e0068025c20[payload->]h.\ ||8,284
2025-08-01T14:21:13.413 0100|00|00|05|fa0001|200e000b35[payload->].5||13,579
2025-08-01T14:21:13.514 0100|01|00|07|f701fe|200e0068025c20[payload->]h.\ ||8,284
2025-08-01T14:31:12.882 0100|00|00|05|fa0001|200e000b35[payload->].5||13,579
2025-08-01T14:31:12.983 0100|01|00|07|f701fe|200e0068025c20[payload->]h.\ ||8,284
2025-08-01T14:41:12.880 0100|00|00|05|fa0001|200e000b35[payload->].5||13,579
2025-08-01T14:41:12.880 0100|01|00|07|f701fe|200e0068025c20[payload->]h.\ ||8,284
2025-08-01T14:51:12.851 0100|00|00|05|fa0001|200e000b35[payload->].5||13,579
2025-08-01T14:51:12.953 0100|01|00|07|f701fe|200e0068025c20[payload->]h.\ ||8,284
2025-08-01T15:01:12.865 0100|00|00|05|fa0001|200e000b35[payload->].5||13,579
2025-08-01T15:01:12.865 0100|01|00|07|f701fe|200e0068025c20[payload->]h.\ ||8,284
2025-08-01T15:11:12.925 0100|00|00|05|fa0001|200e000b35[payload->].5||13,579
2025-08-01T15:11:12.926 0100|01|00|07|f701fe|200e0068025c20[payload->]h.\ ||8,284
2025-08-01T15:21:12.834 0100|00|00|05|fa0001|200e000b35[payload->].5||13,579
2025-08-01T15:21:12.935 0100|01|00|07|f701fe|200e0068025c20[payload->]h.\ ||8,284
2025-08-01T15:31:12.886 0100|00|00|05|fa0001|200e000b35[payload->].5||13,579
2025-08-01T15:31:12.987 0100|01|00|07|f701fe|200e0068025c20[payload->]h.\ ||8,284
2025-08-01T15:41:12.928 0100|00|00|05|fa0001|200e000b35[payload->].5||13,579
2025-08-01T15:41:12.929 0100|01|00|07|f701fe|200e0068025c20[payload->]h.\ ||8,284
2025-08-01T15:51:12.865 0100|00|00|05|fa0001|200e000b35[payload->].5||13,579
2025-08-01T15:51:12.966 0100|01|00|07|f701fe|200e0068025c20[payload->]h.\ ||8,284
2025-08-01T16:01:12.910 0100|00|00|05|fa0001|200e000b35[payload->].5||13,579
2025-08-01T16:01:12.910 0100|01|00|07|f701fe|200e0068025c20[payload->]h.\ ||8,284
2025-08-01T16:11:12.888 0100|00|00|05|fa0001|200e000b35[payload->].5||13,579
2025-08-01T16:11:12.989 0100|01|00|07|f701fe|200e0068025c20[payload->]h.\ ||8,284
2025-08-01T16:21:12.897 0100|00|00|05|fa0001|200e000b35[payload->].5||13,579
2025-08-01T16:21:12.998 0100|01|00|07|f701fe|200e0068025c20[payload->]h.\ ||8,284
2025-08-01T16:31:12.899 0100|00|00|05|fa0001|200e000b35[payload->].5||13,579
2025-08-01T16:31:13.000 0100|01|00|07|f701fe|200e0068025c20[payload->]h.\ ||8,284
2025-08-01T16:41:12.887 0100|00|00|05|fa0001|200e000b35[payload->].5||13,579
2025-08-01T16:41:12.988 0100|01|00|07|f701fe|200e0068025c20[payload->]h.\ ||8,284
2025-08-01T16:51:12.898 0100|00|00|05|fa0001|200e000b35[payload->].5||13,579
2025-08-01T16:51:13.000 0100|01|00|07|f701fe|200e0068025c20[payload->]h.\ ||8,284
2025-08-01T17:01:12.938 0100|00|00|05|fa0001|200e000b35[payload->].5||13,579
2025-08-01T17:01:12.938 0100|01|00|07|f701fe|200e0068025c20[payload->]h.\ ||8,284
2025-08-01T17:11:13.227 0100|00|00|05|fa0001|200e000b35[payload->].5||13,579
2025-08-01T17:11:13.328 0100|01|00|07|f701fe|200e0068025c20[payload->]h.\ ||8,284
2025-08-01T17:21:12.894 0100|00|00|05|fa0001|200e000b35[payload->].5||13,579
2025-08-01T17:21:12.995 0100|01|00|07|f701fe|200e0068025c20[payload->]h.\ ||8,284
2025-08-01T17:31:12.943 0100|00|00|05|fa0001|200e000b35[payload->].5||13,579
2025-08-01T17:31:12.943 0100|01|00|07|f701fe|200e0068025c20[payload->]h.\ ||8,284
2025-08-01T17:41:12.954 0100|00|00|05|fa0001|200e000b35[payload->].5||13,579
2025-08-01T17:41:12.955 0100|01|00|07|f701fe|200e0068025c20[payload->]h.\ ||8,284
2025-08-01T17:51:12.957 0100|00|00|05|fa0001|200e000b35[payload->].5||13,579
2025-08-01T17:51:12.958 0100|01|00|07|f701fe|200e0068025c20[payload->]h.\ ||8,284
2025-08-01T18:01:12.876 0100|00|00|05|fa0001|200e000b35[payload->].5||13,579
2025-08-01T18:01:12.977 0100|01|00|07|f701fe|200e0068025c20[payload->]h.\ ||8,284
2025-08-01T18:11:12.949 0100|00|00|05|fa0001|200e000b35[payload->].5||13,579
2025-08-01T18:11:12.949 0100|01|00|07|f701fe|200e0068025c20[payload->]h.\ ||8,284
2025-08-01T18:21:12.880 0100|00|00|05|fa0001|200e000b35[payload->].5||13,579
2025-08-01T18:21:12.982 0100|01|00|07|f701fe|200e0068025c20[payload->]h.\ ||8,284
2025-08-01T18:31:12.889 0100|00|00|05|fa0001|200e000b35[payload->].5||13,579
2025-08-01T18:31:12.990 0100|01|00|07|f701fe|200e0068025c20[payload->]h.\ ||8,284
2025-08-01T18:41:12.971 0100|00|00|05|fa0001|200e000b35[payload->].5||13,579
2025-08-01T18:41:12.971 0100|01|00|07|f701fe|200e0068025c20[payload->]h.\ ||8,284
2025-08-01T18:51:12.915 0100|00|00|05|fa0001|200e000b35[payload->].5||13,579
2025-08-01T18:51:13.016 0100|01|00|07|f701fe|200e0068025c20[payload->]h.\ ||8,284
2025-08-01T19:01:12.938 0100|00|00|05|fa0001|200e000b35[payload->].5||13,579
2025-08-01T19:01:13.039 0100|01|00|07|f701fe|200e0068025c20[payload->]h.\ ||8,284
2025-08-01T19:11:12.912 0100|00|00|05|fa0001|200e000b35[payload->].5||13,579
2025-08-01T19:11:13.014 0100|01|00|07|f701fe|200e0068025c20[payload->]h.\ ||8,284
2025-08-01T19:21:12.971 0100|00|00|05|fa0001|200e000b35[payload->].5||13,579
2025-08-01T19:21:12.972 0100|01|00|07|f701fe|200e0068025c20[payload->]h.\ ||8,284
2025-08-01T19:31:13.620 0100|00|00|05|fa0001|200e000b35[payload->].5||13,579
2025-08-01T19:31:13.721 0100|01|00|07|f701fe|200e0068025c20[payload->]h.\ ||8,284
2025-08-01T19:41:12.974 0100|00|00|05|fa0001|200e000b35[payload->].5||13,579
2025-08-01T19:41:12.974 0100|01|00|07|f701fe|200e0068025c20[payload->]h.\ ||8,284
2025-08-01T19:51:12.917 0100|00|00|05|fa0001|200e000b35[payload->].5||13,579
2025-08-01T19:51:13.018 0100|01|00|07|f701fe|200e0068025c20[payload->]h.\ ||8,284
2025-08-01T20:01:12.940 0100|00|00|05|fa0001|200e000b35[payload->].5||13,579
2025-08-01T20:11:12.917 0100|00|00|05|fa0001|200e000b35[payload->].5||13,579
2025-08-01T20:11:13.018 0100|01|00|07|f701fe|200e0068025c20[payload->]h.\ ||8,284
2025-08-01T20:21:12.951 0100|00|00|05|fa0001|200e000b35[payload->].5||13,579
2025-08-01T20:21:13.052 0100|01|00|07|f701fe|200e0068025c20[payload->]h.\ ||8,284
2025-08-01T20:31:13.143 0100|00|00|05|fa0001|200e000b35[payload->].5||13,579
2025-08-01T20:31:13.143 0100|01|00|07|f701fe|200e0068025c20[payload->]h.\ ||8,284
2025-08-01T20:41:12.969 0100|00|00|05|fa0001|200e000b35[payload->].5||13,579
2025-08-01T20:41:12.969 0100|01|00|07|f701fe|200e0068025c20[payload->]h.\ ||8,284
2025-08-01T20:51:12.973 0100|00|00|05|fa0001|200e000b35[payload->].5||13,579
2025-08-01T20:51:12.973 0100|01|00|07|f701fe|200e0068025c20[payload->]h.\ ||8,284
2025-08-01T21:01:12.893 0100|00|00|05|fa0001|200e000b35[payload->].5||13,579
2025-08-01T21:01:12.994 0100|01|00|07|f701fe|200e0068025c20[payload->]h.\ ||8,284
2025-08-01T21:11:13.035 0100|00|00|05|fa0001|200e000b35[payload->].5||13,579
2025-08-01T21:11:13.035 0100|01|00|07|f701fe|200e0068025c20[payload->]h.\ ||8,284
2025-08-01T21:21:12.931 0100|00|00|05|fa0001|200e000b35[payload->].5||13,579
2025-08-01T21:21:13.032 0100|01|00|07|f701fe|200e0068025c20[payload->]h.\ ||8,284
2025-08-01T21:31:13.157 0100|00|00|05|fa0001|200e000b35[payload->].5||13,579
2025-08-01T21:31:13.157 0100|01|00|07|f701fe|200e0068025c20[payload->]h.\ ||8,284
2025-08-01T21:41:12.929 0100|00|00|05|fa0001|200e000b35[payload->].5||13,579
2025-08-01T21:41:13.029 0100|01|08|07|f701fe|200e0068025c20[payload->]h.\ ||8,284
2025-08-01T21:51:12.972 0100|00|00|05|fa0001|200e000b35[payload->].5||13,579
2025-08-01T21:51:12.972 0100|01|00|07|f701fe|200e0068025c20[payload->]h.\ ||8,284
2025-08-01T22:01:12.930 0100|00|00|05|fa0001|200e000b35[payload->].5||13,579
2025-08-01T22:01:13.032 0100|01|00|07|f701fe|200e0068025c20[payload->]h.\ ||8,284
2025-08-01T22:11:13.033 0100|00|00|05|fa0001|200e000b35[payload->].5||13,579
2025-08-01T22:21:12.995 0100|00|00|05|fa0001|200e000b35[payload->].5||13,579
2025-08-01T22:31:12.941 0100|00|00|05|fa0001|200e000b35[payload->].5||13,579
2025-08-01T22:41:14.194 0100|00|00|05|fa0001|200e000b35[payload->].5||13,579
2025-08-01T22:51:12.918 0100|00|00|05|fa0001|200e000b35[payload->].5||13,579
2025-08-01T23:01:13.100 0100|00|00|05|fa0001|200e000b35[payload->].5||13,579
2025-08-01T23:01:13.201 0100|01|00|07|f701fe|200e0068025c20[payload->]h.\ ||8,284
2025-08-01T23:11:12.992 0100|00|00|05|fa0001|200e000b35[payload->].5||13,579
2025-08-01T23:11:13.094 0100|01|00|07|f701fe|200e0068025c20[payload->]h.\ ||8,284
2025-08-01T23:21:13.017 0100|00|00|05|fa0001|200e000b35[payload->].5||13,579
2025-08-01T23:21:13.118 0100|01|00|07|f701fe|200e0068025c20[payload->]h.\ ||8,284
2025-08-01T23:31:13.020 0100|00|00|05|fa0001|200e000b35[payload->].5||13,579
2025-08-01T23:31:13.020 0100|01|00|07|f701fe|200e0068025c20[payload->]h.\ ||8,284
2025-08-01T23:41:13.057 0100|00|00|05|fa0001|200e000b35[payload->].5||13,579
2025-08-01T23:41:13.057 0100|01|00|07|f701fe|200e0068025c20[payload->]h.\ ||8,284
2025-08-01T23:51:13.222 0100|00|00|05|fa0001|200e000b35[payload->].5||13,579
2025-08-01T23:51:13.222 0100|01|00|07|f701fe|200e0068025c20[payload->]h.\ ||8,284
2025-08-02T00:01:13.134 0100|00|00|05|fa0001|200e000b35[payload->].5||13,579
2025-08-02T00:01:13.235 0100|01|00|07|f701fe|200e0068025c20[payload->]h.\ ||8,284
2025-08-02T00:11:13.289 0100|00|00|05|fa0001|200e000b35[payload->].5||13,579
2025-08-02T00:11:13.390 0100|01|00|07|f701fe|200e0068025c20[payload->]h.\ ||8,284
2025-08-02T00:21:13.207 0100|00|00|05|fa0001|200e000b35[payload->].5||13,579
2025-08-02T00:21:13.208 0100|01|00|07|f701fe|200e0068025c20[payload->]h.\ ||8,284
2025-08-02T00:31:13.180 0100|00|00|05|fa0001|200e000b35[payload->].5||13,579
2025-08-02T00:41:13.159 0100|00|00|05|fa0001|200e000b35[payload->].5||13,579
2025-08-02T00:41:13.260 0100|41|00|07|f701fe|200e0068025c20[payload->]h.\ ||8,284
2025-08-02T00:51:13.199 0100|00|00|05|fa0001|200e000b35[payload->].5||13,579
2025-08-02T00:51:13.199 0100|01|00|07|f701fe|200e0068025c20[payload->]h.\ ||8,284
2025-08-02T01:01:13.172 0100|00|00|05|fa0001|200e000b35[payload->].5||13,579
2025-08-02T01:01:13.172 0100|01|00|07|f701fe|200e0068025c20[payload->]h.\ ||8,284
2025-08-02T01:11:13.177 0100|00|00|05|fa0001|200e000b35[payload->].5||13,579
2025-08-02T01:11:13.178 0100|01|00|07|f701fe|200e0068025c20[payload->]h.\ ||8,284
2025-08-02T01:21:13.132 0100|00|00|05|fa0001|200e000b35[payload->].5||13,579
2025-08-02T01:21:13.234 0100|01|00|07|f701fe|200e0068025c20[payload->]h.\ ||8,284
2025-08-02T01:31:13.245 0100|01|00|07|f701fe|200e0068025c20[payload->]h.\ ||8,284
2025-08-02T01:41:13.154 0100|00|00|05|fa0001|200e000b35[payload->].5||13,579
2025-08-02T01:41:13.859 0100|01|02|47|f703fe|200e0068025c200100000005fa000154010121b10100010006f801fe75012100a1c6ffff0100000007f80401543401a2099bdf0100010005f905fe543401c6570100000005fa00[payload->]h.\ ........T..!.........u.!.............T4.............T4..W.......||0,250
2025-08-02T01:51:13.547 0100|01|00|07|f701fe|200e0068025c20[payload->]h.\ ||8,284
2025-08-02T02:01:13.166 0100|01|00|07|f701fe|200e0068025c20[payload->]h.\ ||8,284
2025-08-02T02:11:13.217 0100|00|00|05|fa0001|200e000b35[payload->].5||13,579
2025-08-02T02:11:13.217 0100|01|00|07|f701fe|200e0068025c20[payload->]h.\ ||8,284
2025-08-02T02:21:13.236 0100|01|00|07|f701fe|200e0068025c20[payload->]h.\ ||8,284
2025-08-02T02:31:13.161 0100|01|00|07|f701fe|200e0068025c20[payload->]h.\ ||8,284
2025-08-02T02:51:13.122 0100|00|00|05|fa0001|200e000b35[payload->].5||13,579
2025-08-02T02:51:13.223 0100|01|00|07|f701fe|200e0068025c20[payload->]h.\ ||8,284
2025-08-02T03:01:13.191 0100|01|00|07|f701fe|200e0068025c20[payload->]h.\ ||8,284
2025-08-02T03:11:13.139 0100|00|00|05|fa0001|200e000b35[payload->].5||13,579
2025-08-02T03:11:13.241 0100|01|00|07|f701fe|200e0068025c20[payload->]h.\ ||8,284
2025-08-02T03:21:13.165 0100|00|00|05|fa0001|200e000b35[payload->].5||13,579
2025-08-02T03:21:13.165 0100|01|00|07|f701fe|200e0068025c20[payload->]h.\ ||8,284
2025-08-02T03:31:13.141 0100|00|00|05|fa0001|200e000b35[payload->].5||13,579
2025-08-02T03:41:13.098 0100|00|00|05|fa0001|200e000b35[payload->].5||13,579
2025-08-02T04:01:13.106 0100|00|00|05|fa0001|200e000b35[payload->].5||13,579
2025-08-02T04:01:13.207 0100|01|00|07|f701fe|200e0068025c20[payload->]h.\ ||8,284
2025-08-02T04:11:13.099 0100|00|00|05|fa0001|200e000b35[payload->].5||13,579
2025-08-02T04:21:13.147 0100|00|00|05|fa0001|200e000b35[payload->].5||13,579
2025-08-02T04:31:13.187 0100|00|00|05|fa0001|200e000b35[payload->].5||13,579
2025-08-02T04:31:13.187 0100|01|00|07|f701fe|200e0068025c20[payload->]h.\ ||8,284
2025-08-02T04:41:13.258 0100|00|00|05|fa0001|200e000b35[payload->].5||13,579
2025-08-02T04:41:13.359 0100|01|00|07|f701fe|200e0068025c20[payload->]h.\ ||8,284
2025-08-02T04:51:13.209 0100|00|00|05|fa0001|200e000b35[payload->].5||13,579
2025-08-02T05:01:13.224 0100|00|00|05|fa0001|200e000b35[payload->].5||13,579
2025-08-02T05:01:13.325 0100|01|00|07|f701fe|200e0068025c20[payload->]h.\ ||8,284
2025-08-02T05:11:13.248 0100|00|00|05|fa0001|200e000b35[payload->].5||13,579
2025-08-02T05:11:13.349 0100|01|00|07|f701fe|200e0068025c20[payload->]h.\ ||8,284
2025-08-02T05:21:13.272 0100|00|00|05|fa0001|200e000b35[payload->].5||13,579
2025-08-02T05:21:13.273 0100|01|00|07|f701fe|200e0068025c20[payload->]h.\ ||8,284
2025-08-02T05:31:13.301 0100|00|00|05|fa0001|200e000b35[payload->].5||13,579
2025-08-02T05:31:13.302 0100|01|00|07|f701fe|200e0068025c20[payload->]h.\ ||8,284
2025-08-02T05:41:13.256 0100|00|00|05|fa0001|200e000b35[payload->].5||13,579
2025-08-02T05:41:13.356 0100|01|00|07|f701fe|200e0068025c20[payload->]h.\ ||8,284
2025-08-02T05:51:13.121 0100|00|00|05|fa0001|200e000b35[payload->].5||13,579
2025-08-02T06:01:13.117 0100|00|00|05|fa0001|200e000b35[payload->].5||13,579
2025-08-02T06:01:13.218 0100|01|00|07|f701fe|200e0068025c20[payload->]h.\ ||8,284
2025-08-02T06:11:13.172 0100|00|00|05|fa0001|200e000b35[payload->].5||13,579
2025-08-02T06:11:13.172 0100|01|00|07|f701fe|200e0068025c20[payload->]h.\ ||8,284
2025-08-02T06:21:13.191 0100|00|00|05|fa0001|200e000b35[payload->].5||13,579
2025-08-02T06:21:13.191 0100|01|00|07|f701fe|200e0068025c20[payload->]h.\ ||8,284
2025-08-02T06:31:13.147 0100|00|00|05|fa0001|200e000b35[payload->].5||13,579
2025-08-02T06:31:13.248 0100|01|00|07|f701fe|200e0068025c20[payload->]h.\ ||8,284
2025-08-02T06:41:13.188 0100|00|00|05|fa0001|200e000b35[payload->].5||13,579
2025-08-02T06:41:13.188 0100|01|00|07|f701fe|200e0068025c20[payload->]h.\ ||8,284
2025-08-02T06:51:13.144 0100|00|00|05|fa0001|200e000b35[payload->].5||13,579
2025-08-02T06:51:13.246 0100|01|00|07|f701fe|200e0068025c20[payload->]h.\ ||8,284
2025-08-02T07:01:13.126 0100|00|00|05|fa0001|200e000b35[payload->].5||13,579
2025-08-02T07:01:13.228 0100|01|00|07|f701fe|200e0068025c20[payload->]h.\ ||8,284
2025-08-02T07:11:13.199 0100|00|00|05|fa0001|200e000b35[payload->].5||13,579
2025-08-02T07:11:13.199 0100|01|00|07|f701fe|200e0068025c20[payload->]h.\ ||8,284
2025-08-02T07:21:13.200 0100|00|00|05|fa0001|200e000b35[payload->].5||13,579
2025-08-02T07:21:13.200 0100|01|00|07|f701fe|200e0068025c20[payload->]h.\ ||8,284
2025-08-02T07:31:13.193 0100|00|00|05|fa0001|200e000b35[payload->].5||13,579
2025-08-02T07:31:13.193 0100|01|00|07|f701fe|200e0068025c20[payload->]h.\ ||8,284
2025-08-02T07:41:13.278 0100|00|00|05|fa0001|200e000b35[payload->].5||13,579
2025-08-02T07:51:13.856 0100|00|00|05|fa0001|200e000b35[payload->].5||13,579
2025-08-02T07:51:13.957 0100|03|0a|07|f701fe|200e0068025c20[payload->]h.\ ||8,284
2025-08-02T08:01:13.297 0100|00|00|05|fa0001|200e000b35[payload->].5||13,579
2025-08-02T08:11:13.373 0100|00|00|05|fa0001|200e000b35[payload->].5||13,579
2025-08-02T08:21:13.237 0100|00|00|05|fa0001|200e000b35[payload->].5||13,579
2025-08-02T08:31:13.372 0100|00|00|05|fa0001|200e000b35[payload->].5||13,579
2025-08-02T08:31:13.373 0100|01|00|07|f701fe|200e0068025c20[payload->]h.\ ||8,284
2025-08-02T08:41:13.257 0100|00|00|05|fa0001|200e000b35[payload->].5||13,579
2025-08-02T08:51:13.307 0100|00|00|05|fa0001|200e000b35[payload->].5||13,579
2025-08-02T08:51:13.508 0100|01|00|0f|ff01fe|200e0068025c20ff0100000007f804[payload->]h.\ ........||1,272
2025-08-02T09:01:13.248 0100|00|00|05|fa0001|200e000b35[payload->].5||13,579
2025-08-02T09:01:13.349 0100|01|00|07|f785fe|200e0068025c20[payload->]h.\ ||8,284
2025-08-02T09:11:13.225 0100|00|00|05|fa0001|200e000b35[payload->].5||13,579
2025-08-02T09:21:13.260 0100|00|00|05|fa0001|200e000b35[payload->].5||13,579
2025-08-02T09:21:13.361 0100|01|00|07|f701fe|200e0068025c20[payload->]h.\ ||8,284
2025-08-02T09:31:13.249 0100|00|00|05|fa0001|200e000b35[payload->].5||13,579
2025-08-02T09:31:14.054 0100|01|40|47|f701fe|200e0068025c200100000007f804015434019f090bcf0100010005f905fe543401c6570100000005fa000110030154f00100010007f701fe100301ffff859c0100000005fa0001[payload->]h.\ ........T4.............T4..W...........T........................||0,256
2025-08-02T09:41:13.271 0100|00|00|05|fa0001|200e000b35[payload->].5||13,579
2025-08-02T09:41:13.372 0100|01|00|07|f701fe|200e00680a5c20[payload->]h.\ ||8,284
2025-08-02T09:51:13.252 0100|00|00|05|fa0001|200e000b35[payload->].5||13,579
2025-08-02T09:51:13.353 0100|01|00|07|f701fe|200e0068025c20[payload->]h.\ ||8,284
2025-08-02T10:01:13.245 0100|00|00|05|fa0001|200e000b35[payload->].5||13,579
2025-08-02T10:11:13.219 0100|00|00|05|fa0001|200e000b35[payload->].5||13,579
2025-08-02T10:11:13.320 0100|01|00|07|f701fe|200e0068025c20[payload->]h.\ ||8,284
2025-08-02T10:31:13.287 0100|00|00|05|fa0001|200e000b35[payload->].5||13,579
2025-08-02T10:31:13.388 0100|01|00|07|f701fe|200e0068025c20[payload->]h.\ ||8,284
2025-08-02T10:41:13.571 0100|00|00|05|fa0001|200e000b35[payload->].5||13,579
2025-08-02T10:41:13.672 0100|01|00|07|f701fe|200e0068025c20[payload->]h.\ ||8,284
2025-08-02T10:51:13.182 0100|00|00|05|fa0001|200e000b35[payload->].5||13,579
2025-08-02T10:51:13.283 0100|01|00|07|f701fe|200e0068025c20[payload->]h.\ ||8,284
2025-08-02T11:01:13.748 0100|00|00|05|fa0001|200e000b35[payload->].5||13,579
2025-08-02T11:01:13.849 0100|01|00|07|f701fe|200e0068025c20[payload->]h.\ ||8,284
2025-08-02T11:11:13.295 0100|00|00|05|fa0001|200e000b35[payload->].5||13,579
2025-08-02T11:11:13.296 0100|01|00|07|f701fe|200e0068025c20[payload->]h.\ ||8,284
2025-08-02T11:21:13.184 0100|00|00|05|fa0001|200e000b35[payload->].5||13,579
2025-08-02T11:21:13.285 0100|01|00|07|f701fe|200e0068025c20[payload->]h.\ ||8,284
2025-08-02T11:31:13.238 0100|00|00|05|fa0001|200e000b35[payload->].5||13,579
2025-08-02T11:31:13.339 0100|01|00|07|f701fe|200e0068025c20[payload->]h.\ ||8,284
2025-08-02T11:41:13.272 0100|00|00|05|fa0001|200e000b35[payload->].5||13,579
2025-08-02T11:41:13.372 0100|01|00|07|f701fe|200e0068025c20[payload->]h.\ ||8,284
2025-08-02T11:51:13.427 0100|00|00|05|fa0001|200e000b35[payload->].5||13,579
2025-08-02T11:51:13.427 0100|01|00|07|f701fe|200e0068025c20[payload->]h.\ ||8,284
2025-08-02T12:01:13.267 0100|00|00|05|fa0001|200e000b35[payload->].5||13,579
2025-08-02T12:01:13.368 0100|01|00|07|f701fe|200e0068025c20[payload->]h.\ ||8,284
2025-08-02T12:11:13.337 0100|00|00|05|fa0001|200e000b35[payload->].5||13,579
2025-08-02T12:11:13.338 0100|01|00|07|f701fe|200e0068025c20[payload->]h.\ ||8,284
2025-08-02T12:21:13.341 0100|00|00|05|fa0001|200e000b35[payload->].5||13,579
2025-08-02T12:21:13.342 0100|01|00|07|f701fe|200e0068025c20[payload->]h.\ ||8,284
2025-08-02T12:31:13.169 0100|00|00|05|fa0001|200e000b35[payload->].5||13,579
2025-08-02T12:31:13.169 0100|01|00|07|f701fe|200e0068025c20[payload->]h.\ ||8,284
2025-08-02T12:41:13.130 0100|00|00|05|fa0001|200e000b35[payload->].5||13,579
2025-08-02T12:41:13.231 0100|01|00|07|f701fe|200e0068025c20[payload->]h.\ ||8,284
2025-08-02T12:51:13.127 0100|00|00|05|fa0001|200e000b35[payload->].5||13,579
2025-08-02T12:51:13.228 0100|01|00|07|f701fe|200e0068025c20[payload->]h.\ ||8,284
2025-08-02T13:01:13.512 0100|00|00|05|fa0000|200e000b35[payload->].5||13,579
2025-08-02T13:11:13.453 0100|00|00|05|fa0001|200e000b35[payload->].5||13,579
2025-08-02T13:11:13.554 0100|01|00|07|f701fe|200e0068025c20[payload->]h.\ ||8,284
2025-08-02T13:21:13.456 0100|00|00|05|fa0001|200e000b35[payload->].5||13,579
2025-08-02T13:21:13.456 0100|01|00|07|f701fe|200e0068025c20[payload->]h.\ ||8,284
2025-08-02T13:31:13.589 0100|00|00|05|fa0001|200e000b35[payload->].5||13,579
2025-08-02T13:31:13.590 0100|01|00|07|f701fe|200e0068025c20[payload->]h.\ ||8,284
2025-08-02T13:41:13.584 0100|00|00|05|fa0001|200e000b35[payload->].5||13,579
2025-08-02T13:41:13.584 0100|01|00|07|f701fe|200e0068025c20[payload->]h.\ ||8,284
2025-08-02T13:51:14.369 0100|00|00|05|fa0001|200e000b35[payload->].5||13,579
2025-08-02T13:51:14.470 0100|01|00|07|f701fe|200e0068025c20[payload->]h.\ ||8,284
2025-08-02T14:01:13.528 0100|00|00|05|fa0001|200e000b35[payload->].5||13,579
2025-08-02T14:01:13.629 0100|01|00|07|f701fe|200e0068025c20[payload->]h.\ ||8,284
2025-08-02T14:11:13.698 0100|00|00|05|fa0001|200e000b35[payload->].5||13,579
2025-08-02T14:11:13.699 0100|01|00|07|f701fe|200e0068025c20[payload->]h.\ ||8,284
2025-08-02T14:21:13.510 0100|00|00|05|fa0001|200e000b35[payload->].5||13,579
2025-08-02T14:21:13.611 0100|01|00|07|f701fe|200e0068025c20[payload->]h.\ ||8,284
2025-08-02T14:31:13.553 0100|00|00|05|fa0001|200e000b35[payload->].5||13,579
2025-08-02T14:31:13.654 0100|01|00|07|f701fe|200e0068025c20[payload->]h.\ ||8,284
2025-08-02T14:41:13.561 0100|00|00|05|fa0001|200e000b35[payload->].5||13,579
2025-08-02T14:41:13.561 0100|01|00|07|f701fe|200e0068025c20[payload->]h.\ ||8,284
2025-08-02T14:51:13.584 0100|00|00|05|fa0001|200e000b35[payload->].5||13,579
2025-08-02T14:51:13.685 0100|01|00|07|f701fe|200e0068025c20[payload->]h.\ ||8,284
2025-08-02T15:01:13.538 0100|00|00|05|fa0001|200e000b35[payload->].5||13,579
2025-08-02T15:01:13.640 0100|01|00|07|f701fe|200e0068025c20[payload->]h.\ ||8,284
2025-08-02T15:11:13.500 0100|00|00|05|fa0001|200e000b35[payload->].5||13,579
2025-08-02T15:11:13.601 0100|01|00|07|f701fe|200e0068025c20[payload->]h.\ ||8,284
2025-08-02T15:21:13.418 0100|00|00|05|fa0001|200e000b35[payload->].5||13,579
2025-08-02T15:21:13.520 0100|01|00|07|f701fe|200e0068025c20[payload->]h.\ ||8,284
2025-08-02T15:31:13.415 0100|00|00|05|fa0001|200e000b35[payload->].5||13,579
2025-08-02T15:31:13.517 0100|01|00|07|f701fe|200e0068025c20[payload->]h.\ ||8,284
2025-08-02T15:41:13.391 0100|00|00|05|fa0001|200e000b35[payload->].5||13,579
2025-08-02T15:41:13.493 0100|01|00|07|f701fe|200e0068025c20[payload->]h.\ ||8,284
2025-08-02T15:51:13.473 0100|00|00|05|fa0001|200e000b35[payload->].5||13,579
2025-08-02T15:51:13.574 0100|01|00|07|f701fe|200e0068025c20[payload->]h.\ ||8,284
2025-08-02T16:01:13.424 0100|00|00|05|fa0001|200e000b35[payload->].5||13,579
2025-08-02T16:01:13.425 0100|01|00|07|f701fe|200e0068025c20[payload->]h.\ ||8,284
2025-08-02T16:11:13.382 0100|00|00|05|fa0001|200e000b35[payload->].5||13,579
2025-08-02T16:11:13.483 0100|01|00|07|f701fe|200e0068025c20[payload->]h.\ ||8,284
2025-08-02T16:21:13.399 0100|00|00|05|fa0001|200e000b35[payload->].5||13,579
2025-08-02T16:21:13.500 0100|01|00|07|f701fe|200e0068025c20[payload->]h.\ ||8,284
2025-08-02T16:31:13.414 0100|00|00|05|fa0001|200e000b35[payload->].5||13,579
2025-08-02T16:31:13.515 0100|01|00|07|f701fe|200e0068025c20[payload->]h.\ ||8,284
2025-08-02T16:41:13.448 0100|00|00|05|fa0001|200e000b35[payload->].5||13,579
2025-08-02T16:41:13.449 0100|01|00|07|f701fe|200e0068025c20[payload->]h.\ ||8,284
2025-08-02T16:51:13.431 0100|00|00|05|fa0001|200e000b35[payload->].5||13,579
2025-08-02T16:51:13.432 0100|01|00|07|f701fe|200e0068025c20[payload->]h.\ ||8,284
2025-08-02T17:01:14.444 0100|00|00|05|fa0001|200e000b35[payload->].5||13,579
2025-08-02T17:01:14.545 0100|01|00|07|f701fe|200e0068025c20[payload->]h.\ ||8,284
2025-08-02T17:11:13.416 0100|00|00|05|fa0001|200e000b35[payload->].5||13,579
2025-08-02T17:11:13.517 0100|01|00|07|f701fe|200e0068025c20[payload->]h.\ ||8,284
2025-08-02T17:21:13.464 0100|00|00|05|fa0001|200e000b35[payload->].5||13,579
2025-08-02T17:21:13.464 0100|01|00|07|f701fe|200e0068025c20[payload->]h.\ ||8,284
2025-08-02T17:31:13.466 0100|00|00|05|fa0001|200e000b35[payload->].5||13,579
2025-08-02T17:31:13.466 0100|01|00|07|f701fe|200e0068025c20[payload->]h.\ ||8,284
2025-08-02T17:41:13.407 0100|00|00|05|fa0001|200e000b35[payload->].5||13,579
2025-08-02T17:41:13.508 0100|01|00|07|f701fe|200e0068025c20[payload->]h.\ ||8,284
2025-08-02T17:51:13.429 0100|00|00|05|fa0001|200e000b35[payload->].5||13,579
2025-08-02T17:51:13.531 0100|01|00|07|f701fe|200e0068025c20[payload->]h.\ ||8,284
2025-08-02T18:01:13.625 0100|00|00|05|fa0001|200e000b35[payload->].5||13,579
2025-08-02T18:11:13.673 0100|00|00|05|fa0001|200e000b35[payload->].5||13,579
2025-08-02T18:21:13.492 0100|00|00|05|fa0001|200e000b35[payload->].5||13,579
2025-08-02T18:21:13.492 0100|01|00|07|f701fe|200e0068025c20[payload->]h.\ ||8,284
2025-08-02T18:31:13.674 0100|00|00|05|fa0001|200e000b35[payload->].5||13,579
2025-08-02T18:41:13.439 0100|00|00|05|fa0001|200e000b35[payload->].5||13,579
2025-08-02T18:41:13.540 0100|01|00|07|f701fe|200e0068025c20[payload->]h.\ ||8,284
2025-08-02T18:51:13.452 0100|00|00|05|fa0001|200e000b35[payload->].5||13,579
2025-08-02T18:51:13.553 0100|01|00|07|f701fe|200e0068025c20[payload->]h.\ ||8,284
2025-08-02T19:01:13.519 0100|00|00|05|fa0001|200e000b35[payload->].5||13,579
2025-08-02T19:01:13.620 0100|01|00|07|f701fe|200e0068025c20[payload->]h.\ ||8,284
2025-08-02T19:11:13.500 0100|00|00|05|fa0001|200e000b35[payload->].5||13,579
2025-08-02T19:11:13.500 0100|01|00|07|f701fe|200e0068025c20[payload->]h.\ ||8,284
2025-08-02T19:21:13.642 0100|00|00|05|fa0001|200e000b35[payload->].5||13,579
2025-08-02T19:21:13.743 0100|01|00|07|f701fe|200e0068025c20[payload->]h.\ ||8,284
2025-08-02T19:31:13.517 0100|00|00|05|fa0001|200e000b35[payload->].5||13,579
2025-08-02T19:31:13.618 0100|01|00|07|f701fe|200e0068025c20[payload->]h.\ ||8,284
2025-08-02T19:41:13.478 0100|00|00|05|fa0001|200e000b35[payload->].5||13,579
2025-08-02T19:41:13.579 0100|01|00|07|f701fe|200e0068025c20[payload->]h.\ ||8,284
2025-08-02T19:51:13.831 0100|00|00|05|fa0001|200e000b35[payload->].5||13,579
2025-08-02T19:51:13.932 0100|01|00|07|f701fe|200e0068025c20[payload->]h.\ ||8,284
2025-08-02T20:01:14.258 0100|00|00|05|fa0001|200e000b35[payload->].5||13,579
2025-08-02T20:01:14.359 0100|01|00|07|f701fe|200e0068025c20[payload->]h.\ ||8,284
2025-08-02T20:11:14.759 0100|00|00|05|fa0001|200e000b35[payload->].5||13,579
2025-08-02T20:21:13.824 0100|00|00|05|fa0001|200e000b35[payload->].5||13,579
2025-08-02T20:31:14.251 0100|00|00|05|fa0001|200e000b35[payload->].5||13,579
2025-08-02T20:31:14.352 0100|01|00|07|f701fe|200e0068025c20[payload->]h.\ ||8,284
2025-08-02T20:41:13.673 0100|00|00|05|fa0001|200e000b35[payload->].5||13,579
2025-08-02T20:41:13.673 0100|01|00|07|f701fe|200e0068025c20[payload->]h.\ ||8,284
2025-08-02T20:51:13.728 0100|00|00|05|fa0001|200e000b35[payload->].5||13,579
2025-08-02T20:51:13.728 0100|01|00|07|f701fe|200e0068025c20[payload->]h.\ ||8,284
2025-08-02T21:11:13.983 0100|00|00|05|fa0001|200e000b35[payload->].5||13,579
2025-08-02T21:11:13.983 0100|01|00|07|f701fe|200e0068025c20[payload->]h.\ ||8,284
2025-08-02T21:21:13.844 0100|00|00|05|fa0001|200e000b35[payload->].5||13,579
2025-08-02T21:21:13.945 0100|01|00|07|f701fe|200e0068025c20[payload->]h.\ ||8,284
2025-08-02T21:31:13.951 0100|00|00|05|fa0001|200e000b35[payload->].5||13,579
2025-08-02T21:31:13.951 0100|01|00|07|f701fe|200e0068025c20[payload->]h.\ ||8,284
2025-08-02T21:41:14.242 0100|00|00|05|fa0001|200e000b35[payload->].5||13,579
2025-08-02T21:41:14.343 0100|01|00|07|f701fe|200e0068025c20[payload->]h.\ ||8,284
2025-08-02T22:01:13.734 0100|00|00|05|fa0001|200e000b35[payload->].5||13,579
2025-08-02T22:01:13.835 0100|01|00|07|f701fe|200e0068025c20[payload->]h.\ ||8,284
2025-08-02T22:11:13.772 0100|00|00|05|fa0001|200e000b35[payload->].5||13,579
2025-08-02T22:11:13.873 0100|01|00|07|f701fe|200e0060025c20[payload->]`.\ ||8,284
2025-08-02T22:21:13.740 0100|00|00|05|fa0001|200e000b35[payload->].5||13,579
2025-08-02T22:31:14.295 0100|00|00|05|fa0001|200e000b35[payload->].5||13,579
2025-08-02T22:41:13.797 0100|00|00|05|fa0001|200e000b35[payload->].5||13,579
2025-08-02T22:41:13.898 0100|01|00|07|f701fe|200e0068025c20[payload->]h.\ ||8,284
2025-08-02T22:51:13.932 0100|00|00|05|fa0001|200e000b35[payload->].5||13,579
2025-08-02T22:51:14.033 0100|01|00|07|f701fe|200e0068025c20[payload->]h.\ ||8,284
2025-08-02T23:01:13.839 0100|00|00|05|fa0001|200e000b35[payload->].5||13,579
2025-08-02T23:11:13.897 0100|00|00|05|fa0001|200e000b35[payload->].5||13,579
2025-08-02T23:11:13.898 0100|01|00|07|f701fe|200e0068025c20[payload->]h.\ ||8,284
2025-08-02T23:21:13.965 0100|00|00|05|fa0001|200e000b35[payload->].5||13,579
2025-08-02T23:21:14.066 0100|01|00|07|ff01fe|200e0068025c20[payload->]h.\ ||8,284
2025-08-02T23:31:13.309 0100|00|00|05|fa0001|200e000b35[payload->].5||13,579
2025-08-02T23:31:13.410 0100|01|00|07|f701fe|200e0068025c20[payload->]h.\ ||8,284
2025-08-02T23:41:13.262 0100|00|00|05|fa0001|200e000b35[payload->].5||13,579
2025-08-02T23:41:13.463 0100|01|00|07|f701fe|200e0068025c20[payload->]h.\ ||8,284
2025-08-02T23:51:13.417 0100|00|00|05|fa0001|200e000b35[payload->].5||13,579
2025-08-02T23:51:13.417 0100|01|00|07|f701fe|200e0068025c20[payload->]h.\ ||8,284
2025-08-03T00:01:13.248 0100|00|00|05|fa0001|200e000b35[payload->].5||13,579
2025-08-03T00:01:13.349 0100|01|00|07|f701fe|200e0068025c00[payload->]h.\.||0,092
2025-08-03T00:11:13.332 0100|00|00|05|fa0001|200e000b35[payload->].5||13,579
2025-08-03T00:11:13.332 0100|01|00|07|f701fe|200e0068025c20[payload->]h.\ ||8,284
2025-08-03T00:21:13.265 0100|00|00|05|fa0001|200e000b35[payload->].5||13,579
2025-08-03T00:21:13.366 0100|01|00|07|f701fe|200e0068025c20[payload->]h.\ ||8,284
2025-08-03T00:31:13.286 0100|00|00|05|fa0001|200e000b35[payload->].5||13,579
2025-08-03T00:31:13.387 0100|01|00|07|f701fe|200e0068025c20[payload->]h.\ ||8,284
2025-08-03T00:41:13.362 0100|00|00|05|fa0001|200e000b35[payload->].5||13,579
2025-08-03T00:41:13.463 0100|01|00|07|f701fe|200e0068025c20[payload->]h.\ ||8,284
2025-08-03T00:51:13.359 0100|00|00|05|fa0001|200e000b35[payload->].5||13,579
2025-08-03T00:51:13.460 0100|01|00|07|f701fe|200e0068025c20[payload->]h.\ ||8,284
2025-08-03T01:01:13.346 0100|00|00|05|fa0001|200e000b35[payload->].5||13,579
2025-08-03T01:01:13.447 0100|01|02|07|f701fe|200e0068025c20[payload->]h.\ ||8,284
2025-08-03T01:11:13.402 0100|00|00|05|fa0001|200e000b35[payload->].5||13,579
2025-08-03T01:11:13.503 0100|01|00|07|f701fe|200e0068025c20[payload->]h.\ ||8,284
2025-08-03T01:21:13.340 0100|00|00|05|fa0001|200e000b35[payload->].5||13,579
2025-08-03T01:21:13.441 0100|01|00|07|f701fe|200e0068025c20[payload->]h.\ ||8,284
2025-08-03T01:31:13.342 0100|00|00|05|fa0001|200e000b35[payload->].5||13,579
2025-08-03T01:31:13.342 0100|01|00|07|f701fe|200e0068025c20[payload->]h.\ ||8,284
2025-08-03T01:41:13.284 0100|00|00|05|fa0001|200e000b35[payload->].5||13,579
2025-08-03T01:41:13.385 0100|01|00|07|f701fe|200e0068025c20[payload->]h.\ ||8,284
2025-08-03T01:51:13.300 0100|00|00|05|fa0001|200e000b35[payload->].5||13,579
2025-08-03T01:51:13.401 0100|01|00|07|f701fe|200e0068025c20[payload->]h.\ ||8,284
2025-08-03T02:01:13.374 0100|00|00|05|fa0001|200e000b35[payload->].5||13,579
2025-08-03T02:01:13.475 0100|01|00|07|f701fe|200e0068025c20[payload->]h.\ ||8,284
2025-08-03T02:11:14.564 0100|00|00|05|fa0001|200e000b35[payload->].5||13,579
2025-08-03T02:11:14.666 0100|01|00|07|f701fe|200e0068025c20[payload->]h.\ ||8,284
2025-08-03T02:21:13.277 0100|00|00|05|fa0001|200e000b35[payload->].5||13,579
2025-08-03T02:21:13.378 0100|01|00|07|f701fe|200e0068025c20[payload->]h.\ ||8,284
2025-08-03T02:31:14.018 0100|00|00|05|fa0001|200e000b35[payload->].5||13,579
2025-08-03T02:41:13.476 0100|00|00|05|fa0001|200e000b35[payload->].5||13,579
2025-08-03T02:41:13.577 0100|01|00|07|f701fe|200e0068025c20[payload->]h.\ ||8,284
2025-08-03T02:51:13.499 0100|00|00|05|fa0001|200e000b35[payload->].5||13,579
2025-08-03T02:51:13.600 0100|01|00|07|f701fe|200e0068025c20[payload->]h.\ ||8,284
2025-08-03T03:01:13.580 0100|00|00|05|fa0001|200e000b35[payload->].5||13,579
2025-08-03T03:01:13.580 0100|01|00|07|f701fe|200e0068025c20[payload->]h.\ ||8,284
2025-08-03T03:11:13.734 0100|00|00|05|fa0001|200e000b35[payload->].5||13,579
2025-08-03T03:11:13.735 0100|01|00|07|f701fe|200e0068025c20[payload->]h.\ ||8,284
2025-08-03T03:21:13.516 0100|00|00|05|fa0001|200e000b35[payload->].5||13,579
2025-08-03T03:21:13.617 0100|01|00|07|f701fe|200e0068025c20[payload->]h.\ ||8,284
2025-08-03T03:31:13.590 0100|00|00|05|fa0001|200e000b35[payload->].5||13,579
2025-08-03T03:31:13.691 0100|01|00|07|f701fe|200e0068025c20[payload->]h.\ ||8,284
2025-08-03T03:41:13.654 0100|00|00|05|fa0001|200e000b35[payload->].5||13,579
2025-08-03T03:41:13.755 0100|01|00|07|f701fe|200e0068025c20[payload->]h.\ ||8,284
2025-08-03T03:51:13.590 0100|00|00|05|fa0001|200e000b35[payload->].5||13,579
2025-08-03T03:51:13.590 0100|01|00|07|f701fe|200e0068025c20[payload->]h.\ ||8,284
2025-08-03T04:01:13.618 0100|00|00|05|fa0001|200e000b35[payload->].5||13,579
2025-08-03T04:01:13.719 0100|01|00|07|f701fe|200e0068025c20[payload->]h.\ ||8,284
2025-08-03T04:11:13.503 0100|00|00|05|fa0001|200e000b35[payload->].5||13,579
2025-08-03T04:11:13.604 0100|01|00|07|f701fe|200e0068025c20[payload->]h.\ ||8,284
2025-08-03T04:21:13.706 0100|00|00|05|fa0001|200e000b35[payload->].5||13,579
2025-08-03T04:21:13.807 0100|01|00|07|f701fe|200e0068025c20[payload->]h.\ ||8,284
2025-08-03T04:31:13.542 0100|00|00|05|fa0001|200e000b35[payload->].5||13,579
2025-08-03T04:31:13.542 0100|01|00|07|f701fe|200e0068025c20[payload->]h.\ ||8,284
2025-08-03T04:41:13.540 0100|00|00|05|fa0001|200e000b35[payload->].5||13,579
2025-08-03T04:41:13.641 0100|01|00|07|f701fe|200e0068025c20[payload->]h.\ ||8,284
2025-08-03T04:51:13.632 0100|00|00|05|fa0001|200e000b35[payload->].5||13,579
2025-08-03T05:01:13.679 0100|00|00|05|fa0001|200e000b35[payload->].5||13,579
2025-08-03T05:01:13.780 0100|01|00|07|f701fe|200e0068025c20[payload->]h.\ ||8,284
2025-08-03T05:11:13.586 0100|00|00|05|fa0001|200e000b35[payload->].5||13,579
2025-08-03T05:21:14.842 0100|00|00|05|fa0001|200e000b35[payload->].5||13,579
2025-08-03T05:21:14.943 0100|01|00|07|f701fe|200e0068025c20[payload->]h.\ ||8,284
2025-08-03T05:31:13.648 0100|00|00|05|fa0001|200e000b35[payload->].5||13,579
2025-08-03T05:31:13.749 0100|01|00|07|f701fe|200e0068025c20[payload->]h.\ ||8,284
2025-08-03T05:41:14.425 0100|00|00|05|fa0001|200e000b35[payload->].5||13,579
2025-08-03T05:41:14.526 0100|01|00|07|f701fe|200e0068025c20[payload->]h.\ ||8,284
2025-08-03T05:51:13.468 0100|00|00|05|fa0001|200e000b35[payload->].5||13,579
2025-08-03T05:51:13.570 0100|01|00|07|f701fe|200e0068025c20[payload->]h.\ ||8,284
2025-08-03T06:01:13.516 0100|00|00|05|fa0001|200e000b35[payload->].5||13,579
2025-08-03T06:01:13.516 0100|01|00|07|f701fe|200e0068025c20[payload->]h.\ ||8,284
2025-08-03T06:11:13.797 0100|00|00|05|fa0001|200e000b35[payload->].5||13,579
2025-08-03T06:11:13.797 0100|01|00|07|f701fe|200e0068025c20[payload->]h.\ ||8,284
2025-08-03T06:21:13.558 0100|00|00|05|fa0001|200e000b35[payload->].5||13,579
2025-08-03T06:21:13.659 0100|01|00|07|f701fe|200e0068025c20[payload->]h.\ ||8,284
2025-08-03T06:31:13.713 0100|00|00|05|fa0001|200e000b35[payload->].5||13,579
2025-08-03T06:31:13.814 0100|01|00|07|f701fe|200e0068025c20[payload->]h.\ ||8,284
2025-08-03T06:41:13.651 0100|00|00|05|fa0001|200e000b35[payload->].5||13,579
2025-08-03T06:41:13.752 0100|01|00|07|f701fe|200e0068025c20[payload->]h.\ ||8,284
2025-08-03T06:51:13.588 0100|00|00|05|fa0001|200e000b35[payload->].5||13,579
2025-08-03T06:51:13.689 0100|01|00|07|f701fe|200e0068025c20[payload->]h.\ ||8,284
2025-08-03T07:01:13.685 0100|00|00|05|fa0001|200e000b35[payload->].5||13,579
2025-08-03T07:01:13.685 0100|01|00|07|f701fe|200e0068025c20[payload->]h.\ ||8,284
2025-08-03T07:11:13.804 0100|00|00|05|fa0001|200e000b35[payload->].5||13,579
2025-08-03T07:11:13.905 0100|01|00|07|f701fe|200e0068025c20[payload->]h.\ ||8,284
2025-08-03T07:21:13.780 0100|00|00|05|fa0001|200e000b35[payload->].5||13,579
2025-08-03T07:21:13.881 0100|01|00|07|f701fe|200e0068025c20[payload->]h.\ ||8,284
2025-08-03T07:31:13.686 0100|00|00|05|fa0001|200e000b35[payload->].5||13,579
2025-08-03T07:31:13.788 0100|01|00|07|f701fe|200e0068025c20[payload->]h.\ ||8,284
2025-08-03T07:41:13.437 0100|00|00|05|fa0001|200e000b35[payload->].5||13,579
2025-08-03T07:51:13.409 0100|00|00|05|fa0001|200e000b35[payload->].5||13,579
2025-08-03T07:51:13.410 0100|01|00|07|f701fe|200e0068025c20[payload->]h.\ ||8,284
2025-08-03T08:01:13.436 0100|00|00|05|fa0001|200e000b35[payload->].5||13,579
2025-08-03T08:11:13.358 0100|00|00|05|fa0001|200e000a35[payload->].5||13,578
2025-08-03T08:11:13.459 0100|01|00|07|f701fe|200e0068025c20[payload->]h.\ ||8,284
2025-08-03T08:21:13.415 0100|00|00|05|fa0001|200e000b35[payload->].5||13,579
2025-08-03T08:21:13.516 0100|01|00|07|f701fe|200e0068025c20[payload->]h.\ ||8,284
2025-08-03T08:31:14.718 0100|00|00|05|fa0001|200e000b35[payload->].5||13,579
2025-08-03T08:31:14.820 0100|01|00|07|f701fe|200e0068025c20[payload->]h.\ ||8,284
2025-08-03T08:41:13.381 0100|00|00|05|fa0001|200e000b35[payload->].5||13,579
2025-08-03T08:41:13.583 0100|01|00|07|f701fe|200e0068025c20[payload->]h.\ ||8,284
2025-08-03T08:51:14.501 0100|00|00|05|fa0001|200e000b35[payload->].5||13,579
2025-08-03T08:51:14.602 0100|01|00|07|f701fe|200e0068025c20[payload->]h.\ ||8,284
2025-08-03T09:01:13.456 0100|00|00|05|fa0001|200e000b35[payload->].5||13,579
2025-08-03T09:01:13.557 0100|01|00|07|f701fe|200e0068025c20[payload->]h.\ ||8,284
2025-08-03T09:11:13.782 0100|00|00|05|fa0001|200e000b35[payload->].5||13,579
2025-08-03T09:11:13.884 0100|01|00|07|f701fe|200e0068025c20[payload->]h.\ ||8,284
2025-08-03T09:31:13.728 0100|00|00|05|fa0001|200e000b35[payload->].5||13,579
2025-08-03T09:31:13.829 0100|01|00|07|f701fe|200e0068025c20[payload->]h.\ ||8,284
2025-08-03T09:41:13.676 0100|00|00|05|fa0001|200e000b35[payload->].5||13,579
2025-08-03T09:41:13.676 0100|01|00|07|f701fe|200e0068425e20[payload->]hB^ ||8,286
2025-08-03T09:51:13.474 0100|00|00|05|fa0001|200e000b35[payload->].5||13,579
2025-08-03T09:51:13.575 0100|01|00|07|f701fe|200e0068025c20[payload->]h.\ ||8,284
2025-08-03T10:01:13.856 0100|00|00|05|fa0001|200e000b35[payload->].5||13,579
2025-08-03T10:01:13.857 0100|01|00|07|f701fe|200e0068025c20[payload->]h.\ ||8,284
2025-08-03T10:11:13.609 0100|00|00|05|fa0001|200e000b35[payload->].5||13,579
2025-08-03T10:21:13.443 0100|00|00|05|fa0001|200e000b35[payload->].5||13,579
2025-08-03T10:21:13.645 0100|01|00|07|f701fe|200e0068025c20[payload->]h.\ ||8,284
2025-08-03T10:31:13.524 0100|00|00|05|fa0001|200e000b35[payload->].5||13,579
2025-08-03T10:31:13.625 0100|01|00|07|f701fe|200e0068025c20[payload->]h.\ ||8,284
2025-08-03T10:41:13.644 0100|00|00|05|fa0001|200e000b35[payload->].5||13,579
2025-08-03T10:51:13.711 0100|00|00|05|fa0001|200e000b35[payload->].5||13,579
2025-08-03T11:11:13.492 0100|00|00|05|fa0001|200e000b35[payload->].5||13,579
2025-08-03T11:11:13.594 0100|01|00|07|f701fe|200e0068025c20[payload->]h.\ ||8,284
2025-08-03T11:21:13.649 0100|00|00|05|fa0001|200e000b35[payload->].5||13,579
2025-08-03T11:31:13.722 0100|00|00|05|fa0001|200e000b35[payload->].5||13,579
2025-08-03T11:31:13.723 0100|01|00|07|f701fe|200e0068025c20[payload->]h.\ ||8,284
2025-08-03T11:41:13.770 0100|00|00|05|fa0001|200e000b35[payload->].5||13,579
2025-08-03T11:41:13.871 0100|01|00|07|f701fe|200e0068025c20[payload->]h.\ ||8,284
2025-08-03T11:51:13.455 0100|00|00|05|fa0001|200e000b35[payload->].5||13,579
2025-08-03T11:51:13.556 0100|01|00|07|f701fe|200e0068025c20[payload->]h.\ ||8,284
2025-08-03T12:01:13.473 0100|00|00|05|fa0001|200e000b35[payload->].5||13,579
2025-08-03T12:01:13.574 0100|01|00|07|f701fe|200e0068025c20[payload->]h.\ ||8,284
2025-08-03T12:11:13.447 0100|00|00|05|fa0001|200e000b35[payload->].5||13,579
2025-08-03T12:11:13.548 0100|01|00|07|f701fe|200e0068025c20[payload->]h.\ ||8,284
2025-08-03T12:21:13.427 0100|00|00|05|fa0001|200e000b35[payload->].5||13,579
2025-08-03T12:21:13.528 0100|01|00|07|f701fe|200e0068025c20[payload->]h.\ ||8,284
2025-08-03T12:31:13.500 0100|00|00|05|fa0001|200e000b35[payload->].5||13,579
2025-08-03T12:31:13.500 0100|01|00|07|f701fe|200e0068025c20[payload->]h.\ ||8,284
2025-08-03T12:41:13.451 0100|00|00|05|fa0001|200e000b35[payload->].5||13,579
2025-08-03T12:41:13.552 0100|01|00|07|f701fe|200e0068025c20[payload->]h.\ ||8,284
2025-08-03T12:51:13.425 0100|00|00|05|fa0001|200e000b35[payload->].5||13,579
2025-08-03T12:51:13.526 0100|01|00|07|f701fe|200e0068025c20[payload->]h.\ ||8,284
2025-08-03T13:01:13.680 0100|00|00|05|fa0001|200e000b35[payload->].5||13,579
2025-08-03T13:01:13.782 0100|01|00|07|f701fe|200e0068025c20[payload->]h.\ ||8,284
2025-08-03T13:11:13.462 0100|00|00|05|fa0001|200e000b35[payload->].5||13,579
2025-08-03T13:11:13.563 0100|01|00|07|f701fe|200e0068025c20[payload->]h.\ ||8,284
2025-08-03T13:21:13.482 0100|00|00|05|fa0001|200e000b35[payload->].5||13,579
2025-08-03T13:21:13.482 0100|01|00|07|f701fe|200e0068025c20[payload->]h.\ ||8,284
2025-08-03T13:31:13.510 0100|00|00|05|fa0001|200e000b35[payload->].5||13,579
2025-08-03T13:31:13.511 0100|01|00|07|f701fe|200e0068025c20[payload->]h.\ ||8,284
2025-08-03T13:41:13.512 0100|00|00|05|fa0001|200e000b35[payload->].5||13,579
2025-08-03T13:41:13.512 0100|01|00|07|f701fe|200e0068025c20[payload->]h.\ ||8,284
2025-08-03T13:51:13.421 0100|00|00|05|fa0001|200e000b35[payload->].5||13,579
2025-08-03T13:51:13.522 0100|01|00|07|f701fe|200e0068025c20[payload->]h.\ ||8,284
2025-08-03T14:01:13.547 0100|00|00|05|fa0001|200e000b35[payload->].5||13,579
2025-08-03T14:01:13.648 0100|01|00|07|f701fe|200e0068025c20[payload->]h.\ ||8,284
2025-08-03T14:11:13.469 0100|00|00|05|fa0001|200e000b35[payload->].5||13,579
2025-08-03T14:11:13.571 0100|01|00|07|f701fe|200e0068025c20[payload->]h.\ ||8,284
2025-08-03T14:21:13.495 0100|00|00|05|fa0001|200e000b35[payload->].5||13,579
2025-08-03T14:21:13.596 0100|01|00|07|f701fe|200e0068025c20[payload->]h.\ ||8,284
2025-08-03T14:31:13.453 0100|00|00|05|fa0001|200e000b35[payload->].5||13,579
2025-08-03T14:31:13.554 0100|01|00|07|f701fe|200e0068025c20[payload->]h.\ ||8,284
2025-08-03T14:41:13.477 0100|00|00|05|fa0001|200e000b35[payload->].5||13,579
2025-08-03T14:41:13.578 0100|01|00|07|f701fe|200e0068025c20[payload->]h.\ ||8,284
2025-08-03T14:51:14.353 0100|00|00|05|fa0001|200e000b35[payload->].5||13,579
2025-08-03T14:51:14.455 0100|01|04|07|f701fe|200e0068025c20[payload->]h.\ ||8,284
2025-08-03T15:01:13.509 0100|00|00|05|fa0001|200e000b35[payload->].5||13,579
2025-08-03T15:01:13.611 0100|01|00|07|f701fe|200e0068025c20[payload->]h.\ ||8,284
2025-08-03T15:11:13.704 0100|00|00|05|fa0001|200e000b35[payload->].5||13,579
2025-08-03T15:11:13.805 0100|01|00|07|f701fe|200e0068025c20[payload->]h.\ ||8,284
2025-08-03T15:21:13.520 0100|00|00|05|fa0001|200e000b35[payload->].5||13,579
2025-08-03T15:21:13.521 0100|01|00|07|f701fe|200e0068025c20[payload->]h.\ ||8,284
2025-08-03T15:31:13.677 0100|00|00|05|fa0001|200e000b35[payload->].5||13,579
2025-08-03T15:41:13.468 0100|00|00|05|fa0001|200e000b35[payload->].5||13,579
2025-08-03T15:41:13.569 0100|01|00|07|f701fe|200e0068025c20[payload->]h.\ ||8,284
2025-08-03T15:51:13.689 0100|00|00|05|fa0001|200e000b35[payload->].5||13,579
2025-08-03T15:51:13.690 0100|01|00|07|f701fe|200e0068025c20[payload->]h.\ ||8,284
2025-08-03T16:01:13.640 0100|00|00|05|fa0001|200e000b35[payload->].5||13,579
2025-08-03T16:01:13.741 0100|01|00|07|f701fe|200e0068025c20[payload->]h.\ ||8,284
2025-08-03T16:11:13.604 0100|00|00|05|fa0001|200e000b35[payload->].5||13,579
2025-08-03T16:11:13.705 0100|01|00|07|f701fe|200e0068025c20[payload->]h.\ ||8,284
2025-08-03T16:21:13.632 0100|00|00|05|fa0001|200e000b35[payload->].5||13,579
2025-08-03T16:31:13.727 0100|00|00|05|fa0001|200e000b35[payload->].5||13,579
2025-08-03T16:31:13.728 0100|01|00|07|f701fe|200e0068025c20[payload->]h.\ ||8,284
2025-08-03T16:41:13.616 0100|00|00|05|fa0001|200e000b35[payload->].5||13,579
2025-08-03T16:41:13.718 0100|01|00|07|f701fe|200e0068025c20[payload->]h.\ ||8,284
2025-08-03T16:51:13.598 0100|00|00|05|fa0001|200e000b35[payload->].5||13,579
2025-08-03T17:01:13.683 0100|00|00|05|fa0001|200e000b35[payload->].5||13,579
2025-08-03T17:11:13.639 0100|00|00|05|fa0001|200e000b35[payload->].5||13,579
2025-08-03T17:21:13.637 0100|00|00|05|fa0001|200e000b35[payload->].5||13,579
2025-08-03T17:31:13.560 0100|00|00|05|fa0001|200e000b35[payload->].5||13,579
2025-08-03T17:41:13.587 0100|00|00|05|fa0001|200e000b35[payload->].5||13,579
2025-08-03T17:51:13.682 0100|00|00|05|fa0001|200e000b35[payload->].5||13,579
2025-08-03T18:01:14.506 0100|00|00|05|fa0001|200e000b35[payload->].5||13,579
2025-08-03T18:01:14.506 0100|01|00|07|f701fe|200e0068025c20[payload->]h.\ ||8,284
2025-08-03T18:11:13.598 0100|00|00|05|fa0001|200e000b35[payload->].5||13,579
2025-08-03T18:11:13.699 0100|01|00|07|f701fe|200e0068025c20[payload->]h.\ ||8,284
