2025-07-31T04:15:52.504 0100|01|d0|03|2d0588|89ff01[payload->]||0,511
2025-08-01T09:32:20.982 0100|01|d0|05|3d0588|89ff010000[payload->]..||0,000
2025-08-01T22:19:50.898 0100|81|d0|05|2d0588|89ff010000[payload->]..||0,000
2025-08-01T23:04:16.969 0100|81|d8|09|2d0588|89ff0100000005fa00[payload->]......||0,250
2025-08-02T04:45:46.990 0100|01|d0|03|2d0788|89ff01[payload->]||0,511
2025-08-02T05:21:48.882 0100|01|d0|03|2d0588|89ff01[payload->]||0,511
2025-08-02T07:51:38.980 0100|01|d0|09|2d0588|89ff0100000005fa00[payload->]......||0,250
2025-08-02T09:16:39.197 0100|01|d0|41|2d0788|89ff0100000005fa0001340a010fb60100010047f701fe340a013c00aeff0100000005fa000110030154f00988010007f709fe100301ffff859c0100000005fa00[payload->].......4........G...4..<..............T.......................||0,250
2025-08-02T20:32:48.978 0100|01|d0|03|2d0588|89ff01[payload->]||0,511
2025-08-02T21:29:31.330 0100|43|d2|43|2d0d88|89ff0100000005fa000154190121bb0100010007f701fe5419013c00227b0100000005fa000110030154f00100010007f701fe100301ffff859c0100000005fa000130[payload->].......T..!.........T..<."{...........T........................0||12,289
2025-08-02T22:02:51.008 0100|01|d0|09|2d0588|89ff0100000005fa00[payload->]......||0,250
2025-08-03T00:28:02.975 0100|01|d0|09|2d0588|89ff0100000005fa00[payload->]......||0,250
2025-08-03T01:11:31.694 0100|01|d0|03|2d0588|89ff01[payload->]||0,511
2025-08-03T02:33:34.175 0100|01|d0|03|2d0588|89ff01[payload->]||0,511
2025-08-03T02:57:42.908 0100|01|d0|05|ad0588|89ff010000[payload->]..||0,000
2025-08-03T03:37:48.932 0100|01|d0|09|2d0588|89ff0100000005fa00[payload->]......||0,250
2025-08-03T03:57:32.967 0100|21|d0|05|2d0588|89ff010000[payload->]..||0,000
2025-08-03T03:59:32.982 0100|01|d0|09|2d0588|89ff0100000005fa00[payload->]......||0,250
2025-08-03T04:05:42.918 0100|01|d0|09|2d0588|89ff0100000005fa00[payload->]......||0,250
2025-08-03T04:33:03.004 0100|01|d0|03|2d0588|89ff01[payload->]||0,511
2025-08-03T06:53:53.142 0100|03|d0|41|2d0588|89ff0100000005fa000154080171b70100010007f701fe54080100001e6f0100000005fa000150aa00104e0100010006f801fe50aa0000e1b70100000005fa0001[payload->].......T..q.........T.....o........P...N........P.............||0,256
2025-08-03T09:35:01.496 0100|03|d0|03|2d0588|89ff01[payload->]||0,511
2025-08-03T10:41:03.145 0100|01|d0|85|2d0588|89ff0100000005fa0001560e0111150100010006f801fe560e01001af70100000005fa000154010121b10100010006f801fe54010100a1c60100000005fa0001500e00d0340100010006f801fe500e000002f6ffffffff010000d0012e047875090801d0012d0588890100000005fa000154080171b70100010007f701fe54080100001e6f[payload->].......V............V.............T..!.........T.............P...4........P................xu.....-...........T..q.........T.....o||28,446
2025-08-03T10:50:47.564 0100|01|d0|03|2d0588|89ff01[payload->]||0,511
2025-08-03T11:38:31.744 0100|01|d0|41|6f0588|89ff0100000005fa00013463015f980100010006f801fe346301007f790100000005fa00013012000e3c0100010006f801fe3012000104e8010000d0012e047875[payload->].......4c._.........4c...y........0...<........0............xu||30,072
2025-08-03T14:32:43.142 0100|01|d0|41|2d0588|89ff0100000005fa000154080171b70100010007f701fe54080100001e6f0100000005fa000150010020310100010006f801fe5001000001c60100000005fa0001[payload->].......T..q.........T.....o........P.. 1........P.............||0,256
2025-08-03T14:49:03.142 0100|01|d0|41|2d0788|89ff0100000005fa000154080171b70100010007f701fe54080100001e6f0100000005fa0001560e0111150100010006f801fe560e01001af70100000005fa0001[payload->].......T..q.........T.....o........V............V.............||0,256
2025-08-03T15:19:02.920 0100|01|d0|03|2d0588|89ff01[payload->]||0,511
2025-08-03T16:14:13.161 0100|01|d0|41|2d0588|89ff010000d0012e047875010001d0012d058889ff0100000005fa000154080171b70100010007f701fe54080100001e6f0100000005fa00015001002031010001[payload->]......xu.....-............T..q.........T.....o........P.. 1...||0,256
