2025-07-31T14:45:23.916 0100|01|00|07|f701fe|520301ffff859c[payload->]....||40,069
2025-08-02T05:10:34.186 0100|01|00|07|f741fe|520301ffff859c[payload->]....||40,069
2025-08-02T06:30:59.220 0100|41|00|07|f703fe|520301ffff859c[payload->]....||40,069
2025-08-02T07:27:09.682 0100|09|08|4f|f701fe|520301ffff859c0100000005fa00012004016bf20300010009f501fe200401ffffffff850d0100000005fa0001200201cbf1010001000bf301fe200201ae8da802453b1e8d0100000005fa00031003[payload->]............ ..k......... ................ ............ ......E;............||0,784
2025-08-02T07:58:35.581 0100|09|02|07|f701fe|520301ffff859c[payload->]....||40,069
2025-08-02T08:22:09.134 0100|01|00|07|f741fe|520301ffff859c[payload->]....||40,069
2025-08-02T08:52:29.177 0100|01|00|07|f701fe|520301ffff859c[payload->]....||40,069
2025-08-02T09:09:29.147 0100|01|00|07|f701fe|520301ffff859c[payload->]....||40,069
2025-08-02T16:30:04.378 0100|01|00|07|f701fe|520301ffff859c[payload->]....||40,069
2025-08-02T17:06:34.489 0100|01|00|07|f701fe|520301ffff859e[payload->]....||40,581
2025-08-02T17:17:34.325 0100|01|00|07|f701fe|520301ffff859c[payload->]....||40,069
2025-08-02T17:44:04.367 0100|01|00|07|f701fe|520301ffff859c[payload->]....||40,069
2025-08-02T23:01:24.653 0100|01|00|07|f701fe|520301ffff859c[payload->]....||40,069
2025-08-03T00:07:04.659 0100|01|00|07|f741fe|520301ffff859c[payload->]....||40,069
2025-08-03T03:11:37.962 0100|49|48|0f|f703fe|520301ffff859c0100000005fa0001[payload->]............||0,256
2025-08-03T03:15:27.946 0100|01|00|07|f701fe|520301ffff859c[payload->]....||40,069
2025-08-03T04:10:07.890 0100|01|00|07|f741fe|520301ffff859c[payload->]....||40,069
2025-08-03T07:20:28.037 0100|01|00|07|f701fe|520301ffff859c[payload->]....||40,069
2025-08-03T07:24:48.109 0100|01|00|07|f701fe|520301ffff859c[payload->]....||40,069
2025-08-03T08:36:58.815 0100|01|00|07|f701fe|520301ffffc59c[payload->]....||40,133
2025-08-03T10:54:40.289 0100|01|00|07|f701fe|520301ffff859c[payload->]....||40,069
