2025-07-30T20:34:35.736 0100|00|00|05|fa0001|3006000e33[payload->].3||13,070
2025-07-30T20:34:35.838 0100|01|00|06|f801fe|300600080668[payload->]..h||26,630
2025-07-30T20:44:35.670 0100|00|00|05|fa0001|3006000e33[payload->].3||13,070
2025-07-30T20:44:35.670 0100|01|00|06|f801fe|300600080668[payload->]..h||26,630
2025-07-30T20:54:35.489 0100|00|00|05|fa0001|3006000e33[payload->].3||13,070
2025-07-30T20:54:35.590 0100|01|00|06|f801fe|300600080668[payload->]..h||26,630
2025-07-30T21:04:35.887 0100|00|00|05|fa0001|3006000e33[payload->].3||13,070
2025-07-30T21:04:35.888 0100|01|00|06|f801fe|300600080668[payload->]..h||26,630
2025-07-30T21:14:35.608 0100|00|00|05|fa0001|3006000e33[payload->].3||13,070
2025-07-30T21:14:35.608 0100|01|00|06|f801fe|300600080668[payload->]..h||26,630
2025-07-30T21:24:35.563 0100|00|00|05|fa0001|3006000e33[payload->].3||13,070
2025-07-30T21:24:35.564 0100|01|00|06|f801fe|300600080668[payload->]..h||26,630
2025-07-30T21:31:32.998 0100|00|00|05|fa0001|3006000e33[payload->].3||13,070
2025-07-30T21:31:33.099 0100|01|00|06|f801fe|300600080668[payload->]..h||26,630
2025-07-30T21:44:35.617 0100|00|00|05|fa0001|3006000e33[payload->].3||13,070
2025-07-30T21:44:35.719 0100|01|00|06|f801fe|300600080668[payload->]..h||26,630
2025-07-30T21:54:36.144 0100|00|00|05|fa0001|3006000e33[payload->].3||13,070
2025-07-30T21:54:36.245 0100|01|00|06|f801fe|300600080668[payload->]..h||26,630
2025-07-30T22:04:35.712 0100|00|00|05|fa0001|3006000e33[payload->].3||13,070
2025-07-30T22:04:35.813 0100|01|00|06|f801fe|300600080668[payload->]..h||26,630
2025-07-30T22:14:35.581 0100|00|00|05|fa0001|3006000e33[payload->].3||13,070
2025-07-30T22:14:35.581 0100|01|00|06|f801fe|300600080668[payload->]..h||26,630
2025-07-30T22:24:35.547 0100|00|00|05|fa0001|3006000e33[payload->].3||13,070
2025-07-30T22:24:35.649 0100|01|00|06|f801fe|300600080668[payload->]..h||26,630
2025-07-30T22:34:35.596 0100|00|00|05|fa0001|3006000e33[payload->].3||13,070
2025-07-30T22:34:35.597 0100|01|00|06|f801fe|300600080668[payload->]..h||26,630
2025-07-30T22:44:35.589 0100|00|00|05|fa0001|3006000e33[payload->].3||13,070
2025-07-30T22:44:35.589 0100|01|00|06|f801fe|300600080668[payload->]..h||26,630
2025-07-30T22:54:35.576 0100|00|00|05|fa0001|3006000e33[payload->].3||13,070
2025-07-30T22:54:35.677 0100|01|00|06|f801fe|300600080668[payload->]..h||26,630
2025-07-30T23:04:35.891 0100|00|00|05|fa0001|3006000e33[payload->].3||13,070
2025-07-30T23:04:35.992 0100|01|00|06|f801fe|300600080668[payload->]..h||26,630
2025-07-30T23:14:35.561 0100|00|00|05|fa0001|3006000e33[payload->].3||13,070
2025-07-30T23:14:35.662 0100|01|00|06|f801fe|300600080668[payload->]..h||26,630
2025-07-30T23:24:35.755 0100|00|00|05|fa0001|3006000e33[payload->].3||13,070
2025-07-30T23:24:35.856 0100|01|00|06|f801fe|300600080668[payload->]..h||26,630
2025-07-30T23:34:35.670 0100|00|00|05|fa0001|3006000e33[payload->].3||13,070
2025-07-30T23:34:35.670 0100|01|00|06|f801fe|300600080668[payload->]..h||26,630
2025-07-30T23:44:36.032 0100|00|00|05|fa0001|3006000e33[payload->].3||13,070
2025-07-30T23:44:36.032 0100|01|00|06|f801fe|300600080668[payload->]..h||26,630
2025-07-30T23:54:35.722 0100|00|00|05|fa0001|3006000e33[payload->].3||13,070
2025-07-30T23:54:35.823 0100|01|00|06|f801fe|300600080668[payload->]..h||26,630
2025-07-31T00:04:35.769 0100|00|00|05|fa0001|3006000e33[payload->].3||13,070
2025-07-31T00:04:35.870 0100|01|00|06|f801fe|300600080668[payload->]..h||26,630
2025-07-31T00:14:35.629 0100|00|00|05|fa0001|3006000e33[payload->].3||13,070
2025-07-31T00:14:35.629 0100|01|00|06|f801fe|300600080668[payload->]..h||26,630
2025-07-31T00:24:35.564 0100|00|00|05|fa0001|3006000e33[payload->].3||13,070
2025-07-31T00:24:35.565 0100|01|00|06|f801fe|300600080668[payload->]..h||26,630
2025-07-31T00:34:35.579 0100|00|00|05|fa0001|3006000e33[payload->].3||13,070
2025-07-31T00:34:35.680 0100|01|00|06|f801fe|300600080668[payload->]..h||26,630
2025-07-31T00:44:35.806 0100|00|00|05|fa0001|3006000e33[payload->].3||13,070
2025-07-31T00:44:35.806 0100|01|00|06|f801fe|300600080668[payload->]..h||26,630
2025-07-31T00:54:35.535 0100|00|00|05|fa0001|3006000e33[payload->].3||13,070
2025-07-31T00:54:35.535 0100|01|00|06|f801fe|300600080668[payload->]..h||26,630
2025-07-31T01:04:35.618 0100|00|00|05|fa0001|3006000e33[payload->].3||13,070
2025-07-31T01:04:35.619 0100|01|00|06|f801fe|300600080668[payload->]..h||26,630
2025-07-31T01:14:35.579 0100|00|00|05|fa0001|3006000e33[payload->].3||13,070
2025-07-31T01:14:35.579 0100|01|00|06|f801fe|300600080668[payload->]..h||26,630
2025-07-31T01:24:35.516 0100|00|00|05|fa0001|3006000e33[payload->].3||13,070
2025-07-31T01:24:35.617 0100|01|00|06|f801fe|300600080668[payload->]..h||26,630
2025-07-31T01:31:32.968 0100|00|00|05|fa0001|3006000e33[payload->].3||13,070
2025-07-31T01:31:33.069 0100|01|00|06|f801fe|300600080668[payload->]..h||26,630
2025-07-31T01:34:35.570 0100|00|00|05|fa0001|3006000e33[payload->].3||13,070
2025-07-31T01:34:35.671 0100|01|00|06|f801fe|300600080668[payload->]..h||26,630
2025-07-31T01:44:35.542 0100|00|00|05|fa0001|3006000e33[payload->].3||13,070
2025-07-31T01:44:35.643 0100|01|00|06|f801fe|300600080668[payload->]..h||26,630
2025-07-31T01:54:36.439 0100|00|00|05|fa0001|3006000e33[payload->].3||13,070
2025-07-31T01:54:36.540 0100|01|00|06|f801fe|300600080668[payload->]..h||26,630
2025-07-31T02:04:35.667 0100|00|00|05|fa0001|3006000e33[payload->].3||13,070
2025-07-31T02:04:35.668 0100|01|00|06|f801fe|300600080668[payload->]..h||26,630
2025-07-31T02:14:35.528 0100|00|00|05|fa0001|3006000e33[payload->].3||13,070
2025-07-31T02:14:35.629 0100|01|00|06|f801fe|300600080668[payload->]..h||26,630
2025-07-31T02:24:36.491 0100|00|00|05|fa0001|3006000e33[payload->].3||13,070
2025-07-31T02:24:36.592 0100|01|00|06|f801fe|300600080668[payload->]..h||26,630
2025-07-31T02:34:36.508 0100|00|00|05|fa0001|3006000e33[payload->].3||13,070
2025-07-31T02:34:36.610 0100|01|00|06|f801fe|300600080e68[payload->]..h||26,638
2025-07-31T02:44:36.540 0100|00|00|05|fa0001|3006000e33[payload->].3||13,070
2025-07-31T02:54:36.514 0100|00|00|05|fa0001|3006000e33[payload->].3||13,070
2025-07-31T02:54:36.615 0100|01|00|06|f801fe|300600080668[payload->]..h||26,630
2025-07-31T03:04:36.520 0100|00|00|05|fa0001|3006000e33[payload->].3||13,070
2025-07-31T03:14:36.525 0100|00|00|05|fa0001|3006000e33[payload->].3||13,070
2025-07-31T03:24:36.468 0100|00|00|05|fa0001|3006000e33[payload->].3||13,070
2025-07-31T03:24:36.569 0100|01|00|06|f801fe|300600080668[payload->]..h||26,630
2025-07-31T03:34:36.507 0100|00|00|05|fa0001|3006000e33[payload->].3||13,070
2025-07-31T03:34:36.508 0100|01|00|06|f801fe|300600080668[payload->]..h||26,630
2025-07-31T03:44:36.529 0100|00|00|05|fa0001|3006000e33[payload->].3||13,070
2025-07-31T03:44:36.630 0100|01|00|06|f801fe|300600080668[payload->]..h||26,630
2025-07-31T03:54:36.586 0100|00|00|05|fa0001|3006000e33[payload->].3||13,070
2025-07-31T04:04:36.471 0100|00|00|05|fa0001|3006000e33[payload->].3||13,070
2025-07-31T04:04:36.572 0100|01|00|06|f801fe|300600080668[payload->]..h||26,630
2025-07-31T04:14:36.501 0100|00|00|05|fa0001|3006000e33[payload->].3||13,070
2025-07-31T04:14:36.602 0100|01|00|06|f801fe|300600080668[payload->]..h||26,630
2025-07-31T04:24:37.763 0100|00|00|05|fa0001|3006000e33[payload->].3||13,070
2025-07-31T04:24:37.864 0100|01|00|06|f801fe|300600080668[payload->]..h||26,630
2025-07-31T04:34:36.480 0100|00|00|05|fa0001|3006000e33[payload->].3||13,070
2025-07-31T04:34:36.582 0100|01|00|06|f801fe|300600080668[payload->]..h||26,630
2025-07-31T04:44:37.047 0100|00|00|05|fa0001|3006000e33[payload->].3||13,070
2025-07-31T04:54:38.777 0100|00|00|05|fa0001|3006000e33[payload->].3||13,070
2025-07-31T04:54:38.778 0100|01|00|06|f801fe|300600080668[payload->]..h||26,630
2025-07-31T05:04:38.709 0100|00|00|05|fa0001|3006000e33[payload->].3||13,070
2025-07-31T05:04:38.811 0100|01|00|06|f801fe|300600080668[payload->]..h||26,630
2025-07-31T05:14:38.750 0100|00|00|05|fa0001|3006000e33[payload->].3||13,070
2025-07-31T05:14:38.851 0100|01|00|06|f801fe|300600080668[payload->]..h||26,630
2025-07-31T05:24:38.765 0100|00|00|05|fa0001|3006000e33[payload->].3||13,070
2025-07-31T05:24:38.766 0100|01|00|06|f801fe|300600080668[payload->]..h||26,630
2025-07-31T05:34:38.816 0100|00|00|05|fa0001|3006000e33[payload->].3||13,070
2025-07-31T05:34:38.816 0100|01|00|06|f801fe|300600080668[payload->]..h||26,630
2025-07-31T05:44:38.770 0100|00|00|05|fa0001|3006000e33[payload->].3||13,070
2025-07-31T05:44:38.770 0100|01|00|06|f801fe|300600080668[payload->]..h||26,630
2025-07-31T05:54:38.729 0100|00|00|05|fa0001|3006000e33[payload->].3||13,070
2025-07-31T05:54:38.830 0100|01|00|06|f801fe|300600080668[payload->]..h||26,630
2025-07-31T06:04:38.640 0100|00|00|05|fa0001|3006000e33[payload->].3||13,070
2025-07-31T06:04:38.740 0100|01|00|06|f801fe|300600080668[payload->]..h||26,630
2025-07-31T06:14:38.876 0100|00|00|05|fa0001|3006000e33[payload->].3||13,070
2025-07-31T06:14:38.977 0100|01|00|06|f801fe|300600080668[payload->]..h||26,630
2025-07-31T06:24:38.776 0100|00|00|05|fa0001|3006000e33[payload->].3||13,070
2025-07-31T06:24:38.877 0100|01|00|06|f801fe|300600080668[payload->]..h||26,630
2025-07-31T06:34:39.690 0100|00|00|05|fa0001|3006000e33[payload->].3||13,070
2025-07-31T06:34:39.691 0100|01|00|06|f801fe|300600080668[payload->]..h||26,630
2025-07-31T06:44:39.623 0100|00|00|05|fa0001|3006000e33[payload->].3||13,070
2025-07-31T06:44:39.729 0100|01|00|06|f801fe|300600080668[payload->]..h||26,630
2025-07-31T06:54:40.891 0100|00|00|05|fa0001|3006000e33[payload->].3||13,070
2025-07-31T06:54:40.891 0100|01|00|06|f801fe|300600080668[payload->]..h||26,630
2025-07-31T07:04:40.064 0100|00|00|05|fa0001|3006000e33[payload->].3||13,070
2025-07-31T07:04:40.064 0100|01|00|06|f801fe|300600080668[payload->]..h||26,630
2025-07-31T07:14:40.326 0100|00|00|05|fa0001|3006000e33[payload->].3||13,070
2025-07-31T07:14:40.326 0100|01|00|06|f801fe|300600080668[payload->]..h||26,630
2025-07-31T07:24:39.696 0100|00|00|05|fa0001|3006000e33[payload->].3||13,070
2025-07-31T07:24:39.797 0100|01|00|06|f801fe|300600080668[payload->]..h||26,630
2025-07-31T07:34:40.445 0100|00|00|05|fa0001|3006000e33[payload->].3||13,070
2025-07-31T07:34:40.547 0100|01|00|06|f801fe|300600080668[payload->]..h||26,630
2025-07-31T07:44:39.661 0100|00|00|05|fa0001|3006000e33[payload->].3||13,070
2025-07-31T07:44:39.662 0100|01|00|06|f801fe|300600080668[payload->]..h||26,630
2025-07-31T07:54:40.175 0100|00|00|05|fa0001|3006000e33[payload->].3||13,070
2025-07-31T07:54:40.276 0100|01|00|06|f801fe|300600080668[payload->]..h||26,630
2025-07-31T08:04:41.255 0100|00|00|05|fa0001|3006000e33[payload->].3||13,070
2025-07-31T08:04:41.256 0100|01|00|06|f801fe|300600080668[payload->]..h||26,630
2025-07-31T08:14:39.807 0100|00|00|05|fa0001|3006000e33[payload->].3||13,070
2025-07-31T08:14:39.908 0100|01|00|06|f801fe|300600080668[payload->]..h||26,630
2025-07-31T08:24:39.681 0100|00|00|05|fa0001|3006000e33[payload->].3||13,070
2025-07-31T08:24:39.681 0100|01|00|06|f801fe|300600080668[payload->]..h||26,630
2025-07-31T08:34:40.441 0100|00|00|05|fa0001|3006000e33[payload->].3||13,070
2025-07-31T08:34:40.442 0100|01|00|06|f801fe|300600080668[payload->]..h||26,630
2025-07-31T08:44:39.718 0100|00|00|05|fa0001|3006000e33[payload->].3||13,070
2025-07-31T08:44:39.718 0100|01|00|06|f801fe|300600080668[payload->]..h||26,630
2025-07-31T08:54:39.629 0100|00|00|05|fa0001|3006000e33[payload->].3||13,070
2025-07-31T08:54:39.730 0100|01|00|06|f801fe|300600080668[payload->]..h||26,630
2025-07-31T09:04:39.656 0100|00|00|05|fa0001|3006000e33[payload->].3||13,070
2025-07-31T09:04:39.757 0100|01|00|06|f801fe|300600080668[payload->]..h||26,630
2025-07-31T09:14:39.650 0100|00|00|05|fa0001|3006000e33[payload->].3||13,070
2025-07-31T09:14:39.650 0100|01|00|06|f801fe|300600080668[payload->]..h||26,630
2025-07-31T09:24:39.655 0100|00|00|05|fa0001|3006000e33[payload->].3||13,070
2025-07-31T09:24:39.656 0100|01|00|06|f801fe|300600080668[payload->]..h||26,630
2025-07-31T09:31:31.095 0100|00|00|05|fa0001|3006000e33[payload->].3||13,070
2025-07-31T09:31:31.196 0100|01|00|06|f801fe|300600080668[payload->]..h||26,630
2025-07-31T09:34:39.631 0100|00|00|05|fa0001|3006000e33[payload->].3||13,070
2025-07-31T09:34:39.732 0100|01|00|06|f801fe|300600080668[payload->]..h||26,630
2025-07-31T09:44:41.078 0100|00|00|05|fa0001|3006000e33[payload->].3||13,070
2025-07-31T09:44:41.180 0100|01|00|06|f801fe|300600080668[payload->]..h||26,630
2025-07-31T09:54:39.679 0100|00|00|05|fa0001|3006000e33[payload->].3||13,070
2025-07-31T09:54:39.679 0100|01|00|06|f801fe|300600080668[payload->]..h||26,630
2025-07-31T10:04:40.554 0100|00|00|05|fa0001|3006000e33[payload->].3||13,070
2025-07-31T10:04:40.554 0100|01|00|06|f801fe|300600080668[payload->]..h||26,630
2025-07-31T10:14:40.679 0100|00|00|05|fa0001|3006000e33[payload->].3||13,070
2025-07-31T10:14:40.680 0100|01|00|06|f801fe|300600080668[payload->]..h||26,630
2025-07-31T10:24:40.627 0100|00|00|05|fa0001|3006000e33[payload->].3||13,070
2025-07-31T10:24:40.728 0100|01|00|06|f801fe|300600080668[payload->]..h||26,630
2025-07-31T10:34:40.650 0100|00|00|05|fa0001|3006000e33[payload->].3||13,070
2025-07-31T10:34:40.751 0100|01|00|06|f801fe|300600080668[payload->]..h||26,630
2025-07-31T10:44:40.674 0100|00|00|05|fa0001|3006000e33[payload->].3||13,070
2025-07-31T10:44:40.674 0100|01|00|06|f801fe|300600080668[payload->]..h||26,630
2025-07-31T10:54:40.649 0100|00|00|05|fa0001|3006000e33[payload->].3||13,070
2025-07-31T10:54:40.750 0100|01|00|06|f801fe|300600080668[payload->]..h||26,630
2025-07-31T11:04:40.618 0100|00|00|05|fa0001|3006000e33[payload->].3||13,070
2025-07-31T11:04:40.719 0100|01|00|06|f801fe|300600080668[payload->]..h||26,630
2025-07-31T11:14:40.603 0100|00|00|05|fa0001|3006000e33[payload->].3||13,070
2025-07-31T11:14:40.705 0100|01|00|06|f801fe|300600080668[payload->]..h||26,630
2025-07-31T11:24:40.628 0100|00|00|05|fa0001|3006000e33[payload->].3||13,070
2025-07-31T11:24:40.729 0100|01|00|06|f801fe|300600080668[payload->]..h||26,630
2025-07-31T11:31:31.364 0100|00|00|05|fa0001|3006000e33[payload->].3||13,070
2025-07-31T11:31:31.364 0100|01|00|06|f801fe|300600080668[payload->]..h||26,630
2025-07-31T11:34:40.607 0100|00|00|05|fa0001|3006000e33[payload->].3||13,070
2025-07-31T11:34:40.708 0100|01|00|06|f801fe|300600080668[payload->]..h||26,630
2025-07-31T11:44:41.499 0100|00|00|05|fa0001|3006000e33[payload->].3||13,070
2025-07-31T11:44:41.600 0100|01|00|06|f801fe|300600080668[payload->]..h||26,630
2025-07-31T11:54:41.892 0100|00|00|05|fa0001|3006000e33[payload->].3||13,070
2025-07-31T11:54:41.993 0100|01|00|06|f801fe|300600080668[payload->]..h||26,630
2025-07-31T12:04:41.589 0100|00|00|05|fa0001|3006000e33[payload->].3||13,070
2025-07-31T12:04:41.690 0100|01|00|06|f801fe|300600080668[payload->]..h||26,630
2025-07-31T12:14:42.202 0100|00|00|05|fa0001|3006000e33[payload->].3||13,070
2025-07-31T12:14:42.303 0100|01|00|06|f801fe|300600080668[payload->]..h||26,630
2025-07-31T12:24:41.492 0100|00|00|05|fa0001|3006000e33[payload->].3||13,070
2025-07-31T12:31:37.401 0100|00|00|05|fa0001|3006000e33[payload->].3||13,070
2025-07-31T12:31:37.401 0100|01|00|06|f801fe|300600080668[payload->]..h||26,630
2025-07-31T12:34:42.235 0100|00|00|05|fa0001|3006000e33[payload->].3||13,070
2025-07-31T12:34:42.336 0100|01|00|06|f801fe|300600080668[payload->]..h||26,630
2025-07-31T12:44:41.638 0100|00|00|05|fa0001|3006000e33[payload->].3||13,070
2025-07-31T12:44:41.638 0100|01|00|06|f801fe|300600080668[payload->]..h||26,630
2025-07-31T12:54:41.528 0100|00|00|05|fa0001|3006000e33[payload->].3||13,070
2025-07-31T12:54:41.628 0100|01|00|06|f801fe|300600080668[payload->]..h||26,630
2025-07-31T13:04:41.483 0100|00|00|05|fa0001|3006000e33[payload->].3||13,070
2025-07-31T13:04:41.484 0100|01|00|06|f801fe|300600080668[payload->]..h||26,630
2025-07-31T13:14:41.584 0100|00|00|05|fa0001|3006000e33[payload->].3||13,070
2025-07-31T13:14:41.585 0100|01|00|06|f801fe|300600080668[payload->]..h||26,630
2025-07-31T13:24:41.464 0100|00|00|05|fa0001|3006000e33[payload->].3||13,070
2025-07-31T13:24:41.565 0100|01|00|06|f801fe|300600080668[payload->]..h||26,630
2025-07-31T13:34:41.550 0100|00|00|05|fa0001|3006000e33[payload->].3||13,070
2025-07-31T13:34:41.551 0100|01|00|06|f801fe|300600080668[payload->]..h||26,630
2025-07-31T13:44:41.497 0100|00|00|05|fa0001|3006000e33[payload->].3||13,070
2025-07-31T13:44:41.598 0100|01|00|06|f801fe|300600080668[payload->]..h||26,630
2025-07-31T13:54:41.550 0100|00|00|05|fa0001|3006000e33[payload->].3||13,070
2025-07-31T14:04:41.539 0100|00|00|05|fa0001|3006000e33[payload->].3||13,070
2025-07-31T14:04:41.539 0100|01|00|06|f801fe|300600080668[payload->]..h||26,630
2025-07-31T14:14:41.482 0100|00|00|05|fa0001|3006000e33[payload->].3||13,070
2025-07-31T14:14:42.185 0100|01|00|0e|f801fe|300600080668ff010000d0012e04[payload->]..h........||1,070
2025-07-31T14:24:41.476 0100|00|00|05|fa0001|3006000e33[payload->].3||13,070
2025-07-31T14:24:41.577 0100|01|00|06|f801fe|300600080668[payload->]..h||26,630
2025-07-31T14:31:31.712 0100|00|00|05|fa0001|3006000e33[payload->].3||13,070
2025-07-31T14:34:41.623 0100|00|00|05|fa0001|3006000e33[payload->].3||13,070
2025-07-31T14:34:41.624 0100|01|00|06|f801fe|300600080668[payload->]..h||26,630
2025-07-31T14:54:42.499 0100|00|00|05|fa0001|3006000e33[payload->].3||13,070
2025-07-31T14:54:42.499 0100|01|00|06|f801fe|300600080668[payload->]..h||26,630
2025-07-31T15:04:42.476 0100|00|00|05|fa0001|3006000e33[payload->].3||13,070
2025-07-31T15:04:42.577 0100|01|00|06|f801fe|300600080668[payload->]..h||26,630
2025-07-31T15:14:42.507 0100|00|00|05|fa0001|3006000e33[payload->].3||13,070
2025-07-31T15:14:42.507 0100|01|00|06|f801fe|300600080660[payload->]..`||24,582
2025-07-31T15:24:45.910 0100|00|00|05|fa0001|3006000e33[payload->].3||13,070
2025-07-31T15:24:46.011 0100|01|00|06|f801fe|300600080668[payload->]..h||26,630
2025-07-31T15:31:31.315 0100|00|00|05|fa0001|3006000e33[payload->].3||13,070
2025-07-31T15:34:45.827 0100|00|00|05|fa0001|3006000e33[payload->].3||13,070
2025-07-31T15:34:45.928 0100|01|00|06|f801fe|300600080668[payload->]..h||26,630
2025-07-31T15:44:45.877 0100|00|00|05|fa0001|3006000e33[payload->].3||13,070
2025-07-31T15:44:45.878 0100|01|00|06|f801fe|300600080668[payload->]..h||26,630
2025-07-31T15:54:46.135 0100|00|00|05|fa0001|3006000e33[payload->].3||13,070
2025-07-31T15:54:46.135 0100|01|00|06|f801fe|300600080668[payload->]..h||26,630
2025-07-31T16:04:45.884 0100|00|00|05|fa0001|3006000e33[payload->].3||13,070
2025-07-31T16:04:45.985 0100|01|00|06|f801fe|300600080668[payload->]..h||26,630
2025-07-31T16:14:46.248 0100|00|00|05|fa0001|3006000e33[payload->].3||13,070
2025-07-31T16:14:46.349 0100|01|00|06|f801fe|300600080668[payload->]..h||26,630
2025-07-31T16:34:45.983 0100|00|00|05|fa0001|3006000e33[payload->].3||13,070
2025-07-31T16:34:45.984 0100|01|00|06|f801fe|300600080668[payload->]..h||26,630
2025-07-31T16:44:45.250 0100|00|00|05|fa0001|3006000e33[payload->].3||13,070
2025-07-31T16:44:45.251 0100|01|00|06|f801fe|3006000c0668[payload->]..h||26,630
2025-07-31T17:04:46.088 0100|00|00|05|fa0001|3006000e33[payload->].3||13,070
2025-07-31T17:04:46.089 0100|01|00|06|f801fe|300600080668[payload->]..h||26,630
2025-07-31T17:14:46.156 0100|00|00|05|fa0001|3006000e33[payload->].3||13,070
2025-07-31T17:14:46.156 0100|01|00|06|f801fe|300600080668[payload->]..h||26,630
2025-07-31T17:24:46.041 0100|00|00|05|fa0001|3006000e33[payload->].3||13,070
2025-07-31T17:24:46.143 0100|01|00|06|f801fe|300600080668[payload->]..h||26,630
2025-07-31T17:31:31.649 0100|00|00|05|fa0001|3006000e33[payload->].3||13,070
2025-07-31T17:31:31.751 0100|01|00|06|f801fe|300600080668[payload->]..h||26,630
2025-07-31T17:34:47.479 0100|00|00|05|fa0001|3006000e33[payload->].3||13,070
2025-07-31T17:34:47.580 0100|01|00|06|f801fe|300600080668[payload->]..h||26,630
2025-07-31T17:44:46.096 0100|00|00|05|fa0001|3006000e33[payload->].3||13,070
2025-07-31T17:44:46.097 0100|01|00|06|f801fe|300600080668[payload->]..h||26,630
2025-07-31T17:54:49.002 0100|00|00|05|fa0001|3006000e33[payload->].3||13,070
2025-07-31T17:54:49.002 0100|01|00|06|f801fe|300600080668[payload->]..h||26,630
2025-07-31T18:04:46.033 0100|00|00|05|fa0001|3006000e33[payload->].3||13,070
2025-07-31T18:04:46.134 0100|01|00|06|f801fe|300600080668[payload->]..h||26,630
2025-07-31T18:14:47.393 0100|00|00|05|fa0001|3006000e33[payload->].3||13,070
2025-07-31T18:14:47.393 0100|01|00|06|f801fe|300600080668[payload->]..h||26,630
2025-07-31T18:24:47.085 0100|00|00|05|fa0001|3006000e33[payload->].3||13,070
2025-07-31T18:24:47.085 0100|01|00|06|f801fe|300600080668[payload->]..h||26,630
2025-07-31T18:31:32.668 0100|01|00|06|f801fe|300600080668[payload->]..h||26,630
2025-07-31T18:34:47.165 0100|00|00|05|fa0001|3006000e33[payload->].3||13,070
2025-07-31T18:34:47.165 0100|01|00|06|f801fe|300600080668[payload->]..h||26,630
2025-07-31T18:44:47.181 0100|01|00|06|f801fe|300600080668[payload->]..h||26,630
2025-07-31T18:54:48.240 0100|00|00|05|fa0001|3006000e33[payload->].3||13,070
2025-07-31T18:54:48.341 0100|01|00|06|f801fe|300600080668[payload->]..h||26,630
2025-07-31T19:04:48.144 0100|00|00|05|fa0001|3006000e33[payload->].3||13,070
2025-07-31T19:04:48.144 0100|01|00|06|f801fe|300600080668[payload->]..h||26,630
2025-07-31T19:14:48.145 0100|00|00|05|fa0001|3006000e33[payload->].3||13,070
2025-07-31T19:14:48.246 0100|01|00|06|f801fe|300600080668[payload->]..h||26,630
2025-07-31T19:24:48.118 0100|00|00|05|fa0001|3006000e33[payload->].3||13,070
2025-07-31T19:24:48.219 0100|01|00|06|f801fe|300600080668[payload->]..h||26,630
2025-07-31T19:34:48.108 0100|00|00|05|fa0001|3006000e33[payload->].3||13,070
2025-07-31T19:34:48.108 0100|01|00|06|f801fe|300600080668[payload->]..h||26,630
2025-07-31T19:44:48.100 0100|00|00|05|fa0001|3006000e33[payload->].3||13,070
2025-07-31T19:44:48.201 0100|01|00|06|f801fe|300600080668[payload->]..h||26,630
2025-07-31T19:54:48.163 0100|00|00|05|fa0001|3006000e33[payload->].3||13,070
2025-07-31T19:54:48.164 0100|01|00|06|f801fe|300600080668[payload->]..h||26,630
2025-07-31T20:04:48.142 0100|00|00|05|fa0001|3006000e33[payload->].3||13,070
2025-07-31T20:04:48.142 0100|01|00|06|f801fe|300600080668[payload->]..h||26,630
2025-07-31T20:14:48.143 0100|00|00|05|fa0001|3006000e33[payload->].3||13,070
2025-07-31T20:14:48.143 0100|01|00|06|f801fe|300600080668[payload->]..h||26,630
2025-07-31T20:24:48.122 0100|00|00|05|fa0001|3006000e33[payload->].3||13,070
2025-07-31T20:24:48.123 0100|01|00|06|f801fe|300600080668[payload->]..h||26,630
2025-07-31T20:31:31.690 0100|00|00|05|fa0001|3006000e33[payload->].3||13,070
2025-07-31T20:31:31.690 0100|01|00|06|f801fe|300600080668[payload->]..h||26,630
2025-07-31T20:34:48.177 0100|00|00|05|fa0001|3006000e33[payload->].3||13,070
2025-07-31T20:34:48.178 0100|01|00|06|f801fe|300600080668[payload->]..h||26,630
2025-07-31T20:44:48.199 0100|00|00|05|fa0001|3006000e33[payload->].3||13,070
2025-07-31T20:44:48.300 0100|01|00|06|f801fe|300600080668[payload->]..h||26,630
2025-07-31T20:54:48.106 0100|00|00|05|fa0001|3006000e33[payload->].3||13,070
2025-07-31T20:54:48.207 0100|01|00|06|f801fe|300600080668[payload->]..h||26,630
2025-07-31T21:04:48.081 0100|00|00|05|fa0001|3006000e33[payload->].3||13,070
2025-07-31T21:04:48.182 0100|01|00|06|f801fe|300600080668[payload->]..h||26,630
2025-07-31T21:14:48.104 0100|00|00|05|fa0001|3006000e33[payload->].3||13,070
2025-07-31T21:14:48.206 0100|01|00|06|f801fe|300600080668[payload->]..h||26,630
2025-07-31T21:24:48.172 0100|00|00|05|fa0001|3006000e33[payload->].3||13,070
2025-07-31T21:24:48.172 0100|01|00|06|f801fe|300600080668[payload->]..h||26,630
2025-07-31T21:31:31.708 0100|00|00|05|fa0001|3006000e33[payload->].3||13,070
2025-07-31T21:31:31.708 0100|01|00|06|f801fe|300600080668[payload->]..h||26,630
2025-07-31T21:34:49.396 0100|00|00|05|fa0001|3006000e33[payload->].3||13,070
2025-07-31T21:34:49.497 0100|01|00|06|f801fe|300600080668[payload->]..h||26,630
2025-07-31T21:44:49.242 0100|00|00|05|fa0001|3006000e33[payload->].3||13,070
2025-07-31T21:44:49.242 0100|01|00|06|f801fe|300600080668[payload->]..h||26,630
2025-07-31T21:54:49.225 0100|00|00|05|fa0001|3006000e33[payload->].3||13,070
2025-07-31T21:54:49.226 0100|01|00|06|f801fe|300600080668[payload->]..h||26,630
2025-07-31T22:04:49.146 0100|00|00|05|fa0001|3006000e33[payload->].3||13,070
2025-07-31T22:04:49.247 0100|01|00|06|f801fe|300600080668[payload->]..h||26,630
2025-07-31T22:14:49.155 0100|00|00|05|fa0001|3006000e33[payload->].3||13,070
2025-07-31T22:14:49.256 0100|01|00|06|f801fe|300600080668[payload->]..h||26,630
2025-07-31T22:24:49.075 0100|00|00|05|fa0001|3006000e33[payload->].3||13,070
2025-07-31T22:24:49.176 0100|01|00|06|f801fe|300600080668[payload->]..h||26,630
2025-07-31T22:31:31.966 0100|00|00|05|fa0001|3006000e33[payload->].3||13,070
2025-07-31T22:31:31.967 0100|01|00|06|f801fe|300600080668[payload->]..h||26,630
2025-07-31T22:34:49.236 0100|00|00|05|fa0001|3006000e33[payload->].3||13,070
2025-07-31T22:34:49.236 0100|01|00|06|f801fe|300600080668[payload->]..h||26,630
2025-07-31T22:44:49.217 0100|00|00|05|fa0001|3006000e33[payload->].3||13,070
2025-07-31T22:44:49.319 0100|01|00|06|f801fe|300600080668[payload->]..h||26,630
2025-07-31T22:54:49.025 0100|00|00|05|fa0001|3006000e33[payload->].3||13,070
2025-07-31T22:54:49.126 0100|01|00|06|f801fe|300600080668[payload->]..h||26,630
2025-07-31T23:04:50.107 0100|00|00|05|fa0001|3006000e33[payload->].3||13,070
2025-07-31T23:04:50.208 0100|01|00|06|f801fe|300600080668[payload->]..h||26,630
2025-07-31T23:14:50.152 0100|00|00|05|fa0001|3006000e33[payload->].3||13,070
2025-07-31T23:14:50.152 0100|01|00|06|f801fe|300600080668[payload->]..h||26,630
2025-07-31T23:24:50.101 0100|00|00|05|fa0001|3006000e33[payload->].3||13,070
2025-07-31T23:24:50.202 0100|01|00|06|f801fe|300600080668[payload->]..h||26,630
2025-07-31T23:31:31.580 0100|00|00|05|fa0001|3006000e33[payload->].3||13,070
2025-07-31T23:31:31.580 0100|01|00|06|f801fe|300600080668[payload->]..h||26,630
2025-07-31T23:34:50.092 0100|00|00|05|fa0001|3006000e33[payload->].3||13,070
2025-07-31T23:34:50.193 0100|01|00|06|f801fe|300600080668[payload->]..h||26,630
2025-07-31T23:44:50.213 0100|00|00|05|fa0001|3006000e33[payload->].3||13,070
2025-07-31T23:44:50.213 0100|01|00|06|f801fe|300600080668[payload->]..h||26,630
2025-07-31T23:54:50.576 0100|00|00|05|fa0001|3006000e33[payload->].3||13,070
2025-07-31T23:54:50.677 0100|01|00|06|f801fe|300600080668[payload->]..h||26,630
2025-08-01T00:04:50.176 0100|00|00|05|fa0001|3006000e33[payload->].3||13,070
2025-08-01T00:04:50.177 0100|01|00|06|f801fe|300600080668[payload->]..h||26,630
2025-08-01T00:14:50.575 0100|00|00|05|fa0001|3006000e33[payload->].3||13,070
2025-08-01T00:14:50.576 0100|01|00|06|f801fe|300600080668[payload->]..h||26,630
2025-08-01T00:24:50.176 0100|00|00|05|fa0001|3006000e33[payload->].3||13,070
2025-08-01T00:24:50.277 0100|01|00|06|f801fe|300600080668[payload->]..h||26,630
2025-08-01T00:34:50.191 0100|00|00|05|fa0001|3006000e33[payload->].3||13,070
2025-08-01T00:34:50.191 0100|01|00|06|f801fe|300600080668[payload->]..h||26,630
2025-08-01T00:44:50.170 0100|00|00|05|fa0001|3006000e33[payload->].3||13,070
2025-08-01T00:44:50.171 0100|01|00|06|f801fe|300600080668[payload->]..h||26,630
2025-08-01T00:54:50.113 0100|00|00|05|fa0001|3006000e33[payload->].3||13,070
2025-08-01T00:54:50.214 0100|01|00|06|f801fe|300600080668[payload->]..h||26,630
2025-08-01T01:04:50.166 0100|00|00|05|fa0001|3006000e33[payload->].3||13,070
2025-08-01T01:04:50.166 0100|01|00|06|f801fe|300600080668[payload->]..h||26,630
2025-08-01T01:14:50.157 0100|00|00|05|fa0001|3006000e33[payload->].3||13,070
2025-08-01T01:14:50.258 0100|01|00|06|f801fe|300600080668[payload->]..h||26,630
2025-08-01T01:24:50.115 0100|00|00|05|fa0001|3006000e33[payload->].3||13,070
2025-08-01T01:24:50.216 0100|01|00|06|f801fe|300600080668[payload->]..h||26,630
2025-08-01T01:34:50.110 0100|00|00|05|fa0001|3006000e33[payload->].3||13,070
2025-08-01T01:34:50.211 0100|01|00|06|f801fe|300600080668[payload->]..h||26,630
2025-08-01T01:44:50.150 0100|00|00|05|fa0001|3006000e33[payload->].3||13,070
2025-08-01T01:44:50.252 0100|01|00|06|f801fe|300600080668[payload->]..h||26,630
2025-08-01T01:54:51.991 0100|00|00|05|fa0001|3006000e33[payload->].3||13,070
2025-08-01T01:54:52.092 0100|01|00|06|f801fe|300600080668[payload->]..h||26,630
2025-08-01T02:04:51.972 0100|00|00|05|fa0001|3006000e33[payload->].3||13,070
2025-08-01T02:04:52.073 0100|01|00|06|f801fe|300600080668[payload->]..h||26,630
2025-08-01T02:14:51.983 0100|00|00|05|fa0001|3006000e33[payload->].3||13,070
2025-08-01T02:14:52.084 0100|01|00|06|f801fe|300600080668[payload->]..h||26,630
2025-08-01T02:24:51.973 0100|00|00|05|fa0001|3006000e33[payload->].3||13,070
2025-08-01T02:24:52.075 0100|01|00|06|f801fe|300600080668[payload->]..h||26,630
2025-08-01T02:31:31.763 0100|00|00|05|fa0001|3006000e33[payload->].3||13,070
2025-08-01T02:31:31.864 0100|01|00|06|f801fe|300600080668[payload->]..h||26,630
2025-08-01T02:34:52.012 0100|00|00|05|fa0001|3006000e33[payload->].3||13,070
2025-08-01T02:34:52.013 0100|01|00|06|f801fe|300600080668[payload->]..h||26,630
2025-08-01T02:44:52.036 0100|00|00|05|fa0001|3006000e33[payload->].3||13,070
2025-08-01T02:44:52.036 0100|01|00|06|f801fe|300600080668[payload->]..h||26,630
2025-08-01T02:54:52.020 0100|00|00|05|fa0001|3006000e33[payload->].3||13,070
2025-08-01T02:54:52.021 0100|01|00|06|f801fe|300600080668[payload->]..h||26,630
2025-08-01T03:04:52.593 0100|00|00|05|fa0001|3006000e33[payload->].3||13,070
2025-08-01T03:04:52.593 0100|01|00|06|f801fe|300600080668[payload->]..h||26,630
2025-08-01T03:14:51.954 0100|00|00|05|fa0001|3006000e33[payload->].3||13,070
2025-08-01T03:14:52.055 0100|01|00|06|f801fe|300600080668[payload->]..h||26,630
2025-08-01T03:24:53.179 0100|00|00|05|fa0001|3006000e33[payload->].3||13,070
2025-08-01T03:24:53.179 0100|01|00|06|f801fe|300600080668[payload->]..h||26,630
2025-08-01T03:31:31.223 0100|00|00|05|fa0001|3006000e33[payload->].3||13,070
2025-08-01T03:31:31.627 0100|01|00|46|f801fe|3006000806680100000005fa000154010121b10100010006f801fe54010100a1c60100000005fa0001542e0111ad0100010007f701fe542e010080f6650100000005fa000150[payload->]..h........T..!.........T.............T............T.....e........P||20,481
2025-08-01T03:34:51.983 0100|00|00|05|fa0001|3006000e33[payload->].3||13,070
2025-08-01T03:34:52.084 0100|01|00|06|f801fe|300600080668[payload->]..h||26,630
2025-08-01T03:44:52.344 0100|00|00|05|fa0001|3006000e33[payload->].3||13,070
2025-08-01T03:44:52.344 0100|01|00|06|f801fe|300600080668[payload->]..h||26,630
2025-08-01T03:54:53.319 0100|00|00|05|fa0001|3006000e33[payload->].3||13,070
2025-08-01T03:54:53.420 0100|01|00|06|f801fe|300600080668[payload->]..h||26,630
2025-08-01T04:04:52.010 0100|00|00|05|fa0001|3006000e33[payload->].3||13,070
2025-08-01T04:04:52.010 0100|01|00|06|f801fe|300600080668[payload->]..h||26,630
2025-08-01T04:14:52.011 0100|00|00|05|fa0001|3006000e33[payload->].3||13,070
2025-08-01T04:14:52.012 0100|01|00|06|f801fe|300600080668[payload->]..h||26,630
2025-08-01T04:24:51.981 0100|00|00|05|fa0001|3006000e33[payload->].3||13,070
2025-08-01T04:24:51.981 0100|01|00|06|f801fe|300600080668[payload->]..h||26,630
2025-08-01T04:31:31.303 0100|00|00|05|fa0001|3006000e33[payload->].3||13,070
2025-08-01T04:31:31.304 0100|01|00|06|f801fe|300600080668[payload->]..h||26,630
2025-08-01T04:34:51.998 0100|00|00|05|fa0001|3006000e33[payload->].3||13,070
2025-08-01T04:34:51.999 0100|01|00|06|f801fe|300600080668[payload->]..h||26,630
2025-08-01T04:44:52.008 0100|00|00|05|fa0001|3006000e33[payload->].3||13,070
2025-08-01T04:44:52.008 0100|01|00|06|f801fe|300600080668[payload->]..h||26,630
2025-08-01T04:54:51.982 0100|00|00|05|fa0001|3006000e33[payload->].3||13,070
2025-08-01T04:54:51.983 0100|01|00|06|f801fe|300600080668[payload->]..h||26,630
2025-08-01T05:04:51.997 0100|00|00|05|fa0001|3006000e33[payload->].3||13,070
2025-08-01T05:04:51.997 0100|01|00|06|f801fe|300600080668[payload->]..h||26,630
2025-08-01T05:14:51.967 0100|00|00|05|fa0001|3006000e33[payload->].3||13,070
2025-08-01T05:14:51.967 0100|01|00|06|f801fe|300600080668[payload->]..h||26,630
2025-08-01T05:24:51.930 0100|00|00|05|fa0001|3006000e33[payload->].3||13,070
2025-08-01T05:24:52.031 0100|01|00|06|f801fe|300600080668[payload->]..h||26,630
2025-08-01T05:31:32.775 0100|01|00|06|f801fe|300600080668[payload->]..h||26,630
2025-08-01T05:34:51.959 0100|00|00|05|fa0001|3006000e33[payload->].3||13,070
2025-08-01T05:34:52.061 0100|01|00|06|f801fe|300600080668[payload->]..h||26,630
2025-08-01T05:44:51.975 0100|00|00|05|fa0001|3006000e33[payload->].3||13,070
2025-08-01T05:44:52.076 0100|01|00|06|f801fe|300600080668[payload->]..h||26,630
2025-08-01T05:54:52.032 0100|00|00|05|fa0001|3006000e33[payload->].3||13,070
2025-08-01T05:54:52.032 0100|01|00|06|f801fe|300600080668[payload->]..h||26,630
2025-08-01T06:04:51.940 0100|00|00|05|fa0001|3006000e33[payload->].3||13,070
2025-08-01T06:04:52.041 0100|01|00|06|f801fe|300600080668[payload->]..h||26,630
2025-08-01T06:14:53.260 0100|00|00|05|fa0001|3006000e33[payload->].3||13,070
2025-08-01T06:14:53.361 0100|01|00|06|f801fe|300600080668[payload->]..h||26,630
2025-08-01T06:24:51.997 0100|00|00|05|fa0001|3006000e33[payload->].3||13,070
2025-08-01T06:24:52.098 0100|01|00|06|f801fe|300600080668[payload->]..h||26,630
2025-08-01T06:34:52.773 0100|00|00|05|fa0001|3006000e33[payload->].3||13,070
2025-08-01T06:34:52.773 0100|01|00|06|f801fe|300600080668[payload->]..h||26,630
2025-08-01T06:44:51.939 0100|00|00|05|fa0001|3006000e33[payload->].3||13,070
2025-08-01T06:44:52.040 0100|01|00|06|f801fe|300600080668[payload->]..h||26,630
2025-08-01T06:54:51.978 0100|00|00|05|fa0001|3006000e33[payload->].3||13,070
2025-08-01T06:54:52.079 0100|01|00|06|f801fe|300600080668[payload->]..h||26,630
2025-08-01T07:04:51.984 0100|00|00|05|fa0001|3006000e23[payload->].#||8,974
2025-08-01T07:04:52.085 0100|01|00|06|f801fe|300600080668[payload->]..h||26,630
2025-08-01T07:14:51.962 0100|00|00|05|fa0001|3006000e33[payload->].3||13,070
2025-08-01T07:14:52.063 0100|01|00|06|f801fe|300600080668[payload->]..h||26,630
2025-08-01T07:24:52.032 0100|00|00|05|fa0001|3006000e33[payload->].3||13,070
2025-08-01T07:24:52.033 0100|01|00|06|f801fe|300600080668[payload->]..h||26,630
2025-08-01T07:31:30.905 0100|00|00|05|fa0001|3006000e33[payload->].3||13,070
2025-08-01T07:31:31.006 0100|01|00|06|f801fe|300600080668[payload->]..h||26,630
2025-08-01T07:34:53.035 0100|00|00|05|fa0001|3006000e33[payload->].3||13,070
2025-08-01T07:34:53.035 0100|01|00|06|f801fe|300600080668[payload->]..h||26,630
2025-08-01T07:44:54.541 0100|00|00|05|fa0001|3006000e33[payload->].3||13,070
2025-08-01T07:44:54.542 0100|01|00|06|f801fe|300600080668[payload->]..h||26,630
2025-08-01T07:54:53.005 0100|00|00|05|fa0001|3006000e33[payload->].3||13,070
2025-08-01T07:54:53.005 0100|01|00|06|f801fe|300600080668[payload->]..h||26,630
2025-08-01T08:04:53.032 0100|00|00|05|fa0001|3006000e33[payload->].3||13,070
2025-08-01T08:04:53.032 0100|01|00|06|f801fe|300600080668[payload->]..h||26,630
2025-08-01T08:14:52.982 0100|00|00|05|fa0001|3006000e33[payload->].3||13,070
2025-08-01T08:14:53.083 0100|01|00|06|f801fe|300600080668[payload->]..h||26,630
2025-08-01T08:24:52.956 0100|00|00|05|fa0001|3006000e33[payload->].3||13,070
2025-08-01T08:24:53.057 0100|01|00|06|f801fe|300600080668[payload->]..h||26,630
2025-08-01T08:31:31.329 0100|00|00|05|fa0001|3006000e33[payload->].3||13,070
2025-08-01T08:31:31.430 0100|01|00|06|f801fe|300600080668[payload->]..h||26,630
2025-08-01T08:34:53.018 0100|00|00|05|fa0001|3006000e33[payload->].3||13,070
2025-08-01T08:34:53.018 0100|01|00|06|f801fe|300600080668[payload->]..h||26,630
2025-08-01T08:44:53.022 0100|00|00|05|fa0001|3006000e33[payload->].3||13,070
2025-08-01T08:44:53.022 0100|01|00|06|f801fe|300600080668[payload->]..h||26,630
2025-08-01T08:54:53.025 0100|00|00|05|fa0001|3006000e33[payload->].3||13,070
2025-08-01T08:54:53.025 0100|01|00|06|f801fe|300600080668[payload->]..h||26,630
2025-08-01T09:04:52.952 0100|00|00|05|fa0001|3006000e33[payload->].3||13,070
2025-08-01T09:04:53.053 0100|01|00|06|f801fe|300600080668[payload->]..h||26,630
2025-08-01T09:14:52.964 0100|00|00|05|fa0001|3006000e33[payload->].3||13,070
2025-08-01T09:14:53.065 0100|01|00|06|f801fe|300600080668[payload->]..h||26,630
2025-08-01T09:24:53.999 0100|00|00|05|fa0001|3006000e33[payload->].3||13,070
2025-08-01T09:24:54.100 0100|01|00|06|f801fe|300600080668[payload->]..h||26,630
2025-08-01T09:34:53.027 0100|00|00|05|fa0001|3006000e33[payload->].3||13,070
2025-08-01T09:34:53.028 0100|01|00|06|f801fe|300600080668[payload->]..h||26,630
2025-08-01T09:44:53.104 0100|00|00|05|fa0001|3006000e33[payload->].3||13,070
2025-08-01T09:44:53.205 0100|01|00|06|f801fe|300600080668[payload->]..h||26,630
2025-08-01T09:54:52.991 0100|00|00|05|fa0001|3006000e33[payload->].3||13,070
2025-08-01T09:54:53.092 0100|01|00|06|f801fe|300600080668[payload->]..h||26,630
2025-08-01T10:04:53.225 0100|00|00|05|fa0001|3006000e33[payload->].3||13,070
2025-08-01T10:04:53.226 0100|01|00|06|f801fe|300600080668[payload->]..h||26,630
2025-08-01T10:14:52.972 0100|00|00|05|fa0001|3006000e33[payload->].3||13,070
2025-08-01T10:14:53.073 0100|01|00|06|f801fe|300600080668[payload->]..h||26,630
2025-08-01T10:24:52.965 0100|00|00|05|fa0001|3006000e33[payload->].3||13,070
2025-08-01T10:24:53.066 0100|01|00|06|f801fe|300600080668[payload->]..h||26,630
2025-08-01T10:34:52.955 0100|00|00|05|fa0001|3006000e33[payload->].3||13,070
2025-08-01T10:34:53.056 0100|01|00|06|f801fe|300600080668[payload->]..h||26,630
2025-08-01T10:44:53.031 0100|00|00|05|fa0001|3006000e33[payload->].3||13,070
2025-08-01T10:44:53.031 0100|01|00|06|f801fe|300600080668[payload->]..h||26,630
2025-08-01T10:54:52.968 0100|00|00|05|fa0001|3006000e33[payload->].3||13,070
2025-08-01T10:54:53.069 0100|01|00|06|f801fe|300600080668[payload->]..h||26,630
2025-08-01T11:04:52.952 0100|00|00|05|fa0001|3006000e33[payload->].3||13,070
2025-08-01T11:04:53.054 0100|01|00|06|f801fe|300600080668[payload->]..h||26,630
2025-08-01T11:14:52.960 0100|00|00|05|fa0001|3006000e33[payload->].3||13,070
2025-08-01T11:14:53.061 0100|01|00|06|f801fe|300600080668[payload->]..h||26,630
2025-08-01T11:24:53.028 0100|00|00|05|fa0001|3006000e33[payload->].3||13,070
2025-08-01T11:24:53.028 0100|01|00|06|f801fe|300600080668[payload->]..h||26,630
2025-08-01T11:34:52.950 0100|00|00|05|fa0001|3006000e33[payload->].3||13,070
2025-08-01T11:34:53.051 0100|01|00|06|f801fe|300600080668[payload->]..h||26,630
2025-08-01T11:44:53.007 0100|00|00|05|fa0001|3006000e33[payload->].3||13,070
2025-08-01T11:44:53.007 0100|01|00|06|f801fe|300600080668[payload->]..h||26,630
2025-08-01T11:54:52.998 0100|00|00|05|fa0001|3006000e33[payload->].3||13,070
2025-08-01T11:54:52.999 0100|01|00|06|f801fe|300600080668[payload->]..h||26,630
2025-08-01T12:04:53.030 0100|00|00|05|fa0001|3006000e33[payload->].3||13,070
2025-08-01T12:04:53.030 0100|01|00|06|f801fe|300600080668[payload->]..h||26,630
2025-08-01T12:14:53.872 0100|00|00|05|fa0001|3006000e33[payload->].3||13,070
2025-08-01T12:14:53.973 0100|01|00|06|f801fe|300600080668[payload->]..h||26,630
2025-08-01T12:24:54.210 0100|00|00|05|fa0001|3006000e33[payload->].3||13,070
2025-08-01T12:24:54.311 0100|01|00|06|f801fe|300600080668[payload->]..h||26,630
2025-08-01T12:31:31.873 0100|00|00|05|fa0001|3006000e33[payload->].3||13,070
2025-08-01T12:31:31.974 0100|01|00|06|f801fe|300600080668[payload->]..h||26,630
2025-08-01T12:34:54.635 0100|00|00|05|fa0001|3006000e33[payload->].3||13,070
2025-08-01T12:34:54.736 0100|01|00|06|f801fe|300600080668[payload->]..h||26,630
2025-08-01T12:44:54.123 0100|00|00|05|fa0001|3006000e33[payload->].3||13,070
2025-08-01T12:44:54.224 0100|01|00|06|f801fe|300600080668[payload->]..h||26,630
2025-08-01T12:54:55.170 0100|00|00|05|fa0001|3006000e33[payload->].3||13,070
2025-08-01T12:54:55.271 0100|01|00|06|f801fe|300600080668[payload->]..h||26,630
2025-08-01T13:04:55.533 0100|00|00|05|fa0001|3006000e33[payload->].3||13,070
2025-08-01T13:04:55.634 0100|01|00|06|f801fe|300600080668[payload->]..h||26,630
2025-08-01T13:14:55.108 0100|00|00|05|fa0001|3006000e33[payload->].3||13,070
2025-08-01T13:14:55.108 0100|01|00|06|f801fe|300600080668[payload->]..h||26,630
2025-08-01T13:24:55.139 0100|00|00|05|fa0001|3006000e33[payload->].3||13,070
2025-08-01T13:24:55.140 0100|01|00|06|f801fe|300600080668[payload->]..h||26,630
2025-08-01T13:34:57.121 0100|00|00|05|fa0001|3006000e33[payload->].3||13,070
2025-08-01T13:34:57.223 0100|01|00|06|f801fe|300600080668[payload->]..h||26,630
2025-08-01T13:44:57.134 0100|00|00|05|fa0001|3006000e33[payload->].3||13,070
2025-08-01T13:44:57.135 0100|01|00|06|f801fe|300600080668[payload->]..h||26,630
2025-08-01T13:54:57.120 0100|00|00|05|fa0001|3006000e33[payload->].3||13,070
2025-08-01T13:54:57.221 0100|01|00|06|f801fe|300600080668[payload->]..h||26,630
2025-08-01T14:04:57.116 0100|00|00|05|fa0001|3006000e33[payload->].3||13,070
2025-08-01T14:04:57.117 0100|01|00|06|f801fe|300600080668[payload->]..h||26,630
2025-08-01T14:14:57.244 0100|00|00|05|fa0001|3006000e33[payload->].3||13,070
2025-08-01T14:14:57.244 0100|01|00|06|f801fe|300600080668[payload->]..h||26,630
2025-08-01T14:24:57.108 0100|00|00|05|fa0001|3006000e33[payload->].3||13,070
2025-08-01T14:24:57.209 0100|01|00|06|f801fe|300600080668[payload->]..h||26,630
2025-08-01T14:34:58.182 0100|00|00|05|fa0001|3006000e33[payload->].3||13,070
2025-08-01T14:34:58.183 0100|01|00|06|f801fe|300600080668[payload->]..h||26,630
2025-08-01T14:44:58.096 0100|00|00|05|fa0001|3006000e33[payload->].3||13,070
2025-08-01T14:44:58.197 0100|01|00|06|f801fe|300600080668[payload->]..h||26,630
2025-08-01T14:54:58.093 0100|00|00|05|fa0001|3006000e33[payload->].3||13,070
2025-08-01T14:54:58.194 0100|01|00|06|f801fe|300600080668[payload->]..h||26,630
2025-08-01T15:04:58.109 0100|00|00|05|fa0001|3006000e33[payload->].3||13,070
2025-08-01T15:04:58.209 0100|01|00|06|f801fe|300600080668[payload->]..h||26,630
2025-08-01T15:14:58.071 0100|00|00|05|fa0001|3006000e33[payload->].3||13,070
2025-08-01T15:14:58.172 0100|01|00|06|f801fe|300600080668[payload->]..h||26,630
2025-08-01T15:24:59.347 0100|01|00|06|f801fe|300600080668[payload->]..h||26,630
2025-08-01T15:31:31.810 0100|00|00|05|fa0001|3006000e33[payload->].3||13,070
2025-08-01T15:31:31.810 0100|01|00|06|f801fe|300600080668[payload->]..h||26,630
2025-08-01T15:35:00.279 0100|00|00|05|fa0001|3006000e33[payload->].3||13,070
2025-08-01T15:44:59.250 0100|00|00|05|fa0001|3006000e33[payload->].3||13,070
2025-08-01T15:44:59.351 0100|01|00|06|f801fe|300600080668[payload->]..h||26,630
2025-08-01T15:54:59.241 0100|00|00|05|fa0001|3006000e33[payload->].3||13,070
2025-08-01T15:54:59.342 0100|01|00|06|f801fe|300600080668[payload->]..h||26,630
2025-08-01T16:04:59.230 0100|00|00|05|fa0001|3006000e33[payload->].3||13,070
2025-08-01T16:04:59.331 0100|01|00|06|f801fe|300600080668[payload->]..h||26,630
2025-08-01T16:14:59.282 0100|00|00|05|fa0001|3006000e33[payload->].3||13,070
2025-08-01T16:14:59.383 0100|01|00|06|f801fe|300600080668[payload->]..h||26,630
2025-08-01T16:24:59.415 0100|00|00|05|fa0001|3006000e33[payload->].3||13,070
2025-08-01T16:24:59.617 0100|01|00|06|f801fe|300600080668[payload->]..h||26,630
2025-08-01T16:31:32.599 0100|01|00|06|f801fe|300600080668[payload->]..h||26,630
2025-08-01T16:34:59.435 0100|00|00|05|fa0001|3006000e33[payload->].3||13,070
2025-08-01T16:34:59.536 0100|01|00|06|f801fe|300600080668[payload->]..h||26,630
2025-08-01T16:44:59.194 0100|00|00|05|fa0001|3006000e33[payload->].3||13,070
2025-08-01T16:44:59.194 0100|01|00|06|f801fe|300600080668[payload->]..h||26,630
2025-08-01T16:54:59.271 0100|00|00|05|fa0001|3006000e33[payload->].3||13,070
2025-08-01T16:54:59.372 0100|01|00|06|f801fe|300600080668[payload->]..h||26,630
2025-08-01T17:04:59.268 0100|00|00|05|fa0001|3006000e33[payload->].3||13,070
2025-08-01T17:04:59.368 0100|0d|08|06|f801fe|300600080668[payload->]..h||26,630
2025-08-01T17:14:59.297 0100|00|00|05|fa0001|3006000e33[payload->].3||13,070
2025-08-01T17:14:59.298 0100|01|00|06|f801fe|300600080668[payload->]..h||26,630
2025-08-01T17:24:59.177 0100|00|00|05|fa0001|3006000e33[payload->].3||13,070
2025-08-01T17:24:59.278 0100|01|00|06|f801fe|300600080668[payload->]..h||26,630
2025-08-01T17:31:32.047 0100|00|00|05|fa0001|3006000e33[payload->].3||13,070
2025-08-01T17:31:32.148 0100|01|00|06|f801fe|300600080668[payload->]..h||26,630
2025-08-01T17:34:59.303 0100|00|00|05|fa0001|3006000e33[payload->].3||13,070
2025-08-01T17:34:59.404 0100|01|00|06|f801fe|300600080668[payload->]..h||26,630
2025-08-01T17:44:59.081 0100|00|00|05|fa0001|3006000e33[payload->].3||13,070
2025-08-01T17:44:59.182 0100|01|00|06|f801fe|300600080668[payload->]..h||26,630
2025-08-01T18:04:59.129 0100|00|00|05|fa0001|3006000e33[payload->].3||13,070
2025-08-01T18:04:59.230 0100|01|00|06|f801fe|300600080668[payload->]..h||26,630
2025-08-01T18:14:59.300 0100|00|00|05|fa0001|3006000e33[payload->].3||13,070
2025-08-01T18:14:59.401 0100|01|00|06|f801fe|300600080668[payload->]..h||26,630
2025-08-01T18:24:59.177 0100|00|00|05|fa0001|3006000e33[payload->].3||13,070
2025-08-01T18:24:59.278 0100|01|00|06|f801fe|300600080668[payload->]..h||26,630
2025-08-01T18:34:59.197 0100|00|00|05|fa0001|3006000e33[payload->].3||13,070
2025-08-01T18:34:59.298 0100|01|00|06|f801fe|300600080668[payload->]..h||26,630
2025-08-01T18:44:59.169 0100|00|00|05|fa0001|3006000e33[payload->].3||13,070
2025-08-01T18:44:59.169 0100|01|00|06|f801fe|300600080668[payload->]..h||26,630
2025-08-01T18:54:59.229 0100|00|00|05|fa0001|3006000e33[payload->].3||13,070
2025-08-01T18:54:59.230 0100|01|00|06|f801fe|300600080668[payload->]..h||26,630
2025-08-01T19:04:59.255 0100|00|00|05|fa0001|3006000e33[payload->].3||13,070
2025-08-01T19:04:59.255 0100|01|00|06|f801fe|300600080668[payload->]..h||26,630
2025-08-01T19:15:00.452 0100|00|00|05|fa0001|3006000e33[payload->].3||13,070
2025-08-01T19:15:00.554 0100|01|00|06|f801fe|300600080668[payload->]..h||26,630
2025-08-01T19:25:01.208 0100|00|00|05|fa0001|3006000e33[payload->].3||13,070
2025-08-01T19:25:01.309 0100|01|00|06|f801fe|300600080668[payload->]..h||26,630
2025-08-01T19:31:31.879 0100|00|00|05|fa0001|3006000e33[payload->].3||13,070
2025-08-01T19:31:31.880 0100|01|00|06|f801fe|300600080668[payload->]..h||26,630
2025-08-01T19:35:00.536 0100|00|00|05|fa0001|3006000e33[payload->].3||13,070
2025-08-01T19:35:00.537 0100|01|00|06|f801fe|300600080668[payload->]..h||26,630
2025-08-01T19:45:00.522 0100|00|00|05|fa0001|3006000e33[payload->].3||13,070
2025-08-01T19:45:00.523 0100|01|00|06|f801fe|300600080668[payload->]..h||26,630
2025-08-01T19:55:01.124 0100|00|00|05|fa0001|3006000e33[payload->].3||13,070
2025-08-01T19:55:01.125 0100|01|00|06|f801fe|300600080668[payload->]..h||26,630
2025-08-01T20:05:01.107 0100|00|00|05|fa0001|3006000e33[payload->].3||13,070
2025-08-01T20:05:01.108 0100|01|00|06|f801fe|300600080668[payload->]..h||26,630
2025-08-01T20:15:02.038 0100|00|00|05|fa0001|3006000e33[payload->].3||13,070
2025-08-01T20:15:02.139 0100|01|00|06|f801fe|300600080668[payload->]..h||26,630
2025-08-01T20:25:01.977 0100|00|00|05|fa0001|3006000e33[payload->].3||13,070
2025-08-01T20:25:01.978 0100|01|00|06|f801fe|300600080668[payload->]..h||26,630
2025-08-01T20:31:31.337 0100|00|00|05|fa0001|3006000e33[payload->].3||13,070
2025-08-01T20:35:01.978 0100|00|00|05|fa0001|3006000e33[payload->].3||13,070
2025-08-01T20:35:02.079 0100|01|00|06|f801fe|300600080668[payload->]..h||26,630
2025-08-01T20:45:01.995 0100|00|00|05|fa0001|3006000e33[payload->].3||13,070
2025-08-01T20:45:02.096 0100|01|00|06|f801fe|300600080668[payload->]..h||26,630
2025-08-01T20:55:02.377 0100|00|00|05|fa0001|3006000e33[payload->].3||13,070
2025-08-01T20:55:02.378 0100|01|00|06|f801fe|300600080668[payload->]..h||26,630
2025-08-01T21:05:02.009 0100|00|00|05|fa0001|3006000e33[payload->].3||13,070
2025-08-01T21:05:02.010 0100|01|00|06|f801fe|300600080668[payload->]..h||26,630
2025-08-01T21:15:01.987 0100|00|00|05|fa0001|3006000e33[payload->].3||13,070
2025-08-01T21:15:01.987 0100|01|00|06|f801fe|300600080668[payload->]..h||26,630
2025-08-01T21:25:02.105 0100|00|00|05|fa0001|3006000e33[payload->].3||13,070
2025-08-01T21:25:02.105 0100|01|00|06|f801fe|300600080668[payload->]..h||26,630
2025-08-01T21:31:31.244 0100|00|00|05|fa0001|3006000e33[payload->].3||13,070
2025-08-01T21:31:31.446 0100|01|00|06|f801fe|300600080668[payload->]..h||26,630
2025-08-01T21:35:01.987 0100|00|00|05|fa0001|3006000e33[payload->].3||13,070
2025-08-01T21:35:02.088 0100|01|00|06|f801fe|300600080668[payload->]..h||26,630
2025-08-01T21:45:02.940 0100|00|00|05|fa0001|3006000e33[payload->].3||13,070
2025-08-01T21:45:03.042 0100|01|00|06|f801fe|300600080668[payload->]..h||26,630
2025-08-01T21:55:03.579 0100|00|00|05|fa0001|3006000e33[payload->].3||13,070
2025-08-01T21:55:03.680 0100|01|00|06|f801fe|300600080668[payload->]..h||26,630
2025-08-01T22:05:02.985 0100|00|00|05|fa0001|3006000e33[payload->].3||13,070
2025-08-01T22:05:02.985 0100|01|00|06|f801fe|300600080668[payload->]..h||26,630
2025-08-01T22:15:02.959 0100|00|00|05|fa0001|3006000e33[payload->].3||13,070
2025-08-01T22:15:03.060 0100|01|00|06|f801fe|300600080668[payload->]..h||26,630
2025-08-01T22:25:02.992 0100|00|00|05|fa0001|3006000e33[payload->].3||13,070
2025-08-01T22:25:03.093 0100|01|00|06|f801fe|300600080668[payload->]..h||26,630
2025-08-01T22:31:31.539 0100|00|00|05|fa0001|3006000e33[payload->].3||13,070
2025-08-01T22:35:02.916 0100|00|00|05|fa0001|3006000e33[payload->].3||13,070
2025-08-01T22:35:03.018 0100|01|00|06|f801fe|300600080668[payload->]..h||26,630
2025-08-01T22:45:02.967 0100|00|00|05|fa0001|3006000e33[payload->].3||13,070
2025-08-01T22:45:03.068 0100|01|00|06|f801fe|300600080668[payload->]..h||26,630
2025-08-01T22:55:02.993 0100|00|00|05|fa0001|3006000e33[payload->].3||13,070
2025-08-01T22:55:03.094 0100|01|00|06|f801fe|300600080668[payload->]..h||26,630
2025-08-01T23:05:03.015 0100|00|00|05|fa0001|3006000e33[payload->].3||13,070
2025-08-01T23:05:03.015 0100|01|00|06|f801fe|300600080668[payload->]..h||26,630
2025-08-01T23:15:02.966 0100|00|00|05|fa0001|3006000e33[payload->].3||13,070
2025-08-01T23:15:03.067 0100|01|00|06|f801fe|300600080668[payload->]..h||26,630
2025-08-01T23:25:02.980 0100|00|00|05|fa0001|3006000e33[payload->].3||13,070
2025-08-01T23:25:03.081 0100|01|00|06|f801fe|300600080668[payload->]..h||26,630
2025-08-01T23:35:03.001 0100|00|00|05|fa0001|3006000e33[payload->].3||13,070
2025-08-01T23:35:03.002 0100|01|00|06|f801fe|300600080668[payload->]..h||26,630
2025-08-01T23:45:03.013 0100|00|00|05|fa0001|3006000e33[payload->].3||13,070
2025-08-01T23:55:03.006 0100|00|00|05|fa0001|3006000e33[payload->].3||13,070
2025-08-01T23:55:03.007 0100|01|00|06|f801fe|300600080668[payload->]..h||26,630
2025-08-02T00:05:03.010 0100|00|00|05|fa0001|3006000e33[payload->].3||13,070
2025-08-02T00:05:03.010 0100|01|00|06|f801fe|300600080668[payload->]..h||26,630
2025-08-02T00:15:02.923 0100|00|00|05|fa0001|3006000e33[payload->].3||13,070
2025-08-02T00:15:03.024 0100|01|00|06|f801fe|300600080668[payload->]..h||26,630
2025-08-02T00:25:02.937 0100|00|00|05|fa0001|3006000e33[payload->].3||13,070
2025-08-02T00:25:03.038 0100|01|00|06|f801fe|300600080668[payload->]..h||26,630
2025-08-02T00:31:32.698 0100|01|00|06|f801fe|300600080668[payload->]..h||26,630
2025-08-02T00:35:03.005 0100|00|00|05|fa0001|3006000e33[payload->].3||13,070
2025-08-02T00:35:03.005 0100|01|00|06|f801fe|300600080668[payload->]..h||26,630
2025-08-02T00:45:02.988 0100|00|00|05|fa0001|3006000e33[payload->].3||13,070
2025-08-02T00:45:03.090 0100|01|00|06|f801fe|300600080668[payload->]..h||26,630
2025-08-02T00:55:02.959 0100|00|00|05|fa0001|3006000e33[payload->].3||13,070
2025-08-02T00:55:03.060 0100|01|00|06|f801fe|300600080668[payload->]..h||26,630
2025-08-02T01:05:03.859 0100|00|00|05|fa0001|3006000e33[payload->].3||13,070
2025-08-02T01:05:03.860 0100|01|00|06|f801fe|300600080668[payload->]..h||26,630
2025-08-02T01:15:02.933 0100|00|00|05|fa0001|3006000e33[payload->].3||13,070
2025-08-02T01:15:03.034 0100|01|00|06|f801fe|300600080668[payload->]..h||26,630
2025-08-02T01:25:02.947 0100|00|00|05|fa0001|3006000e33[payload->].3||13,070
2025-08-02T01:25:03.049 0100|01|00|06|f801fe|300600080668[payload->]..h||26,630
2025-08-02T01:31:31.357 0100|00|00|05|fa0001|3006000e33[payload->].3||13,070
2025-08-02T01:35:02.950 0100|00|00|05|fa0001|3006000e33[payload->].3||13,070
2025-08-02T01:35:03.051 0100|01|00|06|f801fe|300600080668[payload->]..h||26,630
2025-08-02T01:45:03.028 0100|00|00|05|fa0001|3006000e33[payload->].3||13,070
2025-08-02T01:45:03.029 0100|01|00|06|f801fe|300600080668[payload->]..h||26,630
2025-08-02T01:55:02.999 0100|00|00|05|fa0001|3006000e33[payload->].3||13,070
2025-08-02T01:55:03.100 0100|01|00|06|f801fe|300600080668[payload->]..h||26,630
2025-08-02T02:05:02.949 0100|00|00|05|fa0001|3006000e33[payload->].3||13,070
2025-08-02T02:05:02.950 0100|01|00|06|f801fe|300600080668[payload->]..h||26,630
2025-08-02T02:15:02.993 0100|00|00|05|fa0001|3006000e33[payload->].3||13,070
2025-08-02T02:15:03.094 0100|01|00|06|f801fe|300600080668[payload->]..h||26,630
2025-08-02T02:25:02.977 0100|00|00|05|fa0001|3006000e33[payload->].3||13,070
2025-08-02T02:25:02.978 0100|01|00|06|f801fe|300600080668[payload->]..h||26,630
2025-08-02T02:35:02.951 0100|00|00|05|fa0001|3006000e33[payload->].3||13,070
2025-08-02T02:35:03.052 0100|01|00|06|f801fe|300600080668[payload->]..h||26,630
2025-08-02T02:45:03.027 0100|00|00|05|fa0001|3006000e33[payload->].3||13,070
2025-08-02T02:45:03.027 0100|01|00|06|f801fe|300600080668[payload->]..h||26,630
2025-08-02T02:55:02.950 0100|00|00|05|fa0001|3006000e33[payload->].3||13,070
2025-08-02T02:55:03.051 0100|01|00|06|f801fe|300600080668[payload->]..h||26,630
2025-08-02T03:05:03.996 0100|00|00|05|fa0001|3006000e33[payload->].3||13,070
2025-08-02T03:05:04.097 0100|01|00|06|f801fe|300600080668[payload->]..h||26,630
2025-08-02T03:15:03.949 0100|00|00|05|fa0001|3006000e33[payload->].3||13,070
2025-08-02T03:15:03.949 0100|01|00|06|f801fe|300600080668[payload->]..h||26,630
2025-08-02T03:25:02.991 0100|00|00|05|fa0001|3006000e33[payload->].3||13,070
2025-08-02T03:25:02.991 0100|01|00|06|f801fe|300600080668[payload->]..h||26,630
2025-08-02T03:35:03.032 0100|00|00|05|fa0001|3006000e33[payload->].3||13,070
2025-08-02T03:35:03.032 0100|01|00|06|f801fe|300600080668[payload->]..h||26,630
2025-08-02T03:45:03.018 0100|00|00|05|fa0001|3006000e33[payload->].3||13,070
2025-08-02T03:45:03.018 0100|01|00|06|f801fe|300600080668[payload->]..h||26,630
2025-08-02T03:55:04.176 0100|00|00|05|fa0001|3006000e33[payload->].3||13,070
2025-08-02T03:55:04.277 0100|01|00|06|f801fe|300600080668[payload->]..h||26,630
2025-08-02T04:05:02.935 0100|00|00|05|fa0001|3006000e33[payload->].3||13,070
2025-08-02T04:05:03.036 0100|01|00|06|f801fe|300600080668[payload->]..h||26,630
2025-08-02T04:15:02.996 0100|00|00|05|fa0001|3006000e33[payload->].3||13,070
2025-08-02T04:15:03.098 0100|01|00|06|f801fe|300600080668[payload->]..h||26,630
2025-08-02T04:25:02.960 0100|00|00|05|fa0001|3006000e33[payload->].3||13,070
2025-08-02T04:25:03.062 0100|01|00|06|f801fe|300600080668[payload->]..h||26,630
2025-08-02T04:31:31.586 0100|00|00|05|fa0001|3006000e33[payload->].3||13,070
2025-08-02T04:31:31.687 0100|01|00|06|f801fe|300600080668[payload->]..h||26,630
2025-08-02T04:35:02.982 0100|00|00|05|fa0001|3006000e33[payload->].3||13,070
2025-08-02T04:35:03.083 0100|01|00|06|f801fe|300600080668[payload->]..h||26,630
2025-08-02T04:45:02.978 0100|00|00|05|fa0001|3006000e33[payload->].3||13,070
2025-08-02T04:45:03.079 0100|01|00|06|f801fe|300600080668[payload->]..h||26,630
2025-08-02T04:55:03.024 0100|00|00|05|fa0001|3006000e33[payload->].3||13,070
2025-08-02T04:55:03.025 0100|01|00|06|f801fe|300600080668[payload->]..h||26,630
2025-08-02T05:05:02.954 0100|00|00|05|fa0001|3006000e33[payload->].3||13,070
2025-08-02T05:05:03.055 0100|01|00|06|f801fe|300600080668[payload->]..h||26,630
2025-08-02T05:15:02.963 0100|00|00|05|fa0001|3006000e33[payload->].3||13,070
2025-08-02T05:15:03.065 0100|01|00|06|f801fe|300600080668[payload->]..h||26,630
2025-08-02T05:25:03.034 0100|00|00|05|fa0001|3006000e33[payload->].3||13,070
2025-08-02T05:25:03.034 0100|01|00|06|f801fe|300600080668[payload->]..h||26,630
2025-08-02T05:35:03.031 0100|00|00|05|fa0001|3006000e33[payload->].3||13,070
2025-08-02T05:35:03.031 0100|01|00|06|f801fe|300600080668[payload->]..h||26,630
2025-08-02T05:45:04.094 0100|00|00|05|fa0001|3006000e33[payload->].3||13,070
2025-08-02T05:45:04.094 0100|01|00|06|f801fe|300600080668[payload->]..h||26,630
2025-08-02T05:55:04.072 0100|00|00|05|fa0001|3006000e33[payload->].3||13,070
2025-08-02T05:55:04.072 0100|01|00|06|f801fe|300600080668[payload->]..h||26,630
2025-08-02T06:05:04.095 0100|00|00|05|fa0001|3006000e33[payload->].3||13,070
2025-08-02T06:05:04.095 0100|01|00|06|f801fe|300600080668[payload->]..h||26,630
2025-08-02T06:15:04.037 0100|00|00|05|fa0001|3006000e33[payload->].3||13,070
2025-08-02T06:15:04.139 0100|01|00|06|f801fe|300600080668[payload->]..h||26,630
2025-08-02T06:25:04.117 0100|00|00|05|fa0001|3006000e33[payload->].3||13,070
2025-08-02T06:25:04.117 0100|01|00|06|f801fe|300600080668[payload->]..h||26,630
2025-08-02T06:31:32.360 0100|00|00|05|fa0001|3006000e33[payload->].3||13,070
2025-08-02T06:31:32.461 0100|01|00|06|f801fe|300600080668[payload->]..h||26,630
2025-08-02T06:35:04.096 0100|00|00|05|fa0001|3006000e33[payload->].3||13,070
2025-08-02T06:35:04.096 0100|01|00|06|f801fe|300600080668[payload->]..h||26,630
2025-08-02T06:45:04.324 0100|00|00|05|fa0001|3006000e33[payload->].3||13,070
2025-08-02T06:45:04.424 0100|01|00|06|f801fe|300600080668[payload->]..h||26,630
2025-08-02T06:55:04.191 0100|00|00|05|fa0001|3006000e33[payload->].3||13,070
2025-08-02T06:55:04.191 0100|01|00|06|f801fe|300600080668[payload->]..h||26,630
2025-08-02T07:05:04.219 0100|00|00|05|fa0001|3006000e33[payload->].3||13,070
2025-08-02T07:05:04.220 0100|01|00|06|f801fe|300600080668[payload->]..h||26,630
2025-08-02T07:15:04.056 0100|00|00|05|fa0001|3006000e33[payload->].3||13,070
2025-08-02T07:15:04.157 0100|01|00|06|f801fe|300600080668[payload->]..h||26,630
2025-08-02T07:25:04.165 0100|00|00|05|fa0001|3006000e33[payload->].3||13,070
2025-08-02T07:25:04.166 0100|01|00|06|f801fe|300600080668[payload->]..h||26,630
2025-08-02T07:35:04.127 0100|00|00|05|fa0001|3006000e33[payload->].3||13,070
2025-08-02T07:35:04.228 0100|01|00|06|f801fe|300600080668[payload->]..h||26,630
2025-08-02T07:45:04.023 0100|00|00|05|fa0001|3006000e33[payload->].3||13,070
2025-08-02T07:45:04.023 0100|01|00|06|fa01fe|300600080668[payload->]..h||26,630
2025-08-02T07:55:03.975 0100|00|00|05|fa0001|3006000e33[payload->].3||13,070
2025-08-02T07:55:04.077 0100|01|00|06|f801fe|300600080668[payload->]..h||26,630
2025-08-02T08:05:03.994 0100|00|00|05|fa0001|3006000e33[payload->].3||13,070
2025-08-02T08:05:04.095 0100|01|00|06|f801fe|300600080668[payload->]..h||26,630
2025-08-02T08:15:04.019 0100|00|00|05|fa0001|3006000e33[payload->].3||13,070
2025-08-02T08:15:04.120 0100|01|00|06|f801fe|300600080668[payload->]..h||26,630
2025-08-02T08:35:03.990 0100|00|00|05|fa0001|3006000e33[payload->].3||13,070
2025-08-02T08:45:04.082 0100|00|00|05|fa0001|3006000e33[payload->].3||13,070
2025-08-02T08:45:04.083 0100|01|00|06|f801fe|300600080668[payload->]..h||26,630
2025-08-02T08:55:04.023 0100|00|00|05|fa0001|3006000e33[payload->].3||13,070
2025-08-02T08:55:04.124 0100|01|00|0e|fa01fe|3006000a06680100000005fa0001[payload->]..h........||0,256
2025-08-02T09:05:04.043 0100|00|00|05|fa0001|3006000e33[payload->].3||13,070
2025-08-02T09:15:04.039 0100|00|00|05|fa0001|3006000e33[payload->].3||13,070
2025-08-02T09:15:04.039 0100|01|00|06|f801fe|300600080668[payload->]..h||26,630
2025-08-02T09:25:04.020 0100|00|00|05|fa0001|3006000e33[payload->].3||13,070
2025-08-02T09:25:04.021 0100|01|00|06|f801fe|300600080668[payload->]..h||26,630
2025-08-02T09:35:04.767 0100|00|00|05|fa0001|3006000e33[payload->].3||13,070
2025-08-02T09:35:04.767 0100|01|00|06|f801fe|300600080668[payload->]..h||26,630
2025-08-02T09:45:03.983 0100|00|00|05|fa0001|3006000e33[payload->].3||13,070
2025-08-02T09:45:04.084 0100|0d|0c|0e|f801fe|3006000806680100000005fa0001[payload->]..h........||0,256
2025-08-02T09:55:04.279 0100|00|00|05|fa0001|3006000e33[payload->].3||13,070
2025-08-02T09:55:04.380 0100|01|00|06|f801fe|300600080668[payload->]..h||26,630
2025-08-02T10:05:04.009 0100|00|00|05|fa0001|3006000e33[payload->].3||13,070
2025-08-02T10:05:04.009 0100|01|00|06|f801fe|300600080668[payload->]..h||26,630
2025-08-02T10:15:03.951 0100|00|00|05|fa0001|3006000e33[payload->].3||13,070
2025-08-02T10:15:04.052 0100|01|00|06|f801fe|300600080668[payload->]..h||26,630
2025-08-02T10:25:04.041 0100|00|00|05|fa0001|3006000e33[payload->].3||13,070
2025-08-02T10:25:04.041 0100|01|00|06|f801fe|30060008066a[payload->]..j||27,142
2025-08-02T10:35:04.032 0100|00|00|05|fa0001|3006000e33[payload->].3||13,070
2025-08-02T10:35:04.033 0100|01|00|06|f801fe|300600080668[payload->]..h||26,630
2025-08-02T10:45:04.039 0100|00|00|05|fa0001|3006000e33[payload->].3||13,070
2025-08-02T10:45:04.039 0100|01|00|06|f801fe|300600080668[payload->]..h||26,630
2025-08-02T10:55:04.036 0100|00|00|05|fa0001|3006000e33[payload->].3||13,070
2025-08-02T10:55:04.037 0100|01|00|06|f801fe|300600080668[payload->]..h||26,630
2025-08-02T11:05:04.038 0100|00|00|05|fa0001|3006000e33[payload->].3||13,070
2025-08-02T11:05:04.039 0100|01|00|06|f801fe|300600080668[payload->]..h||26,630
2025-08-02T11:15:03.970 0100|00|00|05|fa0001|3006000e33[payload->].3||13,070
2025-08-02T11:15:04.071 0100|01|00|06|f801fe|300600080668[payload->]..h||26,630
2025-08-02T11:31:31.233 0100|00|00|05|fa0001|3006000e33[payload->].3||13,070
2025-08-02T11:31:31.334 0100|09|00|0e|f801fe|3006000806680100000005fa0001[payload->]..h........||0,256
2025-08-02T11:35:03.998 0100|00|00|05|fa0001|3006000e33[payload->].3||13,070
2025-08-02T11:35:04.099 0100|01|00|06|f801fe|300600080668[payload->]..h||26,630
2025-08-02T11:45:03.977 0100|00|00|05|fa0001|3006000e33[payload->].3||13,070
2025-08-02T11:45:04.079 0100|01|00|06|f801fe|300600080668[payload->]..h||26,630
2025-08-02T11:55:03.962 0100|00|00|05|fa0001|3006000e33[payload->].3||13,070
2025-08-02T11:55:04.063 0100|01|00|06|f801fe|300600080668[payload->]..h||26,630
2025-08-02T12:05:05.247 0100|00|00|05|fa0001|3006000e33[payload->].3||13,070
2025-08-02T12:05:05.348 0100|01|00|06|f801fe|300600080668[payload->]..h||26,630
2025-08-02T12:15:05.007 0100|00|00|05|fa0001|3006000e33[payload->].3||13,070
2025-08-02T12:15:05.108 0100|01|00|06|f801fe|300600080668[payload->]..h||26,630
2025-08-02T12:25:04.992 0100|00|00|05|fa0001|3006000e33[payload->].3||13,070
2025-08-02T12:25:05.093 0100|01|00|06|f801fe|300600080668[payload->]..h||26,630
2025-08-02T12:31:32.779 0100|00|00|05|fa0001|3006000e33[payload->].3||13,070
2025-08-02T12:31:32.880 0100|01|00|06|f801fe|300600080668[payload->]..h||26,630
2025-08-02T12:35:05.099 0100|00|00|05|fa0001|3006000e33[payload->].3||13,070
2025-08-02T12:35:05.199 0100|01|00|06|f801fe|300600080668[payload->]..h||26,630
2025-08-02T12:45:05.103 0100|00|00|05|fa0001|3006000e33[payload->].3||13,070
2025-08-02T12:45:05.205 0100|01|00|06|f801fe|300600080668[payload->]..h||26,630
2025-08-02T12:55:05.197 0100|00|00|05|fa0001|3006000e33[payload->].3||13,070
2025-08-02T12:55:05.298 0100|01|00|06|f801fe|300600080668[payload->]..h||26,630
2025-08-02T13:05:05.621 0100|00|00|05|fa0001|3006000e33[payload->].3||13,070
2025-08-02T13:05:05.621 0100|01|00|06|f801fe|300600080668[payload->]..h||26,630
2025-08-02T13:15:06.254 0100|00|00|05|fa0001|3006000e33[payload->].3||13,070
2025-08-02T13:15:06.355 0100|01|00|06|f801fe|300600080668[payload->]..h||26,630
2025-08-02T13:25:07.044 0100|00|00|05|fa0001|3006000e33[payload->].3||13,070
2025-08-02T13:25:07.045 0100|01|00|06|f801fe|300600080668[payload->]..h||26,630
2025-08-02T13:35:06.957 0100|00|00|05|fa0001|3006000e33[payload->].3||13,070
2025-08-02T13:35:07.058 0100|01|00|06|f801fe|300600080668[payload->]..h||26,630
2025-08-02T13:45:06.974 0100|00|00|05|fa0001|3006000e33[payload->].3||13,070
2025-08-02T13:45:07.075 0100|01|00|06|f801fe|300600080668[payload->]..h||26,630
2025-08-02T13:55:07.019 0100|00|00|05|fa0001|3006000e33[payload->].3||13,070
2025-08-02T13:55:07.020 0100|01|00|06|f801fe|300600080668[payload->]..h||26,630
2025-08-02T14:05:06.979 0100|00|00|05|fa0001|3006000e33[payload->].3||13,070
2025-08-02T14:05:07.080 0100|01|00|06|f801fe|300600080668[payload->]..h||26,630
2025-08-02T14:15:06.990 0100|00|00|05|fa0001|3006000e33[payload->].3||13,070
2025-08-02T14:15:07.092 0100|01|00|06|f801fe|300600080668[payload->]..h||26,630
2025-08-02T14:25:07.032 0100|00|00|05|fa0001|3006000e33[payload->].3||13,070
2025-08-02T14:25:07.032 0100|01|40|06|f801fe|300600080668[payload->]..h||26,630
2025-08-02T14:35:07.021 0100|00|00|05|fa0001|3006000e33[payload->].3||13,070
2025-08-02T14:35:07.021 0100|01|00|06|f801fe|300600080668[payload->]..h||26,630
2025-08-02T14:55:08.445 0100|00|00|05|fa0001|3006000e33[payload->].3||13,070
2025-08-02T14:55:08.445 0100|01|00|06|f801fe|300600080668[payload->]..h||26,630
2025-08-02T15:05:07.011 0100|00|00|05|fa0001|3006000e33[payload->].3||13,070
2025-08-02T15:05:07.012 0100|01|00|06|f801fe|300600080668[payload->]..h||26,630
2025-08-02T15:15:06.968 0100|00|00|05|fa0001|3006000e33[payload->].3||13,070
2025-08-02T15:15:07.068 0100|01|00|06|f801fe|300600080668[payload->]..h||26,630
2025-08-02T15:25:06.999 0100|00|00|05|fa0001|3006000e33[payload->].3||13,070
2025-08-02T15:25:07.101 0100|01|00|06|f801fe|300600080668[payload->]..h||26,630
2025-08-02T15:35:06.971 0100|00|00|05|fa0001|3006000e33[payload->].3||13,070
2025-08-02T15:35:07.072 0100|01|00|06|f801fe|300600080668[payload->]..h||26,630
2025-08-02T15:45:06.975 0100|00|00|05|fa0001|3006000e33[payload->].3||13,070
2025-08-02T15:45:07.076 0100|01|00|06|f801fe|300600080668[payload->]..h||26,630
2025-08-02T15:55:08.905 0100|00|00|05|fa0001|3006000e33[payload->].3||13,070
2025-08-02T15:55:08.905 0100|01|00|06|f801fe|300600080668[payload->]..h||26,630
2025-08-02T16:05:07.006 0100|00|00|05|fa0001|3006000e33[payload->].3||13,070
2025-08-02T16:05:07.006 0100|01|00|06|f801fe|300600080668[payload->]..h||26,630
2025-08-02T16:15:06.965 0100|00|00|05|fa0001|3006000e33[payload->].3||13,070
2025-08-02T16:15:07.066 0100|01|00|06|f801fe|300600080668[payload->]..h||26,630
2025-08-02T16:25:06.985 0100|00|00|05|fa0001|3006000e33[payload->].3||13,070
2025-08-02T16:25:07.086 0100|01|00|06|f801fe|300600080668[payload->]..h||26,630
2025-08-02T16:35:06.972 0100|00|00|05|fa0001|3006000e33[payload->].3||13,070
2025-08-02T16:35:07.073 0100|01|00|06|f801fe|300600080668[payload->]..h||26,630
2025-08-02T16:45:06.982 0100|00|00|05|fa0001|3006000e33[payload->].3||13,070
2025-08-02T16:45:07.083 0100|01|00|06|f801fe|300600080668[payload->]..h||26,630
2025-08-02T16:55:07.011 0100|00|00|05|fa0001|3006000e33[payload->].3||13,070
2025-08-02T16:55:07.011 0100|01|00|06|f801fe|300600080668[payload->]..h||26,630
2025-08-02T17:05:07.018 0100|00|00|05|fa0001|3006000e33[payload->].3||13,070
2025-08-02T17:05:07.018 0100|01|00|06|f801fe|300600080668[payload->]..h||26,630
2025-08-02T17:15:07.042 0100|00|00|05|fa0001|3006000e33[payload->].3||13,070
2025-08-02T17:25:06.930 0100|00|00|05|fa0001|3006000e33[payload->].3||13,070
2025-08-02T17:25:07.031 0100|01|00|06|f801fe|300600080668[payload->]..h||26,630
2025-08-02T17:35:06.998 0100|00|00|05|fa0001|3006000e33[payload->].3||13,070
2025-08-02T17:35:06.999 0100|01|00|06|f801fe|300600080668[payload->]..h||26,630
2025-08-02T17:45:06.949 0100|00|00|05|fa0001|3006000e33[payload->].3||13,070
2025-08-02T17:45:07.050 0100|01|00|06|f801fe|300600080668[payload->]..h||26,630
2025-08-02T17:55:06.982 0100|00|00|05|fa0001|3006000e33[payload->].3||13,070
2025-08-02T17:55:07.083 0100|01|00|06|f801fe|300600080668[payload->]..h||26,630
2025-08-02T18:05:06.985 0100|00|00|05|fa0001|3006000e33[payload->].3||13,070
2025-08-02T18:05:07.086 0100|01|00|06|f801fe|300600080668[payload->]..h||26,630
2025-08-02T18:15:07.082 0100|00|00|05|fa0001|3006000e33[payload->].3||13,070
2025-08-02T18:15:07.082 0100|01|00|06|f801fe|300600080668[payload->]..h||26,630
2025-08-02T18:25:07.033 0100|00|00|05|fa0001|3006000e33[payload->].3||13,070
2025-08-02T18:25:07.034 0100|01|00|06|f801fe|300600080668[payload->]..h||26,630
2025-08-02T18:31:32.273 0100|00|00|05|fa0001|3006000e33[payload->].3||13,070
2025-08-02T18:31:32.374 0100|01|00|06|f801fe|300600080668[payload->]..h||26,630
2025-08-02T18:35:07.010 0100|00|00|05|fa0001|3006000e33[payload->].3||13,070
2025-08-02T18:35:07.011 0100|01|00|06|f801fe|300600080668[payload->]..h||26,630
2025-08-02T18:45:07.494 0100|00|00|05|fa0001|3006000e33[payload->].3||13,070
2025-08-02T18:45:07.595 0100|01|00|06|f801fe|300600080668[payload->]..h||26,630
2025-08-02T18:55:07.582 0100|00|00|05|fa0001|3006000e33[payload->].3||13,070
2025-08-02T18:55:07.582 0100|01|00|06|f801fe|300600080668[payload->]..h||26,630
2025-08-02T19:15:07.031 0100|00|00|05|fa0001|3006000e33[payload->].3||13,070
2025-08-02T19:15:07.132 0100|01|00|06|f801fe|300600080668[payload->]..h||26,630
2025-08-02T19:25:08.166 0100|00|00|05|fa0001|3006000e33[payload->].3||13,070
2025-08-02T19:25:08.166 0100|01|00|06|f801fe|300600080668[payload->]..h||26,630
2025-08-02T19:35:08.302 0100|00|00|05|fa0001|3006000e33[payload->].3||13,070
2025-08-02T19:35:08.403 0100|01|00|06|f801fe|300600080668[payload->]..h||26,630
2025-08-02T19:45:08.502 0100|00|00|05|fa0001|3006000e33[payload->].3||13,070
2025-08-02T19:55:09.055 0100|00|00|05|fa0001|3006000e33[payload->].3||13,070
2025-08-02T19:55:09.055 0100|01|00|06|f801fe|300600080668[payload->]..h||26,630
2025-08-02T20:05:09.018 0100|00|00|05|fa0001|3006000e33[payload->].3||13,070
2025-08-02T20:05:09.119 0100|01|00|06|f801fe|300600080668[payload->]..h||26,630
2025-08-02T20:15:10.247 0100|00|00|05|fa0001|3006000e33[payload->].3||13,070
2025-08-02T20:15:10.247 0100|01|00|06|f801fe|300600080668[payload->]..h||26,630
2025-08-02T20:25:10.163 0100|00|00|05|fa0001|3006000e33[payload->].3||13,070
2025-08-02T20:25:10.163 0100|01|00|06|f801fe|300600080668[payload->]..h||26,630
2025-08-02T20:35:10.231 0100|00|00|05|fa0001|3006000e33[payload->].3||13,070
2025-08-02T20:35:10.231 0100|01|00|06|f801fe|300600080668[payload->]..h||26,630
2025-08-02T20:45:10.116 0100|00|00|05|fa0001|3006000e33[payload->].3||13,070
2025-08-02T20:45:10.217 0100|01|00|06|f801fe|300600080668[payload->]..h||26,630
2025-08-02T20:55:10.164 0100|00|00|05|fa0001|3006000e33[payload->].3||13,070
2025-08-02T20:55:10.265 0100|01|00|06|f801fe|300600080668[payload->]..h||26,630
2025-08-02T21:05:10.429 0100|00|00|05|fa0001|3006000e33[payload->].3||13,070
2025-08-02T21:05:10.429 0100|01|00|06|f801fe|300600080668[payload->]..h||26,630
2025-08-02T21:15:10.755 0100|00|00|05|fa0001|3006000e33[payload->].3||13,070
2025-08-02T21:15:10.856 0100|01|00|06|f801fe|300600080668[payload->]..h||26,630
2025-08-02T21:25:10.040 0100|00|00|05|fa0001|3006000e33[payload->].3||13,070
2025-08-02T21:25:10.141 0100|01|00|06|f801fe|300600080668[payload->]..h||26,630
2025-08-02T21:35:10.860 0100|00|00|05|fa0001|3006000e33[payload->].3||13,070
2025-08-02T21:35:10.860 0100|01|00|06|f801fe|300600080668[payload->]..h||26,630
2025-08-02T21:45:10.114 0100|00|00|05|fa0001|3006000e33[payload->].3||13,070
2025-08-02T21:45:10.215 0100|01|00|06|f801fe|300600080668[payload->]..h||26,630
2025-08-02T21:55:10.220 0100|00|00|05|fa0001|3006000e33[payload->].3||13,070
2025-08-02T21:55:10.220 0100|01|00|06|f801fe|300600080668[payload->]..h||26,630
2025-08-02T22:05:10.173 0100|00|00|05|fa0001|3006000e33[payload->].3||13,070
2025-08-02T22:05:10.274 0100|01|00|06|f801fe|300600080668[payload->]..h||26,630
2025-08-02T22:15:10.605 0100|00|00|05|fa0001|3006000e33[payload->].3||13,070
2025-08-02T22:15:10.706 0100|01|00|06|f801fe|300600080668[payload->]..h||26,630
2025-08-02T22:25:10.667 0100|00|00|05|fa0001|3006000e33[payload->].3||13,070
2025-08-02T22:25:10.768 0100|01|00|06|f801fe|300600080668[payload->]..h||26,630
2025-08-02T22:35:10.160 0100|00|00|05|fa0001|3006000e33[payload->].3||13,070
2025-08-02T22:35:10.261 0100|01|00|06|f801fe|300600080668[payload->]..h||26,630
2025-08-02T22:45:10.200 0100|00|00|05|fa0001|3006000e33[payload->].3||13,070
2025-08-02T22:45:10.301 0100|01|00|06|f801fe|300600080668[payload->]..h||26,630
2025-08-02T22:55:10.248 0100|00|00|05|fa0001|3006000e33[payload->].3||13,070
2025-08-02T22:55:10.449 0100|01|00|06|f801fe|300600080668[payload->]..h||26,630
2025-08-02T23:05:10.229 0100|00|00|05|fa0001|3006000e33[payload->].3||13,070
2025-08-02T23:05:10.330 0100|01|00|06|f801fe|300600080668[payload->]..h||26,630
2025-08-02T23:15:10.279 0100|00|00|05|fa0001|3006000e33[payload->].3||13,070
2025-08-02T23:15:10.380 0100|01|00|06|f801fe|300600080668[payload->]..h||26,630
2025-08-02T23:25:11.149 0100|00|00|05|fa0001|3006000e33[payload->].3||13,070
2025-08-02T23:25:11.149 0100|01|00|06|f801fe|300600080668[payload->]..h||26,630
2025-08-02T23:35:11.258 0100|00|00|05|fa0001|3006000e33[payload->].3||13,070
2025-08-02T23:35:11.359 0100|01|00|06|f801fe|300600080668[payload->]..h||26,630
2025-08-02T23:45:11.145 0100|00|00|05|fa0001|3006000e33[payload->].3||13,070
2025-08-02T23:45:11.246 0100|01|00|06|f801fe|300600080668[payload->]..h||26,630
2025-08-02T23:55:11.304 0100|00|00|05|fa0001|3006000e33[payload->].3||13,070
2025-08-02T23:55:11.304 0100|01|00|06|f801fe|300600080668[payload->]..h||26,630
2025-08-03T00:05:11.142 0100|00|00|05|fa0001|3006000e33[payload->].3||13,070
2025-08-03T00:05:11.142 0100|01|00|06|f801fe|300600080668[payload->]..h||26,630
2025-08-03T00:15:11.182 0100|00|00|05|fa0001|3006000e33[payload->].3||13,070
2025-08-03T00:15:11.182 0100|01|00|06|f801fe|300600080668[payload->]..h||26,630
2025-08-03T00:25:13.086 0100|00|00|05|fa0001|3006000e33[payload->].3||13,070
2025-08-03T00:25:13.087 0100|01|00|06|f801fe|300600080668[payload->]..h||26,630
2025-08-03T00:31:32.898 0100|01|00|06|f801fe|300600080668[payload->]..h||26,630
2025-08-03T00:35:11.152 0100|00|00|05|fa0001|3006000e33[payload->].3||13,070
2025-08-03T00:35:11.354 0100|01|00|06|f801fe|300600080668[payload->]..h||26,630
2025-08-03T00:45:12.182 0100|00|00|05|fa0001|3006000e33[payload->].3||13,070
2025-08-03T00:45:12.283 0100|01|00|06|f801fe|300600080668[payload->]..h||26,630
2025-08-03T00:55:11.082 0100|00|00|05|fa0001|3006000e33[payload->].3||13,070
2025-08-03T00:55:11.183 0100|01|00|06|f801fe|300600080668[payload->]..h||26,630
2025-08-03T01:05:12.064 0100|00|00|05|fa0001|3006000e33[payload->].3||13,070
2025-08-03T01:05:12.165 0100|01|00|06|f801fe|300600080668[payload->]..h||26,630
2025-08-03T01:15:13.115 0100|00|00|05|fa0001|3006000e33[payload->].3||13,070
2025-08-03T01:15:13.216 0100|01|00|06|f801fe|300600080668[payload->]..h||26,630
2025-08-03T01:25:13.144 0100|00|00|05|fa0001|3006000e33[payload->].3||13,070
2025-08-03T01:25:13.145 0100|01|00|06|f801fe|300600080668[payload->]..h||26,630
2025-08-03T01:35:13.199 0100|00|00|05|fa0001|3006000e33[payload->].3||13,070
2025-08-03T01:35:13.200 0100|01|00|06|f801fe|300600080668[payload->]..h||26,630
2025-08-03T01:45:13.181 0100|00|00|05|fa0001|3006000e33[payload->].3||13,070
2025-08-03T01:45:13.282 0100|01|00|06|f801fe|300600080668[payload->]..h||26,630
2025-08-03T01:55:13.382 0100|00|00|05|fa0001|3006000e33[payload->].3||13,070
2025-08-03T01:55:13.382 0100|01|00|06|f801fe|300600080668[payload->]..h||26,630
2025-08-03T02:05:13.101 0100|00|00|05|fa0001|3006000e33[payload->].3||13,070
2025-08-03T02:05:13.202 0100|01|00|06|f801fe|300600080668[payload->]..h||26,630
2025-08-03T02:15:13.153 0100|00|00|05|fa0001|3006000e33[payload->].3||13,070
2025-08-03T02:15:13.154 0100|01|00|06|f801fe|300600080668[payload->]..h||26,630
2025-08-03T02:25:14.581 0100|00|00|05|fa0001|3006000e33[payload->].3||13,070
2025-08-03T02:25:14.682 0100|01|00|06|f801fe|300600080668[payload->]..h||26,630
2025-08-03T02:31:32.313 0100|00|00|05|fa0001|3006000e33[payload->].3||13,070
2025-08-03T02:45:13.930 0100|00|00|05|fa0001|3006000e33[payload->].3||13,070
2025-08-03T02:45:14.031 0100|01|00|06|f801fe|300600080668[payload->]..h||26,630
2025-08-03T02:55:13.930 0100|00|00|05|fa0001|3006000e33[payload->].3||13,070
2025-08-03T02:55:14.031 0100|01|00|06|f801fe|300600080668[payload->]..h||26,630
2025-08-03T03:05:13.964 0100|00|00|05|fa0001|3006000e33[payload->].3||13,070
2025-08-03T03:05:14.065 0100|01|00|06|f801fe|300600080668[payload->]..h||26,630
2025-08-03T03:15:15.309 0100|00|00|05|fa0001|3006000e33[payload->].3||13,070
2025-08-03T03:15:15.410 0100|01|00|06|f801fe|300600080668[payload->]..h||26,630
2025-08-03T03:25:13.992 0100|00|00|05|fa0001|3006000e33[payload->].3||13,070
2025-08-03T03:25:14.093 0100|01|00|06|f801fe|300600080668[payload->]..h||26,630
2025-08-03T03:35:13.933 0100|00|00|05|fa0001|3006000e33[payload->].3||13,070
2025-08-03T03:35:14.034 0100|01|00|06|f801fe|300600080668[payload->]..h||26,630
2025-08-03T03:45:13.993 0100|00|00|05|fa0001|3006000e33[payload->].3||13,070
2025-08-03T03:45:14.094 0100|01|00|06|f801fe|300600080668[payload->]..h||26,630
2025-08-03T03:55:13.960 0100|00|00|05|fa0001|3006000e33[payload->].3||13,070
2025-08-03T03:55:14.061 0100|01|00|06|f801fe|300600080668[payload->]..h||26,630
2025-08-03T04:05:14.120 0100|00|00|05|fa0001|3006000e33[payload->].3||13,070
2025-08-03T04:05:14.120 0100|01|00|06|f801fe|300600080668[payload->]..h||26,630
2025-08-03T04:15:13.978 0100|00|00|05|fa0001|3006000e33[payload->].3||13,070
2025-08-03T04:15:14.079 0100|01|00|06|f801fe|300600080668[payload->]..h||26,630
2025-08-03T04:25:13.983 0100|00|00|05|fa0001|3006000e33[payload->].3||13,070
2025-08-03T04:25:13.984 0100|01|00|06|f801fe|300600080668[payload->]..h||26,630
2025-08-03T04:35:13.989 0100|00|00|05|fa0001|3006000e33[payload->].3||13,070
2025-08-03T04:35:14.090 0100|01|00|06|f801fe|300600080668[payload->]..h||26,630
2025-08-03T04:45:14.016 0100|00|00|05|fa0001|3006000e33[payload->].3||13,070
2025-08-03T04:45:14.016 0100|01|00|06|f801fe|300600080668[payload->]..h||26,630
2025-08-03T04:55:14.014 0100|00|00|05|fa0001|3006000e33[payload->].3||13,070
2025-08-03T04:55:14.115 0100|01|00|06|f801fe|300600080668[payload->]..h||26,630
2025-08-03T05:05:13.983 0100|00|00|05|fa0001|3006000e33[payload->].3||13,070
2025-08-03T05:05:13.984 0100|01|00|06|f801fe|300600080668[payload->]..h||26,630
2025-08-03T05:15:13.979 0100|00|00|05|fa0001|3006000e33[payload->].3||13,070
2025-08-03T05:15:14.080 0100|01|00|06|f801fe|300600080660[payload->]..`||24,582
2025-08-03T05:25:13.923 0100|00|00|05|fa0001|3006000e33[payload->].3||13,070
2025-08-03T05:25:14.024 0100|01|00|06|f801fe|300600080668[payload->]..h||26,630
2025-08-03T05:31:32.243 0100|00|00|05|fa0001|3006000e33[payload->].3||13,070
2025-08-03T05:31:32.344 0100|01|00|06|f801fe|300600080668[payload->]..h||26,630
2025-08-03T05:35:14.019 0100|00|00|05|fa0001|3006000e33[payload->].3||13,070
2025-08-03T05:35:14.020 0100|01|00|06|f801fe|300600080668[payload->]..h||26,630
2025-08-03T05:45:13.983 0100|00|00|05|fa0001|3006000e33[payload->].3||13,070
2025-08-03T05:45:14.084 0100|01|00|06|f801fe|300600080668[payload->]..h||26,630
2025-08-03T05:55:14.041 0100|00|00|05|fa0001|3006000e33[payload->].3||13,070
2025-08-03T05:55:14.142 0100|01|00|06|f801fe|300600080668[payload->]..h||26,630
2025-08-03T06:05:14.025 0100|00|00|05|fa0001|3006000e33[payload->].3||13,070
2025-08-03T06:05:14.026 0100|01|00|06|f801fe|300600080668[payload->]..h||26,630
2025-08-03T06:15:13.969 0100|00|00|05|fa0001|3006000e33[payload->].3||13,070
2025-08-03T06:15:14.071 0100|01|00|06|f801fe|300600080668[payload->]..h||26,630
2025-08-03T06:25:15.468 0100|00|00|05|fa0001|3006000e33[payload->].3||13,070
2025-08-03T06:25:15.468 0100|01|00|06|f801fe|300600080668[payload->]..h||26,630
2025-08-03T06:35:14.034 0100|00|00|05|fa0001|3006000e33[payload->].3||13,070
2025-08-03T06:35:14.035 0100|01|00|06|f801fe|300600080668[payload->]..h||26,630
2025-08-03T06:45:14.913 0100|00|00|05|fa0001|3006000e33[payload->].3||13,070
2025-08-03T06:45:15.014 0100|01|00|06|f801fe|300600080668[payload->]..h||26,630
2025-08-03T06:55:14.001 0100|00|00|05|fa0001|3006000e33[payload->].3||13,070
2025-08-03T06:55:14.102 0100|01|00|06|f801fe|300600080668[payload->]..h||26,630
2025-08-03T07:05:14.025 0100|00|00|05|fa0001|3006000e33[payload->].3||13,070
2025-08-03T07:05:14.025 0100|01|00|06|f801fe|300600080668[payload->]..h||26,630
2025-08-03T07:15:13.992 0100|00|00|05|fa0001|3006000e33[payload->].3||13,070
2025-08-03T07:15:14.093 0100|01|00|06|f801fe|300600080668[payload->]..h||26,630
2025-08-03T07:25:14.050 0100|00|00|05|fa0001|3006000e33[payload->].3||13,070
2025-08-03T07:25:14.151 0100|01|00|06|f801fe|300600080668[payload->]..h||26,630
2025-08-03T07:35:15.451 0100|00|00|05|fa0001|3006000e33[payload->].3||13,070
2025-08-03T07:35:15.451 0100|01|00|06|f801fe|300600080668[payload->]..h||26,630
2025-08-03T07:45:15.557 0100|01|00|06|f801fe|300600080668[payload->]..h||26,630
2025-08-03T07:55:15.532 0100|00|00|05|fa0001|3006000e33[payload->].3||13,070
2025-08-03T07:55:15.633 0100|01|00|06|f801fe|300600080668[payload->]..h||26,630
2025-08-03T08:05:15.469 0100|00|00|05|fa0001|3006000e33[payload->].3||13,070
2025-08-03T08:05:15.470 0100|01|00|06|f801fe|300600080668[payload->]..h||26,630
2025-08-03T08:15:15.457 0100|00|00|05|fa0001|3006000e33[payload->].3||13,070
2025-08-03T08:15:15.558 0100|01|00|06|f801fe|300600080668[payload->]..h||26,630
2025-08-03T08:25:15.332 0100|00|00|05|fa0001|3006000e33[payload->].3||13,070
2025-08-03T08:25:15.433 0100|01|00|06|f801fe|300600080668[payload->]..h||26,630
2025-08-03T08:35:15.464 0100|00|00|05|fa0001|3006000e33[payload->].3||13,070
2025-08-03T08:35:15.565 0100|01|00|06|f801fe|300600080668[payload->]..h||26,630
2025-08-03T08:45:17.434 0100|00|00|05|fa0001|3006000e33[payload->].3||13,070
2025-08-03T08:45:17.535 0100|01|00|06|f801fe|300600080668[payload->]..h||26,630
2025-08-03T08:55:17.042 0100|00|00|05|fa0001|3006000e33[payload->].3||13,070
2025-08-03T08:55:17.143 0100|01|00|06|f801fe|300600080668[payload->]..h||26,630
2025-08-03T09:05:17.254 0100|00|00|05|fa0001|3006000e33[payload->].3||13,070
2025-08-03T09:05:17.254 0100|01|00|06|f801fe|300600080668[payload->]..h||26,630
2025-08-03T09:15:17.420 0100|00|00|05|fa0001|3006000e33[payload->].3||13,070
2025-08-03T09:15:17.521 0100|01|00|06|f801fe|300600080668[payload->]..h||26,630
2025-08-03T09:25:16.954 0100|00|00|05|fa0001|3006000e33[payload->].3||13,070
2025-08-03T09:25:17.055 0100|01|00|06|f801fe|300600080668[payload->]..h||26,630
2025-08-03T09:45:16.812 0100|00|00|05|fa0001|3006000e33[payload->].3||13,070
2025-08-03T09:55:16.718 0100|00|00|05|fa0001|3006000e33[payload->].3||13,070
2025-08-03T09:55:16.819 0100|01|00|06|f801fe|300600080668[payload->]..h||26,630
2025-08-03T10:05:16.808 0100|00|00|05|fa0001|3006000e33[payload->].3||13,070
2025-08-03T10:05:16.909 0100|01|00|06|f801fe|300600080668[payload->]..h||26,630
2025-08-03T10:15:16.713 0100|00|00|05|fa0001|3006000e33[payload->].3||13,070
2025-08-03T10:15:16.814 0100|01|00|06|f801fe|300600080668[payload->]..h||26,630
2025-08-03T10:25:16.661 0100|00|00|05|fa0001|3006000e33[payload->].3||13,070
2025-08-03T10:31:31.724 0100|00|00|05|fa0001|3006000e33[payload->].3||13,070
2025-08-03T10:31:31.725 0100|01|00|06|f801fe|300600080668[payload->]..h||26,630
2025-08-03T10:35:16.757 0100|00|00|05|fa0001|3006000e33[payload->].3||13,070
2025-08-03T10:45:16.646 0100|00|00|05|fa0001|3006000e33[payload->].3||13,070
2025-08-03T10:45:16.747 0100|01|00|06|f801fe|300600080668[payload->]..h||26,630
2025-08-03T10:55:16.731 0100|00|00|05|fa0001|3006000e33[payload->].3||13,070
2025-08-03T10:55:16.731 0100|01|00|06|f801fe|300600080668[payload->]..h||26,630
2025-08-03T11:05:16.813 0100|00|00|05|fa0001|3006000e33[payload->].3||13,070
2025-08-03T11:15:16.704 0100|00|00|05|fa0001|3006000e33[payload->].3||13,070
2025-08-03T11:15:16.704 0100|01|00|06|f801fe|300600080668[payload->]..h||26,630
2025-08-03T11:25:16.791 0100|00|00|05|fa0001|3006000e33[payload->].3||13,070
2025-08-03T11:25:16.792 0100|01|00|06|f801fe|300600080668[payload->]..h||26,630
2025-08-03T11:31:31.628 0100|00|00|05|fa0001|3006000e33[payload->].3||13,070
2025-08-03T11:31:31.628 0100|01|00|06|f801fe|300600080668[payload->]..h||26,630
2025-08-03T11:35:16.701 0100|00|00|05|fa0001|3006000e33[payload->].3||13,070
2025-08-03T11:35:16.802 0100|01|00|06|f801fe|300600080668[payload->]..h||26,630
2025-08-03T11:45:17.068 0100|00|00|05|fa0001|3006000e33[payload->].3||13,070
2025-08-03T11:45:17.068 0100|01|00|06|f801fe|300600080668[payload->]..h||26,630
2025-08-03T12:05:17.421 0100|00|00|05|fa0001|3006000e33[payload->].3||13,070
2025-08-03T12:05:17.421 0100|01|00|06|f801fe|300600080668[payload->]..h||26,630
2025-08-03T12:15:17.017 0100|00|00|05|fa0001|3006000e33[payload->].3||13,070
2025-08-03T12:15:17.118 0100|01|00|06|f801fe|300600080668[payload->]..h||26,630
2025-08-03T12:25:18.282 0100|00|00|05|fa0001|3006000e33[payload->].3||13,070
2025-08-03T12:25:18.283 0100|01|00|06|f801fe|300600080668[payload->]..h||26,630
2025-08-03T12:35:17.088 0100|00|00|05|fa0001|3006000e33[payload->].3||13,070
2025-08-03T12:35:17.089 0100|01|00|06|f801fe|300600080668[payload->]..h||26,630
2025-08-03T12:45:18.513 0100|00|00|05|fa0001|3006000e33[payload->].3||13,070
2025-08-03T12:45:18.614 0100|01|00|06|f801fe|300600080668[payload->]..h||26,630
2025-08-03T12:55:17.047 0100|00|00|05|fa0001|3006000e33[payload->].3||13,070
2025-08-03T12:55:17.148 0100|01|00|06|f801fe|300600080668[payload->]..h||26,630
2025-08-03T13:05:17.023 0100|00|00|05|fa0001|3006000e33[payload->].3||13,070
2025-08-03T13:05:17.124 0100|01|00|06|f801fe|300600080668[payload->]..h||26,630
2025-08-03T13:15:17.168 0100|00|00|05|fa0001|3006000e33[payload->].3||13,070
2025-08-03T13:15:17.169 0100|01|00|06|f801fe|300600080668[payload->]..h||26,630
2025-08-03T13:25:17.016 0100|00|00|05|fa0001|3006000e33[payload->].3||13,070
2025-08-03T13:25:17.117 0100|01|00|06|f801fe|300600080668[payload->]..h||26,630
2025-08-03T13:35:17.051 0100|00|00|05|fa0001|3006000e33[payload->].3||13,070
2025-08-03T13:35:17.152 0100|01|00|06|f801fe|300600080668[payload->]..h||26,630
2025-08-03T13:45:17.026 0100|00|00|05|fa0001|3006000e33[payload->].3||13,070
2025-08-03T13:45:17.127 0100|01|00|06|f801fe|300600080668[payload->]..h||26,630
2025-08-03T13:55:18.249 0100|00|00|05|fa0001|3006000e33[payload->].3||13,070
2025-08-03T13:55:18.350 0100|01|00|06|f801fe|300600080668[payload->]..h||26,630
2025-08-03T14:05:17.409 0100|00|00|05|fa0001|3006000e33[payload->].3||13,070
2025-08-03T14:05:17.511 0100|01|00|06|f801fe|300600080668[payload->]..h||26,630
2025-08-03T14:15:17.059 0100|00|00|05|fa0001|3006000e33[payload->].3||13,070
2025-08-03T14:15:17.160 0100|01|00|06|f801fe|300600080668[payload->]..h||26,630
2025-08-03T14:25:17.098 0100|00|00|05|fa0001|3006000e33[payload->].3||13,070
2025-08-03T14:25:17.099 0100|01|00|06|f801fe|300600080668[payload->]..h||26,630
2025-08-03T14:35:17.089 0100|00|00|05|fa0001|3006000e33[payload->].3||13,070
2025-08-03T14:35:17.190 0100|01|00|06|f801fe|300600080668[payload->]..h||26,630
2025-08-03T14:45:17.125 0100|01|00|06|f801fe|300600080668[payload->]..h||26,630
2025-08-03T14:55:17.192 0100|00|00|05|fa0001|3006000e33[payload->].3||13,070
2025-08-03T14:55:17.192 0100|01|00|06|f801fe|300600080668[payload->]..h||26,630
2025-08-03T15:05:17.085 0100|00|00|05|fa0001|3006000e33[payload->].3||13,070
2025-08-03T15:05:17.187 0100|01|00|06|f801fe|300600080668[payload->]..h||26,630
2025-08-03T15:15:17.022 0100|00|00|05|fa0001|3006000e33[payload->].3||13,070
2025-08-03T15:15:17.123 0100|01|00|06|f801fe|300600080668[payload->]..h||26,630
2025-08-03T15:25:17.074 0100|00|00|05|fa0001|3006000e33[payload->].3||13,070
2025-08-03T15:25:17.175 0100|01|00|06|f801fe|300600080668[payload->]..h||26,630
2025-08-03T15:35:17.093 0100|00|00|05|fa0001|3006000e33[payload->].3||13,070
2025-08-03T15:35:17.194 0100|01|00|06|f801fe|300600080668[payload->]..h||26,630
2025-08-03T15:45:17.079 0100|00|00|05|fa0001|3006000e33[payload->].3||13,070
2025-08-03T15:45:17.180 0100|01|00|06|f801fe|300600080668[payload->]..h||26,630
2025-08-03T15:55:18.242 0100|00|00|05|fa0001|3006000e33[payload->].3||13,070
2025-08-03T15:55:18.243 0100|01|00|06|f801fe|300600080668[payload->]..h||26,630
2025-08-03T16:05:17.123 0100|00|00|05|fa0001|3006000e33[payload->].3||13,070
2025-08-03T16:05:17.223 0100|01|00|06|f801fe|300600080668[payload->]..h||26,630
2025-08-03T16:15:17.055 0100|00|00|05|fa0001|3006000e33[payload->].3||13,070
2025-08-03T16:15:17.157 0100|01|00|06|f801fe|300600080668[payload->]..h||26,630
2025-08-03T16:25:17.085 0100|00|00|05|fa0001|3006000e33[payload->].3||13,070
2025-08-03T16:25:17.186 0100|01|00|06|f801fe|300600080668[payload->]..h||26,630
2025-08-03T16:31:31.825 0100|00|00|05|fa0001|3006000e33[payload->].3||13,070
2025-08-03T16:31:31.926 0100|01|00|06|f801fe|300600080668[payload->]..h||26,630
2025-08-03T16:35:18.136 0100|00|00|05|fa0001|3006000e33[payload->].3||13,070
2025-08-03T16:35:18.238 0100|01|00|06|f801fe|300600080668[payload->]..h||26,630
2025-08-03T16:45:18.079 0100|00|00|05|fa0001|3006000e33[payload->].3||13,070
2025-08-03T16:45:18.180 0100|01|00|06|f801fe|300600080668[payload->]..h||26,630
2025-08-03T16:55:18.155 0100|00|00|05|fa0001|3006000e33[payload->].3||13,070
2025-08-03T16:55:18.155 0100|01|02|06|f801fe|300600080668[payload->]..h||26,630
2025-08-03T17:05:18.173 0100|00|00|05|fa0001|3006000e33[payload->].3||13,070
2025-08-03T17:05:18.173 0100|01|00|06|f801fe|300600080668[payload->]..h||26,630
2025-08-03T17:15:18.109 0100|00|00|05|fa0001|3006000e33[payload->].3||13,070
2025-08-03T17:15:18.210 0100|01|00|06|f801fe|300600080668[payload->]..h||26,630
2025-08-03T17:25:18.107 0100|00|00|05|fa0001|3006000e33[payload->].3||13,070
2025-08-03T17:25:18.208 0100|01|00|06|f801fe|300600080668[payload->]..h||26,630
2025-08-03T17:35:18.133 0100|00|00|05|fa0001|3006000e33[payload->].3||13,070
2025-08-03T17:35:18.235 0100|01|00|06|f801fe|300600080668[payload->]..h||26,630
2025-08-03T17:45:19.099 0100|00|00|05|fa0001|3006000e33[payload->].3||13,070
2025-08-03T17:45:19.200 0100|01|00|06|f801fe|300600080668[payload->]..h||26,630
2025-08-03T17:55:19.067 0100|00|00|05|fa0001|3006000e33[payload->].3||13,070
2025-08-03T17:55:19.168 0100|01|00|06|f801fe|300600080668[payload->]..h||26,630
2025-08-03T18:05:19.113 0100|00|00|05|fa0001|3006000e33[payload->].3||13,070
2025-08-03T18:05:19.114 0100|01|00|06|f801fe|300600080668[payload->]..h||26,630
