2025-07-30T20:41:06.963 0100|01|00|09|f59b61|0100000005fa000130[payload->].....0||12,289
2025-07-30T21:59:07.551 0100|01|00|09|06b8b7|0100000005fa000134[payload->].....4||13,313
2025-07-30T22:09:11.881 0100|01|00|09|f501fe|0100000005fa000134[payload->].....4||13,313
2025-07-31T00:06:15.460 0100|01|08|3f|b782a1|01000000ffffff05a2c10318007a0d0010a303010000ffffff00a401010000ffffff05a5c10318007a0d0010a603010000ffffff00a701010000ffffff055c[payload->]..........z..........................z.....................\||23,557
2025-07-31T01:22:06.797 0100|01|00|09|f501fe|0100000005fa000130[payload->].....0||12,289
2025-07-31T01:58:05.512 0100|01|08|3f|b78273|01000000ffffff0574c1031800f40b00107503010000ffffff007601010000ffffff0577c1031800f40b00107803010000ffffff007901010000ffffff0516[payload->].....t........u........v........w........x........y.........||5,637
2025-07-31T02:36:04.654 0100|a1|c6|ff|ffffff|0100000005fa000110030154f00100010007f701fe100301ffff859c0100000005fa00012004016bf20100010009f501fe200401ffffffff850d0100000005fa00013463015f980100010006f801fe346301007f790100000005fa0001200201cbf1010001000bf301fe200201ae8da802453b1e8d0100000005fa0003100301ecf10100010007f701fe100301ffff859c0100000005fa0003200401d3f30100010009f501fe200401ffffffff850d0100000005fa000320020173f0010001000bf301fe2002010000000000006c4a0100000005fa000154080171b70100010007f701fe54080100001e6f0100000005fa0001541d01e1b90100010006f801[payload->]........T........................ ..k......... ................4c._.........4c...y........ ............ ......E;...................................... ............ ................ ..s......... ........lJ........T..q.........T.....o........T...........||0,504
2025-07-31T03:44:00.066 0100|01|00|0b|f301fe|0100000005fa0001301903[payload->].....0..||0,793
2025-07-31T04:13:02.471 0100|71|99|ff|ffffff|010000d0012e047875010001d0012d058889ff0100000005fa000150010020310100010006f801fe5001000001c60100000005fa00013655013f2e0100010007f701fe365501800cbfe40100000005fa00011f8500f7630100010006f801fe1f850003fdd00100000005fa0001365401af2f0100010007f701fe365401ac0d43380100000005fa00012001023ab10100010007f701fe200102150019220100000005fa00011f810336210100010009f501fe1f810301000000bba40100000005fa0003101800dc3a0100010006f801fe10180004c503ff0100000005fa00013019003e3b0100010006f801fe30190007c4190100000005fa0001301901fefa[payload->]....xu.....-............P.. 1........P.............6U.?.........6U.................c......................6T../........6T...C8........ ..:......... ....."...........6!.............................:.......................0..>;........0.............0....||64,254
2025-07-31T04:22:24.925 0100|a1|c6|ff|ffffff|0100000005fa000110030154f00100010007f701fe100301ffff859c0100000005fa00012004016bf20100010009f501fe200401ffffffff850d0100000005fa0001200201cbf1010001000bf301fe200201ae8da802453b1e8d0100000005fa0003100301ecf10100010007f701fe100301ffff859c0100000005fa0003200401d3f30100010009f501fe200401ffffffff850dff0100000005fa000320020173f0010001000bf301fe2002010000000000006c4aff0100000005fa000154080171b70100010007f701fe54080100001e6f0100000005fa0001541d01e1b90100010006d801fe541d0101a7c60100000005fa0001506c00b01d0100010844[payload->]........T........................ ..k......... ................ ............ ......E;...................................... ............ ................. ..s......... ........lJ.........T..q.........T.....o........T............T.............Pl.......D||17,416
2025-07-31T09:28:55.087 0100|01|00|07|f7010d|0100000005fa00[payload->]....||0,250
2025-07-31T10:13:39.298 0100|71|99|ff|ffffff|0100000005fa000154010121b10100010006f801fe54010100a1c6feff010000d0012e047875010001d0012d058889ff010000d0012e047875010001d0012d058889ff0100000005fa000110030154f00100010007f701fe100301ffff859c0100000005fa0001541d01e1b90100010006f801fe541d0101a7c60100000005fa00012004016bf20100010009f501fe200401ffffffff850d0100000005fa0001200201cbf1010001000bf301fe200201ae8da802453b1e8d0100000005fa0003100301ecf10100010007f701fe100301ffff859c0100000005fa0003200401d3f30100010009f501fe200401ffffffff850dff0100000005fa000320020173[payload->].....T..!.........T..............xu.....-...........xu.....-...............T........................T............T............. ..k......... ................ ............ ......E;...................................... ............ ................. ..s||29,441
2025-07-31T11:00:15.115 0100|01|00|05|f905fe|0100000005[payload->]..||1,280
2025-07-31T11:23:15.621 0100|01|00|07|f76c4a|0100000005fa00[payload->]....||0,250
2025-07-31T12:31:27.267 0100|01|00|09|f501a5|0100000005fa000134[payload->].....4||13,313
2025-07-31T13:59:14.626 0100|71|99|ff|ffffff|010000d0012e047875010001d0012d0588890100000005fa00013422010fa8010001000bf301fe34220100000000000074b70100000005fa0001501a00d03b0100010007f701fe501a001c0ca3c20100000005fa000154040171b20100010007f701fe540401eb00be22ffffffff010000d0012e047875010001d0012d058889fffffffffefffffffcfffc010000d0012e047875010001d0012d058889f8ffff0100000005fa000154190121bb0100010007f701fe5419013c00227bffffff010000d0012e047875010001d0012d0588890100000005fa000110030154f00100010007f701fe100301ffff859c0100000007f804015434015e099b9e010001[payload->]....xu.....-...........4"...........4".......t.........P...;........P..............T..q.........T....."...........xu.....-.....................xu.....-..............T..!.........T..<."{..........xu.....-..............T........................T4.^......||0,256
2025-07-31T14:41:06.356 0100|01|08|3f|97b02f|010000ffffff05f0c10318029a0b0010f103010000ffffff00f201000000ffffff05f3c10318009a0b0010f403010000ffffff00f501010000ffffff055605[payload->]..........................................................V.||1,366
2025-07-31T14:41:36.435 0100|01|00|09|f5fd60|0100000005fa000330[payload->].....0||12,291
2025-07-31T17:00:08.701 0100|00|00|bb|a4ffff|0100000005fa0003101800dc3a0100010006f801fe10180004c5030100000005fa00013019003e3b0100010006f801fe30190007c4190100000005fa0001301901fefa0100010009f501fe3019010110010134de0100000005fa0001301902ffba0100010009f501fe30190201010102308a0100000005fa00013019033f7b0100010009f501fe301903400100025ca20100000005fa0001301904fd3a0100010009f501fe30190401030000a1230100000005fa00013019053dfb[payload->].........:......................0..>;........0.............0............0......4.........0............0......0.........0..?{........0..@...\.........0...:........0.......#........0..=.||64,317
2025-07-31T17:05:26.811 0100|00|3b|04|09ca24|01000000[payload->].||0,000
2025-07-31T17:35:47.396 0100|01|00|09|f502c8|0100000005fa00011f[payload->]......||7,937
2025-07-31T18:53:19.368 0100|71|99|ff|ffffff|010000d0012e047875010001d0012d058889ff0100000005fa000154040171b20100010007f701fe540401f0004e28ff010000d0012e047875010001d0012d058889ffff0100000005fa000154080171b70100010007f701fe54080100001e6fff0100000005fa000110030154f00100010007f701fe100301ffff859c0100000005fa00012004016bf20100010009f501fe200401ffffffff850d0100000005fa0001200201cbf1010001000bf301fe200201ae8da802453b1e8d0100000005fa0003100301ecf10100010007f701fe100301ffff859c0100000005fa0003200401d3f30100010009f501fe200401ffffffff850d0100000005fa00013421[payload->]....xu.....-............T..q.........T....N(........xu.....-.............T..q.........T.....o............T........................ ..k......... ................ ............ ......E;...................................... ............ ................4!||8,500
2025-07-31T20:48:40.700 0100|01|00|0b|f3010d|0100000005fa0001301905[payload->].....0..||1,305
2025-07-31T21:29:20.770 0100|01|00|09|f502b6|0100000005fa000320[payload->]..... ||8,195
2025-07-31T21:31:16.857 0100|00|ff|ff|ff00ae|01000000ffffff05afc10318003a0c0010b003010000ffffff00b101010000ffffff05b2c10318003a0c001003b2010000b0024d0002b44a010001083fb782b303010000ffffff00b401010000ffffff05a703010000ffffff00a801010000ffffff05a9c10318003a0c0010aa030100007fffff00ab01010000ffffff05558f0100000005fa000154010121b10100010006f801fe54010100a1c60100000005fa000150aa00104e0100010006f801fe50aa0000e1b7ff0100000005fa0001501a00d03b0100010007f701fe501a00860bc1e90100000005fa0001345501ff8f0100010006f801fe345501007199ffffffff010000d0012e047875010001d0[payload->]..........:..........................:..........M...J....?...........................................:.....................U.........T..!.........T.............P...N........P..............P...;........P..............4U...........4U..q............xu....||53,249
2025-08-01T00:00:08.563 0100|03|01|ff|ff859c|0100000005fa00013023009e29010001000bf301fe3023001a040000543b51d8ff0100000005fa0001340a010fb60000010007f701fe340a013c00aeff0100000005fa000154100171bd0100010006f801fe541001026517ffff010000d0012e047875010001d0012d0588890000000005fa000154010121b10100010006f801fe54010100a1c60100000005fa0001500e00d0340100010006f801fe500e000002f6ffff010000d0012e047875010001d0012d0588890100000005fa000154080170b70100010007f701fe54080100001e6f0100000005fa000150aa00104e0100010006f801fe50aa0000e1b70100000005fa000110030154f00100010007[payload->].....0#..)........0#.....T;Q..........4............4..<...........T..q.........T...e..........xu.....-...........T..!.........T.............P...4........P..............xu.....-...........T..p.........T.....o........P...N........P................T......||1,792
2025-08-01T00:01:31.051 0100|00|00|05|fa0021|0100000000[payload->]..||0,000
2025-08-01T00:31:56.506 0100|01|00|0b|f35601|010000ffffff0557030100[payload->]....W...||0,001
2025-08-01T03:44:43.121 0100|01|00|09|059b61|0100000005fa000130[payload->].....0||12,289
2025-08-01T05:16:10.040 0100|01|00|09|3b1e8d|0100000005fa000150[payload->].....P||20,481
2025-08-01T05:31:28.721 0100|00|00|05|ff163b|010000e007[payload->]..||2,016
2025-08-01T07:22:58.978 0100|01|17|b5|2a8889|0100000005fa0001340a010fb60100010007f701fe340a013c00aeff010000d0012e047875010001d0012d0588890100000005fa000154080171b70100010007f701fe54080100001e6fff0100000005fa0001560f0181140100010006f801fe560f01011a670100000005fa000110030154f00100010007f701fe100301ffff859c0100000005fa00012004016bf20100010009f501fe200401ffffffff850d0100000005fa0001200201cbf1010001000bf301fe[payload->].....4............4..<..........xu.....-...........T..q.........T.....o.........V............V....g...........T........................ ..k......... ................ ............||65,025
2025-08-01T08:28:50.590 0100|01|00|07|f701fe|0100000005fa00[payload->]....||0,250
2025-08-01T13:43:31.481 0100|01|00|07|b6ffff|0100000005fa00[payload->]....||0,250
2025-08-01T15:24:56.618 0100|01|00|06|f801b9|010000b0024d[payload->]..M||19,714
2025-08-01T16:37:21.449 0100|00|00|05|fa0001|0100000005[payload->]..||1,280
2025-08-01T21:48:45.583 0100|0b|f3|03|fe2002|010000[payload->]||0,000
2025-08-02T00:33:22.955 0100|0b|f3|21|fe3660|01000000000000fd2bff0100000005fa000154010121b10100010006f801fe5401[payload->].....+.........T..!.........T.||0,340
2025-08-02T00:45:29.035 0100|0b|f3|03|fe3421|010000[payload->]||0,000
2025-08-02T00:53:06.786 0100|01|00|09|f50200|010000b0024d0002b4[payload->]..M...||46,082
2025-08-02T01:21:20.098 0100|0b|f3|41|fe2002|010000000000006c4a0100000005fa00013023009e29010001000bf301fe302300206d4a00553b8a960100000005fa00013043009e010100010006f801fe304300[payload->]....lJ........0#..)........0#. mJ.U;..........0C...........0C.||0,067
2025-08-02T01:33:44.834 0100|0b|f3|03|fe2002|010000[payload->]||0,000
2025-08-02T02:31:50.931 0100|0b|f3|41|fe2002|010000000000006c4afffdff0100000005fa0001345501ff8f0100010006f801fe345501007199ff010000d0012e047875010001d0012d0588890100000005fa00[payload->]....lJ...........4U...........4U..q.........xu.....-..........||0,250
2025-08-02T02:52:35.055 0100|0b|f3|09|fe2002|010000000000006c0a[payload->]....l.||2,668
2025-08-02T03:05:45.923 0100|a8|02|45|3b1e8d|0100000005fa0003100301ecf10100010007f701fe100301ffff859c0100000005fa0003200401d3f30100010009f501fe200401ffffffff850d0100000005fa0003200201[payload->]................................. ............ ................ ..||0,258
2025-08-02T04:17:49.851 0100|0b|f3|03|fe2002|010000[payload->]||0,000
2025-08-02T04:26:06.672 0100|00|00|05|00ab01|010000ffff[payload->]..||65,535
2025-08-02T04:33:46.047 0100|01|08|3f|b7822f|01000000ffffff0530c1031800c20b00103103010000ffffff003201010000ffffff0533c1031800c20b00103403010000ffffff003501010000fff7ff0577[payload->].....0........1........2........3........4........5........w||30,469
2025-08-02T05:20:56.103 0100|01|08|3f|b78285|01000000ffffff0586c1031800860b00107901010000ffffff057ac1031800860b00107b03010000ffffff007c01010000ffffff057dc1031800860b001013[payload->]..............y........z........{........|........}.........||4,880
2025-08-02T05:47:20.747 0100|00|00|05|03fdd0|0100000005[payload->]..||1,280
2025-08-02T06:05:14.699 0100|b2|08|ff|ffffff|0100000005fa000154040171b20100010007f701fe540401f0004e280100000007f804015434018d09abc30100010005f905fe543401c6570100000005fa000110030154f04100010007f701fe100301ffff859c0100000005fa0001560e0111150100010006f801fe560e01001af70100000005fa000154010121b10180810006f801fe5c090100a1c60100000005fa00012004016bf20100010009f501fe200401ffffffff850d0100000005fa0001200201cbf1010001000bf301fe200201ae8da802453b1e8d0100000005fa0003100301ecf10100010007f701fe100301ffff859c0100000005fa0003200401d3f30100010009f501fe200401ffffff[payload->].....T..q.........T....N(........T4.............T4..W...........T.A......................V............V.............T..!.........\............. ..k......... ................ ............ ......E;...................................... ............ .....||65,535
2025-08-02T06:34:06.165 0100|01|08|3f|b7829b|01000000ffffff059cc10318002c0b00109d03010000ffffff009e01010000ffffff059fc10318002c0b0010a003010000ffffff00a101010000ffffff05ad[payload->]..........,..........................,......................||44,293
2025-08-02T06:36:26.081 0100|01|08|3f|b782c5|01000000ffffff05c6c10318002c0b0010c703010000ffffff00c801010000ffffff05c9c10318002c0b0010ca03010000ffffff00cb01010000ffffff0529[payload->]..........,..........................,.....................)||10,501
2025-08-02T06:55:16.102 0100|01|08|3f|b78215|01000000ffffff0516c1031800180b00101703010000ffffff001801010000ffffff0519c1031800180b00101a03010000ffffff001b01010000ffffff05d1[payload->]............................................................||53,509
2025-08-02T07:39:29.172 0100|40|17|ad|058889|0100000005fa00013423019fa9010001000bf301fe302301000000000000b8760100000005fa000154100171bd0100010006f801fe541001026517ffff010000d0012e047875010001d0012d058889ffffff0100000005fa0001501a00d03b0100010007f701fe501a004e0cc3ffffff010000d0012e047875010001d0012d0588890100000005fa000110030154f00100090007ff01fe100301ffff859c0100000005fa0001340a010fb60100[payload->].....4#...........0#........v........T..q.........T...e..........xu.....-..............P...;........P..N............xu.....-..............T........................4......||0,001
2025-08-02T08:24:54.712 0100|0b|f3|03|fe2002|010000[payload->]||0,000
2025-08-02T08:35:14.280 0100|71|99|ff|ffffff|0100000005fa000154040171b20100010007f701fe540401eb00be220100000005fa0001365101ff2c0100010018e601fe36510102001024000084000000000000000000000000ceba0100000005fa00013650016f2d0100010018e601fe365001020010240000840000000000000000000000001faa0100000005fa00013458016f8b0100010006f801fe34580100b2080100000007f8040154340153090b9a0100010005f905fe543401c657ffffff0100000005fa000110030154f00100010007f701fe100301ffff859c0100000005fa00012004016bf20100010009f501fe200401ffffffff850d0100000005fa0001200201cbf1010001000bf301fe[payload->].....T..q.........T....."........6Q..,........6Q....$.........................6P.o-........6P....$.........................4X.o.........4X............T4.S...........T4..W..............T........................ ..k......... ................ ............||65,025
2025-08-02T08:50:00.340 0100|01|00|09|3b9338|0100000005fa000130[payload->].....0||12,289
2025-08-02T09:05:25.137 0100|b2|08|ff|ffffff|010000d0012e047875010001d0012d0588890100000005fa000110030154f00100010007f701fe100301ffff859c0100000005fa00012004016bf20108010009f501fe200401ffffffff850d0100000005fa0001200201cbf1010801000bf301fe200201ae8da802453b1e8d0100000005fa0003100301ecf10100010007f701fe100301ffff859c0100000005fa0003200401d3f30100010009f501fe200401ffffffff850d0100000005fa000320020173f0014001000bf301fe2002010000000000006c4aff0100000005fa000154190121bb0100010007f701fe5419013c00227b0100000005fa000154010121b18100810006f801fe54010100a1c601[payload->]....xu.....-..............T........................ ..k......... ................ ............ ......E;...................................... ............ ................ ..s..@...... ........lJ.........T..!.........T..<."{........T..!.........T......||0,454
2025-08-02T10:31:33.021 0100|00|00|05|fa0001|0100000005[payload->]..||1,280
2025-08-02T12:08:19.335 0100|71|99|ff|ffffff|010000d0012e047875010001d0012d0588890100000005fa00013423019fa9010001000bf301fe342301000000000000b8760100000005fa0001560e0111150100010006f801fe560e01001af70100000005fa000154010121b10100010006f801fe54010100a1c60100000005fa00013458016f8b0100010006f801fe34580100b208010000d0012e047875010001d0012d058889010000d0012e047875010001d0012d0588890100000005fa000110030154f00100010007f701fe100301ffff859c0100000005fa00012004016bf20100010009f501fe200401ffffffff850d0100000005fa0001200201cbf1010001000bf301fe200201ae8da802453b[payload->]....xu.....-...........4#...........4#........v........V............V.............T..!.........T.............4X.o.........4X...........xu.....-..........xu.....-..............T........................ ..k......... ................ ............ ......E;||15,173
2025-08-02T14:55:17.861 0100|ff|ff|ff|05c203|010000ffffff00c3c103180016120010c401010000ffffff053b2d010000b0024d0002b44a010001083fb782b7c10318002a120010b801010000ffffff05b903010000ffffff00bac103180020120010bb01010000ffffff05bc03010000ffffff00bdc10318002012001063030100000005fa0001504400b0030100010009f501fe50440007000000a24f0100000005fa000150450020020100010009f501fe504500bc000000976a0100000005fa000154040171b20100010007f701fe540401f5001e2b0100000005fa000120010afcb00100010009f501fe20010a1923f37901daff0100000005fa00013023009e29010001000bf301fe3023003e9f33[payload->]......................;-.....M...J....?.......*.......................... .......................... ...c.........PD...........PD......O........PE. .........PE......j........T..q.........T.....+........ ............ ...#.y...........0#..)........0#.>.3||13,215
2025-08-02T14:56:58.979 0100|40|17|d4|2a8889|0100000005fa00013013009e3d0100010006f801fe30130001c4b90100000005fa00013023009e29434001000bf301fe30230010263503553ba0deff010000d0012e047875010001d0012d058889ff0100000005fa00013423019fa9010001000bf301fe342301000000000000b8760100000005fa000154190121bb0100010007f701fe5419013c00227b0100000005fa000110030154f00100010007f701fe100301ffff859c0100000005fa0001560f0181140100010006f801fe560f01011a670100000005fa0001500e00d0340100010006[payload->].....0...=........0.............0#..)C@......0#..&5.U;..........xu.....-............4#...........4#........v........T..!.........T..<."{...........T........................V............V....g........P...4.....||1,536
2025-08-02T16:45:45.756 0100|01|50|2d|058889|0100000005fa0001506c00b01d0100010844b20101fe506c0074c1031800de0d00107501010000ffffff057603[payload->].....Pl.......D....Pl.t........u........v.||0,886
2025-08-02T16:51:48.167 0100|0b|f3|09|fe3423|01000000000000b876[payload->].....v||30,392
2025-08-02T18:58:51.754 0100|19|23|f3|7901da|0100000005fa0001500e00d0340100010006f801fe500e000002f60100000005fa000110030154f00100010007f701fe100301ffff859c0100000005fa00012004016bf20100010009f501fe200401ffffffff850d0100000005fa0001200201cbf1010001000bf301fe200201ae8da802453b1e8d0100000005fa0003100301ecf10100010007f701fe100301ffff859c0100000005fa0003200401d3f30100010009f501fe200401ffffffff850d0100000005fa000320020173f0010001000bf301fe2002010000000000006c4a010000d0012e047875010001d0012d0588890100000005fa0001560e0111150100010006[payload->].....P...4........P................T........................ ..k......... ................ ............ ......E;...................................... ............ ................ ..s......... ........lJ.......xu.....-...........V.........||1,536
2025-08-02T19:08:34.672 0100|0b|f3|41|fe3660|01000000000000fd2b0100000005fa000110030154f00100010007f701fe100301ffff859c0100000005fa00012004016bf20100010009f501fe200401fffffffe[payload->].....+...........T........................ ..k......... ......||65,279
2025-08-02T19:58:38.151 0100|00|00|05|fa3660|0100000000[payload->]..||0,000
2025-08-02T19:59:41.878 0100|01|00|07|0669b6|0100000005fa00[payload->]....||0,250
2025-08-02T20:30:07.905 0100|01|00|06|f8a123|0100000005fa[payload->]...||64,005
2025-08-02T21:44:38.316 0100|ff|ff|ff|055f37|010000b0024d0002b44a010001083fb7826dc1031800261100106e03010000ffffff006f01010000ffffff0570c1031800261100107103010000ffffff007201010000ffffff0573c10318002611001003020100000005fa00013019063cbb0100010009f501fe301906201000059b610100000005fa0001301907fc7a0100010009f501fe30190718030000fd600100000005fa000150010020310100010006f801fe5001000001c60100000005fa0003301900863a0100010006f801fe3019000006580100000005fa0001222c006b8c0100010006f801fe222c0001b08c0100000005fa0001504400b0030100010009f501fe50440007000000a24f0100[payload->]..M...J....?..m....&...n........o........p....&...q........r........s....&.............0..<.........0.. ....a........0...z........0.......`........P.. 1........P.............0...:........0....X........",.k.........",............PD...........PD......O..||0,001
2025-08-02T22:10:02.678 0100|01|17|2d|058889|0100000005fa0001500e00d0340100010006f801fe500e000002f6ffffffff010000d0012e047875010001d001[payload->].....P...4........P................xu.....||0,464
2025-08-02T23:55:55.940 0100|0b|fb|09|fe2002|010000000000006c4a[payload->]....lJ||19,052
2025-08-03T01:41:25.194 0100|71|99|ff|ffffff|010000d0012e047875010001d0012d0588890100000005fa000154080171b70100010007f701fe54080100001e6f010000d0012e047875010001d0012d058889ffff0100000005fa000110030154f00100010007f701fe100301ffff859c0100000005fa00012004016bf20100010009f501fe200401ffffffff850d0100000005fa0001200200cbf1010001000bfb01fe200201ae8da802453b1e8d0100000005fa0003100301ecf14300010007f701fe100301ffff859c0100000005fa0003200401d3f30100010009f501fe200401ffffff7f850d0100000005fa000320020173f0010001000bf301fe2002010000000000006c4a0100000005fa000134[payload->]....xu.....-...........T..q.........T.....o.......xu.....-................T........................ ..k......... ................ ............ ......E;...............C...................... ............ ................ ..s......... ........lJ........4||13,313
2025-08-03T02:13:21.263 0100|01|00|07|f7a24f|0100000005fa00[payload->]....||0,250
2025-08-03T02:38:13.570 0100|0f|f7|43|fe5408|0100001e6f0100000005fa000150aa00104e0100010006f801fe50aa0000e1b70100000005fa0001345501ff8f0100010006f801fe3455010071990100000007f80401[payload->].o........P...N........P.............4U...........4U..q.........||0,260
2025-08-03T02:39:17.180 0100|0b|f3|03|fe3660|010000[payload->]||0,000
2025-08-03T02:53:47.237 0100|0b|f3|41|fe3660|01000000000000fd2bff010000d0012e047875010001d0012d0588890100000005fa0001541d01e1b90100010006f801fe541d0101a7c60100000005fa00013421[payload->].....+........xu.....-...........T............T.............4!||8,500
2025-08-03T03:17:06.571 0100|fe|50|6c|00b201|010000ffffff05b3c1031800260c0010b403010000ffffff00b501010000ffffff05b6c1031800260c0010b703010000ffffdf00b801010000ffffff05eefaff010000b0024d0002b44a010001083fb782b9c1031800260c0010ba03010000ffffff00bb01010000ffbfff05[payload->].........&..........................&.............................M...J....?.......&.....................||1,535
2025-08-03T04:27:01.545 0100|01|00|09|f502fe|0100000005fa000320[payload->]..... ||8,195
2025-08-03T06:24:06.709 0100|01|08|3f|b782d9|01000000ffffff05ccc103180004100010cd01010000ffffff05ce03010000ffffff00cfc103180004100010d001010000ffffff05d103010000ffffff007f[payload->]............................................................||32,512
2025-08-03T08:10:15.303 0100|00|00|05|1f8103|01000000bb[payload->]..||47,872
2025-08-03T08:31:26.653 0100|00|00|05|fa0001|0100000005[payload->]..||1,280
2025-08-03T08:53:17.785 0100|01|00|09|f501b9|010000b0024d0002b4[payload->]..M...||46,082
2025-08-03T09:00:52.803 0100|01|00|09|06e7c8|0100000005fa000136[payload->].....6||13,825
2025-08-03T09:05:54.433 0100|01|00|09|f5a24f|0100000005fa000150[payload->].....P||20,481
2025-08-03T09:20:09.731 0100|71|99|ff|ffffff|010000d0012e047875010001d0012d058889010000d0012e047875010001d0012d0588890100000005fa00013423019fa9010001000bf301fe342301000000000000b8760100000005fa000154190121bb0142010007f701fe541b013c00227b010000d0012e047875010001d0012d0588890100000005fa0001541d01e1b90100010006f801fe541d0101a7c60100000005fa0001342101ffa8010001000bf301fe34210100000000000061f70100000005fa0001340a010fb60100010007f701fe340a013c00aeff0100000005fa00013013009e3d0100010006f801fe30130001c4b90100000005fa000154100171bd0100010006f801fe541001026517[payload->]....xu.....-..........xu.....-...........4#...........4#........v........T..!..B......T..<."{.......xu.....-...........T............T.............4!...........4!.......a.........4............4..<...........0...=........0.............T..q.........T...e.||5,989
2025-08-03T09:21:16.701 0100|01|00|07|3b1e8d|0100000005fa00[payload->]....||0,250
2025-08-03T09:24:46.877 0100|01|00|0b|f30173|0100000005fa0003200201[payload->]..... ..||0,258
2025-08-03T10:12:49.620 0100|71|99|ff|ffffff|010000d0012e047875010001d0012d058889ffffff010000d0012e047875010001d0012d0588890100000005fa00013423011fa9010001000bf301fe342301000000000000b8760100000005fa000154190121bb0100010007f701fe5419013c00227b010000d0012e047875010001d0012d058889ff0100000005fa0001541d01e1b90100010006f801fe541d0101a7c60100000005fa0001342101ffa8010001000bf301fe34210100000000000061f70100000005fa0001340a010fb60100010007f701fe340a013c00aeff0100000005fa000154100171bd0100010006f801fe5410010265170100000005fa00013660016f39010001000bf301fe3660[payload->]....xu.....-.............xu.....-...........4#...........4#........v........T..!.........T..<."{.......xu.....-............T............T.............4!...........4!.......a.........4............4..<...........T..q.........T...e.........6`.o9........6`||24,630
2025-08-03T10:22:05.047 0100|01|00|09|f50161|0100000005fa000130[payload->].....0||12,289
2025-08-03T11:03:29.585 0100|71|99|ff|fffffe|010000d0012e047875010001d0012d058889ff010000d0012e047875010001d0012d0588890100000005fa00013423019fa9010001000bf301fe342301000000000000b8760100000005fa000154190121bb0100010007f701fe5419013c00227bffff010000d0012e047875010001d0012d058889ff0100000005fa0001541d01e1b90100010006f801fe541d0101a7c60100000005fa0001342101ffa8010001000bf301fe34210100000000000061f70100000005fa0001340a010fb60100010007f701fe340a013c00aeff0100000005fa000154100171bd0100010006f801fe5410210265170100000005fa0001340f015fb50100010019e501fe340f[payload->]....xu.....-...........xu.....-...........4#...........4#........v........T..!.........T..<."{.........xu.....-............T............T.............4!...........4!.......a.........4............4..<...........T..q.........T.!.e.........4.._.........4.||3,892
2025-08-03T11:29:38.542 0100|71|99|ff|ffffff|010000d0012e047875010001d0012d058889ffff0100000005fa00011f8500f7630100010006f801fe1f850003fdd00100000005fa00012001023ab10100018007f701fe200102150019220100000005fa00011f810336210100010009f501fe1f810301000000bba40100000005fa0003101800dc3a0100010006f801fe10180004c5030100000005fa00013019003e3b0100810006f801fe30190007c4190100000005fa00013423019fa9010001000bf301fe342301000000000000b8760100000005fa0001301901fefa0100010009f501fe3019010110010134de0100000005fa0001501a00d03b0100010007f701fe501a00350bf19c0100000005fa[payload->]....xu.....-.................c...................... ..:......... ....."...........6!.............................:......................0..>;........0.............4#...........4#........v........0............0......4.........P...;........P..5.........||64,005
2025-08-03T11:58:36.542 0100|01|08|3f|b78241|01000000ffffff054203010000ffffff0043c1031800b60d00104401010000ffffff054503010000ffffff0046c1031800b60d00104701010000ffffff05fa[payload->].....B........C........D........E........F........G.........||64,005
2025-08-03T14:45:50.534 0100|0b|f3|03|fe3660|010000[payload->]||0,000
2025-08-03T15:07:45.202 0100|0b|f3|09|fe2002|010000000000006c4a[payload->]....lJ||19,052
2025-08-03T16:07:11.560 0100|01|00|09|f5aeff|0100000005fa000320[payload->]..... ||8,195
2025-08-03T16:17:16.859 0100|00|00|05|fa00c4|0100000005[payload->]..||1,280
2025-08-03T17:38:26.444 0100|01|00|0b|f301fe|0100000005fa0001340400[payload->].....4..||0,004
