2025-08-01T21:44:44.381 0100|01|00|06|f843fe|52ea0000e1b7[payload->]...||47,073
2025-08-01T21:47:34.320 0100|01|00|06|f801fe|52ea0000e1b7[payload->]...||47,073
2025-08-01T22:03:44.251 0100|01|00|06|fa03fe|52ea0000e1b7[payload->]...||47,073
2025-08-01T22:09:54.288 0100|01|00|06|f801fe|52ea0040e1b7[payload->]@..||47,073
2025-08-01T22:43:04.285 0100|01|00|06|fa03fe|52ea0000e1b7[payload->]...||47,073
2025-08-01T22:45:34.366 0100|01|00|06|f801fe|52ea0000e1b7[payload->]...||47,073
2025-08-01T23:52:04.305 0100|01|00|06|f801fe|52ea0040e1b7[payload->]@..||47,073
2025-08-02T02:07:44.270 0100|01|00|06|f84bfe|52ea0000e1b7[payload->]...||47,073
2025-08-02T03:08:24.271 0100|01|00|06|f801fe|52ea0000e1b7[payload->]...||47,073
2025-08-02T03:33:54.277 0100|01|00|06|f801fe|52ea0000e1b7[payload->]...||47,073
2025-08-02T03:42:14.159 0100|01|40|06|f84bfe|52ea0000e1b7[payload->]...||47,073
2025-08-02T03:44:35.072 0100|01|00|06|f801fe|52ea0000e1b7[payload->]...||47,073
2025-08-02T03:49:14.162 0100|01|00|06|f841fe|52ea0000e1f7[payload->]...||63,457
2025-08-02T03:52:24.219 0100|01|00|06|f841fe|52ea0000e1b7[payload->]...||47,073
2025-08-02T03:59:54.189 0100|01|00|06|f801fe|52ea0000e1b7[payload->]...||47,073
2025-08-02T04:37:14.276 0100|01|00|06|f801fe|52ea0000e3b7[payload->]...||47,075
2025-08-02T04:43:14.274 0100|01|00|06|f801fe|52ea0000e1b7[payload->]...||47,073
2025-08-02T05:09:24.243 0100|01|00|06|f801fe|52ea0000e1b7[payload->]...||47,073
2025-08-02T05:14:04.217 0100|01|00|06|f841fe|52ea0000e1b7[payload->]...||47,073
2025-08-02T05:19:04.298 0100|01|00|06|f801fe|52ea0000e1b7[payload->]...||47,073
2025-08-02T11:48:49.121 0100|01|00|06|f801fe|52ea0000e1b7[payload->]...||47,073
2025-08-03T00:06:48.721 0100|01|00|06|f801fe|52ea0000e1b7[payload->]...||47,073
