2025-07-30T20:27:46.723 0100|00|00|05|fa0001|2007095df3[payload->]].||62,301
2025-07-30T20:27:46.825 0100|01|00|0c|f201fe|2007090141840011000f8928[payload->].A......(||10,377
2025-07-30T20:48:03.466 0100|00|00|05|fa0001|2007095df3[payload->]].||62,301
2025-07-30T20:48:03.567 0100|01|00|0c|f201fe|2007090141840011000f8928[payload->].A......(||10,377
2025-07-30T21:08:21.276 0100|00|00|05|fa0001|2007095df3[payload->]].||62,301
2025-07-30T21:08:21.377 0100|01|00|0c|f201fe|2007090141840011000f8928[payload->].A......(||10,377
2025-07-30T21:28:38.819 0100|00|00|05|fa0001|2007095df3[payload->]].||62,301
2025-07-30T21:28:38.921 0100|01|00|0c|f201fe|2007090141840011000f8928[payload->].A......(||10,377
2025-07-30T21:38:48.171 0100|00|00|05|fa0001|2007095df3[payload->]].||62,301
2025-07-30T21:38:48.372 0100|01|00|0c|f201fe|2007090141840011000f8928[payload->].A......(||10,377
2025-07-30T21:59:04.618 0100|00|00|05|fa0001|2007095df3[payload->]].||62,301
2025-07-30T21:59:04.719 0100|01|00|0c|f201fe|2007090141840011000f8928[payload->].A......(||10,377
2025-07-30T22:09:13.300 0100|00|00|05|fa0001|2007095df3[payload->]].||62,301
2025-07-30T22:09:13.301 0100|01|00|0c|f201fe|2007090141840011000ff301[payload->].A.......||0,499
2025-07-30T22:19:22.239 0100|00|00|05|fa0001|2007095df3[payload->]].||62,301
2025-07-30T22:19:22.239 0100|01|00|0c|f201fe|2007090141840011000f8928[payload->].A......(||10,377
2025-07-30T22:29:31.296 0100|00|00|05|fa0001|2007095df3[payload->]].||62,301
2025-07-30T22:29:31.397 0100|01|00|0c|f201fe|2007090141840011000f8928[payload->].A......(||10,377
2025-07-30T22:59:58.157 0100|00|00|05|fa0001|2007095df3[payload->]].||62,301
2025-07-30T22:59:58.258 0100|01|00|0c|f201fe|2007090141840011000f8928[payload->].A......(||10,377
2025-07-30T23:30:23.401 0100|00|00|05|fa0001|2007095df3[payload->]].||62,301
2025-07-30T23:30:23.502 0100|01|00|0c|f201fe|2007090141840011000f8928[payload->].A......(||10,377
2025-07-31T00:00:51.399 0100|00|00|05|fa0001|2007095df3[payload->]].||62,301
2025-07-31T00:00:51.500 0100|01|00|0c|f201fe|2007090141840011000f8928[payload->].A......(||10,377
2025-07-31T00:21:08.800 0100|00|00|05|fa0001|2007095df3[payload->]].||62,301
2025-07-31T00:21:08.901 0100|01|00|0c|f201fe|2007090141840011000f8928[payload->].A......(||10,377
2025-07-31T00:41:26.104 0100|00|00|05|fa0001|2007095df3[payload->]].||62,301
2025-07-31T00:41:26.205 0100|01|00|0c|f201fe|2007090141840011000f8928[payload->].A......(||10,377
2025-07-31T01:11:51.516 0100|00|00|05|fa0001|2007095df3[payload->]].||62,301
2025-07-31T01:32:09.537 0100|00|00|05|fa0001|2007095df3[payload->]].||62,301
2025-07-31T01:32:09.739 0100|01|00|0c|f201fe|2007090141840011000f8928[payload->].A......(||10,377
2025-07-31T01:42:17.925 0100|01|00|0c|f201fe|2007090141840011000f8928[payload->].A......(||10,377
2025-07-31T02:12:44.667 0100|01|00|0c|f201fe|2007090141840011000f8928[payload->].A......(||10,377
2025-07-31T02:22:53.619 0100|01|00|0c|f201fe|2007090141840011000f8928[payload->].A......(||10,377
2025-07-31T02:33:02.764 0100|00|00|05|fa0001|2007095df3[payload->]].||62,301
2025-07-31T02:43:10.919 0100|01|00|0c|f201fe|2007090141840011000f8928[payload->].A......(||10,377
2025-07-31T03:03:29.048 0100|00|00|05|fa0001|2007095df3[payload->]].||62,301
2025-07-31T03:13:37.865 0100|00|00|05|fa0001|2007095df3[payload->]].||62,301
2025-07-31T03:13:37.966 0100|01|00|0c|f201fe|2007090141840011000f8928[payload->].A......(||10,377
2025-07-31T03:33:53.466 0100|00|00|05|fa0001|2007095df3[payload->]].||62,301
2025-07-31T03:33:53.668 0100|01|00|0c|f201fe|2007090141840011000f8928[payload->].A......(||10,377
2025-07-31T03:54:10.630 0100|00|00|05|fa0001|2007095df3[payload->]].||62,301
2025-07-31T03:54:10.731 0100|01|00|0c|f201fe|2007090141840011000f8928[payload->].A......(||10,377
2025-07-31T04:04:20.098 0100|00|00|05|fa0001|2007090100[payload->]..||0,001
2025-07-31T04:14:28.806 0100|00|00|05|fa0001|2007095df3[payload->]].||62,301
2025-07-31T04:14:28.907 0100|01|00|0c|f201fe|2007090141840011000f8928[payload->].A......(||10,377
2025-07-31T04:55:03.628 0100|00|00|05|fa0001|2007095df3[payload->]].||62,301
2025-07-31T04:55:03.730 0100|01|00|0c|f201fe|2007090141840011000f8928[payload->].A......(||10,377
2025-07-31T05:05:13.275 0100|00|00|05|fa0001|2007095df3[payload->]].||62,301
2025-07-31T05:05:13.376 0100|01|00|0c|f201fe|2007090141840011000f8928[payload->].A......(||10,377
2025-07-31T05:15:21.984 0100|00|00|05|fa0001|2007095df3[payload->]].||62,301
2025-07-31T05:15:22.086 0100|01|00|0c|f201fe|2007090141840011000f8928[payload->].A......(||10,377
2025-07-31T05:25:30.961 0100|00|00|05|fa0001|2007095df3[payload->]].||62,301
2025-07-31T05:25:31.062 0100|01|00|0c|f201fe|2007090141840011000f8928[payload->].A......(||10,377
2025-07-31T05:35:39.859 0100|00|00|05|fa0001|2007095df3[payload->]].||62,301
2025-07-31T05:55:57.386 0100|00|00|05|fa0001|2007095df3[payload->]].||62,301
2025-07-31T05:55:57.487 0100|01|00|0c|f201fe|2007090141840011000f8928[payload->].A......(||10,377
2025-07-31T06:06:05.504 0100|00|00|05|fa0001|2007095df3[payload->]].||62,301
2025-07-31T06:06:05.606 0100|01|00|0c|f201fe|2007090141840011000f8928[payload->].A......(||10,377
2025-07-31T06:26:21.541 0100|00|00|05|fa0001|2007095df3[payload->]].||62,301
2025-07-31T06:26:21.642 0100|01|00|0c|f201fe|2007090141840011000f8928[payload->].A......(||10,377
2025-07-31T07:27:12.641 0100|00|00|05|fa0001|2007095df3[payload->]].||62,301
2025-07-31T07:27:12.641 0100|01|00|0c|f201fe|2007090141840011000f8928[payload->].A......(||10,377
2025-07-31T07:37:21.533 0100|00|00|05|fa0001|2007095df3[payload->]].||62,301
2025-07-31T07:37:21.634 0100|01|00|0c|f201fe|2007090141840011000f8928[payload->].A......(||10,377
2025-07-31T07:57:37.856 0100|00|00|05|fa0001|2007095df3[payload->]].||62,301
2025-07-31T07:57:37.857 0100|01|00|0c|f201fe|2007090141840011000f8928[payload->].A......(||10,377
2025-07-31T08:17:55.363 0100|01|00|0c|f201fe|2007090141840011000f8928[payload->].A......(||10,377
2025-07-31T08:38:12.997 0100|00|00|05|fa0001|2007095df3[payload->]].||62,301
2025-07-31T08:38:13.098 0100|01|00|0c|f201fe|2007090141840011000f8928[payload->].A......(||10,377
2025-07-31T08:48:22.638 0100|00|00|05|fa0001|2007095df3[payload->]].||62,301
2025-07-31T08:48:22.639 0100|01|00|0c|f201fe|2007090141840011000f8928[payload->].A......(||10,377
2025-07-31T09:08:38.787 0100|00|00|05|fa0001|2007095df3[payload->]].||62,301
2025-07-31T09:08:38.888 0100|01|00|0c|f201fe|2007090141840011000f8928[payload->].A......(||10,377
2025-07-31T09:28:54.580 0100|00|00|05|fa0001|2007095df3[payload->]].||62,301
2025-07-31T09:28:54.681 0100|01|00|0c|f201fe|2007090141840011000f8928[payload->].A......(||10,377
2025-07-31T09:39:02.670 0100|00|00|05|fa0001|2007095df3[payload->]].||62,301
2025-07-31T09:39:02.771 0100|01|00|0c|f201fe|2007090141840011000f8928[payload->].A......(||10,377
2025-07-31T09:59:18.720 0100|00|00|05|fa0001|2007095df3[payload->]].||62,301
2025-07-31T09:59:18.821 0100|01|00|0c|f201fe|2007090141840011000f8928[payload->].A......(||10,377
2025-07-31T10:09:27.291 0100|00|00|05|fa0001|2007095df3[payload->]].||62,301
2025-07-31T10:09:27.392 0100|01|00|0c|f201fe|2007090141840011000f8928[payload->].A......(||10,377
2025-07-31T10:29:44.780 0100|00|00|05|fa0001|2007095df3[payload->]].||62,301
2025-07-31T10:29:44.881 0100|01|00|0c|f201fe|2007090141840011000f8928[payload->].A......(||10,377
2025-07-31T10:39:52.237 0100|00|00|05|fa0001|2007095df3[payload->]].||62,301
2025-07-31T10:39:52.439 0100|01|00|0c|f201fe|2007090141840011000f8928[payload->].A......(||10,377
2025-07-31T10:50:01.199 0100|00|00|05|fa0001|2007095df3[payload->]].||62,301
2025-07-31T10:50:01.300 0100|01|00|0c|f201fe|2007090141840011000f8928[payload->].A......(||10,377
2025-07-31T11:20:27.517 0100|00|00|05|fa0001|2007095df3[payload->]].||62,301
2025-07-31T11:20:27.618 0100|01|00|0c|f201fe|2007090141840011000f8928[payload->].A......(||10,377
2025-07-31T11:30:35.899 0100|00|00|05|fa0001|2007095df3[payload->]].||62,301
2025-07-31T11:30:36.000 0100|01|00|0c|f201fe|2007090141840011000f8928[payload->].A......(||10,377
2025-07-31T11:40:44.488 0100|00|00|05|fa0001|2007095df3[payload->]].||62,301
2025-07-31T11:40:44.589 0100|01|00|0c|f201fe|2007090141840011000f8928[payload->].A......(||10,377
2025-07-31T12:11:10.224 0100|00|00|05|fa0001|2007095df3[payload->]].||62,301
2025-07-31T12:11:10.325 0100|01|00|0c|f201fe|2007090141840011000f8928[payload->].A......(||10,377
2025-07-31T12:31:28.690 0100|00|00|05|fa0001|2007095df3[payload->]].||62,301
2025-07-31T12:31:28.791 0100|01|00|0c|f201fe|2007090141840011000f8928[payload->].A......(||10,377
2025-07-31T12:41:38.860 0100|00|00|05|fa0001|2007095df3[payload->]].||62,301
2025-07-31T12:41:38.961 0100|01|00|0c|f201fe|2007090141840011000f8928[payload->].A......(||10,377
2025-07-31T12:51:48.284 0100|00|00|05|fa0001|2007095df3[payload->]].||62,301
2025-07-31T13:01:57.150 0100|00|00|05|fa0001|2007095df3[payload->]].||62,301
2025-07-31T13:01:57.251 0100|01|00|0c|f201fe|2007090141840011000f8928[payload->].A......(||10,377
2025-07-31T13:12:04.495 0100|00|00|05|fa0001|2007095df3[payload->]].||62,301
2025-07-31T13:12:04.596 0100|01|00|0c|f201fe|2007090141840011000f8928[payload->].A......(||10,377
2025-07-31T13:22:12.727 0100|01|00|0c|f201fe|2007090141840011000f8928[payload->].A......(||10,377
2025-07-31T13:32:21.366 0100|00|00|05|fa0001|2007095df3[payload->]].||62,301
2025-07-31T13:52:38.875 0100|00|00|05|fa0001|2007095df3[payload->]].||62,301
2025-07-31T13:52:38.976 0100|01|00|0c|f201fe|20070901418400200700e332[payload->].A.. ...2||13,027
2025-07-31T14:02:48.036 0100|00|00|05|fa0001|2007095df3[payload->]].||62,301
2025-07-31T14:02:48.137 0100|01|00|0c|f201fe|2007090141840011000f8928[payload->].A......(||10,377
2025-07-31T14:23:04.381 0100|00|00|05|fa0001|2007095df3[payload->]].||62,301
2025-07-31T14:23:04.482 0100|01|00|0c|f201fe|2007090141840011000f8928[payload->].A......(||10,377
2025-07-31T15:03:39.272 0100|00|00|05|fa0001|2007095df3[payload->]].||62,301
2025-07-31T15:03:39.273 0100|01|00|0c|f201fe|2007090141840011000f8928[payload->].A......(||10,377
2025-07-31T15:54:22.493 0100|00|00|05|fa0001|2007095df3[payload->]].||62,301
2025-07-31T15:54:22.594 0100|01|00|0c|f201fe|2007090141840011000f8928[payload->].A......(||10,377
2025-07-31T16:04:32.030 0100|00|00|05|fa0001|2007095df3[payload->]].||62,301
2025-07-31T16:04:32.131 0100|01|00|0c|f201fe|2007090141840011000f8928[payload->].A......(||10,377
2025-07-31T16:14:41.082 0100|00|00|05|fa0001|2007095df3[payload->]].||62,301
2025-07-31T16:14:41.082 0100|01|00|0c|f201fe|2007090141840011000f8928[payload->].A......(||10,377
2025-07-31T16:24:49.767 0100|00|00|05|fa0001|2007095df3[payload->]].||62,301
2025-07-31T16:24:49.868 0100|01|00|0c|f201fe|2007090141840011000f8928[payload->].A......(||10,377
2025-07-31T16:34:57.916 0100|00|00|05|fa0001|2007095df3[payload->]].||62,301
2025-07-31T16:34:58.017 0100|01|00|0c|f201fe|2007090141840011000f8928[payload->].A......(||10,377
2025-07-31T16:55:16.617 0100|00|00|05|fa0001|2007095df3[payload->]].||62,301
2025-07-31T16:55:16.718 0100|01|00|0c|f201fe|2007090141840011000f8928[payload->].A......(||10,377
2025-07-31T17:15:33.963 0100|00|00|05|fa0001|2007095df3[payload->]].||62,301
2025-07-31T17:15:33.963 0100|01|00|0c|f201fe|2007090141840011000f8928[payload->].A......(||10,377
2025-07-31T17:25:42.292 0100|00|00|05|fa0001|2007095df3[payload->]].||62,301
2025-07-31T17:25:42.293 0100|01|00|0c|f201fe|2007090141840011000f8928[payload->].A......(||10,377
2025-07-31T17:56:09.601 0100|00|00|05|fa0001|2007095df3[payload->]].||62,301
2025-07-31T17:56:09.702 0100|01|00|0c|f201fe|2007090141840011000f8928[payload->].A......(||10,377
2025-07-31T18:06:19.166 0100|00|00|05|fa0001|2007095df3[payload->]].||62,301
2025-07-31T18:06:19.267 0100|01|00|0c|f201fe|2007090141840011000f8928[payload->].A......(||10,377
2025-07-31T18:57:04.068 0100|00|00|05|fa0001|2007095df3[payload->]].||62,301
2025-07-31T18:57:04.169 0100|01|40|0c|f201fe|2007090141840011000f8928[payload->].A......(||10,377
2025-07-31T19:07:12.577 0100|01|00|0c|f201fe|2007090141840011000f8928[payload->].A......(||10,377
2025-07-31T19:47:48.899 0100|00|00|05|fa0001|2007095df3[payload->]].||62,301
2025-07-31T19:47:49.001 0100|01|00|0c|f201fe|2007090141840011000f8928[payload->].A......(||10,377
2025-07-31T19:57:58.180 0100|00|00|05|fa0001|2007095df3[payload->]].||62,301
2025-07-31T19:57:58.281 0100|01|00|0c|f201fe|2007090141840011000f8928[payload->].A......(||10,377
2025-07-31T20:08:06.173 0100|00|00|05|fa0001|2007095df3[payload->]].||62,301
2025-07-31T20:08:06.274 0100|01|00|0c|f201fe|2007090141840011000f8928[payload->].A......(||10,377
2025-07-31T20:18:14.611 0100|00|00|05|fa0001|2007095df3[payload->]].||62,301
2025-07-31T20:18:14.611 0100|01|00|0c|f201fe|2007090141840011000f8928[payload->].A......(||10,377
2025-07-31T20:28:23.880 0100|00|00|05|fa0001|2007095df3[payload->]].||62,301
2025-07-31T20:28:23.981 0100|01|00|0c|f201fe|2007090141840011000f8928[payload->].A......(||10,377
2025-07-31T20:58:51.195 0100|00|00|05|fa0001|2007095df3[payload->]].||62,301
2025-07-31T20:58:51.296 0100|01|00|0c|f201fe|2007090141840011000f8928[payload->].A......(||10,377
2025-07-31T21:19:08.644 0100|00|00|05|fa0001|2007095df3[payload->]].||62,301
2025-07-31T21:19:08.745 0100|01|00|0c|f201fe|2007090141840011000f8928[payload->].A......(||10,377
2025-07-31T21:29:18.137 0100|00|00|05|fa0001|2007095df3[payload->]].||62,301
2025-07-31T21:29:18.238 0100|01|00|0c|f201fe|2007090141840011000f8928[payload->].A......(||10,377
2025-07-31T21:49:35.593 0100|00|00|05|fa0001|2007095df3[payload->]].||62,301
2025-07-31T21:49:35.694 0100|01|00|0c|f201fe|2007090141840011000f8928[payload->].A......(||10,377
2025-07-31T22:09:51.891 0100|00|00|05|fa0001|2007095df3[payload->]].||62,301
2025-07-31T22:09:51.992 0100|01|00|0c|f201fe|2007090141840011000f8928[payload->].A......(||10,377
2025-07-31T22:20:01.361 0100|00|00|05|fa0001|2007095df3[payload->]].||62,301
2025-07-31T22:20:01.361 0100|01|00|0c|f201fe|2007090141840011000f8928[payload->].A......(||10,377
2025-07-31T22:40:19.326 0100|00|00|05|fa0001|2007095df3[payload->]].||62,301
2025-07-31T22:40:19.428 0100|01|00|0c|f201fe|2007090141840011000f8928[payload->].A......(||10,377
2025-07-31T23:00:37.757 0100|01|00|0c|f201fe|2007090141840011000f8928[payload->].A......(||10,377
2025-07-31T23:41:13.348 0100|00|00|05|fa0001|2007095df3[payload->]].||62,301
2025-07-31T23:41:13.449 0100|01|00|0c|f201fe|2007090141840011000f8928[payload->].A......(||10,377
2025-07-31T23:51:22.810 0100|00|00|05|fa0001|2007095df3[payload->]].||62,301
2025-07-31T23:51:22.911 0100|01|00|0c|f201fe|2007090141840011000f8928[payload->].A......(||10,377
2025-08-01T00:11:40.682 0100|00|00|05|fa0001|2007095df3[payload->]].||62,301
2025-08-01T00:11:40.783 0100|01|00|0c|f201fe|2007090141840011000f8928[payload->].A......(||10,377
2025-08-01T00:21:50.367 0100|00|00|05|fa0001|2007095df3[payload->]].||62,301
2025-08-01T00:21:50.368 0100|01|00|0c|f201fe|2007090141840011000f8928[payload->].A......(||10,377
2025-08-01T00:42:07.624 0100|01|00|0c|f201fe|2007090141840011000f8928[payload->].A......(||10,377
2025-08-01T01:02:25.364 0100|01|00|0c|f201fe|2007090141840011000f8928[payload->].A......(||10,377
2025-08-01T01:12:34.260 0100|00|00|05|fa0001|2007095df3[payload->]].||62,301
2025-08-01T01:12:34.361 0100|01|00|0c|f201fe|2007090141840011000f8928[payload->].A......(||10,377
2025-08-01T01:32:52.156 0100|00|00|05|fa0001|2007095df3[payload->]].||62,301
2025-08-01T01:32:52.257 0100|01|00|0c|f201fe|2007090141840011000f8928[payload->].A......(||10,377
2025-08-01T01:43:00.928 0100|01|00|0c|f201fe|2007090141840011000f8928[payload->].A......(||10,377
2025-08-01T02:23:36.443 0100|00|00|05|fa0001|2007095df3[payload->]].||62,301
2025-08-01T02:23:36.545 0100|01|00|0c|f201fe|2007090141840011000f8928[payload->].A......(||10,377
2025-08-01T02:33:44.856 0100|00|00|05|fa0001|2007095df3[payload->]].||62,301
2025-08-01T02:33:44.957 0100|01|00|0c|f201fe|2007090141840011000f8928[payload->].A......(||10,377
2025-08-01T02:54:02.529 0100|00|00|05|fa0001|2007095df3[payload->]].||62,301
2025-08-01T02:54:02.630 0100|01|00|0c|f201fe|2007090141840011000f8928[payload->].A......(||10,377
2025-08-01T03:14:19.833 0100|00|00|05|fa0001|2007095df3[payload->]].||62,301
2025-08-01T03:14:19.934 0100|01|00|0c|f201fe|2007090141840011000f8928[payload->].A......(||10,377
2025-08-01T03:24:28.321 0100|00|00|05|fa0001|2007095df3[payload->]].||62,301
2025-08-01T03:24:28.422 0100|01|00|0c|f201fe|2007090141840011000f8928[payload->].A......(||10,377
2025-08-01T03:34:36.918 0100|00|00|05|fa0001|2007095df3[payload->]].||62,301
2025-08-01T03:34:37.020 0100|01|00|0c|f201fe|2007090141840011000f8928[payload->].A......(||10,377
2025-08-01T03:44:44.439 0100|00|00|05|fa0001|2007095df3[payload->]].||62,301
2025-08-01T03:44:44.540 0100|01|00|0c|f201fe|2007090141840011000f8928[payload->].A......(||10,377
2025-08-01T03:54:53.725 0100|00|00|05|fa0001|2007095df3[payload->]].||62,301
2025-08-01T03:54:53.826 0100|01|00|0c|f201fe|2007090141840011000f8928[payload->].A......(||10,377
2025-08-01T04:35:29.809 0100|00|00|05|fa0001|2007095df3[payload->]].||62,301
2025-08-01T04:35:29.910 0100|01|00|0c|f201fe|2007090141840011000f8928[payload->].A......(||10,377
2025-08-01T04:45:39.156 0100|00|00|05|fa0001|2007095df3[payload->]].||62,301
2025-08-01T04:45:39.157 0100|01|00|0c|f201fe|2007090141840011000f8928[payload->].A......(||10,377
2025-08-01T05:05:57.782 0100|00|00|05|fa0001|2007095df3[payload->]].||62,301
2025-08-01T05:05:57.883 0100|01|00|0c|f201fe|2007090141840011000f8928[payload->].A......(||10,377
2025-08-01T05:16:06.290 0100|00|00|05|fa0001|2007095df3[payload->]].||62,301
2025-08-01T05:16:06.391 0100|01|00|0c|f201fe|2007090141840011000f8928[payload->].A......(||10,377
2025-08-01T05:26:14.611 0100|00|00|05|fa0001|2007095df3[payload->]].||62,301
2025-08-01T05:26:14.612 0100|01|00|0c|f201fe|2007090141840011000f8928[payload->].A......(||10,377
2025-08-01T05:46:32.520 0100|01|00|0c|f201fe|2007090141840011000f8928[payload->].A......(||10,377
2025-08-01T06:16:59.436 0100|00|00|05|fa0001|2007095df3[payload->]].||62,301
2025-08-01T06:16:59.537 0100|01|00|0c|f201fe|2007090141840011000f8928[payload->].A......(||10,377
2025-08-01T06:47:24.648 0100|01|00|0c|f201fe|2007090141840011000f8928[payload->].A......(||10,377
2025-08-01T06:57:33.579 0100|00|00|05|fa0001|2007095df3[payload->]].||62,301
2025-08-01T06:57:33.580 0100|01|00|0c|f201fe|2007090141840011000f8928[payload->].A......(||10,377
2025-08-01T07:07:41.802 0100|00|00|05|fa0001|2007095df3[payload->]].||62,301
2025-08-01T07:07:41.903 0100|01|00|0c|f201fe|2007090141840011000f8928[payload->].A......(||10,377
2025-08-01T07:38:08.817 0100|00|00|05|fa0001|2007095df3[payload->]].||62,301
2025-08-01T07:38:09.019 0100|01|00|0c|f201fe|2007090141840011000f8928[payload->].A......(||10,377
2025-08-01T07:58:25.903 0100|00|00|05|fa0001|2007095df3[payload->]].||62,301
2025-08-01T08:18:43.832 0100|00|00|05|fa0001|2007095df3[payload->]].||62,301
2025-08-01T08:18:43.832 0100|01|00|0c|f201fe|2007090141840011000f8928[payload->].A......(||10,377
2025-08-01T08:28:52.212 0100|00|00|05|fa0001|2007095df3[payload->]].||62,301
2025-08-01T08:28:52.314 0100|01|00|0c|f201fe|2007090141840011000f8928[payload->].A......(||10,377
2025-08-01T08:49:09.934 0100|00|00|05|fa0001|2007095df3[payload->]].||62,301
2025-08-01T08:49:10.035 0100|01|00|0c|f201fe|2007090141840011000f8928[payload->].A......(||10,377
2025-08-01T09:19:37.021 0100|01|00|0c|f201fe|2007090141840011000f8928[payload->].A......(||10,377
2025-08-01T10:00:11.812 0100|00|00|05|fa0001|2007095df3[payload->]].||62,301
2025-08-01T10:00:11.913 0100|01|00|0c|f201fe|2007090141840011000f8928[payload->].A......(||10,377
2025-08-01T10:30:39.002 0100|00|00|05|fa0001|2007095df3[payload->]].||62,301
2025-08-01T10:30:39.002 0100|01|00|0c|f201fe|2007090141840011000f8928[payload->].A......(||10,377
2025-08-01T10:40:48.035 0100|00|00|05|fa0001|2007095df3[payload->]].||62,301
2025-08-01T10:40:48.136 0100|01|00|0c|f201fe|2007090141840011000f8928[payload->].A......(||10,377
2025-08-01T10:50:57.056 0100|00|00|05|fa0001|2007095df3[payload->]].||62,301
2025-08-01T10:50:57.157 0100|01|00|0c|f201fe|2007090141840011000f8928[payload->].A......(||10,377
2025-08-01T11:01:05.583 0100|01|00|0c|f201fe|2007090141840011000f8928[payload->].A......(||10,377
2025-08-01T11:41:43.039 0100|00|00|05|fa0001|2007095df3[payload->]].||62,301
2025-08-01T11:41:43.140 0100|01|00|0c|f201fe|2007090141840011000f8928[payload->].A......(||10,377
2025-08-01T12:32:28.029 0100|00|00|05|fa0001|2007095df3[payload->]].||62,301
2025-08-01T12:32:28.030 0100|01|00|0c|f201fe|2007090141840011000f8928[payload->].A......(||10,377
2025-08-01T12:42:35.822 0100|01|00|0c|f201fe|2007090141840011000f8928[payload->].A......(||10,377
2025-08-01T12:52:44.227 0100|00|00|05|fa0001|2007095df3[payload->]].||62,301
2025-08-01T12:52:44.328 0100|01|00|0c|f201fe|2007090141840011000f8928[payload->].A......(||10,377
2025-08-01T13:13:02.785 0100|00|00|05|fa0001|2007095df3[payload->]].||62,301
2025-08-01T13:13:02.785 0100|01|00|0c|f201fe|2007090141840011000f8928[payload->].A......(||10,377
2025-08-01T13:23:11.114 0100|00|00|05|fa0001|2007095df3[payload->]].||62,301
2025-08-01T13:23:11.215 0100|01|00|0c|f201fe|2007090141840011000f8928[payload->].A......(||10,377
2025-08-01T13:33:19.801 0100|00|00|05|fa0001|2007095df3[payload->]].||62,301
2025-08-01T13:33:19.902 0100|01|00|0c|f201fe|2007090141840011000f8928[payload->].A......(||10,377
2025-08-01T13:43:28.643 0100|00|00|05|fa0001|2007095df3[payload->]].||62,301
2025-08-01T13:43:28.744 0100|01|00|0c|f201fe|2007090141840011000f8928[payload->].A......(||10,377
2025-08-01T14:03:46.120 0100|00|00|05|fa0001|2007095df3[payload->]].||62,301
2025-08-01T14:03:46.222 0100|01|00|0c|f201fe|2007090141840011000f8928[payload->].A......(||10,377
2025-08-01T14:13:54.646 0100|01|00|0c|f201fe|2007090141840011000f8928[payload->].A......(||10,377
2025-08-01T14:34:12.118 0100|00|00|05|fa0001|2007095df3[payload->]].||62,301
2025-08-01T14:34:12.219 0100|01|00|0c|f201fe|2007090141840011000f8928[payload->].A......(||10,377
2025-08-01T14:44:20.741 0100|00|00|05|fa0001|2007095df3[payload->]].||62,301
2025-08-01T14:44:20.842 0100|01|00|0c|f201fe|2007090141840011000f8928[payload->].A......(||10,377
2025-08-01T14:54:29.712 0100|00|00|05|fa0001|2007095df3[payload->]].||62,301
2025-08-01T14:54:29.814 0100|01|00|0c|f201fe|2007090141840011000f8928[payload->].A......(||10,377
2025-08-01T15:04:38.407 0100|00|00|05|fa0001|2007095df3[payload->]].||62,301
2025-08-01T15:04:38.508 0100|01|00|0c|f201fe|2007090141840011000f8928[payload->].A......(||10,377
2025-08-01T15:24:56.010 0100|00|00|05|fa0001|2007095df3[payload->]].||62,301
2025-08-01T15:24:56.111 0100|01|00|0c|f201fe|2007090141840011000f8928[payload->].A......(||10,377
2025-08-01T15:45:13.717 0100|00|00|05|fa0001|2007095df3[payload->]].||62,301
2025-08-01T15:45:13.818 0100|01|00|0c|f201fe|2007090141840011000f8928[payload->].A......(||10,377
2025-08-01T15:55:22.176 0100|01|00|0c|f201fe|2007090141840011000f8928[payload->].A......(||10,377
2025-08-01T16:05:31.156 0100|00|00|05|fa0001|2007095df3[payload->]].||62,301
2025-08-01T16:05:31.257 0100|01|00|0c|f201fe|2007090141840011000f8928[payload->].A......(||10,377
2025-08-01T16:15:39.289 0100|00|00|05|fa0001|2007095df3[payload->]].||62,301
2025-08-01T16:15:39.391 0100|01|00|0c|f201fe|2007090141840011000f8928[payload->].A......(||10,377
2025-08-01T16:25:49.203 0100|00|00|05|fa0001|2007095df3[payload->]].||62,301
2025-08-01T16:25:49.203 0100|01|00|0c|f201fe|2007090141840011000f8928[payload->].A......(||10,377
2025-08-01T17:16:32.503 0100|00|00|05|fa0001|2007095df3[payload->]].||62,301
2025-08-01T17:16:32.604 0100|01|00|0c|f201fe|2007090141840011000f8928[payload->].A......(||10,377
2025-08-01T17:46:58.545 0100|01|00|0c|f201fe|2007090141840011000f8928[payload->].A......(||10,377
2025-08-01T17:57:07.486 0100|00|00|05|fa0001|2007095df3[payload->]].||62,301
2025-08-01T17:57:07.688 0100|01|00|0c|f201fe|2007090141840011000f8928[payload->].A......(||10,377
2025-08-01T18:17:24.597 0100|00|00|05|fa0001|2007095df3[payload->]].||62,301
2025-08-01T18:17:24.698 0100|01|00|0c|f201fe|2007090141840011000f8928[payload->].A......(||10,377
2025-08-01T18:27:33.644 0100|00|00|05|fa0001|2007095df3[payload->]].||62,301
2025-08-01T18:27:33.745 0100|01|00|0c|f201fe|2007090141840011000f8928[payload->].A......(||10,377
2025-08-01T18:47:49.405 0100|00|00|05|fa0001|2007095df3[payload->]].||62,301
2025-08-01T18:47:49.406 0100|01|00|0c|f201fe|2007090141840011000f8928[payload->].A......(||10,377
2025-08-01T18:57:58.429 0100|01|00|0c|f201fe|2007090141840011000f8928[payload->].A......(||10,377
2025-08-01T19:08:07.679 0100|00|00|05|fa0001|2007095df3[payload->]].||62,301
2025-08-01T19:08:07.780 0100|01|00|0c|f201fe|2007090141840011000f8928[payload->].A......(||10,377
2025-08-01T19:18:16.104 0100|00|00|05|fa0001|2007095df3[payload->]].||62,301
2025-08-01T19:18:16.205 0100|01|00|0c|f201fe|2007090141840011000f8928[payload->].A......(||10,377
2025-08-01T19:38:33.477 0100|00|00|05|fa0001|2007095df3[payload->]].||62,301
2025-08-01T19:38:33.477 0100|01|00|0c|f201fe|2007090141840011000f8928[payload->].A......(||10,377
2025-08-01T19:48:41.687 0100|00|00|05|fa0001|2007095df3[payload->]].||62,301
2025-08-01T19:48:41.789 0100|01|00|0c|f201fe|2007090141840011000f8928[payload->].A......(||10,377
2025-08-01T20:19:06.970 0100|00|00|05|fa0001|2007095df3[payload->]].||62,301
2025-08-01T20:19:07.071 0100|01|00|0c|f201fe|2007090141840011000f8928[payload->].A......(||10,377
2025-08-01T20:29:16.141 0100|00|00|05|fa0001|2007095df3[payload->]].||62,301
2025-08-01T20:29:16.242 0100|01|00|0c|f201fe|2007090141840011000f8928[payload->].A......(||10,377
2025-08-01T20:39:25.075 0100|00|00|05|fa0001|2007095df3[payload->]].||62,301
2025-08-01T20:39:25.176 0100|01|00|0c|f201fe|2007090141840011000f8928[payload->].A......(||10,377
2025-08-01T20:49:33.530 0100|01|00|0c|f201fe|2007090141840011000f8928[payload->].A......(||10,377
2025-08-01T21:09:50.359 0100|00|00|05|fa0001|2007095df3[payload->]].||62,301
2025-08-01T21:09:50.460 0100|01|00|0c|f201fe|2007090141840011000f8928[payload->].A......(||10,377
2025-08-01T21:30:08.948 0100|00|00|05|fa0001|2007095df3[payload->]].||62,301
2025-08-01T21:30:09.049 0100|01|00|0c|f201fe|2007090141840011000f8928[payload->].A......(||10,377
2025-08-01T22:20:53.408 0100|00|00|05|fa0001|2007095df3[payload->]].||62,301
2025-08-01T22:20:53.508 0100|01|00|0c|f201fe|2007090141840011000f8928[payload->].A......(||10,377
2025-08-01T22:51:20.719 0100|00|00|05|fa0001|2007095df3[payload->]].||62,301
2025-08-01T22:51:20.820 0100|01|00|0c|f201fe|2007090141840011000f8928[payload->].A......(||10,377
2025-08-01T23:01:29.382 0100|00|00|05|fa0001|2007095df3[payload->]].||62,301
2025-08-01T23:01:29.483 0100|01|00|0c|f201fe|2007090141840011000f8920[payload->].A...... ||8,329
2025-08-01T23:11:38.454 0100|00|00|05|fa0001|200709fe20[payload->]. ||8,446
2025-08-01T23:21:46.945 0100|01|00|0c|f201fe|2007090141840011000f8928[payload->].A......(||10,377
2025-08-01T23:31:55.783 0100|00|00|05|fa0001|2007095df3[payload->]].||62,301
2025-08-01T23:31:55.885 0100|01|00|0c|f201fe|2007090141840011000f8928[payload->].A......(||10,377
2025-08-01T23:42:04.049 0100|01|00|0c|f201fe|2007090141840011000f8928[payload->].A......(||10,377
2025-08-02T00:02:20.579 0100|00|00|05|fa0001|2007095df3[payload->]].||62,301
2025-08-02T00:02:20.679 0100|01|00|0c|f201fe|2007090141840011000f8928[payload->].A......(||10,377
2025-08-02T00:12:29.919 0100|00|00|05|fa0001|2007095df3[payload->]].||62,301
2025-08-02T00:12:30.021 0100|01|00|0c|f201fe|2007090141840011000f8928[payload->].A......(||10,377
2025-08-02T00:22:38.610 0100|01|00|0c|f201fe|2007090141840011000f8928[payload->].A......(||10,377
2025-08-02T00:32:47.716 0100|00|00|05|fa0001|2007095df3[payload->]].||62,301
2025-08-02T00:32:47.817 0100|01|00|0c|f201fe|2007090141840011000f8928[payload->].A......(||10,377
2025-08-02T01:13:21.798 0100|00|00|05|fa0001|2007095df3[payload->]].||62,301
2025-08-02T01:13:21.899 0100|01|00|0c|f201fe|2007090141840011000f8928[payload->].A......(||10,377
2025-08-02T01:53:57.670 0100|00|00|05|fa0001|2007095df3[payload->]].||62,301
2025-08-02T01:53:57.771 0100|41|00|0c|f201fe|2007090141840011000f8928[payload->].A......(||10,377
2025-08-02T02:04:07.103 0100|00|00|05|fa0001|2007095df3[payload->]].||62,301
2025-08-02T02:04:07.103 0100|01|00|0c|f201fe|2007090141840011000f8928[payload->].A......(||10,377
2025-08-02T02:24:24.909 0100|00|00|05|fa0001|2007095df3[payload->]].||62,301
2025-08-02T02:24:25.010 0100|01|00|0c|f201fe|2007090141840011000f8928[payload->].A......(||10,377
2025-08-02T03:15:09.012 0100|00|00|05|fa0001|2007095df3[payload->]].||62,301
2025-08-02T03:15:09.113 0100|01|00|0c|f201fe|2007090141840011000f8928[payload->].A......(||10,377
2025-08-02T04:05:50.843 0100|00|00|05|fa0001|2007095df3[payload->]].||62,301
2025-08-02T04:05:50.944 0100|01|00|0c|f201fe|2007090141840011000f8928[payload->].A......(||10,377
2025-08-02T04:26:08.998 0100|00|00|05|fa0001|2007095df3[payload->]].||62,301
2025-08-02T04:26:09.099 0100|01|00|0c|f201fe|2007090141840011000f8928[payload->].A......(||10,377
2025-08-02T04:56:34.869 0100|00|00|05|fa0001|2007095df3[payload->]].||62,301
2025-08-02T04:56:34.970 0100|01|00|0c|f201fe|20070901d5840011000f8928[payload->]........(||10,377
2025-08-02T05:06:43.453 0100|00|00|05|fa0001|2007095df3[payload->]].||62,301
2025-08-02T05:06:43.554 0100|01|00|0c|f201fe|2007090141840011000f8928[payload->].A......(||10,377
2025-08-02T05:27:00.960 0100|00|00|05|fa0001|2007095df3[payload->]].||62,301
2025-08-02T05:27:00.961 0100|01|00|0c|f201fe|2007090141840011000f8928[payload->].A......(||10,377
2025-08-02T05:37:09.519 0100|00|00|05|fa0001|2007095df3[payload->]].||62,301
2025-08-02T05:37:09.620 0100|01|00|0c|f201fe|2007090141840011000f8928[payload->].A......(||10,377
2025-08-02T05:57:27.785 0100|00|00|05|fa0001|2007095df3[payload->]].||62,301
2025-08-02T05:57:27.886 0100|01|00|0c|f201fe|2007090141840011000f8928[payload->].A......(||10,377
2025-08-02T06:07:35.792 0100|00|00|05|fa0001|2007095df3[payload->]].||62,301
2025-08-02T06:07:35.893 0100|01|00|0c|f201fe|2007090141840011000f8928[payload->].A......(||10,377
2025-08-02T06:17:44.618 0100|00|00|05|fa0001|2007095df3[payload->]].||62,301
2025-08-02T06:17:44.719 0100|01|00|0c|f201fe|2007090141840011000f8928[payload->].A......(||10,377
2025-08-02T06:38:02.873 0100|00|00|05|fa0001|2007095df3[payload->]].||62,301
2025-08-02T06:38:02.974 0100|01|00|0c|f201fe|2007090141840011000f8928[payload->].A......(||10,377
2025-08-02T07:18:38.473 0100|00|00|05|fa0001|2007095df3[payload->]].||62,301
2025-08-02T07:28:47.575 0100|00|00|05|fa0001|2007095df3[payload->]].||62,301
2025-08-02T07:28:47.676 0100|01|00|0c|f201fe|2007090141840011000f8928[payload->].A......(||10,377
2025-08-02T07:49:04.470 0100|00|00|05|fa0001|2007095df3[payload->]].||62,301
2025-08-02T08:19:31.832 0100|00|00|05|fa0001|2007095df3[payload->]].||62,301
2025-08-02T08:19:31.933 0100|01|00|0c|f201fe|2007090141840011000f8928[payload->].A......(||10,377
2025-08-02T08:29:40.406 0100|00|00|05|fa0001|2007095df3[payload->]].||62,301
2025-08-02T08:39:48.801 0100|00|00|05|fa0001|2007095df3[payload->]].||62,301
2025-08-02T08:39:48.902 0100|01|00|0c|f201fe|2007090141840011000f8928[payload->].A......(||10,377
2025-08-02T09:00:06.234 0100|01|00|0c|f201fe|2007090141840011000f8928[payload->].A......(||10,377
2025-08-02T09:10:14.893 0100|00|00|05|fa0001|2007095df3[payload->]].||62,301
2025-08-02T09:10:14.994 0100|01|00|0c|f201fe|2007090141840011000f8928[payload->].A......(||10,377
2025-08-02T09:20:23.596 0100|00|00|05|fa0001|2007095df3[payload->]].||62,301
2025-08-02T09:20:23.698 0100|01|00|0c|f201fe|2007090141840011000f8928[payload->].A......(||10,377
2025-08-02T09:30:32.463 0100|00|00|05|fa0001|2007095df3[payload->]].||62,301
2025-08-02T09:30:32.564 0100|01|00|0c|f201fe|2007090141840011000f8928[payload->].A......(||10,377
2025-08-02T09:50:49.403 0100|00|00|05|fa0001|2007095df3[payload->]].||62,301
2025-08-02T09:50:49.505 0100|01|00|0c|f201fe|2007090141840011000f8928[payload->].A......(||10,377
2025-08-02T10:00:58.694 0100|00|00|05|fa0001|2007095df3[payload->]].||62,301
2025-08-02T10:41:34.807 0100|00|00|05|fa0001|2007095df3[payload->]].||62,301
2025-08-02T10:51:43.083 0100|00|00|05|fa0001|2007095df3[payload->]].||62,301
2025-08-02T10:51:43.184 0100|01|00|0c|f201fe|2007090141840011000f8928[payload->].A......(||10,377
2025-08-02T11:12:00.654 0100|01|00|0c|f201fe|2007090141840011000f8928[payload->].A......(||10,377
2025-08-02T11:32:17.816 0100|00|00|05|fa0001|2007095df3[payload->]].||62,301
2025-08-02T11:32:17.917 0100|01|00|0c|f201fe|2007090141840011000f8928[payload->].A......(||10,377
2025-08-02T11:42:26.970 0100|01|00|0c|f201fe|2007090141840011000f8928[payload->].A......(||10,377
2025-08-02T12:02:44.329 0100|00|00|05|fa0001|2007095df3[payload->]].||62,301
2025-08-02T12:02:44.430 0100|01|00|0c|f201fe|2007090141840011000f8928[payload->].A......(||10,377
2025-08-02T12:12:53.289 0100|00|00|05|fa0001|2007095df3[payload->]].||62,301
2025-08-02T12:12:53.390 0100|01|00|0c|f201fe|2007090141840011000f8928[payload->].A......(||10,377
2025-08-02T12:23:01.657 0100|01|00|0c|f201fe|2007090141840011000f8928[payload->].A......(||10,377
2025-08-02T12:43:19.130 0100|00|00|05|fa0001|2007095df3[payload->]].||62,301
2025-08-02T13:03:35.950 0100|01|00|0c|f201fe|2007090141840011000f8928[payload->].A......(||10,377
2025-08-02T13:13:44.596 0100|00|00|05|fa0001|2007095df3[payload->]].||62,301
2025-08-02T13:13:44.697 0100|01|00|0c|f201fe|2007090141840011000fc928[payload->].A......(||10,441
2025-08-02T13:44:10.531 0100|00|00|05|fa0001|2007095df3[payload->]].||62,301
2025-08-02T13:44:10.632 0100|01|00|0c|f201fe|2007090141840011000f8928[payload->].A......(||10,377
2025-08-02T14:14:37.912 0100|00|00|05|fa0001|2007095df3[payload->]].||62,301
2025-08-02T14:14:38.013 0100|01|00|0c|f201fe|2007090141840011000f8928[payload->].A......(||10,377
2025-08-02T14:34:54.687 0100|00|00|05|fa0001|2007095df3[payload->]].||62,301
2025-08-02T14:34:54.788 0100|01|00|0c|f201fe|2007090141840011000f8928[payload->].A......(||10,377
2025-08-02T14:45:03.924 0100|01|00|0c|f201fe|2007090141840011000f8928[payload->].A......(||10,377
2025-08-02T14:55:12.799 0100|01|00|0c|f201fe|2007090141840011000f8928[payload->].A......(||10,377
2025-08-02T15:05:21.981 0100|00|00|05|fa0001|2007095df3[payload->]].||62,301
2025-08-02T15:25:39.614 0100|01|00|0c|f201fe|200709031282000f0000e46e[payload->]........n||28,388
2025-08-02T15:35:49.016 0100|00|00|05|fa0001|2007095df3[payload->]].||62,301
2025-08-02T15:35:49.017 0100|01|00|0c|f201fe|2007090141840011000f8928[payload->].A......(||10,377
2025-08-02T16:06:14.990 0100|00|00|05|fa0001|2007095df3[payload->]].||62,301
2025-08-02T16:06:15.091 0100|01|00|0c|f201fe|2007090141840011000f8928[payload->].A......(||10,377
2025-08-02T16:16:23.416 0100|00|00|05|fa0001|2007095df3[payload->]].||62,301
2025-08-02T16:16:23.417 0100|01|00|0c|f201fe|2007090141840011000f8928[payload->].A......(||10,377
2025-08-02T16:26:31.808 0100|00|00|05|fa0001|2007095df3[payload->]].||62,301
2025-08-02T16:26:31.909 0100|01|00|0c|f201fe|2007090141840011000f8928[payload->].A......(||10,377
2025-08-02T16:46:49.562 0100|00|00|05|fa0001|2007095df3[payload->]].||62,301
2025-08-02T16:46:49.663 0100|01|00|0c|f201fe|2007090141840011000f8928[payload->].A......(||10,377
2025-08-02T16:56:58.664 0100|00|00|05|fa0001|2007095df3[payload->]].||62,301
2025-08-02T16:56:58.765 0100|01|00|0c|f201fe|2007090141840011000f8928[payload->].A......(||10,377
2025-08-02T17:17:16.554 0100|00|00|05|fa0001|2007095df3[payload->]].||62,301
2025-08-02T17:17:16.655 0100|01|00|0c|f201fe|2007090141840011000f8928[payload->].A......(||10,377
2025-08-02T17:27:24.536 0100|00|00|05|fa0001|2007095df3[payload->]].||62,301
2025-08-02T17:27:24.637 0100|01|00|0c|f201fe|2007090141840011000f8928[payload->].A......(||10,377
2025-08-02T17:37:33.443 0100|00|00|05|fa0001|2007095df3[payload->]].||62,301
2025-08-02T17:37:33.544 0100|01|00|0c|f201fe|2007090141840011000f8920[payload->].A...... ||8,329
2025-08-02T17:57:51.545 0100|00|00|05|fa0001|2007095df3[payload->]].||62,301
2025-08-02T17:57:51.646 0100|01|00|0c|f201fe|2007090141840011000f8928[payload->].A......(||10,377
2025-08-02T18:28:18.746 0100|00|00|05|fa0001|2007095df3[payload->]].||62,301
2025-08-02T18:28:18.847 0100|01|00|0c|f201fe|2007090141840011000f8928[payload->].A......(||10,377
2025-08-02T18:48:36.482 0100|00|00|05|fa0001|2007095df3[payload->]].||62,301
2025-08-02T18:48:36.583 0100|01|00|0c|f201fe|2007090141cc4013000f8928[payload->].A.@....(||10,377
2025-08-02T18:58:45.389 0100|00|00|05|fa0001|2007095df3[payload->]].||62,301
2025-08-02T18:58:45.591 0100|01|00|0c|f201fe|2007090141840011000f8928[payload->].A......(||10,377
2025-08-02T19:08:53.772 0100|00|00|05|fa0001|2007095df3[payload->]].||62,301
2025-08-02T19:08:53.874 0100|01|00|0c|f201fe|2007090141840011000f8928[payload->].A......(||10,377
2025-08-02T19:29:12.166 0100|00|00|05|fa0001|2007095df3[payload->]].||62,301
2025-08-02T19:29:12.268 0100|01|00|0c|f201fe|2007090141840011000f8928[payload->].A......(||10,377
2025-08-02T19:49:30.023 0100|01|00|0c|f201fe|2007090141840011000f8928[payload->].A......(||10,377
2025-08-02T20:30:04.973 0100|01|00|0c|f201fe|2007090141840011000f8928[payload->].A......(||10,377
2025-08-02T20:40:13.094 0100|00|00|05|fa0001|2007095df3[payload->]].||62,301
2025-08-02T20:40:13.296 0100|01|00|0c|f201fe|2007090141840011000f8928[payload->].A......(||10,377
2025-08-02T20:50:22.833 0100|00|00|05|fa0001|2007095df3[payload->]].||62,301
2025-08-02T20:50:22.935 0100|01|00|0c|f201fe|2007090141840011000f8928[payload->].A......(||10,377
2025-08-02T21:00:31.383 0100|00|00|05|fa0001|2007095df3[payload->]].||62,301
2025-08-02T21:10:40.231 0100|00|00|05|fa0001|2007095df3[payload->]].||62,301
2025-08-02T21:10:40.332 0100|01|00|0c|f201fe|2007090141840011000f8928[payload->].A......(||10,377
2025-08-02T21:30:56.773 0100|00|00|05|fa0001|2007095df3[payload->]].||62,301
2025-08-02T21:30:56.874 0100|01|00|0c|f201fe|2007090141840011000f8928[payload->].A......(||10,377
2025-08-02T21:41:06.363 0100|00|00|05|fa0001|2007095df3[payload->]].||62,301
2025-08-02T21:41:06.464 0100|01|00|0c|f201fe|2007090141840011000f8928[payload->].A......(||10,377
2025-08-02T22:21:42.141 0100|00|00|05|fa0001|2007095df3[payload->]].||62,301
2025-08-02T22:21:42.343 0100|01|00|0c|f201fe|2007090141840011000f8928[payload->].A......(||10,377
2025-08-02T22:31:51.188 0100|00|00|05|fa0001|2007095df3[payload->]].||62,301
2025-08-02T22:31:51.289 0100|01|00|0c|f201fe|20070901418400000005fa00[payload->].A.......||0,250
2025-08-02T23:22:33.236 0100|00|00|05|fa0001|2007095df3[payload->]].||62,301
2025-08-02T23:22:33.337 0100|01|00|0c|f201fe|2007090141840011000f8928[payload->].A......(||10,377
2025-08-02T23:32:42.306 0100|01|00|0c|f201fe|2007090141840011000f8928[payload->].A......(||10,377
2025-08-02T23:42:51.325 0100|00|00|05|fa0001|2007095df3[payload->]].||62,301
2025-08-02T23:42:51.426 0100|01|00|0c|f201fe|2007090141840011000f8928[payload->].A......(||10,377
2025-08-02T23:53:00.359 0100|00|00|05|fa0001|2007095df3[payload->]].||62,301
2025-08-02T23:53:00.561 0100|01|00|0c|f201fe|2007090141840011000f8928[payload->].A......(||10,377
2025-08-03T00:03:08.860 0100|00|00|05|fa0001|2007095df3[payload->]].||62,301
2025-08-03T00:03:08.961 0100|01|00|0c|f201fe|2007090141840011000f8928[payload->].A......(||10,377
2025-08-03T00:13:18.850 0100|01|00|0c|f201fe|2007090141840011000f8928[payload->].A......(||10,377
2025-08-03T00:23:27.167 0100|00|00|05|fa0001|2007095df3[payload->]].||62,301
2025-08-03T00:23:27.268 0100|01|00|0c|f201fe|2007090141840011000f8928[payload->].A......(||10,377
2025-08-03T00:33:35.497 0100|00|00|05|fa0001|2007095df3[payload->]].||62,301
2025-08-03T00:43:44.544 0100|00|00|05|fa0001|2007095df3[payload->]].||62,301
2025-08-03T00:43:44.645 0100|01|00|0c|f201fe|2007090141840011000f8928[payload->].A......(||10,377
2025-08-03T00:53:53.233 0100|00|00|05|fa0001|2007095df3[payload->]].||62,301
2025-08-03T00:53:53.334 0100|01|00|0c|f201fe|2007090141840011000f8928[payload->].A......(||10,377
2025-08-03T01:04:02.393 0100|00|00|05|fa0001|2007095df3[payload->]].||62,301
2025-08-03T01:04:02.595 0100|01|00|0c|f201fe|2007090141840011000f8928[payload->].A......(||10,377
2025-08-03T01:14:11.406 0100|00|00|05|fa0001|2007095df3[payload->]].||62,301
2025-08-03T01:14:11.508 0100|01|00|0c|f201fe|2007090141840011000f8928[payload->].A......(||10,377
2025-08-03T01:34:28.759 0100|00|00|05|fa0001|2007095df3[payload->]].||62,301
2025-08-03T01:34:28.961 0100|01|00|0c|f201fe|2007090141840011000f8928[payload->].A......(||10,377
2025-08-03T02:04:53.309 0100|00|00|05|fa0001|2007095df3[payload->]].||62,301
2025-08-03T02:04:53.410 0100|01|00|0c|f201fe|2007090141840011000f8928[payload->].A......(||10,377
2025-08-03T02:35:20.087 0100|00|00|05|fa0001|2007095df3[payload->]].||62,301
2025-08-03T02:35:20.188 0100|01|00|0c|f201fe|2007090141840011000f8928[payload->].A......(||10,377
2025-08-03T03:05:45.588 0100|00|00|05|fa0001|2007095df3[payload->]].||62,301
2025-08-03T03:05:45.690 0100|01|00|0c|f201fe|2007090141840011000f8928[payload->].A......(||10,377
2025-08-03T03:15:55.114 0100|00|00|05|fa0001|2007095df3[payload->]].||62,301
2025-08-03T03:15:55.114 0100|01|00|0c|f201fe|2007090141840011000f8928[payload->].A......(||10,377
2025-08-03T03:26:03.778 0100|00|00|05|fa0001|2007095df3[payload->]].||62,301
2025-08-03T03:26:03.879 0100|01|00|0c|f201fe|2007090141840011000f8928[payload->].A......(||10,377
2025-08-03T03:36:13.629 0100|00|00|05|fa0001|2007095df3[payload->]].||62,301
2025-08-03T03:36:13.730 0100|01|00|0c|f201fe|2007090141840011000f8928[payload->].A......(||10,377
2025-08-03T03:56:32.586 0100|00|00|05|fa0001|2007095df3[payload->]].||62,301
2025-08-03T03:56:32.687 0100|01|00|0c|f201fe|2007090141840011000f8928[payload->].A......(||10,377
2025-08-03T04:16:50.505 0100|00|00|05|fa0001|2007095df3[payload->]].||62,301
2025-08-03T04:16:50.606 0100|01|00|0c|f201fe|2007090141840011000f8928[payload->].A......(||10,377
2025-08-03T04:37:06.924 0100|00|00|05|fa0001|2007095df3[payload->]].||62,301
2025-08-03T04:37:07.025 0100|01|00|0c|f201fe|2007090141840011000f8928[payload->].A......(||10,377
2025-08-03T04:57:25.298 0100|00|00|05|fa0001|2007095df3[payload->]].||62,301
2025-08-03T04:57:25.399 0100|01|00|0c|f201fe|2007090141840011000f8928[payload->].A......(||10,377
2025-08-03T05:07:33.778 0100|01|00|0c|f201fe|2007090141840011000f8928[payload->].A......(||10,377
2025-08-03T05:17:43.323 0100|00|00|05|fa0001|2007095df3[payload->]].||62,301
2025-08-03T05:17:43.424 0100|01|00|0c|f201fe|2007090141840011000f8928[payload->].A......(||10,377
2025-08-03T05:27:52.526 0100|00|00|05|fa0001|2007095df3[payload->]].||62,301
2025-08-03T05:27:52.727 0100|01|00|0c|f201fe|2007090141840011000f8928[payload->].A......(||10,377
2025-08-03T05:48:10.485 0100|00|00|05|fa0001|2007095df3[payload->]].||62,301
2025-08-03T05:48:10.486 0100|01|00|0c|f201fe|2007090141840011000f8928[payload->].A......(||10,377
2025-08-03T06:18:36.528 0100|00|00|05|fa0001|2007095df3[payload->]].||62,301
2025-08-03T06:18:36.629 0100|01|00|0c|f201fe|2007090141840011000f8928[payload->].A......(||10,377
2025-08-03T06:28:44.799 0100|00|00|05|fa0001|2007095df3[payload->]].||62,301
2025-08-03T06:28:44.799 0100|01|00|0c|f201fe|2007090141840011000f8928[payload->].A......(||10,377
2025-08-03T06:38:53.591 0100|00|00|05|fa0001|2007095df3[payload->]].||62,301
2025-08-03T06:38:53.692 0100|01|00|0c|f201fe|2007090141840011000f8928[payload->].A......(||10,377
2025-08-03T06:49:02.730 0100|00|00|05|fa0001|2007095df3[payload->]].||62,301
2025-08-03T06:49:02.932 0100|01|00|0c|f201fe|2007090141840011000f8928[payload->].A......(||10,377
2025-08-03T07:39:46.805 0100|00|00|05|fa0001|2007095df3[payload->]].||62,301
2025-08-03T07:39:46.906 0100|01|00|0c|f201fe|2007090141840011000f8928[payload->].A......(||10,377
2025-08-03T07:49:55.964 0100|00|00|05|fa0001|2007095df3[payload->]].||62,301
2025-08-03T07:49:56.065 0100|01|00|0c|f201fe|2007090141840011000f8928[payload->].A......(||10,377
2025-08-03T08:00:03.570 0100|00|00|05|fa0001|2007095df3[payload->]].||62,301
2025-08-03T08:00:03.671 0100|01|00|0c|f201fe|2007090141840011000f8928[payload->].A......(||10,377
2025-08-03T08:40:39.547 0100|00|00|05|fa0001|2007095df3[payload->]].||62,301
2025-08-03T08:40:39.547 0100|01|00|0c|f201fe|2007090141840011000f8928[payload->].A......(||10,377
2025-08-03T09:21:13.666 0100|00|00|05|fa0001|2007095df3[payload->]].||62,301
2025-08-03T09:21:13.767 0100|01|00|0c|f201fe|2007090141840011000f8928[payload->].A......(||10,377
2025-08-03T09:51:40.049 0100|00|00|05|fa0001|2007095df3[payload->]].||62,301
2025-08-03T09:51:40.150 0100|01|00|0c|f201fe|2007090141840011000f8928[payload->].A......(||10,377
2025-08-03T10:01:48.918 0100|00|00|05|fa0001|2007095df3[payload->]].||62,301
2025-08-03T10:01:49.120 0100|01|00|0c|f201fe|2007090141840011000f8928[payload->].A......(||10,377
2025-08-03T10:32:15.076 0100|00|00|05|fa0001|2007095df3[payload->]].||62,301
2025-08-03T10:32:15.177 0100|01|00|0c|f201fe|2007090141840011000f8928[payload->].A......(||10,377
2025-08-03T10:42:23.827 0100|01|00|0c|f201fe|2007090141840011000f8928[payload->].A......(||10,377
2025-08-03T10:52:32.980 0100|00|00|05|fa0001|2007095df3[payload->]].||62,301
2025-08-03T10:52:33.081 0100|01|00|0c|f201fe|2007090141840011000f8928[payload->].A......(||10,377
2025-08-03T11:12:50.331 0100|00|00|05|fa0001|2007095df3[payload->]].||62,301
2025-08-03T11:12:50.432 0100|01|00|0c|f201fe|2007090141840011000f8928[payload->].A......(||10,377
2025-08-03T11:22:59.481 0100|00|00|05|fa0001|2007095df3[payload->]].||62,301
2025-08-03T11:22:59.582 0100|01|00|0c|f201fe|2007090141840011000f8928[payload->].A......(||10,377
2025-08-03T11:33:09.168 0100|00|00|05|fa0001|2007095df3[payload->]].||62,301
2025-08-03T11:33:09.269 0100|01|00|0c|f201fe|2007090101840011000f8928[payload->]........(||10,377
2025-08-03T12:03:36.050 0100|00|00|05|fa0001|2007095df3[payload->]].||62,301
2025-08-03T12:03:36.151 0100|01|00|0c|f201fe|2007090141840011000f8928[payload->].A......(||10,377
2025-08-03T12:13:44.479 0100|01|00|0c|f201fe|2007090141840011000f8928[payload->].A......(||10,377
2025-08-03T12:23:53.771 0100|00|00|05|fa0001|2007095df3[payload->]].||62,301
2025-08-03T12:23:53.872 0100|01|00|0c|f201fe|2007090141840011000f8928[payload->].A......(||10,377
2025-08-03T12:34:02.755 0100|00|00|05|fa0001|2007095df3[payload->]].||62,301
2025-08-03T12:34:02.857 0100|01|00|0c|f201fe|2007090141840011000f8928[payload->].A......(||10,377
2025-08-03T13:14:38.606 0100|00|00|05|fa0001|2007095df3[payload->]].||62,301
2025-08-03T13:14:38.707 0100|01|00|0c|f201fe|2007090141840011000f8928[payload->].A......(||10,377
2025-08-03T13:45:05.800 0100|00|00|05|fa0001|2007095df3[payload->]].||62,301
2025-08-03T13:45:05.902 0100|01|00|0c|f201fe|2007090141840011000f8928[payload->].A......(||10,377
2025-08-03T13:55:15.108 0100|00|00|05|fa0001|2007095df3[payload->]].||62,301
2025-08-03T13:55:15.209 0100|01|00|0c|f201fe|2007090141840011000f8928[payload->].A......(||10,377
2025-08-03T14:25:41.749 0100|01|00|0c|f201fe|2007090141840011000f8928[payload->].A......(||10,377
2025-08-03T14:35:49.844 0100|00|00|05|fa0001|2007095df3[payload->]].||62,301
2025-08-03T14:35:49.945 0100|01|00|0c|f201fe|2007090141840011000f8928[payload->].A......(||10,377
2025-08-03T15:06:16.673 0100|00|00|05|fa0001|2007095df3[payload->]].||62,301
2025-08-03T15:06:16.774 0100|01|00|0c|f201fe|2007090141840011000f8928[payload->].A......(||10,377
2025-08-03T15:26:33.613 0100|00|00|05|fa0001|2007095df3[payload->]].||62,301
2025-08-03T15:36:42.870 0100|00|00|05|fa0001|2007095df3[payload->]].||62,301
2025-08-03T15:36:42.972 0100|01|00|0c|f201fe|2007090141840011000f8928[payload->].A......(||10,377
2025-08-03T15:46:52.165 0100|00|00|05|fa0001|2007095df3[payload->]].||62,301
2025-08-03T15:46:52.266 0100|01|00|0c|f201fe|2007090141840011000f8928[payload->].A......(||10,377
2025-08-03T16:07:08.520 0100|00|00|05|fa0001|2007095df3[payload->]].||62,301
2025-08-03T16:07:08.520 0100|01|00|0c|f201fe|2007090141840011000f8928[payload->].A......(||10,377
2025-08-03T16:17:17.770 0100|01|00|0c|f201fe|2007090141840011000f8928[payload->].A......(||10,377
2025-08-03T16:27:25.822 0100|00|00|05|fa0001|2007095df3[payload->]].||62,301
2025-08-03T16:27:25.923 0100|01|00|0c|f201fe|2007090141840011000f8928[payload->].A......(||10,377
2025-08-03T16:47:43.039 0100|00|00|05|fa0001|2007095df3[payload->]].||62,301
2025-08-03T16:47:43.140 0100|01|00|0c|f201fe|2007090141840011000f8928[payload->].A......(||10,377
2025-08-03T17:18:10.215 0100|00|00|05|fa0001|2007095df3[payload->]].||62,301
2025-08-03T17:18:10.317 0100|01|00|0c|f201fe|2007090141840011000f8928[payload->].A......(||10,377
2025-08-03T17:28:18.916 0100|00|00|05|fa0001|2007095df3[payload->]].||62,301
2025-08-03T17:48:36.533 0100|00|00|04|ea0001|2007095d[payload->]]||23,817
2025-08-03T17:48:36.634 0100|01|00|0c|f201fe|2007090141840011000f8928[payload->].A......(||10,377
2025-08-03T17:58:45.812 0100|00|00|05|fa0001|2007095df3[payload->]].||62,301
2025-08-03T17:58:45.913 0100|01|00|0c|f201fe|2007090141840411000f8928[payload->].A......(||10,377
