2025-07-30T23:12:08.048 0100|01|00|06|f801fe|541f0000a7a6[payload->]...||42,663
2025-07-30T23:33:08.400 0100|01|00|06|f801fe|541f0000a7a6[payload->]...||42,663
2025-07-31T02:31:09.532 0100|01|00|06|f801fe|541f0000a7a6[payload->]...||42,663
2025-07-31T13:58:09.800 0100|01|00|06|f801fe|541f0000a7a6[payload->]...||42,663
2025-07-31T23:48:11.011 0100|01|00|06|f801fe|541f0000a7a6[payload->]...||42,663
2025-07-31T23:50:11.034 0100|00|00|05|fa0001|541f0081b8[payload->]..||47,233
2025-08-01T01:18:10.960 0100|00|00|05|fa0001|541f0081b8[payload->]..||47,233
2025-08-01T06:50:11.096 0100|01|00|06|f801fe|541f0000a7a6[payload->]...||42,663
2025-08-01T10:02:10.955 0100|00|00|05|fa0001|541f0081b8[payload->]..||47,233
2025-08-01T14:19:10.984 0100|00|00|05|fa0001|541f0081b8[payload->]..||47,233
2025-08-01T15:53:12.156 0100|01|00|06|f801fe|541f0000a7a6[payload->]...||42,663
2025-08-01T19:56:10.977 0100|00|00|05|fa0001|541f0081b8[payload->]..||47,233
2025-08-02T00:34:11.009 0100|01|00|06|f801fe|541f0000a7a6[payload->]...||42,663
2025-08-02T05:16:10.982 0100|00|00|05|fa0001|541f0081b8[payload->]..||47,233
2025-08-02T16:46:10.977 0100|00|00|05|fa0001|541f0081b8[payload->]..||47,233
2025-08-02T16:52:10.974 0100|00|00|05|fa0001|541f0081b8[payload->]..||47,233
2025-08-02T20:39:10.968 0100|00|00|05|fa0001|541f0081b8[payload->]..||47,233
2025-08-03T00:50:11.064 0100|01|00|06|f801fe|541f0000a7a6[payload->]...||42,663
2025-08-03T08:56:11.073 0100|00|00|05|fa0001|541f0081b8[payload->]..||47,233
2025-08-03T14:41:11.060 0100|01|00|06|f801fe|541f0000a7a6[payload->]...||42,663
2025-08-03T15:58:11.076 0100|00|00|05|fa0001|541f0081b8[payload->]..||47,233
