2025-07-30T21:22:24.280 0100|01|00|07|f701fe|300a013c00aeff[payload->]<...||65,454
2025-07-30T22:36:34.182 0100|01|00|07|f701fe|300a013c00aeff[payload->]<...||65,454
2025-07-30T23:30:14.590 0100|01|00|07|f701fe|300a013c00aeff[payload->]<...||65,454
2025-07-30T23:33:44.358 0100|01|00|07|f701fe|300a013c00aeff[payload->]<...||65,454
2025-07-31T00:26:24.194 0100|01|00|07|f701fe|300a013c00aeff[payload->]<...||65,454
2025-07-31T05:30:37.509 0100|01|00|07|f701fe|300a013c00aeff[payload->]<...||65,454
2025-07-31T10:58:49.575 0100|01|00|07|f701fe|300a013c00aeff[payload->]<...||65,454
2025-07-31T12:57:20.417 0100|01|00|06|b701fe|300a013c00ae[payload->]<..||44,544
2025-07-31T13:10:09.765 0100|00|00|05|fa0001|300a010fb6[payload->]..||46,607
2025-07-31T17:04:43.055 0100|00|00|05|fa0001|300a010fb6[payload->]..||46,607
2025-07-31T17:48:33.031 0100|01|00|07|f701fe|300a013c00aeff[payload->]<...||65,454
2025-07-31T22:11:16.497 0100|01|00|07|f701fe|300a013c00aeff[payload->]<...||65,454
2025-07-31T23:04:57.166 0100|00|00|05|fa0001|300a010fb6[payload->]..||46,607
2025-07-31T23:18:36.521 0100|01|00|07|f701fe|300a013c00aeff[payload->]<...||65,454
2025-08-01T02:07:17.183 0100|01|00|07|f701fe|300a013c00aeff[payload->]<...||65,454
2025-08-01T02:34:37.077 0100|00|00|05|fa0001|300a010fb6[payload->]..||46,607
2025-08-01T02:48:47.034 0100|01|00|07|f701fe|300a013c00aeff[payload->]<...||65,454
2025-08-01T02:58:27.016 0100|01|00|07|f701fe|300a013c00aeff[payload->]<...||65,454
2025-08-01T03:04:47.023 0100|01|00|07|f701fe|300a013c00aeff[payload->]<...||65,454
2025-08-01T03:30:17.085 0100|01|00|07|f701fe|300a013c00aeff[payload->]<...||65,454
2025-08-01T04:30:07.104 0100|01|00|07|f701fe|300a013c00aeff[payload->]<...||65,454
2025-08-01T04:50:27.056 0100|01|00|07|f701fe|300a013c00a0ff[payload->]<...||65,440
2025-08-01T04:51:27.004 0100|00|00|05|fa0001|300a010fb6[payload->]..||46,607
2025-08-01T05:52:56.987 0100|00|00|05|fa0001|300a010fb6[payload->]..||46,607
2025-08-01T05:56:17.034 0100|01|00|07|f701fe|300a013c00aeff[payload->]<...||65,454
2025-08-01T06:34:47.103 0100|01|00|07|f701fe|300a013c00aeff[payload->]<...||65,454
2025-08-01T06:47:28.298 0100|01|00|07|f701fe|300a013c00aeff[payload->]<...||65,454
2025-08-01T14:52:40.989 0100|01|00|07|f701fe|300a013c00aeff[payload->]<...||65,454
2025-08-01T15:37:52.063 0100|01|00|07|f701fe|300a013c00aeff[payload->]<...||65,454
2025-08-01T15:57:02.015 0100|00|00|05|fa0001|300a010fb6[payload->]..||46,607
2025-08-01T19:47:53.099 0100|01|00|07|f701fe|300a013c00aeff[payload->]<...||65,454
2025-08-01T20:12:35.079 0100|01|00|07|f701fe|300a013c00aeff[payload->]<...||65,454
2025-08-01T21:01:05.030 0100|01|00|07|f701fe|300a013c00aeff[payload->]<...||65,454
2025-08-01T21:07:14.987 0100|01|00|07|f701fe|300a013c00aeff[payload->]<...||65,454
2025-08-01T22:05:38.029 0100|01|00|07|f701fe|300a013c00aeff[payload->]<...||65,454
2025-08-02T01:54:58.050 0100|01|00|07|f701fe|300a013c00aeff[payload->]<...||65,454
2025-08-02T02:00:28.044 0100|01|00|07|f701fe|300a013c00aeff[payload->]<...||65,454
2025-08-02T04:48:18.087 0100|01|00|07|f701fe|300a013c00aeff[payload->]<...||65,454
2025-08-02T05:18:08.082 0100|01|00|07|f701fe|300a013c00aeff[payload->]<...||65,454
2025-08-02T15:44:02.174 0100|00|00|05|fa0001|300a010fb6[payload->]..||46,607
2025-08-02T18:17:22.186 0100|01|00|07|f701fe|300a013c00aeff[payload->]<...||65,454
2025-08-02T23:55:34.224 0100|01|00|07|f701fe|300a013c00aeff[payload->]<...||65,454
2025-08-03T12:31:31.695 0100|01|00|07|f701fe|300a013c00aeff[payload->]<...||65,454
2025-08-03T14:11:30.454 0100|01|00|07|f701fe|300a013c00aeff[payload->]<...||65,454
2025-08-03T15:42:30.983 0100|00|00|05|fa0001|300a010fb6[payload->]..||46,607
2025-08-03T16:13:00.384 0100|00|00|05|fa0001|300a010fb6[payload->]..||46,607
