2025-07-30T22:33:23.177 0100|00|00|05|fa0000|501d01e1b9[payload->]..||47,585
2025-07-31T00:04:33.138 0100|01|00|06|f801fe|501d0100a7c6[payload->]...||50,855
2025-07-31T06:29:17.479 0100|00|00|05|fa0001|501d01e1b9[payload->]..||47,585
2025-07-31T06:40:57.519 0100|01|00|06|f801fe|501d0101a7c6[payload->]...||50,855
2025-07-31T16:01:01.066 0100|01|00|06|f801fe|501d0101a7c6[payload->]...||50,855
2025-07-31T16:41:41.102 0100|01|00|06|f801fe|501d0101a7c6[payload->]...||50,855
2025-07-31T17:21:20.912 0100|00|00|05|fa0001|501d01e1b9[payload->]..||47,585
2025-07-31T17:24:01.009 0100|00|00|05|fa0001|501d01e1b9[payload->]..||47,585
2025-07-31T18:17:12.324 0100|01|00|06|f801fe|501d0101a7c6[payload->]...||50,855
2025-07-31T20:33:13.136 0100|01|00|06|f801fe|501d0101a7c6[payload->]...||50,855
2025-08-01T13:47:37.076 0100|01|00|06|f801fe|501d0101a7c6[payload->]...||50,855
2025-08-01T16:34:37.028 0100|01|00|06|f801fe|501d0101a7c6[payload->]...||50,855
2025-08-01T18:14:16.985 0100|00|00|05|fa0001|501d01e1b9[payload->]..||47,585
2025-08-01T18:30:57.047 0100|01|00|06|f801fe|501d0101a7c6[payload->]...||50,855
2025-08-01T19:25:37.941 0100|01|00|06|f801fe|501d0101a7c6[payload->]...||50,855
2025-08-01T21:48:51.034 0100|01|00|06|f801fe|501d0101a7c6[payload->]...||50,855
2025-08-01T23:45:21.094 0100|01|00|06|f801fe|501d0101a7c6[payload->]...||50,855
2025-08-02T01:43:20.982 0100|00|00|05|fa0001|501d01e1b9[payload->]..||47,585
2025-08-02T02:14:51.095 0100|01|00|06|f801fe|501d0101a7c6[payload->]...||50,855
2025-08-02T07:37:50.961 0100|00|00|05|fa0001|501d01e1b9[payload->]..||47,585
2025-08-02T23:24:14.503 0100|01|00|06|f801fe|501d0101a7c6[payload->]...||50,855
2025-08-03T01:00:05.697 0100|00|00|05|fa0001|501d01e1b9[payload->]..||47,585
2025-08-03T04:24:57.235 0100|00|00|05|fa0001|501d01e1b9[payload->]..||47,585
2025-08-03T06:06:08.060 0100|00|00|05|fa0001|501d01e1b9[payload->]..||47,585
2025-08-03T06:58:17.661 0100|01|00|06|f801fe|501d0101a7c6[payload->]...||50,855
2025-08-03T13:16:59.036 0100|00|00|05|fa0001|501d01e1b9[payload->]..||47,585
2025-08-03T13:19:19.020 0100|01|00|06|f801fe|501d0101a7c6[payload->]...||50,855
2025-08-03T15:57:58.967 0100|00|00|05|fa0001|501d01e1b9[payload->]..||47,585
2025-08-03T16:39:49.032 0100|00|00|05|fa0001|501d01e1b9[payload->]..||47,585
