2025-07-30T20:44:14.858 0100|00|00|05|fa0001|54100071bd[payload->]q.||48,497
2025-07-31T07:24:10.631 0100|01|00|06|f801fe|541000026517[payload->].e.||5,989
2025-07-31T10:00:16.464 0100|00|00|05|fa0001|54100071dd[payload->]q.||56,689
2025-07-31T10:28:17.556 0100|01|00|07|f701fe|541000800c7b20[payload->]..{ ||8,315
2025-07-31T10:53:02.630 0100|01|00|06|f801fe|541000026517[payload->].e.||5,989
2025-07-31T10:54:52.554 0100|01|00|06|f801fe|541000026517[payload->].e.||5,989
2025-07-31T11:25:42.608 0100|01|00|06|f801fe|541000026517[payload->].e.||5,989
2025-07-31T11:32:12.570 0100|01|00|06|f801fe|541000026517[payload->].e.||5,989
2025-07-31T17:05:50.353 0100|01|00|06|f801fe|541000026517[payload->].e.||5,989
2025-07-31T19:44:52.236 0100|01|00|06|f801fe|541000026517[payload->].e.||5,989
2025-07-31T21:13:02.211 0100|01|00|06|f801fe|541000026517[payload->].e.||5,989
2025-07-31T21:25:52.286 0100|01|00|06|f801fe|541000026517[payload->].e.||5,989
2025-07-31T23:37:06.619 0100|01|00|06|f801fe|541000026517[payload->].e.||5,989
2025-08-01T01:53:11.326 0100|01|00|06|f801fe|5410000136d7[payload->].6.||55,094
2025-08-01T06:44:40.030 0100|01|00|06|f801fe|541000026517[payload->].e.||5,989
2025-08-01T06:51:30.025 0100|00|00|05|fa0001|54100071bd[payload->]q.||48,497
2025-08-01T06:57:09.936 0100|00|00|05|fa0001|54100071bd[payload->]q.||48,497
2025-08-01T07:53:30.457 0100|01|00|07|f701fe|541000800c7b20[payload->]..{ ||8,315
2025-08-01T08:07:32.255 0100|01|00|06|f801fe|541000026517[payload->].e.||5,989
2025-08-01T10:27:32.233 0100|00|00|05|fa0001|54100071bd[payload->]q.||48,497
2025-08-01T10:33:32.298 0100|01|00|06|f801fe|541000026517[payload->].e.||5,989
2025-08-01T11:41:43.850 0100|01|00|06|f801fe|541000013517[payload->].5.||5,941
2025-08-01T16:46:07.560 0100|01|00|06|f801fe|5410000136d7[payload->].6.||55,094
2025-08-01T17:43:35.198 0100|01|00|07|f701fe|541000800c7b20[payload->]..{ ||8,315
2025-08-01T19:41:00.668 0100|00|00|05|fa0001|54100070bd[payload->]p.||48,496
2025-08-01T23:33:35.018 0100|00|00|05|fa0001|54100071bd[payload->]q.||48,497
2025-08-02T00:18:44.969 0100|00|00|05|fa0001|54100071bd[payload->]q.||48,497
2025-08-02T00:40:25.010 0100|01|00|06|f801fe|541000026517[payload->].e.||5,989
2025-08-02T00:47:05.024 0100|00|00|05|fa0001|54100071bd[payload->]q.||48,497
2025-08-02T00:52:14.975 0100|00|00|05|fa0001|54100071bd[payload->]q.||48,497
2025-08-02T01:12:15.056 0100|00|00|05|fa0001|54100071bd[payload->]q.||48,497
2025-08-02T01:51:35.048 0100|01|00|06|f801fe|541000026517[payload->].e.||5,989
2025-08-02T02:03:04.999 0100|01|00|06|f801fe|541000026517[payload->].e.||5,989
2025-08-02T02:08:24.956 0100|01|00|06|f801fe|541000026517[payload->].e.||5,989
2025-08-02T02:09:34.993 0100|01|00|06|f801fe|541000026517[payload->].e.||5,989
2025-08-02T02:27:04.955 0100|00|00|05|fa0001|54100071bd[payload->]q.||48,497
2025-08-02T02:49:45.032 0100|00|00|05|fa0001|54100071bd[payload->]q.||48,497
2025-08-02T03:44:15.071 0100|01|00|06|f801fe|541000026517[payload->].e.||5,989
2025-08-02T03:51:35.063 0100|01|00|06|f801fe|541000026517[payload->].e.||5,989
2025-08-02T04:11:34.999 0100|00|00|05|fa0001|54100071bd[payload->]q.||48,497
2025-08-02T06:52:36.207 0100|00|00|05|fa0001|54100071bd[payload->]q.||48,497
2025-08-02T07:12:46.230 0100|00|00|05|fa0001|54100071bd[payload->]q.||48,497
2025-08-02T07:27:07.361 0100|00|00|05|fa0001|54100071bd[payload->]q.||48,497
2025-08-02T09:24:17.216 0100|01|00|06|f801fe|541000026517[payload->].e.||5,989
2025-08-02T09:31:26.882 0100|01|00|06|f801fe|541000000005[payload->]...||1,280
2025-08-02T10:09:18.005 0100|01|00|06|f801fe|541000026517[payload->].e.||5,989
2025-08-02T10:25:18.075 0100|01|00|06|f801fe|541000026517[payload->].e.||5,989
2025-08-02T11:34:19.176 0100|01|00|06|f801fe|541000026517[payload->].e.||5,989
2025-08-02T13:40:45.939 0100|01|00|06|f801fe|541000026517[payload->].e.||5,989
2025-08-02T14:24:15.023 0100|00|00|05|fa0001|54100071bd[payload->]q.||48,497
2025-08-02T14:37:04.964 0100|00|00|05|fa0001|54100071bd[payload->]q.||48,497
2025-08-02T18:44:46.606 0100|01|00|06|f801fe|541000026517[payload->].e.||5,989
2025-08-02T19:30:47.077 0100|01|00|06|f801fe|541000026517[payload->].e.||5,989
2025-08-02T19:33:37.227 0100|01|00|06|f801fe|541000026517[payload->].e.||5,989
2025-08-02T19:35:17.296 0100|01|00|06|f801fe|541000026517[payload->].e.||5,989
2025-08-02T20:16:39.184 0100|01|00|06|f801fe|541000026517[payload->].e.||5,989
2025-08-02T20:42:58.990 0100|01|00|06|f801fe|541000026517[payload->].e.||5,989
2025-08-02T20:51:39.072 0100|01|00|06|f801fe|541000026517[payload->].e.||5,989
2025-08-02T20:52:28.957 0100|00|00|05|fa0001|54100071bd[payload->]q.||48,497
2025-08-02T23:18:50.396 0100|01|00|06|f801fe|541000026517[payload->].e.||5,989
2025-08-02T23:20:40.230 0100|01|00|06|f801fe|541000026517[payload->].e.||5,989
2025-08-02T23:45:22.160 0100|00|00|05|fa0001|54100071bd[payload->]q.||48,497
2025-08-03T00:42:21.136 0100|01|00|06|f801fe|541000026517[payload->].e.||5,989
2025-08-03T05:13:36.849 0100|01|00|06|f801fe|541000026517[payload->].e.||5,989
2025-08-03T07:39:37.499 0100|01|00|06|f801fe|541000026517[payload->].e.||5,989
2025-08-03T08:19:47.287 0100|01|00|06|f801fe|541000026517[payload->].e.||5,989
2025-08-03T11:35:29.416 0100|01|00|06|f801fe|5410004e6f1f[payload->]No.||8,047
2025-08-03T12:56:00.564 0100|00|00|05|fa0001|54100071bd[payload->]q.||48,497
2025-08-03T14:12:00.629 0100|01|00|06|f801fe|541000026517[payload->].e.||5,989
2025-08-03T14:59:00.489 0100|00|00|05|fa0001|54100071bd[payload->]q.||48,497
2025-08-03T16:27:42.082 0100|01|00|06|f801fe|541000026517[payload->].e.||5,989
2025-08-03T16:43:41.992 0100|00|00|05|fa0001|54100071bd[payload->]q.||48,497
2025-08-03T17:44:23.173 0100|00|00|05|fa0001|54100071dd[payload->]q.||56,689
