2025-07-31T05:08:19.421 0100|01|00|0b|f301fe|322300da371a01533bbd99[payload->].7..S;..||39,357
2025-07-31T05:22:20.184 0100|01|00|0b|f303fe|3223007e092701533bf0a4[payload->]~.'.S;..||42,224
2025-07-31T05:48:19.431 0100|01|00|0b|f301fe|322300f4da3e01533b1439[payload->]..>.S;.9||14,612
2025-07-31T06:58:10.827 0100|01|00|0b|f301fe|3223002cd17e01533bcd9b[payload->],.~.S;..||39,885
2025-07-31T19:53:01.156 0100|01|00|0b|f301fe|3223001e2b4404533b125b[payload->].+D.S;.[||23,314
2025-08-01T04:36:59.757 0100|01|00|0b|f303fe|322300a282fd00543b5b7b[payload->]....T;[{||31,579
2025-08-01T06:39:30.192 0100|01|00|0b|f301fe|32230030b16d01543b2d1f[payload->]0.m.T;-.||7,981
2025-08-01T15:58:00.566 0100|01|00|0b|f301fe|322300da0a6d03543b3c4c[payload->]..m.T;<L||19,516
2025-08-01T16:11:30.559 0100|01|00|0b|f301fe|322300b8667903543b87d1[payload->].fy.T;..||53,639
2025-08-01T16:39:30.558 0100|01|00|0b|f301fe|3223006a099303543be423[payload->]j...T;.#||9,188
2025-08-01T17:14:00.654 0100|01|00|0b|f341fe|322300be9fb203543bd173[payload->]....T;.s||29,649
2025-08-01T18:02:40.516 0100|01|00|0b|f301fe|322300cc2ddf03543bb55d[payload->].-..T;.]||23,989
2025-08-01T18:14:10.636 0100|01|00|0b|f301fe|3223001cb5e903543b7160[payload->]....T;q`||24,689
2025-08-01T18:34:40.504 0100|01|00|0b|f301fe|322300fe79fc03543bef63[payload->].y..T;.c||25,583
2025-08-02T01:38:20.107 0100|01|00|0b|f301fe|322300b2fd5900553ba14e[payload->]..Y.U;.N||20,129
2025-08-02T09:56:49.346 0100|01|00|0b|f34bfe|322300d4612202553b5f2e[payload->].a".U;_.||11,871
2025-08-02T10:01:49.478 0100|01|1c|0b|fb09fe|322300b4f52602553b1217[payload->]..&.U;..||5,906
2025-08-02T11:52:20.039 0100|01|00|0b|f343fe|322300f81e8c02553bd11c[payload->]....U;..||7,377
2025-08-02T16:30:19.923 0100|01|00|0b|f301fe|32230032a48a03553be885[payload->]2...U;..||34,280
2025-08-02T21:04:20.341 0100|01|00|0b|f301fe|32230038848504553b50b6[payload->]8...U;P.||46,672
2025-08-02T23:45:34.680 0100|01|00|0b|f301fe|322300820f1905553b4577[payload->]....U;Ew||30,533
2025-08-03T06:29:50.945 0100|01|00|0b|f301fe|3223005ecf6401563bb73c[payload->]^.d.V;.<||15,543
2025-08-03T08:23:22.957 0100|41|42|4b|f301fe|32230050b9cc01563bd0d5ff0100000005fa000154040171b20100010007f701fe540401f0004e28010000d0012e047875010001d0012d058889ffff0100000005fa000154080171b70100[payload->]P...V;...........T..q.........T....N(.......xu.....-.............T..q...||0,001
2025-08-03T08:43:22.846 0100|01|00|0b|fb03fe|322300d210df01563b6e93[payload->]....V;n.||37,742
2025-08-03T09:22:24.469 0100|01|00|4b|f303fe|3223008cc90202563baf49010000d0012e047875010001d0012d058889ff0100000005fa000110030154f00100010007f701fe100301ffff859c0100000005fa00012004016bf201000100[payload->]....V;.I.......xu.....-...............T........................ ..k.....||0,001
2025-08-03T11:03:13.421 0100|01|00|0b|f301fe|3223008e1a5f02563b33de[payload->].._.V;3.||56,883
2025-08-03T11:24:23.490 0100|01|00|0b|f343fe|322300b07b7202563b496e[payload->].{r.V;In||28,233
2025-08-03T12:46:21.203 0100|01|00|0b|f301fe|3223008682bd02563bdfc8[payload->]....V;..||51,423
2025-08-03T15:48:20.880 0100|01|00|4b|f301fe|3223008e236403563bd21e0100000005fa000154100171bd0100010006f801fe5410010265170100000005fa00013660016f39010001000bf301fe366043000000400000fd2b0100000005[payload->].#d.V;..........T..q.........T...e.........6`.o9........6`C...@...+.....||1,280
