2025-07-30T21:56:34.254 0100|01|00|07|f701fe|3408013c00aeff[payload->]<...||65,454
2025-07-30T23:15:34.336 0100|01|00|07|f701fe|3408013c00aeff[payload->]<...||65,454
2025-07-31T00:59:14.377 0100|01|00|07|f701fe|3408013c00aeff[payload->]<...||65,454
2025-07-31T04:51:57.587 0100|01|00|07|f701fe|3408013c00aeff[payload->]<...||65,454
2025-07-31T05:23:37.596 0100|01|00|07|f701fe|3408013c00aeff[payload->]<...||65,454
2025-07-31T05:42:07.454 0100|00|00|05|fa0001|3408010fb6[payload->]..||46,607
2025-07-31T06:12:48.062 0100|01|00|07|f701fe|3408013c00aeff[payload->]<...||65,454
2025-07-31T10:26:29.729 0100|01|00|07|f701fe|3408013c00aeff[payload->]<...||65,454
2025-07-31T16:53:33.107 0100|01|00|07|f701fe|3408013c00aeff[payload->]<...||65,454
2025-07-31T17:50:23.157 0100|01|00|07|f701fe|3408013c00aeff[payload->]<...||65,454
2025-08-01T02:16:57.070 0100|01|00|07|f701fe|3408013c00aeff[payload->]<...||65,454
2025-08-01T03:24:47.002 0100|01|00|07|f701fe|3408013c00aeff[payload->]<...||65,454
2025-08-01T03:33:17.325 0100|01|00|07|f701fe|3408013c00aeff[payload->]<...||65,454
2025-08-01T04:24:27.037 0100|01|00|07|f701fe|3408013c00aeff[payload->]<...||65,454
2025-08-01T04:24:49.352 0100|01|00|06|f801fe|34080100b208[payload->]...||2,226
2025-08-01T04:52:47.029 0100|01|00|07|f701fe|3408013c00aeff[payload->]<...||65,454
2025-08-01T04:55:17.025 0100|01|00|07|f701fe|3408013c00aeff[payload->]<...||65,454
2025-08-01T05:22:57.066 0100|01|00|07|f701fe|3408013c00aeff[payload->]<...||65,454
2025-08-01T06:17:27.012 0100|01|00|07|f701fe|3408013c00aeff[payload->]<...||65,454
2025-08-01T14:06:41.016 0100|01|00|07|f701fe|3408013c00aeff[payload->]<...||65,454
2025-08-01T14:12:51.031 0100|01|00|07|f701fe|3408013c00aeff[payload->]<...||65,454
2025-08-01T14:51:51.025 0100|01|00|07|f701fe|3408013c00aeff[payload->]<...||65,454
2025-08-01T15:17:31.096 0100|01|00|07|f701fe|3408013c00aeff[payload->]<...||65,454
2025-08-01T17:01:52.004 0100|01|00|07|f701fe|3408013c00aeff[payload->]<...||65,454
2025-08-01T17:13:32.096 0100|01|00|07|f701fe|3408013c00aeff[payload->]<...||65,454
2025-08-01T18:23:32.069 0100|01|00|07|f701fe|3408013c00aeff[payload->]<...||65,454
2025-08-01T19:10:52.928 0100|00|00|05|fa0001|3408010fb6[payload->]..||46,607
2025-08-01T19:37:33.109 0100|01|00|07|f701fe|3408013c00aeff[payload->]<...||65,454
2025-08-01T20:08:25.032 0100|01|00|07|f701fe|3408013c00aeff[payload->]<...||65,454
2025-08-01T20:25:24.986 0100|01|00|07|f701fe|3408013c00aeff[payload->]<...||65,454
2025-08-01T20:30:15.003 0100|01|00|07|f701fe|3408013c00aeff[payload->]<...||65,454
2025-08-01T20:52:24.954 0100|00|00|05|fa0001|3408010fb6[payload->]..||46,607
2025-08-01T21:43:58.046 0100|01|00|07|f701fe|3408013c00aeff[payload->]<...||65,454
2025-08-01T21:55:08.023 0100|01|00|07|f701fe|3408013c00aeff[payload->]<...||65,454
2025-08-01T22:29:48.021 0100|01|00|07|f701fe|3408013c00aeff[payload->]<...||65,454
2025-08-01T23:30:27.988 0100|00|00|05|fa0001|3408010fb6[payload->]..||46,607
2025-08-01T23:49:28.574 0100|01|00|07|f701fe|3408013c00aeff[payload->]<...||65,454
2025-08-01T23:58:08.029 0100|00|00|05|fa0001|3408010fb6[payload->]..||46,607
2025-08-02T00:06:17.959 0100|00|00|05|fa0001|3408010fb6[payload->]..||46,607
2025-08-02T01:24:07.949 0100|00|00|05|fa0001|3408010fb6[payload->]..||46,607
2025-08-02T02:30:58.005 0100|00|00|05|fa0001|3408010fb6[payload->]..||46,607
2025-08-02T03:43:18.038 0100|00|00|05|fa0001|3408010fb6[payload->]..||46,607
2025-08-02T03:54:07.964 0100|00|00|05|fa0001|3408010fb6[payload->]..||46,607
2025-08-02T03:54:27.942 0100|00|00|05|fa0001|3408010fb6[payload->]..||46,607
2025-08-02T03:55:08.023 0100|00|00|05|fa0001|3408010fb6[payload->]..||46,607
2025-08-02T04:29:38.097 0100|01|00|07|f701fe|3408013c00aeff[payload->]<...||65,454
2025-08-02T05:05:08.098 0100|01|00|07|f701fe|3408013c00aeff[payload->]<...||65,454
2025-08-02T05:33:58.040 0100|01|00|07|f701fe|3408013c00aeff[payload->]<...||65,454
2025-08-02T08:32:09.595 0100|00|00|05|fa0001|3408010fb6[payload->]..||46,607
2025-08-02T16:17:02.278 0100|01|00|07|f701fe|3408013c00aeff[payload->]<...||65,454
2025-08-02T18:38:32.223 0100|01|00|07|f701fe|3408013c00aeff[payload->]<...||65,454
2025-08-02T18:55:32.423 0100|01|00|07|f701fe|3408013c00aeff[payload->]<...||65,454
