2025-07-31T05:38:09.872 0100|01|00|09|f501fe|200c01ffffffff850d[payload->]......||3,461
2025-07-31T14:54:54.104 0100|01|00|09|f501fe|200c01ffffffff850d[payload->]......||3,461
2025-08-01T21:52:39.055 0100|01|00|09|f501fe|200c01ffffffff850d[payload->]......||3,461
2025-08-01T22:23:19.746 0100|01|00|09|f501fe|200c01ffffffff850d[payload->]......||3,461
2025-08-01T22:34:39.085 0100|01|00|09|fd01fe|200c01ffffffff850d[payload->]......||3,461
2025-08-01T23:58:55.666 0100|01|00|09|f501fe|200c01ffffffff850d[payload->]......||3,461
2025-08-02T00:29:39.830 0100|01|00|09|f501fe|200c01ffffffff850d[payload->]......||3,461
2025-08-02T00:41:34.246 0100|01|00|09|f501fe|200c01ffffffff850d[payload->]......||3,461
2025-08-02T00:56:54.183 0100|01|08|09|fd01fe|200c01ffffffff850d[payload->]......||3,461
2025-08-02T01:07:04.195 0100|01|00|09|f501fe|200c01ffffffff850d[payload->]......||3,461
2025-08-02T01:27:44.202 0100|01|00|09|f501fe|200c01ffffffff850d[payload->]......||3,461
2025-08-02T01:31:04.270 0100|01|00|09|f509fe|200c01ffffffff850d[payload->]......||3,461
2025-08-02T01:32:29.295 0100|01|00|09|f501fe|200c01ffffffff850d[payload->]......||3,461
2025-08-02T01:34:09.445 0100|01|40|4b|f701fe|200c01ffffffff850d0100000005fa000156100071dd0100010007f701fe561000800c7b200100000005fa0001500e00d0340100014046fa01fe500e000002f60100000005fa0001200201[payload->]..............V..q.........V....{ ........P...4...@F...P............. ..||0,258
2025-08-02T01:35:34.262 0100|01|00|09|f501fe|200c01ffffffff850d[payload->]......||3,461
2025-08-02T01:43:54.422 0100|01|00|09|fd01fe|200c01ffffffff850d[payload->]......||3,461
2025-08-02T01:48:14.223 0100|01|00|09|f501fe|200c01ffffffff850d[payload->]......||3,461
2025-08-02T01:51:54.203 0100|01|00|09|f501fe|200c01ffffffff850d[payload->]......||3,461
2025-08-02T02:12:39.796 0100|01|00|09|f501fe|200c01ffffffff850d[payload->]......||3,461
2025-08-02T02:14:54.219 0100|01|00|09|f501fe|200c01ffffffff850d[payload->]......||3,461
2025-08-02T02:17:54.260 0100|01|00|09|f509fe|200c01ffffffff850d[payload->]......||3,461
2025-08-02T02:20:34.270 0100|01|00|09|f589fe|200c01ffffffff850d[payload->]......||3,461
2025-08-02T02:21:54.219 0100|01|00|09|f501fe|200c01ffffffff850d[payload->]......||3,461
2025-08-02T02:31:39.228 0100|01|00|09|f501fe|200c01ffffffff850d[payload->]......||3,461
2025-08-02T02:31:49.317 0100|01|08|09|fd01fe|200c01ffffffff850d[payload->]......||3,461
2025-08-02T02:41:19.218 0100|01|00|09|fd01fe|200c01ffffffff850d[payload->]......||3,461
2025-08-02T03:32:39.886 0100|01|00|09|f501fe|200c01ffffffff850d[payload->]......||3,461
2025-08-02T03:44:35.679 0100|01|00|09|f501fe|200c01ffffffff850d[payload->]......||3,461
2025-08-02T03:47:09.310 0100|01|00|09|fd01fe|200c01ffffffff850d[payload->]......||3,461
2025-08-02T03:50:49.238 0100|01|00|09|f501fe|200c01ffffffff850d[payload->]......||3,461
2025-08-02T03:50:59.341 0100|01|00|09|f501fe|200c01ffffffff850d[payload->]......||3,461
2025-08-02T03:54:04.333 0100|01|00|09|f501fe|200c01ffffffff850d[payload->]......||3,461
2025-08-02T04:24:04.731 0100|01|00|09|f501fe|200c01ffffffff850d[payload->]......||3,461
2025-08-02T04:24:19.863 0100|01|00|89|f501fe|200c01ffffffff850d0100000005fa0001500e00d0340100010006f801fe500e000002f60100000005fa0001200201cbf1010001000bf301fe200201ae8da802453b1e8d0100000005fa0003100301ecf10100010007f701fe100301ffff859c0100000005fa0003200401d3f30100010009f501fe200401ffffffff850d0100000005fa0003200201[payload->]..............P...4........P............. ............ ......E;...................................... ............ ................ ..||0,258
2025-08-02T04:41:49.300 0100|01|00|09|f501fe|200c01ffffffff850d[payload->]......||3,461
2025-08-02T04:47:04.415 0100|01|00|09|fd0dfe|200c01ffffffff850d[payload->]......||3,461
2025-08-02T04:58:34.761 0100|01|00|09|f501fe|200c01ffffffff850d[payload->]......||3,461
2025-08-02T05:02:29.328 0100|01|00|09|f509fe|200c01ffffffff850d[payload->]......||3,461
2025-08-02T05:21:04.379 0100|01|08|09|f501fe|200c01ffffffff850d[payload->]......||3,461
2025-08-02T05:35:19.283 0100|01|00|09|f501fe|200c01ffffffff850d[payload->]......||3,461
2025-08-02T05:40:39.250 0100|01|00|09|f501fe|200c01ffffffff850d[payload->]......||3,461
2025-08-02T05:40:54.377 0100|01|00|09|f509fe|200c01ffffffff850d[payload->]......||3,461
2025-08-02T07:50:24.611 0100|01|00|09|f501fe|200c01ffffffff850d[payload->]......||3,461
2025-08-02T08:50:01.152 0100|01|00|09|fd01fe|200c01ffffffff850d[payload->]......||3,461
2025-08-02T10:51:24.787 0100|01|00|09|f501fe|200c01ffffffff850d[payload->]......||3,461
2025-08-02T12:43:20.752 0100|01|00|09|f501fe|200c01ffffffff850d[payload->]......||3,461
2025-08-02T13:35:09.680 0100|01|00|09|f501fe|200c01ffffffff850d[payload->]......||3,461
2025-08-02T13:47:09.710 0100|01|04|0d|f501fe|200c01ffffffff850d01000000[payload->]..........||0,000
2025-08-02T14:36:19.642 0100|01|00|09|f501fe|200c01ffffffff850d[payload->]......||3,461
2025-08-02T14:47:39.682 0100|01|00|09|f501fe|200c01ffffffff850d[payload->]......||3,461
2025-08-02T18:01:39.759 0100|01|00|09|f501fe|200c01ffffffff850d[payload->]......||3,461
2025-08-03T00:38:40.091 0100|01|00|09|f501fe|200c01ffffffff850d[payload->]......||3,461
2025-08-03T01:50:44.436 0100|01|00|09|f501fe|200c01ffffffff850d[payload->]......||3,461
2025-08-03T04:56:34.996 0100|01|00|09|f500fe|200c01ffffffff850d[payload->]......||3,461
2025-08-03T05:45:50.152 0100|01|00|09|f501fe|200c01ffffffff850d[payload->]......||3,461
2025-08-03T06:29:19.832 0100|01|00|09|fd09fe|200c01ffffffff850d[payload->]......||3,461
2025-08-03T11:12:29.817 0100|09|08|09|fd01fe|200c01ffffffff850d[payload->]......||3,461
2025-08-03T14:33:39.581 0100|01|00|09|f501fe|200c01ffffffff850d[payload->]......||3,461
2025-08-03T14:37:54.646 0100|01|00|09|f509fe|200c01ffffffff850d[payload->]......||3,461
2025-08-03T14:44:09.604 0100|01|00|09|f501fe|200c01ffffffff850d[payload->]......||3,461
2025-08-03T14:46:49.614 0100|01|0a|09|f501fe|200c01ffffffff850d[payload->]......||3,461
2025-08-03T14:47:09.606 0100|01|00|09|f501fe|200c01ffffffff850d[payload->]......||3,461
