2025-07-30T20:57:13.008 0100|01|00|07|f701fe|14080100001e6f[payload->]...o||28,446
2025-07-30T21:45:03.069 0100|01|00|07|f701fe|14080100001e6f[payload->]...o||28,446
2025-07-31T00:38:23.059 0100|01|00|07|f701fe|14080100001e6f[payload->]...o||28,446
2025-07-31T01:51:12.977 0100|01|00|07|f701fe|14080100001e6f[payload->]...o||28,446
2025-07-31T03:12:34.541 0100|01|00|07|f701fe|14080100001e6f[payload->]...o||28,446
2025-07-31T16:11:57.615 0100|01|00|07|f701fe|14080100001e6f[payload->]...o||28,446
2025-07-31T17:18:17.061 0100|01|00|07|f701fe|14080100001e6f[payload->]...o||28,446
2025-07-31T18:58:58.075 0100|01|00|07|f701fe|14080100001e6f[payload->]...o||28,446
2025-07-31T19:01:08.014 0100|01|00|07|f701fe|14080100001e6f[payload->]...o||28,446
2025-07-31T19:26:58.067 0100|01|00|07|f701fe|14080100001e6f[payload->]...o||28,446
2025-07-31T20:42:48.380 0100|01|00|07|f701fe|14080100001e6f[payload->]...o||28,446
2025-07-31T21:01:48.075 0100|01|00|07|f701fe|14080100001e6f[payload->]...o||28,446
2025-07-31T21:11:28.066 0100|01|00|07|f701fe|14080100001e6f[payload->]...o||28,446
2025-07-31T21:21:58.064 0100|01|00|07|f701fe|14080100001e6f[payload->]...o||28,446
2025-07-31T21:24:48.071 0100|01|00|07|f701fe|14080100001e6f[payload->]...o||28,446
2025-07-31T21:43:48.076 0100|01|00|07|f701fe|14080100001e6f[payload->]...o||28,446
2025-07-31T22:56:18.084 0100|01|00|07|f701fe|14080100001e6f[payload->]...o||28,446
2025-08-01T00:55:48.253 0100|01|00|07|f701fe|14080100001e6f[payload->]...o||28,446
2025-08-01T02:30:58.109 0100|01|00|07|f701fe|14080100001e6f[payload->]...o||28,446
2025-08-01T03:01:08.025 0100|00|00|05|fa0001|14080171b7[payload->]q.||46,961
2025-08-01T03:53:18.011 0100|01|00|07|f701fe|14080100001e6f[payload->]...o||28,446
2025-08-01T03:55:08.067 0100|01|00|07|f701fe|14080100001e6f[payload->]...o||28,446
2025-08-01T03:57:08.070 0100|01|00|07|f701fe|14080100001e6f[payload->]...o||28,446
2025-08-01T04:29:58.023 0100|01|00|07|f701fe|14080100001e6f[payload->]...o||28,446
2025-08-01T04:53:58.076 0100|01|00|07|f701fe|14080100001e6f[payload->]...o||28,446
2025-08-01T06:25:38.030 0100|01|00|07|f701fe|14080100001e6f[payload->]...o||28,446
2025-08-01T08:23:18.087 0100|01|00|07|f701fe|14080100001e6f[payload->]...o||28,446
2025-08-01T10:43:38.039 0100|01|00|07|f701fe|14080100001e6f[payload->]...o||28,446
2025-08-01T10:48:28.132 0100|01|00|07|f701fe|14080100001e6f[payload->]...o||28,446
2025-08-01T11:02:48.054 0100|01|00|07|f701fe|14080100001e6f[payload->]...o||28,446
2025-08-01T12:11:08.038 0100|01|00|07|f701fe|14080100001e6f[payload->]...o||28,446
2025-08-01T12:16:08.073 0100|01|00|07|f701fe|14080100001e6f[payload->]...o||28,446
2025-08-01T14:34:50.316 0100|01|00|07|f701fe|14080100001e6f[payload->]...o||28,446
2025-08-01T14:56:30.045 0100|00|00|05|fa0001|14080171b7[payload->]q.||46,961
2025-08-01T15:28:30.192 0100|01|00|07|f701fe|14080100001e6f[payload->]...o||28,446
2025-08-01T17:01:31.419 0100|01|00|07|f701fe|14080100001e6f[payload->]...o||28,446
2025-08-01T17:24:20.113 0100|01|00|07|f701fe|14080100001e6f[payload->]...o||28,446
2025-08-01T17:36:40.092 0100|01|00|07|f701fe|14080100001e6f[payload->]...o||28,446
2025-08-01T18:11:30.012 0100|01|00|07|f701fe|14080100001e6f[payload->]...o||28,446
2025-08-01T19:06:30.254 0100|01|00|07|f701fe|14080100001e6f[payload->]...o||28,446
2025-08-01T19:22:50.680 0100|00|00|05|fa0001|14080171b7[payload->]q.||46,961
2025-08-01T22:48:12.025 0100|01|00|07|f701fe|14080100001e6f[payload->]...o||28,446
2025-08-01T22:59:42.055 0100|01|00|07|f701fe|14080100001e6f[payload->]...o||28,446
2025-08-01T23:58:52.121 0100|00|00|05|fa0001|14080171b7[payload->]q.||46,961
2025-08-02T07:28:52.234 0100|00|00|05|fa0001|14080171b7[payload->]q.||46,961
2025-08-02T07:45:22.092 0100|01|00|07|f701fe|14080100001e6f[payload->]...o||28,446
2025-08-02T09:18:12.102 0100|01|00|07|f701fe|14080100001e6f[payload->]...o||28,446
2025-08-02T10:44:42.045 0100|01|00|07|f701fe|14080100001e6f[payload->]...o||28,446
2025-08-02T12:40:12.072 0100|01|00|07|f701fe|14080100001e6f[payload->]...o||28,446
2025-08-02T13:44:23.065 0100|01|00|07|f701fe|14080100001e6f[payload->]...o||28,446
2025-08-02T14:05:53.009 0100|01|00|07|f701fe|14080100001e6f[payload->]...o||28,446
2025-08-02T15:04:52.979 0100|00|00|05|f20001|14080171b7[payload->]q.||46,961
2025-08-02T15:12:43.023 0100|01|00|07|f701fe|14080100001e6f[payload->]...o||28,446
2025-08-02T15:13:53.076 0100|01|00|07|f701fe|14080100001e6f[payload->]...o||28,446
2025-08-02T15:23:53.022 0100|01|00|07|f701fe|14080100001e6f[payload->]...o||28,446
2025-08-02T17:14:13.089 0100|01|00|07|f701fe|14080100001e6f[payload->]...o||28,446
2025-08-02T17:32:23.043 0100|01|00|07|f701fe|14080100001e6f[payload->]...o||28,446
2025-08-02T17:46:13.061 0100|01|00|07|f701fe|14080100001e6f[payload->]...o||28,446
2025-08-02T17:51:13.025 0100|01|00|07|f701fe|14080100001e6f[payload->]...o||28,446
2025-08-02T17:59:53.071 0100|01|00|07|f701fe|14080100001e6f[payload->]...o||28,446
2025-08-02T19:04:33.045 0100|01|00|07|f701fe|14080100001e6f[payload->]...o||28,446
2025-08-02T20:16:33.127 0100|01|00|07|f701fe|14080100001e6f[payload->]...o||28,446
2025-08-02T20:42:13.034 0100|00|00|05|fa0001|14080171b7[payload->]q.||46,961
2025-08-02T21:26:03.045 0100|01|00|07|f701fe|14080100001e6f[payload->]...o||28,446
2025-08-02T23:10:43.720 0100|00|00|05|fa0001|14080171b7[payload->]q.||46,961
2025-08-03T00:17:43.028 0100|01|00|07|f701fe|14080100001e6f[payload->]...o||28,446
2025-08-03T00:33:03.067 0100|01|00|07|f701fe|14080100001e6f[payload->]...o||28,446
2025-08-03T02:05:03.004 0100|00|00|05|fa0001|14080171b7[payload->]q.||46,961
2025-08-03T02:10:13.489 0100|01|00|07|f701fe|14080100001e6f[payload->]...o||28,446
2025-08-03T02:46:23.026 0100|01|00|07|f701fe|14080100001e6f[payload->]...o||28,446
2025-08-03T02:59:03.043 0100|01|00|07|f701fe|14080100001e6f[payload->]...o||28,446
2025-08-03T03:02:23.022 0100|01|00|07|f701fe|14080100001e6f[payload->]...o||28,446
2025-08-03T03:04:12.965 0100|01|00|07|f701fe|14080100001e6f[payload->]...o||28,446
2025-08-03T03:41:13.047 0100|01|00|07|f701fe|14080100001e6f[payload->]...o||28,446
2025-08-03T04:11:53.069 0100|01|00|07|f701fe|14080100001e6f[payload->]...o||28,446
2025-08-03T04:23:43.037 0100|01|00|07|f701fe|14080100001e6f[payload->]...o||28,446
2025-08-03T05:07:23.160 0100|01|00|07|f701fe|14080100001e6f[payload->]...o||28,446
2025-08-03T05:27:43.025 0100|01|00|07|f701fe|14080100001e6f[payload->]...o||28,446
2025-08-03T06:48:53.023 0100|01|00|07|f701fe|14080100001e6f[payload->]...o||28,446
2025-08-03T08:03:53.047 0100|01|00|07|f701fe|14080100001e6f[payload->]...o||28,446
2025-08-03T08:29:13.109 0100|01|00|07|f701fe|14080100001e6f[payload->]...o||28,446
2025-08-03T12:07:03.046 0100|01|00|07|f701fe|14080100001e6f[payload->]...o||28,446
2025-08-03T12:29:53.064 0100|01|00|07|f701fe|14080100001e6f[payload->]...o||28,446
2025-08-03T12:44:33.094 0100|01|00|07|f701fe|14080100001e6f[payload->]...o||28,446
2025-08-03T12:47:33.080 0100|01|00|07|f701fe|14080100001e6f[payload->]...o||28,446
2025-08-03T13:43:23.028 0100|01|00|07|f701fe|14080100001e6f[payload->]...o||28,446
2025-08-03T14:01:13.040 0100|01|00|07|f701fe|14080100001e6f[payload->]...o||28,446
2025-08-03T16:50:03.054 0100|01|00|07|f701fe|14080100001e6f[payload->]...o||28,446
2025-08-03T17:46:23.083 0100|01|00|07|f701fe|14080100001e6f[payload->]...o||28,446
