2025-07-30T20:37:49.346 0100|00|00|05|fa0001|1f88006767[payload->]gg||26,471
2025-07-30T20:37:49.346 0100|01|00|06|f801fe|1f8800033e41[payload->].>A||16,702
2025-07-30T20:47:57.888 0100|00|00|05|fa0001|1f88006767[payload->]gg||26,471
2025-07-30T20:47:57.888 0100|01|00|06|f801fe|1f8800033e41[payload->].>A||16,702
2025-07-30T20:58:07.439 0100|00|00|05|fa0001|1f88006767[payload->]gg||26,471
2025-07-30T20:58:07.439 0100|01|00|06|f801fe|1f8800033e41[payload->].>A||16,702
2025-07-30T21:08:16.720 0100|00|00|05|fa0001|1f88006767[payload->]gg||26,471
2025-07-30T21:18:24.263 0100|00|00|05|fa0001|1f88006767[payload->]gg||26,471
2025-07-30T21:18:24.464 0100|01|00|06|f801fe|1f8800033e41[payload->].>A||16,702
2025-07-30T21:28:32.752 0100|00|00|05|fa0001|1f88006767[payload->]gg||26,471
2025-07-30T21:28:32.852 0100|01|00|06|f801fe|1f8800033e41[payload->].>A||16,702
2025-07-30T21:38:42.197 0100|00|00|05|fa0001|1f88006767[payload->]gg||26,471
2025-07-30T21:38:42.298 0100|01|00|06|f801fe|1f8800033e41[payload->].>A||16,702
2025-07-30T21:48:50.972 0100|00|00|05|fa0001|1f88006767[payload->]gg||26,471
2025-07-30T21:48:50.973 0100|01|00|06|f801fe|1f8800033e41[payload->].>A||16,702
2025-07-30T21:58:59.145 0100|00|00|05|fa0001|1f88006767[payload->]gg||26,471
2025-07-30T21:58:59.246 0100|01|00|06|f801fe|1f8800033e41[payload->].>A||16,702
2025-07-30T22:09:07.731 0100|00|00|05|fa0001|1f88006767[payload->]gg||26,471
2025-07-30T22:09:07.832 0100|01|00|06|f801fe|1f8800033e41[payload->].>A||16,702
2025-07-30T22:19:17.274 0100|00|00|05|fa0001|1f88006767[payload->]gg||26,471
2025-07-30T22:19:17.375 0100|01|00|06|f801fe|1f8800033e41[payload->].>A||16,702
2025-07-30T22:29:25.926 0100|00|00|05|fa0001|1f88006767[payload->]gg||26,471
2025-07-30T22:29:25.926 0100|01|00|06|f801fe|1f8800033e41[payload->].>A||16,702
2025-07-30T22:39:34.186 0100|00|00|05|fa0001|1f88006767[payload->]gg||26,471
2025-07-30T22:39:34.186 0100|01|00|06|f801fe|1f8800033e41[payload->].>A||16,702
2025-07-30T22:49:43.029 0100|00|00|05|fa0001|1f88006767[payload->]gg||26,471
2025-07-30T22:49:43.029 0100|01|00|06|f801fe|1f8800033e41[payload->].>A||16,702
2025-07-30T22:59:52.081 0100|00|00|05|fa0001|1f88006767[payload->]gg||26,471
2025-07-30T22:59:52.182 0100|01|00|06|f801fe|1f8800033e41[payload->].>A||16,702
2025-07-30T23:10:00.619 0100|00|00|05|fa0001|1f88006767[payload->]gg||26,471
2025-07-30T23:10:00.720 0100|01|00|06|f801fe|1f8800033e41[payload->].>A||16,702
2025-07-30T23:20:09.676 0100|00|00|05|fa0001|1f88006767[payload->]gg||26,471
2025-07-30T23:20:09.677 0100|01|00|06|f801fe|1f8800033e41[payload->].>A||16,702
2025-07-30T23:30:17.929 0100|00|00|05|fa0001|1f88006767[payload->]gg||26,471
2025-07-30T23:30:17.930 0100|01|00|06|f801fe|1f8800033e41[payload->].>A||16,702
2025-07-30T23:40:27.760 0100|00|00|05|fa0001|1f88006767[payload->]gg||26,471
2025-07-30T23:40:27.861 0100|01|00|06|f801fe|1f8800033e41[payload->].>A||16,702
2025-07-30T23:50:37.608 0100|00|00|05|fa0001|1f88006767[payload->]gg||26,471
2025-07-30T23:50:37.608 0100|01|00|06|f801fe|1f8800033e41[payload->].>A||16,702
2025-07-31T00:00:45.936 0100|00|00|05|fa0001|1f88006767[payload->]gg||26,471
2025-07-31T00:10:54.507 0100|00|00|05|fa0001|1f88006767[payload->]gg||26,471
2025-07-31T00:10:54.508 0100|01|00|06|f801fe|1f8800033e41[payload->].>A||16,702
2025-07-31T00:21:02.924 0100|00|00|05|fa0001|1f88006767[payload->]gg||26,471
2025-07-31T00:21:02.924 0100|01|00|06|f801fe|1f8800033e41[payload->].>A||16,702
2025-07-31T00:31:12.043 0100|00|00|05|fa0001|1f88006767[payload->]gg||26,471
2025-07-31T00:31:12.144 0100|01|00|06|f801fe|1f8800033e41[payload->].>A||16,702
2025-07-31T00:51:29.128 0100|00|00|05|fa0001|1f88006767[payload->]gg||26,471
2025-07-31T00:51:29.229 0100|01|00|06|f801fe|1f8800033e41[payload->].>A||16,702
2025-07-31T01:01:37.929 0100|00|00|05|fa0001|1f88006767[payload->]gg||26,471
2025-07-31T01:01:37.929 0100|01|00|06|f801fe|1f8800033e41[payload->].>A||16,702
2025-07-31T01:11:46.653 0100|00|00|05|fa0001|1f88006767[payload->]gg||26,471
2025-07-31T01:11:46.855 0100|01|00|06|f801fe|1f8800033e41[payload->].>A||16,702
2025-07-31T01:21:54.334 0100|00|00|05|fa0001|1f88006767[payload->]gg||26,471
2025-07-31T01:21:54.435 0100|01|00|06|f801fe|1f8800033e41[payload->].>A||16,702
2025-07-31T01:32:02.960 0100|00|00|05|fa0001|1f88006767[payload->]gg||26,471
2025-07-31T01:32:03.062 0100|01|00|06|f801fe|1f8800033e41[payload->].>A||16,702
2025-07-31T01:42:12.148 0100|00|00|05|fa0001|1f88006767[payload->]gg||26,471
2025-07-31T01:42:12.149 0100|01|00|06|f801fe|1f8800033e41[payload->].>A||16,702
2025-07-31T01:52:20.824 0100|00|00|05|fa0001|1f88006767[payload->]gg||26,471
2025-07-31T01:52:20.925 0100|01|00|06|f801fe|1f8800033e41[payload->].>A||16,702
2025-07-31T02:02:30.517 0100|00|00|05|fa0001|1f88006767[payload->]gg||26,471
2025-07-31T02:02:30.618 0100|01|00|06|f801fe|1f8800033e41[payload->].>A||16,702
2025-07-31T02:12:39.195 0100|00|00|05|fa0001|1f88006767[payload->]gg||26,471
2025-07-31T02:12:39.296 0100|01|00|06|f801fe|1f8800033e41[payload->].>A||16,702
2025-07-31T02:22:48.042 0100|00|00|05|fa0001|1f88006767[payload->]gg||26,471
2025-07-31T02:22:48.144 0100|01|00|06|f801fe|1f8800033e41[payload->].>A||16,702
2025-07-31T02:32:57.292 0100|00|00|05|fa0001|1f88006767[payload->]gg||26,471
2025-07-31T02:32:57.393 0100|01|00|06|f801fe|1f8800033e41[payload->].>A||16,702
2025-07-31T02:43:05.449 0100|00|00|05|fa0001|1f88006767[payload->]gg||26,471
2025-07-31T02:43:05.449 0100|01|00|06|f801fe|1f8800033e41[payload->].>A||16,702
2025-07-31T02:53:14.024 0100|00|00|05|fa0001|1f88006767[payload->]gg||26,471
2025-07-31T02:53:14.125 0100|01|00|06|f801fe|1f8800033e41[payload->].>A||16,702
2025-07-31T03:03:22.770 0100|00|00|05|fa0001|1f88006767[payload->]gg||26,471
2025-07-31T03:03:22.871 0100|01|00|06|f801fe|1f8800033e41[payload->].>A||16,702
2025-07-31T03:13:31.884 0100|00|00|05|fa0001|1f88006767[payload->]gg||26,471
2025-07-31T03:13:31.985 0100|01|00|06|f801fe|1f8800033e41[payload->].>A||16,702
2025-07-31T03:23:40.419 0100|00|00|05|fa0001|1f88006767[payload->]gg||26,471
2025-07-31T03:23:40.420 0100|01|00|06|f801fe|1f8800033e41[payload->].>A||16,702
2025-07-31T03:33:47.892 0100|00|00|05|fa0001|1f88006767[payload->]gg||26,471
2025-07-31T03:33:47.993 0100|01|00|06|f801fe|1f8800033e41[payload->].>A||16,702
2025-07-31T03:43:57.028 0100|00|00|05|fa0001|1f88006767[payload->]gg||26,471
2025-07-31T03:43:57.028 0100|01|00|06|f801fe|1f8800033e41[payload->].>A||16,702
2025-07-31T03:54:05.362 0100|00|00|05|fa0001|1f88006767[payload->]gg||26,471
2025-07-31T03:54:05.362 0100|01|00|06|f801fe|1f8800033e41[payload->].>A||16,702
2025-07-31T04:04:14.629 0100|00|00|05|fa0001|1f88006767[payload->]gg||26,471
2025-07-31T04:04:14.730 0100|01|00|06|f801fe|1f8800033e41[payload->].>A||16,702
2025-07-31T04:14:22.832 0100|00|00|05|fa0001|1f88006767[payload->]gg||26,471
2025-07-31T04:14:22.934 0100|01|00|06|f801fe|1f8800033e41[payload->].>A||16,702
2025-07-31T04:24:31.890 0100|00|00|05|fa0001|1f88006767[payload->]gg||26,471
2025-07-31T04:24:31.991 0100|01|00|06|f801fe|1f8800033e41[payload->].>A||16,702
2025-07-31T04:34:40.830 0100|00|00|05|fa0001|1f88006767[payload->]gg||26,471
2025-07-31T04:34:40.931 0100|01|00|06|f801fe|1f8800033e41[payload->].>A||16,702
2025-07-31T04:44:50.380 0100|00|00|05|fa0001|1f88006767[payload->]gg||26,471
2025-07-31T04:44:50.380 0100|01|00|06|f801fe|1f8800033e41[payload->].>A||16,702
2025-07-31T04:54:57.851 0100|00|00|05|fa0001|1f88006767[payload->]gg||26,471
2025-07-31T04:54:57.952 0100|01|00|06|f801fe|1f8800033e41[payload->].>A||16,702
2025-07-31T05:05:07.599 0100|00|00|05|fa0001|1f88006767[payload->]gg||26,471
2025-07-31T05:05:07.700 0100|01|00|06|f801fe|1f8800033e41[payload->].>A||16,702
2025-07-31T05:15:16.818 0100|00|00|05|fa0001|1f88006767[payload->]gg||26,471
2025-07-31T05:15:17.020 0100|01|00|06|f801fe|1f8800033e41[payload->].>A||16,702
2025-07-31T05:25:25.393 0100|00|00|05|fa0001|1f88006767[payload->]gg||26,471
2025-07-31T05:25:25.393 0100|01|00|06|f801fe|1f8800033e41[payload->].>A||16,702
2025-07-31T05:35:33.882 0100|00|00|05|fa0001|1f88006767[payload->]gg||26,471
2025-07-31T05:35:33.984 0100|01|00|06|fa43fe|1f8800033e41[payload->].>A||16,702
2025-07-31T05:45:42.858 0100|00|00|05|fa0001|1f88006767[payload->]gg||26,471
2025-07-31T05:45:42.960 0100|01|00|06|f801fe|1f8800033e41[payload->].>A||16,702
2025-07-31T05:55:51.815 0100|00|00|05|fa0001|1f88006767[payload->]gg||26,471
2025-07-31T05:55:51.816 0100|01|00|06|f801fe|1f8800033e41[payload->].>A||16,702
2025-07-31T06:06:00.841 0100|00|00|05|fa0001|1f88006767[payload->]gg||26,471
2025-07-31T06:06:00.942 0100|01|00|06|fa01fe|1f8800033e41[payload->].>A||16,702
2025-07-31T06:16:07.821 0100|00|00|05|fa0001|1f88006767[payload->]gg||26,471
2025-07-31T06:16:07.922 0100|01|00|06|f801fe|1f8800033e41[payload->].>A||16,702
2025-07-31T06:26:16.980 0100|00|00|05|fa0001|1f88006767[payload->]gg||26,471
2025-07-31T06:26:17.081 0100|01|00|06|f801fe|1f8800033e41[payload->].>A||16,702
2025-07-31T06:36:25.534 0100|00|00|05|fa0001|1f88006767[payload->]gg||26,471
2025-07-31T06:36:25.736 0100|01|00|06|f801fe|1f8800033e41[payload->].>A||16,702
2025-07-31T06:46:33.000 0100|00|00|05|fa0001|1f88006767[payload->]gg||26,471
2025-07-31T06:46:33.102 0100|01|00|06|f801fe|1f8800033e41[payload->].>A||16,702
2025-07-31T06:56:41.938 0100|00|00|05|fa0001|1f88006767[payload->]gg||26,471
2025-07-31T06:56:41.938 0100|01|00|06|f801fe|1f8800033e41[payload->].>A||16,702
2025-07-31T07:06:50.679 0100|00|00|05|fa0001|1f88006767[payload->]gg||26,471
2025-07-31T07:06:50.780 0100|01|00|06|f801fe|1f8800033e41[payload->].>A||16,702
2025-07-31T07:16:57.841 0100|00|00|05|fa0001|1f88006767[payload->]gg||26,471
2025-07-31T07:16:57.942 0100|01|00|06|f801fe|1f8800033e41[payload->].>A||16,702
2025-07-31T07:27:07.374 0100|00|00|05|fa0001|1f88006767[payload->]gg||26,471
2025-07-31T07:27:07.475 0100|01|00|06|f801fe|1f8800033e41[payload->].>A||16,702
2025-07-31T07:37:17.078 0100|00|00|05|fa0001|1f88006767[payload->]gg||26,471
2025-07-31T07:37:17.179 0100|01|00|06|f801fe|1f8800033e41[payload->].>A||16,702
2025-07-31T07:47:23.796 0100|00|00|05|fa0001|1f88006767[payload->]gg||26,471
2025-07-31T07:47:23.796 0100|01|00|06|f801fe|1f8800033e41[payload->].>A||16,702
2025-07-31T07:57:32.088 0100|00|00|05|fa0001|1f88006767[payload->]gg||26,471
2025-07-31T07:57:32.088 0100|01|00|06|f801fe|1f8800033e41[payload->].>A||16,702
2025-07-31T08:07:41.103 0100|00|00|05|fa0001|1f88006767[payload->]gg||26,471
2025-07-31T08:07:41.204 0100|01|00|06|f801fe|1f8800033e41[payload->].>A||16,702
2025-07-31T08:17:50.912 0100|00|00|05|fa0001|1f88006767[payload->]gg||26,471
2025-07-31T08:17:50.912 0100|01|00|06|fc05fe|1f8800033e41[payload->].>A||16,702
2025-07-31T08:27:57.744 0100|00|00|05|fa0001|1f88006767[payload->]gg||26,471
2025-07-31T08:27:57.845 0100|01|00|06|f801fe|1f8800033e41[payload->].>A||16,702
2025-07-31T08:38:08.451 0100|00|00|05|fa0001|1f88006767[payload->]gg||26,471
2025-07-31T08:38:08.452 0100|01|00|06|f801fe|1f8800033e41[payload->].>A||16,702
2025-07-31T08:48:16.080 0100|00|00|05|fa0001|1f88006767[payload->]gg||26,471
2025-07-31T08:48:16.080 0100|01|00|06|f801fe|1f8800033e41[payload->].>A||16,702
2025-07-31T08:58:23.847 0100|00|00|05|fa0001|1f88006767[payload->]gg||26,471
2025-07-31T08:58:23.847 0100|01|00|06|f801fe|1f8800033e41[payload->].>A||16,702
2025-07-31T09:08:33.017 0100|00|00|05|fa0001|1f88006767[payload->]gg||26,471
2025-07-31T09:08:33.017 0100|01|00|06|f801fe|1f8800033e41[payload->].>A||16,702
2025-07-31T09:18:41.036 0100|00|00|05|fa0001|1f88006767[payload->]gg||26,471
2025-07-31T09:18:41.037 0100|01|00|06|f801fe|1f8800033e41[payload->].>A||16,702
2025-07-31T09:28:48.909 0100|00|00|05|fa0001|1f88006767[payload->]gg||26,471
2025-07-31T09:28:48.909 0100|01|00|06|f801fe|1f8800033e41[payload->].>A||16,702
2025-07-31T09:38:56.895 0100|00|00|05|fa0001|1f88006767[payload->]gg||26,471
2025-07-31T09:38:56.996 0100|01|00|06|f801fe|1f8800033e41[payload->].>A||16,702
2025-07-31T09:49:05.568 0100|00|00|05|fa0001|1f88006767[payload->]gg||26,471
2025-07-31T09:49:05.569 0100|01|00|06|f801fe|1f8800033e41[payload->].>A||16,702
2025-07-31T09:59:12.952 0100|00|00|05|fa0001|1f88006767[payload->]gg||26,471
2025-07-31T09:59:13.053 0100|01|00|06|f801fe|1f8800033e41[payload->].>A||16,702
2025-07-31T10:09:22.323 0100|00|00|05|fa0001|1f88006767[payload->]gg||26,471
2025-07-31T10:09:22.324 0100|01|00|06|f801fe|1f8800033e41[payload->].>A||16,702
2025-07-31T10:19:30.648 0100|00|00|05|fa0001|1f88006767[payload->]gg||26,471
2025-07-31T10:19:30.649 0100|01|00|06|f801fe|1f8800033e41[payload->].>A||16,702
2025-07-31T10:29:38.907 0100|00|00|05|fa0001|1f88006767[payload->]gg||26,471
2025-07-31T10:29:39.008 0100|01|00|06|f801fe|1f8800033e41[payload->].>A||16,702
2025-07-31T10:39:47.167 0100|00|00|05|fa0001|1f88006767[payload->]gg||26,471
2025-07-31T10:39:47.268 0100|01|00|06|f801fe|1f8800033e41[payload->].>A||16,702
2025-07-31T10:49:56.030 0100|00|00|05|fa0001|1f88006767[payload->]gg||26,471
2025-07-31T10:49:56.131 0100|01|00|06|f801fe|1f8800033e41[payload->].>A||16,702
2025-07-31T11:00:03.873 0100|00|00|05|fa0001|1f88006767[payload->]gg||26,471
2025-07-31T11:00:03.975 0100|01|00|06|f801fe|1f8800033e41[payload->].>A||16,702
2025-07-31T11:10:12.985 0100|00|00|05|fa0001|1f88006767[payload->]gg||26,471
2025-07-31T11:10:13.086 0100|01|00|06|f801fe|1f8800033e41[payload->].>A||16,702
2025-07-31T11:20:21.842 0100|00|00|05|fa0001|1f88006767[payload->]gg||26,471
2025-07-31T11:20:21.943 0100|01|00|06|f801fe|1f8800033e41[payload->].>A||16,702
2025-07-31T11:30:30.732 0100|00|00|05|fa0001|1f88006767[payload->]gg||26,471
2025-07-31T11:30:30.732 0100|01|00|06|f801fe|1f8800033e41[payload->].>A||16,702
2025-07-31T11:40:39.119 0100|00|00|05|fa0001|1f88006767[payload->]gg||26,471
2025-07-31T11:40:39.119 0100|01|00|06|f801fe|1f8800033e41[payload->].>A||16,702
2025-07-31T11:50:47.089 0100|00|00|05|fa0001|1f88006767[payload->]gg||26,471
2025-07-31T11:50:47.190 0100|01|00|06|f801fe|1f8800033e41[payload->].>A||16,702
2025-07-31T12:00:56.251 0100|00|00|05|fa0001|1f88006767[payload->]gg||26,471
2025-07-31T12:00:56.352 0100|01|00|06|f801fe|1f8800033e41[payload->].>A||16,702
2025-07-31T12:11:04.152 0100|00|00|05|fa0001|1f88006767[payload->]gg||26,471
2025-07-31T12:11:04.253 0100|01|00|06|f801fe|1f8800033e41[payload->].>A||16,702
2025-07-31T12:21:12.822 0100|00|00|05|fa0001|1f88006767[payload->]gg||26,471
2025-07-31T12:21:12.823 0100|01|00|06|f801fe|1f8800033e41[payload->].>A||16,702
2025-07-31T12:31:22.000 0100|00|00|05|fa0001|1f88006767[payload->]gg||26,471
2025-07-31T12:31:22.101 0100|01|00|06|f801fe|1f8800033e41[payload->].>A||16,702
2025-07-31T12:41:32.786 0100|00|00|05|fa0001|1f88006767[payload->]gg||26,471
2025-07-31T12:41:32.787 0100|01|00|06|f801fe|1f8800033e41[payload->].>A||16,702
2025-07-31T12:51:42.112 0100|00|00|05|fa0001|1f88006767[payload->]gg||26,471
2025-07-31T12:51:42.213 0100|01|00|06|f801fe|1f8800033e41[payload->].>A||16,702
2025-07-31T13:01:51.585 0100|00|00|05|fa0001|1f88006767[payload->]gg||26,471
2025-07-31T13:01:51.686 0100|01|00|06|f801fe|1f8800033e41[payload->].>A||16,702
2025-07-31T13:11:59.234 0100|00|00|05|fa0001|1f88006767[payload->]gg||26,471
2025-07-31T13:11:59.436 0100|01|00|06|f801fe|1f8800033e41[payload->].>A||16,702
2025-07-31T13:32:16.506 0100|00|00|05|fa0001|1f88006767[payload->]gg||26,471
2025-07-31T13:32:16.607 0100|01|00|06|f801fe|1f8800033e41[payload->].>A||16,702
2025-07-31T13:42:23.866 0100|00|00|05|fa0001|1f88006767[payload->]gg||26,471
2025-07-31T13:42:23.967 0100|01|00|06|f801fe|1f8800033e41[payload->].>A||16,702
2025-07-31T13:52:32.811 0100|00|00|05|fa0001|1f88006767[payload->]gg||26,471
2025-07-31T13:52:32.912 0100|01|00|06|f801fe|1f8800033e41[payload->].>A||16,702
2025-07-31T14:02:42.061 0100|00|00|05|fa0001|1f88006767[payload->]gg||26,471
2025-07-31T14:02:42.061 0100|01|00|06|f801fe|1f8800033e41[payload->].>A||16,702
2025-07-31T14:12:51.357 0100|00|00|05|fa0001|1f88006767[payload->]gg||26,471
2025-07-31T14:12:51.458 0100|01|00|06|f801fe|1f8800033e41[payload->].>A||16,702
2025-07-31T14:22:58.914 0100|00|00|05|fa0001|1f88006767[payload->]gg||26,471
2025-07-31T14:22:59.016 0100|01|00|06|f801fe|1f8800033e41[payload->].>A||16,702
2025-07-31T14:33:07.897 0100|00|00|05|fa0001|1f88006767[payload->]gg||26,471
2025-07-31T14:33:07.897 0100|01|00|06|f801fe|1f8800033e41[payload->].>A||16,702
2025-07-31T14:43:16.984 0100|00|00|05|fa0001|1f88006767[payload->]gg||26,471
2025-07-31T14:43:16.985 0100|01|00|06|f801fe|1f8800033e41[payload->].>A||16,702
2025-07-31T14:53:25.848 0100|00|00|05|fa0001|1f88006767[payload->]gg||26,471
2025-07-31T14:53:25.848 0100|01|00|06|f801fe|1f8800033e41[payload->].>A||16,702
2025-07-31T15:03:32.786 0100|00|00|05|fa0001|1f88006767[payload->]gg||26,471
2025-07-31T15:03:32.888 0100|01|00|06|f801fe|1f8800033e41[payload->].>A||16,702
2025-07-31T15:13:41.976 0100|00|00|05|fa0001|1f88006767[payload->]gg||26,471
2025-07-31T15:13:41.977 0100|01|00|06|f801fe|1f8800033e41[payload->].>A||16,702
2025-07-31T15:23:50.655 0100|01|00|06|f801fe|1f8800033e41[payload->].>A||16,702
2025-07-31T15:33:59.440 0100|00|00|05|fa0001|1f88006767[payload->]gg||26,471
2025-07-31T15:33:59.542 0100|01|00|06|f801fe|1f8800033e41[payload->].>A||16,702
2025-07-31T15:44:07.877 0100|00|00|05|fa0001|1f88006767[payload->]gg||26,471
2025-07-31T15:44:07.877 0100|01|00|06|f801fe|1f8800033e41[payload->].>A||16,702
2025-07-31T15:54:17.226 0100|00|00|05|fa0001|1f88006767[payload->]gg||26,471
2025-07-31T15:54:17.327 0100|01|00|06|f801fe|1f8800033e41[payload->].>A||16,702
2025-07-31T16:04:27.069 0100|00|00|05|fa0001|1f88006767[payload->]gg||26,471
2025-07-31T16:14:35.510 0100|00|00|05|fa0001|1f88006767[payload->]gg||26,471
2025-07-31T16:14:35.611 0100|01|00|06|f801fe|1f8800033e41[payload->].>A||16,702
2025-07-31T16:24:43.897 0100|00|00|05|fa0001|1f88006767[payload->]gg||26,471
2025-07-31T16:24:43.998 0100|01|00|06|f801fe|1f8800033e41[payload->].>A||16,702
2025-07-31T16:34:52.046 0100|00|00|05|fa0001|1f88006767[payload->]gg||26,471
2025-07-31T16:34:52.047 0100|01|00|06|f801fe|1f8800033e41[payload->].>A||16,702
2025-07-31T16:45:01.399 0100|00|00|05|fa0001|1f88006767[payload->]gg||26,471
2025-07-31T16:45:01.399 0100|01|00|06|f801fe|1f8800033e41[payload->].>A||16,702
2025-07-31T16:55:10.945 0100|00|00|05|fa0001|1f88006767[payload->]gg||26,471
2025-07-31T16:55:11.046 0100|01|00|06|f801fe|1f8800033e41[payload->].>A||16,702
2025-07-31T17:05:19.016 0100|00|00|05|fa0001|1f88006767[payload->]gg||26,471
2025-07-31T17:05:19.016 0100|01|00|06|f801fe|1f8800033e41[payload->].>A||16,702
2025-07-31T17:15:28.322 0100|00|00|05|fa0001|1f88006767[payload->]gg||26,471
2025-07-31T17:15:28.323 0100|01|00|06|f801fe|1f8800033e41[payload->].>A||16,702
2025-07-31T17:25:37.230 0100|00|00|05|fa0001|1f88006767[payload->]gg||26,471
2025-07-31T17:25:37.331 0100|01|00|06|f801fe|1f8800033e41[payload->].>A||16,702
2025-07-31T17:35:46.990 0100|00|00|05|fa0001|1f88006767[payload->]gg||26,471
2025-07-31T17:35:47.091 0100|01|00|06|f801fe|1f8800033e41[payload->].>A||16,702
2025-07-31T17:45:56.119 0100|00|00|05|fa0001|1f88006767[payload->]gg||26,471
2025-07-31T17:45:56.119 0100|01|00|06|f801fe|1f8800033e41[payload->].>A||16,702
2025-07-31T17:56:04.230 0100|00|00|05|fa0001|1f88006767[payload->]gg||26,471
2025-07-31T17:56:04.331 0100|01|00|06|f801fe|1f8800033e41[payload->].>A||16,702
2025-07-31T18:06:13.290 0100|00|00|05|fa0001|1f88006767[payload->]gg||26,471
2025-07-31T18:06:13.391 0100|01|00|06|f801fe|1f8800033e41[payload->].>A||16,702
2025-07-31T18:16:22.027 0100|00|00|05|fa0001|1f88006767[payload->]gg||26,471
2025-07-31T18:16:22.027 0100|01|00|06|f801fe|1f8800033e41[payload->].>A||16,702
2025-07-31T18:26:31.170 0100|00|00|05|fa0001|1f88006767[payload->]gg||26,471
2025-07-31T18:26:31.271 0100|01|00|06|f801fe|1f8800033e41[payload->].>A||16,702
2025-07-31T18:36:40.574 0100|00|00|05|fa0001|1f88006767[payload->]gg||26,471
2025-07-31T18:36:40.675 0100|01|00|06|f801fe|1f8800033e41[payload->].>A||16,702
2025-07-31T18:46:49.352 0100|00|00|05|fa0001|1f88006767[payload->]gg||26,471
2025-07-31T18:46:49.453 0100|01|00|06|f801fe|1f8800033e41[payload->].>A||16,702
2025-07-31T18:56:58.398 0100|00|00|05|fa0001|1f88006767[payload->]gg||26,471
2025-07-31T18:56:58.499 0100|01|00|06|f801fe|1f8800033e41[payload->].>A||16,702
2025-07-31T19:07:07.820 0100|00|00|05|fa0001|1f88006767[payload->]gg||26,471
2025-07-31T19:07:07.820 0100|01|00|06|f801fe|1f8800033e41[payload->].>A||16,702
2025-07-31T19:27:25.843 0100|00|00|05|fa0001|1f88006767[payload->]gg||26,471
2025-07-31T19:27:25.843 0100|01|00|06|f801fe|1f8800033e41[payload->].>A||16,702
2025-07-31T19:37:34.097 0100|00|00|05|fa0001|1f88006767[payload->]gg||26,471
2025-07-31T19:37:34.198 0100|01|00|06|f801fe|1f8800033e41[payload->].>A||16,702
2025-07-31T19:47:43.230 0100|00|00|05|fa0001|1f88006767[payload->]gg||26,471
2025-07-31T19:47:43.230 0100|01|00|06|f801fe|1f8800033e41[payload->].>A||16,702
2025-07-31T19:57:52.106 0100|00|00|05|fa0001|1f88006767[payload->]gg||26,471
2025-07-31T19:57:52.106 0100|01|00|06|f801fe|1f8800033e41[payload->].>A||16,702
2025-07-31T20:08:00.903 0100|00|00|05|fa0001|1f88006767[payload->]gg||26,471
2025-07-31T20:08:01.005 0100|01|00|06|f801fe|1f8800033e41[payload->].>A||16,702
2025-07-31T20:18:09.035 0100|00|00|05|fa0001|1f88006767[payload->]gg||26,471
2025-07-31T20:18:09.136 0100|01|00|06|f801fe|1f8800033e41[payload->].>A||16,702
2025-07-31T20:28:18.006 0100|00|00|05|fa0001|1f88006767[payload->]gg||26,471
2025-07-31T20:28:18.006 0100|01|00|06|f801fe|1f8800033e41[payload->].>A||16,702
2025-07-31T20:38:27.988 0100|00|00|05|fa0001|1f88006767[payload->]gg||26,471
2025-07-31T20:38:28.089 0100|01|00|06|f801fe|1f8800033e41[payload->].>A||16,702
2025-07-31T20:48:36.955 0100|00|00|05|fa0001|1f88006767[payload->]gg||26,471
2025-07-31T20:48:37.057 0100|01|00|06|f801fe|1f8800033e41[payload->].>A||16,702
2025-07-31T20:58:46.340 0100|00|00|05|fa0001|1f88006767[payload->]gg||26,471
2025-07-31T20:58:46.442 0100|01|00|06|f801fe|1f8800033e41[payload->].>A||16,702
2025-07-31T21:08:54.103 0100|00|00|05|fa0001|1f88006767[payload->]gg||26,471
2025-07-31T21:08:54.103 0100|01|00|06|f801fe|1f8800033e41[payload->].>A||16,702
2025-07-31T21:19:03.069 0100|00|00|05|fa0001|1f88006767[payload->]gg||26,471
2025-07-31T21:19:03.069 0100|01|00|06|f801fe|1f8800033e41[payload->].>A||16,702
2025-07-31T21:29:12.157 0100|00|00|05|fa0001|1f88006767[payload->]gg||26,471
2025-07-31T21:29:12.157 0100|01|00|06|f801fe|1f8800033e41[payload->].>A||16,702
2025-07-31T21:39:21.048 0100|00|00|05|fa0001|1f88006767[payload->]gg||26,471
2025-07-31T21:39:21.048 0100|01|00|06|f801fe|1f8800033e41[payload->].>A||16,702
2025-07-31T21:49:30.626 0100|00|00|05|fa0001|1f88006767[payload->]gg||26,471
2025-07-31T21:49:30.626 0100|01|00|06|f801fe|1f8800033e41[payload->].>A||16,702
2025-07-31T21:59:37.819 0100|00|00|05|fa0001|1f88006767[payload->]gg||26,471
2025-07-31T21:59:37.820 0100|01|00|06|f801fe|1f8800033e41[payload->].>A||16,702
2025-07-31T22:09:47.025 0100|00|00|05|fa0001|1f88006767[payload->]gg||26,471
2025-07-31T22:09:47.026 0100|01|00|06|f801fe|1f8800033e41[payload->].>A||16,702
2025-07-31T22:19:55.683 0100|00|00|05|fa0001|1f88006767[payload->]gg||26,471
2025-07-31T22:19:55.684 0100|01|00|06|f801fe|1f8800033e41[payload->].>A||16,702
2025-07-31T22:30:04.188 0100|00|00|05|fa0001|1f88006767[payload->]gg||26,471
2025-07-31T22:30:04.289 0100|01|00|06|f801fe|1f8800033e41[payload->].>A||16,702
2025-07-31T22:40:13.050 0100|00|00|05|fa0001|1f88006767[payload->]gg||26,471
2025-07-31T22:40:13.050 0100|01|00|06|f801fe|1f8800033e41[payload->].>A||16,702
2025-07-31T22:50:22.788 0100|00|00|05|fa0001|1f88006767[payload->]gg||26,471
2025-07-31T22:50:22.889 0100|01|00|06|f801fe|1f8800033e41[payload->].>A||16,702
2025-07-31T23:00:31.880 0100|00|00|05|fa0001|1f88006767[payload->]gg||26,471
2025-07-31T23:00:31.981 0100|01|00|06|f801fe|1f8800033e41[payload->].>A||16,702
2025-07-31T23:10:41.247 0100|00|00|05|fa0001|1f88006767[payload->]gg||26,471
2025-07-31T23:10:41.247 0100|01|00|06|f801fe|1f8800033e41[payload->].>A||16,702
2025-07-31T23:20:50.594 0100|00|00|05|fa0001|1f88006767[payload->]gg||26,471
2025-07-31T23:20:50.695 0100|01|00|06|f801fe|1f8800033e41[payload->].>A||16,702
2025-07-31T23:30:59.120 0100|00|00|05|fa0001|1f88006767[payload->]gg||26,471
2025-07-31T23:30:59.120 0100|01|00|06|f801fe|1f8800033e41[payload->].>A||16,702
2025-07-31T23:41:08.078 0100|00|00|05|fa0001|1f88006767[payload->]gg||26,471
2025-07-31T23:41:08.078 0100|01|00|06|f801fe|1f8800033e41[payload->].>A||16,702
2025-08-01T00:01:27.306 0100|00|00|05|fa0001|1f88006767[payload->]gg||26,471
2025-08-01T00:01:27.306 0100|01|00|06|f801fe|1f8800033e41[payload->].>A||16,702
2025-08-01T00:11:35.818 0100|00|00|05|fa0001|1f88006767[payload->]gg||26,471
2025-08-01T00:11:35.818 0100|01|00|06|f801fe|1f8800033e41[payload->].>A||16,702
2025-08-01T00:21:43.782 0100|00|00|05|fa0001|1f88006767[payload->]gg||26,471
2025-08-01T00:21:43.883 0100|01|00|06|f801fe|1f8800033e41[payload->].>A||16,702
2025-08-01T00:31:52.757 0100|00|00|05|fa0001|1f88006767[payload->]gg||26,471
2025-08-01T00:31:52.858 0100|01|00|06|f801fe|1f8800033e41[payload->].>A||16,702
2025-08-01T00:42:02.258 0100|00|00|05|fa0001|1f88006767[payload->]gg||26,471
2025-08-01T00:42:02.258 0100|01|00|06|f801fe|1f8800033e41[payload->].>A||16,702
2025-08-01T00:52:10.996 0100|00|00|05|fa0001|1f88006767[payload->]gg||26,471
2025-08-01T00:52:11.097 0100|01|00|06|f801fe|1f8800033e41[payload->].>A||16,702
2025-08-01T01:02:20.803 0100|00|00|05|fa0001|1f88006767[payload->]gg||26,471
2025-08-01T01:02:20.904 0100|01|00|06|f801fe|1f8800033e41[payload->].>A||16,702
2025-08-01T01:12:29.191 0100|00|00|05|fa0001|1f88006767[payload->]gg||26,471
2025-08-01T01:12:29.292 0100|01|00|06|f801fe|1f8800033e41[payload->].>A||16,702
2025-08-01T01:22:38.036 0100|00|00|05|fa0001|1f88006767[payload->]gg||26,471
2025-08-01T01:22:38.137 0100|01|00|06|f801fe|1f8800033e41[payload->].>A||16,702
2025-08-01T01:32:47.395 0100|00|00|05|fa0001|1f88006767[payload->]gg||26,471
2025-08-01T01:32:47.496 0100|01|00|06|f801fe|1f8800033e41[payload->].>A||16,702
2025-08-01T01:42:55.562 0100|00|00|05|fa0001|1f88004767[payload->]Gg||26,439
2025-08-01T01:42:55.562 0100|01|00|06|f801fe|1f8800033e41[payload->].>A||16,702
2025-08-01T01:53:04.034 0100|00|00|05|fa0001|1f88006767[payload->]gg||26,471
2025-08-01T01:53:04.035 0100|01|00|06|f801fe|1f8800033e41[payload->].>A||16,702
2025-08-01T02:03:12.994 0100|00|00|05|fa0001|1f88006767[payload->]gg||26,471
2025-08-01T02:03:13.095 0100|01|00|06|f801fe|1f8800033e41[payload->].>A||16,702
2025-08-01T02:13:22.096 0100|00|00|05|fa0001|1f88006767[payload->]gg||26,471
2025-08-01T02:13:22.096 0100|01|00|06|f801fe|1f8800033e41[payload->].>A||16,702
2025-08-01T02:23:31.174 0100|00|00|05|fa0001|1f88006767[payload->]gg||26,471
2025-08-01T02:23:31.174 0100|01|00|06|f801fe|1f8800033e41[payload->].>A||16,702
2025-08-01T02:33:39.084 0100|00|00|05|fa0001|1f88006767[payload->]gg||26,471
2025-08-01T02:33:39.185 0100|01|00|06|f801fe|1f8800033e41[payload->].>A||16,702
2025-08-01T02:43:48.613 0100|00|00|05|fa0001|1f88006767[payload->]gg||26,471
2025-08-01T02:43:48.613 0100|01|00|06|f801fe|1f8800033e41[payload->].>A||16,702
2025-08-01T02:53:57.263 0100|00|00|05|fa0001|1f88006767[payload->]gg||26,471
2025-08-01T02:53:57.364 0100|01|00|06|f801fe|1f8800033e41[payload->].>A||16,702
2025-08-01T03:04:05.504 0100|00|00|05|fa0001|1f88006767[payload->]gg||26,471
2025-08-01T03:04:05.504 0100|01|00|06|f801fe|1f8800033e41[payload->].>A||16,702
2025-08-01T03:14:14.062 0100|00|00|05|fa0001|1f88006767[payload->]gg||26,471
2025-08-01T03:14:14.163 0100|01|00|06|f801fe|1f8800033e41[payload->].>A||16,702
2025-08-01T03:24:22.745 0100|00|00|05|fa0001|1f88006767[payload->]gg||26,471
2025-08-01T03:24:22.846 0100|01|00|06|f801fe|1f8800033e41[payload->].>A||16,702
2025-08-01T03:34:31.143 0100|00|00|05|fa0001|1f88006767[payload->]gg||26,471
2025-08-01T03:34:31.245 0100|01|00|06|f801fe|1f8800033e41[payload->].>A||16,702
2025-08-01T03:44:38.965 0100|00|00|05|fa0001|1f88006767[payload->]gg||26,471
2025-08-01T03:44:38.965 0100|01|00|06|f801fe|1f8800033e41[payload->].>A||16,702
2025-08-01T03:54:47.846 0100|00|00|05|fa0001|1f88006767[payload->]gg||26,471
2025-08-01T03:54:47.947 0100|01|00|06|f801fe|1f8800033e41[payload->].>A||16,702
2025-08-01T04:04:57.266 0100|00|00|05|fa0001|1f88006767[payload->]gg||26,471
2025-08-01T04:04:57.367 0100|01|00|06|f801fe|1f8800033e41[payload->].>A||16,702
2025-08-01T04:15:06.950 0100|00|00|05|fa0001|1f88006767[payload->]gg||26,471
2025-08-01T04:15:06.951 0100|01|00|06|f801fe|1f8800033e41[payload->].>A||16,702
2025-08-01T04:25:15.593 0100|00|00|05|fa0001|1f88006767[payload->]gg||26,471
2025-08-01T04:25:15.694 0100|01|00|06|f801fe|1f8800033e41[payload->].>A||16,702
2025-08-01T04:35:23.930 0100|00|00|05|fa0001|1f88006767[payload->]gg||26,471
2025-08-01T04:35:24.032 0100|01|00|06|f801fe|1f8800033e41[payload->].>A||16,702
2025-08-01T04:45:33.888 0100|00|00|05|fa0001|1f88006767[payload->]gg||26,471
2025-08-01T04:45:33.889 0100|01|00|06|f801fe|1f8800033e41[payload->].>A||16,702
2025-08-01T04:55:42.864 0100|00|00|05|f20001|1f88006767[payload->]gg||26,471
2025-08-01T04:55:42.965 0100|01|00|06|f801fe|1f8800033e41[payload->].>A||16,702
2025-08-01T05:05:52.615 0100|00|00|05|fa0001|1f88006767[payload->]gg||26,471
2025-08-01T05:05:52.616 0100|01|00|06|f801fe|1f8800033e41[payload->].>A||16,702
2025-08-01T05:16:01.126 0100|00|00|05|fa0001|1f88006767[payload->]gg||26,471
2025-08-01T05:16:01.127 0100|01|00|06|f801fe|1f8800033e41[payload->].>A||16,702
2025-08-01T05:26:09.035 0100|00|00|05|fa0001|1f88006767[payload->]gg||26,471
2025-08-01T05:26:09.036 0100|01|00|06|f801fe|1f8800033e41[payload->].>A||16,702
2025-08-01T05:36:17.916 0100|00|00|05|fa0001|1f88006767[payload->]gg||26,471
2025-08-01T05:36:18.018 0100|01|00|06|f801fe|1f8800033e41[payload->].>A||16,702
2025-08-01T05:46:27.249 0100|00|00|05|fa0001|1f88006767[payload->]gg||26,471
2025-08-01T05:46:27.249 0100|01|00|06|f801fe|1f8800033e41[payload->].>A||16,702
2025-08-01T05:56:36.818 0100|00|00|05|fa0001|1f88006767[payload->]gg||26,471
2025-08-01T05:56:36.818 0100|01|00|06|f801fe|1f8800033e41[payload->].>A||16,702
2025-08-01T06:06:45.722 0100|00|00|05|fa0001|1f88006767[payload->]gg||26,471
2025-08-01T06:06:45.723 0100|01|00|06|f801fe|1f8800033e41[payload->].>A||16,702
2025-08-01T06:16:53.968 0100|00|00|05|fa0001|1f88006767[payload->]gg||26,471
2025-08-01T06:16:53.968 0100|01|00|06|f801fe|1f8800033e41[payload->].>A||16,702
2025-08-01T06:27:03.007 0100|00|00|05|fa0001|1f88006767[payload->]gg||26,471
2025-08-01T06:27:03.007 0100|01|00|06|f801fe|1f8800033e41[payload->].>A||16,702
2025-08-01T06:37:10.995 0100|00|00|05|fa0001|1f88006767[payload->]gg||26,471
2025-08-01T06:37:11.096 0100|01|00|06|f801fe|1f8800033e41[payload->].>A||16,702
2025-08-01T06:47:19.174 0100|00|00|05|fa0001|1f88006767[payload->]gg||26,471
2025-08-01T06:47:19.174 0100|01|00|06|f801fe|1f8800033e41[payload->].>A||16,702
2025-08-01T06:57:27.906 0100|00|00|05|fa0001|1f88006767[payload->]gg||26,471
2025-08-01T06:57:27.906 0100|01|00|06|f801fe|1f8800033e41[payload->].>A||16,702
2025-08-01T07:07:37.342 0100|00|00|05|fa0001|1f88006767[payload->]gg||26,471
2025-08-01T07:07:37.443 0100|01|00|06|f801fe|1f8800033e41[payload->].>A||16,702
2025-08-01T07:17:45.559 0100|00|00|05|fa0001|1f88006767[payload->]gg||26,471
2025-08-01T07:17:45.559 0100|01|00|06|f801fe|1f8800033e41[payload->].>A||16,702
2025-08-01T07:27:54.134 0100|00|00|05|fa0001|1f88006767[payload->]gg||26,471
2025-08-01T07:27:54.135 0100|01|00|06|f801fe|1f8800033e41[payload->].>A||16,702
2025-08-01T07:38:03.143 0100|00|00|05|fa0001|1f88006767[payload->]gg||26,471
2025-08-01T07:38:03.244 0100|01|00|06|f801fe|1f8800033e41[payload->].>A||16,702
2025-08-01T07:48:11.598 0100|00|00|05|fa0001|1f88006767[payload->]gg||26,471
2025-08-01T07:48:11.699 0100|01|00|06|f801fe|1f8800033e41[payload->].>A||16,702
2025-08-01T07:58:21.138 0100|00|00|05|fa0001|1f88006767[payload->]gg||26,471
2025-08-01T07:58:21.239 0100|01|00|06|f801fe|1f8800033e41[payload->].>A||16,702
2025-08-01T08:08:29.190 0100|00|00|05|fa0001|1f88006767[payload->]gg||26,471
2025-08-01T08:08:29.191 0100|01|00|06|f801fe|1f8800033e41[payload->].>A||16,702
2025-08-01T08:18:37.954 0100|00|00|05|fa0001|1f88006767[payload->]gg||26,471
2025-08-01T08:18:38.055 0100|01|00|06|f801fe|1f8800033e41[payload->].>A||16,702
2025-08-01T08:28:47.245 0100|00|00|05|fa0001|1f88006767[payload->]gg||26,471
2025-08-01T08:28:47.245 0100|01|00|06|f801fe|1f8800033e41[payload->].>A||16,702
2025-08-01T08:38:55.901 0100|00|00|05|fa0001|1f88006767[payload->]gg||26,471
2025-08-01T08:38:55.901 0100|01|00|06|f801fe|1f8800033e41[payload->].>A||16,702
2025-08-01T08:49:04.467 0100|00|00|05|fa0001|1f88006767[payload->]gg||26,471
2025-08-01T08:49:04.467 0100|01|00|06|f801fe|1f8800033e41[payload->].>A||16,702
2025-08-01T08:59:13.067 0100|00|00|05|fa0001|1f88006767[payload->]gg||26,471
2025-08-01T08:59:13.168 0100|01|00|06|f801fe|1f8800033e41[payload->].>A||16,702
2025-08-01T09:09:22.191 0100|00|00|05|fa0001|1f88006767[payload->]gg||26,471
2025-08-01T09:09:22.191 0100|01|00|06|f801fe|1f8800033e41[payload->].>A||16,702
2025-08-01T09:19:30.947 0100|00|00|05|fa0001|1f88006767[payload->]gg||26,471
2025-08-01T09:19:30.947 0100|01|00|06|f801fe|1f8800033e41[payload->].>A||16,702
2025-08-01T09:29:40.708 0100|00|00|05|fa0001|1f88006767[payload->]gg||26,471
2025-08-01T09:29:40.810 0100|01|00|06|f801fe|1f8800033e41[payload->].>A||16,702
2025-08-01T09:39:49.525 0100|00|00|05|fa0001|1f88006767[payload->]gg||26,471
2025-08-01T09:39:49.627 0100|01|00|06|f801fe|1f8800033e41[payload->].>A||16,702
2025-08-01T09:49:57.917 0100|00|00|05|fa0001|1f88006767[payload->]gg||26,471
2025-08-01T09:49:57.917 0100|01|00|06|f801fe|1f8800033e41[payload->].>A||16,702
2025-08-01T10:00:07.156 0100|00|00|05|fa0001|1f88006767[payload->]gg||26,471
2025-08-01T10:00:07.358 0100|01|00|06|f801fe|1f8800033e41[payload->].>A||16,702
2025-08-01T10:10:15.980 0100|00|00|05|fa0001|1f88006767[payload->]gg||26,471
2025-08-01T10:10:15.980 0100|01|00|06|f801fe|1f8800033e41[payload->].>A||16,702
2025-08-01T10:20:24.151 0100|00|00|05|fa0001|1f88006767[payload->]gg||26,471
2025-08-01T10:20:24.252 0100|01|00|06|f801fe|1f8800033e41[payload->].>A||16,702
2025-08-01T10:30:33.128 0100|00|00|05|fa0001|1f88006767[payload->]gg||26,471
2025-08-01T10:30:33.128 0100|01|00|06|f801fe|1f8800033e41[payload->].>A||16,702
2025-08-01T10:40:41.960 0100|00|00|05|fa0001|1f88006767[payload->]gg||26,471
2025-08-01T10:40:42.061 0100|01|00|06|f801fe|1f8800033e41[payload->].>A||16,702
2025-08-01T10:50:50.777 0100|00|00|05|fa0001|1f88006767[payload->]gg||26,471
2025-08-01T10:50:50.878 0100|01|00|06|f801fe|1f8800033e41[payload->].>A||16,702
2025-08-01T11:01:00.622 0100|00|00|05|fa0001|1f88006767[payload->]gg||26,471
2025-08-01T11:01:00.723 0100|01|00|06|f801fe|1f8800033e41[payload->].>A||16,702
2025-08-01T11:11:09.042 0100|00|00|05|fa0001|1f88006767[payload->]gg||26,471
2025-08-01T11:11:09.144 0100|01|00|06|f801fe|1f8800033e41[payload->].>A||16,702
2025-08-01T11:21:17.882 0100|00|00|05|fa0001|1f88006767[payload->]gg||26,471
2025-08-01T11:21:17.983 0100|01|00|06|f801fe|1f8800033e41[payload->].>A||16,702
2025-08-01T11:41:37.973 0100|00|00|05|fa0001|1f88006767[payload->]gg||26,471
2025-08-01T11:41:38.075 0100|01|00|06|f801fe|1f8800033e41[payload->].>A||16,702
2025-08-01T11:51:47.149 0100|00|00|05|fa0001|1f88006767[payload->]gg||26,471
2025-08-01T11:51:47.150 0100|01|00|06|f801fe|1f8800033e41[payload->].>A||16,702
2025-08-01T12:01:56.237 0100|00|00|05|fa0001|1f88006767[payload->]gg||26,471
2025-08-01T12:01:56.339 0100|01|00|06|f801fe|1f8800033e41[payload->].>A||16,702
2025-08-01T12:12:04.258 0100|00|00|05|fa0001|1f88006767[payload->]gg||26,471
2025-08-01T12:12:04.258 0100|01|00|06|f801fe|1f8800033e41[payload->].>A||16,702
2025-08-01T12:22:13.068 0100|00|00|05|fa0001|1f88006767[payload->]gg||26,471
2025-08-01T12:22:13.170 0100|01|00|06|f801fe|1f8800033e41[payload->].>A||16,702
2025-08-01T12:32:21.855 0100|00|00|05|fa0001|1f88006767[payload->]gg||26,471
2025-08-01T12:32:21.956 0100|01|00|06|f801fe|1f8800033e41[payload->].>A||16,702
2025-08-01T12:42:30.959 0100|00|00|05|fa0001|1f88006767[payload->]gg||26,471
2025-08-01T12:42:30.960 0100|01|00|06|f801fe|1f8800033e41[payload->].>A||16,702
2025-08-01T12:52:38.859 0100|00|00|05|fa0001|1f88006767[payload->]gg||26,471
2025-08-01T12:52:38.960 0100|01|00|06|f801fe|1f8800033e41[payload->].>A||16,702
2025-08-01T13:02:47.999 0100|00|00|05|fa0001|1f88006767[payload->]gg||26,471
2025-08-01T13:02:48.000 0100|01|00|06|f801fe|1f8800033e41[payload->].>A||16,702
2025-08-01T13:12:58.126 0100|00|00|05|fa0001|1f88006767[payload->]gg||26,471
2025-08-01T13:12:58.228 0100|01|00|06|f801fe|1f8800033e41[payload->].>A||16,702
2025-08-01T13:23:05.746 0100|00|00|05|fa0001|1f88006767[payload->]gg||26,471
2025-08-01T13:23:05.847 0100|01|00|06|f801fe|1f8800023e41[payload->].>A||16,702
2025-08-01T13:33:14.131 0100|00|00|05|fa0001|1f88006767[payload->]gg||26,471
2025-08-01T13:33:14.232 0100|01|00|06|f801fe|1f8800033e41[payload->].>A||16,702
2025-08-01T13:43:23.072 0100|00|00|05|fa0001|1f88006767[payload->]gg||26,471
2025-08-01T13:43:23.174 0100|01|00|06|f801fe|1f8800033e41[payload->].>A||16,702
2025-08-01T13:53:31.885 0100|00|00|05|fa0001|1f88006767[payload->]gg||26,471
2025-08-01T13:53:31.986 0100|01|00|06|f801fe|1f8800033e41[payload->].>A||16,702
2025-08-01T14:03:41.050 0100|00|00|05|fa0001|1f88006767[payload->]gg||26,471
2025-08-01T14:03:41.050 0100|01|00|06|f801fe|1f8800033e41[payload->].>A||16,702
2025-08-01T14:13:49.478 0100|00|00|05|fa0001|1f88006767[payload->]gg||26,471
2025-08-01T14:13:49.579 0100|01|00|06|f801fe|1f8800033e41[payload->].>A||16,702
2025-08-01T14:23:58.435 0100|00|00|05|fa0001|1f88006767[payload->]gg||26,471
2025-08-01T14:23:58.436 0100|01|00|06|f801fe|1f8800033e41[payload->].>A||16,702
2025-08-01T14:34:06.850 0100|00|00|05|fa0001|1f88006767[payload->]gg||26,471
2025-08-01T14:34:06.850 0100|01|00|06|f801fe|1f8800033e41[payload->].>A||16,702
2025-08-01T14:44:15.583 0100|00|00|05|fa0001|1f88006767[payload->]gg||26,471
2025-08-01T14:44:15.684 0100|01|00|06|f801fe|1f8800033e41[payload->].>A||16,702
2025-08-01T14:54:23.936 0100|00|00|05|fa0001|1f88006767[payload->]gg||26,471
2025-08-01T14:54:24.037 0100|01|00|06|f801fe|1f8800033e41[payload->].>A||16,702
2025-08-01T15:04:32.741 0100|00|00|05|fa0001|1f88006767[payload->]gg||26,471
2025-08-01T15:04:32.842 0100|01|00|06|f801fe|1f8800033e41[payload->].>A||16,702
2025-08-01T15:14:41.985 0100|00|00|05|fa0001|1f88006767[payload->]gg||26,471
2025-08-01T15:14:41.985 0100|01|00|06|f801fe|1f8800033e41[payload->].>A||16,702
2025-08-01T15:24:51.351 0100|00|00|05|fa0001|1f88006767[payload->]gg||26,471
2025-08-01T15:24:51.452 0100|01|00|06|f801fe|1f8800033e41[payload->].>A||16,702
2025-08-01T15:45:08.042 0100|00|00|05|fa0001|1f88006767[payload->]gg||26,471
2025-08-01T15:45:08.042 0100|01|00|06|f801fe|1f8800033e41[payload->].>A||16,702
2025-08-01T16:05:25.789 0100|00|00|05|fa0001|1f88006767[payload->]gg||26,471
2025-08-01T16:05:25.890 0100|01|00|06|f801fe|1f8800033e41[payload->].>A||16,702
2025-08-01T16:15:33.819 0100|00|00|05|fa0001|1f88006767[payload->]gg||26,471
2025-08-01T16:15:33.819 0100|01|00|06|f801fe|1f8800033e41[payload->].>A||16,702
2025-08-01T16:35:51.876 0100|00|00|05|fa0001|1f88006767[payload->]gg||26,471
2025-08-01T16:35:51.876 0100|01|00|06|f801fe|1f8800033e41[payload->].>A||16,702
2025-08-01T16:46:01.885 0100|00|00|05|fa0001|1f88006767[payload->]gg||26,471
2025-08-01T16:46:01.885 0100|01|00|06|f801fe|1f8800033e41[payload->].>A||16,702
2025-08-01T16:56:09.430 0100|00|00|05|fa0001|1f88006767[payload->]gg||26,471
2025-08-01T16:56:09.531 0100|01|00|06|f801fe|1f8800033e41[payload->].>A||16,702
2025-08-01T17:06:18.033 0100|00|00|05|fa0001|1f88006767[payload->]gg||26,471
2025-08-01T17:06:18.134 0100|01|00|06|f801fe|1f8800033e41[payload->].>A||16,702
2025-08-01T17:16:26.933 0100|00|00|05|fa0001|1f88006767[payload->]gg||26,471
2025-08-01T17:16:26.934 0100|01|00|06|f801fe|1f8800033e41[payload->].>A||16,702
2025-08-01T17:26:35.674 0100|00|00|05|fa0001|1f88006767[payload->]gg||26,471
2025-08-01T17:26:35.674 0100|01|00|06|f801fe|1f8800033e41[payload->].>A||16,702
2025-08-01T17:36:44.031 0100|00|00|05|fa0001|1f88006767[payload->]gg||26,471
2025-08-01T17:36:44.132 0100|01|00|06|f801fe|1f8800033e41[payload->].>A||16,702
2025-08-01T17:46:52.972 0100|00|00|05|fa0001|1f88006767[payload->]gg||26,471
2025-08-01T17:46:52.972 0100|01|00|06|f801fe|1f8800033e41[payload->].>A||16,702
2025-08-01T17:57:02.120 0100|00|00|05|fa0001|1f88006767[payload->]gg||26,471
2025-08-01T17:57:02.121 0100|01|00|06|f801fe|1f8800033e41[payload->].>A||16,702
2025-08-01T18:07:11.714 0100|00|00|05|fa0001|1f88006767[payload->]gg||26,471
2025-08-01T18:07:11.815 0100|01|00|06|f801fe|1f8800033e41[payload->].>A||16,702
2025-08-01T18:17:19.432 0100|00|00|05|fa0001|1f88006767[payload->]gg||26,471
2025-08-01T18:17:19.534 0100|01|00|06|f801fe|1f8800033e41[payload->].>A||16,702
2025-08-01T18:27:28.579 0100|00|00|05|fa0001|1f88006767[payload->]gg||26,471
2025-08-01T18:27:28.680 0100|01|00|06|f801fe|1f8800033e41[payload->].>A||16,702
2025-08-01T18:37:36.807 0100|00|00|05|fa0001|1f88006767[payload->]gg||26,471
2025-08-01T18:37:36.807 0100|01|00|06|f801fe|1f8800033e41[payload->].>A||16,702
2025-08-01T18:47:43.824 0100|00|00|05|fa0001|1f88006767[payload->]gg||26,471
2025-08-01T18:47:43.924 0100|01|00|06|f801fe|1f8800033e41[payload->].>A||16,702
2025-08-01T18:57:52.962 0100|00|00|05|fa0001|1f88006767[payload->]gg||26,471
2025-08-01T18:57:52.963 0100|01|00|06|f801fe|1f8800033e41[payload->].>A||16,702
2025-08-01T19:08:02.612 0100|00|00|05|fa0001|1f88006767[payload->]gg||26,471
2025-08-01T19:08:02.713 0100|01|00|06|f801fe|1f8800033e41[payload->].>A||16,702
2025-08-01T19:18:10.935 0100|00|00|05|fa0001|1f88006767[payload->]gg||26,471
2025-08-01T19:18:10.936 0100|01|00|06|f801fe|1f8800033e41[payload->].>A||16,702
2025-08-01T19:28:18.953 0100|00|00|05|fa0001|1f88006767[payload->]gg||26,471
2025-08-01T19:28:19.054 0100|01|00|06|f801fe|1f8800033e41[payload->].>A||16,702
2025-08-01T19:38:27.801 0100|00|00|05|fa0001|1f88006767[payload->]gg||26,471
2025-08-01T19:38:27.902 0100|01|00|06|f801fe|1f8800033e41[payload->].>A||16,702
2025-08-01T19:48:36.620 0100|00|00|05|fa0001|1f88006767[payload->]gg||26,471
2025-08-01T19:48:36.721 0100|01|00|06|f801fe|1f8800033e41[payload->].>A||16,702
2025-08-01T19:58:43.816 0100|00|00|05|fa0001|1f88006767[payload->]gg||26,471
2025-08-01T19:58:43.917 0100|01|00|06|f801fe|1f8800033e41[payload->].>A||16,702
2025-08-01T20:08:53.082 0100|00|00|05|fa0001|1f88006767[payload->]gg||26,471
2025-08-01T20:08:53.183 0100|01|00|06|f801fe|1f8800033e41[payload->].>A||16,702
2025-08-01T20:19:01.093 0100|00|00|05|fa0001|1f88006767[payload->]gg||26,471
2025-08-01T20:19:01.194 0100|01|00|06|f801fe|1f8800033e41[payload->].>A||16,702
2025-08-01T20:29:10.472 0100|00|00|05|fa0001|1f88006767[payload->]gg||26,471
2025-08-01T20:29:10.573 0100|01|00|06|f801fe|1f8800033e41[payload->].>A||16,702
2025-08-01T20:39:18.898 0100|00|00|05|fa0001|1f88006767[payload->]gg||26,471
2025-08-01T20:39:18.999 0100|01|00|06|f801fe|1f8800033e41[payload->].>A||16,702
2025-08-01T20:49:28.057 0100|00|00|05|fa0001|1f88006767[payload->]gg||26,471
2025-08-01T20:49:28.158 0100|01|00|06|f801fe|1f8800033e41[payload->].>A||16,702
2025-08-01T20:59:37.259 0100|00|00|05|fa0001|1f88006767[payload->]gg||26,471
2025-08-01T20:59:37.360 0100|01|00|06|f801fe|1f8800033e41[payload->].>A||16,702
2025-08-01T21:09:45.605 0100|00|00|05|fa0001|1f88006767[payload->]gg||26,471
2025-08-01T21:09:45.605 0100|01|00|06|f801fe|1f8800033e41[payload->].>A||16,702
2025-08-01T21:19:54.298 0100|00|00|05|fa0001|1f88006767[payload->]gg||26,471
2025-08-01T21:19:54.500 0100|01|00|06|f801fe|1f8800033e41[payload->].>A||16,702
2025-08-01T21:30:03.174 0100|00|00|05|fa0001|1f88006767[payload->]gg||26,471
2025-08-01T21:30:03.175 0100|01|00|06|f801fe|1f8800033e41[payload->].>A||16,702
2025-08-01T21:40:12.258 0100|00|00|05|fa0001|1f88006767[payload->]gg||26,471
2025-08-01T21:40:12.258 0100|01|00|06|f801fe|1f8800033e41[payload->].>A||16,702
2025-08-01T21:50:21.469 0100|00|00|05|fa0001|1f88006767[payload->]gg||26,471
2025-08-01T21:50:21.570 0100|01|00|06|f801fe|1f8800033e41[payload->].>A||16,702
2025-08-01T22:00:30.505 0100|00|00|05|fa0001|1f88006767[payload->]gg||26,471
2025-08-01T22:00:30.606 0100|01|00|06|f801fe|1f8800033e41[payload->].>A||16,702
2025-08-01T22:10:39.198 0100|00|00|05|fa0001|1f88006767[payload->]gg||26,471
2025-08-01T22:10:39.198 0100|01|00|06|f801fe|1f8800033e41[payload->].>A||16,702
2025-08-01T22:20:48.035 0100|00|00|05|fa0001|1f88006767[payload->]gg||26,471
2025-08-01T22:20:48.136 0100|01|00|06|f801fe|1f8800033e41[payload->].>A||16,702
2025-08-01T22:30:57.274 0100|00|00|05|fa0001|1f88006767[payload->]gg||26,471
2025-08-01T22:30:57.375 0100|01|00|06|f801fe|1f8800033e41[payload->].>A||16,702
2025-08-01T22:41:07.000 0100|00|00|05|fa0001|1f88006767[payload->]gg||26,471
2025-08-01T22:41:07.000 0100|01|00|06|f801fe|1f8800033e41[payload->].>A||16,702
2025-08-01T22:51:15.652 0100|00|00|05|fa0001|1f88006767[payload->]gg||26,471
2025-08-01T22:51:15.653 0100|01|00|06|f801fe|1f8800033e41[payload->].>A||16,702
2025-08-01T23:01:23.910 0100|00|00|05|fa0001|1f88006767[payload->]gg||26,471
2025-08-01T23:01:24.011 0100|01|00|06|f801fe|1f8800033e41[payload->].>A||16,702
2025-08-01T23:11:32.684 0100|00|00|05|fa0001|1f88006767[payload->]gg||26,471
2025-08-01T23:11:32.684 0100|01|00|06|f801fe|1f8800033e41[payload->].>A||16,702
2025-08-01T23:21:41.278 0100|00|00|05|fa0001|1f88006767[payload->]gg||26,471
2025-08-01T23:21:41.379 0100|01|00|06|f801fe|1f8800033e41[payload->].>A||16,702
2025-08-01T23:31:50.720 0100|00|00|05|fa0001|1f88006767[payload->]gg||26,471
2025-08-01T23:31:50.822 0100|01|00|06|f801fe|1f8800033e41[payload->].>A||16,702
2025-08-01T23:41:57.970 0100|00|00|05|fa0001|1f88006767[payload->]gg||26,471
2025-08-01T23:41:58.071 0100|01|00|06|f801fe|1f8800033e41[payload->].>A||16,702
2025-08-01T23:52:07.343 0100|00|00|05|fa0001|1f88006767[payload->]gg||26,471
2025-08-01T23:52:07.444 0100|01|00|06|f801fe|1f8800033e41[payload->].>A||16,702
2025-08-02T00:02:15.619 0100|00|00|05|fa0001|1f88006767[payload->]gg||26,471
2025-08-02T00:02:15.720 0100|01|00|06|f801fe|1f8800033e41[payload->].>A||16,702
2025-08-02T00:12:23.947 0100|00|00|05|fa0001|1f88006767[payload->]gg||26,471
2025-08-02T00:12:24.048 0100|01|00|06|f801fe|1f8800033e41[payload->].>A||16,702
2025-08-02T00:22:33.342 0100|00|00|05|fa0001|1f88006767[payload->]gg||26,471
2025-08-02T00:22:33.443 0100|01|00|06|f801fe|1f8800033e41[payload->].>A||16,702
2025-08-02T00:32:41.943 0100|00|00|05|fa0001|1f88006767[payload->]gg||26,471
2025-08-02T00:32:42.044 0100|01|00|06|f801fe|1f8800033e41[payload->].>A||16,702
2025-08-02T00:42:50.650 0100|00|00|05|fa0001|1f88006767[payload->]gg||26,471
2025-08-02T00:42:50.650 0100|01|00|06|f801fe|1f8800033e41[payload->].>A||16,702
2025-08-02T00:52:57.869 0100|00|00|05|fa0001|1f88006767[payload->]gg||26,471
2025-08-02T00:52:57.970 0100|01|00|06|f801fe|1f8800033e41[payload->].>A||16,702
2025-08-02T01:03:07.335 0100|00|00|05|fa0001|1f88006767[payload->]gg||26,471
2025-08-02T01:03:07.335 0100|01|00|06|f801fe|1f8800033e41[payload->].>A||16,702
2025-08-02T01:13:16.127 0100|00|00|05|fa0001|1f88006767[payload->]gg||26,471
2025-08-02T01:13:16.228 0100|01|00|06|f801fe|1f8800033e41[payload->].>A||16,702
2025-08-02T01:23:25.529 0100|00|00|05|fa0001|1f88006767[payload->]gg||26,471
2025-08-02T01:23:25.529 0100|01|00|06|f801fe|1f8800033e41[payload->].>A||16,702
2025-08-02T01:33:34.095 0100|00|00|05|fa0001|1f88006767[payload->]gg||26,471
2025-08-02T01:33:34.196 0100|01|00|06|f801fe|1f8800033e41[payload->].>A||16,702
2025-08-02T01:43:43.179 0100|00|00|05|fa0001|1f88006767[payload->]gg||26,471
2025-08-02T01:43:43.280 0100|01|00|06|f801fe|1f8800033e41[payload->].>A||16,702
2025-08-02T01:53:52.096 0100|00|00|05|fa0001|1f88006767[payload->]gg||26,471
2025-08-02T01:53:52.197 0100|01|00|06|f801fe|1f8800033e41[payload->].>A||16,702
2025-08-02T02:04:01.325 0100|00|00|05|fa0001|1f88006767[payload->]gg||26,471
2025-08-02T02:04:01.325 0100|01|00|06|f801fe|1f8800033e41[payload->].>A||16,702
2025-08-02T02:14:10.799 0100|00|00|05|fa0001|1f88006767[payload->]gg||26,471
2025-08-02T02:14:10.901 0100|01|00|06|f801fe|1f8800033e41[payload->].>A||16,702
2025-08-02T02:24:19.029 0100|00|00|05|fa0001|1f88006767[payload->]gg||26,471
2025-08-02T02:24:19.131 0100|01|00|06|f801fe|1f8800033e41[payload->].>A||16,702
2025-08-02T02:34:28.011 0100|00|00|05|fa0001|1f88006767[payload->]gg||26,471
2025-08-02T02:34:28.012 0100|01|00|06|f801fe|1f8800033e41[payload->].>A||16,702
2025-08-02T02:44:37.452 0100|00|00|05|fa0001|1f88006767[payload->]gg||26,471
2025-08-02T02:44:37.452 0100|01|00|06|f801fe|1f8800033e41[payload->].>A||16,702
2025-08-02T03:04:53.868 0100|00|00|05|fa0001|1f88006766[payload->]gf||26,215
2025-08-02T03:04:53.969 0100|01|00|06|f801fe|1f8800033e41[payload->].>A||16,702
2025-08-02T03:15:03.543 0100|00|00|05|fa0001|1f88006767[payload->]gg||26,471
2025-08-02T03:15:03.644 0100|01|00|06|f801fe|1f8800033e41[payload->].>A||16,702
2025-08-02T03:25:12.083 0100|00|00|05|fa0001|1f88006767[payload->]gg||26,471
2025-08-02T03:25:12.184 0100|01|00|06|f801fe|1f8800033e41[payload->].>A||16,702
2025-08-02T03:35:20.529 0100|00|00|05|fa0001|1f88006767[payload->]gg||26,471
2025-08-02T03:35:20.529 0100|01|00|06|f801fe|1f8800033e41[payload->].>A||16,702
2025-08-02T03:45:29.160 0100|01|00|06|f801fe|1f8800033e41[payload->].>A||16,702
2025-08-02T03:55:37.296 0100|00|00|05|fa0001|1f88006767[payload->]gg||26,471
2025-08-02T03:55:37.397 0100|01|00|06|f801fe|1f8800033e41[payload->].>A||16,702
2025-08-02T04:05:45.370 0100|00|00|05|fa0001|1f88006767[payload->]gg||26,471
2025-08-02T04:05:45.471 0100|01|00|06|f801fe|1f8800033e41[payload->].>A||16,702
2025-08-02T04:15:53.859 0100|00|00|05|fa0001|1f88006767[payload->]gg||26,471
2025-08-02T04:15:53.960 0100|01|00|06|f801fe|1f8800033e41[payload->].>A||16,702
2025-08-02T04:26:03.428 0100|00|00|05|fa0001|1f88006767[payload->]gg||26,471
2025-08-02T04:26:03.428 0100|01|00|06|f801fe|1f8800033e41[payload->].>A||16,702
2025-08-02T04:36:12.070 0100|00|00|05|fa0001|1f88006767[payload->]gg||26,471
2025-08-02T04:36:12.171 0100|01|00|06|f801fe|1f8800033e41[payload->].>A||16,702
2025-08-02T04:46:20.489 0100|00|00|05|fa0001|1f88006767[payload->]gg||26,471
2025-08-02T04:46:20.590 0100|01|00|06|f801fe|1f8800033e41[payload->].>A||16,702
2025-08-02T04:56:28.995 0100|00|00|05|fa0001|1f88006767[payload->]gg||26,471
2025-08-02T04:56:29.096 0100|01|00|06|f801fe|1f8800033e41[payload->].>A||16,702
2025-08-02T05:06:38.080 0100|00|00|05|fa0001|1f88006767[payload->]gg||26,471
2025-08-02T05:06:38.080 0100|01|00|06|f801fe|1f8800033e41[payload->].>A||16,702
2025-08-02T05:16:47.302 0100|00|00|05|fa0001|1f88006767[payload->]gg||26,471
2025-08-02T05:16:47.403 0100|01|00|06|f801fe|1f8800033e41[payload->].>A||16,702
2025-08-02T05:26:55.591 0100|00|00|05|fa0001|1f88006767[payload->]gg||26,471
2025-08-02T05:26:55.692 0100|01|00|06|f801fe|1f8800033e41[payload->].>A||16,702
2025-08-02T05:37:04.051 0100|00|00|05|fa0001|1f88006767[payload->]gg||26,471
2025-08-02T05:37:04.152 0100|03|00|06|f801fe|1f8800033e41[payload->].>A||16,702
2025-08-02T05:47:13.150 0100|00|00|05|fa0001|1f88006767[payload->]gg||26,471
2025-08-02T05:47:13.150 0100|01|00|06|f801fe|1f8800033e41[payload->].>A||16,702
2025-08-02T05:57:22.112 0100|00|00|05|fa0001|1f88006767[payload->]gg||26,471
2025-08-02T05:57:22.113 0100|01|00|06|f801fe|1f8800033e41[payload->].>A||16,702
2025-08-02T06:07:30.631 0100|00|00|05|fa0001|1f88006767[payload->]gg||26,471
2025-08-02T06:07:30.631 0100|01|00|06|f801fe|1f8800033e41[payload->].>A||16,702
2025-08-02T06:17:38.920 0100|00|00|05|fa0001|1f88006767[payload->]gg||26,471
2025-08-02T06:27:47.878 0100|00|00|05|fa0001|1f88006767[payload->]gg||26,471
2025-08-02T06:27:47.979 0100|01|00|06|f801fe|1f8800033e41[payload->].>A||16,702
2025-08-02T06:37:57.402 0100|00|00|05|fa0001|1f88006767[payload->]gg||26,471
2025-08-02T06:37:57.503 0100|01|00|06|f801fe|1f8800033e41[payload->].>A||16,702
2025-08-02T06:48:07.050 0100|00|00|05|fa0001|1f88006767[payload->]gg||26,471
2025-08-02T06:48:07.151 0100|01|00|06|f801fe|1f8800033e41[payload->].>A||16,702
2025-08-02T06:58:15.296 0100|00|00|05|fa0001|1f88006767[payload->]gg||26,471
2025-08-02T06:58:15.296 0100|01|00|06|f801fe|1f8800033e41[payload->].>A||16,702
2025-08-02T07:08:24.059 0100|00|00|05|fa0001|1f88006767[payload->]gg||26,471
2025-08-02T07:08:24.060 0100|01|00|06|f801fe|1f8800033e41[payload->].>A||16,702
2025-08-02T07:18:33.414 0100|00|00|05|fa0001|1f88006767[payload->]gg||26,471
2025-08-02T07:18:33.515 0100|01|00|06|f801fe|1f8800033e41[payload->].>A||16,702
2025-08-02T07:28:41.999 0100|00|00|05|fa0001|1f88006767[payload->]gg||26,471
2025-08-02T07:28:42.000 0100|01|00|06|f801fe|1f8800033e41[payload->].>A||16,702
2025-08-02T07:38:50.409 0100|00|00|05|fa0001|1f88006767[payload->]gg||26,471
2025-08-02T07:38:50.410 0100|01|00|06|f801fe|1f8800033e41[payload->].>A||16,702
2025-08-02T07:48:58.897 0100|00|00|05|fa0001|1f88006767[payload->]gg||26,471
2025-08-02T07:48:58.897 0100|01|00|06|f801fe|1f8800033e41[payload->].>A||16,702
2025-08-02T07:59:08.162 0100|00|00|05|fa0001|1f88006767[payload->]gg||26,471
2025-08-02T07:59:08.263 0100|01|00|06|f809fe|1f8800033e41[payload->].>A||16,702
2025-08-02T08:09:17.397 0100|00|00|05|fa0001|1f88006767[payload->]gg||26,471
2025-08-02T08:09:17.498 0100|01|00|06|f801fe|1f8800033e41[payload->].>A||16,702
2025-08-02T08:19:27.278 0100|00|00|05|fa0001|1f88006767[payload->]gg||26,471
2025-08-02T08:19:27.379 0100|01|00|06|f801fe|1f8800033e41[payload->].>A||16,702
2025-08-02T08:29:35.653 0100|00|00|05|fa0001|1f88006767[payload->]gg||26,471
2025-08-02T08:29:35.754 0100|01|00|06|f801fe|1f8800033e41[payload->].>A||16,702
2025-08-02T08:39:43.133 0100|00|00|05|fa0001|1f88006767[payload->]gg||26,471
2025-08-02T08:39:43.234 0100|01|00|06|f801fe|1f8800033e41[payload->].>A||16,702
2025-08-02T08:49:52.034 0100|00|00|05|fa0001|1f88006767[payload->]gg||26,471
2025-08-02T08:49:52.034 0100|01|00|06|f801fe|1f8800033e41[payload->].>A||16,702
2025-08-02T09:00:00.462 0100|00|00|05|fa0001|1f88006767[payload->]gg||26,471
2025-08-02T09:00:00.564 0100|01|00|06|f801fe|1f8800033e41[payload->].>A||16,702
2025-08-02T09:10:08.816 0100|00|00|05|fa0001|1f88006767[payload->]gg||26,471
2025-08-02T09:10:08.816 0100|01|00|06|f801fe|1f8800033e41[payload->].>A||16,702
2025-08-02T09:20:18.123 0100|01|00|06|f801fe|1f8800033e41[payload->].>A||16,702
2025-08-02T09:30:27.507 0100|00|00|05|fa0001|1f88006767[payload->]gg||26,471
2025-08-02T09:30:27.508 0100|01|00|06|f803fe|1f8800033e41[payload->].>A||16,702
2025-08-02T09:40:35.488 0100|00|00|05|fa0001|1f88006767[payload->]gg||26,471
2025-08-02T09:50:44.133 0100|00|00|05|fa0001|1f88006767[payload->]gg||26,471
2025-08-02T10:00:53.126 0100|00|00|05|fa0001|1f88006767[payload->]gg||26,471
2025-08-02T10:00:53.227 0100|01|00|06|f801fe|1f8800033e41[payload->].>A||16,702
2025-08-02T10:11:01.380 0100|00|00|05|fa0001|1f88006767[payload->]gg||26,471
2025-08-02T10:11:01.380 0100|01|00|06|f801fe|1f8800033e41[payload->].>A||16,702
2025-08-02T10:21:10.554 0100|00|00|05|fa0001|1f88006767[payload->]gg||26,471
2025-08-02T10:21:10.555 0100|01|00|06|f801fe|1f8800033e41[payload->].>A||16,702
2025-08-02T10:31:18.845 0100|00|00|05|fa0001|1f88006767[payload->]gg||26,471
2025-08-02T10:31:18.946 0100|01|00|06|f801fe|1f8800033e41[payload->].>A||16,702
2025-08-02T10:41:29.131 0100|00|00|05|fa0001|1f88006767[payload->]gg||26,471
2025-08-02T10:41:29.131 0100|01|00|06|f801fe|1f8800033e41[payload->].>A||16,702
2025-08-02T10:51:37.914 0100|00|00|05|fa0001|1f88006767[payload->]gg||26,471
2025-08-02T10:51:38.015 0100|01|00|06|f801fe|1f8800033e41[payload->].>A||16,702
2025-08-02T11:01:46.247 0100|00|00|05|fa0001|1f88006767[payload->]gg||26,471
2025-08-02T11:01:46.248 0100|01|00|06|f801fe|1f8800033e41[payload->].>A||16,702
2025-08-02T11:11:55.391 0100|00|00|05|fa0001|1f88006767[payload->]gg||26,471
2025-08-02T11:11:55.391 0100|01|00|06|fc01fe|1f8800033e41[payload->].>A||16,702
2025-08-02T11:22:03.226 0100|00|00|05|fa0001|1f88006767[payload->]gg||26,471
2025-08-02T11:22:03.327 0100|01|00|06|f801fe|1f8800033e41[payload->].>A||16,702
2025-08-02T11:32:12.141 0100|00|00|05|fa0001|1f88006767[payload->]gg||26,471
2025-08-02T11:32:12.242 0100|01|00|06|f801fe|1f8800033e41[payload->].>A||16,702
2025-08-02T11:42:21.703 0100|00|00|05|fa0001|1f88006667[payload->]fg||26,470
2025-08-02T11:42:21.804 0100|01|00|06|f801fe|1f8800033e41[payload->].>A||16,702
2025-08-02T12:02:38.857 0100|00|00|05|fa0001|1f88006767[payload->]gg||26,471
2025-08-02T12:02:38.958 0100|01|00|06|f801fe|1f8800033e41[payload->].>A||16,702
2025-08-02T12:12:48.325 0100|00|00|05|fa0001|1f88006767[payload->]gg||26,471
2025-08-02T12:12:48.325 0100|01|00|06|f801fe|1f8800033e41[payload->].>A||16,702
2025-08-02T12:22:56.192 0100|00|00|05|fa0001|1f88006767[payload->]gg||26,471
2025-08-02T12:22:56.293 0100|01|00|06|f801fe|1f8800033e41[payload->].>A||16,702
2025-08-02T12:33:04.031 0100|00|00|05|fa0001|1f88006767[payload->]gg||26,471
2025-08-02T12:33:04.132 0100|01|00|06|f801fe|1f8800033e41[payload->].>A||16,702
2025-08-02T12:43:13.463 0100|01|00|06|f801fe|1f8800033e41[payload->].>A||16,702
2025-08-02T12:53:22.013 0100|00|00|05|fa0001|1f88006767[payload->]gg||26,471
2025-08-02T12:53:22.014 0100|01|00|06|f801fe|1f8800033e41[payload->].>A||16,702
2025-08-02T13:03:30.282 0100|00|00|05|fa0001|1f88006767[payload->]gg||26,471
2025-08-02T13:03:30.383 0100|01|00|06|f801fe|1f8800033e41[payload->].>A||16,702
2025-08-02T13:13:39.127 0100|00|00|05|fa0001|1f88006767[payload->]gg||26,471
2025-08-02T13:13:39.229 0100|01|00|06|f801fe|1f8800033e41[payload->].>A||16,702
2025-08-02T13:23:47.971 0100|00|00|05|fa0001|1f88006767[payload->]gg||26,471
2025-08-02T13:33:57.568 0100|00|00|05|fa0001|1f88006767[payload->]gg||26,471
2025-08-02T13:33:57.669 0100|01|00|06|f801fe|1f8800033e41[payload->].>A||16,702
2025-08-02T13:44:05.570 0100|00|00|05|fa0001|1f88006767[payload->]gg||26,471
2025-08-02T13:44:05.571 0100|01|00|06|f801fe|1f8800033e41[payload->].>A||16,702
2025-08-02T13:54:14.513 0100|00|00|05|fa0001|1f88006767[payload->]gg||26,471
2025-08-02T13:54:14.514 0100|01|00|06|f801fe|1f8800033e41[payload->].>A||16,702
2025-08-02T14:04:23.018 0100|00|00|05|fa0001|1f88006767[payload->]gg||26,471
2025-08-02T14:04:23.119 0100|01|00|06|f801fe|1f8800033e41[payload->].>A||16,702
2025-08-02T14:14:32.138 0100|00|00|05|fa0001|1f88006767[payload->]gg||26,471
2025-08-02T14:14:32.239 0100|01|00|06|f801fe|1f8800033e41[payload->].>A||16,702
2025-08-02T14:24:40.455 0100|00|00|05|fa0001|1f88006767[payload->]gg||26,471
2025-08-02T14:24:41.060 0100|01|00|86|f801fe|1f8800033e410100000005fa0003200401d3f30100090009f501fe200401ffffffff850d0100000005fa00011f880366270100010009f501fe1f8803c1274832fc9f0100000005fa000320020173f0010001000bf301fe2002010000000000006c4a0100000005fa0001509700805e0100010009ff02fe50970000000206e7c80100000005fa[payload->].>A........ ............ ...................f'............'H2.......... ..s......... ........lJ........P...^........P..............||64,005
2025-08-02T14:34:49.417 0100|00|00|05|fa0001|1f88006767[payload->]gg||26,471
2025-08-02T14:34:49.417 0100|01|00|06|f801fe|1f8800033e41[payload->].>A||16,702
2025-08-02T14:44:58.252 0100|00|00|05|fa0001|1f88006767[payload->]gg||26,471
2025-08-02T14:44:58.252 0100|01|00|06|f801fe|1f8800033e41[payload->].>A||16,702
2025-08-02T14:55:07.635 0100|00|00|05|fa0001|1f88006767[payload->]gg||26,471
2025-08-02T14:55:07.736 0100|01|00|0e|f801fe|1f8800033e410100000005fa0001[payload->].>A........||0,256
2025-08-02T15:05:17.117 0100|00|00|05|fa0001|1f88006767[payload->]gg||26,471
2025-08-02T15:05:17.218 0100|01|00|06|f801fe|1f8800033e41[payload->].>A||16,702
2025-08-02T15:15:25.461 0100|00|00|05|fa0001|1f88006767[payload->]gg||26,471
2025-08-02T15:25:34.149 0100|00|00|05|fa0001|1f88006767[payload->]gg||26,471
2025-08-02T15:25:34.150 0100|01|00|06|f801fe|1f8800033e41[payload->].>A||16,702
2025-08-02T15:35:43.241 0100|00|00|05|fa0001|1f88006767[payload->]gg||26,471
2025-08-02T15:35:43.343 0100|01|00|06|f801fe|1f8800033e41[payload->].>A||16,702
2025-08-02T15:45:52.416 0100|00|00|05|fa0001|1f88006767[payload->]gg||26,471
2025-08-02T15:45:52.518 0100|01|00|06|f801fe|1f8800033e41[payload->].>A||16,702
2025-08-02T15:56:01.310 0100|00|00|05|fa0001|1f88006767[payload->]gg||26,471
2025-08-02T15:56:01.411 0100|01|00|06|f801fe|1f8800033e41[payload->].>A||16,702
2025-08-02T16:06:09.421 0100|00|00|05|fa0001|1f88006767[payload->]gg||26,471
2025-08-02T16:06:09.421 0100|01|00|06|f801fe|1f8800033e41[payload->].>A||16,702
2025-08-02T16:16:17.840 0100|00|00|05|fa0001|1f88006767[payload->]gg||26,471
2025-08-02T16:16:17.841 0100|01|00|06|f801fe|1f8800033e41[payload->].>A||16,702
2025-08-02T16:26:26.438 0100|00|00|05|fa0001|1f88006767[payload->]gg||26,471
2025-08-02T16:26:26.539 0100|01|00|06|f801fe|1f8800033e41[payload->].>A||16,702
2025-08-02T16:36:35.531 0100|00|00|05|fa0001|1f88006767[payload->]gg||26,471
2025-08-02T16:36:35.632 0100|01|00|06|f801fe|1f8800033e41[payload->].>A||16,702
2025-08-02T16:46:44.303 0100|00|00|05|fa0001|1f88006767[payload->]gg||26,471
2025-08-02T16:46:44.303 0100|01|00|06|f801fe|1f8800033e41[payload->].>A||16,702
2025-08-02T16:56:53.093 0100|00|00|05|fa0001|1f88006767[payload->]gg||26,471
2025-08-02T16:56:53.194 0100|01|00|06|f801fe|1f8800033e41[payload->].>A||16,702
2025-08-02T17:07:02.246 0100|00|00|05|fa0001|1f88006767[payload->]gg||26,471
2025-08-02T17:07:02.347 0100|01|00|06|f801fe|1f8800033e41[payload->].>A||16,702
2025-08-02T17:17:11.386 0100|00|00|05|fa0001|1f88006767[payload->]gg||26,471
2025-08-02T17:17:11.487 0100|01|00|06|f801fe|1f8800033e41[payload->].>A||16,702
2025-08-02T17:27:19.366 0100|00|00|05|fa0001|1f88006767[payload->]gg||26,471
2025-08-02T17:27:19.367 0100|01|00|06|f801fe|1f8800033e41[payload->].>A||16,702
2025-08-02T17:37:27.765 0100|00|00|05|fa0001|1f88006767[payload->]gg||26,471
2025-08-02T17:37:27.867 0100|01|00|06|f801fe|1f8800033e41[payload->].>A||16,702
2025-08-02T17:47:37.867 0100|00|00|05|fa0001|1f88006767[payload->]gg||26,471
2025-08-02T17:47:37.968 0100|01|00|06|f801fe|1f8800033e41[payload->].>A||16,702
2025-08-02T17:57:46.076 0100|00|00|05|fa0001|1f88006767[payload->]gg||26,471
2025-08-02T17:57:46.177 0100|01|00|06|f801fe|1f8800033e41[payload->].>A||16,702
2025-08-02T18:07:55.394 0100|00|00|05|fa0001|1f88006767[payload->]gg||26,471
2025-08-02T18:07:55.495 0100|01|00|06|f801fe|1f8800033e41[payload->].>A||16,702
2025-08-02T18:18:04.182 0100|00|00|05|fa0001|1f88006767[payload->]gg||26,471
2025-08-02T18:18:04.182 0100|01|00|06|f801fe|1f8800033e41[payload->].>A||16,702
2025-08-02T18:28:13.383 0100|00|00|05|fa0001|1f88006767[payload->]gg||26,471
2025-08-02T18:28:13.383 0100|01|00|06|f801fe|1f8800033e41[payload->].>A||16,702
2025-08-02T18:38:22.294 0100|00|00|05|fa0001|1f88006767[payload->]gg||26,471
2025-08-02T18:38:22.294 0100|01|00|06|f801fe|1f8800033e41[payload->].>A||16,702
2025-08-02T18:48:31.108 0100|00|00|05|fa0001|1f88006767[payload->]gg||26,471
2025-08-02T18:48:31.109 0100|01|08|06|f801fe|1f8800033e41[payload->].>A||16,702
2025-08-02T18:58:39.829 0100|00|00|05|fa0001|1f88006767[payload->]gg||26,471
2025-08-02T18:58:39.930 0100|01|00|06|f801fe|1f8800033e41[payload->].>A||16,702
2025-08-02T19:08:48.105 0100|00|00|05|fa0001|1f88006767[payload->]gg||26,471
2025-08-02T19:08:48.206 0100|01|00|06|f801fe|1f8800033e41[payload->].>A||16,702
2025-08-02T19:18:57.923 0100|00|00|05|fa0001|1f88006767[payload->]gg||26,471
2025-08-02T19:18:57.924 0100|01|00|06|f801fe|1f8800033e41[payload->].>A||16,702
2025-08-02T19:29:07.517 0100|00|00|05|fa0001|1f88006767[payload->]gg||26,471
2025-08-02T19:39:16.137 0100|00|00|05|fa0001|1f88006767[payload->]gg||26,471
2025-08-02T19:39:16.238 0100|01|00|06|f801fe|1f8800033e41[payload->].>A||16,702
2025-08-02T19:49:24.663 0100|00|00|05|fa0001|1f88006767[payload->]gg||26,471
2025-08-02T19:49:24.764 0100|01|00|06|f801fe|1f8800033e41[payload->].>A||16,702
2025-08-02T19:59:33.076 0100|00|00|05|fa0001|1f88006767[payload->]gg||26,471
2025-08-02T19:59:33.177 0100|01|00|06|f801fe|1f8800033e41[payload->].>A||16,702
2025-08-02T20:09:42.238 0100|00|00|05|fa0001|1f88006767[payload->]gg||26,471
2025-08-02T20:09:42.339 0100|01|00|06|f801fe|1f8800033e41[payload->].>A||16,702
2025-08-02T20:19:51.324 0100|00|00|05|fa0001|1f88006767[payload->]gg||26,471
2025-08-02T20:19:51.426 0100|01|00|06|f801fe|1f8800033e41[payload->].>A||16,702
2025-08-02T20:29:59.112 0100|00|00|05|fa0001|1f88006767[payload->]gg||26,471
2025-08-02T20:29:59.213 0100|01|00|06|f801fe|1f8800033e41[payload->].>A||16,702
2025-08-02T20:40:08.438 0100|00|00|05|fa0001|1f88006767[payload->]gg||26,471
2025-08-02T20:40:08.438 0100|01|00|06|f801fe|1f8800033e41[payload->].>A||16,702
2025-08-02T20:50:18.279 0100|00|00|05|fa0001|1f88006767[payload->]gg||26,471
2025-08-02T20:50:18.380 0100|01|00|06|f801fe|1f8800033e41[payload->].>A||16,702
2025-08-02T21:00:26.223 0100|00|00|05|fa0001|1f88006767[payload->]gg||26,471
2025-08-02T21:00:26.324 0100|01|00|06|f801fe|1f8800033e41[payload->].>A||16,702
2025-08-02T21:10:34.768 0100|00|00|05|fa0001|1f88006767[payload->]gg||26,471
2025-08-02T21:10:34.768 0100|01|00|06|f801fe|1f8800033e41[payload->].>A||16,702
2025-08-02T21:20:43.141 0100|00|00|05|fa0001|1f88006767[payload->]gg||26,471
2025-08-02T21:20:43.241 0100|01|00|06|f801fe|1f8800033e41[payload->].>A||16,702
2025-08-02T21:30:51.410 0100|00|00|05|fa0001|1f88006767[payload->]gg||26,471
2025-08-02T21:30:51.410 0100|01|00|06|f801fe|1f8800033e41[payload->].>A||16,702
2025-08-02T21:41:00.899 0100|00|00|05|fa0001|1f88006767[payload->]gg||26,471
2025-08-02T21:41:00.899 0100|01|00|06|f801fe|1f8800033e41[payload->].>A||16,702
2025-08-02T21:51:09.196 0100|00|00|05|fa0001|1f88006767[payload->]gg||26,471
2025-08-02T21:51:09.197 0100|01|00|06|f801fe|1f8800033e41[payload->].>A||16,702
2025-08-02T22:01:19.298 0100|00|00|05|fa0001|1f88006767[payload->]gg||26,471
2025-08-02T22:01:19.298 0100|01|00|06|f801fe|1f8800033e41[payload->].>A||16,702
2025-08-02T22:31:46.332 0100|00|00|05|fa0001|1f88006767[payload->]gg||26,471
2025-08-02T22:31:46.333 0100|01|00|06|f801fe|1f8800033e41[payload->].>A||16,702
2025-08-02T22:41:53.389 0100|00|00|05|fa0001|1f88006767[payload->]gg||26,471
2025-08-02T22:41:53.389 0100|01|00|06|f801fe|1f8800033e41[payload->].>A||16,702
2025-08-02T22:52:02.321 0100|00|00|05|fa0001|1f88006767[payload->]gg||26,471
2025-08-02T22:52:02.321 0100|01|00|06|f801fe|1f8800033e41[payload->].>A||16,702
2025-08-02T23:02:11.792 0100|00|00|05|fa0001|1f88006767[payload->]gg||26,471
2025-08-02T23:02:11.893 0100|01|00|06|f801fe|1f8800033e41[payload->].>A||16,702
2025-08-02T23:12:20.544 0100|00|00|05|fa0001|1f88006767[payload->]gg||26,471
2025-08-02T23:12:20.746 0100|01|00|06|f801fe|1f8800033e41[payload->].>A||16,702
2025-08-02T23:22:28.785 0100|00|00|05|fa0001|1f88006767[payload->]gg||26,471
2025-08-02T23:22:28.785 0100|01|00|06|f801fe|1f8800033e41[payload->].>A||16,702
2025-08-02T23:42:46.166 0100|00|00|05|fa0001|1f88006767[payload->]gg||26,471
2025-08-02T23:42:46.267 0100|01|00|06|f801fe|1f8800033e41[payload->].>A||16,702
2025-08-02T23:52:54.297 0100|00|00|05|fa0001|1f88006767[payload->]gg||26,471
2025-08-02T23:52:54.297 0100|01|00|06|f801fe|1f8800033e41[payload->].>A||16,702
2025-08-03T00:03:03.305 0100|00|00|05|fa0001|1f88006767[payload->]gg||26,471
2025-08-03T00:03:03.406 0100|01|00|06|f801fe|1f8800033e41[payload->].>A||16,702
2025-08-03T00:13:12.178 0100|00|00|05|fa0001|1f88006767[payload->]gg||26,471
2025-08-03T00:13:12.380 0100|01|00|0e|f809fe|1f8800033e410100000005fa0001[payload->].>A........||0,256
2025-08-03T00:33:30.840 0100|00|00|05|fa0001|1f88006767[payload->]gg||26,471
2025-08-03T00:33:30.840 0100|01|00|06|f801fe|1f8800033e41[payload->].>A||16,702
2025-08-03T00:43:39.685 0100|00|00|05|fa0001|1f88006767[payload->]gg||26,471
2025-08-03T00:43:39.686 0100|01|00|06|f801fe|1f8800033e41[payload->].>A||16,702
2025-08-03T00:53:48.577 0100|00|00|05|fa0001|1f88006767[payload->]gg||26,471
2025-08-03T00:53:48.678 0100|01|00|06|f801fe|1f8800033e41[payload->].>A||16,702
2025-08-03T01:14:05.238 0100|00|00|05|fa0001|1f88006767[payload->]gg||26,471
2025-08-03T01:14:05.339 0100|01|00|06|f801fe|1f8800033e41[payload->].>A||16,702
2025-08-03T01:24:14.459 0100|00|00|05|fa0001|1f88006767[payload->]gg||26,471
2025-08-03T01:24:14.560 0100|01|00|06|f801fe|1f8800033e41[payload->].>A||16,702
2025-08-03T01:34:23.293 0100|00|00|05|fa0001|1f88006767[payload->]gg||26,471
2025-08-03T01:34:23.293 0100|01|00|06|f801fe|1f8800033e41[payload->].>A||16,702
2025-08-03T01:54:40.673 0100|00|00|05|fa0001|1f88006767[payload->]gg||26,471
2025-08-03T01:54:40.673 0100|01|00|06|f801fe|1f8800033e41[payload->].>A||16,702
2025-08-03T02:04:49.360 0100|00|00|05|fa0001|1f88006767[payload->]gg||26,471
2025-08-03T02:04:49.461 0100|01|00|06|f801fe|1f8800033e41[payload->].>A||16,702
2025-08-03T02:14:56.873 0100|00|00|05|fa0001|1f88006767[payload->]gg||26,471
2025-08-03T02:25:05.383 0100|00|00|05|fa0001|1f88006767[payload->]gg||26,471
2025-08-03T02:25:05.484 0100|01|00|06|f801fe|1f8800033e41[payload->].>A||16,702
2025-08-03T02:35:14.838 0100|00|00|05|fa0001|1f88006767[payload->]gg||26,471
2025-08-03T02:35:14.939 0100|01|00|06|f801fe|1f8800033e41[payload->].>A||16,702
2025-08-03T02:45:23.231 0100|00|00|05|fa0001|1f88006767[payload->]gg||26,471
2025-08-03T02:45:23.332 0100|01|00|06|f801fe|1f8800033e41[payload->].>A||16,702
2025-08-03T02:55:33.036 0100|00|00|05|fa0001|1f88006767[payload->]gg||26,471
2025-08-03T02:55:33.137 0100|01|00|06|f801fe|1f8800033e41[payload->].>A||16,702
2025-08-03T03:05:41.035 0100|00|00|05|fa0001|1f88006767[payload->]gg||26,471
2025-08-03T03:05:41.136 0100|01|00|06|f801fe|1f8800033e41[payload->].>A||16,702
2025-08-03T03:15:49.445 0100|00|00|05|fa0001|1f88006767[payload->]gg||26,471
2025-08-03T03:15:49.646 0100|01|00|06|f801fe|1f8800033e41[payload->].>A||16,702
2025-08-03T03:25:59.327 0100|00|00|05|fa0001|1f88006767[payload->]gg||26,471
2025-08-03T03:25:59.428 0100|01|00|06|f801fe|1f8800033e41[payload->].>A||16,702
2025-08-03T03:46:18.399 0100|00|00|05|fa0001|1f88006767[payload->]gg||26,471
2025-08-03T03:46:18.500 0100|01|00|06|f801fe|1f8800033e41[payload->].>A||16,702
2025-08-03T03:56:26.553 0100|00|00|05|fa0001|1f88006747[payload->]gG||18,279
2025-08-03T03:56:26.755 0100|01|00|06|f801fe|1f8800033e41[payload->].>A||16,702
2025-08-03T04:06:35.244 0100|00|00|05|fa0001|1f88006767[payload->]gg||26,471
2025-08-03T04:06:35.345 0100|01|00|06|f801fe|1f8800033e41[payload->].>A||16,702
2025-08-03T04:16:44.635 0100|00|00|05|fa0001|1f88006767[payload->]gg||26,471
2025-08-03T04:26:53.248 0100|00|00|05|fa0001|1f88006767[payload->]gg||26,471
2025-08-03T04:26:53.349 0100|01|00|06|f801fe|1f8800033e41[payload->].>A||16,702
2025-08-03T04:37:02.170 0100|00|00|05|fa0001|1f88006767[payload->]gg||26,471
2025-08-03T04:37:02.170 0100|01|00|06|f801fe|1f8800033e41[payload->].>A||16,702
2025-08-03T04:47:10.618 0100|00|00|05|fa0001|1f88006767[payload->]gg||26,471
2025-08-03T04:47:10.618 0100|01|00|06|f801fe|1f8800033e41[payload->].>A||16,702
2025-08-03T04:57:19.732 0100|00|00|05|fa0001|1f88006767[payload->]gg||26,471
2025-08-03T04:57:19.732 0100|01|00|06|f801fe|1f8800033e41[payload->].>A||16,702
2025-08-03T05:07:29.222 0100|00|00|05|fa0001|1f88006767[payload->]gg||26,471
2025-08-03T05:07:29.323 0100|01|00|06|f801fe|1f8800033e41[payload->].>A||16,702
2025-08-03T05:17:38.870 0100|00|00|05|fa0001|1f88006767[payload->]gg||26,471
2025-08-03T05:17:38.971 0100|01|00|06|f801fe|1f8800033e41[payload->].>A||16,702
2025-08-03T05:27:47.068 0100|00|00|05|fa0001|1f88006767[payload->]gg||26,471
2025-08-03T05:27:47.068 0100|01|00|06|f801fe|1f8800033e41[payload->].>A||16,702
2025-08-03T05:37:55.414 0100|00|00|05|fa0001|1f88006767[payload->]gg||26,471
2025-08-03T05:37:55.515 0100|01|08|0e|f801fe|1f8800033e410100000005fa0001[payload->].>A........||0,256
2025-08-03T05:48:04.618 0100|00|00|05|fa0001|1f88006767[payload->]gg||26,471
2025-08-03T05:48:04.719 0100|01|00|06|f801fe|1f8800033e41[payload->].>A||16,702
2025-08-03T05:58:13.226 0100|00|00|05|fa0001|1f88006767[payload->]gg||26,471
2025-08-03T05:58:13.327 0100|01|00|06|f801fe|1f8800033e41[payload->].>A||16,702
2025-08-03T06:08:23.076 0100|00|00|05|fa0001|1f88006767[payload->]gg||26,471
2025-08-03T06:18:31.165 0100|00|00|05|fa0001|1f88006767[payload->]gg||26,471
2025-08-03T06:18:31.266 0100|01|00|06|f801fe|1f8800033e41[payload->].>A||16,702
2025-08-03T06:28:39.945 0100|00|00|05|fa0001|1f88006767[payload->]gg||26,471
2025-08-03T06:28:40.046 0100|01|00|06|f801fe|1f8800033e41[payload->].>A||16,702
2025-08-03T06:48:57.166 0100|00|00|05|fa0001|1f88006767[payload->]gg||26,471
2025-08-03T06:48:57.267 0100|01|00|06|f801fe|1f8800033e41[payload->].>A||16,702
2025-08-03T06:59:05.323 0100|00|00|05|fa0001|1f88006767[payload->]gg||26,471
2025-08-03T06:59:05.425 0100|01|00|06|f801fe|1f8800033e41[payload->].>A||16,702
2025-08-03T07:09:14.869 0100|00|00|05|fa0001|1f88006767[payload->]gg||26,471
2025-08-03T07:09:15.071 0100|01|00|06|f801fe|1f8800033e41[payload->].>A||16,702
2025-08-03T07:19:24.503 0100|00|00|05|fa0001|1f88006767[payload->]gg||26,471
2025-08-03T07:19:24.604 0100|01|00|06|f801fe|1f8800033e41[payload->].>A||16,702
2025-08-03T07:29:33.034 0100|00|00|05|fa0001|1f88006767[payload->]gg||26,471
2025-08-03T07:29:33.034 0100|01|00|06|f801fe|1f8800033e41[payload->].>A||16,702
2025-08-03T07:39:41.943 0100|00|00|05|fa0001|1f88006767[payload->]gg||26,471
2025-08-03T07:39:42.044 0100|01|00|06|f801fe|1f8800033e41[payload->].>A||16,702
2025-08-03T07:49:50.601 0100|00|00|05|fa0001|1f88006767[payload->]gg||26,471
2025-08-03T07:49:50.601 0100|01|00|06|f801fe|1f8800033e41[payload->].>A||16,702
2025-08-03T07:59:58.768 0100|00|00|05|fa0001|1f88006767[payload->]gg||26,471
2025-08-03T07:59:58.869 0100|01|00|06|f801fe|1f8800033e41[payload->].>A||16,702
2025-08-03T08:10:06.909 0100|00|00|05|fa0001|1f88006767[payload->]gg||26,471
2025-08-03T08:10:07.010 0100|01|00|06|f801fe|1f8800033e41[payload->].>A||16,702
2025-08-03T08:20:15.952 0100|00|00|05|fa0001|1f88006767[payload->]gg||26,471
2025-08-03T08:20:16.154 0100|01|00|06|f801fe|1f8800033e41[payload->].>A||16,702
2025-08-03T08:40:33.274 0100|00|00|05|fa0001|1f88006767[payload->]gg||26,471
2025-08-03T08:40:33.374 0100|01|00|06|f801fe|1f8800033e41[payload->].>A||16,702
2025-08-03T08:50:42.266 0100|00|00|05|fa0001|1f88006767[payload->]gg||26,471
2025-08-03T08:50:42.368 0100|01|00|06|f801fe|1f8800033e41[payload->].>A||16,702
2025-08-03T09:00:52.198 0100|00|00|05|fa0001|1f88006767[payload->]gg||26,471
2025-08-03T09:00:52.299 0100|01|00|06|f801fe|1f8800033e41[payload->].>A||16,702
2025-08-03T09:10:59.718 0100|00|00|05|fa0001|1f88006767[payload->]gg||26,471
2025-08-03T09:10:59.819 0100|01|00|06|f801fe|1f8800033e41[payload->].>A||16,702
2025-08-03T09:31:17.465 0100|00|00|05|fa0001|1f88006767[payload->]gg||26,471
2025-08-03T09:31:17.465 0100|01|00|06|f801fe|1f8800033e41[payload->].>A||16,702
2025-08-03T09:41:24.890 0100|00|00|05|fa0001|1f88006767[payload->]gg||26,471
2025-08-03T09:41:24.991 0100|01|00|06|f801fe|1f8800033e41[payload->].>A||16,702
2025-08-03T09:51:34.377 0100|00|00|05|fa0001|1f88006767[payload->]gg||26,471
2025-08-03T09:51:34.378 0100|01|00|06|f801fe|1f8800033e41[payload->].>A||16,702
2025-08-03T10:01:43.149 0100|00|00|05|fa0001|1f88006767[payload->]gg||26,471
2025-08-03T10:01:43.251 0100|01|00|06|f801fe|1f8800033e41[payload->].>A||16,702
2025-08-03T10:11:52.070 0100|00|00|05|fa0001|1f88006767[payload->]gg||26,471
2025-08-03T10:11:52.070 0100|01|00|06|f801fe|1f8800033e41[payload->].>A||16,702
2025-08-03T10:22:01.601 0100|00|00|05|fa0001|1f88006767[payload->]gg||26,471
2025-08-03T10:22:01.601 0100|01|00|06|f801fe|1f8800033e41[payload->].>A||16,702
2025-08-03T10:32:09.097 0100|01|00|06|f801fe|1f8800033e41[payload->].>A||16,702
2025-08-03T10:42:18.260 0100|00|00|05|fa0001|1f88006767[payload->]gg||26,471
2025-08-03T10:42:18.361 0100|01|00|06|f801fe|1f8800033e41[payload->].>A||16,702
2025-08-03T10:52:27.718 0100|00|00|05|fa0001|1f88006767[payload->]gg||26,471
2025-08-03T10:52:27.819 0100|01|00|06|f801fe|1f8800033e41[payload->].>A||16,702
2025-08-03T11:12:44.758 0100|00|00|05|fa0001|1f88006767[payload->]gg||26,471
2025-08-03T11:12:44.859 0100|01|00|06|f801fe|1f8800033e41[payload->].>A||16,702
2025-08-03T11:22:54.214 0100|00|00|05|fa0001|1f88006767[payload->]gg||26,471
2025-08-03T11:22:54.315 0100|01|00|06|f801fe|1f8800033e41[payload->].>A||16,702
2025-08-03T11:33:03.191 0100|00|00|05|fa0001|1f88006767[payload->]gg||26,471
2025-08-03T11:33:03.191 0100|01|00|06|f801fe|1f8800033e41[payload->].>A||16,702
2025-08-03T11:43:11.969 0100|00|00|05|fa0001|1f88006767[payload->]gg||26,471
2025-08-03T11:43:12.071 0100|01|00|06|f801fe|1f8800033e41[payload->].>A||16,702
2025-08-03T11:53:22.110 0100|00|00|05|fa0001|1f88006767[payload->]gg||26,471
2025-08-03T11:53:22.111 0100|01|00|06|f801fe|1f8800033e41[payload->].>A||16,702
2025-08-03T12:03:30.373 0100|00|00|05|fa0001|1f88006767[payload->]gg||26,471
2025-08-03T12:03:30.374 0100|01|00|06|f801fe|1f8800033e41[payload->].>A||16,702
2025-08-03T12:13:38.908 0100|00|00|05|fa0001|1f88006767[payload->]gg||26,471
2025-08-03T12:13:39.009 0100|01|00|06|f801fe|1f8800033e41[payload->].>A||16,702
2025-08-03T12:23:47.997 0100|00|00|05|fa0001|1f88006767[payload->]gg||26,471
2025-08-03T12:23:48.098 0100|01|00|06|f801fe|1f8800033e41[payload->].>A||16,702
2025-08-03T12:33:57.783 0100|00|00|05|fa0001|1f88006767[payload->]gg||26,471
2025-08-03T12:33:57.884 0100|01|00|06|f801fe|1f8800033e41[payload->].>A||16,702
2025-08-03T12:44:06.316 0100|00|00|05|fa0001|1f88006767[payload->]gg||26,471
2025-08-03T12:44:06.417 0100|01|00|06|f801fe|1f8800033e41[payload->].>A||16,702
2025-08-03T12:54:15.330 0100|00|00|05|fa0001|1f88006767[payload->]gg||26,471
2025-08-03T12:54:15.432 0100|01|00|06|f801fe|1f8800033e41[payload->].>A||16,702
2025-08-03T13:04:24.384 0100|00|00|05|fa0001|1f88006767[payload->]gg||26,471
2025-08-03T13:04:24.384 0100|01|00|06|f801fe|1f8800033e41[payload->].>A||16,702
2025-08-03T13:14:33.033 0100|00|00|05|fa0001|1f88006767[payload->]gg||26,471
2025-08-03T13:14:33.134 0100|01|00|06|f801fe|1f8800033e41[payload->].>A||16,702
2025-08-03T13:24:42.040 0100|00|00|05|fa0001|1f88006767[payload->]gg||26,471
2025-08-03T13:24:42.140 0100|01|00|06|f801fe|1f8800033e41[payload->].>A||16,702
2025-08-03T13:45:00.431 0100|00|00|05|fa0001|1f88006767[payload->]gg||26,471
2025-08-03T13:45:00.431 0100|01|00|06|f801fe|1f8800033e41[payload->].>A||16,702
2025-08-03T13:55:09.026 0100|01|00|06|f801fe|1f8800033e41[payload->].>A||16,702
2025-08-03T14:05:18.119 0100|00|00|05|fa0001|1f88006767[payload->]gg||26,471
2025-08-03T14:05:18.220 0100|01|00|06|f801fe|1f8800033e41[payload->].>A||16,702
2025-08-03T14:15:27.767 0100|00|00|05|fa0001|1f88006767[payload->]gg||26,471
2025-08-03T14:15:27.768 0100|01|00|06|f801fe|1f8800033e41[payload->].>A||16,702
2025-08-03T14:25:36.588 0100|00|00|05|fa0001|1f88006767[payload->]gg||26,471
2025-08-03T14:25:36.690 0100|01|00|06|f801fe|1f8800033e41[payload->].>A||16,702
2025-08-03T14:35:44.677 0100|00|00|05|fa0001|1f88006767[payload->]gg||26,471
2025-08-03T14:35:44.677 0100|01|00|06|f801fe|1f8800033e41[payload->].>A||16,702
2025-08-03T14:45:53.061 0100|00|00|05|fa0001|1f88006767[payload->]gg||26,471
2025-08-03T14:45:53.062 0100|01|00|06|f801fe|1f8800033e41[payload->].>A||16,702
2025-08-03T14:56:01.921 0100|00|00|05|fa0001|1f88006767[payload->]gg||26,471
2025-08-03T14:56:02.022 0100|01|00|06|f801fe|1f8800033e41[payload->].>A||16,702
2025-08-03T15:06:10.804 0100|00|00|05|fa0001|1f88006767[payload->]gg||26,471
2025-08-03T15:06:10.905 0100|01|00|06|f801fe|1f8800033e41[payload->].>A||16,702
2025-08-03T15:16:18.889 0100|00|00|05|fa0001|1f88006767[payload->]gg||26,471
2025-08-03T15:16:18.990 0100|01|00|06|f801fe|1f8800033e41[payload->].>A||16,702
2025-08-03T15:26:28.144 0100|00|00|05|fa0001|1f88006767[payload->]gg||26,471
2025-08-03T15:26:28.245 0100|01|00|06|f801fe|1f8800033e41[payload->].>A||16,702
2025-08-03T15:36:37.804 0100|00|00|05|fa0001|1f88006767[payload->]gg||26,471
2025-08-03T15:36:37.804 0100|01|00|06|f801fe|1f8800033e41[payload->].>A||16,702
2025-08-03T15:46:46.492 0100|00|00|05|fa0001|1f88006767[payload->]gg||26,471
2025-08-03T15:46:46.492 0100|01|00|06|f801fe|1f8800033e41[payload->].>A||16,702
2025-08-03T15:56:55.137 0100|00|00|05|fa0001|1f88006767[payload->]gg||26,471
2025-08-03T16:07:02.749 0100|00|00|05|fa0001|1f88006767[payload->]gg||26,471
2025-08-03T16:07:02.850 0100|01|00|06|f801fe|1f8800033e41[payload->].>A||16,702
2025-08-03T16:17:12.401 0100|00|00|05|fa0001|1f88006767[payload->]gg||26,471
2025-08-03T16:17:12.401 0100|01|00|06|f801fe|1f8800033e41[payload->].>A||16,702
2025-08-03T16:27:20.245 0100|00|00|05|fa0001|1f88006767[payload->]gg||26,471
2025-08-03T16:27:20.346 0100|01|00|06|f801fe|1f8800033e41[payload->].>A||16,702
2025-08-03T16:37:29.016 0100|00|00|05|fa0001|1f88006767[payload->]gg||26,471
2025-08-03T16:47:38.174 0100|00|00|05|fa0001|1f88006767[payload->]gg||26,471
2025-08-03T16:47:38.275 0100|01|00|06|f801fe|1f8800033e41[payload->].>A||16,702
2025-08-03T16:57:46.617 0100|00|00|05|fa0001|1f88006767[payload->]gg||26,471
2025-08-03T16:57:46.617 0100|01|00|06|f801fe|1f8800033e41[payload->].>A||16,702
2025-08-03T17:07:55.170 0100|00|00|05|fa0001|1f88006767[payload->]gg||26,471
2025-08-03T17:07:55.271 0100|01|00|06|f801fe|1f8800033e41[payload->].>A||16,702
2025-08-03T17:18:04.041 0100|00|00|05|fa0001|1f88006767[payload->]gg||26,471
2025-08-03T17:18:04.143 0100|01|00|06|f801fe|1f8800033e41[payload->].>A||16,702
2025-08-03T17:28:13.139 0100|00|00|05|fa0001|1f88006767[payload->]gg||26,471
2025-08-03T17:38:22.086 0100|00|00|05|fa0001|1f88006767[payload->]gg||26,471
2025-08-03T17:38:22.187 0100|01|00|06|f801fe|1f8800033e41[payload->].>A||16,702
2025-08-03T17:48:31.467 0100|00|00|05|fa0001|1f88006747[payload->]gG||18,279
2025-08-03T17:48:31.467 0100|01|00|06|f801fe|1f8800033e41[payload->].>A||16,702
2025-08-03T17:58:40.645 0100|00|00|05|fa0001|1f88006767[payload->]gg||26,471
2025-08-03T17:58:40.645 0100|01|00|06|f801fe|1f8800033e41[payload->].>A||16,702
2025-08-03T18:08:48.909 0100|00|00|05|fa0001|1f88006767[payload->]gg||26,471
2025-08-03T18:08:49.010 0100|01|00|06|f801fe|1f8800033e41[payload->].>A||16,702
