2025-07-30T20:31:24.526 0100|00|00|05|fa0001|363f019f00[payload->]..||0,159
2025-07-30T20:31:24.728 0100|01|00|18|e601fe|363f0103e6002ae6006ce60087000000000000000000c364[payload->]...*..l.............d||25,795
2025-07-30T20:34:14.631 0100|00|00|05|fa0001|363f019f00[payload->]..||0,159
2025-07-30T20:34:14.733 0100|01|00|18|e601fe|363f0103e6002ae6006ce60087000000000000000000c364[payload->]...*..l.............d||25,795
2025-07-30T21:04:14.493 0100|00|00|05|fa0001|363f019f00[payload->]..||0,159
2025-07-30T21:04:14.594 0100|01|00|18|e601fe|363f0103e6002ae6006ce60087000000000000000000c364[payload->]...*..l.............d||25,795
2025-07-30T21:31:24.097 0100|00|00|05|fa0001|363f019f00[payload->]..||0,159
2025-07-30T21:31:24.299 0100|01|00|18|e601fe|363f0103e6002ae6006ce60087000000000000000000c364[payload->]...*..l.............d||25,795
2025-07-30T21:34:14.480 0100|00|00|05|fa0001|363f019f00[payload->]..||0,159
2025-07-30T21:34:14.581 0100|01|00|18|e601fe|363f0103e6002ae6006ce60087000000000000000000c364[payload->]...*..l.............d||25,795
2025-07-30T22:04:14.510 0100|00|00|05|fa0001|363f019f00[payload->]..||0,159
2025-07-30T22:04:14.611 0100|01|00|18|e601fe|363f0103e6002ae6006ce60087000000000000000000c364[payload->]...*..l.............d||25,795
2025-07-30T22:31:24.399 0100|00|00|05|fa0001|363f019f00[payload->]..||0,159
2025-07-30T22:31:24.500 0100|01|00|18|e601fe|363f0103e6002ae6006ce60087000000000000000000c364[payload->]...*..l.............d||25,795
2025-07-30T22:34:14.680 0100|00|00|05|fa0001|363f019f00[payload->]..||0,159
2025-07-30T22:34:14.882 0100|01|00|18|e601fe|363f0103e6002ae6006ce60087000000000000000000c364[payload->]...*..l.............d||25,795
2025-07-30T23:04:14.482 0100|00|00|05|fa0001|363f019f00[payload->]..||0,159
2025-07-30T23:04:14.684 0100|01|00|18|e601fe|363f0103e6002ae6006ce60087000000000000000000c364[payload->]...*..l.............d||25,795
2025-07-30T23:31:24.302 0100|00|00|05|fa0001|363f019f00[payload->]..||0,159
2025-07-30T23:31:24.504 0100|01|00|18|e601fe|363f0103e6002ae6006ce60087000000000000000000c364[payload->]...*..l.............d||25,795
2025-07-30T23:34:14.967 0100|00|00|05|fa0001|363f019f00[payload->]..||0,159
2025-07-30T23:34:15.068 0100|01|00|18|e601fe|363f0103e6002ae6006ce60087000000000000000000c364[payload->]...*..l.............d||25,795
2025-07-31T00:04:14.564 0100|00|00|05|fa0001|363f019f00[payload->]..||0,159
2025-07-31T00:04:14.665 0100|01|00|18|e601fe|363f0103e6002ae6006ce60087000000000000000000c364[payload->]...*..l.............d||25,795
2025-07-31T00:31:24.192 0100|00|00|05|fa0001|363f019f00[payload->]..||0,159
2025-07-31T00:31:24.394 0100|01|00|18|e601fe|363f0103e6002ae6006ce60087000000000000000000c364[payload->]...*..l.............d||25,795
2025-07-31T00:34:14.573 0100|00|00|05|fa0001|363f019f00[payload->]..||0,159
2025-07-31T00:34:14.674 0100|01|00|18|e601fe|363f0103e6002ae6006ce60087000000000000000000c364[payload->]...*..l.............d||25,795
2025-07-31T01:04:14.449 0100|00|00|05|fa0001|363f019f00[payload->]..||0,159
2025-07-31T01:04:14.651 0100|01|00|18|e601fe|363f0103e6002ae6006ce60087000000000000000000c364[payload->]...*..l.............d||25,795
2025-07-31T01:31:24.570 0100|00|00|05|fa0001|363f019f00[payload->]..||0,159
2025-07-31T01:31:24.772 0100|01|00|18|e601fe|363f0103e6002ae6006ce60087000000000000000000c364[payload->]...*..l.............d||25,795
2025-07-31T01:34:14.564 0100|00|00|05|fa0001|363f019f00[payload->]..||0,159
2025-07-31T01:34:14.665 0100|01|00|18|e601fe|363f0103e6002ae6006ce60087000000000000000000c364[payload->]...*..l.............d||25,795
2025-07-31T02:04:14.465 0100|00|00|05|fa0001|363f019f00[payload->]..||0,159
2025-07-31T02:04:14.667 0100|01|00|18|e601fe|363f0103e6002ae6006ce60087000000000000000000c364[payload->]...*..l.............d||25,795
2025-07-31T02:31:24.392 0100|00|00|05|fa0001|363f019f00[payload->]..||0,159
2025-07-31T02:31:24.493 0100|01|00|18|e601fe|363f0103e6002ae6006ce60087000000000000000000c364[payload->]...*..l.............d||25,795
2025-07-31T02:34:15.891 0100|00|00|05|fa0001|363f019f00[payload->]..||0,159
2025-07-31T02:34:15.993 0100|01|00|18|e601fe|363f0103e6002ae6006ce60087000000000000000000c364[payload->]...*..l.............d||25,795
2025-07-31T03:04:15.825 0100|00|00|05|fa0001|363f019f00[payload->]..||0,159
2025-07-31T03:04:15.926 0100|01|00|18|e601fe|363f0103e6002ae6006ce60087000000000000000000c364[payload->]...*..l.............d||25,795
2025-07-31T03:31:24.336 0100|00|00|05|fa0001|363f019f00[payload->]..||0,159
2025-07-31T03:31:24.538 0100|01|00|18|e601fe|363f0103e6002ae6006ce60087000000000000000000c364[payload->]...*..l.............d||25,795
2025-07-31T03:34:15.895 0100|00|00|05|fa0001|363f019f00[payload->]..||0,159
2025-07-31T03:34:16.097 0100|01|00|18|e601fe|363f0103e6002ae6006ce60087000000000000000000c364[payload->]...*..l.............d||25,795
2025-07-31T04:31:24.140 0100|00|00|05|fa0001|363f019f00[payload->]..||0,159
2025-07-31T04:31:24.342 0100|01|00|18|e601fe|363f0103e6002ae6006ce60087000000000000000000c364[payload->]...*..l.............d||25,795
2025-07-31T04:34:15.792 0100|00|00|05|fa0001|363f019f00[payload->]..||0,159
2025-07-31T04:34:15.994 0100|01|00|18|e601fe|363f0103e6002ae6006ce60087000000000000000000c364[payload->]...*..l.............d||25,795
2025-07-31T05:04:17.791 0100|00|00|05|fa0001|363f019f00[payload->]..||0,159
2025-07-31T05:04:17.992 0100|01|00|18|e601fe|363f0103e6002ae6006ce60087000000000000000000c364[payload->]...*..l.............d||25,795
2025-07-31T05:31:24.765 0100|00|00|05|fa0001|363f019f00[payload->]..||0,159
2025-07-31T05:31:24.967 0100|01|00|18|e601fe|363f0103e6002ae6006ce60087000000000000000000c364[payload->]...*..l.............d||25,795
2025-07-31T05:34:17.716 0100|00|00|05|fa0001|363f019f00[payload->]..||0,159
2025-07-31T05:34:17.817 0100|01|00|18|e601fe|363f0103e6002ae6006ce60087000000000000000000c364[payload->]...*..l.............d||25,795
2025-07-31T06:04:17.821 0100|00|00|05|fa0001|363f019f00[payload->]..||0,159
2025-07-31T06:04:18.024 0100|01|00|18|e601fe|363f0103e6002ae6006ce60087000000000000000000c364[payload->]...*..l.............d||25,795
2025-07-31T06:31:24.379 0100|00|00|05|fa0001|363f019f00[payload->]..||0,159
2025-07-31T06:31:24.481 0100|01|00|18|e601fe|363f0103e6002ae6006ce60087000000000000000000c364[payload->]...*..l.............d||25,795
2025-07-31T06:34:18.893 0100|00|00|05|fa0001|363f019f00[payload->]..||0,159
2025-07-31T06:34:18.994 0100|01|00|18|e601fe|363f0103e6802ae6006ce60087000000000000000000c364[payload->]...*..l.............d||25,795
2025-07-31T07:04:19.061 0100|00|00|05|fa0001|363f019f00[payload->]..||0,159
2025-07-31T07:04:19.162 0100|01|00|18|e601fe|363f0103e6002ae6006ce60087000000000000000000c364[payload->]...*..l.............d||25,795
2025-07-31T07:31:24.214 0100|00|00|05|fa0001|363f019f00[payload->]..||0,159
2025-07-31T07:31:24.316 0100|01|00|18|e601fe|363f0103e6002ae6006ce60087000000000000000000c364[payload->]...*..l.............d||25,795
2025-07-31T07:34:18.720 0100|00|00|05|fa0001|363f019f00[payload->]..||0,159
2025-07-31T07:34:18.921 0100|01|00|18|e601fe|363f0103e6002ae6006ce60087000000000000000000c364[payload->]...*..l.............d||25,795
2025-07-31T08:04:19.152 0100|00|00|05|fa0001|363f019f00[payload->]..||0,159
2025-07-31T08:04:19.254 0100|01|00|18|e601fe|363f0103e6002ae6006ce60087000000000000000000c364[payload->]...*..l.............d||25,795
2025-07-31T08:31:24.232 0100|00|00|05|fa0001|363f019f00[payload->]..||0,159
2025-07-31T08:31:24.433 0100|01|00|18|e601fe|363f0103e6002ae6006ce60087000000000000000000c364[payload->]...*..l.............d||25,795
2025-07-31T08:34:18.928 0100|00|00|05|fa0001|363f019f00[payload->]..||0,159
2025-07-31T08:34:19.029 0100|01|00|18|e601fe|363f0103e6002ae6006ce60087000000000000000000c364[payload->]...*..l.............d||25,795
2025-07-31T09:04:18.955 0100|00|00|05|fa0001|363f019f00[payload->]..||0,159
2025-07-31T09:04:19.056 0100|01|00|18|e601fe|363f0103e6002ae6006ce60087000000000000000000c364[payload->]...*..l.............d||25,795
2025-07-31T09:31:24.214 0100|00|00|05|fa0001|363f019f00[payload->]..||0,159
2025-07-31T09:31:24.416 0100|01|00|18|e601fe|363f0103e6002ae6006ce60087000000000000000000c364[payload->]...*..l.............d||25,795
2025-07-31T09:34:18.929 0100|00|00|05|fa0001|363f019f00[payload->]..||0,159
2025-07-31T09:34:19.030 0100|01|00|18|e601fe|363f0103e6002ae6006ce60087000000000000000000c364[payload->]...*..l.............d||25,795
2025-07-31T10:04:18.938 0100|00|00|05|fa0001|363f019f00[payload->]..||0,159
2025-07-31T10:04:19.039 0100|01|00|18|e601fe|363f0103e6002ae6006ce60087000000000000000000c364[payload->]...*..l.............d||25,795
2025-07-31T10:31:24.333 0100|00|00|05|fa0001|363f019f00[payload->]..||0,159
2025-07-31T10:31:24.434 0100|01|00|18|e601fe|363f0103e6002ae6006ce60087000000000000000000c364[payload->]...*..l.............d||25,795
2025-07-31T10:34:19.961 0100|00|00|05|fa0001|363f019f00[payload->]..||0,159
2025-07-31T10:34:20.163 0100|01|00|18|e601fe|363f0103e6002ae6006ce60087000000000000000000c364[payload->]...*..l.............d||25,795
2025-07-31T11:04:20.018 0100|00|00|05|fa0001|363f019f00[payload->]..||0,159
2025-07-31T11:04:20.120 0100|01|00|18|e601fe|363f0103e6002ae6006ce60087000000000000000000c364[payload->]...*..l.............d||25,795
2025-07-31T11:31:24.170 0100|00|00|05|fa0001|363f019f00[payload->]..||0,159
2025-07-31T11:31:24.271 0100|01|00|18|e601fe|363f0103e6002ae6006ce60087000000000000000000c364[payload->]...*..l.............d||25,795
2025-07-31T11:34:20.016 0100|00|00|05|fa0001|363f019f00[payload->]..||0,159
2025-07-31T12:04:20.801 0100|00|00|05|fa0001|363f019f00[payload->]..||0,159
2025-07-31T12:04:20.902 0100|01|00|18|e601fe|363f0103e6002ae6006ce60087000000000000000000c364[payload->]...*..l.............d||25,795
2025-07-31T12:31:26.457 0100|00|00|05|fa0001|363f019f00[payload->]..||0,159
2025-07-31T12:31:26.659 0100|01|00|18|e601fe|363f0103e6002ae6006ce60087000000000000000000c364[payload->]...*..l.............d||25,795
2025-07-31T12:34:20.825 0100|00|00|05|fa0001|363f019f00[payload->]..||0,159
2025-07-31T12:34:20.926 0100|01|00|18|e601fe|363f0103e6002ae6006ce60087000000000000000000c364[payload->]...*..l.............d||25,795
2025-07-31T13:04:20.881 0100|00|00|05|fa0001|363f019f00[payload->]..||0,159
2025-07-31T13:04:20.982 0100|01|00|18|e601fe|363f0103e6002ae6006ce60087000000000000000000c364[payload->]...*..l.............d||25,795
2025-07-31T13:31:24.700 0100|00|00|05|fa0001|363f019f00[payload->]..||0,159
2025-07-31T13:31:24.802 0100|01|00|18|e601fe|363f0103e6002ae6006ce60087000000000000000000c364[payload->]...*..l.............d||25,795
2025-07-31T13:34:20.836 0100|00|00|05|fa0001|363f019f00[payload->]..||0,159
2025-07-31T13:34:21.037 0100|01|00|18|e601fe|363f0103e6002ae6006ce60087000000000000000000c364[payload->]...*..l.............d||25,795
2025-07-31T14:04:21.554 0100|00|00|05|fa0001|363f019f00[payload->]..||0,159
2025-07-31T14:04:21.655 0100|01|00|18|e601fe|363f0103e6002ae6006ce60087000000000000000000c364[payload->]...*..l.............d||25,795
2025-07-31T14:31:24.132 0100|00|00|05|fa0001|363f019f00[payload->]..||0,159
2025-07-31T14:31:24.233 0100|01|00|18|e601fe|363f0103e6002ae6006ce60087000000000000000000c364[payload->]...*..l.............d||25,795
2025-07-31T14:34:23.241 0100|00|00|05|fa0001|363f019f00[payload->]..||0,159
2025-07-31T14:34:23.342 0100|01|00|18|e601fe|363f0103e6002ae6006ce60087000000000000000000c364[payload->]...*..l.............d||25,795
2025-07-31T15:04:22.694 0100|00|00|05|fa0001|363f019f00[payload->]..||0,159
2025-07-31T15:04:22.896 0100|01|00|18|e601fe|363f0103e6002ae6006ce60087000000000000000000c364[payload->]...*..l.............d||25,795
2025-07-31T15:31:24.540 0100|00|00|05|fa0001|363f019f00[payload->]..||0,159
2025-07-31T15:31:24.742 0100|01|00|18|e601fe|363f0103e6002ae6006ce60087000000000000000000c364[payload->]...*..l.............d||25,795
2025-07-31T15:34:25.839 0100|00|00|05|fa0001|363f019f00[payload->]..||0,159
2025-07-31T15:34:26.041 0100|01|00|18|e601fe|363f0103e6002ae6006ce60087000000000000000000c364[payload->]...*..l.............d||25,795
2025-07-31T16:04:26.460 0100|00|00|05|fa0001|363f019f00[payload->]..||0,159
2025-07-31T16:04:26.562 0100|01|00|18|e601fe|363f0103e6002ae6006ce60087000000000000000000c364[payload->]...*..l.............d||25,795
2025-07-31T16:31:24.813 0100|00|00|05|fa0001|363f019f00[payload->]..||0,159
2025-07-31T16:31:24.914 0100|01|00|18|e601fe|363f0103e6002ae6006ce60087000000000000000000c364[payload->]...*..l.............d||25,795
2025-07-31T16:34:25.994 0100|00|00|05|fa0001|363f019f00[payload->]..||0,159
2025-07-31T16:34:26.095 0100|01|00|18|e601fe|363f0103e6002ae6006ce60087000000000000000000c364[payload->]...*..l.............d||25,795
2025-07-31T17:04:26.502 0100|00|00|05|fa0001|363f019f00[payload->]..||0,159
2025-07-31T17:04:26.603 0100|01|00|18|e601fe|363f0103e6002ae6006ce60087000000000000000000c364[payload->]...*..l.............d||25,795
2025-07-31T17:31:24.662 0100|00|00|05|fa0001|363f019f00[payload->]..||0,159
2025-07-31T17:31:24.763 0100|01|00|18|e601fe|363f0103e6002ae6006ce60087000000000000000000c364[payload->]...*..l.............d||25,795
2025-07-31T17:34:26.469 0100|00|00|05|fa0001|363f019f00[payload->]..||0,159
2025-07-31T17:34:26.571 0100|01|00|18|e601fe|363f0103e6002ae6006ce60087000000000000000000c364[payload->]...*..l.............d||25,795
2025-07-31T18:04:26.145 0100|00|00|05|fa0001|363f019f00[payload->]..||0,159
2025-07-31T18:04:26.347 0100|01|00|18|e601fe|363f0103e6002ae6006ce60087000000000000000000c364[payload->]...*..l.............d||25,795
2025-07-31T18:31:24.382 0100|00|00|05|fa0001|363f019f00[payload->]..||0,159
2025-07-31T18:31:24.584 0100|01|00|18|e601fe|363f0103e6002ae6006ce60087000000000000000000c364[payload->]...*..l.............d||25,795
2025-07-31T18:34:27.152 0100|00|00|05|fa0001|363f019f00[payload->]..||0,159
2025-07-31T18:34:27.253 0100|01|00|18|e601fe|363f0103e6002ae6006ce60087000000000000000000c364[payload->]...*..l.............d||25,795
2025-07-31T19:04:28.254 0100|00|00|05|fa0001|363f019f00[payload->]..||0,159
2025-07-31T19:04:28.355 0100|01|00|18|e601fe|363f0103e6002ae6006ce60087000000000000000000c364[payload->]...*..l.............d||25,795
2025-07-31T19:31:24.934 0100|00|00|05|fa0001|363f019f00[payload->]..||0,159
2025-07-31T19:31:25.035 0100|01|00|18|e601fe|363f0103e6002ae6006ce60087000000000000000000c364[payload->]...*..l.............d||25,795
2025-07-31T19:34:28.101 0100|00|00|05|fa0001|363f019f00[payload->]..||0,159
2025-07-31T19:34:28.302 0100|01|00|18|e601fe|363f0103e6002ae6006ce60087000000000000000000c364[payload->]...*..l.............d||25,795
2025-07-31T20:04:28.154 0100|00|00|05|fa0001|363f019f00[payload->]..||0,159
2025-07-31T20:04:28.255 0100|01|00|18|e601fe|363f0103e6002ae6006ce60087000000000000000000c364[payload->]...*..l.............d||25,795
2025-07-31T20:31:24.300 0100|00|00|05|fa0001|363f019f00[payload->]..||0,159
2025-07-31T20:31:24.401 0100|01|00|18|e601fe|363f0103e6002ae6006ce60087000000000000000000c364[payload->]...*..l.............d||25,795
2025-07-31T20:34:28.184 0100|00|00|05|fa0001|363f019f00[payload->]..||0,159
2025-07-31T20:34:28.286 0100|01|00|18|e601fe|363f0103e6002ae6006ce60087000000000000000000c364[payload->]...*..l.............d||25,795
2025-07-31T21:04:28.181 0100|00|00|05|fa0001|363f019f00[payload->]..||0,159
2025-07-31T21:04:28.282 0100|01|00|18|e601fe|363f0103e6002ae6006ce60087000000000000000000c364[payload->]...*..l.............d||25,795
2025-07-31T21:31:24.427 0100|00|00|05|fa0001|363f019f00[payload->]..||0,159
2025-07-31T21:31:24.528 0100|01|00|18|e601fe|363f0103e6002ae6006ce60087000000000000000000c364[payload->]...*..l.............d||25,795
2025-07-31T21:34:29.205 0100|00|00|05|fa0001|363f019f00[payload->]..||0,159
2025-07-31T21:34:29.407 0100|01|00|18|e601fe|363f0103e6002ae6006ce60087000000000000000000c364[payload->]...*..l.............d||25,795
2025-07-31T22:04:29.145 0100|00|00|05|fa0001|363f019f00[payload->]..||0,159
2025-07-31T22:04:29.247 0100|01|00|18|e601fe|363f0103e6002ae6006ce60087000000000000000000c364[payload->]...*..l.............d||25,795
2025-07-31T22:31:24.479 0100|00|00|05|fa0001|363f019f00[payload->]..||0,159
2025-07-31T22:31:24.580 0100|01|00|18|e601fe|363f0103e6002ae6006ce60087000000000000000000c364[payload->]...*..l.............d||25,795
2025-07-31T22:34:29.246 0100|00|00|05|fa0001|363f019f00[payload->]..||0,159
2025-07-31T22:34:29.347 0100|01|00|18|e601fe|363f0103e6002ae6006ce60087000000000000000000c364[payload->]...*..l.............d||25,795
2025-07-31T23:04:30.208 0100|00|00|05|fa0001|363f019f00[payload->]..||0,159
2025-07-31T23:04:30.309 0100|01|00|18|e601fe|363f0103e6002ae6006ce60087000000000000000000c364[payload->]...*..l.............d||25,795
2025-07-31T23:31:24.291 0100|00|00|05|fa0001|363f019f00[payload->]..||0,159
2025-07-31T23:31:24.393 0100|01|00|18|e601fe|363f0103e6002ae6006ce60087000000000000000000c364[payload->]...*..l.............d||25,795
2025-07-31T23:34:30.200 0100|00|00|05|fa0001|363f019f00[payload->]..||0,159
2025-07-31T23:34:30.301 0100|01|00|18|e601fe|363f0103e6002ae6006ce60087000000000000000000c364[payload->]...*..l.............d||25,795
2025-08-01T00:04:30.187 0100|00|00|05|fa0001|363f019f00[payload->]..||0,159
2025-08-01T00:04:30.288 0100|01|00|18|e601fe|363f0103e6002ae6006ce60087000000000000000000c364[payload->]...*..l.............d||25,795
2025-08-01T00:31:24.044 0100|00|00|05|fa0001|363f019f00[payload->]..||0,159
2025-08-01T00:31:24.145 0100|01|00|18|e601fe|363f0103e6002ae6006ce60087000000000000000000c364[payload->]...*..l.............d||25,795
2025-08-01T00:34:30.186 0100|00|00|05|fa0001|363f019f00[payload->]..||0,159
2025-08-01T00:34:30.288 0100|01|00|18|e601fe|363f0103e6002ae6006ce60087000000000000000000c364[payload->]...*..l.............d||25,795
2025-08-01T01:04:30.176 0100|00|00|05|fa0001|363f019f00[payload->]..||0,159
2025-08-01T01:04:30.277 0100|01|00|18|e601fe|363f0103e6002ae6006ce60087000000000000000000c364[payload->]...*..l.............d||25,795
2025-08-01T01:31:24.062 0100|00|00|05|fa0001|363f019f00[payload->]..||0,159
2025-08-01T01:31:24.163 0100|01|00|18|e601fe|363f0103e6002ae6006ce60087000000000000000000c364[payload->]...*..l.............d||25,795
2025-08-01T01:34:30.207 0100|00|00|05|fa0001|363f019f00[payload->]..||0,159
2025-08-01T01:34:30.308 0100|01|00|18|e601fe|363f0103e6002ae6006ce60087000000000000000000c364[payload->]...*..l.............d||25,795
2025-08-01T02:04:31.979 0100|00|00|05|fa0001|363f019f00[payload->]..||0,159
2025-08-01T02:04:32.182 0100|01|00|18|e601fe|363f0103e6002ae6006ce60087000000000000000000c364[payload->]...*..l.............d||25,795
2025-08-01T02:31:24.783 0100|00|00|05|fa0001|363f019f00[payload->]..||0,159
2025-08-01T02:31:24.985 0100|01|00|18|e601fe|363f0103e60036420103e6002ae6006ce600870000000000[payload->]...6B....*..l........||0,000
2025-08-01T02:34:32.028 0100|00|00|05|fa0001|363f019f00[payload->]..||0,159
2025-08-01T02:34:32.129 0100|01|00|18|e601fe|363f0103e6002ae6006ce60087000000000000000000c364[payload->]...*..l.............d||25,795
2025-08-01T03:04:31.984 0100|00|00|05|fa0001|363f019f00[payload->]..||0,159
2025-08-01T03:04:32.186 0100|01|00|18|e601fe|363f0103e6002ae6006ce60087000000000000000000c364[payload->]...*..l.............d||25,795
2025-08-01T03:31:24.235 0100|00|00|05|fa0001|363f019f00[payload->]..||0,159
2025-08-01T03:31:24.336 0100|01|00|18|e601fe|363f0103e6002ae6006ce60087000000000000000000c364[payload->]...*..l.............d||25,795
2025-08-01T03:34:34.385 0100|00|00|05|fa0001|363f019f00[payload->]..||0,159
2025-08-01T03:34:34.486 0100|01|00|18|e601fe|363f0103e6002ae6006ce60087000000000000000000c364[payload->]...*..l.............d||25,795
2025-08-01T04:04:34.117 0100|00|00|05|fa0001|363f019f00[payload->]..||0,159
2025-08-01T04:04:34.218 0100|01|00|18|e601fe|363f0103e6002ae6006ce60087000000000000000000c364[payload->]...*..l.............d||25,795
2025-08-01T04:31:24.119 0100|00|00|05|fa0001|363f019f00[payload->]..||0,159
2025-08-01T04:31:24.220 0100|01|00|18|e601fe|363f0103e6002ae6006ce60087000000000000000000c364[payload->]...*..l.............d||25,795
2025-08-01T04:34:34.132 0100|00|00|05|fa0001|363f019f00[payload->]..||0,159
2025-08-01T04:34:34.334 0100|01|00|18|e601fe|363f0103e6002ae6006ce60087000000000000000000c364[payload->]...*..l.............d||25,795
2025-08-01T05:04:34.525 0100|00|00|05|fa0001|363f019f00[payload->]..||0,159
2025-08-01T05:04:34.626 0100|01|00|18|e601fe|363f0103e6002ae6006ce60087000000000000000000c364[payload->]...*..l.............d||25,795
2025-08-01T05:34:34.191 0100|00|00|05|fa0001|363f019f00[payload->]..||0,159
2025-08-01T05:34:34.293 0100|01|00|18|e601fe|363f0103e6002ae6006ce60087000000000000000000c364[payload->]...*..l.............d||25,795
2025-08-01T06:04:34.172 0100|00|00|05|fa0001|363f019f00[payload->]..||0,159
2025-08-01T06:04:34.274 0100|01|00|18|e601fe|363f0103e6002ae6006ce60087000000000000000000c364[payload->]...*..l.............d||25,795
2025-08-01T06:31:24.071 0100|00|00|05|fa0001|363f019f00[payload->]..||0,159
2025-08-01T06:31:24.172 0100|01|00|18|e601fe|363f0103e6002ae6006ce60087000000000000000000c364[payload->]...*..l.............d||25,795
2025-08-01T06:34:34.178 0100|00|00|05|fa0001|363f019f00[payload->]..||0,159
2025-08-01T06:34:34.279 0100|01|00|18|e601fe|363f0103e6002ae6006ce60087000000000000000000c364[payload->]...*..l.............d||25,795
2025-08-01T07:04:34.116 0100|00|00|05|fa0001|363f019f00[payload->]..||0,159
2025-08-01T07:04:34.318 0100|01|00|18|e601fe|363f0103e6002ae6006ce60087000000000000000000c364[payload->]...*..l.............d||25,795
2025-08-01T07:31:24.230 0100|00|00|05|fa0001|363f019f00[payload->]..||0,159
2025-08-01T07:31:24.332 0100|01|00|18|e601fe|363f0103e6002ae6006ce60087000000000000000000c364[payload->]...*..l.............d||25,795
2025-08-01T07:34:36.161 0100|00|00|05|fa0001|363f019f00[payload->]..||0,159
2025-08-01T07:34:36.363 0100|01|00|18|e601fe|363f0103e6002ae6006ce60087000000000000000000c364[payload->]...*..l.............d||25,795
2025-08-01T08:04:36.178 0100|00|00|05|fa0001|363f019f00[payload->]..||0,159
2025-08-01T08:04:36.380 0100|01|00|18|e601fe|363f0103e6002ae6006ce60087000000000000000000c364[payload->]...*..l.............d||25,795
2025-08-01T08:34:36.164 0100|00|00|05|fa0001|363f019f00[payload->]..||0,159
2025-08-01T08:34:36.266 0100|01|00|18|e601fe|363f0103e6002ae6006ce60087000000000000000000c364[payload->]...*..l.............d||25,795
2025-08-01T09:04:36.204 0100|00|00|05|fa0001|363f019f00[payload->]..||0,159
2025-08-01T09:04:36.305 0100|01|00|18|e601fe|363f0103e6002ae6006ce60087000000000000000000c364[payload->]...*..l.............d||25,795
2025-08-01T09:31:24.630 0100|00|00|05|fa0001|363f019f00[payload->]..||0,159
2025-08-01T09:31:24.731 0100|01|00|18|e601fe|363f0103e6002ae6006ce60087000000000000000000c364[payload->]...*..l.............d||25,795
2025-08-01T09:34:36.172 0100|00|00|05|fa0001|363f019f00[payload->]..||0,159
2025-08-01T09:34:36.274 0100|01|00|18|e601fe|363f0103e6002ae6006ce60087000000000000000000c364[payload->]...*..l.............d||25,795
2025-08-01T10:04:36.345 0100|00|00|05|fa0001|363f019f00[payload->]..||0,159
2025-08-01T10:04:36.447 0100|01|00|18|e601fe|363f0103e6002ae6006ce60087000000000000000000c364[payload->]...*..l.............d||25,795
2025-08-01T10:31:24.566 0100|00|00|05|fa0001|363f019f00[payload->]..||0,159
2025-08-01T10:31:24.667 0100|01|00|18|e601fe|363f0103e6002ae6006ce60087000000000000000000c364[payload->]...*..l.............d||25,795
2025-08-01T10:34:36.105 0100|00|00|05|fa0001|363f019f00[payload->]..||0,159
2025-08-01T10:34:36.307 0100|01|00|18|e601fe|363f0103e6002ae6006ce60087000000000000000000c364[payload->]...*..l.............d||25,795
2025-08-01T11:04:37.104 0100|00|00|05|fa0001|363f019f00[payload->]..||0,159
2025-08-01T11:04:37.205 0100|01|00|18|e601fe|363f0103e6002ae6006ce60087000000000000000000c364[payload->]...*..l.............d||25,795
2025-08-01T11:31:24.542 0100|00|00|05|fa0001|363f019f00[payload->]..||0,159
2025-08-01T11:31:24.743 0100|01|00|18|e601fe|363f0103e6002ae6006ce60087000000000000000000c364[payload->]...*..l.............d||25,795
2025-08-01T11:34:36.096 0100|00|00|05|fa0001|363f019f00[payload->]..||0,159
2025-08-01T11:34:36.298 0100|01|00|18|e601fe|363f0103e6002ae6006ce60087000000000000000000c364[payload->]...*..l.............d||25,795
2025-08-01T12:04:36.380 0100|00|00|05|fa0001|363f019f00[payload->]..||0,159
2025-08-01T12:04:36.481 0100|01|00|18|e601fe|363f0103e6002ae6006ce60087000000000000000000c364[payload->]...*..l.............d||25,795
2025-08-01T12:31:24.682 0100|00|00|05|fa0001|363f019f00[payload->]..||0,159
2025-08-01T12:31:24.783 0100|01|00|18|e601fe|363f0103e6002ae6006ce60087000000000000000000c364[payload->]...*..l.............d||25,795
2025-08-01T12:34:37.174 0100|00|00|05|fa0001|363f019f00[payload->]..||0,159
2025-08-01T12:34:37.275 0100|01|00|18|e601fe|363f0103e6002ae6006ce60087000000000000000000c364[payload->]...*..l.............d||25,795
2025-08-01T13:04:37.971 0100|00|00|05|fa0001|363f019f00[payload->]..||0,159
2025-08-01T13:04:38.173 0100|01|00|18|e601fe|363f0103e6002ae6006ce60087000000000000000000c364[payload->]...*..l.............d||25,795
2025-08-01T13:31:24.421 0100|00|00|05|fa0001|363f019f00[payload->]..||0,159
2025-08-01T13:31:24.522 0100|01|00|18|e601fe|363f0103e6002ae6006ce60087000000000000000000c364[payload->]...*..l.............d||25,795
2025-08-01T13:34:38.038 0100|00|00|05|fa0001|363f019f00[payload->]..||0,159
2025-08-01T13:34:38.139 0100|01|00|18|e601fe|363f0103e6002ae6006ce60087000000000000000000c364[payload->]...*..l.............d||25,795
2025-08-01T14:04:40.061 0100|00|00|05|fa0001|363f019f00[payload->]..||0,159
2025-08-01T14:04:40.263 0100|01|00|18|e601fe|363f0103e6002ae6006ce60087000000000000000000c364[payload->]...*..l.............d||25,795
2025-08-01T14:31:25.210 0100|00|00|05|fa0001|363f019f00[payload->]..||0,159
2025-08-01T14:31:25.412 0100|01|00|18|e601fe|363f0103e6002ae6006ce60087000000000000000000c364[payload->]...*..l.............d||25,795
2025-08-01T14:34:41.130 0100|00|00|05|fa0001|363f019f00[payload->]..||0,159
2025-08-01T14:34:41.332 0100|01|00|18|e601fe|363f0103e6002ae6006ce60087000000000000000000c364[payload->]...*..l.............d||25,795
2025-08-01T15:04:41.955 0100|00|00|05|fa0001|363f019f00[payload->]..||0,159
2025-08-01T15:04:42.157 0100|01|00|18|e601fe|363f0103e6002ae6006ce60087000000000000000000c364[payload->]...*..l.............d||25,795
2025-08-01T15:31:24.115 0100|00|00|05|fa0001|363f019f00[payload->]..||0,159
2025-08-01T15:31:24.216 0100|01|00|18|e601fe|363f0103e6002ae6006ce60087000000000000000000c364[payload->]...*..l.............d||25,795
2025-08-01T15:34:42.104 0100|00|00|05|fa0001|363f019f00[payload->]..||0,159
2025-08-01T15:34:42.306 0100|01|00|18|e601fe|363f0103e6002ae6006ce60087000000000000000000c364[payload->]...*..l.............d||25,795
2025-08-01T16:04:42.254 0100|00|00|05|fa0001|363f019f00[payload->]..||0,159
2025-08-01T16:04:42.456 0100|01|00|18|e601fe|363f0103e6002ae6006ce60087000000000000000000c364[payload->]...*..l.............d||25,795
2025-08-01T16:31:25.418 0100|00|00|05|fa0001|363f019f00[payload->]..||0,159
2025-08-01T16:31:25.620 0100|01|00|18|e601fe|363f0103e6002ae6006ce60087000000000000000000c364[payload->]...*..l.............d||25,795
2025-08-01T16:34:42.176 0100|00|00|05|fa0001|363f019f00[payload->]..||0,159
2025-08-01T16:34:42.277 0100|01|00|18|e601fe|363f0103e6002ae6006ce60087000000000000000000c264[payload->]...*..l.............d||25,794
2025-08-01T17:04:42.108 0100|00|00|05|fa0001|363f019f00[payload->]..||0,159
2025-08-01T17:04:42.209 0100|01|00|18|e601fe|363f0103e6002ae6006ce60087000000000000000000c364[payload->]...*..l.............d||25,795
2025-08-01T17:31:24.049 0100|00|00|05|fa0001|363f019f00[payload->]..||0,159
2025-08-01T17:31:24.251 0100|01|00|18|e601fe|363f0103e6002ae6006ce60083000000000000000000c364[payload->]...*..l.............d||25,795
2025-08-01T17:34:42.143 0100|00|00|05|fa0001|363f019f00[payload->]..||0,159
2025-08-01T17:34:42.445 0100|01|00|18|e601fe|363f0103e6002ae6006ce60087000000000000000000c364[payload->]...*..l.............d||25,795
2025-08-01T18:04:42.169 0100|00|00|05|fa0001|363f019f00[payload->]..||0,159
2025-08-01T18:04:42.270 0100|01|00|18|e601fe|363f0103e6002ae6006ce60087000000000000000000c364[payload->]...*..l.............d||25,795
2025-08-01T18:31:24.101 0100|00|00|05|fa0001|363f019f00[payload->]..||0,159
2025-08-01T18:31:24.202 0100|01|00|18|e601fe|363f0103e6002ae6006ce60087000000000000000000c364[payload->]...*..l.............d||25,795
2025-08-01T18:34:42.114 0100|00|00|05|fa0001|363f019f00[payload->]..||0,159
2025-08-01T18:34:42.215 0100|01|00|18|e601fe|363f0103e6002ae6006ce60087000000000000000000c364[payload->]...*..l.............d||25,795
2025-08-01T19:04:42.094 0100|00|00|05|fa0001|363f019f00[payload->]..||0,159
2025-08-01T19:04:42.295 0100|01|00|18|e601fe|363f0103e6002ae6006ce60087000000000000000000c364[payload->]...*..l.............d||25,795
2025-08-01T19:31:23.972 0100|00|00|05|fa0001|363f019f00[payload->]..||0,159
2025-08-01T19:31:24.174 0100|01|00|18|e601fe|363f0103e6002ae6006ce60087000000000000000000c364[payload->]...*..l.............d||25,795
2025-08-01T19:34:43.170 0100|00|00|05|fa0001|363f019f00[payload->]..||0,159
2025-08-01T19:34:43.271 0100|01|00|18|e601fe|363f0103e6002ae6006ce60087000000000000000000c364[payload->]...*..l.............d||25,795
2025-08-01T20:04:44.123 0100|00|00|05|fa0001|363f019f00[payload->]..||0,159
2025-08-01T20:04:44.224 0100|01|00|18|e601fe|363f0103e6002ae6006ce60087000000000000000000c364[payload->]...*..l.............d||25,795
2025-08-01T20:31:24.555 0100|00|00|05|fa0001|363f019f00[payload->]..||0,159
2025-08-01T20:31:24.656 0100|01|00|18|e601fe|363f0103e6002ae6006ce60087000000000000000000c364[payload->]...*..l.............d||25,795
2025-08-01T20:34:45.023 0100|00|00|05|fa0001|363f019f00[payload->]..||0,159
2025-08-01T20:34:45.224 0100|01|00|18|e601fe|363f0103e6002ae6006ce60087000000000000000000c364[payload->]...*..l.............d||25,795
2025-08-01T21:04:45.153 0100|00|00|05|fa0001|363f019f00[payload->]..||0,159
2025-08-01T21:04:45.254 0100|01|00|18|e601fe|363f0103e6002ae6006ce60087000000000000000000c364[payload->]...*..l.............d||25,795
2025-08-01T21:31:24.366 0100|00|00|05|fa0001|363f019f00[payload->]..||0,159
2025-08-01T21:31:24.467 0100|01|00|18|e601fe|363f0103e6002ae6006ce60087000000000000000000c364[payload->]...*..l.............d||25,795
2025-08-01T21:34:45.030 0100|00|00|05|fa0001|363f019f00[payload->]..||0,159
2025-08-01T21:34:45.132 0100|01|00|18|e601fe|363f0103e6002ae6006ce60087000000000000000000c364[payload->]...*..l.............d||25,795
2025-08-01T22:04:46.130 0100|00|00|05|fa0001|363f019f00[payload->]..||0,159
2025-08-01T22:04:46.332 0100|01|00|18|e601fe|363f0103e6002ae6006ce60087000000000000000000c364[payload->]...*..l.............d||25,795
2025-08-01T22:31:24.252 0100|00|00|05|fa0001|363f019f00[payload->]..||0,159
2025-08-01T22:31:24.353 0100|01|00|18|e601fe|363f0103e6002ae6006ce60087000000000000000000c364[payload->]...*..l.............d||25,795
2025-08-01T22:34:46.053 0100|00|00|05|fa0001|363f019f00[payload->]..||0,159
2025-08-01T22:34:46.255 0100|01|00|18|e601fe|363f0103e6002ae6006ce60087000000000000000000c364[payload->]...*..l.............d||25,795
2025-08-01T23:04:46.059 0100|00|00|05|fa0001|363f019f00[payload->]..||0,159
2025-08-01T23:04:46.261 0100|01|00|18|e601fe|363f0103e6002ae6006ce60087000000000000000000c364[payload->]...*..l.............d||25,795
2025-08-01T23:31:24.435 0100|00|00|05|fa0001|363f019f00[payload->]..||0,159
2025-08-01T23:31:24.536 0100|01|00|18|e601fe|363f0103e6002ae6006ce60087000000000000000000c364[payload->]...*..l.............d||25,795
2025-08-02T00:04:46.057 0100|00|00|05|fa0001|363f019f00[payload->]..||0,159
2025-08-02T00:04:46.259 0100|01|00|18|e601fe|363f0103e6002ae6006ce60087000000000000000000c364[payload->]...*..l.............d||25,795
2025-08-02T00:31:24.189 0100|00|00|05|fa0001|363f019f00[payload->]..||0,159
2025-08-02T00:31:24.391 0100|01|00|18|e601fe|363f0103e6002ae6006ce60087000000000000000000c364[payload->]...*..l.............d||25,795
2025-08-02T00:34:46.049 0100|00|00|05|fa0001|363f019f00[payload->]..||0,159
2025-08-02T00:34:46.251 0100|01|00|18|e601fe|363f0103e6002ae6006ce60087000000000000000000c364[payload->]...*..l.............d||25,795
2025-08-02T01:04:46.081 0100|00|00|05|fa0001|363f019f00[payload->]..||0,159
2025-08-02T01:04:46.283 0100|01|00|18|e601fe|363f0103e6002ae6006ce60087000000000000000000c364[payload->]...*..l.............d||25,795
2025-08-02T01:31:24.268 0100|00|00|05|fa0001|363f019f00[payload->]..||0,159
2025-08-02T01:31:24.369 0100|01|00|18|e601fe|363f0103e6002ae6006ce60087000000000000000000c364[payload->]...*..l.............d||25,795
2025-08-02T01:34:46.095 0100|00|00|05|fa0001|363f019f00[payload->]..||0,159
2025-08-02T01:34:46.196 0100|01|00|18|e601fe|363f0103e6002ae6006ce60087000000000000000000c364[payload->]...*..l.............d||25,795
2025-08-02T02:04:46.077 0100|00|00|05|fa0001|363f019f00[payload->]..||0,159
2025-08-02T02:04:46.279 0100|01|00|18|e601fe|363f0103e6002ae6006ce60087000000000000000000c364[payload->]...*..l.............d||25,795
2025-08-02T02:31:24.269 0100|00|00|05|fa0001|363f019f00[payload->]..||0,159
2025-08-02T02:31:24.470 0100|01|00|18|e601fe|363f0103e6002ae6006ce60087000000000000000000c364[payload->]...*..l.............d||25,795
2025-08-02T02:34:46.104 0100|00|00|05|fa0001|363f019f00[payload->]..||0,159
2025-08-02T02:34:46.306 0100|01|00|18|e601fe|363f0103e6002ae6006ce60087000000000000000000c364[payload->]...*..l.............d||25,795
2025-08-02T03:04:46.292 0100|00|00|05|fa0001|363f019f00[payload->]..||0,159
2025-08-02T03:04:46.393 0100|01|00|18|e601fe|363f0103e6002ae6006ce60087000000000000000000c364[payload->]...*..l.............d||25,795
2025-08-02T03:31:24.249 0100|00|00|05|fa0001|363f019f00[payload->]..||0,159
2025-08-02T03:31:24.450 0100|01|00|18|e601fe|363f0103e6002ae6006ce60087000000000000000000c364[payload->]...*..l.............d||25,795
2025-08-02T04:31:24.196 0100|00|00|05|fa0001|363f019f00[payload->]..||0,159
2025-08-02T04:31:24.398 0100|01|00|18|e601fe|363f0103e6002ae6006ce60087000000000000000000c364[payload->]...*..l.............d||25,795
2025-08-02T04:34:46.212 0100|00|00|05|fa0001|363f019f00[payload->]..||0,159
2025-08-02T04:34:46.313 0100|01|00|18|e603fe|363f0103e6002ae6006ce60087000000000000000000c364[payload->]...*..l.............d||25,795
2025-08-02T05:04:46.302 0100|00|00|05|fa0001|363f019f00[payload->]..||0,159
2025-08-02T05:04:46.403 0100|01|00|18|e601fe|363f0103e6002ae6006ce60087000000000000000000c364[payload->]...*..l.............d||25,795
2025-08-02T05:31:24.309 0100|00|00|05|fa0001|363f019f00[payload->]..||0,159
2025-08-02T05:31:24.410 0100|01|00|18|e601fe|363f0103e6002ae6006ce60087000000000000000000c364[payload->]...*..l.............d||25,795
2025-08-02T05:34:47.187 0100|00|00|05|fa0001|363f019f00[payload->]..||0,159
2025-08-02T05:34:47.288 0100|01|00|18|e601fe|363f0103e6002ae6006ce60087000000000000000000c364[payload->]...*..l.............d||25,795
2025-08-02T06:04:47.149 0100|00|00|05|fa0001|363f019f00[payload->]..||0,159
2025-08-02T06:04:47.250 0100|01|00|18|e601fe|363f0103e6002ae6006ce60087000000000000000000c364[payload->]...*..l.............d||25,795
2025-08-02T06:34:47.148 0100|00|00|05|fa0001|363f019f00[payload->]..||0,159
2025-08-02T06:34:47.249 0100|01|00|18|e601fe|363f0103e6002ae6006ce60087000000000000000000c364[payload->]...*..l.............d||25,795
2025-08-02T07:04:47.153 0100|00|00|05|fa0001|363f019f00[payload->]..||0,159
2025-08-02T07:04:47.254 0100|01|00|18|e601fe|363f0103e6002ae6006ce60087000000000000000000c364[payload->]...*..l.............d||25,795
2025-08-02T07:31:24.215 0100|00|00|05|fa0001|363f019f00[payload->]..||0,159
2025-08-02T07:34:47.178 0100|00|00|05|fa0001|363f019f00[payload->]..||0,159
2025-08-02T07:34:47.279 0100|01|00|18|e601fe|363f0103e6002ae6006ce60087000000000000000000c364[payload->]...*..l.............d||25,795
2025-08-02T08:04:48.038 0100|00|00|05|fa0001|363f019f00[payload->]..||0,159
2025-08-02T08:31:24.579 0100|00|00|05|fa0001|363f019f00[payload->]..||0,159
2025-08-02T08:31:24.882 0100|01|00|18|e601fe|363f0103e6002ae6006ce60087000000000000000000c364[payload->]...*..l.............d||25,795
2025-08-02T08:34:47.952 0100|00|00|05|fa0001|363f019f00[payload->]..||0,159
2025-08-02T08:34:48.154 0100|01|00|18|e601fe|363f0103e6002ae6006ce60087000000000000000000c364[payload->]...*..l.............d||25,795
2025-08-02T09:04:48.002 0100|00|00|05|fa0001|363f019f00[payload->]..||0,159
2025-08-02T09:04:48.103 0100|01|00|18|e601fe|363f0103e6002ae6006ce60087000000000000000000c364[payload->]...*..l.............d||25,795
2025-08-02T09:31:24.352 0100|00|00|05|fa0001|363f019f00[payload->]..||0,159
2025-08-02T09:31:24.554 0100|01|00|18|e601fe|363f0103e6002ae6006ce60087000000000000000000c364[payload->]...*..l.............d||25,795
2025-08-02T09:34:48.024 0100|00|00|05|fa0001|363f019f00[payload->]..||0,159
2025-08-02T10:04:49.276 0100|00|00|05|fa0001|363f019f00[payload->]..||0,159
2025-08-02T10:04:49.377 0100|01|00|18|e601fe|363f0103e6002ae6006ce60087000000000000000000c36c[payload->]...*..l.............l||27,843
2025-08-02T10:31:25.534 0100|00|00|05|fa0001|363f019f00[payload->]..||0,159
2025-08-02T10:31:25.736 0100|01|02|18|e601fe|363f0103e6002ae6006ce60087000000000000000000c364[payload->]...*..l.............d||25,795
2025-08-02T10:34:49.284 0100|00|00|05|fa0001|363f019f00[payload->]..||0,159
2025-08-02T10:34:49.385 0100|01|00|18|e601fe|363f0103e6002ae6006ce60087000000000000000000c364[payload->]...*..l.............d||25,795
2025-08-02T11:04:49.105 0100|00|00|05|fa0001|363f019f00[payload->]..||0,159
2025-08-02T11:04:49.206 0100|01|00|18|e601fe|363f0103e6002ae6006ce60087000000000000000000c364[payload->]...*..l.............d||25,795
2025-08-02T11:31:24.347 0100|00|00|05|fa0001|363f019f00[payload->]..||0,159
2025-08-02T11:31:24.449 0100|01|00|18|e601fe|363f0103e6002ae6006ce60087000000000000000000c364[payload->]...*..l.............d||25,795
2025-08-02T11:34:49.167 0100|00|00|05|fa0001|363f019f00[payload->]..||0,159
2025-08-02T11:34:49.771 0100|01|80|98|e609fe|363f0103e6002ae6006ce60087000000000000000000c3640100000005fa000110030154f00100010047f741fe100301ffff859c0100000005fa000154100171bd0100010006f801fe5410010265170100000005fa00012004016bf20100010009f501fe200401ffffffff850d0100000005fa0001200201cbf1010001000bf301fe200201ae8da802453b1e8d0100000005fa0003100301[payload->]...*..l.............d...........T.....G.A................T..q.........T...e......... ..k......... ................ ............ ......E;.............||0,259
2025-08-02T12:04:50.110 0100|00|00|05|fa0001|363f019f00[payload->]..||0,159
2025-08-02T12:04:50.211 0100|01|00|18|e601fe|363f0103e6002ae6006ce60087000000000000000000c364[payload->]...*..l.............d||25,795
2025-08-02T12:31:24.278 0100|00|00|05|fa0001|363f019f00[payload->]..||0,159
2025-08-02T12:31:24.480 0100|01|00|18|e601fe|363f0103e6002ae6006ce60087000000000000000000c364[payload->]...*..l.............d||25,795
2025-08-02T12:34:51.169 0100|00|00|05|fa0001|363f019f00[payload->]..||0,159
2025-08-02T12:34:51.270 0100|01|00|18|e601fe|363f0103e6002ae6006ce60087000000000000000000c364[payload->]...*..l.............d||25,795
2025-08-02T13:04:52.280 0100|00|00|05|fa0001|363f019f00[payload->]..||0,159
2025-08-02T13:04:52.381 0100|01|00|18|e601fe|363f0103e6002ae6006ce60087000000000000000000c364[payload->]...*..l.............d||25,795
2025-08-02T13:31:24.209 0100|00|00|05|fa0001|363f019f00[payload->]..||0,159
2025-08-02T13:31:24.410 0100|01|00|18|e601fe|363f0103e6002ae6006ce60087000000000000000000c364[payload->]...*..l.............d||25,795
2025-08-02T13:34:54.137 0100|00|00|05|fa0001|363f019f00[payload->]..||0,159
2025-08-02T13:34:54.338 0100|01|00|18|e601fe|363f0103e6002ae6006ce60087000000000000000000c364[payload->]...*..l.............d||25,795
2025-08-02T14:04:54.155 0100|00|00|05|fa0001|363f019f00[payload->]..||0,159
2025-08-02T14:04:54.357 0100|01|00|18|e601fe|363f0103e6002ae60a6ce60087000000000000000000c364[payload->]...*..l.............d||25,795
2025-08-02T14:31:24.462 0100|00|00|05|fa0001|363f019f00[payload->]..||0,159
2025-08-02T14:31:24.563 0100|01|00|18|e601fe|363f0103e6002ae6006ce60087000000000000000000c364[payload->]...*..l.............d||25,795
2025-08-02T14:34:55.497 0100|01|00|18|e601fe|363f0103e6002ae6006ce60087000000000000000000c364[payload->]...*..l.............d||25,795
2025-08-02T15:04:54.189 0100|00|00|05|fa0001|363f019f00[payload->]..||0,159
2025-08-02T15:04:54.290 0100|01|00|18|e601fe|363f0103e6002ae6006ce60087000000000000000000c364[payload->]...*..l.............d||25,795
2025-08-02T15:31:24.228 0100|00|00|05|fa0001|363f019f00[payload->]..||0,159
2025-08-02T15:31:24.329 0100|01|00|18|e601fe|363f0103e6002ae6006ce60087000000000000000000c364[payload->]...*..l.............d||25,795
2025-08-02T15:34:54.146 0100|00|00|05|fa0001|363f019f00[payload->]..||0,159
2025-08-02T15:34:54.248 0100|01|00|18|e601fe|363f0103e6002ae6006ce6008f000000000000000000c364[payload->]...*..l.............d||25,795
2025-08-02T16:04:54.189 0100|00|00|05|fa0001|363f019f00[payload->]..||0,159
2025-08-02T16:04:54.290 0100|01|00|18|e601fe|363f0103e6002ae6006ce60087000000000000000000c364[payload->]...*..l.............d||25,795
2025-08-02T16:31:24.222 0100|00|00|05|fa0001|363f019f00[payload->]..||0,159
2025-08-02T16:31:24.323 0100|09|00|18|e601fe|363f0103e6002ae6006ce60087000000000000000000c364[payload->]...*..l.............d||25,795
2025-08-02T16:34:54.224 0100|00|00|05|fa0001|363f019f00[payload->]..||0,159
2025-08-02T16:34:54.426 0100|01|00|18|e601fe|363f0103e6002ae6006ce60087000040000000000000c364[payload->]...*..l.....@.......d||25,795
2025-08-02T17:04:54.094 0100|00|00|05|fa0001|363f019f00[payload->]..||0,159
2025-08-02T17:04:54.295 0100|01|00|18|e601fe|363f0103e6002ae6006ce60087000000000000000000c364[payload->]...*..l.............d||25,795
2025-08-02T17:31:24.173 0100|00|00|05|fa0001|363f019f00[payload->]..||0,159
2025-08-02T17:31:24.375 0100|01|00|18|e601fe|363f0103e6002ae6006ce60087000000000000000000c364[payload->]...*..l.............d||25,795
2025-08-02T17:34:54.174 0100|00|00|05|fa0001|363f019f00[payload->]..||0,159
2025-08-02T17:34:54.276 0100|01|00|18|e601fe|363f0103e6002ae6006ce60087000000000000000000c364[payload->]...*..l.............d||25,795
2025-08-02T18:04:54.165 0100|00|00|05|fa0001|363f019f00[payload->]..||0,159
2025-08-02T18:31:24.282 0100|00|00|05|fa0001|363f019f00[payload->]..||0,159
2025-08-02T18:31:24.383 0100|01|00|18|e601fe|363f0103e6002ae6006ce60087000000000000000000c364[payload->]...*..l.............d||25,795
2025-08-02T18:34:54.186 0100|00|00|05|fa0001|363f019f00[payload->]..||0,159
2025-08-02T19:04:54.143 0100|00|00|05|fa0001|363f019f00[payload->]..||0,159
2025-08-02T19:04:54.244 0100|01|00|18|e601fe|363f0103e6002ae6006ce60087000000000000000000c364[payload->]...*..l.............d||25,795
2025-08-02T19:34:55.379 0100|00|00|05|fa0001|363f019f00[payload->]..||0,159
2025-08-02T19:34:55.581 0100|01|00|18|e601fe|363f0103e6002ae6006ce60087000000000000000000c364[payload->]...*..l.............d||25,795
2025-08-02T20:31:25.067 0100|00|00|05|fa0001|363f019f00[payload->]..||0,159
2025-08-02T20:31:25.269 0100|01|00|18|e601fe|363f0103e6002ae6006ce60087000000000000000000c364[payload->]...*..l.............d||25,795
2025-08-02T20:34:57.105 0100|00|00|05|fa0001|363f019f00[payload->]..||0,159
2025-08-02T20:34:57.306 0100|01|00|18|e601fe|363f0103e6002ae6006ce60087000000000000000000c364[payload->]...*..l.............d||25,795
2025-08-02T21:04:57.201 0100|00|00|05|fa0001|363f019f00[payload->]..||0,159
2025-08-02T21:04:57.403 0100|01|00|18|e601fe|363f0103e6002ae6006ce60087000000000000000000c364[payload->]...*..l.............d||25,795
2025-08-02T21:34:57.129 0100|00|00|05|fa0001|363f019f00[payload->]..||0,159
2025-08-02T21:34:57.331 0100|01|00|18|e601fe|363f0103e6002ae6006ce60087000000000000000000c364[payload->]...*..l.............d||25,795
2025-08-02T22:04:57.248 0100|00|00|05|fa0001|363f019f00[payload->]..||0,159
2025-08-02T22:04:57.550 0100|01|00|18|e601fe|363f0103e6002ae6006ce60087000000000000000000c364[payload->]...*..l.............d||25,795
2025-08-02T22:31:24.707 0100|00|00|05|fa0001|363f019f00[payload->]..||0,159
2025-08-02T22:31:24.809 0100|01|00|18|e601fe|363f0103e6002ae6006ce60087000000000000000000c364[payload->]...*..l.............d||25,795
2025-08-02T22:34:57.316 0100|00|00|05|fa0001|363f019f00[payload->]..||0,159
2025-08-02T22:34:57.417 0100|01|00|18|e601fe|363f0103e6002ae6006ce60087000000000000000000c364[payload->]...*..l.............d||25,795
2025-08-02T23:04:57.105 0100|00|00|05|fa0001|363f019f00[payload->]..||0,159
2025-08-02T23:04:57.207 0100|01|00|18|e601fe|363f0103e6002ae6006ce60087000000000000000000c364[payload->]...*..l.............d||25,795
2025-08-02T23:31:24.831 0100|00|00|05|fa0001|363f019f00[payload->]..||0,159
2025-08-02T23:31:24.932 0100|01|00|18|e601fe|363f0103e6002ae6006ce60087000000000000000000c364[payload->]...*..l.............d||25,795
2025-08-02T23:34:58.337 0100|00|00|05|fa0001|363f019f00[payload->]..||0,159
2025-08-03T00:04:58.423 0100|00|00|05|fa0001|363f019f00[payload->]..||0,159
2025-08-03T00:04:58.524 0100|01|00|18|e601fe|363f0103e6002ae6006ce60087000000000000000000c364[payload->]...*..l.............d||25,795
2025-08-03T00:31:24.506 0100|00|00|05|fa0001|363f019f00[payload->]..||0,159
2025-08-03T00:31:24.608 0100|01|00|18|e601fe|363f0103e6002ae6006ce60087000000000000000000c364[payload->]...*..l.............d||25,795
2025-08-03T00:34:58.528 0100|01|00|18|e601fe|363f0103e6002ae6006ce60087000000000000000000c364[payload->]...*..l.............d||25,795
2025-08-03T01:05:00.244 0100|00|00|05|fa0001|363f019f00[payload->]..||0,159
2025-08-03T01:05:00.345 0100|01|00|18|e601fe|363f0103e6002ae6006ce60087000000000000000000c364[payload->]...*..l.............d||25,795
2025-08-03T01:31:24.770 0100|00|00|05|fa0001|363f019f00[payload->]..||0,159
2025-08-03T01:31:24.871 0100|01|00|18|e601fe|363f0103e6002ae6006ce60087000000000000000000c364[payload->]...*..l.............d||25,795
2025-08-03T01:35:01.992 0100|00|00|05|fa0001|363f019f00[payload->]..||0,159
2025-08-03T01:35:02.194 0100|01|00|18|e601fe|363f0103e6002ae6006ce60087000000000000000000c364[payload->]...*..l.............d||25,795
2025-08-03T02:05:01.994 0100|00|00|05|fa0001|363f019f00[payload->]..||0,159
2025-08-03T02:05:02.196 0100|01|00|18|e601fe|363f0103e6002ae6006ce60087000000000000000000c364[payload->]...*..l.............d||25,795
2025-08-03T02:31:24.832 0100|00|00|05|fa0001|363f019f00[payload->]..||0,159
2025-08-03T02:35:03.224 0100|00|00|05|fa0001|363f019f00[payload->]..||0,159
2025-08-03T02:35:03.325 0100|01|00|18|e601fe|363f0103e6002ae6006ce60087000000000000000000c364[payload->]...*..l.............d||25,795
2025-08-03T03:05:03.159 0100|00|00|05|fa0001|363f019f00[payload->]..||0,159
2025-08-03T03:05:03.361 0100|01|00|18|e601fe|363f0103e6002ae6006ce60087000000000000000000c364[payload->]...*..l.............d||25,795
2025-08-03T03:31:24.706 0100|00|00|05|fa0001|363f019f00[payload->]..||0,159
2025-08-03T03:31:24.908 0100|01|00|18|e601fe|363f0103e6002ae6006ce60087000000000000000000c364[payload->]...*..l.............d||25,795
2025-08-03T03:35:03.111 0100|00|00|05|fa0001|363f019f00[payload->]..||0,159
2025-08-03T03:35:03.313 0100|01|00|18|e601fe|363f0103e6002ae6006ce60087000000000000000000c364[payload->]...*..l.............d||25,795
2025-08-03T04:05:03.214 0100|00|00|05|fa0001|363f019f00[payload->]..||0,159
2025-08-03T04:05:03.416 0100|01|00|18|e601fe|363f0103e6002ae6006ce60087000000000000000000c364[payload->]...*..l.............d||25,795
2025-08-03T04:31:24.960 0100|00|00|05|fa0001|363f019f00[payload->]..||0,159
2025-08-03T04:35:03.485 0100|00|00|05|fa0001|363f019f00[payload->]..||0,159
2025-08-03T04:35:03.587 0100|01|00|18|e601fe|363f0103e6002ae6006ce60087000000000000000000c364[payload->]...*..l.............d||25,795
2025-08-03T05:05:03.078 0100|00|00|05|fa0001|363f019f00[payload->]..||0,159
2025-08-03T05:05:03.280 0100|01|00|18|e601fe|363f0103e6002ae6006ce60087000000000000000000c364[payload->]...*..l.............d||25,795
2025-08-03T05:31:24.868 0100|00|00|05|fa0001|363f019f00[payload->]..||0,159
2025-08-03T05:31:24.969 0100|01|00|18|e601fe|363f0103e6002ae6006ce60087000000000000000000c364[payload->]...*..l.............d||25,795
2025-08-03T05:35:03.215 0100|00|00|05|fa0001|363f019f00[payload->]..||0,159
2025-08-03T05:35:03.417 0100|01|00|18|e601fe|363f0103e6002ae6006ce60087000000000000000000c364[payload->]...*..l.............d||25,795
2025-08-03T06:05:03.120 0100|00|00|05|fa0001|363f019f00[payload->]..||0,159
2025-08-03T06:05:03.221 0100|01|00|18|e601fe|363f0103e6002ae6006ce60087000000000000000000c364[payload->]...*..l.............d||25,795
2025-08-03T06:31:24.928 0100|00|00|05|fa0001|363f019f00[payload->]..||0,159
2025-08-03T06:31:25.130 0100|01|00|18|e601fe|363f0103e6002ae6006ce60087000000000000000000c364[payload->]...*..l.............d||25,795
2025-08-03T06:35:03.131 0100|00|00|05|fa0001|363f019f00[payload->]..||0,159
2025-08-03T06:35:03.332 0100|01|00|18|e601fe|363f0103e6002ae6006ce60087000000000000000000c364[payload->]...*..l.............d||25,795
2025-08-03T07:05:03.108 0100|00|00|05|fa0001|363f019f00[payload->]..||0,159
2025-08-03T07:05:03.410 0100|01|00|18|e601fe|363f0103e6002ae6006ce60087000000000000000000c364[payload->]...*..l.............d||25,795
2025-08-03T07:35:04.037 0100|00|00|05|fa0001|363f019f00[payload->]..||0,159
2025-08-03T07:35:04.138 0100|01|00|18|e601fe|363f0103e6002ae6006ce60087000000000000000000c364[payload->]...*..l.............d||25,795
2025-08-03T08:05:04.653 0100|00|00|05|fa0001|363f019f00[payload->]..||0,159
2025-08-03T08:05:04.754 0100|01|00|18|e601fe|363f0103e6002ae6006ce60087000000000000000000c364[payload->]...*..l.............d||25,795
2025-08-03T08:31:24.934 0100|00|00|05|fa0001|363f019f00[payload->]..||0,159
2025-08-03T08:31:25.136 0100|01|00|18|e601fe|363f0103e6002ae6006ce60087000000000000000000c364[payload->]...*..l.............d||25,795
2025-08-03T08:35:04.047 0100|00|00|05|fa0001|363f019f00[payload->]..||0,159
2025-08-03T08:35:04.249 0100|01|00|18|e601fe|363f0103e6002ae6006ce60087000000000000000000c364[payload->]...*..l.............d||25,795
2025-08-03T09:05:05.136 0100|00|00|05|fa0001|363f019f00[payload->]..||0,159
2025-08-03T09:05:05.438 0100|01|00|18|e601fe|363f0103e6002ae6006ce60087000000000000000000c364[payload->]...*..l.............d||25,795
2025-08-03T09:35:05.535 0100|00|00|05|fa0001|363f019f00[payload->]..||0,159
2025-08-03T09:35:05.636 0100|01|00|18|e601fe|363f0103e6002ae6006ce60087000000000000000000c364[payload->]...*..l.............d||25,795
2025-08-03T10:05:05.101 0100|00|00|05|fa0001|363f019f00[payload->]..||0,159
2025-08-03T10:31:24.541 0100|00|00|05|fa0001|363f019f00[payload->]..||0,159
2025-08-03T10:31:24.642 0100|01|00|18|e601fe|363f0103e6002ae6006ce60087000000000000000000c364[payload->]...*..l.............d||25,795
2025-08-03T10:35:05.855 0100|00|00|05|fa0001|363f019f00[payload->]..||0,159
2025-08-03T10:35:05.956 0100|01|00|18|e601fe|363f0103e6002ae6006ce60087000000000000000000c364[payload->]...*..l.............d||25,795
2025-08-03T11:05:05.207 0100|00|00|05|fa0001|363f019f00[payload->]..||0,159
2025-08-03T11:05:05.408 0100|01|00|18|e601fe|363f0103e6002ae6006ce60087000000000000000000c364[payload->]...*..l.............d||25,795
2025-08-03T11:31:24.536 0100|00|00|05|fa0001|363f019f00[payload->]..||0,159
2025-08-03T11:31:24.637 0100|01|00|18|e601fe|363f0103e6002ae6006ce60087000000000000000000c364[payload->]...*..l.............d||25,795
2025-08-03T11:35:05.191 0100|00|00|05|fa0001|363f019f00[payload->]..||0,159
2025-08-03T11:35:05.292 0100|01|00|18|e601fe|363f0103e6002ae6006ce60087000000000000000000c364[payload->]...*..l.............d||25,795
2025-08-03T12:05:06.720 0100|00|00|05|fa0001|363f019f00[payload->]..||0,159
2025-08-03T12:05:06.921 0100|01|00|18|e601fe|363f0103e6002ae6006ee60087000000000000000000c364[payload->]...*..n.............d||25,795
2025-08-03T12:31:24.510 0100|00|00|05|fa0001|363f019f00[payload->]..||0,159
2025-08-03T12:31:24.611 0100|01|00|18|e601fe|363f0103e6002ae6006ce60087000000000000000000c364[payload->]...*..l.............d||25,795
2025-08-03T12:35:06.788 0100|00|00|05|fa0001|363f019f00[payload->]..||0,159
2025-08-03T12:35:06.889 0100|01|00|18|e601fe|363f0103e6002ae6006ce60087000000000000000000c364[payload->]...*..l.............d||25,795
2025-08-03T13:05:06.710 0100|00|00|05|fa0001|363f019f00[payload->]..||0,159
2025-08-03T13:05:06.812 0100|01|00|18|e601fe|363f0103e6002ae6006ce60087000000000000000000c364[payload->]...*..l.............d||25,795
2025-08-03T13:31:24.523 0100|00|00|05|fa0001|363f019f00[payload->]..||0,159
2025-08-03T13:31:24.624 0100|01|00|18|e601fe|363f0103e6002ae6006ce60087000000000000000000c364[payload->]...*..l.............d||25,795
2025-08-03T13:35:06.752 0100|00|00|05|fa0001|363f019f00[payload->]..||0,159
2025-08-03T13:35:06.853 0100|01|00|18|e601fe|363f0103e6002ae6006ce60087000000000000000000c364[payload->]...*..l.............d||25,795
2025-08-03T14:05:06.707 0100|00|00|05|fa0001|363f019f00[payload->]..||0,159
2025-08-03T14:05:06.909 0100|01|00|18|e601fe|363f0103e6002ae6006ce60087000000000000000000c364[payload->]...*..l.............d||25,795
2025-08-03T14:31:24.692 0100|00|00|05|fa0001|363f019f00[payload->]..||0,159
2025-08-03T14:31:24.894 0100|01|00|18|e601fe|363f0143e6022ae6006ce60087000000000000000000c364[payload->]C..*..l.............d||25,795
2025-08-03T14:35:06.892 0100|00|00|05|fa0001|363f019f00[payload->]..||0,159
2025-08-03T15:05:06.789 0100|00|00|05|fa0001|363f019f00[payload->]..||0,159
2025-08-03T15:05:06.891 0100|01|00|18|e601fe|363f0103e6002ae6006ce60087000000000000000000c364[payload->]...*..l.............d||25,795
2025-08-03T15:31:24.792 0100|00|00|05|fa0001|363f019f00[payload->]..||0,159
2025-08-03T15:31:24.894 0100|01|00|18|e601fe|363f0103e6002ae6006ce60087000000000000000000c364[payload->]...*..l.............d||25,795
2025-08-03T15:35:06.797 0100|00|00|05|fa0001|363f019f00[payload->]..||0,159
2025-08-03T15:35:06.898 0100|01|00|18|e601fe|363f0103e6002ae6006ce60087000000000000000000c364[payload->]...*..l.............d||25,795
2025-08-03T16:05:06.734 0100|00|00|05|fa0001|363f019f00[payload->]..||0,159
2025-08-03T16:31:24.234 0100|00|00|05|fa0001|363f019f00[payload->]..||0,159
2025-08-03T16:31:24.335 0100|01|00|18|e601fe|363f0103e6002ae6006ce60087000000000000000000c364[payload->]...*..l.............d||25,795
2025-08-03T16:35:09.142 0100|00|00|05|fa0001|363f019f00[payload->]..||0,159
2025-08-03T16:35:09.243 0100|01|00|18|e601fe|363f0103e6002ae6006ce60087000000000000000000c364[payload->]...*..l.............d||25,795
2025-08-03T17:05:08.177 0100|00|00|05|fa0001|363f019f00[payload->]..||0,159
2025-08-03T17:05:08.278 0100|01|00|18|e601fe|363f0103e6000ae6006ce60087000000000000000000c364[payload->]......l.............d||25,795
2025-08-03T17:31:24.274 0100|00|00|05|fa0001|363f019f00[payload->]..||0,159
2025-08-03T17:31:24.376 0100|01|00|18|e601fe|363f0103e6002ae6006ce60087000000000000000000c364[payload->]...*..l.............d||25,795
2025-08-03T17:35:08.141 0100|00|00|05|fa0001|363f019f00[payload->]..||0,159
2025-08-03T17:35:08.343 0100|01|00|18|e601fe|363f0103e6002ae6006ce60087000000000000000000c364[payload->]...*..l.............d||25,795
2025-08-03T18:05:09.118 0100|00|00|05|fa0001|363f019f00[payload->]..||0,159
2025-08-03T18:05:09.219 0100|01|00|18|e601fe|363f0103e6002ae6006ce60087000000000000000000c364[payload->]...*..l.............d||25,795
