2025-07-31T02:27:31.629 0100|01|00|06|f801fe|5003000001c6[payload->]...||50,689
2025-07-31T03:02:01.616 0100|01|00|06|f801fe|5003000001c6[payload->]...||50,689
2025-07-31T03:16:31.599 0100|01|00|06|f801fe|5003000001c6[payload->]...||50,689
2025-07-31T03:18:01.609 0100|01|00|06|f801fe|5003000001c6[payload->]...||50,689
2025-07-31T03:23:31.530 0100|01|00|06|f801fe|5003000001c6[payload->]...||50,689
2025-07-31T03:27:01.612 0100|01|00|06|f801fe|5003000003c6[payload->]...||50,691
2025-07-31T03:34:01.556 0100|01|00|06|f801fe|5003000001c6[payload->]...||50,689
2025-07-31T03:48:01.533 0100|01|00|06|f801fe|5003000001c6[payload->]...||50,689
2025-07-31T04:07:01.549 0100|01|00|06|f801fe|5003000001c6[payload->]...||50,689
2025-07-31T04:32:31.597 0100|01|00|06|f80bfe|5003000001c6[payload->]...||50,689
2025-07-31T04:49:01.553 0100|01|00|06|f801fe|5003000003c6[payload->]...||50,691
2025-07-31T12:15:06.525 0100|01|00|06|f801fe|5003000001c6[payload->]...||50,689
2025-07-31T12:52:36.664 0100|01|00|06|f801fe|5003000001c6[payload->]...||50,689
2025-07-31T13:21:06.974 0100|01|00|06|f801fe|5003000001c6[payload->]...||50,689
2025-07-31T13:27:07.759 0100|00|00|06|f801fe|5003000001c6[payload->]...||50,689
2025-07-31T14:34:07.277 0100|01|00|06|f801fe|5003000001c6[payload->]...||50,689
2025-08-01T13:45:31.957 0100|00|00|05|fa0001|500300803d[payload->].=||15,744
2025-08-01T14:48:53.964 0100|01|00|06|f801fe|5003000001c6[payload->]...||50,689
2025-08-01T14:52:24.134 0100|01|00|06|f801fe|5003000001c6[payload->]...||50,689
2025-08-01T19:50:35.060 0100|01|00|07|f701fe|500300460f9ebb[payload->]F...||48,030
2025-08-02T02:04:29.218 0100|01|00|06|f801fe|5003000001c6[payload->]...||50,689
2025-08-02T18:31:23.472 0100|01|00|06|f801fe|5003000001c6[payload->]...||50,689
