2025-07-30T20:46:55.084 0100|01|08|44|b20101|fe506800a803010000ffffff00a901010000ffffff05aac1031800ca0d0010ab03010000ffffff00ac01010000ffffff05adc1031800ca0d0010ae03010000ffffff00e2[payload->].................................................................||57,856
2025-07-31T04:28:35.263 0100|01|08|44|b20101|fe5068000801010000ffffff0509c1031000040b0010fc01010000ffffff05fdc1031800040b0010fe03010000fdffff00ff01010000ffffff0500c1031800040b001044[payload->]................................................................D||17,424
2025-07-31T10:11:56.216 0100|01|08|44|b20101|fe50680018c1031800181000101901010000ffffff051a03010000ffffff001bc1031800181000100e03010000ffffff000fc1031800181000101001010000ffffff0585[payload->].................................................................||34,053
2025-07-31T11:09:05.237 0100|01|08|44|b20101|fe50680016c1031800420e00101701010000ffffff051803010000ffffff0019c1031800420e00101a01010000ffffff051b03010000ffffff001cc1031800420e00104c[payload->]......B..........................B..........................B...L||19,472
2025-07-31T13:29:45.566 0100|01|08|44|b20101|fe506800ee01010000ffffff05ef03010000ffffff00f0c1031800120c0010f101010000ffffff05f203010000ffffff00f3c1031800120c0010f401010000ffffff05bb[payload->].................................................................||47,877
2025-07-31T15:57:05.340 0100|01|08|44|b20101|fe5068004403010000ffffff0045c1031800360b00104601010000ffffff054703010000ffffff0048c1031800360200103b03010000ffffff003cc1031800360b001033[payload->].D........E....6...F........G........H....6...;........<....6...3||13,072
2025-07-31T20:16:25.456 0100|01|08|44|b20101|fe5068006c03010000ffffff006dc1031800200d00106e01010000ffffff056f03010000ffffff0070c1031800200d00107101010000ffffff057203010000ffffff00d3[payload->].l........m.... ...n........o........p.... ...q........r.........||54,016
2025-07-31T20:20:55.851 0100|01|08|44|b20101|fe506800c001010000ffffff05c1c1031800160d0010c203010000ffffff00c301010000ffffff05c4c10318000c0d0010c503010000ffffff00c601010000ffffff05d1[payload->].................................................................||53,509
2025-08-01T00:19:35.669 0100|01|08|44|b20101|fe5068007cc1031800dc0f00107d03010000ffffff007e01010000ffffff057fc1031800dc0f00108003010000ffffff008101010000ffffff057403010000ffffff00ae[payload->].|........}........~...................................t.........||44,544
2025-08-01T05:32:05.596 0100|01|08|44|b20101|fe5068005cc10318005e0b00105d03010000ffffff005e01010000ffffff055fc10318005e0b00106003010000ffffff006101010000ffffff0562c10318005e0b001016[payload->].\....^...]........^........_....^...`........a........b....^....||5,648
2025-08-01T16:19:35.609 0100|01|08|44|b20101|fe506800c003010000ffffff00c101010000ffffff05c2c1031800cc0b0010c303010000ffffff00c401010000ffffff05c5c1031800cc0b0010b801010000ffffff0584[payload->].................................................................||33,797
2025-08-01T16:35:06.097 0100|01|08|44|b20101|fe506800d803010000ffffff00d901010000ffffff05dac1031800b80b0010cd01010000ffffff05cec1031800b80b0010cf03010000ffffff00d001000000ffffff05ec[payload->].................................................................||60,421
2025-08-01T21:23:55.699 0100|01|08|44|b20101|fe50680014c10318002a0d00101503010000ffffff001601010000ffffff0517c10318002a0d00101803010000ffffff001901010000ffffff050c01010000ffffff05ab[payload->]......*..........................*...............................||43,781
2025-08-01T21:29:35.802 0100|01|08|44|b20101|fe5068007601010000ffffff0577c1031800160d00107803010000ffffff006901010000ffffff057ac1031800160d00107b03010000ffffff007c01010000ffffff0507[payload->].v........w........x........i........z........{........|.........||1,797
2025-08-02T13:45:05.862 0100|01|08|44|b20101|fe506800d203010000ffffff00d301010000ffffff05d4c10318005a0a0010d503010000ffffff00d601010000ffffff05d7c1031800640a0010ca01010000ffffff05dd[payload->]........................Z..........................d.............||56,581
2025-08-02T13:52:05.835 0100|01|08|44|b20101|fe5068005003010000ffffff005101010000ffffff0552c1031800640a00105303010000ffffff005401010000ffffff0555c1031800640a00104801010000ffffff05ec[payload->].P........Q........R....d...S........T........U....d...H.........||60,421
2025-08-02T20:19:06.477 0100|01|08|44|b20101|fe5068007001010000ffffff057103010000ffffff0072c1031800900b00107201010000ffffff0566c1031800900b00106701010000ffffff056803010000ffffff0029[payload->].p........q........r........r........f........g........h........)||10,496
2025-08-02T23:24:56.015 0100|01|08|44|b20101|fe5068007403010000ffffff007501010000ffffff0576c1031800f41000107703010000ffffff007801010000ffffff0579c1031800f41000107a03010000ffffff00d7[payload->].t........u........v........w........x........y........z.........||55,040
2025-08-03T00:05:07.001 0100|01|08|44|b20101|fe5068004c01010000ffffff053fc1031800820f00104001010000ffffff054103010000ffffff0042c1031800820f00104301010000ffffff054403010000ffffff006c[payload->].L........?........@........A........B........C........D........l||27,648
2025-08-03T00:29:26.881 0100|01|08|44|b20101|fe506800fe03010000ffffff00ffc1031800c40e00100001010000ffffff05f3c1031800c40e0010f401010000ffffff05f503010000ffffff00f6c1031800c40e0010d0[payload->].................................................................||53,264
2025-08-03T01:06:26.501 0100|01|08|44|b20101|fe5068009003010000ffffff0091c1031800f20d00109201010000ffffff059303010000ffffff0094c1031800e80d00109501010000ffffff059603010000ffffff00f2[payload->].................................................................||61,952
2025-08-03T03:18:06.128 0100|01|08|44|b20101|fe506800ce03010000ffffff00cfc1031800260c0010d001010000ffffff05c303010000ffffff00c401010000ffffff05c5c1031800260c0010c603010000ffffff0044[payload->]...............&...................................&............D||17,408
2025-08-03T04:50:26.099 0100|01|08|44|b20101|fe5068004203010000ffffff004301010000ffffff0544c1031800681000104403010000ffffff004601010000ffffff0547c1031800681000104803010000ffffff001c[payload->].B........C........D....h...D........F........G....h...H.........||7,168
2025-08-03T07:23:46.316 0100|01|08|44|b20101|fe5068000801010000ffffff050903010000ffffff000ac1031800dc0f00100201010000ffffff05fec1031800cc0f0010ff01010000ffffff050003010000ffffff00ef[payload->].................................................................||61,184
2025-08-03T10:11:46.209 0100|01|08|44|b20101|fe506800ca03010000ffffff00cbc10318006a0e0010cc01010000ffffff05cc03010000ffffff00cec10318006a0e0010cf01010000ffffff05c2c10318006a0e0010e3[payload->]...............j..........................j.................j....||58,128
2025-08-03T12:35:36.273 0100|01|08|44|b20101|fe506800dac1031f025c120010db03010000ffffff00dc0101041effff05ddc1031f015c120010de03010000ffffff00df0101041effffff05e0c1031f025c1200103fdf[payload->]......\.........................\..........................\...?.||57,151
2025-08-03T14:44:06.175 0100|01|08|44|b20101|fe506800e001010000ffffff05e103010000ffffff00e2c1031800000f0010e301010000ffffff05e403010000ffffff00e5c1031800000f0010e601010000ffffff0595[payload->].................................................................||38,149
