2025-07-30T20:31:28.370 0100|00|00|05|fa0001|340c036e34[payload->]n4||13,422
2025-07-30T20:31:28.472 0100|01|00|07|f701fe|340c033c00e65e[payload->]<..^||24,294
2025-07-30T20:33:47.966 0100|00|00|05|fa0001|340c036e34[payload->]n4||13,422
2025-07-30T20:33:48.067 0100|01|00|07|f701fe|340c033c00e65e[payload->]<..^||24,294
2025-07-30T21:03:48.027 0100|00|00|05|fa0001|340c036e34[payload->]n4||13,422
2025-07-30T21:03:48.027 0100|01|00|07|f701fe|340c033c00e65e[payload->]<..^||24,294
2025-07-30T21:31:28.749 0100|00|00|05|fa0001|340c036e34[payload->]n4||13,422
2025-07-30T21:33:47.938 0100|00|00|05|fa0001|340c036e34[payload->]n4||13,422
2025-07-30T21:33:48.039 0100|01|00|07|f701fe|340c033c00e65e[payload->]<..^||24,294
2025-07-30T22:03:48.038 0100|00|00|05|fa0001|340c034e34[payload->]N4||13,390
2025-07-30T22:03:48.039 0100|01|00|07|f701fe|340c033c00e65e[payload->]<..^||24,294
2025-07-30T22:31:28.345 0100|00|00|05|fa0001|340c036e34[payload->]n4||13,422
2025-07-30T22:31:28.346 0100|01|00|07|f701fe|340c033c00e65e[payload->]<..^||24,294
2025-07-30T22:33:47.917 0100|00|00|05|fa0001|340c036e34[payload->]n4||13,422
2025-07-30T22:33:48.018 0100|01|00|07|f701fe|340c033c00e65e[payload->]<..^||24,294
2025-07-30T23:03:48.626 0100|00|00|05|fa0001|340c036e34[payload->]n4||13,422
2025-07-30T23:03:48.728 0100|01|00|07|f701fe|340c033c00e65e[payload->]<..^||24,294
2025-07-30T23:31:28.148 0100|00|00|05|fa0001|340c036e34[payload->]n4||13,422
2025-07-30T23:31:28.148 0100|01|00|07|f701fe|340c033c00e65e[payload->]<..^||24,294
2025-07-30T23:33:47.991 0100|00|00|05|fa0001|340c036e34[payload->]n4||13,422
2025-07-30T23:33:48.092 0100|01|00|07|f701fe|340c033c00e65e[payload->]<..^||24,294
2025-07-31T00:03:48.002 0100|00|00|05|fa0001|340c036e34[payload->]n4||13,422
2025-07-31T00:03:48.002 0100|01|00|07|f701fe|340c033c00e65e[payload->]<..^||24,294
2025-07-31T00:33:47.999 0100|00|00|05|fa0001|340c036e34[payload->]n4||13,422
2025-07-31T00:33:48.000 0100|01|00|07|f701fe|340c033c00e65e[payload->]<..^||24,294
2025-07-31T01:03:47.995 0100|00|00|05|fa0001|340c036e34[payload->]n4||13,422
2025-07-31T01:03:47.995 0100|01|00|07|f701fe|340c033c00e65e[payload->]<..^||24,294
2025-07-31T01:33:48.004 0100|00|00|05|fa0001|340c036e34[payload->]n4||13,422
2025-07-31T01:33:48.005 0100|01|00|07|f701fe|340c033c00e65e[payload->]<..^||24,294
2025-07-31T02:03:47.988 0100|00|00|05|fa0001|340c036e34[payload->]n4||13,422
2025-07-31T02:03:48.090 0100|01|00|07|f701fe|340c033c00e65e[payload->]<..^||24,294
2025-07-31T02:31:27.632 0100|00|00|05|fa0001|340c036e34[payload->]n4||13,422
2025-07-31T02:31:27.632 0100|01|00|07|f701fe|340c033c00e65e[payload->]<..^||24,294
2025-07-31T02:33:49.444 0100|00|00|05|fa0001|340c036e34[payload->]n4||13,422
2025-07-31T02:33:49.545 0100|01|00|07|f701fe|340c033c00e65e[payload->]<..^||24,294
2025-07-31T03:03:49.452 0100|00|00|05|fa0001|340c036e34[payload->]n4||13,422
2025-07-31T03:03:49.553 0100|01|00|07|f701fe|340c033c00e65e[payload->]<..^||24,294
2025-07-31T03:33:50.832 0100|00|00|05|fa0001|340c036e34[payload->]n4||13,422
2025-07-31T03:33:50.832 0100|01|00|07|f701fe|340c033c00e65e[payload->]<..^||24,294
2025-07-31T04:03:49.487 0100|00|00|05|fa0001|340c036e34[payload->]n4||13,422
2025-07-31T04:03:49.487 0100|01|00|07|f701fe|340c033c00e65e[payload->]<..^||24,294
2025-07-31T04:33:49.423 0100|00|00|05|fa0001|340c036e34[payload->]n4||13,422
2025-07-31T04:33:49.524 0100|01|00|07|f701fe|340c033c00e65e[payload->]<..^||24,294
2025-07-31T05:03:51.443 0100|00|00|05|fa0001|340c036e34[payload->]n4||13,422
2025-07-31T05:03:51.544 0100|01|00|07|f701fe|340c033c00e65e[payload->]<..^||24,294
2025-07-31T05:33:51.552 0100|00|00|05|fa0001|340c036e34[payload->]n4||13,422
2025-07-31T05:33:51.552 0100|01|00|07|f701fe|340c033c00e65e[payload->]<..^||24,294
2025-07-31T06:03:51.469 0100|00|00|05|fa0001|340c036e34[payload->]n4||13,422
2025-07-31T06:03:51.570 0100|01|00|07|f701fe|340c033c00e65e[payload->]<..^||24,294
2025-07-31T06:31:27.518 0100|00|00|05|fa0001|340c036e34[payload->]n4||13,422
2025-07-31T06:31:27.619 0100|01|00|07|f701fe|340c033c00e65e[payload->]<..^||24,294
2025-07-31T06:33:52.541 0100|00|00|05|fa0001|340c036e34[payload->]n4||13,422
2025-07-31T06:33:52.542 0100|01|00|07|f701fe|340c033c00e65e[payload->]<..^||24,294
2025-07-31T07:03:52.470 0100|00|00|05|fa0001|340c036e34[payload->]n4||13,422
2025-07-31T07:03:52.572 0100|01|00|07|f701fe|340c033c00e65e[payload->]<..^||24,294
2025-07-31T07:31:27.860 0100|01|00|07|f701fe|340c033c00e65e[payload->]<..^||24,294
2025-07-31T07:33:52.467 0100|00|00|05|fa0001|340c036e34[payload->]n4||13,422
2025-07-31T07:33:52.568 0100|01|00|07|f701fe|340c033c00e65e[payload->]<..^||24,294
2025-07-31T08:03:52.480 0100|00|00|05|fa0001|340c036e34[payload->]n4||13,422
2025-07-31T08:03:52.582 0100|01|00|07|f701fe|340c033c00e65e[payload->]<..^||24,294
2025-07-31T08:33:52.474 0100|00|00|05|fa0001|340c036e34[payload->]n4||13,422
2025-07-31T08:33:52.576 0100|01|00|07|f701fe|340c033c00e65e[payload->]<..^||24,294
2025-07-31T09:03:52.499 0100|00|00|05|fa0001|340c036e34[payload->]n4||13,422
2025-07-31T09:03:52.500 0100|01|00|07|f701fe|340c033c00e65e[payload->]<..^||24,294
2025-07-31T09:33:52.458 0100|00|00|05|fa0001|340c036e34[payload->]n4||13,422
2025-07-31T09:33:52.559 0100|01|00|07|f701fe|340c033c00e65e[payload->]<..^||24,294
2025-07-31T10:03:52.495 0100|00|00|05|fa0001|340c036e34[payload->]n4||13,422
2025-07-31T10:03:52.596 0100|01|00|07|f701fe|340c033c00e65e[payload->]<..^||24,294
2025-07-31T10:33:53.884 0100|00|00|05|fa0001|340c036e34[payload->]n4||13,422
2025-07-31T10:33:53.884 0100|01|00|07|f701fe|340c033c00e65e[payload->]<..^||24,294
2025-07-31T11:03:53.759 0100|00|00|05|fa0001|340c036e34[payload->]n4||13,422
2025-07-31T11:03:53.860 0100|01|00|07|f701fe|340c033c00e65e[payload->]<..^||24,294
2025-07-31T11:33:53.654 0100|00|00|05|fa0001|340c036e34[payload->]n4||13,422
2025-07-31T11:33:53.755 0100|01|00|07|f701fe|340c033c00e65e[payload->]<..^||24,294
2025-07-31T12:03:53.816 0100|00|00|05|fa0001|340c036e34[payload->]n4||13,422
2025-07-31T12:03:53.917 0100|01|00|07|f701fe|340c033c00e65e[payload->]<..^||24,294
2025-07-31T12:33:53.662 0100|00|00|05|fa0001|340c036e34[payload->]n4||13,422
2025-07-31T12:33:53.763 0100|01|00|07|f701fe|340c033c00e65e[payload->]<..^||24,294
2025-07-31T13:03:53.598 0100|00|00|05|fa0001|340c036e34[payload->]n4||13,422
2025-07-31T13:03:53.699 0100|01|00|07|f701fe|340c033c00e65e[payload->]<..^||24,294
2025-07-31T13:33:53.761 0100|00|00|05|fa0001|340c036e34[payload->]n4||13,422
2025-07-31T13:33:53.863 0100|01|00|07|f701fe|340c033c00e65e[payload->]<..^||24,294
2025-07-31T14:03:55.091 0100|00|00|05|fa0001|340c036e34[payload->]n4||13,422
2025-07-31T14:03:55.193 0100|01|00|07|f701fe|340c033c00e65e[payload->]<..^||24,294
2025-07-31T14:33:53.849 0100|00|00|05|fa0001|340c036e34[payload->]n4||13,422
2025-07-31T14:33:53.950 0100|01|00|07|f701fe|340c033c00e65e[payload->]<..^||24,294
2025-07-31T15:03:53.719 0100|00|00|05|fa0001|340c036e34[payload->]n4||13,422
2025-07-31T15:03:53.820 0100|01|00|07|f701fe|340c033c00e65e[payload->]<..^||24,294
2025-07-31T15:33:56.104 0100|00|00|05|fa0001|340c036e34[payload->]n4||13,422
2025-07-31T15:33:56.205 0100|01|00|07|f701fe|340c033c00e65e[payload->]<..^||24,294
2025-07-31T16:03:56.037 0100|00|00|05|fa0001|340c036e34[payload->]n4||13,422
2025-07-31T16:03:56.144 0100|01|00|07|f701fe|340c033c00e65e[payload->]<..^||24,294
2025-07-31T17:03:57.188 0100|00|00|05|fa0001|340c036e34[payload->]n4||13,422
2025-07-31T17:03:57.289 0100|01|00|07|f701fe|340c033c00e65e[payload->]<..^||24,294
2025-07-31T17:31:27.700 0100|00|00|05|fa0001|340c036e34[payload->]n4||13,422
2025-07-31T17:31:27.801 0100|01|00|07|f701fe|340c033c00e65e[payload->]<..^||24,294
2025-07-31T17:33:57.188 0100|00|00|05|fa0001|340c036e34[payload->]n4||13,422
2025-07-31T17:33:57.188 0100|01|00|07|f701fe|340c033c00e65e[payload->]<..^||24,294
2025-07-31T18:33:57.960 0100|00|00|05|fa0001|340c036e34[payload->]n4||13,422
2025-07-31T18:33:58.061 0100|01|00|07|f701fe|340c033c00e65e[payload->]<..^||24,294
2025-07-31T19:03:59.354 0100|00|00|05|fa0001|340c036e34[payload->]n4||13,422
2025-07-31T19:03:59.355 0100|01|00|07|f701fe|340c033c00e65e[payload->]<..^||24,294
2025-07-31T19:31:27.772 0100|00|00|05|fa0001|340c036e34[payload->]n4||13,422
2025-07-31T19:31:27.873 0100|01|00|07|f701fe|340c033c00e65e[payload->]<..^||24,294
2025-07-31T19:33:59.223 0100|00|00|05|fa0001|340c036e34[payload->]n4||13,422
2025-07-31T19:33:59.324 0100|01|00|07|f701fe|340c033c00e65e[payload->]<..^||24,294
2025-07-31T20:03:59.278 0100|00|00|05|fa0001|340c036e34[payload->]n4||13,422
2025-07-31T20:03:59.278 0100|01|00|07|f701fe|340c033c00e65e[payload->]<..^||24,294
2025-07-31T20:33:59.287 0100|00|00|05|fa0001|340c036e34[payload->]n4||13,422
2025-07-31T20:33:59.388 0100|01|00|07|f701fe|340c033c00e65e[payload->]<..^||24,294
2025-07-31T21:03:59.311 0100|00|00|05|fa0001|340c036e34[payload->]n4||13,422
2025-07-31T21:03:59.311 0100|01|00|07|f701fe|340c033c00e65e[payload->]<..^||24,294
2025-07-31T21:31:28.065 0100|00|00|05|fa0001|340c036e34[payload->]n4||13,422
2025-07-31T21:31:28.166 0100|01|00|07|f701fe|340c033c00e65e[payload->]<..^||24,294
2025-07-31T21:34:00.011 0100|00|00|05|fa0001|340c036e34[payload->]n4||13,422
2025-07-31T21:34:00.011 0100|01|00|07|f701fe|340c033c00e65e[payload->]<..^||24,294
2025-07-31T22:03:59.970 0100|00|00|05|fa0001|340c036e34[payload->]n4||13,422
2025-07-31T22:04:00.072 0100|01|00|07|f701fe|340c033c00e65e[payload->]<..^||24,294
2025-07-31T22:31:28.217 0100|00|00|05|fa0001|340c036e34[payload->]n4||13,422
2025-07-31T22:34:00.975 0100|00|00|05|fa0001|340c036e34[payload->]n4||13,422
2025-07-31T22:34:01.076 0100|01|00|07|f701fe|340c033c00e65e[payload->]<..^||24,294
2025-07-31T23:03:59.997 0100|00|00|05|fa0001|340c036e34[payload->]n4||13,422
2025-07-31T23:04:00.098 0100|01|00|07|f701fe|340c033c00e65e[payload->]<..^||24,294
2025-07-31T23:33:59.912 0100|00|00|05|fa0001|340c036e34[payload->]n4||13,422
2025-08-01T00:03:59.995 0100|00|00|05|fa0001|340c036e34[payload->]n4||13,422
2025-08-01T00:04:00.096 0100|01|00|07|f701fe|340c033c00e65e[payload->]<..^||24,294
2025-08-01T00:31:27.485 0100|00|00|05|fa0001|340c036e34[payload->]n4||13,422
2025-08-01T00:31:27.586 0100|01|00|07|f701fe|340c033c00e65e[payload->]<..^||24,294
2025-08-01T00:34:00.003 0100|00|00|05|fa0001|340c036e34[payload->]n4||13,422
2025-08-01T00:34:00.003 0100|01|00|07|f701fe|340c033c00e65e[payload->]<..^||24,294
2025-08-01T01:04:00.070 0100|00|00|05|fa0001|340c036e34[payload->]n4||13,422
2025-08-01T01:04:00.070 0100|01|00|07|f701fe|340c033c00e65e[payload->]<..^||24,294
2025-08-01T01:31:28.924 0100|00|00|05|fa0001|340c036e34[payload->]n4||13,422
2025-08-01T01:31:29.025 0100|01|00|07|f701fe|340c033c00e65e[payload->]<..^||24,294
2025-08-01T01:34:00.023 0100|00|00|05|fa0001|340c036e34[payload->]n4||13,422
2025-08-01T01:34:00.023 0100|01|00|07|f701fe|340c033c00e65e[payload->]<..^||24,294
2025-08-01T02:04:01.183 0100|00|00|05|fa0001|340c036e34[payload->]n4||13,422
2025-08-01T02:04:01.284 0100|01|00|07|f701fe|340c033c00e65e[payload->]<..^||24,294
2025-08-01T02:34:01.025 0100|00|00|05|fa0001|340c036e34[payload->]n4||13,422
2025-08-01T02:34:01.026 0100|01|00|07|f701fe|340c033c00e65e[payload->]<..^||24,294
2025-08-01T03:04:00.958 0100|00|00|05|fa0001|340c036e34[payload->]n4||13,422
2025-08-01T03:04:01.059 0100|01|00|07|f701fe|340c033c00e65e[payload->]<..^||24,294
2025-08-01T03:34:01.028 0100|00|00|05|fa0001|340c036e34[payload->]n4||13,422
2025-08-01T03:34:01.029 0100|01|00|07|f701fe|340c033c00e65e[payload->]<..^||24,294
2025-08-01T04:04:01.007 0100|00|00|05|fa0001|340c036e34[payload->]n4||13,422
2025-08-01T04:04:01.007 0100|01|00|07|f701fe|340c033c00e65e[payload->]<..^||24,294
2025-08-01T04:34:01.003 0100|00|00|05|fa0001|340c036e34[payload->]n4||13,422
2025-08-01T04:34:01.103 0100|01|00|07|f701fe|340c033c00e65e[payload->]<..^||24,294
2025-08-01T05:04:00.999 0100|00|00|05|fa0001|340c036e34[payload->]n4||13,422
2025-08-01T05:04:01.100 0100|01|00|07|f701fe|340c033c00e65e[payload->]<..^||24,294
2025-08-01T05:31:28.418 0100|00|00|05|fa0001|340c036e34[payload->]n4||13,422
2025-08-01T05:31:28.519 0100|01|00|07|f701fe|340c033c00e65e[payload->]<..^||24,294
2025-08-01T05:34:00.983 0100|00|00|05|fa0001|340c036e34[payload->]n4||13,422
2025-08-01T05:34:01.084 0100|01|00|07|f701fe|340c033c00e65e[payload->]<..^||24,294
2025-08-01T06:04:01.043 0100|00|00|05|fa0001|340c036e34[payload->]n4||13,422
2025-08-01T06:04:01.043 0100|01|00|07|f701fe|340c033c00e65e[payload->]<..^||24,294
2025-08-01T06:34:00.973 0100|00|00|05|fa0001|340c036e34[payload->]n4||13,422
2025-08-01T06:34:01.075 0100|01|00|07|f701fe|340c033c00e65e[payload->]<..^||24,294
2025-08-01T07:04:00.984 0100|00|00|05|fa0001|340c036e34[payload->]n4||13,422
2025-08-01T07:04:01.085 0100|01|00|07|f701fe|340c033c00e65e[payload->]<..^||24,294
2025-08-01T07:31:27.167 0100|00|00|05|fa0001|340c036e34[payload->]n4||13,422
2025-08-01T07:31:27.268 0100|01|00|07|f701fe|340c033c00e65e[payload->]<..^||24,294
2025-08-01T07:34:01.028 0100|00|00|05|fa0001|340c036e34[payload->]n4||13,422
2025-08-01T07:34:01.028 0100|01|00|07|f701fe|340c033c00e65e[payload->]<..^||24,294
2025-08-01T08:04:01.237 0100|00|00|05|fa0001|340c036e34[payload->]n4||13,422
2025-08-01T08:04:01.338 0100|01|00|07|f701fe|340c033c00e65e[payload->]<..^||24,294
2025-08-01T08:34:01.007 0100|00|00|05|fa0001|340c036e34[payload->]n4||13,422
2025-08-01T08:34:01.007 0100|01|00|07|f701fe|340c033c00e65e[payload->]<..^||24,294
2025-08-01T09:04:00.976 0100|00|00|05|fa0001|340c036e34[payload->]n4||13,422
2025-08-01T09:04:01.077 0100|01|00|07|f701fe|340c033c00e65e[payload->]<..^||24,294
2025-08-01T09:34:01.014 0100|00|00|05|fa0001|340c036e34[payload->]n4||13,422
2025-08-01T09:34:01.014 0100|01|00|07|f701fe|340c033c00e65e[payload->]<..^||24,294
2025-08-01T10:04:01.007 0100|00|00|05|fa0001|340c036e34[payload->]n4||13,422
2025-08-01T10:04:01.007 0100|01|00|07|f701fe|340c033c00e65e[payload->]<..^||24,294
2025-08-01T10:34:00.950 0100|00|00|05|fa0001|340c036e34[payload->]n4||13,422
2025-08-01T10:34:01.052 0100|01|00|07|f701fe|340c033c00e65e[payload->]<..^||24,294
2025-08-01T11:04:00.946 0100|00|00|05|fa0001|340c036e34[payload->]n4||13,422
2025-08-01T11:04:01.047 0100|01|00|07|f701fe|340c033c00e65e[payload->]<..^||24,294
2025-08-01T11:31:28.186 0100|00|00|05|fa0001|340c036e34[payload->]n4||13,422
2025-08-01T11:31:28.186 0100|01|00|07|f701fe|340c033c00e65e[payload->]<..^||24,294
2025-08-01T11:34:01.469 0100|00|00|05|fa0001|340c036e34[payload->]n4||13,422
2025-08-01T11:34:01.469 0100|01|00|07|f701fe|340c033c00e61e[payload->]<...||7,910
2025-08-01T12:04:01.025 0100|00|00|05|fa0001|340c036e34[payload->]n4||13,422
2025-08-01T12:04:01.025 0100|01|00|07|f701fe|340c033c00e65e[payload->]<..^||24,294
2025-08-01T12:31:27.922 0100|00|00|05|fa0001|340c036e34[payload->]n4||13,422
2025-08-01T12:31:28.024 0100|01|00|07|f701fe|340c033c00e65e[payload->]<..^||24,294
2025-08-01T12:34:02.040 0100|00|00|05|fa0001|340c036e34[payload->]n4||13,422
2025-08-01T12:34:02.040 0100|01|00|07|f701fe|340c033c00e65e[payload->]<..^||24,294
2025-08-01T13:04:02.020 0100|00|00|05|fa0001|340c036e34[payload->]n4||13,422
2025-08-01T13:04:02.020 0100|01|00|07|f701fe|340c033c00e65e[payload->]<..^||24,294
2025-08-01T13:34:02.014 0100|00|00|05|fa0001|340c036e34[payload->]n4||13,422
2025-08-01T13:34:02.014 0100|01|00|07|f701fe|340c033c00e65e[payload->]<..^||24,294
2025-08-01T14:04:04.198 0100|00|00|05|fa0001|340c036e34[payload->]n4||13,422
2025-08-01T14:04:04.198 0100|01|00|07|f701fe|340c033c00e65e[payload->]<..^||24,294
2025-08-01T14:31:28.753 0100|01|00|07|f701fe|340c033c00e65e[payload->]<..^||24,294
2025-08-01T14:34:04.217 0100|00|00|05|fa0001|340c036e34[payload->]n4||13,422
2025-08-01T14:34:04.318 0100|01|00|07|f701fe|340c033c00e65e[payload->]<..^||24,294
2025-08-01T15:04:04.165 0100|00|00|05|fa0001|340c036e34[payload->]n4||13,422
2025-08-01T15:04:04.165 0100|01|00|07|f701fe|340c033c00e65e[payload->]<..^||24,294
2025-08-01T15:34:04.231 0100|00|00|05|fa0001|340c036e34[payload->]n4||13,422
2025-08-01T15:34:04.333 0100|01|00|07|f701fe|340c033c00e65e[payload->]<..^||24,294
2025-08-01T16:04:04.102 0100|00|00|05|fa0001|340c036e34[payload->]n4||13,422
2025-08-01T16:04:04.103 0100|01|00|07|f701fe|340c033c00e65e[payload->]<..^||24,294
2025-08-01T16:31:27.340 0100|00|00|05|fa0001|340c036e34[payload->]n4||13,422
2025-08-01T16:31:27.441 0100|01|00|07|f701fe|340c033c00e65e[payload->]<..^||24,294
2025-08-01T16:34:04.198 0100|00|00|05|fa0001|340c036e34[payload->]n4||13,422
2025-08-01T16:34:04.299 0100|01|00|07|f701fe|340c033c00e65e[payload->]<..^||24,294
2025-08-01T17:04:04.041 0100|00|00|05|fa0001|340c036e34[payload->]n4||13,422
2025-08-01T17:04:04.142 0100|01|00|07|f705fe|340c033c00e65e[payload->]<..^||24,294
2025-08-01T17:34:04.088 0100|00|00|05|fa0001|340c036e34[payload->]n4||13,422
2025-08-01T17:34:04.189 0100|01|00|07|f701fe|340c033c00e65e[payload->]<..^||24,294
2025-08-01T18:04:03.996 0100|00|00|05|fa0001|340c036e34[payload->]n4||13,422
2025-08-01T18:04:03.997 0100|01|00|07|f701fe|340c033c00e65e[payload->]<..^||24,294
2025-08-01T18:34:04.050 0100|00|00|05|fa0001|340c036e34[payload->]n4||13,422
2025-08-01T18:34:04.151 0100|01|00|07|f701fe|340c033c00e65e[payload->]<..^||24,294
2025-08-01T19:04:04.046 0100|00|00|05|fa0001|340c036e34[payload->]n4||13,422
2025-08-01T19:04:04.147 0100|01|00|07|f701fe|340c033c00e65e[payload->]<..^||24,294
2025-08-01T19:34:05.001 0100|00|00|05|fa0001|340c036e34[payload->]n4||13,422
2025-08-01T19:34:05.001 0100|01|00|07|f701fe|340c033c00e65e[payload->]<..^||24,294
2025-08-01T20:04:06.069 0100|00|00|05|fa0001|340c036e34[payload->]n4||13,422
2025-08-01T20:04:06.170 0100|01|00|07|f701fe|340c033c00e65e[payload->]<..^||24,294
2025-08-01T20:34:08.335 0100|00|00|05|fa0001|340c036e34[payload->]n4||13,422
2025-08-01T20:34:08.436 0100|01|00|07|f701fe|340c033c00e65e[payload->]<..^||24,294
2025-08-01T21:04:07.077 0100|00|00|05|fa0001|340c036e34[payload->]n4||13,422
2025-08-01T21:04:07.178 0100|01|00|07|f701fe|340c033c00e65e[payload->]<..^||24,294
2025-08-01T21:34:07.083 0100|00|00|05|fa0001|340c036e34[payload->]n4||13,422
2025-08-01T21:34:07.184 0100|01|00|07|f701fe|340c033c00e65e[payload->]<..^||24,294
2025-08-01T22:04:07.963 0100|00|00|05|fa0001|340c036e34[payload->]n4||13,422
2025-08-01T22:04:08.065 0100|01|00|07|f701fe|340c033c00e65e[payload->]<..^||24,294
2025-08-01T22:34:07.999 0100|00|00|05|fa0001|340c036e34[payload->]n4||13,422
2025-08-01T22:34:08.100 0100|01|00|07|f701fe|340c033c00e65e[payload->]<..^||24,294
2025-08-01T23:04:07.983 0100|00|00|05|fa0001|340c036e34[payload->]n4||13,422
2025-08-01T23:04:08.084 0100|01|00|07|f701fe|340c033c00e65e[payload->]<..^||24,294
2025-08-01T23:31:27.168 0100|00|00|05|fa0001|340c036e34[payload->]n4||13,422
2025-08-01T23:34:08.034 0100|00|00|05|fa0001|340c036e34[payload->]n4||13,422
2025-08-01T23:34:08.035 0100|01|00|07|f701fe|340c033c00e65e[payload->]<..^||24,294
2025-08-02T00:04:08.693 0100|00|00|05|fa0001|340c036e34[payload->]n4||13,422
2025-08-02T00:04:08.794 0100|01|00|07|f701fe|340c033c00e65e[payload->]<..^||24,294
2025-08-02T00:31:28.138 0100|01|00|07|f701fe|340c033c00e65e[payload->]<..^||24,294
2025-08-02T00:34:07.979 0100|00|00|05|fa0001|340c036e34[payload->]n4||13,422
2025-08-02T00:34:08.080 0100|01|00|07|f701fe|340c033c00e65e[payload->]<..^||24,294
2025-08-02T01:04:08.035 0100|00|00|05|fa0001|340c036e34[payload->]n4||13,422
2025-08-02T01:04:08.036 0100|01|00|07|f701fe|340c033c00e65e[payload->]<..^||24,294
2025-08-02T01:34:08.032 0100|00|00|05|fa0001|340c036e34[payload->]n4||13,422
2025-08-02T01:34:08.033 0100|01|00|07|f701fe|340c033c00e65e[payload->]<..^||24,294
2025-08-02T02:34:08.000 0100|00|00|05|fa0001|340c036e34[payload->]n4||13,422
2025-08-02T02:34:08.102 0100|01|00|07|f701fe|340c033c00e65e[payload->]<..^||24,294
2025-08-02T03:04:08.016 0100|00|00|05|fa0001|340c036e34[payload->]n4||13,422
2025-08-02T03:04:08.016 0100|01|00|07|f701fe|340c033c00e65e[payload->]<..^||24,294
2025-08-02T03:34:08.022 0100|00|00|05|fa0001|340c036e34[payload->]n4||13,422
2025-08-02T03:34:08.022 0100|01|00|07|f701fe|340c033c00e65e[payload->]<..^||24,294
2025-08-02T04:04:08.022 0100|00|00|05|fa0001|340c036e34[payload->]n4||13,422
2025-08-02T04:04:08.123 0100|01|00|07|f701fe|340c033c00e65e[payload->]<..^||24,294
2025-08-02T04:31:27.535 0100|00|00|05|fa0001|340c036e34[payload->]n4||13,422
2025-08-02T04:34:07.961 0100|00|00|05|fa0001|340c036e34[payload->]n4||13,422
2025-08-02T04:34:08.063 0100|01|00|07|f701fe|340c033c00e65e[payload->]<..^||24,294
2025-08-02T05:04:08.034 0100|00|00|05|fa0001|340c036e34[payload->]n4||13,422
2025-08-02T05:04:08.034 0100|01|00|07|f701fe|340c033c00e65e[payload->]<..^||24,294
2025-08-02T05:34:08.027 0100|00|00|05|fa0001|340c036c34[payload->]l4||13,420
2025-08-02T05:34:08.027 0100|01|00|07|f701fe|340c033c00e65e[payload->]<..^||24,294
2025-08-02T06:04:09.403 0100|00|00|05|fa0001|340c036e34[payload->]n4||13,422
2025-08-02T06:04:09.505 0100|01|00|07|f701fe|340c033c00e65e[payload->]<..^||24,294
2025-08-02T06:31:28.407 0100|00|00|05|fa0001|340c036e34[payload->]n4||13,422
2025-08-02T06:31:28.508 0100|01|00|07|f701fe|340c033c00e65e[payload->]<..^||24,294
2025-08-02T06:34:09.087 0100|00|00|05|fa0001|340c036e34[payload->]n4||13,422
2025-08-02T06:34:09.188 0100|01|00|07|f701fe|340c033c00e65e[payload->]<..^||24,294
2025-08-02T07:04:09.109 0100|00|00|05|fa0001|340c036e34[payload->]n4||13,422
2025-08-02T07:04:09.110 0100|01|00|07|f701fe|340c033c00e65e[payload->]<..^||24,294
2025-08-02T07:34:09.024 0100|00|00|05|fa0001|340c036e34[payload->]n4||13,422
2025-08-02T07:34:09.024 0100|01|00|07|f701fe|340c033c00e65e[payload->]<..^||24,294
2025-08-02T08:04:08.986 0100|00|00|05|fa0001|340c036e34[payload->]n4||13,422
2025-08-02T08:34:08.975 0100|00|00|05|fa0001|340c036e34[payload->]n4||13,422
2025-08-02T09:04:08.932 0100|00|00|05|fa0001|340c036e34[payload->]n4||13,422
2025-08-02T09:04:09.033 0100|01|00|07|f701fe|340c033c00e65e[payload->]<..^||24,294
2025-08-02T09:34:08.969 0100|00|00|05|fa0001|340c036e34[payload->]n4||13,422
2025-08-02T09:34:09.070 0100|01|00|07|f701fe|340c033c00e65e[payload->]<..^||24,294
2025-08-02T10:04:08.988 0100|00|00|05|fa0001|340c036e34[payload->]n4||13,422
2025-08-02T10:04:09.089 0100|01|00|07|f701fe|340c033c00e6de[payload->]<...||57,062
2025-08-02T10:34:09.012 0100|00|00|05|fa0001|340c036e34[payload->]n4||13,422
2025-08-02T10:34:09.013 0100|01|00|07|f701fe|340c033c00e65e[payload->]<..^||24,294
2025-08-02T11:04:09.015 0100|00|00|05|fa0001|340c036e34[payload->]n4||13,422
2025-08-02T11:04:09.015 0100|01|00|07|f701fe|340c033c00e65e[payload->]<..^||24,294
2025-08-02T11:34:08.974 0100|00|00|05|fa0001|340c036e34[payload->]n4||13,422
2025-08-02T11:34:09.075 0100|01|00|07|f701fe|340c033c00e65e[payload->]<..^||24,294
2025-08-02T12:04:11.248 0100|00|00|05|fa0001|340c036e34[payload->]n4||13,422
2025-08-02T12:04:11.249 0100|01|00|07|f701fe|340c033c00e65e[payload->]<..^||24,294
2025-08-02T12:34:09.970 0100|00|00|05|fa0001|340c036e34[payload->]n4||13,422
2025-08-02T12:34:10.071 0100|01|00|07|f701fe|340c033c00e65e[payload->]<..^||24,294
2025-08-02T13:04:10.199 0100|00|00|05|fa0001|340c036e34[payload->]n4||13,422
2025-08-02T13:04:10.199 0100|01|00|07|f701fe|340c033c00e65e[payload->]<..^||24,294
2025-08-02T13:31:27.850 0100|00|00|05|fa0001|340c036e34[payload->]n4||13,422
2025-08-02T13:31:27.850 0100|01|00|07|f701fe|340c033c00ffff[payload->]<...||65,535
2025-08-02T13:34:11.138 0100|00|00|05|fa0001|340c036e34[payload->]n4||13,422
2025-08-02T13:34:11.239 0100|01|00|07|f701fe|340c033c00e65e[payload->]<..^||24,294
2025-08-02T14:04:11.196 0100|00|00|05|fa0001|340c036e34[payload->]n4||13,422
2025-08-02T14:04:11.196 0100|01|00|07|f701fe|340c033c00e65e[payload->]<..^||24,294
2025-08-02T14:34:11.136 0100|00|00|05|fa0001|340c036e34[payload->]n4||13,422
2025-08-02T14:34:11.237 0100|01|00|07|f701fe|340c033c00e65e[payload->]<..^||24,294
2025-08-02T15:04:11.176 0100|00|00|05|fa0001|340c036e34[payload->]n4||13,422
2025-08-02T15:04:11.176 0100|01|00|07|f701fe|340c033c00e65e[payload->]<..^||24,294
2025-08-02T15:34:11.243 0100|00|00|05|fa0001|340c036e34[payload->]n4||13,422
2025-08-02T15:34:11.243 0100|01|00|0f|f701fe|340c033c00e65e0100000005fa0001[payload->]<..^........||0,256
2025-08-02T16:04:11.085 0100|00|00|05|fa0001|340c036e34[payload->]n4||13,422
2025-08-02T16:34:11.127 0100|00|00|05|fa0001|340c036e34[payload->]n4||13,422
2025-08-02T16:34:11.228 0100|01|00|07|f701fe|340c033c00e65e[payload->]<..^||24,294
2025-08-02T17:04:11.076 0100|00|00|05|fa0001|340c036e34[payload->]n4||13,422
2025-08-02T17:04:11.177 0100|01|00|07|f701fe|340c033c00e65e[payload->]<..^||24,294
2025-08-02T17:34:11.169 0100|00|00|05|fa0001|340c036e34[payload->]n4||13,422
2025-08-02T17:34:11.169 0100|01|00|07|f701fe|340c033c00e65e[payload->]<..^||24,294
2025-08-02T18:31:27.417 0100|00|00|05|fa0001|340c036e34[payload->]n4||13,422
2025-08-02T18:31:27.518 0100|01|00|07|f701fe|340c033c00e65e[payload->]<..^||24,294
2025-08-02T18:34:11.171 0100|00|00|05|fa0001|340c036e34[payload->]n4||13,422
2025-08-02T18:34:11.171 0100|01|00|07|f701fe|340c033c00e65e[payload->]<..^||24,294
2025-08-02T19:04:11.427 0100|00|00|05|fa0001|340c036e34[payload->]n4||13,422
2025-08-02T19:04:11.529 0100|01|00|07|f701fe|340c033c00e65e[payload->]<..^||24,294
2025-08-02T19:34:11.243 0100|00|00|05|fa0001|340c036e34[payload->]n4||13,422
2025-08-02T19:34:11.243 0100|01|00|07|f701fe|340c033c00e65e[payload->]<..^||24,294
2025-08-02T20:04:11.965 0100|00|00|05|fa0001|340c036e34[payload->]n4||13,422
2025-08-02T20:04:12.066 0100|01|00|07|f701fe|340c033c00e65e[payload->]<..^||24,294
2025-08-02T21:04:12.049 0100|00|00|05|fa0001|340c036e34[payload->]n4||13,422
2025-08-02T21:04:12.150 0100|01|00|07|f701fe|340c033c00e65e[payload->]<..^||24,294
2025-08-02T21:34:12.591 0100|00|00|05|fa0001|340c036e34[payload->]n4||13,422
2025-08-02T21:34:12.692 0100|01|00|07|f701fe|340c033c00e65e[payload->]<..^||24,294
2025-08-02T22:04:12.102 0100|00|00|05|fa0001|340c036e34[payload->]n4||13,422
2025-08-02T22:04:12.102 0100|01|00|07|f701fe|340c033c00e65e[payload->]<..^||24,294
2025-08-02T22:34:11.976 0100|00|00|05|fa0001|340c036e34[payload->]n4||13,422
2025-08-02T22:34:12.077 0100|01|00|07|f701fe|340c033c00e65e[payload->]<..^||24,294
2025-08-02T23:04:12.061 0100|00|00|05|fa0001|340c036e34[payload->]n4||13,422
2025-08-02T23:04:12.162 0100|01|00|07|f701fe|340c033c00e65e[payload->]<..^||24,294
2025-08-02T23:34:13.175 0100|00|00|05|fa0001|340c036e34[payload->]n4||13,422
2025-08-02T23:34:13.175 0100|01|00|07|f701fe|340c033c00e65e[payload->]<..^||24,294
2025-08-03T00:04:13.788 0100|00|00|05|fa0001|340c036e34[payload->]n4||13,422
2025-08-03T00:04:13.889 0100|01|00|07|f701fe|340c033c00e65e[payload->]<..^||24,294
2025-08-03T00:34:13.267 0100|00|00|05|fa0001|340c036e34[payload->]n4||13,422
2025-08-03T00:34:13.368 0100|01|00|07|f701fe|340c033c00e65e[payload->]<..^||24,294
2025-08-03T01:04:13.197 0100|00|00|05|fa0001|340c036e34[payload->]n4||13,422
2025-08-03T01:04:13.197 0100|01|00|07|f701fe|340c033c00e65e[payload->]<..^||24,294
2025-08-03T01:31:28.107 0100|00|00|05|fa0001|340c036e34[payload->]n4||13,422
2025-08-03T01:31:28.208 0100|01|00|07|f701fe|340c033c00e65e[payload->]<..^||24,294
2025-08-03T01:34:13.989 0100|00|00|05|fa0001|340c036e34[payload->]n4||13,422
2025-08-03T01:34:13.990 0100|01|00|07|f701fe|340c033c00e65e[payload->]<..^||24,294
2025-08-03T02:04:13.911 0100|00|00|05|fa0001|340c036e34[payload->]n4||13,422
2025-08-03T02:04:14.012 0100|01|00|07|f701fe|340c033c00e65e[payload->]<..^||24,294
2025-08-03T02:34:15.363 0100|00|00|05|fa0001|340c036e34[payload->]n4||13,422
2025-08-03T02:34:15.464 0100|01|00|07|f701fe|340c033c00e65e[payload->]<..^||24,294
2025-08-03T03:04:15.593 0100|00|00|05|fa0001|340c036e34[payload->]n4||13,422
2025-08-03T03:04:15.694 0100|01|00|07|f701fe|340c033c00e65e[payload->]<..^||24,294
2025-08-03T03:31:27.336 0100|00|00|05|fa0001|340c036e34[payload->]n4||13,422
2025-08-03T03:31:27.337 0100|01|00|07|f701fe|340c033c00e65e[payload->]<..^||24,294
2025-08-03T03:34:15.365 0100|00|00|05|fa0001|340c036e34[payload->]n4||13,422
2025-08-03T03:34:15.466 0100|01|00|07|f701fe|340c033c00e65e[payload->]<..^||24,294
2025-08-03T04:04:15.454 0100|00|00|05|fa0001|340c036e34[payload->]n4||13,422
2025-08-03T04:04:15.555 0100|01|00|07|f701fe|340c033c00e65e[payload->]<..^||24,294
2025-08-03T04:31:27.690 0100|01|00|07|f701fe|340c033c00ee5e[payload->]<..^||24,302
2025-08-03T04:34:15.711 0100|00|00|05|fa0001|340c036e34[payload->]n4||13,422
2025-08-03T04:34:15.711 0100|01|00|07|f701fe|340c033c00e65e[payload->]<..^||24,294
2025-08-03T05:04:15.510 0100|00|00|05|fa0001|340c036e34[payload->]n4||13,422
2025-08-03T05:04:15.511 0100|01|00|07|f701fe|340c033c00e65e[payload->]<..^||24,294
2025-08-03T05:34:15.450 0100|00|00|05|fa0001|340c036e34[payload->]n4||13,422
2025-08-03T05:34:15.551 0100|01|00|07|f701fe|340c033c00e65e[payload->]<..^||24,294
2025-08-03T06:04:16.872 0100|01|00|07|f701fe|340c033c00e65e[payload->]<..^||24,294
2025-08-03T06:34:15.559 0100|00|00|05|fa0001|340c036e34[payload->]n4||13,422
2025-08-03T06:34:15.660 0100|01|00|07|f701fe|340c033c00e65e[payload->]<..^||24,294
2025-08-03T07:04:15.456 0100|01|00|07|f701fe|340c033c00e65e[payload->]<..^||24,294
2025-08-03T07:34:16.965 0100|00|00|05|fa0001|340c036e34[payload->]n4||13,422
2025-08-03T07:34:17.066 0100|01|00|07|f701fe|340c033c00e65e[payload->]<..^||24,294
2025-08-03T08:04:16.881 0100|00|00|05|fa0001|340c036e34[payload->]n4||13,422
2025-08-03T08:04:16.982 0100|01|00|07|f701fe|340c033c00e65e[payload->]<..^||24,294
2025-08-03T08:34:16.880 0100|00|00|05|fa0001|340c036e34[payload->]n4||13,422
2025-08-03T08:34:16.880 0100|01|00|07|f701fe|340c033c00e65e[payload->]<..^||24,294
2025-08-03T09:04:17.758 0100|00|00|05|fa0001|340c036e34[payload->]n4||13,422
2025-08-03T09:04:17.859 0100|01|00|07|f701fe|340c033c00e65e[payload->]<..^||24,294
2025-08-03T09:34:18.161 0100|00|00|05|fa0001|340c036e34[payload->]n4||13,422
2025-08-03T09:34:18.161 0100|01|00|07|f701fe|340c033c00e65e[payload->]<..^||24,294
2025-08-03T10:04:17.136 0100|01|00|07|f701fe|340c033c00e65e[payload->]<..^||24,294
2025-08-03T10:34:17.174 0100|00|00|05|fa0001|340c036e34[payload->]n4||13,422
2025-08-03T10:34:17.174 0100|01|00|07|f701fe|340c033c00e65e[payload->]<..^||24,294
2025-08-03T11:04:17.035 0100|00|00|05|fa0001|340c036e34[payload->]n4||13,422
2025-08-03T11:04:17.237 0100|01|00|07|f701fe|340c033c00e65e[payload->]<..^||24,294
2025-08-03T11:31:27.267 0100|00|00|05|fa0001|340c036e34[payload->]n4||13,422
2025-08-03T11:31:27.368 0100|01|00|07|f701fe|340c033c00e65e[payload->]<..^||24,294
2025-08-03T11:34:17.122 0100|00|00|05|fa0001|340c036e34[payload->]n4||13,422
2025-08-03T11:34:17.123 0100|01|00|07|f701fe|340c033c00e65e[payload->]<..^||24,294
2025-08-03T12:04:18.366 0100|00|00|05|fa0001|340c036e34[payload->]n4||13,422
2025-08-03T12:34:18.120 0100|00|00|05|fa0001|340c036e34[payload->]n4||13,422
2025-08-03T12:34:18.221 0100|01|00|07|f701fe|340c033c00e65e[payload->]<..^||24,294
2025-08-03T13:04:18.109 0100|00|00|05|fa0001|340c036e34[payload->]n4||13,422
2025-08-03T13:04:18.210 0100|01|00|07|f701fe|340c033c00e65e[payload->]<..^||24,294
2025-08-03T13:34:18.156 0100|00|00|05|fa0001|340c036e34[payload->]n4||13,422
2025-08-03T13:34:18.156 0100|01|00|07|f701fe|340c033c00e65e[payload->]<..^||24,294
2025-08-03T14:04:18.129 0100|00|00|05|fa0001|340c036e34[payload->]n4||13,422
2025-08-03T14:04:18.230 0100|01|00|07|f701fe|340c033c00e65e[payload->]<..^||24,294
2025-08-03T14:34:18.124 0100|00|00|05|fa0001|340c036e34[payload->]n4||13,422
2025-08-03T14:34:18.225 0100|01|00|07|f701fe|340c033c00e65e[payload->]<..^||24,294
2025-08-03T15:04:18.135 0100|00|00|05|fa0001|340c036e34[payload->]n4||13,422
2025-08-03T15:04:18.236 0100|01|00|07|f701fe|340c033c00e65e[payload->]<..^||24,294
2025-08-03T15:31:27.729 0100|00|00|05|fa0001|340c036e34[payload->]n4||13,422
2025-08-03T15:31:27.730 0100|01|00|07|f701fe|340c033c00e65e[payload->]<..^||24,294
2025-08-03T15:34:19.059 0100|00|00|05|fa0001|340c036e34[payload->]n4||13,422
2025-08-03T15:34:19.059 0100|01|00|07|f701fe|340c033c00e65e[payload->]<..^||24,294
2025-08-03T16:04:18.165 0100|00|00|05|fa0001|340c036e34[payload->]n4||13,422
2025-08-03T16:04:18.266 0100|01|00|07|f701fe|340c033c00e65e[payload->]<..^||24,294
2025-08-03T16:34:19.172 0100|00|00|05|fa0001|340c036e34[payload->]n4||13,422
2025-08-03T16:34:19.173 0100|01|00|07|f701fe|340c033c00e65e[payload->]<..^||24,294
2025-08-03T17:04:19.108 0100|00|00|05|fa0001|340c036e34[payload->]n4||13,422
2025-08-03T17:04:19.209 0100|01|00|07|f701fe|340c033c00e65e[payload->]<..^||24,294
2025-08-03T17:34:19.164 0100|00|00|05|fa0001|340c036e34[payload->]n4||13,422
2025-08-03T17:34:19.164 0100|01|00|07|f701fe|340c033c00e65e[payload->]<..^||24,294
2025-08-03T18:04:19.131 0100|00|00|05|fa0001|340c036e34[payload->]n4||13,422
2025-08-03T18:04:19.132 0100|01|00|07|f701fe|340c033c00e65e[payload->]<..^||24,294
