2025-07-30T20:36:06.266 0100|00|00|05|fa0001|3422000fa8[payload->]..||43,023
2025-07-30T21:22:45.975 0100|00|00|05|fa0001|3422000fa8[payload->]..||43,023
2025-07-30T21:22:55.957 0100|00|00|05|fa0001|3422000fa8[payload->]..||43,023
2025-07-30T21:40:36.075 0100|01|00|0b|f301fe|34220000000000000074b7[payload->]......t.||46,964
2025-07-30T21:48:36.029 0100|00|00|05|fa0001|3422000fa8[payload->]..||43,023
2025-07-30T22:29:27.142 0100|00|00|05|fa0001|3422000fa8[payload->]..||43,023
2025-07-30T23:53:56.023 0100|00|00|05|fa0001|3422000fa8[payload->]..||43,023
2025-07-31T00:05:27.000 0100|00|00|05|fa0001|3422000fa8[payload->]..||43,023
2025-07-31T00:29:36.014 0100|01|00|0b|f301fe|34220000000000000074b7[payload->]......t.||46,964
2025-07-31T02:36:17.470 0100|00|00|05|fa0001|3422000fa8[payload->]..||43,023
2025-07-31T03:23:48.220 0100|00|00|05|fa0001|3422000fa8[payload->]..||43,023
2025-07-31T07:20:39.561 0100|01|00|0b|f301fe|34220000000000000074b7[payload->]......t.||46,964
2025-07-31T15:31:42.128 0100|01|00|0b|f301fe|34220000000000000074b7[payload->]......t.||46,964
2025-07-31T15:35:02.080 0100|00|00|05|fa0001|3422000fa8[payload->]..||43,023
2025-07-31T15:39:02.074 0100|01|00|0b|f301fe|34220000000000000074b7[payload->]......t.||46,964
2025-07-31T17:53:07.988 0100|01|00|0b|f301fe|34220000000000000074b7[payload->]......t.||46,964
2025-07-31T18:01:02.591 0100|00|00|05|fa0001|3422000fa8[payload->]..||43,023
2025-07-31T18:10:42.080 0100|01|00|0b|f301fe|34220000000000000074b7[payload->]......t.||46,964
2025-08-01T03:18:16.165 0100|00|00|05|fa0001|3422000fa8[payload->]..||43,023
2025-08-01T04:37:36.098 0100|00|00|05|fa0001|3422000fa8[payload->]..||43,023
2025-08-01T06:07:26.019 0100|00|00|05|fa0001|3422000fa8[payload->]..||43,023
2025-08-01T10:26:36.021 0100|00|00|05|fa0001|3422000fa8[payload->]..||43,023
2025-08-01T10:55:46.173 0100|00|00|05|fa0001|3422000fa8[payload->]..||43,023
2025-08-01T11:00:56.075 0100|00|00|05|fa0001|3422000fa8[payload->]..||43,023
2025-08-01T11:07:56.113 0100|00|00|05|fa0001|3422000fa8[payload->]..||43,023
2025-08-01T11:44:36.159 0100|00|00|05|fa0001|3422000fa8[payload->]..||43,023
2025-08-01T12:19:56.991 0100|00|00|05|fa0001|3422000fa8[payload->]..||43,023
2025-08-01T12:20:16.991 0100|00|00|05|fa0001|3422000fa8[payload->]..||43,023
2025-08-01T12:52:07.071 0100|01|00|0b|f301fe|34220000000000000074b7[payload->]......t.||46,964
2025-08-01T13:11:17.124 0100|01|00|0b|f301fe|34220000000000000074b7[payload->]......t.||46,964
2025-08-01T13:34:07.065 0100|01|00|0b|f301fe|34220000000000000074b7[payload->]......t.||46,964
2025-08-01T13:51:28.755 0100|00|00|05|fa0001|3422000fa8[payload->]..||43,023
2025-08-01T14:30:28.081 0100|01|00|0b|f301fe|34220000000000000074b7[payload->]......t.||46,964
2025-08-01T15:33:38.093 0100|01|00|0b|f301fe|34220000000000000074b7[payload->]......t.||46,964
2025-08-01T16:28:38.138 0100|01|00|0b|f301fe|34220000000000000074b7[payload->]......t.||46,964
2025-08-01T16:49:38.105 0100|01|00|0b|f301fe|34220000000000000074b7[payload->]......t.||46,964
2025-08-01T17:04:48.062 0100|01|00|0b|f301fe|34220000000000000074b7[payload->]......t.||46,964
2025-08-01T17:10:27.998 0100|00|00|05|fa0001|3422000fa8[payload->]..||43,023
2025-08-01T17:44:08.093 0100|01|00|0b|f301fe|34220000000000000074b7[payload->]......t.||46,964
2025-08-01T17:57:48.074 0100|01|00|0b|f301fe|34220000000000000074b7[payload->]......t.||46,964
2025-08-01T18:38:48.112 0100|01|00|0b|f301fe|34220000000000000074b7[payload->]......t.||46,964
2025-08-01T18:45:48.032 0100|01|00|0b|f301fe|34220000000000000074b7[payload->]......t.||46,964
2025-08-01T18:56:58.042 0100|00|00|05|fa0001|3422000fa8[payload->]..||43,023
2025-08-01T19:03:37.991 0100|00|00|05|fa0001|3422000fa8[payload->]..||43,023
2025-08-02T11:19:52.221 0100|01|00|0b|f301fe|34220000000000000074b7[payload->]......t.||46,964
2025-08-02T12:23:53.041 0100|00|00|05|fa0001|3422000fa8[payload->]..||43,023
2025-08-02T12:24:33.112 0100|01|00|0b|f301fe|34220000000000000074b7[payload->]......t.||46,964
2025-08-02T14:55:53.976 0100|00|00|05|fa0001|3422000fa8[payload->]..||43,023
2025-08-02T19:00:55.135 0100|01|00|0b|f301fe|34220000000000000074b7[payload->]......t.||46,964
2025-08-02T19:01:24.120 0100|01|00|0b|f301fe|34220000000000000074b7[payload->]......t.||46,964
2025-08-02T19:06:44.021 0100|00|00|05|fa0001|3422000fa8[payload->]..||43,023
2025-08-02T19:48:14.580 0100|00|00|05|fa0001|3422000fa8[payload->]..||43,023
2025-08-02T20:05:15.888 0100|01|00|0b|f301fe|34220000000000000074b7[payload->]......t.||46,964
2025-08-03T00:35:05.798 0100|01|00|0b|f301fe|34220000000000000074b7[payload->]......t.||46,964
2025-08-03T00:57:05.175 0100|00|00|05|fa0001|3422000fa8[payload->]..||43,023
2025-08-03T01:06:15.491 0100|00|00|05|fa0001|3422000fa8[payload->]..||43,023
2025-08-03T01:30:35.394 0100|00|00|05|fa0001|3422000fa8[payload->]..||43,023
2025-08-03T01:32:05.459 0100|01|00|0b|f301fe|34220000000000000074b7[payload->]......t.||46,964
2025-08-03T01:58:45.294 0100|01|00|0b|f301fe|34220000000000000074b7[payload->]......t.||46,964
2025-08-03T02:27:35.424 0100|01|00|0b|f301fe|34220000000000000074b7[payload->]......t.||46,964
2025-08-03T04:03:15.269 0100|01|00|0b|f301fe|34220000000000000074b7[payload->]......t.||46,964
2025-08-03T04:09:35.165 0100|00|00|05|fa0001|3422000fa8[payload->]..||43,023
2025-08-03T04:40:35.184 0100|00|00|05|fa0001|3422000fa8[payload->]..||43,023
2025-08-03T05:41:15.944 0100|01|00|0b|f301fe|34220000000000000074b7[payload->]......t.||46,964
2025-08-03T05:44:05.431 0100|01|00|0b|f301fe|34220000000000000074b7[payload->]......t.||46,964
2025-08-03T06:11:05.320 0100|00|00|05|fa0001|3422000fa8[payload->]..||43,023
2025-08-03T06:34:15.458 0100|01|00|0b|f301fe|34220000000000000074b7[payload->]......t.||46,964
2025-08-03T08:14:05.298 0100|00|00|05|fa0001|3422000fa8[payload->]..||43,023
2025-08-03T08:16:15.733 0100|01|00|0b|f301fe|34220000000000000074b7[payload->]......t.||46,964
