2025-07-30T20:37:48.229 0100|00|00|05|fa0001|200a03ca77[payload->].w||30,666
2025-07-30T20:37:48.331 0100|01|00|06|f801fe|200a03fe732c[payload->].s,||11,379
2025-07-30T20:47:57.178 0100|00|00|05|fa0001|200a03ca77[payload->].w||30,666
2025-07-30T20:47:57.279 0100|01|00|06|f801fe|200a03fe732c[payload->].s,||11,379
2025-07-30T20:58:06.224 0100|00|00|05|fa0001|200a03ca77[payload->].w||30,666
2025-07-30T20:58:06.325 0100|01|00|06|f801fe|200a03fe732c[payload->].s,||11,379
2025-07-30T21:08:15.101 0100|00|00|05|fa0001|200a03ca77[payload->].w||30,666
2025-07-30T21:08:15.203 0100|01|00|06|f801fe|200a03fe732c[payload->].s,||11,379
2025-07-30T21:18:23.352 0100|00|00|05|fa0001|200a03ca77[payload->].w||30,666
2025-07-30T21:18:23.352 0100|01|00|06|f801fe|200a03fe732c[payload->].s,||11,379
2025-07-30T21:28:32.144 0100|00|00|05|fa0001|200a03ca77[payload->].w||30,666
2025-07-30T21:28:32.145 0100|01|00|06|f801fe|200a03fe732c[payload->].s,||11,379
2025-07-30T21:38:41.185 0100|00|00|05|fa0001|200a03ca77[payload->].w||30,666
2025-07-30T21:38:41.286 0100|01|00|06|f801fe|200a03fe732c[payload->].s,||11,379
2025-07-30T21:48:50.364 0100|00|00|05|fa0001|200a03ca77[payload->].w||30,666
2025-07-30T21:48:50.364 0100|01|00|06|f801fe|200a03fe732c[payload->].s,||11,379
2025-07-30T21:58:58.131 0100|00|00|05|fa0001|200a03ca77[payload->].w||30,666
2025-07-30T21:58:58.232 0100|01|00|06|f801fe|200a03fe732c[payload->].s,||11,379
2025-07-30T22:09:07.123 0100|00|00|05|fa0001|200a03ca77[payload->].w||30,666
2025-07-30T22:09:07.224 0100|01|00|06|f801fe|200a03fe732c[payload->].s,||11,379
2025-07-30T22:19:16.361 0100|00|00|05|fa0001|200a03ca77[payload->].w||30,666
2025-07-30T22:19:16.361 0100|01|00|06|f801fe|200a03fe732c[payload->].s,||11,379
2025-07-30T22:29:24.912 0100|00|00|05|fa0001|200a03ca77[payload->].w||30,666
2025-07-30T22:29:25.013 0100|01|00|06|f801fe|200a03fe732c[payload->].s,||11,379
2025-07-30T22:39:33.375 0100|00|00|05|fa0001|200a03ca77[payload->].w||30,666
2025-07-30T22:39:33.375 0100|01|00|06|f801fe|200a03fe732c[payload->].s,||11,379
2025-07-30T22:49:42.319 0100|00|00|05|fa0001|200a03ca77[payload->].w||30,666
2025-07-30T22:49:42.319 0100|01|00|06|f801fe|200a03fe732c[payload->].s,||11,379
2025-07-30T22:59:51.371 0100|00|00|05|fa0001|200a03ca77[payload->].w||30,666
2025-07-30T22:59:51.371 0100|01|00|06|f801fe|200a03fe732c[payload->].s,||11,379
2025-07-30T23:09:59.910 0100|00|00|05|fa0001|200a03ca77[payload->].w||30,666
2025-07-30T23:10:00.011 0100|01|00|06|f801fe|200a03fe732c[payload->].s,||11,379
2025-07-30T23:20:08.461 0100|00|00|05|fa0001|200a03ca77[payload->].w||30,666
2025-07-30T23:20:08.562 0100|01|00|06|f801fe|200a03fe732c[payload->].s,||11,379
2025-07-30T23:30:17.219 0100|00|00|05|fa0001|200a03ca77[payload->].w||30,666
2025-07-30T23:30:17.321 0100|01|00|06|f801fe|200a03fe732c[payload->].s,||11,379
2025-07-30T23:40:27.152 0100|00|00|05|fa0001|200a03ca77[payload->].w||30,666
2025-07-30T23:40:27.253 0100|01|00|06|f801fe|200a03fe732c[payload->].s,||11,379
2025-07-30T23:50:36.493 0100|00|00|05|fa0001|200a03ca77[payload->].w||30,666
2025-07-30T23:50:36.594 0100|01|00|06|f801fe|200a03fe732c[payload->].s,||11,379
2025-07-31T00:00:45.023 0100|00|00|05|fa0001|200a03ca77[payload->].w||30,666
2025-07-31T00:00:45.124 0100|01|00|06|f801fe|200a03fe732c[payload->].s,||11,379
2025-07-31T00:10:53.495 0100|00|00|05|fa0001|200a03ca77[payload->].w||30,666
2025-07-31T00:10:53.596 0100|01|00|06|f801fe|200a03fe732c[payload->].s,||11,379
2025-07-31T00:21:02.215 0100|00|00|05|fa0001|200a03ca77[payload->].w||30,666
2025-07-31T00:21:02.316 0100|01|00|06|f801fe|200a03fe732c[payload->].s,||11,379
2025-07-31T00:31:11.231 0100|00|00|05|fa0001|200a03ca77[payload->].w||30,666
2025-07-31T00:31:11.332 0100|01|00|06|f801fe|200a03fe732c[payload->].s,||11,379
2025-07-31T00:41:21.443 0100|00|00|05|fa0001|200a03ca77[payload->].w||30,666
2025-07-31T00:41:21.443 0100|01|00|06|f801fe|200a03fe732c[payload->].s,||11,379
2025-07-31T00:51:28.215 0100|00|00|05|fa0001|200a03ca77[payload->].w||30,666
2025-07-31T00:51:28.215 0100|01|00|06|f801fe|200a03fe732c[payload->].s,||11,379
2025-07-31T01:01:37.320 0100|00|00|05|fa0001|200a03ca77[payload->].w||30,666
2025-07-31T01:01:37.321 0100|01|00|06|f801fe|200a03fe732c[payload->].s,||11,379
2025-07-31T01:11:46.145 0100|00|00|05|fa0001|200a03ca77[payload->].w||30,666
2025-07-31T01:11:46.146 0100|01|00|06|f801fe|200a03fe732c[payload->].s,||11,379
2025-07-31T01:21:53.320 0100|00|00|05|fa0001|200a03ca77[payload->].w||30,666
2025-07-31T01:21:53.421 0100|01|00|06|f801fe|200a03fe732c[payload->].s,||11,379
2025-07-31T01:32:02.352 0100|00|00|05|fa0001|200a03ca77[payload->].w||30,666
2025-07-31T01:32:02.453 0100|01|00|06|f801fe|200a03fe732c[payload->].s,||11,379
2025-07-31T01:42:11.337 0100|00|00|05|fa0001|200a03ca77[payload->].w||30,666
2025-07-31T01:42:11.337 0100|01|00|06|f801fe|200a03fe732c[payload->].s,||11,379
2025-07-31T01:52:20.215 0100|00|00|05|fa0001|200a03ca77[payload->].w||30,666
2025-07-31T01:52:20.316 0100|01|00|06|f801fe|200a03fe732c[payload->].s,||11,379
2025-07-31T02:02:29.807 0100|00|00|05|fa0001|200a03ca77[payload->].w||30,666
2025-07-31T02:02:29.908 0100|01|00|06|f801fe|200a03fe732c[payload->].s,||11,379
2025-07-31T02:12:38.383 0100|00|00|05|fa0001|200a03ca77[payload->].w||30,666
2025-07-31T02:12:38.484 0100|01|00|06|f801fe|200a03fe732c[payload->].s,||11,379
2025-07-31T02:22:47.334 0100|00|00|05|fa0001|200a03ca77[payload->].w||30,666
2025-07-31T02:22:47.435 0100|01|00|06|f801fe|200a03fe732c[payload->].s,||11,379
2025-07-31T02:32:56.582 0100|00|00|05|fa0001|200a03ca77[payload->].w||30,666
2025-07-31T02:32:56.683 0100|01|00|06|f801fe|200a03fe732c[payload->].s,||11,379
2025-07-31T02:43:04.639 0100|00|00|05|fa0001|200a03ca77[payload->].w||30,666
2025-07-31T02:43:04.740 0100|01|00|06|f801fe|200a03fe732c[payload->].s,||11,379
2025-07-31T02:53:13.314 0100|00|00|05|fa0001|200a03ca77[payload->].w||30,666
2025-07-31T02:53:13.415 0100|01|00|06|f801fe|200a03fe732c[payload->].s,||11,379
2025-07-31T03:03:22.162 0100|00|00|05|fa0001|200a03ca77[payload->].w||30,666
2025-07-31T03:03:22.263 0100|01|00|06|f801fe|200a03fe732c[payload->].s,||11,379
2025-07-31T03:13:31.276 0100|00|00|05|fa0001|200a03ca77[payload->].w||30,666
2025-07-31T03:13:31.377 0100|01|00|06|f801fe|200a03fe732c[payload->].s,||11,379
2025-07-31T03:23:39.709 0100|00|00|05|fa0001|200a03ca77[payload->].w||30,666
2025-07-31T03:33:47.283 0100|00|00|05|fa0001|200a03ca77[payload->].w||30,666
2025-07-31T03:33:47.384 0100|01|00|06|f801fe|200a03fe732c[payload->].s,||11,379
2025-07-31T03:43:56.016 0100|00|00|05|fa0001|200a03ca77[payload->].w||30,666
2025-07-31T03:43:56.016 0100|01|00|06|f801fe|200a03fe732c[payload->].s,||11,379
2025-07-31T03:54:04.754 0100|00|00|05|fa0001|200a03ca77[payload->].w||30,666
2025-07-31T03:54:04.754 0100|01|00|06|f801fe|200a03fe732c[payload->].s,||11,379
2025-07-31T04:04:13.514 0100|00|00|05|fa0001|200a03ca77[payload->].w||30,666
2025-07-31T04:04:13.615 0100|01|00|06|f801fe|200a03fe732c[payload->].s,||11,379
2025-07-31T04:14:22.224 0100|00|00|05|fa0001|200a03ca77[payload->].w||30,666
2025-07-31T04:14:22.325 0100|01|00|06|f801fe|200a03fe732c[payload->].s,||11,379
2025-07-31T04:24:31.282 0100|00|00|05|fa0001|200a03ca77[payload->].w||30,666
2025-07-31T04:24:31.384 0100|01|00|06|f801fe|200a03fe732c[payload->].s,||11,379
2025-07-31T04:34:40.222 0100|00|00|05|fa0001|200a03ca77[payload->].w||30,666
2025-07-31T04:34:40.323 0100|01|00|06|f801fe|200a03fe732c[payload->].s,||11,379
2025-07-31T04:44:49.569 0100|00|00|05|fa0001|200a03ca77[payload->].w||30,666
2025-07-31T04:44:49.670 0100|01|00|06|f801fe|200a03fe732c[payload->].s,||11,379
2025-07-31T04:54:57.243 0100|00|00|05|fa0001|200a03ca77[payload->].w||30,666
2025-07-31T04:54:57.243 0100|01|00|06|f801fe|200a03fe732c[payload->].s,||11,379
2025-07-31T05:05:06.991 0100|00|00|05|fa0001|200a03ca77[payload->].w||30,666
2025-07-31T05:05:06.991 0100|01|00|06|f801fe|200a03fe732c[payload->].s,||11,379
2025-07-31T05:15:15.906 0100|00|00|05|fa0001|200a03ca77[payload->].w||30,666
2025-07-31T05:15:16.007 0100|01|00|06|f801fe|200a03fe732c[payload->].s,||11,379
2025-07-31T05:25:24.784 0100|00|00|05|fa0001|200a03ca77[payload->].w||30,666
2025-07-31T05:25:24.785 0100|01|00|06|f801fe|200a03fe732c[payload->].s,||11,379
2025-07-31T05:35:33.274 0100|00|00|05|fa0001|200a03ca77[payload->].w||30,666
2025-07-31T05:35:33.375 0100|01|00|06|f801fe|200a03fe732c[payload->].s,||11,379
2025-07-31T05:45:42.251 0100|00|00|05|fa0001|200a03ca77[payload->].w||30,666
2025-07-31T05:45:42.251 0100|01|00|06|f801fe|200a03fe632c[payload->].c,||11,363
2025-07-31T05:55:51.207 0100|00|00|05|fa0001|200a03ca77[payload->].w||30,666
2025-07-31T05:55:51.207 0100|01|00|06|f801fe|200a03fe732c[payload->].s,||11,379
2025-07-31T06:06:00.030 0100|00|00|05|fa0001|200a03ca77[payload->].w||30,666
2025-07-31T06:16:07.213 0100|00|00|05|fa0001|200a03ca77[payload->].w||30,666
2025-07-31T06:16:07.213 0100|01|00|06|f801fe|200a03fe732c[payload->].s,||11,379
2025-07-31T06:26:16.168 0100|00|00|05|fa0001|200a03ca77[payload->].w||30,666
2025-07-31T06:26:16.169 0100|01|00|06|f801fe|200a03fe732c[payload->].s,||11,379
2025-07-31T06:36:24.727 0100|00|00|05|fa0001|200a03ca77[payload->].w||30,666
2025-07-31T06:36:25.331 0100|01|00|86|f801fe|200a03fe732c0100000005fa00012001023ab10100010007f701fe200102150018220100000005fa000120010afcb00100010009f501fe20010a1923f37901da0100000005fa00011f860007630100010006f801fe1f860003fd200100000005fa00011f860306230100010009f501fe1f86030514000038e40100000005fa000150aa00104e[payload->].s,........ ..:......... ....."........ ............ ...#.y..............c............. ............#...............8.........P...N||19,984
2025-07-31T06:46:32.485 0100|00|00|05|fa0001|200a03ca77[payload->].w||30,666
2025-07-31T06:46:32.486 0100|01|00|06|f801fe|200a03fe732c[payload->].s,||11,379
2025-07-31T06:56:41.330 0100|00|00|05|fa0001|200a03ca77[payload->].w||30,666
2025-07-31T06:56:41.330 0100|01|00|06|f801fe|200a03fe732c[payload->].s,||11,379
2025-07-31T07:06:49.969 0100|00|00|05|fa0001|200a03ca77[payload->].w||30,666
2025-07-31T07:06:49.969 0100|01|00|06|f801fe|200a03fe732c[payload->].s,||11,379
2025-07-31T07:16:57.132 0100|00|00|05|fa0001|200a03ca77[payload->].w||30,666
2025-07-31T07:16:57.233 0100|01|00|06|f801fe|200a03fe732c[payload->].s,||11,379
2025-07-31T07:27:06.666 0100|00|00|05|fa0001|200a03ca77[payload->].w||30,666
2025-07-31T07:27:06.767 0100|01|00|06|f801fe|200a03fe732c[payload->].s,||11,379
2025-07-31T07:37:16.266 0100|00|00|05|fa0001|200a03ca77[payload->].w||30,666
2025-07-31T07:37:16.267 0100|01|00|06|f801fe|200a03fe732c[payload->].s,||11,379
2025-07-31T07:47:23.187 0100|00|00|05|fa0001|200a03ca77[payload->].w||30,666
2025-07-31T07:47:23.288 0100|01|00|06|f801fe|200a03fe732c[payload->].s,||11,379
2025-07-31T07:57:31.379 0100|00|00|05|fa0001|200a03ca77[payload->].w||30,666
2025-07-31T07:57:31.379 0100|01|00|06|f801fe|200a03fe732c[payload->].s,||11,379
2025-07-31T08:07:40.494 0100|00|00|05|fa0001|200a03ca77[payload->].w||30,666
2025-07-31T08:07:40.596 0100|01|00|06|f801fe|200a03fe732c[payload->].s,||11,379
2025-07-31T08:17:50.001 0100|00|00|05|fa0001|200a03ca77[payload->].w||30,666
2025-07-31T08:17:50.001 0100|01|00|06|f801fe|200a03fe732c[payload->].s,||11,379
2025-07-31T08:27:57.136 0100|00|00|05|fa0001|200a03ca77[payload->].w||30,666
2025-07-31T08:27:57.237 0100|01|00|06|f801fe|200a03fe732c[payload->].s,||11,379
2025-07-31T08:38:07.641 0100|00|00|05|fa0001|200a03ca77[payload->].w||30,666
2025-07-31T08:38:07.742 0100|01|00|06|f801fe|200a03fe732c[payload->].s,||11,379
2025-07-31T08:48:15.169 0100|00|00|05|fa0001|200a03ca77[payload->].w||30,666
2025-07-31T08:48:15.270 0100|01|00|06|f801fe|200a03fe732c[payload->].s,||11,379
2025-07-31T08:58:23.239 0100|00|00|05|fa0001|200a03ca77[payload->].w||30,666
2025-07-31T08:58:23.239 0100|01|00|06|f801fe|200a03fe732c[payload->].s,||11,379
2025-07-31T09:08:32.408 0100|00|00|05|fa0001|200a03ca77[payload->].w||30,666
2025-07-31T09:08:32.409 0100|01|00|06|f801fe|200a03fe732c[payload->].s,||11,379
2025-07-31T09:18:40.429 0100|00|00|05|fa0001|200a03ca77[payload->].w||30,666
2025-07-31T09:18:40.429 0100|01|00|06|f801fe|200a03fe732c[payload->].s,||11,379
2025-07-31T09:28:48.200 0100|00|00|05|fa0001|200a03ca77[payload->].w||30,666
2025-07-31T09:28:48.301 0100|01|00|06|f801fe|200a03fe732c[payload->].s,||11,379
2025-07-31T09:38:56.287 0100|00|00|05|fa0001|200a03ca77[payload->].w||30,666
2025-07-31T09:38:56.388 0100|01|00|06|f801fe|200a03fe732c[payload->].s,||11,379
2025-07-31T09:49:04.859 0100|00|00|05|fa0001|200a03ca77[payload->].w||30,666
2025-07-31T09:49:04.960 0100|01|00|06|f801fe|200a03fe732c[payload->].s,||11,379
2025-07-31T09:59:12.243 0100|00|00|05|fa0001|200a03ca77[payload->].w||30,666
2025-07-31T09:59:12.344 0100|01|00|06|f801fe|200a03fe732c[payload->].s,||11,379
2025-07-31T10:09:21.514 0100|00|00|05|fa0001|200a03ca77[payload->].w||30,666
2025-07-31T10:09:21.514 0100|01|00|06|f801fe|200a03fe732c[payload->].s,||11,379
2025-07-31T10:19:29.736 0100|00|00|05|fa0001|200a03ca77[payload->].w||30,666
2025-07-31T10:19:29.837 0100|01|00|06|f801fe|200a03fe732c[payload->].s,||11,379
2025-07-31T10:29:38.196 0100|00|00|05|fa0001|200a03ca77[payload->].w||30,666
2025-07-31T10:29:38.298 0100|01|00|06|f801fe|200a03fe732c[payload->].s,||11,379
2025-07-31T10:39:46.559 0100|00|00|05|fa0001|200a03ca77[payload->].w||30,666
2025-07-31T10:39:46.560 0100|01|00|06|f801fe|200a03fe732c[payload->].s,||11,379
2025-07-31T10:49:55.220 0100|00|00|05|fa0001|200a03ca77[payload->].w||30,666
2025-07-31T10:49:55.321 0100|01|00|06|f801fe|200a03fe732c[payload->].s,||11,379
2025-07-31T11:00:03.164 0100|00|00|05|fa0001|200a03ca77[payload->].w||30,666
2025-07-31T11:00:03.265 0100|01|00|06|f801fe|200a03fe732c[payload->].s,||11,379
2025-07-31T11:10:12.376 0100|00|00|05|fa0001|200a03ca77[payload->].w||30,666
2025-07-31T11:10:12.377 0100|01|00|06|f801fe|200a03fe732c[payload->].s,||11,379
2025-07-31T11:20:21.233 0100|00|00|05|fa0001|200a03ca77[payload->].w||30,666
2025-07-31T11:20:21.234 0100|01|00|06|f801fe|200a03fe732c[payload->].s,||11,379
2025-07-31T11:30:29.617 0100|00|00|05|fa0001|200a03ca77[payload->].w||30,666
2025-07-31T11:30:29.617 0100|01|00|06|f801fe|200a03fe732c[payload->].s,||11,379
2025-07-31T11:40:38.309 0100|00|00|05|fa0001|200a03ca77[payload->].w||30,666
2025-07-31T11:40:38.410 0100|01|00|06|f801fe|200a03fe732c[payload->].s,||11,379
2025-07-31T11:50:46.480 0100|00|00|05|fa0001|200a03ca77[payload->].w||30,666
2025-07-31T11:50:46.582 0100|01|00|06|f801fe|200a03fe732c[payload->].s,||11,379
2025-07-31T12:00:54.934 0100|00|00|05|fa0001|200a03ca77[payload->].w||30,666
2025-07-31T12:00:55.035 0100|01|00|06|f801fe|200a03fe732c[payload->].s,||11,379
2025-07-31T12:11:03.442 0100|00|00|05|fa0001|200a03ca77[payload->].w||30,666
2025-07-31T12:11:03.443 0100|01|00|06|f801fe|200a03fe732c[payload->].s,||11,379
2025-07-31T12:21:12.214 0100|00|00|05|fa0001|200a03ca77[payload->].w||30,666
2025-07-31T12:21:12.214 0100|01|00|06|f801fe|200a03fe732c[payload->].s,||11,379
2025-07-31T12:31:21.391 0100|00|00|05|fa0001|200a03ca77[payload->].w||30,666
2025-07-31T12:31:21.492 0100|01|00|06|f801fe|200a03fe732c[payload->].s,||11,379
2025-07-31T12:41:32.178 0100|00|00|05|fa0001|200a03ca77[payload->].w||30,666
2025-07-31T12:41:32.178 0100|01|00|06|f801fe|200a03fe732c[payload->].s,||11,379
2025-07-31T12:51:41.504 0100|00|00|05|fa0001|200a03ca77[payload->].w||30,666
2025-07-31T12:51:41.504 0100|01|00|06|f801fe|200a03fe732c[payload->].s,||11,379
2025-07-31T13:01:50.875 0100|00|00|05|fa0001|200a03ca77[payload->].w||30,666
2025-07-31T13:01:50.976 0100|01|00|06|f801fe|200a03fe732c[payload->].s,||11,379
2025-07-31T13:11:58.627 0100|00|00|05|fa0001|200a03ca77[payload->].w||30,666
2025-07-31T13:11:58.627 0100|01|00|06|f801fe|200a03fe732c[payload->].s,||11,379
2025-07-31T13:22:07.766 0100|00|00|05|fa0001|200a03ca77[payload->].w||30,666
2025-07-31T13:22:07.868 0100|01|00|06|f801fe|200a03fe732c[payload->].s,||11,379
2025-07-31T13:32:15.188 0100|00|00|05|fa0001|200a03ca77[payload->].w||30,666
2025-07-31T13:32:15.289 0100|01|00|06|f801fe|200a03fe732c[payload->].s,||11,379
2025-07-31T13:42:23.158 0100|00|00|05|fa0001|200a03ca77[payload->].w||30,666
2025-07-31T13:42:23.259 0100|01|00|06|f801fe|200a03fe732c[payload->].s,||11,379
2025-07-31T13:52:32.203 0100|00|00|05|fa0001|200a03ca77[payload->].w||30,666
2025-07-31T13:52:32.304 0100|01|00|06|f801fe|200a03fe732c[payload->].s,||11,379
2025-07-31T14:02:41.351 0100|00|00|05|fa0001|200a03ca77[payload->].w||30,666
2025-07-31T14:02:41.452 0100|01|00|06|f801fe|200a03fe732c[payload->].s,||11,379
2025-07-31T14:12:50.850 0100|00|00|05|fa0001|200a03ca77[payload->].w||30,666
2025-07-31T14:12:50.850 0100|01|00|06|f801fe|200a03fe732c[payload->].s,||11,379
2025-07-31T14:22:58.205 0100|00|00|05|fa0001|200a03ca77[payload->].w||30,666
2025-07-31T14:22:58.407 0100|01|00|06|f801fe|200a03fe732c[payload->].s,||11,379
2025-07-31T14:33:07.288 0100|00|00|05|fa0001|200a03ca77[payload->].w||30,666
2025-07-31T14:33:07.289 0100|01|00|06|f801fe|200a03fe732c[payload->].s,||11,379
2025-07-31T14:43:16.578 0100|00|00|05|fa0001|200a03ca77[payload->].w||30,666
2025-07-31T14:43:16.579 0100|01|00|06|f801fe|200a03fe732c[payload->].s,||11,379
2025-07-31T14:53:25.037 0100|00|00|05|fa0001|200a03ca77[payload->].w||30,666
2025-07-31T14:53:25.038 0100|01|00|06|f801fe|200a03fe732c[payload->].s,||11,379
2025-07-31T15:03:32.178 0100|00|00|05|fa0001|200a03ca77[payload->].w||30,666
2025-07-31T15:03:32.279 0100|01|00|06|f801fe|200a03fe732c[payload->].s,||11,379
2025-07-31T15:13:41.267 0100|00|00|05|fa0001|200a03ca77[payload->].w||30,666
2025-07-31T15:13:41.368 0100|01|00|06|f801fe|200a03fe732c[payload->].s,||11,379
2025-07-31T15:23:49.743 0100|00|00|05|fa0001|200a03ca77[payload->].w||30,666
2025-07-31T15:23:49.844 0100|01|00|06|f801fe|200a03fe732c[payload->].s,||11,379
2025-07-31T15:33:58.426 0100|00|00|05|fa0001|200a03ca77[payload->].w||30,666
2025-07-31T15:33:58.528 0100|01|00|06|f801fe|200a03fe732c[payload->].s,||11,379
2025-07-31T15:44:07.168 0100|00|00|05|fa0001|200a03ca77[payload->].w||30,666
2025-07-31T15:54:16.516 0100|00|00|05|fa0001|200a03ca77[payload->].w||30,666
2025-07-31T15:54:16.617 0100|01|00|06|f801fe|200a03fe732c[payload->].s,||11,379
2025-07-31T16:04:25.247 0100|00|00|05|fa0001|200a03ca77[payload->].w||30,666
2025-07-31T16:04:25.248 0100|01|00|06|f801fe|200a03fe732c[payload->].s,||11,379
2025-07-31T16:14:34.699 0100|00|00|05|fa0001|200a03ca77[payload->].w||30,666
2025-07-31T16:14:34.801 0100|01|00|06|f801fe|200a03fe732c[payload->].s,||11,379
2025-07-31T16:24:43.289 0100|00|00|05|fa0001|200a03ca77[payload->].w||30,666
2025-07-31T16:24:43.390 0100|01|00|06|f801fe|200a03fe732c[payload->].s,||11,379
2025-07-31T16:34:51.337 0100|00|00|05|fa0001|200a03ca77[payload->].w||30,666
2025-07-31T16:34:51.438 0100|01|00|06|f801fe|200a03fe732c[payload->].s,||11,379
2025-07-31T16:55:09.931 0100|00|00|05|fa0001|200a03ca77[payload->].w||30,666
2025-07-31T16:55:10.032 0100|01|00|06|f801fe|200a03fe732c[payload->].s,||11,379
2025-07-31T17:05:18.407 0100|00|00|05|fa0001|200a038a77[payload->].w||30,602
2025-07-31T17:05:18.508 0100|01|00|06|f801fe|200a03fe732c[payload->].s,||11,379
2025-07-31T17:15:27.106 0100|00|00|05|fa0001|200a03ca77[payload->].w||30,666
2025-07-31T17:15:27.207 0100|01|00|06|f801fe|200a03fe732c[payload->].s,||11,379
2025-07-31T17:25:36.622 0100|00|00|05|fa0001|200a03ca77[payload->].w||30,666
2025-07-31T17:25:36.622 0100|01|00|06|f801fe|200a03fe732c[payload->].s,||11,379
2025-07-31T17:35:46.382 0100|00|00|05|fa0001|200a03ca77[payload->].w||30,666
2025-07-31T17:35:46.382 0100|01|00|06|f801fe|200a03fe732c[payload->].s,||11,379
2025-07-31T17:45:55.308 0100|00|00|05|fa0001|200a03ca77[payload->].w||30,666
2025-07-31T17:45:55.409 0100|01|00|06|f801fe|200a03fe732c[payload->].s,||11,379
2025-07-31T17:56:03.316 0100|00|00|05|fa0001|200a03ca77[payload->].w||30,666
2025-07-31T17:56:03.317 0100|01|00|06|f801fe|200a03fe732c[payload->].s,||11,379
2025-07-31T18:06:12.479 0100|00|00|05|fa0001|200a03ca77[payload->].w||30,666
2025-07-31T18:06:12.479 0100|01|00|06|f801fe|200a03fe732c[payload->].s,||11,379
2025-07-31T18:16:21.317 0100|00|00|05|fa0001|200a03ca77[payload->].w||30,666
2025-07-31T18:16:21.317 0100|01|00|06|f801fe|200a03fe732c[payload->].s,||11,379
2025-07-31T18:26:30.258 0100|00|00|05|fa0001|200a03ca77[payload->].w||30,666
2025-07-31T18:26:30.359 0100|01|00|06|f801fe|200a03fe732c[payload->].s,||11,379
2025-07-31T18:36:39.762 0100|00|00|05|fa0001|200a03ca77[payload->].w||30,666
2025-07-31T18:36:39.763 0100|01|00|06|f801fe|200a03fe732c[payload->].s,||11,379
2025-07-31T18:46:48.339 0100|00|00|05|fa0001|200a03ca77[payload->].w||30,666
2025-07-31T18:46:48.340 0100|01|00|06|f801fe|200a03fe732c[payload->].s,||11,379
2025-07-31T18:56:57.284 0100|00|00|05|fa0001|200a03ca77[payload->].w||30,666
2025-07-31T18:56:57.285 0100|01|00|06|f801fe|200a03fe732c[payload->].s,||11,379
2025-07-31T19:07:06.908 0100|00|00|05|fa0001|200a03ca77[payload->].w||30,666
2025-07-31T19:07:07.110 0100|01|00|06|f801fe|200a03fe732c[payload->].s,||11,379
2025-07-31T19:17:15.477 0100|00|00|05|fa0001|200a03ca77[payload->].w||30,666
2025-07-31T19:17:15.578 0100|01|00|06|f801fe|200a03fe732c[payload->].s,||11,379
2025-07-31T19:47:42.419 0100|00|00|05|fa0001|200a03ca77[payload->].w||30,666
2025-07-31T19:47:42.520 0100|01|00|06|f801fe|200a03fe732c[payload->].s,||11,379
2025-07-31T19:57:51.295 0100|00|00|05|fa0001|200a03ca77[payload->].w||30,666
2025-07-31T19:57:51.396 0100|01|00|06|f801fe|200a03fe732c[payload->].s,||11,379
2025-07-31T20:08:00.295 0100|00|00|05|fa0001|200a03ca77[payload->].w||30,666
2025-07-31T20:08:00.296 0100|01|00|06|f801fe|200a03fe732c[payload->].s,||11,379
2025-07-31T20:18:08.428 0100|00|00|05|fa0001|200a03ca77[payload->].w||30,666
2025-07-31T20:18:08.428 0100|01|00|06|f801fe|200a03fe732c[payload->].s,||11,379
2025-07-31T20:28:17.398 0100|00|00|05|fa0001|200a03ca77[payload->].w||30,666
2025-07-31T20:28:17.398 0100|01|00|06|f801fe|200a03fe732c[payload->].s,||11,379
2025-07-31T20:38:27.177 0100|00|00|05|fa0001|200a03ca77[payload->].w||30,666
2025-07-31T20:38:27.278 0100|01|00|06|f801fe|200a03fe732c[payload->].s,||11,379
2025-07-31T20:48:35.133 0100|00|00|05|fa0001|200a03ca77[payload->].w||30,666
2025-07-31T20:48:35.234 0100|01|00|06|f801fe|200a03fe732c[payload->].s,||11,379
2025-07-31T20:58:45.126 0100|00|00|05|fa0001|200a03ca77[payload->].w||30,666
2025-07-31T20:58:45.127 0100|01|00|06|f801fe|200a03fe732c[payload->].s,||11,379
2025-07-31T21:08:53.393 0100|00|00|05|fa0001|200a03ca77[payload->].w||30,666
2025-07-31T21:08:53.393 0100|01|00|06|f801fe|200a03fe732c[payload->].s,||11,379
2025-07-31T21:19:02.359 0100|00|00|05|fa0001|200a03ca77[payload->].w||30,666
2025-07-31T21:19:02.360 0100|01|00|06|f801fe|200a03fe732c[payload->].s,||11,379
2025-07-31T21:29:11.145 0100|00|00|05|fa0001|200a03ca77[payload->].w||30,666
2025-07-31T21:29:11.245 0100|01|00|06|f801fe|200a03fe732c[payload->].s,||11,379
2025-07-31T21:39:20.136 0100|00|00|05|fa0001|200a03ca77[payload->].w||30,666
2025-07-31T21:39:20.237 0100|01|00|06|f801fe|200a03fe732c[payload->].s,||11,379
2025-07-31T21:49:29.714 0100|00|00|05|fa0001|200a03ca77[payload->].w||30,666
2025-07-31T21:49:29.815 0100|01|00|06|f801fe|200a03fe732c[payload->].s,||11,379
2025-07-31T21:59:37.212 0100|00|00|05|fa0001|200a03ca77[payload->].w||30,666
2025-07-31T21:59:37.212 0100|01|00|06|f801fe|200a03fe732c[payload->].s,||11,379
2025-07-31T22:09:45.509 0100|00|00|05|fa0001|200a03ca77[payload->].w||30,666
2025-07-31T22:09:45.610 0100|01|00|06|f801fe|200a03fe732c[payload->].s,||11,379
2025-07-31T22:19:54.771 0100|00|00|05|fa0001|200a03ca77[payload->].w||30,666
2025-07-31T22:19:54.872 0100|01|00|06|f801fe|200a03fe732c[payload->].s,||11,379
2025-07-31T22:30:03.175 0100|00|00|05|fa0001|200a03ca77[payload->].w||30,666
2025-07-31T22:30:03.276 0100|01|00|06|f801fe|200a03fe732c[payload->].s,||11,379
2025-07-31T22:40:12.442 0100|00|00|05|fa0001|200a03ca77[payload->].w||30,666
2025-07-31T22:40:12.442 0100|01|00|06|f801fe|200a03fe732c[payload->].s,||11,379
2025-07-31T22:50:22.180 0100|00|00|05|fa0001|200a03ca77[payload->].w||30,666
2025-07-31T22:50:22.281 0100|01|00|06|f801fe|200a03fe732c[payload->].s,||11,379
2025-07-31T23:00:31.372 0100|00|00|05|fa0001|200a03ca77[payload->].w||30,666
2025-07-31T23:00:31.373 0100|01|00|06|f801fe|200a03fe732c[payload->].s,||11,379
2025-07-31T23:10:40.132 0100|00|00|05|fa0001|200a03ca77[payload->].w||30,666
2025-07-31T23:10:40.233 0100|01|00|06|f801fe|200a03fe732c[payload->].s,||11,379
2025-07-31T23:20:49.783 0100|00|00|05|fa0001|200a03ca77[payload->].w||30,666
2025-07-31T23:20:49.884 0100|01|00|06|f801fe|200a03fe732c[payload->].s,||11,379
2025-07-31T23:30:58.207 0100|00|00|05|fa0001|200a03ca77[payload->].w||30,666
2025-07-31T23:30:58.207 0100|01|00|06|f801fe|200a03fe732c[payload->].s,||11,379
2025-07-31T23:41:07.267 0100|00|00|05|fa0001|200a03ca77[payload->].w||30,666
2025-07-31T23:41:07.267 0100|01|00|06|f801fe|200a03fe732c[payload->].s,||11,379
2025-07-31T23:51:17.337 0100|00|00|05|fa0001|200a03ca77[payload->].w||30,666
2025-07-31T23:51:17.438 0100|01|00|06|f801fe|200a03fe732c[payload->].s,||11,379
2025-08-01T00:01:25.383 0100|00|00|05|fa0001|200a03ca77[payload->].w||30,666
2025-08-01T00:01:25.484 0100|01|00|06|f801fe|200a03fe732c[payload->].s,||11,379
2025-08-01T00:11:35.008 0100|00|00|05|fa0001|200a03ca77[payload->].w||30,666
2025-08-01T00:11:35.109 0100|01|00|06|f801fe|200a03fe732c[payload->].s,||11,379
2025-08-01T00:21:43.174 0100|00|00|05|fa0001|200a03ca77[payload->].w||30,666
2025-08-01T00:21:43.275 0100|01|00|06|f801fe|200a03fe732c[payload->].s,||11,379
2025-08-01T00:31:52.148 0100|00|00|05|fa0001|200a03ca77[payload->].w||30,666
2025-08-01T00:31:52.249 0100|01|00|06|f801fe|200a03fe732c[payload->].s,||11,379
2025-08-01T00:42:01.345 0100|00|00|05|fa0001|200a03ca77[payload->].w||30,666
2025-08-01T00:42:01.446 0100|01|00|06|f801fe|200a03fe732c[payload->].s,||11,379
2025-08-01T00:52:10.286 0100|00|00|05|fa0001|200a03ca77[payload->].w||30,666
2025-08-01T00:52:10.387 0100|01|00|06|f801fe|200a03fe732c[payload->].s,||11,379
2025-08-01T01:02:19.586 0100|00|00|05|fa0001|200a03ca77[payload->].w||30,666
2025-08-01T01:02:19.587 0100|01|00|06|f801fe|200a03fe732c[payload->].s,||11,379
2025-08-01T01:12:28.380 0100|00|00|05|fa0001|200a03ca77[payload->].w||30,666
2025-08-01T01:12:28.380 0100|01|00|06|f801fe|200a03fe732c[payload->].s,||11,379
2025-08-01T01:22:37.326 0100|00|00|05|fa0001|200a03ca77[payload->].w||30,666
2025-08-01T01:22:37.427 0100|01|00|06|f801fe|200a03fe732c[payload->].s,||11,379
2025-08-01T01:32:45.168 0100|00|00|05|fa0001|200a03ca77[payload->].w||30,666
2025-08-01T01:32:45.269 0100|01|00|06|f801fe|200a03fe732c[payload->].s,||11,379
2025-08-01T01:42:54.650 0100|00|00|05|fa0001|200a03ca77[payload->].w||30,666
2025-08-01T01:42:54.751 0100|01|00|06|f801fe|200a03fe732c[payload->].s,||11,379
2025-08-01T01:53:03.122 0100|00|00|05|fa0001|200a03ca77[payload->].w||30,666
2025-08-01T01:53:03.223 0100|01|00|06|f801fe|200a03fe732c[payload->].s,||11,379
2025-08-01T02:03:12.180 0100|00|00|05|fa0001|200a03ca77[payload->].w||30,666
2025-08-01T02:03:12.180 0100|01|00|06|f801fe|200a03fe732c[payload->].s,||11,379
2025-08-01T02:13:21.385 0100|00|00|05|fa0001|200a03ca77[payload->].w||30,666
2025-08-01T02:13:21.386 0100|01|00|06|f801fe|200a03fe732c[payload->].s,||11,379
2025-08-01T02:23:30.464 0100|01|00|06|f801fe|200a03fe732c[payload->].s,||11,379
2025-08-01T02:33:38.375 0100|00|00|05|fa0001|200a03ca77[payload->].w||30,666
2025-08-01T02:33:38.375 0100|01|00|06|f801fe|200a03fe732c[payload->].s,||11,379
2025-08-01T02:43:47.396 0100|00|00|05|fa0001|200a03ca77[payload->].w||30,666
2025-08-01T02:43:47.396 0100|01|00|06|f801fe|200a03fe732c[payload->].s,||11,379
2025-08-01T02:53:56.554 0100|00|00|05|fa0001|200a03ca77[payload->].w||30,666
2025-08-01T02:53:56.554 0100|01|00|06|f801fe|200a03fe732c[payload->].s,||11,379
2025-08-01T03:04:04.794 0100|00|00|05|fa0001|200a03ca77[payload->].w||30,666
2025-08-01T03:04:04.794 0100|01|00|06|f801fe|200a03fe732c[payload->].s,||11,379
2025-08-01T03:14:13.351 0100|00|00|05|fa0001|200a03ca77[payload->].w||30,666
2025-08-01T03:14:13.351 0100|01|00|06|f801fe|200a03fe732c[payload->].s,||11,379
2025-08-01T03:24:22.136 0100|00|00|05|fa0001|200a03ca77[payload->].w||30,666
2025-08-01T03:24:22.238 0100|01|00|06|f801fe|200a03fe732c[payload->].s,||11,379
2025-08-01T03:34:30.231 0100|00|00|05|fa0001|200a03ca77[payload->].w||30,666
2025-08-01T03:34:30.332 0100|01|00|06|f801fe|200a03fe732c[payload->].s,||11,379
2025-08-01T03:44:38.357 0100|00|00|05|fa0001|200a03ca77[payload->].w||30,666
2025-08-01T03:44:38.357 0100|01|00|06|f801fe|200a03fe732c[payload->].s,||11,379
2025-08-01T03:54:47.135 0100|00|00|05|fa0001|200a03ca77[payload->].w||30,666
2025-08-01T03:54:47.136 0100|01|00|06|f801fe|200a03fe732c[payload->].s,||11,379
2025-08-01T04:04:56.657 0100|00|00|05|fa0001|200a03ca77[payload->].w||30,666
2025-08-01T04:04:56.759 0100|01|00|06|f801fe|200a03fe732c[payload->].s,||11,379
2025-08-01T04:15:05.128 0100|00|00|05|fa0001|200a03ca77[payload->].w||30,666
2025-08-01T04:15:05.229 0100|01|00|06|f801fe|200a03fe732c[payload->].s,||11,379
2025-08-01T04:25:14.680 0100|00|00|05|fa0001|200a03ca77[payload->].w||30,666
2025-08-01T04:25:14.781 0100|01|00|06|f801fe|200a03fe732c[payload->].s,||11,379
2025-08-01T04:35:23.322 0100|00|00|05|fa0001|200a03ca77[payload->].w||30,666
2025-08-01T04:35:23.423 0100|01|00|06|f801fe|200a03fe732c[payload->].s,||11,379
2025-08-01T04:45:33.178 0100|00|00|05|fa0001|200a03ca77[payload->].w||30,666
2025-08-01T04:45:33.178 0100|01|00|06|f801fe|200a03fe732c[payload->].s,||11,379
2025-08-01T04:55:42.155 0100|00|00|05|fa0001|200a03ca77[payload->].w||30,666
2025-08-01T04:55:42.255 0100|01|00|06|f801fe|200a03fe732c[payload->].s,||11,379
2025-08-01T05:05:51.398 0100|00|00|05|fa0001|200a03ca77[payload->].w||30,666
2025-08-01T05:05:51.399 0100|01|00|06|f801fe|200a03fe732c[payload->].s,||11,379
2025-08-01T05:16:00.315 0100|00|00|05|fa0001|200a03ca77[payload->].w||30,666
2025-08-01T05:16:00.416 0100|01|00|06|f801fe|200a03fe732c[payload->].s,||11,379
2025-08-01T05:26:08.327 0100|00|00|05|fa0001|200a03ca77[payload->].w||30,666
2025-08-01T05:26:08.428 0100|01|00|06|f801fe|200a03fe732c[payload->].s,||11,379
2025-08-01T05:36:17.308 0100|00|00|05|fa0001|200a03ca77[payload->].w||30,666
2025-08-01T05:36:17.409 0100|01|00|06|f801fe|200a03fe732c[payload->].s,||11,379
2025-08-01T05:46:26.438 0100|00|00|05|fa0001|200a03ca77[payload->].w||30,666
2025-08-01T05:46:26.539 0100|01|00|06|f801fe|200a03fe732c[payload->].s,||11,379
2025-08-01T05:56:35.198 0100|00|00|05|fa0001|200a03ca77[payload->].w||30,666
2025-08-01T05:56:35.299 0100|01|00|06|f801fe|200a03fe732c[payload->].s,||11,379
2025-08-01T06:06:44.708 0100|00|00|05|fa0001|200a03ca77[payload->].w||30,666
2025-08-01T06:06:44.708 0100|01|00|06|f801fe|200a03fe732c[payload->].s,||11,379
2025-08-01T06:16:53.359 0100|00|00|05|fa0001|200a03ca77[payload->].w||30,666
2025-08-01T06:16:53.360 0100|01|00|06|f801fe|200a03fe732c[payload->].s,||11,379
2025-08-01T06:27:02.398 0100|00|00|05|fa0001|200a03ca77[payload->].w||30,666
2025-08-01T06:27:02.399 0100|01|00|06|f801fe|200a03fe732c[payload->].s,||11,379
2025-08-01T06:37:10.183 0100|00|00|05|fa0001|200a03ca77[payload->].w||30,666
2025-08-01T06:37:10.284 0100|01|00|06|f801fe|200a03fe732c[payload->].s,||11,379
2025-08-01T06:47:18.160 0100|00|00|05|fa0001|200a03ca77[payload->].w||30,666
2025-08-01T06:47:18.160 0100|01|00|06|f801fe|200a03fe732c[payload->].s,||11,379
2025-08-01T06:57:27.297 0100|00|00|05|fa0001|200a03ca77[payload->].w||30,666
2025-08-01T06:57:27.297 0100|01|00|06|f801fe|200a03fe732c[payload->].s,||11,379
2025-08-01T07:07:36.632 0100|00|00|05|fa0001|200a03ca77[payload->].w||30,666
2025-08-01T07:07:36.734 0100|01|00|06|f801fe|200a03fe732c[payload->].s,||11,379
2025-08-01T07:17:44.545 0100|00|00|05|fa0001|200a03ca77[payload->].w||30,666
2025-08-01T07:17:44.646 0100|01|00|06|f801fe|200a03fe732c[payload->].s,||11,379
2025-08-01T07:27:53.121 0100|00|00|05|fa0001|200a03ca77[payload->].w||30,666
2025-08-01T07:27:53.222 0100|01|00|06|f801fe|200a03fe732c[payload->].s,||11,379
2025-08-01T07:38:02.230 0100|00|00|05|fa0001|200a03ca77[payload->].w||30,666
2025-08-01T07:38:02.230 0100|01|00|06|f801fe|200a03fe732c[payload->].s,||11,379
2025-08-01T07:48:10.989 0100|00|00|05|fa0001|200a03ca77[payload->].w||30,666
2025-08-01T07:48:11.090 0100|01|00|06|f801fe|200a03fe732c[payload->].s,||11,379
2025-08-01T07:58:19.820 0100|00|00|05|fa0001|200a03ca77[payload->].w||30,666
2025-08-01T07:58:19.820 0100|01|00|06|f801fe|200a03fe732c[payload->].s,||11,379
2025-08-01T08:08:28.279 0100|00|00|05|fa0001|200a03ca77[payload->].w||30,666
2025-08-01T08:08:28.380 0100|01|00|06|f801fe|200a03fe732c[payload->].s,||11,379
2025-08-01T08:18:37.244 0100|00|00|05|fa0001|200a03ca77[payload->].w||30,666
2025-08-01T08:18:37.345 0100|01|00|06|f801fe|200a03fe732c[payload->].s,||11,379
2025-08-01T08:28:46.636 0100|00|00|05|fa0001|200a03ca77[payload->].w||30,666
2025-08-01T08:28:46.637 0100|01|00|06|f801fe|200a03fe732c[payload->].s,||11,379
2025-08-01T08:38:54.990 0100|00|00|05|fa0001|200a03ca77[payload->].w||30,666
2025-08-01T08:38:55.091 0100|01|00|06|f801fe|200a03fe732c[payload->].s,||11,379
2025-08-01T08:49:03.152 0100|00|00|05|fa0001|200a03ca77[payload->].w||30,666
2025-08-01T08:49:03.152 0100|01|00|06|f801fe|200a03fe732c[payload->].s,||11,379
2025-08-01T08:59:12.153 0100|00|00|05|fa0001|200a03ca77[payload->].w||30,666
2025-08-01T08:59:12.154 0100|01|00|06|f801fe|200a03fe732c[payload->].s,||11,379
2025-08-01T09:09:21.380 0100|00|00|05|fa0001|200a03ca77[payload->].w||30,666
2025-08-01T09:09:21.381 0100|01|00|06|f801fe|200a03fe732c[payload->].s,||11,379
2025-08-01T09:19:30.338 0100|00|00|05|fa0001|200a03ca77[payload->].w||30,666
2025-08-01T09:19:30.339 0100|01|00|06|f801fe|200a03fe732c[payload->].s,||11,379
2025-08-01T09:29:39.998 0100|00|00|05|fa0001|200a03ca77[payload->].w||30,666
2025-08-01T09:29:39.998 0100|01|00|06|f801fe|200a03fe732c[payload->].s,||11,379
2025-08-01T09:39:48.413 0100|00|00|05|fa0001|200a03ca77[payload->].w||30,666
2025-08-01T09:39:48.514 0100|01|00|06|f801fe|200a03fe732c[payload->].s,||11,379
2025-08-01T09:49:57.308 0100|00|00|05|fa0001|200a03ca77[payload->].w||30,666
2025-08-01T09:49:57.309 0100|01|00|06|f801fe|200a03fe732c[payload->].s,||11,379
2025-08-01T10:00:05.336 0100|00|00|05|fa0001|200a03ca77[payload->].w||30,666
2025-08-01T10:00:05.437 0100|01|00|06|f801fe|200a03fe732c[payload->].s,||11,379
2025-08-01T10:10:14.966 0100|00|00|05|fa0001|200a03ca77[payload->].w||30,666
2025-08-01T10:10:15.067 0100|01|00|0e|f809fe|200a03fe732c0100000005fa0003[payload->].s,........||0,768
2025-08-01T10:20:23.339 0100|00|00|05|fa0001|200a03ca77[payload->].w||30,666
2025-08-01T10:20:23.440 0100|01|00|06|f801fe|200a03fe732c[payload->].s,||11,379
2025-08-01T10:30:32.114 0100|00|00|05|fa0001|200a03ca77[payload->].w||30,666
2025-08-01T10:30:32.215 0100|01|00|06|f801fe|200a03fe732c[payload->].s,||11,379
2025-08-01T10:40:41.148 0100|00|00|05|fa0001|200a03ca77[payload->].w||30,666
2025-08-01T10:40:41.249 0100|01|00|06|f801fe|200a03fe732c[payload->].s,||11,379
2025-08-01T10:50:50.168 0100|00|00|05|fa0001|200a03ca77[payload->].w||30,666
2025-08-01T10:50:50.269 0100|01|00|06|f801fe|200a03fe732c[payload->].s,||11,379
2025-08-01T11:00:59.810 0100|00|00|05|fa0001|200a03ca77[payload->].w||30,666
2025-08-01T11:00:59.811 0100|01|00|06|f801fe|200a03fe732c[payload->].s,||11,379
2025-08-01T11:11:08.230 0100|00|00|05|fa0001|200a03ca77[payload->].w||30,666
2025-08-01T11:11:08.231 0100|01|00|06|f801fe|200a03fe732c[payload->].s,||11,379
2025-08-01T11:21:17.275 0100|00|00|05|fa0001|200a03ca77[payload->].w||30,666
2025-08-01T11:21:17.376 0100|01|00|06|f801fe|200a03fe732c[payload->].s,||11,379
2025-08-01T11:31:27.882 0100|01|00|06|f801fe|200a03fe732c[payload->].s,||11,379
2025-08-01T11:41:37.162 0100|00|00|05|fa0001|200a03ca77[payload->].w||30,666
2025-08-01T11:41:37.264 0100|01|00|06|f801fe|200a03fe732c[payload->].s,||11,379
2025-08-01T11:51:45.529 0100|00|00|05|fa0001|200a03ca77[payload->].w||30,666
2025-08-01T11:51:45.530 0100|01|00|06|f801fe|200a03fe732c[payload->].s,||11,379
2025-08-01T12:01:54.922 0100|00|00|05|fa0001|200a03ca77[payload->].w||30,666
2025-08-01T12:01:54.922 0100|01|00|06|f801fe|200a03fe732c[payload->].s,||11,379
2025-08-01T12:12:03.244 0100|00|00|05|fa0001|200a03ca77[payload->].w||30,666
2025-08-01T12:12:03.345 0100|01|00|06|f801fe|200a03fe732c[payload->].s,||11,379
2025-08-01T12:22:12.460 0100|00|00|05|fa0001|200a03ca77[payload->].w||30,666
2025-08-01T12:22:12.561 0100|01|00|06|f801fe|200a03fe732c[payload->].s,||11,379
2025-08-01T12:32:21.246 0100|00|00|05|fa0001|200a03ca77[payload->].w||30,666
2025-08-01T12:32:21.247 0100|01|00|06|f801fe|200a03fe732c[payload->].s,||11,379
2025-08-01T12:42:29.844 0100|00|00|05|fa0001|200a03ca77[payload->].w||30,666
2025-08-01T12:42:29.945 0100|01|00|06|f801fe|200a03fe732c[payload->].s,||11,379
2025-08-01T12:52:38.149 0100|00|00|05|fa0001|200a03ca77[payload->].w||30,666
2025-08-01T12:52:38.250 0100|01|00|06|f801fe|200a03fe732c[payload->].s,||11,379
2025-08-01T13:02:47.290 0100|00|00|05|fa0001|200a03ca77[payload->].w||30,666
2025-08-01T13:02:47.391 0100|01|00|04|f801fe|200a03fe[payload->].||65,027
2025-08-01T13:12:56.906 0100|00|00|05|fa0001|200a03ca77[payload->].w||30,666
2025-08-01T13:12:57.007 0100|01|00|06|f801fe|200a03fe732c[payload->].s,||11,379
2025-08-01T13:23:04.633 0100|00|00|05|fa0001|200a03ca77[payload->].w||30,666
2025-08-01T13:23:04.734 0100|01|00|06|f801fe|200a03fe732c[payload->].s,||11,379
2025-08-01T13:33:13.321 0100|00|00|05|fa0001|200a03ca77[payload->].w||30,666
2025-08-01T13:33:13.321 0100|01|00|06|f801fe|200a03fe732c[payload->].s,||11,379
2025-08-01T13:43:22.565 0100|00|00|05|fa0001|200a03ca77[payload->].w||30,666
2025-08-01T13:53:31.276 0100|00|00|05|fa0001|200a03ca77[payload->].w||30,666
2025-08-01T13:53:31.377 0100|01|00|06|f801fe|200a03fe732c[payload->].s,||11,379
2025-08-01T14:03:40.340 0100|00|00|05|fa0001|200a03ca77[payload->].w||30,666
2025-08-01T14:03:40.341 0100|01|00|06|f801fe|200a03fe732c[payload->].s,||11,379
2025-08-01T14:13:48.363 0100|00|00|05|fa0001|200a03ca77[payload->].w||30,666
2025-08-01T14:13:48.465 0100|01|00|06|f801fe|200a03fe732c[payload->].s,||11,379
2025-08-01T14:23:57.320 0100|00|00|05|fa0001|200a03ca77[payload->].w||30,666
2025-08-01T14:23:57.421 0100|01|00|06|f801fe|200a03fe732c[payload->].s,||11,379
2025-08-01T14:34:05.534 0100|00|00|05|fa0001|200a03ca77[payload->].w||30,666
2025-08-01T14:34:05.535 0100|01|00|06|f801fe|200a03fe732c[payload->].s,||11,379
2025-08-01T14:44:14.569 0100|00|00|05|fa0001|200a03ca77[payload->].w||30,666
2025-08-01T14:44:14.670 0100|01|00|06|f801fe|200a03fe732c[payload->].s,||11,379
2025-08-01T14:54:23.328 0100|00|00|05|fa0001|200a03ca77[payload->].w||30,666
2025-08-01T14:54:23.328 0100|01|00|06|f801fe|200a03fe732c[payload->].s,||11,379
2025-08-01T15:04:32.132 0100|00|00|05|fa0001|200a03ca77[payload->].w||30,666
2025-08-01T15:04:32.233 0100|01|00|06|f801fe|200a03fe732c[payload->].s,||11,379
2025-08-01T15:14:41.377 0100|00|00|05|fa0001|200a03ca77[payload->].w||30,666
2025-08-01T15:14:41.377 0100|01|00|06|f801fe|200a03fe732c[payload->].s,||11,379
2025-08-01T15:24:50.540 0100|00|00|05|fa0001|200a03ca77[payload->].w||30,666
2025-08-01T15:24:50.742 0100|01|00|06|f801fe|200a03fe732c[payload->].s,||11,379
2025-08-01T15:34:58.354 0100|00|00|05|fa0001|200a03ca77[payload->].w||30,666
2025-08-01T15:34:58.354 0100|01|00|06|f801fe|200a03fe732c[payload->].s,||11,379
2025-08-01T15:45:07.231 0100|00|00|05|fa0001|200a03ca77[payload->].w||30,666
2025-08-01T15:45:07.332 0100|01|00|06|f801fe|200a03fe732c[payload->].s,||11,379
2025-08-01T15:55:15.794 0100|00|00|05|fa0001|200a03ca77[payload->].w||30,666
2025-08-01T15:55:15.896 0100|01|00|06|f801fe|200a03fe732c[payload->].s,||11,379
2025-08-01T16:05:24.775 0100|00|00|05|fa0001|200a03ca77[payload->].w||30,666
2025-08-01T16:05:24.876 0100|01|00|06|f801fe|200a03fe732c[payload->].s,||11,379
2025-08-01T16:15:33.211 0100|00|00|05|fa0001|200a03ca77[payload->].w||30,666
2025-08-01T16:15:33.211 0100|01|00|06|f801fe|200a03fe732c[payload->].s,||11,379
2025-08-01T16:25:43.532 0100|00|00|05|fa0001|200a03ca77[payload->].w||30,666
2025-08-01T16:25:43.533 0100|01|00|06|f801fe|200a03fe732c[payload->].s,||11,379
2025-08-01T16:35:51.268 0100|00|00|05|fa0001|200a03ca77[payload->].w||30,666
2025-08-01T16:35:51.268 0100|01|00|06|f801fe|200a03fe732c[payload->].s,||11,379
2025-08-01T16:46:00.568 0100|00|00|05|fa0001|200a03ca77[payload->].w||30,666
2025-08-01T16:46:00.669 0100|01|00|06|f801fe|200a03fe732c[payload->].s,||11,379
2025-08-01T16:56:08.518 0100|00|00|05|fa0001|200a03ca77[payload->].w||30,666
2025-08-01T16:56:08.619 0100|01|00|06|f801fe|200a03fe732c[payload->].s,||11,379
2025-08-01T17:06:17.323 0100|00|00|05|fa0001|200a03ca77[payload->].w||30,666
2025-08-01T17:06:17.323 0100|01|00|06|f801fe|200a03fe732c[payload->].s,||11,379
2025-08-01T17:16:25.417 0100|00|00|05|fa0001|200a03ca77[payload->].w||30,666
2025-08-01T17:16:25.417 0100|01|00|06|f801fe|200a03fe732c[payload->].s,||11,379
2025-08-01T17:26:34.559 0100|00|00|05|fa0001|200a03ca77[payload->].w||30,666
2025-08-01T17:26:34.559 0100|01|00|06|f801fe|200a03fe732c[payload->].s,||11,379
2025-08-01T17:36:43.321 0100|00|00|05|fa0001|200a03ca77[payload->].w||30,666
2025-08-01T17:36:43.321 0100|01|00|06|f801fe|200a03fe732c[payload->].s,||11,379
2025-08-01T17:46:52.364 0100|00|00|05|fa0001|200a03ca77[payload->].w||30,666
2025-08-01T17:46:52.465 0100|01|00|06|f801fe|200a03fe732c[payload->].s,||11,379
2025-08-01T17:57:01.412 0100|00|00|05|fa0001|200a03ca77[payload->].w||30,666
2025-08-01T17:57:01.513 0100|01|00|06|f801fe|200a03fe732c[payload->].s,||11,379
2025-08-01T18:07:10.598 0100|00|00|05|fa0001|200a03ca77[payload->].w||30,666
2025-08-01T18:07:10.699 0100|01|00|06|f801fe|200a03fe732c[payload->].s,||11,379
2025-08-01T18:17:18.317 0100|00|00|05|fa0001|200a03ca77[payload->].w||30,666
2025-08-01T18:17:18.318 0100|01|00|06|f801fe|200a03fe732c[payload->].s,||11,379
2025-08-01T18:27:27.768 0100|00|00|05|fa0001|200a03ca77[payload->].w||30,666
2025-08-01T18:27:27.869 0100|01|00|06|f801fe|200a03fe732c[payload->].s,||11,379
2025-08-01T18:37:35.390 0100|00|00|05|fa0001|200a03ca77[payload->].w||30,666
2025-08-01T18:37:35.391 0100|01|00|06|f801fe|200a03fe732c[payload->].s,||11,379
2025-08-01T18:47:43.114 0100|00|00|05|fa0001|200a03ca77[payload->].w||30,666
2025-08-01T18:47:43.215 0100|01|00|06|f801fe|200a03fe732c[payload->].s,||11,379
2025-08-01T18:57:52.354 0100|00|00|05|fa0001|200a03ca77[payload->].w||30,666
2025-08-01T18:57:52.354 0100|01|00|06|f801fe|200a03fe732c[payload->].s,||11,379
2025-08-01T19:08:01.397 0100|00|00|05|fa0001|200a03ca77[payload->].w||30,666
2025-08-01T19:08:01.497 0100|01|00|06|f801fe|200a03fe732c[payload->].s,||11,379
2025-08-01T19:18:09.617 0100|00|00|05|fa0001|200a03ca77[payload->].w||30,666
2025-08-01T19:18:09.719 0100|01|00|06|f801fe|200a03fe732c[payload->].s,||11,379
2025-08-01T19:28:18.243 0100|00|00|05|fa0001|200a03ca77[payload->].w||30,666
2025-08-01T19:28:18.243 0100|01|00|06|f801fe|200a03fe732c[payload->].s,||11,379
2025-08-01T19:38:27.191 0100|00|00|05|fa0001|200a03ca77[payload->].w||30,666
2025-08-01T19:38:27.293 0100|01|00|06|f801fe|200a03fe732c[payload->].s,||11,379
2025-08-01T19:48:35.202 0100|00|00|05|fa0001|200a03ca77[payload->].w||30,666
2025-08-01T19:48:35.304 0100|01|00|06|f801fe|200a03fe732c[payload->].s,||11,379
2025-08-01T19:58:43.208 0100|00|00|05|fa0001|200a03ca77[payload->].w||30,666
2025-08-01T19:58:43.208 0100|01|00|06|f801fe|200a03fe732c[payload->].s,||11,379
2025-08-01T20:08:52.272 0100|00|00|05|fa0001|200a03ca77[payload->].w||30,666
2025-08-01T20:08:52.373 0100|01|00|06|f801fe|200a03fe732c[payload->].s,||11,379
2025-08-01T20:19:00.180 0100|00|00|05|fa0001|200a03ca77[payload->].w||30,666
2025-08-01T20:19:00.281 0100|01|00|06|f801fe|200a03fe732c[payload->].s,||11,379
2025-08-01T20:29:09.357 0100|00|00|05|fa0001|200a03ca77[payload->].w||30,666
2025-08-01T20:29:09.458 0100|01|00|06|f801fe|200a03fe732c[payload->].s,||11,379
2025-08-01T20:39:18.289 0100|00|00|05|fa0001|200a03ca77[payload->].w||30,666
2025-08-01T20:39:18.390 0100|01|00|06|f801fe|200a03fe732c[payload->].s,||11,379
2025-08-01T20:49:27.348 0100|00|00|05|fa0001|200a03ca77[payload->].w||30,666
2025-08-01T20:49:27.449 0100|01|00|06|f801fe|200a03fe732c[payload->].s,||11,379
2025-08-01T20:59:36.650 0100|00|00|05|fa0001|200a03ca77[payload->].w||30,666
2025-08-01T20:59:36.752 0100|01|00|06|f801fe|200a03fe732c[payload->].s,||11,379
2025-08-01T21:09:44.489 0100|00|00|05|fa0001|200a03ca77[payload->].w||30,666
2025-08-01T21:09:44.489 0100|01|00|06|f801fe|200a03fe732c[payload->].s,||11,379
2025-08-01T21:19:53.285 0100|00|00|05|fa0001|200a03ca77[payload->].w||30,666
2025-08-01T21:19:53.386 0100|01|00|06|f801fe|200a03fe732c[payload->].s,||11,379
2025-08-01T21:30:02.364 0100|00|00|05|fa0001|200a03ca77[payload->].w||30,666
2025-08-01T21:30:02.466 0100|01|00|06|f801fe|200a03fe732c[payload->].s,||11,379
2025-08-01T21:40:11.142 0100|00|00|05|fa0001|200a03ca77[payload->].w||30,666
2025-08-01T21:40:11.142 0100|01|00|06|f801fe|200a03fe732c[payload->].s,||11,379
2025-08-01T21:50:20.861 0100|00|00|05|fa0001|200a03ca77[payload->].w||30,666
2025-08-01T21:50:20.862 0100|01|00|06|f801fe|200a03fe732c[payload->].s,||11,379
2025-08-01T22:00:29.391 0100|00|00|05|fa0001|200a03ca77[payload->].w||30,666
2025-08-01T22:00:29.492 0100|01|00|06|fa01fe|200a03fe732c[payload->].s,||11,379
2025-08-01T22:10:38.184 0100|00|00|05|fa0001|200a03ca77[payload->].w||30,666
2025-08-01T22:10:38.184 0100|01|00|06|f801fe|200a03fe732c[payload->].s,||11,379
2025-08-01T22:20:47.224 0100|00|00|05|fa0001|200a03ca77[payload->].w||30,666
2025-08-01T22:20:47.325 0100|01|00|06|f801fe|200a03fe732c[payload->].s,||11,379
2025-08-01T22:30:56.564 0100|00|00|05|fa0001|200a03ca77[payload->].w||30,666
2025-08-01T22:30:56.564 0100|01|00|06|f801fe|200a03fe732c[payload->].s,||11,379
2025-08-01T22:41:05.381 0100|00|00|05|fa0001|200a03ca77[payload->].w||30,666
2025-08-01T22:41:05.483 0100|01|00|06|f801fe|200a03fe732c[payload->].s,||11,379
2025-08-01T22:51:14.435 0100|00|00|05|fa0001|200a03ca77[payload->].w||30,666
2025-08-01T22:51:14.436 0100|01|00|06|f801fe|200a03fe732c[payload->].s,||11,379
2025-08-01T23:01:23.200 0100|00|00|05|fa0001|200a03ca77[payload->].w||30,666
2025-08-01T23:01:23.201 0100|01|00|06|f801fe|200a03fe732c[payload->].s,||11,379
2025-08-01T23:11:31.466 0100|00|00|05|fa0001|200a03ca77[payload->].w||30,666
2025-08-01T23:11:31.568 0100|01|00|06|f801fe|200a03fe732c[payload->].s,||11,379
2025-08-01T23:21:40.770 0100|00|00|05|fa0001|200a03ca77[payload->].w||30,666
2025-08-01T23:21:40.770 0100|01|00|06|f801fe|200a03fe732c[payload->].s,||11,379
2025-08-01T23:31:49.404 0100|00|00|05|fa0001|200a03ca77[payload->].w||30,666
2025-08-01T23:31:49.505 0100|81|00|06|f801fe|200a03fe732c[payload->].s,||11,379
2025-08-01T23:41:57.361 0100|00|00|05|fa0001|200a03ca77[payload->].w||30,666
2025-08-01T23:41:57.361 0100|01|00|06|f801fe|200a03fe732c[payload->].s,||11,379
2025-08-01T23:52:06.735 0100|00|00|05|fa0001|200a03ca77[payload->].w||30,666
2025-08-01T23:52:06.836 0100|01|00|06|f801fe|200a03fe732c[payload->].s,||11,379
2025-08-02T00:02:14.402 0100|00|00|05|fa0001|200a03ca77[payload->].w||30,666
2025-08-02T00:02:14.503 0100|01|00|06|f801fe|200a03fe732c[payload->].s,||11,379
2025-08-02T00:12:23.339 0100|00|00|05|fa0001|200a03ca77[payload->].w||30,666
2025-08-02T00:12:23.440 0100|01|00|06|f801fe|200a03fe732c[payload->].s,||11,379
2025-08-02T00:22:32.328 0100|00|00|05|fa0001|200a03ca77[payload->].w||30,666
2025-08-02T00:22:32.328 0100|01|00|06|f801fe|200a03fe732c[payload->].s,||11,379
2025-08-02T00:32:41.132 0100|00|00|05|fa0001|200a03ca77[payload->].w||30,666
2025-08-02T00:32:41.233 0100|01|00|06|f801fe|200a03fe732c[payload->].s,||11,379
2025-08-02T00:42:49.433 0100|00|00|05|fa0001|200a03ca77[payload->].w||30,666
2025-08-02T00:42:49.433 0100|01|00|06|f801fe|200a03fe732c[payload->].s,||11,379
2025-08-02T00:52:57.261 0100|00|00|05|fa0001|200a03ca77[payload->].w||30,666
2025-08-02T00:52:57.362 0100|01|00|06|f801fe|200a03fe732c[payload->].s,||11,379
2025-08-02T01:03:06.626 0100|00|00|05|fa0001|200a03ca77[payload->].w||30,666
2025-08-02T01:03:06.626 0100|01|08|06|f801fe|200a03fe732c[payload->].s,||11,379
2025-08-02T01:13:15.417 0100|00|00|05|fa0001|200a03ca77[payload->].w||30,666
2025-08-02T01:13:15.518 0100|01|00|06|f801fe|200a03fe732c[payload->].s,||11,379
2025-08-02T01:23:24.414 0100|00|00|05|fa0001|200a03ca77[payload->].w||30,666
2025-08-02T01:23:24.414 0100|01|00|06|f801fe|200a03fe732c[payload->].s,||11,379
2025-08-02T01:33:33.182 0100|00|00|05|fa0001|200a03ca77[payload->].w||30,666
2025-08-02T01:33:33.284 0100|01|00|06|f801fe|200a03fe732c[payload->].s,||11,379
2025-08-02T01:43:42.165 0100|00|00|05|fa0001|200a03ca77[payload->].w||30,666
2025-08-02T01:43:42.165 0100|01|00|06|f801fe|200a03fe732c[payload->].s,||11,379
2025-08-02T01:53:51.284 0100|00|00|05|fa0001|200a03ca77[payload->].w||30,666
2025-08-02T01:53:51.285 0100|01|00|06|f801fe|200a03fe732c[payload->].s,||11,379
2025-08-02T02:04:00.616 0100|00|00|05|fa0001|200a03ca77[payload->].w||30,666
2025-08-02T02:04:00.616 0100|01|00|06|f801fe|200a03fe732c[payload->].s,||11,379
2025-08-02T02:14:09.382 0100|00|00|05|fa0001|200a03ca77[payload->].w||30,666
2025-08-02T02:24:18.218 0100|00|00|05|fa0001|200a03ca77[payload->].w||30,666
2025-08-02T02:24:18.319 0100|01|00|06|f801fe|200a03fe732c[payload->].s,||11,379
2025-08-02T02:34:27.099 0100|00|00|05|fa0001|200a03ca77[payload->].w||30,666
2025-08-02T02:34:27.200 0100|01|00|06|f801fe|200a03fe732c[payload->].s,||11,379
2025-08-02T02:44:36.641 0100|00|00|05|fa0001|200a03ca77[payload->].w||30,666
2025-08-02T02:44:36.742 0100|01|00|06|f801fe|200a03fe732c[payload->].s,||11,379
2025-08-02T02:54:45.559 0100|00|00|05|fa0001|200a03ca77[payload->].w||30,666
2025-08-02T02:54:45.559 0100|01|00|06|f801fe|200a03fe732c[payload->].s,||11,379
2025-08-02T03:04:53.158 0100|00|00|05|fa0001|200a03ca77[payload->].w||30,666
2025-08-02T03:04:53.259 0100|01|00|06|f801fe|200a03fe732c[payload->].s,||11,379
2025-08-02T03:15:02.327 0100|00|00|05|fa0001|200a03ca77[payload->].w||30,666
2025-08-02T03:15:02.428 0100|01|00|06|f801fe|200a03fe732c[payload->].s,||11,379
2025-08-02T03:25:11.272 0100|00|00|05|fa0001|200a03ca77[payload->].w||30,666
2025-08-02T03:25:11.373 0100|01|00|06|f801fe|200a03fe732c[payload->].s,||11,379
2025-08-02T03:35:19.413 0100|00|00|05|fa0001|200a03ca77[payload->].w||30,666
2025-08-02T03:35:19.413 0100|01|00|06|f801fe|200a03fe732c[payload->].s,||11,379
2025-08-02T03:45:28.249 0100|00|00|05|fa0001|200a03ca77[payload->].w||30,666
2025-08-02T03:45:28.350 0100|01|00|06|f801fe|200a03fe732c[payload->].s,||11,379
2025-08-02T03:55:36.687 0100|00|00|05|fa0001|200a03ca77[payload->].w||30,666
2025-08-02T03:55:36.788 0100|01|00|06|f801fe|200a03fe732c[payload->].s,||11,379
2025-08-02T04:05:44.457 0100|00|00|05|fa0001|200a03ca77[payload->].w||30,666
2025-08-02T04:05:44.458 0100|01|00|06|f801fe|200a03fe732c[payload->].s,||11,379
2025-08-02T04:15:53.149 0100|00|00|05|fa0001|200a03ca77[payload->].w||30,666
2025-08-02T04:15:53.250 0100|01|00|06|f801fe|200a03fe732c[payload->].s,||11,379
2025-08-02T04:26:02.212 0100|00|00|05|fa0001|200a03ca77[payload->].w||30,666
2025-08-02T04:26:02.212 0100|01|00|06|f809fe|200a03fe732c[payload->].s,||11,379
2025-08-02T04:36:11.157 0100|00|00|05|fa0001|200a03ca77[payload->].w||30,666
2025-08-02T04:36:11.157 0100|01|00|06|f801fe|200a03fe732c[payload->].s,||11,379
2025-08-02T04:46:19.475 0100|01|00|06|f881fe|200a03fe732c[payload->].s,||11,379
2025-08-02T04:56:28.284 0100|00|00|05|fa0001|200a03ca77[payload->].w||30,666
2025-08-02T04:56:28.385 0100|01|00|06|f801fe|200a03fe732c[payload->].s,||11,379
2025-08-02T05:06:37.271 0100|00|00|05|fa0001|200a03ca77[payload->].w||30,666
2025-08-02T05:06:37.371 0100|01|00|06|f801fe|200a03fe732c[payload->].s,||11,379
2025-08-02T05:16:46.591 0100|00|00|05|fa0001|200a03ca77[payload->].w||30,666
2025-08-02T05:16:46.693 0100|01|00|06|f801fe|200a03fe732c[payload->].s,||11,379
2025-08-02T05:26:54.374 0100|00|00|05|fa0001|200a03ca77[payload->].w||30,666
2025-08-02T05:26:54.475 0100|01|00|06|f801fe|200a03fe732c[payload->].s,||11,379
2025-08-02T05:37:03.342 0100|00|00|05|fa0001|200a03ca77[payload->].w||30,666
2025-08-02T05:37:03.443 0100|01|00|06|f801fe|200a03fe732c[payload->].s,||11,379
2025-08-02T05:47:12.137 0100|00|00|05|fa0001|200a03ca77[payload->].w||30,666
2025-08-02T05:47:12.238 0100|01|00|06|f801fe|200a03fe732c[payload->].s,||11,379
2025-08-02T05:57:21.403 0100|00|00|05|fa0001|200a03ca77[payload->].w||30,666
2025-08-02T05:57:21.403 0100|01|00|06|f801fe|200a03fe732c[payload->].s,||11,379
2025-08-02T06:07:29.415 0100|00|00|05|fa0001|200a03ca77[payload->].w||30,666
2025-08-02T06:17:38.313 0100|00|00|05|fa0001|200a03ca77[payload->].w||30,666
2025-08-02T06:17:38.414 0100|01|00|06|f801fe|200a03fe732c[payload->].s,||11,379
2025-08-02T06:27:47.269 0100|00|00|05|fa0001|200a03ca77[payload->].w||30,666
2025-08-02T06:27:47.370 0100|01|00|06|f801fe|200a03fe732c[payload->].s,||11,379
2025-08-02T06:37:56.793 0100|00|00|05|fa0001|200a03ca77[payload->].w||30,666
2025-08-02T06:37:56.895 0100|01|00|06|f809fe|200a03fe732c[payload->].s,||11,379
2025-08-02T06:48:05.636 0100|00|00|05|fa0001|200a03ca77[payload->].w||30,666
2025-08-02T06:58:14.285 0100|00|00|05|fa0001|200a03ca77[payload->].w||30,666
2025-08-02T06:58:14.890 0100|01|00|86|f801fe|200a03fe732c0100000005fa000154010121b10100010006f801fe54010100a1c60100000005fa00012001023ab10100010007f701fe200102150019220100000005fa000110030154f00100010007f701fe100301ffff859c0100000005fa000120010afcb00100010009f501fe20010a1923f37901da0100000005fa00011f860007630100[payload->].s,........T..!.........T............. ..:......... ....."...........T........................ ............ ...#.y..............c..||0,001
2025-08-02T07:08:23.147 0100|00|00|05|fa0001|200a03ca77[payload->].w||30,666
2025-08-02T07:08:23.248 0100|01|00|06|f801fe|200a03fe732c[payload->].s,||11,379
2025-08-02T07:18:32.198 0100|00|00|05|fa0001|200a03ca77[payload->].w||30,666
2025-08-02T07:18:32.198 0100|01|00|06|f801fe|200a03fe732c[payload->].s,||11,379
2025-08-02T07:28:41.188 0100|00|00|05|fa0001|200a03ca77[payload->].w||30,666
2025-08-02T07:28:41.189 0100|01|00|06|f801fe|200a03fe732c[payload->].s,||11,379
2025-08-02T07:38:49.295 0100|00|00|05|fa0001|200a03ca77[payload->].w||30,666
2025-08-02T07:48:58.289 0100|00|00|05|fa0001|200a03ca77[payload->].w||30,666
2025-08-02T07:48:58.290 0100|01|00|06|f801fe|200a03fe732c[payload->].s,||11,379
2025-08-02T07:59:07.351 0100|00|00|05|fa0001|200a03ca77[payload->].w||30,666
2025-08-02T08:09:16.789 0100|00|00|05|fa0001|200a03ca77[payload->].w||30,666
2025-08-02T08:09:16.890 0100|01|00|06|f801fe|200a03fe732c[payload->].s,||11,379
2025-08-02T08:29:34.436 0100|00|00|05|fa0001|200a03ca77[payload->].w||30,666
2025-08-02T08:39:42.220 0100|00|00|05|fa0001|200a03ca77[payload->].w||30,666
2025-08-02T08:39:42.221 0100|01|00|06|f801fe|200a03fe732c[payload->].s,||11,379
2025-08-02T08:49:51.122 0100|00|00|05|fa0001|200a03ca77[payload->].w||30,666
2025-08-02T08:49:51.223 0100|01|00|06|f801fe|200a03fe732c[payload->].s,||11,379
2025-08-02T09:10:08.208 0100|00|00|05|fa0001|200a03ca77[payload->].w||30,666
2025-08-02T09:10:08.208 0100|01|00|06|f801fe|200a03fe732c[payload->].s,||11,379
2025-08-02T09:20:17.311 0100|00|00|05|fa0001|200a03ca77[payload->].w||30,666
2025-08-02T09:30:26.899 0100|00|00|05|fa0001|200a03ca77[payload->].w||30,666
2025-08-02T09:30:26.899 0100|01|00|06|f801fe|200a03fe732c[payload->].s,||11,379
2025-08-02T09:40:34.171 0100|00|00|05|fa0001|200a03ca77[payload->].w||30,666
2025-08-02T09:40:34.171 0100|01|00|06|f801fe|200a03fe732c[payload->].s,||11,379
2025-08-02T09:50:43.321 0100|00|00|05|fa0001|200a03ca77[payload->].w||30,666
2025-08-02T09:50:43.422 0100|01|00|06|f801fe|200a03fe732c[payload->].s,||11,379
2025-08-02T10:00:52.112 0100|00|00|05|fa0001|200a03ca77[payload->].w||30,666
2025-08-02T10:00:52.213 0100|01|00|06|f801fe|200a03fe732c[payload->].s,||11,379
2025-08-02T10:11:00.468 0100|00|00|05|fa0001|200a03ca77[payload->].w||30,666
2025-08-02T10:11:00.569 0100|01|00|06|f801fe|200a03fe732c[payload->].s,||11,379
2025-08-02T10:21:09.236 0100|00|00|05|fa0001|200a03ca77[payload->].w||30,666
2025-08-02T10:21:09.237 0100|01|00|06|f801fe|200a03fe732c[payload->].s,||11,379
2025-08-02T10:31:18.135 0100|00|00|05|fa0001|200a03ca77[payload->].w||30,666
2025-08-02T10:31:18.236 0100|01|00|06|f801fe|200a03fe732c[payload->].s,||11,379
2025-08-02T10:41:28.118 0100|00|00|05|fa0001|200a03ca77[payload->].w||30,666
2025-08-02T10:41:28.118 0100|01|00|06|f801fe|200a03fe732c[payload->].s,||11,379
2025-08-02T10:51:37.305 0100|00|00|05|fa0001|200a03ca77[payload->].w||30,666
2025-08-02T10:51:37.407 0100|01|00|06|f801fe|200a03fe732c[payload->].s,||11,379
2025-08-02T11:01:45.537 0100|00|00|05|fa0001|200a03ca77[payload->].w||30,666
2025-08-02T11:11:54.174 0100|00|00|05|fa0001|200a03ca77[payload->].w||30,666
2025-08-02T11:11:54.174 0100|01|00|06|f801fe|200a03fe732c[payload->].s,||11,379
2025-08-02T11:22:02.111 0100|00|00|05|fa0001|200a03ca77[payload->].w||30,666
2025-08-02T11:22:02.212 0100|01|00|06|f801fe|200a03fe732c[payload->].s,||11,379
2025-08-02T11:32:11.329 0100|01|00|06|f801fe|200a03fe732c[payload->].s,||11,379
2025-08-02T11:42:21.094 0100|00|00|05|fa0001|200a03ca77[payload->].w||30,666
2025-08-02T11:42:21.195 0100|01|00|06|f801fe|200a03fe732c[payload->].s,||11,379
2025-08-02T11:52:29.121 0100|00|00|05|fa0001|200a03ca77[payload->].w||30,666
2025-08-02T11:52:29.223 0100|01|00|06|f801fe|200a03fe732c[payload->].s,||11,379
2025-08-02T12:02:38.249 0100|00|00|05|fa0001|200a03ca77[payload->].w||30,666
2025-08-02T12:02:38.249 0100|01|00|06|f801fe|200a03fe732c[payload->].s,||11,379
2025-08-02T12:12:47.209 0100|00|00|05|fa0001|200a03ca77[payload->].w||30,666
2025-08-02T12:12:47.310 0100|01|00|06|f801fe|200a03fe732c[payload->].s,||11,379
2025-08-02T12:22:55.482 0100|00|00|05|fa0001|200a03ca77[payload->].w||30,666
2025-08-02T12:22:55.583 0100|01|00|06|f801fe|200a03fe732c[payload->].s,||11,379
2025-08-02T12:33:03.423 0100|00|00|05|fa0001|200a03ca77[payload->].w||30,666
2025-08-02T12:33:03.423 0100|01|00|06|f801fe|200a03fe732c[payload->].s,||11,379
2025-08-02T12:43:12.247 0100|00|00|05|fa0001|200a03ca77[payload->].w||30,666
2025-08-02T12:43:12.348 0100|01|00|06|f801fe|200a03fe732c[payload->].s,||11,379
2025-08-02T12:53:21.102 0100|00|00|05|fa0001|200a03ca77[payload->].w||30,666
2025-08-02T12:53:21.203 0100|01|00|06|f801fe|200a03fe732c[payload->].s,||11,379
2025-08-02T13:03:29.166 0100|00|00|05|fa0001|200a03ca77[payload->].w||30,666
2025-08-02T13:03:29.167 0100|01|00|06|f801fe|200a03fe732c[payload->].s,||11,379
2025-08-02T13:13:38.417 0100|00|00|05|fa0001|200a03ca77[payload->].w||30,666
2025-08-02T13:23:47.363 0100|00|00|05|fa0001|200a03ca77[payload->].w||30,666
2025-08-02T13:23:47.464 0100|01|00|06|f801fe|200a03fe732c[payload->].s,||11,379
2025-08-02T13:33:56.961 0100|00|00|05|fa0001|200a03ca77[payload->].w||30,666
2025-08-02T13:33:56.961 0100|01|00|06|f801fe|200a03fe732c[payload->].s,||11,379
2025-08-02T13:44:04.252 0100|00|00|05|fa0001|200a03ca77[payload->].w||30,666
2025-08-02T13:44:04.353 0100|01|00|06|f801fe|200a03fe732c[payload->].s,||11,379
2025-08-02T13:54:13.297 0100|00|00|05|fa0001|200a03ca77[payload->].w||30,666
2025-08-02T13:54:13.398 0100|01|00|06|f801fe|200a03fe732c[payload->].s,||11,379
2025-08-02T14:04:22.308 0100|00|00|05|fa0001|200a03ca77[payload->].w||30,666
2025-08-02T14:04:22.309 0100|01|00|06|f801fe|200a03fe732c[payload->].s,||11,379
2025-08-02T14:14:31.326 0100|00|00|05|fa0001|200a03ca77[payload->].w||30,666
2025-08-02T14:14:31.326 0100|01|00|06|f801fe|200a03fe732c[payload->].s,||11,379
2025-08-02T14:24:39.340 0100|01|00|06|f801fe|200a03fe732c[payload->].s,||11,379
2025-08-02T14:34:48.303 0100|00|00|05|fa0001|200a03ca77[payload->].w||30,666
2025-08-02T14:34:48.404 0100|01|00|06|f801fe|200a03fe732c[payload->].s,||11,379
2025-08-02T14:44:57.542 0100|00|00|05|fa0001|200a03ca77[payload->].w||30,666
2025-08-02T14:44:57.644 0100|01|00|06|f801fe|200a03fe732c[payload->].s,||11,379
2025-08-02T14:55:06.926 0100|00|00|05|fa0001|200a03ca77[payload->].w||30,666
2025-08-02T15:05:15.701 0100|00|00|05|fa0001|200a03ca77[payload->].w||30,666
2025-08-02T15:05:15.802 0100|01|00|06|f801fe|200a03fe732c[payload->].s,||11,379
2025-08-02T15:15:24.144 0100|00|00|05|fa0001|200a03ca77[payload->].w||30,666
2025-08-02T15:15:24.245 0100|01|00|06|f801fe|200a03fe732c[payload->].s,||11,379
2025-08-02T15:25:33.136 0100|00|00|05|fa0001|200a03ca77[payload->].w||30,666
2025-08-02T15:25:33.237 0100|01|00|06|f801fe|200a03fe732c[payload->].s,||11,379
2025-08-02T15:35:42.227 0100|00|00|05|fa0001|200a03ca77[payload->].w||30,666
2025-08-02T15:35:42.227 0100|01|00|06|f801fe|200a03fe732c[payload->].s,||11,379
2025-08-02T15:45:51.302 0100|00|00|05|fa0001|200a03ca77[payload->].w||30,666
2025-08-02T15:45:51.302 0100|01|00|06|f801fe|200a03fe732c[payload->].s,||11,379
2025-08-02T15:55:59.490 0100|00|00|05|fa0001|200a03ca77[payload->].w||30,666
2025-08-02T15:55:59.591 0100|01|00|06|f801fe|200a03fe732c[payload->].s,||11,379
2025-08-02T16:06:08.205 0100|00|00|05|fa0001|200a03ca77[payload->].w||30,666
2025-08-02T16:06:08.205 0100|01|00|06|f801fe|200a03fe732c[payload->].s,||11,379
2025-08-02T16:16:17.232 0100|00|00|05|fa0001|200a03ca77[payload->].w||30,666
2025-08-02T16:16:17.232 0100|01|00|06|f801fe|200a03fe732c[payload->].s,||11,379
2025-08-02T16:26:25.729 0100|00|00|05|fa0001|200a03ca77[payload->].w||30,666
2025-08-02T16:26:25.729 0100|01|00|06|f801fe|200a03fe732c[payload->].s,||11,379
2025-08-02T16:36:34.214 0100|00|00|05|fa0001|200a03ca77[payload->].w||30,666
2025-08-02T16:36:34.214 0100|01|00|06|f801fe|200a03fe732c[payload->].s,||11,379
2025-08-02T16:46:43.087 0100|00|00|05|fa0001|200a03ca77[payload->].w||30,666
2025-08-02T16:46:43.188 0100|01|00|06|f801fe|200a03fe732c[payload->].s,||11,379
2025-08-02T16:56:52.382 0100|00|00|05|fa0001|200a03ca77[payload->].w||30,666
2025-08-02T16:56:52.382 0100|01|00|06|f801fe|200a03fe732c[payload->].s,||11,379
2025-08-02T17:07:01.332 0100|00|00|05|fa0001|200a03ca77[payload->].w||30,666
2025-08-02T17:07:01.333 0100|01|00|06|f801fe|200a03fe732c[payload->].s,||11,379
2025-08-02T17:17:10.371 0100|00|00|05|fa0001|200a03ca77[payload->].w||30,666
2025-08-02T17:17:10.472 0100|01|00|06|f801fe|200a03fe732c[payload->].s,||11,379
2025-08-02T17:27:18.152 0100|00|00|05|fa0001|200a03ca77[payload->].w||30,666
2025-08-02T17:27:18.454 0100|01|00|46|f801fe|200a03fe732c0100000005fa00013423019fa9010001000bf301fe342301000000000000b8760100000005fa00012001023ab10102010007f701fe2001021500192201000000[payload->].s,........4#...........4#........v........ ..:......... ....."....||0,000
2025-08-02T17:37:27.157 0100|00|00|05|fa0001|200a03ca77[payload->].w||30,666
2025-08-02T17:37:27.258 0100|01|00|06|f801fe|200a03fe732c[payload->].s,||11,379
2025-08-02T17:47:37.260 0100|00|00|05|fa0001|200a03ca77[payload->].w||30,666
2025-08-02T17:47:37.361 0100|01|00|06|f801fe|200a03fe732c[payload->].s,||11,379
2025-08-02T17:57:45.468 0100|00|00|05|fa0001|200a03ca77[payload->].w||30,666
2025-08-02T17:57:45.569 0100|01|00|06|f801fe|200a03fe732c[payload->].s,||11,379
2025-08-02T18:07:54.177 0100|00|00|05|fa0001|200a03ca77[payload->].w||30,666
2025-08-02T18:07:54.177 0100|01|00|06|f801fe|200a03fe732c[payload->].s,||11,379
2025-08-02T18:18:03.168 0100|00|00|05|fa0001|200a03ca77[payload->].w||30,666
2025-08-02T18:18:03.269 0100|01|00|06|f801fe|200a03fe732c[payload->].s,||11,379
2025-08-02T18:28:12.269 0100|00|00|05|fa0001|200a03ca77[payload->].w||30,666
2025-08-02T18:28:12.370 0100|01|00|06|f801fe|200a03fe732c[payload->].s,||11,379
2025-08-02T18:38:21.179 0100|00|00|05|fa0001|200a03ca77[payload->].w||30,666
2025-08-02T18:38:21.280 0100|01|00|06|f801fe|200a03fe732c[payload->].s,||11,379
2025-08-02T18:48:30.500 0100|00|00|05|fa0001|200a03ca77[payload->].w||30,666
2025-08-02T18:48:30.501 0100|01|00|06|f801fe|200a03fe732c[payload->].s,||11,379
2025-08-02T18:58:38.715 0100|00|00|05|fa0001|200a03ca77[payload->].w||30,666
2025-08-02T18:58:38.816 0100|01|00|06|f801fe|200a03fe732c[payload->].s,||11,379
2025-08-02T19:08:47.396 0100|00|00|05|fa0001|200a03ca77[payload->].w||30,666
2025-08-02T19:08:47.497 0100|01|00|06|f801fe|200a03fe732c[payload->].s,||11,379
2025-08-02T19:18:57.315 0100|00|00|05|fa0001|200a03ca77[payload->].w||30,666
2025-08-02T19:18:57.316 0100|01|00|06|f801fe|200a03fe732c[payload->].s,||11,379
2025-08-02T19:29:06.605 0100|00|00|05|fa0001|200a03ca77[payload->].w||30,666
2025-08-02T19:39:14.721 0100|00|00|05|fa0001|200a03ca77[payload->].w||30,666
2025-08-02T19:39:14.822 0100|01|00|06|f801fe|200a03fe732c[payload->].s,||11,379
2025-08-02T19:49:23.244 0100|00|00|05|fa0001|200a03ca77[payload->].w||30,666
2025-08-02T19:49:23.345 0100|09|00|06|f801fe|200a03fe732c[payload->].s,||11,379
2025-08-02T19:59:32.265 0100|00|00|05|fa0001|200a03ca77[payload->].w||30,666
2025-08-02T19:59:32.366 0100|01|00|06|f801fe|200a03fe732c[payload->].s,||11,379
2025-08-02T20:09:41.529 0100|00|00|05|fa0001|200a03ca77[payload->].w||30,666
2025-08-02T20:09:41.529 0100|01|00|06|f801fe|200a03fe732c[payload->].s,||11,379
2025-08-02T20:29:58.301 0100|00|00|05|fa0001|200a03ca77[payload->].w||30,666
2025-08-02T20:29:58.402 0100|01|00|06|f801fe|200a03fe732c[payload->].s,||11,379
2025-08-02T20:40:07.424 0100|00|00|05|fa0001|200a03ca77[payload->].w||30,666
2025-08-02T20:40:07.424 0100|01|00|06|f801fe|200a03fe732c[payload->].s,||11,379
2025-08-02T20:50:17.570 0100|00|00|05|fa0001|200a03ca77[payload->].w||30,666
2025-08-02T20:50:17.671 0100|01|00|06|f801fe|200a03fe732c[payload->].s,||11,379
2025-08-02T21:00:24.401 0100|00|00|05|fa0001|200a03ca77[payload->].w||30,666
2025-08-02T21:00:24.603 0100|01|00|06|f801fe|200a03fe732c[payload->].s,||11,379
2025-08-02T21:10:33.856 0100|00|00|05|fa0001|200a03ca77[payload->].w||30,666
2025-08-02T21:10:33.957 0100|01|00|06|f801fe|200a03fe732c[payload->].s,||11,379
2025-08-02T21:20:42.331 0100|00|00|05|fa0001|200a03ca77[payload->].w||30,666
2025-08-02T21:20:42.432 0100|01|00|06|f801fe|200a03fe732c[payload->].s,||11,379
2025-08-02T21:30:50.700 0100|00|00|05|fa0001|200a03ca77[payload->].w||30,666
2025-08-02T21:30:50.701 0100|01|00|06|f801fe|200a03fe732c[payload->].s,||11,379
2025-08-02T21:40:59.380 0100|00|00|05|fa0001|200a03ca77[payload->].w||30,666
2025-08-02T21:40:59.381 0100|01|00|06|f801fe|200a03fe732c[payload->].s,||11,379
2025-08-02T21:51:08.385 0100|00|00|05|fa0001|200a03ca77[payload->].w||30,666
2025-08-02T21:51:08.386 0100|01|00|06|f801fe|200a03fe732c[payload->].s,||11,379
2025-08-02T22:01:17.781 0100|00|00|05|fa0001|200a03ca77[payload->].w||30,666
2025-08-02T22:01:17.882 0100|01|00|06|f801fe|200a03fe732c[payload->].s,||11,379
2025-08-02T22:11:27.714 0100|00|00|05|fa0001|200a03ca77[payload->].w||30,666
2025-08-02T22:11:27.815 0100|01|00|06|f801fe|200a03fe732c[payload->].s,||11,379
2025-08-02T22:21:36.584 0100|00|00|05|fa0001|200a03ca77[payload->].w||30,666
2025-08-02T22:21:36.685 0100|01|00|06|f801fe|200a03fe732c[payload->].s,||11,379
2025-08-02T22:31:44.712 0100|00|00|05|fa0001|200a03ca77[payload->].w||30,666
2025-08-02T22:31:44.813 0100|01|00|06|f801fe|200a03fe732c[payload->].s,||11,379
2025-08-02T22:41:52.275 0100|00|00|05|fa0001|200a03ca77[payload->].w||30,666
2025-08-02T22:41:52.376 0100|01|00|06|f801fe|200a03fe732c[payload->].s,||11,379
2025-08-02T22:52:01.309 0100|00|00|05|fa0001|200a03ca77[payload->].w||30,666
2025-08-02T22:52:01.410 0100|01|00|06|f801fe|200a03fe732c[payload->].s,||11,379
2025-08-02T23:02:10.882 0100|00|00|05|fa0001|200a03ca77[payload->].w||30,666
2025-08-02T23:12:19.331 0100|00|00|05|fa0001|200a03ca77[payload->].w||30,666
2025-08-02T23:22:27.673 0100|00|00|05|fa0001|200a03ca77[payload->].w||30,666
2025-08-02T23:22:27.774 0100|01|00|06|f801fe|200a03fe732c[payload->].s,||11,379
2025-08-02T23:42:44.347 0100|00|00|05|fa0001|200a03ca77[payload->].w||30,666
2025-08-02T23:42:44.448 0100|01|00|06|f801fe|200a03fe732c[payload->].s,||11,379
2025-08-02T23:52:53.487 0100|00|00|05|fa0001|200a03ca77[payload->].w||30,666
2025-08-02T23:52:53.588 0100|01|00|06|f801fe|200a03fe732c[payload->].s,||11,379
2025-08-03T00:03:02.494 0100|00|00|05|fa0001|200a03ca77[payload->].w||30,666
2025-08-03T00:13:11.166 0100|00|00|05|fa0001|200a03ca77[payload->].w||30,666
2025-08-03T00:13:11.166 0100|01|00|06|f801fe|200a03fe732c[payload->].s,||11,379
2025-08-03T00:23:21.810 0100|00|00|05|fa0001|200a03ca77[payload->].w||30,666
2025-08-03T00:23:21.810 0100|01|00|06|f801fe|200a03fe732c[payload->].s,||11,379
2025-08-03T00:33:29.423 0100|00|00|05|fa0001|200a03ca77[payload->].w||30,666
2025-08-03T00:33:29.423 0100|01|00|06|f801fe|200a03fe732c[payload->].s,||11,379
2025-08-03T00:43:38.572 0100|00|00|05|fa0001|200a03ca77[payload->].w||30,666
2025-08-03T00:43:38.573 0100|01|00|06|f801fe|200a03fe732c[payload->].s,||11,379
2025-08-03T00:53:47.868 0100|00|00|05|fa0001|200a03ca77[payload->].w||30,666
2025-08-03T00:53:47.969 0100|01|00|06|f801fe|200a03fe732c[payload->].s,||11,379
2025-08-03T01:03:56.020 0100|00|00|05|fa0001|200a03ca77[payload->].w||30,666
2025-08-03T01:03:56.121 0100|01|00|06|f801fe|200a03fe732c[payload->].s,||11,379
2025-08-03T01:14:04.327 0100|00|00|05|fa0001|200a03ca77[payload->].w||30,666
2025-08-03T01:14:04.327 0100|01|00|06|f801fe|200a03fe732c[payload->].s,||11,379
2025-08-03T01:24:13.446 0100|00|00|05|fa0001|200a03ca77[payload->].w||30,666
2025-08-03T01:34:22.382 0100|00|00|05|fa0001|200a03ca77[payload->].w||30,666
2025-08-03T01:54:39.255 0100|00|00|05|fa0001|200a03ca77[payload->].w||30,666
2025-08-03T01:54:39.255 0100|01|00|06|f801fe|200a03fe732c[payload->].s,||11,379
2025-08-03T02:04:48.551 0100|00|00|05|fa0001|200a03ca77[payload->].w||30,666
2025-08-03T02:04:48.652 0100|01|00|06|f801fe|200a03fe732c[payload->].s,||11,379
2025-08-03T02:14:56.063 0100|00|00|05|fa0001|200a03ca77[payload->].w||30,666
2025-08-03T02:14:56.164 0100|01|00|06|f801fe|200a03fe732c[payload->].s,||11,379
2025-08-03T02:25:04.270 0100|00|00|05|fa0001|200a03ca77[payload->].w||30,666
2025-08-03T02:25:04.371 0100|01|00|06|f801fe|200a03fe732c[payload->].s,||11,379
2025-08-03T02:35:13.420 0100|00|00|05|fa0001|200a03ca77[payload->].w||30,666
2025-08-03T02:35:13.521 0100|01|00|06|f801fe|200a03fe732c[payload->].s,||11,379
2025-08-03T02:45:22.320 0100|00|00|05|fa0001|200a03ca77[payload->].w||30,666
2025-08-03T02:45:22.321 0100|01|00|06|f801fe|200a03fe732c[payload->].s,||11,379
2025-08-03T02:55:31.722 0100|00|00|05|fa0001|200a03ca77[payload->].w||30,666
2025-08-03T03:05:39.314 0100|00|00|05|fa0001|200a03ca77[payload->].w||30,666
2025-08-03T03:05:39.415 0100|01|00|06|f801fe|200a03fe732c[payload->].s,||11,379
2025-08-03T03:15:48.432 0100|00|00|05|fa0001|200a03ca77[payload->].w||30,666
2025-08-03T03:15:48.534 0100|01|00|06|f801fe|200a03fe732c[payload->].s,||11,379
2025-08-03T03:25:57.810 0100|00|00|05|fa0001|200a03ca77[payload->].w||30,666
2025-08-03T03:25:57.911 0100|01|00|06|f801fe|200a03fe732c[payload->].s,||11,379
2025-08-03T03:46:17.590 0100|00|00|05|fa0001|200a03ca77[payload->].w||30,666
2025-08-03T03:46:17.590 0100|01|00|06|f801fe|200a03fe732c[payload->].s,||11,379
2025-08-03T03:56:25.844 0100|00|00|05|fa0001|200a03ca77[payload->].w||30,666
2025-08-03T03:56:25.945 0100|01|00|06|f801fe|200a03fe732c[payload->].s,||11,379
2025-08-03T04:06:34.333 0100|00|00|05|fa0001|200a03ca77[payload->].w||30,666
2025-08-03T04:06:34.333 0100|01|00|06|f801fe|200a03fe732c[payload->].s,||11,379
2025-08-03T04:26:52.639 0100|00|00|05|fa0001|200a03ca77[payload->].w||30,666
2025-08-03T04:26:52.640 0100|01|00|06|f801fe|200a03fe732c[payload->].s,||11,379
2025-08-03T04:37:01.157 0100|00|00|05|fa0001|200a03ca77[payload->].w||30,666
2025-08-03T04:37:01.157 0100|01|00|06|f801fe|200a03fe732c[payload->].s,||11,379
2025-08-03T04:47:09.403 0100|00|00|05|fa0001|200a03ca77[payload->].w||30,666
2025-08-03T04:47:09.504 0100|01|00|06|f801fe|200a03fe732c[payload->].s,||11,379
2025-08-03T04:57:18.519 0100|00|00|05|fa0001|200a03ca77[payload->].w||30,666
2025-08-03T04:57:18.620 0100|01|00|06|f801fe|200a03fe732c[payload->].s,||11,379
2025-08-03T05:07:27.704 0100|00|00|05|fa0001|200a03ca77[payload->].w||30,666
2025-08-03T05:07:27.705 0100|01|00|06|f801fe|200a03fe732c[payload->].s,||11,379
2025-08-03T05:13:39.774 0100|01|00|0b|f301fe|200a03ee8de802453b1e8d[payload->]....E;..||36,126
2025-08-03T05:17:37.959 0100|00|00|05|fa0001|200a03ca77[payload->].w||30,666
2025-08-03T05:17:38.060 0100|01|42|06|f801fe|200a03fe732c[payload->].s,||11,379
2025-08-03T05:27:46.258 0100|00|00|05|fa0001|200a03ca77[payload->].w||30,666
2025-08-03T05:27:46.359 0100|01|00|06|f801fe|200a03fe732c[payload->].s,||11,379
2025-08-03T05:37:54.200 0100|00|00|05|fa0001|200a03ca77[payload->].w||30,666
2025-08-03T05:37:54.301 0100|01|00|06|f801fe|200a03fe732c[payload->].s,||11,379
2025-08-03T05:48:03.606 0100|00|00|05|fa0001|200a03ca77[payload->].w||30,666
2025-08-03T05:48:03.707 0100|01|00|06|f801fe|200a03fe732c[payload->].s,||11,379
2025-08-03T05:58:12.417 0100|00|00|05|fa0001|200a03ca77[payload->].w||30,666
2025-08-03T05:58:12.518 0100|01|00|06|f801fe|200a03fe732c[payload->].s,||11,379
2025-08-03T06:08:21.861 0100|00|00|05|fa0001|200a03ca77[payload->].w||30,666
2025-08-03T06:08:21.962 0100|01|00|06|f801fe|200a03fe732c[payload->].s,||11,379
2025-08-03T06:18:29.447 0100|00|00|05|fa0001|200a03ca77[payload->].w||30,666
2025-08-03T06:18:29.548 0100|01|00|06|f801fe|200a03fe732c[payload->].s,||11,379
2025-08-03T06:28:39.033 0100|00|00|05|fa0001|200a03ca77[payload->].w||30,666
2025-08-03T06:28:39.135 0100|01|00|06|f801fe|200a03fe732c[payload->].s,||11,379
2025-08-03T06:38:48.333 0100|00|00|05|fa0001|200a03ca77[payload->].w||30,666
2025-08-03T06:38:48.534 0100|01|00|06|f801fe|200a03fe732c[payload->].s,||11,379
2025-08-03T06:48:56.256 0100|00|00|05|fa0001|200a03ca77[payload->].w||30,666
2025-08-03T06:48:56.256 0100|01|00|06|f801fe|200a03fe732c[payload->].s,||11,379
2025-08-03T06:59:04.512 0100|00|00|05|fa0001|200a03ca77[payload->].w||30,666
2025-08-03T06:59:04.614 0100|01|00|06|f801fe|200a03fe732c[payload->].s,||11,379
2025-08-03T07:09:13.655 0100|00|00|05|fa0001|200a03ca77[payload->].w||30,666
2025-08-03T07:09:13.655 0100|01|00|06|f801fe|200a03fe732c[payload->].s,||11,379
2025-08-03T07:19:23.188 0100|00|00|05|fa0001|200a03ca77[payload->].w||30,666
2025-08-03T07:19:23.289 0100|01|00|06|f801fe|200a03fe732c[payload->].s,||11,379
2025-08-03T07:29:32.325 0100|00|00|05|fa0001|200a03ca77[payload->].w||30,666
2025-08-03T07:29:32.426 0100|01|00|06|f801fe|200a03fe732c[payload->].s,||11,379
2025-08-03T07:39:41.234 0100|00|00|05|fa0001|200a03ca77[payload->].w||30,666
2025-08-03T07:39:41.234 0100|01|00|06|f801fe|200a03fe732c[payload->].s,||11,379
2025-08-03T07:49:49.385 0100|00|00|05|fa0001|200a03ca77[payload->].w||30,666
2025-08-03T07:49:49.486 0100|01|00|06|f801fe|200a03fe732c[payload->].s,||11,379
2025-08-03T07:59:57.756 0100|00|00|05|fa0001|200a03ca77[payload->].w||30,666
2025-08-03T07:59:57.756 0100|01|00|06|f801fe|200a03fe732c[payload->].s,||11,379
2025-08-03T08:10:05.999 0100|00|00|05|fa0001|200a03ca77[payload->].w||30,666
2025-08-03T08:10:06.000 0100|01|00|06|f801fe|200a03fe732c[payload->].s,||11,379
2025-08-03T08:20:14.635 0100|00|00|05|fa0001|200a03ca77[payload->].w||30,666
2025-08-03T08:20:14.736 0100|01|00|06|f801fe|200a03fe732c[payload->].s,||11,379
2025-08-03T08:30:23.696 0100|00|00|05|fa0001|200a03ca77[payload->].w||30,666
2025-08-03T08:30:23.797 0100|01|00|06|f801fe|200a03fe732c[payload->].s,||11,379
2025-08-03T08:40:32.262 0100|00|00|05|fa0001|200a03ca77[payload->].w||30,666
2025-08-03T08:40:32.363 0100|01|00|06|f801fe|200a03fe732c[payload->].s,||11,379
2025-08-03T08:50:41.557 0100|00|00|05|fa0001|200a03ca77[payload->].w||30,666
2025-08-03T08:50:41.659 0100|01|00|06|f801fe|200a03fe732c[payload->].s,||11,379
2025-08-03T09:00:51.389 0100|00|00|05|fa0001|200a03ca77[payload->].w||30,666
2025-08-03T09:00:51.490 0100|01|00|06|f801fe|200a03fe732c[payload->].s,||11,379
2025-08-03T09:10:58.404 0100|00|00|05|fa0001|200a03ca77[payload->].w||30,666
2025-08-03T09:10:58.404 0100|01|00|06|f801fe|200a03fe732c[payload->].s,||11,379
2025-08-03T09:31:16.656 0100|01|00|06|f801fe|200a03fe732c[payload->].s,||11,379
2025-08-03T09:41:24.181 0100|00|00|05|fa0001|200a03ca77[payload->].w||30,666
2025-08-03T09:41:24.181 0100|01|00|06|f801fe|200a03fe732c[payload->].s,||11,379
2025-08-03T09:51:33.363 0100|00|00|05|fa0001|200a03ca77[payload->].w||30,666
2025-08-03T09:51:33.464 0100|01|00|06|f801fe|200a03fe732c[payload->].s,||11,379
2025-08-03T10:01:42.338 0100|00|00|05|fa0001|200a03ca77[payload->].w||30,666
2025-08-03T10:01:42.439 0100|01|00|06|f801fe|200a03fe732c[payload->].s,||11,379
2025-08-03T10:11:51.360 0100|00|00|05|fa0001|200a03ca77[payload->].w||30,666
2025-08-03T10:11:51.361 0100|01|00|06|f801fe|200a03fe732c[payload->].s,||11,379
2025-08-03T10:22:00.892 0100|00|00|05|fa0001|200a03ca77[payload->].w||30,666
2025-08-03T10:22:00.993 0100|01|00|06|f801fe|200a03fe732c[payload->].s,||11,379
2025-08-03T10:32:08.188 0100|00|00|05|fa0001|200a03ca77[payload->].w||30,666
2025-08-03T10:42:17.551 0100|00|00|05|fa0001|200a03ca77[payload->].w||30,666
2025-08-03T10:42:17.652 0100|01|00|06|f801fe|200a03fe732c[payload->].s,||11,379
2025-08-03T10:52:27.109 0100|00|00|05|fa0001|200a03ca77[payload->].w||30,666
2025-08-03T10:52:27.211 0100|01|00|06|f801fe|200a03fe732c[payload->].s,||11,379
2025-08-03T11:12:44.149 0100|00|00|05|fa0001|200a03ca77[payload->].w||30,666
2025-08-03T11:12:44.251 0100|01|00|06|f801fe|200a03fe732c[payload->].s,||11,379
2025-08-03T11:22:53.200 0100|00|00|05|fa0001|200a03ca77[payload->].w||30,666
2025-08-03T11:22:53.200 0100|01|00|06|f801fe|200a03fe732c[payload->].s,||11,379
2025-08-03T11:33:02.379 0100|00|00|05|fa0001|200a03ca77[payload->].w||30,666
2025-08-03T11:33:02.380 0100|01|00|06|f801fe|200a03fe732c[payload->].s,||11,379
2025-08-03T11:43:11.361 0100|00|00|05|fa0001|200a03ca77[payload->].w||30,666
2025-08-03T11:43:11.462 0100|01|00|06|f801fe|200a03fe732c[payload->].s,||11,379
2025-08-03T11:53:20.998 0100|00|00|05|fa0001|200a03ca77[payload->].w||30,666
2025-08-03T11:53:20.998 0100|01|00|06|f801fe|200a03fe732c[payload->].s,||11,379
2025-08-03T12:03:29.258 0100|00|00|05|fa0001|200a03ca77[payload->].w||30,666
2025-08-03T12:03:29.359 0100|01|00|06|f801fe|200a03fe732c[payload->].s,||11,379
2025-08-03T12:13:38.299 0100|00|00|05|fa0001|200a03ca77[payload->].w||30,666
2025-08-03T12:13:38.400 0100|01|00|06|f801fe|200a03fe732c[payload->].s,||11,379
2025-08-03T12:23:47.490 0100|01|00|06|f801fe|200a03fe732c[payload->].s,||11,379
2025-08-03T12:54:14.418 0100|00|00|05|fa0001|200a03ca77[payload->].w||30,666
2025-08-03T12:54:14.418 0100|01|00|06|f801fe|200a03fe732c[payload->].s,||11,379
2025-08-03T13:04:23.168 0100|00|00|05|fa0001|200a03ca77[payload->].w||30,666
2025-08-03T13:04:23.168 0100|01|00|06|f801fe|200a03fe732c[payload->].s,||11,379
2025-08-03T13:14:32.222 0100|00|00|05|fa0001|200a03ca77[payload->].w||30,666
2025-08-03T13:14:32.323 0100|01|00|06|f801fe|200a03fe732c[payload->].s,||11,379
2025-08-03T13:24:41.432 0100|00|00|05|fa0001|200a03ca77[payload->].w||30,666
2025-08-03T13:24:41.432 0100|01|00|06|f801fe|200a03fe732c[payload->].s,||11,379
2025-08-03T13:34:51.279 0100|00|00|05|fa0001|200a03ca77[payload->].w||30,666
2025-08-03T13:34:51.381 0100|01|00|06|f801fe|200a03fe732c[payload->].s,||11,379
2025-08-03T13:44:59.316 0100|00|00|05|fa0001|200a03ca77[payload->].w||30,666
2025-08-03T13:44:59.316 0100|01|00|06|f801fe|200a03fe732c[payload->].s,||11,379
2025-08-03T13:55:08.317 0100|00|00|05|fa0001|200a03ca77[payload->].w||30,666
2025-08-03T13:55:08.418 0100|01|00|06|f801fe|200a03fe732c[payload->].s,||11,379
2025-08-03T14:05:17.308 0100|00|00|05|fa0001|200a03ca77[payload->].w||30,666
2025-08-03T14:05:17.409 0100|01|00|06|f801fe|200a03fe732c[payload->].s,||11,379
2025-08-03T14:15:27.159 0100|00|00|05|fa0001|200a03ca77[payload->].w||30,666
2025-08-03T14:15:27.260 0100|01|00|06|f801fe|200a03fe732c[payload->].s,||11,379
2025-08-03T14:25:35.980 0100|00|00|05|fa0001|200a03ca77[payload->].w||30,666
2025-08-03T14:25:36.081 0100|01|00|06|f801fe|200a03fe732c[payload->].s,||11,379
2025-08-03T14:35:43.360 0100|00|00|05|fa0001|200a03ca77[payload->].w||30,666
2025-08-03T14:35:43.461 0100|01|00|06|f801fe|200a03fe732c[payload->].s,||11,379
2025-08-03T14:45:52.149 0100|00|00|05|fa0001|200a03ca77[payload->].w||30,666
2025-08-03T14:45:52.251 0100|01|00|06|f801fe|200a03fe732c[payload->].s,||11,379
2025-08-03T14:56:01.211 0100|00|00|05|fa0001|200a03ca77[payload->].w||30,666
2025-08-03T14:56:01.312 0100|01|00|06|f801fe|200a03fe732c[payload->].s,||11,379
2025-08-03T15:06:09.386 0100|00|00|05|fa0001|200a03ca77[payload->].w||30,666
2025-08-03T15:06:09.487 0100|01|00|06|f801fe|200a03fe732c[payload->].s,||11,379
2025-08-03T15:16:18.180 0100|00|00|05|fa0001|200a03ca77[payload->].w||30,666
2025-08-03T15:16:18.180 0100|01|00|06|f801fe|200a03fe732c[payload->].s,||11,379
2025-08-03T15:26:27.434 0100|00|00|05|fa0001|200a03ca77[payload->].w||30,666
2025-08-03T15:26:27.535 0100|01|00|06|f801fe|200a03fe732c[payload->].s,||11,379
2025-08-03T15:36:37.195 0100|00|00|05|fa0001|200a03ca77[payload->].w||30,666
2025-08-03T15:36:37.195 0100|01|00|06|f801fe|200a03fe732c[payload->].s,||11,379
2025-08-03T15:46:45.783 0100|00|00|05|fa0001|200a03ca77[payload->].w||30,666
2025-08-03T15:46:45.884 0100|01|00|06|f801fe|200a03fe732c[payload->].s,||11,379
2025-08-03T15:56:54.124 0100|00|00|05|fa0001|200a03ca77[payload->].w||30,666
2025-08-03T15:56:54.226 0100|01|00|06|f801fe|200a03fe732c[payload->].s,||11,379
2025-08-03T16:07:02.141 0100|00|00|05|fa0001|200a03ca77[payload->].w||30,666
2025-08-03T16:07:02.242 0100|01|00|06|f801fe|200a03fe732c[payload->].s,||11,379
2025-08-03T16:17:11.490 0100|00|00|05|fa0001|200a03ca77[payload->].w||30,666
2025-08-03T16:27:19.332 0100|00|00|05|fa0001|200a03ca77[payload->].w||30,666
2025-08-03T16:27:19.332 0100|01|00|06|f801fe|200a03fe732c[payload->].s,||11,379
2025-08-03T16:37:28.306 0100|00|00|05|fa0001|200a03ca77[payload->].w||30,666
2025-08-03T16:37:28.408 0100|01|00|06|f801fe|200a03fe732c[payload->].s,||11,379
2025-08-03T16:47:37.465 0100|00|00|05|fa0001|200a03ca77[payload->].w||30,666
2025-08-03T16:47:37.566 0100|01|00|06|f801fe|200a03fe732c[payload->].s,||11,379
2025-08-03T16:57:45.807 0100|00|00|05|fa0001|200a03ca77[payload->].w||30,666
2025-08-03T16:57:45.908 0100|01|00|06|f801fe|200a03fe732c[payload->].s,||11,379
2025-08-03T17:07:54.358 0100|00|00|05|fa0001|200a03ca77[payload->].w||30,666
2025-08-03T17:07:54.359 0100|01|00|06|f801fe|200a03fe732c[payload->].s,||11,379
2025-08-03T17:18:03.331 0100|00|00|05|fa0001|200a03ca77[payload->].w||30,666
2025-08-03T17:18:03.432 0100|01|00|06|f801fe|200a03fe732c[payload->].s,||11,379
2025-08-03T17:28:12.329 0100|00|00|05|fa0001|200a03ca77[payload->].w||30,666
2025-08-03T17:28:12.429 0100|01|00|06|f801fe|200a03fe732c[payload->].s,||11,379
2025-08-03T17:38:21.173 0100|00|00|05|fa0001|200a03ca77[payload->].w||30,666
2025-08-03T17:38:21.274 0100|01|00|06|f801fe|200a03fe730c[payload->].s.||3,187
2025-08-03T17:48:30.758 0100|00|00|05|fa0001|200a03ca77[payload->].w||30,666
2025-08-03T17:58:39.330 0100|00|00|05|fa0001|200a03ca77[payload->].w||30,666
2025-08-03T17:58:39.431 0100|01|00|06|f801fe|200a03fe732c[payload->].s,||11,379
2025-08-03T18:08:48.200 0100|00|00|05|fa0001|200a03ca77[payload->].w||30,666
2025-08-03T18:08:48.301 0100|01|00|06|f801fe|200a03fe732c[payload->].s,||11,379
