2025-07-31T07:53:03.759 0100|01|00|09|f501fe|200403ffffffff850d[payload->]......||3,461
2025-07-31T08:03:28.863 0100|01|00|09|f501fe|200403ffffffff850d[payload->]......||3,461
2025-07-31T08:11:38.672 0100|01|00|09|f501fe|200403ffffffff850d[payload->]......||3,461
2025-07-31T15:03:24.105 0100|01|00|09|f501fe|200403ffffffff850d[payload->]......||3,461
2025-08-01T21:52:44.004 0100|01|00|09|f501fe|200403ffffffff850d[payload->]......||3,461
2025-08-01T22:05:14.087 0100|01|00|09|f501fe|200403ffffffff850d[payload->]......||3,461
2025-08-01T22:23:09.048 0100|01|00|09|f501fe|200403ffffffff850d[payload->]......||3,461
2025-08-01T23:53:59.315 0100|01|00|09|f501fe|200403ffffffff850d[payload->]......||3,461
2025-08-02T00:49:44.181 0100|01|00|09|f501fe|200403ffffffff870d[payload->]......||3,463
2025-08-02T01:00:54.202 0100|01|00|09|f501fe|200403ffffffff850d[payload->]......||3,461
2025-08-02T01:28:54.322 0100|01|00|09|f501fe|200403ffffffff850d[payload->]......||3,461
2025-08-02T01:29:14.209 0100|01|00|09|f501fe|200403ffffffff850d[payload->]......||3,461
2025-08-02T02:00:14.220 0100|01|00|09|f501fe|200403ffffffff850d[payload->]......||3,461
2025-08-02T02:19:44.243 0100|01|00|09|f701fe|200403ffffffff850d[payload->]......||3,461
2025-08-02T02:24:14.179 0100|01|00|09|f501fe|200403ffffffff850d[payload->]......||3,461
2025-08-02T02:35:54.253 0100|01|00|09|f501fe|200403ffffffff850d[payload->]......||3,461
2025-08-02T03:06:40.011 0100|01|00|09|f501fe|200403ffffffff850d[payload->]......||3,461
2025-08-02T03:07:04.343 0100|01|00|09|f501fe|200403ffffffff850d[payload->]......||3,461
2025-08-02T03:22:19.772 0100|01|00|09|f501fe|200403ffffffff850d[payload->]......||3,461
2025-08-02T03:33:04.425 0100|01|48|09|fd41fe|200403ffffffff850d[payload->]......||3,461
2025-08-02T03:49:49.795 0100|01|00|09|f501fe|200403ffffffff850d[payload->]......||3,461
2025-08-02T03:55:34.361 0100|01|00|09|f501fe|200403ffffffff850d[payload->]......||3,461
2025-08-02T05:13:19.602 0100|01|00|49|f503fe|200403ffffffff850d0100000005fa0001500e00d0340100010006f801fe500e000002f60100000005fa0001200201cbf1010001000bf301fe2002012e8da802453b1e8d0100000005[payload->]..............P...4........P............. ............ ......E;.......||1,280
2025-08-02T05:36:49.304 0100|01|00|09|f509fe|200403ffffffff850d[payload->]......||3,461
2025-08-02T06:27:39.396 0100|01|00|09|f501fe|200403ffffffff850d[payload->]......||3,461
2025-08-02T07:08:25.985 0100|01|00|09|f501fe|200403ffffffff850d[payload->]......||3,461
2025-08-02T09:08:55.651 0100|01|00|09|f501fe|200403ffffffff850d[payload->]......||3,461
2025-08-02T09:59:24.607 0100|01|00|09|f701fe|200403ffffffff850d[payload->]......||3,461
2025-08-02T12:26:15.060 0100|01|00|09|f501fe|200403ffffffff850d[payload->]......||3,461
2025-08-02T12:50:19.733 0100|01|00|09|f501fe|200403ffffffff850d[payload->]......||3,461
2025-08-02T13:07:14.664 0100|01|00|09|f501fe|200403ffffffff850d[payload->]......||3,461
2025-08-02T13:46:39.724 0100|01|00|09|f701fe|200403ffffffff850d[payload->]......||3,461
2025-08-02T14:31:09.917 0100|01|84|09|f501fe|200403ffffffff850d[payload->]......||3,461
2025-08-02T17:51:54.820 0100|01|00|09|f501fe|200403ffffffff850d[payload->]......||3,461
2025-08-02T18:20:04.647 0100|01|08|0b|fd01fe|200403ffffffff850d0100[payload->]........||0,001
2025-08-03T01:04:14.917 0100|41|00|09|f501fe|200403ffffffff850d[payload->]......||3,461
2025-08-03T04:11:54.886 0100|01|00|09|f501fe|200403ffffffff850d[payload->]......||3,461
2025-08-03T05:17:14.434 0100|01|00|09|f501fe|200403ffffffff850d[payload->]......||3,461
2025-08-03T08:44:45.332 0100|01|00|08|f501fe|200403ffffffff85[payload->].....||34,303
2025-08-03T08:59:04.641 0100|01|00|09|f501fe|200403ffffffff850d[payload->]......||3,461
2025-08-03T09:29:10.216 0100|01|00|09|f501fe|200403ffffffff850d[payload->]......||3,461
2025-08-03T10:25:09.897 0100|01|00|09|f501fe|200403ffffffff850d[payload->]......||3,461
2025-08-03T11:37:09.796 0100|01|00|09|f501fe|200403ffffffff850d[payload->]......||3,461
2025-08-03T12:42:14.583 0100|01|00|09|f501fe|200403ffffffff850d[payload->]......||3,461
2025-08-03T12:58:14.602 0100|01|00|09|f501fe|200403ffffffff850d[payload->]......||3,461
2025-08-03T14:31:34.900 0100|01|00|09|f501fe|200403ffffffff850d[payload->]......||3,461
2025-08-03T14:48:54.570 0100|41|00|0b|f703fe|200403ffffffff850d0100[payload->]........||0,001
2025-08-03T15:05:39.599 0100|01|42|0b|f701fe|200403ffffffff850d0100[payload->]........||0,001
2025-08-03T15:26:30.880 0100|00|00|05|fa0001|20040301ff[payload->]..||65,281
