2025-07-30T20:35:24.654 0100|00|00|05|fa0001|365f019f28[payload->].(||10,399
2025-07-30T20:35:24.756 0100|01|00|0b|f301fe|365f01000000000000a968[payload->].......h||26,793
2025-07-30T20:50:25.840 0100|00|00|05|fa0001|365f019f28[payload->].(||10,399
2025-07-30T20:50:25.941 0100|01|00|0b|f301fe|365f01000000000000a968[payload->].......h||26,793
2025-07-30T21:05:25.684 0100|00|00|05|fa0001|365f019f28[payload->].(||10,399
2025-07-30T21:05:25.785 0100|4b|00|0b|f301fe|365f01000000000000a968[payload->].......h||26,793
2025-07-30T21:20:25.709 0100|00|00|05|fa0001|365f019f28[payload->].(||10,399
2025-07-30T21:20:25.810 0100|01|00|0b|f301fe|365f01000000000000a968[payload->].......h||26,793
2025-07-30T21:31:32.188 0100|00|00|05|fa0001|365f019f28[payload->].(||10,399
2025-07-30T21:31:32.289 0100|01|00|0b|f301fe|365f01000000000000a968[payload->].......h||26,793
2025-07-30T21:35:25.902 0100|00|00|05|fa0001|365f019f28[payload->].(||10,399
2025-07-30T21:35:26.003 0100|01|00|0b|f301fe|365f01000000000000a968[payload->].......h||26,793
2025-07-30T21:50:26.554 0100|00|00|05|fa0001|365f019f28[payload->].(||10,399
2025-07-30T21:50:26.554 0100|01|00|0b|f301fe|365f01000000000000a968[payload->].......h||26,793
2025-07-30T22:05:25.833 0100|00|00|05|fa0001|365f019f28[payload->].(||10,399
2025-07-30T22:05:25.934 0100|01|00|0b|f301fe|365f01000000000000a968[payload->].......h||26,793
2025-07-30T22:20:25.663 0100|00|00|05|fa0001|365f019f28[payload->].(||10,399
2025-07-30T22:31:31.081 0100|00|00|05|fa0001|365f019f28[payload->].(||10,399
2025-07-30T22:35:25.904 0100|00|00|05|fa0001|365f019f28[payload->].(||10,399
2025-07-30T22:35:25.905 0100|01|00|0b|f301fe|365f01000000000000a968[payload->].......h||26,793
2025-07-30T22:50:25.692 0100|00|00|05|fa0001|365f019f28[payload->].(||10,399
2025-07-30T22:50:25.793 0100|01|00|0b|f301fe|365f01000000000000a968[payload->].......h||26,793
2025-07-30T23:05:26.316 0100|00|00|05|fa0001|365f019f28[payload->].(||10,399
2025-07-30T23:05:26.417 0100|01|00|0b|f301fe|365f01000000000000a968[payload->].......h||26,793
2025-07-30T23:20:25.664 0100|00|00|05|fa0001|365f019f28[payload->].(||10,399
2025-07-30T23:20:25.765 0100|01|00|0b|f301fe|365f01000000000000a968[payload->].......h||26,793
2025-07-30T23:31:31.083 0100|00|00|05|fa0001|365f019f28[payload->].(||10,399
2025-07-30T23:31:31.184 0100|01|00|0b|f301fe|365f01000000000000a968[payload->].......h||26,793
2025-07-30T23:35:25.793 0100|00|00|05|fa0001|365f019f28[payload->].(||10,399
2025-07-30T23:35:25.894 0100|01|00|0b|f301fe|365f01000000000000a968[payload->].......h||26,793
2025-07-30T23:50:25.687 0100|00|00|05|fa0001|365f019f28[payload->].(||10,399
2025-07-30T23:50:25.789 0100|01|00|0b|f301fe|365f01000000000000a968[payload->].......h||26,793
2025-07-31T00:05:26.595 0100|00|00|05|fa0001|365f019f28[payload->].(||10,399
2025-07-31T00:20:25.759 0100|00|00|05|fa0001|365f019f28[payload->].(||10,399
2025-07-31T00:20:25.860 0100|09|00|0b|f301fe|365f01000000000000a968[payload->].......h||26,793
2025-07-31T00:31:31.176 0100|00|00|05|fa0001|365f019f28[payload->].(||10,399
2025-07-31T00:31:31.277 0100|01|00|0b|f301fe|365f01000000000000a968[payload->].......h||26,793
2025-07-31T00:35:25.792 0100|00|00|05|fa0001|365f019f28[payload->].(||10,399
2025-07-31T00:50:25.721 0100|00|00|05|fa0001|365f019f28[payload->].(||10,399
2025-07-31T00:50:25.822 0100|01|00|0b|f301fe|365f01000000000000a968[payload->].......h||26,793
2025-07-31T01:05:25.644 0100|00|00|05|fa0001|365f019f28[payload->].(||10,399
2025-07-31T01:20:25.704 0100|00|00|05|fa0001|365f019f28[payload->].(||10,399
2025-07-31T01:20:25.805 0100|01|80|0b|f301fe|365f01000000000000a968[payload->].......h||26,793
2025-07-31T01:35:25.792 0100|00|00|05|fa0001|365f019f28[payload->].(||10,399
2025-07-31T01:35:25.893 0100|01|00|0b|f301fe|365f01000000000000a968[payload->].......h||26,793
2025-07-31T01:50:26.452 0100|00|00|05|fa0001|365f019f28[payload->].(||10,399
2025-07-31T01:50:26.553 0100|01|00|0b|f301fe|365f01000000000000a968[payload->].......h||26,793
2025-07-31T02:05:25.882 0100|00|00|05|fa0001|365f019f28[payload->].(||10,399
2025-07-31T02:05:25.983 0100|01|00|0b|f301fe|365f01000000000000a968[payload->].......h||26,793
2025-07-31T02:20:25.831 0100|00|00|05|fa0001|365f019f28[payload->].(||10,399
2025-07-31T02:31:30.772 0100|01|00|0b|f301fe|365f01000000000000a968[payload->].......h||26,793
2025-07-31T02:35:26.602 0100|00|00|05|fa0001|365f019f28[payload->].(||10,399
2025-07-31T02:35:26.703 0100|01|00|0b|f301fe|365f01000000000000a968[payload->].......h||26,793
2025-07-31T02:50:26.592 0100|00|00|05|fa0001|365f019f28[payload->].(||10,399
2025-07-31T02:50:26.694 0100|01|00|0b|f301fe|365f01000000000000a968[payload->].......h||26,793
2025-07-31T03:05:26.557 0100|00|00|05|fa0001|365f019f28[payload->].(||10,399
2025-07-31T03:05:26.659 0100|01|00|0b|f301fe|365f01000000000000a968[payload->].......h||26,793
2025-07-31T03:20:26.644 0100|00|00|05|fa0001|365f019f28[payload->].(||10,399
2025-07-31T03:20:26.745 0100|01|00|0b|f301fe|365f01000000000000a968[payload->].......h||26,793
2025-07-31T03:35:26.623 0100|00|00|05|fa0001|365f019f28[payload->].(||10,399
2025-07-31T03:35:26.725 0100|01|00|0b|f301fe|365f01000000000000a968[payload->].......h||26,793
2025-07-31T03:50:26.562 0100|00|00|05|fa0001|365f019f28[payload->].(||10,399
2025-07-31T03:50:26.663 0100|01|00|0b|f301fe|365f01000000000000a968[payload->].......h||26,793
2025-07-31T04:05:26.581 0100|00|00|05|fa0001|365f019f28[payload->].(||10,399
2025-07-31T04:05:26.683 0100|01|00|0b|f301fe|365f01000000000000a968[payload->].......h||26,793
2025-07-31T04:20:26.659 0100|00|00|05|fa0001|365f019f28[payload->].(||10,399
2025-07-31T04:31:30.513 0100|00|00|05|fa0001|365f019f28[payload->].(||10,399
2025-07-31T04:31:30.614 0100|01|00|0b|f301fe|365f01000000000000a968[payload->].......h||26,793
2025-07-31T04:35:26.627 0100|00|00|05|fa0001|365f019f28[payload->].(||10,399
2025-07-31T04:35:26.728 0100|01|00|0b|f301fe|365f01000000000000a968[payload->].......h||26,793
2025-07-31T04:50:27.647 0100|00|00|05|fa0001|365f019f28[payload->].(||10,399
2025-07-31T04:50:27.748 0100|01|00|0b|f301fe|365f01000000000000a968[payload->].......h||26,793
2025-07-31T05:05:28.938 0100|00|00|05|fa0001|365f019f28[payload->].(||10,399
2025-07-31T05:20:28.853 0100|00|00|05|fa0001|365f019f28[payload->].(||10,399
2025-07-31T05:20:28.954 0100|01|00|0b|f301fe|365f01000000000000a968[payload->].......h||26,793
2025-07-31T05:31:31.143 0100|01|00|0b|f301fe|365f01000000000000a968[payload->].......h||26,793
2025-07-31T05:35:28.831 0100|00|00|05|fa0001|365f019f28[payload->].(||10,399
2025-07-31T05:35:28.932 0100|01|00|0b|f301fe|365f01000000000000a968[payload->].......h||26,793
2025-07-31T05:50:28.918 0100|00|00|05|fa0001|365f019f28[payload->].(||10,399
2025-07-31T05:50:28.918 0100|01|00|0b|f301fe|365f01000000000000a968[payload->].......h||26,793
2025-07-31T06:05:29.353 0100|00|00|05|fa0001|365f019f28[payload->].(||10,399
2025-07-31T06:05:29.353 0100|01|00|0b|f301fe|365f01000000000000a968[payload->].......h||26,793
2025-07-31T06:20:28.866 0100|00|00|05|fa0001|365f019f28[payload->].(||10,399
2025-07-31T06:20:28.967 0100|01|00|0b|f301fe|365f01000000000000a968[payload->].......h||26,793
2025-07-31T06:35:30.813 0100|00|00|05|fa0001|365f019f28[payload->].(||10,399
2025-07-31T06:35:30.914 0100|01|00|0b|f301fe|365f01000000000000a968[payload->].......h||26,793
2025-07-31T06:50:30.785 0100|00|00|05|fa0001|365f019f28[payload->].(||10,399
2025-07-31T06:50:30.886 0100|01|00|0b|f301fe|365f01000000000000a968[payload->].......h||26,793
2025-07-31T07:05:30.724 0100|00|00|05|fa0001|365f019f28[payload->].(||10,399
2025-07-31T07:20:30.879 0100|00|00|05|fa0001|365f019f28[payload->].(||10,399
2025-07-31T07:20:30.980 0100|01|00|0b|f301fe|365f01000000000000a968[payload->].......h||26,793
2025-07-31T07:35:30.949 0100|00|00|05|fa0001|365f019f28[payload->].(||10,399
2025-07-31T07:35:31.051 0100|01|00|0b|f301fe|365f01000000000000a968[payload->].......h||26,793
2025-07-31T07:50:30.799 0100|00|00|05|fa0001|365f019f28[payload->].(||10,399
2025-07-31T07:50:30.900 0100|01|00|0b|f301fe|365f01000000000000a968[payload->].......h||26,793
2025-07-31T08:05:31.076 0100|00|00|05|fa0001|365f019f28[payload->].(||10,399
2025-07-31T08:05:31.177 0100|01|00|0b|f301fe|365f01000000000000a968[payload->].......h||26,793
2025-07-31T08:20:30.751 0100|00|00|05|fa0001|365f019f28[payload->].(||10,399
2025-07-31T08:20:30.852 0100|01|00|0b|f301fe|365f01000000000000a968[payload->].......h||26,793
2025-07-31T08:35:31.379 0100|00|00|05|fa0001|365f019f28[payload->].(||10,399
2025-07-31T08:35:31.379 0100|01|00|0b|f301fe|365f01000000000000a968[payload->].......h||26,793
2025-07-31T08:50:30.770 0100|00|00|05|fa0001|365f019f28[payload->].(||10,399
2025-07-31T08:50:30.871 0100|01|00|0b|f301fe|365f01000000000000a968[payload->].......h||26,793
2025-07-31T09:05:30.787 0100|00|00|05|fa0001|365f019f28[payload->].(||10,399
2025-07-31T09:05:30.888 0100|01|00|0b|f301fe|365f01000000000000a968[payload->].......h||26,793
2025-07-31T09:20:31.507 0100|00|00|05|fa0001|365f019f28[payload->].(||10,399
2025-07-31T09:20:31.608 0100|01|00|0b|f301fe|365f01000000000000a968[payload->].......h||26,793
2025-07-31T09:35:30.738 0100|00|00|05|fa0001|365f019f28[payload->].(||10,399
2025-07-31T09:35:30.840 0100|01|00|0b|f301fe|365f01000000000000a968[payload->].......h||26,793
2025-07-31T09:50:30.709 0100|00|00|05|fa0001|365f019f28[payload->].(||10,399
2025-07-31T09:50:30.810 0100|01|00|0b|f301fe|365f01000000000000a968[payload->].......h||26,793
2025-07-31T10:05:31.165 0100|00|00|05|fa0001|365f019f28[payload->].(||10,399
2025-07-31T10:05:31.267 0100|01|00|0b|f301fe|365f01000000000000a968[payload->].......h||26,793
2025-07-31T10:20:31.757 0100|00|00|05|fa0001|365f019f28[payload->].(||10,399
2025-07-31T10:20:31.858 0100|01|00|0b|f301fe|365f01000000000000a968[payload->].......h||26,793
2025-07-31T10:35:32.684 0100|00|00|05|fa0001|365f019f28[payload->].(||10,399
2025-07-31T10:35:32.684 0100|01|00|0b|f301fe|365f01000000000000a968[payload->].......h||26,793
2025-07-31T10:50:32.610 0100|00|00|05|fa0001|365f019f28[payload->].(||10,399
2025-07-31T10:50:32.711 0100|01|00|0b|f301fe|365f01000000000000a968[payload->].......h||26,793
2025-07-31T11:05:32.548 0100|00|00|05|fa0001|365f019f28[payload->].(||10,399
2025-07-31T11:05:32.649 0100|01|00|0b|f301fe|365f01000000000000a968[payload->].......h||26,793
2025-07-31T11:20:32.681 0100|00|00|05|fa0001|365f019f28[payload->].(||10,399
2025-07-31T11:20:32.681 0100|01|00|0b|f301fe|365f01000000000000a968[payload->].......h||26,793
2025-07-31T11:35:32.621 0100|00|00|05|fa0001|365f019f28[payload->].(||10,399
2025-07-31T11:35:32.722 0100|01|00|0b|f301fe|365f01000000000000a968[payload->].......h||26,793
2025-07-31T11:50:34.056 0100|00|00|05|fa0001|365f019f28[payload->].(||10,399
2025-07-31T11:50:34.157 0100|01|00|0b|f301fe|365f01000000000000a968[payload->].......h||26,793
2025-07-31T12:05:34.005 0100|00|00|05|fa0001|365f019f28[payload->].(||10,399
2025-07-31T12:05:34.106 0100|01|00|0b|f301fe|365f01000000000000a968[payload->].......h||26,793
2025-07-31T12:20:34.048 0100|00|00|05|fa0001|365f019f28[payload->].(||10,399
2025-07-31T12:20:34.149 0100|01|00|0b|f301fe|365f01000000000000a968[payload->].......h||26,793
2025-07-31T12:31:36.590 0100|00|00|05|fa0001|365f019f28[payload->].(||10,399
2025-07-31T12:35:34.157 0100|00|00|05|fa0001|365f019f28[payload->].(||10,399
2025-07-31T12:35:34.358 0100|01|00|0b|f301fe|365f01000000000000a968[payload->].......h||26,793
2025-07-31T12:50:34.166 0100|00|00|05|fa0001|365f019f28[payload->].(||10,399
2025-07-31T12:50:34.268 0100|01|00|0b|f301fe|365f01000000000000a968[payload->].......h||26,793
2025-07-31T13:05:34.318 0100|00|00|05|fa0001|365f019f28[payload->].(||10,399
2025-07-31T13:05:34.420 0100|01|00|0b|f301fe|365f01000000000000a968[payload->].......h||26,793
2025-07-31T13:20:35.561 0100|00|00|05|fa0001|365f019f28[payload->].(||10,399
2025-07-31T13:20:35.561 0100|01|00|0b|f301fe|365f01000000000000a968[payload->].......h||26,793
2025-07-31T13:35:36.013 0100|00|00|05|fa0001|365f019f28[payload->].(||10,399
2025-07-31T13:35:36.014 0100|01|00|0b|f301fe|365f01000000000000a968[payload->].......h||26,793
2025-07-31T13:50:36.504 0100|00|00|05|fa0001|365f019f28[payload->].(||10,399
2025-07-31T14:05:36.777 0100|00|00|05|fa0001|365f019f28[payload->].(||10,399
2025-07-31T14:05:36.777 0100|01|00|0b|f301fe|365f01000000000000a968[payload->].......h||26,793
2025-07-31T14:20:37.595 0100|00|00|05|fa0001|365f019f28[payload->].(||10,399
2025-07-31T14:20:37.696 0100|01|00|0b|f301fe|365f01000000000000a968[payload->].......h||26,793
2025-07-31T14:31:30.597 0100|00|00|05|fa0001|365f019f28[payload->].(||10,399
2025-07-31T14:35:36.283 0100|00|00|05|fa0001|365f019f28[payload->].(||10,399
2025-07-31T14:35:36.384 0100|01|00|0b|f301fe|365f01000000000000a968[payload->].......h||26,793
2025-07-31T14:50:37.271 0100|00|00|05|fa0001|365f019f28[payload->].(||10,399
2025-07-31T14:50:37.271 0100|01|00|0b|f301fe|365f01000000000000a968[payload->].......h||26,793
2025-07-31T15:05:36.929 0100|00|00|05|fa0001|365f019f28[payload->].(||10,399
2025-07-31T15:05:37.030 0100|01|00|0b|f301fe|365f01000000000000a968[payload->].......h||26,793
2025-07-31T15:20:37.940 0100|00|00|05|fa0001|365f019f28[payload->].(||10,399
2025-07-31T15:20:37.941 0100|01|00|0b|f301fe|365f01000000000000a968[payload->].......h||26,793
2025-07-31T15:31:30.605 0100|00|00|05|fa0001|365f019f28[payload->].(||10,399
2025-07-31T15:31:30.706 0100|03|00|0b|f301fe|365f01000000000000a968[payload->].......h||26,793
2025-07-31T15:35:39.683 0100|00|00|05|fa0001|365f019f28[payload->].(||10,399
2025-07-31T15:35:39.784 0100|01|00|0b|f301fe|365f01000000000000a968[payload->].......h||26,793
2025-07-31T15:50:39.658 0100|00|00|05|fa0001|365f019f28[payload->].(||10,399
2025-07-31T15:50:39.759 0100|01|00|0b|f301fe|365f01000000000000a968[payload->].......h||26,793
2025-07-31T16:05:40.469 0100|00|00|05|fa0001|365f019f28[payload->].(||10,399
2025-07-31T16:05:40.570 0100|01|00|0b|f301fe|365f01000000000000a968[payload->].......h||26,793
2025-07-31T16:20:39.700 0100|00|00|05|fa0001|365f019f28[payload->].(||10,399
2025-07-31T16:20:39.802 0100|01|00|0b|f301fe|365f01000000000000a968[payload->].......h||26,793
2025-07-31T16:35:39.770 0100|00|00|05|fa0001|365f019f28[payload->].(||10,399
2025-07-31T16:35:39.870 0100|01|00|0b|f301fe|365f01000000000000a968[payload->].......h||26,793
2025-07-31T16:50:40.456 0100|00|00|05|fa0001|365f019f28[payload->].(||10,399
2025-07-31T16:50:40.557 0100|01|00|0b|f301fe|365f01000000000000a968[payload->].......h||26,793
2025-07-31T17:05:40.558 0100|00|00|05|fa0001|365f019f28[payload->].(||10,399
2025-07-31T17:05:40.558 0100|01|00|0b|f301fe|365f01000000000000a968[payload->].......h||26,793
2025-07-31T17:20:40.423 0100|00|00|05|fa0001|365f019f28[payload->].(||10,399
2025-07-31T17:20:40.524 0100|01|00|0b|f301fe|365f01000000000000a968[payload->].......h||26,793
2025-07-31T17:31:30.634 0100|00|00|05|fa0001|365f019f28[payload->].(||10,399
2025-07-31T17:31:30.735 0100|01|00|0b|f301fe|365f01000000000000a968[payload->].......h||26,793
2025-07-31T17:35:40.420 0100|00|00|05|fa0001|365f019f28[payload->].(||10,399
2025-07-31T17:35:40.521 0100|01|00|0b|f301fe|365f01000000000000a968[payload->].......h||26,793
2025-07-31T17:50:40.339 0100|00|00|05|fa0001|365f019f28[payload->].(||10,399
2025-07-31T17:50:40.441 0100|01|00|0b|f301fe|365f01000000000000a968[payload->].......h||26,793
2025-07-31T18:05:40.385 0100|00|00|05|fa0001|365f019f28[payload->].(||10,399
2025-07-31T18:05:40.487 0100|01|00|0b|f301fe|365f01000000000000a968[payload->].......h||26,793
2025-07-31T18:20:41.388 0100|00|00|05|fa0001|365f019f28[payload->].(||10,399
2025-07-31T18:20:41.489 0100|01|00|0b|f301fe|365f01000000000000a968[payload->].......h||26,793
2025-07-31T18:35:42.625 0100|00|00|05|fa0001|365f019f28[payload->].(||10,399
2025-07-31T18:35:42.727 0100|01|00|0b|f301fe|365f01000000000000a968[payload->].......h||26,793
2025-07-31T18:50:41.381 0100|00|00|05|fa0001|365f019f28[payload->].(||10,399
2025-07-31T18:50:41.482 0100|01|00|0b|f301fe|365f01000000000000a968[payload->].......h||26,793
2025-07-31T19:05:42.403 0100|00|00|05|fa0001|365f019f28[payload->].(||10,399
2025-07-31T19:20:42.583 0100|00|00|05|fa0001|365f019f28[payload->].(||10,399
2025-07-31T19:20:42.684 0100|01|00|0b|f301fe|365f01000000000000a968[payload->].......h||26,793
2025-07-31T19:35:42.362 0100|00|00|05|fa0001|365f019f28[payload->].(||10,399
2025-07-31T19:35:42.463 0100|01|00|0b|f301fe|365f01000000000000a968[payload->].......h||26,793
2025-07-31T19:50:42.354 0100|00|00|05|fa0001|365f019f28[payload->].(||10,399
2025-07-31T19:50:42.455 0100|01|00|0b|f301fe|365f01000000000000a968[payload->].......h||26,793
2025-07-31T20:05:42.397 0100|00|00|05|fa0001|365f019f28[payload->].(||10,399
2025-07-31T20:05:42.499 0100|01|00|0b|f301fe|365f01000000000000a968[payload->].......h||26,793
2025-07-31T20:20:42.726 0100|00|00|05|fa0001|365f019f28[payload->].(||10,399
2025-07-31T20:20:42.827 0100|01|00|0b|f301fe|365f01000000000000a968[payload->].......h||26,793
2025-07-31T20:35:42.323 0100|00|00|05|fa0001|365f019f28[payload->].(||10,399
2025-07-31T20:35:42.424 0100|01|00|0b|f301fe|365f01000000000000a968[payload->].......h||26,793
2025-07-31T20:50:42.384 0100|00|00|05|fa0001|365f019f28[payload->].(||10,399
2025-07-31T20:50:42.485 0100|01|00|0b|f301fe|365f01000000000000a968[payload->].......h||26,793
2025-07-31T21:05:42.500 0100|00|00|05|fa0001|365f019f28[payload->].(||10,399
2025-07-31T21:05:42.602 0100|01|00|0b|f301fe|365f01000000000000a968[payload->].......h||26,793
2025-07-31T21:20:42.356 0100|00|00|05|fa0001|365f019f28[payload->].(||10,399
2025-07-31T21:20:42.457 0100|01|00|0b|f301fe|365f01000000000000a968[payload->].......h||26,793
2025-07-31T21:35:43.429 0100|00|00|05|fa0001|365f019f28[payload->].(||10,399
2025-07-31T21:50:44.652 0100|00|00|05|fa0001|365f019f28[payload->].(||10,399
2025-07-31T21:50:44.753 0100|01|00|0b|f301fe|365f01000000000000a968[payload->].......h||26,793
2025-07-31T22:05:44.807 0100|01|00|0b|f301fe|365f01000000000000a968[payload->].......h||26,793
2025-07-31T22:20:44.793 0100|00|00|05|fa0001|365f019f28[payload->].(||10,399
2025-07-31T22:20:44.793 0100|01|00|0b|f301fe|365f01000000000000a968[payload->].......h||26,793
2025-07-31T22:31:31.054 0100|00|00|05|fa0001|365f019f28[payload->].(||10,399
2025-07-31T22:31:31.155 0100|01|00|0b|f301fe|365f01000000000000a968[payload->].......h||26,793
2025-07-31T22:35:44.986 0100|00|00|05|fa0001|365f019f28[payload->].(||10,399
2025-07-31T22:35:45.087 0100|01|00|0b|f301fe|365f01000000000000a968[payload->].......h||26,793
2025-07-31T22:50:44.715 0100|00|00|05|fa0001|365f019f28[payload->].(||10,399
2025-07-31T22:50:44.817 0100|01|08|0b|f301fe|365f01000000000000a968[payload->].......h||26,793
2025-07-31T23:05:47.382 0100|00|00|05|fa0001|365f019f28[payload->].(||10,399
2025-07-31T23:05:47.383 0100|01|00|0b|f301fe|365f01000000000000a968[payload->].......h||26,793
2025-07-31T23:20:47.352 0100|00|00|05|fa0001|365f019f28[payload->].(||10,399
2025-07-31T23:20:47.454 0100|01|00|0b|f301fe|365f01000000000000a968[payload->].......h||26,793
2025-07-31T23:35:47.369 0100|00|00|05|fa0001|365f019f28[payload->].(||10,399
2025-07-31T23:35:47.370 0100|01|00|0b|f301fe|365f01000000000000a968[payload->].......h||26,793
2025-07-31T23:50:47.286 0100|00|00|05|fa0001|365f019f28[payload->].(||10,399
2025-07-31T23:50:47.287 0100|01|00|0b|f301fe|365f01000000000000a968[payload->].......h||26,793
2025-08-01T00:05:47.347 0100|00|00|05|fa0001|365f019f28[payload->].(||10,399
2025-08-01T00:05:47.448 0100|01|00|0b|f301fe|365f01000000000000a968[payload->].......h||26,793
2025-08-01T00:20:47.349 0100|00|00|05|fa0001|365f019f28[payload->].(||10,399
2025-08-01T00:20:47.350 0100|01|00|0b|f301fe|365f01000000000000a968[payload->].......h||26,793
2025-08-01T00:50:47.409 0100|00|00|05|fa0001|365f019f28[payload->].(||10,399
2025-08-01T00:50:47.511 0100|01|00|0b|f301fe|365f01000000000000a968[payload->].......h||26,793
2025-08-01T01:05:47.239 0100|00|00|05|fa0001|365f019f28[payload->].(||10,399
2025-08-01T01:05:47.340 0100|01|00|0b|f301fe|365f01000000000000a968[payload->].......h||26,793
2025-08-01T01:20:47.295 0100|00|00|05|fa0001|365f019f28[payload->].(||10,399
2025-08-01T01:20:47.396 0100|01|00|0b|f301fe|365f01000000000000a968[payload->].......h||26,793
2025-08-01T01:35:47.294 0100|00|00|05|fa0001|365f019f28[payload->].(||10,399
2025-08-01T01:50:47.558 0100|00|00|05|fa0001|365f019f28[payload->].(||10,399
2025-08-01T01:50:47.659 0100|01|00|0b|f301fe|365f01000000000000a968[payload->].......h||26,793
2025-08-01T02:05:48.656 0100|00|00|05|fa0001|365f019f28[payload->].(||10,399
2025-08-01T02:05:48.757 0100|01|00|0b|f301fe|365f01000000000000a968[payload->].......h||26,793
2025-08-01T02:20:48.734 0100|00|00|05|fa0001|365f019f28[payload->].(||10,399
2025-08-01T02:20:48.735 0100|01|00|0b|f301fe|365f01000000000000a968[payload->].......h||26,793
2025-08-01T02:35:48.802 0100|00|00|05|fa0001|365f019f28[payload->].(||10,399
2025-08-01T02:35:48.903 0100|01|00|0b|f301fe|365f01000000000000a968[payload->].......h||26,793
2025-08-01T02:50:48.701 0100|00|00|05|fa0001|365f019f28[payload->].(||10,399
2025-08-01T02:50:48.802 0100|01|00|0b|f301fe|365f01000000000000a968[payload->].......h||26,793
2025-08-01T03:05:48.746 0100|00|00|05|fa0001|365f019f28[payload->].(||10,399
2025-08-01T03:05:48.847 0100|01|00|0b|f301fe|365f01000000000000a968[payload->].......h||26,793
2025-08-01T03:20:48.749 0100|00|00|05|fa0001|365f019f28[payload->].(||10,399
2025-08-01T03:20:48.749 0100|01|00|0b|f301fe|365f01000000000000a968[payload->].......h||26,793
2025-08-01T03:31:30.511 0100|00|00|05|fa0001|365f019f28[payload->].(||10,399
2025-08-01T03:31:30.612 0100|01|00|0b|f301fe|365f01000000000000a968[payload->].......h||26,793
2025-08-01T03:35:49.868 0100|00|00|05|fa0001|365f019f28[payload->].(||10,399
2025-08-01T03:35:49.969 0100|01|00|0b|f301fe|365f01000000000000a968[payload->].......h||26,793
2025-08-01T03:50:50.442 0100|00|00|05|fa0001|365f019f28[payload->].(||10,399
2025-08-01T03:50:50.543 0100|01|00|0b|f301fe|365f01000000000000a968[payload->].......h||26,793
2025-08-01T04:05:50.457 0100|00|00|05|fa0001|365f019f28[payload->].(||10,399
2025-08-01T04:05:50.558 0100|01|00|0b|f301fe|365f01000000000000a968[payload->].......h||26,793
2025-08-01T04:20:50.558 0100|00|00|05|fa0001|365f019f28[payload->].(||10,399
2025-08-01T04:20:50.558 0100|01|00|0b|f301fe|365f01000000000000a968[payload->].......h||26,793
2025-08-01T04:35:50.426 0100|00|00|05|fa0001|365f019f28[payload->].(||10,399
2025-08-01T04:35:50.527 0100|01|00|0b|f301fe|365f01000000000000a968[payload->].......h||26,793
2025-08-01T04:50:51.378 0100|00|00|05|fa0001|365f019f28[payload->].(||10,399
2025-08-01T04:50:51.479 0100|01|00|0b|f301fe|365f01000000000000a968[payload->].......h||26,793
2025-08-01T05:05:52.108 0100|00|00|05|fa0001|365f019f28[payload->].(||10,399
2025-08-01T05:05:52.109 0100|01|00|0b|f301fe|365f01000000000000a968[payload->].......h||26,793
2025-08-01T05:20:51.424 0100|00|00|05|fa0001|365f019f28[payload->].(||10,399
2025-08-01T05:20:51.525 0100|01|00|0b|f301fe|365f01000000000000a968[payload->].......h||26,793
2025-08-01T05:35:51.458 0100|00|00|05|fa0001|365f019f28[payload->].(||10,399
2025-08-01T05:35:51.559 0100|01|00|0b|f301fe|365f01000000000000a968[payload->].......h||26,793
2025-08-01T05:50:51.439 0100|00|00|05|fa0001|365f019f28[payload->].(||10,399
2025-08-01T05:50:51.540 0100|01|00|0b|f301fe|365f01000000000000a968[payload->].......h||26,793
2025-08-01T06:05:51.424 0100|00|00|05|fa0001|365f019f28[payload->].(||10,399
2025-08-01T06:05:51.526 0100|01|00|0b|f301fe|365f01000000000000a968[payload->].......h||26,793
2025-08-01T06:20:51.384 0100|00|00|05|fa0001|365f019f28[payload->].(||10,399
2025-08-01T06:20:51.485 0100|01|00|0b|f301fe|365f01000000000000a968[payload->].......h||26,793
2025-08-01T06:31:30.452 0100|00|00|05|fa0001|365f019f28[payload->].(||10,399
2025-08-01T06:35:51.450 0100|00|00|05|fa0001|365f019f28[payload->].(||10,399
2025-08-01T06:35:51.551 0100|01|00|0b|f301fe|365f01000000000000a968[payload->].......h||26,793
2025-08-01T06:50:51.482 0100|00|00|05|fa0001|365f019f28[payload->].(||10,399
2025-08-01T06:50:51.583 0100|01|00|0b|f301fe|365f01000000000000a968[payload->].......h||26,793
2025-08-01T07:05:52.079 0100|00|00|05|fa0001|365f019f28[payload->].(||10,399
2025-08-01T07:05:52.181 0100|41|00|0b|f301fe|365f01000000000000a968[payload->].......h||26,793
2025-08-01T07:20:52.095 0100|00|00|05|fa0001|365f019f28[payload->].(||10,399
2025-08-01T07:20:52.197 0100|01|00|0b|f301fe|365f01000000000000a968[payload->].......h||26,793
2025-08-01T07:35:54.553 0100|00|00|05|fa0001|365f019f28[payload->].(||10,399
2025-08-01T07:35:54.654 0100|01|00|0b|f301fe|365f01000000000000a968[payload->].......h||26,793
2025-08-01T07:50:54.425 0100|00|00|05|fa0001|365f019f28[payload->].(||10,399
2025-08-01T07:50:54.426 0100|01|00|0b|f301fe|365f01000000000000a968[payload->].......h||26,793
2025-08-01T08:05:54.545 0100|00|00|05|fa0001|365f019f28[payload->].(||10,399
2025-08-01T08:05:54.646 0100|01|00|0b|f301fe|365f01000000000000a968[payload->].......h||26,793
2025-08-01T08:20:55.165 0100|00|00|05|fa0001|365f019f28[payload->].(||10,399
2025-08-01T08:31:30.616 0100|00|00|05|fa0001|365f019f28[payload->].(||10,399
2025-08-01T08:35:54.525 0100|00|00|05|fa0001|365f019f28[payload->].(||10,399
2025-08-01T08:35:54.626 0100|01|00|0b|f301fe|365f01000000000000a968[payload->].......h||26,793
2025-08-01T08:50:54.416 0100|00|00|05|fa0001|365f019f28[payload->].(||10,399
2025-08-01T08:50:54.517 0100|03|02|0b|f301fe|365f01000000000000a968[payload->].......h||26,793
2025-08-01T09:05:54.362 0100|00|00|05|fa0001|365f019f28[payload->].(||10,399
2025-08-01T09:05:54.463 0100|01|00|0f|f301fe|365f01000000000000a96801000000[payload->].......h....||0,000
2025-08-01T09:20:54.455 0100|00|00|05|fa0001|365f019f28[payload->].(||10,399
2025-08-01T09:20:54.556 0100|01|00|0b|f321fe|365f01000000000000a968[payload->].......h||26,793
2025-08-01T09:35:54.446 0100|00|00|05|fa0001|365f019f28[payload->].(||10,399
2025-08-01T09:50:54.380 0100|00|00|05|fa0001|365f019f28[payload->].(||10,399
2025-08-01T09:50:54.481 0100|01|00|0b|f301fe|365f01000000000000a968[payload->].......h||26,793
2025-08-01T10:05:54.857 0100|00|00|05|fa0001|365f019f28[payload->].(||10,399
2025-08-01T10:05:54.959 0100|01|00|0b|f301fe|365f01000000000000a968[payload->].......h||26,793
2025-08-01T10:20:54.577 0100|00|00|05|fa0001|365f019f28[payload->].(||10,399
2025-08-01T10:20:54.880 0100|01|40|4b|f301fe|365f01000000000000a9680100000005fa0003200401d3f30100010009f501fe200401ffffffff850d0100000005fa0001365e010f29010001000bf301fe365e0100000000000065a90100[payload->].......h........ ............ ................6^..)........6^.......e...||0,001
2025-08-01T10:35:54.469 0100|00|00|05|fa0001|365f019f28[payload->].(||10,399
2025-08-01T10:35:54.469 0100|01|00|0b|f301fe|365f01000000000000a968[payload->].......h||26,793
2025-08-01T10:50:55.739 0100|00|00|05|fa0001|365f019f28[payload->].(||10,399
2025-08-01T10:50:55.840 0100|01|00|0b|f301fe|365f01000000000000a968[payload->].......h||26,793
2025-08-01T11:05:54.476 0100|00|00|05|fa0001|365f019f28[payload->].(||10,399
2025-08-01T11:05:54.577 0100|01|00|0b|f301fe|365f01000000000000a968[payload->].......h||26,793
2025-08-01T11:20:54.464 0100|00|00|05|fa0001|365f019f28[payload->].(||10,399
2025-08-01T11:20:54.565 0100|01|00|0b|f301fe|365f01000000000000a968[payload->].......h||26,793
2025-08-01T11:35:54.467 0100|00|00|05|fa0001|365f019f28[payload->].(||10,399
2025-08-01T11:35:54.568 0100|01|00|0b|f301fe|365f01000000000000a968[payload->].......h||26,793
2025-08-01T11:50:55.277 0100|00|00|05|fa0001|365f019f28[payload->].(||10,399
2025-08-01T11:50:55.378 0100|01|00|0b|f301fe|365f01000000000000a968[payload->].......h||26,793
2025-08-01T12:05:55.250 0100|00|00|05|fa0001|365f019f28[payload->].(||10,399
2025-08-01T12:05:55.351 0100|01|00|0b|f301fe|365f01000000000000a968[payload->].......h||26,793
2025-08-01T12:20:56.557 0100|00|00|05|fa0001|365f019f28[payload->].(||10,399
2025-08-01T12:20:56.658 0100|01|00|0b|f301fe|365f01000000000000a968[payload->].......h||26,793
2025-08-01T12:35:56.550 0100|00|00|05|fa0001|365f019f28[payload->].(||10,399
2025-08-01T12:35:56.651 0100|01|00|0b|f301fe|365f01000000000000a968[payload->].......h||26,793
2025-08-01T12:50:56.516 0100|00|00|05|fa0001|365f019f28[payload->].(||10,399
2025-08-01T12:50:56.516 0100|01|00|0b|f301fe|365f01000000000000a968[payload->].......h||26,793
2025-08-01T13:05:57.461 0100|00|00|05|fa0001|365f019f28[payload->].(||10,399
2025-08-01T13:05:57.461 0100|01|00|0b|f301fe|365f01000000000000a968[payload->].......h||26,793
2025-08-01T13:20:57.311 0100|00|00|05|fa0001|365f019f28[payload->].(||10,399
2025-08-01T13:20:57.311 0100|01|00|0b|f301fe|365f01000000000000a968[payload->].......h||26,793
2025-08-01T13:31:31.200 0100|00|00|05|fa0001|365f019f28[payload->].(||10,399
2025-08-01T13:31:31.302 0100|01|00|0b|f301fe|365f01000000000000a968[payload->].......h||26,793
2025-08-01T13:35:59.121 0100|00|00|05|fa0001|365f019f28[payload->].(||10,399
2025-08-01T13:35:59.121 0100|01|00|0b|f301fe|365f01000000000000a968[payload->].......h||26,793
2025-08-01T13:50:59.194 0100|00|00|05|fa0001|365f019f28[payload->].(||10,399
2025-08-01T13:50:59.194 0100|01|00|0b|f301fe|365f01000000000000a968[payload->].......h||26,793
2025-08-01T14:05:59.127 0100|00|00|05|fa0001|365f019f28[payload->].(||10,399
2025-08-01T14:05:59.228 0100|01|00|0b|f301fe|365f01000000000000a968[payload->].......h||26,793
2025-08-01T14:20:59.092 0100|00|00|05|fa0001|365f019f28[payload->].(||10,399
2025-08-01T14:20:59.193 0100|01|00|0b|f303fe|365f01000000000000a968[payload->].......h||26,793
2025-08-01T14:36:00.198 0100|00|00|05|fa0001|365f019f28[payload->].(||10,399
2025-08-01T14:36:00.299 0100|01|00|0b|f301fe|365f01000000000000a968[payload->].......h||26,793
2025-08-01T14:51:00.345 0100|00|00|05|fa0001|365f019f28[payload->].(||10,399
2025-08-01T14:51:00.447 0100|01|00|0b|f301fe|365f01000000000000a968[payload->].......h||26,793
2025-08-01T15:06:00.136 0100|00|00|05|fa0001|365f019f28[payload->].(||10,399
2025-08-01T15:06:00.238 0100|01|00|0b|f301fe|365f01000000000000a968[payload->].......h||26,793
2025-08-01T15:21:00.126 0100|00|00|05|fa0001|365f019f28[payload->].(||10,399
2025-08-01T15:31:30.695 0100|00|00|05|fa0001|365f019f28[payload->].(||10,399
2025-08-01T15:31:30.796 0100|01|00|0b|f301fe|365f01000000000000a968[payload->].......h||26,793
2025-08-01T15:36:01.030 0100|00|00|05|fa0001|365f019f28[payload->].(||10,399
2025-08-01T15:36:01.030 0100|01|00|0b|f301fe|365f01000000000000a968[payload->].......h||26,793
2025-08-01T15:51:00.945 0100|00|00|05|fa0001|365f019f28[payload->].(||10,399
2025-08-01T15:51:01.046 0100|01|00|0b|f301fe|365f01000000000000a968[payload->].......h||26,793
2025-08-01T16:06:00.992 0100|00|00|05|fa0001|365f019f28[payload->].(||10,399
2025-08-01T16:06:00.992 0100|01|00|0b|f301fe|365f01000000000000a968[payload->].......h||26,793
2025-08-01T16:21:00.996 0100|00|00|05|fa0001|365f019f28[payload->].(||10,399
2025-08-01T16:21:01.097 0100|01|00|0b|f301fe|365f01000000000000a968[payload->].......h||26,793
2025-08-01T16:31:30.982 0100|00|00|05|fa01fe|365f010000[payload->]..||0,000
2025-08-01T16:36:01.901 0100|00|00|05|fa0001|365f019f28[payload->].(||10,399
2025-08-01T16:36:01.902 0100|01|00|0b|f301fe|365f01000000000000a968[payload->].......h||26,793
2025-08-01T16:51:00.995 0100|00|00|05|fa0001|365f019f28[payload->].(||10,399
2025-08-01T16:51:00.996 0100|01|00|0b|f301fe|365f01000000000000a968[payload->].......h||26,793
2025-08-01T17:06:00.980 0100|00|00|05|fa0001|365f019f28[payload->].(||10,399
2025-08-01T17:06:01.081 0100|01|00|0b|f301fe|365f01000000000000a968[payload->].......h||26,793
2025-08-01T17:21:00.994 0100|00|00|05|fa0001|365f019f28[payload->].(||10,399
2025-08-01T17:21:01.095 0100|01|00|0b|f301fe|365f01000000000000a968[payload->].......h||26,793
2025-08-01T17:31:30.730 0100|00|00|05|fa0001|365f019f28[payload->].(||10,399
2025-08-01T17:31:30.831 0100|01|00|0b|f301fe|365f01000000000000a968[payload->].......h||26,793
2025-08-01T17:36:01.022 0100|00|00|05|fa0001|365f019f28[payload->].(||10,399
2025-08-01T17:36:01.123 0100|01|00|0b|f301fe|365f01000000000000a968[payload->].......h||26,793
2025-08-01T17:51:00.957 0100|00|00|05|fa0001|365f019f28[payload->].(||10,399
2025-08-01T17:51:01.058 0100|01|00|0b|f301fe|365f01000000000000a968[payload->].......h||26,793
2025-08-01T18:06:00.954 0100|00|00|05|fa0001|365f019f28[payload->].(||10,399
2025-08-01T18:06:01.055 0100|01|00|0b|f301fe|365f01000000000000a968[payload->].......h||26,793
2025-08-01T18:21:00.958 0100|00|00|05|fa0001|365f019f28[payload->].(||10,399
2025-08-01T18:21:01.059 0100|01|00|0b|f301fe|365f01000000000000a968[payload->].......h||26,793
2025-08-01T18:36:01.026 0100|00|00|05|fa0001|365f019f28[payload->].(||10,399
2025-08-01T18:36:01.027 0100|01|00|0b|f301fe|365f01000000000000a968[payload->].......h||26,793
2025-08-01T18:51:01.016 0100|00|00|05|fa0001|365f019f28[payload->].(||10,399
2025-08-01T18:51:01.016 0100|01|00|0b|f301fe|365f01000000000000a968[payload->].......h||26,793
2025-08-01T19:06:01.982 0100|00|00|05|fa0001|365f019f28[payload->].(||10,399
2025-08-01T19:06:02.083 0100|01|00|0b|f301fe|365f01000000000000a968[payload->].......h||26,793
2025-08-01T19:21:01.975 0100|00|00|05|fa0001|365f019f28[payload->].(||10,399
2025-08-01T19:21:02.076 0100|01|00|0b|f301fe|365f01000000000000a968[payload->].......h||26,793
2025-08-01T19:31:30.348 0100|01|00|0b|f301fe|365f01000000000000a968[payload->].......h||26,793
2025-08-01T19:36:02.058 0100|00|00|05|fa0001|365f019f28[payload->].(||10,399
2025-08-01T19:36:02.159 0100|01|00|0b|f301fe|365f01000000000000a968[payload->].......h||26,793
2025-08-01T19:51:02.004 0100|00|00|05|fa0001|365f019f28[payload->].(||10,399
2025-08-01T19:51:02.106 0100|01|00|0b|f301fe|365f01000000000000a968[payload->].......h||26,793
2025-08-01T20:06:04.034 0100|00|00|05|fa0001|365f019f28[payload->].(||10,399
2025-08-01T20:06:04.236 0100|01|00|2b|f301fe|365f01000000000000a9680100000005fa00012004016bf20100010009f501fe200401ffffffff850d0100[payload->].......h........ ..k......... ..........||0,001
2025-08-01T20:21:04.072 0100|00|00|05|fa0001|365f019f28[payload->].(||10,399
2025-08-01T20:21:04.173 0100|01|00|0b|f301fe|365f01000000000000a968[payload->].......h||26,793
2025-08-01T20:36:04.099 0100|00|00|05|fa0001|365f019f28[payload->].(||10,399
2025-08-01T20:36:04.200 0100|01|00|0b|f301fe|365f01000000000000a968[payload->].......h||26,793
2025-08-01T20:51:04.097 0100|00|00|05|fa0001|365f019f28[payload->].(||10,399
2025-08-01T20:51:04.198 0100|01|00|0b|f301fe|365f01000000000000a968[payload->].......h||26,793
2025-08-01T21:06:04.128 0100|00|00|05|fa0001|365f019f28[payload->].(||10,399
2025-08-01T21:06:04.229 0100|01|00|0b|f301fe|365f01000000000000a968[payload->].......h||26,793
2025-08-01T21:21:04.966 0100|00|00|05|fa0001|365f019f28[payload->].(||10,399
2025-08-01T21:21:05.068 0100|01|00|0b|f301fe|365f01000000000000a968[payload->].......h||26,793
2025-08-01T21:36:05.016 0100|00|00|05|fa0001|365f019f28[payload->].(||10,399
2025-08-01T21:36:05.016 0100|01|00|0b|f301fe|365f01000000000000a968[payload->].......h||26,793
2025-08-01T21:51:07.121 0100|00|00|05|fa0001|365f019f28[payload->].(||10,399
2025-08-01T21:51:07.222 0100|01|00|0b|f301ff|365f01000000000000a968[payload->].......h||26,793
2025-08-01T21:51:32.449 0100|01|00|07|f701fe|365f01800cbfe4[payload->]....||58,559
2025-08-01T22:06:07.114 0100|00|00|05|fa0001|365f019f28[payload->].(||10,399
2025-08-01T22:06:07.216 0100|01|00|0b|f301fe|365f01000000000000a968[payload->].......h||26,793
2025-08-01T22:21:07.144 0100|00|00|05|fa0001|365f019f28[payload->].(||10,399
2025-08-01T22:36:07.147 0100|00|00|05|fa0001|365f019f28[payload->].(||10,399
2025-08-01T23:06:07.151 0100|00|00|05|fa0001|365f019f28[payload->].(||10,399
2025-08-01T23:06:07.152 0100|01|00|0b|f301fe|365f01000000000000a968[payload->].......h||26,793
2025-08-01T23:21:08.468 0100|00|00|05|fa0001|365f019f28[payload->].(||10,399
2025-08-01T23:21:08.569 0100|01|00|0b|f301fe|365f01000000000000a968[payload->].......h||26,793
2025-08-01T23:36:07.231 0100|00|00|05|fa0001|365f019f28[payload->].(||10,399
2025-08-01T23:36:07.232 0100|01|00|0b|f301fe|365f01000000000000a968[payload->].......h||26,793
2025-08-01T23:51:07.167 0100|00|00|05|fa0001|365f019f28[payload->].(||10,399
2025-08-01T23:51:07.268 0100|01|00|0b|f301fe|365f01000000000000a968[payload->].......h||26,793
2025-08-02T00:06:07.145 0100|00|00|05|fa0001|365f019f28[payload->].(||10,399
2025-08-02T00:06:07.246 0100|01|00|0b|f301fe|365f01000000000000a968[payload->].......h||26,793
2025-08-02T00:21:07.154 0100|00|00|05|fa0001|365f019f28[payload->].(||10,399
2025-08-02T00:21:07.255 0100|01|00|0b|f301fe|365f01000000000000a968[payload->].......h||26,793
2025-08-02T00:31:31.684 0100|00|00|05|fa0001|365f019f28[payload->].(||10,399
2025-08-02T00:31:31.685 0100|01|00|0b|f301fe|365f01000000000000a968[payload->].......h||26,793
2025-08-02T00:36:07.141 0100|00|00|05|fa0001|365f019f28[payload->].(||10,399
2025-08-02T00:36:07.242 0100|01|00|0b|f301fe|365f01000000000000a968[payload->].......h||26,793
2025-08-02T00:51:07.143 0100|00|00|05|fa0001|365f019f28[payload->].(||10,399
2025-08-02T00:51:07.245 0100|01|00|0b|f301fe|365f01000000000000a968[payload->].......h||26,793
2025-08-02T01:06:07.790 0100|00|00|05|fa0001|365f019f28[payload->].(||10,399
2025-08-02T01:06:07.891 0100|01|00|0b|f301fe|365f01000000000000a968[payload->].......h||26,793
2025-08-02T01:21:07.180 0100|00|00|05|fa0001|365f019f28[payload->].(||10,399
2025-08-02T01:31:30.343 0100|00|00|05|fa0001|365f019f28[payload->].(||10,399
2025-08-02T01:31:30.444 0100|01|00|0b|f301fe|365f01000000000000a968[payload->].......h||26,793
2025-08-02T01:36:07.172 0100|00|00|05|fa0001|365f019f28[payload->].(||10,399
2025-08-02T01:36:07.172 0100|01|00|0b|f301fe|365f01000000000000a968[payload->].......h||26,793
2025-08-02T01:51:07.173 0100|00|00|05|fa0001|365f019f28[payload->].(||10,399
2025-08-02T02:06:07.085 0100|00|00|05|fa0001|365f019f28[payload->].(||10,399
2025-08-02T02:36:07.174 0100|00|00|05|fa0001|365f019f28[payload->].(||10,399
2025-08-02T02:36:07.175 0100|01|00|0b|f301fe|365f01000000000000a968[payload->].......h||26,793
2025-08-02T02:51:07.169 0100|00|00|05|fa0001|365f019f28[payload->].(||10,399
2025-08-02T02:51:07.170 0100|01|00|0b|f301fe|365f01000000000000a968[payload->].......h||26,793
2025-08-02T03:06:07.118 0100|00|00|05|fa0001|365f019f28[payload->].(||10,399
2025-08-02T03:06:07.220 0100|01|00|0b|f301fe|365f01000000000000a968[payload->].......h||26,793
2025-08-02T03:21:07.111 0100|00|00|05|fa0001|365f019f28[payload->].(||10,399
2025-08-02T03:21:07.212 0100|01|00|0b|f301fe|365f01000000000000a968[payload->].......h||26,793
2025-08-02T03:36:07.106 0100|00|00|05|fa0001|365f019f28[payload->].(||10,399
2025-08-02T03:36:07.208 0100|01|00|0b|f301fe|365f01000000000000a968[payload->].......h||26,793
2025-08-02T03:51:07.115 0100|00|00|05|fa0001|365f019f28[payload->].(||10,399
2025-08-02T03:51:07.216 0100|01|00|0b|f301fe|365f01000000000000a968[payload->].......h||26,793
2025-08-02T04:06:07.100 0100|00|00|05|fa0001|365f019f28[payload->].(||10,399
2025-08-02T04:21:07.092 0100|00|00|05|fa0001|365f019f28[payload->].(||10,399
2025-08-02T04:31:30.573 0100|00|00|05|fa0001|365f019f28[payload->].(||10,399
2025-08-02T04:31:30.674 0100|01|00|0b|f301fe|365f01000000000000a868[payload->].......h||26,792
2025-08-02T04:36:07.117 0100|00|00|05|fa0001|365f019f28[payload->].(||10,399
2025-08-02T04:36:07.218 0100|01|00|0b|f301fe|365f01000000000000a968[payload->].......h||26,793
2025-08-02T04:51:07.154 0100|00|00|05|fa0001|365f019f28[payload->].(||10,399
2025-08-02T04:51:07.255 0100|05|00|0b|f301fe|365f01000000000000a968[payload->].......h||26,793
2025-08-02T05:06:07.182 0100|00|00|05|fa0001|365f019f28[payload->].(||10,399
2025-08-02T05:21:07.919 0100|00|00|05|fa0001|365f019f28[payload->].(||10,399
2025-08-02T05:36:07.154 0100|00|00|05|fa0001|365f019f28[payload->].(||10,399
2025-08-02T05:51:09.587 0100|01|00|0b|f301fe|365f01000000000000a968[payload->].......h||26,793
2025-08-02T06:06:09.396 0100|00|00|05|fa0001|365f019f28[payload->].(||10,399
2025-08-02T06:06:09.497 0100|01|00|0b|f301fe|365f01000000000000a968[payload->].......h||26,793
2025-08-02T06:21:09.456 0100|00|00|05|fa0001|365f019f28[payload->].(||10,399
2025-08-02T06:21:09.557 0100|01|00|0b|f301fe|365f01000000000000a968[payload->].......h||26,793
2025-08-02T06:31:31.447 0100|00|00|05|fa0001|365f019f28[payload->].(||10,399
2025-08-02T06:31:31.548 0100|01|00|0b|f301fe|365f01000000000000a968[payload->].......h||26,793
2025-08-02T06:36:09.429 0100|00|00|05|fa0001|365f019f28[payload->].(||10,399
2025-08-02T06:36:09.530 0100|01|00|0b|f301fe|365f01000000000000a968[payload->].......h||26,793
2025-08-02T06:51:09.409 0100|00|00|05|fa0001|365f019f28[payload->].(||10,399
2025-08-02T06:51:09.510 0100|01|00|0b|f301fe|365f01000000000000a968[payload->].......h||26,793
2025-08-02T07:21:09.361 0100|00|00|05|fa0001|365f019f28[payload->].(||10,399
2025-08-02T07:31:30.391 0100|00|00|05|fa0001|365f019f28[payload->].(||10,399
2025-08-02T07:31:30.391 0100|81|00|0b|f301fe|365f01000000000000a968[payload->].......h||26,793
2025-08-02T07:36:09.460 0100|00|00|05|fa0001|365f019f28[payload->].(||10,399
2025-08-02T07:36:09.561 0100|01|00|0b|f301fe|365f01000000000000a968[payload->].......h||26,793
2025-08-02T07:51:10.312 0100|00|00|05|fa0001|365f019f28[payload->].(||10,399
2025-08-02T08:06:10.342 0100|00|00|05|fa0001|365f019f28[payload->].(||10,399
2025-08-02T08:06:10.443 0100|01|00|0b|f301fe|365f01000000000000a968[payload->].......h||26,793
2025-08-02T08:21:10.513 0100|00|00|05|fa0001|365f019f28[payload->].(||10,399
2025-08-02T08:21:10.615 0100|01|00|0b|f301fe|365f01000000000000a968[payload->].......h||26,793
2025-08-02T08:36:10.431 0100|00|00|05|fa0001|365f019f28[payload->].(||10,399
2025-08-02T08:36:10.532 0100|01|00|0b|f301fe|365f01000000000000a968[payload->].......h||26,793
2025-08-02T08:51:10.382 0100|00|00|05|fa0001|365f019f28[payload->].(||10,399
2025-08-02T08:51:10.483 0100|01|00|0b|f301fe|365f01000000000000a968[payload->].......h||26,793
2025-08-02T09:06:10.366 0100|00|00|05|fa0001|365f019f28[payload->].(||10,399
2025-08-02T09:06:10.467 0100|01|00|0b|f301fe|365f01000000000000a968[payload->].......h||26,793
2025-08-02T09:21:10.435 0100|00|00|05|fa0001|365f019f28[payload->].(||10,399
2025-08-02T09:21:10.537 0100|01|00|0b|f301fe|365f01000000000000a968[payload->].......h||26,793
2025-08-02T09:36:11.741 0100|00|00|05|fa0001|365f019f28[payload->].(||10,399
2025-08-02T09:51:10.427 0100|00|00|05|fa0001|365f019f28[payload->].(||10,399
2025-08-02T09:51:10.428 0100|01|00|0b|f301fe|365f01000000000000a968[payload->].......h||26,793
2025-08-02T10:06:11.376 0100|00|00|05|fa0001|365f019f28[payload->].(||10,399
2025-08-02T10:06:11.478 0100|01|00|0b|f301fe|365f01000000000000a968[payload->].......h||26,793
2025-08-02T10:31:32.717 0100|01|00|0b|f301fe|365f01000000000000a968[payload->].......h||26,793
2025-08-02T10:36:11.399 0100|00|00|05|fa0001|365f019f28[payload->].(||10,399
2025-08-02T10:36:11.500 0100|01|00|0b|f301fe|365f01000000000000a968[payload->].......h||26,793
2025-08-02T10:51:12.374 0100|00|00|05|fa0001|365f019f28[payload->].(||10,399
2025-08-02T10:51:12.475 0100|01|00|0b|f321fe|365f01000000000000a968[payload->].......h||26,793
2025-08-02T11:06:12.418 0100|00|00|05|fa0001|365f019f28[payload->].(||10,399
2025-08-02T11:21:12.376 0100|00|00|05|fa0001|365f019f28[payload->].(||10,399
2025-08-02T11:21:12.477 0100|01|00|0b|f301fe|365f01000000000000a968[payload->].......h||26,793
2025-08-02T11:31:30.623 0100|00|00|05|fa0001|365f019f28[payload->].(||10,399
2025-08-02T11:36:12.382 0100|00|00|05|fa0001|365f019f28[payload->].(||10,399
2025-08-02T11:51:13.225 0100|00|00|05|fa0001|365f019f28[payload->].(||10,399
2025-08-02T11:51:13.326 0100|01|00|0b|fb01fe|365f01020000000000a968[payload->].......h||26,793
2025-08-02T12:06:14.319 0100|00|00|05|fa0001|365f019f28[payload->].(||10,399
2025-08-02T12:06:14.421 0100|01|00|0b|f301fe|365f01000000000000a968[payload->].......h||26,793
2025-08-02T12:21:14.352 0100|00|00|05|fa0001|365f019f28[payload->].(||10,399
2025-08-02T12:21:14.352 0100|01|00|0b|f301fe|365f01000000000000a968[payload->].......h||26,793
2025-08-02T12:31:31.765 0100|01|00|0b|f301fe|365f01000000000000a968[payload->].......h||26,793
2025-08-02T12:36:15.190 0100|00|00|05|fa0001|365f019f28[payload->].(||10,399
2025-08-02T12:36:15.190 0100|01|00|0b|f301fe|365f01000000000000a968[payload->].......h||26,793
2025-08-02T12:51:15.150 0100|00|00|05|fa0001|365f019f28[payload->].(||10,399
2025-08-02T12:51:15.150 0100|01|00|0b|f301fe|365f01000000000000a968[payload->].......h||26,793
2025-08-02T13:06:16.531 0100|00|00|05|fa0001|365f019f28[payload->].(||10,399
2025-08-02T13:06:16.532 0100|01|00|0b|f301fe|365f01000000000000a968[payload->].......h||26,793
2025-08-02T13:21:17.198 0100|00|00|05|fa0001|365f019f28[payload->].(||10,399
2025-08-02T13:21:17.299 0100|01|00|0b|f301fe|365f01000000000000a968[payload->].......h||26,793
2025-08-02T13:36:18.360 0100|00|00|05|fa0001|365f019f28[payload->].(||10,399
2025-08-02T13:36:18.461 0100|01|00|0b|f301fe|365f01000000000000a968[payload->].......h||26,793
2025-08-02T13:51:18.311 0100|00|00|05|fa0001|365f019f28[payload->].(||10,399
2025-08-02T13:51:18.412 0100|01|00|0b|f301fe|365f01000000000000a968[payload->].......h||26,793
2025-08-02T14:06:18.370 0100|00|00|05|fa0001|365f019f28[payload->].(||10,399
2025-08-02T14:06:18.471 0100|01|00|0b|f301fe|365f01000000000000a968[payload->].......h||26,793
2025-08-02T14:21:18.358 0100|00|00|05|fa0001|365f019f28[payload->].(||10,399
2025-08-02T14:21:18.560 0100|01|00|0b|f301fe|365f01000000000000a968[payload->].......h||26,793
2025-08-02T14:36:18.428 0100|00|00|05|fa0001|365f019f28[payload->].(||10,399
2025-08-02T14:36:18.428 0100|01|00|0b|f301fe|365f01000000000000a968[payload->].......h||26,793
2025-08-02T14:51:18.331 0100|00|00|05|fa0001|365f019f28[payload->].(||10,399
2025-08-02T14:51:18.432 0100|01|00|0b|f301fe|365f01000000000000a968[payload->].......h||26,793
2025-08-02T15:06:18.356 0100|00|00|05|fa0001|365f019f28[payload->].(||10,399
2025-08-02T15:06:18.457 0100|01|00|0b|f301fe|365f01000000000000a968[payload->].......h||26,793
2025-08-02T15:21:19.175 0100|00|00|05|fa0001|365f019f28[payload->].(||10,399
2025-08-02T15:21:19.175 0100|01|00|0b|f301fe|365f01000000400002a968[payload->]...@...h||26,793
2025-08-02T15:36:19.145 0100|00|00|05|fa0001|365f019f28[payload->].(||10,399
2025-08-02T15:36:19.246 0100|01|00|0b|f301fe|365f01000000000000a968[payload->].......h||26,793
2025-08-02T15:51:19.228 0100|00|00|05|fa0001|365f019f28[payload->].(||10,399
2025-08-02T15:51:19.329 0100|01|00|0b|f301fe|365f01000000000000a968[payload->].......h||26,793
2025-08-02T16:06:19.141 0100|00|00|05|fa0001|365f019f28[payload->].(||10,399
2025-08-02T16:06:19.243 0100|01|00|0b|f301fe|365f01080800000000a968[payload->].......h||26,793
2025-08-02T16:21:19.678 0100|00|00|05|fa0001|365f019f28[payload->].(||10,399
2025-08-02T16:21:19.779 0100|01|00|0b|f301fe|365f01000000000000a968[payload->].......h||26,793
2025-08-02T16:31:30.596 0100|01|00|0b|f301fe|365f01000000000000a968[payload->].......h||26,793
2025-08-02T16:36:19.175 0100|00|00|05|fa0001|365f019f28[payload->].(||10,399
2025-08-02T16:36:19.377 0100|01|00|0b|f301fe|365f01000000000000e968[payload->].......h||26,857
2025-08-02T16:51:19.187 0100|00|00|05|fa0001|365f019f28[payload->].(||10,399
2025-08-02T16:51:19.187 0100|01|00|0b|f301fe|365f01000000000000a968[payload->].......h||26,793
2025-08-02T17:06:19.130 0100|00|00|05|fa0001|365f019f28[payload->].(||10,399
2025-08-02T17:06:19.232 0100|01|00|0b|f301fe|365f01000000000008a968[payload->].......h||26,793
2025-08-02T17:21:19.116 0100|00|00|05|fa0001|365f019f28[payload->].(||10,399
2025-08-02T17:21:19.217 0100|01|00|0b|f301fe|365f01000000000000a968[payload->].......h||26,793
2025-08-02T17:36:19.120 0100|00|00|05|fa0001|365f019f28[payload->].(||10,399
2025-08-02T17:36:19.222 0100|01|00|0b|f301fe|365f01000000000000a968[payload->].......h||26,793
2025-08-02T17:51:19.182 0100|00|00|05|fa0001|365f019f28[payload->].(||10,399
2025-08-02T17:51:19.284 0100|01|00|0b|f301fe|365f01000080000000a968[payload->].......h||26,793
2025-08-02T18:06:19.315 0100|00|00|05|fa0001|365f019f28[payload->].(||10,399
2025-08-02T18:06:19.416 0100|01|00|0b|f301fe|365f01000000000000a968[payload->].......h||26,793
2025-08-02T18:21:19.248 0100|00|00|05|fa0001|365f019f28[payload->].(||10,399
2025-08-02T18:21:19.349 0100|01|00|0b|f301fe|365f01000000000000a968[payload->].......h||26,793
2025-08-02T18:36:19.230 0100|00|00|05|fa0001|365f019f28[payload->].(||10,399
2025-08-02T18:36:19.332 0100|01|00|0b|f301fe|365f01000000000000a968[payload->].......h||26,793
2025-08-02T18:51:19.208 0100|00|00|05|fa0001|365f019f28[payload->].(||10,399
2025-08-02T18:51:19.309 0100|01|00|0b|f301fe|365f01000000000000a968[payload->].......h||26,793
2025-08-02T19:06:19.191 0100|00|00|05|fa0001|365f019f28[payload->].(||10,399
2025-08-02T19:06:19.191 0100|01|00|0b|f301fe|365f01000000000000a968[payload->].......h||26,793
2025-08-02T19:21:20.712 0100|00|00|05|fa0001|365f019f28[payload->].(||10,399
2025-08-02T19:21:20.813 0100|01|00|0b|f301fe|365f01000000000000a968[payload->].......h||26,793
2025-08-02T19:36:21.266 0100|00|00|05|fa0001|365f019f28[payload->].(||10,399
2025-08-02T19:36:21.266 0100|01|00|0b|f301fe|365f01000000004040ab68[payload->]....@@.h||26,795
2025-08-02T19:51:21.624 0100|00|00|05|fa0001|365f019f28[payload->].(||10,399
2025-08-02T19:51:21.826 0100|01|00|0b|f301fe|365f01000000000000a968[payload->].......h||26,793
2025-08-02T20:06:21.148 0100|00|00|05|fa0001|365f019f28[payload->].(||10,399
2025-08-02T20:06:21.350 0100|01|00|0b|f301fe|365f01000000000000a968[payload->].......h||26,793
2025-08-02T20:21:22.207 0100|00|00|05|fa0001|365f019f28[payload->].(||10,399
2025-08-02T20:21:22.309 0100|01|00|0b|f301fe|365f01000000000000a968[payload->].......h||26,793
2025-08-02T20:36:22.160 0100|00|00|05|fa0001|365f019f28[payload->].(||10,399
2025-08-02T20:36:22.261 0100|01|00|0b|f301fe|365f01000000000000a968[payload->].......h||26,793
2025-08-02T20:51:22.215 0100|00|00|05|fa0001|365f019f28[payload->].(||10,399
2025-08-02T20:51:22.215 0100|01|00|0b|f301fe|365f01000000000000a968[payload->].......h||26,793
2025-08-02T21:06:22.250 0100|00|00|05|fa0001|365f019f28[payload->].(||10,399
2025-08-02T21:06:22.351 0100|01|00|0b|f301fe|365f01000000000000a968[payload->].......h||26,793
2025-08-02T21:21:22.131 0100|00|00|05|fa0001|365f019f28[payload->].(||10,399
2025-08-02T21:21:22.333 0100|01|00|0b|f301fe|365f01000000000000a968[payload->].......h||26,793
2025-08-02T21:36:22.208 0100|00|00|05|fa0001|365f019f28[payload->].(||10,399
2025-08-02T21:36:22.309 0100|01|00|0b|f301fe|365f01000000000000a968[payload->].......h||26,793
2025-08-02T21:51:22.351 0100|00|00|05|fa0001|365f019f28[payload->].(||10,399
2025-08-02T21:51:22.453 0100|01|00|0b|f301fe|365f01000000000000a968[payload->].......h||26,793
2025-08-02T22:06:22.123 0100|00|00|05|fa0001|365f019f28[payload->].(||10,399
2025-08-02T22:06:22.225 0100|01|00|0b|f301fe|365f01000000000000a968[payload->].......h||26,793
2025-08-02T22:21:25.060 0100|00|00|05|fa0001|365f019f28[payload->].(||10,399
2025-08-02T22:21:25.162 0100|01|00|0b|f301fe|365f01000000000000a968[payload->].......h||26,793
2025-08-02T22:31:30.871 0100|00|00|05|fa0001|365f019f28[payload->].(||10,399
2025-08-02T22:31:30.972 0100|01|00|0b|f301fe|365f01000000000000a968[payload->].......h||26,793
2025-08-02T22:36:23.497 0100|00|00|05|fa0001|365f019f28[payload->].(||10,399
2025-08-02T22:36:23.598 0100|01|00|0b|f301fe|365f01000000000000a968[payload->].......h||26,793
2025-08-02T22:51:24.641 0100|00|00|05|fa0001|365f019f28[payload->].(||10,399
2025-08-02T22:51:24.843 0100|01|00|0b|f301fe|365f01000000000000a968[payload->].......h||26,793
2025-08-02T23:06:24.699 0100|00|00|05|fa0001|365f019f28[payload->].(||10,399
2025-08-02T23:06:24.800 0100|01|00|0b|f301fe|365f01000000000000a968[payload->].......h||26,793
2025-08-02T23:21:24.777 0100|00|00|05|fa0001|365f019f28[payload->].(||10,399
2025-08-02T23:21:24.878 0100|01|00|0b|f301fe|365f01000000000000a968[payload->].......h||26,793
2025-08-02T23:36:26.316 0100|00|00|05|fa0001|365f019f28[payload->].(||10,399
2025-08-02T23:36:26.417 0100|01|00|0b|f301fe|365f01000000000000a968[payload->].......h||26,793
2025-08-02T23:51:26.350 0100|00|00|05|fa0001|365f019f28[payload->].(||10,399
2025-08-02T23:51:26.451 0100|01|00|0b|f301fe|365f01000000000000a968[payload->].......h||26,793
2025-08-03T00:06:26.710 0100|00|00|05|fa0001|365f019f28[payload->].(||10,399
2025-08-03T00:06:26.912 0100|01|00|0b|f301fe|365f01000000000000a968[payload->].......h||26,793
2025-08-03T00:21:26.302 0100|00|00|05|fa0001|365f019f28[payload->].(||10,399
2025-08-03T00:21:26.404 0100|01|00|0b|f301fe|365f01000000000000a968[payload->].......h||26,793
2025-08-03T00:36:26.309 0100|00|00|05|fa0001|365f019f28[payload->].(||10,399
2025-08-03T00:36:26.410 0100|01|00|0b|f301fe|365f01000000000000a968[payload->].......h||26,793
2025-08-03T00:51:29.121 0100|00|00|05|fa0001|365f019f28[payload->].(||10,399
2025-08-03T00:51:29.222 0100|01|00|0b|f301fe|365f01000000000000a968[payload->].......h||26,793
2025-08-03T01:06:29.030 0100|00|00|05|fa0001|365f019f28[payload->].(||10,399
2025-08-03T01:06:29.232 0100|01|00|0b|f301fe|365f01000000000000a968[payload->].......h||26,793
2025-08-03T01:21:30.608 0100|00|00|05|fa0001|365f019f28[payload->].(||10,399
2025-08-03T01:21:30.609 0100|01|00|0b|f301fe|365f01000000000000a968[payload->].......h||26,793
2025-08-03T01:36:30.582 0100|00|00|05|fa0001|365f019f28[payload->].(||10,399
2025-08-03T01:51:30.483 0100|00|00|05|fa0001|365f019f28[payload->].(||10,399
2025-08-03T02:06:30.881 0100|00|00|05|fa0001|365f019f28[payload->].(||10,399
2025-08-03T02:06:30.983 0100|01|00|0b|f301fe|365f01000000000000a968[payload->].......h||26,793
2025-08-03T02:21:30.446 0100|00|00|05|fa0001|365f019f28[payload->].(||10,399
2025-08-03T02:21:30.648 0100|01|00|0b|f305ff|365f01000000000000a968[payload->].......h||26,793
2025-08-03T02:31:31.098 0100|00|00|05|fa0001|365f019f28[payload->].(||10,399
2025-08-03T02:31:31.098 0100|01|00|0b|f301fe|365f01000000fa0001505a[payload->]......PZ||23,120
2025-08-03T02:36:31.935 0100|00|00|05|fa0001|365f019f28[payload->].(||10,399
2025-08-03T02:36:32.036 0100|01|00|0b|f301fe|365f01000000000000a968[payload->].......h||26,793
2025-08-03T02:51:31.171 0100|00|00|05|fa0001|365f019f28[payload->].(||10,399
2025-08-03T02:51:31.172 0100|01|00|0b|f301be|365f01000000000000a968[payload->].......h||26,793
2025-08-03T03:06:31.160 0100|00|00|05|fa0001|365f019f28[payload->].(||10,399
2025-08-03T03:06:31.261 0100|01|00|0b|f301fe|365f01000000000000a968[payload->].......h||26,793
2025-08-03T03:21:32.409 0100|00|00|05|fa0001|365f019f28[payload->].(||10,399
2025-08-03T03:21:32.410 0100|01|00|0b|f301fe|365f01000000000000a968[payload->].......h||26,793
2025-08-03T03:31:31.075 0100|00|00|05|fa0001|365f019f28[payload->].(||10,399
2025-08-03T03:31:31.176 0100|01|00|0b|f301fe|365f01000000000000a968[payload->].......h||26,793
2025-08-03T03:36:31.117 0100|00|00|05|fa0001|365f019f28[payload->].(||10,399
2025-08-03T03:51:31.159 0100|00|00|05|fa0001|365f019f28[payload->].(||10,399
2025-08-03T03:51:31.260 0100|01|00|0f|f301fe|365f01000000000000a96801000000[payload->].......h....||0,000
2025-08-03T04:06:31.307 0100|00|00|05|fa0001|365f019f28[payload->].(||10,399
2025-08-03T04:06:31.408 0100|01|00|0b|f301fe|365f01000000000000a968[payload->].......h||26,793
2025-08-03T04:21:31.503 0100|00|00|05|fa0001|365f019f28[payload->].(||10,399
2025-08-03T04:21:31.705 0100|01|00|0b|f301fe|365f01000000000000a968[payload->].......h||26,793
2025-08-03T04:31:31.526 0100|00|00|05|fa0001|365f019f28[payload->].(||10,399
2025-08-03T04:36:31.082 0100|00|00|05|fa0001|365f019f28[payload->].(||10,399
2025-08-03T04:51:31.207 0100|00|00|05|fa0001|365f019f28[payload->].(||10,399
2025-08-03T04:51:31.309 0100|01|00|0b|f301fe|365f01000000000000a968[payload->].......h||26,793
2025-08-03T05:21:31.219 0100|00|00|05|fa0001|365f019f28[payload->].(||10,399
2025-08-03T05:21:31.320 0100|01|00|0b|f301fe|365f01000000000000a968[payload->].......h||26,793
2025-08-03T05:36:31.213 0100|00|00|05|fa0001|365f019f28[payload->].(||10,399
2025-08-03T05:36:31.315 0100|01|00|0b|f301fe|365f01000000000000a968[payload->].......h||26,793
2025-08-03T05:51:31.148 0100|00|00|05|fa0001|365f019f28[payload->].(||10,399
2025-08-03T05:51:31.250 0100|09|00|0b|f301fe|365f01000000000000a968[payload->].......h||26,793
2025-08-03T06:06:31.113 0100|00|00|05|fa0001|365f019f28[payload->].(||10,399
2025-08-03T06:06:31.215 0100|01|00|0b|f301fe|365f01000000000000a968[payload->].......h||26,793
2025-08-03T06:21:31.134 0100|00|00|05|fa0001|365f019f28[payload->].(||10,399
2025-08-03T06:36:31.128 0100|00|00|05|fa0001|365f019f28[payload->].(||10,399
2025-08-03T06:36:31.229 0100|01|00|0b|f301fe|365f01000000000000a968[payload->].......h||26,793
2025-08-03T06:51:32.691 0100|00|00|05|fa0001|365f019f28[payload->].(||10,399
2025-08-03T06:51:32.691 0100|01|00|0b|f301fe|365f01000000000000a968[payload->].......h||26,793
2025-08-03T07:06:31.309 0100|00|00|05|fa0001|365f019f28[payload->].(||10,399
2025-08-03T07:21:31.157 0100|00|00|05|fa0001|365f019f28[payload->].(||10,399
2025-08-03T07:31:31.793 0100|00|00|05|fa0001|365f019f28[payload->].(||10,399
2025-08-03T07:31:31.794 0100|01|00|0b|f301fe|365f01000000000000a968[payload->].......h||26,793
2025-08-03T07:36:32.123 0100|00|00|05|fa0001|365f019f28[payload->].(||10,399
2025-08-03T07:36:32.224 0100|01|00|0b|f301fe|365f01000000000000a968[payload->].......h||26,793
2025-08-03T07:51:32.114 0100|00|00|05|fa0001|365f019f28[payload->].(||10,399
2025-08-03T08:06:32.156 0100|00|00|05|fa0001|365f019f28[payload->].(||10,399
2025-08-03T08:06:32.258 0100|01|00|0b|f301fe|365f01000000000000a968[payload->].......h||26,793
2025-08-03T08:21:32.097 0100|00|00|05|fa0001|365f019f28[payload->].(||10,399
2025-08-03T08:36:32.364 0100|00|00|05|fa0001|365f019f28[payload->].(||10,399
2025-08-03T08:36:32.465 0100|01|00|0b|f301fe|365f01000000000000a968[payload->].......h||26,793
2025-08-03T08:51:33.290 0100|00|00|05|fa0001|365f019f28[payload->].(||10,399
2025-08-03T08:51:33.391 0100|01|00|0b|f301fe|365f01000000000000a968[payload->].......h||26,793
2025-08-03T09:06:33.344 0100|00|00|05|fa0001|365f019f28[payload->].(||10,399
2025-08-03T09:06:33.545 0100|01|00|0b|f301fe|365f01000000000000a968[payload->].......h||26,793
2025-08-03T09:21:33.982 0100|00|00|05|fa0001|365f019f28[payload->].(||10,399
2025-08-03T09:21:34.083 0100|01|00|0b|f301fe|365f01000000000000a968[payload->].......h||26,793
2025-08-03T09:31:31.411 0100|00|00|05|fa0001|365f019f28[payload->].(||10,399
2025-08-03T09:31:31.512 0100|01|00|0b|f301fe|365f01000000000000a968[payload->].......h||26,793
2025-08-03T09:36:34.048 0100|00|00|05|fa0001|365f019f28[payload->].(||10,399
2025-08-03T09:36:34.149 0100|01|00|0b|f301fe|365f01000000000000a968[payload->].......h||26,793
2025-08-03T09:51:34.986 0100|00|00|05|fa0001|365f019f28[payload->].(||10,399
2025-08-03T09:51:34.986 0100|01|00|0b|f301fe|365f010000000000002968[payload->]......)h||26,665
2025-08-03T10:06:33.969 0100|00|00|05|fa0001|365f019f28[payload->].(||10,399
2025-08-03T10:06:34.071 0100|01|00|0b|f301fe|365f01000000000000a968[payload->].......h||26,793
2025-08-03T10:21:33.949 0100|00|00|05|fa0001|365f019f28[payload->].(||10,399
2025-08-03T10:21:34.050 0100|01|00|0b|f301fe|365f01000000000000a968[payload->].......h||26,793
2025-08-03T10:36:33.917 0100|00|00|05|fa0001|365f019f28[payload->].(||10,399
2025-08-03T10:36:34.018 0100|01|00|0b|f301fe|365f01000000000000a968[payload->].......h||26,793
2025-08-03T10:51:33.998 0100|00|00|05|fa0001|365f019f28[payload->].(||10,399
2025-08-03T10:51:34.100 0100|01|00|0b|f301fe|365f01000000000000a968[payload->].......h||26,793
2025-08-03T11:06:34.598 0100|00|00|05|fa0001|365f019f28[payload->].(||10,399
2025-08-03T11:06:34.699 0100|01|00|0b|f301fe|365f01000000000000a968[payload->].......h||26,793
2025-08-03T11:21:33.953 0100|00|00|05|fa0001|365f019f28[payload->].(||10,399
2025-08-03T11:21:34.054 0100|01|00|0b|f301fe|365f01000000000000a968[payload->].......h||26,793
2025-08-03T11:31:30.209 0100|00|00|05|fa0001|365f019f28[payload->].(||10,399
2025-08-03T11:31:30.310 0100|01|00|0b|f301fe|365f01000000000000a968[payload->].......h||26,793
2025-08-03T11:36:33.949 0100|00|00|05|fa0001|365f019f28[payload->].(||10,399
2025-08-03T11:36:34.051 0100|01|00|0b|f301fe|365f01000000000000a968[payload->].......h||26,793
2025-08-03T11:51:35.160 0100|00|00|05|fa0001|365f019f28[payload->].(||10,399
2025-08-03T11:51:35.261 0100|01|00|0b|f301fe|365f01000000000000a968[payload->].......h||26,793
2025-08-03T12:06:35.110 0100|00|00|05|fa0001|365f019f28[payload->].(||10,399
2025-08-03T12:06:35.211 0100|01|00|0b|f301fe|365f01000000000000a968[payload->].......h||26,793
2025-08-03T12:21:35.222 0100|01|00|0b|f301fe|365f01000000000000a968[payload->].......h||26,793
2025-08-03T12:36:35.151 0100|00|00|05|fa0001|365f019f28[payload->].(||10,399
2025-08-03T12:36:35.252 0100|01|00|0b|f301fe|365f01000000000000a968[payload->].......h||26,793
2025-08-03T12:51:36.356 0100|00|00|05|fa0001|365f019f28[payload->].(||10,399
2025-08-03T12:51:36.458 0100|01|00|0b|f301fe|365f01000000000000a968[payload->].......h||26,793
2025-08-03T13:06:35.290 0100|00|00|05|fa0001|365f019f28[payload->].(||10,399
2025-08-03T13:06:35.492 0100|01|00|0b|f301fe|365f01000000000000a968[payload->].......h||26,793
2025-08-03T13:21:35.186 0100|00|00|05|fa0001|365f019f28[payload->].(||10,399
2025-08-03T13:21:35.287 0100|01|00|0b|f301fe|365f01000000000000a968[payload->].......h||26,793
2025-08-03T13:36:35.126 0100|00|00|05|fa0001|365f019f28[payload->].(||10,399
2025-08-03T13:36:35.227 0100|01|00|0b|fb01fe|365f01000000000000a968[payload->].......h||26,793
2025-08-03T13:51:35.152 0100|00|00|05|fa0001|365f019f28[payload->].(||10,399
2025-08-03T13:51:35.252 0100|01|00|0b|f301fe|365f01000000000000a968[payload->].......h||26,793
2025-08-03T14:06:35.300 0100|00|00|05|fa0001|365f019f28[payload->].(||10,399
2025-08-03T14:06:35.301 0100|01|00|0b|f301fe|365f01000000000000a968[payload->].......h||26,793
2025-08-03T14:21:35.405 0100|00|00|05|fa0001|365f019f28[payload->].(||10,399
2025-08-03T14:21:35.506 0100|01|00|0b|f301fe|365f01000000000000a968[payload->].......h||26,793
2025-08-03T14:31:30.958 0100|00|00|05|fa0001|365f019f28[payload->].(||10,399
2025-08-03T14:31:31.059 0100|01|00|0b|f301fe|365f01000000000000a968[payload->].......h||26,793
2025-08-03T14:36:35.218 0100|00|00|05|fa0001|365f019f28[payload->].(||10,399
2025-08-03T14:36:35.319 0100|01|00|0b|f301fe|365f01000000000000a968[payload->].......h||26,793
2025-08-03T14:51:35.270 0100|01|00|0b|f301fe|365f01000000000000a968[payload->].......h||26,793
2025-08-03T15:06:35.167 0100|00|00|05|fa0001|365f019f28[payload->].(||10,399
2025-08-03T15:06:35.268 0100|01|00|0b|f301fe|365f01000000000000a968[payload->].......h||26,793
2025-08-03T15:21:35.118 0100|00|00|05|fa0001|365f019f28[payload->].(||10,399
2025-08-03T15:21:35.219 0100|01|00|0b|f301fe|365f01000000000000a968[payload->].......h||26,793
2025-08-03T15:36:35.273 0100|00|00|05|fa0001|365f019f28[payload->].(||10,399
2025-08-03T15:51:35.187 0100|00|00|05|fa0001|365f019f28[payload->].(||10,399
2025-08-03T15:51:35.289 0100|01|00|0b|f301fe|365f01000000000000a968[payload->].......h||26,793
2025-08-03T16:06:35.176 0100|00|00|05|fa0001|365f019f28[payload->].(||10,399
2025-08-03T16:21:35.156 0100|00|00|05|fa0001|365f019f28[payload->].(||10,399
2025-08-03T16:21:35.257 0100|01|00|0b|f301fe|365f01000000000000a968[payload->].......h||26,793
2025-08-03T16:31:31.114 0100|00|00|05|fa0001|365f019f28[payload->].(||10,399
2025-08-03T16:31:31.215 0100|01|00|0b|f301fe|365f0100000005fa000150[payload->].......P||20,481
2025-08-03T16:36:37.122 0100|00|00|05|fa0001|365f019f28[payload->].(||10,399
2025-08-03T16:36:37.224 0100|01|00|0b|f301fe|365f01000000000000a968[payload->].......h||26,793
2025-08-03T16:51:37.020 0100|00|00|05|fa0001|365f019f28[payload->].(||10,399
2025-08-03T16:51:37.121 0100|01|00|0b|f301fe|365f01000000000000a968[payload->].......h||26,793
2025-08-03T17:06:38.556 0100|00|00|05|fa0001|365f019f28[payload->].(||10,399
2025-08-03T17:06:38.657 0100|01|00|0b|f301fe|365f01000000000000a968[payload->].......h||26,793
2025-08-03T17:21:37.176 0100|00|00|05|fa0001|365f019f28[payload->].(||10,399
2025-08-03T17:21:37.277 0100|01|00|0b|f301fe|365f01000000000000a968[payload->].......h||26,793
2025-08-03T17:31:31.061 0100|00|00|05|fa0001|365f019f28[payload->].(||10,399
2025-08-03T17:31:31.162 0100|01|00|0b|f301fe|365f01000000000000a968[payload->].......h||26,793
2025-08-03T17:36:37.007 0100|00|00|05|fa0001|365f019f28[payload->].(||10,399
2025-08-03T17:36:37.108 0100|01|00|0b|f301fe|365f01000000000000a968[payload->].......h||26,793
2025-08-03T17:51:38.104 0100|00|00|05|fa0001|365f019f28[payload->].(||10,399
2025-08-03T17:51:38.205 0100|01|00|0b|f301fe|365f01000000000000a968[payload->].......h||26,793
2025-08-03T18:06:38.102 0100|00|00|05|fa0001|365f019f28[payload->].(||10,399
2025-08-03T18:06:38.203 0100|01|00|0b|f301fe|365f01000000000000a968[payload->].......h||26,793
