2025-07-30T20:34:36.850 0100|00|00|05|fa0001|3650016f2d[payload->]o-||11,631
2025-07-30T20:34:36.952 0100|01|00|18|e601fe|365001020010240000840000000000000000000000001faa[payload->]...$.................||43,551
2025-07-30T21:04:36.799 0100|00|00|05|fa0001|3650016f2d[payload->]o-||11,631
2025-07-30T21:04:37.000 0100|01|00|18|e601fe|365001020010240000840000000000000000000000001faa[payload->]...$.................||43,551
2025-07-30T21:34:37.504 0100|00|00|05|fa0001|3650016f2d[payload->]o-||11,631
2025-07-30T21:34:37.706 0100|01|00|18|e601fe|365001020010240000840000000000000000000000001faa[payload->]...$.................||43,551
2025-07-30T22:04:36.826 0100|00|00|05|fa0001|3650016f2d[payload->]o-||11,631
2025-07-30T22:04:36.927 0100|01|00|18|e601fe|365001020010240000840000000000000000000000001faa[payload->]...$.................||43,551
2025-07-30T22:34:36.508 0100|00|00|05|fa0001|3650016f2d[payload->]o-||11,631
2025-07-30T22:34:36.609 0100|01|00|18|e601fe|365001020010240000840000000000000000000000001faa[payload->]...$.................||43,551
2025-07-30T23:04:36.904 0100|00|00|05|fa0001|3650016f2d[payload->]o-||11,631
2025-07-30T23:04:37.106 0100|01|00|18|e601fe|365001020010240000840000000000000000000000001faa[payload->]...$.................||43,551
2025-07-30T23:34:36.683 0100|00|00|05|fa0001|3650016f2d[payload->]o-||11,631
2025-07-30T23:34:36.885 0100|01|00|18|e601fe|365001020010240000840000000000000000000000001faa[payload->]...$.................||43,551
2025-07-31T00:04:36.680 0100|00|00|05|fa0001|3650016f2d[payload->]o-||11,631
2025-07-31T00:04:36.882 0100|01|00|18|e601fe|365001020010240000840000000000000000000000001faa[payload->]...$.................||43,551
2025-07-31T00:34:36.592 0100|00|00|05|fa0001|3650016f2d[payload->]o-||11,631
2025-07-31T00:34:36.794 0100|01|00|18|e601fe|365001020010240000840000000000000000000000001faa[payload->]...$.................||43,551
2025-07-31T01:04:36.631 0100|00|00|05|fa0001|3650016f2d[payload->]o-||11,631
2025-07-31T01:04:36.833 0100|01|00|18|e601fe|365001020010240000840000000000000000000000001faa[payload->]...$.................||43,551
2025-07-31T01:34:36.583 0100|00|00|05|fa0001|3650016f2d[payload->]o-||11,631
2025-07-31T01:34:36.785 0100|01|00|18|e601fe|365001020010240000840000000000000000000000001faa[payload->]...$.................||43,551
2025-07-31T02:04:36.580 0100|00|00|05|fa0001|3650016f2d[payload->]o-||11,631
2025-07-31T02:04:36.782 0100|01|00|18|e601fe|365001020010240000840000000000000000000000001faa[payload->]...$.................||43,551
2025-07-31T02:34:37.923 0100|00|00|05|fa0001|3650016f2d[payload->]o-||11,631
2025-07-31T02:34:38.124 0100|01|00|18|e601fe|365001020010240000840000000000000000000000001faa[payload->]...$.................||43,551
2025-07-31T03:04:37.935 0100|00|00|05|fa0001|3650016f2d[payload->]o-||11,631
2025-07-31T03:04:38.036 0100|01|00|18|e601fe|365001020010240000840000000000000000000000001faa[payload->]...$.................||43,551
2025-07-31T03:31:26.260 0100|00|00|05|fa0001|3650016f2d[payload->]o-||11,631
2025-07-31T03:34:37.922 0100|00|00|05|fa0001|3650016f2d[payload->]o-||11,631
2025-07-31T03:34:38.124 0100|01|00|18|e601fe|365001020010240000840000000000000000000000001faa[payload->]...$.................||43,551
2025-07-31T04:04:38.086 0100|00|00|05|fa0001|3650016f2d[payload->]o-||11,631
2025-07-31T04:04:38.288 0100|01|00|18|e601fe|365001020010240000840000000000000000000000001faa[payload->]...$.................||43,551
2025-07-31T04:34:37.996 0100|00|00|05|fa0001|3650016f2d[payload->]o-||11,631
2025-07-31T04:34:38.097 0100|01|00|18|e601fe|365001020010240000840000000000000000000000001faa[payload->]...$.................||43,551
2025-07-31T04:44:31.980 0100|01|00|07|f701fe|365001ac0d4338[payload->]..C8||14,403
2025-07-31T05:04:40.026 0100|00|00|05|fa0001|3650016f2d[payload->]o-||11,631
2025-07-31T05:34:40.033 0100|00|00|05|fa0001|3650016f2d[payload->]o-||11,631
2025-07-31T05:34:40.235 0100|01|00|18|e601fe|365001020010240000840000000000000000000000001faa[payload->]...$.................||43,551
2025-07-31T06:04:40.159 0100|00|00|05|fa0001|3650016f2d[payload->]o-||11,631
2025-07-31T06:04:40.361 0100|01|00|18|e601fe|365001020010240000840000000000000000000000001faa[payload->]...$.................||43,551
2025-07-31T06:31:25.697 0100|00|00|05|fa0001|3650016f2d[payload->]o-||11,631
2025-07-31T06:31:25.899 0100|01|00|18|e601fe|365001020010240000840000000000000000000000001faa[payload->]...$.................||43,551
2025-07-31T06:34:41.710 0100|00|00|05|fa0001|3650016f2d[payload->]o-||11,631
2025-07-31T06:34:41.811 0100|01|00|18|e601fe|365001020010240000840000000000000000000000001faa[payload->]...$.................||43,551
2025-07-31T07:04:41.787 0100|00|00|05|fa0001|3650016f2d[payload->]o-||11,631
2025-07-31T07:04:41.893 0100|01|00|18|e601fe|365001020010240000840000000000000000000000001faa[payload->]...$.................||43,551
2025-07-31T07:34:41.763 0100|00|00|05|fa0001|3650016f2d[payload->]o-||11,631
2025-07-31T07:34:41.865 0100|01|00|18|e601fe|365001020010240000840000000000000000000000001faa[payload->]...$.................||43,551
2025-07-31T08:04:42.573 0100|00|00|05|fa0001|3650016f2d[payload->]o-||11,631
2025-07-31T08:04:42.674 0100|01|00|18|e601fe|365001020010240000840000000000000000000000001faa[payload->]...$.................||43,551
2025-07-31T08:34:41.758 0100|00|00|05|fa0001|3650016f2d[payload->]o-||11,631
2025-07-31T08:34:41.859 0100|01|00|18|e601fe|365001020010240000840000000000000000000000001faa[payload->]...$.................||43,551
2025-07-31T08:45:04.963 0100|01|00|07|f701fe|365001ac0d4338[payload->]..C8||14,403
2025-07-31T09:04:41.776 0100|00|00|05|fa0001|3650016f2d[payload->]o-||11,631
2025-07-31T09:04:41.978 0100|01|00|18|e601fe|365001020010240000840000000000000000000000001faa[payload->]...$.................||43,551
2025-07-31T09:34:41.752 0100|00|00|05|fa0001|3650016f2d[payload->]o-||11,631
2025-07-31T09:34:41.853 0100|01|00|18|e601fe|365001020010240000840000000000000000000000001faa[payload->]...$.................||43,551
2025-07-31T10:04:42.473 0100|00|00|05|fa0001|3650016f2d[payload->]o-||11,631
2025-07-31T10:04:42.575 0100|01|00|18|e601fe|365001020010240000840000000000000000000000001faa[payload->]...$.................||43,551
2025-07-31T10:34:44.283 0100|00|00|05|fa0001|3650016f2d[payload->]o-||11,631
2025-07-31T10:34:44.384 0100|01|00|18|e601fe|365001020010240000840000000000000000000000001faa[payload->]...$.................||43,551
2025-07-31T11:04:44.455 0100|00|00|05|fa0001|3650016f2d[payload->]o-||11,631
2025-07-31T11:04:44.556 0100|01|00|18|e601fe|365001020010240000840000000000000000000000001faa[payload->]...$.................||43,551
2025-07-31T11:34:44.442 0100|00|00|05|fa0001|3650016f2d[payload->]o-||11,631
2025-07-31T11:34:44.644 0100|01|00|18|e601fe|365001020010240000840000000000000000000000001faa[payload->]...$.................||43,551
2025-07-31T12:04:45.126 0100|00|00|05|fa0001|3650016f2d[payload->]o-||11,631
2025-07-31T12:04:45.429 0100|01|00|18|e601fe|365001020010240000840000000000000000000000001faa[payload->]...$.................||43,551
2025-07-31T12:34:45.272 0100|00|00|05|fa0001|3650016f2d[payload->]o-||11,631
2025-07-31T12:34:45.373 0100|01|00|18|e601fe|365001020010240000840000000000000000000000001faa[payload->]...$.................||43,551
2025-07-31T13:04:45.727 0100|00|00|05|fa0001|3650016f2d[payload->]o-||11,631
2025-07-31T13:04:45.828 0100|01|00|18|e601fe|365001020010240000840000000000000000000000001faa[payload->]...$.................||43,551
2025-07-31T13:34:45.590 0100|00|00|05|fa0001|3650016f2d[payload->]o-||11,631
2025-07-31T14:31:27.362 0100|00|00|05|fa0001|3650016f2d[payload->]o-||11,631
2025-07-31T14:34:46.572 0100|00|00|05|fa0001|3650016f2d[payload->]o-||11,631
2025-07-31T14:34:46.974 0100|01|00|18|e601fe|365001020010240000840000000000000000000000001faa[payload->]...$.................||43,551
2025-07-31T15:04:47.643 0100|00|00|05|fa0001|3650016f2d[payload->]o-||11,631
2025-07-31T15:04:47.845 0100|01|00|18|e601fe|365001020010240000840000000000000000000000001fa2[payload->]...$.................||41,503
2025-07-31T15:34:49.565 0100|00|00|05|fa0001|3650016f2d[payload->]o-||11,631
2025-07-31T15:34:49.666 0100|01|00|18|e601fe|365001020010240000840000000000000000000000001faa[payload->]...$.................||43,551
2025-07-31T15:45:42.100 0100|00|00|05|fa0001|365001af2f[payload->]./||12,207
2025-07-31T16:04:49.733 0100|00|00|05|fa0001|3650016f2d[payload->]o-||11,631
2025-07-31T16:04:49.834 0100|01|00|18|e601fe|365001020010240000840000000000000000000000001faa[payload->]...$.................||43,551
2025-07-31T16:34:49.820 0100|00|00|05|fa0001|3650016f2d[payload->]o-||11,631
2025-07-31T16:34:50.022 0100|01|00|18|ee01fe|365001020010240000840000000000000000000000001faa[payload->]...$.................||43,551
2025-07-31T17:04:50.330 0100|00|00|05|fa0001|3650016f2d[payload->]o-||11,631
2025-07-31T17:04:50.431 0100|01|00|18|e601fe|365001020010240000840000000000000000000000001faa[payload->]...$.................||43,551
2025-07-31T17:31:26.080 0100|00|00|05|fa0001|3650016f2d[payload->]o-||11,631
2025-07-31T17:31:26.181 0100|01|00|18|e601fe|365001020010240000840000000000000000000000001faa[payload->]...$.................||43,551
2025-07-31T17:34:50.414 0100|00|00|05|fa0001|3650016f2d[payload->]o-||11,631
2025-07-31T17:34:50.515 0100|01|00|18|e601fe|365001020010240000840000000000000000000000001faa[payload->]...$.................||43,551
2025-07-31T18:04:50.274 0100|00|00|05|fa0001|3650016f2d[payload->]o-||11,631
2025-07-31T18:04:50.375 0100|01|00|18|e601fe|365001020010240000840000000000000000000000001faa[payload->]...$.................||43,551
2025-07-31T18:34:51.406 0100|01|00|18|e601fe|365001020010240000840000000000000000000000001faa[payload->]...$.................||43,551
2025-07-31T19:04:52.282 0100|00|00|05|fa0001|3650016f2d[payload->]o-||11,631
2025-07-31T19:04:52.383 0100|01|00|18|e601fe|365001020010240000840000000000000000000000001faa[payload->]...$.................||43,551
2025-07-31T19:34:52.246 0100|00|00|05|fa0001|3650016f2d[payload->]o-||11,631
2025-07-31T19:34:52.448 0100|01|00|18|e601fe|365001020010240000840000000000000000000000001faa[payload->]...$.................||43,551
2025-07-31T20:04:52.177 0100|00|00|05|fa0001|3650016f2d[payload->]o-||11,631
2025-07-31T20:04:52.378 0100|01|00|18|e601fe|365001020010240000840000000000000000000000001faa[payload->]...$.................||43,551
2025-07-31T20:31:26.021 0100|00|00|05|fa0001|3650016f2d[payload->]o-||11,631
2025-07-31T20:31:26.122 0100|01|00|18|e601fe|365001020010240000840000000000000000000000001faa[payload->]...$.................||43,551
2025-07-31T20:34:52.215 0100|00|00|05|fa0001|3650016f2d[payload->]o-||11,631
2025-07-31T20:34:52.416 0100|01|00|18|e601fe|365001020010240000840000000000000000000000001faa[payload->]...$.................||43,551
2025-07-31T21:04:52.219 0100|00|00|05|fa0001|3650016f2d[payload->]o-||11,631
2025-07-31T21:04:52.320 0100|01|00|18|e601fe|365001020010240000840000000000000000000000001faa[payload->]...$.................||43,551
2025-07-31T21:34:53.227 0100|00|00|05|fa0001|3650016f2d[payload->]o-||11,631
2025-07-31T21:34:53.429 0100|01|00|18|e601fe|365001020010240000840000000000000000000000001faa[payload->]...$.................||43,551
2025-07-31T22:04:53.175 0100|00|00|05|fa0001|3650016f2d[payload->]o-||11,631
2025-07-31T22:04:53.376 0100|01|00|18|e601fe|365001020010240000840000000000000000000000001faa[payload->]...$.................||43,551
2025-07-31T22:34:53.165 0100|00|00|05|fa0001|3650016f2d[payload->]o-||11,631
2025-07-31T22:34:53.366 0100|01|00|18|e601fe|365001020010240000840000000000000000000000001faa[payload->]...$.................||43,551
2025-07-31T23:04:56.357 0100|00|00|05|fa0001|3650016f2d[payload->]o-||11,631
2025-07-31T23:04:56.659 0100|01|00|18|e601fe|365001020010240000840000000000000000000000001faa[payload->]...$.................||43,551
2025-07-31T23:34:56.666 0100|00|00|05|fa0001|3650016f2d[payload->]o-||11,631
2025-07-31T23:34:56.767 0100|01|00|18|e601fe|365001020010240000840000000000000000000000001faa[payload->]...$.................||43,551
2025-08-01T00:04:56.126 0100|00|00|05|fa0001|3650016f2d[payload->]o-||11,631
2025-08-01T00:04:56.328 0100|01|00|18|e601fe|365001020010240000840000000000000000000000001faa[payload->]...$.................||43,551
2025-08-01T00:31:25.864 0100|00|00|05|fa0001|3650016f2d[payload->]o-||11,631
2025-08-01T00:31:26.066 0100|01|00|18|e601fe|365001020010240000840000000000000000000000001faa[payload->]...$.................||43,551
2025-08-01T00:34:56.143 0100|00|00|05|fa0001|3650016f2d[payload->]o-||11,631
2025-08-01T00:34:56.345 0100|01|00|18|e601fe|365001020010240000840000000000000000000000001faa[payload->]...$.................||43,551
2025-08-01T01:04:56.113 0100|00|00|05|fa0001|3650016f2d[payload->]o-||11,631
2025-08-01T01:04:56.316 0100|01|00|18|e601fe|365001020010240000840000000000000000000000001faa[payload->]...$.................||43,551
2025-08-01T01:31:27.303 0100|00|00|05|fa0001|3650016f2d[payload->]o-||11,631
2025-08-01T01:34:56.162 0100|00|00|05|fa0001|3650016f2d[payload->]o-||11,631
2025-08-01T01:34:56.263 0100|01|00|18|e601fe|365001020010240000840000000000000000000000001faa[payload->]...$.................||43,551
2025-08-01T02:04:57.324 0100|00|00|05|fa0001|3650016f2d[payload->]o-||11,631
2025-08-01T02:04:57.425 0100|01|00|18|e601fe|365001020010240000840000000000000000000000001faa[payload->]...$.................||43,551
2025-08-01T02:31:26.098 0100|00|00|05|fa0001|3650016f2d[payload->]o-||11,631
2025-08-01T02:31:26.299 0100|01|00|18|e601fe|365001020010240000840000000000000000000000001faa[payload->]...$.................||43,551
2025-08-01T02:34:57.362 0100|00|00|05|fa0001|3650016f2d[payload->]o-||11,631
2025-08-01T02:34:57.463 0100|01|00|18|e601fe|365001020010240000840000000000000000000000001faa[payload->]...$.................||43,551
2025-08-01T03:04:57.344 0100|00|00|05|fa0001|3650016f2d[payload->]o-||11,631
2025-08-01T03:04:57.445 0100|01|00|18|e601fe|365001020010240000840000000000000000000000001faa[payload->]...$.................||43,551
2025-08-01T03:31:25.854 0100|00|00|05|fa0001|3650016f2d[payload->]o-||11,631
2025-08-01T03:31:25.956 0100|01|00|18|e601fe|365001020010240000840000000000000000000000001faa[payload->]...$.................||43,551
2025-08-01T03:34:58.340 0100|00|00|05|fa0001|3650016f2d[payload->]o-||11,631
2025-08-01T03:34:58.441 0100|01|00|18|e601fe|365001020010240000840000000000000000000000001faa[payload->]...$.................||43,551
2025-08-01T04:34:59.569 0100|00|00|05|fa0001|3650016f2d[payload->]o-||11,631
2025-08-01T04:34:59.770 0100|01|00|18|e601fe|365001020010240000840000000000000000000000021faa[payload->]...$.................||43,551
2025-08-01T05:04:59.665 0100|00|00|05|fa0001|3650016f2d[payload->]o-||11,631
2025-08-01T05:04:59.766 0100|01|00|18|e601fe|365001020010240000840000000000000000000000001faa[payload->]...$.................||43,551
2025-08-01T05:31:27.404 0100|01|00|18|e601fe|365001020010240000840000000000000000000000001faa[payload->]...$.................||43,551
2025-08-01T05:35:00.252 0100|00|00|05|fa0001|3650016f2d[payload->]o-||11,631
2025-08-01T05:35:00.354 0100|01|00|18|e601fe|365001020010240000840000000000000000000000001faa[payload->]...$.................||43,551
2025-08-01T06:04:59.508 0100|00|00|05|fa0001|3650016f2d[payload->]o-||11,631
2025-08-01T06:04:59.710 0100|01|00|18|e601fe|365001020010240000840000000000000000000000001faa[payload->]...$.................||43,551
2025-08-01T06:34:59.639 0100|00|00|05|fa0001|3650016f2d[payload->]o-||11,631
2025-08-01T06:34:59.841 0100|01|00|18|e601fe|365001020010240000840000000000000000000000001faa[payload->]...$.................||43,551
2025-08-01T07:04:59.654 0100|00|00|05|fa0001|3650016f2d[payload->]o-||11,631
2025-08-01T07:04:59.755 0100|01|00|18|e601fe|365001020010240000840000000000000000000000801faa[payload->]...$.................||43,551
2025-08-01T07:31:25.849 0100|00|00|05|fa0001|3650016f2d[payload->]o-||11,631
2025-08-01T07:31:25.951 0100|01|00|18|e601fe|365001020010240000840000000000000000000000001faa[payload->]...$.................||43,551
2025-08-01T07:35:01.212 0100|00|00|05|fa0001|3650016f2d[payload->]o-||11,631
2025-08-01T07:35:01.313 0100|01|00|18|e601fe|365001020010240000840000000000000000000000001f8a[payload->]...$.................||35,359
2025-08-01T08:05:01.208 0100|00|00|05|fa0001|3650016f2d[payload->]o-||11,631
2025-08-01T08:05:01.309 0100|01|00|18|e601fe|365001020010240000840000000000000000000000001faa[payload->]...$.................||43,551
2025-08-01T08:35:01.195 0100|00|00|05|fa0001|3650016f2d[payload->]o-||11,631
2025-08-01T08:35:01.297 0100|01|00|18|e601fe|365001020010240000840000000000000000000000001faa[payload->]...$.................||43,551
2025-08-01T09:05:01.148 0100|00|00|05|fa0001|3650016f2d[payload->]o-||11,631
2025-08-01T09:05:01.350 0100|01|00|18|e601fe|365001020010240000840000000000000000000000001faa[payload->]...$.................||43,551
2025-08-01T09:31:26.047 0100|01|00|18|e601fe|365001020010200000840000000000000000000000001faa[payload->]... .................||43,551
2025-08-01T09:35:01.205 0100|00|00|05|fa0001|3650016f2d[payload->]o-||11,631
2025-08-01T09:35:01.306 0100|01|00|18|e601fe|365001020010240000840000000000000000000000001faa[payload->]...$.................||43,551
2025-08-01T10:05:01.206 0100|00|00|05|fa0001|3650016f2d[payload->]o-||11,631
2025-08-01T10:05:01.408 0100|01|00|18|e601fe|365001020010240000840000000000000000000000001faa[payload->]...$.................||43,551
2025-08-01T10:35:01.133 0100|00|00|05|fa0001|3650016f2d[payload->]o-||11,631
2025-08-01T10:35:01.335 0100|01|00|18|e601fe|365001020010240000840000000000000000000000001faa[payload->]...$.................||43,551
2025-08-01T11:05:01.231 0100|00|00|05|fa0001|3650016f2d[payload->]o-||11,631
2025-08-01T11:05:01.333 0100|01|00|18|e601fe|365001020010240000840000000000000000000000001faa[payload->]...$.................||43,551
2025-08-01T12:05:01.209 0100|00|00|05|fa0001|3650016f2d[payload->]o-||11,631
2025-08-01T12:05:01.310 0100|01|00|18|e601fe|365001020010240000840000000000000000000000001faa[payload->]...$.................||43,551
2025-08-01T12:35:02.212 0100|00|00|05|fa0001|3650016f2d[payload->]o-||11,631
2025-08-01T12:35:02.313 0100|01|00|18|e601fe|365001020010240000840000000000000000000000001faa[payload->]...$.................||43,551
2025-08-01T13:05:03.407 0100|00|00|05|fa0001|3650016f2d[payload->]o-||11,631
2025-08-01T13:05:03.508 0100|01|00|18|e601fe|365001020010240000840000000000000000000000001faa[payload->]...$.................||43,551
2025-08-01T13:35:05.294 0100|00|00|05|fa0001|3650016f2d[payload->]o-||11,631
2025-08-01T13:35:05.495 0100|01|00|18|e601fe|365001020010240000840000000000000000000000001faa[payload->]...$.................||43,551
2025-08-01T14:05:05.291 0100|00|00|05|fa0001|3650016f2d[payload->]o-||11,631
2025-08-01T14:05:05.392 0100|01|00|18|e601fe|365001020010240000840000000000000000000000001faa[payload->]...$.................||43,551
2025-08-01T14:35:06.458 0100|00|00|05|fa0001|3650016f2d[payload->]o-||11,631
2025-08-01T14:35:06.559 0100|01|00|18|e601fe|365001020010240000840000000000000000000000001faa[payload->]...$.................||43,551
2025-08-01T15:05:06.506 0100|00|00|05|fa0001|3650016f2d[payload->]o-||11,631
2025-08-01T15:05:06.607 0100|01|00|18|e601fe|365001020010240000840000000000000000000000001faa[payload->]...$.................||43,551
2025-08-01T16:05:07.307 0100|00|00|05|fa0001|3650016f2d[payload->]o-||11,631
2025-08-01T16:05:07.408 0100|01|00|18|e601fe|365001020010240000840000000000000000000000001faa[payload->]...$.................||43,551
2025-08-01T16:35:07.412 0100|00|00|05|fa0001|3650016f2d[payload->]o-||11,631
2025-08-01T16:35:07.513 0100|01|00|18|e601fe|365001020010240000840000000000000000000000001faa[payload->]...$.................||43,551
2025-08-01T16:52:28.492 0100|01|00|07|f701fe|365001ac0d4338[payload->]..C8||14,403
2025-08-01T17:05:07.345 0100|00|00|05|fa0001|3650016f2d[payload->]o-||11,631
2025-08-01T17:05:07.446 0100|01|00|18|e601fe|365001020010240000840000000000000000000000001faa[payload->]...$.................||43,551
2025-08-01T17:35:08.399 0100|00|00|05|fa0001|3650016f2d[payload->]o-||11,631
2025-08-01T17:35:08.500 0100|01|00|18|e601fe|365001020010240000840000000000000000000000001faa[payload->]...$.................||43,551
2025-08-01T18:05:07.308 0100|00|00|05|fa0001|3650016f2d[payload->]o-||11,631
2025-08-01T18:05:07.409 0100|01|00|18|e601fe|365001020010240000840000000000000000000000001faa[payload->]...$.................||43,551
2025-08-01T18:31:25.820 0100|00|00|05|fa0001|3650016f2d[payload->]o-||11,631
2025-08-01T18:31:26.123 0100|01|00|18|e601fe|365001020010240000840000000000000000000000001faa[payload->]...$.................||43,551
2025-08-01T18:35:07.276 0100|00|00|05|fa0001|3650016f2d[payload->]o-||11,631
2025-08-01T18:35:07.478 0100|01|00|18|e601fe|365001020010240000840000000000000000000000001faa[payload->]...$.................||43,551
2025-08-01T19:05:08.156 0100|00|00|05|fa0001|3650016f2d[payload->]o-||11,631
2025-08-01T19:05:08.258 0100|01|00|18|e601fe|365001020010240000840000000000000000000000001faa[payload->]...$.................||43,551
2025-08-01T19:31:25.890 0100|00|00|05|fa0001|3650016f2d[payload->]o-||11,631
2025-08-01T19:31:25.992 0100|01|00|18|e601fe|365001020010240000840000000000000000000000001faa[payload->]...$.................||43,551
2025-08-01T19:35:08.309 0100|00|00|05|fa0001|3650016f2d[payload->]o-||11,631
2025-08-01T19:35:08.410 0100|01|00|18|e601fe|365001020010240000840000000000000000000000001faa[payload->]...$.................||43,551
2025-08-01T20:05:09.383 0100|00|00|05|fa0001|3650016f2d[payload->]o-||11,631
2025-08-01T20:05:09.484 0100|01|00|18|e601fe|365001020010240000840000000000000000000000001faa[payload->]...$.................||43,551
2025-08-01T20:35:11.683 0100|00|00|05|fa0001|3650016f2d[payload->]o-||11,631
2025-08-01T20:35:11.785 0100|01|00|18|e601fe|365001020010240000840000000000000000000000001faa[payload->]...$.................||43,551
2025-08-01T21:05:10.388 0100|00|00|05|fa0001|3650016f2d[payload->]o-||11,631
2025-08-01T21:05:10.589 0100|01|00|18|e601fe|365001020010240000840000000000000000000000001faa[payload->]...$.................||43,551
2025-08-01T21:35:10.289 0100|00|00|05|fa0001|3650016f2d[payload->]o-||11,631
2025-08-01T21:35:10.491 0100|01|00|18|e601fe|365001020010240000840000000000000000000000001faa[payload->]...$.................||43,551
2025-08-01T21:55:32.442 0100|81|00|07|f701fe|365001800cbfe4[payload->]....||58,559
2025-08-01T22:05:11.464 0100|00|00|05|fa0001|3650016f2d[payload->]o-||11,631
2025-08-01T22:05:11.565 0100|01|00|18|e601fe|365001020010240000840000000000000000000000001faa[payload->]...$.................||43,551
2025-08-01T22:35:11.398 0100|00|00|05|fa0001|3650016f2d[payload->]o-||11,631
2025-08-01T22:35:11.600 0100|01|00|18|e601fe|365001020010240000840040420200000000000000001faa[payload->]...$....@B...........||43,551
2025-08-01T23:05:11.496 0100|00|00|05|fa0001|3650016f2d[payload->]o-||11,631
2025-08-01T23:05:11.697 0100|01|00|18|e601fe|365001020010240000840000000000000000000000001faa[payload->]...$.................||43,551
2025-08-01T23:31:25.852 0100|01|00|18|e601fe|365001020010240000840000000000000000000000001faa[payload->]...$.................||43,551
2025-08-01T23:35:11.484 0100|00|00|05|fa0001|3650016f2d[payload->]o-||11,631
2025-08-01T23:35:11.586 0100|01|00|18|e601fe|365001020010240000840000000000000000000000001faa[payload->]...$.................||43,551
2025-08-02T00:05:12.408 0100|00|00|05|fa0001|3650016f2d[payload->]o-||11,631
2025-08-02T00:05:12.610 0100|01|00|18|e601fe|365001020010240000840000000000000000000000001faa[payload->]...$.................||43,551
2025-08-02T00:35:11.386 0100|00|00|05|fa0001|3650016f2d[payload->]o-||11,631
2025-08-02T00:35:11.588 0100|01|00|18|e601fe|365001020010240000840000000000000000000000001faa[payload->]...$.................||43,551
2025-08-02T01:05:11.438 0100|00|00|05|fa0001|3650016f2d[payload->]o-||11,631
2025-08-02T01:05:11.539 0100|01|00|18|e601fe|365001020010240000840000000000000000000000001fea[payload->]...$.................||59,935
2025-08-02T01:31:26.090 0100|00|00|05|fa0001|3650016f2d[payload->]o-||11,631
2025-08-02T01:31:26.292 0100|01|00|18|e601fe|3650010201fe100301ffff859c0100000005fa0001340f01[payload->]..................4..||0,271
2025-08-02T01:35:11.430 0100|00|00|05|fa0001|3650016f2d[payload->]o-||11,631
2025-08-02T01:35:11.532 0100|01|00|18|e601fe|365001020010240000840000000000000000000000001faa[payload->]...$.................||43,551
2025-08-02T02:05:11.331 0100|00|00|05|fa0001|3650016f2d[payload->]o-||11,631
2025-08-02T02:05:11.533 0100|01|00|18|e601fe|365001020010240000840000000000000000400000001faa[payload->]...$...........@.....||43,551
2025-08-02T02:35:11.427 0100|00|00|05|fa0001|3650016f2d[payload->]o-||11,631
2025-08-02T02:35:11.528 0100|01|00|18|e601fe|365001020010240000840000000000000000000000003faa[payload->]...$...............?.||43,583
2025-08-02T03:05:11.373 0100|00|00|05|fa0001|3650016f2d[payload->]o-||11,631
2025-08-02T03:05:11.574 0100|01|00|18|e601fe|365001020010240000840000000000000000000000001faa[payload->]...$.................||43,551
2025-08-02T03:35:11.434 0100|00|00|05|fa0001|3650016f2d[payload->]o-||11,631
2025-08-02T03:35:11.535 0100|01|00|18|e601fe|365001020010240000840000000000000000000040401faa[payload->]...$.............@@..||43,551
2025-08-02T04:05:11.417 0100|00|00|05|fa0001|3650016f2d[payload->]o-||11,631
2025-08-02T04:05:11.618 0100|01|00|18|e601fe|365001020010240000840000000000000000000000001faa[payload->]...$.................||43,551
2025-08-02T04:35:11.464 0100|00|00|05|fa0001|3650016f2d[payload->]o-||11,631
2025-08-02T04:35:11.565 0100|01|00|18|e601fe|365001020010240000840000000000000000000000001faa[payload->]...$.................||43,551
2025-08-02T05:05:11.431 0100|00|00|05|fa0001|3650016f2d[payload->]o-||11,631
2025-08-02T05:05:11.532 0100|01|00|18|e601fe|365001020010240000840000000000000000000000001faa[payload->]...$.................||43,551
2025-08-02T05:35:11.411 0100|00|00|05|fa0001|3650016f2d[payload->]o-||11,631
2025-08-02T05:35:11.512 0100|01|00|18|e601fe|365001020010240000840000000000000000000000001faa[payload->]...$.................||43,551
2025-08-02T06:31:27.086 0100|00|00|05|fa0001|3650016f2d[payload->]o-||11,631
2025-08-02T06:31:27.288 0100|01|00|18|e601fe|36500102000000000000000000fd890100000005fa000154[payload->]....................T||21,505
2025-08-02T06:35:12.372 0100|00|00|05|fa0001|3650016f2d[payload->]o-||11,631
2025-08-02T06:35:12.574 0100|01|00|18|e601fe|365001020010240000840000080000000000000000001faa[payload->]...$.................||43,551
2025-08-02T07:05:12.399 0100|00|00|05|fa0001|3650016f2d[payload->]o-||11,631
2025-08-02T07:05:12.501 0100|01|00|18|e601fe|365001020010240000840000000000000000000000001faa[payload->]...$.................||43,551
2025-08-02T07:31:26.136 0100|00|00|05|fa0001|3650016f2d[payload->]o-||11,631
2025-08-02T07:31:26.238 0100|01|00|18|e601fe|365001020010240000840000000000000000000000001faa[payload->]...$.................||43,551
2025-08-02T07:35:12.406 0100|00|00|05|fa0001|3650016f2d[payload->]o-||11,631
2025-08-02T08:05:13.284 0100|00|00|05|fa0001|3650016f2d[payload->]o-||11,631
2025-08-02T09:05:13.234 0100|00|00|05|fa0001|3650016f2d[payload->]o-||11,631
2025-08-02T09:05:13.436 0100|01|00|18|e601fe|365001020010240000840000000000000000000000001faa[payload->]...$.................||43,551
2025-08-02T09:31:25.970 0100|00|00|05|fa0001|3650016f2d[payload->]o-||11,631
2025-08-02T09:31:26.072 0100|01|00|18|e601fe|365001020010240000840000000000000000000000001faa[payload->]...$.................||43,551
2025-08-02T09:35:13.273 0100|00|00|05|fa0001|3650016f2d[payload->]o-||11,631
2025-08-02T09:35:13.374 0100|01|00|18|e601fe|365001020010240000840000000000000000000000001faa[payload->]...$.................||43,551
2025-08-02T10:05:14.309 0100|00|00|05|fa0001|3650016f2d[payload->]o-||11,631
2025-08-02T10:05:14.410 0100|01|00|18|e601fe|365001020010240000840000000000000000000000001faa[payload->]...$.................||43,551
2025-08-02T10:35:14.231 0100|00|00|05|fa0001|3650016f2d[payload->]o-||11,631
2025-08-02T10:35:14.433 0100|01|00|18|e601fe|365001020010240000840000000000000000000020001faa[payload->]...$............. ...||43,551
2025-08-02T11:05:15.348 0100|00|00|05|fa0001|3650016f2d[payload->]o-||11,631
2025-08-02T11:05:15.449 0100|01|00|18|e601fe|365001020010240000840000000000000000000000001faa[payload->]...$.................||43,551
2025-08-02T11:31:26.270 0100|01|00|18|e601fe|365001020010240000840000000000000000000000001faa[payload->]...$.................||43,551
2025-08-02T11:35:15.312 0100|00|00|05|fa0001|3650016f2d[payload->]o-||11,631
2025-08-02T11:35:15.513 0100|01|00|18|e601fe|365001020010240000840000000000000000000000001faa[payload->]...$.................||43,551
2025-08-02T12:05:17.688 0100|00|00|05|fa0001|3650016f2d[payload->]o-||11,631
2025-08-02T12:05:17.790 0100|01|00|18|e601fe|365001020010240000840000000000000000000000001faa[payload->]...$.................||43,551
2025-08-02T12:35:18.425 0100|00|00|05|fa0001|3650016f2d[payload->]o-||11,631
2025-08-02T12:35:18.527 0100|01|00|18|e601fe|365001020010240000840000000000000000000000001faa[payload->]...$.................||43,551
2025-08-02T13:05:19.563 0100|00|00|05|fa0001|3650016f2d[payload->]o-||11,631
2025-08-02T13:05:19.664 0100|01|00|18|e601fe|365001020010240000840000000000000000000000001faa[payload->]...$.................||43,551
2025-08-02T13:35:21.593 0100|00|00|05|fa0001|3650016f2d[payload->]o-||11,631
2025-08-02T13:35:21.694 0100|01|00|18|e601fe|365001020010240000840000000000000000000000001faa[payload->]...$.................||43,551
2025-08-02T14:35:21.582 0100|00|00|05|fa0001|3650016f2d[payload->]o-||11,631
2025-08-02T14:35:21.784 0100|01|00|18|e601fe|365001020010240000840000000000000000000000001faa[payload->]...$.................||43,551
2025-08-02T15:05:22.588 0100|00|00|05|fa0001|3650016f2d[payload->]o-||11,631
2025-08-02T15:05:22.790 0100|01|00|18|e601fe|365001020010240000840000000000000000000000001faa[payload->]...$.................||43,551
2025-08-02T15:31:26.049 0100|00|00|05|fa0001|3650016f2d[payload->]o-||11,631
2025-08-02T15:31:26.251 0100|01|00|18|e601fe|365001020010240000840000000000000005fa0001346301[payload->]...$..............4c.||0,355
2025-08-02T15:35:21.428 0100|00|00|05|fa0001|3650016f2d[payload->]o-||11,631
2025-08-02T15:35:21.530 0100|01|00|18|e601fe|365001020010240000840000000000000000000000001faa[payload->]...$.................||43,551
2025-08-02T16:05:21.446 0100|00|00|05|fa0001|3650016f2d[payload->]o-||11,631
2025-08-02T16:05:21.547 0100|01|00|18|e601fe|365001020010240000840000000000000000000000001faa[payload->]...$.................||43,551
2025-08-02T16:35:21.410 0100|00|00|05|fa0001|3650016f2d[payload->]o-||11,631
2025-08-02T16:35:21.612 0100|01|00|18|e601fe|365001020010240000840000000000000000000000001faa[payload->]...$.................||43,551
2025-08-02T17:05:21.356 0100|00|00|05|fa0001|3650016f2d[payload->]o-||11,631
2025-08-02T17:05:21.558 0100|01|00|18|e601fe|365001020010240000840000000000000000000000001faa[payload->]...$.................||43,551
2025-08-02T17:35:21.440 0100|00|00|05|fa0001|3650016f2d[payload->]o-||11,631
2025-08-02T17:35:21.541 0100|01|00|18|e601fe|365001020010240000840000000000000000000000001faa[payload->]...$.................||43,551
2025-08-02T18:05:21.445 0100|00|00|05|fa0001|3650016f2d[payload->]o-||11,631
2025-08-02T18:05:21.546 0100|01|00|18|e601fe|365001020010240000840000000000000000000000001faa[payload->]...$.................||43,551
2025-08-02T18:35:21.449 0100|00|00|05|fa0001|3650016f2d[payload->]o-||11,631
2025-08-02T18:35:21.550 0100|01|00|18|e601fe|365001020010240000840002000000000000000000001faa[payload->]...$.................||43,551
2025-08-02T19:05:21.716 0100|00|00|05|fa0001|3650016f2d[payload->]o-||11,631
2025-08-02T19:05:21.918 0100|01|00|18|e601fe|365001020010240000840000000000000000000000001faa[payload->]...$.................||43,551
2025-08-02T19:31:26.556 0100|00|00|05|fa0001|3650016f2d[payload->]o-||11,631
2025-08-02T19:35:22.852 0100|00|00|05|fa0001|3650016f2d[payload->]o-||11,631
2025-08-02T19:35:23.054 0100|01|00|18|e601fe|365001020010240000840000000000000000000000001faa[payload->]...$.................||43,551
2025-08-02T20:05:24.371 0100|00|00|05|fa0001|3650016f2d[payload->]o-||11,631
2025-08-02T20:05:24.573 0100|01|00|18|e601fe|365001020010240000840000000000000000000000001faa[payload->]...$.................||43,551
2025-08-02T20:35:25.695 0100|00|00|05|fa0001|3650016f2d[payload->]o-||11,631
2025-08-02T20:35:25.896 0100|01|00|18|e601fe|365001020010240000840000000000000000000000001faa[payload->]...$.................||43,551
2025-08-02T21:05:24.671 0100|00|00|05|fa0001|3650016f2d[payload->]o-||11,631
2025-08-02T21:05:24.873 0100|01|00|18|e601fe|365001020010240000840000000000000000000000001faa[payload->]...$.................||43,551
2025-08-02T21:35:24.613 0100|00|00|05|fa0001|3650016f2d[payload->]o-||11,631
2025-08-02T21:35:24.815 0100|01|00|18|e601fe|365001020010240000840000000000000000000000001faa[payload->]...$.................||43,551
2025-08-02T22:05:24.717 0100|00|00|05|fa0001|3650016f2d[payload->]o-||11,631
2025-08-02T22:05:24.818 0100|01|00|18|e601fe|365001020010240000840000000000000000000000001faa[payload->]...$.................||43,551
2025-08-02T22:31:26.730 0100|00|00|05|fa0001|3650016f2d[payload->]o-||11,631
2025-08-02T22:31:26.831 0100|01|00|18|e601fe|365001020010240000840000000000000000000000001faa[payload->]...$.................||43,551
2025-08-02T22:35:24.803 0100|00|00|05|fa0001|3650016f2d[payload->]o-||11,631
2025-08-02T22:35:24.904 0100|01|00|18|e601fe|365001020010240000840000000000000000000000001faa[payload->]...$.................||43,551
2025-08-02T23:05:25.077 0100|00|00|05|fa0001|3650016f2d[payload->]o-||11,631
2025-08-02T23:05:25.279 0100|01|00|18|e601fe|365001020010240000840000000000000000000000001faa[payload->]...$.................||43,551
2025-08-02T23:35:27.019 0100|00|00|05|fa0001|3650016f2d[payload->]o-||11,631
2025-08-02T23:35:27.221 0100|01|00|18|e601fe|365001020010240000840000000000000000000000001faa[payload->]...$.................||43,551
2025-08-03T00:05:27.009 0100|00|00|05|fa0001|3650016f2d[payload->]o-||11,631
2025-08-03T00:05:27.211 0100|01|00|18|e601fe|365001020010240000840000000000000000000000001faa[payload->]...$.................||43,551
2025-08-03T00:31:26.829 0100|00|00|05|fa0001|3650016f2d[payload->]o-||11,631
2025-08-03T00:31:27.031 0100|01|00|18|e601fe|365001020010240000840000000000000000000000001faa[payload->]...$.................||43,551
2025-08-03T00:35:26.909 0100|00|00|05|fa0001|3650016f2d[payload->]o-||11,631
2025-08-03T00:35:27.111 0100|01|00|18|e601fe|365001020010240000840000000000000000000000001faa[payload->]...$.................||43,551
2025-08-03T01:05:29.332 0100|00|00|05|fa0001|3650016f2d[payload->]o-||11,631
2025-08-03T01:05:29.434 0100|01|00|18|e601fe|365001020010240000840000000000000000000000001faa[payload->]...$.................||43,551
2025-08-03T01:18:18.787 0100|01|00|07|f701fe|365001ac0d4338[payload->]..C8||14,403
2025-08-03T01:31:25.983 0100|00|00|05|fa0001|3650016f2d[payload->]o-||11,631
2025-08-03T01:31:26.185 0100|01|00|18|e601fe|365001020010240000840000000000000000000000001faa[payload->]...$.................||43,551
2025-08-03T01:35:29.662 0100|00|00|05|fa0001|3650016f2d[payload->]o-||11,631
2025-08-03T01:35:29.864 0100|01|00|18|e601fe|365001020010240000840000000000000000000000001faa[payload->]...$.................||43,551
2025-08-03T02:05:29.764 0100|00|00|05|fa0001|3650016f2d[payload->]o-||11,631
2025-08-03T02:05:29.866 0100|01|00|18|e601fe|365001020010240000840000000000000000000000001faa[payload->]...$.................||43,551
2025-08-03T02:35:31.417 0100|00|00|05|fa0001|3650016f2d[payload->]o-||11,631
2025-08-03T02:35:31.619 0100|01|00|18|e601fe|365001020010240000840000000000000000000000001faa[payload->]...$.................||43,551
2025-08-03T03:05:31.235 0100|00|00|05|fa0001|3650016f2d[payload->]o-||11,631
2025-08-03T03:05:31.437 0100|01|00|18|e601fe|365001020010240000840000000000000000000000001faa[payload->]...$.................||43,551
2025-08-03T03:35:31.108 0100|00|00|05|fa0001|3650016f2d[payload->]o-||11,631
2025-08-03T03:35:31.309 0100|01|00|18|e601fe|365001020010240000840000000000000000000000001faa[payload->]...$.................||43,551
2025-08-03T04:05:31.293 0100|00|00|05|fa0001|3650016f2d[payload->]o-||11,631
2025-08-03T04:05:31.394 0100|01|00|18|e601fe|365001020010240000840000000000000000000000001faa[payload->]...$.................||43,551
2025-08-03T04:35:30.959 0100|00|00|05|fa0001|3650016f2d[payload->]o-||11,631
2025-08-03T04:35:31.161 0100|01|00|18|e601fe|365001020010240000840000000000000000000000001faa[payload->]...$.................||43,551
2025-08-03T05:35:31.193 0100|00|00|05|fa0001|3650016f2d[payload->]o-||11,631
2025-08-03T05:35:31.496 0100|01|00|18|e601fe|365001020010240000840000000000000000000000001faa[payload->]...$.................||43,551
2025-08-03T06:05:31.210 0100|00|00|05|fa0001|3650016f2d[payload->]o-||11,631
2025-08-03T06:05:31.311 0100|01|00|18|e601fe|365001020010240000840000000000000000000000001faa[payload->]...$.................||43,551
2025-08-03T06:35:31.613 0100|00|00|05|fa0001|3650016f2d[payload->]o-||11,631
2025-08-03T06:35:31.815 0100|01|00|18|e601fe|365001020010240000840000000000000000000000001faa[payload->]...$.................||43,551
2025-08-03T07:05:31.302 0100|00|00|05|fa0001|3650016f2d[payload->]o-||11,631
2025-08-03T07:05:31.403 0100|01|00|18|e601fe|365001020010240000840000000000000000000000001faa[payload->]...$.................||43,551
2025-08-03T07:35:31.612 0100|00|00|05|fa0001|3650016f2d[payload->]o-||11,631
2025-08-03T07:35:31.813 0100|01|00|18|e601fe|365001020010240000840000000000000000000000001faa[payload->]...$.................||43,551
2025-08-03T08:05:31.530 0100|00|00|05|fa0001|3650016f2d[payload->]o-||11,631
2025-08-03T08:05:31.732 0100|01|00|18|e601fe|365001020010240000840000000000000000004202401faa[payload->]...$............B.@..||43,551
2025-08-03T08:35:32.142 0100|00|00|05|fa0001|3650016f2d[payload->]o-||11,631
2025-08-03T08:35:32.444 0100|01|00|18|e601fe|365001020010240000840000000000000000000000001faa[payload->]...$.................||43,551
2025-08-03T09:05:32.710 0100|00|00|05|fa0001|3650016f2d[payload->]o-||11,631
2025-08-03T09:05:32.911 0100|01|00|18|e601fe|365001020010240000840000000000000000400040001faa[payload->]...$...........@.@...||43,551
2025-08-03T09:35:32.622 0100|00|00|05|fa0001|3650016f2d[payload->]o-||11,631
2025-08-03T09:35:33.025 0100|01|00|18|e601fe|365001020010240000840000000000000000000000001faa[payload->]...$.................||43,551
2025-08-03T10:05:32.456 0100|00|00|05|fa0001|3650016f2d[payload->]o-||11,631
2025-08-03T10:05:32.557 0100|01|00|18|e601fe|365001020010240000840000000000000000000000001faa[payload->]...$.................||43,551
2025-08-03T10:35:32.409 0100|00|00|05|fa0001|3650016f2d[payload->]o-||11,631
2025-08-03T10:35:32.611 0100|01|00|18|e601fe|365001020010240000840000000000000000000000001faa[payload->]...$.................||43,551
2025-08-03T11:05:32.681 0100|00|00|05|fa0001|3650016f2d[payload->]o-||11,631
2025-08-03T11:05:32.883 0100|01|00|18|e601fe|365001020010240000840000000800000000000000001faa[payload->]...$.................||43,551
2025-08-03T11:27:21.374 0100|01|00|07|f701fe|365001ac0d4338[payload->]..C8||14,403
2025-08-03T11:35:32.552 0100|00|00|05|fa0001|3650016f2d[payload->]o-||11,631
2025-08-03T11:35:32.653 0100|01|00|18|e601fe|365001020010240000840000000000000000000000001faa[payload->]...$.................||43,551
2025-08-03T12:05:33.592 0100|00|00|05|fa0001|3650016f2d[payload->]o-||11,631
2025-08-03T12:05:33.693 0100|01|00|18|e601fe|365001020010240000840000000000000000000000001faa[payload->]...$.................||43,551
2025-08-03T12:35:33.543 0100|00|00|05|fa0001|3650016f2d[payload->]o-||11,631
2025-08-03T12:35:33.644 0100|01|00|18|e601fe|365001020010240000840000000000000000000000001faa[payload->]...$.................||43,551
2025-08-03T13:05:33.778 0100|00|00|05|fa0001|3650016f2d[payload->]o-||11,631
2025-08-03T13:05:33.880 0100|01|00|18|e601fe|365001020010240000840000000000000000000000001faa[payload->]...$.................||43,551
2025-08-03T13:35:33.504 0100|00|00|05|fa0001|3650016f2d[payload->]o-||11,631
2025-08-03T13:35:33.707 0100|01|00|18|e601fe|365001020010240000840000000000000000000000001faa[payload->]...$.................||43,551
2025-08-03T14:05:33.594 0100|00|00|05|fa0001|3650016f2d[payload->]o-||11,631
2025-08-03T14:05:33.796 0100|01|00|18|e601fe|365001020010240000840000000000000000000000001faa[payload->]...$.................||43,551
2025-08-03T14:35:33.563 0100|00|00|05|fa0001|3650016f2d[payload->]o-||11,631
2025-08-03T14:35:33.664 0100|01|00|18|e601fe|365001020010240000840000000000000000000000001faa[payload->]...$.................||43,551
2025-08-03T15:05:33.538 0100|00|00|05|fa0001|3650016f2d[payload->]o-||11,631
2025-08-03T15:05:33.639 0100|01|00|18|e601fe|365001020010240000840000000000000000000000001faa[payload->]...$.................||43,551
2025-08-03T15:35:33.568 0100|00|00|05|fa0001|3650016f2d[payload->]o-||11,631
2025-08-03T15:35:33.669 0100|01|00|18|e601fe|365001020010240000840000000000000000000000001faa[payload->]...$.................||43,551
2025-08-03T16:05:33.576 0100|00|00|05|fa0001|3650016f2d[payload->]o-||11,631
2025-08-03T16:05:33.778 0100|01|00|18|e601fe|365001020010240000840000000000000000000000001faa[payload->]...$.................||43,551
2025-08-03T16:35:35.700 0100|00|00|05|fa0001|3650016f2d[payload->]o-||11,631
2025-08-03T16:35:35.902 0100|01|00|18|e601fe|365001020010240000840000000000000000000000001faa[payload->]...$.................||43,551
2025-08-03T17:05:36.550 0100|00|00|05|fa0001|3650016f2d[payload->]o-||11,631
2025-08-03T17:05:36.752 0100|01|00|18|e601fe|365001020010240000840000000000000000000000001faa[payload->]...$.................||43,551
2025-08-03T17:35:35.701 0100|00|00|05|fa0001|3650016f2d[payload->]o-||11,631
2025-08-03T17:35:35.903 0100|01|00|18|e601fe|365001020010240000840000000000000000000000001faa[payload->]...$.................||43,551
2025-08-03T18:05:37.707 0100|00|00|05|fa0001|3650016f2d[payload->]o-||11,631
2025-08-03T18:05:37.808 0100|01|00|18|e601fe|365001020010240000840000000000000000000000001faa[payload->]...$.................||43,551
