2025-07-30T20:27:44.491 0100|00|00|05|fa0001|3404016fb2[payload->]o.||45,679
2025-07-30T20:27:44.593 0100|01|00|06|f801fe|340401016009[payload->].`.||2,400
2025-07-30T20:37:53.198 0100|01|00|06|f801fe|340401016009[payload->].`.||2,400
2025-07-30T20:48:02.452 0100|00|00|05|fa0001|3404016fb2[payload->]o.||45,679
2025-07-30T20:48:02.553 0100|01|00|06|f801fe|340401016009[payload->].`.||2,400
2025-07-30T21:18:29.016 0100|00|00|05|fa0001|3404016fb2[payload->]o.||45,679
2025-07-30T21:18:29.016 0100|01|00|06|f801fe|340401016009[payload->].`.||2,400
2025-07-30T21:28:37.908 0100|00|00|05|fa0001|3404016fb2[payload->]o.||45,679
2025-07-30T21:28:38.009 0100|01|00|06|f801fe|340401016009[payload->].`.||2,400
2025-07-30T21:38:46.854 0100|00|00|05|fa0001|3404016fb2[payload->]o.||45,679
2025-07-30T21:38:46.955 0100|01|00|06|f801fe|340401016009[payload->].`.||2,400
2025-07-30T21:48:55.229 0100|00|00|05|fa0001|3404016fb2[payload->]o.||45,679
2025-07-30T21:48:55.330 0100|01|00|06|f801fe|340401016009[payload->].`.||2,400
2025-07-30T21:59:03.604 0100|00|00|05|fa0001|3404016fb2[payload->]o.||45,679
2025-07-30T21:59:03.705 0100|01|00|06|f801fe|340401016009[payload->].`.||2,400
2025-07-30T22:09:11.983 0100|00|00|05|fa0001|3404016fb2[payload->]o.||45,679
2025-07-30T22:09:12.084 0100|01|00|06|f801fe|340401016009[payload->].`.||2,400
2025-07-30T22:19:21.327 0100|00|00|05|fa0001|3404016fb2[payload->]o.||45,679
2025-07-30T22:19:21.428 0100|01|00|06|f801fe|340401016009[payload->].`.||2,400
2025-07-30T22:29:30.586 0100|00|00|05|fa0001|3404016fb2[payload->]o.||45,679
2025-07-30T22:29:30.586 0100|01|00|06|f801fe|340401016009[payload->].`.||2,400
2025-07-30T22:39:38.747 0100|00|00|05|fa0001|3404016fb2[payload->]o.||45,679
2025-07-30T22:39:38.848 0100|01|00|06|f801fe|340401016009[payload->].`.||2,400
2025-07-30T22:49:47.991 0100|00|00|05|fa0001|3404016fb2[payload->]o.||45,679
2025-07-30T22:49:47.992 0100|01|00|06|f801fe|340401016009[payload->].`.||2,400
2025-07-30T22:59:56.739 0100|00|00|05|fa0001|3404016fb2[payload->]o.||45,679
2025-07-30T22:59:56.739 0100|01|00|06|f801fe|340401016009[payload->].`.||2,400
2025-07-30T23:10:04.673 0100|00|00|05|fa0001|3404016fb2[payload->]o.||45,679
2025-07-30T23:10:04.774 0100|01|00|06|f801fe|340401016009[payload->].`.||2,400
2025-07-30T23:20:13.829 0100|01|00|06|f801fe|340401016009[payload->].`.||2,400
2025-07-30T23:30:22.590 0100|00|00|05|fa0001|3404016fb2[payload->]o.||45,679
2025-07-30T23:30:22.591 0100|01|00|06|f801fe|340401016009[payload->].`.||2,400
2025-07-30T23:40:32.523 0100|00|00|05|fa0001|3404016fb2[payload->]o.||45,679
2025-07-30T23:40:32.725 0100|01|00|06|f801fe|340401016009[payload->].`.||2,400
2025-07-31T00:00:50.083 0100|00|00|05|fa0001|3404016fb2[payload->]o.||45,679
2025-07-31T00:21:07.785 0100|00|00|05|fa0001|3404016fb2[payload->]o.||45,679
2025-07-31T00:21:07.786 0100|01|00|06|f801fe|340401016009[payload->].`.||2,400
2025-07-31T00:31:17.006 0100|00|00|05|fa0001|3404016fb2[payload->]o.||45,679
2025-07-31T01:52:25.180 0100|01|00|06|f801fe|340401016009[payload->].`.||2,400
2025-07-31T02:02:34.672 0100|00|00|05|fa0001|3404016fb2[payload->]o.||45,679
2025-07-31T02:02:34.672 0100|01|00|06|f801fe|340401016009[payload->].`.||2,400
2025-07-31T02:22:52.808 0100|00|00|05|fa0001|3404016fb2[payload->]o.||45,679
2025-07-31T02:22:52.808 0100|01|00|06|f801fe|340401016009[payload->].`.||2,400
2025-07-31T02:33:01.751 0100|00|00|05|fa0001|3404016fb2[payload->]o.||45,679
2025-07-31T02:33:01.751 0100|01|00|06|f801fe|340401016009[payload->].`.||2,400
2025-07-31T02:43:09.906 0100|00|00|05|fa0001|3404016fb2[payload->]o.||45,679
2025-07-31T02:43:10.007 0100|01|00|06|f801fe|340401016009[payload->].`.||2,400
2025-07-31T02:53:19.075 0100|00|00|05|fa0001|3404016fb2[payload->]o.||45,679
2025-07-31T02:53:19.176 0100|01|00|06|f801fe|340401016009[payload->].`.||2,400
2025-07-31T03:03:28.035 0100|00|00|05|fa0001|3404016fb2[payload->]o.||45,679
2025-07-31T03:03:28.136 0100|01|00|06|f801fe|340401016009[payload->].`.||2,400
2025-07-31T03:13:36.445 0100|00|00|05|fa0001|3404016fb2[payload->]o.||45,679
2025-07-31T03:13:36.547 0100|01|00|06|f801fe|340401016009[payload->].`.||2,400
2025-07-31T03:23:44.371 0100|00|00|05|fa0001|3404016fb2[payload->]o.||45,679
2025-07-31T03:23:44.472 0100|01|00|06|f801fe|340401016009[payload->].`.||2,400
2025-07-31T03:33:52.655 0100|00|00|05|fa0001|3404016fb2[payload->]o.||45,679
2025-07-31T03:33:52.655 0100|01|00|06|f801fe|340401016009[payload->].`.||2,400
2025-07-31T03:54:09.818 0100|00|00|05|fa0001|3404016fb2[payload->]o.||45,679
2025-07-31T03:54:09.819 0100|01|00|06|f801fe|340401016009[payload->].`.||2,400
2025-07-31T04:34:46.000 0100|00|00|05|fa0001|3404016fb2[payload->]o.||45,679
2025-07-31T04:34:46.001 0100|01|00|06|f801fe|340401016009[payload->].`.||2,400
2025-07-31T04:55:02.716 0100|00|00|05|fa0001|3404016fb2[payload->]o.||45,679
2025-07-31T04:55:02.716 0100|01|00|06|f801fe|340401016009[payload->].`.||2,400
2025-07-31T05:05:12.161 0100|00|00|05|fa0001|340401fe20[payload->]. ||8,446
2025-07-31T05:15:20.869 0100|00|00|05|fa0001|3404016fb2[payload->]o.||45,679
2025-07-31T05:15:20.870 0100|01|00|06|f801fe|340401016009[payload->].`.||2,400
2025-07-31T05:45:47.717 0100|01|00|06|f801fe|340401016009[payload->].`.||2,400
2025-07-31T06:06:04.288 0100|00|00|05|fa0001|3404016fb2[payload->]o.||45,679
2025-07-31T06:06:04.288 0100|01|00|06|f801fe|340401016009[payload->].`.||2,400
2025-07-31T06:26:20.831 0100|00|00|05|fa0001|3404016fb2[payload->]o.||45,679
2025-07-31T06:26:20.932 0100|01|00|06|f801fe|340401016009[payload->].`.||2,400
2025-07-31T06:56:46.602 0100|00|00|05|fa0001|3404016fb2[payload->]o.||45,679
2025-07-31T07:06:54.529 0100|00|00|05|fa0001|3404016fb2[payload->]o.||45,679
2025-07-31T07:06:54.630 0100|01|00|06|f801fe|340401016009[payload->].`.||2,400
2025-07-31T07:27:11.527 0100|00|00|05|fa0001|3404016fb2[payload->]o.||45,679
2025-07-31T07:27:11.627 0100|01|00|06|f801fe|340401016009[payload->].`.||2,400
2025-07-31T07:37:20.419 0100|00|00|05|fa0001|3404016fb2[payload->]o.||45,679
2025-07-31T07:37:20.419 0100|01|00|06|f801fe|340401016009[payload->].`.||2,400
2025-07-31T08:17:54.857 0100|00|00|05|fa0001|3404016fb2[payload->]o.||45,679
2025-07-31T08:17:54.857 0100|01|00|06|f801fe|340401016009[payload->].`.||2,400
2025-07-31T09:39:01.555 0100|00|00|05|fa0001|3404016fb2[payload->]o.||45,679
2025-07-31T09:39:01.656 0100|01|00|06|f801fe|340401016009[payload->].`.||2,400
2025-07-31T09:59:17.807 0100|01|00|06|f801fe|340401016009[payload->].`.||2,400
2025-07-31T10:19:35.107 0100|00|00|05|fa0001|3404016fb2[payload->]o.||45,679
2025-07-31T10:19:35.207 0100|01|00|06|f801fe|340401016009[payload->].`.||2,400
2025-07-31T10:29:43.465 0100|00|00|05|fa0001|3404016fb2[payload->]o.||45,679
2025-07-31T10:29:43.566 0100|01|00|06|f801fe|340401016009[payload->].`.||2,400
2025-07-31T10:39:51.325 0100|01|00|06|f801fe|340401016009[payload->].`.||2,400
2025-07-31T11:10:17.644 0100|00|00|05|fa0001|3404016fb2[payload->]o.||45,679
2025-07-31T11:10:17.745 0100|01|00|06|f801fe|340401016009[payload->].`.||2,400
2025-07-31T11:30:34.884 0100|00|00|05|fa0001|3404016fb2[payload->]o.||45,679
2025-07-31T11:30:34.885 0100|01|00|06|f801fe|340401016009[payload->].`.||2,400
2025-07-31T11:40:43.272 0100|00|00|05|fa0001|3404016fb2[payload->]o.||45,679
2025-07-31T11:40:43.373 0100|01|00|06|f801fe|340401016009[payload->].`.||2,400
2025-07-31T12:11:08.705 0100|01|00|06|f801fe|340401016009[payload->].`.||2,400
2025-07-31T12:31:27.571 0100|00|00|05|fa0001|3404016fb2[payload->]o.||45,679
2025-07-31T12:31:27.672 0100|01|00|06|f801fe|340401016009[payload->].`.||2,400
2025-07-31T13:22:11.816 0100|00|00|05|fa0001|3404016fb2[payload->]o.||45,679
2025-07-31T13:22:11.917 0100|01|00|06|f801fe|340401016009[payload->].`.||2,400
2025-07-31T13:32:20.151 0100|00|00|05|fa0001|3404016fb2[payload->]o.||45,679
2025-07-31T13:32:20.152 0100|01|00|06|f801fe|340401016009[payload->].`.||2,400
2025-07-31T14:02:46.720 0100|00|00|05|fa0001|3404016fb2[payload->]o.||45,679
2025-07-31T14:02:46.821 0100|01|00|06|f801fe|340401016009[payload->].`.||2,400
2025-07-31T14:12:55.006 0100|00|00|05|fa0001|3404016fb2[payload->]o.||45,679
2025-07-31T14:12:55.107 0100|01|00|06|f801fe|340401016009[payload->].`.||2,400
2025-07-31T14:33:12.749 0100|00|00|05|fa0001|3404016fb2[payload->]o.||45,679
2025-07-31T14:33:12.851 0100|01|00|06|f801fe|340401016009[payload->].`.||2,400
2025-07-31T14:43:20.938 0100|00|00|05|fa0001|3404016fb2[payload->]o.||45,679
2025-07-31T14:43:21.039 0100|01|00|06|f801fe|340401016009[payload->].`.||2,400
2025-07-31T15:03:37.954 0100|01|00|06|f801fe|340401016009[payload->].`.||2,400
2025-07-31T15:13:46.433 0100|00|00|05|fa0001|3404016fb2[payload->]o.||45,679
2025-07-31T15:13:46.534 0100|01|00|06|f801fe|340401016009[payload->].`.||2,400
2025-07-31T15:23:54.911 0100|00|00|05|fa0001|3404016fb2[payload->]o.||45,679
2025-07-31T15:23:55.012 0100|01|00|06|f801fe|340401016009[payload->].`.||2,400
2025-07-31T15:34:03.900 0100|00|00|05|fa0001|3404016fb2[payload->]o.||45,679
2025-07-31T15:34:03.900 0100|01|00|06|f801fe|340401016009[payload->].`.||2,400
2025-07-31T15:44:13.245 0100|00|00|05|fa0001|3404016fb2[payload->]o.||45,679
2025-07-31T15:44:13.346 0100|01|00|06|f801fe|340401016009[payload->].`.||2,400
2025-07-31T16:14:39.561 0100|01|00|06|f801fe|340401016009[payload->].`.||2,400
2025-07-31T16:24:48.653 0100|01|00|06|f801fe|340401016009[payload->].`.||2,400
2025-07-31T17:05:23.879 0100|00|00|05|fa0001|3404016fb2[payload->]o.||45,679
2025-07-31T17:05:23.980 0100|01|00|06|f801fe|340401016009[payload->].`.||2,400
2025-07-31T17:35:50.936 0100|01|00|06|f801fe|340401016009[payload->].`.||2,400
2025-07-31T17:56:08.786 0100|00|00|05|fa0001|3404016fb2[payload->]o.||45,679
2025-07-31T17:56:08.887 0100|01|00|06|f801fe|340401016009[payload->].`.||2,400
2025-07-31T18:06:17.849 0100|00|00|05|fa0001|3404016fb2[payload->]o.||45,679
2025-07-31T18:06:17.850 0100|01|00|06|f801fe|340401016009[payload->].`.||2,400
2025-07-31T18:26:35.422 0100|00|00|05|fa0001|3404016fb2[payload->]o.||45,679
2025-07-31T18:26:35.524 0100|01|00|06|f801fe|340401104e01[payload->].N.||0,334
2025-07-31T18:57:02.853 0100|00|00|05|fa0001|3404016fb2[payload->]o.||45,679
2025-07-31T18:57:02.954 0100|01|00|06|f801fe|340401016009[payload->].`.||2,400
2025-07-31T19:07:11.665 0100|01|00|06|f801fe|340401016009[payload->].`.||2,400
2025-07-31T19:17:20.841 0100|01|00|06|f801fe|340401016009[payload->].`.||2,400
2025-07-31T19:37:38.855 0100|01|00|06|f801fe|340401016009[payload->].`.||2,400
2025-07-31T19:47:47.987 0100|00|00|05|fa0001|3404016fb2[payload->]o.||45,679
2025-07-31T19:47:47.987 0100|01|00|06|f801fe|340401016009[payload->].`.||2,400
2025-07-31T20:04:58.046 0100|01|00|18|e601fe|34040102c81024a00084ffffffffffffffffffffffff7415[payload->]...$...............t.||5,492
2025-07-31T20:28:22.867 0100|00|00|05|fa0001|3404016fb2[payload->]o.||45,679
2025-07-31T20:28:22.968 0100|01|00|06|f801fe|340401016009[payload->].`.||2,400
2025-07-31T20:48:41.409 0100|00|00|05|fa0001|340401fe20[payload->]. ||8,446
2025-07-31T20:58:49.877 0100|00|00|05|fa0001|3404016fb2[payload->]o.||45,679
2025-07-31T20:58:49.878 0100|01|00|06|f801fe|340401016009[payload->].`.||2,400
2025-07-31T21:08:59.064 0100|00|00|05|fa0001|3404016fb2[payload->]o.||45,679
2025-07-31T21:08:59.165 0100|01|00|06|f801fe|340401016009[payload->].`.||2,400
2025-07-31T21:29:17.022 0100|00|00|05|fa0001|3404016fb2[payload->]o.||45,679
2025-07-31T21:29:17.022 0100|01|00|06|f801fe|340401016009[payload->].`.||2,400
2025-07-31T22:09:50.877 0100|00|00|05|fa0001|3404016fb2[payload->]o.||45,679
2025-07-31T22:09:50.878 0100|01|00|06|f801fe|340401016009[payload->].`.||2,400
2025-07-31T22:30:08.950 0100|00|00|05|fa0001|3404016fb2[payload->]o.||45,679
2025-07-31T22:30:09.051 0100|01|00|06|f801fe|340401016009[payload->].`.||2,400
2025-07-31T23:41:12.537 0100|00|00|05|fa0001|3404016fb2[payload->]o.||45,679
2025-07-31T23:41:12.639 0100|01|00|06|f801fe|340401016009[payload->].`.||2,400
2025-08-01T00:42:06.211 0100|00|00|05|fa0001|3404016fb2[payload->]o.||45,679
2025-08-01T00:42:06.212 0100|01|00|06|f803fe|340401016009[payload->].`.||2,400
2025-08-01T01:02:24.451 0100|00|00|05|fa0001|3404016fb2[payload->]o.||45,679
2025-08-01T01:02:24.553 0100|01|00|06|f801fe|340401016009[payload->].`.||2,400
2025-08-01T01:32:51.144 0100|00|00|05|fa0001|3404016fb2[payload->]o.||45,679
2025-08-01T01:32:51.245 0100|01|00|06|f801fe|340401016009[payload->].`.||2,400
2025-08-01T02:33:43.844 0100|00|00|05|fa0001|3404016fb2[payload->]o.||45,679
2025-08-01T02:33:43.844 0100|01|00|06|f801fe|340401016009[payload->].`.||2,400
2025-08-01T03:14:18.718 0100|00|00|05|fa0001|3404016fb2[payload->]o.||45,679
2025-08-01T03:14:18.719 0100|01|00|06|f801fe|340401016009[payload->].`.||2,400
2025-08-01T03:44:43.426 0100|00|00|05|fa0001|3404016fb2[payload->]o.||45,679
2025-08-01T03:44:43.527 0100|01|00|06|f801fe|340401016009[payload->].`.||2,400
2025-08-01T04:05:01.830 0100|00|00|05|fa0001|3404016fb2[payload->]o.||45,679
2025-08-01T04:05:01.931 0100|01|00|06|f801fe|340401016009[payload->].`.||2,400
2025-08-01T04:25:19.945 0100|00|00|05|fa0001|3404016fb2[payload->]o.||45,679
2025-08-01T04:25:20.046 0100|01|00|06|f801fe|340401016009[payload->].`.||2,400
2025-08-01T04:35:28.897 0100|00|00|05|fa0001|3404016fb2[payload->]o.||45,679
2025-08-01T04:35:28.897 0100|01|00|06|f801fe|340401016009[payload->].`.||2,400
2025-08-01T04:45:38.041 0100|00|00|05|fa0001|3404016fb2[payload->]o.||45,679
2025-08-01T04:45:38.142 0100|01|00|06|f801fe|340401016009[payload->].`.||2,400
2025-08-01T04:55:47.529 0100|00|00|05|fa0001|3404016fb2[payload->]o.||45,679
2025-08-01T04:55:47.530 0100|01|00|06|f801fe|340401016009[payload->].`.||2,400
2025-08-01T05:16:05.478 0100|01|00|06|f801fe|340401016009[payload->].`.||2,400
2025-08-01T05:56:40.872 0100|00|00|05|fa0001|3404016fb2[payload->]o.||45,679
2025-08-01T05:56:40.873 0100|01|00|06|f801fe|340401016009[payload->].`.||2,400
2025-08-01T06:06:49.471 0100|00|00|05|fa0001|3404016fb2[payload->]o.||45,679
2025-08-01T06:06:49.572 0100|01|00|06|f801fe|340401016009[payload->].`.||2,400
2025-08-01T06:16:58.523 0100|00|00|05|fa0001|3404016fb2[payload->]o.||45,679
2025-08-01T06:16:58.523 0100|01|00|06|f801fe|340401016009[payload->].`.||2,400
2025-08-01T06:37:15.251 0100|01|00|06|f801fe|340401016009[payload->].`.||2,400
2025-08-01T07:38:07.906 0100|00|00|05|fa0001|3404016fb2[payload->]o.||45,679
2025-08-01T07:38:08.007 0100|01|00|06|f801fe|340401016009[payload->].`.||2,400
2025-08-01T07:48:15.145 0100|00|00|05|fa0001|3404016fb2[payload->]o.||45,679
2025-08-01T07:48:15.246 0100|01|00|06|f801fe|340401016009[payload->].`.||2,400
2025-08-01T07:58:24.585 0100|00|00|05|fa0001|3404016fb2[payload->]o.||45,679
2025-08-01T07:58:24.686 0100|01|00|06|f801fe|340401016009[payload->].`.||2,400
2025-08-01T08:08:33.954 0100|00|00|05|fa0001|3404016fb2[payload->]o.||45,679
2025-08-01T08:08:33.954 0100|01|00|06|f801fe|340401016009[payload->].`.||2,400
2025-08-01T08:18:42.615 0100|00|00|05|fa0001|3404016fb2[payload->]o.||45,679
2025-08-01T08:18:42.616 0100|01|00|06|f801fe|340401016009[payload->].`.||2,400
2025-08-01T08:49:08.820 0100|00|00|05|fa0001|3404016fb2[payload->]o.||45,679
2025-08-01T08:49:08.921 0100|01|00|06|f801fe|340401016009[payload->].`.||2,400
2025-08-01T09:29:44.155 0100|00|00|05|fa0001|3404016fb2[payload->]o.||45,679
2025-08-01T09:29:44.256 0100|01|00|06|f801fe|340401016009[payload->].`.||2,400
2025-08-01T09:39:53.976 0100|00|00|05|fa0001|3404016fb2[payload->]o.||45,679
2025-08-01T09:39:54.178 0100|01|00|06|f801fe|340401016009[payload->].`.||2,400
2025-08-01T10:10:19.830 0100|00|00|05|fa0001|3404016fb2[payload->]o.||45,679
2025-08-01T10:10:19.830 0100|01|00|06|f801fe|340401016009[payload->].`.||2,400
2025-08-01T10:30:37.988 0100|00|00|05|fa0001|3404016fb2[payload->]o.||45,679
2025-08-01T10:30:38.089 0100|01|00|06|f801fe|340401016009[payload->].`.||2,400
2025-08-01T10:50:55.841 0100|00|00|05|fa0001|3404016fb2[payload->]o.||45,679
2025-08-01T10:50:55.942 0100|01|00|06|f801fe|340401016009[payload->].`.||2,400
2025-08-01T11:21:22.847 0100|00|00|05|fa0001|3404016fb2[payload->]o.||45,679
2025-08-01T11:21:22.949 0100|01|00|06|f801fe|340401016009[payload->].`.||2,400
2025-08-01T11:31:33.048 0100|00|00|05|fa0001|3404016fb2[payload->]o.||45,679
2025-08-01T11:31:33.048 0100|01|00|06|f801fe|340401016009[payload->].`.||2,400
2025-08-01T11:51:50.899 0100|00|00|05|fa0001|3404016fb2[payload->]o.||45,679
2025-08-01T11:51:51.100 0100|01|00|06|f801fe|340401016009[payload->].`.||2,400
2025-08-01T12:12:08.818 0100|00|00|05|fa0001|3404016fb2[payload->]o.||45,679
2025-08-01T12:12:08.818 0100|01|00|06|f801fe|340401016009[payload->].`.||2,400
2025-08-01T12:52:43.315 0100|00|00|05|fa0001|3404016fb2[payload->]o.||45,679
2025-08-01T12:52:43.416 0100|01|00|06|f801fe|340401016009[payload->].`.||2,400
2025-08-01T13:23:09.898 0100|00|00|05|fa0001|3404016fb2[payload->]o.||45,679
2025-08-01T13:23:09.898 0100|01|00|06|f801fe|340401016009[payload->].`.||2,400
2025-08-01T13:33:18.990 0100|00|00|05|fa0001|3404016fb2[payload->]o.||45,679
2025-08-01T13:33:19.091 0100|01|00|06|f801fe|340401016009[payload->].`.||2,400
2025-08-01T13:43:27.732 0100|00|00|05|fa0001|3404016fb2[payload->]o.||45,679
2025-08-01T13:43:27.732 0100|01|00|06|f801fe|340401016009[payload->].`.||2,400
2025-08-01T13:53:36.648 0100|00|00|05|fa0001|3404016fb2[payload->]o.||45,679
2025-08-01T13:53:36.749 0100|01|00|06|f801fe|340401016009[payload->].`.||2,400
2025-08-01T15:14:46.343 0100|00|00|05|fa0001|3404016fb2[payload->]o.||45,679
2025-08-01T15:14:46.343 0100|01|00|06|f801fe|340401016009[payload->].`.||2,400
2025-08-01T15:35:04.230 0100|00|00|05|fa0001|3404016fb2[payload->]o.||45,679
2025-08-01T15:35:04.331 0100|01|00|06|f801fe|340401016009[payload->].`.||2,400
2025-08-01T15:45:12.805 0100|00|00|05|fa0001|3404016fb2[payload->]o.||45,679
2025-08-01T15:45:12.906 0100|01|00|06|f801fe|340401016009[payload->].`.||2,400
2025-08-01T16:15:38.174 0100|01|00|06|f801fe|340401016009[payload->].`.||2,400
2025-08-01T16:25:47.686 0100|00|00|05|fa0001|3404016fb2[payload->]o.||45,679
2025-08-01T16:35:56.533 0100|00|00|05|fa0001|3404016fb2[payload->]o.||45,679
2025-08-01T16:35:56.634 0100|01|00|06|f801fe|340401016009[payload->].`.||2,400
2025-08-01T16:56:13.580 0100|01|00|06|f801fe|340401016009[payload->].`.||2,400
2025-08-01T17:06:22.593 0100|00|00|05|fa0001|3404016fb2[payload->]o.||45,679
2025-08-01T17:06:22.594 0100|01|00|06|f801fe|340401016009[payload->].`.||2,400
2025-08-01T17:26:39.322 0100|00|00|05|fa0001|3404016fb2[payload->]o.||45,679
2025-08-01T17:26:39.423 0100|01|00|06|f801fe|340401016009[payload->].`.||2,400
2025-08-01T17:36:48.787 0100|01|00|06|f801fe|340401016009[payload->].`.||2,400
2025-08-01T17:57:05.969 0100|01|00|06|f801fe|340401016009[payload->].`.||2,400
2025-08-01T18:07:15.668 0100|00|00|05|fa0001|3404016fb2[payload->]o.||45,679
2025-08-01T18:17:23.684 0100|00|00|05|fa0001|3404016fb2[payload->]o.||45,679
2025-08-01T18:17:23.684 0100|01|00|06|f801fe|340401016009[payload->].`.||2,400
2025-08-01T18:47:48.184 0100|01|00|06|f801fe|340401016009[payload->].`.||2,400
2025-08-01T19:18:15.090 0100|00|00|05|fa0001|3404016fb2[payload->]o.||45,679
2025-08-01T19:48:40.370 0100|00|00|05|fa0001|3404016fb2[payload->]o.||45,679
2025-08-01T20:29:15.027 0100|00|00|05|fa0001|3404016fb2[payload->]o.||45,679
2025-08-01T20:29:15.128 0100|01|00|06|f801fe|340401016009[payload->].`.||2,400
2025-08-01T20:49:32.212 0100|00|00|05|fa0001|3404016fb2[payload->]o.||45,679
2025-08-01T20:49:32.213 0100|01|00|06|f801fe|340401016009[payload->].`.||2,400
2025-08-01T20:59:41.313 0100|00|00|05|fa0001|3404016fb2[payload->]o.||45,679
2025-08-01T20:59:41.414 0100|01|00|06|f801fe|340401016009[payload->].`.||2,400
2025-08-01T21:09:49.245 0100|00|00|05|fa0001|3404016fb2[payload->]o.||45,679
2025-08-01T21:09:49.346 0100|01|00|06|f801fe|340401016009[payload->].`.||2,400
2025-08-01T22:20:52.394 0100|00|00|05|fa0001|3404016fb2[payload->]o.||45,679
2025-08-01T22:20:52.395 0100|01|00|06|f801fe|340401016009[payload->].`.||2,400
2025-08-01T22:41:10.344 0100|00|00|05|fa0001|3404016fb2[payload->]o.||45,679
2025-08-01T22:41:10.445 0100|01|00|06|f801fe|340401016009[payload->].`.||2,400
2025-08-01T23:21:46.035 0100|01|00|06|f801fe|340401016009[payload->].`.||2,400
2025-08-01T23:31:54.973 0100|00|00|05|fa0001|3404016fb2[payload->]o.||45,679
2025-08-01T23:31:55.074 0100|01|00|06|f801fe|340401016009[payload->].`.||2,400
2025-08-01T23:42:02.834 0100|01|00|06|f801fe|340401016009[payload->].`.||2,400
2025-08-02T00:02:19.463 0100|00|00|05|fa0001|3404016fb2[payload->]o.||45,679
2025-08-02T00:02:19.464 0100|01|00|06|f801fe|340401016009[payload->].`.||2,400
2025-08-02T00:32:46.604 0100|00|00|05|fa0001|3404016fb2[payload->]o.||45,679
2025-08-02T00:32:47.209 0100|81|84|86|f801fe|34040101600900ffffff00b5140100000005fa00012007035a73010001000cf201fe20070310040100000000bd7a0100000005fa00012007049832010001000cf201fe200704100501000000008a3a0100000005fa000120070558f3010001000cf201fe200705010184000a000a18960100000005fa000120070659b3010001000cf201fe20[payload->].`................ ..Zs........ ..........z........ ...2........ ..........:........ ..X......... ................... ..Y......... ||8,446
2025-08-02T00:42:54.401 0100|00|00|05|fa0001|3404016fb2[payload->]o.||45,679
2025-08-02T00:42:54.502 0100|01|00|06|f801fe|340401016009[payload->].`.||2,400
2025-08-02T01:13:20.584 0100|00|00|05|fa0001|3404016fb2[payload->]o.||45,679
2025-08-02T01:13:20.584 0100|01|00|06|f801fe|340401016009[payload->].`.||2,400
2025-08-02T01:33:38.652 0100|00|00|05|fa0001|3404016fb2[payload->]o.||45,679
2025-08-02T01:33:38.754 0100|01|00|06|f801fe|340401016009[payload->].`.||2,400
2025-08-02T01:53:56.555 0100|00|00|05|fa0001|3404016fb2[payload->]o.||45,679
2025-08-02T01:53:56.555 0100|01|0c|06|f809fe|340401016009[payload->].`.||2,400
2025-08-02T02:14:14.851 0100|00|00|05|fa0001|3404016fb2[payload->]o.||45,679
2025-08-02T02:14:14.952 0100|01|00|06|f801fe|340401016009[payload->].`.||2,400
2025-08-02T02:24:23.895 0100|00|00|05|fa0001|3404016fb2[payload->]o.||45,679
2025-08-02T02:24:23.895 0100|01|00|06|f801fe|340401016009[payload->].`.||2,400
2025-08-02T02:34:32.776 0100|00|00|05|fa0001|3404016fb2[payload->]o.||45,679
2025-08-02T02:34:32.877 0100|01|00|06|f801fe|340401016009[payload->].`.||2,400
2025-08-02T02:54:50.620 0100|00|00|05|fa0001|3404016fb2[payload->]o.||45,679
2025-08-02T02:54:50.621 0100|01|00|06|f801fe|340401016009[payload->].`.||2,400
2025-08-02T03:45:33.005 0100|01|00|06|f801fe|340401016009[payload->].`.||2,400
2025-08-02T03:55:41.756 0100|00|00|05|fa0001|3404016fb2[payload->]o.||45,679
2025-08-02T03:55:41.857 0100|01|00|06|f801fe|340401016009[payload->].`.||2,400
2025-08-02T04:05:50.032 0100|00|00|05|fa0001|3404016fb2[payload->]o.||45,679
2025-08-02T04:05:50.032 0100|01|00|06|f801fe|340401016009[payload->].`.||2,400
2025-08-02T04:26:08.085 0100|00|00|05|fa0001|3404016fb2[payload->]o.||45,679
2025-08-02T04:26:08.186 0100|01|00|06|f801fe|340401016009[payload->].`.||2,400
2025-08-02T04:46:24.846 0100|00|00|05|fa0001|3404016fb2[payload->]o.||45,679
2025-08-02T04:46:24.947 0100|01|00|06|f801fe|340401016009[payload->].`.||2,400
2025-08-02T04:56:33.957 0100|00|00|05|fa0001|3404016fb2[payload->]o.||45,679
2025-08-02T05:16:51.151 0100|01|00|06|f801fe|340401016009[payload->].`.||2,400
2025-08-02T05:47:17.706 0100|01|00|06|f801fe|340401016009[payload->].`.||2,400
2025-08-02T05:57:26.669 0100|00|00|05|fa0001|3404016fb2[payload->]o.||45,679
2025-08-02T05:57:26.771 0100|01|00|06|f801fe|340401016009[payload->].`.||2,400
2025-08-02T06:07:34.981 0100|00|00|05|fa0001|3404016fb2[payload->]o.||45,679
2025-08-02T06:07:35.082 0100|01|00|06|f801fe|340401016009[payload->].`.||2,400
2025-08-02T06:17:43.706 0100|00|00|05|fa0001|3404016fb2[payload->]o.||45,679
2025-08-02T06:17:43.706 0100|01|00|06|f801fe|340401016009[payload->].`.||2,400
2025-08-02T06:27:52.842 0100|00|00|05|fa0001|3404016fb2[payload->]o.||45,679
2025-08-02T06:27:52.942 0100|01|00|06|f801fe|340401016009[payload->].`.||2,400
2025-08-02T06:48:10.493 0100|00|00|05|fa0001|3404016fb2[payload->]o.||45,679
2025-08-02T06:48:10.595 0100|01|00|06|f801fe|340401016009[payload->].`.||2,400
2025-08-02T06:58:19.750 0100|00|00|05|fa0001|3404016fb2[payload->]o.||45,679
2025-08-02T06:58:19.851 0100|01|00|06|f801fe|340401016009[payload->].`.||2,400
2025-08-02T07:28:46.458 0100|00|00|05|fa0001|3404016fb2[payload->]o.||45,679
2025-08-02T07:28:46.560 0100|01|00|06|f801fe|340401016009[payload->].`.||2,400
2025-08-02T07:59:12.720 0100|00|00|05|fa0001|3404016fb2[payload->]o.||45,679
2025-08-02T07:59:12.721 0100|01|00|06|f801fe|340401016009[payload->].`.||2,400
2025-08-02T08:29:39.495 0100|00|00|05|fa0001|3404016fb2[payload->]o.||45,679
2025-08-02T08:29:39.495 0100|01|00|06|f801fe|340401016009[payload->].`.||2,400
2025-08-02T09:00:04.918 0100|00|00|05|fa0001|3404016fb2[payload->]o.||45,679
2025-08-02T09:00:04.918 0100|01|00|06|f801fe|340401016009[payload->].`.||2,400
2025-08-02T09:10:13.779 0100|00|00|05|fa0001|3404016fb2[payload->]o.||45,679
2025-08-02T09:10:13.880 0100|01|00|06|f801fe|340401016009[payload->].`.||2,400
2025-08-02T09:20:22.481 0100|00|00|05|fa0001|3404016fb2[payload->]o.||45,679
2025-08-02T09:20:22.583 0100|01|00|06|f801fe|340401856009[payload->].`.||2,400
2025-08-02T09:30:31.653 0100|00|00|05|fa0001|3404016fb2[payload->]o.||45,679
2025-08-02T09:30:31.654 0100|01|00|06|f801fe|340401016009[payload->].`.||2,400
2025-08-02T09:50:48.491 0100|00|00|05|fa0001|3404016fb2[payload->]o.||45,679
2025-08-02T09:50:48.592 0100|01|00|06|f801fe|340401016009[payload->].`.||2,400
2025-08-02T10:21:14.810 0100|00|00|05|fa0001|3404016fb2[payload->]o.||45,679
2025-08-02T10:21:14.911 0100|01|00|06|f801fe|340401016009[payload->].`.||2,400
2025-08-02T10:31:24.114 0100|00|00|05|fa0001|3404016fb2[payload->]o.||45,679
2025-08-02T10:31:24.114 0100|01|00|06|f801fe|340401016009[payload->].`.||2,400
2025-08-02T10:41:33.389 0100|00|00|05|fa0001|3404016fb2[payload->]o.||45,679
2025-08-02T10:41:33.490 0100|01|00|06|f801fe|340401016009[payload->].`.||2,400
2025-08-02T11:32:16.701 0100|00|00|05|fa0001|3404016fb2[payload->]o.||45,679
2025-08-02T11:32:16.701 0100|01|00|06|f801fe|340401016009[payload->].`.||2,400
2025-08-02T11:42:25.857 0100|00|00|05|fa0001|3404016fb2[payload->]o.||45,679
2025-08-02T11:42:25.958 0100|01|00|06|f801fe|340401016009[payload->].`.||2,400
2025-08-02T12:02:43.214 0100|00|00|05|fa0001|3404016fb2[payload->]o.||45,679
2025-08-02T12:02:43.315 0100|01|00|06|f801fe|340401016009[payload->].`.||2,400
2025-08-02T12:12:52.175 0100|01|00|06|f801fe|340401016009[payload->].`.||2,400
2025-08-02T12:53:26.575 0100|00|00|05|fa0001|3404016fb2[payload->]o.||45,679
2025-08-02T12:53:26.676 0100|01|00|06|f801fe|340401016009[payload->].`.||2,400
2025-08-02T13:03:34.836 0100|00|00|05|fa0001|3404016fb2[payload->]o.||45,679
2025-08-02T13:03:34.837 0100|01|00|06|f801fe|340401016009[payload->].`.||2,400
2025-08-02T13:34:01.621 0100|00|00|05|fa0001|3404016fb2[payload->]o.||45,679
2025-08-02T13:34:01.723 0100|01|00|06|f801fe|340401016009[payload->].`.||2,400
2025-08-02T13:54:18.968 0100|00|00|05|fa0001|3404016fb2[payload->]o.||45,679
2025-08-02T13:54:19.069 0100|01|00|06|f801fe|340401016009[payload->].`.||2,400
2025-08-02T14:24:44.605 0100|01|00|06|f801fe|340401016009[payload->].`.||2,400
2025-08-02T14:34:53.572 0100|00|00|05|fa0001|3404016fb2[payload->]o.||45,679
2025-08-02T14:34:53.673 0100|01|00|06|f801fe|340401016009[payload->].`.||2,400
2025-08-02T14:45:02.709 0100|00|00|05|fa0001|3404016fb2[payload->]o.||45,679
2025-08-02T14:45:02.810 0100|01|00|06|f801fe|340401016009[payload->].`.||2,400
2025-08-02T14:55:11.787 0100|00|00|05|fa0001|3404016fb2[payload->]o.||45,679
2025-08-02T15:15:29.614 0100|00|00|05|fa0001|3404016fb2[payload->]o.||45,679
2025-08-02T15:15:29.715 0100|01|00|06|f801fe|340401016009[payload->].`.||2,400
2025-08-02T15:25:38.601 0100|00|00|05|fa0001|3404016fb2[payload->]o.||45,679
2025-08-02T15:25:38.601 0100|01|00|06|f801fe|340401016009[payload->].`.||2,400
2025-08-02T15:45:56.767 0100|01|00|06|f801fe|340401016009[payload->].`.||2,400
2025-08-02T16:16:22.099 0100|00|00|05|fa0001|3404016fb2[payload->]o.||45,679
2025-08-02T16:16:22.200 0100|01|00|06|f801fe|340401016009[payload->].`.||2,400
2025-08-02T16:56:57.651 0100|00|00|05|fa0001|3404016fb2[payload->]o.||45,679
2025-08-02T16:56:57.752 0100|01|00|06|f801fe|340401016009[payload->].`.||2,400
2025-08-02T17:07:06.400 0100|00|00|05|fa0001|3404016fb2[payload->]o.||45,679
2025-08-02T17:07:06.501 0100|01|00|06|f801fe|340401016009[payload->].`.||2,400
2025-08-02T17:27:23.522 0100|00|00|05|fa0001|3404016fb2[payload->]o.||45,679
2025-08-02T17:27:23.623 0100|01|00|06|f801fe|340401016009[payload->].`.||2,400
2025-08-02T17:37:32.429 0100|00|00|05|fa0001|3404016fb2[payload->]o.||45,679
2025-08-02T17:47:41.720 0100|00|00|05|fa0001|3404016fb2[payload->]o.||45,679
2025-08-02T17:47:41.720 0100|01|00|06|f801fe|340401016009[payload->].`.||2,400
2025-08-02T17:57:50.431 0100|00|00|05|fa0001|3404016fb2[payload->]o.||45,679
2025-08-02T17:57:50.532 0100|01|00|06|f801fe|340401016009[payload->].`.||2,400
2025-08-02T18:07:59.643 0100|01|00|06|f801fe|340401016009[payload->].`.||2,400
2025-08-02T18:18:08.843 0100|00|00|05|fa0001|3404016fb2[payload->]o.||45,679
2025-08-02T18:38:27.056 0100|00|00|05|fa0001|3404016fb2[payload->]o.||45,679
2025-08-02T18:38:27.157 0100|01|00|06|f801fe|340401016009[payload->].`.||2,400
2025-08-02T18:58:44.278 0100|00|00|05|fa0001|3404016fb2[payload->]o.||45,679
2025-08-02T18:58:44.479 0100|01|00|06|f801fe|340401016009[payload->].`.||2,400
2025-08-02T19:36:16.825 0100|01|00|07|f701fe|34040196002687[payload->]..&.||34,598
2025-08-02T19:49:29.214 0100|00|00|05|fa0001|3404016fb2[payload->]o.||45,679
2025-08-02T19:49:29.415 0100|01|00|06|f801fe|340401016009[payload->].`.||2,400
2025-08-02T19:59:38.336 0100|00|00|05|fa0001|3404016fb2[payload->]o.||45,679
2025-08-02T19:59:38.336 0100|01|00|06|f801fe|340401016009[payload->].`.||2,400
2025-08-02T20:09:47.198 0100|00|00|05|fa0001|3404016fb2[payload->]o.||45,679
2025-08-02T20:09:47.198 0100|01|00|06|f801fe|340401016009[payload->].`.||2,400
2025-08-02T20:40:12.385 0100|01|00|06|f801fe|340401016009[payload->].`.||2,400
2025-08-02T21:20:48.405 0100|00|00|05|fa0001|3404016fb2[payload->]o.||45,679
2025-08-02T21:20:48.506 0100|01|00|06|f801fe|340401016009[payload->].`.||2,400
2025-08-02T21:30:55.761 0100|00|00|05|fa0001|3404016fb2[payload->]o.||45,679
2025-08-02T21:30:55.862 0100|01|00|06|f801fe|340401016009[payload->].`.||2,400
2025-08-02T22:01:22.940 0100|00|00|05|fa0001|3404016fb2[payload->]o.||45,679
2025-08-02T22:01:23.041 0100|01|00|06|f801fe|340401016009[payload->].`.||2,400
2025-08-02T22:11:31.760 0100|00|00|05|fa0001|3404016fb2[payload->]o.||45,679
2025-08-02T22:11:31.861 0100|01|00|06|f801fe|340401016009[payload->].`.||2,400
2025-08-02T22:41:58.246 0100|00|00|05|fa0001|3404016fb2[payload->]o.||45,679
2025-08-02T22:41:58.347 0100|01|00|06|f801fe|340401016009[payload->].`.||2,400
2025-08-02T23:02:15.935 0100|00|00|05|fa0001|3404016fb2[payload->]o.||45,679
2025-08-02T23:02:15.935 0100|01|00|06|f801fe|340401016009[payload->].`.||2,400
2025-08-02T23:12:24.593 0100|00|00|05|fa0001|3404016fb2[payload->]o.||45,679
2025-08-02T23:12:24.694 0100|01|00|06|f801fe|340401016009[payload->].`.||2,400
2025-08-02T23:52:59.247 0100|00|00|05|fa0001|3404016fb2[payload->]o.||45,679
2025-08-02T23:52:59.248 0100|01|00|06|f801fe|340401016009[payload->].`.||2,400
2025-08-03T00:13:17.338 0100|00|00|05|fa0001|3404016fb2[payload->]o.||45,679
2025-08-03T00:23:25.952 0100|00|00|05|fa0001|3404016fb2[payload->]o.||45,679
2025-08-03T00:23:26.054 0100|01|00|06|f801fe|340401016009[payload->].`.||2,400
2025-08-03T00:53:52.220 0100|00|00|05|fa0001|3404016fb2[payload->]o.||45,679
2025-08-03T00:53:52.322 0100|01|00|06|f801fe|340401016009[payload->].`.||2,400
2025-08-03T01:34:27.746 0100|00|00|05|fa0001|3404016fb2[payload->]o.||45,679
2025-08-03T01:34:27.847 0100|01|00|06|f801fe|340401016009[payload->].`.||2,400
2025-08-03T01:54:45.025 0100|00|00|05|fa0001|3404016fb2[payload->]o.||45,679
2025-08-03T01:54:45.126 0100|01|00|06|f801fe|340401016009[payload->].`.||2,400
2025-08-03T02:04:52.297 0100|01|00|06|f801fe|340401016009[payload->].`.||2,400
2025-08-03T02:15:01.018 0100|00|00|05|fa0001|3404016fb2[payload->]o.||45,679
2025-08-03T02:15:01.119 0100|01|00|06|f801fe|340401016009[payload->].`.||2,400
2025-08-03T03:56:30.967 0100|00|00|05|fa0001|3404016fb2[payload->]o.||45,679
2025-08-03T03:56:31.068 0100|01|00|06|f801fe|340401016009[payload->].`.||2,400
2025-08-03T04:06:39.898 0100|00|00|05|fa0001|3404016fb2[payload->]o.||45,679
2025-08-03T04:06:39.999 0100|01|00|06|f801fe|340401016009[payload->].`.||2,400
2025-08-03T04:16:48.987 0100|00|00|05|fa0001|3404016fb2[payload->]o.||45,679
2025-08-03T04:16:49.089 0100|01|00|06|f801fe|340401016009[payload->].`.||2,400
2025-08-03T04:26:57.601 0100|00|00|05|fa0001|3404016fb2[payload->]o.||45,679
2025-08-03T05:07:32.765 0100|01|00|06|f801fe|340401016009[payload->].`.||2,400
2025-08-03T05:17:42.108 0100|00|00|05|fa0001|3404016fb2[payload->]o.||45,679
2025-08-03T05:17:42.310 0100|01|00|06|f801fe|340401016009[payload->].`.||2,400
2025-08-03T05:48:09.271 0100|00|00|05|fa0001|3404016fb2[payload->]o.||45,679
2025-08-03T05:48:09.372 0100|01|00|06|f801fe|340401016009[payload->].`.||2,400
2025-08-03T06:28:44.090 0100|00|00|05|fa0001|3404016fb2[payload->]o.||45,679
2025-08-03T06:28:44.191 0100|01|00|06|f801fe|340401016009[payload->].`.||2,400
2025-08-03T06:49:00.910 0100|00|00|05|fa0001|3404016fb2[payload->]o.||45,679
2025-08-03T06:49:01.012 0100|01|00|06|f801fe|340401016009[payload->].`.||2,400
2025-08-03T06:59:10.172 0100|00|00|05|fa0001|3404016fb2[payload->]o.||45,679
2025-08-03T06:59:10.273 0100|01|00|06|f801fe|340401016009[payload->].`.||2,400
2025-08-03T07:09:19.519 0100|00|00|05|fa0001|3404016fb2[payload->]o.||45,679
2025-08-03T07:09:19.621 0100|01|00|06|f801fe|340401016009[payload->].`.||2,400
2025-08-03T07:39:46.097 0100|00|00|05|fa0001|3404016fb2[payload->]o.||45,679
2025-08-03T07:39:46.097 0100|01|00|06|f801fe|340401016009[payload->].`.||2,400
2025-08-03T08:00:02.760 0100|00|00|05|fa0001|3404016fb2[payload->]o.||45,679
2025-08-03T08:00:02.862 0100|01|00|06|f801fe|340401016009[payload->].`.||2,400
2025-08-03T08:10:11.058 0100|00|00|05|fa0001|3404016fb2[payload->]o.||45,679
2025-08-03T08:10:11.159 0100|01|00|06|f801fe|340401016009[payload->].`.||2,400
2025-08-03T08:30:28.750 0100|00|00|05|fa0001|3404016fb2[payload->]o.||45,679
2025-08-03T08:30:28.751 0100|01|00|06|f801fe|340401016009[payload->].`.||2,400
2025-08-03T08:50:47.224 0100|00|00|05|fa0001|3404016fb2[payload->]o.||45,679
2025-08-03T08:50:47.325 0100|01|00|06|fa01fe|340401016009[payload->].`.||2,400
2025-08-03T09:00:56.027 0100|01|00|06|f801fe|340401016009[payload->].`.||2,400
2025-08-03T09:31:20.797 0100|00|00|05|fa0001|3404016fb2[payload->]o.||45,679
2025-08-03T09:31:20.798 0100|01|00|06|f801fe|34040101600a[payload->].`.||2,656
2025-08-03T09:51:38.631 0100|00|00|05|fa0001|3404016fb2[payload->]o.||45,679
2025-08-03T09:51:38.732 0100|01|00|06|f801fe|340401016009[payload->].`.||2,400
2025-08-03T10:22:05.250 0100|00|00|05|fa0001|3404016fb2[payload->]o.||45,679
2025-08-03T10:22:05.351 0100|01|00|06|f801fe|340401016009[payload->].`.||2,400
2025-08-03T10:32:13.759 0100|00|00|05|fa0001|3404016fb2[payload->]o.||45,679
2025-08-03T10:32:13.759 0100|01|00|06|f801fe|340401016009[payload->].`.||2,400
2025-08-03T11:12:49.216 0100|00|00|05|fa0001|3404016fb2[payload->]o.||45,679
2025-08-03T11:12:49.216 0100|01|00|06|f801fe|340401016009[payload->].`.||2,400
2025-08-03T11:22:58.974 0100|00|00|05|fa0001|3404016fb2[payload->]o.||45,679
2025-08-03T11:22:58.974 0100|01|00|06|f801fe|340401016009[payload->].`.||2,400
2025-08-03T11:33:07.750 0100|00|00|05|fa0001|3404016fb2[payload->]o.||45,679
2025-08-03T11:33:07.751 0100|01|00|06|f801fe|340401016009[payload->].`.||2,400
2025-08-03T11:43:16.628 0100|00|00|05|fa0001|3404016fb2[payload->]o.||45,679
2025-08-03T11:43:16.629 0100|01|00|06|f801fe|340401016009[payload->].`.||2,400
2025-08-03T12:03:35.037 0100|00|00|05|fa0001|3404016fb2[payload->]o.||45,679
2025-08-03T12:03:35.037 0100|01|00|06|f801fe|340401016009[payload->].`.||2,400
2025-08-03T12:23:52.657 0100|00|00|05|fa0001|3404016fb2[payload->]o.||45,679
2025-08-03T12:23:52.658 0100|01|00|06|f801fe|340401016009[payload->].`.||2,400
2025-08-03T12:44:10.769 0100|00|00|05|fa0001|3404016fb2[payload->]o.||45,679
2025-08-03T12:44:10.870 0100|01|00|06|f801fe|340401016009[payload->].`.||2,400
2025-08-03T12:54:19.885 0100|00|00|05|fa0001|3404016fb2[payload->]o.||45,679
2025-08-03T12:54:19.986 0100|01|00|06|f801fe|340401016009[payload->].`.||2,400
2025-08-03T13:04:28.842 0100|01|00|06|f801fe|340401016009[payload->].`.||2,400
2025-08-03T13:14:37.694 0100|00|00|05|fa0001|3404016fb2[payload->]o.||45,679
2025-08-03T13:14:37.795 0100|01|00|06|f801fe|340401016009[payload->].`.||2,400
2025-08-03T13:45:04.380 0100|00|00|05|fa0001|3404016fb2[payload->]o.||45,679
2025-08-03T13:45:04.482 0100|01|00|06|f801fe|340401016009[payload->].`.||2,400
2025-08-03T14:56:06.786 0100|00|00|05|fa0001|3404016fb2[payload->]o.||45,679
2025-08-03T14:56:06.786 0100|01|00|06|f801fe|340401016009[payload->].`.||2,400
2025-08-03T15:06:14.952 0100|00|00|05|fa0001|3404016fb2[payload->]o.||45,679
2025-08-03T15:06:15.053 0100|01|00|06|f801fe|340401016009[payload->].`.||2,400
2025-08-03T15:16:23.958 0100|00|00|05|fa0001|3404016fb2[payload->]o.||45,679
2025-08-03T15:16:24.060 0100|01|00|06|f801fe|340401016009[payload->].`.||2,400
2025-08-03T15:26:32.599 0100|00|00|05|fa0001|3404016fb2[payload->]o.||45,679
2025-08-03T15:26:32.700 0100|01|00|06|f801fe|340401016009[payload->].`.||2,400
2025-08-03T15:56:59.799 0100|00|00|05|fa0001|3404016fb2[payload->]o.||45,679
2025-08-03T16:07:07.609 0100|00|00|05|fa0001|3404016fb2[payload->]o.||45,679
2025-08-03T16:07:07.609 0100|01|00|06|f801fe|340401016009[payload->].`.||2,400
2025-08-03T16:27:24.910 0100|00|00|05|fa0001|3404016fb2[payload->]o.||45,679
2025-08-03T16:27:25.012 0100|01|00|06|f801fe|340401016009[payload->].`.||2,400
2025-08-03T16:57:51.175 0100|00|00|05|fa0001|3404016fb2[payload->]o.||45,679
2025-08-03T16:57:51.277 0100|01|02|06|f801fe|340401016009[payload->].`.||2,400
2025-08-03T17:08:00.129 0100|00|00|05|fa0001|3404016fb2[payload->]o.||45,679
2025-08-03T17:08:00.230 0100|01|00|06|f801fe|340401016009[payload->].`.||2,400
2025-08-03T17:18:09.102 0100|00|00|05|fa0001|3404016fb2[payload->]o.||45,679
2025-08-03T17:18:09.102 0100|01|00|06|f801fe|340401016009[payload->].`.||2,400
2025-08-03T17:38:26.748 0100|00|00|05|fa0001|3404016fb2[payload->]o.||45,679
2025-08-03T17:48:35.417 0100|00|00|05|fa0001|3404016fb2[payload->]o.||45,679
2025-08-03T17:48:35.519 0100|01|00|06|f801fe|340401016009[payload->].`.||2,400
2025-08-03T18:08:53.267 0100|00|00|05|fa0001|3404016fb2[payload->]o.||45,679
2025-08-03T18:08:53.368 0100|01|00|06|f801fe|340401016009[payload->].`.||2,400
