2025-07-30T20:37:51.373 0100|01|00|06|f801fe|20010f02f058[payload->]..X||22,768
2025-07-30T20:48:00.424 0100|00|00|05|fa0001|20010fff70[payload->].p||28,927
2025-07-30T20:48:00.424 0100|01|00|06|f801fe|20010f02f058[payload->]..X||22,768
2025-07-30T20:48:01.133 0100|00|00|05|fa0003|20010f4771[payload->]Gq||28,999
2025-07-30T20:48:01.133 0100|01|00|06|f801fe|20010f02f058[payload->]..X||22,768
2025-07-30T20:58:09.364 0100|00|00|05|fa0001|20010fff70[payload->].p||28,927
2025-07-30T20:58:09.364 0100|01|00|06|f801fe|20010f02f058[payload->]..X||22,768
2025-07-30T21:08:18.036 0100|00|00|05|fa0001|20010fff70[payload->].p||28,927
2025-07-30T21:08:18.137 0100|01|00|06|f801fe|20010f02f058[payload->]..X||22,768
2025-07-30T21:18:28.002 0100|00|00|05|fa0003|20010f4771[payload->]Gq||28,999
2025-07-30T21:18:28.002 0100|01|00|06|f801fe|20010f02f058[payload->]..X||22,768
2025-07-30T21:28:36.492 0100|00|00|05|fa0003|20010f4771[payload->]Gq||28,999
2025-07-30T21:28:36.593 0100|01|00|06|f801fe|20010f02f058[payload->]..X||22,768
2025-07-30T21:38:44.424 0100|00|00|05|fa0001|20010fff70[payload->].p||28,927
2025-07-30T21:38:44.425 0100|01|00|06|f801fe|20010f02f058[payload->]..X||22,768
2025-07-30T21:48:53.101 0100|00|00|05|fa0001|20010fff70[payload->].p||28,927
2025-07-30T21:48:53.202 0100|01|00|06|f801fe|20010f02f058[payload->]..X||22,768
2025-07-30T21:48:53.708 0100|01|00|06|f801fe|20010f02f058[payload->]..X||22,768
2025-07-30T21:59:01.779 0100|00|00|05|fa0001|20010fff70[payload->].p||28,927
2025-07-30T21:59:01.780 0100|01|00|06|f801fe|20010f02f058[payload->]..X||22,768
2025-07-30T21:59:02.590 0100|00|00|05|fa0003|20010f4771[payload->]Gq||28,999
2025-07-30T21:59:02.590 0100|01|00|06|f801fe|20010f02f058[payload->]..X||22,768
2025-07-30T22:19:19.502 0100|00|00|05|fa0001|20010fff70[payload->].p||28,927
2025-07-30T22:19:19.503 0100|01|00|06|f801fe|20010f02f058[payload->]..X||22,768
2025-07-30T22:19:20.110 0100|00|00|05|fa0003|20010f4771[payload->]Gq||28,999
2025-07-30T22:19:20.212 0100|01|00|06|f801fe|20010f02f058[payload->]..X||22,768
2025-07-30T22:29:28.054 0100|00|00|05|fa0001|20010fff70[payload->].p||28,927
2025-07-30T22:29:28.155 0100|01|00|06|f801fe|20010f02f058[payload->]..X||22,768
2025-07-30T22:39:36.922 0100|00|00|05|fa0001|20010fff70[payload->].p||28,927
2025-07-30T22:39:36.922 0100|01|00|06|f801fe|20010f02f058[payload->]..X||22,768
2025-07-30T22:39:37.834 0100|00|00|05|fa0003|20010f4771[payload->]Gq||28,999
2025-07-30T22:39:37.935 0100|01|00|06|f801fe|20010f02f058[payload->]..X||22,768
2025-07-30T22:49:46.067 0100|00|00|05|fa0001|20010fff70[payload->].p||28,927
2025-07-30T22:49:46.068 0100|01|00|06|f801fe|20010f02f058[payload->]..X||22,768
2025-07-30T22:49:47.181 0100|00|00|05|fa0003|20010f4771[payload->]Gq||28,999
2025-07-30T22:59:54.005 0100|00|00|05|fa0001|20010fff70[payload->].p||28,927
2025-07-30T22:59:54.006 0100|01|00|06|f801fe|20010f02f058[payload->]..X||22,768
2025-07-30T22:59:55.120 0100|00|00|05|fa0003|20010f4771[payload->]Gq||28,999
2025-07-30T22:59:55.221 0100|01|00|06|f801fe|20010f02f058[payload->]..X||22,768
2025-07-30T23:10:02.545 0100|00|00|05|fa0001|20010fff70[payload->].p||28,927
2025-07-30T23:10:02.646 0100|01|00|06|f801fe|20010f02f058[payload->]..X||22,768
2025-07-30T23:10:03.355 0100|00|00|05|fa0003|20010f4771[payload->]Gq||28,999
2025-07-30T23:10:03.355 0100|01|00|06|f801fe|20010f02f058[payload->]..X||22,768
2025-07-30T23:30:21.475 0100|00|00|05|fa0003|20010f4771[payload->]Gq||28,999
2025-07-30T23:30:21.576 0100|01|00|06|f801fe|20010f02f058[payload->]..X||22,768
2025-07-30T23:40:30.597 0100|00|00|05|fa0001|20010fff70[payload->].p||28,927
2025-07-30T23:40:30.699 0100|01|00|06|f801fe|20010f02f058[payload->]..X||22,768
2025-07-30T23:40:31.409 0100|00|00|05|fa0003|20010f4771[payload->]Gq||28,999
2025-07-30T23:40:31.510 0100|01|00|06|f801fe|20010f02f058[payload->]..X||22,768
2025-07-30T23:50:39.432 0100|00|00|05|fa0001|20010fff70[payload->].p||28,927
2025-07-30T23:50:39.533 0100|01|00|06|f801fe|20010f02f058[payload->]..X||22,768
2025-07-31T00:10:57.139 0100|00|00|05|fa0001|20010fff70[payload->].p||28,927
2025-07-31T00:10:57.139 0100|01|00|06|f801fe|20010f02f058[payload->]..X||22,768
2025-07-31T00:31:14.273 0100|01|00|06|f801fe|20010f02f058[payload->]..X||22,768
2025-07-31T00:41:23.165 0100|00|00|05|fa0001|20010fff70[payload->].p||28,927
2025-07-31T00:41:23.165 0100|01|00|06|f801fe|20010f02f058[payload->]..X||22,768
2025-07-31T00:51:31.763 0100|00|00|05|fa0001|20010fff70[payload->].p||28,927
2025-07-31T00:51:31.764 0100|01|00|06|f801fe|20010f02f058[payload->]..X||22,768
2025-07-31T00:51:32.472 0100|00|00|05|fa0003|20010f4771[payload->]Gq||28,999
2025-07-31T00:51:32.473 0100|01|00|06|f801fe|20010f02f058[payload->]..X||22,768
2025-07-31T01:01:40.667 0100|00|00|05|fa0001|20010fff70[payload->].p||28,927
2025-07-31T01:01:40.768 0100|01|00|06|f801fe|20010f02f058[payload->]..X||22,768
2025-07-31T01:11:49.185 0100|00|00|05|fa0003|20010f4771[payload->]Gq||28,999
2025-07-31T01:11:49.185 0100|01|00|06|f801fe|20010f02f058[payload->]..X||22,768
2025-07-31T01:21:57.068 0100|00|00|05|fa0001|20010fff70[payload->].p||28,927
2025-07-31T01:21:57.169 0100|01|00|06|f801fe|20010f02f058[payload->]..X||22,768
2025-07-31T01:42:14.278 0100|00|00|05|fa0001|20010fff70[payload->].p||28,927
2025-07-31T01:42:14.278 0100|01|00|06|f801fe|20010f02f058[payload->]..X||22,768
2025-07-31T01:52:23.053 0100|00|00|05|fa0001|20010fff70[payload->].p||28,927
2025-07-31T01:52:23.053 0100|01|00|06|f801fe|20010f02f058[payload->]..X||22,768
2025-07-31T01:52:24.166 0100|00|00|05|fa0003|20010f4771[payload->]Gq||28,999
2025-07-31T01:52:24.167 0100|01|00|06|f801fe|20010f02f058[payload->]..X||22,768
2025-07-31T02:02:33.657 0100|00|00|05|fa0003|20010f4771[payload->]Gq||28,999
2025-07-31T02:02:33.658 0100|01|00|06|f801fe|20010f02f058[payload->]..X||22,768
2025-07-31T02:12:41.426 0100|00|00|05|fa0001|20010fff70[payload->].p||28,927
2025-07-31T02:12:41.527 0100|01|00|06|f801fe|20010f02f058[payload->]..X||22,768
2025-07-31T02:22:50.678 0100|00|00|05|fa0001|20010fff70[payload->].p||28,927
2025-07-31T02:22:50.779 0100|01|00|06|f801fe|20010f02f058[payload->]..X||22,768
2025-07-31T02:22:51.387 0100|00|00|05|fa0003|20010f4771[payload->]Gq||28,999
2025-07-31T02:22:51.488 0100|01|00|06|f801fe|20010f02f058[payload->]..X||22,768
2025-07-31T02:33:00.838 0100|00|00|05|fa0003|20010f4771[payload->]Gq||28,999
2025-07-31T02:33:00.838 0100|01|00|06|f801fe|20010f02f058[payload->]..X||22,768
2025-07-31T02:43:07.575 0100|00|00|05|fa0001|20010fff70[payload->].p||28,927
2025-07-31T02:43:07.676 0100|01|00|06|f801fe|20010f02f058[payload->]..X||22,768
2025-07-31T03:03:25.506 0100|00|00|05|fa0001|20010fff70[payload->].p||28,927
2025-07-31T03:03:25.608 0100|01|00|06|f801fe|20010f02f058[payload->]..X||22,768
2025-07-31T03:13:34.418 0100|00|00|05|fa0001|20010fff70[payload->].p||28,927
2025-07-31T03:13:34.519 0100|01|00|06|f801fe|20010f02f058[payload->]..X||22,768
2025-07-31T03:23:42.546 0100|00|00|05|fa0001|20010fff70[payload->].p||28,927
2025-07-31T03:23:42.546 0100|01|00|06|f801fe|20010f02f058[payload->]..X||22,768
2025-07-31T03:23:43.254 0100|00|00|05|fa0003|20010f4771[payload->]Gq||28,999
2025-07-31T03:23:43.255 0100|01|00|06|f801fe|20010f02f058[payload->]..X||22,768
2025-07-31T03:33:51.339 0100|00|00|05|fa0003|20010f4771[payload->]Gq||28,999
2025-07-31T03:33:51.440 0100|01|00|06|f801fe|20010f02f058[payload->]..X||22,768
2025-07-31T03:43:58.751 0100|00|00|05|fa0001|20010fff70[payload->].p||28,927
2025-07-31T03:54:07.589 0100|00|00|05|fa0001|20010fff70[payload->].p||28,927
2025-07-31T03:54:07.589 0100|01|00|06|f801fe|20010f02f058[payload->]..X||22,768
2025-07-31T03:54:08.298 0100|00|00|05|fa0003|20010f4771[payload->]Gq||28,999
2025-07-31T03:54:08.399 0100|01|00|06|f801fe|20010f02f058[payload->]..X||22,768
2025-07-31T04:14:25.265 0100|00|00|05|fa0001|20010fff70[payload->].p||28,927
2025-07-31T04:14:25.366 0100|01|00|06|f801fe|20010f02f058[payload->]..X||22,768
2025-07-31T04:34:43.161 0100|00|00|05|fa0001|20010fff70[payload->].p||28,927
2025-07-31T04:34:43.262 0100|01|00|06|f801fe|20010f02f058[payload->]..X||22,768
2025-07-31T04:34:44.276 0100|00|00|05|fa0003|20010f4771[payload->]Gq||28,999
2025-07-31T04:34:44.276 0100|01|00|06|f801fe|20010f02f058[payload->]..X||22,768
2025-07-31T04:44:52.507 0100|00|00|05|fa0001|20010fff70[payload->].p||28,927
2025-07-31T04:44:52.507 0100|01|00|06|f801fe|20010f02f058[payload->]..X||22,768
2025-07-31T04:44:53.114 0100|00|00|05|fa0003|20010f4771[payload->]Gq||28,999
2025-07-31T04:44:53.215 0100|01|00|06|f801fe|20010f02f058[payload->]..X||22,768
2025-07-31T04:55:00.688 0100|00|00|05|fa0001|20010fff70[payload->].p||28,927
2025-07-31T04:55:00.789 0100|01|00|06|f801fe|20010f02e058[payload->]..X||22,752
2025-07-31T04:55:01.296 0100|00|00|05|fa0003|20010f4771[payload->]Gq||28,999
2025-07-31T04:55:01.397 0100|01|00|06|f801fe|20010f02f058[payload->]..X||22,768
2025-07-31T05:05:09.728 0100|00|00|05|fa0001|20010fff70[payload->].p||28,927
2025-07-31T05:05:09.728 0100|01|00|06|f801fe|20010f02f058[payload->]..X||22,768
2025-07-31T05:05:10.741 0100|00|00|05|fa0003|20010f4771[payload->]Gq||28,999
2025-07-31T05:05:10.742 0100|03|00|06|f801fe|20010f02f058[payload->]..X||22,768
2025-07-31T05:15:19.654 0100|00|00|05|fa0003|20010f4771[payload->]Gq||28,999
2025-07-31T05:15:19.654 0100|01|00|06|f801fe|20010f02f058[payload->]..X||22,768
2025-07-31T05:25:27.414 0100|00|00|05|fa0001|20010fff70[payload->].p||28,927
2025-07-31T05:25:27.515 0100|01|00|06|f801fe|20010f02f058[payload->]..X||22,768
2025-07-31T05:35:37.630 0100|00|00|05|fa0003|20010f4771[payload->]Gq||28,999
2025-07-31T05:35:37.630 0100|01|00|06|f801fe|20010f02f058[payload->]..X||22,768
2025-07-31T05:45:45.494 0100|00|00|05|fa0001|20010fff70[payload->].p||28,927
2025-07-31T05:45:45.595 0100|01|00|06|f801fe|20010f02f058[payload->]..X||22,768
2025-07-31T05:55:54.044 0100|00|00|05|fa0001|20010fff70[payload->].p||28,927
2025-07-31T05:55:54.145 0100|01|00|06|f801fe|20010f02f058[payload->]..X||22,768
2025-07-31T05:55:54.855 0100|00|00|05|fa0003|20010f4771[payload->]Gq||28,999
2025-07-31T05:55:54.956 0100|01|00|06|f801fe|20010f02f058[payload->]..X||22,768
2025-07-31T06:06:02.464 0100|00|00|05|fa0001|20010fff70[payload->].p||28,927
2025-07-31T06:06:02.565 0100|01|00|06|f801fe|20010f02f058[payload->]..X||22,768
2025-07-31T06:06:03.173 0100|00|00|05|fa0003|20010f4771[payload->]Gq||28,999
2025-07-31T06:06:03.274 0100|01|00|06|f801fe|20010f02f058[payload->]..X||22,768
2025-07-31T06:16:10.961 0100|00|00|05|fa0001|20010fff70[payload->].p||28,927
2025-07-31T06:16:11.062 0100|01|00|06|f801fe|20010f02f058[payload->]..X||22,768
2025-07-31T06:16:11.468 0100|00|00|05|fa0003|20010f4771[payload->]Gq||28,999
2025-07-31T06:16:11.468 0100|01|00|06|f801fe|20010f02f058[payload->]..X||22,768
2025-07-31T06:26:18.703 0100|00|00|05|fa0001|20010fff70[payload->].p||28,927
2025-07-31T06:26:18.703 0100|01|00|06|f801fe|20010f02f058[payload->]..X||22,768
2025-07-31T06:26:19.311 0100|00|00|05|fa0003|20010f4771[payload->]Gq||28,999
2025-07-31T06:26:19.412 0100|01|00|06|f801fe|20010f02f058[payload->]..X||22,768
2025-07-31T06:36:27.560 0100|00|00|05|fa0001|20010fff70[payload->].p||28,927
2025-07-31T06:36:27.661 0100|01|00|06|f801fe|20010f02f058[payload->]..X||22,768
2025-07-31T06:36:28.067 0100|00|00|05|fa0003|20010f4771[payload->]Gq||28,999
2025-07-31T06:36:28.168 0100|01|00|06|f801fe|20010f02f058[payload->]..X||22,768
2025-07-31T06:46:37.059 0100|00|00|05|fa0003|20010f4771[payload->]Gq||28,999
2025-07-31T06:56:44.269 0100|00|00|05|fa0001|20010fff70[payload->].p||28,927
2025-07-31T06:56:44.370 0100|01|00|06|f801fe|20010f02f058[payload->]..X||22,768
2025-07-31T07:06:53.415 0100|00|00|05|fa0003|20010f4771[payload->]Gq||28,999
2025-07-31T07:06:53.415 0100|01|00|06|f801fe|20010f02f058[payload->]..X||22,768
2025-07-31T07:37:19.203 0100|00|00|05|fa0001|20010fff70[payload->].p||28,927
2025-07-31T07:47:27.436 0100|00|00|05|fa0003|20010f4771[payload->]Gq||28,999
2025-07-31T07:47:27.537 0100|01|00|06|f801fe|20010f02f058[payload->]..X||22,768
2025-07-31T07:57:35.025 0100|00|00|05|fa0003|20010f4771[payload->]Gq||28,999
2025-07-31T07:57:35.127 0100|01|00|06|f801fe|20010f02f058[payload->]..X||22,768
2025-07-31T08:07:43.534 0100|00|00|05|fa0001|20010fff70[payload->].p||28,927
2025-07-31T08:07:43.535 0100|01|00|06|f801fe|20010f02f058[payload->]..X||22,768
2025-07-31T08:07:44.143 0100|00|00|05|fa0003|20010f4771[payload->]Gq||28,999
2025-07-31T08:07:44.244 0100|01|00|06|f801fe|20010f02f058[payload->]..X||22,768
2025-07-31T08:28:02.798 0100|00|00|05|fa0003|20010f4771[payload->]Gq||28,999
2025-07-31T08:28:02.798 0100|01|00|06|f801fe|20010f02f058[payload->]..X||22,768
2025-07-31T08:38:09.867 0100|00|00|05|fa0001|20010fff70[payload->].p||28,927
2025-07-31T08:38:09.968 0100|01|00|06|f801fe|20010f02f058[payload->]..X||22,768
2025-07-31T08:58:26.683 0100|00|00|05|fa0001|20010fff70[payload->].p||28,927
2025-07-31T08:58:26.784 0100|01|00|06|f801fe|20010f02f058[payload->]..X||22,768
2025-07-31T08:58:27.493 0100|00|00|05|fa0003|20010f4771[payload->]Gq||28,999
2025-07-31T08:58:27.594 0100|01|00|06|f801fe|20010f02f058[payload->]..X||22,768
2025-07-31T09:18:43.368 0100|00|00|05|fa0001|20010fff70[payload->].p||28,927
2025-07-31T09:18:43.469 0100|01|00|06|f801fe|20010f02f058[payload->]..X||22,768
2025-07-31T09:18:44.077 0100|00|00|05|fa0003|20010f4771[payload->]Gq||28,999
2025-07-31T09:18:44.178 0100|01|00|06|f801fe|20010f02f058[payload->]..X||22,768
2025-07-31T09:28:52.557 0100|00|00|05|fa0003|20010f4771[payload->]Gq||28,999
2025-07-31T09:28:52.658 0100|01|00|06|f801fe|20010f02f058[payload->]..X||22,768
2025-07-31T09:38:59.122 0100|00|00|05|fa0001|20010fff70[payload->].p||28,927
2025-07-31T09:38:59.223 0100|01|00|06|f801fe|20010f02f058[payload->]..X||22,768
2025-07-31T09:39:00.237 0100|00|00|05|fa0003|20010f4771[payload->]Gq||28,999
2025-07-31T09:39:00.237 0100|01|00|06|f801fe|20010f02f058[payload->]..X||22,768
2025-07-31T09:59:15.483 0100|00|00|05|fa0001|20010fff70[payload->].p||28,927
2025-07-31T09:59:15.584 0100|01|00|06|f801fe|20010f02f058[payload->]..X||22,768
2025-07-31T10:09:24.857 0100|00|00|05|fa0003|20010f4771[payload->]Gq||28,999
2025-07-31T10:09:24.958 0100|01|00|06|f801fe|20010f02f058[payload->]..X||22,768
2025-07-31T10:19:32.776 0100|00|00|05|fa0001|20010fff70[payload->].p||28,927
2025-07-31T10:19:32.777 0100|01|00|06|f801fe|20010f02f058[payload->]..X||22,768
2025-07-31T10:19:33.587 0100|00|00|05|fa0003|20010f4771[payload->]Gq||28,999
2025-07-31T10:19:33.587 0100|01|00|06|f801fe|20010f02f058[payload->]..X||22,768
2025-07-31T10:29:42.148 0100|00|00|05|fa0003|20010f4771[payload->]Gq||28,999
2025-07-31T10:29:42.249 0100|01|00|06|f801fe|20010f02f058[payload->]..X||22,768
2025-07-31T10:39:49.398 0100|00|00|05|fa0001|20010fff70[payload->].p||28,927
2025-07-31T10:39:49.398 0100|01|00|06|f801fe|20010f02f058[payload->]..X||22,768
2025-07-31T10:39:50.310 0100|00|00|05|fa0003|20010f4771[payload->]Gq||28,999
2025-07-31T10:39:50.311 0100|01|00|06|f801fe|20010f02f058[payload->]..X||22,768
2025-07-31T10:49:57.751 0100|00|00|05|fa0001|20010fff70[payload->].p||28,927
2025-07-31T10:49:57.852 0100|01|00|06|f801fe|20010f02f058[payload->]..X||22,768
2025-07-31T10:49:58.768 0100|00|00|05|fa0003|20010f4771[payload->]Gq||28,999
2025-07-31T10:49:58.768 0100|01|00|06|f801fe|20010f02f058[payload->]..X||22,768
2025-07-31T11:20:24.275 0100|00|00|05|fa0001|20010fff70[payload->].p||28,927
2025-07-31T11:20:24.376 0100|01|00|06|f801fe|20010f02f058[payload->]..X||22,768
2025-07-31T11:20:25.188 0100|00|00|05|fa0003|20010f4771[payload->]Gq||28,999
2025-07-31T11:30:33.366 0100|00|00|05|fa0003|20010f4771[payload->]Gq||28,999
2025-07-31T11:30:33.467 0100|01|00|06|f801fe|20010f02f058[payload->]..X||22,768
2025-07-31T11:40:42.461 0100|00|00|05|fa0003|20010f4771[payload->]Gq||28,999
2025-07-31T11:40:42.562 0100|01|00|06|f801fe|20010f02f058[payload->]..X||22,768
2025-07-31T12:00:57.866 0100|00|00|05|fa0001|20010fff70[payload->].p||28,927
2025-07-31T12:00:58.067 0100|01|00|06|f801fe|20010f02f058[payload->]..X||22,768
2025-07-31T12:00:58.675 0100|00|00|05|fa0003|20010f4771[payload->]Gq||28,999
2025-07-31T12:00:58.675 0100|01|00|06|f801fe|20010f02f058[payload->]..X||22,768
2025-07-31T12:21:15.660 0100|00|00|05|fa0001|20010fff70[payload->].p||28,927
2025-07-31T12:21:15.761 0100|01|00|06|f801fe|20010f02f058[payload->]..X||22,768
2025-07-31T12:21:16.673 0100|01|00|06|f801fe|20010f02f058[payload->]..X||22,768
2025-07-31T12:31:24.532 0100|00|00|05|fa0001|20010fff70[payload->].p||28,927
2025-07-31T12:31:24.633 0100|01|00|06|f801fe|20010f02f058[payload->]..X||22,768
2025-07-31T12:41:35.624 0100|00|00|05|fa0001|20010fff70[payload->].p||28,927
2025-07-31T12:41:35.725 0100|01|00|06|f801fe|20010f02f058[payload->]..X||22,768
2025-07-31T12:51:44.744 0100|00|00|05|fa0001|20010fff70[payload->].p||28,927
2025-07-31T12:51:44.845 0100|01|00|06|f801fe|20010f02f058[payload->]..X||22,768
2025-07-31T12:51:45.756 0100|00|00|05|fa0003|20010f4771[payload->]Gq||28,999
2025-07-31T12:51:45.857 0100|01|00|06|f801fe|20010f02f058[payload->]..X||22,768
2025-07-31T13:01:53.509 0100|00|00|05|fa0001|20010fff70[payload->].p||28,927
2025-07-31T13:01:53.610 0100|01|00|06|f801fe|20010f02f058[payload->]..X||22,768
2025-07-31T13:01:54.418 0100|00|00|05|fa0003|20010f4771[payload->]Gq||28,999
2025-07-31T13:01:54.520 0100|01|00|06|f801fe|20010f02f058[payload->]..X||22,768
2025-07-31T13:22:09.791 0100|00|00|05|fa0001|20010fff70[payload->].p||28,927
2025-07-31T13:22:09.892 0100|01|00|06|f801fe|20010f02f058[payload->]..X||22,768
2025-07-31T13:22:11.005 0100|00|00|05|fa0003|20010f4771[payload->]Gq||28,999
2025-07-31T13:22:11.106 0100|01|00|06|f801fe|20010f02f058[payload->]..X||22,768
2025-07-31T13:32:18.633 0100|00|00|05|fa0003|20010f4771[payload->]Gq||28,999
2025-07-31T13:32:18.734 0100|01|00|06|f801fe|20010f02f058[payload->]..X||22,768
2025-07-31T14:02:44.189 0100|00|00|05|fa0001|20010fff70[payload->].p||28,927
2025-07-31T14:02:44.290 0100|01|00|06|f801fe|20010f02f058[payload->]..X||22,768
2025-07-31T14:12:53.788 0100|00|00|05|fa0003|20010f4771[payload->]Gq||28,999
2025-07-31T14:12:53.890 0100|01|00|06|f801fe|20010f02f058[payload->]..X||22,768
2025-07-31T14:23:03.265 0100|00|00|05|fa0003|20010f4771[payload->]Gq||28,999
2025-07-31T14:23:03.266 0100|01|00|06|f801fe|20010f02f058[payload->]..X||22,768
2025-07-31T14:43:18.606 0100|00|00|05|fa0001|20010fff70[payload->].p||28,927
2025-07-31T14:43:18.607 0100|01|00|06|f801fe|20010f02f058[payload->]..X||22,768
2025-07-31T14:53:28.878 0100|00|00|05|fa0003|20010f4771[payload->]Gq||28,999
2025-07-31T14:53:28.979 0100|01|00|06|f801fe|20010f02f058[payload->]..X||22,768
2025-07-31T15:03:35.320 0100|00|00|05|fa0001|20010fff70[payload->].p||28,927
2025-07-31T15:03:35.421 0100|01|00|06|f801fe|20010f02f058[payload->]..X||22,768
2025-07-31T15:03:36.130 0100|00|00|05|fa0003|20010f4771[payload->]Gq||28,999
2025-07-31T15:03:36.232 0100|01|00|06|f801fe|20010f02f058[payload->]..X||22,768
2025-07-31T15:13:44.104 0100|00|00|05|fa0001|20010fff70[payload->].p||28,927
2025-07-31T15:13:44.206 0100|01|00|06|f801fe|20010f02f058[payload->]..X||22,768
2025-07-31T15:13:45.318 0100|01|00|06|f801fe|20010f02f058[payload->]..X||22,768
2025-07-31T15:23:52.579 0100|00|00|05|fa0001|20010fff70[payload->].p||28,927
2025-07-31T15:23:52.680 0100|01|00|06|f801fe|20010f02f058[payload->]..X||22,768
2025-07-31T15:34:01.974 0100|00|00|05|fa0001|20010fff70[payload->].p||28,927
2025-07-31T15:34:02.075 0100|01|00|06|f801fe|20010f02f058[payload->]..X||22,768
2025-07-31T15:34:02.784 0100|00|00|05|fa0003|20010f4771[payload->]Gq||28,999
2025-07-31T15:34:02.886 0100|01|00|06|f801fe|20010f02f058[payload->]..X||22,768
2025-07-31T15:44:11.825 0100|00|00|05|fa0003|20010f4771[payload->]Gq||28,999
2025-07-31T15:44:11.927 0100|01|00|06|f801fe|20010f02f058[payload->]..X||22,768
2025-07-31T15:54:19.555 0100|00|00|05|fa0001|20010fff70[payload->].p||28,927
2025-07-31T15:54:19.657 0100|01|00|06|f801fe|20010f02f058[payload->]..X||22,768
2025-07-31T15:54:20.568 0100|00|00|05|fa0003|20010f4771[payload->]Gq||28,999
2025-07-31T15:54:20.569 0100|01|00|06|f801fe|20010f02f058[payload->]..X||22,768
2025-07-31T16:04:28.989 0100|00|00|05|fa0001|20010fff70[payload->].p||28,927
2025-07-31T16:04:28.989 0100|01|00|06|f801fe|20010f02f058[payload->]..X||22,768
2025-07-31T16:04:29.800 0100|00|00|05|fa0003|20010f4771[payload->]Gq||28,999
2025-07-31T16:04:29.800 0100|01|00|06|f801fe|20010f02f058[payload->]..X||22,768
2025-07-31T16:34:54.579 0100|00|00|05|fa0001|20010fff70[payload->].p||28,927
2025-07-31T17:05:21.751 0100|00|00|05|fa0001|20010fff70[payload->].p||28,927
2025-07-31T17:05:21.853 0100|01|00|06|f801fe|20010f02f058[payload->]..X||22,768
2025-07-31T17:05:22.561 0100|00|00|05|fa0003|20010f4771[payload->]Gq||28,999
2025-07-31T17:05:22.662 0100|01|00|06|f801fe|20010f02f058[payload->]..X||22,768
2025-07-31T17:15:30.751 0100|01|00|06|f801fe|20010f02f058[payload->]..X||22,768
2025-07-31T17:35:48.812 0100|00|00|05|fa0001|20010fff70[payload->].p||28,927
2025-07-31T17:35:48.913 0100|01|00|06|f801fe|20010f02f058[payload->]..X||22,768
2025-07-31T17:35:49.521 0100|00|00|05|fa0003|20010f4771[payload->]Gq||28,999
2025-07-31T17:35:49.623 0100|01|00|06|f801fe|20010f02f058[payload->]..X||22,768
2025-07-31T17:45:58.646 0100|00|00|05|fa0003|20010f4771[payload->]Gq||28,999
2025-07-31T17:45:58.748 0100|01|00|06|f801fe|20010f02f058[payload->]..X||22,768
2025-07-31T17:56:07.571 0100|00|00|05|fa0003|20010f4771[payload->]Gq||28,999
2025-07-31T17:56:07.672 0100|01|00|06|f801fe|20010f02f058[payload->]..X||22,768
2025-07-31T18:16:24.155 0100|00|00|05|fa0001|20010fff70[payload->].p||28,927
2025-07-31T18:16:24.256 0100|01|00|06|f801fe|20010f02f058[payload->]..X||22,768
2025-07-31T18:16:25.067 0100|00|00|05|fa0003|20010f4771[payload->]Gq||28,999
2025-07-31T18:16:25.168 0100|01|00|06|f801fe|20010f02f058[payload->]..X||22,768
2025-07-31T18:26:34.206 0100|00|00|05|fa0003|20010fa801[payload->]..||0,424
2025-07-31T18:36:42.901 0100|00|00|05|fa0001|20010fff70[payload->].p||28,927
2025-07-31T18:36:43.002 0100|01|00|06|f801fe|20010f02f058[payload->]..X||22,768
2025-07-31T18:46:52.795 0100|00|00|05|fa0003|20010f4771[payload->]Gq||28,999
2025-07-31T18:46:52.795 0100|01|00|06|f801fe|20010f02f058[payload->]..X||22,768
2025-07-31T18:57:01.537 0100|00|00|05|fa0003|20010f4771[payload->]Gq||28,999
2025-07-31T18:57:01.638 0100|01|00|06|f801fe|20010f02f058[payload->]..X||22,768
2025-07-31T19:07:09.540 0100|00|00|05|fa0001|20010fff70[payload->].p||28,927
2025-07-31T19:07:09.641 0100|01|00|06|f801fe|20010f02f058[payload->]..X||22,768
2025-07-31T19:17:19.828 0100|00|00|05|fa0003|20010f4771[payload->]Gq||28,999
2025-07-31T19:17:19.828 0100|01|00|06|f801fe|20010f02f058[payload->]..X||22,768
2025-07-31T19:27:29.081 0100|00|00|05|fa0003|20010f4771[payload->]Gq||28,999
2025-07-31T19:27:29.081 0100|01|00|06|f801fe|20010f02f058[payload->]..X||22,768
2025-07-31T19:37:37.841 0100|00|00|05|fa0003|20010f4771[payload->]Gq||28,999
2025-07-31T19:37:37.841 0100|01|00|06|f801fe|20010f02f058[payload->]..X||22,768
2025-07-31T19:47:45.663 0100|01|00|06|f801fe|20010f02f058[payload->]..X||22,768
2025-07-31T19:57:54.336 0100|00|00|05|fa0001|20010fff70[payload->].p||28,927
2025-07-31T19:57:54.337 0100|01|00|06|f801fe|20010f02f058[payload->]..X||22,768
2025-07-31T19:57:55.147 0100|00|00|05|fa0003|20010f4771[payload->]Gq||28,999
2025-07-31T19:57:55.248 0100|01|00|06|f801fe|20010f02f058[payload->]..X||22,768
2025-07-31T20:08:03.233 0100|00|00|05|fa0001|20010fff70[payload->].p||28,927
2025-07-31T20:08:03.234 0100|01|00|06|f801fe|20010f02f058[payload->]..X||22,768
2025-07-31T20:08:03.943 0100|00|00|05|fa0003|20010f4771[payload->]Gq||28,999
2025-07-31T20:08:04.044 0100|01|00|06|f801fe|20010f02f058[payload->]..X||22,768
2025-07-31T20:18:11.367 0100|00|00|05|fa0001|20010fff70[payload->].p||28,927
2025-07-31T20:18:11.468 0100|01|00|06|f801fe|20010f02f058[payload->]..X||22,768
2025-07-31T20:18:11.975 0100|01|00|06|f801fe|20010f02f058[payload->]..X||22,768
2025-07-31T20:28:21.447 0100|00|00|05|fa0001|20010fff70[payload->].p||28,927
2025-07-31T20:28:21.548 0100|01|00|06|f801fe|20010f02f058[payload->]..X||22,768
2025-07-31T20:28:21.852 0100|00|00|05|fa0003|20010f4771[payload->]Gq||28,999
2025-07-31T20:28:21.853 0100|01|00|06|f801fe|20010f02f058[payload->]..X||22,768
2025-07-31T20:38:30.317 0100|00|00|05|fa0003|20010f4771[payload->]Gq||28,999
2025-07-31T20:38:30.317 0100|01|00|06|f801fe|20010f02f058[payload->]..X||22,768
2025-07-31T20:48:39.890 0100|00|00|05|fa0003|20010f4771[payload->]Gq||28,999
2025-07-31T20:48:39.992 0100|01|00|06|f801fe|20010f02f058[payload->]..X||22,768
2025-07-31T20:58:48.157 0100|00|00|05|fa0001|20010fff70[payload->].p||28,927
2025-07-31T20:58:48.157 0100|01|00|06|f801fe|20010f02f058[payload->]..X||22,768
2025-07-31T20:58:48.865 0100|00|00|05|fa0003|20010f4771[payload->]Gq||28,999
2025-07-31T20:58:48.865 0100|01|00|06|f801fe|20010f02f058[payload->]..X||22,768
2025-07-31T21:08:57.746 0100|00|00|05|fa0003|20010f4771[payload->]Gq||28,999
2025-07-31T21:08:57.848 0100|01|00|06|f801fe|20010f02f058[payload->]..X||22,768
2025-07-31T21:19:06.615 0100|00|00|05|fa0003|20010f4771[payload->]Gq||28,999
2025-07-31T21:19:06.717 0100|01|00|06|f801fe|20010f02f058[payload->]..X||22,768
2025-07-31T21:29:14.387 0100|00|00|05|fa0001|20010fff70[payload->].p||28,927
2025-07-31T21:29:14.488 0100|01|00|06|f801fe|20010f02f058[payload->]..X||22,768
2025-07-31T21:29:15.400 0100|00|00|05|fa0003|20010f4771[payload->]Gq||28,999
2025-07-31T21:29:15.501 0100|01|00|06|f801fe|20010f02f058[payload->]..X||22,768
2025-07-31T21:39:22.872 0100|00|00|05|fa0001|20010fff70[payload->].p||28,927
2025-07-31T21:39:22.973 0100|01|00|06|f801fe|20010f02f058[payload->]..X||22,768
2025-07-31T21:49:33.262 0100|00|00|05|fa0003|20010f4771[payload->]Gq||28,999
2025-07-31T21:49:33.362 0100|01|00|06|f801fe|20010f02f058[payload->]..X||22,768
2025-07-31T22:09:48.749 0100|00|00|05|fa0001|20010fff70[payload->].p||28,927
2025-07-31T22:09:48.850 0100|01|00|06|f801fe|20010f02f058[payload->]..X||22,768
2025-07-31T22:09:49.560 0100|00|00|05|fa0003|20010f4771[payload->]Gq||28,999
2025-07-31T22:09:49.661 0100|01|00|06|f801fe|20010f02f058[payload->]..X||22,768
2025-07-31T22:19:58.215 0100|00|00|05|fa0001|20010fff70[payload->].p||28,927
2025-07-31T22:19:58.215 0100|01|00|06|f801fe|20010f02f058[payload->]..X||22,768
2025-07-31T22:19:58.929 0100|00|00|05|fa0003|20010f4771[payload->]Gq||28,999
2025-07-31T22:19:58.929 0100|01|00|06|f801fe|20010f02f058[payload->]..X||22,768
2025-07-31T22:30:07.126 0100|00|00|05|fa0001|20010ffe70[payload->].p||28,926
2025-07-31T22:30:07.227 0100|01|00|06|f801fe|20010f02f058[payload->]..X||22,768
2025-07-31T22:30:08.139 0100|00|00|05|fa0003|20010f4771[payload->]Gq||28,999
2025-07-31T22:30:08.139 0100|01|00|06|f801fe|20010f02f058[payload->]..X||22,768
2025-07-31T23:00:33.805 0100|00|00|05|fa0001|20010fff70[payload->].p||28,927
2025-07-31T23:10:43.377 0100|00|00|05|fa0001|20010fff70[payload->].p||28,927
2025-07-31T23:10:43.377 0100|01|00|06|f801fe|20010f02f058[payload->]..X||22,768
2025-07-31T23:10:43.884 0100|00|00|05|fa0003|20010f4771[payload->]Gq||28,999
2025-07-31T23:10:43.985 0100|01|00|06|f801fe|20010f02f058[payload->]..X||22,768
2025-07-31T23:20:53.431 0100|00|00|05|fa0003|20010f4771[payload->]Gq||28,999
2025-07-31T23:20:53.431 0100|01|00|06|f801fe|20010f02f058[payload->]..X||22,768
2025-07-31T23:31:01.554 0100|00|00|05|fa0001|20010fff70[payload->].p||28,927
2025-07-31T23:31:01.655 0100|01|00|06|f801fe|20010f02f058[payload->]..X||22,768
2025-07-31T23:41:11.016 0100|00|00|05|fa0003|20010f4771[payload->]Gq||28,999
2025-07-31T23:41:11.117 0100|01|00|06|f801fe|20010f02f058[payload->]..X||22,768
2025-08-01T00:01:29.334 0100|00|00|05|fa0001|20010fff70[payload->].p||28,927
2025-08-01T00:01:29.334 0100|01|00|06|f801fe|20010f02f058[payload->]..X||22,768
2025-08-01T00:11:38.147 0100|01|00|06|f801fe|20010f02f058[payload->]..X||22,768
2025-08-01T00:11:38.856 0100|00|00|05|fa0003|20010f4771[payload->]Gq||28,999
2025-08-01T00:11:38.957 0100|01|00|06|f801fe|20010f02f058[payload->]..X||22,768
2025-08-01T00:31:55.088 0100|00|00|05|fa0001|20010fff70[payload->].p||28,927
2025-08-01T00:31:55.088 0100|01|00|06|f801fe|20010f02f058[payload->]..X||22,768
2025-08-01T00:31:56.100 0100|00|00|05|fa0003|20010f4771[payload->]Gq||28,999
2025-08-01T00:31:56.101 0100|01|00|06|f801fe|20010f02f058[payload->]..X||22,768
2025-08-01T00:42:04.791 0100|00|00|05|fa0003|20010f4771[payload->]Gq||28,999
2025-08-01T00:42:04.892 0100|01|00|06|f801fe|20010f02f058[payload->]..X||22,768
2025-08-01T00:52:13.125 0100|00|00|05|fa0001|20010fff70[payload->].p||28,927
2025-08-01T00:52:13.226 0100|01|00|06|f801fe|20010f02f058[payload->]..X||22,768
2025-08-01T00:52:14.239 0100|00|00|05|fa0003|20010f4771[payload->]Gq||28,999
2025-08-01T00:52:14.340 0100|01|00|06|f801fe|20010f02f058[payload->]..X||22,768
2025-08-01T01:02:22.525 0100|00|00|05|fa0001|20010fff70[payload->].p||28,927
2025-08-01T01:02:22.525 0100|01|00|06|f801fe|20010f02f058[payload->]..X||22,768
2025-08-01T01:02:23.032 0100|00|00|05|fa0003|20010f4771[payload->]Gq||28,999
2025-08-01T01:02:23.133 0100|01|00|06|f801fe|20010f02f058[payload->]..X||22,768
2025-08-01T01:22:41.180 0100|00|00|05|fa0003|20010f4771[payload->]Gq||28,999
2025-08-01T01:22:41.281 0100|01|00|06|f801fe|20010f02f058[payload->]..X||22,768
2025-08-01T01:32:50.030 0100|00|00|05|fa0003|20010f4771[payload->]Gq||28,999
2025-08-01T01:32:50.030 0100|01|00|06|f801fe|20010f02f058[payload->]..X||22,768
2025-08-01T01:42:57.790 0100|01|00|06|f801fe|20010f02f058[payload->]..X||22,768
2025-08-01T01:42:58.702 0100|00|00|05|fa0003|20010f4771[payload->]Gq||28,999
2025-08-01T01:42:58.803 0100|01|00|06|f801fe|20010f02f058[payload->]..X||22,768
2025-08-01T02:13:24.122 0100|00|00|05|fa0001|20010fff70[payload->].p||28,927
2025-08-01T02:13:24.123 0100|01|00|06|f801fe|20010f02f058[payload->]..X||22,768
2025-08-01T02:13:24.933 0100|00|00|05|fa0003|20010f4771[payload->]Gq||28,999
2025-08-01T02:13:25.034 0100|01|00|06|f801fe|20010f02f058[payload->]..X||22,768
2025-08-01T02:23:34.214 0100|01|00|06|f801fe|20010f02f058[payload->]..X||22,768
2025-08-01T02:33:41.920 0100|00|00|05|fa0001|20010fff70[payload->].p||28,927
2025-08-01T02:33:41.920 0100|01|00|06|f801fe|20010f02f058[payload->]..X||22,768
2025-08-01T02:33:42.628 0100|00|00|05|fa0003|20010f4771[payload->]Gq||28,999
2025-08-01T02:33:42.729 0100|01|00|06|f801fe|20010f02f058[payload->]..X||22,768
2025-08-01T02:43:51.047 0100|00|00|05|fa0001|20010fff70[payload->].p||28,927
2025-08-01T02:43:51.048 0100|01|00|06|f801fe|20010f02f058[payload->]..X||22,768
2025-08-01T02:43:52.364 0100|00|00|05|fa0003|20010f4771[payload->]Gq||28,999
2025-08-01T02:43:52.364 0100|01|00|06|f801fe|20010f02f058[payload->]..X||22,768
2025-08-01T02:53:59.289 0100|00|00|05|fa0001|20010fff70[payload->].p||28,927
2025-08-01T02:53:59.289 0100|01|00|06|f801fe|20010f02f058[payload->]..X||22,768
2025-08-01T03:04:07.833 0100|00|00|05|fa0001|20010fff70[payload->].p||28,927
2025-08-01T03:04:07.833 0100|01|00|06|f801fe|20010f02f058[payload->]..X||22,768
2025-08-01T03:04:08.947 0100|00|00|05|fa0003|20010f4771[payload->]Gq||28,999
2025-08-01T03:04:08.948 0100|01|00|06|f801fe|20010f02f058[payload->]..X||22,768
2025-08-01T03:14:17.603 0100|00|00|05|fa0003|20010f4771[payload->]Gq||28,999
2025-08-01T03:14:17.603 0100|01|00|06|f801fe|20010f02f058[payload->]..X||22,768
2025-08-01T03:24:25.077 0100|00|00|05|fa0001|20010fff70[payload->].p||28,927
2025-08-01T03:24:25.177 0100|01|00|06|f801fe|20010f02f058[payload->]..X||22,768
2025-08-01T03:24:26.191 0100|00|00|05|fa0003|20010f4771[payload->]Gq||28,999
2025-08-01T03:24:26.292 0100|01|00|06|f801fe|20010f02f058[payload->]..X||22,768
2025-08-01T03:34:33.473 0100|00|00|05|fa0001|20010fff70[payload->].p||28,927
2025-08-01T03:34:33.473 0100|01|00|06|f801fe|20010f02f058[payload->]..X||22,768
2025-08-01T03:34:33.980 0100|00|00|05|fa0003|20010f4771[payload->]Gq||28,999
2025-08-01T03:34:34.081 0100|01|00|06|f801fe|20010f02f058[payload->]..X||22,768
2025-08-01T03:44:41.499 0100|00|00|05|fa0001|20010fff70[payload->].p||28,927
2025-08-01T03:44:41.600 0100|01|00|06|f801fe|20010f02f058[payload->]..X||22,768
2025-08-01T03:44:42.006 0100|00|00|05|fa0003|20010f4771[payload->]Gq||28,999
2025-08-01T03:44:42.107 0100|01|00|06|f801fe|20010f02f058[payload->]..X||22,768
2025-08-01T04:04:59.596 0100|00|00|05|fa0001|20010fff70[payload->].p||28,927
2025-08-01T04:04:59.596 0100|01|00|06|f801fe|20010f02f058[payload->]..X||22,768
2025-08-01T04:05:00.407 0100|01|00|06|f801fe|20010f02f058[payload->]..X||22,768
2025-08-01T04:15:09.383 0100|00|00|05|fa0003|20010f4771[payload->]Gq||28,999
2025-08-01T04:15:09.484 0100|01|00|06|f801fe|20010f02f058[payload->]..X||22,768
2025-08-01T04:25:17.614 0100|01|00|06|f801fe|20010f02f058[payload->]..X||22,768
2025-08-01T04:25:18.830 0100|00|00|05|fa0003|20010f4771[payload->]Gq||28,999
2025-08-01T04:25:18.830 0100|01|00|06|f801fe|20010f02f058[payload->]..X||22,768
2025-08-01T04:35:27.782 0100|00|00|05|fa0003|20010f4771[payload->]Gq||28,999
2025-08-01T04:35:27.783 0100|01|00|06|f801fe|20010f02f058[payload->]..X||22,768
2025-08-01T04:45:37.230 0100|00|00|05|fa0003|20010f4771[payload->]Gq||28,999
2025-08-01T04:45:37.230 0100|01|00|06|f801fe|20010f02f058[payload->]..X||22,768
2025-08-01T04:55:45.498 0100|00|00|05|fa0001|20010fff70[payload->].p||28,927
2025-08-01T04:55:45.599 0100|01|00|06|f801fe|20010f02f058[payload->]..X||22,768
2025-08-01T05:05:54.743 0100|00|00|05|fa0001|20010fff70[payload->].p||28,927
2025-08-01T05:05:54.744 0100|01|00|06|f801fe|20010f02f058[payload->]..X||22,768
2025-08-01T05:16:04.267 0100|00|00|05|fa0003|20010f4771[payload->]Gq||28,999
2025-08-01T05:16:04.268 0100|01|00|06|f801fe|20010f02f058[payload->]..X||22,768
2025-08-01T05:26:11.468 0100|00|00|05|fa0001|20010fff70[payload->].p||28,927
2025-08-01T05:26:11.469 0100|01|00|06|f801fe|20010f02f058[payload->]..X||22,768
2025-08-01T05:26:12.077 0100|00|00|05|fa0003|20010f4771[payload->]Gq||28,999
2025-08-01T05:26:12.178 0100|01|00|06|f801fe|20010f02f058[payload->]..X||22,768
2025-08-01T05:36:21.464 0100|00|00|05|fa0003|20010f4771[payload->]Gq||28,999
2025-08-01T05:36:21.565 0100|01|08|06|f801fe|20010f02f058[payload->]..X||22,768
2025-08-01T05:46:29.884 0100|00|00|05|fa0003|20010f4771[payload->]Gq||28,999
2025-08-01T05:46:29.884 0100|01|00|06|f801fe|20010f02f058[payload->]..X||22,768
2025-08-01T05:56:39.150 0100|00|00|05|fa0003|20010f4771[payload->]Gq||28,999
2025-08-01T05:56:39.251 0100|01|00|06|f801fe|20010f02f058[payload->]..X||22,768
2025-08-01T06:06:48.356 0100|00|00|05|fa0003|20010f4771[payload->]Gq||28,999
2025-08-01T06:06:48.356 0100|01|00|06|f801fe|20010f02f058[payload->]..X||22,768
2025-08-01T06:27:05.339 0100|00|00|05|fa0001|20010fff70[payload->].p||28,927
2025-08-01T06:37:13.630 0100|00|00|05|fa0001|20010fff70[payload->].p||28,927
2025-08-01T06:37:14.137 0100|00|00|05|fa0003|20010f4771[payload->]Gq||28,999
2025-08-01T06:37:14.238 0100|01|00|06|f801fe|20010f02f058[payload->]..X||22,768
2025-08-01T06:47:21.708 0100|00|00|05|fa0001|20010fff70[payload->].p||28,927
2025-08-01T06:47:21.809 0100|01|00|06|f801fe|20010f02f058[payload->]..X||22,768
2025-08-01T06:47:22.722 0100|00|00|05|fa0003|20010f4771[payload->]Gq||28,999
2025-08-01T06:47:22.823 0100|01|00|06|f801fe|20010f02f058[payload->]..X||22,768
2025-08-01T06:57:30.135 0100|00|00|05|fa0001|20010fff70[payload->].p||28,927
2025-08-01T06:57:30.136 0100|01|00|06|f801fe|20010f02f058[payload->]..X||22,768
2025-08-01T07:07:39.673 0100|00|00|05|fa0003|20010f4771[payload->]Gq||28,999
2025-08-01T07:17:48.800 0100|00|00|05|fa0003|20010f4771[payload->]Gq||28,999
2025-08-01T07:17:48.801 0100|01|00|06|f801fe|20010f02f058[payload->]..X||22,768
2025-08-01T07:27:56.264 0100|00|00|05|fa0001|20010fff70[payload->].p||28,927
2025-08-01T07:27:56.365 0100|01|00|06|f801fe|20010f02f058[payload->]..X||22,768
2025-08-01T07:38:05.779 0100|00|00|05|fa0001|20010fff70[payload->].p||28,927
2025-08-01T07:38:05.880 0100|01|00|06|f801fe|20010f02f058[payload->]..X||22,768
2025-08-01T07:58:22.760 0100|00|00|05|fa0001|20010fff70[payload->].p||28,927
2025-08-01T07:58:22.760 0100|01|00|06|f801fe|20010f02f058[payload->]..X||22,768
2025-08-01T07:58:23.470 0100|00|00|05|fa0003|20010f4771[payload->]Gq||28,999
2025-08-01T07:58:23.571 0100|01|00|06|f801fe|20010f02f058[payload->]..X||22,768
2025-08-01T08:08:31.927 0100|00|00|05|fa0001|20010fff70[payload->].p||28,927
2025-08-01T08:08:32.028 0100|01|00|06|f801fe|20010f02f058[payload->]..X||22,768
2025-08-01T08:08:32.738 0100|00|00|05|fa0003|20010f4771[payload->]Gq||28,999
2025-08-01T08:08:32.839 0100|01|00|06|f801fe|20010f02f058[payload->]..X||22,768
2025-08-01T08:18:40.588 0100|00|00|05|fa0001|20010fff70[payload->].p||28,927
2025-08-01T08:18:40.689 0100|01|00|06|f801fe|20010f02f058[payload->]..X||22,768
2025-08-01T08:18:41.501 0100|00|00|05|fa0003|20010f4771[payload->]Gq||28,999
2025-08-01T08:18:41.602 0100|01|00|06|f801fe|20010f02f058[payload->]..X||22,768
2025-08-01T08:28:49.272 0100|00|00|05|fa0001|20010fff70[payload->].p||28,927
2025-08-01T08:28:49.273 0100|01|00|06|f801fe|20010f02f058[payload->]..X||22,768
2025-08-01T08:28:50.184 0100|00|00|05|fa0003|20010f4771[payload->]Gq||28,999
2025-08-01T08:59:15.803 0100|00|00|05|fa0001|20010fff70[payload->].p||28,927
2025-08-01T08:59:15.803 0100|01|00|06|f801fe|20010f02f058[payload->]..X||22,768
2025-08-01T09:09:25.839 0100|00|00|05|fa0003|20010f4771[payload->]Gq||28,999
2025-08-01T09:09:25.940 0100|01|00|06|f801fe|20010f02f058[payload->]..X||22,768
2025-08-01T09:19:33.176 0100|00|00|05|fa0001|20010fff70[payload->].p||28,927
2025-08-01T09:19:33.277 0100|01|00|06|f801fe|20010f02f058[payload->]..X||22,768
2025-08-01T09:29:42.331 0100|01|00|06|f801fe|20010f02f058[payload->]..X||22,768
2025-08-01T09:29:43.444 0100|00|00|05|fa0003|20010f4771[payload->]Gq||28,999
2025-08-01T09:29:43.545 0100|01|00|06|f801fe|20010f02f058[payload->]..X||22,768
2025-08-01T09:50:00.450 0100|00|00|05|fa0001|20010fff70[payload->].p||28,927
2025-08-01T09:50:00.551 0100|01|00|06|f801fe|20010f02f058[payload->]..X||22,768
2025-08-01T10:00:08.573 0100|01|00|07|f701fe|20010f02f05801[payload->]..X.||0,344
2025-08-01T10:10:18.715 0100|00|00|05|fa0003|20010f4771[payload->]Gq||28,999
2025-08-01T10:10:18.816 0100|01|00|06|f801fe|20010f02f058[payload->]..X||22,768
2025-08-01T10:20:26.989 0100|00|00|05|fa0001|20010fff70[payload->].p||28,927
2025-08-01T10:20:26.989 0100|01|00|06|f801fe|20010f02f058[payload->]..X||22,768
2025-08-01T10:40:44.291 0100|00|00|05|fa0001|20010fff70[payload->].p||28,927
2025-08-01T10:40:44.292 0100|01|00|06|f801fe|20010f02f058[payload->]..X||22,768
2025-08-01T10:50:53.207 0100|00|00|05|fa0001|20010fff70[payload->].p||28,927
2025-08-01T10:50:53.208 0100|01|00|06|f801fe|20010f02f058[payload->]..X||22,768
2025-08-01T11:01:03.559 0100|00|00|05|fa0003|20010f1701[payload->]..||0,279
2025-08-01T11:11:11.373 0100|00|00|05|fa0001|20010fff70[payload->].p||28,927
2025-08-01T11:11:11.474 0100|01|00|06|f801fe|20010f02e058[payload->]..X||22,752
2025-08-01T11:11:11.880 0100|00|00|05|fa0003|20010f4771[payload->]Gq||28,999
2025-08-01T11:11:11.981 0100|01|00|06|f801fe|20010f02f058[payload->]..X||22,768
2025-08-01T11:31:30.412 0100|00|00|05|fa0001|20010fff70[payload->].p||28,927
2025-08-01T11:31:30.412 0100|01|00|06|f801fe|20010f02f058[payload->]..X||22,768
2025-08-01T11:31:31.426 0100|00|00|05|fa0003|20010f4771[payload->]Gq||28,999
2025-08-01T11:31:31.426 0100|01|00|06|f801fe|20010f02f058[payload->]..X||22,768
2025-08-01T11:41:41.215 0100|00|00|05|fa0003|20010f4771[payload->]Gq||28,999
2025-08-01T11:41:41.316 0100|01|00|06|f801fe|20010f02f058[payload->]..X||22,768
2025-08-01T11:51:48.568 0100|00|00|05|fa0001|20010fff70[payload->].p||28,927
2025-08-01T11:51:48.568 0100|01|00|06|f801fe|20010f02f058[payload->]..X||22,768
2025-08-01T12:01:58.763 0100|00|00|05|fa0003|20010f4771[payload->]Gq||28,999
2025-08-01T12:01:58.864 0100|01|00|06|f801fe|20010f02f058[payload->]..X||22,768
2025-08-01T12:12:08.007 0100|00|00|05|fa0003|20010f4771[payload->]Gq||28,999
2025-08-01T12:12:08.007 0100|01|00|06|f801fe|20010f02f058[payload->]..X||22,768
2025-08-01T12:22:15.601 0100|00|00|05|fa0001|20010fff70[payload->].p||28,927
2025-08-01T12:22:15.702 0100|01|00|06|f801fe|20010f02f058[payload->]..X||22,768
2025-08-01T12:22:16.210 0100|00|00|05|fa0003|20010f4771[payload->]Gq||28,999
2025-08-01T12:22:16.311 0100|01|00|06|f801fe|20010f02f058[payload->]..X||22,768
2025-08-01T12:32:24.084 0100|00|00|05|fa0001|20010fff70[payload->].p||28,927
2025-08-01T12:32:24.084 0100|01|00|06|f801fe|20010f02f058[payload->]..X||22,768
2025-08-01T12:42:33.290 0100|00|00|05|fa0003|20010f4771[payload->]Gq||28,999
2025-08-01T12:42:33.391 0100|01|00|06|f801fe|20010f02f058[payload->]..X||22,768
2025-08-01T13:02:50.129 0100|00|00|05|fa0001|20010fff70[payload->].p||28,927
2025-08-01T13:02:50.230 0100|01|00|06|f801fe|20010f02f058[payload->]..X||22,768
2025-08-01T13:23:07.770 0100|00|00|05|fa0001|20010fff70[payload->].p||28,927
2025-08-01T13:23:07.771 0100|01|00|06|f801fe|20010f02f058[payload->]..X||22,768
2025-08-01T13:23:08.682 0100|00|00|05|fa0003|20010f4771[payload->]Gq||28,999
2025-08-01T13:23:08.683 0100|01|00|06|f801fe|20010f02f058[payload->]..X||22,768
2025-08-01T13:43:25.403 0100|00|00|05|fa0001|20010fff70[payload->].p||28,927
2025-08-01T13:43:25.505 0100|01|00|06|f801fe|20010f02f058[payload->]..X||22,768
2025-08-01T13:53:34.013 0100|00|00|05|fa0001|20010fff70[payload->].p||28,927
2025-08-01T13:53:34.014 0100|01|00|06|f801fe|20010f02f058[payload->]..X||22,768
2025-08-01T13:53:35.229 0100|00|00|05|fa0003|20010f4771[payload->]Gq||28,999
2025-08-01T13:53:35.330 0100|01|00|06|f801fe|20010f02f058[payload->]..X||22,768
2025-08-01T14:03:43.078 0100|00|00|05|fa0001|20010fff70[payload->].p||28,927
2025-08-01T14:03:43.179 0100|01|00|06|f801fe|20010f02f058[payload->]..X||22,768
2025-08-01T14:03:43.788 0100|00|00|05|fa0003|20010f4771[payload->]Gq||28,999
2025-08-01T14:03:43.889 0100|01|00|06|f801fe|20010f02f058[payload->]..X||22,768
2025-08-01T14:13:51.707 0100|00|00|05|fa0001|20010fff70[payload->].p||28,927
2025-08-01T14:13:51.808 0100|01|00|06|f801fe|20010f02f058[payload->]..X||22,768
2025-08-01T14:13:52.315 0100|00|00|05|fa0003|20010f4771[payload->]Gq||28,999
2025-08-01T14:13:52.417 0100|01|00|06|f801fe|20010f02f058[payload->]..X||22,768
2025-08-01T14:24:01.577 0100|00|00|05|fa0003|20010f4771[payload->]Gq||28,999
2025-08-01T14:24:01.678 0100|01|00|06|f801fe|20010f02f058[payload->]..X||22,768
2025-08-01T14:44:18.413 0100|00|00|05|fa0003|20010f4771[payload->]Gq||28,999
2025-08-01T14:44:18.414 0100|01|00|06|f801fe|20010f02f058[payload->]..X||22,768
2025-08-01T15:04:34.868 0100|00|00|05|fa0001|20010fff70[payload->].p||28,927
2025-08-01T15:04:34.970 0100|01|00|06|f801fe|20010f02f058[payload->]..X||22,768
2025-08-01T15:14:43.910 0100|00|00|05|fa0001|20010fff70[payload->].p||28,927
2025-08-01T15:14:44.012 0100|01|00|06|f801fe|20010f02f058[payload->]..X||22,768
2025-08-01T15:24:53.378 0100|00|00|05|fa0001|20010fff70[payload->].p||28,927
2025-08-01T15:24:53.479 0100|01|00|06|f801fe|20010f02f058[payload->]..X||22,768
2025-08-01T15:24:53.884 0100|00|00|05|fa0003|20010f4771[payload->]Gq||28,999
2025-08-01T15:24:53.985 0100|01|00|06|f801fe|20010f02f058[payload->]..X||22,768
2025-08-01T15:35:02.608 0100|00|00|05|fa0001|20010fff70[payload->].p||28,927
2025-08-01T15:35:02.609 0100|01|00|06|f801fe|20010f02f058[payload->]..X||22,768
2025-08-01T15:35:03.116 0100|00|00|05|fa0003|20010f4771[payload->]Gq||28,999
2025-08-01T15:35:03.217 0100|01|00|06|f801fe|20010f02f058[payload->]..X||22,768
2025-08-01T15:45:11.892 0100|00|00|05|fa0003|20010f47fa[payload->]G.||64,071
2025-08-01T15:55:19.542 0100|00|00|05|fa0003|20010f4771[payload->]Gq||28,999
2025-08-01T15:55:19.643 0100|01|00|06|f801fe|20010f02f058[payload->]..X||22,768
2025-08-01T16:05:28.420 0100|00|00|05|fa0003|20010f4771[payload->]Gq||28,999
2025-08-01T16:05:28.521 0100|01|00|06|f801fe|20010f02f058[payload->]..X||22,768
2025-08-01T16:15:37.160 0100|00|00|05|fa0003|20010f4771[payload->]Gq||28,999
2025-08-01T16:15:37.160 0100|01|00|06|f801fe|20010f02f058[payload->]..X||22,768
2025-08-01T16:25:46.673 0100|00|00|05|fa0003|20010f4771[payload->]Gq||28,999
2025-08-01T16:25:46.774 0100|01|00|06|f801fe|20010f02f058[payload->]..X||22,768
2025-08-01T16:35:54.004 0100|00|00|05|fa0001|20010fff70[payload->].p||28,927
2025-08-01T16:35:54.004 0100|01|00|06|f801fe|20010f02f058[payload->]..X||22,768
2025-08-01T16:35:55.117 0100|00|00|05|fa0003|20010f4771[payload->]Gq||28,999
2025-08-01T16:35:55.117 0100|01|00|06|f801fe|20010f02f058[payload->]..X||22,768
2025-08-01T16:46:04.418 0100|00|00|05|fa0003|20010f4771[payload->]Gq||28,999
2025-08-01T16:46:04.419 0100|01|00|06|f801fe|20010f02f058[payload->]..X||22,768
2025-08-01T17:16:28.657 0100|00|00|05|fa0001|20010fff70[payload->].p||28,927
2025-08-01T17:16:28.758 0100|01|00|06|f801fe|20010f02f058[payload->]..X||22,768
2025-08-01T17:16:29.669 0100|00|00|05|fa0003|20010f4771[payload->]Gq||28,999
2025-08-01T17:16:29.670 0100|01|00|06|f801fe|20010f02f058[payload->]..X||22,768
2025-08-01T17:26:37.395 0100|00|00|05|fa0001|20010fff70[payload->].p||28,927
2025-08-01T17:26:37.395 0100|01|00|06|f801fe|20010f02f058[payload->]..X||22,768
2025-08-01T17:26:38.510 0100|00|00|05|fa0003|20010f4771[payload->]Gq||28,999
2025-08-01T17:26:38.511 0100|01|00|06|f801fe|20010f02f058[payload->]..X||22,768
2025-08-01T17:46:54.797 0100|00|00|05|fa0001|20010fff70[payload->].p||28,927
2025-08-01T17:46:54.898 0100|01|00|06|f801fe|20010f02f058[payload->]..X||22,768
2025-08-01T17:46:56.318 0100|00|00|05|fa0003|20010f4771[payload->]Gq||28,999
2025-08-01T17:46:56.318 0100|01|00|06|f801fe|20010f02f058[payload->]..X||22,768
2025-08-01T17:57:04.348 0100|00|00|05|fa0001|20010fff70[payload->].p||28,927
2025-08-01T17:57:04.449 0100|01|00|06|f801fe|20010f02f058[payload->]..X||22,768
2025-08-01T17:57:05.056 0100|00|00|05|fa0003|20010f4771[payload->]Gq||28,999
2025-08-01T17:57:05.057 0100|01|00|06|f801fe|20010f02f058[payload->]..X||22,768
2025-08-01T18:07:13.335 0100|01|00|06|f801fe|20010f02f058[payload->]..X||22,768
2025-08-01T18:07:14.450 0100|00|00|05|fa0003|20010f4771[payload->]Gq||28,999
2025-08-01T18:07:14.450 0100|01|00|06|f801fe|20010f02f058[payload->]..X||22,768
2025-08-01T18:17:22.063 0100|00|00|05|fa0001|20010fff70[payload->].p||28,927
2025-08-01T18:17:22.063 0100|01|00|06|f801fe|20010f02f058[payload->]..X||22,768
2025-08-01T18:17:22.772 0100|00|00|05|fa0003|20010f4771[payload->]Gq||28,999
2025-08-01T18:17:22.772 0100|01|00|06|f801fe|20010f02f058[payload->]..X||22,768
2025-08-01T18:37:38.529 0100|00|00|05|fa0001|20010fff70[payload->].p||28,927
2025-08-01T18:37:38.530 0100|01|00|06|f801fe|20010f02f058[payload->]..X||22,768
2025-08-01T18:37:39.036 0100|00|00|05|fa0003|20010f4771[payload->]Gq||28,999
2025-08-01T18:37:39.137 0100|01|00|06|f801fe|20010f02f058[payload->]..X||22,768
2025-08-01T18:47:46.155 0100|00|00|05|fa0001|20010fff70[payload->].p||28,927
2025-08-01T18:47:46.256 0100|01|00|06|f801fe|20010f02f058[payload->]..X||22,768
2025-08-01T18:47:47.068 0100|00|00|05|fa0003|20010f4771[payload->]Gq||28,999
2025-08-01T18:47:47.169 0100|01|00|06|f801fe|20010f02f058[payload->]..X||22,768
2025-08-01T18:57:55.193 0100|00|00|05|fa0001|20010fff70[payload->].p||28,927
2025-08-01T18:57:55.294 0100|01|00|06|f801fe|20010f02f058[payload->]..X||22,768
2025-08-01T18:57:56.206 0100|00|00|05|fa0003|20010f4771[payload->]Gq||28,999
2025-08-01T18:57:56.307 0100|01|00|06|f801fe|20010f02f058[payload->]..X||22,768
2025-08-01T19:08:05.348 0100|00|00|05|fa0003|20010f4771[payload->]Gq||28,999
2025-08-01T19:08:05.348 0100|01|00|06|f801fe|20010f02f058[payload->]..X||22,768
2025-08-01T19:18:13.975 0100|00|00|05|fa0003|20010f4771[payload->]Gq||28,999
2025-08-01T19:18:13.975 0100|01|00|06|f801fe|20010f02f058[payload->]..X||22,768
2025-08-01T19:28:22.802 0100|00|00|05|fa0003|20010f4771[payload->]Gq||28,999
2025-08-01T19:28:22.803 0100|01|00|06|f801fe|20010f02f058[payload->]..X||22,768
2025-08-01T19:38:30.030 0100|00|00|05|fa0001|20010fff70[payload->].p||28,927
2025-08-01T19:38:30.131 0100|01|00|06|f801fe|20010f02f058[payload->]..X||22,768
2025-08-01T19:38:31.449 0100|00|00|05|fa0003|20010f4771[payload->]Gq||28,999
2025-08-01T19:38:31.449 0100|01|00|06|f801fe|20010f02f058[payload->]..X||22,768
2025-08-01T19:48:38.951 0100|00|00|05|fa0003|20010f4771[payload->]Gq||28,999
2025-08-01T19:48:39.052 0100|01|00|06|f801fe|20010f02f058[payload->]..X||22,768
2025-08-01T19:58:46.148 0100|00|00|05|fa0001|20010fff70[payload->].p||28,927
2025-08-01T19:58:46.249 0100|01|00|06|f801fe|20010f02f058[payload->]..X||22,768
2025-08-01T20:08:56.526 0100|00|00|05|fa0003|20010f4771[payload->]Gq||28,999
2025-08-01T20:08:56.527 0100|01|00|06|f801fe|20010f02f058[payload->]..X||22,768
2025-08-01T20:19:03.628 0100|00|00|05|fa0001|20010fff70[payload->].p||28,927
2025-08-01T20:19:03.729 0100|01|00|06|f801fe|20010f02f058[payload->]..X||22,768
2025-08-01T20:19:04.640 0100|00|00|05|fa0003|20010f4771[payload->]Gq||28,999
2025-08-01T20:19:04.640 0100|01|00|06|f801fe|20010f02f058[payload->]..X||22,768
2025-08-01T20:39:21.736 0100|00|00|05|fa0001|20010fff70[payload->].p||28,927
2025-08-01T20:39:21.837 0100|01|00|06|f801fe|20010f02f058[payload->]..X||22,768
2025-08-01T20:39:22.445 0100|00|00|05|fa0003|20010f4771[payload->]Gq||28,999
2025-08-01T20:39:22.446 0100|01|00|06|f801fe|20010f02f058[payload->]..X||22,768
2025-08-01T20:49:30.387 0100|00|00|05|fa0001|20010fff70[payload->].p||28,927
2025-08-01T20:49:30.388 0100|01|00|06|f801fe|20010f02f058[payload->]..X||22,768
2025-08-01T20:59:39.692 0100|00|00|05|fa0003|20010f4771[payload->]Gq||28,999
2025-08-01T20:59:39.793 0100|01|00|06|f801fe|20010f02f058[payload->]..X||22,768
2025-08-01T21:09:48.130 0100|00|00|05|fa0003|20010f4771[payload->]Gq||28,999
2025-08-01T21:09:48.231 0100|01|00|06|f801fe|20010f02f058[payload->]..X||22,768
2025-08-01T21:19:56.323 0100|01|00|06|f801fe|20010f02f058[payload->]..X||22,768
2025-08-01T21:40:14.283 0100|00|00|05|fa0001|20010fff70[payload->].p||28,927
2025-08-01T21:40:14.384 0100|01|00|06|f801fe|20010f02f058[payload->]..X||22,768
2025-08-01T21:50:23.394 0100|00|00|05|fa0001|20010fff70[payload->].p||28,927
2025-08-01T21:50:23.495 0100|01|00|06|f801fe|20010f02f058[payload->]..X||22,768
2025-08-01T21:50:24.406 0100|00|00|05|fa0003|20010f4771[payload->]Gq||28,999
2025-08-01T21:50:24.507 0100|01|00|06|f801fe|20010f02f058[payload->]..X||22,768
2025-08-01T22:10:42.739 0100|00|00|05|fa0003|20010f4771[payload->]Gq||28,999
2025-08-01T22:10:42.740 0100|01|00|06|f801fe|20010f02f058[payload->]..X||22,768
2025-08-01T22:20:50.569 0100|00|00|05|fa0001|20010fff70[payload->].p||28,927
2025-08-01T22:20:50.670 0100|01|00|06|f801fe|20010f02f058[payload->]..X||22,768
2025-08-01T22:20:51.279 0100|00|00|05|fa0003|20010f4771[payload->]Gq||28,999
2025-08-01T22:20:51.380 0100|01|00|06|f801fe|20010f02f058[payload->]..X||22,768
2025-08-01T22:31:00.212 0100|00|00|05|fa0003|20010f4771[payload->]Gq||28,999
2025-08-01T22:31:00.313 0100|01|00|06|f801fe|20010f02f058[payload->]..X||22,768
2025-08-01T22:41:08.622 0100|00|00|05|fa0001|20010fff70[payload->].p||28,927
2025-08-01T22:41:09.128 0100|00|00|05|fa0003|20010f4771[payload->]Gq||28,999
2025-08-01T22:41:09.229 0100|01|00|06|f801fe|20010f02f058[payload->]..X||22,768
2025-08-01T22:51:17.576 0100|00|00|05|fa0001|20010fff70[payload->].p||28,927
2025-08-01T22:51:17.577 0100|01|40|06|f801fe|20010f02f058[payload->]..X||22,768
2025-08-01T22:51:18.184 0100|00|00|05|fa0003|20010f4771[payload->]Gq||28,999
2025-08-01T22:51:18.185 0100|01|00|06|f801fe|20010f02f058[payload->]..X||22,768
2025-08-01T23:01:26.342 0100|00|00|05|fa0001|20010fff70[payload->].p||28,927
2025-08-01T23:01:26.443 0100|01|00|06|f801fe|20010f02f058[payload->]..X||22,768
2025-08-01T23:01:27.153 0100|00|00|05|fa0003|20010f4771[payload->]Gq||28,999
2025-08-01T23:01:27.254 0100|01|00|06|f801fe|20010f02f058[payload->]..X||22,768
2025-08-01T23:21:44.723 0100|00|00|05|fa0003|20010f4771[payload->]Gq||28,999
2025-08-01T23:21:44.824 0100|01|00|06|f801fe|20010f02f058[payload->]..X||22,768
2025-08-01T23:31:52.644 0100|00|00|05|fa0001|20010fff70[payload->].p||28,927
2025-08-01T23:31:52.745 0100|01|00|06|f801fe|20010f02f058[payload->]..X||22,768
2025-08-01T23:31:53.252 0100|00|00|05|fa0003|20010f4771[payload->]Gq||28,999
2025-08-01T23:31:53.252 0100|01|00|06|f801fe|20010f02f058[payload->]..X||22,768
2025-08-01T23:42:00.505 0100|00|00|05|fa0001|20010fff70[payload->].p||28,927
2025-08-01T23:42:00.606 0100|01|00|06|f801fe|20010f02f058[payload->]..X||22,768
2025-08-01T23:42:01.617 0100|01|00|06|f801fe|20010f02f058[payload->]..X||22,768
2025-08-01T23:52:09.472 0100|00|00|05|fa0001|20010fff70[payload->].p||28,927
2025-08-01T23:52:09.573 0100|01|00|06|f801fe|20010f02f058[payload->]..X||22,768
2025-08-01T23:52:10.181 0100|00|00|05|fa0003|20010f4771[payload->]Gq||28,999
2025-08-01T23:52:10.282 0100|01|00|06|f801fe|20010f02f058[payload->]..X||22,768
2025-08-02T00:02:18.349 0100|00|00|05|fa0003|20010f4771[payload->]Gq||28,999
2025-08-02T00:02:18.450 0100|01|00|06|f801fe|20010f00f058[payload->]..X||22,768
2025-08-02T00:12:26.378 0100|00|00|05|fa0001|20010fff70[payload->].p||28,927
2025-08-02T00:12:26.479 0100|01|00|06|f801fe|20010f02f058[payload->]..X||22,768
2025-08-02T00:22:35.875 0100|00|00|05|fa0001|20010fff70[payload->].p||28,927
2025-08-02T00:22:36.483 0100|00|00|05|fa0003|20010f4771[payload->]Gq||28,999
2025-08-02T00:22:36.483 0100|01|00|06|f801fe|20010f02f058[payload->]..X||22,768
2025-08-02T00:32:44.273 0100|00|00|05|fa0001|20010fff70[payload->].p||28,927
2025-08-02T00:32:44.375 0100|01|00|06|f801fe|20010f02f058[payload->]..X||22,768
2025-08-02T00:32:45.185 0100|00|00|05|fa0003|20010f4771[payload->]Gq||28,999
2025-08-02T00:32:45.186 0100|01|00|06|f801fe|20010f02f058[payload->]..X||22,768
2025-08-02T00:42:52.474 0100|00|00|05|fa0001|20010fff70[payload->].p||28,927
2025-08-02T00:42:52.474 0100|01|00|06|f801fe|20010f02f058[payload->]..X||22,768
2025-08-02T00:53:00.199 0100|00|00|05|fa0001|20010fff70[payload->].p||28,927
2025-08-02T00:53:00.199 0100|01|00|06|f801fe|20010f02f058[payload->]..X||22,768
2025-08-02T00:53:01.111 0100|00|00|05|fa0003|20010f4771[payload->]Gq||28,999
2025-08-02T00:53:01.212 0100|01|00|06|f801fe|20010f02f058[payload->]..X||22,768
2025-08-02T01:03:09.361 0100|00|00|05|fa0001|20010fff70[payload->].p||28,927
2025-08-02T01:03:09.361 0100|01|00|06|f801fe|20010f02f058[payload->]..X||22,768
2025-08-02T01:03:10.171 0100|00|00|05|fa0003|20010f4771[payload->]Gq||28,999
2025-08-02T01:03:10.273 0100|01|00|06|f801fe|20010f02f058[payload->]..X||22,768
2025-08-02T01:13:18.557 0100|00|00|05|fa0001|20010fff70[payload->].p||28,927
2025-08-02T01:13:18.658 0100|01|00|06|f801fe|20010f02f058[payload->]..X||22,768
2025-08-02T01:13:19.063 0100|00|00|05|fa0003|20010f4771[payload->]Gq||28,999
2025-08-02T01:13:19.164 0100|01|00|06|f801fe|20010f02f058[payload->]..X||22,768
2025-08-02T01:33:37.235 0100|00|00|05|fa0003|20010f4771[payload->]Gq||28,999
2025-08-02T01:33:37.336 0100|01|00|06|f801fe|20010f02f058[payload->]..X||22,768
2025-08-02T01:43:46.523 0100|00|00|05|fa0003|20010f4771[payload->]Gq||28,999
2025-08-02T01:43:46.524 0100|01|00|06|f801fe|20010f02f058[payload->]..X||22,768
2025-08-02T01:53:55.136 0100|00|00|05|fa0003|20010f4771[payload->]Gq||28,999
2025-08-02T01:53:55.237 0100|01|00|06|f801fe|20010f02f058[payload->]..X||22,768
2025-08-02T02:04:03.150 0100|00|00|05|fa0001|20010fff70[payload->].p||28,927
2025-08-02T02:04:03.251 0100|01|00|06|f801fe|20010f02f058[payload->]..X||22,768
2025-08-02T02:04:04.467 0100|00|00|05|fa0003|20010f4771[payload->]Gq||28,999
2025-08-02T02:04:04.568 0100|01|00|06|f801fe|20010f02f058[payload->]..X||22,768
2025-08-02T02:14:12.925 0100|00|00|05|fa0001|20010fff70[payload->].p||28,927
2025-08-02T02:14:12.926 0100|01|00|06|f801fe|20010f02f058[payload->]..X||22,768
2025-08-02T02:14:13.736 0100|00|00|05|fa0003|20010f4771[payload->]Gq||28,999
2025-08-02T02:14:13.736 0100|01|00|06|f801fe|20010f02f058[payload->]..X||22,768
2025-08-02T02:24:22.476 0100|00|00|05|fa0003|20010f4771[payload->]Gq||28,999
2025-08-02T02:24:22.577 0100|01|00|06|f801fe|20010f02f058[payload->]..X||22,768
2025-08-02T02:34:30.546 0100|00|00|05|fa0001|20010fff70[payload->].p||28,927
2025-08-02T02:34:30.647 0100|01|00|06|f801fe|20010f02f058[payload->]..X||22,768
2025-08-02T02:44:39.479 0100|00|00|05|fa0001|20010fff70[payload->].p||28,927
2025-08-02T02:44:39.580 0100|01|00|06|f801fe|20010f02f058[payload->]..X||22,768
2025-08-02T02:44:40.289 0100|00|00|05|fa0003|20010f4771[payload->]Gq||28,999
2025-08-02T02:44:40.390 0100|01|00|06|f801fe|20010f02f058[payload->]..X||22,768
2025-08-02T02:54:48.594 0100|00|00|05|fa0001|20010fff70[payload->].p||28,927
2025-08-02T02:54:49.202 0100|00|00|05|fa0003|20010f4771[payload->]Gq||28,999
2025-08-02T02:54:49.202 0100|01|00|06|f801fe|20010f02f058[payload->]..X||22,768
2025-08-02T03:04:56.503 0100|00|00|05|fa0001|20010fff70[payload->].p||28,927
2025-08-02T03:04:57.415 0100|00|00|05|fa0003|20010f4771[payload->]Gq||28,999
2025-08-02T03:04:57.415 0100|01|00|06|f801fe|20010f02f058[payload->]..X||22,768
2025-08-02T03:25:14.314 0100|00|00|05|fa0001|20010fff70[payload->].p||28,927
2025-08-02T03:25:14.415 0100|01|00|06|f801fe|20010f02f058[payload->]..X||22,768
2025-08-02T03:35:23.767 0100|00|00|05|fa0003|20010f4771[payload->]Gq||28,999
2025-08-02T03:35:23.767 0100|01|00|06|f801fe|20010f02f058[payload->]..X||22,768
2025-08-02T03:55:39.324 0100|00|00|05|fa0001|20010fff70[payload->].p||28,927
2025-08-02T03:55:39.425 0100|01|00|06|f801fe|20010f02f058[payload->]..X||22,768
2025-08-02T03:55:40.236 0100|00|00|05|fa0003|20010f4771[payload->]Gq||28,999
2025-08-02T03:55:40.236 0100|01|00|06|f801fe|20010f02f058[payload->]..X||22,768
2025-08-02T04:05:47.599 0100|00|00|05|fa0001|20010fff70[payload->].p||28,927
2025-08-02T04:05:47.700 0100|01|00|06|f801fe|20010f02f058[payload->]..X||22,768
2025-08-02T04:05:48.512 0100|00|00|05|fa0003|20010f4771[payload->]Gq||28,999
2025-08-02T04:05:48.613 0100|01|00|06|f801fe|20010f02f058[payload->]..X||22,768
2025-08-02T04:26:05.861 0100|00|00|05|fa0001|20010fff70[payload->].p||28,927
2025-08-02T04:26:05.962 0100|01|00|06|f801fe|20010f02f058[payload->]..X||22,768
2025-08-02T04:36:14.502 0100|00|00|05|fa0001|20010fff70[payload->].p||28,927
2025-08-02T04:36:14.502 0100|01|00|06|f801fe|20010f02f058[payload->]..X||22,768
2025-08-02T04:46:22.718 0100|00|00|05|fa0001|20010fff70[payload->].p||28,927
2025-08-02T04:46:22.819 0100|01|00|06|f801fe|20010f02f058[payload->]..X||22,768
2025-08-02T04:46:23.527 0100|00|00|05|fa0003|20010f4771[payload->]Gq||28,999
2025-08-02T04:46:23.628 0100|01|00|06|f801fe|20010f02f058[payload->]..X||22,768
2025-08-02T04:56:31.530 0100|00|00|05|fa0001|20010fff70[payload->].p||28,927
2025-08-02T04:56:31.632 0100|01|00|06|f801fe|20010f02f058[payload->]..X||22,768
2025-08-02T05:06:40.108 0100|00|00|05|fa0001|20010fff70[payload->].p||28,927
2025-08-02T05:06:41.122 0100|00|00|05|fa0003|20010f4771[payload->]Gq||28,999
2025-08-02T05:06:41.223 0100|01|00|06|f801fe|20010f02f058[payload->]..X||22,768
2025-08-02T05:26:57.616 0100|00|00|05|fa0001|20010fff70[payload->].p||28,927
2025-08-02T05:26:57.717 0100|01|00|06|f801fe|20010f02f058[payload->]..X||22,768
2025-08-02T05:26:58.832 0100|00|00|05|fa0003|20010f4771[payload->]Gq||28,999
2025-08-02T05:26:58.933 0100|01|00|06|f801fe|20010f02f058[payload->]..X||22,768
2025-08-02T05:37:07.494 0100|00|00|05|fa0003|20010f4771[payload->]Gq||28,999
2025-08-02T05:37:07.595 0100|01|00|06|f801fe|20010f02f058[payload->]..X||22,768
2025-08-02T05:47:15.580 0100|00|00|05|fa0001|20010fff70[payload->].p||28,927
2025-08-02T05:47:15.681 0100|01|00|06|f801fe|20010f02f094[payload->]...||38,128
2025-08-02T05:47:16.390 0100|01|00|06|f801fe|20010f02f058[payload->]..X||22,768
2025-08-02T05:57:24.341 0100|00|00|05|fa0001|20010fff70[payload->].p||28,927
2025-08-02T05:57:25.151 0100|00|00|05|fa0003|20010f4771[payload->]Gq||28,999
2025-08-02T06:07:33.866 0100|00|00|05|fa0003|20010f4771[payload->]Gq||28,999
2025-08-02T06:07:33.867 0100|01|00|06|f801fe|20010f02f058[payload->]..X||22,768
2025-08-02T06:17:41.567 0100|00|00|05|fa0001|20010fff70[payload->].p||28,927
2025-08-02T06:17:41.668 0100|01|00|06|f801fe|20010f02f058[payload->]..X||22,768
2025-08-02T06:17:42.389 0100|00|00|05|fa0003|20010f4771[payload->]Gq||28,999
2025-08-02T06:17:42.490 0100|01|00|06|f801fe|20010f02f058[payload->]..X||22,768
2025-08-02T06:27:50.309 0100|00|00|05|fa0001|20010fff70[payload->].p||28,927
2025-08-02T06:27:50.309 0100|01|00|06|f801fe|20010f02f058[payload->]..X||22,768
2025-08-02T06:38:00.238 0100|00|00|05|fa0003|20010f4771[payload->]Gq||28,999
2025-08-02T06:38:00.238 0100|01|00|06|f801fe|20010f02f058[payload->]..X||22,768
2025-08-02T06:48:08.163 0100|00|00|05|fa0001|20010fff70[payload->].p||28,927
2025-08-02T06:48:08.264 0100|01|00|06|f801fe|20010f02f058[payload->]..X||22,768
2025-08-02T06:48:09.278 0100|00|00|05|fa0003|20010f4771[payload->]Gq||28,999
2025-08-02T06:48:09.379 0100|01|00|06|f801fe|20010f02f058[payload->]..X||22,768
2025-08-02T07:08:26.592 0100|00|00|05|fa0001|20010fff70[payload->].p||28,927
2025-08-02T07:08:26.693 0100|01|00|06|f801fe|20010f02f058[payload->]..X||22,768
2025-08-02T07:08:27.402 0100|00|00|05|fa0003|20010f4771[payload->]Gq||28,999
2025-08-02T07:08:27.503 0100|01|00|06|f801fe|20010f02f058[payload->]..X||22,768
2025-08-02T07:18:35.439 0100|00|00|05|fa0001|20010fff70[payload->].p||28,927
2025-08-02T07:18:35.540 0100|01|00|06|f801fe|20010f02f058[payload->]..X||22,768
2025-08-02T07:28:44.330 0100|00|00|05|fa0001|20010fff70[payload->].p||28,927
2025-08-02T07:28:45.039 0100|00|00|05|fa0003|20010f4771[payload->]Gq||28,999
2025-08-02T07:28:45.040 0100|01|00|06|f801fe|20010f02f058[payload->]..X||22,768
2025-08-02T07:38:53.447 0100|00|00|05|fa0003|20010f4771[payload->]Gq||28,999
2025-08-02T07:38:53.447 0100|01|00|06|f801fe|20010f02f058[payload->]..X||22,768
2025-08-02T07:49:01.228 0100|00|00|05|fa0001|20010fff70[payload->].p||28,927
2025-08-02T07:49:01.228 0100|01|00|06|f801fe|20010f02f058[payload->]..X||22,768
2025-08-02T07:49:02.241 0100|00|00|05|fa0003|20010f4771[payload->]Gq||28,999
2025-08-02T07:49:02.343 0100|01|00|06|f801fe|20010f02f058[payload->]..X||22,768
2025-08-02T07:59:10.086 0100|00|00|05|fa0001|20010fff70[payload->].p||28,927
2025-08-02T07:59:10.187 0100|01|00|06|f801fe|20010f02f058[payload->]..X||22,768
2025-08-02T07:59:11.201 0100|00|00|05|fa0003|20010f4771[payload->]Gq||28,999
2025-08-02T07:59:11.201 0100|01|00|06|f801fe|20010f02f058[payload->]..X||22,768
2025-08-02T08:09:19.018 0100|00|00|05|fa0001|20010fff70[payload->].p||28,927
2025-08-02T08:09:19.119 0100|01|00|06|f801fe|20010f02f058[payload->]..X||22,768
2025-08-02T08:09:20.133 0100|00|00|05|fa0003|20010f4771[payload->]Gq||28,999
2025-08-02T08:09:20.133 0100|01|00|06|f801fe|20010f02f058[payload->]..X||22,768
2025-08-02T08:29:38.381 0100|00|00|05|fa0003|20010f4771[payload->]Gq||28,999
2025-08-02T08:29:38.381 0100|01|00|06|f801fe|20010f02f058[payload->]..X||22,768
2025-08-02T08:49:54.262 0100|00|00|05|fa0001|20010fff70[payload->].p||28,927
2025-08-02T08:49:55.072 0100|01|00|06|f801fe|20010f02f058[payload->]..X||22,768
2025-08-02T09:00:02.790 0100|00|00|05|fa0001|20010fff70[payload->].p||28,927
2025-08-02T09:00:02.891 0100|01|00|06|f801fe|20010f02f058[payload->]..X||22,768
2025-08-02T09:00:03.802 0100|00|00|05|fa0003|20010f4771[payload->]Gq||28,999
2025-08-02T09:00:03.803 0100|01|00|06|f801fe|20010f02f058[payload->]..X||22,768
2025-08-02T09:10:12.157 0100|00|00|05|fa0003|20010f4771[payload->]Gq||28,999
2025-08-02T09:10:12.158 0100|01|00|06|f801fe|20010f02f058[payload->]..X||22,768
2025-08-02T09:20:19.947 0100|00|00|05|fa0001|20010fff70[payload->].p||28,927
2025-08-02T09:20:20.048 0100|01|00|06|f801fe|20010f02f058[payload->]..X||22,768
2025-08-02T09:20:21.366 0100|00|00|05|fa0003|20010f4771[payload->]Gq||28,999
2025-08-02T09:20:21.467 0100|01|00|06|f801fe|20010f02f058[payload->]..X||22,768
2025-08-02T09:30:29.737 0100|00|00|05|fa0001|20010fff70[payload->].p||28,927
2025-08-02T09:40:37.616 0100|00|00|05|fa0001|20010fff70[payload->].p||28,927
2025-08-02T09:40:37.617 0100|01|00|06|f801fe|20010f02f058[payload->]..X||22,768
2025-08-02T09:40:38.123 0100|00|00|05|fa0003|20010f4771[payload->]Gq||28,999
2025-08-02T09:40:38.225 0100|01|00|06|f801fe|20010f02f058[payload->]..X||22,768
2025-08-02T09:50:46.363 0100|00|00|05|fa0001|20010fff70[payload->].p||28,927
2025-08-02T09:50:47.476 0100|00|00|05|fa0003|20010f4771[payload->]Gq||28,999
2025-08-02T09:50:47.477 0100|01|00|06|f801fe|20010f02f058[payload->]..X||22,768
2025-08-02T10:00:55.964 0100|00|00|05|fa0003|20010f4771[payload->]Gq||28,999
2025-08-02T10:00:56.065 0100|01|00|06|f801fe|20010f02f058[payload->]..X||22,768
2025-08-02T10:11:04.723 0100|00|00|05|fa0003|20010f4771[payload->]Gq||28,999
2025-08-02T10:11:04.824 0100|01|00|06|f801fe|20010f02f058[payload->]..X||22,768
2025-08-02T10:21:13.897 0100|00|00|05|fa0003|20010f4771[payload->]Gq||28,999
2025-08-02T10:21:13.998 0100|01|00|06|f801fe|20010f02f058[payload->]..X||22,768
2025-08-02T10:31:22.492 0100|00|00|05|fa0003|20010f4771[payload->]Gq||28,999
2025-08-02T10:31:22.492 0100|01|00|06|f801fe|20010f02f058[payload->]..X||22,768
2025-08-02T10:41:31.463 0100|00|00|05|fa0001|20010fff70[payload->].p||28,927
2025-08-02T10:41:31.565 0100|01|00|06|f801fe|20010f02f058[payload->]..X||22,768
2025-08-02T10:41:32.274 0100|00|00|05|fa0003|20010f4771[payload->]Gq||28,999
2025-08-02T10:41:32.275 0100|01|00|06|f801fe|20010f02f058[payload->]..X||22,768
2025-08-02T10:51:39.940 0100|00|00|05|fa0001|20010fff70[payload->].p||28,927
2025-08-02T10:51:40.041 0100|01|00|06|f801fe|20010f02f058[payload->]..X||22,768
2025-08-02T11:01:48.681 0100|00|00|05|fa0001|20010fff70[payload->].p||28,927
2025-08-02T11:01:48.681 0100|01|00|06|f801fe|20010f02f058[payload->]..X||22,768
2025-08-02T11:01:49.389 0100|00|00|05|fa0003|20010f4771[payload->]Gq||28,999
2025-08-02T11:01:49.390 0100|01|00|06|f801fe|20010f02f058[payload->]..X||22,768
2025-08-02T11:22:05.455 0100|00|00|05|fa0001|20010fff70[payload->].p||28,927
2025-08-02T11:22:06.266 0100|00|00|05|fa0003|20010f4771[payload->]Gq||28,999
2025-08-02T11:22:06.266 0100|01|00|06|f801fe|20010f02f058[payload->]..X||22,768
2025-08-02T11:32:14.573 0100|00|00|05|fa0001|20010fff70[payload->].p||28,927
2025-08-02T11:32:14.674 0100|01|00|06|f801fe|20010f02f058[payload->]..X||22,768
2025-08-02T11:32:15.384 0100|00|00|05|fa0003|20010f4771[payload->]Gq||28,999
2025-08-02T11:32:15.485 0100|01|00|06|f801fe|20010f02f058[payload->]..X||22,768
2025-08-02T11:42:24.337 0100|00|00|05|fa0003|20010f4771[payload->]Gq||28,999
2025-08-02T11:42:24.338 0100|01|00|06|f801fe|20010f02f058[payload->]..X||22,768
2025-08-02T11:52:32.665 0100|00|00|05|fa0001|20010fff70[payload->].p||28,927
2025-08-02T11:52:33.172 0100|00|00|05|fa0003|20010f4771[payload->]Gq||28,999
2025-08-02T11:52:33.273 0100|01|00|06|f801fe|20010f02f058[payload->]..X||22,768
2025-08-02T12:02:41.187 0100|00|00|05|fa0001|20010fff70[payload->].p||28,927
2025-08-02T12:02:41.288 0100|01|00|06|f801fe|20010f02f058[payload->]..X||22,768
2025-08-02T12:02:41.998 0100|00|00|05|fa0003|20010f4771[payload->]Gq||28,999
2025-08-02T12:02:41.998 0100|01|00|06|f801fe|20010f02f058[payload->]..X||22,768
2025-08-02T12:12:50.149 0100|00|00|05|fa0001|20010fff70[payload->].p||28,927
2025-08-02T12:12:50.250 0100|01|00|0e|f801fe|20010f02f0580100000005fa0001[payload->]..X........||0,256
2025-08-02T12:33:07.675 0100|00|00|05|fa0003|20010f4771[payload->]Gq||28,999
2025-08-02T12:33:07.676 0100|01|00|06|f801fe|20010f02f058[payload->]..X||22,768
2025-08-02T12:43:16.705 0100|00|00|05|fa0003|20010f4771[payload->]Gq||28,999
2025-08-02T12:43:16.705 0100|01|00|06|f801fe|20010f02f058[payload->]..X||22,768
2025-08-02T12:53:24.547 0100|00|00|05|fa0001|20010fff70[payload->].p||28,927
2025-08-02T12:53:24.547 0100|01|00|06|f801fe|20010f02f058[payload->]..X||22,768
2025-08-02T13:03:33.823 0100|01|00|06|f801fe|20010f02f058[payload->]..X||22,768
2025-08-02T13:13:42.874 0100|00|00|05|fa0003|20010f4771[payload->]Gq||28,999
2025-08-02T13:13:42.874 0100|01|00|06|f801fe|20010f02f058[payload->]..X||22,768
2025-08-02T13:23:50.504 0100|00|00|05|fa0001|20010fff70[payload->].p||28,927
2025-08-02T13:23:50.505 0100|01|00|06|f801fe|20010f02f08d[payload->]...||36,336
2025-08-02T13:23:51.213 0100|00|00|05|fa0003|20010f4771[payload->]Gq||28,999
2025-08-02T13:23:51.214 0100|01|00|06|f801fe|20010f02f058[payload->]..X||22,768
2025-08-02T13:33:59.190 0100|00|00|05|fa0001|20010fff70[payload->].p||28,927
2025-08-02T13:33:59.292 0100|01|00|06|f801fe|20010f02f050[payload->]..P||20,720
2025-08-02T13:34:00.304 0100|00|00|05|fa0003|20010f4771[payload->]Gq||28,999
2025-08-02T13:34:00.405 0100|01|00|06|f801fe|20010f02f058[payload->]..X||22,768
2025-08-02T13:54:16.540 0100|00|00|05|fa0001|20010fff70[payload->].p||28,927
2025-08-02T13:54:16.540 0100|01|00|06|f801fe|20010f02f058[payload->]..X||22,768
2025-08-02T13:54:17.955 0100|00|00|05|fa0003|20010f4771[payload->]Gq||28,999
2025-08-02T13:54:17.956 0100|01|00|06|f801fe|20010f02f058[payload->]..X||22,768
2025-08-02T14:04:25.247 0100|00|00|05|fa0001|20010fff70[payload->].p||28,927
2025-08-02T14:04:25.348 0100|01|00|06|f801fe|20010f02f058[payload->]..X||22,768
2025-08-02T14:14:34.468 0100|00|00|05|fa0001|20010fff70[payload->].p||28,927
2025-08-02T14:14:34.570 0100|01|00|06|f801fe|20010f02f058[payload->]..X||22,768
2025-08-02T14:24:43.085 0100|00|00|05|fa0001|20010fff70[payload->].p||28,927
2025-08-02T14:24:43.186 0100|01|00|06|f801fe|20010f02f058[payload->]..X||22,768
2025-08-02T14:34:51.748 0100|00|00|05|fa0001|20010fff70[payload->].p||28,927
2025-08-02T14:34:51.749 0100|01|00|06|f801fe|20010f02f058[payload->]..X||22,768
2025-08-02T14:34:52.255 0100|00|00|05|fa0003|20010f4771[payload->]Gq||28,999
2025-08-02T14:34:52.356 0100|01|00|06|f801fe|20010f02f058[payload->]..X||22,768
2025-08-02T14:45:01.695 0100|00|00|05|fa0003|20010f4771[payload->]Gq||28,999
2025-08-02T14:45:01.795 0100|01|00|06|f801fe|20010f02f058[payload->]..X||22,768
2025-08-02T14:55:10.267 0100|00|00|05|fa0003|20010f4771[payload->]Gq||28,999
2025-08-02T14:55:10.267 0100|01|00|06|f801fe|20010f02f058[payload->]..X||22,768
2025-08-02T15:05:18.739 0100|00|00|05|fa0001|20010fff70[payload->].p||28,927
2025-08-02T15:05:18.739 0100|01|00|06|f801fe|20010f02f058[payload->]..X||22,768
2025-08-02T15:05:19.347 0100|00|00|05|fa0003|20010f4771[payload->]Gq||28,999
2025-08-02T15:05:19.448 0100|01|00|06|f801fe|20010f02f058[payload->]..X||22,768
2025-08-02T15:15:27.690 0100|00|00|05|fa0001|20010fff70[payload->].p||28,927
2025-08-02T15:15:27.791 0100|01|00|06|f801fe|20010f02f058[payload->]..X||22,768
2025-08-02T15:15:28.805 0100|00|00|05|fa0003|20010f4771[payload->]Gq||28,999
2025-08-02T15:15:28.906 0100|01|00|06|f801fe|20010f02f058[payload->]..X||22,768
2025-08-02T15:25:36.782 0100|00|00|05|fa0001|20010fff70[payload->].p||28,927
2025-08-02T15:25:36.884 0100|01|00|0e|f801fe|20010f02f058010000100010e101[payload->]..X........||0,481
2025-08-02T15:35:45.270 0100|00|00|05|fa0001|20010fff70[payload->].p||28,927
2025-08-02T15:35:45.371 0100|01|00|06|f801fe|20010f02f058[payload->]..X||22,768
2025-08-02T15:35:46.283 0100|00|00|05|fa0003|20010f4771[payload->]Gq||28,999
2025-08-02T15:35:46.384 0100|01|00|06|f801fe|20010f02f058[payload->]..X||22,768
2025-08-02T15:45:55.554 0100|00|00|05|fa0003|20010f4771[payload->]Gq||28,999
2025-08-02T15:45:55.756 0100|01|00|06|f801fe|20010f02f058[payload->]..X||22,768
2025-08-02T15:56:02.627 0100|00|00|05|fa0001|20010fff70[payload->].p||28,927
2025-08-02T15:56:02.627 0100|01|00|06|f801fe|20010f02f058[payload->]..X||22,768
2025-08-02T15:56:03.538 0100|00|00|05|fa0003|20010f4771[payload->]Gq||28,999
2025-08-02T15:56:03.639 0100|01|00|06|f801fe|20010f02f058[payload->]..X||22,768
2025-08-02T16:16:20.172 0100|00|00|05|fa0001|20010fff70[payload->].p||28,927
2025-08-02T16:16:20.273 0100|01|00|06|f801fe|20010f02f058[payload->]..X||22,768
2025-08-02T16:16:21.084 0100|00|00|05|fa0003|20010f4771[payload->]Gq||28,999
2025-08-02T16:16:21.085 0100|01|00|06|f801fe|20010f02f058[payload->]..X||22,768
2025-08-02T16:26:29.374 0100|00|00|05|fa0003|20010f4771[payload->]Gq||28,999
2025-08-02T16:26:29.374 0100|01|00|06|f801fe|20010f02f058[payload->]..X||22,768
2025-08-02T16:36:38.866 0100|00|00|05|fa0003|20010f4771[payload->]Gq||28,999
2025-08-02T16:36:38.867 0100|01|00|06|f801fe|20010f02f058[payload->]..X||22,768
2025-08-02T16:56:55.321 0100|00|00|05|fa0001|20010fff70[payload->].p||28,927
2025-08-02T16:56:55.422 0100|01|00|06|f801fe|20010f02f058[payload->]..X||22,768
2025-08-02T16:56:56.435 0100|00|00|05|fa0003|20010f4771[payload->]Gq||28,999
2025-08-02T16:56:56.536 0100|09|08|06|f801fe|20010f02f058[payload->]..X||22,768
2025-08-02T17:17:13.615 0100|00|00|05|fa0001|20010fff70[payload->].p||28,927
2025-08-02T17:17:13.716 0100|01|00|06|f801fe|20010f02f058[payload->]..X||22,768
2025-08-02T17:17:14.122 0100|00|00|05|fa0003|20010f4771[payload->]Gq||28,999
2025-08-02T17:17:14.223 0100|01|00|06|f801fe|20010f02f058[payload->]..X||22,768
2025-08-02T17:27:22.508 0100|00|00|05|fa0003|20010f4771[payload->]Gq||28,999
2025-08-02T17:27:22.609 0100|01|00|06|f801fe|20010f02f058[payload->]..X||22,768
2025-08-02T17:37:30.198 0100|00|00|05|fa0001|20010fff70[payload->].p||28,927
2025-08-02T17:37:30.300 0100|01|00|06|f801fe|20010f02f058[payload->]..X||22,768
2025-08-02T17:37:31.111 0100|00|00|05|fa0003|20010f4771[payload->]Gq||28,999
2025-08-02T17:37:31.111 0100|01|00|06|f801fe|20010f02f058[payload->]..X||22,768
2025-08-02T17:47:39.489 0100|00|00|05|fa0001|20010fff70[payload->].p||28,927
2025-08-02T17:47:39.590 0100|01|00|06|f801fe|20010f02f058[payload->]..X||22,768
2025-08-02T17:47:40.401 0100|00|00|05|fa0003|20010f4771[payload->]Gq||28,999
2025-08-02T17:47:40.503 0100|01|00|06|f801fe|20010f02f058[payload->]..X||22,768
2025-08-02T17:57:48.405 0100|00|00|05|fa0001|20010fff70[payload->].p||28,927
2025-08-02T17:57:48.405 0100|01|00|06|f801fe|20010f02f058[payload->]..X||22,768
2025-08-02T17:57:49.012 0100|00|00|05|fa0003|20010f4771[payload->]Gq||28,999
2025-08-02T17:57:49.113 0100|01|00|06|f801fe|20010f02f058[payload->]..X||22,768
2025-08-02T18:07:58.832 0100|00|00|05|fa0003|20010f4771[payload->]Gq||28,999
2025-08-02T18:07:58.833 0100|01|00|06|f801fe|20010f02f058[payload->]..X||22,768
2025-08-02T18:18:06.917 0100|00|00|05|fa0001|20010fff70[payload->].p||28,927
2025-08-02T18:18:07.018 0100|01|00|06|f801fe|20010f02f058[payload->]..X||22,768
2025-08-02T18:18:08.032 0100|00|00|05|fa0003|20010f4771[payload->]Gq||28,999
2025-08-02T18:18:08.133 0100|03|00|06|f801fe|20010f02f058[payload->]..X||22,768
2025-08-02T18:28:15.310 0100|00|00|05|fa0001|20010fff70[payload->].p||28,927
2025-08-02T18:28:15.411 0100|01|00|06|f801fe|20010f02f058[payload->]..X||22,768
2025-08-02T18:28:16.425 0100|00|00|05|fa0003|20010f4771[payload->]Gq||28,999
2025-08-02T18:38:24.727 0100|00|00|05|fa0001|20010fff70[payload->].p||28,927
2025-08-02T18:38:24.828 0100|01|00|06|f801fe|20010f02f058[payload->]..X||22,768
2025-08-02T18:38:25.537 0100|00|00|05|fa0003|20010f4771[payload->]Gq||28,999
2025-08-02T18:38:25.638 0100|01|00|06|f801fe|20010f02f058[payload->]..X||22,768
2025-08-02T18:48:33.845 0100|00|00|05|fa0003|20010f4771[payload->]Gq||28,999
2025-08-02T18:48:33.946 0100|01|00|06|f801fe|20010f02f058[payload->]..X||22,768
2025-08-02T19:08:50.535 0100|00|00|05|fa0001|20010fff70[payload->].p||28,927
2025-08-02T19:08:50.535 0100|01|00|06|f801fe|20010f02f058[payload->]..X||22,768
2025-08-02T19:18:59.847 0100|00|00|05|fa0001|20010fff70[payload->].p||28,927
2025-08-02T19:18:59.948 0100|01|00|06|f801fe|20010f02f058[payload->]..X||22,768
2025-08-02T19:49:26.891 0100|00|00|05|fa0001|20010fff70[payload->].p||28,927
2025-08-02T19:49:26.993 0100|01|00|06|f801fe|20010f02f058[payload->]..X||22,768
2025-08-02T19:59:35.909 0100|00|00|05|fa0001|20010fff70[payload->].p||28,927
2025-08-02T19:59:37.021 0100|00|00|05|fa0003|20010f4771[payload->]Gq||28,999
2025-08-02T19:59:37.122 0100|01|00|06|f801fe|20010f02f058[payload->]..X||22,768
2025-08-02T20:19:53.451 0100|00|00|05|fa0001|20010fff70[payload->].p||28,927
2025-08-02T20:19:53.452 0100|01|00|06|f801fe|20010f02f058[payload->]..X||22,768
2025-08-02T20:19:54.161 0100|00|00|05|fa0003|20010f4771[payload->]Gq||28,999
2025-08-02T20:19:54.161 0100|01|00|06|f801fe|20010f02f058[payload->]..X||22,768
2025-08-02T20:30:01.738 0100|01|00|06|f801fe|20010f02f058[payload->]..X||22,768
2025-08-02T20:30:02.749 0100|01|00|06|f801fe|20010f02f058[payload->]..X||22,768
2025-08-02T20:40:10.967 0100|00|00|05|fa0001|20010fff70[payload->].p||28,927
2025-08-02T20:40:10.967 0100|01|00|06|f801fe|20010f02f058[payload->]..X||22,768
2025-08-02T20:40:11.372 0100|00|00|05|fa0003|20010f4771[payload->]Gq||28,999
2025-08-02T20:40:11.372 0100|0b|48|06|f801fe|20010f02f058[payload->]..X||22,768
2025-08-02T20:50:19.595 0100|00|00|05|fa0001|20010fff70[payload->].p||28,927
2025-08-02T20:50:19.796 0100|01|00|06|f801fe|20010f02f058[payload->]..X||22,768
2025-08-02T21:00:29.054 0100|00|00|05|fa0003|20010f4771[payload->]Gq||28,999
2025-08-02T21:00:29.054 0100|01|00|06|f801fe|20010f02f058[payload->]..X||22,768
2025-08-02T21:10:37.903 0100|00|00|05|fa0001|20010fff70[payload->].p||28,927
2025-08-02T21:10:38.004 0100|01|00|06|f801fe|20010f02f058[payload->]..X||22,768
2025-08-02T21:10:38.207 0100|00|00|05|fa0003|20010f4771[payload->]Gq||28,999
2025-08-02T21:10:38.308 0100|01|00|06|f801fe|20010f02f058[payload->]..X||22,768
2025-08-02T21:30:53.938 0100|00|00|05|fa0001|20010fff70[payload->].p||28,927
2025-08-02T21:30:53.938 0100|01|00|06|f801fe|20010f02f058[payload->]..X||22,768
2025-08-02T21:30:54.747 0100|00|00|05|fa0003|20010f4771[payload->]Gq||28,999
2025-08-02T21:30:54.848 0100|01|00|06|f801fe|20010f02f058[payload->]..X||22,768
2025-08-02T21:41:03.731 0100|00|00|05|fa0003|20010f4771[payload->]Gq||28,999
2025-08-02T21:41:03.832 0100|01|00|06|f801fe|20010f02f058[payload->]..X||22,768
2025-08-02T22:01:20.410 0100|00|00|05|fa0001|20010fff70[payload->].p||28,927
2025-08-02T22:01:20.512 0100|01|00|06|f801fe|20010f02f058[payload->]..X||22,768
2025-08-02T22:11:30.344 0100|00|00|05|fa0001|20010fff70[payload->].p||28,927
2025-08-02T22:11:30.445 0100|01|00|06|f801fe|20010f02f058[payload->]..X||22,768
2025-08-02T22:21:39.308 0100|00|00|05|fa0001|20010fff70[payload->].p||28,927
2025-08-02T22:21:39.409 0100|01|00|06|f801fe|20010f02f058[payload->]..X||22,768
2025-08-02T22:31:48.052 0100|00|00|05|fa0001|20010fff70[payload->].p||28,927
2025-08-02T22:31:48.153 0100|01|00|06|f801fe|20010f02f058[payload->]..X||22,768
2025-08-02T22:31:48.964 0100|00|00|05|fa0003|20010f4771[payload->]Gq||28,999
2025-08-02T22:31:49.065 0100|01|00|06|f801fe|20010f02f058[payload->]..X||22,768
2025-08-02T22:41:56.122 0100|01|00|06|f801fe|20010f02f058[payload->]..X||22,768
2025-08-02T22:52:05.660 0100|00|00|05|fa0003|20010f4771[payload->]Gq||28,999
2025-08-02T22:52:05.761 0100|01|00|06|f801fe|20010f02f058[payload->]..X||22,768
2025-08-02T23:02:15.125 0100|00|00|05|fa0003|20010f4771[payload->]Gq||28,999
2025-08-02T23:02:15.125 0100|01|00|06|f801fe|20010f02f058[payload->]..X||22,768
2025-08-02T23:12:22.973 0100|00|00|05|fa0001|20010fff70[payload->].p||28,927
2025-08-02T23:12:22.973 0100|01|00|06|f801fe|20010f02f058[payload->]..X||22,768
2025-08-02T23:12:23.581 0100|00|00|05|fa0003|20010f4771[payload->]Gq||28,999
2025-08-02T23:12:23.581 0100|01|00|06|f801fe|20010f02f058[payload->]..X||22,768
2025-08-02T23:22:30.706 0100|00|00|05|fa0001|20010fff70[payload->].p||28,927
2025-08-02T23:22:30.707 0100|01|00|06|f801fe|20010f02f058[payload->]..X||22,768
2025-08-02T23:32:39.269 0100|00|00|05|fa0001|20010fff70[payload->].p||28,927
2025-08-02T23:32:39.370 0100|01|00|06|f801fe|20010f02f058[payload->]..X||22,768
2025-08-02T23:32:39.876 0100|01|00|06|f801fe|20010f02f058[payload->]..X||22,768
2025-08-02T23:42:49.503 0100|00|00|05|fa0003|20010f4771[payload->]Gq||28,999
2025-08-02T23:42:49.504 0100|01|00|06|f801fe|20010f02f058[payload->]..X||22,768
2025-08-03T00:23:24.031 0100|00|00|05|fa0001|20010fff70[payload->].p||28,927
2025-08-03T00:23:24.132 0100|01|00|06|f801fe|20010f02f058[payload->]..X||22,768
2025-08-03T00:23:25.144 0100|00|00|05|fa0003|20010f4771[payload->]Gq||28,999
2025-08-03T00:23:25.245 0100|01|00|06|f801fe|20010f02f058[payload->]..X||22,768
2025-08-03T00:33:33.168 0100|00|00|05|fa0001|20010fff70[payload->].p||28,927
2025-08-03T00:43:41.511 0100|00|00|05|fa0001|20010fff70[payload->].p||28,927
2025-08-03T00:43:41.612 0100|01|00|06|f801fe|20010f02f058[payload->]..X||22,768
2025-08-03T01:03:59.154 0100|00|00|05|fa0001|20010fff70[payload->].p||28,927
2025-08-03T01:03:59.154 0100|01|00|06|f801fe|20010f02f058[payload->]..X||22,768
2025-08-03T01:03:59.964 0100|00|00|05|fa0003|20010f4671[payload->]Fq||28,998
2025-08-03T01:04:00.065 0100|01|00|06|f801fe|20010f02f058[payload->]..X||22,768
2025-08-03T01:14:08.978 0100|00|00|05|fa0003|20010f4771[payload->]Gq||28,999
2025-08-03T01:14:08.978 0100|01|00|06|f801fe|20010f02f058[payload->]..X||22,768
2025-08-03T01:24:16.587 0100|00|00|05|fa0001|20010fff70[payload->].p||28,927
2025-08-03T01:24:16.688 0100|01|00|06|f801fe|20010f02f058[payload->]..X||22,768
2025-08-03T01:44:34.684 0100|00|00|05|fa0001|20010fff70[payload->].p||28,927
2025-08-03T01:44:34.685 0100|01|00|06|f801fe|20010f02f058[payload->]..X||22,768
2025-08-03T01:44:35.696 0100|00|00|05|fa0003|20010f4771[payload->]Gq||28,999
2025-08-03T01:44:35.797 0100|01|00|06|f801fe|20010f02f058[payload->]..X||22,768
2025-08-03T01:54:43.709 0100|00|00|05|fa0003|20010f4771[payload->]Gq||28,999
2025-08-03T01:54:43.709 0100|01|00|06|f801fe|20010f02f058[payload->]..X||22,768
2025-08-03T02:04:50.170 0100|00|00|05|fa0001|20010fff70[payload->].p||28,927
2025-08-03T02:04:50.271 0100|01|00|06|f801fe|20010f02f058[payload->]..X||22,768
2025-08-03T02:14:59.601 0100|00|00|05|fa0001|20010fff70[payload->].p||28,927
2025-08-03T02:14:59.702 0100|01|00|06|f801fe|20010f02f058[payload->]..X||22,768
2025-08-03T02:14:59.904 0100|00|00|05|fa0003|20010f4771[payload->]Gq||28,999
2025-08-03T02:14:59.905 0100|01|00|06|f801fe|20010f02f058[payload->]..X||22,768
2025-08-03T02:25:09.321 0100|00|00|05|fa0003|20010f4771[payload->]Gq||28,999
2025-08-03T02:25:09.523 0100|01|00|06|f801fe|20010f02f058[payload->]..X||22,768
2025-08-03T02:45:26.066 0100|00|00|05|fa0003|20010f4771[payload->]Gq||28,999
2025-08-03T02:45:26.167 0100|01|00|06|f801fe|20010f02f058[payload->]..X||22,768
2025-08-03T02:55:35.667 0100|00|00|05|fa0003|20010f4771[payload->]Gq||28,999
2025-08-03T02:55:35.768 0100|01|00|06|f801fe|20010f02f058[payload->]..X||22,768
2025-08-03T03:15:51.469 0100|00|00|05|fa0001|20010fff70[payload->].p||28,927
2025-08-03T03:15:51.571 0100|01|00|06|f801fe|20010f02f058[payload->]..X||22,768
2025-08-03T03:15:52.683 0100|00|00|05|fa0003|20010f4771[payload->]Gq||28,999
2025-08-03T03:15:52.785 0100|01|00|06|f801fe|20010f02f058[payload->]..X||22,768
2025-08-03T03:46:20.121 0100|00|00|05|fa0001|20010fff70[payload->].p||28,927
2025-08-03T03:46:20.121 0100|01|00|06|f801fe|20010f02f058[payload->]..X||22,768
2025-08-03T03:56:28.778 0100|00|00|05|fa0001|20010fff70[payload->].p||28,927
2025-08-03T03:56:28.778 0100|01|00|06|f801fe|20010f02fa58[payload->]..X||22,778
2025-08-03T03:56:30.155 0100|00|00|05|fa0003|20010f4771[payload->]Gq||28,999
2025-08-03T03:56:30.156 0100|01|00|06|f801fe|20010f02f058[payload->]..X||22,768
2025-08-03T04:16:46.760 0100|00|00|05|fa0001|20010fff70[payload->].p||28,927
2025-08-03T04:16:46.862 0100|01|00|06|f801fe|20010f02f058[payload->]..X||22,768
2025-08-03T04:16:47.974 0100|00|00|05|fa0003|20010f4771[payload->]Gq||28,999
2025-08-03T04:16:48.076 0100|01|00|06|f801fe|20010f02f058[payload->]..X||22,768
2025-08-03T04:26:55.474 0100|00|00|05|fa0001|20010fff70[payload->].p||28,927
2025-08-03T04:26:55.475 0100|01|00|06|f801fe|20010f02f058[payload->]..X||22,768
2025-08-03T04:37:03.992 0100|00|00|05|fa0001|20010fff70[payload->].p||28,927
2025-08-03T04:37:04.093 0100|01|00|06|f801fe|20010f02f058[payload->]..X||22,768
2025-08-03T04:37:04.600 0100|00|00|05|fa0003|20010f4771[payload->]Gq||28,999
2025-08-03T04:37:04.801 0100|01|00|06|f801fe|20010f02f058[payload->]..X||22,768
2025-08-03T04:47:12.845 0100|00|00|05|fa0001|20010fff70[payload->].p||28,927
2025-08-03T04:47:12.946 0100|01|00|06|f801fe|20010f02f058[payload->]..X||22,768
2025-08-03T04:47:13.554 0100|00|00|05|fa0003|20010f4771[payload->]Gq||28,999
2025-08-03T04:47:13.554 0100|01|00|06|f801fe|20010f02f058[payload->]..X||22,768
2025-08-03T05:07:30.841 0100|01|00|06|f801fe|20010f02f058[payload->]..X||22,768
2025-08-03T05:07:32.056 0100|00|00|05|fa0003|20010f4771[payload->]Gq||28,999
2025-08-03T05:07:32.157 0100|01|00|06|f801fe|20010f02f058[payload->]..X||22,768
2025-08-03T05:17:39.983 0100|00|00|05|fa0001|20010fff70[payload->].p||28,927
2025-08-03T05:17:40.994 0100|00|00|05|fa0003|20010f4771[payload->]Gq||28,999
2025-08-03T05:17:40.994 0100|01|00|06|f801fe|20010f02f058[payload->]..X||22,768
2025-08-03T05:37:59.155 0100|00|00|05|fa0003|20010f4771[payload->]Gq||28,999
2025-08-03T05:37:59.257 0100|01|00|06|f801fe|20010f02f058[payload->]..X||22,768
2025-08-03T05:48:06.845 0100|00|00|05|fa0001|20010fff70[payload->].p||28,927
2025-08-03T05:48:06.946 0100|01|00|06|f801fe|20010f02f058[payload->]..X||22,768
2025-08-03T05:48:08.058 0100|00|00|05|fa0003|20010f4771[payload->]Gq||28,999
2025-08-03T05:48:08.058 0100|01|00|06|f801fe|20010f02f058[payload->]..X||22,768
2025-08-03T05:58:16.945 0100|00|00|05|fa0003|20010f4771[payload->]Gq||28,999
2025-08-03T05:58:16.945 0100|01|00|06|f801fe|20010f02f058[payload->]..X||22,768
2025-08-03T06:08:25.100 0100|00|00|05|fa0003|20010f4771[payload->]Gq||28,999
2025-08-03T06:08:25.101 0100|01|00|06|f801fe|20010f02f058[payload->]..X||22,768
2025-08-03T06:18:34.202 0100|00|00|05|fa0003|20010f4771[payload->]Gq||28,999
2025-08-03T06:18:34.303 0100|01|00|06|f801fe|20010f02f058[payload->]..X||22,768
2025-08-03T06:28:43.076 0100|00|00|05|fa0003|20010f4771[payload->]Gq||28,999
2025-08-03T06:28:43.177 0100|01|00|06|f801fe|20010f02f058[payload->]..X||22,768
2025-08-03T06:38:51.974 0100|00|00|05|fa0003|20010f4771[payload->]Gq||28,999
2025-08-03T06:38:52.075 0100|01|00|06|f801fe|20010f02f058[payload->]..X||22,768
2025-08-03T06:48:59.995 0100|00|00|05|fa0003|20010f4771[payload->]Gq||28,999
2025-08-03T07:09:17.395 0100|00|00|05|fa0001|20010fff70[payload->].p||28,927
2025-08-03T07:09:18.002 0100|00|00|05|fa0003|20010f4771[payload->]Gq||28,999
2025-08-03T07:09:18.103 0100|01|00|06|f801fe|20010f02f058[payload->]..X||22,768
2025-08-03T07:19:26.528 0100|00|00|05|fa0001|20010fff70[payload->].p||28,927
2025-08-03T07:19:26.629 0100|01|00|06|f801fe|20010f02f058[payload->]..X||22,768
2025-08-03T07:19:28.249 0100|00|00|05|fa0003|20010f4771[payload->]Gq||28,999
2025-08-03T07:19:28.249 0100|01|00|06|f801fe|20010f02f058[payload->]..X||22,768
2025-08-03T07:29:36.372 0100|00|00|05|fa0003|20010f4771[payload->]Gq||28,999
2025-08-03T07:29:36.473 0100|01|00|06|f801fe|20010f02f058[payload->]..X||22,768
2025-08-03T07:49:52.730 0100|00|00|05|fa0001|20010fff70[payload->].p||28,927
2025-08-03T07:49:52.831 0100|01|00|06|f801fe|20010f02f058[payload->]..X||22,768
2025-08-03T07:49:54.043 0100|00|00|05|fa0003|20010f4771[payload->]Gq||28,999
2025-08-03T07:49:54.144 0100|01|00|06|f801fe|20010f02f058[payload->]..X||22,768
2025-08-03T08:00:01.096 0100|00|00|05|fa0003|20010f4771[payload->]Gq||28,999
2025-08-03T08:00:01.197 0100|01|00|06|f801fe|20010f02f058[payload->]..X||22,768
2025-08-03T08:30:27.133 0100|00|00|05|fa0001|20010fff70[payload->].p||28,927
2025-08-03T08:40:36.310 0100|01|00|06|f801fe|20010f02f058[payload->]..X||22,768
2025-08-03T08:50:44.997 0100|00|00|05|fa0001|20010fff70[payload->].p||28,927
2025-08-03T08:50:44.997 0100|01|00|06|f801fe|20010f02f058[payload->]..X||22,768
2025-08-03T09:00:53.815 0100|00|00|05|fa0001|20010fff70[payload->].p||28,927
2025-08-03T09:00:53.916 0100|01|00|06|f801fe|20010f02f058[payload->]..X||22,768
2025-08-03T09:11:02.145 0100|00|00|05|fa0001|20010fff70[payload->].p||28,927
2025-08-03T09:11:02.146 0100|01|00|06|f801fe|20010f02f058[payload->]..X||22,768
2025-08-03T09:11:03.056 0100|01|00|06|f801fe|20010f02f058[payload->]..X||22,768
2025-08-03T09:41:27.625 0100|00|00|05|fa0001|20010fff70[payload->].p||28,927
2025-08-03T09:41:27.726 0100|01|00|06|f801fe|20010f02f058[payload->]..X||22,768
2025-08-03T09:41:28.233 0100|01|00|06|f801fe|20010f02f058[payload->]..X||22,768
2025-08-03T09:51:36.910 0100|00|00|05|fa0001|20010fff70[payload->].p||28,927
2025-08-03T09:51:36.910 0100|01|00|06|f801fe|20010f02e8fd[payload->]...||65,000
2025-08-03T09:51:37.820 0100|00|00|05|fa0003|20010f4771[payload->]Gq||28,999
2025-08-03T09:51:37.921 0100|01|00|06|f801fe|20010f02f058[payload->]..X||22,768
2025-08-03T10:01:46.796 0100|00|00|05|fa0003|20010f4771[payload->]Gq||28,999
2025-08-03T10:01:46.796 0100|01|00|06|f801fe|20010f02f058[payload->]..X||22,768
2025-08-03T10:11:54.602 0100|00|00|05|fa0001|20010fff70[payload->].p||28,927
2025-08-03T10:11:54.603 0100|01|00|06|f801fe|20010f02f058[payload->]..X||22,768
2025-08-03T10:11:55.412 0100|00|00|05|fa0003|20010f4771[payload->]Gq||28,999
2025-08-03T10:11:55.413 0100|01|00|06|f801fe|20010f02f058[payload->]..X||22,768
2025-08-03T10:32:11.833 0100|00|00|05|fa0001|20010fff70[payload->].p||28,927
2025-08-03T10:32:12.543 0100|00|00|05|fa0003|20010f4771[payload->]Gq||28,999
2025-08-03T10:32:12.644 0100|01|00|06|f801fe|20010f02f058[payload->]..X||22,768
2025-08-03T11:02:38.674 0100|00|00|05|fa0001|20010fff70[payload->].p||28,927
2025-08-03T11:02:38.775 0100|01|00|06|f801fe|20010f02f058[payload->]..X||22,768
2025-08-03T11:02:39.484 0100|00|00|05|fa0003|20010f4771[payload->]Gq||28,999
2025-08-03T11:02:39.585 0100|01|00|06|f801fe|20010f02f058[payload->]..X||22,768
2025-08-03T11:22:56.645 0100|01|00|06|f801fe|20010f02f058[payload->]..X||22,768
2025-08-03T11:22:57.555 0100|00|00|05|fa0003|20010f4771[payload->]Gq||28,999
2025-08-03T11:22:57.555 0100|01|00|06|f801fe|20010f02f058[payload->]..X||22,768
2025-08-03T11:33:05.522 0100|00|00|05|fa0001|20010fff70[payload->].p||28,927
2025-08-03T11:33:05.623 0100|01|00|06|f801fe|20010f02f058[payload->]..X||22,768
2025-08-03T11:33:06.434 0100|00|00|05|fa0003|20010f4771[payload->]Gq||28,999
2025-08-03T11:33:06.535 0100|01|00|06|f801fe|20010f02f058[payload->]..X||22,768
2025-08-03T11:43:14.401 0100|00|00|05|fa0001|20010fff70[payload->].p||28,927
2025-08-03T11:43:14.502 0100|01|00|06|f801fe|20010f02f058[payload->]..X||22,768
2025-08-03T11:43:15.514 0100|00|00|05|fa0003|20010f4771[payload->]Gq||28,999
2025-08-03T11:43:15.515 0100|01|00|06|f801fe|20010f02f058[payload->]..X||22,768
2025-08-03T11:53:24.035 0100|00|00|05|fa0001|20010fff70[payload->].p||28,927
2025-08-03T11:53:24.136 0100|01|00|06|f801fe|20010f02f058[payload->]..X||22,768
2025-08-03T11:53:25.047 0100|00|00|05|fa0003|20010f4771[payload->]Gq||28,999
2025-08-03T11:53:25.047 0100|01|00|06|f801fe|20010f02f058[payload->]..X||22,768
2025-08-03T12:03:32.706 0100|00|00|05|fa0001|20010fff70[payload->].p||28,927
2025-08-03T12:03:32.807 0100|01|00|06|f801fe|20010f02f058[payload->]..X||22,768
2025-08-03T12:03:33.517 0100|00|00|05|fa0003|20010f4771[payload->]Gq||28,999
2025-08-03T12:03:33.618 0100|01|00|06|f801fe|20010f02f058[payload->]..X||22,768
2025-08-03T12:13:41.642 0100|00|00|05|fa0001|20010fff70[payload->].p||28,927
2025-08-03T12:13:41.643 0100|01|00|06|f801fe|20010f02f058[payload->]..X||22,768
2025-08-03T12:13:42.655 0100|00|00|05|fa0003|20010f4771[payload->]Gq||28,999
2025-08-03T12:23:50.023 0100|00|00|05|fa0001|20010fff70[payload->].p||28,927
2025-08-03T12:23:50.125 0100|01|00|06|f801fe|20010f02f058[payload->]..X||22,768
2025-08-03T12:23:51.239 0100|00|00|05|fa0003|20010f4771[payload->]Gq||28,999
2025-08-03T12:44:08.641 0100|00|00|05|fa0001|20010fff70[payload->].p||28,927
2025-08-03T12:44:08.742 0100|01|00|06|f801fe|20010f02f058[payload->]..X||22,768
2025-08-03T12:44:09.350 0100|00|00|05|fa0003|20010f4771[payload->]Gq||28,999
2025-08-03T12:54:18.972 0100|00|00|05|fa0003|20010f4771[payload->]Gq||28,999
2025-08-03T12:54:18.973 0100|01|00|06|f801fe|20010f02f058[payload->]..X||22,768
2025-08-03T13:04:27.828 0100|00|00|05|fa0003|20010f4771[payload->]Gq||28,999
2025-08-03T13:04:27.929 0100|01|00|06|f801fe|20010f02f058[payload->]..X||22,768
2025-08-03T13:14:35.363 0100|00|00|05|fa0001|20010fff70[payload->].p||28,927
2025-08-03T13:14:35.464 0100|01|00|06|f801fe|20010f02f058[payload->]..X||22,768
2025-08-03T13:14:36.377 0100|00|00|05|fa0003|20010f4771[payload->]Gq||28,999
2025-08-03T13:14:36.377 0100|01|00|06|f801fe|20010f02f058[payload->]..X||22,768
2025-08-03T13:24:44.469 0100|00|00|05|fa0001|20010fff70[payload->].p||28,927
2025-08-03T13:24:44.570 0100|01|00|06|f801fe|20010f02f058[payload->]..X||22,768
2025-08-03T13:34:53.610 0100|00|00|05|fa0001|20010fff70[payload->].p||28,927
2025-08-03T13:34:53.610 0100|01|00|06|f801fe|20010f02f058[payload->]..X||22,768
2025-08-03T13:34:54.117 0100|00|00|05|fa0003|20010f4771[payload->]Gq||28,999
2025-08-03T13:34:54.118 0100|01|00|06|f801fe|20010f02f058[payload->]..X||22,768
2025-08-03T13:45:03.366 0100|00|00|05|fa0003|20010f4771[payload->]Gq||28,999
2025-08-03T13:45:03.366 0100|01|00|06|f801fe|20010f02f058[payload->]..X||22,768
2025-08-03T13:55:11.862 0100|00|00|05|fa0001|20010fff70[payload->].p||28,927
2025-08-03T13:55:11.963 0100|01|00|06|f801fe|20010f02f058[payload->]..X||22,768
2025-08-03T13:55:12.673 0100|00|00|05|fa0003|20010f4771[payload->]Gq||28,999
2025-08-03T13:55:12.874 0100|01|00|06|f801fe|20010f02f058[payload->]..X||22,768
2025-08-03T14:05:20.550 0100|00|00|05|fa0001|20010fff70[payload->].p||28,927
2025-08-03T14:05:20.551 0100|01|00|06|f801fe|20010f02f058[payload->]..X||22,768
2025-08-03T14:05:21.159 0100|00|00|05|fa0003|20010f4771[payload->]Gq||28,999
2025-08-03T14:05:21.260 0100|01|00|06|f801fe|20010f02f058[payload->]..X||22,768
2025-08-03T14:15:30.504 0100|00|00|05|fa0003|20010f4771[payload->]Gq||28,999
2025-08-03T14:15:30.605 0100|01|00|06|f801fe|20010f02f058[payload->]..X||22,768
2025-08-03T14:25:38.508 0100|00|00|05|fa0001|20010fff70[payload->].p||28,927
2025-08-03T14:25:38.609 0100|01|00|06|f801ee|20010f02f058[payload->]..X||22,768
2025-08-03T14:45:56.001 0100|00|00|05|fa0003|20010f4771[payload->]Gq||28,999
2025-08-03T14:45:56.102 0100|01|00|06|f801fe|20010f02f058[payload->]..X||22,768
2025-08-03T14:56:03.847 0100|00|00|05|fa0001|20010fff70[payload->].p||28,927
2025-08-03T14:56:03.847 0100|01|00|06|f801fe|20010f02f058[payload->]..X||22,768
2025-08-03T14:56:04.861 0100|01|00|07|f701fe|20010f02f05801[payload->]..X.||0,344
2025-08-03T15:26:30.171 0100|00|00|05|fa0001|20010fff70[payload->].p||28,927
2025-08-03T15:26:30.171 0100|01|00|06|f801fe|20010f02f058[payload->]..X||22,768
2025-08-03T15:36:40.234 0100|00|00|05|fa0003|20010f4771[payload->]Gq||28,999
2025-08-03T15:36:40.235 0100|01|00|06|f801fe|20010f02f058[payload->]..X||22,768
2025-08-03T15:46:49.632 0100|00|00|05|fa0003|20010f4771[payload->]Gq||28,999
2025-08-03T15:46:49.733 0100|01|00|06|f801fe|20010f02f058[payload->]..X||22,768
2025-08-03T15:56:58.278 0100|00|00|05|fa0003|20010f4771[payload->]Gq||28,999
2025-08-03T15:56:58.379 0100|01|00|06|f801fe|20010f02f058[payload->]..X||22,768
2025-08-03T16:07:05.179 0100|00|00|05|fa0001|20010fff70[payload->].p||28,927
2025-08-03T16:07:05.179 0100|01|00|06|f801be|20010f02f058[payload->]..X||22,768
2025-08-03T16:17:14.226 0100|00|00|05|fa0001|20010fff70[payload->].p||28,927
2025-08-03T16:17:14.327 0100|01|00|06|f801fe|20010f02f058[payload->]..X||22,768
2025-08-03T16:27:22.980 0100|00|00|05|fa0001|20010fff70[payload->].p||28,927
2025-08-03T16:27:23.081 0100|01|00|06|f801fe|20010f02f058[payload->]..X||22,768
2025-08-03T16:27:23.892 0100|00|00|05|fa0003|20010f4771[payload->]Gq||28,999
2025-08-03T16:27:23.993 0100|01|00|06|f801fe|20010f02f058[payload->]..X||22,768
2025-08-03T16:37:31.551 0100|01|00|06|f801fe|20010f02f058[payload->]..X||22,768
2025-08-03T16:37:32.259 0100|01|00|06|f801fe|20010f02f058[payload->]..X||22,768
2025-08-03T16:57:49.652 0100|00|00|05|fa0003|20010f4771[payload->]Gq||28,999
2025-08-03T16:57:49.753 0100|01|00|06|f801fe|20010f02f058[payload->]..X||22,768
2025-08-03T17:07:58.812 0100|00|00|05|fa0003|20010f4771[payload->]Gq||28,999
2025-08-03T17:07:58.913 0100|01|00|06|f801fe|20010f02f058[payload->]..X||22,768
2025-08-03T17:28:15.470 0100|00|00|05|fa0001|20010fff70[payload->].p||28,927
2025-08-03T17:28:15.571 0100|01|00|06|f801fe|20010f02f058[payload->]..X||22,768
2025-08-03T17:28:16.078 0100|01|00|06|f801fe|20010f02f058[payload->]..X||22,768
2025-08-03T17:38:24.317 0100|00|00|05|fa0001|20010f3b01[payload->];.||0,315
2025-08-03T17:38:25.128 0100|00|00|05|fa0003|20010f4771[payload->]Gq||28,999
2025-08-03T17:38:25.128 0100|01|00|06|f801fe|20010f02f058[payload->]..X||22,768
2025-08-03T17:48:34.505 0100|00|00|05|fa0003|20010f4771[payload->]Gq||28,999
2025-08-03T17:48:34.505 0100|01|00|06|f801fe|20010f02f058[payload->]..X||22,768
2025-08-03T17:58:42.874 0100|00|00|05|fa0001|20010fff70[payload->].p||28,927
2025-08-03T17:58:42.975 0100|01|00|06|f801fe|20010f02f058[payload->]..X||22,768
2025-08-03T17:58:43.582 0100|00|00|05|fa0003|20010f4771[payload->]Gq||28,999
2025-08-03T17:58:43.582 0100|01|00|06|f801fe|20010f02f058[payload->]..X||22,768
2025-08-03T18:08:51.444 0100|00|00|05|fa0001|20010fff70[payload->].p||28,927
2025-08-03T18:08:51.545 0100|01|00|06|f801fe|20010f02f058[payload->]..X||22,768
2025-08-03T18:08:52.052 0100|00|00|05|fa0003|20010f4771[payload->]Gq||28,999
2025-08-03T18:08:52.052 0100|01|00|06|f801fe|20010f02f058[payload->]..X||22,768
