2025-07-30T20:31:31.410 0100|00|00|05|fa0001|505a00100a[payload->]..||2,576
2025-07-30T20:31:31.411 0100|01|00|06|f801fe|505a000411b6[payload->]...||46,609
2025-07-30T20:34:26.350 0100|00|00|05|fa0001|505a00100a[payload->]..||2,576
2025-07-30T20:34:26.451 0100|01|00|06|f801fe|505a000411b6[payload->]...||46,609
2025-07-30T21:34:26.091 0100|00|00|05|fa0001|505a00100a[payload->]..||2,576
2025-07-30T21:34:26.192 0100|01|00|06|f801fe|505a000411b6[payload->]...||46,609
2025-07-30T22:34:26.608 0100|00|00|05|fa0001|505a00100a[payload->]..||2,576
2025-07-30T22:34:26.709 0100|01|00|06|f801fe|505a000411b6[payload->]...||46,609
2025-07-30T23:34:26.181 0100|00|00|05|fa0001|505a00100a[payload->]..||2,576
2025-07-30T23:34:26.181 0100|01|00|06|f801fe|505a000411b6[payload->]...||46,609
2025-07-31T00:34:26.189 0100|00|00|05|fa0001|505a00100a[payload->]..||2,576
2025-07-31T00:34:26.189 0100|01|00|06|f801fe|505a000411b6[payload->]...||46,609
2025-07-31T01:31:31.955 0100|01|00|06|f801fe|505a000411b6[payload->]...||46,609
2025-07-31T01:34:26.178 0100|00|00|05|fa0001|505a00100a[payload->]..||2,576
2025-07-31T01:34:26.178 0100|01|00|06|f801fe|505a000411b6[payload->]...||46,609
2025-07-31T02:34:28.420 0100|00|00|05|fa0001|505a00100a[payload->]..||2,576
2025-07-31T02:34:28.420 0100|01|00|06|f801fe|505a000411b6[payload->]...||46,609
2025-07-31T03:34:27.624 0100|00|00|05|fa0001|505a00100a[payload->]..||2,576
2025-07-31T03:34:27.725 0100|01|00|06|f801fe|505a000411b6[payload->]...||46,609
2025-07-31T04:34:27.600 0100|00|00|05|fa0001|505a00100a[payload->]..||2,576
2025-07-31T04:34:27.701 0100|09|00|06|f801fe|505a000411b6[payload->]...||46,609
2025-07-31T05:34:29.534 0100|00|00|05|fa0001|505a00100a[payload->]..||2,576
2025-07-31T05:34:29.534 0100|01|00|06|f809fe|505a000411b6[payload->]...||46,609
2025-07-31T06:34:30.503 0100|00|00|05|fa0001|505a00100a[payload->]..||2,576
2025-07-31T06:34:30.503 0100|01|00|06|f801fe|505a000411b6[payload->]...||46,609
2025-07-31T07:34:30.532 0100|00|00|05|fa0001|505a00100a[payload->]..||2,576
2025-07-31T08:34:30.550 0100|00|00|05|fa0001|505a00100a[payload->]..||2,576
2025-07-31T08:34:30.551 0100|01|00|06|f801fe|505a000411b6[payload->]...||46,609
2025-07-31T09:34:30.542 0100|00|00|05|fa0001|505a00100a[payload->]..||2,576
2025-07-31T09:34:30.543 0100|01|00|06|f801fe|505a000411b6[payload->]...||46,609
2025-07-31T10:34:31.463 0100|00|00|05|fa0001|505a00100a[payload->]..||2,576
2025-07-31T10:34:31.564 0100|01|00|06|f801fe|505a000411b6[payload->]...||46,609
2025-07-31T11:31:30.548 0100|00|00|05|fa0001|505a00100a[payload->]..||2,576
2025-07-31T11:31:30.649 0100|01|00|06|f801fe|505a000411b6[payload->]...||46,609
2025-07-31T11:34:31.519 0100|00|00|05|fa0001|505a00100a[payload->]..||2,576
2025-07-31T11:34:31.519 0100|01|00|06|f801fe|505a000411b6[payload->]...||46,609
2025-07-31T12:31:36.691 0100|00|00|05|fa0001|505a00100a[payload->]..||2,576
2025-07-31T12:31:36.692 0100|01|00|06|f801fe|505a000411b6[payload->]...||46,609
2025-07-31T12:34:32.423 0100|00|00|05|fa0001|505a00100a[payload->]..||2,576
2025-07-31T12:34:32.524 0100|01|00|06|f801fe|505a000411b6[payload->]...||46,609
2025-07-31T13:34:32.458 0100|00|00|05|fa0001|505a00100a[payload->]..||2,576
2025-07-31T13:34:32.559 0100|01|00|06|f801fe|505a000411b6[payload->]...||46,609
2025-07-31T14:31:30.800 0100|00|00|05|fa0001|505a00100a[payload->]..||2,576
2025-07-31T14:31:30.901 0100|01|00|06|f801fe|505a000411b6[payload->]...||46,609
2025-07-31T14:34:32.533 0100|00|00|05|fa0001|505a00100a[payload->]..||2,576
2025-07-31T14:34:32.634 0100|01|00|06|f801fe|505a000411b6[payload->]...||46,609
2025-07-31T15:34:36.236 0100|00|00|05|fa0001|505a00100a[payload->]..||2,576
2025-07-31T15:34:36.337 0100|01|00|06|f801fe|505a000411b6[payload->]...||46,609
2025-07-31T16:34:36.288 0100|00|00|05|fa0001|505a00100a[payload->]..||2,576
2025-07-31T16:34:36.291 0100|01|00|06|f801fe|505a000411b6[payload->]...||46,609
2025-07-31T17:34:37.268 0100|00|00|05|fa0001|505a00100a[payload->]..||2,576
2025-07-31T17:34:37.370 0100|01|00|06|f801fe|505a000411b6[payload->]...||46,609
2025-07-31T18:34:39.375 0100|00|00|05|fa0001|505a00100a[payload->]..||2,576
2025-07-31T18:34:39.376 0100|01|00|06|f801fe|505a000411b6[payload->]...||46,609
2025-07-31T19:34:39.528 0100|00|00|05|fa0001|505a00100a[payload->]..||2,576
2025-07-31T19:34:39.529 0100|01|00|06|f801fe|505a000411b6[payload->]...||46,609
2025-07-31T20:31:31.183 0100|00|00|05|fa0001|505a00100a[payload->]..||2,576
2025-07-31T20:31:31.183 0100|01|00|06|f801fe|505a000411b6[payload->]...||46,609
2025-07-31T20:34:39.392 0100|00|00|05|fa0001|505a00100a[payload->]..||2,576
2025-07-31T20:34:39.493 0100|01|00|06|f801fe|505a000411b6[payload->]...||46,609
2025-07-31T21:31:31.201 0100|00|00|05|fa0001|505a00100a[payload->]..||2,576
2025-07-31T21:34:40.106 0100|00|00|05|fa0001|505a00100a[payload->]..||2,576
2025-07-31T21:34:40.207 0100|01|00|06|f801fe|505a000411b6[payload->]...||46,609
2025-07-31T22:34:40.146 0100|00|00|05|fa0001|505a00100a[payload->]..||2,576
2025-07-31T22:34:40.247 0100|01|00|06|f801fe|505a000411b6[payload->]...||46,609
2025-07-31T23:34:41.002 0100|00|00|05|fa0001|505a00100a[payload->]..||2,576
2025-07-31T23:34:41.103 0100|01|00|06|f801fe|505a000411b6[payload->]...||46,609
2025-08-01T00:34:41.086 0100|00|00|05|fa0001|505a00100a[payload->]..||2,576
2025-08-01T00:34:41.086 0100|01|00|06|f801fe|505a000411b6[payload->]...||46,609
2025-08-01T01:34:41.020 0100|00|00|05|fa0001|505a00100a[payload->]..||2,576
2025-08-01T01:34:41.121 0100|01|00|06|f801fe|505a000411b6[payload->]...||46,609
2025-08-01T02:31:31.054 0100|00|00|05|fa0001|505a00100a[payload->]..||2,576
2025-08-01T02:31:31.155 0100|01|00|06|f801fe|505a000411b6[payload->]...||46,609
2025-08-01T02:34:43.026 0100|00|00|05|fa0001|505a00100a[payload->]..||2,576
2025-08-01T02:34:43.026 0100|01|00|06|f801fe|505a000411b6[payload->]...||46,609
2025-08-01T03:34:42.990 0100|00|00|05|fa0001|505a00100a[payload->]..||2,576
2025-08-01T03:34:43.092 0100|01|00|06|f801fe|505a000411b6[payload->]...||46,609
2025-08-01T04:34:43.010 0100|00|00|05|fa0001|505a00100a[payload->]..||2,576
2025-08-01T04:34:43.010 0100|01|00|06|f801fe|505a000411b6[payload->]...||46,609
2025-08-01T05:34:42.974 0100|00|00|05|fa0001|505a00100a[payload->]..||2,576
2025-08-01T05:34:43.075 0100|01|00|06|f801fe|505a000411b6[payload->]...||46,609
2025-08-01T06:31:30.858 0100|00|00|05|fa0001|505a00100a[payload->]..||2,576
2025-08-01T06:34:43.062 0100|00|00|05|fa0001|505a00100a[payload->]..||2,576
2025-08-01T06:34:43.063 0100|01|00|06|f801fe|505a000411b6[payload->]...||46,609
2025-08-01T07:34:44.255 0100|00|00|05|fa0001|505a00100a[payload->]..||2,576
2025-08-01T07:34:44.255 0100|01|00|06|f801fe|505a000411b6[payload->]...||46,609
2025-08-01T08:34:44.237 0100|00|00|05|fa0001|505a00100a[payload->]..||2,576
2025-08-01T08:34:44.238 0100|01|00|06|f801fe|505a000411b6[payload->]...||46,609
2025-08-01T09:34:44.042 0100|00|00|05|fa0001|505a00100a[payload->]..||2,576
2025-08-01T10:31:31.042 0100|00|00|05|fa0001|505a00100a[payload->]..||2,576
2025-08-01T10:31:31.042 0100|01|00|06|f801fe|505a000411b6[payload->]...||46,609
2025-08-01T10:34:44.073 0100|00|00|05|fa0001|505a00100a[payload->]..||2,576
2025-08-01T10:34:44.174 0100|01|00|06|f801fe|505a000411b6[payload->]...||46,609
2025-08-01T11:34:44.166 0100|00|00|05|fa0001|505a00100a[payload->]..||2,576
2025-08-01T11:34:44.267 0100|01|00|06|f801fe|505a000411b6[payload->]...||46,609
2025-08-01T12:34:45.045 0100|00|00|05|fa0001|505a00100a[payload->]..||2,576
2025-08-01T12:34:45.045 0100|01|00|06|f801fe|505a000411b6[payload->]...||46,609
2025-08-01T13:34:46.223 0100|00|00|05|fa0001|505a00100a[payload->]..||2,576
2025-08-01T13:34:46.223 0100|01|00|06|f801fe|505a000411b6[payload->]...||46,609
2025-08-01T14:31:32.400 0100|00|00|05|fa0001|505a00100a[payload->]..||2,576
2025-08-01T14:31:32.400 0100|01|00|06|f801fe|505a000411b6[payload->]...||46,609
2025-08-01T14:34:48.189 0100|00|00|05|fa0001|505a00100a[payload->]..||2,576
2025-08-01T14:34:48.290 0100|01|00|06|f801fe|505a000411b6[payload->]...||46,609
2025-08-01T15:31:30.897 0100|01|00|06|f801fe|505a000411b6[payload->]...||46,609
2025-08-01T15:34:49.169 0100|00|00|05|fa0001|505a00100a[payload->]..||2,576
2025-08-01T15:34:49.270 0100|01|00|06|f801fe|505a000411b6[payload->]...||46,609
2025-08-01T16:34:49.140 0100|00|00|05|fa0001|505a00100a[payload->]..||2,576
2025-08-01T16:34:49.241 0100|01|00|06|f801fe|505a000411b6[payload->]...||46,609
2025-08-01T17:34:49.108 0100|00|00|05|fa0001|505a00100a[payload->]..||2,576
2025-08-01T17:34:49.209 0100|01|04|06|f801fe|505a000411b6[payload->]...||46,609
2025-08-01T18:31:31.284 0100|00|00|05|fa0001|505a00100a[payload->]..||2,576
2025-08-01T18:31:31.285 0100|01|00|06|f801fe|505a000411b6[payload->]...||46,609
2025-08-01T18:34:48.999 0100|00|00|05|fa0001|505a00100a[payload->]..||2,576
2025-08-01T18:34:49.100 0100|01|00|06|f801fe|505a000411b6[payload->]...||46,609
2025-08-01T19:31:30.967 0100|00|00|05|fa0001|505a00100a[payload->]..||2,576
2025-08-01T19:31:31.068 0100|01|00|06|f801fe|505a000411b6[payload->]...||46,609
2025-08-01T19:34:50.339 0100|00|00|05|fa0001|505a00100a[payload->]..||2,576
2025-08-01T19:34:50.440 0100|01|00|06|f801fe|505a000411b6[payload->]...||46,609
2025-08-01T20:34:51.986 0100|00|00|05|fa0001|505a00100a[payload->]..||2,576
2025-08-01T20:34:51.987 0100|01|00|06|f801fe|505a000411b6[payload->]...||46,609
2025-08-01T21:31:30.737 0100|00|00|05|fa0001|505a00100a[payload->]..||2,576
2025-08-01T21:31:30.738 0100|01|00|06|f801fe|505a000411b6[payload->]...||46,609
2025-08-01T21:34:52.095 0100|00|00|05|fa0001|505a00100a[payload->]..||2,576
2025-08-01T21:34:52.095 0100|00|00|06|f801fe|505a000411b6[payload->]...||46,609
2025-08-01T22:31:30.931 0100|00|00|05|fa0001|505a00100a[payload->]..||2,576
2025-08-01T22:34:53.217 0100|00|00|05|fa0001|505a00100a[payload->]..||2,576
2025-08-01T22:34:53.318 0100|01|00|06|f801fe|505a000411b6[payload->]...||46,609
2025-08-01T23:34:53.005 0100|00|00|05|fa0001|505a00100a[payload->]..||2,576
2025-08-01T23:34:53.006 0100|01|00|06|f801fe|505a000411b6[payload->]...||46,609
2025-08-02T00:34:53.013 0100|00|00|05|fa0001|505a00100a[payload->]..||2,576
2025-08-02T00:34:53.013 0100|01|00|06|f801fe|505a000411b6[payload->]...||46,609
2025-08-02T01:31:30.850 0100|00|00|05|fa0001|505a00100a[payload->]..||2,576
2025-08-02T01:34:52.955 0100|00|00|05|fa0001|505a00100a[payload->]..||2,576
2025-08-02T01:34:53.056 0100|01|00|06|f801fe|505a000411b6[payload->]...||46,609
2025-08-02T02:34:52.963 0100|00|00|05|fa0001|505a00100a[payload->]..||2,576
2025-08-02T02:34:53.065 0100|01|00|06|f801fe|505a000411b6[payload->]...||46,609
2025-08-02T03:34:52.935 0100|00|00|05|fa0001|505a00100a[payload->]..||2,576
2025-08-02T03:34:53.036 0100|01|00|06|f801fe|505a000411b6[payload->]...||46,609
2025-08-02T04:31:30.977 0100|00|00|05|fa0001|505a00100a[payload->]..||2,576
2025-08-02T04:31:31.079 0100|01|00|06|f801fe|505a000411b6[payload->]...||46,609
2025-08-02T04:34:52.972 0100|00|00|05|fa0001|505a00100a[payload->]..||2,576
2025-08-02T04:34:52.972 0100|01|00|06|f801fe|505a000411b6[payload->]...||46,609
2025-08-02T05:28:28.283 0100|01|00|07|f701fe|505a006f0c93e7[payload->]o...||59,283
2025-08-02T05:31:30.881 0100|00|00|05|fa0001|505a00100a[payload->]..||2,576
2025-08-02T05:31:30.982 0100|01|00|06|f801fe|505a000411b6[payload->]...||46,609
2025-08-02T05:34:52.939 0100|00|00|05|fa0001|505a00100a[payload->]..||2,576
2025-08-02T05:34:53.040 0100|01|00|06|f801fe|505a000411b6[payload->]...||46,609
2025-08-02T06:31:31.751 0100|01|00|06|f801fe|505a000411b6[payload->]...||46,609
2025-08-02T06:34:54.105 0100|00|00|05|fa0001|505a00100a[payload->]..||2,576
2025-08-02T06:34:54.105 0100|01|00|06|f801fe|505a000411b6[payload->]...||46,609
2025-08-02T07:34:54.034 0100|00|00|05|fa0001|505a00100a[payload->]..||2,576
2025-08-02T08:34:54.007 0100|00|00|05|fa0001|505a00100a[payload->]..||2,576
2025-08-02T08:34:54.007 0100|01|00|06|f801fe|505a000411b6[payload->]...||46,609
2025-08-02T09:34:53.978 0100|00|00|05|fa0001|505a00100a[payload->]..||2,576
2025-08-02T09:34:54.079 0100|01|00|06|f801fe|505a000411b6[payload->]...||46,609
2025-08-02T10:34:53.925 0100|00|00|05|fa0001|505a00100a[payload->]..||2,576
2025-08-02T10:34:54.026 0100|01|00|06|f801fe|505a000411b6[payload->]...||46,609
2025-08-02T11:31:30.826 0100|00|00|05|fa0001|505a00100a[payload->]..||2,576
2025-08-02T11:31:30.827 0100|01|00|06|f801fe|505a000411b6[payload->]...||46,609
2025-08-02T11:34:54.009 0100|00|00|05|fa0001|505a00100a[payload->]..||2,576
2025-08-02T11:34:54.010 0100|01|00|06|f801fe|505a000411b6[payload->]...||46,609
2025-08-02T12:31:32.374 0100|00|00|05|fa0001|505a00100a[payload->]..||2,576
2025-08-02T12:31:32.475 0100|01|00|06|f801fe|505a000411b6[payload->]...||46,609
2025-08-02T12:34:55.205 0100|00|00|05|fa0001|505a00100a[payload->]..||2,576
2025-08-02T12:34:55.306 0100|01|00|06|f801fe|505a000411b6[payload->]...||46,609
2025-08-02T13:34:56.964 0100|00|00|05|fa0001|505a00100a[payload->]..||2,576
2025-08-02T13:34:57.065 0100|01|00|06|f801fe|505a000411b6[payload->]...||46,609
2025-08-02T14:34:57.827 0100|00|00|05|fa0001|505a00100a[payload->]..||2,576
2025-08-02T14:34:57.928 0100|01|00|06|f801fe|505a000411b6[payload->]...||46,609
2025-08-02T15:34:56.976 0100|00|00|05|fa0001|505a00100a[payload->]..||2,576
2025-08-02T15:34:57.077 0100|01|00|06|f801fe|505a000411b6[payload->]...||46,609
2025-08-02T16:34:57.160 0100|00|00|05|fa0001|505a00100a[payload->]..||2,576
2025-08-02T16:34:57.261 0100|01|00|06|f801fe|505a000411b6[payload->]...||46,609
2025-08-02T17:34:57.004 0100|00|00|05|fa0001|505a00100a[payload->]..||2,576
2025-08-02T17:34:57.004 0100|01|00|06|f801fe|505a000411b6[payload->]...||46,609
2025-08-02T18:34:57.016 0100|00|00|05|fa0001|505a00100a[payload->]..||2,576
2025-08-02T18:34:57.016 0100|01|00|06|f801fe|505a000411b6[payload->]...||46,609
2025-08-02T19:34:57.096 0100|00|00|05|fa0001|505a00100a[payload->]..||2,576
2025-08-02T19:34:57.097 0100|01|00|06|f801fe|505a000411b6[payload->]...||46,609
2025-08-02T20:31:31.736 0100|00|00|05|fa0001|505a00100a[payload->]..||2,576
2025-08-02T20:31:31.838 0100|01|00|06|f801fe|505a000411b6[payload->]...||46,609
2025-08-02T20:34:58.214 0100|00|00|05|fa0001|505a00100a[payload->]..||2,576
2025-08-02T20:34:58.214 0100|01|00|06|f801fe|505a000411b6[payload->]...||46,609
2025-08-02T21:34:58.441 0100|00|00|05|fa0001|505a00100a[payload->]..||2,576
2025-08-02T21:34:58.441 0100|01|00|06|f801fe|505a000411b6[payload->]...||46,609
2025-08-02T22:34:58.224 0100|00|00|05|fa0001|505a00100a[payload->]..||2,576
2025-08-02T22:34:58.325 0100|01|00|06|f801fe|505a000411b6[payload->]...||46,609
2025-08-02T23:31:31.506 0100|00|00|05|fa0001|505a000668[payload->].h||26,630
2025-08-02T23:34:58.944 0100|00|00|05|fa0001|505a00100a[payload->]..||2,576
2025-08-02T23:34:59.045 0100|01|00|06|f801fe|505a000411b6[payload->]...||46,609
2025-08-03T00:34:59.034 0100|00|00|05|fa0001|505a00100a[payload->]..||2,576
2025-08-03T00:34:59.034 0100|01|00|06|f801fe|505a000411b6[payload->]...||46,609
2025-08-03T01:31:32.051 0100|00|00|05|fa0001|505a00100a[payload->]..||2,576
2025-08-03T01:35:00.986 0100|00|00|05|fa0001|505a00100a[payload->]..||2,576
2025-08-03T01:35:01.087 0100|01|00|06|f801fe|505a000411b6[payload->]...||46,609
2025-08-03T02:31:31.199 0100|01|00|06|f801fe|505a000411b6[payload->]...||46,609
2025-08-03T02:35:02.014 0100|00|00|05|fa0001|505a00100a[payload->]..||2,576
2025-08-03T02:35:02.116 0100|01|00|06|f801fe|505a000411b6[payload->]...||46,609
2025-08-03T03:35:02.003 0100|00|00|05|fa0001|505a00100a[payload->]..||2,576
2025-08-03T03:35:02.003 0100|01|00|06|f801fe|505a000411b6[payload->]...||46,609
2025-08-03T04:31:31.627 0100|00|00|05|fa0001|505a00100a[payload->]..||2,576
2025-08-03T04:31:31.728 0100|01|00|06|f801fe|505a000411b6[payload->]...||46,609
2025-08-03T04:35:03.080 0100|00|00|05|fa0001|505a00100a[payload->]..||2,576
2025-08-03T04:35:03.181 0100|01|00|06|f801fe|505a000411b6[payload->]...||46,609
2025-08-03T05:31:31.536 0100|00|00|05|fa0001|505a00100a[payload->]..||2,576
2025-08-03T05:31:31.637 0100|01|00|06|f801fe|505a000411b6[payload->]...||46,609
2025-08-03T05:35:02.007 0100|00|00|05|fa0001|505a00100a[payload->]..||2,576
2025-08-03T05:35:02.007 0100|01|00|06|f801fe|505a000411b6[payload->]...||46,609
2025-08-03T06:35:02.023 0100|00|00|05|fa0001|505a00100a[payload->]..||2,576
2025-08-03T06:35:02.124 0100|09|00|06|f801fe|505a000411b6[payload->]...||46,609
2025-08-03T07:35:03.131 0100|00|00|05|fa0001|505a00100a[payload->]..||2,576
2025-08-03T07:35:03.232 0100|01|00|06|f801fe|505a000411b6[payload->]...||46,609
2025-08-03T08:35:03.141 0100|00|00|05|fa0001|505a00100a[payload->]..||2,576
2025-08-03T08:35:03.242 0100|01|00|06|f801fe|505a000411b6[payload->]...||46,609
2025-08-03T09:35:03.918 0100|00|00|05|fa0001|505a00100a[payload->]..||2,576
2025-08-03T09:35:04.019 0100|01|00|06|f801fe|505a000411b6[payload->]...||46,609
2025-08-03T10:31:31.116 0100|00|00|05|fa0001|505a00100a[payload->]..||2,576
2025-08-03T10:31:31.116 0100|01|00|06|f801fe|505a000411b6[payload->]...||46,609
2025-08-03T10:35:04.740 0100|00|00|05|fa0001|505a00100a[payload->]..||2,576
2025-08-03T10:35:04.841 0100|01|00|06|f801fe|505a000411b6[payload->]...||46,609
2025-08-03T11:35:03.977 0100|00|00|05|fa0001|505a00100a[payload->]..||2,576
2025-08-03T11:35:03.977 0100|01|00|06|f801fe|505a000411b6[payload->]...||46,609
2025-08-03T12:31:30.985 0100|00|00|05|fa0001|505a00100a[payload->]..||2,576
2025-08-03T12:31:31.086 0100|01|00|06|f801fe|505a000411b6[payload->]...||46,609
2025-08-03T12:35:05.275 0100|00|00|05|fa0001|505a00100a[payload->]..||2,576
2025-08-03T12:35:05.275 0100|01|00|06|f801fe|505a000411b6[payload->]...||46,609
2025-08-03T13:35:05.340 0100|00|00|05|fa0001|505a00100a[payload->]..||2,576
2025-08-03T13:35:05.441 0100|01|00|06|f801fe|505a000411b6[payload->]...||46,609
2025-08-03T14:35:05.176 0100|00|00|05|fa0001|505a00100a[payload->]..||2,576
2025-08-03T15:35:05.284 0100|00|00|05|fa0001|505a00100a[payload->]..||2,576
2025-08-03T15:35:05.284 0100|01|00|06|f801fe|505a000411b6[payload->]...||46,609
2025-08-03T16:31:31.316 0100|01|00|06|f801fe|505a000411b6[payload->]...||46,609
2025-08-03T16:35:06.810 0100|00|00|05|fa0001|505a00100a[payload->]..||2,576
2025-08-03T17:35:06.729 0100|00|00|05|fa0001|505a00100a[payload->]..||2,576
2025-08-03T17:35:06.830 0100|01|00|06|f801fe|505a000411b6[payload->]...||46,609
