2025-07-31T01:14:19.234 0100|01|00|06|f801fe|50ea0000e1b7[payload->]...||47,073
2025-07-31T05:55:02.561 0100|01|00|06|f801fe|50ea0000e1b7[payload->]...||47,073
2025-08-01T07:59:54.456 0100|01|00|06|f801fe|50ea0000e1b7[payload->]...||47,073
2025-08-01T08:36:34.381 0100|01|00|06|f801fe|50ea0000e1b7[payload->]...||47,073
2025-08-01T09:13:24.354 0100|01|00|06|f801fe|50ea0000e1b7[payload->]...||47,073
2025-08-01T10:37:14.284 0100|01|00|06|f801fe|50ea0000e1b7[payload->]...||47,073
2025-08-01T15:08:19.344 0100|01|00|06|f801fe|50ea0000e1b7[payload->]...||47,073
2025-08-01T21:44:14.289 0100|01|00|06|f801fe|50ea0000e1b7[payload->]...||47,073
2025-08-01T21:50:54.315 0100|01|00|06|f801fe|50ea0000e1b7[payload->]...||47,073
2025-08-01T21:59:14.701 0100|01|00|06|f801fe|50ea0000e1b7[payload->]...||47,073
2025-08-01T22:02:44.587 0100|03|00|4e|f803fe|50ea0000e1b70100000005fa0001200201cbf1010001000bf301fe200201ae8da802453b1e8d0100000005fa0003100301ecf10100010007f701fe100301ffff859c0100000005fa0003200401d3[payload->]........... ............ ......E;...................................... ...||54,017
2025-08-01T22:19:04.364 0100|01|48|06|f801fe|50ea0000e1b7[payload->]...||47,073
2025-08-01T22:30:34.340 0100|01|00|06|f801fe|50ea0000e1b7[payload->]...||47,073
2025-08-01T22:45:04.280 0100|01|00|06|f801fe|50ea0000e3b7[payload->]...||47,075
2025-08-01T23:04:04.349 0100|01|00|06|f801fe|50ea0000e1b7[payload->]...||47,073
2025-08-01T23:08:14.332 0100|01|00|06|f841fe|50ea0000e1b7[payload->]...||47,073
2025-08-01T23:10:04.257 0100|01|00|06|f801fe|50ea0000e1b7[payload->]...||47,073
2025-08-01T23:15:54.660 0100|01|00|06|f803fe|50ea0002e1b7[payload->]...||47,073
2025-08-01T23:16:14.234 0100|01|00|06|f801fe|50ea0000e1b7[payload->]...||47,073
2025-08-01T23:22:44.297 0100|01|00|06|f801fe|50ea0000e1b7[payload->]...||47,073
2025-08-01T23:22:54.387 0100|01|00|06|f801fe|50ea0000e1b7[payload->]...||47,073
2025-08-01T23:26:24.358 0100|01|00|06|f801fe|50ea0000e1b7[payload->]...||47,073
2025-08-01T23:34:14.803 0100|01|00|06|f801fe|50ea0000e1b7[payload->]...||47,073
2025-08-01T23:48:04.289 0100|01|00|06|fa01fe|50ea0000e1b7[payload->]...||47,073
2025-08-01T23:49:44.309 0100|01|00|06|f841fe|50ea0000e1b7[payload->]...||47,073
2025-08-01T23:51:54.414 0100|01|00|06|f801fe|50ea0000e1b7[payload->]...||47,073
2025-08-01T23:53:14.296 0100|01|00|06|f841fe|50ea0000e1b7[payload->]...||47,073
2025-08-02T02:08:54.210 0100|01|40|06|f849fe|50ea0000e1b7[payload->]...||47,073
2025-08-02T02:32:54.511 0100|01|00|06|f801fe|50ea0002e1b7[payload->]...||47,073
2025-08-02T02:41:54.552 0100|01|00|4e|f843fe|50ea0000e1b70100000005fa00012004016bf20100010009f501fe200401ffffffff850d0100000005fa0001200201cbf1010001000bf301fe200201ae8da802453b1e8d0100000005fa00031003[payload->]........... ..k......... ................ ............ ......E;............||0,784
2025-08-02T02:49:54.282 0100|01|42|06|f803fe|50ea0000e1b7[payload->]...||47,073
2025-08-02T02:51:04.741 0100|01|00|06|f843fe|50ea0000e1b7[payload->]...||47,073
2025-08-02T02:52:24.263 0100|01|00|06|f801fe|50ea0008e1b7[payload->]...||47,073
2025-08-02T03:14:54.251 0100|01|00|06|fa03fe|50ea0002e1b7[payload->]...||47,073
2025-08-02T03:22:44.509 0100|01|40|46|fa43fe|50ea0000e1b70100000005fa00012004016bf20100010009f501be200401ffffffff850d0100000005fa0001200201cbf1010001000bf301fe200201ae8da802453b1e8d0100[payload->]........... ..k......... ................ ............ ......E;....||0,001
2025-08-02T03:51:44.243 0100|01|00|06|f801fe|50ea0000e1b7[payload->]...||47,073
2025-08-02T03:57:04.217 0100|01|00|06|f801fe|50ea0000e1b7[payload->]...||47,073
2025-08-02T04:04:34.583 0100|01|00|4e|fa0bfe|50ea0000e1b70100000005fa00012004016bf20100010009f501fe200401ffffffff850d0100000005fa0001200201cbf1010001000bf301fe200201ae8da802453b1e8d0100000005fa00031003[payload->]........... ..k......... ................ ............ ......E;............||0,784
2025-08-02T04:24:34.612 0100|01|40|4e|fa03fe|50ea0000e1b70100000005fa00012004016bf20100010009f501fe200401ffffffff850d0100000005fa0001200201cbf1010001000bf301fe200201ae8da802453b1e8d0100000005fa00031003[payload->]........... ..k......... ................ ............ ......E;............||0,784
2025-08-02T04:34:24.313 0100|01|00|0e|fa01fe|50ea0000e1b70100000005fa0001[payload->]...........||0,256
2025-08-02T05:01:14.234 0100|01|00|06|f8c1fe|50ea0002e1b7[payload->]...||47,073
2025-08-02T05:02:04.283 0100|01|00|06|f801fe|50ea0000e1b7[payload->]...||47,073
2025-08-02T05:29:24.289 0100|01|00|06|f841fe|50ea0000e1b7[payload->]...||47,073
2025-08-02T05:30:44.241 0100|01|00|06|f801fe|50ea0000e1b7[payload->]...||47,073
2025-08-02T05:32:14.288 0100|01|40|0e|fa01fe|50ea0000e1b70100000005fa0001[payload->]...........||0,256
2025-08-02T05:36:04.225 0100|01|00|06|f849fe|50ea0000e1b7[payload->]...||47,073
2025-08-02T05:37:34.252 0100|01|00|06|f843fe|50ea0000e1b7[payload->]...||47,073
2025-08-02T06:03:15.206 0100|01|00|06|f803fe|50ea0000e1b7[payload->]...||47,073
2025-08-02T11:46:09.610 0100|01|00|4e|fa01fe|50ea0002e1b70100000005fa000110030154f04300010007f701fe100301ffff859c0100000005fa00012004016bf20140010009f501fe200401ffffffff850d0100000005fa0001200201cbf101[payload->]..............T.C...................... ..k..@...... ................ .....||0,497
2025-08-02T11:52:29.527 0100|01|00|06|f801fe|50ea0000e1b7[payload->]...||47,073
2025-08-02T12:04:30.137 0100|01|00|06|f801fe|50ea0000e1b7[payload->]...||47,073
2025-08-02T14:33:54.280 0100|01|00|06|f801fe|50ea0000e1b7[payload->]...||47,073
2025-08-02T14:41:44.162 0100|01|00|06|f801fe|50ea0040e1b7[payload->]@..||47,073
2025-08-02T14:54:14.153 0100|01|00|06|f801fe|50ea0000e1b7[payload->]...||47,073
2025-08-02T14:54:24.242 0100|01|00|06|f801fe|50ea0000e3b7[payload->]...||47,075
2025-08-02T15:00:24.174 0100|01|00|06|f801fe|50ea0000e1b7[payload->]...||47,073
2025-08-02T15:55:34.253 0100|01|00|06|f801fe|50ea0000e1b7[payload->]...||47,073
2025-08-02T21:03:57.916 0100|01|00|06|f801fe|50ea0000e1b7[payload->]...||47,073
2025-08-02T21:17:27.270 0100|01|00|06|f801fe|50ea0000e1b7[payload->]...||47,073
2025-08-02T21:30:27.784 0100|01|00|06|f801fe|50ea0000e1b7[payload->]...||47,073
2025-08-03T12:08:56.776 0100|01|00|06|f801fe|50ea0000e1b7[payload->]...||47,073
2025-08-03T14:27:16.764 0100|01|00|06|f801fe|50ea0000e3b7[payload->]...||47,075
