2025-07-30T22:20:54.947 0100|01|00|0b|f301fe|302200b296cb04523b2104[payload->]....R;!.||1,057
2025-07-30T23:48:19.080 0100|00|00|05|fa0001|3022009e29[payload->].)||10,654
2025-07-31T04:13:45.981 0100|00|00|05|fa0001|3022009e29[payload->].)||10,654
2025-07-31T12:39:32.868 0100|01|00|0b|f301fe|302200de5db702533b9c50[payload->].]..S;.P||20,636
2025-07-31T13:14:19.658 0100|01|00|0b|f301fe|3022005a30d702533b11fd[payload->]Z0..S;..||64,785
2025-07-31T14:32:34.898 0100|01|00|0b|f301fe|3022008ad61e03533b0b89[payload->]....S;..||35,083
2025-07-31T17:22:19.669 0100|01|00|0b|f301fe|3022002c34ba03533beb4a[payload->],4..S;.J||19,179
2025-07-31T18:02:49.402 0100|00|00|05|fa0001|3022009e29[payload->].)||10,654
2025-07-31T18:29:10.101 0100|01|00|0b|f301fe|3022007a62f703533bbd19[payload->]zb..S;..||6,589
2025-07-31T18:41:10.236 0100|01|00|0b|f301fe|30220014630204533bfeae[payload->].c..S;..||44,798
2025-07-31T19:04:01.883 0100|01|00|0b|f301fe|302200f04e1704533b1011[payload->].N..S;..||4,368
2025-07-31T20:05:01.593 0100|01|00|0b|f301fe|30220002284f04533b6a1f[payload->].(O.S;j.||8,042
2025-08-01T02:18:27.520 0100|01|00|0b|f301fe|302200d0b07e00543bc961[payload->]..~.T;.a||25,033
2025-08-01T06:24:19.687 0100|05|00|0b|f301fe|302200c4cb5f01543b2bdd[payload->].._.T;+.||56,619
2025-08-01T22:59:16.126 0100|01|00|0b|f301fe|30220008b9ee04543bd1c3[payload->]....T;..||50,129
2025-08-01T23:29:16.233 0100|01|00|0b|f301fe|3022007a300a05543bec73[payload->]z0..T;.s||29,676
2025-08-02T01:29:16.231 0100|01|00|0b|f301fe|302200deb15100553b6354[payload->]..Q.U;cT||21,603
2025-08-02T04:19:26.169 0100|00|00|05|fa0001|3022009e29[payload->].)||10,654
2025-08-02T04:52:36.265 0100|01|00|0b|f301fe|302200e6da0b01553b0a36[payload->]....U;.6||13,834
2025-08-02T05:46:08.067 0100|01|00|0b|f301fe|3022002ade3c01553b72d8[payload->]*.<.U;r.||55,410
2025-08-02T06:10:37.964 0100|00|00|05|fa0001|3022009e29[payload->].)||10,654
2025-08-02T07:19:29.138 0100|01|00|4b|f301fe|302200c0519201553b8fbbff010000d0012e047875010001d0012d0588890100000005fa0001340a010fb60100010007f701fe340a013c00aeff0100000005fa000110030154f001000100[payload->].Q..U;..........xu.....-...........4............4..<..............T.....||0,001
2025-08-02T13:29:07.028 0100|01|00|0b|f301fe|3022008abbe402553b7a46[payload->]....U;zF||18,042
2025-08-02T17:34:49.031 0100|00|00|05|fa0001|3022009e29[payload->].)||10,654
2025-08-02T18:20:38.455 0100|01|00|0b|f301fe|302200d0a5ef03553b66b1[payload->]....U;f.||45,414
2025-08-02T20:22:20.463 0100|01|00|0b|f301fe|30220014105f04553b39bb[payload->].._.U;9.||47,929
2025-08-02T22:20:52.237 0100|01|00|0b|f301fe|302200b296cb04553b1106[payload->]....U;..||1,553
2025-08-03T00:07:25.479 0100|01|00|0b|f301fe|30220016b10600563baf54[payload->]....V;.T||21,679
2025-08-03T04:26:20.731 0100|01|00|0b|f301fe|3022007cbcf300563ba843[payload->]|...V;.C||17,320
2025-08-03T11:46:04.207 0100|01|00|0b|f301fe|30220054558602563b9ba3[payload->]TU..V;..||41,883
2025-08-03T12:51:04.344 0100|01|00|0b|f301fe|302200e6d7c102563be3d4[payload->]....V;..||54,499
2025-08-03T16:26:24.319 0100|01|00|0b|f301fe|3022006efd8603563bd996[payload->]n...V;..||38,617
2025-08-03T17:57:57.540 0100|01|00|0b|f301fe|302200a8ceda03563beb91[payload->]....V;..||37,355
