2025-07-30T21:31:28.445 0100|00|00|05|fa00f5|0100010007[payload->]..||1,792
2025-07-31T08:06:38.296 0100|01|08|2e|047875|010001d0012d058889ffff010000d0012e047875010001d0012d058889ffffff0100000005fa0001541d01e1b901[payload->]..-............xu.....-..............T.....||0,441
2025-07-31T09:54:43.608 0100|00|17|2e|047875|010001d0012d0588890100000005fa000110030154f00100010007f701fe100301ffff859c0100000005fa000134[payload->]..-..............T........................4||13,313
2025-07-31T10:24:22.639 0100|d0|01|2e|047875|010001d0012d0588890100000005fa00013458016f8b0100010006f801fe34580100b2080100000005fa0001500e[payload->]..-...........4X.o.........4X............P.||3,664
2025-07-31T12:12:32.594 0100|d0|01|2e|047875|010001d0012d0588890100000005fa000154190121bb0100010007f701fe5419013c00227b0100000005fa000110[payload->]..-...........T..!.........T..<."{.........||4,097
2025-07-31T20:58:50.080 0100|01|20|07|035a73|010001000cf201[payload->]....||0,498
2025-07-31T21:11:05.135 0100|d0|01|2e|047875|010001d0012d0588890100000005fa00013423019fa9010001000bf301fe342301000000000000b8760100000005[payload->]..-...........4#...........4#........v.....||1,280
2025-07-31T21:29:43.067 0100|00|17|2e|047875|010001d0012d0588890100000005fa0001541d01e1b90100010006f801fe541d0101a7c60100000005fa00015001[payload->]..-...........T............T.............P.||0,336
2025-08-01T00:25:37.116 0100|00|17|2e|047875|010001d0012d0588890100000005fa000154010121b10100010006f801fe54010000a1c60100000005fa0001500e[payload->]..-...........T..!.........T.............P.||3,664
2025-08-01T00:58:43.654 0100|d0|01|2e|047875|010001d0012d058889ff0100000007f80401543401a909abd80100010005f905fe543401c6570100000005fa0001[payload->]..-............T4.............T4..W........||0,256
2025-08-01T03:31:29.801 0100|01|00|23|009e29|010001000bf301fe3023005c87c100543bd5ae0100000005fa0001347101ff94010001[payload->].....0#.\...T;..........4q......||0,256
2025-08-01T04:31:30.390 0100|00|00|21|01ffa8|010001000bf301fe34210100000000000061f70100000005fa00013422010fa801[payload->].....4!.......a.........4"....||0,424
2025-08-01T05:05:55.555 0100|03|20|04|01d3f3|01000100[payload->].||0,001
2025-08-01T10:50:55.942 0100|00|00|05|fa0001|0100010007[payload->]..||1,792
2025-08-01T11:31:33.656 0100|00|20|07|0558f3|010001000cf201[payload->]....||0,498
2025-08-01T12:27:37.546 0100|d0|00|2e|047875|010001d0012d0588890100000005fa00013422010fa8010001000bf301fe34220100000000000074b7ffffffffff[payload->]..-...........4"...........4".......t......||65,535
2025-08-01T12:31:48.841 0100|d0|01|2e|047875|010001d0012d058889ffffff0100000005fa000110030154f00100010007f701fe100301ffff859c0100000005fa[payload->]..-.................T......................||64,005
2025-08-01T15:31:31.506 0100|01|00|06|f8104e|0100010006f8[payload->]...||63,494
2025-08-01T16:03:22.001 0100|d0|01|2e|047075|010001d0012d058889ff010000d0012e047875010001d0012d0588890100000005fa0001340a010fb60100010007[payload->]..-...........xu.....-...........4.........||1,792
2025-08-01T16:31:28.351 0100|00|00|05|01afa1|0100010018[payload->]..||6,144
2025-08-01T18:05:43.077 0100|00|17|2e|047875|010001d0012d0588890100000005fa00013013009e3d0100010006f801fe30130001c4b90100000005fa0001343b[payload->]..-...........0...=........0.............4;||15,156
2025-08-01T19:58:47.565 0100|01|30|19|01fefa|0100010009f501fe3019010110010134de0100000005fa0001[payload->].....0......4.........||0,256
2025-08-01T20:10:11.145 0100|d0|01|2e|047875|010001d00125058889ff0100000005fa0001541f0181b80100010006f801fe541f0100a7a60100000005fa000154[payload->]..%............T............T.............T||21,505
2025-08-01T23:11:12.086 0100|d0|01|2e|047875|010001d0012d0588890100000005fa000154080171b70100010007f701fe54080100001e6f0100000005fa000134[payload->]..-...........T..q.........T.....o........4||13,313
2025-08-02T02:02:52.079 0100|d0|01|2e|047875|010001d0012d0588890100000005fa000154080171b70100010007f701fe54080100001e6f0100000005fa000134[payload->]..-...........T..q.........T.....o........4||13,313
2025-08-02T14:14:43.076 0100|00|17|2e|047875|010001d0012d0588890100000005fa000154080171b70100010007f701fe54080100001e6f0100000005fa000154[payload->]..-...........T..q.........T.....o........T||21,505
2025-08-02T16:10:23.111 0100|d0|01|2e|047875|010001d0012d0588890100000005fa000154080171b70100010007f701fe54080100001e6f0100000005fa000154[payload->]..-...........T..q.........T.....o........T||21,505
2025-08-02T16:28:29.191 0100|00|d0|40|897875|010001d4012d0588890100000005fa0001500e00d0340100010006f801fe500e000002f60100000005fa000110030154f00100010007f701fe100301ffff859c[payload->]..-...........P...4........P................T................||40,069
2025-08-02T18:08:00.960 0100|00|00|05|0173f0|010001000b[payload->]..||2,816
2025-08-02T21:04:46.604 0100|00|10|03|01ecf1|010001[payload->]||0,256
2025-08-02T22:31:30.162 0100|01|00|06|f801a9|010001000bf3[payload->]...||62,219
2025-08-03T02:17:33.809 0100|d0|01|2e|047875|010001d0012d058889fffffe0100000005fa000154080171b70142010007f701fe54080100001e6fff010000d001[payload->]..-..............T..q..B......T.....o......||0,464
2025-08-03T02:35:21.805 0100|01|36|5b|015f2a|0100010006f801fe365b0101ca380100000005fa0001503b0443220100010006f801fe503b0409ca240100000005fa00013023009e29010001000bf301fe302300aa1c8e00563b2bc80100000005fa000154010121b10100010030[payload->].....6[...8........P;.C"........P;...$........0#..)........0#.....V;+.........T..!.....0||12,288
2025-08-03T07:19:31.483 0100|03|20|04|01d3f3|01000100[payload->].||0,001
2025-08-03T08:27:52.724 0100|d0|01|2e|047875|010001d0012d0588890100000005fa000154040171b20100010007f701fe540401eb00be22010000d0012e047875[payload->]..-...........T..q.........T.....".......xu||30,072
2025-08-03T12:31:30.782 0100|01|34|22|010fa8|010001000bf301fe34220100000000000074b70100000005fa0001501600d03e0100[payload->].....4".......t.........P...>..||0,001
2025-08-03T16:39:11.069 0100|00|17|2e|10d5ff|010001d0012d058889ff0100000005fa0001541f0181b80100010006f801fe541f0100a7a60100000005fa000134[payload->]..-............T............T.............4||13,313
2025-08-03T16:57:53.100 0100|01|00|09|f501fe|0100010006f801fe36[payload->].....6||14,078
