2025-07-31T07:34:10.140 0100|01|00|0b|f301fe|302308dec69f01533be0cc[payload->]....S;..||52,448
2025-07-31T07:52:10.123 0100|01|00|0b|f301fe|3023089e41b001533bea7e[payload->].A..S;.~||32,490
2025-07-31T16:54:19.857 0100|01|00|0b|f301fe|3023084891a003533bce09[payload->]H...S;..||2,510
2025-08-01T01:17:16.343 0100|01|00|0b|f301fe|3023086eaa4600543b752e[payload->]n.F.T;u.||11,893
2025-08-01T05:18:30.235 0100|01|00|0b|f301fe|302308e4742301543b00d6[payload->].t#.T;..||54,784
2025-08-01T16:40:20.602 0100|01|00|0b|f301fe|30230888cc9303543b77f8[payload->]....T;w.||63,607
2025-08-01T18:02:30.628 0100|01|00|0b|f301fe|302308bc06df03543b8372[payload->]....T;.r||29,315
2025-08-01T18:43:40.547 0100|01|00|0b|f301fe|3023085eb70404543b3e92[payload->]^...T;>.||37,438
2025-08-02T07:51:49.370 0100|01|80|0b|fb01fe|3023085ef0af01553b8417[payload->]^...U;..||6,020
2025-08-02T12:38:14.181 0100|01|00|0b|f301fe|302308f42db602577b00f5[payload->].-..W{..||62,720
2025-08-02T19:17:59.463 0100|01|00|0b|f301fe|3023086a272404553b075c[payload->]j'$.U;.\||23,559
2025-08-03T00:19:54.487 0100|01|00|0b|f301fe|30230894221200563b60cb[payload->]."..V;`.||52,064
2025-08-03T00:29:15.657 0100|01|00|0b|f301fe|3023084aaf1a00563b0bf7[payload->]J...V;..||63,243
2025-08-03T00:46:47.722 0100|01|00|0b|f301fe|302308a6bb2a08563b0ede[payload->]..*.V;..||56,846
2025-08-03T07:24:20.856 0100|01|00|0b|f301fe|30230804b49601563b1de7[payload->]....V;..||59,165
2025-08-03T08:27:21.945 0100|01|00|0b|f301fe|302308d262d201563b93a9[payload->].b..V;..||43,411
2025-08-03T08:46:52.646 0100|01|00|0b|f301fe|3023082245e201563b3e86[payload->]"E..V;>.||34,366
2025-08-03T09:56:43.537 0100|01|00|0b|f301fe|3023086c382202563bda29[payload->]l8".V;.)||10,714
2025-08-03T10:08:43.490 0100|01|00|0f|f301fe|302308ec342d02563b0f2501000000[payload->].4-.V;.%....||0,000
2025-08-03T10:17:43.490 0100|01|00|0b|f301fe|3023087e7235025e3bd2b6[payload->]~r5.^;..||46,802
2025-08-03T10:28:03.443 0100|01|00|0b|f301fe|3023085ee83e02563b8aeb[payload->]^.>.V;..||60,298
2025-08-03T11:18:53.438 0100|01|00|0b|f301fe|302308a87a6d02563b0cb7[payload->].zm.V;..||46,860
