2025-07-30T20:31:28.775 0100|00|00|05|fa0001|343501ffa7[payload->]..||43,007
2025-07-30T20:31:28.877 0100|01|00|18|e601fe|34350102c81024a00084ffffffffffffffffffffffff927e[payload->]...$................~||32,402
2025-07-30T20:34:03.213 0100|00|00|05|fa0001|343501ffa7[payload->]..||43,007
2025-07-30T20:34:03.415 0100|01|00|18|e601fe|34350102c81024a00084ffffffffffffffffffffffff927e[payload->]...$................~||32,402
2025-07-30T21:04:03.265 0100|00|00|05|fa0001|343501ffa7[payload->]..||43,007
2025-07-30T21:04:03.365 0100|01|00|18|e601fe|34350102c81024a00084ffffffffffffffffffffffff927e[payload->]...$................~||32,402
2025-07-30T21:34:03.171 0100|00|00|05|fa0001|343501ffa7[payload->]..||43,007
2025-07-30T21:34:03.372 0100|01|00|18|e601fe|34350102c81024a00084ffffffffffffffffffffffff927e[payload->]...$................~||32,402
2025-07-30T22:04:03.195 0100|00|00|05|fa0001|343501ffa7[payload->]..||43,007
2025-07-30T22:04:03.397 0100|01|00|18|e601fe|34350102c81024a00084ffffffffffffffffffffffff927e[payload->]...$................~||32,402
2025-07-30T22:31:28.650 0100|00|00|05|fa0001|343501ffa7[payload->]..||43,007
2025-07-30T22:31:28.751 0100|01|00|18|e601fe|34350102c81024a00084ffffffffffffffffffffffff927e[payload->]...$................~||32,402
2025-07-30T22:34:03.263 0100|00|00|05|fa0001|343501ffa7[payload->]..||43,007
2025-07-30T22:34:03.364 0100|01|00|18|e601fe|34350102c81024a00084ffffffffffffffffffffffff927e[payload->]...$................~||32,402
2025-07-30T23:04:03.269 0100|00|00|05|fa0001|343501ffa7[payload->]..||43,007
2025-07-30T23:04:03.370 0100|01|00|18|e601fe|34350102c81024a00084ffffffffffffffffffffffff927e[payload->]...$................~||32,402
2025-07-30T23:31:28.452 0100|00|00|05|fa0001|343501ffa7[payload->]..||43,007
2025-07-30T23:31:28.553 0100|01|00|18|e601fe|34350102c80024a00084fffffffffffffffffffffeff927e[payload->]...$................~||32,402
2025-07-30T23:34:03.238 0100|00|00|05|fa0001|343501ffa7[payload->]..||43,007
2025-07-30T23:34:03.340 0100|01|00|18|e601fe|34350102c81024a00084ffffffffffffffffffffffff927e[payload->]...$................~||32,402
2025-07-31T00:04:03.350 0100|00|00|05|fa0001|343501ffa7[payload->]..||43,007
2025-07-31T00:04:03.452 0100|01|00|18|e601fe|34350102c81024a00084ffffffffffffffffffffffff927e[payload->]...$................~||32,402
2025-07-31T00:34:03.260 0100|00|00|05|fa0001|343501ffa7[payload->]..||43,007
2025-07-31T00:34:03.361 0100|01|00|18|e601fe|34350102c81024a00084ffffffffffffffffffffffff927e[payload->]...$................~||32,402
2025-07-31T01:04:03.237 0100|00|00|05|fa0001|343501ffa7[payload->]..||43,007
2025-07-31T01:04:03.338 0100|01|00|18|e601fe|34350102c81024a00084ffffffffffffffffffffffff927e[payload->]...$................~||32,402
2025-07-31T01:34:03.248 0100|00|00|05|fa0001|343501ffa7[payload->]..||43,007
2025-07-31T01:34:03.350 0100|01|00|18|e601fe|34350102c81024a00084ffffffffffffffffffffffff927e[payload->]...$................~||32,402
2025-07-31T02:04:03.251 0100|00|00|05|fa0001|343501ffa7[payload->]..||43,007
2025-07-31T02:04:03.352 0100|01|00|18|e601fe|34350102c81024a00084ffffffffffffffffffffffff927e[payload->]...$................~||32,402
2025-07-31T02:34:04.784 0100|00|00|05|fa0001|343501ffa7[payload->]..||43,007
2025-07-31T02:34:04.886 0100|01|00|18|e601fe|34350102c81024a00084ffffffffffffffffffffffff927e[payload->]...$................~||32,402
2025-07-31T03:04:04.715 0100|00|00|05|fa0001|343501ffa7[payload->]..||43,007
2025-07-31T03:04:04.816 0100|01|00|18|e601fe|34350102c81024a00084ffffffffffffffffffffffff927e[payload->]...$................~||32,402
2025-07-31T03:34:04.786 0100|00|00|05|fa0001|343501ffa7[payload->]..||43,007
2025-07-31T03:34:04.887 0100|01|00|18|e601fe|34350102c81024a00084ffffffffffffffffffffffff927e[payload->]...$................~||32,402
2025-07-31T04:04:04.726 0100|00|00|05|fa0001|343501ffa7[payload->]..||43,007
2025-07-31T04:04:04.827 0100|01|00|18|e601fe|34350102c81024a00084ffffffffffffffffffffffff927e[payload->]...$................~||32,402
2025-07-31T04:34:05.688 0100|00|00|05|fa0001|343501ffa7[payload->]..||43,007
2025-07-31T04:34:05.789 0100|01|00|18|e601fe|34350102c81024a00084ffffffffffffffffffffffff927e[payload->]...$................~||32,402
2025-07-31T05:04:06.584 0100|00|00|05|fa0001|343501ffa7[payload->]..||43,007
2025-07-31T05:04:06.786 0100|01|00|18|e601fe|34350102c81024a00084ffffffffffffffffffffffff927e[payload->]...$................~||32,402
2025-07-31T05:34:06.614 0100|00|00|05|fa0001|343501ffa7[payload->]..||43,007
2025-07-31T05:34:06.715 0100|01|00|18|e601fe|34350102c81024a00084ffffffffffffffffffffffff927e[payload->]...$................~||32,402
2025-07-31T06:04:06.614 0100|00|00|05|fa0001|343501ffa7[payload->]..||43,007
2025-07-31T06:04:06.815 0100|01|00|18|e601fe|34350102c81024a00084ffffffffffffffffffffffff927e[payload->]...$................~||32,402
2025-07-31T06:31:27.822 0100|00|00|05|fa0001|343501ffa7[payload->]..||43,007
2025-07-31T06:31:28.024 0100|01|00|18|e601fe|34350102c81024a00084ffffffffffffffffffffffff927e[payload->]...$................~||32,402
2025-07-31T06:34:07.584 0100|00|00|05|fa0001|343501ffa7[payload->]..||43,007
2025-07-31T06:34:07.786 0100|01|00|18|e601fe|34350102c81024a00084ffffffffffffffffffffffff927e[payload->]...$................~||32,402
2025-07-31T07:04:07.630 0100|00|00|05|fa0001|343501ffa7[payload->]..||43,007
2025-07-31T07:04:07.731 0100|01|00|18|e601fe|34350102c81024a00084ffffffffffffffffffffffff927e[payload->]...$................~||32,402
2025-07-31T07:34:07.612 0100|00|00|05|fa0001|343501ffa7[payload->]..||43,007
2025-07-31T07:34:07.714 0100|01|00|18|e601fe|34350102c81024a00084ffffffffffffffffffffffff927e[payload->]...$................~||32,402
2025-07-31T08:04:07.946 0100|00|00|05|fa0001|343501ffa7[payload->]..||43,007
2025-07-31T08:04:08.147 0100|01|00|18|e601fe|34350102c81024a00084ffffffffffffffffffffffff927e[payload->]...$................~||32,402
2025-07-31T08:34:07.620 0100|00|00|05|fa0001|343501ffa7[payload->]..||43,007
2025-07-31T08:34:07.721 0100|01|00|18|e601fe|34350102c81024a00084ffffffffffffffffffffffff927e[payload->]...$................~||32,402
2025-07-31T09:04:07.647 0100|00|00|05|fa0001|343501ffa7[payload->]..||43,007
2025-07-31T09:04:07.748 0100|01|00|18|e601fe|34350102c81024a00084ffffffffffffffffffffffff927e[payload->]...$................~||32,402
2025-07-31T09:34:07.601 0100|00|00|05|fa0001|343501ffa7[payload->]..||43,007
2025-07-31T09:34:07.702 0100|01|00|18|e601fe|34350102c81024a00084ffffffffffffffffffffffff927e[payload->]...$................~||32,402
2025-07-31T10:34:08.747 0100|00|00|05|fa0001|343501ffa7[payload->]..||43,007
2025-07-31T10:34:08.848 0100|01|00|18|e601fe|34350102c81024a00084ffffffffffffffffffffffff927e[payload->]...$................~||32,402
2025-07-31T11:04:08.703 0100|00|00|05|fa0001|343501ffa7[payload->]..||43,007
2025-07-31T11:04:08.804 0100|01|00|18|e601fe|34350102c81024a00084ffffffffffffffffffffffff927e[payload->]...$................~||32,402
2025-07-31T11:34:08.702 0100|00|00|05|fa0001|343501ffa7[payload->]..||43,007
2025-07-31T11:34:08.803 0100|01|00|18|e601fe|34350102c81024a00084ffffffffffffffffffffffff927e[payload->]...$................~||32,402
2025-07-31T12:04:09.879 0100|00|00|05|fa0001|343501ffa7[payload->]..||43,007
2025-07-31T12:04:09.980 0100|01|00|18|e601fe|34350102c81024a00084ffffffffffffffffffffffff927e[payload->]...$................~||32,402
2025-07-31T12:34:09.822 0100|00|00|05|fa0001|343501ffa7[payload->]..||43,007
2025-07-31T12:34:09.923 0100|01|00|18|e601fe|34350102c81024a00084ffffffffffffffffffffffff927e[payload->]...$................~||32,402
2025-07-31T13:04:10.074 0100|00|00|05|fa0001|343501ffa7[payload->]..||43,007
2025-07-31T13:04:10.275 0100|01|00|18|e601fe|34350102c81024a00084ffffffffffffffffffffffff927e[payload->]...$................~||32,402
2025-07-31T13:31:28.241 0100|00|00|05|fa0001|343501ffa7[payload->]..||43,007
2025-07-31T13:31:28.443 0100|01|00|18|e601fe|34350102c81024a00084ffffffffffffffffffffffff927e[payload->]...$................~||32,402
2025-07-31T13:34:10.128 0100|00|00|05|fa0001|343501ffa7[payload->]..||43,007
2025-07-31T13:34:10.229 0100|01|00|18|e601fe|34350102c81024a00084ffffffffffffffffffffffff927e[payload->]...$................~||32,402
2025-07-31T14:04:10.041 0100|00|00|05|fa0001|343501ffa7[payload->]..||43,007
2025-07-31T14:04:10.142 0100|01|00|18|e601fe|34350102c81024a00084ffffffffffffffffffffffff927e[payload->]...$................~||32,402
2025-07-31T14:34:09.806 0100|00|00|05|fa0001|343501ffa7[payload->]..||43,007
2025-07-31T14:34:10.007 0100|01|00|18|e601fe|34350102c81024a00084ffffffffffffffffffffffff927e[payload->]...$................~||32,402
2025-07-31T15:04:10.888 0100|00|00|05|fa0001|343501ffa7[payload->]..||43,007
2025-07-31T15:04:11.090 0100|01|00|18|e601fe|34350102c81024a00084ffffffffffffffffffffffff927e[payload->]...$................~||32,402
2025-07-31T15:34:13.114 0100|00|00|05|fa0001|343501ffa7[payload->]..||43,007
2025-07-31T15:34:13.315 0100|01|00|18|e601fe|34350102c81024a00084ffffffffffffffffffffffff927e[payload->]...$................~||32,402
2025-07-31T16:04:13.118 0100|00|00|05|fa0001|343501ffa7[payload->]..||43,007
2025-07-31T16:04:13.320 0100|01|00|18|e601fe|34350102c81024a00084ffffffffffffffffffffffff927e[payload->]...$................~||32,402
2025-07-31T16:34:13.067 0100|00|00|05|fa0001|343501ffa7[payload->]..||43,007
2025-07-31T16:34:13.269 0100|01|00|18|e601fe|34350102c81024a00084ffbfffffffffffffffffffff927e[payload->]...$................~||32,402
2025-07-31T17:04:14.458 0100|00|00|05|fa0001|343501ffa7[payload->]..||43,007
2025-07-31T17:04:14.559 0100|01|00|18|e601fe|34350102c81024a00084ffffffffffffffffffffffff927e[payload->]...$................~||32,402
2025-07-31T17:34:14.652 0100|00|00|05|fa0001|343501ffa7[payload->]..||43,007
2025-07-31T17:34:15.155 0100|01|00|18|e601fe|34350102c81024a00084ffffffffffffffffffffffff927e[payload->]...$................~||32,402
2025-07-31T18:04:14.333 0100|00|00|05|fa0001|343501ffa7[payload->]..||43,007
2025-07-31T18:04:14.535 0100|01|00|18|e601fe|34350102c81024a00084ffffffffffffffffffffffff927e[payload->]...$................~||32,402
2025-07-31T18:34:16.546 0100|00|00|05|fa0001|343501ffa7[payload->]..||43,007
2025-07-31T18:34:16.648 0100|01|00|18|e601fe|34350102c81024a00084ffffffffffffffffffffffff927e[payload->]...$................~||32,402
2025-07-31T19:04:16.644 0100|00|00|05|fa0001|343501ffa7[payload->]..||43,007
2025-07-31T19:04:16.845 0100|01|00|18|e601fe|34350102c81024a00084ffffffffffffffffffffffff927e[payload->]...$................~||32,402
2025-07-31T19:34:16.491 0100|00|00|05|fa0001|343501ffa7[payload->]..||43,007
2025-07-31T19:34:16.592 0100|01|00|18|e601fe|34350102c81024a00084ffffffffffffffffffffffff927e[payload->]...$................~||32,402
2025-07-31T20:34:16.552 0100|00|00|05|fa0001|343501ffa7[payload->]..||43,007
2025-07-31T20:34:16.653 0100|01|00|18|e601fe|34350102c81024a00084ffffffffffffffffffffffff927e[payload->]...$................~||32,402
2025-07-31T21:31:28.673 0100|00|00|05|fa0001|343501ffa7[payload->]..||43,007
2025-07-31T21:31:28.875 0100|01|00|18|e601fe|34350102c81024a00084fffffffffffffffffffffbff927e[payload->]...$................~||32,402
2025-07-31T21:34:17.089 0100|00|00|05|fa0001|343501ffa7[payload->]..||43,007
2025-07-31T21:34:17.291 0100|01|00|18|e601fe|34350102c81024a00084ffffffffffffffffffffffff927e[payload->]...$................~||32,402
2025-07-31T22:04:17.137 0100|00|00|05|fa0001|343501ffa7[payload->]..||43,007
2025-07-31T22:04:17.338 0100|01|00|18|e601fe|34350102c81024a00084ffffffffffffffffffffffff927e[payload->]...$................~||32,402
2025-07-31T22:34:17.235 0100|00|00|05|fa0001|343501ffa7[payload->]..||43,007
2025-07-31T22:34:17.336 0100|01|00|18|e601fe|34350102c81024a00084ffffffffffffffffffffffff927e[payload->]...$................~||32,402
2025-07-31T23:04:18.174 0100|00|00|05|fa0001|343501ffa7[payload->]..||43,007
2025-07-31T23:04:18.375 0100|01|00|18|e601fe|34350102c81024a00084ffffffffffffffffffffffff927e[payload->]...$................~||32,402
2025-07-31T23:34:18.184 0100|00|00|05|fa0001|343501ffa7[payload->]..||43,007
2025-07-31T23:34:18.286 0100|01|00|18|e601fe|34350102c81024a00084ffffffffffffffffffffffff927e[payload->]...$................~||32,402
2025-08-01T00:04:18.774 0100|00|00|05|fa0001|343501ffa7[payload->]..||43,007
2025-08-01T00:04:18.976 0100|01|00|18|e601fe|34350102c81024a00084ffffffffffffffffffffffff927e[payload->]...$................~||32,402
2025-08-01T00:34:18.171 0100|00|00|05|fa0001|343501ffa7[payload->]..||43,007
2025-08-01T00:34:18.272 0100|01|00|18|e601fe|34350102c81024a00084ffffffffffffffffffffffff927e[payload->]...$................~||32,402
2025-08-01T01:04:18.156 0100|00|00|05|fa0001|343501ffa7[payload->]..||43,007
2025-08-01T01:04:18.258 0100|01|00|18|e601fe|34350102c81024a00084ffffffffffffffffffffffff927e[payload->]...$................~||32,402
2025-08-01T01:34:18.090 0100|00|00|05|fa0001|343501ffa7[payload->]..||43,007
2025-08-01T01:34:18.292 0100|01|00|18|e601fe|34350102c81024a00084ffffffffffffffffffffffff927e[payload->]...$................~||32,402
2025-08-01T02:04:20.271 0100|00|00|05|fa0001|343501ffa7[payload->]..||43,007
2025-08-01T02:04:20.473 0100|01|00|18|e601fe|34350102c81024a00084ffffffffffffffffffffffff927e[payload->]...$................~||32,402
2025-08-01T02:34:20.008 0100|00|00|05|fa0001|343501ffa7[payload->]..||43,007
2025-08-01T02:34:20.210 0100|01|00|18|e601fe|34350102c81024a00084ffffffffffffffffffffffff927e[payload->]...$................~||32,402
2025-08-01T03:04:20.080 0100|00|00|05|fa0001|343501ffa7[payload->]..||43,007
2025-08-01T03:04:20.282 0100|01|00|18|e601fe|34350102c81024a00084ffffffffffffffffffffffff927e[payload->]...$................~||32,402
2025-08-01T03:34:21.140 0100|00|00|05|fa0001|343501ffa7[payload->]..||43,007
2025-08-01T03:34:21.342 0100|01|00|18|e601fe|34350102c81024a00084ffffffffffffffffffffffff927e[payload->]...$................~||32,402
2025-08-01T04:04:20.090 0100|00|00|05|fa0001|343501ffa7[payload->]..||43,007
2025-08-01T04:04:20.292 0100|01|00|18|e601fe|34350102c81024a00084ffffffffffffffffffffffff927e[payload->]...$................~||32,402
2025-08-01T04:34:20.108 0100|00|00|05|fa0001|343501ffa7[payload->]..||43,007
2025-08-01T04:34:20.310 0100|01|00|18|e601fe|34350102c81024a00084ffffffffffffffffffffffff927e[payload->]...$................~||32,402
2025-08-01T05:04:20.080 0100|00|00|05|fa0001|343501ffa7[payload->]..||43,007
2025-08-01T05:04:20.181 0100|01|00|18|e601fe|34350102c81024a00084ffffffffffffffffffffffff927e[payload->]...$................~||32,402
2025-08-01T05:34:20.063 0100|00|00|05|fa0001|343501ffa7[payload->]..||43,007
2025-08-01T05:34:20.164 0100|01|00|18|e601fe|34350102c81024a00084ffffffffffffffffffffffff927e[payload->]...$................~||32,402
2025-08-01T06:04:20.025 0100|00|00|05|fa0001|343501ffa7[payload->]..||43,007
2025-08-01T06:04:20.126 0100|01|00|18|e601fe|34350102c81024a00084ffffffffffffffffffffffff927e[payload->]...$................~||32,402
2025-08-01T06:31:27.818 0100|00|00|05|fa0001|343501ffa7[payload->]..||43,007
2025-08-01T06:31:27.919 0100|01|00|18|e601fe|34350102c81024a00084ffffffffffffffffffffffff927e[payload->]...$................~||32,402
2025-08-01T06:34:20.055 0100|00|00|05|fa0001|343501ffa7[payload->]..||43,007
2025-08-01T06:34:20.156 0100|01|00|18|e601fe|34350102c81024a00084ffffffffffffffffffffffff927e[payload->]...$................~||32,402
2025-08-01T07:04:20.092 0100|00|00|05|fa0001|343501ffa7[payload->]..||43,007
2025-08-01T07:04:20.193 0100|01|00|18|e601fe|34350102c81024a00084fffffffffff7ffffffffffff927e[payload->]...$................~||32,402
2025-08-01T07:31:27.976 0100|00|00|05|fa0001|343501ffa7[payload->]..||43,007
2025-08-01T07:34:21.015 0100|00|00|05|fa0001|343501ffa7[payload->]..||43,007
2025-08-01T07:34:21.117 0100|01|00|18|e601fe|34350102c81024a00084ffffffffffffffffffffffff927e[payload->]...$................~||32,402
2025-08-01T08:34:20.997 0100|00|00|05|fa0001|343501ffa7[payload->]..||43,007
2025-08-01T08:34:21.098 0100|01|00|18|e601fe|34350102c81024a00084ffffffffffffffffffffffff927e[payload->]...$................~||32,402
2025-08-01T09:34:21.529 0100|00|00|05|fa0001|343501ffa7[payload->]..||43,007
2025-08-01T09:34:21.630 0100|01|00|18|e601fe|34350102c81024a00084ffffffffffffffffffffffff927e[payload->]...$................~||32,402
2025-08-01T10:04:20.999 0100|00|00|05|fa0001|343501ffa7[payload->]..||43,007
2025-08-01T10:04:21.100 0100|01|00|18|e601fe|34350102c81024a00084ffffffffffffffffffffffff927e[payload->]...$................~||32,402
2025-08-01T10:34:20.964 0100|00|00|05|fa0001|343501ffa7[payload->]..||43,007
2025-08-01T10:34:21.066 0100|01|00|18|e601fe|34350102c81024a00084ffffffffffffffffffffffff927e[payload->]...$................~||32,402
2025-08-01T11:04:20.935 0100|00|00|05|fa0001|343501ffa7[payload->]..||43,007
2025-08-01T11:04:21.037 0100|01|00|18|e601fe|34350102c81024a00084ffffffffffffffffffffffff927e[payload->]...$................~||32,402
2025-08-01T11:31:29.299 0100|00|00|05|fa0001|343501ffa7[payload->]..||43,007
2025-08-01T11:31:29.400 0100|01|00|18|e601fe|34350102c81024a00084ffffffffffffffffffffffff927e[payload->]...$................~||32,402
2025-08-01T11:34:20.951 0100|00|00|05|fa0001|343501ffa7[payload->]..||43,007
2025-08-01T11:34:21.053 0100|01|00|18|e601fe|34350102c81024a00084ffffffffffffffffffffffff927e[payload->]...$................~||32,402
2025-08-01T12:04:21.015 0100|00|00|05|fa0001|343501ffa7[payload->]..||43,007
2025-08-01T12:04:21.116 0100|01|00|18|e601fe|34350102c81024a00084ffffffffffffffffffffffff927e[payload->]...$................~||32,402
2025-08-01T12:34:21.927 0100|00|00|05|fa0001|343501ffa7[payload->]..||43,007
2025-08-01T12:34:22.028 0100|01|00|18|e601fe|34350102c81024a00084ffffffffffffffffffffffff927e[payload->]...$................~||32,402
2025-08-01T13:04:22.027 0100|00|00|05|fa0001|343501ffa7[payload->]..||43,007
2025-08-01T13:04:22.128 0100|01|00|18|e601fe|34350102c81024a00084ffffffffffffffffffffffff927e[payload->]...$................~||32,402
2025-08-01T13:34:21.996 0100|00|00|05|fa0001|343501ffa7[payload->]..||43,007
2025-08-01T13:34:22.097 0100|01|00|18|e601fe|34350102c81024a00084ffffffffffffffffffffffff927e[payload->]...$................~||32,402
2025-08-01T14:04:24.212 0100|00|00|05|fa0001|343501ffa7[payload->]..||43,007
2025-08-01T14:04:24.313 0100|01|00|18|e601fe|34350102c81024a00084ffffffffffffffffffffffff927e[payload->]...$................~||32,402
2025-08-01T14:31:29.462 0100|00|00|05|fa0001|343501ffa7[payload->]..||43,007
2025-08-01T14:31:29.563 0100|01|00|18|e601fe|34350102c81024a00084ffffffffffffffffffffffff927e[payload->]...$................~||32,402
2025-08-01T14:34:25.160 0100|00|00|05|fa0001|343501ffa7[payload->]..||43,007
2025-08-01T14:34:25.261 0100|01|00|18|e601fe|34350102c81024a00084ffffffffffffffffffffffff927e[payload->]...$................~||32,402
2025-08-01T15:04:25.160 0100|00|00|05|fa0001|343501ffa7[payload->]..||43,007
2025-08-01T15:04:25.362 0100|01|00|18|e601fe|34350102c81024a00084ffffffffffffffffffffffff927e[payload->]...$................~||32,402
2025-08-01T15:34:27.063 0100|00|00|05|fa0001|343501ffa7[payload->]..||43,007
2025-08-01T15:34:27.265 0100|01|00|18|e601fe|34350102c81024a00084ffffffffffffffffffffffff927e[payload->]...$................~||32,402
2025-08-01T16:04:26.210 0100|00|00|05|fa0001|343501ffa7[payload->]..||43,007
2025-08-01T16:04:26.312 0100|01|00|18|e601fe|34350102c81024a00084ffffffffffffffffffffffff927e[payload->]...$................~||32,402
2025-08-01T16:31:27.947 0100|00|00|05|fa0001|343501ffa7[payload->]..||43,007
2025-08-01T16:31:28.149 0100|01|00|18|e601fe|34350102c81024a00084ffffffffffffffffffffffff927e[payload->]...$................~||32,402
2025-08-01T16:34:26.330 0100|00|00|05|fa0001|343501ffa7[payload->]..||43,007
2025-08-01T16:34:26.532 0100|01|00|18|e601fe|34350102c81024a00084ffffffffffffffffffffffff927e[payload->]...$................~||32,402
2025-08-01T17:04:26.147 0100|00|00|05|fa0001|343501ffa7[payload->]..||43,007
2025-08-01T17:04:26.349 0100|01|00|18|e601fe|34350102c81024a00084ffff7fffffffffffffffffff927e[payload->]...$................~||32,402
2025-08-01T17:34:26.299 0100|00|00|05|fa0001|343501ffa7[payload->]..||43,007
2025-08-01T17:34:26.400 0100|01|00|18|e601fe|34350102c81024a00084ffffffffffffffffffffffff927e[payload->]...$................~||32,402
2025-08-01T18:04:27.115 0100|00|00|05|fa0001|343501ffa7[payload->]..||43,007
2025-08-01T18:04:27.216 0100|01|00|18|e601fe|34350102c81024a00084ffffffffffffffffffffffff927e[payload->]...$................~||32,402
2025-08-01T18:34:26.265 0100|00|00|05|fa0001|343501ffa7[payload->]..||43,007
2025-08-01T18:34:26.366 0100|01|00|18|e601fe|34350102c81024a00084ffffffffffffffffffffffff927e[payload->]...$................~||32,402
2025-08-01T19:04:26.250 0100|00|00|05|fa0001|343501ffa7[payload->]..||43,007
2025-08-01T19:04:26.351 0100|01|00|18|e601fe|34350102c81024a00084ffffffffffffffffffffffff927e[payload->]...$................~||32,402
2025-08-01T19:31:27.917 0100|00|00|05|fa0001|343501ffa7[payload->]..||43,007
2025-08-01T19:31:28.119 0100|01|00|18|e601fe|34350102c81024a00084ffffffffffffefffffffffff927e[payload->]...$................~||32,402
2025-08-01T19:34:27.022 0100|00|00|05|fa0001|343501ffa7[payload->]..||43,007
2025-08-01T19:34:27.123 0100|01|00|18|e601fe|34350102c81024a00084ffffffffffffffffffffffff927e[payload->]...$................~||32,402
2025-08-01T20:04:27.969 0100|00|00|05|fa0001|343501ffa7[payload->]..||43,007
2025-08-01T20:04:28.171 0100|01|00|18|e601fe|34350102c81024a00084ffffffffffffffffffffffff927e[payload->]...$................~||32,402
2025-08-01T20:34:28.971 0100|00|00|05|fa0001|343501ffa7[payload->]..||43,007
2025-08-01T20:34:29.173 0100|01|00|18|e601fe|34350102c81024a00084ffffffffffffffffffffffff927e[payload->]...$................~||32,402
2025-08-01T21:04:29.180 0100|00|00|05|fa0001|343501ffa7[payload->]..||43,007
2025-08-01T21:04:29.281 0100|01|00|18|e601fe|34350102c81024a00084ffffffffffffffffffffffff927e[payload->]...$................~||32,402
2025-08-01T21:31:27.905 0100|00|00|05|fa0001|343501ffa7[payload->]..||43,007
2025-08-01T21:31:28.006 0100|01|00|18|e601fe|34350102c81024a00084ffffffffffffffffffffffff927e[payload->]...$................~||32,402
2025-08-01T21:34:29.085 0100|00|00|05|fa0001|343501ffa7[payload->]..||43,007
2025-08-01T21:34:29.186 0100|01|00|18|e601fe|34350102c81024a00084ffffffffffffffffffffffff927e[payload->]...$................~||32,402
2025-08-01T22:04:29.985 0100|00|00|05|fa0001|343501ffa7[payload->]..||43,007
2025-08-01T22:04:30.186 0100|01|00|18|e601fe|34350102c81024a00084ffffffffffffffffffffffff927e[payload->]...$................~||32,402
2025-08-01T22:31:27.999 0100|00|00|05|fa0001|343501ffa7[payload->]..||43,007
2025-08-01T22:31:28.100 0100|01|00|18|e601fe|34350102c81024a00084ffffffffffffffffffffffff927e[payload->]...$................~||32,402
2025-08-01T22:34:30.009 0100|00|00|05|fa0001|343501ffa7[payload->]..||43,007
2025-08-01T22:34:30.110 0100|01|00|18|e601fe|34350102c81024a00084ffffffffffffffffffffffff927e[payload->]...$................~||32,402
2025-08-01T23:04:30.011 0100|00|00|05|fa0001|343501ffa7[payload->]..||43,007
2025-08-01T23:04:30.213 0100|01|00|18|e601fe|34350102c81024a00084ffffffffffffffffffffffff927e[payload->]...$................~||32,402
2025-08-01T23:34:29.980 0100|00|00|05|fa0001|343501ffa7[payload->]..||43,007
2025-08-01T23:34:30.182 0100|01|00|18|e601fe|34350102c81024a00084ffffffffffffffffffffffff927e[payload->]...$................~||32,402
2025-08-02T00:04:30.108 0100|00|00|05|fa0001|343501ffa7[payload->]..||43,007
2025-08-02T00:04:30.209 0100|01|00|18|e601fe|34350102c81024a00084ffffffffffffffffffffffff927e[payload->]...$................~||32,402
2025-08-02T00:31:29.354 0100|00|00|05|fa0001|343501ffa7[payload->]..||43,007
2025-08-02T00:31:29.455 0100|01|00|18|e601fe|34350102c81024a00084ffffffffffffffff010009f501fe[payload->]...$.................||65,025
2025-08-02T00:34:30.088 0100|00|00|05|fa0001|343501ffa7[payload->]..||43,007
2025-08-02T00:34:30.189 0100|01|00|18|e601fe|34350102c81024a00084ffffffffffffffffffffffff927e[payload->]...$................~||32,402
2025-08-02T01:04:30.038 0100|00|00|05|fa0001|343501ffa7[payload->]..||43,007
2025-08-02T01:04:30.139 0100|01|00|18|e601fe|34350102c81024a00084ffffffffffffffffffffffff927e[payload->]...$................~||32,402
2025-08-02T01:34:30.054 0100|00|00|05|fa0001|343501ffa7[payload->]..||43,007
2025-08-02T01:34:30.155 0100|01|00|18|e601fe|34350102c81024a00084ffffffffffffffffffffffff927e[payload->]...$................~||32,402
2025-08-02T02:04:30.130 0100|00|00|05|fa0001|343501ffa7[payload->]..||43,007
2025-08-02T02:04:30.231 0100|01|00|18|e601fe|34350102c81024a00084ffffffffffffffffffffffff927e[payload->]...$................~||32,402
2025-08-02T02:34:31.660 0100|00|00|05|fa0001|343501ffa7[payload->]..||43,007
2025-08-02T03:04:30.123 0100|00|00|05|fa0001|343501ffa7[payload->]..||43,007
2025-08-02T03:04:30.224 0100|01|00|18|e601fe|34350102c81024a00084ffffffffffffffffffffffff927e[payload->]...$................~||32,402
2025-08-02T04:04:31.149 0100|00|00|05|fa0001|343501ffa7[payload->]..||43,007
2025-08-02T05:04:30.057 0100|00|00|05|fa0001|343501ffa7[payload->]..||43,007
2025-08-02T05:04:30.259 0100|01|00|18|e601fe|34350102c81024a00084ffffffffffffffffffffffff927e[payload->]...$................~||32,402
2025-08-02T05:34:30.122 0100|00|00|05|fa0001|343501ffa7[payload->]..||43,007
2025-08-02T05:34:30.223 0100|01|00|18|e601fe|34350102c81024a00084ffffffffffffffffffffffff927e[payload->]...$................~||32,402
2025-08-02T06:04:31.106 0100|00|00|05|fa0001|343501ffa7[payload->]..||43,007
2025-08-02T06:04:31.207 0100|01|00|18|e601fe|34350102c81024a00084ffffffffffffffffffffffff927e[payload->]...$................~||32,402
2025-08-02T06:34:31.090 0100|00|00|05|fa0001|343501ffa7[payload->]..||43,007
2025-08-02T06:34:31.292 0100|01|00|18|e601fe|34350102c81024a00084ffffffffffffffffffffffff927e[payload->]...$................~||32,402
2025-08-02T07:04:31.112 0100|00|00|05|fa0001|343501ffa7[payload->]..||43,007
2025-08-02T07:04:31.314 0100|01|00|18|e601fe|34350102c81024a00084ffffffffffffffffffffffff927e[payload->]...$................~||32,402
2025-08-02T07:31:28.059 0100|00|00|05|fa0001|343501ffa7[payload->]..||43,007
2025-08-02T07:31:28.160 0100|01|00|18|e601fe|34350102c81024a00084ffffffffffffffffffffffff927e[payload->]...$................~||32,402
2025-08-02T07:34:31.138 0100|00|00|05|fa0001|343501ffa7[payload->]..||43,007
2025-08-02T07:34:31.239 0100|01|00|18|e601fe|34350102c81024a00084ffffffffffffffffffffffff927e[payload->]...$................~||32,402
2025-08-02T08:04:31.088 0100|00|00|05|fa0001|343501ffa7[payload->]..||43,007
2025-08-02T08:04:31.290 0100|01|00|18|e601fe|34350102c81024a00084ffffffffffffffffffffffff927e[payload->]...$................~||32,402
2025-08-02T08:34:31.103 0100|00|00|05|fa0001|343501ffa7[payload->]..||43,007
2025-08-02T08:34:31.204 0100|01|00|18|e601fe|34350102c81024a00084ffffffffffffffffffffffff927e[payload->]...$................~||32,402
2025-08-02T09:04:31.135 0100|00|00|05|fa0001|343501ffa7[payload->]..||43,007
2025-08-02T09:04:31.236 0100|01|00|18|e601fe|34350102c81024a00084ffffffffffffffffffffffff927e[payload->]...$................~||32,402
2025-08-02T10:04:32.219 0100|00|00|05|fa0001|343501ffa7[payload->]..||43,007
2025-08-02T10:04:32.320 0100|01|00|18|e601fe|34350102c81024a00084ffffffffffffffffffffffff927e[payload->]...$................~||32,402
2025-08-02T11:04:31.144 0100|00|00|05|fa0001|343501ffa7[payload->]..||43,007
2025-08-02T11:04:31.245 0100|01|00|18|e601fe|34350102c81024a00084ffffffffffffffffffffffff927e[payload->]...$................~||32,402
2025-08-02T11:34:31.087 0100|00|00|05|fa0001|343501ffa7[payload->]..||43,007
2025-08-02T11:34:31.289 0100|01|00|18|e601fe|34350102c81024a00084ffffffffffffffffffffffff927e[payload->]...$................~||32,402
2025-08-02T12:04:32.254 0100|00|00|05|fa0001|343501ffa7[payload->]..||43,007
2025-08-02T12:04:32.355 0100|01|00|18|e601fe|34350100c81024a00084ffffffffffffffffffffffff927e[payload->]...$................~||32,402
2025-08-02T12:34:32.478 0100|01|00|18|e601fe|34350102c81024a00084ffffffffffffffffffffffff927e[payload->]...$................~||32,402
2025-08-02T13:04:32.202 0100|00|00|05|fa0001|343501ffa7[payload->]..||43,007
2025-08-02T13:04:32.404 0100|01|00|18|e601fe|34350102c81024a00084ffffffffffffffffffffffff927e[payload->]...$................~||32,402
2025-08-02T13:31:28.154 0100|00|00|05|fa0001|343501ffa7[payload->]..||43,007
2025-08-02T13:31:28.255 0100|01|00|18|e601fe|34350102c81024a00084ffffffffffffffffffffffffffff[payload->]...$.................||65,535
2025-08-02T13:34:34.061 0100|00|00|05|fa0001|343501ffa7[payload->]..||43,007
2025-08-02T13:34:34.263 0100|01|00|18|e601fe|34350102c81024a00084ffffffffffffffffffffffff927e[payload->]...$................~||32,402
2025-08-02T14:04:34.054 0100|00|00|05|fa0001|343501ffa7[payload->]..||43,007
2025-08-02T14:04:34.256 0100|01|00|18|e601fe|34350102c81024a00084ffffffffffffffffffffffff927e[payload->]...$................~||32,402
2025-08-02T14:34:34.067 0100|00|00|05|fa0001|343501ffa7[payload->]..||43,007
2025-08-02T14:34:34.268 0100|01|00|18|e601fe|34350102c81024a00084ffffffffffffffffffffffff927e[payload->]...$................~||32,402
2025-08-02T15:04:34.092 0100|00|00|05|fa0001|343501ffa7[payload->]..||43,007
2025-08-02T15:04:34.193 0100|01|00|18|e601fe|34350102c81024a00084ffffffffffffffffffffffff927e[payload->]...$................~||32,402
2025-08-02T15:31:27.974 0100|00|00|05|fa0001|343501ffa7[payload->]..||43,007
2025-08-02T15:31:28.176 0100|01|00|18|e601fe|34350102c81024a00084ffffffffffffffffffffffff927e[payload->]...$................~||32,402
2025-08-02T15:34:34.158 0100|00|00|05|fa0001|343501ffa7[payload->]..||43,007
2025-08-02T15:34:34.259 0100|01|00|18|e601fe|34350102c81024a00084ffffffffffffffffffffffff927e[payload->]...$................~||32,402
2025-08-02T16:04:34.220 0100|00|00|05|fa0001|343501ffa7[payload->]..||43,007
2025-08-02T16:04:34.321 0100|01|00|18|e601fe|34350102c8102ca00084ffffffffffffffffffffffff927e[payload->]...,................~||32,402
2025-08-02T16:34:34.144 0100|00|00|05|fa0001|343501ffa7[payload->]..||43,007
2025-08-02T16:34:34.245 0100|01|00|18|e601fe|34350102c81024e00084ffffffffffffffffffffffff927e[payload->]...$................~||32,402
2025-08-02T17:04:34.115 0100|00|00|05|fa0001|343501ffa7[payload->]..||43,007
2025-08-02T17:04:34.316 0100|01|00|18|e601fe|34350102c81024a00084ffffffffffffffffffffffff927e[payload->]...$................~||32,402
2025-08-02T17:34:34.183 0100|00|00|05|fa0001|343501ffa7[payload->]..||43,007
2025-08-02T17:34:34.284 0100|01|00|18|e601fe|34350102c81024a00084ffffffffffffffffffffffff927e[payload->]...$................~||32,402
2025-08-02T18:04:34.190 0100|00|00|05|fa0001|343501ffa7[payload->]..||43,007
2025-08-02T18:04:34.291 0100|01|00|18|e601fe|34350102c81024a00084ffffffffffffffffffffffff927e[payload->]...$................~||32,402
2025-08-02T18:34:34.183 0100|00|00|05|fa0001|343501ffa7[payload->]..||43,007
2025-08-02T18:34:34.385 0100|01|00|18|e601fe|34350102c81024a00084ffffffffffffffffffffffff927e[payload->]...$................~||32,402
2025-08-02T19:04:34.256 0100|00|00|05|fa0001|343501ffa7[payload->]..||43,007
2025-08-02T19:04:34.357 0100|01|00|18|e601fe|34350102c81024a00084ffffffffffffffffffffffff927e[payload->]...$................~||32,402
2025-08-02T19:34:34.181 0100|00|00|05|fa0001|343501ffa7[payload->]..||43,007
2025-08-02T20:04:35.498 0100|00|00|05|fa0001|343501ffa7[payload->]..||43,007
2025-08-02T20:04:35.700 0100|01|00|18|e601fe|34350102c81024a00084ffffffffffffffffffffffff926e[payload->]...$................n||28,306
2025-08-02T20:34:35.705 0100|00|00|05|fa0001|343501ffa7[payload->]..||43,007
2025-08-02T20:34:35.907 0100|01|00|18|e601fe|34350102c81024a00084ffffffffffffffffffffffff927e[payload->]...$................~||32,402
2025-08-02T21:04:35.691 0100|00|00|05|fa0001|343501ffa7[payload->]..||43,007
2025-08-02T21:04:35.893 0100|01|00|18|e601fe|34350102c81024a00084ffffffffffffffffffffffff927e[payload->]...$................~||32,402
2025-08-02T21:34:35.726 0100|00|00|05|fa0001|343501ffa7[payload->]..||43,007
2025-08-02T21:34:36.028 0100|01|00|18|e601fe|34350102c81024a00084ffffffffffffffffffffffff927e[payload->]...$................~||32,402
2025-08-02T22:04:36.953 0100|00|00|05|fa0001|343501ffa7[payload->]..||43,007
2025-08-02T22:04:37.155 0100|01|00|18|e601fe|34350102c81024a00084ffffffffffffffffffffffff927e[payload->]...$................~||32,402
2025-08-02T22:34:35.611 0100|00|00|05|fa0001|343501ffa7[payload->]..||43,007
2025-08-02T22:34:35.712 0100|01|00|18|e601fe|34350102c81024a00084ffffffffffffffffffffffff927e[payload->]...$................~||32,402
2025-08-02T23:04:35.605 0100|00|00|05|fa0001|343501ffa7[payload->]..||43,007
2025-08-02T23:04:35.706 0100|01|00|18|e601fe|34350102c81024a00084ffffffffffffffffffffffff927e[payload->]...$................~||32,402
2025-08-02T23:34:37.017 0100|00|00|05|fa0001|343501ffa7[payload->]..||43,007
2025-08-03T00:04:36.926 0100|00|00|05|fa0001|343501ffa7[payload->]..||43,007
2025-08-03T00:04:37.128 0100|01|00|18|e601fe|34350102c81024a00084ffffffffffffffffffffffff927e[payload->]...$................~||32,402
2025-08-03T00:31:30.168 0100|00|00|05|fa0001|343501ffa7[payload->]..||43,007
2025-08-03T00:34:37.516 0100|00|00|05|fa0001|343501ffa7[payload->]..||43,007
2025-08-03T00:34:37.718 0100|01|00|18|e601fe|34350102c81024a00084ffffffffffffffffffffffff927e[payload->]...$................~||32,402
2025-08-03T01:31:28.612 0100|00|00|05|fa0001|343501ffa7[payload->]..||43,007
2025-08-03T01:31:28.814 0100|01|04|18|e601fe|34350102c81024a00084ffffffffffffffffffffffff927e[payload->]...$................~||32,402
2025-08-03T01:34:38.172 0100|00|00|05|fa0001|343501ffa7[payload->]..||43,007
2025-08-03T01:34:38.374 0100|01|00|18|e601fe|34350102c81024a00084ffffffffffffffffffffffff927e[payload->]...$................~||32,402
2025-08-03T02:04:38.052 0100|00|00|05|fa0001|343501ffa7[payload->]..||43,007
2025-08-03T02:04:38.253 0100|01|00|18|e601fe|34350102c81024a00084ffffffffffffffffffffffff927e[payload->]...$................~||32,402
2025-08-03T02:34:38.999 0100|00|00|05|fa0001|343501ffa7[payload->]..||43,007
2025-08-03T02:34:39.101 0100|01|00|18|e601fe|34350102c81024a00084ffffffffffffffffffffffff927e[payload->]...$................~||32,402
2025-08-03T03:04:39.025 0100|00|00|05|fa0001|343501ffa7[payload->]..||43,007
2025-08-03T03:04:39.327 0100|01|00|18|e601fe|34350102c81024a00084ffffffffffffffffffffffff927e[payload->]...$................~||32,402
2025-08-03T03:34:38.991 0100|00|00|05|fa0001|343501ffa7[payload->]..||43,007
2025-08-03T03:34:39.092 0100|01|00|18|e601fe|34350102c81024a00084ffffffffffffffffffffffff927e[payload->]...$................~||32,402
2025-08-03T04:04:39.098 0100|00|00|05|fa0001|343501ffa7[payload->]..||43,007
2025-08-03T04:04:39.300 0100|01|00|18|e601fe|34350102c81024a00084ffffffffffffffffffffffff927e[payload->]...$................~||32,402
2025-08-03T04:31:28.398 0100|00|00|05|fa0001|343501ffa7[payload->]..||43,007
2025-08-03T04:31:28.499 0100|01|00|18|e601fe|34350102c81024a00084ffffffffffffffffffffffff927e[payload->]...$................~||32,402
2025-08-03T04:34:39.043 0100|00|00|05|fa0001|343501ffa7[payload->]..||43,007
2025-08-03T04:34:39.144 0100|01|00|18|e601fe|34350102c81024a00084ffffffffffffffffffffffff927e[payload->]...$................~||32,402
2025-08-03T05:04:38.958 0100|00|00|05|fa0001|343501ffa7[payload->]..||43,007
2025-08-03T05:04:39.160 0100|01|00|18|e601fe|34350102c81024a00084ffffffffffffffffffffffff927e[payload->]...$................~||32,402
2025-08-03T05:34:38.981 0100|00|00|05|fa0001|343501ffa7[payload->]..||43,007
2025-08-03T05:34:39.283 0100|01|00|18|e601fe|34350102c81024a00084ffffffffffffffffffffffff927e[payload->]...$................~||32,402
2025-08-03T06:04:39.004 0100|00|00|05|fa0001|343501ffa7[payload->]..||43,007
2025-08-03T06:04:39.206 0100|01|00|18|e601fe|34350102c81024a00084ffffffffffffffffffffffff927e[payload->]...$................~||32,402
2025-08-03T06:34:40.407 0100|00|00|05|fa0001|343501ffa7[payload->]..||43,007
2025-08-03T07:04:38.987 0100|00|00|05|fa0001|343501ffa7[payload->]..||43,007
2025-08-03T07:04:39.189 0100|01|00|18|e601fe|34350102c81024a00084ffffffffffffffffffffefff927e[payload->]...$................~||32,402
2025-08-03T07:34:40.319 0100|00|00|05|fa0001|343501ffa7[payload->]..||43,007
2025-08-03T07:34:40.521 0100|01|00|18|e601fe|34350102c81024a00084ffffffffffffffffffffffff927e[payload->]...$................~||32,402
2025-08-03T08:04:40.318 0100|00|00|05|fa0001|343501ffa7[payload->]..||43,007
2025-08-03T08:04:40.520 0100|01|00|18|e601fe|34350102c81024a00084ffffffffffffffffffffffff927e[payload->]...$................~||32,402
2025-08-03T08:34:40.529 0100|00|00|05|fa0001|343501ffa7[payload->]..||43,007
2025-08-03T08:34:40.731 0100|01|00|18|e601fe|34350102c81024a00084ffffffffffffffffffffffff927e[payload->]...$................~||32,402
2025-08-03T09:04:40.998 0100|00|00|05|fa0001|343501ffa7[payload->]..||43,007
2025-08-03T09:04:41.199 0100|01|00|18|e601fe|34350102c81024a00084ffffffffffffffffffffffff927e[payload->]...$................~||32,402
2025-08-03T09:34:41.101 0100|00|00|05|fa0001|343501ffa7[payload->]..||43,007
2025-08-03T09:34:41.303 0100|01|00|18|e601fe|34350102c81024a00084ffffffffffffffffffffffff927e[payload->]...$................~||32,402
2025-08-03T10:04:40.982 0100|00|00|05|fa0001|343501ffa7[payload->]..||43,007
2025-08-03T10:04:41.184 0100|01|00|18|e601fe|34350102c81024a00084ffffffffffffffffffffffff927e[payload->]...$................~||32,402
2025-08-03T10:34:41.009 0100|00|00|05|fa0001|343501ffa7[payload->]..||43,007
2025-08-03T10:34:41.110 0100|01|00|18|e601fe|34350102c81024a00084fffffffffffeffffffffffff927e[payload->]...$................~||32,402
2025-08-03T11:04:40.983 0100|00|00|05|fa0001|343501ffa7[payload->]..||43,007
2025-08-03T11:04:41.185 0100|01|00|18|e601fe|34350102c81024a00084ffffffffffffffffffffffff927e[payload->]...$................~||32,402
2025-08-03T11:34:40.950 0100|00|00|05|fa0001|343501ffa7[payload->]..||43,007
2025-08-03T11:34:41.152 0100|01|00|18|e601fe|34350102c81024a00084ffffffffffffffffffffffff923e[payload->]...$................>||16,018
2025-08-03T12:04:41.994 0100|00|00|05|fa0001|343501ffa7[payload->]..||43,007
2025-08-03T12:04:42.095 0100|01|00|18|e601fe|34350102c81024a00084ffffffffffffffffffffffff927e[payload->]...$................~||32,402
2025-08-03T12:34:42.352 0100|00|00|05|fa0001|343501ffa7[payload->]..||43,007
2025-08-03T12:34:42.553 0100|01|00|18|e601fe|34350102c81024a00084ffffffffffffffffffffffff927e[payload->]...$................~||32,402
2025-08-03T13:04:41.985 0100|00|00|05|fa0001|343501ffa7[payload->]..||43,007
2025-08-03T13:04:42.187 0100|01|00|18|e601fe|34350102c81024a00084ffffffffffffffffffffffff927e[payload->]...$................~||32,402
2025-08-03T13:31:28.467 0100|00|00|05|fa0001|343501ffa7[payload->]..||43,007
2025-08-03T13:31:28.669 0100|01|00|18|e601fe|34350102c81024ffffff705d0100000005fa0001301901fe[payload->]...$...p]........0...||65,025
2025-08-03T13:34:42.092 0100|00|00|05|fa0001|343501ffa7[payload->]..||43,007
2025-08-03T13:34:42.293 0100|01|00|18|e601fe|34350102c81024a00084ffffffffffffffffffffffff927e[payload->]...$................~||32,402
2025-08-03T14:04:41.963 0100|00|00|05|fa0001|343501ffa7[payload->]..||43,007
2025-08-03T14:04:42.165 0100|01|00|18|e601fe|34350102c81024a00084ffffffffffffffffffffffff927e[payload->]...$................~||32,402
2025-08-03T14:34:41.966 0100|00|00|05|fa0001|343501ffa7[payload->]..||43,007
2025-08-03T14:34:42.168 0100|01|00|18|e601fe|34350102c81024a00084ffffffffffffffffffffffff927e[payload->]...$................~||32,402
2025-08-03T15:04:41.960 0100|00|00|05|fa0001|343501ffa7[payload->]..||43,007
2025-08-03T15:04:42.162 0100|01|00|18|e601fe|34350102c81024a00084ffffffffffffffffffffffff927e[payload->]...$................~||32,402
2025-08-03T15:34:41.975 0100|00|00|05|fa0001|343501ffa7[payload->]..||43,007
2025-08-03T15:34:42.177 0100|01|00|18|e601fe|34350102c81024a00084ffffffffffffdfffffffffff927e[payload->]...$................~||32,402
2025-08-03T16:04:42.297 0100|00|00|05|fa0001|343501ffa7[payload->]..||43,007
2025-08-03T16:04:42.398 0100|01|00|18|e601fe|34350102c81024a00084ffffffffffffffffffffffff927e[payload->]...$................~||32,402
2025-08-03T16:34:43.096 0100|00|00|05|fa0001|343501ffa7[payload->]..||43,007
2025-08-03T16:34:43.298 0100|01|00|18|e601fe|34350102c81024a00084ffffffffffffffffffffffff927e[payload->]...$................~||32,402
2025-08-03T17:04:43.055 0100|00|00|05|fa0001|343501ffa7[payload->]..||43,007
2025-08-03T17:04:43.257 0100|01|00|18|e601fe|34350102c81024a00084ffffffffffffffffffffffff927e[payload->]...$................~||32,402
2025-08-03T17:34:43.095 0100|00|00|05|fa0001|343501ffa7[payload->]..||43,007
2025-08-03T17:34:43.297 0100|01|00|18|e601fe|34350102c81024a00084ffffffffffffffffffffffff927e[payload->]...$................~||32,402
2025-08-03T18:04:43.993 0100|00|00|05|fa0001|343501ffa7[payload->]..||43,007
2025-08-03T18:04:44.094 0100|01|00|18|e601fe|34350102c81024a00084ffffffffffffffffffffffff927e[payload->]...$................~||32,402
