2025-07-30T20:48:04.277 0100|00|00|05|fa0001|3464016f9a[payload->]o.||39,535
2025-07-30T20:48:04.378 0100|01|00|09|f501fe|346401e22501009377[payload->].%...w||30,611
2025-07-30T20:58:13.109 0100|00|00|05|fa0001|3464016f9a[payload->]o.||39,535
2025-07-30T20:58:13.210 0100|01|00|09|f501fe|346401e22501009377[payload->].%...w||30,611
2025-07-30T21:18:30.742 0100|00|00|05|fa0001|3464016f9a[payload->]o.||39,535
2025-07-30T21:18:30.742 0100|01|00|09|f501fe|346401e22501009377[payload->].%...w||30,611
2025-07-30T21:38:48.878 0100|01|00|09|f501fe|346401e22501009377[payload->].%...w||30,611
2025-07-30T21:59:05.428 0100|00|00|05|fa0001|3464016f9a[payload->]o.||39,535
2025-07-30T21:59:05.429 0100|01|00|09|f501fe|346401e22501009377[payload->].%...w||30,611
2025-07-30T22:19:23.252 0100|00|00|05|fa0001|3464016f9a[payload->]o.||39,535
2025-07-30T22:19:23.353 0100|01|00|09|f501fe|346401e22501009377[payload->].%...w||30,611
2025-07-30T22:29:31.905 0100|00|00|05|fa0001|3464016f9a[payload->]o.||39,535
2025-07-30T22:29:31.905 0100|01|00|09|f501fe|346401e22501009377[payload->].%...w||30,611
2025-07-30T22:39:40.774 0100|00|00|05|fa0001|3464016f9a[payload->]o.||39,535
2025-07-30T22:39:40.875 0100|01|00|09|f501fe|346401e22501009377[payload->].%...w||30,611
2025-07-30T22:49:49.917 0100|00|00|05|fa0001|3464016f9a[payload->]o.||39,535
2025-07-30T22:49:50.018 0100|01|00|09|f501fe|346401e22501009377[payload->].%...w||30,611
2025-07-30T23:20:16.057 0100|00|00|05|fa0001|3464016f9a[payload->]o.||39,535
2025-07-30T23:20:16.158 0100|01|00|09|f501fe|346401e22501009377[payload->].%...w||30,611
2025-07-30T23:30:24.414 0100|00|00|05|fa0001|3464016f9a[payload->]o.||39,535
2025-07-30T23:30:24.515 0100|01|00|09|f501fe|346401e22501009377[payload->].%...w||30,611
2025-07-30T23:50:42.978 0100|00|00|05|fa0001|3464016f9a[payload->]o.||39,535
2025-07-30T23:50:43.079 0100|01|00|09|f501fe|346401e22501009377[payload->].%...w||30,611
2025-07-31T00:11:00.889 0100|00|00|05|fa0001|3464016f9a[payload->]o.||39,535
2025-07-31T00:11:00.990 0100|01|00|09|f501fe|346401e22501009377[payload->].%...w||30,611
2025-07-31T00:31:18.628 0100|00|00|05|fa0001|3464016f9a[payload->]o.||39,535
2025-07-31T00:31:18.830 0100|01|00|09|f501fe|346401e22501009377[payload->].%...w||30,611
2025-07-31T00:51:35.717 0100|00|00|05|fa0001|3464016f9a[payload->]o.||39,535
2025-07-31T00:51:35.818 0100|01|00|09|f501fe|346401e22501009377[payload->].%...w||30,611
2025-07-31T01:01:44.012 0100|00|00|05|fa0001|3464016f9a[payload->]o.||39,535
2025-07-31T01:01:44.113 0100|01|00|09|f501fe|346401e22501009377[payload->].%...w||30,611
2025-07-31T01:11:52.225 0100|00|00|05|fa0001|3464016f9a[payload->]o.||39,535
2025-07-31T01:11:52.326 0100|01|00|09|f501fe|346401e22501009377[payload->].%...w||30,611
2025-07-31T01:22:01.020 0100|00|00|05|fa0001|3464016f9a[payload->]o.||39,535
2025-07-31T01:22:01.121 0100|01|00|09|f501fe|346401e22501009377[payload->].%...w||30,611
2025-07-31T01:42:18.634 0100|00|00|05|fa0001|3464016f9a[payload->]o.||39,535
2025-07-31T01:42:18.735 0100|01|00|09|f501fe|346401e22501009377[payload->].%...w||30,611
2025-07-31T01:52:28.017 0100|00|00|05|fa0001|3464016f9a[payload->]o.||39,535
2025-07-31T01:52:28.118 0100|01|00|09|f501fe|346401e22501009377[payload->].%...w||30,611
2025-07-31T02:02:36.698 0100|00|00|05|fa0001|3464016f9a[payload->]o.||39,535
2025-07-31T02:02:36.799 0100|01|00|09|f501fe|346401e22501009377[payload->].%...w||30,611
2025-07-31T02:33:03.372 0100|00|00|05|fa0001|3464016f9a[payload->]o.||39,535
2025-07-31T02:33:03.473 0100|01|00|09|f501fe|346401e22501009377[payload->].%...w||30,611
2025-07-31T02:43:11.730 0100|00|00|05|fa0001|3464016f9a[payload->]o.||39,535
2025-07-31T02:43:11.730 0100|01|00|09|f501fe|346401e22501009377[payload->].%...w||30,611
2025-07-31T02:53:21.203 0100|00|00|05|fa0001|3464016f9a[payload->]o.||39,535
2025-07-31T02:53:21.203 0100|01|00|09|f501fe|346401e22501009377[payload->].%...w||30,611
2025-07-31T03:03:29.960 0100|00|00|05|fa0001|3464016f9a[payload->]o.||39,535
2025-07-31T03:03:29.960 0100|01|00|09|f501fe|346401e22501000100[payload->].%....||0,001
2025-07-31T03:33:54.073 0100|00|00|05|fa0001|3464016f9a[payload->]o.||39,535
2025-07-31T03:33:54.074 0100|01|00|09|f501fe|346401e22501009377[payload->].%...w||30,611
2025-07-31T03:44:02.597 0100|00|00|05|fa0001|3464016f9a[payload->]o.||39,535
2025-07-31T03:44:02.597 0100|01|00|09|f501fe|346401e22501009377[payload->].%...w||30,611
2025-07-31T03:54:11.742 0100|00|00|05|fa0001|3464016f9a[payload->]o.||39,535
2025-07-31T03:54:11.844 0100|01|00|09|f501fe|346401e22501009377[payload->].%...w||30,611
2025-07-31T04:14:29.820 0100|00|00|05|fa0001|3464016f9a[payload->]o.||39,535
2025-07-31T04:14:29.921 0100|01|00|09|f501fe|346401e22501009377[payload->].%...w||30,611
2025-07-31T04:55:04.642 0100|00|00|05|fa0001|3464016f9a[payload->]o.||39,535
2025-07-31T04:55:04.643 0100|01|00|09|f501fe|346401e22501009377[payload->].%...w||30,611
2025-07-31T05:15:22.694 0100|00|00|05|fa0001|3464016f9a[payload->]o.||39,535
2025-07-31T05:15:22.795 0100|01|00|09|f501fe|346401e22501009377[payload->].%...w||30,611
2025-07-31T05:35:40.468 0100|00|00|05|fa0001|3464016f9a[payload->]o.||39,535
2025-07-31T05:35:40.570 0100|01|00|09|f501fe|346401e22501009377[payload->].%...w||30,611
2025-07-31T05:45:49.947 0100|00|00|05|fa0001|3464016f9a[payload->]o.||39,535
2025-07-31T05:45:50.048 0100|01|00|09|f501fe|346401e22501009377[payload->].%...w||30,611
2025-07-31T06:16:14.306 0100|00|00|05|fa0001|3464016f9a[payload->]o.||39,535
2025-07-31T06:16:14.408 0100|01|00|09|f501fe|346401e22501009377[payload->].%...w||30,611
2025-07-31T06:26:22.453 0100|00|00|05|fa0001|3464016f9a[payload->]o.||39,535
2025-07-31T06:26:22.555 0100|01|00|09|f501fe|346401e22501009377[payload->].%...w||30,611
2025-07-31T06:36:31.207 0100|00|00|05|fa0001|3464016f9a[payload->]o.||39,535
2025-07-31T06:36:31.207 0100|01|00|09|f501fe|346401e22501009377[payload->].%...w||30,611
2025-07-31T06:46:39.395 0100|00|00|05|fa0001|3464016f9a[payload->]o.||39,535
2025-07-31T06:46:39.496 0100|01|00|09|f501fe|346401e22501009377[payload->].%...w||30,611
2025-07-31T06:56:48.226 0100|01|00|09|f501fe|346401e22501009377[payload->].%...w||30,611
2025-07-31T07:17:04.627 0100|00|00|05|fa0001|3464016f9a[payload->]o.||39,535
2025-07-31T07:17:04.728 0100|01|00|09|f501fe|346401e22501009377[payload->].%...w||30,611
2025-07-31T07:27:13.553 0100|00|00|05|fa0001|3464016f9a[payload->]o.||39,535
2025-07-31T07:27:13.655 0100|01|00|09|f501fe|346401e22501009377[payload->].%...w||30,611
2025-07-31T07:37:22.749 0100|00|00|05|fa0001|3464016f9a[payload->]o.||39,535
2025-07-31T07:37:22.850 0100|01|00|09|f501fe|346401e22501009377[payload->].%...w||30,611
2025-07-31T08:07:47.583 0100|00|00|05|fa0001|3464016f9a[payload->]o.||39,535
2025-07-31T08:07:47.684 0100|01|00|09|f501fe|346401e22501009377[payload->].%...w||30,611
2025-07-31T08:28:04.217 0100|00|00|05|fa0001|3464016f9a[payload->]o.||39,535
2025-07-31T08:28:04.218 0100|01|00|09|f501fe|346401e22501009377[payload->].%...w||30,611
2025-07-31T08:38:14.111 0100|00|00|05|fa0001|3464016f9a[payload->]o.||39,535
2025-07-31T08:38:14.212 0100|01|00|09|f501fe|346401e22501009377[payload->].%...w||30,611
2025-07-31T09:18:47.417 0100|00|00|05|fa0001|3464016f9a[payload->]o.||39,535
2025-07-31T09:18:47.417 0100|01|00|09|f501fe|346401e22501009377[payload->].%...w||30,611
2025-07-31T09:39:03.277 0100|00|00|05|fa0001|3464016f9a[payload->]o.||39,535
2025-07-31T09:39:03.278 0100|01|00|09|f501fe|346401e22501009377[payload->].%...w||30,611
2025-07-31T09:49:11.646 0100|00|00|05|fa0001|3464016f9a[payload->]o.||39,535
2025-07-31T09:49:11.646 0100|01|00|09|f501fe|346401e22501009377[payload->].%...w||30,611
2025-07-31T10:09:28.503 0100|00|00|05|fa0001|3464014bfe[payload->]K.||65,099
2025-07-31T10:09:28.604 0100|01|00|09|f501fe|346401e22501009377[payload->].%...w||30,611
2025-07-31T10:19:37.336 0100|00|00|05|fa0001|3464016f9a[payload->]o.||39,535
2025-07-31T10:19:37.437 0100|01|00|09|f501fe|346401e22501009377[payload->].%...w||30,611
2025-07-31T10:29:45.489 0100|00|00|05|fa0001|3464016f9a[payload->]o.||39,535
2025-07-31T10:29:45.590 0100|01|00|09|f501fe|346401e22501009377[payload->].%...w||30,611
2025-07-31T10:39:53.554 0100|00|00|05|fa0001|3464016f9a[payload->]o.||39,535
2025-07-31T10:39:53.655 0100|01|00|09|f501fe|346401e22501009377[payload->].%...w||30,611
2025-07-31T10:50:02.112 0100|00|00|05|fa0001|3464016f9a[payload->]o.||39,535
2025-07-31T10:50:02.213 0100|01|00|09|f501fe|346401e22501009377[payload->].%...w||30,611
2025-07-31T11:00:10.860 0100|00|00|05|fa0001|3464016f9a[payload->]o.||39,535
2025-07-31T11:00:10.961 0100|01|00|09|f501fe|346401e22501009377[payload->].%...w||30,611
2025-07-31T11:10:19.670 0100|00|00|05|fa0001|3464016f9a[payload->]o.||39,535
2025-07-31T11:10:19.670 0100|01|00|09|f501fe|346401e22501009377[payload->].%...w||30,611
2025-07-31T11:20:28.327 0100|00|00|05|fa0001|3464016f9a[payload->]o.||39,535
2025-07-31T11:20:28.428 0100|01|00|09|f501fe|346401e22501009377[payload->].%...w||30,611
2025-07-31T11:50:53.264 0100|00|00|05|fa0001|3464016f9a[payload->]o.||39,535
2025-07-31T11:50:53.265 0100|01|00|09|f501fe|346401e22501009377[payload->].%...w||30,611
2025-07-31T12:21:19.916 0100|00|00|05|fa0001|3464016f9a[payload->]o.||39,535
2025-07-31T12:21:20.017 0100|01|00|09|f501fe|346401e22500010006[payload->].%....||1,536
2025-07-31T12:31:30.007 0100|00|00|05|fa0001|3464016f9a[payload->]o.||39,535
2025-07-31T12:31:30.109 0100|01|00|09|f501fe|346401e22501009377[payload->].%...w||30,611
2025-07-31T13:12:05.406 0100|00|00|05|fa0001|3464016f9a[payload->]o.||39,535
2025-07-31T13:12:05.507 0100|01|00|09|f501fe|346401e22501009377[payload->].%...w||30,611
2025-07-31T13:52:39.381 0100|00|00|05|fa0001|3464016f9a[payload->]o.||39,535
2025-07-31T13:52:39.381 0100|01|00|09|f501fe|346401e22501009377[payload->].%...w||30,611
2025-07-31T14:02:48.947 0100|00|00|05|fa0001|3464016f9a[payload->]o.||39,535
2025-07-31T14:02:48.948 0100|01|00|09|f501fe|346401e22501009377[payload->].%...w||30,611
2025-07-31T14:23:06.196 0100|00|00|05|fa0001|3464016f9a[payload->]o.||39,535
2025-07-31T14:23:06.297 0100|01|00|09|f501fe|346401e22501009377[payload->].%...w||30,611
2025-07-31T14:43:23.165 0100|00|00|05|fa0001|3464016f9a[payload->]o.||39,535
2025-07-31T15:13:48.357 0100|00|00|05|fa0001|3464016f9a[payload->]o.||39,535
2025-07-31T15:13:48.357 0100|01|00|09|f501fe|346401e22501009377[payload->].%...w||30,611
2025-07-31T15:34:05.827 0100|00|00|05|fa0001|3464016f9a[payload->]o.||39,535
2025-07-31T15:34:05.927 0100|01|00|09|f501fe|346401e22501009377[payload->].%...w||30,611
2025-07-31T15:54:23.304 0100|00|00|05|fa0001|3464016f9a[payload->]o.||39,535
2025-07-31T15:54:23.404 0100|01|00|09|f501fe|346401e22501009377[payload->].%...w||30,611
2025-07-31T16:04:32.739 0100|00|00|05|fa0001|3464016f9a[payload->]o.||39,535
2025-07-31T16:04:32.740 0100|01|00|09|f501fe|346401e22501009377[payload->].%...w||30,611
2025-07-31T16:24:50.983 0100|00|00|05|fa0001|3464016f9a[payload->]o.||39,535
2025-07-31T16:45:07.674 0100|00|00|05|fa0001|3464016f9a[payload->]o.||39,535
2025-07-31T16:45:07.674 0100|01|00|09|f501fe|346401e22501009377[payload->].%...w||30,611
2025-07-31T16:55:17.629 0100|00|00|05|fa0001|3464016f9a[payload->]o.||39,535
2025-07-31T16:55:17.730 0100|01|00|09|f501fe|346401e22501009377[payload->].%...w||30,611
2025-07-31T17:35:53.063 0100|00|00|05|fa0001|3464016f9a[payload->]o.||39,535
2025-07-31T17:35:53.164 0100|01|00|09|f501fe|346401e22501009377[payload->].%...w||30,611
2025-07-31T17:56:10.716 0100|00|00|05|fa0001|3464016f9a[payload->]o.||39,535
2025-07-31T17:56:10.817 0100|01|00|09|f501fe|346401e22501009377[payload->].%...w||30,611
2025-07-31T18:06:19.773 0100|00|00|05|fa0001|3464016f9a[payload->]o.||39,535
2025-07-31T18:06:19.875 0100|01|00|09|f501fe|346401e22501009377[payload->].%...w||30,611
2025-07-31T18:16:28.709 0100|00|00|05|fa0001|3464016f9a[payload->]o.||39,535
2025-07-31T18:16:28.709 0100|01|00|09|f501fe|346401e22501009377[payload->].%...w||30,611
2025-07-31T18:36:47.247 0100|00|00|05|fa0001|3464016f9a[payload->]o.||39,535
2025-07-31T18:36:47.348 0100|01|00|09|f501fe|346401e22501009377[payload->].%...w||30,611
2025-07-31T18:45:28.384 0100|01|00|07|f701fe|346401000026f0[payload->]..&.||61,478
2025-07-31T18:46:55.226 0100|00|00|05|fa0001|3464016f9a[payload->]o.||39,535
2025-07-31T18:46:55.327 0100|01|00|09|f501fe|346401e22501009377[payload->].%...w||30,611
2025-07-31T19:07:13.589 0100|00|00|05|fa0001|3464016f9a[payload->]o.||39,535
2025-07-31T19:07:13.691 0100|01|00|09|f501fe|346401e22501009377[payload->].%...w||30,611
2025-07-31T19:17:23.068 0100|00|00|05|fa0001|3464016f9a[payload->]o.||39,535
2025-07-31T19:17:23.068 0100|01|00|09|f501fe|346401e22501009377[payload->].%...w||30,611
2025-07-31T19:27:31.917 0100|00|00|05|fa0001|3464016f9a[payload->]o.||39,535
2025-07-31T19:27:32.018 0100|01|00|09|f501fe|346401e22501009377[payload->].%...w||30,611
2025-07-31T19:37:40.782 0100|00|00|05|fa0001|3464016f9a[payload->]o.||39,535
2025-07-31T19:37:40.782 0100|01|00|09|f501fe|346401e22501009377[payload->].%...w||30,611
2025-07-31T19:47:49.812 0100|00|00|05|fa0001|3464016f9a[payload->]o.||39,535
2025-07-31T19:47:49.913 0100|01|00|09|f501fe|346401e22501009377[payload->].%...w||30,611
2025-07-31T20:08:07.687 0100|00|00|05|fa0001|3464016f9a[payload->]o.||39,535
2025-07-31T20:08:07.789 0100|01|00|09|f501fe|346401e22501009377[payload->].%...w||30,611
2025-07-31T20:48:42.929 0100|00|00|05|fa0001|3464016f9a[payload->]o.||39,535
2025-07-31T20:48:43.030 0100|01|00|09|f501fe|346401e22501009377[payload->].%...w||30,611
2025-07-31T21:09:01.091 0100|00|00|05|fa0001|3464016f9a[payload->]o.||39,535
2025-07-31T21:09:01.192 0100|01|00|09|f501fe|346401e22501009377[payload->].%...w||30,611
2025-07-31T21:19:09.556 0100|00|00|05|fa0001|3464016f9a[payload->]o.||39,535
2025-07-31T21:19:09.657 0100|01|00|09|f501fe|346401e22501009377[payload->].%...w||30,611
2025-07-31T21:39:27.635 0100|01|00|09|f501fe|346401e22501009377[payload->].%...w||30,611
2025-07-31T21:55:31.017 0100|01|00|07|f701fe|346401000026f0[payload->]..&.||61,478
2025-07-31T21:59:43.899 0100|00|00|05|fa0001|3464016f9a[payload->]o.||39,535
2025-07-31T21:59:43.900 0100|01|00|09|f501fe|346401e22501009377[payload->].%...w||30,611
2025-07-31T22:30:10.772 0100|00|00|05|fa0001|3464016f9a[payload->]o.||39,535
2025-07-31T22:30:10.772 0100|01|00|09|f501fe|346401e22501009377[payload->].%...w||30,611
2025-07-31T22:50:29.771 0100|00|00|05|fa0001|3464016f9a[payload->]o.||39,535
2025-07-31T22:50:29.872 0100|01|00|09|f701fe|346401e22501009377[payload->].%...w||30,611
2025-07-31T23:00:38.471 0100|00|00|05|fa0001|3464016f9a[payload->]o.||39,535
2025-07-31T23:00:38.572 0100|01|00|09|f501fe|346401e22501009377[payload->].%...w||30,611
2025-07-31T23:20:56.168 0100|00|00|05|fa0001|3464016f9a[payload->]o.||39,535
2025-07-31T23:20:56.169 0100|01|00|09|f501fe|346401e22501009377[payload->].%...w||30,611
2025-07-31T23:31:04.898 0100|00|00|05|fa0001|3464016f9a[payload->]o.||39,535
2025-07-31T23:31:04.999 0100|01|00|09|f501fe|346401e22501009377[payload->].%...w||30,611
2025-07-31T23:51:23.621 0100|00|00|05|fa0001|3464016f9a[payload->]o.||39,535
2025-07-31T23:51:23.622 0100|01|00|09|f501fe|346401e22501009377[payload->].%...w||30,611
2025-08-01T00:01:32.875 0100|00|00|05|fa0001|3464016f9a[payload->]o.||39,535
2025-08-01T00:01:32.976 0100|01|00|09|f501fe|346401e22501009377[payload->].%...w||30,611
2025-08-01T00:21:51.076 0100|00|00|05|fa0001|3464016f9a[payload->]o.||39,535
2025-08-01T00:21:51.076 0100|01|00|09|f501fe|346401e22501009377[payload->].%...w||30,611
2025-08-01T01:02:26.479 0100|00|00|05|fa0001|3464016f9a[payload->]o.||39,535
2025-08-01T01:02:26.580 0100|01|00|09|f501fe|346401e22501009377[payload->].%...w||30,611
2025-08-01T01:12:35.071 0100|00|00|05|fa0001|3464016f9a[payload->]o.||39,535
2025-08-01T01:12:35.172 0100|01|00|09|f501fe|346401e22501009377[payload->].%...w||30,611
2025-08-01T01:22:44.017 0100|00|00|05|fa0001|3464016f9a[payload->]o.||39,535
2025-08-01T01:22:44.118 0100|01|00|09|f501fe|346401e22501009377[payload->].%...w||30,611
2025-08-01T01:32:53.068 0100|00|00|05|fa0001|3464016f9a[payload->]o.||39,535
2025-08-01T01:32:53.169 0100|01|00|09|f501fe|346401e22501009377[payload->].%...w||30,611
2025-08-01T01:43:01.840 0100|00|00|05|fa0001|3464016f9a[payload->]o.||39,535
2025-08-01T01:43:01.841 0100|01|00|09|f501fe|346401e22501009377[payload->].%...w||30,611
2025-08-01T01:53:10.516 0100|00|00|05|fa0001|3464016f9a[payload->]o.||39,535
2025-08-01T01:53:10.617 0100|01|00|09|f501fe|346401e22501009377[payload->].%...w||30,611
2025-08-01T02:23:37.254 0100|00|00|05|fa0001|3464016f9a[payload->]o.||39,535
2025-08-01T02:23:37.355 0100|01|00|09|f501fe|346401e22501009377[payload->].%...w||30,611
2025-08-01T02:33:45.463 0100|01|00|09|f501fe|346401e22501009377[payload->].%...w||30,611
2025-08-01T03:04:11.680 0100|00|00|05|fa0001|3464016f9a[payload->]o.||39,535
2025-08-01T03:04:11.781 0100|01|00|09|f501fe|346401e22501009377[payload->].%...w||30,611
2025-08-01T03:34:37.831 0100|00|00|05|fa0001|3464016f9a[payload->]o.||39,535
2025-08-01T03:34:37.932 0100|01|00|09|f501fe|346401e22501009377[payload->].%...w||30,611
2025-08-01T03:54:54.535 0100|00|00|05|fa0001|3464016f9a[payload->]o.||39,535
2025-08-01T03:54:54.636 0100|01|00|09|f501fe|346401e22501009377[payload->].%...w||30,611
2025-08-01T04:25:21.770 0100|01|00|09|f501fe|346401e22501009377[payload->].%...w||30,611
2025-08-01T04:55:49.457 0100|00|00|05|fa0001|3464016f9a[payload->]o.||39,535
2025-08-01T04:55:49.457 0100|01|00|09|f501fe|346401e22501009377[payload->].%...w||30,611
2025-08-01T05:05:58.694 0100|00|00|05|fa0001|3464016f9a[payload->]o.||39,535
2025-08-01T05:05:58.795 0100|01|00|09|f501fe|346401e22501009377[payload->].%...w||30,611
2025-08-01T05:16:07.505 0100|00|00|05|fa0001|3464016f9a[payload->]o.||39,535
2025-08-01T05:16:07.606 0100|01|00|09|f501fe|346401e22501009377[payload->].%...w||30,611
2025-08-01T05:26:15.321 0100|00|00|05|fa0001|3464016f9a[payload->]o.||39,535
2025-08-01T05:26:15.322 0100|01|00|09|f501fe|346401e22501009377[payload->].%...w||30,611
2025-08-01T05:36:24.500 0100|00|00|05|fa0001|3464016f9a[payload->]o.||39,535
2025-08-01T05:36:24.601 0100|01|00|09|f501fe|346401e22501008377[payload->].%...w||30,595
2025-08-01T05:56:42.799 0100|00|00|05|fa0001|3464016f9a[payload->]o.||39,535
2025-08-01T05:56:42.800 0100|01|00|09|f501fe|346401e22501009377[payload->].%...w||30,611
2025-08-01T06:06:51.802 0100|00|00|05|fa0001|3464016f9a[payload->]o.||39,535
2025-08-01T06:06:51.803 0100|01|00|09|f501fe|346401e22501009377[payload->].%...w||30,611
2025-08-01T06:17:00.348 0100|00|00|05|fa0001|3464016f9a[payload->]o.||39,535
2025-08-01T06:17:00.450 0100|01|00|09|f501fe|346401e22501009377[payload->].%...w||30,611
2025-08-01T06:27:09.188 0100|00|00|05|fa0001|3464016f9a[payload->]o.||39,535
2025-08-01T06:27:09.289 0100|01|00|09|f501fe|346401e22501009377[payload->].%...w||30,611
2025-08-01T06:37:17.278 0100|00|00|05|fa0001|3464016f9a[payload->]o.||39,535
2025-08-01T06:37:17.278 0100|01|00|09|f501fe|346401e22501009377[payload->].%...w||30,611
2025-08-01T06:47:25.662 0100|00|00|05|fa0001|3464016f9a[payload->]o.||39,535
2025-08-01T06:47:25.763 0100|01|00|09|f501fe|346401e22501009377[payload->].%...w||30,611
2025-08-01T06:57:34.391 0100|00|00|05|fa0001|3464016f9a[payload->]o.||39,535
2025-08-01T06:57:34.492 0100|01|00|09|f501fe|346401e22501009377[payload->].%...w||30,611
2025-08-01T07:07:43.221 0100|00|00|05|fa0001|3464016f9a[payload->]o.||39,535
2025-08-01T07:07:43.322 0100|01|00|09|f501fe|346401e22501009377[payload->].%...w||30,611
2025-08-01T07:17:52.041 0100|00|00|05|fa0001|3464016f9a[payload->]o.||39,535
2025-08-01T07:17:52.042 0100|01|00|09|f501fc|346401e22501009377[payload->].%...w||30,611
2025-08-01T07:28:00.312 0100|00|00|05|fa0001|3464016f9a[payload->]o.||39,535
2025-08-01T07:28:00.413 0100|01|00|09|f501fe|346401e22501009377[payload->].%...w||30,611
2025-08-01T07:48:17.774 0100|00|00|05|fa0001|3464016f9a[payload->]o.||39,535
2025-08-01T07:48:17.875 0100|01|00|09|f501fe|346401e22501009377[payload->].%...w||30,611
2025-08-01T08:28:52.820 0100|00|00|05|fa0001|3464016f9a[payload->]o.||39,535
2025-08-01T08:28:52.820 0100|01|00|09|f501fe|346401e22501009377[payload->].%...w||30,611
2025-08-01T08:39:01.771 0100|00|00|05|fa0001|3464016f9a[payload->]o.||39,535
2025-08-01T08:39:01.771 0100|01|00|09|f501fe|346401e22501009377[payload->].%...w||30,611
2025-08-01T08:59:20.257 0100|00|00|05|fa0001|3464016f9a[payload->]o.||39,535
2025-08-01T08:59:20.358 0100|01|00|09|f501fe|346401e22501009377[payload->].%...w||30,611
2025-08-01T09:09:28.677 0100|00|00|05|fa0001|3464016f9a[payload->]o.||39,535
2025-08-01T09:09:28.677 0100|01|00|09|f501fe|346401e22501009377[payload->].%...w||30,611
2025-08-01T09:19:37.730 0100|00|00|05|fa0001|3464016f9a[payload->]o.||39,535
2025-08-01T09:19:37.730 0100|01|00|09|f501fe|346401e22501009377[payload->].%...w||30,611
2025-08-01T09:29:46.283 0100|00|00|05|fa0001|3464016f9a[payload->]o.||39,535
2025-08-01T09:29:46.384 0100|01|00|09|f501fe|346401e22501009377[payload->].%...w||30,611
2025-08-01T09:39:56.303 0100|00|00|05|fa0001|3464016f9a[payload->]o.||39,535
2025-08-01T09:39:56.404 0100|01|00|09|f501fe|346401e22501009377[payload->].%...w||30,611
2025-08-01T09:50:03.901 0100|00|00|05|fa0001|3464016f9a[payload->]o.||39,535
2025-08-01T09:50:04.002 0100|01|00|09|f501fe|346401e22501009377[payload->].%...w||30,611
2025-08-01T10:10:21.552 0100|00|00|05|fa0001|3464016f9a[payload->]o.||39,535
2025-08-01T10:10:21.653 0100|01|00|09|f501fe|346401e22501009377[payload->].%...w||30,611
2025-08-01T10:30:40.014 0100|00|00|05|fa0001|3464016f9a[payload->]o.||39,535
2025-08-01T10:30:40.015 0100|01|00|09|f501fe|346401e22501009377[payload->].%...w||30,611
2025-08-01T10:50:58.068 0100|00|00|05|fa0001|3464016f9a[payload->]o.||39,535
2025-08-01T10:50:58.069 0100|01|00|09|f501fe|346401e22501009377[payload->].%...w||30,611
2025-08-01T11:01:06.597 0100|00|00|05|fa0001|3464016f9a[payload->]o.||39,535
2025-08-01T11:01:06.598 0100|01|00|09|f501fe|346401e22501009377[payload->].%...w||30,611
2025-08-01T11:21:24.671 0100|00|00|05|fa0001|3464016f9a[payload->]o.||39,535
2025-08-01T11:21:24.773 0100|01|00|09|f501fe|346401e22501009377[payload->].%...w||30,611
2025-08-01T11:31:35.682 0100|00|00|05|fa0001|3464016f9a[payload->]o.||39,535
2025-08-01T11:31:35.683 0100|01|00|09|f501fe|346401e22501009377[payload->].%...w||30,611
2025-08-01T11:41:43.647 0100|00|00|05|fa0001|3464016f9a[payload->]o.||39,535
2025-08-01T11:41:43.748 0100|01|00|09|f501fe|346401e22501009377[payload->].%...w||30,611
2025-08-01T12:02:01.901 0100|00|00|05|fa0001|3464016f9a[payload->]o.||39,535
2025-08-01T12:02:01.902 0100|01|00|09|f501fe|346401e22501009377[payload->].%...w||30,611
2025-08-01T12:12:10.947 0100|00|00|05|fa0001|3464016f9a[payload->]o.||39,535
2025-08-01T12:22:19.858 0100|00|00|05|fa0001|3464016f9a[payload->]o.||39,535
2025-08-01T12:22:19.959 0100|01|00|09|f501fe|346401e22501009377[payload->].%...w||30,611
2025-08-01T13:02:53.979 0100|00|00|05|fa0001|3464016f9a[payload->]o.||39,535
2025-08-01T13:02:54.080 0100|01|00|09|f501fe|346401e22501009377[payload->].%...w||30,611
2025-08-01T13:23:11.823 0100|00|00|05|fa0001|3464016f9a[payload->]o.||39,535
2025-08-01T13:23:11.924 0100|01|00|09|f501fe|346401e22501009377[payload->].%...w||30,611
2025-08-01T13:33:20.711 0100|00|00|05|fa0001|3464016f9a[payload->]o.||39,535
2025-08-01T13:33:20.712 0100|01|00|09|f501fe|346401e22501009377[payload->].%...w||30,611
2025-08-01T14:03:46.729 0100|00|00|05|fa0001|3464016f9a[payload->]o.||39,535
2025-08-01T14:03:46.830 0100|01|00|09|f501fe|346401e22501009377[payload->].%...w||30,611
2025-08-01T14:44:21.553 0100|00|00|05|fa0001|3464016f9a[payload->]o.||39,535
2025-08-01T14:44:21.654 0100|01|00|09|f501fe|346401e22501009377[payload->].%...w||30,611
2025-08-01T14:54:31.031 0100|00|00|05|fa0001|3464016f9a[payload->]o.||39,535
2025-08-01T14:54:31.132 0100|01|00|09|f501fe|346401e22501009377[payload->].%...w||30,611
2025-08-01T15:14:48.168 0100|00|00|05|fa0001|3464016f9a[payload->]o.||39,535
2025-08-01T15:14:48.269 0100|01|00|09|f501fe|346401e22501009377[payload->].%...w||30,611
2025-08-01T15:24:57.224 0100|00|00|05|fa0001|3464016f9a[payload->]o.||39,535
2025-08-01T15:24:57.326 0100|01|00|09|f501fe|346401e22501009377[payload->].%...w||30,611
2025-08-01T15:45:14.527 0100|00|00|05|fa0001|3464016f9a[payload->]o.||39,535
2025-08-01T15:45:14.528 0100|01|00|09|f501fe|346401e22501009377[payload->].%...w||30,611
2025-08-01T16:05:32.068 0100|00|00|05|fa0001|3464016f9a[payload->]o.||39,535
2025-08-01T16:05:32.069 0100|01|00|09|f501fe|346401e22501009377[payload->].%...w||30,611
2025-08-01T16:25:49.911 0100|00|00|05|fa0001|3464016f9a[payload->]o.||39,535
2025-08-01T16:25:50.012 0100|01|00|09|f501fe|346401e22501009367[payload->].%...g||26,515
2025-08-01T16:35:57.950 0100|00|00|05|fa0001|3464016f9a[payload->]o.||39,535
2025-08-01T16:35:57.950 0100|01|00|09|f501fe|346401e22501009377[payload->].%...w||30,611
2025-08-01T16:56:15.708 0100|00|00|05|fa0001|3464016f9a[payload->]o.||39,535
2025-08-01T16:56:15.809 0100|01|00|09|f501fe|346401e2250100937b[payload->].%...{||31,635
2025-08-01T17:06:24.419 0100|00|00|05|fa0001|3464016f9a[payload->]o.||39,535
2025-08-01T17:06:24.520 0100|01|00|09|f501fe|346401e22501009377[payload->].%...w||30,611
2025-08-01T17:16:33.414 0100|00|00|05|fa0001|3464016f9a[payload->]o.||39,535
2025-08-01T17:16:33.515 0100|01|00|09|f501fe|346401e2250100f801[payload->].%....||0,504
2025-08-01T17:26:41.960 0100|00|00|05|fa0001|3464016f9a[payload->]o.||39,535
2025-08-01T17:46:59.558 0100|01|00|09|f501fe|346401e22501009377[payload->].%...w||30,611
2025-08-01T18:27:34.354 0100|00|00|05|fa0001|3464016f9a[payload->]o.||39,535
2025-08-01T18:27:34.455 0100|01|00|09|f501fe|346401e22501009377[payload->].%...w||30,611
2025-08-01T18:37:42.483 0100|00|00|05|fa0001|3464016f9a[payload->]o.||39,535
2025-08-01T18:37:42.584 0100|01|00|09|f501fe|346401e22501009377[payload->].%...w||30,611
2025-08-01T18:57:59.342 0100|00|00|05|fa0001|3464016f9a[payload->]o.||39,535
2025-08-01T18:57:59.443 0100|01|00|09|f501fe|346401e22501009377[payload->].%...w||30,611
2025-08-01T19:08:08.591 0100|00|00|05|fa0001|3464016f9a[payload->]o.||39,535
2025-08-01T19:08:08.591 0100|01|00|09|f501fe|346401010006f801fe[payload->]......||65,025
2025-08-01T19:28:25.540 0100|01|00|09|f501fe|346401e22501009377[payload->].%...w||30,611
2025-08-01T19:48:42.701 0100|00|00|05|fa0001|3464016f9a[payload->]o.||39,535
2025-08-01T19:48:42.701 0100|01|00|09|f501fe|346401e22501009377[payload->].%...w||30,611
2025-08-01T19:58:50.502 0100|00|00|05|fa0001|3464016f9a[payload->]o.||39,535
2025-08-01T19:58:50.603 0100|01|00|09|f501fe|346401e22501009377[payload->].%...w||30,611
2025-08-01T20:19:07.781 0100|00|00|05|fa0001|3464016f9a[payload->]o.||39,535
2025-08-01T20:19:07.882 0100|01|00|09|f501fe|346401e22501009377[payload->].%...w||30,611
2025-08-01T20:49:34.239 0100|00|00|05|fa0001|3464016f9a[payload->]o.||39,535
2025-08-01T20:49:34.340 0100|01|00|09|f501fe|346401e22501009377[payload->].%...w||30,611
2025-08-01T20:59:43.138 0100|00|00|05|fa0001|3464016f9a[payload->]o.||39,535
2025-08-01T20:59:43.139 0100|01|00|09|f501fe|346401e22501009377[payload->].%...w||30,611
2025-08-01T21:40:18.838 0100|00|00|05|fa0001|3464016f9a[payload->]o.||39,535
2025-08-01T21:40:18.838 0100|01|00|09|f501fe|346401e22501009377[payload->].%...w||30,611
2025-08-01T21:50:27.741 0100|00|00|05|fa0001|3464016f9a[payload->]o.||39,535
2025-08-01T21:50:27.741 0100|01|00|09|f501fe|346401e22501009377[payload->].%...w||30,611
2025-08-01T22:20:54.217 0100|00|00|05|fa0001|3464016f9a[payload->]o.||39,535
2025-08-01T22:20:54.319 0100|01|00|09|f501fe|346401e22501009377[payload->].%...w||30,611
2025-08-01T22:31:03.451 0100|00|00|05|fa0001|3464016f9a[payload->]o.||39,535
2025-08-01T22:31:03.552 0100|01|00|09|f501fe|346401e22501009377[payload->].%...w||30,611
2025-08-01T22:51:21.631 0100|00|00|05|fa0001|3464016f9a[payload->]o.||39,535
2025-08-01T22:51:21.631 0100|01|00|09|f501fe|346401e22501009377[payload->].%...w||30,611
2025-08-01T23:01:30.295 0100|00|00|05|fa0001|3464016f9a[payload->]o.||39,535
2025-08-01T23:01:30.396 0100|01|00|09|f501fe|346401e22501009377[payload->].%...w||30,611
2025-08-01T23:11:38.860 0100|00|00|05|fa0001|3464016f9a[payload->]o.||39,535
2025-08-01T23:11:38.860 0100|01|00|09|f501fe|346401e22501009377[payload->].%...w||30,611
2025-08-01T23:21:47.756 0100|00|00|05|fa0001|3464016f9a[payload->]o.||39,535
2025-08-01T23:21:47.857 0100|01|00|09|f501fe|346401e22501009377[payload->].%...w||30,611
2025-08-01T23:31:56.595 0100|00|00|05|fa0001|3464016f9a[payload->]o.||39,535
2025-08-01T23:31:56.696 0100|01|00|09|f501fe|346401e22501009377[payload->].%...w||30,611
2025-08-01T23:52:13.323 0100|00|00|05|fa0001|3464016f9a[payload->]o.||39,535
2025-08-01T23:52:13.323 0100|01|00|09|f501fe|346401e22501009377[payload->].%...w||30,611
2025-08-02T00:02:21.288 0100|00|00|05|fa0001|3464016f9a[payload->]o.||39,535
2025-08-02T00:02:21.389 0100|01|00|09|f501fe|346401e22501009377[payload->].%...w||30,611
2025-08-02T00:22:39.523 0100|00|00|05|fa0001|3464016f9a[payload->]o.||39,535
2025-08-02T00:22:39.624 0100|01|00|09|f501fe|346401e22501009377[payload->].%...w||30,611
2025-08-02T00:42:56.530 0100|00|00|05|fa0001|3464016f9a[payload->]o.||39,535
2025-08-02T00:42:56.632 0100|01|00|09|f501fe|346401e22501009377[payload->].%...w||30,611
2025-08-02T00:53:04.556 0100|00|00|05|fa0001|3464016f9a[payload->]o.||39,535
2025-08-02T00:53:04.657 0100|01|00|09|f501fe|346401e22501009377[payload->].%...w||30,611
2025-08-02T01:03:13.006 0100|00|00|05|fa0001|3464016f9a[payload->]o.||39,535
2025-08-02T01:03:13.107 0100|01|00|09|f501fe|346401e22501009377[payload->].%...w||30,611
2025-08-02T01:23:31.607 0100|00|00|05|fa0001|3464016f9a[payload->]o.||39,535
2025-08-02T01:43:49.658 0100|00|00|05|fa0001|3464016f9a[payload->]o.||39,535
2025-08-02T01:43:49.759 0100|01|00|09|f501fe|346401e22501009377[payload->].%...w||30,611
2025-08-02T01:53:58.582 0100|00|00|05|fa0001|3464016f9a[payload->]o.||39,535
2025-08-02T01:53:58.583 0100|01|00|09|f501fe|346401e22501009377[payload->].%...w||30,611
2025-08-02T02:04:07.610 0100|00|00|05|fa0001|3464016f9a[payload->]o.||39,535
2025-08-02T02:04:07.711 0100|01|00|09|f501fe|346401e22501009377[payload->].%...w||30,611
2025-08-02T02:34:34.699 0100|00|00|05|fa0001|3464016f9a[payload->]o.||39,535
2025-08-02T02:34:34.800 0100|01|00|09|f501fe|346401e22501009377[payload->].%...w||30,611
2025-08-02T02:44:43.330 0100|00|00|05|fa0001|3464016f9a[payload->]o.||39,535
2025-08-02T02:44:43.330 0100|01|00|09|f501fe|346401e22501009377[payload->].%...w||30,611
2025-08-02T03:25:18.367 0100|00|00|05|fa0001|3464016f9a[payload->]o.||39,535
2025-08-02T03:25:18.367 0100|01|00|09|f501fe|346401e22501009377[payload->].%...w||30,611
2025-08-02T03:45:34.728 0100|00|00|05|fa0001|3464016f9a[payload->]o.||39,535
2025-08-02T03:45:34.829 0100|01|00|09|f501fe|346401e22501009377[payload->].%...w||30,611
2025-08-02T03:55:43.068 0100|01|00|09|f501fe|346401e22501009377[payload->].%...w||30,611
2025-08-02T04:05:51.755 0100|00|00|05|fa0001|3464016f9a[payload->]o.||39,535
2025-08-02T04:05:51.855 0100|01|00|09|f501fe|346401e22501009377[payload->].%...w||30,611
2025-08-02T04:16:00.440 0100|00|00|05|fa0001|3464016f9a[payload->]o.||39,535
2025-08-02T04:16:00.440 0100|01|00|09|f501fe|346401e22501009377[payload->].%...w||30,611
2025-08-02T04:26:10.012 0100|00|00|05|fa0001|3464016f9a[payload->]o.||39,535
2025-08-02T04:26:10.113 0100|01|00|09|f501fe|346401e22501009377[payload->].%...w||30,611
2025-08-02T04:56:35.781 0100|00|00|05|fa0001|3464016f9a[payload->]o.||39,535
2025-08-02T04:56:35.781 0100|01|00|09|f501fe|346401e22501009300[payload->].%....||0,147
2025-08-02T05:06:44.366 0100|00|00|05|fa0001|3464016f9a[payload->]o.||39,535
2025-08-02T05:06:44.467 0100|01|00|09|f501fe|346401e22501009377[payload->].%...w||30,611
2025-08-02T05:27:01.772 0100|00|00|05|fa0001|3464016f9a[payload->]o.||39,535
2025-08-02T05:27:01.873 0100|01|00|09|f501fe|346401e22501009377[payload->].%...w||30,611
2025-08-02T05:47:19.530 0100|00|00|05|fa0001|3464016f9a[payload->]o.||39,535
2025-08-02T05:47:19.530 0100|01|00|09|f501fe|346401e22501009377[payload->].%...w||30,611
2025-08-02T06:17:45.429 0100|00|00|05|fa0001|3464016f9a[payload->]o.||39,535
2025-08-02T06:17:45.429 0100|01|00|09|f501fe|346401e22501009377[payload->].%...w||30,611
2025-08-02T06:27:54.365 0100|00|00|05|fa0001|3464016f9a[payload->]o.||39,535
2025-08-02T06:27:54.466 0100|01|00|09|f501fe|346401e22501009377[payload->].%...w||30,611
2025-08-02T06:58:21.774 0100|00|00|05|fa0001|3464016f9a[payload->]o.||39,535
2025-08-02T06:58:22.076 0100|01|40|4b|f701fe|346401e225010093770100000005fa0001541400717e0100010006f801fe541c00013517503b0409ca240100000005fa0001541d01e1b90100010006f801fe541d0101a7c60100000005fa[payload->].%...w........T..q~........T...5.P;...$........T............T...........||64,005
2025-08-02T07:18:39.284 0100|00|00|05|fa0001|3464016f9a[payload->]o.||39,535
2025-08-02T07:18:39.385 0100|01|00|09|f501fe|346401e22501009377[payload->].%...w||30,611
2025-08-02T07:28:48.487 0100|00|00|05|fa0001|3464016f9a[payload->]o.||39,535
2025-08-02T07:28:48.588 0100|01|00|09|f501fe|346401e22501009377[payload->].%...w||30,611
2025-08-02T07:49:05.078 0100|00|00|05|fa0001|3464016f9a[payload->]o.||39,535
2025-08-02T07:49:05.179 0100|01|00|09|f501fe|346401e22501009377[payload->].%...w||30,611
2025-08-02T07:59:14.443 0100|00|00|05|fa0001|3464016f9a[payload->]o.||39,535
2025-08-02T07:59:14.544 0100|01|00|09|f501fe|346401e22501009377[payload->].%...w||30,611
2025-08-02T08:09:23.678 0100|00|00|05|fa0001|3464016f9a[payload->]o.||39,535
2025-08-02T08:09:23.779 0100|01|00|09|f501fe|346401e22501009377[payload->].%...w||30,611
2025-08-02T08:19:32.845 0100|00|00|05|fa0001|3464016f9a[payload->]o.||39,535
2025-08-02T08:19:32.946 0100|01|00|09|f501fe|346401e22501009377[payload->].%...w||30,611
2025-08-02T08:39:49.510 0100|00|00|05|fa0001|3464016f9a[payload->]o.||39,535
2025-08-02T08:39:49.611 0100|01|00|09|f501fe|346401e22501009377[payload->].%...w||30,611
2025-08-02T08:49:58.517 0100|00|00|05|fa0001|3464016f9a[payload->]o.||39,535
2025-08-02T08:49:58.618 0100|01|00|09|f501fe|346401e22501009377[payload->].%...w||30,611
2025-08-02T09:10:15.603 0100|00|00|05|fa0001|3464016f9a[payload->]o.||39,535
2025-08-02T09:10:15.704 0100|01|00|09|f501fe|346401e22501009377[payload->].%...w||30,611
2025-08-02T09:20:24.002 0100|00|00|05|fa0001|3464016f9a[payload->]o.||39,535
2025-08-02T09:20:24.104 0100|01|00|09|f501fe|346401e22501009377[payload->].%...w||30,611
2025-08-02T09:30:33.578 0100|00|00|05|fa0001|3464016f9a[payload->]o.||39,535
2025-08-02T09:50:50.418 0100|00|00|05|fa0001|3464016f9a[payload->]o.||39,535
2025-08-02T09:50:50.720 0100|01|00|09|f501fe|346401e22501009377[payload->].%...w||30,611
2025-08-02T10:51:44.198 0100|00|00|05|fa0001|3464016f9a[payload->]o.||39,535
2025-08-02T10:51:44.299 0100|01|00|09|f501fe|346401e22501009377[payload->].%...w||30,611
2025-08-02T11:01:52.735 0100|00|00|05|fa0001|3464016f9a[payload->]o.||39,535
2025-08-02T11:01:52.836 0100|01|00|09|f501fe|346401e22501009377[payload->].%...w||30,611
2025-08-02T11:12:01.565 0100|00|00|05|fa0001|3464016f9a[payload->]o.||39,535
2025-08-02T11:12:01.666 0100|01|00|09|f501fe|346401e22501009377[payload->].%...w||30,611
2025-08-02T11:22:09.608 0100|00|00|05|fa0001|3464016f9a[payload->]o.||39,535
2025-08-02T11:22:09.710 0100|01|00|09|f501fe|346401e22501009377[payload->].%...w||30,611
2025-08-02T11:32:18.728 0100|00|00|05|fa0001|3464016f9a[payload->]o.||39,535
2025-08-02T11:32:18.829 0100|01|00|09|f501fe|346401e22501009377[payload->].%...w||30,611
2025-08-02T11:52:36.110 0100|00|00|05|fa0001|3464016f9a[payload->]o.||39,535
2025-08-02T11:52:36.212 0100|01|00|09|f501fe|346401e22501009377[payload->].%...w||30,611
2025-08-02T12:02:45.545 0100|00|00|05|fa0001|3464016f9a[payload->]o.||39,535
2025-08-02T12:23:02.671 0100|00|00|05|fa0001|3464016f9a[payload->]o.||39,535
2025-08-02T12:23:02.772 0100|01|00|09|f501fe|346401e22501009377[payload->].%...w||30,611
2025-08-02T12:33:10.921 0100|00|00|05|fa0001|3464016f9a[payload->]o.||39,535
2025-08-02T12:33:11.022 0100|01|00|09|f501fe|346401e22501009377[payload->].%...w||30,611
2025-08-02T12:43:19.637 0100|00|00|05|fa0001|3464016f9a[payload->]o.||39,535
2025-08-02T12:43:19.739 0100|01|00|09|f501fe|346401e22501009377[payload->].%...w||30,611
2025-08-02T12:53:28.901 0100|00|00|05|fa0001|3464016f9a[payload->]o.||39,535
2025-08-02T12:53:28.901 0100|01|00|09|f501fe|346401e22501009377[payload->].%...w||30,611
2025-08-02T13:13:45.508 0100|00|00|05|fa0001|3464016f9a[payload->]o.||39,535
2025-08-02T13:13:45.609 0100|01|00|09|f501fe|346401e22501009377[payload->].%...w||30,611
2025-08-02T13:23:54.558 0100|00|00|05|fa0001|3464016f9a[payload->]o.||39,535
2025-08-02T13:23:54.559 0100|01|00|09|f501fe|346401e22501009377[payload->].%...w||30,611
2025-08-02T13:34:02.940 0100|01|00|09|f501fe|346401e22501009377[payload->].%...w||30,611
2025-08-02T13:44:11.443 0100|00|00|05|fa0001|3464016f9a[payload->]o.||39,535
2025-08-02T13:44:11.545 0100|01|00|09|f501fe|346401e22501009377[payload->].%...w||30,611
2025-08-02T14:04:29.399 0100|00|00|05|fa0001|3464016f9a[payload->]o.||39,535
2025-08-02T14:04:29.399 0100|01|00|09|f501fe|346401e22501009377[payload->].%...w||30,611
2025-08-02T14:24:46.834 0100|00|00|05|fa0001|3464016f9a[payload->]o.||39,535
2025-08-02T15:05:23.094 0100|00|00|05|fa0001|3464016f9a[payload->]o.||39,535
2025-08-02T15:05:23.094 0100|01|00|09|f501fe|346401e22501009377[payload->].%...w||30,611
2025-08-02T15:15:31.639 0100|00|00|05|fa0001|3464016f9a[payload->]o.||39,535
2025-08-02T15:15:31.740 0100|01|00|09|f501fe|346401e22501009377[payload->].%...w||30,611
2025-08-02T15:45:58.487 0100|00|00|05|fa0001|3464016f9a[payload->]o.||39,535
2025-08-02T15:45:58.588 0100|01|00|09|fd01fe|346401e22501009377[payload->].%...w||30,611
2025-08-02T16:16:23.822 0100|00|00|05|fa0001|3464016f9a[payload->]o.||39,535
2025-08-02T16:16:23.923 0100|01|00|09|f501fe|346401e22501009377[payload->].%...w||30,611
2025-08-02T16:36:42.102 0100|01|00|09|f501fe|346401e22501009377[payload->].%...w||30,611
2025-08-02T16:56:59.576 0100|00|00|05|fa0001|3464016f9a[payload->]o.||39,535
2025-08-02T16:56:59.677 0100|01|00|09|f501fe|346401e22501009377[payload->].%...w||30,611
2025-08-02T17:07:08.422 0100|00|00|05|fa0001|3464016f9a[payload->]o.||39,535
2025-08-02T17:07:08.524 0100|01|00|09|f501fe|346401e22501009377[payload->].%...w||30,611
2025-08-02T17:27:25.651 0100|00|00|05|fa0001|3464016f9a[payload->]o.||39,535
2025-08-02T17:27:25.752 0100|01|00|09|f501fe|346401e22501009377[payload->].%...w||30,611
2025-08-02T17:37:34.253 0100|00|00|05|fa0001|3464016f9a[payload->]o.||39,535
2025-08-02T17:37:34.354 0100|01|00|09|f501fe|346401e22501009377[payload->].%...w||30,611
2025-08-02T17:47:43.444 0100|00|00|05|fa0001|3464016f9a[payload->]o.||39,535
2025-08-02T17:47:43.545 0100|01|00|09|f501fe|346401e22501009377[payload->].%...w||30,611
2025-08-02T17:57:52.254 0100|00|00|05|fa0001|3464016f9a[payload->]o.||39,535
2025-08-02T17:57:52.355 0100|01|00|09|f501fe|346401e22501009377[payload->].%...w||30,611
2025-08-02T18:08:01.568 0100|00|00|05|fa0001|3464016f9a[payload->]o.||39,535
2025-08-02T18:08:01.670 0100|01|00|09|f501fe|346401e22501009377[payload->].%...w||30,611
2025-08-02T18:28:19.861 0100|00|00|05|fa0001|3464016f9a[payload->]o.||39,535
2025-08-02T18:38:28.475 0100|00|00|05|fa0001|3464016f9a[payload->]o.||39,535
2025-08-02T18:38:28.677 0100|01|00|09|f501fe|346401e22501009377[payload->].%...w||30,611
2025-08-02T19:08:54.885 0100|00|00|05|fa0001|3464016f9a[payload->]o.||39,535
2025-08-02T19:08:54.986 0100|01|00|09|f501fe|346401e22501009377[payload->].%...w||30,611
2025-08-02T19:19:03.490 0100|00|00|05|fa0001|3464016f9a[payload->]o.||39,535
2025-08-02T19:19:03.591 0100|01|00|09|f501fe|346401e22501009377[payload->].%...w||30,611
2025-08-02T19:29:12.874 0100|00|00|05|fa0001|3464016f9a[payload->]o.||39,535
2025-08-02T19:29:12.874 0100|01|00|09|f501fe|346401e22501009377[payload->].%...w||30,611
2025-08-02T20:09:49.020 0100|00|00|05|fa0001|3464016f9a[payload->]o.||39,535
2025-08-02T20:09:49.121 0100|01|00|09|f501fe|346401e22501009377[payload->].%...w||30,611
2025-08-02T20:40:14.308 0100|00|00|05|fa0001|3464016f9a[payload->]o.||39,535
2025-08-02T20:40:14.308 0100|01|00|09|f501fe|346401e22501009377[payload->].%...w||30,611
2025-08-02T21:00:31.889 0100|01|00|09|f501fe|346401e22501009377[payload->].%...w||30,611
2025-08-02T21:30:57.886 0100|00|00|05|fa0001|3464016f9a[payload->]o.||39,535
2025-08-02T21:30:57.887 0100|01|00|09|f501fe|346401e22501009377[payload->].%...w||30,611
2025-08-02T22:01:24.862 0100|00|00|05|fa0001|3464016f9a[payload->]o.||39,535
2025-08-02T22:01:24.963 0100|01|00|09|f501fe|346401e22501009377[payload->].%...w||30,611
2025-08-02T22:11:33.584 0100|00|00|05|fa0001|3464016f9a[payload->]o.||39,535
2025-08-02T22:11:33.685 0100|01|00|09|f501fe|346401e22501009377[payload->].%...w||30,611
2025-08-02T22:21:42.748 0100|00|00|05|fa0001|3464016f9a[payload->]o.||39,535
2025-08-02T22:21:42.849 0100|01|00|09|f501fe|346401e22501009377[payload->].%...w||30,611
2025-08-02T22:52:09.399 0100|00|00|05|fa0001|3464016f9a[payload->]o.||39,535
2025-08-02T22:52:09.399 0100|01|00|09|f501fe|346401e22501009377[payload->].%...w||30,611
2025-08-02T23:02:18.163 0100|00|00|05|fa0001|3464016f9a[payload->]o.||39,535
2025-08-02T23:02:18.264 0100|01|00|09|f501fe|346401e22501009377[payload->].%...w||30,611
2025-08-02T23:22:34.350 0100|00|00|05|fa0001|3464016f9a[payload->]o.||39,535
2025-08-02T23:22:34.451 0100|01|00|09|f501fe|346401e22501009377[payload->].%...w||30,611
2025-08-02T23:53:01.371 0100|01|00|09|f501fe|346401e22501009377[payload->].%...w||30,611
2025-08-03T00:03:09.873 0100|00|00|05|fa0001|3464016f9a[payload->]o.||39,535
2025-08-03T00:03:09.873 0100|01|00|09|f501fe|346401e22501009377[payload->].%...w||30,611
2025-08-03T00:13:19.254 0100|00|00|05|fa0001|3464016f9a[payload->]o.||39,535
2025-08-03T00:13:19.355 0100|01|00|09|f501fe|346401e22501009377[payload->].%...w||30,611
2025-08-03T00:23:28.180 0100|00|00|05|fa0001|3464016f9a[payload->]o.||39,535
2025-08-03T00:23:28.180 0100|01|00|09|f501fe|346401e22501009377[payload->].%...w||30,611
2025-08-03T01:34:30.074 0100|00|00|05|fa0001|3464016f9a[payload->]o.||39,535
2025-08-03T01:34:30.276 0100|01|00|09|f501fe|346401e22501009377[payload->].%...w||30,611
2025-08-03T01:54:47.047 0100|00|00|05|fa0001|3464016f9a[payload->]o.||39,535
2025-08-03T01:54:47.148 0100|01|00|09|f501fe|346401e22501009377[payload->].%...w||30,611
2025-08-03T02:15:03.243 0100|00|00|05|fa0001|3464016f9a[payload->]o.||39,535
2025-08-03T02:15:03.344 0100|01|00|09|f501fe|346401e22501009377[payload->].%...w||30,611
2025-08-03T02:35:21.301 0100|00|00|05|fa0001|3464016f9a[payload->]o.||39,535
2025-08-03T02:35:21.301 0100|01|08|09|f501fe|346401e22501009377[payload->].%...w||30,611
2025-08-03T02:45:29.910 0100|00|00|05|fa0001|3464016f9a[payload->]o.||39,535
2025-08-03T02:45:30.011 0100|01|00|09|f501fe|346401e22501009377[payload->].%...w||30,611
2025-08-03T03:05:47.107 0100|00|00|05|fa0001|3464016f9a[payload->]o.||39,535
2025-08-03T03:05:47.107 0100|01|00|09|f501fe|346401e22501009377[payload->].%...w||30,611
2025-08-03T03:26:04.992 0100|00|00|05|fa0001|3464016f9a[payload->]o.||39,535
2025-08-03T03:26:05.094 0100|01|00|09|f501fe|346401e22501009377[payload->].%...w||30,611
2025-08-03T03:46:24.471 0100|00|00|05|fa0001|3464016f9a[payload->]o.||39,535
2025-08-03T03:46:24.572 0100|01|00|09|f501fe|346401e22501009377[payload->].%...w||30,611
2025-08-03T03:56:32.890 0100|00|00|05|fa0001|3464016f9a[payload->]o.||39,535
2025-08-03T03:56:32.991 0100|01|00|09|f501fe|346401e22501009377[payload->].%...w||30,611
2025-08-03T04:16:51.718 0100|00|00|05|fa0001|3464016f9a[payload->]o.||39,535
2025-08-03T04:16:51.819 0100|01|00|09|f501fe|346401e22501009377[payload->].%...w||30,611
2025-08-03T04:26:59.220 0100|00|00|05|fa0001|3464016f9a[payload->]o.||39,535
2025-08-03T04:26:59.321 0100|01|00|09|f501fe|346401e22501009377[payload->].%...w||30,611
2025-08-03T04:47:17.094 0100|00|00|05|fa0001|3464016f9a[payload->]o.||39,535
2025-08-03T04:47:17.195 0100|01|00|09|f501fe|346401e22501009377[payload->].%...w||30,611
2025-08-03T05:27:53.132 0100|00|00|05|fa0001|3464016f9a[payload->]o.||39,535
2025-08-03T05:27:53.233 0100|01|00|09|f501fe|346401e22501009377[payload->].%...w||30,611
2025-08-03T05:58:19.872 0100|00|00|05|fa0001|3464016f9a[payload->]o.||39,535
2025-08-03T05:58:19.973 0100|01|00|09|f501fe|346401e22501009377[payload->].%...w||30,611
2025-08-03T06:18:36.831 0100|00|00|05|fa0001|3464016f9a[payload->]o.||39,535
2025-08-03T06:18:37.033 0100|01|00|09|f501fe|346401e22501009377[payload->].%...w||30,611
2025-08-03T07:19:31.280 0100|00|00|05|fa0001|3464016f9a[payload->]o.||39,535
2025-08-03T07:19:31.382 0100|01|00|09|f501fe|346401e22501009377[payload->].%...w||30,611
2025-08-03T07:29:39.407 0100|00|00|04|fa0001|3464016f[payload->]o||28,417
2025-08-03T07:29:39.609 0100|01|00|09|f501fe|346401e22501009377[payload->].%...w||30,611
2025-08-03T07:39:47.816 0100|00|00|05|fa0001|3464016f9a[payload->]o.||39,535
2025-08-03T07:39:48.018 0100|01|00|09|f501fe|346401e22501009377[payload->].%...w||30,611
2025-08-03T08:40:40.052 0100|00|00|05|fa0001|3464016f9a[payload->]o.||39,535
2025-08-03T08:40:40.153 0100|01|00|09|f501fe|346401e22501009377[payload->].%...w||30,611
2025-08-03T09:11:05.587 0100|00|00|05|fa0001|3464016f9a[payload->]o.||39,535
2025-08-03T09:11:05.588 0100|01|00|09|f501fe|346401e22501009377[payload->].%...w||30,611
2025-08-03T09:21:14.475 0100|00|00|05|fa0001|3464016f9a[payload->]o.||39,535
2025-08-03T09:21:14.577 0100|01|00|09|f501fe|346401e22501009377[payload->].%...w||30,611
2025-08-03T09:31:22.822 0100|00|00|05|fa0001|3464016f9a[payload->]o.||39,535
2025-08-03T09:31:22.822 0100|01|00|09|f501fe|346401e22501009377[payload->].%...w||30,611
2025-08-03T10:52:33.486 0100|00|00|05|fa0001|3464016f9a[payload->]o.||39,535
2025-08-03T10:52:33.587 0100|01|00|09|f501fe|346401e22501009377[payload->].%...w||30,611
2025-08-03T11:02:42.625 0100|00|00|05|fa0001|3464016f9a[payload->]o.||39,535
2025-08-03T11:02:42.727 0100|01|00|09|f501fe|346401e22501009377[payload->].%...w||30,611
2025-08-03T11:23:00.697 0100|00|00|05|fa0001|3464016f9a[payload->]o.||39,535
2025-08-03T11:23:00.799 0100|01|00|09|f501fe|346401e22501009377[payload->].%...w||30,611
2025-08-03T11:33:09.674 0100|00|00|05|fa0001|3464016f9a[payload->]o.||39,535
2025-08-03T12:03:36.658 0100|00|00|05|fa0001|3464016f9a[payload->]o.||39,535
2025-08-03T12:03:36.759 0100|01|00|09|f501fe|346401e22501009377[payload->].%...w||30,611
2025-08-03T12:13:45.899 0100|00|00|05|fa0001|3464016f9a[payload->]o.||39,535
2025-08-03T12:13:46.000 0100|01|00|09|f501fe|346401e22501009377[payload->].%...w||30,611
2025-08-03T12:23:54.075 0100|00|00|05|fa0001|3464016f9a[payload->]o.||39,535
2025-08-03T12:34:03.466 0100|00|00|05|fa0001|3464016f9a[payload->]o.||39,535
2025-08-03T12:34:03.566 0100|01|00|09|f501fe|346401e22501009377[payload->].%...w||30,611
2025-08-03T12:44:12.492 0100|00|00|05|fa0001|3464016f9a[payload->]o.||39,535
2025-08-03T13:04:30.362 0100|00|00|05|fa0001|3464016f9a[payload->]o.||39,535
2025-08-03T13:14:39.822 0100|00|00|05|fa0001|3464016f9a[payload->]o.||39,535
2025-08-03T13:14:39.923 0100|01|00|09|f501fe|346401e22501009377[payload->].%...w||30,611
2025-08-03T13:24:48.821 0100|00|00|05|fa0001|3464016f9a[payload->]o.||39,535
2025-08-03T13:24:48.821 0100|01|00|09|f501fe|346401e02501009377[payload->].%...w||30,611
2025-08-03T13:34:58.265 0100|00|00|05|fa0001|3464016f9a[payload->]o.||39,535
2025-08-03T13:34:58.266 0100|01|00|09|f501fe|346401e22501009377[payload->].%...w||30,611
2025-08-03T13:55:15.716 0100|00|00|05|fa0001|3464016f9a[payload->]o.||39,535
2025-08-03T13:55:15.918 0100|01|00|09|f501fe|346401e22501009377[payload->].%...w||30,611
2025-08-03T14:05:24.402 0100|00|00|05|fa0001|3464016f9a[payload->]o.||39,535
2025-08-03T14:05:24.504 0100|01|00|09|f501fe|346401e22501009377[payload->].%...w||30,611
2025-08-03T14:25:42.459 0100|00|00|05|fa0001|3464016f9a[payload->]o.||39,535
2025-08-03T14:25:42.459 0100|01|00|09|f501fe|346401e22501009377[payload->].%...w||30,611
2025-08-03T14:56:08.401 0100|00|00|05|fa0001|3464016f9a[payload->]o.||39,535
2025-08-03T14:56:08.503 0100|01|00|09|f501fe|346401e22501009377[payload->].%...w||30,611
2025-08-03T15:06:17.786 0100|00|00|05|fa0001|3464016f9a[payload->]o.||39,535
2025-08-03T15:06:17.786 0100|01|00|09|f501fe|346401e22501009377[payload->].%...w||30,611
2025-08-03T15:16:25.782 0100|00|00|05|fa0001|3464016f9a[payload->]o.||39,535
2025-08-03T15:16:25.883 0100|01|00|09|f501fe|346401e22501009377[payload->].%...w||30,611
2025-08-03T15:26:33.816 0100|00|00|05|fa0001|3464016f9a[payload->]o.||39,535
2025-08-03T15:26:33.917 0100|01|00|09|f501fe|346401e22501009377[payload->].%...w||30,611
2025-08-03T15:46:52.874 0100|00|00|05|fa0001|3464016f9a[payload->]o.||39,535
2025-08-03T15:46:52.875 0100|01|00|09|f501fe|346401e22501009377[payload->].%...w||30,611
2025-08-03T15:57:01.623 0100|00|00|05|fa0001|3464016f9a[payload->]o.||39,535
2025-08-03T15:57:01.724 0100|01|00|09|f501fe|346401e22501009377[payload->].%...w||30,611
2025-08-03T16:07:09.433 0100|00|00|05|fa0001|3464016f9a[payload->]o.||39,535
2025-08-03T16:07:09.433 0100|01|00|09|f501fe|346401e22501009377[payload->].%...w||30,611
2025-08-03T16:17:18.378 0100|00|00|05|fa0001|3464016f9a[payload->]o.||39,535
2025-08-03T16:17:18.479 0100|01|00|09|f501fe|346401e22501009377[payload->].%...w||30,611
2025-08-03T16:27:27.039 0100|00|00|05|fa0001|3464016f9a[payload->]o.||39,535
2025-08-03T16:27:27.141 0100|01|00|09|f501fe|346401e22501009377[payload->].%...w||30,611
2025-08-03T16:57:52.999 0100|00|00|05|fa0001|3464016f9a[payload->]o.||39,535
2025-08-03T17:08:01.851 0100|00|00|05|fa0001|3464016f9a[payload->]o.||39,535
2025-08-03T17:08:01.952 0100|01|00|09|f501fe|346401e22501009377[payload->].%...w||30,611
2025-08-03T17:28:19.423 0100|00|00|05|fa0001|3464016f9a[payload->]o.||39,535
2025-08-03T17:28:19.423 0100|01|00|09|f501fe|346401e22501009377[payload->].%...w||30,611
2025-08-03T18:08:55.498 0100|00|00|05|fa0001|3464016f9a[payload->]o.||39,535
2025-08-03T18:08:55.599 0100|01|00|09|f501fe|346401e22501009377[payload->].%...w||30,611
