2025-07-31T04:55:26.563 0100|01|00|06|f801fe|5c1d0101a7c6[payload->]...||50,855
2025-07-31T04:57:36.558 0100|01|00|06|f801fe|5c1d0101a7c6[payload->]...||50,855
2025-07-31T05:06:16.581 0100|01|00|06|f801fe|5c1d0101a7c6[payload->]...||50,855
2025-07-31T05:16:16.523 0100|01|00|06|f801fe|5c1d0101a7c6[payload->]...||50,855
2025-07-31T05:17:56.524 0100|01|00|06|f801fe|5c1d0101a7c6[payload->]...||50,855
2025-07-31T05:24:56.524 0100|01|00|06|f801fe|5c1d0101a7ce[payload->]...||52,903
2025-07-31T05:26:26.579 0100|01|00|06|f801fe|5c1d0101a7c6[payload->]...||50,855
2025-07-31T05:30:36.603 0100|01|00|06|f801fe|5c1d0101a7c6[payload->]...||50,855
2025-07-31T05:34:16.508 0100|01|00|06|f801fe|5c1d0101a7c6[payload->]...||50,855
2025-07-31T05:36:46.600 0100|01|00|06|f801fe|5c1d0101a7c6[payload->]...||50,855
2025-07-31T05:37:26.571 0100|01|00|06|f801fe|5c1d0101a7c6[payload->]...||50,855
2025-07-31T05:41:36.583 0100|01|00|06|f801fe|5c1d0101a7c6[payload->]...||50,855
2025-07-31T05:44:27.661 0100|01|00|06|f801fe|5c1d0101a7c6[payload->]...||50,855
2025-07-31T05:51:26.556 0100|01|00|06|f801fe|5c1d0101a7c6[payload->]...||50,855
2025-07-31T05:58:46.553 0100|01|00|06|f801fe|5c1d0101a7c6[payload->]...||50,855
2025-07-31T06:06:36.528 0100|01|00|06|f801fe|5c1d0101a7c6[payload->]...||50,855
2025-07-31T06:10:36.526 0100|01|00|06|f801fe|5c1d0101a7c6[payload->]...||50,855
2025-07-31T06:12:56.639 0100|01|00|06|f801fe|5c1d0101a7c6[payload->]...||50,855
2025-07-31T21:15:03.038 0100|01|00|06|b801fe|5c1d0101a7c6[payload->]...||50,855
2025-08-01T01:27:34.132 0100|01|00|06|f801fe|5c1d0101a7c6[payload->]...||50,855
2025-08-01T01:35:14.133 0100|01|00|06|f801fe|5c1d0101a7c6[payload->]...||50,855
2025-08-02T02:31:11.146 0100|01|00|06|f801fe|5c1d0101a7c6[payload->]...||50,855
2025-08-02T03:49:11.639 0100|01|00|06|f801fe|5c1d0101a7c6[payload->]...||50,855
2025-08-02T07:19:11.189 0100|01|00|06|f801fe|5c1d0101a7c6[payload->]...||50,855
2025-08-02T11:09:21.062 0100|01|00|06|f801fe|5c1d0101a7c6[payload->]...||50,855
2025-08-03T00:06:06.494 0100|01|00|06|f801fe|5c1d0101a7c6[payload->]...||50,855
2025-08-03T00:42:06.286 0100|01|00|06|f801fe|5c1d0101a7c6[payload->]...||50,855
2025-08-03T01:17:06.802 0100|01|00|06|f801fe|5c1d0101a7c6[payload->]...||50,855
2025-08-03T17:23:29.535 0100|01|00|06|f801fe|5c1d0101a7ce[payload->]...||52,903
