2025-07-31T02:30:17.862 0100|01|00|06|f801fe|561001026517[payload->].e.||5,989
2025-07-31T02:59:26.575 0100|01|00|06|f801fe|561001026517[payload->].e.||5,989
2025-07-31T03:20:26.543 0100|01|00|06|f801fe|561001026517[payload->].e.||5,989
2025-07-31T04:15:26.570 0100|01|00|06|f801fe|561001026517[payload->].e.||5,989
2025-07-31T04:16:46.715 0100|01|00|06|f801fe|561001026517[payload->].e.||5,989
2025-07-31T12:53:24.488 0100|01|00|06|f841fe|561001026517[payload->].e.||5,989
2025-07-31T12:54:04.063 0100|01|00|06|f801fe|561001026517[payload->].e.||5,989
2025-08-01T22:40:35.005 0100|01|00|06|f80bfe|561001026517[payload->].e.||5,989
2025-08-02T22:31:09.144 0100|01|00|06|f801fe|561001026517[payload->].e.||5,989
2025-08-03T00:19:11.289 0100|01|00|06|f801fe|561001026517[payload->].e.||5,989
2025-08-03T01:26:15.553 0100|01|00|06|f803fe|561001026517[payload->].e.||5,989
2025-08-03T05:43:27.079 0100|01|00|0e|f80bfe|5610010265170100000005f20001[payload->].e.........||0,256
2025-08-03T06:54:16.954 0100|01|00|06|f80bfe|561001426517[payload->]Be.||5,989
2025-08-03T09:49:49.480 0100|01|00|06|f801fe|561001026517[payload->].e.||5,989
2025-08-03T09:53:59.384 0100|01|00|06|f801fe|561001026517[payload->].e.||5,989
2025-08-03T10:09:29.428 0100|01|00|06|f801fe|561001026517[payload->].e.||5,989
2025-08-03T10:55:00.271 0100|01|00|06|f801fe|561001026517[payload->].e.||5,989
2025-08-03T10:56:49.900 0100|01|00|46|fa43fe|5610010265170100000005fa00013660016f39010001000bf301fe366001000000000000fd2b0100000005fa000110030154f00100010087ff09fe100301ffff859c01000000[payload->].e.........6`.o9........6`........+...........T....................||0,000
2025-08-03T11:12:39.504 0100|01|00|06|fa03fe|561001026517[payload->].e.||5,989
2025-08-03T12:14:20.613 0100|01|00|06|f801fe|561001026517[payload->].e.||5,989
2025-08-03T12:28:20.574 0100|01|00|06|fa0bfe|561001426517[payload->]Be.||5,989
2025-08-03T13:31:10.589 0100|41|00|06|f801fe|561001026517[payload->].e.||5,989
