2025-07-31T06:09:00.642 0100|01|d2|03|2d0588|89ffff[payload->]||65,535
2025-07-31T14:25:48.390 0100|01|d0|03|2d0588|89ffff[payload->]||65,535
2025-07-31T23:56:53.210 0100|01|d0|11|2d0588|89ffff010000d0012e047875010001d001[payload->].......xu.....||0,464
2025-08-01T04:42:47.945 0100|01|d0|09|2d0588|89ffff0100000005fa[payload->]......||64,005
2025-08-01T07:39:41.175 0100|01|d0|41|2d0588|89ffffff010000d0012e047875010001d0012d058889ff0100000005fa00013458016f8b0100010006f801fe34580100b2080100000005fa000110030154f00100[payload->]........xu.....-............4X.o.........4X...............T...||0,001
2025-08-01T20:04:26.859 0100|03|d0|03|2d0588|89ffff[payload->]||65,535
2025-08-01T22:15:27.280 0100|01|d0|41|2d0588|89ffff0100000005fa00013423019fa9010001000bf301fe342301000000000000b8760100000005fa0001501a00d03b0100010007f701fe501a005e0bc1b3ffff[payload->]........4#...........4#........v........P...;........P..^.....||65,535
2025-08-02T01:11:56.887 0100|01|d0|03|2d0588|89ffff[payload->]||65,535
2025-08-02T09:05:48.758 0100|01|d0|41|2d0588|89ffff0100000005fa00013647019f220100010018e601fe3647010200102400008400000000000000000000000039ce010000d0012e047875010001d0012d0588[payload->]........6G.."........6G....$...............9........xu.....-..||34,821
2025-08-02T10:10:37.234 0100|01|d0|41|2d0588|89ffffffff0100000005fa00013423019fa9010001000bf301fe342301000000000000b8760100000005fa000150aa00104e0100010006f801fe50aa0000e1b7ff[payload->]..........4#...........4#........v........P...N........P......||65,463
2025-08-02T16:03:00.923 0100|01|d0|05|2d0588|89ffff0100[payload->]..||0,001
2025-08-02T17:29:47.681 0100|01|d0|03|2f0788|89ffff[payload->]||65,535
2025-08-02T20:25:18.039 0100|01|d0|41|2d0588|89ffffff0100000005fa000154040171b20100010007f701fe540401eb00be220100000005fa000150aa00104e010001000ef801fe50aa0000e1b70100000005fa[payload->].........T..q.........T....."........P...N........P...........||64,005
2025-08-02T20:29:09.242 0100|01|d0|41|2d0588|89ffff0100000005fa000154100171bd0100010006f801fe5410010265170100000005fa000110030154f00100010007f701fe100301ffff859c0100000005fa00[payload->]........T..q.........T...e............T.......................||0,250
2025-08-02T21:02:57.413 0100|01|d0|03|2d0588|89ffff[payload->]||65,535
2025-08-03T01:26:54.198 0100|01|d4|81|2d0588|89ffff0100000005fa000150aa00104e0100010006f801fe50aa0000e1b70100000005fa0001345501ff8f0100010006f801fe345501007199ffffff010000d0012e047875010001d0012d0588890100000005fa000154080171b70100010007f701fe54080100001e6f010000d0012e047875010001d0012d058889ff01000000[payload->]........P...N........P.............4U...........4U..q...........xu.....-...........T..q.........T.....o.......xu.....-........||0,000
2025-08-03T03:42:44.213 0100|01|d4|81|2d0588|89ffff0100000005fa000154080171b70100010007f701fe54080100001e6f0100000005fa000150aa00104e0100010006f801fe50aa0000e1b70100000005fa0001345501ff8f0100010006f801fe3455010071990100000007f80401543401a009fbde0100010005f905fe543401c657ff010000d0012e047875010001d0012d[payload->]........T..q.........T.....o........P...N........P.............4U...........4U..q.........T4.............T4..W........xu.....-||11,521
2025-08-03T05:39:12.970 0100|01|d0|09|2d0588|89ffffffff01000000[payload->]......||0,000
2025-08-03T06:07:03.302 0100|01|d0|41|2d0588|89ffff0100000005fa000154080171b70100010007f701fe54080100001e6f0100000005fa000150aa00104e0100010006f801fe50aa0000e1b70100000005fa00[payload->]........T..q.........T.....o........P...N........P............||0,250
2025-08-03T06:25:52.626 0100|01|d0|03|2d0588|89ffff[payload->]||65,535
2025-08-03T07:38:23.992 0100|01|d0|09|2d0588|89ffff0100000005fa[payload->]......||64,005
2025-08-03T09:01:47.392 0100|01|d0|03|2d0588|89ffff[payload->]||65,535
2025-08-03T10:31:02.123 0100|01|d0|41|2d0588|89ffff0100000005fa0001560e0111150100010006f801fe560e01001af70100000005fa000154010121b10100010006f801fe54010100a1c60100000005fa0001[payload->]........V............V.............T..!.........T.............||0,256
2025-08-03T11:26:37.372 0100|01|d0|03|2d0788|89ffff[payload->]||65,535
2025-08-03T13:47:02.989 0100|01|d0|09|2d0588|89fffffffffe010000[payload->]......||0,000
2025-08-03T17:23:47.798 0100|01|d0|05|2d0588|89ffff0100[payload->]..||0,001
