2025-07-31T13:08:22.747 0100|01|00|07|f701fe|140301ffff859c[payload->]....||40,069
2025-07-31T13:22:04.227 0100|01|00|07|f701fe|140301ffff859c[payload->]....||40,069
2025-07-31T15:23:16.519 0100|01|00|07|f701fe|140301ffff859c[payload->]....||40,069
2025-08-01T10:11:05.379 0100|01|00|07|f701fe|140301ffff859c[payload->]....||40,069
2025-08-01T10:42:44.345 0100|01|00|07|f701fe|140301ffff859c[payload->]....||40,069
2025-08-01T14:04:05.009 0100|01|00|09|f5017e|140301000000bba401[payload->]......||0,420
2025-08-02T05:07:18.986 0100|01|00|07|f701fe|140301ffff859c[payload->]....||40,069
2025-08-02T07:53:29.153 0100|01|00|07|f701fe|140301ffff859c[payload->]....||40,069
2025-08-02T08:26:49.139 0100|01|00|07|f701fe|140301ffff859c[payload->]....||40,069
2025-08-02T08:51:19.157 0100|01|00|07|f701fe|140301ffff859c[payload->]....||40,069
2025-08-02T09:28:30.347 0100|01|00|07|f701fe|140301ffff859c[payload->]....||40,069
2025-08-02T09:34:29.158 0100|01|00|07|f701fe|140301ffff859c[payload->]....||40,069
2025-08-02T11:15:39.291 0100|01|00|07|f721fe|140301ffff859c[payload->]....||40,069
2025-08-02T12:18:04.118 0100|01|00|07|f701fe|140301ffff859c[payload->]....||40,069
2025-08-02T15:57:19.896 0100|01|00|07|f701fe|140301ffff859c[payload->]....||40,069
2025-08-02T17:07:34.392 0100|01|00|07|f701fe|140301ffff859c[payload->]....||40,069
2025-08-02T17:16:34.327 0100|01|00|07|f701fe|140301ffff859c[payload->]....||40,069
2025-08-02T18:28:08.529 0100|01|00|07|f701fe|140301ffff859c[payload->]....||40,069
2025-08-03T00:06:34.480 0100|01|00|07|f781fe|140301ffff859c[payload->]....||40,069
2025-08-03T01:16:57.218 0100|01|00|07|f701fe|140301ffff859c[payload->]....||40,069
2025-08-03T02:14:07.295 0100|01|00|07|f701fe|140301ffff859c[payload->]....||40,069
2025-08-03T02:24:48.405 0100|01|00|87|f701fe|140301ffff859cffff0100000005fa000156100071dd0100010007f701fe561000800c7b20ff010000d0012e047875010001d0012d0588890100000005fa00013423019fa9010001000bf301fe342301000000000000b8760100000005fa00013655013f2e0100010007f701fe365501800cbfe40100000005fa0001365401af2f0100010007f7[payload->]..............V..q.........V....{ ........xu.....-...........4#...........4#........v........6U.?.........6U.............6T../......||63,239
2025-08-03T02:40:17.956 0100|01|00|07|f785fe|140301ffff859c[payload->]....||40,069
2025-08-03T02:43:24.800 0100|01|00|07|f701fe|140301ffff859c[payload->]....||40,069
2025-08-03T03:58:07.781 0100|01|00|07|f701fe|140301ffff859c[payload->]....||40,069
2025-08-03T05:50:34.283 0100|01|00|07|f701fe|140301ffff859c[payload->]....||40,069
2025-08-03T07:18:57.753 0100|01|00|07|f701fe|140301ffff859c[payload->]....||40,069
2025-08-03T08:01:48.772 0100|01|00|07|f701fe|140301ffff859c[payload->]....||40,069
2025-08-03T09:45:09.644 0100|01|00|07|f701fe|140301ffff859c[payload->]....||40,069
2025-08-03T12:28:24.511 0100|01|00|07|f701fe|140301ffff859c[payload->]....||40,069
2025-08-03T15:43:24.568 0100|01|00|07|f721fe|140301ffff859c[payload->]....||40,069
2025-08-03T17:48:49.564 0100|41|00|07|f701fe|140301ffff859c[payload->]....||40,069
