2025-07-30T20:31:26.852 0100|00|00|05|fa0001|364b019f27[payload->].'||10,143
2025-07-30T20:31:26.952 0100|01|00|18|e601fe|364b0102001024000084000000000000000000000000f502[payload->]...$.................||0,757
2025-07-30T20:34:59.794 0100|00|00|05|fa0001|364b019f27[payload->].'||10,143
2025-07-30T20:34:59.996 0100|01|00|18|e601fe|364b0102001024000084000000000000000000000000f502[payload->]...$.................||0,757
2025-07-30T21:05:00.422 0100|00|00|05|fa0001|364b019f27[payload->].'||10,143
2025-07-30T21:05:00.624 0100|01|00|18|e601fe|364b0102001024000084000000000000000000000000f502[payload->]...$.................||0,757
2025-07-30T21:31:26.020 0100|00|00|05|fa0001|364b019f27[payload->].'||10,143
2025-07-30T21:31:26.122 0100|01|00|18|e601fe|364b0102001024000084000000000000000000000000f502[payload->]...$.................||0,757
2025-07-30T22:05:00.461 0100|00|00|05|fa0001|364b019f27[payload->].'||10,143
2025-07-30T22:05:00.562 0100|01|00|18|e601fe|364b0102001024000084000000000000000000000000f502[payload->]...$.................||0,757
2025-07-30T22:31:26.121 0100|00|00|05|fa0001|364b019f27[payload->].'||10,143
2025-07-30T22:31:26.222 0100|01|00|18|e601fe|364b0102001024000084000000000000000000000000f502[payload->]...$.................||0,757
2025-07-30T22:35:00.444 0100|00|00|05|fa0001|364b019f27[payload->].'||10,143
2025-07-30T22:35:00.546 0100|01|00|18|e601fe|364b0102001024000084000000000000000000000000f502[payload->]...$.................||0,757
2025-07-30T23:05:00.357 0100|00|00|05|fa0001|364b019f27[payload->].'||10,143
2025-07-30T23:05:00.458 0100|01|00|18|e601fe|364b0102001024000084000000000000000000000000f502[payload->]...$.................||0,757
2025-07-30T23:35:00.526 0100|00|00|05|fa0001|364b019f27[payload->].'||10,143
2025-07-30T23:35:00.627 0100|01|00|18|e601fe|364b0102001024000084000000000000000000000000f502[payload->]...$.................||0,757
2025-07-31T00:05:00.335 0100|00|00|05|fa0001|364b019f27[payload->].'||10,143
2025-07-31T00:05:00.436 0100|01|00|18|c601fe|364b0102001024000084000000000000000000000000f502[payload->]...$.................||0,757
2025-07-31T00:35:00.429 0100|00|00|05|fa0001|364b019f27[payload->].'||10,143
2025-07-31T00:35:00.631 0100|01|00|18|e601fe|364b0102001024000084000000000000000000000000f502[payload->]...$.................||0,757
2025-07-31T01:05:00.466 0100|00|00|05|fa0001|364b019f27[payload->].'||10,143
2025-07-31T01:05:00.567 0100|01|00|18|e601fe|364b0102001024000084000000000000000000000000f502[payload->]...$.................||0,757
2025-07-31T01:35:00.336 0100|00|00|05|fa0001|364b019f27[payload->].'||10,143
2025-07-31T01:35:00.437 0100|01|00|18|e601fe|364b0102001024000084000000000000000000000000f502[payload->]...$.................||0,757
2025-07-31T02:05:00.412 0100|00|00|05|fa0001|364b019f27[payload->].'||10,143
2025-07-31T02:05:00.613 0100|01|00|18|e601fe|364b0102001024000084000000000000000000000000f502[payload->]...$.................||0,757
2025-07-31T02:31:25.607 0100|00|00|05|fa0001|364b019f00[payload->]..||0,159
2025-07-31T02:35:01.953 0100|00|00|05|fa0001|364b019f27[payload->].'||10,143
2025-07-31T02:35:02.054 0100|01|00|18|e601fe|364b0102001024000084000000000000000000000000f502[payload->]...$.................||0,757
2025-07-31T03:05:01.979 0100|00|00|05|fa0001|364b019f27[payload->].'||10,143
2025-07-31T03:05:02.181 0100|01|00|18|e601fe|364b0102001024000084000000000000000000000000f502[payload->]...$.................||0,757
2025-07-31T03:31:25.551 0100|00|00|05|fa0001|364b019f27[payload->].'||10,143
2025-07-31T03:31:25.753 0100|01|00|18|e601fe|364b0102001024000084000000000000000000000000f502[payload->]...$.................||0,757
2025-07-31T03:35:01.952 0100|00|00|05|fa0001|364b019f27[payload->].'||10,143
2025-07-31T03:35:02.154 0100|01|00|18|e601fe|364b0102001024000084000000000000000000000000f502[payload->]...$.................||0,757
2025-07-31T04:05:01.936 0100|00|00|05|fa0001|364b019f27[payload->].'||10,143
2025-07-31T04:05:02.037 0100|01|00|18|e601fe|364b0102001024000084000000000000000000000000f502[payload->]...$.................||0,757
2025-07-31T04:35:01.866 0100|00|00|05|fa0001|364b019f27[payload->].'||10,143
2025-07-31T04:35:02.068 0100|01|00|18|e601fe|364b0102001024000084000000000000000000000000f502[payload->]...$.................||0,757
2025-07-31T05:05:04.258 0100|00|00|05|fa0001|364b019f27[payload->].'||10,143
2025-07-31T05:05:04.359 0100|03|00|18|e601fe|364b0102001024000084000000000000000000000000f502[payload->]...$.................||0,757
2025-07-31T05:35:04.385 0100|00|00|05|fa0001|364b019f27[payload->].'||10,143
2025-07-31T05:35:04.486 0100|01|00|18|e601fe|364b0102001024000084000000000000000000000000f502[payload->]...$.................||0,757
2025-07-31T06:05:04.084 0100|00|00|05|fa0001|364b019f27[payload->].'||10,143
2025-07-31T06:05:04.286 0100|01|00|18|e601fe|364b0102001024000084000000000000000000000000f502[payload->]...$.................||0,757
2025-07-31T06:35:06.467 0100|00|00|05|fa0001|364b019f27[payload->].'||10,143
2025-07-31T06:35:06.569 0100|01|00|18|e601fe|364b0102001024000084000000000000000000000000f502[payload->]...$.................||0,757
2025-07-31T07:05:06.453 0100|00|00|05|fa0001|364b019f27[payload->].'||10,143
2025-07-31T07:05:06.655 0100|01|00|18|e601fe|364b0102001024000084000000000000000000000000f502[payload->]...$.................||0,757
2025-07-31T07:35:06.607 0100|00|00|05|fa0001|364b019f27[payload->].'||10,143
2025-07-31T07:35:06.709 0100|01|00|18|e601fe|364b0102001024000084000000000000000000000000f502[payload->]...$.................||0,757
2025-07-31T08:05:06.929 0100|00|00|05|fa0001|364b019f27[payload->].'||10,143
2025-07-31T08:05:07.131 0100|01|00|18|e601fe|364b0102001024000084000000000000000000000000f502[payload->]...$.................||0,757
2025-07-31T08:35:06.710 0100|00|00|05|fa0001|364b019f27[payload->].'||10,143
2025-07-31T08:35:06.911 0100|01|00|18|e601fe|364b0102001024000084000000000000000000000000f502[payload->]...$.................||0,757
2025-07-31T09:05:06.440 0100|00|00|05|fa0001|364b019f27[payload->].'||10,143
2025-07-31T09:05:06.541 0100|01|00|18|e601fe|364b0102001024000084000000000000000000000000f502[payload->]...$.................||0,757
2025-07-31T09:35:06.390 0100|00|00|05|fa0001|364b019f27[payload->].'||10,143
2025-07-31T09:35:06.491 0100|01|00|18|e601fe|364b0102001024000084000000000000000000000000f502[payload->]...$.................||0,757
2025-07-31T10:05:06.719 0100|00|00|05|fa0001|364b019f27[payload->].'||10,143
2025-07-31T10:05:06.820 0100|01|00|18|e601fe|364b0102001024000084000000000000000000000000f502[payload->]...$.................||0,757
2025-07-31T10:31:25.954 0100|00|00|05|fa0001|364b019f27[payload->].'||10,143
2025-07-31T10:35:07.935 0100|00|00|05|fa0001|364b019f27[payload->].'||10,143
2025-07-31T10:35:08.137 0100|01|00|18|e601fe|364b0102001024000084000000000000000000000000f502[payload->]...$.................||0,757
2025-07-31T11:05:07.683 0100|00|00|05|fa0001|364b019f27[payload->].'||10,143
2025-07-31T11:05:07.885 0100|01|00|18|e601fe|364b0102001024000084000000000000000000000000f502[payload->]...$.................||0,757
2025-07-31T11:35:07.581 0100|00|00|05|fa0001|364b019f27[payload->].'||10,143
2025-07-31T11:35:07.783 0100|01|00|18|e601fe|364b0102001024000084000000000000000000000000f502[payload->]...$.................||0,757
2025-07-31T12:05:08.958 0100|00|00|05|fa0001|364b019f27[payload->].'||10,143
2025-07-31T12:05:09.160 0100|01|00|18|e601fe|364b0102001024000084000000000000000000000000f502[payload->]...$.................||0,757
2025-07-31T12:31:28.284 0100|00|00|05|fa0001|364b019f27[payload->].'||10,143
2025-07-31T12:35:08.702 0100|00|00|05|fa0001|364b019f27[payload->].'||10,143
2025-07-31T12:35:08.803 0100|01|00|18|e601fe|364b0102001024000084000000000000000000000000f502[payload->]...$.................||0,757
2025-07-31T13:05:10.077 0100|00|00|05|fa0001|364b019f27[payload->].'||10,143
2025-07-31T13:05:10.380 0100|01|00|18|e601fe|364b0102001024000084000000000000000000000000f502[payload->]...$.................||0,757
2025-07-31T13:31:26.016 0100|00|00|05|fa0001|364b019f27[payload->].'||10,143
2025-07-31T13:31:26.218 0100|01|00|18|e601fe|364b0102001024000084000000000000000000000000f502[payload->]...$.................||0,757
2025-07-31T13:35:10.340 0100|00|00|05|fa0001|364b019f27[payload->].'||10,143
2025-07-31T13:35:10.542 0100|01|00|18|e601fe|364b0102001024000084000000000000000000000000f502[payload->]...$.................||0,757
2025-07-31T14:05:10.923 0100|00|00|05|fa0001|364b019f27[payload->].'||10,143
2025-07-31T14:05:11.125 0100|01|00|18|e601fe|364b0102001024000084000000000000000000000000f502[payload->]...$.................||0,757
2025-07-31T14:31:25.649 0100|00|00|05|fa0001|364b019f27[payload->].'||10,143
2025-07-31T14:31:26.052 0100|01|00|18|e601fe|364b01020010240301ffff859c0100000005fa0001364e01[payload->]...$..............6N.||0,334
2025-07-31T14:35:11.623 0100|00|00|05|fa0001|364b019f27[payload->].'||10,143
2025-07-31T14:35:12.226 0100|01|00|18|e601fe|364b0102001024000084000000000000000000000000f502[payload->]...$.................||0,757
2025-07-31T15:05:11.679 0100|00|00|05|fa0001|364b019f27[payload->].'||10,143
2025-07-31T15:05:11.780 0100|01|00|18|e601fe|364b0102001024000084000000000000000000000000f502[payload->]...$.................||0,757
2025-07-31T15:35:15.336 0100|00|00|05|fa0001|364b019f27[payload->].'||10,143
2025-07-31T16:04:58.112 0100|01|00|18|e601fe|364b01020010240000840000000000000000000000007147[payload->]...$...............qG||18,289
2025-07-31T16:05:14.581 0100|00|00|05|fa0001|364b019f27[payload->].'||10,143
2025-07-31T16:31:25.724 0100|00|00|05|fa0001|364b019f27[payload->].'||10,143
2025-07-31T16:31:25.825 0100|01|00|18|e601fe|364b0102001024000084000000000000000000000000f502[payload->]...$.................||0,757
2025-07-31T16:35:14.711 0100|00|00|05|fa0001|364b019f27[payload->].'||10,143
2025-07-31T17:05:16.280 0100|00|00|05|fa0001|364b019f27[payload->].'||10,143
2025-07-31T17:05:16.382 0100|01|00|18|e601fe|364b0102001024000084000000000000000000000000f502[payload->]...$.................||0,757
2025-07-31T17:35:16.374 0100|00|00|05|fa0001|364b019f27[payload->].'||10,143
2025-07-31T17:35:16.475 0100|01|00|18|e601fe|364b0102001024000084000000000000000000000000f502[payload->]...$.................||0,757
2025-07-31T18:35:17.061 0100|00|00|05|fa0001|364b019f27[payload->].'||10,143
2025-07-31T18:35:17.363 0100|01|00|18|e601fe|364b0102001024000084000000000000000000000000f502[payload->]...$.................||0,757
2025-07-31T19:05:17.352 0100|00|00|05|fa0001|364b019f27[payload->].'||10,143
2025-07-31T19:05:17.454 0100|01|00|18|e601fe|364b0102001024000084000000000000000000000000f502[payload->]...$.................||0,757
2025-07-31T19:31:25.643 0100|00|00|05|fa0001|364b019f27[payload->].'||10,143
2025-07-31T19:31:25.845 0100|01|00|18|e601fe|364b0102001024000084000000000000000000000000f502[payload->]...$.................||0,757
2025-07-31T19:35:17.197 0100|00|00|05|fa0001|364b019f27[payload->].'||10,143
2025-07-31T20:05:17.149 0100|00|00|05|fa0001|364b019f27[payload->].'||10,143
2025-07-31T20:05:17.351 0100|01|00|18|e601fe|364b0102001024000084000000000000000000000000f502[payload->]...$.................||0,757
2025-07-31T20:35:17.165 0100|00|00|05|fa0001|364b019f27[payload->].'||10,143
2025-07-31T20:35:17.266 0100|01|00|18|e601fe|364b0102001024000084000000000000000000000000f502[payload->]...$.................||0,757
2025-07-31T21:05:17.166 0100|00|00|05|fa0001|364b019f27[payload->].'||10,143
2025-07-31T21:05:17.368 0100|01|00|18|e601fe|364b0102001024000084000000000000000000000000f502[payload->]...$.................||0,757
2025-07-31T21:35:18.387 0100|00|00|05|fa0001|364b019f27[payload->].'||10,143
2025-07-31T21:35:18.589 0100|01|00|18|e601fe|364b0102001024000084000000000000000000000000f502[payload->]...$.................||0,757
2025-07-31T22:05:19.339 0100|00|00|05|fa0001|364b019f27[payload->].'||10,143
2025-07-31T22:05:19.541 0100|01|00|18|e601fe|364b0102001024000084000000000000000000000000f502[payload->]...$.................||0,757
2025-07-31T22:31:25.895 0100|00|00|05|fa0001|364b019f27[payload->].'||10,143
2025-07-31T22:31:26.096 0100|01|00|18|e601fe|364b01020010240000020010240000840000000000000000[payload->]...$.....$...........||0,000
2025-07-31T22:31:26.198 0100|00|00|05|fa0001|364b015f25[payload->]_%||9,567
2025-07-31T22:35:19.534 0100|00|00|05|fa0001|364b019f27[payload->].'||10,143
2025-07-31T22:35:19.735 0100|01|00|18|e601fe|364b0102001024000084000000000000000000000000f502[payload->]...$.................||0,757
2025-07-31T23:05:21.114 0100|00|00|05|fa0001|364b019f27[payload->].'||10,143
2025-07-31T23:05:21.215 0100|01|00|18|e601fe|364b0102001024000084000000000000000000000000f502[payload->]...$.................||0,757
2025-07-31T23:35:21.114 0100|00|00|05|fa0001|364b019f27[payload->].'||10,143
2025-07-31T23:35:21.215 0100|01|00|18|e601fe|364b0102001024000084000000000000000000000000f502[payload->]...$.................||0,757
2025-08-01T00:05:21.690 0100|00|00|05|fa0001|364b019f27[payload->].'||10,143
2025-08-01T00:05:21.791 0100|01|00|18|e601fe|364b0102001024000084000000000000000000000000f502[payload->]...$.................||0,757
2025-08-01T00:35:21.195 0100|00|00|05|fa0001|364b019f27[payload->].'||10,143
2025-08-01T00:35:21.296 0100|01|00|18|e601fe|364b0102001024000084000000000000000000000000f502[payload->]...$.................||0,757
2025-08-01T01:05:21.190 0100|00|00|05|fa0001|364b019f27[payload->].'||10,143
2025-08-01T01:05:21.291 0100|01|00|18|e601fe|364b0102001024000084000000000000000000000000f502[payload->]...$.................||0,757
2025-08-01T01:35:21.117 0100|00|00|05|fa0001|364b019f27[payload->].'||10,143
2025-08-01T01:35:21.319 0100|01|00|18|e601fe|364b0102001024000084000000000000000000000000f502[payload->]...$.................||0,757
2025-08-01T02:05:23.202 0100|00|00|05|fa0001|364b019f27[payload->].'||10,143
2025-08-01T02:05:23.303 0100|01|00|18|e601fe|364b0102001024000084000000000000000000000000f502[payload->]...$.................||0,757
2025-08-01T02:35:23.223 0100|00|00|05|fa0001|364b019f27[payload->].'||10,143
2025-08-01T02:35:23.324 0100|01|00|18|e601fe|364b0102001024000084000000000000000000000000f502[payload->]...$.................||0,757
2025-08-01T03:05:23.195 0100|00|00|05|fa0001|364b019f27[payload->].'||10,143
2025-08-01T03:05:23.296 0100|01|00|18|e601fe|364b0102001024000084000000000000000000000000f502[payload->]...$.................||0,757
2025-08-01T03:35:24.108 0100|00|00|05|fa0001|364b019f27[payload->].'||10,143
2025-08-01T03:35:24.310 0100|01|00|18|e601fe|364b0102001024000084000000000000000000000000f502[payload->]...$.................||0,757
2025-08-01T04:05:25.285 0100|00|00|05|fa0001|364b019f27[payload->].'||10,143
2025-08-01T04:05:25.386 0100|01|00|18|e601fe|364b0102001024000084000000000000000000000000f502[payload->]...$.................||0,757
2025-08-01T05:05:26.833 0100|00|00|05|fa0001|364b019f27[payload->].'||10,143
2025-08-01T05:05:26.935 0100|01|00|18|e601fe|364b0102001024000084000000000000000000000000f502[payload->]...$.................||0,757
2025-08-01T05:35:26.816 0100|00|00|05|fa0001|364b019f27[payload->].'||10,143
2025-08-01T05:35:27.018 0100|01|00|18|e601fe|364b0102001024000084000000000000000000000000f502[payload->]...$.................||0,757
2025-08-01T06:35:26.806 0100|00|00|05|fa0001|364b019f27[payload->].'||10,143
2025-08-01T06:35:27.008 0100|01|00|18|e601fe|364b0102001024000084000000000000000000000000f502[payload->]...$.................||0,757
2025-08-01T07:05:27.342 0100|00|00|05|fa0001|364b019f27[payload->].'||10,143
2025-08-01T07:05:27.444 0100|01|00|18|e601fe|364b0102001024000084000000000000000000000000f502[payload->]...$.................||0,757
2025-08-01T07:31:25.444 0100|00|00|05|fa0001|364b019f27[payload->].'||10,143
2025-08-01T07:31:25.545 0100|01|00|18|e601fe|364b0102001024000084000000000000000000000000f502[payload->]...$.................||0,757
2025-08-01T07:35:29.586 0100|00|00|05|fa0001|364b019f27[payload->].'||10,143
2025-08-01T07:35:29.788 0100|01|00|18|e601fe|364b0102001024000084000000000000000000000040f502[payload->]...$..............@..||0,757
2025-08-01T08:05:29.597 0100|00|00|05|fa0001|364b019f27[payload->].'||10,143
2025-08-01T08:05:29.698 0100|01|00|18|e601fe|364b0102001024000084000000000000000000000000f502[payload->]...$.................||0,757
2025-08-01T08:35:29.571 0100|00|00|05|fa0001|364b019f27[payload->].'||10,143
2025-08-01T08:35:29.773 0100|01|00|18|e601fe|364b0102001024000084000000000000000000000000f502[payload->]...$.................||0,757
2025-08-01T09:05:29.419 0100|00|00|05|fa0001|364b019f27[payload->].'||10,143
2025-08-01T09:05:29.520 0100|01|00|18|e601fe|364b0102001024000084000000000000000000000000f502[payload->]...$.................||0,757
2025-08-01T09:35:29.504 0100|00|00|05|fa0001|364b019f27[payload->].'||10,143
2025-08-01T09:35:29.605 0100|01|00|18|e601fe|364b0102001024000084000000000000000000000000f502[payload->]...$.................||0,757
2025-08-01T10:05:29.787 0100|00|00|05|fa0001|364b019f27[payload->].'||10,143
2025-08-01T10:05:29.989 0100|01|00|18|e601fe|364b0102001024000084000000000000400000000000f502[payload->]...$.........@.......||0,757
2025-08-01T10:35:29.428 0100|00|00|05|fa0001|364b019f27[payload->].'||10,143
2025-08-01T10:35:29.630 0100|01|00|18|e601fe|364b0102001024000084000000000000000000000000f502[payload->]...$.................||0,757
2025-08-01T11:05:29.413 0100|00|00|05|fa0001|364b018f27[payload->].'||10,127
2025-08-01T11:05:29.614 0100|01|00|18|e601fe|364b0102001024000084000000000000000000000000f502[payload->]...$.................||0,757
2025-08-01T11:35:29.622 0100|00|00|05|fa0001|364b019f27[payload->].'||10,143
2025-08-01T11:35:29.723 0100|01|00|18|e601fe|364b0102001024000084000000000000000000000000f502[payload->]...$.................||0,757
2025-08-01T12:35:31.296 0100|00|00|05|fa0001|364b019f27[payload->].'||10,143
2025-08-01T12:35:31.498 0100|01|00|18|e601fe|364b0102001024000084000000000000000000000000f502[payload->]...$.................||0,757
2025-08-01T13:05:32.217 0100|00|00|05|fa0001|364b019f27[payload->].'||10,143
2025-08-01T13:05:32.319 0100|01|00|18|e601fe|364b0102001024000084000000000000000000000000f502[payload->]...$.................||0,757
2025-08-01T13:35:34.571 0100|00|00|05|fa0001|364b019f27[payload->].'||10,143
2025-08-01T13:35:34.672 0100|01|00|18|e601fe|364b0102001024000084000000000000000000000000f502[payload->]...$.................||0,757
2025-08-01T14:05:34.383 0100|00|00|05|fa0001|364b019f27[payload->].'||10,143
2025-08-01T14:05:34.585 0100|01|00|18|e601fe|364b0102001024000084000000000000000000000000f502[payload->]...$.................||0,757
2025-08-01T14:35:35.337 0100|00|00|05|fa0001|364b019f27[payload->].'||10,143
2025-08-01T14:35:35.538 0100|01|00|18|e601fe|364b0102001024000084000000000000000000000000f502[payload->]...$.................||0,757
2025-08-01T15:05:35.385 0100|00|00|05|fa0001|364b019f27[payload->].'||10,143
2025-08-01T15:05:35.587 0100|01|00|18|e601fe|364b0102001024000084000000000000000000000000f502[payload->]...$.................||0,757
2025-08-01T15:31:25.632 0100|00|00|05|fa0001|364b019f27[payload->].'||10,143
2025-08-01T15:31:25.733 0100|01|00|18|e601fe|364b0102001024000084000000000000000000000000f502[payload->]...$.................||0,757
2025-08-01T15:35:36.686 0100|00|00|05|fa0001|364b019f27[payload->].'||10,143
2025-08-01T15:35:36.888 0100|01|00|18|e601fe|364b0102001024000084000000000000000000000000f502[payload->]...$.................||0,757
2025-08-01T16:05:37.337 0100|00|00|05|fa0001|364b019f27[payload->].'||10,143
2025-08-01T16:05:37.539 0100|01|00|18|e601fe|364b0102001024000084000000000000000000000000f502[payload->]...$.................||0,757
2025-08-01T16:35:36.814 0100|00|00|05|fa0001|364b019e27[payload->].'||10,142
2025-08-01T16:35:36.915 0100|01|00|18|e601fe|364b0102001024000084000000000000000000000000f502[payload->]...$.................||0,757
2025-08-01T17:05:36.731 0100|00|00|05|fa0001|364b019f27[payload->].'||10,143
2025-08-01T17:05:36.932 0100|01|00|18|e601fe|364b0102001024000084000000000000000000000000f502[payload->]...$.................||0,757
2025-08-01T17:31:25.567 0100|01|00|18|e601fe|364b0102001024000084000000000000000000000000f502[payload->]...$.................||0,757
2025-08-01T17:35:36.680 0100|00|00|05|fa0001|364b019f27[payload->].'||10,143
2025-08-01T17:35:36.882 0100|01|00|18|e601fe|364b0102001024000084000000000000000000000000f502[payload->]...$.................||0,757
2025-08-01T18:05:36.711 0100|00|00|05|fa0001|364b019f27[payload->].'||10,143
2025-08-01T18:05:36.812 0100|01|00|18|e601fe|364b0102001024000084000000000000000000000000f502[payload->]...$.................||0,757
2025-08-01T18:35:36.762 0100|00|00|05|fa0001|364b018727[payload->].'||10,119
2025-08-01T18:35:36.863 0100|01|00|18|e601fe|364b0102001024000084000000000000000000000000f502[payload->]...$.................||0,757
2025-08-01T19:05:36.732 0100|00|00|05|fa0001|364b019f27[payload->].'||10,143
2025-08-01T19:05:36.934 0100|01|00|18|e601fe|364b0102001024000084000000000000000000000000f502[payload->]...$.................||0,757
2025-08-01T19:31:25.385 0100|00|00|05|fa0001|364b019f27[payload->].'||10,143
2025-08-01T19:31:25.587 0100|01|00|18|e601fe|364b0102001024000084000000000000000000000000f502[payload->]...$.................||0,757
2025-08-01T19:35:37.215 0100|00|00|05|fa0001|364b019f27[payload->].'||10,143
2025-08-01T19:35:37.316 0100|01|00|18|e601fe|364b0102001024000084000000000000000000000000f502[payload->]...$.................||0,757
2025-08-01T20:05:38.164 0100|00|00|05|fa0001|364b019f27[payload->].'||10,143
2025-08-01T20:05:38.366 0100|01|00|18|e601fe|364b0102001024000084000000000000000000000000f502[payload->]...$.................||0,757
2025-08-01T20:35:39.559 0100|00|00|05|fa0001|364b019f27[payload->].'||10,143
2025-08-01T20:35:39.661 0100|01|00|18|e601fe|364b0102001024000084000000000000000000000002f502[payload->]...$.................||0,757
2025-08-01T21:31:25.682 0100|00|00|05|fa0001|364b019f27[payload->].'||10,143
2025-08-01T21:31:25.884 0100|01|00|18|e601fe|364b0102001024000084000000000000000000000000f502[payload->]...$.................||0,757
2025-08-01T21:35:40.474 0100|00|00|05|fa0001|364b019f27[payload->].'||10,143
2025-08-01T21:35:40.576 0100|01|00|18|e601fe|364b0102001024000084000000000800000000000000f502[payload->]...$.................||0,757
2025-08-01T22:05:42.575 0100|00|00|05|fa0001|364b019f27[payload->].'||10,143
2025-08-01T22:31:25.668 0100|00|00|05|fa0001|364b019f27[payload->].'||10,143
2025-08-01T22:31:25.770 0100|01|00|18|e601fe|364b0102001024000084000000000000000000000000f502[payload->]...$.................||0,757
2025-08-01T22:35:42.592 0100|00|00|05|fa0001|364b019f27[payload->].'||10,143
2025-08-01T22:35:42.794 0100|01|00|18|e601fe|364b0102001024000084000000000000000000000000f502[payload->]...$.................||0,757
2025-08-01T23:05:42.515 0100|00|00|05|fa0001|364b019f27[payload->].'||10,143
2025-08-01T23:05:42.716 0100|01|00|18|e601fe|364b0102001024000084000000000000000000000000f502[payload->]...$.................||0,757
2025-08-01T23:35:42.578 0100|00|00|05|fa0001|364b019f27[payload->].'||10,143
2025-08-01T23:35:42.679 0100|01|00|18|e601fe|364b0102001024000084000000000000000000000000f502[payload->]...$.................||0,757
2025-08-02T00:05:42.509 0100|00|00|05|fa0001|364b019f27[payload->].'||10,143
2025-08-02T00:05:42.711 0100|01|00|18|e601fe|364b0102001024000084000000000000000000000000f502[payload->]...$.................||0,757
2025-08-02T00:31:25.708 0100|00|00|05|fa0001|364b019f27[payload->].'||10,143
2025-08-02T00:31:25.910 0100|01|00|18|e601fe|364b0102001024000084000000000000000000000000f502[payload->]...$.................||0,757
2025-08-02T00:35:42.906 0100|00|00|05|fa0001|364b019f27[payload->].'||10,143
2025-08-02T00:35:43.007 0100|01|00|18|e601fe|364b0102001024000084000000000000000000000000f502[payload->]...$.................||0,757
2025-08-02T01:05:42.536 0100|00|00|05|fa0001|364b019f27[payload->].'||10,143
2025-08-02T01:05:42.637 0100|01|00|18|e601fe|364b0102001024000084000000000000000000000000f502[payload->]...$.................||0,757
2025-08-02T01:35:42.538 0100|00|00|05|fa0001|364b019f27[payload->].'||10,143
2025-08-02T01:35:42.639 0100|01|00|18|e601fe|364b0102001024000084000000000000000000000000f502[payload->]...$.................||0,757
2025-08-02T02:05:42.527 0100|00|00|05|fa0001|364b019f27[payload->].'||10,143
2025-08-02T02:05:42.628 0100|01|00|18|e601fe|364b0102001024000084000000000000000000000000f502[payload->]...$.................||0,757
2025-08-02T02:35:42.538 0100|00|00|05|fa0001|364b019f27[payload->].'||10,143
2025-08-02T02:35:42.639 0100|01|00|18|e601fe|364b0102001024000084000000000000000000000000f502[payload->]...$.................||0,757
2025-08-02T03:05:43.592 0100|00|00|05|fa0001|364b019f27[payload->].'||10,143
2025-08-02T03:05:43.693 0100|01|00|18|e601fe|364b0102001024000084000000000000000000000000f502[payload->]...$.................||0,757
2025-08-02T03:31:25.666 0100|00|00|05|fa0001|364b019f27[payload->].'||10,143
2025-08-02T03:31:25.868 0100|01|00|18|e601fe|364b0102001024000084000000000000000000000000f502[payload->]...$.................||0,757
2025-08-02T03:35:42.570 0100|00|00|05|fa0001|364b019f27[payload->].'||10,143
2025-08-02T03:35:42.672 0100|01|00|18|e601fe|364b0102001024000084000000000000000000000000f502[payload->]...$.................||0,757
2025-08-02T04:05:42.534 0100|00|00|05|fa0001|364b019f27[payload->].'||10,143
2025-08-02T04:05:42.635 0100|01|00|18|e601fe|364b0102001024000084000000000000000000000000f502[payload->]...$.................||0,757
2025-08-02T04:31:25.613 0100|00|00|05|fa0001|364b019f27[payload->].'||10,143
2025-08-02T04:35:42.557 0100|00|00|05|fa0001|364b019f27[payload->].'||10,143
2025-08-02T04:35:42.658 0100|01|00|18|e601fe|364b0102001024000084000000000000000000000000f502[payload->]...$.................||0,757
2025-08-02T05:05:42.546 0100|00|00|05|fa0001|364b019f27[payload->].'||10,143
2025-08-02T05:05:42.648 0100|01|00|18|e601fe|364b0102001024000084000000000000000000000000f502[payload->]...$.................||0,757
2025-08-02T05:35:42.501 0100|00|00|05|fa0001|364b019f27[payload->].'||10,143
2025-08-02T05:35:42.703 0100|01|00|18|e601fe|364b0102001024000084000000000000000000000000f502[payload->]...$.................||0,757
2025-08-02T06:05:44.573 0100|00|00|05|fa0001|364b019f27[payload->].'||10,143
2025-08-02T06:05:44.774 0100|01|00|18|e601fe|364b0102001024000084000000000000000000000000f502[payload->]...$.................||0,757
2025-08-02T06:35:44.594 0100|00|00|05|fa0001|364b019f27[payload->].'||10,143
2025-08-02T06:35:44.695 0100|01|00|18|e601fe|364b0102001024000084000000000000000000000000f502[payload->]...$.................||0,757
2025-08-02T07:05:44.601 0100|00|00|05|fa0001|364b019f27[payload->].'||10,143
2025-08-02T07:05:44.803 0100|01|00|18|e601fe|364b0102001024000084000000000000000000000000f502[payload->]...$.................||0,757
2025-08-02T07:35:44.628 0100|00|00|05|fa0001|364b019f27[payload->].'||10,143
2025-08-02T07:35:44.730 0100|01|00|18|e601fe|364b0102001024000084000000000000000000000000f502[payload->]...$.................||0,757
2025-08-02T08:05:45.892 0100|00|00|05|fa0001|364b019f27[payload->].'||10,143
2025-08-02T08:05:46.094 0100|01|00|18|e601fe|364b0102001024000084000000000000000000000000f502[payload->]...$.................||0,757
2025-08-02T08:35:45.694 0100|00|00|05|fa0001|364b019f27[payload->].'||10,143
2025-08-02T08:35:45.896 0100|01|00|18|e601fe|364b0102001024000084000000000000000000000000f502[payload->]...$.................||0,757
2025-08-02T09:35:45.786 0100|00|00|05|fa0001|364b019f27[payload->].'||10,143
2025-08-02T09:35:45.988 0100|01|00|18|e601fe|364b0102001024000084000000000000000000000000f502[payload->]...$.................||0,757
2025-08-02T10:05:46.740 0100|00|00|05|fa0001|364b019f27[payload->].'||10,143
2025-08-02T10:05:46.841 0100|01|00|18|e601fe|364b0102001024000084000000000000000000000000f502[payload->]...$.................||0,757
2025-08-02T11:05:47.373 0100|00|00|05|fa0001|364b019f27[payload->].'||10,143
2025-08-02T11:05:47.474 0100|01|00|18|e601fe|364b0102001024000084000000000000000000000000f502[payload->]...$.................||0,757
2025-08-02T11:31:25.664 0100|00|00|05|fa0001|364b01fa00[payload->]..||0,250
2025-08-02T11:35:47.519 0100|00|00|05|fa0001|364b019f27[payload->].'||10,143
2025-08-02T11:35:47.620 0100|01|00|18|ee01fe|364b0102001024000084000000000000000000000000f502[payload->]...$.................||0,757
2025-08-02T12:05:49.286 0100|00|00|05|fa0001|364b019f27[payload->].'||10,143
2025-08-02T12:05:49.387 0100|01|00|18|e601fe|364b0102001024000084000000000000000000000000f502[payload->]...$.................||0,757
2025-08-02T12:35:50.554 0100|00|00|05|fa0001|364b019f27[payload->].'||10,143
2025-08-02T12:35:50.756 0100|01|00|18|e601fe|364b0102001024000084000000000000000000000000f502[payload->]...$.................||0,757
2025-08-02T13:05:51.271 0100|00|00|05|fa0001|364b019f27[payload->].'||10,143
2025-08-02T13:05:51.372 0100|01|00|18|e601fe|364b0102001024000084000000000000000000000000f502[payload->]...$.................||0,757
2025-08-02T13:31:25.726 0100|00|00|05|fa0001|364b019f27[payload->].'||10,143
2025-08-02T13:31:25.827 0100|01|00|18|e601fe|364b0102001024000084000000000000000000000000f502[payload->]...$.................||0,757
2025-08-02T13:35:53.415 0100|00|00|05|fa0001|364b019f27[payload->].'||10,143
2025-08-02T13:35:53.516 0100|01|00|18|e601fe|364b0102001024000084000000000000000000000000f502[payload->]...$.................||0,757
2025-08-02T14:05:53.314 0100|00|00|05|fa0001|364b019f27[payload->].'||10,143
2025-08-02T14:05:53.415 0100|01|00|18|e601fe|364b0102001024000084000000000000000000000000f502[payload->]...$.................||0,757
2025-08-02T14:35:53.383 0100|00|00|05|fa0001|364b019f27[payload->].'||10,143
2025-08-02T14:35:53.585 0100|01|00|18|e601fe|364b0102001024000084000000000000000000000000f502[payload->]...$.................||0,757
2025-08-02T15:05:53.313 0100|00|00|05|fa0001|364b019f27[payload->].'||10,143
2025-08-02T15:05:53.514 0100|01|00|18|e601fe|364b0102001024000084000000000000000000000000f502[payload->]...$.................||0,757
2025-08-02T15:31:25.644 0100|00|00|05|fa0001|364b019f27[payload->].'||10,143
2025-08-02T15:31:25.745 0100|01|00|18|e601fe|364b0102001024000084000000000000000000000000f502[payload->]...$.................||0,757
2025-08-02T15:35:54.382 0100|00|00|05|fa0001|364b019f27[payload->].'||10,143
2025-08-02T15:35:54.482 0100|01|00|18|e601fe|364b0102001024000084000000000000000000000000f502[payload->]...$.................||0,757
2025-08-02T16:05:54.367 0100|00|00|05|fa0001|364b019f27[payload->].'||10,143
2025-08-02T16:05:54.569 0100|01|00|18|e601fe|364b0102001024000084000000000000000000000000f502[payload->]...$.................||0,757
2025-08-02T16:31:25.638 0100|00|00|05|fa0001|364b019f27[payload->].'||10,143
2025-08-02T16:31:25.840 0100|01|00|18|e601fe|364b0102001024000084000000000000000000000000f502[payload->]...$.................||0,757
2025-08-02T16:35:30.396 0100|01|00|18|e601fe|364b01020010240000840000000000000000000000007147[payload->]...$...............qG||18,289
2025-08-02T16:35:54.529 0100|00|00|05|fa0001|364b019f27[payload->].'||10,143
2025-08-02T16:35:54.630 0100|01|00|18|e601fe|364b0102001024000084000000000000000000000000f502[payload->]...$.................||0,757
2025-08-02T17:05:54.385 0100|00|00|05|fa0001|364b019f27[payload->].'||10,143
2025-08-02T17:05:54.587 0100|01|00|18|e601fe|364b0102001024000084000000000000000000000004f502[payload->]...$.................||0,757
2025-08-02T17:31:25.892 0100|00|00|05|fa0001|364b019f27[payload->].'||10,143
2025-08-02T17:31:25.993 0100|01|00|18|e601fe|364b0102001024000084000000000000000000000000f502[payload->]...$.................||0,757
2025-08-02T17:35:54.275 0100|00|00|05|fa0001|364b019f27[payload->].'||10,143
2025-08-02T18:05:54.246 0100|00|00|05|fa0001|364b019f27[payload->].'||10,143
2025-08-02T18:35:54.285 0100|00|00|05|fa0001|364b019f27[payload->].'||10,143
2025-08-02T18:35:54.487 0100|01|00|18|e601fe|364b0102009424000084000000000000000000000000f502[payload->]...$.................||0,757
2025-08-02T19:05:54.528 0100|00|00|05|fa0001|364b019f27[payload->].'||10,143
2025-08-02T19:05:54.830 0100|01|00|18|e601fe|364b010200102c024284000000000000000000000000f502[payload->]...,.B...............||0,757
2025-08-02T19:35:56.207 0100|00|00|05|fa0001|364b019f27[payload->].'||10,143
2025-08-02T19:35:56.308 0100|01|00|18|e601fe|364b0102001024000084000000000000000000000000f502[payload->]...$.................||0,757
2025-08-02T20:05:57.193 0100|00|00|05|fa0001|364b019f27[payload->].'||10,143
2025-08-02T20:05:57.294 0100|01|02|18|e601fe|364b0102001024000084000000000000000000000000f502[payload->]...$.................||0,757
2025-08-02T20:35:58.116 0100|00|00|05|fa0001|364b019f27[payload->].'||10,143
2025-08-02T20:35:58.318 0100|01|00|18|e601fe|364b0102001024000084000000000000000000000000f502[payload->]...$.................||0,757
2025-08-02T21:05:58.007 0100|00|00|05|fa0001|364b019f27[payload->].'||10,143
2025-08-02T21:05:58.109 0100|01|00|18|e601fe|364b0102001024000084000000000000000000000000f502[payload->]...$.................||0,757
2025-08-02T21:35:58.352 0100|00|00|05|fa0001|364b019f27[payload->].'||10,143
2025-08-02T21:35:58.554 0100|01|00|18|e601fe|364b0102001024000084000000000000000000000000f502[payload->]...$.................||0,757
2025-08-02T22:05:57.873 0100|00|00|05|fa0001|364b019f27[payload->].'||10,143
2025-08-02T22:05:57.974 0100|01|00|18|e601fe|364b0102001024000084000000000000000000000000f502[payload->]...$.................||0,757
2025-08-02T22:35:58.642 0100|00|00|05|fa0001|364b019f27[payload->].'||10,143
2025-08-02T22:35:58.744 0100|01|00|18|e601fe|364b0102001024000084000000000000000000000000f502[payload->]...$.................||0,757
2025-08-02T23:05:59.129 0100|00|00|05|fa0001|364b019f27[payload->].'||10,143
2025-08-02T23:05:59.331 0100|01|00|18|e601fe|364b0102001024000084000000000000000000000000f502[payload->]...$.................||0,757
2025-08-02T23:36:00.960 0100|00|00|05|fa0001|364b019f27[payload->].'||10,143
2025-08-02T23:36:01.061 0100|01|00|18|e601fe|364b0102001024000084000000000000000000000000f502[payload->]...$.................||0,757
2025-08-03T00:06:00.537 0100|00|00|05|fa0001|364b019f27[payload->].'||10,143
2025-08-03T00:06:00.638 0100|01|00|18|e601fe|364b0102001024000084000000000000000000000000f502[payload->]...$.................||0,757
2025-08-03T00:36:00.450 0100|00|00|05|fa0001|364b019f27[payload->].'||10,143
2025-08-03T00:36:00.652 0100|01|00|18|e601fe|364b0102001024000084000000000000000000000000f502[payload->]...$.................||0,757
2025-08-03T01:06:04.466 0100|00|00|05|fa0001|364b019f27[payload->].'||10,143
2025-08-03T01:06:04.567 0100|01|00|18|e601fe|364b0102001024000084000000000000000000000000f502[payload->]...$.................||0,757
2025-08-03T01:36:06.135 0100|00|00|05|fa0001|364b019f27[payload->].'||10,143
2025-08-03T02:06:06.127 0100|00|00|05|fa0001|364b019f27[payload->].'||10,143
2025-08-03T02:36:07.366 0100|00|00|05|fa0001|364b019f27[payload->].'||10,143
2025-08-03T02:36:07.467 0100|81|80|18|e601fe|364b0102001024000084000000000000000000000000f502[payload->]...$.................||0,757
2025-08-03T03:06:07.612 0100|00|00|05|fa0001|364b019f27[payload->].'||10,143
2025-08-03T03:06:07.713 0100|09|08|18|e601fe|364b0102001024000084000000000000000000000000f502[payload->]...$.................||0,757
2025-08-03T04:06:07.758 0100|00|00|05|fa0001|364b019f27[payload->].'||10,143
2025-08-03T04:36:07.835 0100|00|00|05|fa0001|364b019f27[payload->].'||10,143
2025-08-03T05:06:08.116 0100|00|00|05|fa0001|364b019f27[payload->].'||10,143
2025-08-03T05:06:08.317 0100|01|00|18|e601fe|364b0102001024000084000000000000000000000000f502[payload->]...$.................||0,757
2025-08-03T05:36:07.669 0100|00|00|05|fa0001|364b019f27[payload->].'||10,143
2025-08-03T05:36:07.770 0100|01|00|18|e601fe|364b0102001024000084000000000000000000000000f502[payload->]...$.................||0,757
2025-08-03T06:06:07.555 0100|00|00|05|fa0001|364b019f27[payload->].'||10,143
2025-08-03T06:06:07.757 0100|01|00|18|e601fe|364b0102001024000084000000000000000000000000f502[payload->]...$.................||0,757
2025-08-03T06:36:07.581 0100|00|00|05|fa0001|364b019f27[payload->].'||10,143
2025-08-03T06:36:07.682 0100|01|00|1a|e601fe|364b0102001024000084000000000000000000000000f5020100[payload->]...$...................||0,001
2025-08-03T07:06:07.651 0100|00|00|05|fa0001|364b019f27[payload->].'||10,143
2025-08-03T07:31:26.935 0100|01|00|18|e601fe|364b0102001024000084000000000000000000000000f502[payload->]...$.................||0,757
2025-08-03T07:36:07.877 0100|00|00|05|fa0001|364b019f27[payload->].'||10,143
2025-08-03T08:06:08.607 0100|00|00|05|fa0001|364b019f27[payload->].'||10,143
2025-08-03T08:06:08.708 0100|01|00|18|e601fe|364b0102001024000084000000000000000000000000f502[payload->]...$.................||0,757
2025-08-03T08:36:08.192 0100|00|00|05|fa0001|364b019f27[payload->].'||10,143
2025-08-03T08:36:08.294 0100|01|00|18|e601fe|364b0102001024000084000000000000000000000000f502[payload->]...$.................||0,757
2025-08-03T09:06:08.787 0100|00|00|05|fa0001|364b019f27[payload->].'||10,143
2025-08-03T09:36:10.297 0100|00|00|05|fa0001|364b019f27[payload->].'||10,143
2025-08-03T09:36:10.499 0100|01|00|18|e601fe|364b0102001024000084000000000000000000000000f50a[payload->]...$.................||2,805
2025-08-03T10:06:09.829 0100|00|00|05|fa0001|364b019f27[payload->].'||10,143
2025-08-03T10:06:09.930 0100|01|00|18|e601fe|364b0102001024000084000000000000000000000000f502[payload->]...$.................||0,757
2025-08-03T10:31:25.655 0100|00|00|05|fa0001|364b019f27[payload->].'||10,143
2025-08-03T10:31:25.857 0100|01|00|18|e601fe|364b0102001024000084000000000000000000000000f502[payload->]...$.................||0,757
2025-08-03T10:36:10.284 0100|00|00|05|fa0001|364b019f27[payload->].'||10,143
2025-08-03T10:36:10.486 0100|01|00|18|e601fe|364b0102001024000084000000000000000000000000f702[payload->]...$.................||0,759
2025-08-03T11:06:09.736 0100|00|00|05|fa0001|364b019f27[payload->].'||10,143
2025-08-03T11:06:09.837 0100|01|00|18|e601fe|364b0102001024000084000000000000000000000000f506[payload->]...$.................||1,781
2025-08-03T11:31:25.952 0100|00|00|05|fa0001|364b019f27[payload->].'||10,143
2025-08-03T11:31:26.053 0100|01|00|18|e601fe|364b0102001024000084000000000000000000000000f502[payload->]...$.................||0,757
2025-08-03T11:36:09.612 0100|00|00|05|fa0001|364b019f27[payload->].'||10,143
2025-08-03T12:06:11.051 0100|00|00|05|fa0001|364b019f27[payload->].'||10,143
2025-08-03T12:06:11.152 0100|01|00|18|e601fe|364b0102001024000084000000000000000000000000f502[payload->]...$.................||0,757
2025-08-03T12:31:26.130 0100|00|00|05|fa0001|364b019f27[payload->].'||10,143
2025-08-03T12:31:26.232 0100|01|00|18|e601fe|364b0102001024000484000000000000000000000000f502[payload->]...$.................||0,757
2025-08-03T12:36:11.020 0100|00|00|05|fa0001|364b019f27[payload->].'||10,143
2025-08-03T12:36:11.222 0100|01|00|18|e601fe|364b0102001024000084000000000000000000000000f502[payload->]...$.................||0,757
2025-08-03T13:06:11.540 0100|00|00|05|fa0001|364b019f27[payload->].'||10,143
2025-08-03T13:06:11.642 0100|01|00|18|e601fe|364b0102001024000084000000000000000000000000f502[payload->]...$.................||0,757
2025-08-03T13:36:11.288 0100|00|00|05|fa0001|364b019f27[payload->].'||10,143
2025-08-03T13:36:11.389 0100|01|00|18|e601fe|364b0102001024000084000000000000000000000000f502[payload->]...$.................||0,757
2025-08-03T14:06:11.163 0100|00|00|05|fa0001|364b019f27[payload->].'||10,143
2025-08-03T14:06:11.265 0100|01|00|18|e601fe|364b0102001024000084000000000000000000000000f502[payload->]...$.................||0,757
2025-08-03T14:36:11.261 0100|00|00|05|fa0001|364b019f27[payload->].'||10,143
2025-08-03T14:36:11.463 0100|01|00|18|e601fe|364b0102001024000084000000000000000000000000f502[payload->]...$.................||0,757
2025-08-03T15:06:11.817 0100|00|00|05|fa0001|364b019f27[payload->].'||10,143
2025-08-03T15:06:11.919 0100|01|00|18|e601fe|364b0102001024000084000000000000000000000000f502[payload->]...$.................||0,757
2025-08-03T15:36:11.116 0100|00|00|05|fa0001|364b019f27[payload->].'||10,143
2025-08-03T16:06:11.141 0100|00|00|05|fa0001|364b019f27[payload->].'||10,143
2025-08-03T16:06:11.242 0100|01|00|18|e601fe|364b0102001024000084000000000000000000000000f502[payload->]...$.................||0,757
2025-08-03T17:06:12.791 0100|00|00|05|fa0001|364b019f27[payload->].'||10,143
2025-08-03T17:06:13.093 0100|01|00|18|e601fe|364b0102001024000084000000000000000000000000f502[payload->]...$.................||0,757
2025-08-03T17:36:12.262 0100|00|00|05|fa0001|364b019f27[payload->].'||10,143
2025-08-03T17:36:12.363 0100|01|00|18|e601fe|364b0102001024000084000000000000000000000000f502[payload->]...$.................||0,757
2025-08-03T18:06:13.347 0100|00|00|05|fa0001|364b019f27[payload->].'||10,143
2025-08-03T18:06:13.449 0100|01|00|18|e601fe|364b0102003024010084000000000000000000000000f502[payload->]..0$.................||0,757
