2025-07-31T16:39:58.631 0100|01|00|07|f701fe|100303ffff859c[payload->]....||40,069
2025-08-01T05:52:39.309 0100|01|00|07|f701fe|100303ffff859c[payload->]....||40,069
2025-08-01T07:25:30.198 0100|01|00|07|f701fe|100303ffff859c[payload->]....||40,069
2025-08-01T10:42:19.300 0100|01|00|07|f741fe|100303ffff859c[payload->]....||40,069
2025-08-01T22:09:40.559 0100|01|40|0f|ff41fe|100303ffff859c0100000005fa0001[payload->]............||0,256
2025-08-02T01:26:58.186 0100|01|00|07|f701fe|100303ffff859c[payload->]....||40,069
2025-08-02T01:56:59.249 0100|01|00|47|f701fe|100303ffff859c0100000005fa0001342101ffa8010001000bf301fe34210100000000000061f70100000005fa000150010020310100010006f801fe5001000001c60100000005[payload->]............4!...........4!.......a.........P.. 1........P..........||1,280
2025-08-02T04:11:50.440 0100|01|00|0f|f701fe|100303ffff859c0100000005fa0001[payload->]............||0,256
2025-08-02T05:25:08.988 0100|01|00|07|f701fe|100303ffff859c[payload->]....||40,069
2025-08-02T05:48:54.688 0100|01|00|07|f701fe|100303ffff859c[payload->]....||40,069
2025-08-02T06:12:49.038 0100|09|08|07|f701fe|100303ffff859c[payload->]....||40,069
2025-08-02T06:37:09.171 0100|01|00|07|f701fe|100303ffff859c[payload->]....||40,069
2025-08-02T09:08:09.645 0100|01|00|07|f701fe|100303ffff859c[payload->]....||40,069
2025-08-02T09:18:09.781 0100|01|00|07|f701fe|100303ffff859c[payload->]....||40,069
2025-08-02T09:26:44.511 0100|01|00|07|f701fe|100303ffff859c[payload->]....||40,069
2025-08-02T09:46:09.085 0100|01|40|07|ff09fe|100303ffff859c[payload->]....||40,069
2025-08-02T11:16:39.249 0100|01|00|07|ff09fe|100303ffff879c[payload->]....||40,071
2025-08-02T11:20:19.275 0100|01|00|07|ff41fe|100303ffff859c[payload->]....||40,069
2025-08-02T11:24:59.287 0100|01|00|07|f701fe|100303ffff859c[payload->]....||40,069
2025-08-02T11:29:09.291 0100|01|00|07|f701fe|100303ffff859c[payload->]....||40,069
2025-08-02T11:39:00.024 0100|01|08|47|ff01fe|100303ffff859c0100000005fa000154100171bd0100010006f801fe5410010265170100000005fa00012004016bf20100010009f501fe200401ffffffff850d0100000005fa00[payload->]............T..q.........T...e......... ..k......... ...............||0,250
2025-08-02T11:54:54.585 0100|01|00|07|f701fe|100303ffff859c[payload->]....||40,069
2025-08-02T11:57:09.325 0100|01|00|07|f701fe|100303ffff859c[payload->]....||40,069
2025-08-02T12:46:54.313 0100|01|00|07|f701fe|100303ffff859c[payload->]....||40,069
2025-08-02T13:07:54.617 0100|01|00|07|ff01fe|100303ffff859c[payload->]....||40,069
2025-08-02T13:45:24.436 0100|01|80|0f|ff09fe|100303ffff859c0100000005fa0001[payload->]............||0,256
2025-08-02T13:46:58.487 0100|01|00|0f|f701fe|100303ffff859c0100000005fa0001[payload->]............||0,256
2025-08-02T14:06:14.232 0100|01|00|07|f701fe|100303ffff859c[payload->]....||40,069
2025-08-02T14:15:08.303 0100|01|00|07|f701fe|100303ffff859c[payload->]....||40,069
2025-08-02T15:14:14.292 0100|01|00|07|f701fe|100303ffff859c[payload->]....||40,069
2025-08-02T15:32:09.587 0100|01|00|07|f701fe|100303ffff859c[payload->]....||40,069
2025-08-02T16:33:19.845 0100|01|00|07|f701fe|100303ffff859c[payload->]....||40,069
2025-08-02T16:41:04.262 0100|01|00|07|f701fe|100303ffff859c[payload->]....||40,069
2025-08-02T17:15:38.321 0100|01|00|07|f703fe|100303ffff859c[payload->]....||40,069
2025-08-02T17:49:04.918 0100|01|00|07|f701fe|100303ffff859c[payload->]....||40,069
2025-08-02T18:35:08.321 0100|01|00|07|f701fe|100303ffff859c[payload->]....||40,069
2025-08-02T19:15:58.426 0100|01|00|07|f701fe|100303ffff859c[payload->]....||40,069
2025-08-02T21:59:20.950 0100|01|00|07|f701fe|100303ffff859c[payload->]....||40,069
2025-08-03T00:40:24.703 0100|01|00|07|f743fe|100303ffff859c[payload->]....||40,069
2025-08-03T02:04:37.144 0100|01|00|07|f701fe|100303ffff859c[payload->]....||40,069
2025-08-03T02:18:07.122 0100|01|00|07|f701fe|100303ffff859c[payload->]....||40,069
2025-08-03T02:37:57.533 0100|01|00|07|f741fe|100303ffff859c[payload->]....||40,069
2025-08-03T03:07:27.690 0100|01|00|07|f701fe|100303ffff859c[payload->]....||40,069
2025-08-03T03:29:07.614 0100|01|00|07|f701fe|100303ffff859c[payload->]....||40,069
2025-08-03T03:32:39.426 0100|01|00|07|f701fe|100303ffff859c[payload->]....||40,069
2025-08-03T04:11:47.924 0100|01|00|07|f701fe|100303ffff859c[payload->]....||40,069
2025-08-03T04:57:37.727 0100|01|00|07|f701fe|100303ffff859c[payload->]....||40,069
2025-08-03T05:41:07.853 0100|01|00|07|f741fe|100303ffff859c[payload->]....||40,069
2025-08-03T05:47:37.667 0100|01|00|07|f701fe|100303ffff859c[payload->]....||40,069
2025-08-03T06:31:57.947 0100|01|00|07|f701fe|100303ffff859c[payload->]....||40,069
2025-08-03T06:44:37.814 0100|01|00|07|f701fe|100303ffff859c[payload->]....||40,069
2025-08-03T07:44:18.810 0100|01|00|07|f701fe|100303ffff859c[payload->]....||40,069
2025-08-03T08:06:28.719 0100|01|00|07|f743fe|100303ffff859c[payload->]....||40,069
2025-08-03T08:39:40.058 0100|01|00|07|f701fe|100303ffff859c[payload->]....||40,069
2025-08-03T08:50:29.540 0100|01|00|07|f701fe|100303ffff859c[payload->]....||40,069
2025-08-03T09:44:10.389 0100|01|00|07|f703fe|100303ffff859c[payload->]....||40,069
2025-08-03T09:45:59.634 0100|01|00|07|f743fe|100303ffff859c[payload->]....||40,069
2025-08-03T09:49:49.784 0100|01|00|07|f701fe|100303ffff859c[payload->]....||40,069
2025-08-03T10:55:30.763 0100|01|00|0f|ff01fe|100303ffff859cffffffff010000d0[payload->]............||53,248
2025-08-03T11:00:31.182 0100|01|00|47|f703fe|100303ffff859cffffff010000d0012e047875010001d0012d0588890100000005fa00013463015f980100010006f801fe346301007f790100000005fa00013012000e3c010001[payload->]..............xu.....-...........4c._.........4c...y........0...<...||0,256
2025-08-03T11:29:00.210 0100|01|00|07|f701fe|100303ffff859c[payload->]....||40,069
2025-08-03T12:04:24.529 0100|01|08|07|ff09fe|100303ffff859c[payload->]....||40,069
2025-08-03T12:19:51.193 0100|01|00|07|f701fe|100303ffff859c[payload->]....||40,069
2025-08-03T13:06:12.047 0100|01|00|07|f701fe|100303ffff859c[payload->]....||40,069
2025-08-03T14:13:54.489 0100|01|00|07|f701fe|100303ffff859c[payload->]....||40,069
