2025-07-31T00:31:28.947 0100|01|00|18|a30100|010018e601fe343b0102c81024a00084ffffffffffffffff[payload->]...4;....$...........||65,535
2025-07-31T09:31:27.754 0100|01|00|18|e60100|010018e601fe34350102c81024a00084ffffffffffffffff[payload->]...45....$...........||65,535
2025-07-31T10:31:28.687 0100|01|00|0f|a20100|010018e601fe343a0102c81024a000[payload->]...4:....$..||0,160
2025-07-31T21:31:30.389 0100|44|01|af|830100|010018e601fe34440102c81024a00084ffffffffffffffffffffffff74150100000005fa00013445013f820100010018e601fe34450102c81024a00084ffffffffffffffffffffffffa5050100000005fa000154080171b70100010007f701fe54080100001e6f0100000005fa0001541d01e1b90100010006f801fe541d0101a7c60100000005fa000154010121b10100010006f801fe54010100a1c6000005fa0001341601cfbe0100010006f801[payload->]...4D....$...............t.........4E.?.........4E....$.........................T..q.........T.....o........T............T.............T..!.........T...........4...........||0,504
2025-07-31T23:31:29.044 0100|35|01|ff|a70100|010018e601fe34350102c81024a00084ffffffffffffffffffffffff927e0100000005fa00013436010fa70100010018e601fe34360102c81024a00084ffffffffffffffffffffffffa14d0100000005fa00013437019fa60100010018e601fe34370102c81024a00084ffffffffffffffffffffffff705d0100000005fa000156100071dd0100010007f701fe56100080010121b10100010006f801fe54010100a1c60100000005fa0001343a010fa20100010018e601fe343a0102c81024a00084ffffffffffffffffffffffff6d810100000005fa0001500e00d0340100010006f801fe500e000002f60100000005fa0001343b019fa300000005fa0001[payload->]...45....$................~........46...........46....$................M........47...........47....$...............p]........V..q.........V.....!.........T.............4:...........4:....$...............m.........P...4........P.............4;..........||0,256
2025-08-01T01:31:30.238 0100|01|00|3f|a00100|010018e601fe243d0102c81024a00084ffffffffffffffffffffffffdaf70100000005fa0001343e01cfa00100010018e601fe343e0102c81024a00084ffff[payload->]...$=....$.........................4>...........4>....$.....||65,535
2025-08-01T02:31:27.818 0100|01|00|18|a78100|010018e601fe34350102c81024a00084ffffffffffffffff[payload->]...45....$...........||65,535
2025-08-01T06:31:25.386 0100|01|00|18|e601fe|010018e601fe364801020010240000840000000000000000[payload->]...6H....$...........||0,000
2025-08-01T07:31:28.480 0100|01|01|6f|a30100|010018e601fe34380102c81024a00084ffffffffffffffffffffffff8fa20100000005fa0001343901ffa20100010018e601fe34390102c81024a00084fffff7ffffffffffffff01343c01afa10100010018e601fe343c0102c81024a00084ffffffffffffffffffffffff0be70100[payload->]...48....$.........................49...........49....$..............4<...........4<....$...................||0,001
2025-08-01T08:31:28.994 0100|01|00|18|e60100|010018e601fe34400102c81024a00084ffffffffffffffff[payload->]...4@....$...........||65,535
2025-08-01T17:31:27.896 0100|01|00|18|e60100|010018e601fe34370102c81024a00084ffffffffffffffff[payload->]...47....$...........||65,535
2025-08-02T03:31:27.894 0100|01|00|18|e60100|010018e601fe34370102c81024a00084fffffffffdffffff[payload->]...47....$...........||65,535
2025-08-02T04:31:26.521 0100|4e|01|cf|240908|010018e603fe364e0102001024000084000000000000000000000000a0570100000005fa0001364f015f250100010018e601fe364f0102001024000080000000000000000000000000714700000000fd890100000005fa000110030154f00100010007f701fe100301ffff859c0100000005fa0001340f015fb50100010019e501fe340f015374726566613100000000000000000000000000fe220100000005fa00013410016fbd010001000af401fe341001434952434141460100000005fa000154100171bd0100010006f801fe[payload->]...6N....$................W........6O._%........6O....$...............qG.................T........................4.._.........4..Strefa1.............."........4..o.........4..CIRCAAF........T..q.........||65,025
2025-08-02T05:31:26.131 0100|01|00|18|e60100|010018e601fe365201020010240000840000000000000000[payload->]...6R....$...........||0,000
2025-08-02T08:31:29.329 0100|01|00|18|e601fe|010018e601fe34430102c81024a00084ffffffffffffffff[payload->]...4C....$...........||65,535
2025-08-02T11:31:28.396 0100|01|01|6f|a60100|010018e601fe34340102c81024a00084ffffffffffffffffffffffff436e0100000005fa0001343501ffa70100010018e601fe34350102c81024a00084ffffffffffffffffffffffff927e0100000005fa00013436010fa70100010018ffffffffffffffffffffff6d810100000005[payload->]...44....$...............Cn........45...........45....$................~........46...................m......||1,280
2025-08-02T12:31:25.188 0100|01|00|18|e60100|010018e601fe364901020010240000840000000000000000[payload->]...6I....$...........||0,000
2025-08-02T14:31:27.089 0100|51|01|ff|2c0100|010018e601fe36510102001024000084000000000000000000000000ceba0100000005fa00013652010f2c0100010018e601fe36520102001024000084000000000000000000000000fd890100000005fa000110030154f00100010007f701fe100301ffff859c0100000005fa00013463015f980100010006f801fe346301007f7900227b0100000005fa000154100171bd0100010006f801fe541001026515ffffffff0100000005fa000154040171b20100010007f701fe540401f0004e280100000005fa000154040171b20100010007f701fe540401f0004e2800ffffff001601010420ffffff0517c1031f00c81400100a01010420ffffff050bc103[payload->]...6Q....$.........................6R..,........6R....$............................T........................4c._.........4c...y."{........T..q.........T...e.............T..q.........T....N(........T..q.........T....N(......... ................. .......||0,961
2025-08-02T15:31:25.948 0100|01|00|18|e60100|010018e601fe364f01020010240000840000000000000000[payload->]...6O....$...........||0,000
2025-08-03T16:31:25.043 0100|46|01|0f|230100|010018e601fe364601020010240000[payload->]...6F....$..||0,000
