2025-07-31T06:39:44.541 0100|01|00|06|f801fe|54aa0000e1b7[payload->]...||47,073
2025-08-01T07:46:35.619 0100|01|00|06|f801fe|54aa0000e1b7[payload->]...||47,073
2025-08-01T08:07:24.491 0100|01|00|06|f801fe|54aa0000e1b7[payload->]...||47,073
2025-08-01T08:44:54.438 0100|01|00|06|f801fe|54aa0000e1b7[payload->]...||47,073
2025-08-01T10:38:44.339 0100|01|00|06|f801fe|54aa0000e1b7[payload->]...||47,073
2025-08-01T14:48:29.260 0100|01|00|06|f801fe|54aa0000e1b7[payload->]...||47,073
2025-08-01T21:50:44.305 0100|01|00|06|fc05fe|54aa0000e1b7[payload->]...||47,073
2025-08-01T22:01:44.233 0100|01|00|06|f801fe|54aa0000e1b7[payload->]...||47,073
2025-08-01T22:13:34.340 0100|01|00|06|f801fe|54aa0000e1b7[payload->]...||47,073
2025-08-01T22:32:14.246 0100|01|00|06|f805fe|54aa0000e1b7[payload->]...||47,073
2025-08-01T23:09:24.379 0100|01|00|06|f801fe|54aa0000e1b7[payload->]...||47,073
2025-08-01T23:17:34.371 0100|01|00|06|f801fe|54aa0000e1b7[payload->]...||47,073
2025-08-02T02:46:44.254 0100|01|00|06|f809fe|54aa0000e1b7[payload->]...||47,073
2025-08-02T03:08:04.703 0100|01|00|66|f821fe|54aa0000e1b70100000005fa00012004016bf20142034809f701fe200401ffffffff850d0100000005fa0001200201cbf1010001000bf301fe200201ae8da802453b1e8d0100000005fa0003100301ecf10100010007f701fe100301ffff859c0100000005fa[payload->]........... ..k..B.H.... ................ ............ ......E;....................................||64,005
2025-08-02T03:42:54.233 0100|01|00|06|f803fe|54aa0000e1b7[payload->]...||47,073
2025-08-02T04:12:34.337 0100|01|00|06|f801fe|54aa0000e1b7[payload->]...||47,073
2025-08-02T04:49:04.229 0100|01|00|06|f801fe|54aa0004e1b7[payload->]...||47,073
2025-08-02T04:56:14.257 0100|01|00|06|f801fe|54aa0000e1b7[payload->]...||47,073
2025-08-02T05:09:44.240 0100|01|00|06|fa01fe|54aa0000e1b7[payload->]...||47,073
2025-08-02T05:11:34.233 0100|01|00|06|f801fe|54aa0000e1b7[payload->]...||47,073
2025-08-02T05:39:54.290 0100|01|00|06|f801fe|54aa0000e1b7[payload->]...||47,073
2025-08-02T08:52:16.271 0100|01|00|06|f801fe|54aa0000e1b7[payload->]...||47,073
2025-08-02T11:55:19.101 0100|01|00|06|f801fe|54aa0000e1b7[payload->]...||47,073
