2025-07-30T20:37:49.244 0100|00|00|05|fa0001|1f86030623[payload->].#||8,966
2025-07-30T20:37:49.245 0100|01|00|09|f501fe|1f86030514000038e4[payload->]....8.||58,424
2025-07-30T20:47:57.786 0100|00|00|05|fa0001|1f86030623[payload->].#||8,966
2025-07-30T20:47:57.787 0100|01|00|09|f501fe|1f86030514000038e4[payload->]....8.||58,424
2025-07-30T20:58:07.236 0100|00|00|05|fa0001|1f86030623[payload->].#||8,966
2025-07-30T20:58:07.338 0100|01|00|09|f501fe|1f86030514000038e4[payload->]....8.||58,424
2025-07-30T21:08:15.710 0100|00|00|05|fa0001|1f86030623[payload->].#||8,966
2025-07-30T21:08:15.811 0100|01|00|09|f501fe|1f86030514000038e4[payload->]....8.||58,424
2025-07-30T21:18:23.959 0100|00|00|05|fa0001|1f86030623[payload->].#||8,966
2025-07-30T21:18:24.060 0100|01|00|09|f501fe|1f86030514000038e4[payload->]....8.||58,424
2025-07-30T21:28:32.650 0100|00|00|05|fa0001|1f86030623[payload->].#||8,966
2025-07-30T21:28:32.651 0100|01|00|09|f501fe|1f86030514000038e4[payload->]....8.||58,424
2025-07-30T21:38:42.096 0100|00|00|05|fa0001|1f86030623[payload->].#||8,966
2025-07-30T21:38:42.197 0100|01|00|09|f501fe|1f86030514000038e4[payload->]....8.||58,424
2025-07-30T21:48:50.770 0100|00|00|05|fa0001|1f86030623[payload->].#||8,966
2025-07-30T21:48:50.871 0100|01|00|09|f501fe|1f86030514000038e4[payload->]....8.||58,424
2025-07-30T21:58:58.942 0100|00|00|05|fa0001|1f86030623[payload->].#||8,966
2025-07-30T21:58:58.942 0100|01|00|09|f501fe|1f86030514000038e4[payload->]....8.||58,424
2025-07-30T22:09:07.630 0100|00|00|05|fa0001|1f86030623[payload->].#||8,966
2025-07-30T22:09:07.731 0100|01|00|09|f501fe|1f86030514000038e4[payload->]....8.||58,424
2025-07-30T22:19:17.172 0100|00|00|05|fa0001|1f86030623[payload->].#||8,966
2025-07-30T22:19:17.274 0100|01|00|09|f501fe|1f86030514000038e4[payload->]....8.||58,424
2025-07-30T22:29:25.724 0100|00|00|05|fa0001|1f86030623[payload->].#||8,966
2025-07-30T22:29:25.825 0100|01|00|09|f501fe|1f86030514000038e4[payload->]....8.||58,424
2025-07-30T22:39:33.882 0100|00|00|05|fa0001|1f86030623[payload->].#||8,966
2025-07-30T22:39:33.983 0100|01|00|09|f501fe|1f86030514000038e4[payload->]....8.||58,424
2025-07-30T22:49:42.927 0100|00|00|05|fa0001|1f86030623[payload->].#||8,966
2025-07-30T22:49:42.927 0100|01|00|09|f501fe|1f86030514000038e4[payload->]....8.||58,424
2025-07-30T22:59:51.979 0100|00|00|05|fa0001|1f86030623[payload->].#||8,966
2025-07-30T22:59:51.980 0100|01|00|09|f501fe|1f86030514000038e4[payload->]....8.||58,424
2025-07-30T23:10:00.517 0100|00|00|05|fa0001|1f86030623[payload->].#||8,966
2025-07-30T23:10:00.618 0100|01|00|09|f501fe|1f86030514000038e4[payload->]....8.||58,424
2025-07-30T23:20:09.474 0100|00|00|05|fa0001|1f86030623[payload->].#||8,966
2025-07-30T23:20:09.575 0100|01|00|09|f501fe|1f86030514000038e4[payload->]....8.||58,424
2025-07-30T23:30:17.727 0100|00|00|05|fa0001|1f86030623[payload->].#||8,966
2025-07-30T23:30:17.828 0100|01|00|09|f501fe|1f86030514000038e4[payload->]....8.||58,424
2025-07-30T23:40:27.658 0100|00|00|05|fa0001|1f86030623[payload->].#||8,966
2025-07-30T23:40:27.659 0100|01|00|09|f501fe|1f86030514000038e4[payload->]....8.||58,424
2025-07-30T23:50:37.405 0100|00|00|05|fa0001|1f86030623[payload->].#||8,966
2025-07-30T23:50:37.507 0100|01|00|09|f501fe|1f86030514000038e4[payload->]....8.||58,424
2025-07-31T00:00:45.834 0100|00|00|05|fa0001|1f86030623[payload->].#||8,966
2025-07-31T00:00:45.935 0100|01|00|09|f501fe|1f86030514000038e4[payload->]....8.||58,424
2025-07-31T00:10:54.204 0100|00|00|05|fa0001|1f86030623[payload->].#||8,966
2025-07-31T00:10:54.305 0100|01|00|09|f501fe|1f86030514000038e4[payload->]....8.||58,424
2025-07-31T00:21:02.722 0100|00|00|05|fa0001|1f86030623[payload->].#||8,966
2025-07-31T00:21:02.823 0100|01|00|09|f501fe|1f86030514000038e4[payload->]....8.||58,424
2025-07-31T00:31:11.941 0100|00|00|05|fa0001|1f86030623[payload->].#||8,966
2025-07-31T00:31:12.042 0100|01|00|09|f501fe|1f86030514000038e4[payload->]....8.||58,424
2025-07-31T00:51:28.925 0100|00|00|05|fa0001|1f86030623[payload->].#||8,966
2025-07-31T00:51:29.026 0100|01|00|09|f501fe|1f86030514000038e4[payload->]....8.||58,424
2025-07-31T01:01:37.727 0100|00|00|05|fa0001|1f86030623[payload->].#||8,966
2025-07-31T01:01:37.828 0100|01|00|09|f501fe|1f86030514000038e4[payload->]....8.||58,424
2025-07-31T01:11:46.552 0100|00|00|05|fa0001|1f86030623[payload->].#||8,966
2025-07-31T01:11:46.653 0100|01|00|09|f501fe|1f86030514000038e4[payload->]....8.||58,424
2025-07-31T01:21:54.131 0100|00|00|05|fa0001|1f86030623[payload->].#||8,966
2025-07-31T01:21:54.232 0100|01|00|09|f501fe|1f86030514000038e4[payload->]....8.||58,424
2025-07-31T01:32:02.859 0100|00|00|05|fa0001|1f86030623[payload->].#||8,966
2025-07-31T01:32:02.960 0100|01|00|09|f501fe|1f86030514000038e4[payload->]....8.||58,424
2025-07-31T01:42:12.047 0100|00|00|05|fa0001|1f86030623[payload->].#||8,966
2025-07-31T01:42:12.047 0100|01|00|09|f501fe|1f86030514000038e4[payload->]....8.||58,424
2025-07-31T01:52:20.722 0100|00|00|05|fa0001|1f86030623[payload->].#||8,966
2025-07-31T01:52:20.823 0100|01|00|09|f501fe|1f86030514000038e4[payload->]....8.||58,424
2025-07-31T02:02:30.416 0100|00|00|05|fa0001|1f86030623[payload->].#||8,966
2025-07-31T02:02:30.517 0100|01|00|09|f501fe|1f86030514000038e4[payload->]....8.||58,424
2025-07-31T02:12:39.093 0100|00|00|05|fa0001|1f86030623[payload->].#||8,966
2025-07-31T02:12:39.195 0100|01|00|09|f501fe|1f86030514000038e4[payload->]....8.||58,424
2025-07-31T02:22:47.941 0100|00|00|05|fa0001|1f86030623[payload->].#||8,966
2025-07-31T02:22:47.941 0100|01|00|09|f501fe|1f86030514000038e4[payload->]....8.||58,424
2025-07-31T02:32:57.089 0100|00|00|05|fa0001|1f86030623[payload->].#||8,966
2025-07-31T02:32:57.190 0100|01|00|09|f501fe|1f86030514000038e4[payload->]....8.||58,424
2025-07-31T02:43:05.145 0100|00|00|05|fa0001|1f86030623[payload->].#||8,966
2025-07-31T02:43:05.247 0100|01|00|09|f501fe|1f86030514000038e4[payload->]....8.||58,424
2025-07-31T02:53:13.820 0100|00|00|05|fa0001|1f86030623[payload->].#||8,966
2025-07-31T02:53:13.821 0100|01|00|09|f501fe|1f86030514020038e4[payload->]....8.||58,424
2025-07-31T03:03:22.668 0100|00|00|05|fa0001|1f86030623[payload->].#||8,966
2025-07-31T03:03:22.770 0100|01|00|09|f501fe|1f86030514000038e4[payload->]....8.||58,424
2025-07-31T03:13:31.782 0100|00|00|05|fa0001|1f86030623[payload->].#||8,966
2025-07-31T03:13:31.883 0100|01|00|09|f501fe|1f86030514000038e4[payload->]....8.||58,424
2025-07-31T03:23:40.318 0100|00|00|05|fa0001|1f86030623[payload->].#||8,966
2025-07-31T03:23:40.318 0100|01|00|09|f501fe|1f86030514000038e4[payload->]....8.||58,424
2025-07-31T03:33:47.790 0100|00|00|05|fa0001|1f86030623[payload->].#||8,966
2025-07-31T03:33:47.791 0100|01|00|09|f501fe|1f86030514000038e4[payload->]....8.||58,424
2025-07-31T03:43:56.724 0100|00|00|05|fa0001|1f86030623[payload->].#||8,966
2025-07-31T03:43:56.825 0100|01|00|09|f501fe|1f86030714000038e4[payload->]....8.||58,424
2025-07-31T03:54:05.261 0100|00|00|05|fa0001|1f86030623[payload->].#||8,966
2025-07-31T03:54:05.261 0100|01|00|09|f501fe|1f86030514000038e4[payload->]....8.||58,424
2025-07-31T04:04:14.122 0100|00|00|05|fa0001|1f86030623[payload->].#||8,966
2025-07-31T04:04:14.123 0100|01|00|09|f501fe|1f86030514000038e4[payload->]....8.||58,424
2025-07-31T04:14:22.731 0100|00|00|05|fa0001|1f86030623[payload->].#||8,966
2025-07-31T04:14:22.731 0100|01|00|09|f501fe|1f86030514000038e4[payload->]....8.||58,424
2025-07-31T04:24:31.788 0100|00|00|05|fa0001|1f86030623[payload->].#||8,966
2025-07-31T04:24:31.789 0100|01|00|09|f501fe|1f86030514000038e4[payload->]....8.||58,424
2025-07-31T04:34:40.728 0100|00|00|05|fa0001|1f86030623[payload->].#||8,966
2025-07-31T04:34:40.830 0100|01|00|09|f501fe|1f86030514000038e4[payload->]....8.||58,424
2025-07-31T04:44:50.076 0100|00|00|05|fa0001|1f86030623[payload->].#||8,966
2025-07-31T04:44:50.177 0100|01|00|09|f501fe|1f86030514000038e4[payload->]....8.||58,424
2025-07-31T04:54:57.750 0100|00|00|05|fa0001|1f86030623[payload->].#||8,966
2025-07-31T04:54:57.851 0100|01|00|09|f501fe|1f86030514000038e4[payload->]....8.||58,424
2025-07-31T05:05:07.397 0100|00|00|05|fa0001|1f86030623[payload->].#||8,966
2025-07-31T05:05:07.498 0100|01|00|09|f501fe|1f86030514000038e4[payload->]....8.||58,424
2025-07-31T05:15:16.413 0100|00|00|05|fa0001|1f86030623[payload->].#||8,966
2025-07-31T05:15:16.514 0100|01|00|09|f501fe|1f86030514000038e4[payload->]....8.||58,424
2025-07-31T05:25:25.190 0100|00|00|05|fa0001|1f86030623[payload->].#||8,966
2025-07-31T05:25:25.291 0100|01|00|09|f501fe|1f86030514000038e4[payload->]....8.||58,424
2025-07-31T05:35:33.781 0100|00|00|05|fa0001|1f86030623[payload->].#||8,966
2025-07-31T05:35:33.882 0100|01|00|09|f501fe|1f86030514000038e4[payload->]....8.||58,424
2025-07-31T05:45:42.656 0100|00|00|05|fa0001|1f86030623[payload->].#||8,966
2025-07-31T05:45:42.858 0100|01|00|09|f501fe|1f86030514000038e4[payload->]....8.||58,424
2025-07-31T05:55:51.613 0100|00|00|05|fa0001|1f86030623[payload->].#||8,966
2025-07-31T05:55:51.714 0100|01|00|09|f501fe|1f86030514000038e4[payload->]....8.||58,424
2025-07-31T06:06:00.638 0100|00|00|05|fa0001|1f86030623[payload->].#||8,966
2025-07-31T06:06:00.638 0100|01|00|09|f501fe|1f86030514000038e4[payload->]....8.||58,424
2025-07-31T06:16:07.719 0100|00|00|05|fa0001|1f86030623[payload->].#||8,966
2025-07-31T06:16:07.820 0100|01|00|09|f501fe|1f86030514000038e4[payload->]....8.||58,424
2025-07-31T06:26:16.777 0100|00|00|05|fa0001|1f86030623[payload->].#||8,966
2025-07-31T06:26:16.777 0100|01|00|09|f501fe|1f86030514000038e4[payload->]....8.||58,424
2025-07-31T06:46:32.896 0100|00|00|05|fa0001|1f86030623[payload->].#||8,966
2025-07-31T06:46:33.000 0100|01|00|09|f501fe|1f86030514000038e4[payload->]....8.||58,424
2025-07-31T06:56:41.736 0100|00|00|05|fa0001|1f86030623[payload->].#||8,966
2025-07-31T06:56:41.837 0100|01|00|09|f501fe|1f86030514000038e4[payload->]....8.||58,424
2025-07-31T07:06:50.375 0100|00|00|05|fa0001|1f86030623[payload->].#||8,966
2025-07-31T07:06:50.476 0100|01|00|09|f501fe|1f86030514000038e4[payload->]....8.||58,424
2025-07-31T07:16:57.740 0100|00|00|05|fa0001|1f86030623[payload->].#||8,966
2025-07-31T07:16:57.740 0100|01|00|09|f501fe|1f86030514000038e4[payload->]....8.||58,424
2025-07-31T07:27:07.172 0100|00|00|05|fa0001|1f86030623[payload->].#||8,966
2025-07-31T07:27:07.273 0100|01|00|09|f501fe|1f86030514000038e4[payload->]....8.||58,424
2025-07-31T07:37:16.874 0100|00|00|05|fa0001|1f86030623[payload->].#||8,966
2025-07-31T07:37:16.875 0100|01|00|09|f501fe|1f86030514000038e4[payload->]....8.||58,424
2025-07-31T07:47:23.694 0100|00|00|05|fa0001|1f86030623[payload->].#||8,966
2025-07-31T07:47:23.694 0100|01|00|09|f501fe|1f86030514000038e4[payload->]....8.||58,424
2025-07-31T07:57:31.885 0100|00|00|05|fa0001|1f86030623[payload->].#||8,966
2025-07-31T07:57:31.986 0100|01|00|09|f501fe|1f86030514000038e4[payload->]....8.||58,424
2025-07-31T08:07:41.001 0100|00|00|05|fa0001|1f86030623[payload->].#||8,966
2025-07-31T08:07:41.102 0100|01|00|09|f501fe|1f86030414000038e4[payload->]....8.||58,424
2025-07-31T08:17:50.608 0100|00|00|05|fa0001|1f86030623[payload->].#||8,966
2025-07-31T08:17:50.709 0100|01|00|09|f501fe|1f86030514000038e4[payload->]....8.||58,424
2025-07-31T08:27:57.642 0100|00|00|05|fa0001|1f86030623[payload->].#||8,966
2025-07-31T08:27:57.743 0100|01|00|09|f501fe|1f86030514000038e4[payload->]....8.||58,424
2025-07-31T08:38:08.249 0100|00|00|05|fa0001|1f86030623[payload->].#||8,966
2025-07-31T08:38:08.350 0100|01|00|09|f501fe|1f86030514000038e4[payload->]....8.||58,424
2025-07-31T08:48:15.776 0100|00|00|05|fa0001|1f86030623[payload->].#||8,966
2025-07-31T08:48:15.877 0100|01|00|09|f501fe|1f86030514000038e4[payload->]....8.||58,424
2025-07-31T08:58:23.644 0100|00|00|05|fa0001|1f86030623[payload->].#||8,966
2025-07-31T08:58:23.745 0100|01|00|09|f501fe|1f86030514000038e4[payload->]....8.||58,424
2025-07-31T09:08:32.915 0100|00|00|05|fa0001|1f86030623[payload->].#||8,966
2025-07-31T09:08:32.916 0100|01|00|09|f501fe|1f86030514000038e4[payload->]....8.||58,424
2025-07-31T09:18:40.834 0100|00|00|05|fa0001|1f86030623[payload->].#||8,966
2025-07-31T09:18:40.935 0100|01|00|09|f501fe|1f86030514000038e4[payload->]....8.||58,424
2025-07-31T09:28:48.707 0100|00|00|05|fa0001|1f86030623[payload->].#||8,966
2025-07-31T09:28:48.808 0100|01|00|09|f501fe|1f86030514000038e4[payload->]....8.||58,424
2025-07-31T09:38:56.793 0100|00|00|05|fa0001|1f86030623[payload->].#||8,966
2025-07-31T09:38:56.895 0100|01|00|09|f501fe|1f86030514000038e4[payload->]....8.||58,424
2025-07-31T09:49:05.366 0100|00|00|05|fa0001|1f86030623[payload->].#||8,966
2025-07-31T09:49:05.467 0100|01|00|09|f501fe|1f86030514000038e4[payload->]....8.||58,424
2025-07-31T09:59:12.850 0100|00|00|05|fa0001|1f86030623[payload->].#||8,966
2025-07-31T09:59:12.851 0100|01|00|09|f501fe|1f86030514000038e4[payload->]....8.||58,424
2025-07-31T10:09:22.120 0100|00|00|05|fa0001|1f86030623[payload->].#||8,966
2025-07-31T10:09:22.222 0100|01|00|09|f501fe|1f86030514000038e4[payload->]....8.||58,424
2025-07-31T10:19:30.344 0100|00|00|05|fa0001|1f86030623[payload->].#||8,966
2025-07-31T10:19:30.445 0100|01|00|09|f501fe|1f86030514000038e4[payload->]....8.||58,424
2025-07-31T10:29:38.704 0100|00|00|05|fa0001|1f86030623[payload->].#||8,966
2025-07-31T10:29:38.805 0100|01|00|09|f501fe|1f86030514000038e4[payload->]....8.||58,424
2025-07-31T10:39:47.066 0100|00|00|05|fa0001|1f86030623[payload->].#||8,966
2025-07-31T10:39:47.066 0100|01|00|09|f501fe|1f86030514000038e4[payload->]....8.||58,424
2025-07-31T10:49:55.828 0100|00|00|05|fa0001|1f86030623[payload->].#||8,966
2025-07-31T10:49:56.030 0100|01|00|09|f501fe|1f86030514000038e4[payload->]....8.||58,424
2025-07-31T11:00:03.772 0100|00|00|05|fa0001|1f86030623[payload->].#||8,966
2025-07-31T11:00:03.873 0100|01|00|09|f501fe|1f86030514000038e4[payload->]....8.||58,424
2025-07-31T11:10:12.782 0100|00|00|05|fa0001|1f86030623[payload->].#||8,966
2025-07-31T11:10:12.883 0100|01|00|09|f501fe|1f86030514000038e4[payload->]....8.||58,424
2025-07-31T11:20:21.740 0100|00|00|05|fa0001|1f86030623[payload->].#||8,966
2025-07-31T11:20:21.842 0100|01|00|09|f501fe|1f86030514000038e4[payload->]....8.||58,424
2025-07-31T11:30:30.428 0100|00|00|05|fa0001|1f86030623[payload->].#||8,966
2025-07-31T11:30:30.529 0100|01|00|09|f501fe|1f86030514000038e4[payload->]....8.||58,424
2025-07-31T11:40:38.917 0100|00|00|05|fa0001|1f86030623[payload->].#||8,966
2025-07-31T11:40:39.018 0100|01|00|09|f501fe|1f86030514000038e4[payload->]....8.||58,424
2025-07-31T11:50:46.987 0100|00|00|05|fa0001|1f86030623[payload->].#||8,966
2025-07-31T11:50:46.988 0100|01|00|09|f501fe|1f86030514000038e4[payload->]....8.||58,424
2025-07-31T12:00:56.150 0100|00|00|05|fa0001|1f86030623[payload->].#||8,966
2025-07-31T12:00:56.150 0100|01|00|09|f501fe|1f86030514000038e4[payload->]....8.||58,424
2025-07-31T12:11:03.949 0100|00|00|05|fa0001|1f86030623[payload->].#||8,966
2025-07-31T12:11:03.949 0100|01|00|09|f501fe|1f86030514000038e4[payload->]....8.||58,424
2025-07-31T12:21:12.620 0100|00|00|05|fa0001|1f86030623[payload->].#||8,966
2025-07-31T12:21:12.721 0100|01|00|09|f501fe|1f86030514000038e4[payload->]....8.||58,424
2025-07-31T12:31:21.898 0100|00|00|05|fa0001|1f86030623[payload->].#||8,966
2025-07-31T12:31:21.898 0100|01|00|09|f501fe|1f86030514000038e4[payload->]....8.||58,424
2025-07-31T12:41:32.685 0100|00|00|05|fa0001|1f86030623[payload->].#||8,966
2025-07-31T12:41:32.685 0100|01|00|09|f501fe|1f86030514000038e4[payload->]....8.||58,424
2025-07-31T12:51:42.011 0100|00|00|05|fa0001|1f86030623[payload->].#||8,966
2025-07-31T12:51:42.112 0100|01|00|09|f501fe|1f86030514000038e4[payload->]....8.||58,424
2025-07-31T13:01:51.483 0100|00|00|05|fa0001|1f86030623[payload->].#||8,966
2025-07-31T13:01:51.483 0100|01|00|09|f501fe|1f86030514000038e4[payload->]....8.||58,424
2025-07-31T13:11:59.133 0100|00|00|05|fa0001|1f86030623[payload->].#||8,966
2025-07-31T13:11:59.134 0100|01|00|09|f501fe|1f86030514000038e4[payload->]....8.||58,424
2025-07-31T13:32:16.203 0100|00|00|05|fa0001|1f86030623[payload->].#||8,966
2025-07-31T13:32:16.303 0100|01|00|09|f501fe|1f86030514000038e4[payload->]....8.||58,424
2025-07-31T13:42:23.765 0100|00|00|05|fa0001|1f86030623[payload->].#||8,966
2025-07-31T13:42:23.866 0100|01|00|09|f501fe|1f86030514000038e4[payload->]....8.||58,424
2025-07-31T13:52:32.709 0100|00|00|05|fa0001|1f86030623[payload->].#||8,966
2025-07-31T13:52:32.811 0100|01|00|09|f501fe|1f86030514000038e4[payload->]....8.||58,424
2025-07-31T14:02:41.858 0100|00|00|05|fa0001|1f86030623[payload->].#||8,966
2025-07-31T14:02:41.959 0100|01|00|09|f501fe|1f86030514000038e4[payload->]....8.||58,424
2025-07-31T14:12:51.255 0100|00|00|05|fa0001|1f86030623[payload->].#||8,966
2025-07-31T14:12:51.356 0100|01|00|09|f501fe|1f86030514000038e4[payload->]....8.||58,424
2025-07-31T14:22:58.813 0100|00|00|05|fa0001|1f86030623[payload->].#||8,966
2025-07-31T14:22:58.813 0100|01|00|09|f501fe|1f86030514000038e4[payload->]....8.||58,424
2025-07-31T14:33:07.795 0100|00|00|05|fa0001|1f86030623[payload->].#||8,966
2025-07-31T14:33:07.796 0100|01|00|09|f501fe|1f86030514000038e4[payload->]....8.||58,424
2025-07-31T14:53:25.646 0100|00|00|05|fa0001|1f86030623[payload->].#||8,966
2025-07-31T14:53:25.747 0100|01|00|09|f501fe|1f86030514000038e4[payload->]....8.||58,424
2025-07-31T15:03:32.685 0100|00|00|05|fa0001|1f86030623[payload->].#||8,966
2025-07-31T15:03:32.786 0100|01|00|09|f501fe|1f86030514000038e4[payload->]....8.||58,424
2025-07-31T15:13:41.875 0100|00|00|05|fa0001|1f86030623[payload->].#||8,966
2025-07-31T15:13:41.875 0100|01|00|09|f501fe|1f86030514000038e4[payload->]....8.||58,424
2025-07-31T15:23:50.351 0100|00|00|05|fa0001|1f86030623[payload->].#||8,966
2025-07-31T15:23:50.452 0100|01|00|09|f501fe|1f86030514000038e4[payload->]....8.||58,424
2025-07-31T15:33:59.237 0100|00|00|05|fa0001|1f86030623[payload->].#||8,966
2025-07-31T15:33:59.237 0100|01|00|09|f501fe|1f86030514000038e4[payload->]....8.||58,424
2025-07-31T15:44:07.775 0100|00|00|05|fa0001|1f86030623[payload->].#||8,966
2025-07-31T15:44:07.776 0100|01|00|09|f501fe|1f86030514000038e4[payload->]....8.||58,424
2025-07-31T15:54:17.124 0100|00|00|05|fa0001|1f86030623[payload->].#||8,966
2025-07-31T15:54:17.226 0100|01|00|09|f501fe|1f86030514000038e4[payload->]....8.||58,424
2025-07-31T16:04:26.866 0100|00|00|05|fa0001|1f86030623[payload->].#||8,966
2025-07-31T16:04:26.968 0100|01|00|09|f501fe|1f86030514000038e4[payload->]....8.||58,424
2025-07-31T16:14:35.308 0100|00|00|05|fa0001|1f86030623[payload->].#||8,966
2025-07-31T16:14:35.409 0100|01|00|09|f501fe|1f86030514000038e4[payload->]....8.||58,424
2025-07-31T16:24:43.796 0100|00|00|05|fa0001|1f86030623[payload->].#||8,966
2025-07-31T16:24:43.897 0100|01|00|09|f501fe|1f86030514000038e4[payload->]....8.||58,424
2025-07-31T16:34:51.844 0100|00|00|05|fa0001|1f86030623[payload->].#||8,966
2025-07-31T16:34:51.945 0100|01|00|09|f501fe|1f86030514000038e4[payload->]....8.||58,424
2025-07-31T16:55:10.843 0100|00|00|05|fa0001|1f86030623[payload->].#||8,966
2025-07-31T16:55:10.944 0100|01|00|09|f501fe|1f86030514000038e4[payload->]....8.||58,424
2025-07-31T17:05:18.914 0100|00|00|05|fa0001|1f86030623[payload->].#||8,966
2025-07-31T17:05:18.915 0100|01|00|09|f501fe|1f86030514000038e4[payload->]....8.||58,424
2025-07-31T17:15:28.220 0100|00|00|05|fa0001|1f86030623[payload->].#||8,966
2025-07-31T17:15:28.221 0100|01|00|09|f501fe|1f86030514000038e4[payload->]....8.||58,424
2025-07-31T17:25:37.129 0100|00|00|05|fa0001|1f86030423[payload->].#||8,964
2025-07-31T17:25:37.129 0100|01|00|09|f501fe|1f86030514000038e4[payload->]....8.||58,424
2025-07-31T17:35:46.788 0100|00|00|05|fa0001|1f86030623[payload->].#||8,966
2025-07-31T17:35:46.889 0100|01|00|09|f501fe|1f86030514000038e4[payload->]....8.||58,424
2025-07-31T17:45:56.017 0100|00|00|05|fa0001|1f86030623[payload->].#||8,966
2025-07-31T17:45:56.017 0100|01|00|09|f501fe|1f86030514000038e4[payload->]....8.||58,424
2025-07-31T17:56:04.026 0100|00|00|05|fa0001|1f86030623[payload->].#||8,966
2025-07-31T17:56:04.027 0100|01|00|09|f501fe|1f86030514000038e4[payload->]....8.||58,424
2025-07-31T18:06:13.188 0100|00|00|05|fa0001|1f86030623[payload->].#||8,966
2025-07-31T18:06:13.290 0100|01|00|09|f501fe|1f86030514000038e4[payload->]....8.||58,424
2025-07-31T18:16:21.925 0100|00|00|05|fa0001|1f86030623[payload->].#||8,966
2025-07-31T18:16:21.925 0100|01|00|09|f501fe|1f86030514000038e4[payload->]....8.||58,424
2025-07-31T18:26:31.068 0100|00|00|05|fa0001|1f86030623[payload->].#||8,966
2025-07-31T18:26:31.169 0100|01|00|09|f501fe|1f86030514000038e4[payload->]....8.||58,424
2025-07-31T18:36:40.472 0100|00|00|05|fa0001|1f86030623[payload->].#||8,966
2025-07-31T18:36:40.472 0100|01|00|09|f501fe|1f86030514000038e4[payload->]....8.||58,424
2025-07-31T18:46:49.250 0100|00|00|05|fa0001|1f86030623[payload->].#||8,966
2025-07-31T18:46:49.351 0100|01|00|09|f501fe|1f86030514000038e4[payload->]....8.||58,424
2025-07-31T18:56:58.296 0100|00|00|05|fa0001|1f86030623[payload->].#||8,966
2025-07-31T18:56:58.397 0100|01|00|09|f501fe|1f86030514000038e4[payload->]....8.||58,424
2025-07-31T19:07:07.617 0100|00|00|05|fa0001|1f86030623[payload->].#||8,966
2025-07-31T19:07:07.719 0100|01|00|09|f501fe|1f86030514000038e4[payload->]....8.||58,424
2025-07-31T19:17:17.600 0100|00|00|05|fa0001|1f86030623[payload->].#||8,966
2025-07-31T19:17:17.701 0100|01|00|09|f501fe|1f86030514000038e4[payload->]....8.||58,424
2025-07-31T19:27:25.540 0100|00|00|05|fa0001|1f86030623[payload->].#||8,966
2025-07-31T19:27:25.741 0100|01|00|09|f501fe|1f86030514000038e4[payload->]....8.||58,424
2025-07-31T19:37:33.894 0100|00|00|05|fa0001|1f86030623[payload->].#||8,966
2025-07-31T19:37:33.895 0100|01|00|09|f501fe|1f86030514000038e4[payload->]....8.||58,424
2025-07-31T19:47:43.027 0100|00|00|05|fa0001|1f86030623[payload->].#||8,966
2025-07-31T19:47:43.128 0100|01|00|09|f501fe|1f86030514000038e4[payload->]....8.||58,424
2025-07-31T19:57:51.903 0100|00|00|05|fa0001|1f86030623[payload->].#||8,966
2025-07-31T19:57:52.004 0100|01|00|09|f501fe|1f86030514000038e4[payload->]....8.||58,424
2025-07-31T20:08:00.802 0100|00|00|05|fa0001|1f86030623[payload->].#||8,966
2025-07-31T20:08:00.802 0100|01|00|09|f501fe|1f86030514000038e4[payload->]....8.||58,424
2025-07-31T20:18:08.934 0100|00|00|05|fa0001|1f86030623[payload->].#||8,966
2025-07-31T20:18:09.035 0100|01|00|09|f501fe|1f86030514000038e4[payload->]....8.||58,424
2025-07-31T20:28:17.804 0100|00|00|05|fa0001|1f86030623[payload->].#||8,966
2025-07-31T20:28:17.905 0100|01|00|09|f501fe|1f86030514000038e4[payload->]....8.||58,424
2025-07-31T20:38:27.886 0100|00|00|05|fa0001|1f86030623[payload->].#||8,966
2025-07-31T20:38:27.886 0100|01|00|09|f501fe|1f86030514000038e4[payload->]....8.||58,424
2025-07-31T20:48:36.854 0100|00|00|05|fa0001|1f86030623[payload->].#||8,966
2025-07-31T20:48:36.955 0100|01|00|09|f501fe|1f86030514000038e4[payload->]....8.||58,424
2025-07-31T20:58:46.239 0100|00|00|05|fa0001|1f86030623[payload->].#||8,966
2025-07-31T20:58:46.239 0100|01|00|09|f501fe|1f86030514000038e4[payload->]....8.||58,424
2025-07-31T21:08:54.001 0100|00|00|05|fa0001|1f86030623[payload->].#||8,966
2025-07-31T21:08:54.002 0100|01|00|09|f501fe|1f86030514000038e4[payload->]....8.||58,424
2025-07-31T21:19:02.967 0100|00|00|05|fa0001|1f86030623[payload->].#||8,966
2025-07-31T21:19:02.968 0100|01|00|09|f501fe|1f86030514000038e4[payload->]....8.||58,424
2025-07-31T21:29:11.954 0100|00|00|05|fa0001|1f86030623[payload->].#||8,966
2025-07-31T21:29:12.055 0100|01|00|09|f501fe|1f86030514000038e4[payload->]....8.||58,424
2025-07-31T21:39:20.947 0100|00|00|05|fa0001|1f86030623[payload->].#||8,966
2025-07-31T21:39:20.947 0100|01|00|09|f501fe|1f86030514000038e4[payload->]....8.||58,424
2025-07-31T21:49:30.423 0100|00|00|05|fa0001|1f86030623[payload->].#||8,966
2025-07-31T21:49:30.524 0100|01|00|09|f501fe|1f86030514000038e4[payload->]....8.||58,424
2025-07-31T21:59:37.617 0100|00|00|05|fa0001|1f86030623[payload->].#||8,966
2025-07-31T21:59:37.718 0100|01|00|09|f501fe|1f86030514000038e4[payload->]....8.||58,424
2025-07-31T22:19:55.582 0100|00|00|05|fa0001|1f86030623[payload->].#||8,966
2025-07-31T22:19:55.582 0100|01|00|09|f501fe|1f86030514000038e4[payload->]....8.||58,424
2025-07-31T22:30:04.086 0100|00|00|05|fa0001|1f86030623[payload->].#||8,966
2025-07-31T22:30:04.087 0100|01|00|09|f501fe|1f86030514000038e4[payload->]....8.||58,424
2025-07-31T22:40:12.948 0100|00|00|05|fa0001|1f86030623[payload->].#||8,966
2025-07-31T22:40:12.949 0100|01|00|09|f501fe|1f86030514000038e4[payload->]....8.||58,424
2025-07-31T22:50:22.686 0100|00|00|05|fa0001|1f86030623[payload->].#||8,966
2025-07-31T22:50:22.787 0100|01|00|09|f501fe|1f86030514000038e4[payload->]....8.||58,424
2025-07-31T23:00:31.779 0100|00|00|05|fa0001|1f86030623[payload->].#||8,966
2025-07-31T23:00:31.880 0100|01|00|09|f501fe|1f86030514000038e4[payload->]....8.||58,424
2025-07-31T23:10:41.145 0100|00|00|05|fa0001|1f86030623[payload->].#||8,966
2025-07-31T23:10:41.146 0100|01|00|09|f501fe|1f86030514000038e4[payload->]....8.||58,424
2025-07-31T23:20:50.493 0100|00|00|05|fa0001|1f86030623[payload->].#||8,966
2025-07-31T23:20:50.493 0100|01|00|09|f501fe|1f86030514000038e4[payload->]....8.||58,424
2025-07-31T23:30:58.816 0100|00|00|05|fa0001|1f86030623[payload->].#||8,966
2025-07-31T23:30:58.917 0100|01|00|09|f501fe|1f86030514000038e4[payload->]....8.||58,424
2025-07-31T23:41:07.977 0100|00|00|05|fa0001|1f86030623[payload->].#||8,966
2025-07-31T23:41:07.977 0100|01|00|09|f501fe|1f86030514000038e4[payload->]....8.||58,424
2025-07-31T23:51:18.047 0100|00|00|05|fa0001|1f86030623[payload->].#||8,966
2025-07-31T23:51:18.148 0100|01|00|09|f501fe|1f86030514000038e4[payload->]....8.||58,424
2025-08-01T00:01:27.104 0100|00|00|05|fa0001|1f86030623[payload->].#||8,966
2025-08-01T00:01:27.205 0100|01|00|09|f501fe|1f86030514000038e4[payload->]....8.||58,424
2025-08-01T00:11:35.615 0100|00|00|05|fa0001|1f86030623[payload->].#||8,966
2025-08-01T00:11:35.717 0100|01|00|09|f501fe|1f86030514000038e4[payload->]....8.||58,424
2025-08-01T00:21:43.681 0100|00|00|05|fa0001|1f86030623[payload->].#||8,966
2025-08-01T00:21:43.782 0100|01|00|09|f501fe|1f86030514000038e4[payload->]....8.||58,424
2025-08-01T00:31:52.655 0100|00|00|05|fa0001|1f86030623[payload->].#||8,966
2025-08-01T00:31:52.655 0100|01|00|09|f501fe|1f86030514000038e4[payload->]....8.||58,424
2025-08-01T00:42:02.055 0100|00|00|05|fa0001|1f86030623[payload->].#||8,966
2025-08-01T00:42:02.157 0100|01|00|09|f501fe|1f86030514000038e4[payload->]....8.||58,424
2025-08-01T00:52:10.895 0100|00|00|05|fa0001|1f86030623[payload->].#||8,966
2025-08-01T00:52:10.996 0100|01|00|09|f501fe|1f86030514000038e4[payload->]....8.||58,424
2025-08-01T01:02:20.499 0100|00|00|05|fa0001|1f86030623[payload->].#||8,966
2025-08-01T01:02:20.600 0100|01|00|09|f501fe|1f86030514000038e4[payload->]....8.||58,424
2025-08-01T01:12:29.090 0100|00|00|05|fa0001|1f86030623[payload->].#||8,966
2025-08-01T01:12:29.191 0100|01|00|09|f501fe|1f86030514000038e4[payload->]....8.||58,424
2025-08-01T01:22:37.935 0100|00|00|05|fa0001|1f86030623[payload->].#||8,966
2025-08-01T01:22:38.036 0100|01|00|09|f501fe|1f86030514000038e4[payload->]....8.||58,424
2025-08-01T01:32:47.092 0100|00|00|05|fa0001|1f86030623[payload->].#||8,966
2025-08-01T01:32:47.192 0100|01|00|09|f501fe|1f86030514000038e4[payload->]....8.||58,424
2025-08-01T01:42:55.359 0100|00|00|05|fa0001|1f86030623[payload->].#||8,966
2025-08-01T01:42:55.460 0100|01|00|09|f501fe|1f86030514000038e4[payload->]....8.||58,424
2025-08-01T01:53:03.933 0100|00|00|05|fa0001|1f86030623[payload->].#||8,966
2025-08-01T01:53:03.933 0100|01|00|09|f501fe|1f86030514000038e4[payload->]....8.||58,424
2025-08-01T02:03:12.892 0100|00|00|05|fa0001|1f86030623[payload->].#||8,966
2025-08-01T02:03:12.994 0100|01|00|09|f501fe|1f86030514000038e4[payload->]....8.||58,424
2025-08-01T02:13:21.893 0100|00|00|05|fa0001|1f86030623[payload->].#||8,966
2025-08-01T02:13:21.994 0100|01|00|09|f501fe|1f86030514000038e4[payload->]....8.||58,424
2025-08-01T02:23:30.971 0100|00|00|05|fa0001|1f86030623[payload->].#||8,966
2025-08-01T02:23:31.073 0100|01|00|09|f501fe|1f86030514000038e4[payload->]....8.||58,424
2025-08-01T02:33:38.983 0100|00|00|05|fa0001|1f86030623[payload->].#||8,966
2025-08-01T02:33:39.084 0100|01|00|09|f501fe|1f86030514000038e4[payload->]....8.||58,424
2025-08-01T02:43:48.309 0100|00|00|05|fa0001|1f86030623[payload->].#||8,966
2025-08-01T02:43:48.410 0100|01|00|09|f501fe|1f86030514000038e4[payload->]....8.||58,424
2025-08-01T02:53:57.162 0100|00|00|05|fa0001|1f86030623[payload->].#||8,966
2025-08-01T02:53:57.162 0100|01|00|09|f501fe|1f86030514000038e4[payload->]....8.||58,424
2025-08-01T03:04:05.402 0100|00|00|05|fa0001|1f86030623[payload->].#||8,966
2025-08-01T03:04:05.403 0100|01|00|09|f501fe|1f86030514000038e4[payload->]....8.||58,424
2025-08-01T03:14:14.062 0100|01|00|09|f501fe|1f86030514000038e4[payload->]....8.||58,424
2025-08-01T03:24:22.643 0100|00|00|05|fa0001|1f86030623[payload->].#||8,966
2025-08-01T03:24:22.745 0100|01|00|09|f501fe|1f86030514000038e4[payload->]....8.||58,424
2025-08-01T03:34:31.042 0100|00|00|05|fa0001|1f86030623[payload->].#||8,966
2025-08-01T03:34:31.143 0100|01|00|09|f501fe|1f86030514000038e4[payload->]....8.||58,424
2025-08-01T03:44:38.762 0100|00|00|05|fa0001|1f86030623[payload->].#||8,966
2025-08-01T03:44:38.863 0100|01|00|09|f501fe|1f86030514000038e4[payload->]....8.||58,424
2025-08-01T03:54:47.744 0100|00|00|05|fa0001|1f86030623[payload->].#||8,966
2025-08-01T04:04:57.164 0100|00|00|05|fa0001|1f86030623[payload->].#||8,966
2025-08-01T04:04:57.165 0100|01|00|09|f501fe|1f86030514000038e4[payload->]....8.||58,424
2025-08-01T04:15:06.748 0100|00|00|05|fa0001|1f86030623[payload->].#||8,966
2025-08-01T04:15:06.849 0100|01|00|09|f501fe|1f86030514000038e4[payload->]....8.||58,424
2025-08-01T04:25:15.491 0100|00|00|05|fa0001|1f86030623[payload->].#||8,966
2025-08-01T04:25:15.492 0100|01|00|09|f501fe|1f86030514000038e4[payload->]....8.||58,424
2025-08-01T04:35:23.829 0100|00|00|05|fa0001|1f86030623[payload->].#||8,966
2025-08-01T04:35:23.830 0100|01|00|09|f501fe|1f86030514000038e0[payload->]....8.||57,400
2025-08-01T04:45:33.787 0100|00|00|05|fa0001|1f86030623[payload->].#||8,966
2025-08-01T04:45:33.787 0100|01|00|09|f501fe|1f86030514000038e4[payload->]....8.||58,424
2025-08-01T04:55:42.763 0100|00|00|05|fa0001|1f86030623[payload->].#||8,966
2025-08-01T04:55:42.864 0100|01|00|09|f501fe|1f86030514000038e4[payload->]....8.||58,424
2025-08-01T05:05:52.413 0100|00|00|05|fa0001|1f86030623[payload->].#||8,966
2025-08-01T05:05:52.514 0100|01|00|09|f501fe|1f86030514000038e4[payload->]....8.||58,424
2025-08-01T05:16:00.924 0100|00|00|05|fa0001|1f86030623[payload->].#||8,966
2025-08-01T05:16:01.025 0100|01|00|09|f501fe|1f86030514000038e4[payload->]....8.||58,424
2025-08-01T05:26:08.833 0100|00|00|05|fa0001|1f86030623[payload->].#||8,966
2025-08-01T05:26:08.934 0100|01|00|09|f501fe|1f86030514000038e4[payload->]....8.||58,424
2025-08-01T05:36:17.815 0100|00|00|05|fa0001|1f86030623[payload->].#||8,966
2025-08-01T05:36:17.815 0100|01|00|09|f101fe|1f86030514000038e4[payload->]....8.||58,424
2025-08-01T05:46:27.046 0100|00|00|05|fa0001|1f86030623[payload->].#||8,966
2025-08-01T05:46:27.147 0100|01|00|09|f501fe|1f86030514000038e4[payload->]....8.||58,424
2025-08-01T05:56:36.615 0100|00|00|05|fa0001|1f86030623[payload->].#||8,966
2025-08-01T05:56:36.716 0100|01|00|09|f501fe|1f86030514000038e4[payload->]....8.||58,424
2025-08-01T06:06:45.520 0100|00|00|05|fa0001|1f86030623[payload->].#||8,966
2025-08-01T06:06:45.621 0100|01|00|09|f501fe|1f86030514000038e4[payload->]....8.||58,424
2025-08-01T06:16:53.766 0100|00|00|05|fa0001|1f86030623[payload->].#||8,966
2025-08-01T06:16:53.867 0100|01|00|09|f501fe|1f86030514000038e4[payload->]....8.||58,424
2025-08-01T06:27:02.805 0100|00|00|05|fa0001|1f86030623[payload->].#||8,966
2025-08-01T06:27:02.906 0100|01|00|09|f501fe|1f86030514000038e4[payload->]....8.||58,424
2025-08-01T06:37:10.893 0100|00|00|05|fa0001|1f86030623[payload->].#||8,966
2025-08-01T06:37:10.994 0100|01|00|09|f501fe|1f86030514000038e4[payload->]....8.||58,424
2025-08-01T06:47:18.971 0100|00|00|05|fa0001|1f86030623[payload->].#||8,966
2025-08-01T06:47:19.073 0100|01|00|09|f501fe|1f86030514000038e4[payload->]....8.||58,424
2025-08-01T06:57:27.704 0100|00|00|05|fa0001|1f86030623[payload->].#||8,966
2025-08-01T06:57:27.805 0100|01|00|09|f501fe|1f86030514000038e4[payload->]....8.||58,424
2025-08-01T07:07:37.241 0100|00|00|05|fa0001|1f86030623[payload->].#||8,966
2025-08-01T07:07:37.342 0100|01|00|09|f501fe|1f86030514000038e4[payload->]....8.||58,424
2025-08-01T07:17:45.457 0100|00|00|05|fa0001|1f86030623[payload->].#||8,966
2025-08-01T07:17:45.458 0100|01|00|09|f541fe|1f86030514000038e4[payload->]....8.||58,424
2025-08-01T07:27:53.932 0100|00|00|05|fa0001|1f86030623[payload->].#||8,966
2025-08-01T07:27:54.033 0100|01|00|09|f501fe|1f86030514000038e4[payload->]....8.||58,424
2025-08-01T07:38:03.041 0100|00|00|05|fa0001|1f86030623[payload->].#||8,966
2025-08-01T07:38:03.143 0100|01|00|09|f501fe|1f86030514000038e4[payload->]....8.||58,424
2025-08-01T07:48:11.496 0100|00|00|05|fa0001|1f86030623[payload->].#||8,966
2025-08-01T07:48:11.597 0100|01|00|09|f501fe|1f86030514000038e4[payload->]....8.||58,424
2025-08-01T07:58:21.036 0100|00|00|05|fa0001|1f86030623[payload->].#||8,966
2025-08-01T07:58:21.137 0100|01|00|09|f501fe|1f86030514000038e4[payload->]....8.||58,424
2025-08-01T08:08:28.988 0100|00|00|05|fa0001|1f86030623[payload->].#||8,966
2025-08-01T08:08:29.089 0100|01|00|09|f501fe|1f86030514000038e4[payload->]....8.||58,424
2025-08-01T08:18:37.852 0100|00|00|05|fa0001|1f86030623[payload->].#||8,966
2025-08-01T08:18:37.954 0100|01|00|09|f501fe|1f86030514000038e4[payload->]....8.||58,424
2025-08-01T08:28:47.143 0100|00|00|05|fa0001|1f86030623[payload->].#||8,966
2025-08-01T08:28:47.144 0100|01|00|09|f501fe|1f86030514000038e4[payload->]....8.||58,424
2025-08-01T08:38:55.699 0100|00|00|05|fa0001|1f86030623[payload->].#||8,966
2025-08-01T08:38:55.800 0100|01|00|09|f501fe|1f86030514000038e4[payload->]....8.||58,424
2025-08-01T08:49:04.265 0100|00|00|05|fa0001|1f86030623[payload->].#||8,966
2025-08-01T08:49:04.366 0100|01|00|09|f501fe|1f86030514000038e4[payload->]....8.||58,424
2025-08-01T08:59:12.965 0100|00|00|05|fa0001|1f86030623[payload->].#||8,966
2025-08-01T08:59:13.066 0100|01|00|09|f501fe|1f86030514000038e4[payload->]....8.||58,424
2025-08-01T09:09:21.989 0100|00|00|05|fa0001|1f86030623[payload->].#||8,966
2025-08-01T09:09:21.989 0100|01|00|09|f501fe|1f86030514000038e4[payload->]....8.||58,424
2025-08-01T09:19:30.744 0100|00|00|05|fa0001|1f86030623[payload->].#||8,966
2025-08-01T09:19:30.845 0100|01|00|09|f501fe|1f86030514000038e4[payload->]....8.||58,424
2025-08-01T09:29:40.607 0100|00|00|05|fa0001|1f86030623[payload->].#||8,966
2025-08-01T09:29:40.708 0100|01|00|09|f501fe|1f86030514000038e4[payload->]....8.||58,424
2025-08-01T09:39:49.425 0100|00|00|05|fa0001|1f86030623[payload->].#||8,966
2025-08-01T09:49:57.715 0100|00|00|05|fa0001|1f86030623[payload->].#||8,966
2025-08-01T09:49:57.816 0100|01|00|09|f501fe|1f86030514000038e4[payload->]....8.||58,424
2025-08-01T10:00:06.954 0100|00|00|05|fa0001|1f86030623[payload->].#||8,966
2025-08-01T10:00:07.055 0100|01|00|09|f501fe|1f86030514000038e4[payload->]....8.||58,424
2025-08-01T10:10:15.878 0100|01|08|09|f501fe|1f86030514000038e4[payload->]....8.||58,424
2025-08-01T10:20:24.049 0100|00|00|05|fa0001|1f86030623[payload->].#||8,966
2025-08-01T10:20:24.150 0100|01|00|09|f501fe|1f86030514000038e4[payload->]....8.||58,424
2025-08-01T10:30:33.026 0100|00|00|05|fa0001|1f86030623[payload->].#||8,966
2025-08-01T10:30:33.027 0100|01|00|09|f501fe|1f86030514000038e4[payload->]....8.||58,424
2025-08-01T10:40:41.858 0100|00|00|05|fa0001|1f86030623[payload->].#||8,966
2025-08-01T10:40:41.959 0100|01|00|09|f501fe|1f86030514000038e4[payload->]....8.||58,424
2025-08-01T10:50:50.675 0100|00|00|05|fa0001|1f86030623[payload->].#||8,966
2025-08-01T10:50:50.776 0100|01|00|09|f501fe|1f86030514000038e4[payload->]....8.||58,424
2025-08-01T11:01:00.520 0100|00|00|05|fa0001|1f86030623[payload->].#||8,966
2025-08-01T11:01:00.621 0100|01|00|09|f501fe|1f86030514000038e4[payload->]....8.||58,424
2025-08-01T11:11:08.941 0100|00|00|05|fa0001|1f86030623[payload->].#||8,966
2025-08-01T11:11:09.042 0100|01|00|09|f501fe|1f86030514000038e4[payload->]....8.||58,424
2025-08-01T11:21:17.780 0100|00|00|05|fa0001|1f86030623[payload->].#||8,966
2025-08-01T11:41:37.872 0100|00|00|05|fa0001|1f86030623[payload->].#||8,966
2025-08-01T11:41:37.872 0100|01|00|09|f501fe|1f86030514000038e4[payload->]....8.||58,424
2025-08-01T11:51:46.240 0100|00|00|05|fa0001|1f86030623[payload->].#||8,966
2025-08-01T11:51:46.341 0100|01|00|09|f501fe|1f86030514000038e4[payload->]....8.||58,424
2025-08-01T12:01:56.136 0100|00|00|05|fa0001|1f86030623[payload->].#||8,966
2025-08-01T12:01:56.237 0100|01|00|09|f501fe|1f86030514000038e4[payload->]....8.||58,424
2025-08-01T12:12:04.055 0100|00|00|05|fa0001|1f86030623[payload->].#||8,966
2025-08-01T12:12:04.156 0100|01|00|09|f501fe|1f86030514000038e4[payload->]....8.||58,424
2025-08-01T12:22:12.967 0100|00|00|05|fa0001|1f86030623[payload->].#||8,966
2025-08-01T12:22:12.967 0100|01|00|09|f501fe|1f86030514000038e4[payload->]....8.||58,424
2025-08-01T12:32:21.753 0100|00|00|05|fa0001|1f86030623[payload->].#||8,966
2025-08-01T12:32:21.854 0100|01|00|09|f501fe|1f86030514000038e4[payload->]....8.||58,424
2025-08-01T12:42:30.656 0100|00|00|05|fa0001|1f86030623[payload->].#||8,966
2025-08-01T12:42:30.757 0100|01|00|09|f501fe|1f86030514000038e4[payload->]....8.||58,424
2025-08-01T12:52:38.757 0100|00|00|05|fa0001|1f86030623[payload->].#||8,966
2025-08-01T12:52:38.858 0100|01|00|09|f501fe|1f86030514000038e4[payload->]....8.||58,424
2025-08-01T13:02:47.898 0100|00|00|05|fa0001|1f86030623[payload->].#||8,966
2025-08-01T13:02:47.898 0100|01|00|09|f501fe|1f86030514000038e4[payload->]....8.||58,424
2025-08-01T13:12:57.920 0100|00|00|05|fa0001|1f86030623[payload->].#||8,966
2025-08-01T13:12:58.021 0100|01|00|09|f501fe|1f86030514000038e4[payload->]....8.||58,424
2025-08-01T13:23:05.645 0100|00|00|05|fa0001|1f86030623[payload->].#||8,966
2025-08-01T13:23:05.746 0100|01|00|09|f501fe|1f86030514000038e4[payload->]....8.||58,424
2025-08-01T13:33:13.828 0100|00|00|05|fa0001|1f86030623[payload->].#||8,966
2025-08-01T13:33:13.929 0100|01|00|09|f501fe|1f86030514000038e4[payload->]....8.||58,424
2025-08-01T13:43:22.971 0100|00|00|05|fa0001|1f86030623[payload->].#||8,966
2025-08-01T13:43:23.072 0100|01|00|09|f501fe|1f86030514000038e4[payload->]....8.||58,424
2025-08-01T13:53:31.783 0100|00|00|05|fa0001|1f86030623[payload->].#||8,966
2025-08-01T13:53:31.784 0100|01|00|09|f501fe|1f86030514000038e4[payload->]....8.||58,424
2025-08-01T14:03:40.848 0100|00|00|05|fa0001|1f86030623[payload->].#||8,966
2025-08-01T14:03:40.949 0100|01|00|09|f501fe|1f86030514000038e4[payload->]....8.||58,424
2025-08-01T14:13:49.377 0100|00|00|05|fa0001|1f86030623[payload->].#||8,966
2025-08-01T14:13:49.478 0100|01|00|09|f501fe|1f86030514000038e4[payload->]....8.||58,424
2025-08-01T14:23:58.233 0100|00|00|05|fa0001|1f86030623[payload->].#||8,966
2025-08-01T14:23:58.334 0100|01|00|09|f501fe|1f86030514000038e4[payload->]....8.||58,424
2025-08-01T14:34:06.648 0100|00|00|05|fa0001|1f86030623[payload->].#||8,966
2025-08-01T14:34:06.748 0100|01|00|09|f501fe|1f86030514000038e4[payload->]....8.||58,424
2025-08-01T14:44:15.482 0100|00|00|05|fa0001|1f86030623[payload->].#||8,966
2025-08-01T14:44:15.583 0100|01|00|09|f501fe|1f86030514000038e4[payload->]....8.||58,424
2025-08-01T14:54:23.835 0100|00|00|05|fa0001|1f86030623[payload->].#||8,966
2025-08-01T14:54:23.936 0100|01|00|09|f501fe|1f86030514000038e4[payload->]....8.||58,424
2025-08-01T15:04:32.639 0100|00|00|05|fa0001|1f86030623[payload->].#||8,966
2025-08-01T15:04:32.740 0100|01|00|09|f501fe|1f86030514000038e4[payload->]....8.||58,424
2025-08-01T15:14:41.783 0100|00|00|05|fa0001|1f86030623[payload->].#||8,966
2025-08-01T15:14:41.884 0100|01|00|09|f501fe|1f86030514000038e4[payload->]....8.||58,424
2025-08-01T15:24:51.250 0100|00|00|05|fa0001|1f86030623[payload->].#||8,966
2025-08-01T15:24:51.351 0100|01|00|09|f501fe|1f86030514000038e4[payload->]....8.||58,424
2025-08-01T15:45:07.940 0100|01|00|09|f501fe|1f86030514000038e4[payload->]....8.||58,424
2025-08-01T16:05:25.687 0100|00|00|05|fa0001|1f86030623[payload->].#||8,966
2025-08-01T16:15:33.617 0100|00|00|05|fa0001|1f86030623[payload->].#||8,966
2025-08-01T16:15:33.718 0100|01|00|09|f501fe|1f86030514000038e4[payload->]....8.||58,424
2025-08-01T16:25:44.039 0100|00|00|05|fa0001|1f86030623[payload->].#||8,966
2025-08-01T16:25:44.040 0100|01|00|09|f501fe|1f86030514000038e4[payload->]....8.||58,424
2025-08-01T16:35:51.673 0100|00|00|05|fa0001|1f86030623[payload->].#||8,966
2025-08-01T16:35:51.774 0100|01|00|09|f501fe|1f86030514000038e4[payload->]....8.||58,424
2025-08-01T16:46:01.683 0100|00|00|05|fa0001|1f86030623[payload->].#||8,966
2025-08-01T16:46:01.784 0100|01|00|09|f501fe|1f86030514000038e4[payload->]....8.||58,424
2025-08-01T16:56:09.228 0100|00|00|05|fa0001|1f86030623[payload->].#||8,966
2025-08-01T16:56:09.329 0100|01|00|08|f501fe|1f86030514000038[payload->]....8||14,336
2025-08-01T17:06:17.931 0100|00|00|05|fa0001|1f86030623[payload->].#||8,966
2025-08-01T17:06:17.931 0100|01|00|09|f501fe|1f86030514000038e4[payload->]....8.||58,424
2025-08-01T17:16:26.731 0100|00|00|05|fa0001|1f86030623[payload->].#||8,966
2025-08-01T17:16:26.832 0100|01|00|09|f501fe|1f86030514000038e4[payload->]....8.||58,424
2025-08-01T17:26:35.370 0100|00|00|05|fa0001|1f86030623[payload->].#||8,966
2025-08-01T17:26:35.471 0100|01|00|09|f501fe|1f86030514000038e4[payload->]....8.||58,424
2025-08-01T17:36:43.727 0100|00|00|05|fa0001|1f86030623[payload->].#||8,966
2025-08-01T17:36:43.828 0100|01|00|09|f501fe|1f86030510000038e4[payload->]....8.||58,424
2025-08-01T17:46:52.870 0100|00|00|05|fa0001|1f86030623[payload->].#||8,966
2025-08-01T17:46:52.870 0100|01|00|09|f501fe|1f86030514000038e4[payload->]....8.||58,424
2025-08-01T17:57:02.019 0100|00|00|05|fa0001|1f86030623[payload->].#||8,966
2025-08-01T17:57:02.019 0100|01|00|09|f501fe|1f86030514000038e4[payload->]....8.||58,424
2025-08-01T18:07:11.612 0100|00|00|05|fa0001|1f86030623[payload->].#||8,966
2025-08-01T18:07:11.714 0100|01|00|09|f501fe|1f86030514000038e4[payload->]....8.||58,424
2025-08-01T18:17:19.331 0100|00|00|05|fa0001|1f86030623[payload->].#||8,966
2025-08-01T18:17:19.432 0100|01|00|09|f501fe|1f86030514000038e4[payload->]....8.||58,424
2025-08-01T18:27:28.478 0100|00|00|05|fa0001|1f86030623[payload->].#||8,966
2025-08-01T18:27:28.579 0100|01|00|09|f501fe|1f86030514000038e4[payload->]....8.||58,424
2025-08-01T18:37:36.706 0100|00|00|05|fa0001|1f86030623[payload->].#||8,966
2025-08-01T18:37:36.706 0100|01|00|09|f501fe|1f86030514000038e4[payload->]....8.||58,424
2025-08-01T18:47:43.722 0100|00|00|05|fa0001|1f86030623[payload->].#||8,966
2025-08-01T18:47:43.823 0100|01|00|09|f501fe|1f86030514000038e4[payload->]....8.||58,424
2025-08-01T18:57:52.861 0100|00|00|05|fa0001|1f86030623[payload->].#||8,966
2025-08-01T18:57:52.861 0100|01|00|09|f501fe|1f86030514000038e4[payload->]....8.||58,424
2025-08-01T19:08:02.510 0100|00|00|05|fa0001|1f86030623[payload->].#||8,966
2025-08-01T19:08:02.511 0100|01|00|09|f501fe|1f86030514000038e4[payload->]....8.||58,424
2025-08-01T19:18:10.631 0100|00|00|05|fa0001|1f86030623[payload->].#||8,966
2025-08-01T19:18:10.732 0100|01|00|09|f501fe|1f86030514000038e4[payload->]....8.||58,424
2025-08-01T19:28:18.851 0100|00|00|05|fa0001|1f86030623[payload->].#||8,966
2025-08-01T19:28:18.953 0100|01|00|09|f501fe|1f86030514000038e4[payload->]....8.||58,424
2025-08-01T19:38:27.699 0100|00|00|05|fa0001|1f86030623[payload->].#||8,966
2025-08-01T19:38:27.699 0100|01|00|09|f501fe|1f86030514000038e4[payload->]....8.||58,424
2025-08-01T19:48:36.518 0100|00|00|05|fa0001|1f86030623[payload->].#||8,966
2025-08-01T19:48:36.619 0100|01|00|09|f501fe|1f86030514000038e4[payload->]....8.||58,424
2025-08-01T19:58:43.715 0100|00|00|05|fa0001|1f86030623[payload->].#||8,966
2025-08-01T19:58:43.816 0100|01|00|09|f501fe|1f86030514000038e4[payload->]....8.||58,424
2025-08-01T20:08:52.981 0100|00|00|05|fa0001|1f86030623[payload->].#||8,966
2025-08-01T20:08:53.082 0100|01|00|09|f501fe|1f86030514000030e4[payload->]....0.||58,416
2025-08-01T20:19:00.992 0100|00|00|05|fa0001|1f86030623[payload->].#||8,966
2025-08-01T20:19:01.093 0100|01|00|09|f501fe|1f86030514000038e4[payload->]....8.||58,424
2025-08-01T20:29:10.370 0100|00|00|05|fa0001|1f86030623[payload->].#||8,966
2025-08-01T20:29:10.472 0100|01|00|09|f503fe|1f86030514000038e4[payload->]....8.||58,424
2025-08-01T20:39:18.796 0100|00|00|05|fa0001|1f86030623[payload->].#||8,966
2025-08-01T20:39:18.797 0100|01|00|09|f501fe|1f86030514000038e4[payload->]....8.||58,424
2025-08-01T20:49:27.956 0100|00|00|05|fa0001|1f86030623[payload->].#||8,966
2025-08-01T20:49:28.057 0100|01|00|09|f501fe|1f86030514000038e4[payload->]....8.||58,424
2025-08-01T20:59:37.157 0100|00|00|05|fa0001|1f86030623[payload->].#||8,966
2025-08-01T20:59:37.259 0100|01|00|09|f501fe|1f86030514000038e4[payload->]....8.||58,424
2025-08-01T21:09:45.301 0100|00|00|05|fa0001|1f86030623[payload->].#||8,966
2025-08-01T21:09:45.402 0100|01|00|09|f501fe|1f86030514000038e4[payload->]....8.||58,424
2025-08-01T21:19:54.197 0100|00|00|05|fa0001|1f86030623[payload->].#||8,966
2025-08-01T21:19:54.298 0100|01|00|09|f501fe|1f86030514000038e4[payload->]....8.||58,424
2025-08-01T21:30:03.073 0100|00|00|05|fa0001|1f86030623[payload->].#||8,966
2025-08-01T21:30:03.074 0100|01|00|09|f501fe|1f86030514000038e4[payload->]....8.||58,424
2025-08-01T21:40:12.055 0100|00|00|05|fa0001|1f86030623[payload->].#||8,966
2025-08-01T21:40:12.156 0100|01|00|09|f501fe|1f86030514000038e4[payload->]....8.||58,424
2025-08-01T21:50:21.368 0100|00|00|05|fa0001|1f86030623[payload->].#||8,966
2025-08-01T21:50:21.469 0100|01|00|09|f501fe|1f86030514000038e4[payload->]....8.||58,424
2025-08-01T22:00:30.302 0100|00|00|05|fa0001|1f86030623[payload->].#||8,966
2025-08-01T22:00:30.303 0100|01|00|09|f501fe|1f86030514000038e4[payload->]....8.||58,424
2025-08-01T22:10:38.995 0100|00|00|05|fa0001|1f86030623[payload->].#||8,966
2025-08-01T22:10:39.097 0100|01|00|09|f501fe|1f86030514000038e4[payload->]....8.||58,424
2025-08-01T22:20:47.934 0100|00|00|05|fa0001|1f86030623[payload->].#||8,966
2025-08-01T22:20:48.035 0100|01|00|09|f501fe|1f86030514000038e4[payload->]....8.||58,424
2025-08-01T22:30:57.172 0100|00|00|05|fa0001|1f86030623[payload->].#||8,966
2025-08-01T22:30:57.173 0100|01|00|09|f501fe|1f86030514000038e4[payload->]....8.||58,424
2025-08-01T22:41:06.091 0100|00|00|05|fa0001|1f86030623[payload->].#||8,966
2025-08-01T22:41:06.192 0100|01|00|09|f501fe|1f86030514000038e4[payload->]....8.||58,424
2025-08-01T22:51:15.349 0100|00|00|05|fa0001|1f86030623[payload->].#||8,966
2025-08-01T22:51:15.450 0100|01|00|09|f501fe|1f86030514000038e4[payload->]....8.||58,424
2025-08-01T23:01:23.808 0100|00|00|05|fa0001|1f86030623[payload->].#||8,966
2025-08-01T23:01:23.809 0100|01|00|09|f501fe|1f86030514000038e4[payload->]....8.||58,424
2025-08-01T23:11:32.481 0100|00|00|05|fa0001|1f86030623[payload->].#||8,966
2025-08-01T23:21:41.176 0100|00|00|05|fa0001|1f86030623[payload->].#||8,966
2025-08-01T23:21:41.277 0100|01|00|09|f501fe|1f86030514000038e4[payload->]....8.||58,424
2025-08-01T23:31:50.518 0100|01|00|09|f501fe|1f86030514000038e4[payload->]....8.||58,424
2025-08-01T23:41:57.868 0100|00|00|05|fa0001|1f86030623[payload->].#||8,966
2025-08-01T23:41:57.969 0100|01|00|09|f501fe|1f86030514000038e4[payload->]....8.||58,424
2025-08-01T23:52:07.241 0100|00|00|05|fa0001|1f86030623[payload->].#||8,966
2025-08-02T00:02:15.416 0100|00|00|05|fa0001|1f86030623[payload->].#||8,966
2025-08-02T00:02:15.517 0100|01|00|09|f501fe|1f86030514000038e4[payload->]....8.||58,424
2025-08-02T00:12:23.846 0100|00|00|05|fa0001|1f86030623[payload->].#||8,966
2025-08-02T00:12:23.846 0100|01|00|09|f501fe|1f86030514000038e4[payload->]....8.||58,424
2025-08-02T00:22:33.241 0100|00|00|05|fa0001|1f86030623[payload->].#||8,966
2025-08-02T00:22:33.342 0100|01|00|09|f501fe|1f86030514000038e4[payload->]....8.||58,424
2025-08-02T00:32:41.841 0100|00|00|05|fa0001|1f86030623[payload->].#||8,966
2025-08-02T00:32:41.942 0100|01|00|09|f501fe|1f86030514000038e4[payload->]....8.||58,424
2025-08-02T00:42:50.548 0100|00|00|05|fa0001|1f86030623[payload->].#||8,966
2025-08-02T00:42:50.548 0100|01|00|09|f501fe|1f86030514000038e4[payload->]....8.||58,424
2025-08-02T00:52:57.768 0100|00|00|05|fa0001|1f86030623[payload->].#||8,966
2025-08-02T00:52:57.869 0100|01|00|09|f501fe|1f86030514000038e4[payload->]....8.||58,424
2025-08-02T01:03:07.233 0100|00|00|05|fa0001|1f86030623[payload->].#||8,966
2025-08-02T01:03:07.234 0100|01|00|09|f501fe|1f86030514000038e4[payload->]....8.||58,424
2025-08-02T01:13:16.026 0100|00|00|05|fa0001|1f86030623[payload->].#||8,966
2025-08-02T01:13:16.127 0100|01|00|09|f501fe|1f86030514000038e4[payload->]....8.||58,424
2025-08-02T01:23:25.225 0100|00|00|05|fa0001|1f86030623[payload->].#||8,966
2025-08-02T01:23:25.326 0100|01|00|09|f501fe|1f86030514000038e4[payload->]....8.||58,424
2025-08-02T01:33:33.993 0100|00|00|05|fa0001|1f86030623[payload->].#||8,966
2025-08-02T01:33:34.094 0100|01|00|09|f501fe|1f86030514000038e4[payload->]....8.||58,424
2025-08-02T01:43:43.077 0100|00|00|05|fa0001|1f86030623[payload->].#||8,966
2025-08-02T01:43:43.179 0100|01|00|09|f501fe|1f86030514000038e4[payload->]....8.||58,424
2025-08-02T01:53:51.994 0100|00|00|05|fa0001|1f86030623[payload->].#||8,966
2025-08-02T01:53:51.994 0100|01|00|09|f501fe|1f86030514000038e4[payload->]....8.||58,424
2025-08-02T02:04:01.224 0100|00|00|05|fa0001|1f86030623[payload->].#||8,966
2025-08-02T02:04:01.224 0100|01|00|09|f501fe|1f86030514000038e4[payload->]....8.||58,424
2025-08-02T02:14:10.596 0100|00|00|05|fa0001|1f86030623[payload->].#||8,966
2025-08-02T02:14:10.597 0100|01|00|09|f501fe|1f86030514000038e4[payload->]....8.||58,424
2025-08-02T02:24:18.928 0100|00|00|05|fa0001|1f86030623[payload->].#||8,966
2025-08-02T02:24:19.029 0100|01|00|09|f501fe|1f86030514000038e4[payload->]....8.||58,424
2025-08-02T02:34:27.910 0100|00|00|05|fa0001|1f86030623[payload->].#||8,966
2025-08-02T02:34:27.910 0100|01|00|09|f501fe|1f86030514000038e4[payload->]....8.||58,424
2025-08-02T02:44:37.249 0100|00|00|05|fa0001|1f86030623[payload->].#||8,966
2025-08-02T02:44:37.350 0100|01|00|09|f501fe|1f86030514000038e4[payload->]....8.||58,424
2025-08-02T02:54:46.066 0100|00|00|05|fa0001|1f86030623[payload->].#||8,966
2025-08-02T02:54:46.066 0100|01|00|09|f501fe|1f86030514000038e4[payload->]....8.||58,424
2025-08-02T03:04:53.767 0100|00|00|05|fa0001|1f86030623[payload->].#||8,966
2025-08-02T03:04:53.868 0100|01|00|09|f501fe|1f86030514000038e4[payload->]....8.||58,424
2025-08-02T03:15:03.442 0100|00|00|05|fa0001|1f86030623[payload->].#||8,966
2025-08-02T03:25:11.982 0100|00|00|05|fa0001|1f86030623[payload->].#||8,966
2025-08-02T03:25:12.083 0100|01|00|09|f501fe|1f86030514000038e4[payload->]....8.||58,424
2025-08-02T03:35:20.326 0100|00|00|05|fa0001|1f86030623[payload->].#||8,966
2025-08-02T03:35:20.427 0100|01|00|09|f501fe|1f86030514000038e4[payload->]....8.||58,424
2025-08-02T03:55:37.194 0100|00|00|05|fa0001|1f86030623[payload->].#||8,966
2025-08-02T03:55:37.295 0100|01|00|09|f501fe|1f86030514000038e4[payload->]....8.||58,424
2025-08-02T04:05:45.269 0100|00|00|05|fa0001|1f86030623[payload->].#||8,966
2025-08-02T04:05:45.370 0100|01|00|09|f501fe|1f86030514000038e4[payload->]....8.||58,424
2025-08-02T04:15:53.757 0100|00|00|05|fa0001|1f86030623[payload->].#||8,966
2025-08-02T04:15:53.858 0100|01|00|09|f501fe|1f86030514000038e4[payload->]....8.||58,424
2025-08-02T04:26:03.124 0100|00|00|05|fa0001|1f86030623[payload->].#||8,966
2025-08-02T04:26:03.225 0100|01|00|09|f501fe|1f86030514000038e4[payload->]....8.||58,424
2025-08-02T04:36:11.968 0100|00|00|05|fa0001|1f86030623[payload->].#||8,966
2025-08-02T04:36:12.069 0100|01|00|09|f501fe|1f86030514000038e4[payload->]....8.||58,424
2025-08-02T04:46:20.286 0100|00|00|05|fa0001|1f86030623[payload->].#||8,966
2025-08-02T04:46:20.287 0100|01|00|09|f501fe|1f86030514000038e4[payload->]....8.||58,424
2025-08-02T04:56:28.893 0100|00|00|05|fa0001|1f86030623[payload->].#||8,966
2025-08-02T04:56:28.994 0100|01|00|09|f501fe|1f86030514000038e4[payload->]....8.||58,424
2025-08-02T05:06:37.777 0100|00|00|05|fa0001|1f86030623[payload->].#||8,966
2025-08-02T05:06:37.878 0100|01|00|09|f501fe|1f86030514000038e4[payload->]....8.||58,424
2025-08-02T05:16:47.201 0100|00|00|05|fa0001|1f86030623[payload->].#||8,966
2025-08-02T05:16:47.302 0100|01|00|09|f501fe|1f86030514000038e4[payload->]....8.||58,424
2025-08-02T05:26:55.388 0100|00|00|05|fa0001|1f86030623[payload->].#||8,966
2025-08-02T05:26:55.388 0100|01|00|09|f501fe|1f86030514000038e4[payload->]....8.||58,424
2025-08-02T05:37:03.950 0100|00|00|05|fa0001|1f86030623[payload->].#||8,966
2025-08-02T05:37:04.051 0100|01|00|09|f501fe|1f86030514000038e4[payload->]....8.||58,424
2025-08-02T05:47:12.948 0100|00|00|05|fa0001|1f86030623[payload->].#||8,966
2025-08-02T05:47:13.049 0100|01|00|09|f501fe|1f86030514000038e4[payload->]....8.||58,424
2025-08-02T05:57:21.910 0100|00|00|05|fa0001|1f86030623[payload->].#||8,966
2025-08-02T05:57:22.011 0100|01|00|09|f501fc|1f86030514000038e4[payload->]....8.||58,424
2025-08-02T06:07:30.327 0100|00|00|05|fa0001|1f86030623[payload->].#||8,966
2025-08-02T06:07:30.428 0100|01|00|09|f501fe|1f86030514000038e4[payload->]....8.||58,424
2025-08-02T06:17:38.819 0100|00|00|05|fa0001|1f86030623[payload->].#||8,966
2025-08-02T06:17:38.820 0100|01|00|09|f501fe|1f86030514000038e4[payload->]....8.||58,424
2025-08-02T06:27:47.776 0100|00|00|05|fa0001|1f86030623[payload->].#||8,966
2025-08-02T06:27:47.877 0100|01|00|09|f501fe|1f86030514000038e4[payload->]....8.||58,424
2025-08-02T06:37:57.300 0100|00|00|05|fa0001|1f86030623[payload->].#||8,966
2025-08-02T06:37:57.300 0100|01|00|09|f501fe|1f86030514000038e4[payload->]....8.||58,424
2025-08-02T06:48:06.242 0100|00|00|05|fa0001|1f86030623[payload->].#||8,966
2025-08-02T06:48:06.344 0100|01|00|09|f501fe|1f86030514000038e4[payload->]....8.||58,424
2025-08-02T06:58:15.093 0100|00|00|05|fa0001|1f86030623[payload->].#||8,966
2025-08-02T06:58:15.194 0100|01|00|09|f501fe|1f86030514000038e4[payload->]....8.||58,424
2025-08-02T07:08:23.857 0100|00|00|05|fa0001|1f86030623[payload->].#||8,966
2025-08-02T07:08:23.958 0100|01|00|09|f501fe|1f86030514000038e4[payload->]....8.||58,424
2025-08-02T07:18:33.312 0100|00|00|05|fa0001|1f86030623[payload->].#||8,966
2025-08-02T07:18:33.413 0100|01|00|09|f501fe|1f86030514000038e4[payload->]....8.||58,424
2025-08-02T07:28:41.898 0100|00|00|05|fa0001|1f86030623[payload->].#||8,966
2025-08-02T07:28:41.898 0100|01|00|09|f501fe|1f86030514000038e4[payload->]....8.||58,424
2025-08-02T07:38:50.106 0100|00|00|05|fa0001|1f86030623[payload->].#||8,966
2025-08-02T07:38:50.207 0100|01|00|09|f501fe|1f86030514000038e4[payload->]....8.||58,424
2025-08-02T07:48:58.695 0100|00|00|05|fa0001|1f86030623[payload->].#||8,966
2025-08-02T07:48:58.796 0100|01|00|09|f501fe|1f86030514000038e4[payload->]....8.||58,424
2025-08-02T07:59:08.060 0100|00|00|05|fa0001|1f86030623[payload->].#||8,966
2025-08-02T07:59:08.161 0100|01|00|09|f501fe|1f86030514000038e4[payload->]....8.||58,424
2025-08-02T08:09:17.295 0100|00|00|05|fa0001|1f86030623[payload->].#||8,966
2025-08-02T08:09:17.396 0100|01|00|09|f501fe|1f86030514000038e4[payload->]....8.||58,424
2025-08-02T08:19:26.369 0100|00|00|05|fa0001|1f86030623[payload->].#||8,966
2025-08-02T08:19:26.470 0100|01|00|09|f501fe|1f86030514000038e4[payload->]....8.||58,424
2025-08-02T08:29:35.450 0100|00|00|05|fa0001|1f86030623[payload->].#||8,966
2025-08-02T08:29:35.551 0100|01|00|09|f501fe|1f86030514000038e4[payload->]....8.||58,424
2025-08-02T08:39:43.032 0100|00|00|05|fa0001|1f86030623[payload->].#||8,966
2025-08-02T08:39:43.133 0100|01|00|09|f501fe|1f86030514000038e4[payload->]....8.||58,424
2025-08-02T08:49:51.831 0100|00|00|05|fa0001|1f86030623[payload->].#||8,966
2025-08-02T08:49:51.932 0100|01|00|09|f501fe|1f86030514000038e4[payload->]....8.||58,424
2025-08-02T09:00:00.159 0100|00|00|05|fa0001|1f86030623[payload->].#||8,966
2025-08-02T09:00:00.260 0100|01|00|09|f501fe|1f86030514000038e4[payload->]....8.||58,424
2025-08-02T09:10:08.614 0100|00|00|05|fa0001|1f86030623[payload->].#||8,966
2025-08-02T09:10:08.714 0100|01|00|09|f501fe|1f86030514000038e4[payload->]....8.||58,424
2025-08-02T09:20:17.920 0100|00|00|05|fa0001|1f86030623[payload->].#||8,966
2025-08-02T09:20:18.021 0100|00|00|09|f501fe|1f86030514000038e4[payload->]....8.||58,424
2025-08-02T09:30:27.305 0100|00|00|05|fa0001|1f86030623[payload->].#||8,966
2025-08-02T09:30:27.406 0100|01|00|09|f501fe|1f86030514000038e4[payload->]....8.||58,424
2025-08-02T09:40:35.386 0100|00|00|05|fa0001|1f86030623[payload->].#||8,966
2025-08-02T09:40:35.387 0100|01|00|09|f501fe|1f86030514000038e4[payload->]....8.||58,424
2025-08-02T09:50:43.930 0100|00|00|05|fa0001|1f86030623[payload->].#||8,966
2025-08-02T09:50:44.031 0100|01|00|09|f501fe|1f86030514000038e4[payload->]....8.||58,424
2025-08-02T10:00:53.025 0100|00|00|05|fa0001|1f86030623[payload->].#||8,966
2025-08-02T10:00:53.025 0100|01|00|09|f501fe|1f86030514000028e4[payload->]....(.||58,408
2025-08-02T10:11:01.279 0100|00|00|05|fa0001|1f86030623[payload->].#||8,966
2025-08-02T10:11:01.279 0100|01|00|09|f501fe|1f86030514000038e4[payload->]....8.||58,424
2025-08-02T10:21:10.250 0100|00|00|05|fa0001|1f86030623[payload->].#||8,966
2025-08-02T10:21:10.351 0100|01|00|09|f501fe|1f86030514000038e4[payload->]....8.||58,424
2025-08-02T10:31:18.743 0100|00|00|05|fa0001|1f86030623[payload->].#||8,966
2025-08-02T10:31:18.845 0100|01|00|09|f501fe|1f86030514000038e4[payload->]....8.||58,424
2025-08-02T10:41:28.928 0100|00|00|05|fa0001|1f86030623[payload->].#||8,966
2025-08-02T10:41:29.029 0100|01|00|09|f501fe|1f86030514000038e4[payload->]....8.||58,424
2025-08-02T10:51:37.812 0100|00|00|05|fa0001|1f86030623[payload->].#||8,966
2025-08-02T10:51:37.813 0100|01|00|09|f501fe|1f86030514000038e4[payload->]....8.||58,424
2025-08-02T11:01:46.146 0100|00|00|05|fa0001|1f86030623[payload->].#||8,966
2025-08-02T11:01:46.146 0100|01|00|09|f501fe|1f86030514000038e4[payload->]....8.||58,424
2025-08-02T11:11:55.188 0100|00|00|05|fa0001|1f86030623[payload->].#||8,966
2025-08-02T11:11:55.289 0100|01|00|09|f501fe|1f86030514000038e4[payload->]....8.||58,424
2025-08-02T11:22:03.124 0100|00|00|05|fa0001|1f86030623[payload->].#||8,966
2025-08-02T11:22:03.225 0100|01|00|09|f501fe|1f86030514000038e4[payload->]....8.||58,424
2025-08-02T11:32:12.039 0100|00|00|05|fa0001|1f86030623[payload->].#||8,966
2025-08-02T11:32:12.039 0100|01|00|09|f501fe|1f86030514000038e4[payload->]....8.||58,424
2025-08-02T11:42:21.601 0100|00|00|05|fa0001|1f86030623[payload->].#||8,966
2025-08-02T11:42:21.702 0100|01|00|09|fd4bfe|1f86030514000038e4[payload->]....8.||58,424
2025-08-02T11:52:30.034 0100|00|00|05|fa0001|1f86030623[payload->].#||8,966
2025-08-02T11:52:30.639 0100|01|00|89|f501fe|1f86030514000038e40100000005fa00012004016bf20100010009f501fe200401ffffffff850d0100000005fa00011f880067670100010006f801fe1f8800033e410100000005fa00011f880366270100090a09f503fe1f8803c1274832fc9f0100000005fa0001200201cbf1010001000bf301fe200201ae8da802453b1e8d0100000005fa000150[payload->]....8......... ..k......... ...................gg............>A...........f'............'H2.......... ............ ......E;..........P||20,481
2025-08-02T12:02:38.655 0100|00|00|05|fa0001|1f86030623[payload->].#||8,966
2025-08-02T12:02:38.756 0100|01|00|09|f501fe|1f86030514000038e4[payload->]....8.||58,424
2025-08-02T12:12:48.122 0100|00|00|05|fa0001|1f86030623[payload->].#||8,966
2025-08-02T12:12:48.223 0100|01|00|09|f501fe|1f86030514000038e4[payload->]....8.||58,424
2025-08-02T12:22:56.091 0100|00|00|05|fa0001|1f86030623[payload->].#||8,966
2025-08-02T12:22:56.192 0100|01|00|09|f501fe|1f86030514000038e4[payload->]....8.||58,424
2025-08-02T12:33:03.929 0100|00|00|05|fa0001|1f86030623[payload->].#||8,966
2025-08-02T12:33:04.031 0100|01|00|09|f501fe|1f86030514000038e4[payload->]....8.||58,424
2025-08-02T12:43:13.261 0100|00|00|05|fa0001|1f86030623[payload->].#||8,966
2025-08-02T12:43:13.362 0100|21|08|0d|f501fe|1f86030514000038e401000000[payload->]....8.....||0,000
2025-08-02T12:53:21.811 0100|00|00|05|fa0001|1f86030623[payload->].#||8,966
2025-08-02T12:53:21.912 0100|01|00|09|f501fe|1f86030514000038e4[payload->]....8.||58,424
2025-08-02T13:03:30.079 0100|00|00|05|fa0001|1f86030623[payload->].#||8,966
2025-08-02T13:03:30.180 0100|01|00|09|f501fe|1f86030514000038e4[payload->]....8.||58,424
2025-08-02T13:13:39.026 0100|00|00|05|fa0001|1f86030623[payload->].#||8,966
2025-08-02T13:13:39.026 0100|01|00|09|f501fe|1f86030514000038e4[payload->]....8.||58,424
2025-08-02T13:23:47.869 0100|00|00|05|fa0001|1f86030623[payload->].#||8,966
2025-08-02T13:23:47.971 0100|01|00|09|f501fe|1f86030514000038e4[payload->]....8.||58,424
2025-08-02T13:33:57.467 0100|00|00|05|fa0001|1f86030623[payload->].#||8,966
2025-08-02T13:33:57.568 0100|01|00|09|f501fe|1f86030514000038e4[payload->]....8.||58,424
2025-08-02T13:44:05.266 0100|00|00|05|fa0001|1f86030623[payload->].#||8,966
2025-08-02T13:44:05.367 0100|01|00|09|f501fe|1f86030514000038e4[payload->]....8.||58,424
2025-08-02T13:54:14.311 0100|00|00|05|fa0001|1f86030623[payload->].#||8,966
2025-08-02T13:54:14.412 0100|01|00|09|f501fe|1f86030514000038e4[payload->]....8.||58,424
2025-08-02T14:04:22.916 0100|00|00|05|fa0001|1f86030623[payload->].#||8,966
2025-08-02T14:04:22.917 0100|01|00|09|f501fe|1f86030514000038e4[payload->]....8.||58,424
2025-08-02T14:14:32.036 0100|00|00|05|fa0001|1f86030623[payload->].#||8,966
2025-08-02T14:14:32.138 0100|01|00|09|f501fe|1f86030514000038e4[payload->]....8.||58,424
2025-08-02T14:24:40.253 0100|00|00|05|fa0001|1f86030623[payload->].#||8,966
2025-08-02T14:24:40.354 0100|01|00|09|f501fe|1f86030514000038e4[payload->]....8.||58,424
2025-08-02T14:34:49.215 0100|00|00|05|fa0001|1f86030623[payload->].#||8,966
2025-08-02T14:34:49.316 0100|01|00|09|f501fe|1f86030514000038e4[payload->]....8.||58,424
2025-08-02T14:44:58.049 0100|00|00|05|fa0001|1f86030623[payload->].#||8,966
2025-08-02T14:44:58.150 0100|01|00|09|f501fe|1f86030514000038e4[payload->]....8.||58,424
2025-08-02T14:55:07.433 0100|00|00|05|fa0001|1f86030623[payload->].#||8,966
2025-08-02T14:55:07.534 0100|01|00|09|f501fe|1f86030514000038e4[payload->]....8.||58,424
2025-08-02T15:05:16.208 0100|00|00|05|fa0001|1f86030623[payload->].#||8,966
2025-08-02T15:05:16.309 0100|01|00|09|f501fe|1f86030514000038e4[payload->]....8.||58,424
2025-08-02T15:15:25.259 0100|00|00|05|fa0001|1f86030623[payload->].#||8,966
2025-08-02T15:15:25.360 0100|01|00|09|f501fe|1f86030514000038e4[payload->]....8.||58,424
2025-08-02T15:25:34.048 0100|00|00|05|fa0001|1f86030623[payload->].#||8,966
2025-08-02T15:25:34.048 0100|01|00|09|f501fe|1f86030514000038e4[payload->]....8.||58,424
2025-08-02T15:35:43.140 0100|00|00|05|fa0001|1f86030623[payload->].#||8,966
2025-08-02T15:35:43.241 0100|01|00|09|f501fe|1f86030514000038e4[payload->]....8.||58,424
2025-08-02T15:45:52.315 0100|00|00|05|fa0001|1f86030623[payload->].#||8,966
2025-08-02T15:45:52.315 0100|01|00|09|f501fe|1f86030514000038e4[payload->]....8.||58,424
2025-08-02T15:56:01.006 0100|00|00|05|fa0001|1f86030623[payload->].#||8,966
2025-08-02T15:56:01.107 0100|01|00|09|f501fe|1f86030514000038e4[payload->]....8.||58,424
2025-08-02T16:06:09.320 0100|00|00|05|fa0001|1f86030623[payload->].#||8,966
2025-08-02T16:06:09.320 0100|01|00|09|f501fe|1f86030514000038e4[payload->]....8.||58,424
2025-08-02T16:16:17.638 0100|00|00|05|fa0001|1f86030623[payload->].#||8,966
2025-08-02T16:16:17.739 0100|01|00|09|f501fe|1f86030514000038e4[payload->]....8.||58,424
2025-08-02T16:26:26.336 0100|00|00|05|fa0001|1f86030623[payload->].#||8,966
2025-08-02T16:26:26.336 0100|01|00|09|f501fe|1f86030514000038e4[payload->]....8.||58,424
2025-08-02T16:36:35.227 0100|00|00|05|fa0001|1f86030623[payload->].#||8,966
2025-08-02T16:36:35.328 0100|01|00|09|f501fe|1f86030514000038e4[payload->]....8.||58,424
2025-08-02T16:46:43.999 0100|00|00|05|fa0001|1f86030623[payload->].#||8,966
2025-08-02T16:46:44.100 0100|01|00|09|f501fe|1f86030514000038e4[payload->]....8.||58,424
2025-08-02T16:56:52.991 0100|00|00|05|fa0001|1f86030623[payload->].#||8,966
2025-08-02T16:56:53.092 0100|01|00|09|f501fe|1f86030514000038e4[payload->]....8.||58,424
2025-08-02T17:07:02.144 0100|00|00|05|fa0001|1f86030623[payload->].#||8,966
2025-08-02T17:07:02.245 0100|01|00|09|f501fe|1f86030514000038e4[payload->]....8.||58,424
2025-08-02T17:17:11.285 0100|00|00|05|fa0001|1f86030623[payload->].#||8,966
2025-08-02T17:17:11.386 0100|01|00|09|f501fe|1f86030514000038e4[payload->]....8.||58,424
2025-08-02T17:27:19.164 0100|00|00|05|fa0001|1f86030623[payload->].#||8,966
2025-08-02T17:27:19.265 0100|01|00|09|f501fe|1f86030514000038e4[payload->]....8.||58,424
2025-08-02T17:37:27.664 0100|00|00|05|fa0001|1f86030623[payload->].#||8,966
2025-08-02T17:37:27.765 0100|01|00|09|f501fe|1f86030514000038e4[payload->]....8.||58,424
2025-08-02T17:47:37.765 0100|00|00|05|fa0001|1f86030623[payload->].#||8,966
2025-08-02T17:47:37.866 0100|01|00|09|f501fe|1f86030514000038e4[payload->]....8.||58,424
2025-08-02T17:57:45.975 0100|00|00|05|fa0001|1f86030623[payload->].#||8,966
2025-08-02T17:57:46.076 0100|01|00|09|f501fe|1f86030514000038e4[payload->]....8.||58,424
2025-08-02T18:07:55.090 0100|00|00|05|fa0001|1f86030623[payload->].#||8,966
2025-08-02T18:07:55.191 0100|01|00|09|f501fe|1f86030514000038e4[payload->]....8.||58,424
2025-08-02T18:18:03.979 0100|00|00|05|fa0001|1f86030623[payload->].#||8,966
2025-08-02T18:18:04.081 0100|01|00|09|f501fe|1f86030514000038e4[payload->]....8.||58,424
2025-08-02T18:28:13.181 0100|00|00|05|fa0001|1f86030623[payload->].#||8,966
2025-08-02T18:28:13.282 0100|01|00|09|f501fe|1f86030514000038e4[payload->]....8.||58,424
2025-08-02T18:38:22.192 0100|00|00|05|fa0001|1f86030623[payload->].#||8,966
2025-08-02T18:38:22.193 0100|01|00|09|f501fe|1f86030514000038e4[payload->]....8.||58,424
2025-08-02T18:48:30.906 0100|00|00|05|fa0001|1f86030623[payload->].#||8,966
2025-08-02T18:48:31.007 0100|01|00|09|f501fe|1f86030514000038e4[payload->]....8.||58,424
2025-08-02T18:58:39.626 0100|00|00|05|fa0001|1f86030623[payload->].#||8,966
2025-08-02T18:58:39.728 0100|01|00|09|f501fe|1f8603051c000038e4[payload->]....8.||58,424
2025-08-02T19:08:48.004 0100|00|00|05|fa0001|1f86030623[payload->].#||8,966
2025-08-02T19:08:48.004 0100|01|00|09|f501fe|1f86030514000038e4[payload->]....8.||58,424
2025-08-02T19:18:57.822 0100|00|00|05|fa0001|1f86030623[payload->].#||8,966
2025-08-02T19:18:57.822 0100|01|00|09|f501fe|1f86030514000038e4[payload->]....8.||58,424
2025-08-02T19:29:07.314 0100|00|00|05|fa0001|1f86030623[payload->].#||8,966
2025-08-02T19:29:07.415 0100|01|00|09|f501fe|1f86030514000038e4[payload->]....8.||58,424
2025-08-02T19:39:15.833 0100|00|00|05|fa0001|1f86030623[payload->].#||8,966
2025-08-02T19:39:16.035 0100|01|00|09|f501fe|1f86030514000038e4[payload->]....8.||58,424
2025-08-02T19:49:24.460 0100|00|00|05|fa0001|1f86030623[payload->].#||8,966
2025-08-02T19:49:24.561 0100|01|00|09|f501fe|1f86030514000038e4[payload->]....8.||58,424
2025-08-02T19:59:32.974 0100|00|00|05|fa0001|1f86030623[payload->].#||8,966
2025-08-02T19:59:33.075 0100|01|00|09|f501fe|1f86030514000038e4[payload->]....8.||58,424
2025-08-02T20:09:42.136 0100|00|00|05|fa0001|1f86030623[payload->].#||8,966
2025-08-02T20:19:51.222 0100|00|00|05|fa0001|1f86030623[payload->].#||8,966
2025-08-02T20:19:51.324 0100|01|00|09|f501fe|1f86030514000038e4[payload->]....8.||58,424
2025-08-02T20:29:59.010 0100|00|00|05|fa0001|1f86030623[payload->].#||8,966
2025-08-02T20:29:59.011 0100|01|00|09|f501fe|1f86030514000038e4[payload->]....8.||58,424
2025-08-02T20:40:08.235 0100|00|00|05|fa0001|1f86030623[payload->].#||8,966
2025-08-02T20:40:08.336 0100|01|00|09|f501fe|1f86030514000038e4[payload->]....8.||58,424
2025-08-02T20:50:18.076 0100|00|00|05|fa0001|1f86030623[payload->].#||8,966
2025-08-02T20:50:18.177 0100|01|00|09|f501fe|1f86030514000038e4[payload->]....8.||58,424
2025-08-02T21:00:25.817 0100|00|00|05|fa0001|1f86030623[payload->].#||8,966
2025-08-02T21:00:25.818 0100|01|00|09|f501fe|1f86030514000038e4[payload->]....8.||58,424
2025-08-02T21:10:34.565 0100|00|00|05|fa0001|1f86030623[payload->].#||8,966
2025-08-02T21:10:34.666 0100|01|00|09|f501fe|1f86030514000038e4[payload->]....8.||58,424
2025-08-02T21:20:42.938 0100|00|00|05|fa0001|1f86030623[payload->].#||8,966
2025-08-02T21:20:43.039 0100|01|00|09|f501fe|1f86030514000038e4[payload->]....8.||58,424
2025-08-02T21:30:51.207 0100|00|00|05|fa0001|1f86030623[payload->].#||8,966
2025-08-02T21:30:51.308 0100|01|00|09|f501fe|1f86030514000038e4[payload->]....8.||58,424
2025-08-02T21:41:00.595 0100|00|00|05|fa0001|1f86030623[payload->].#||8,966
2025-08-02T21:41:00.595 0100|01|00|09|f501fe|1f86030514000038e4[payload->]....8.||58,424
2025-08-02T21:51:08.994 0100|00|00|05|fa0001|1f86030623[payload->].#||8,966
2025-08-02T21:51:09.095 0100|01|00|09|f501fe|1f86030514000038e4[payload->]....8.||58,424
2025-08-02T22:01:19.096 0100|00|00|05|fa0001|1f86030623[payload->].#||8,966
2025-08-02T22:01:19.196 0100|01|00|09|f501fe|1f86030514000038e4[payload->]....8.||58,424
2025-08-02T22:21:37.393 0100|00|00|05|fa0001|1f86030623[payload->].#||8,966
2025-08-02T22:21:37.494 0100|01|00|09|f501fe|1f86030514000038e4[payload->]....8.||58,424
2025-08-02T22:31:45.726 0100|00|00|05|fa0001|1f86030623[payload->].#||8,966
2025-08-02T22:31:45.827 0100|01|00|09|f501fe|1f86030514000038e4[payload->]....8.||58,424
2025-08-02T22:41:53.186 0100|00|00|05|fa0001|1f86030623[payload->].#||8,966
2025-08-02T22:41:53.287 0100|01|00|09|f501fe|1f86030514000038e4[payload->]....8.||58,424
2025-08-02T22:52:02.118 0100|00|00|05|fa0001|1f86030623[payload->].#||8,966
2025-08-02T22:52:02.219 0100|01|00|09|f501fe|1f86030514000038e4[payload->]....8.||58,424
2025-08-02T23:02:11.489 0100|00|00|05|fa0001|1f86030623[payload->].#||8,966
2025-08-02T23:02:11.591 0100|01|00|09|f501fe|1f86030514000038e4[payload->]....8.||58,424
2025-08-02T23:22:28.481 0100|00|00|05|fa0001|1f86030623[payload->].#||8,966
2025-08-02T23:22:28.582 0100|01|00|09|f501fe|1f86030514000038e4[payload->]....8.||58,424
2025-08-02T23:32:37.348 0100|00|00|05|fa0001|1f86030623[payload->].#||8,966
2025-08-02T23:32:37.751 0100|01|00|49|fd43fe|1f86030514000038e40100000005fa0001506c00b01d01fd03010000ffffff00fec1031800a4100010ff01010000ffffff052f9f0100000005fa00011f880067670100010006f801fe[payload->]....8.........Pl.............................../............gg........||65,025
2025-08-02T23:42:45.762 0100|00|00|05|fa0001|1f86030623[payload->].#||8,966
2025-08-02T23:42:45.964 0100|01|00|09|f501fe|1f86030514000038e4[payload->]....8.||58,424
2025-08-02T23:52:54.195 0100|00|00|05|fa0001|1f86030623[payload->].#||8,966
2025-08-02T23:52:54.196 0100|01|00|09|f501fe|1f86030514000038e4[payload->]....8.||58,424
2025-08-03T00:03:03.103 0100|00|00|05|fa0001|1f86030623[payload->].#||8,966
2025-08-03T00:03:03.204 0100|01|00|09|f501fe|1f86030514000038e4[payload->]....8.||58,424
2025-08-03T00:13:12.077 0100|00|00|05|fa0001|1f86030623[payload->].#||8,966
2025-08-03T00:13:12.178 0100|01|00|09|f501fe|1f86030514000038e4[payload->]....8.||58,424
2025-08-03T00:23:22.317 0100|00|00|05|fa0001|1f86030623[payload->].#||8,966
2025-08-03T00:33:30.334 0100|00|00|05|fa0001|1f86030623[payload->].#||8,966
2025-08-03T00:33:30.436 0100|01|00|09|f501fe|1f86030514000038e4[payload->]....8.||58,424
2025-08-03T00:43:39.483 0100|00|00|05|fa0001|1f86030623[payload->].#||8,966
2025-08-03T00:43:39.584 0100|01|00|09|f501fe|1f86030514000038e4[payload->]....8.||58,424
2025-08-03T00:53:48.475 0100|00|00|05|fa0001|1f86030623[payload->].#||8,966
2025-08-03T00:53:48.577 0100|01|00|09|f501fe|1f86030514000038e4[payload->]....8.||58,424
2025-08-03T01:03:57.032 0100|00|00|05|fa0001|1f86030623[payload->].#||8,966
2025-08-03T01:03:57.839 0100|01|00|99|f501fe|1f86030514000038e40100000005fa00011f880067670d00101172010000b0024d0002b44a010001083fb7825f01010000ffffff056003010000ffffff0061c1031800fc0d00106201010000ffffff056303010000ffffff0064c1031800fc0d00106501010000ffffff0560040100000005fa0001509700805e0100010009f502fe50970000000206e7c80100000005fa0001500e00d03401[payload->]....8............gg....r.....M...J....?.._........`........a........b........c........d........e........`.........P...^........P................P...4.||0,308
2025-08-03T01:14:05.136 0100|00|00|05|fa0001|1f86030623[payload->].#||8,966
2025-08-03T01:14:05.238 0100|01|00|09|f501fe|1f86030514000038e4[payload->]....8.||58,424
2025-08-03T01:24:14.257 0100|00|00|05|fa0001|1f86030623[payload->].#||8,966
2025-08-03T01:24:14.358 0100|01|00|09|f501fe|1f86030514000038e4[payload->]....8.||58,424
2025-08-03T01:34:23.091 0100|00|00|05|fa0001|1f86030623[payload->].#||8,966
2025-08-03T01:34:23.192 0100|01|00|09|f501fe|1f86030514000038e4[payload->]....8.||58,424
2025-08-03T01:54:40.369 0100|00|00|05|fa0001|1f86030623[payload->].#||8,966
2025-08-03T01:54:40.470 0100|01|00|09|f501fe|1f86030514000038e4[payload->]....8.||58,424
2025-08-03T02:04:49.259 0100|00|00|05|fa0001|1f86030623[payload->].#||8,966
2025-08-03T02:04:49.360 0100|01|00|09|f501fe|1f86030514000038e4[payload->]....8.||58,424
2025-08-03T02:14:56.772 0100|01|00|09|f501fe|1f86030514000038e4[payload->]....8.||58,424
2025-08-03T02:25:05.080 0100|00|00|05|fa0001|1f86030623[payload->].#||8,966
2025-08-03T02:25:05.181 0100|01|00|09|f501fe|1f86030514000038e4[payload->]....8.||58,424
2025-08-03T02:35:14.634 0100|00|00|05|fa0001|1f86030623[payload->].#||8,966
2025-08-03T02:35:14.736 0100|01|00|09|f501fe|1f86030514000038e4[payload->]....8.||58,424
2025-08-03T02:45:23.029 0100|00|00|05|fa0001|1f86030623[payload->].#||8,966
2025-08-03T02:45:23.130 0100|01|00|09|f501fe|1f86030514000038e4[payload->]....8.||58,424
2025-08-03T02:55:32.834 0100|00|00|05|fa0001|1f86030623[payload->].#||8,966
2025-08-03T02:55:33.036 0100|01|00|09|f501fe|1f86030514000038e4[payload->]....8.||58,424
2025-08-03T03:05:40.630 0100|00|00|05|fa0001|1f86030623[payload->].#||8,966
2025-08-03T03:05:40.832 0100|01|00|09|f501fe|1f86030514000038e4[payload->]....8.||58,424
2025-08-03T03:15:49.343 0100|00|00|05|fa0001|1f86030623[payload->].#||8,966
2025-08-03T03:15:49.344 0100|01|00|09|f501fe|1f86030514000038e4[payload->]....8.||58,424
2025-08-03T03:25:59.226 0100|00|00|05|fa0001|1f86030623[payload->].#||8,966
2025-08-03T03:25:59.226 0100|01|00|09|f501fe|1f86030514000038e4[payload->]....8.||58,424
2025-08-03T03:46:18.196 0100|00|00|05|fa0001|1f86030623[payload->].#||8,966
2025-08-03T03:46:18.298 0100|01|00|09|f501fe|1f86030514000038e4[payload->]....8.||58,424
2025-08-03T03:56:26.452 0100|00|00|05|fa0001|1f86030623[payload->].#||8,966
2025-08-03T03:56:26.553 0100|01|00|09|f501fe|1f86030514000038e4[payload->]....8.||58,424
2025-08-03T04:06:34.940 0100|00|00|05|fa0001|1f86030623[payload->].#||8,966
2025-08-03T04:06:34.941 0100|01|00|09|f501fe|1f86030514000038e4[payload->]....8.||58,424
2025-08-03T04:16:44.331 0100|00|00|05|fa0001|1f86030623[payload->].#||8,966
2025-08-03T04:16:44.533 0100|01|00|09|f501fe|1f86030514000038e4[payload->]....8.||58,424
2025-08-03T04:26:53.146 0100|00|00|05|fa0001|1f86030623[payload->].#||8,966
2025-08-03T04:26:53.248 0100|01|00|09|f501fe|1f86030514000038e4[payload->]....8.||58,424
2025-08-03T04:37:01.967 0100|00|00|05|fa0001|1f86030623[payload->].#||8,966
2025-08-03T04:37:02.068 0100|01|00|09|f501fe|1f86030514000038e4[payload->]....8.||58,424
2025-08-03T04:47:10.314 0100|00|00|05|fa0001|1f86030623[payload->].#||8,966
2025-08-03T04:47:10.315 0100|01|00|09|f501fe|1f86030514000038e4[payload->]....8.||58,424
2025-08-03T04:57:19.530 0100|00|00|05|fa0001|1f86030623[payload->].#||8,966
2025-08-03T04:57:19.631 0100|01|00|09|f501fe|1f86030514000038e4[payload->]....8.||58,424
2025-08-03T05:07:29.020 0100|00|00|05|fa0001|1f86030623[payload->].#||8,966
2025-08-03T05:07:29.222 0100|01|00|09|f501fe|1f86030514000038e4[payload->]....8.||58,424
2025-08-03T05:17:38.768 0100|00|00|05|fa0001|1f86030623[payload->].#||8,966
2025-08-03T05:17:38.769 0100|01|00|09|f501fe|1f86030514000038e4[payload->]....8.||58,424
2025-08-03T05:27:46.866 0100|00|00|05|fa0001|1f86030623[payload->].#||8,966
2025-08-03T05:27:46.967 0100|01|00|09|f501fe|1f86030514000038e4[payload->]....8.||58,424
2025-08-03T05:37:55.211 0100|00|00|05|fa0001|1f86030623[payload->].#||8,966
2025-08-03T05:37:55.413 0100|01|00|09|f501fe|1f86030514000038e4[payload->]....8.||58,424
2025-08-03T05:48:04.517 0100|00|00|05|fa0001|1f86030623[payload->].#||8,966
2025-08-03T05:48:04.618 0100|01|00|09|f501fe|1f86030514000038e4[payload->]....8.||58,424
2025-08-03T05:58:13.024 0100|00|00|05|fa0001|1f86030623[payload->].#||8,966
2025-08-03T05:58:13.125 0100|01|00|09|f501fe|1f86030514000038e4[payload->]....8.||58,424
2025-08-03T06:08:22.873 0100|00|00|05|fa0001|1f86030623[payload->].#||8,966
2025-08-03T06:08:22.974 0100|01|00|09|f501fe|1f86030514000038e4[payload->]....8.||58,424
2025-08-03T06:18:30.963 0100|00|00|05|fa0001|1f86030623[payload->].#||8,966
2025-08-03T06:18:30.964 0100|01|00|09|f501fe|1f86030514000038e4[payload->]....8.||58,424
2025-08-03T06:28:39.844 0100|00|00|05|fa0001|1f86030623[payload->].#||8,966
2025-08-03T06:28:39.944 0100|01|00|09|f501fe|1f86030514000038e4[payload->]....8.||58,424
2025-08-03T06:48:56.963 0100|00|00|05|fa0001|1f86030623[payload->].#||8,966
2025-08-03T06:48:57.065 0100|01|00|09|f501fe|1f86030514000038e4[payload->]....8.||58,424
2025-08-03T06:59:05.020 0100|00|00|05|fa0001|1f86030623[payload->].#||8,966
2025-08-03T06:59:05.121 0100|01|00|09|f501fe|1f86030514000038e4[payload->]....8.||58,424
2025-08-03T07:09:14.767 0100|00|00|05|fa0001|1f86030623[payload->].#||8,966
2025-08-03T07:09:14.869 0100|01|00|09|f501fe|1f86030514000038e4[payload->]....8.||58,424
2025-08-03T07:19:24.301 0100|00|00|05|fa0001|1f86030623[payload->].#||8,966
2025-08-03T07:19:24.402 0100|01|00|09|f501fe|1f86030514000038e4[payload->]....8.||58,424
2025-08-03T07:29:32.831 0100|00|00|05|fa0001|1f86030623[payload->].#||8,966
2025-08-03T07:29:32.932 0100|01|00|09|f501fe|1f86030514000038e4[payload->]....8.||58,424
2025-08-03T07:39:41.741 0100|00|00|05|fa0001|1f86030623[payload->].#||8,966
2025-08-03T07:39:41.842 0100|01|00|09|f501fe|1f86030514000038e4[payload->]....8.||58,424
2025-08-03T07:49:50.196 0100|00|00|05|fa0001|1f86030623[payload->].#||8,966
2025-08-03T07:49:50.297 0100|01|00|09|f501fe|1f86030514000038e4[payload->]....8.||58,424
2025-08-03T07:59:58.566 0100|00|00|05|fa0001|1f86030623[payload->].#||8,966
2025-08-03T07:59:58.667 0100|01|00|09|f501fe|1f86030514000038e4[payload->]....8.||58,424
2025-08-03T08:10:06.707 0100|00|00|05|fa0001|1f86030623[payload->].#||8,966
2025-08-03T08:10:06.808 0100|01|00|09|f501fe|1f86030514000038e4[payload->]....8.||58,424
2025-08-03T08:20:15.649 0100|00|00|05|fa0001|1f86030623[payload->].#||8,966
2025-08-03T08:20:15.749 0100|01|00|09|f501fe|1f86030514000038e4[payload->]....8.||58,424
2025-08-03T08:30:24.405 0100|00|00|05|fa0001|1f86030623[payload->].#||8,966
2025-08-03T08:40:33.071 0100|00|00|05|fa0001|1f86030623[payload->].#||8,966
2025-08-03T08:40:33.273 0100|01|00|09|f501fe|1f86030514000038e4[payload->]....8.||58,424
2025-08-03T08:50:42.165 0100|00|00|05|fa0001|1f86030623[payload->].#||8,966
2025-08-03T08:50:42.165 0100|01|00|09|f501fe|1f86030514000038e4[payload->]....8.||58,424
2025-08-03T09:00:52.097 0100|00|00|05|fa0001|1f86030623[payload->].#||8,966
2025-08-03T09:00:52.098 0100|01|00|09|f501fe|1f86030514000038e4[payload->]....8.||58,424
2025-08-03T09:10:59.617 0100|01|00|09|f501fe|1f86030514000038e4[payload->]....8.||58,424
2025-08-03T09:31:17.263 0100|00|00|05|fa0001|1f86030623[payload->].#||8,966
2025-08-03T09:31:17.364 0100|01|00|09|f501fe|1f86030514000038e4[payload->]....8.||58,424
2025-08-03T09:41:24.687 0100|00|00|05|fa0001|1f86030623[payload->].#||8,966
2025-08-03T09:41:24.889 0100|01|00|09|f501fe|1f86030514000038e4[payload->]....8.||58,424
2025-08-03T09:51:34.175 0100|00|00|05|fa0001|1f86030623[payload->].#||8,966
2025-08-03T09:51:34.276 0100|01|00|09|f501fe|1f86030514000038e4[payload->]....8.||58,424
2025-08-03T10:01:43.048 0100|00|00|05|fa0001|1f86030623[payload->].#||8,966
2025-08-03T10:01:43.149 0100|01|00|09|f501fe|1f86030514000038e4[payload->]....8.||58,424
2025-08-03T10:11:51.868 0100|00|00|05|fa0001|1f86030623[payload->].#||8,966
2025-08-03T10:11:51.969 0100|01|00|09|f501fe|1f86030514000038e4[payload->]....8.||58,424
2025-08-03T10:22:01.399 0100|00|00|05|fa0001|1f86030623[payload->].#||8,966
2025-08-03T10:22:01.500 0100|01|00|09|f501fe|1f86030514000038e4[payload->]....8.||58,424
2025-08-03T10:42:18.159 0100|00|00|05|fa0001|1f86030623[payload->].#||8,966
2025-08-03T10:52:27.617 0100|00|00|05|fa0001|1f86030623[payload->].#||8,966
2025-08-03T10:52:27.718 0100|01|00|09|f501fe|1f86030514000038e4[payload->]....8.||58,424
2025-08-03T11:12:44.657 0100|00|00|05|fa0001|1f86030623[payload->].#||8,966
2025-08-03T11:12:44.758 0100|01|00|09|f501fe|1f86030514000038e4[payload->]....8.||58,424
2025-08-03T11:22:54.112 0100|00|00|05|fa0001|1f86030623[payload->].#||8,966
2025-08-03T11:22:54.214 0100|01|00|09|f501fe|1f86030514000038e4[payload->]....8.||58,424
2025-08-03T11:33:03.089 0100|00|00|05|fa0001|1f86030623[payload->].#||8,966
2025-08-03T11:33:03.090 0100|01|00|09|f501fe|1f86030514000038e4[payload->]....8.||58,424
2025-08-03T11:43:11.868 0100|00|00|05|fa0001|1f86030623[payload->].#||8,966
2025-08-03T11:43:11.969 0100|01|00|09|f501fe|1f86030514000038e4[payload->]....8.||58,424
2025-08-03T11:53:21.909 0100|00|00|05|fa0001|1f86030623[payload->].#||8,966
2025-08-03T11:53:22.010 0100|01|00|09|f501fe|1f86030514000038e4[payload->]....8.||58,424
2025-08-03T12:03:30.070 0100|00|00|05|fa0001|1f86030623[payload->].#||8,966
2025-08-03T12:03:30.171 0100|01|00|09|f501fe|1f86030514000038e4[payload->]....8.||58,424
2025-08-03T12:13:38.806 0100|00|00|05|fa0001|1f86030623[payload->].#||8,966
2025-08-03T12:13:38.907 0100|01|00|09|f501fe|1f86030514000038e4[payload->]....8.||58,424
2025-08-03T12:23:47.895 0100|00|00|05|fa0001|1f86030623[payload->].#||8,966
2025-08-03T12:23:47.896 0100|01|00|09|f501fe|1f86030514000038e4[payload->]....8.||58,424
2025-08-03T12:33:57.783 0100|01|00|09|f501fe|1f86030514000038e4[payload->]....8.||58,424
2025-08-03T12:44:06.214 0100|00|00|05|fa0001|1f86030623[payload->].#||8,966
2025-08-03T12:44:06.315 0100|01|00|09|f501fe|1f86030514000038e4[payload->]....8.||58,424
2025-08-03T12:54:15.127 0100|00|00|05|fa0001|1f86030623[payload->].#||8,966
2025-08-03T12:54:15.128 0100|03|42|09|f501fe|1f86030514000038e4[payload->]....8.||58,424
2025-08-03T13:04:24.182 0100|00|00|05|fa0001|1f86030623[payload->].#||8,966
2025-08-03T13:04:24.283 0100|01|00|09|f501fe|1f86030514000038e4[payload->]....8.||58,424
2025-08-03T13:14:32.931 0100|00|00|05|fa0001|1f86030623[payload->].#||8,966
2025-08-03T13:14:33.032 0100|01|00|09|f501fe|1f86030514000038e4[payload->]....8.||58,424
2025-08-03T13:24:41.938 0100|00|00|05|fa0001|1f86030623[payload->].#||8,966
2025-08-03T13:24:42.039 0100|01|00|09|f501fe|1f86030514000038e4[payload->]....8.||58,424
2025-08-03T13:45:00.127 0100|00|00|05|fa0001|1f86030623[payload->].#||8,966
2025-08-03T13:45:00.228 0100|01|00|09|f501fe|1f86030514000038e4[payload->]....8.||58,424
2025-08-03T13:55:08.824 0100|00|00|05|fa0001|1f86030623[payload->].#||8,966
2025-08-03T13:55:08.925 0100|01|00|09|f501fe|1f86030514000038e4[payload->]....8.||58,424
2025-08-03T14:05:18.017 0100|00|00|05|fa0001|1f86030623[payload->].#||8,966
2025-08-03T14:05:18.118 0100|01|00|09|f501fe|1f86030514000038e4[payload->]....8.||58,424
2025-08-03T14:15:27.666 0100|00|00|05|fa0001|1f86030623[payload->].#||8,966
2025-08-03T14:15:27.666 0100|01|00|09|f501fe|1f86030514000038e4[payload->]....8.||58,424
2025-08-03T14:25:36.487 0100|00|00|05|fa0001|1f86030623[payload->].#||8,966
2025-08-03T14:25:36.588 0100|01|00|09|f501fe|1f86030514000038e4[payload->]....8.||58,424
2025-08-03T14:35:44.475 0100|00|00|05|fa0001|1f86030623[payload->].#||8,966
2025-08-03T14:35:44.576 0100|01|00|09|f501fe|1f86030514000038e4[payload->]....8.||58,424
2025-08-03T14:45:52.859 0100|00|00|05|fa0001|1f86030623[payload->].#||8,966
2025-08-03T14:45:52.960 0100|01|00|09|f501fe|1f86030514000038e4[payload->]....8.||58,424
2025-08-03T14:56:01.820 0100|00|00|05|fa0001|1f86030623[payload->].#||8,966
2025-08-03T14:56:01.921 0100|01|00|09|f501fe|1f86030514000038e4[payload->]....8.||58,424
2025-08-03T15:06:10.601 0100|00|00|05|fa0001|1f86030623[payload->].#||8,966
2025-08-03T15:06:10.702 0100|01|00|09|f501fe|1f86030514000038e4[payload->]....8.||58,424
2025-08-03T15:16:18.787 0100|00|00|05|fa0001|1f86030623[payload->].#||8,966
2025-08-03T15:16:18.788 0100|01|00|09|f501fe|1f86030514000038e4[payload->]....8.||58,424
2025-08-03T15:26:28.043 0100|00|00|05|fa0001|1f86030623[payload->].#||8,966
2025-08-03T15:26:28.043 0100|01|00|09|f501fe|1f86030514000038e4[payload->]....8.||58,424
2025-08-03T15:36:37.602 0100|00|00|05|fa0001|1f86030623[payload->].#||8,966
2025-08-03T15:36:37.703 0100|01|00|09|f501fe|1f86030514000038e4[payload->]....8.||58,424
2025-08-03T15:46:46.289 0100|00|00|05|fa0001|1f86030623[payload->].#||8,966
2025-08-03T15:46:46.391 0100|01|00|09|f501fe|1f86030514000038e4[payload->]....8.||58,424
2025-08-03T15:56:55.037 0100|00|00|05|fa0001|1f86030623[payload->].#||8,966
2025-08-03T15:56:55.037 0100|01|00|09|f501fe|1f86030514000038e4[payload->]....8.||58,424
2025-08-03T16:07:02.647 0100|00|00|05|fa0001|1f86030623[payload->].#||8,966
2025-08-03T16:07:02.749 0100|01|00|09|f501fe|1f86030514000038e4[payload->]....8.||58,424
2025-08-03T16:17:12.300 0100|00|00|05|fa0001|1f86030623[payload->].#||8,966
2025-08-03T16:17:12.300 0100|01|00|09|f501fe|1f86030514000038e4[payload->]....8.||58,424
2025-08-03T16:27:20.042 0100|00|00|05|fa0001|1f86030623[payload->].#||8,966
2025-08-03T16:37:28.914 0100|00|00|05|fa0001|1f86030623[payload->].#||8,966
2025-08-03T16:37:28.915 0100|01|00|09|f501fe|1f86030514000038e4[payload->]....8.||58,424
2025-08-03T16:47:38.073 0100|00|00|05|fa0001|1f86030623[payload->].#||8,966
2025-08-03T16:57:46.415 0100|00|00|05|fa0001|1f86030623[payload->].#||8,966
2025-08-03T16:57:46.516 0100|01|00|09|f500fe|1f86030514000038e4[payload->]....8.||58,424
2025-08-03T17:07:54.967 0100|00|00|05|fa0001|1f86030623[payload->].#||8,966
2025-08-03T17:07:55.068 0100|01|00|09|f501fe|1f86030514000038e4[payload->]....8.||58,424
2025-08-03T17:18:03.940 0100|00|00|05|fa0001|1f86030623[payload->].#||8,966
2025-08-03T17:18:04.041 0100|01|00|09|f501fe|1f86030514000038e4[payload->]....8.||58,424
2025-08-03T17:28:12.936 0100|00|00|05|fa0001|1f86030623[payload->].#||8,966
2025-08-03T17:28:13.038 0100|01|00|09|f501fe|1f86030514000038e4[payload->]....8.||58,424
2025-08-03T17:38:21.984 0100|00|00|05|fa0001|1f86030623[payload->].#||8,966
2025-08-03T17:38:21.985 0100|01|00|09|f501fe|1f86030514000038e4[payload->]....8.||58,424
2025-08-03T17:48:31.264 0100|00|00|05|fa0001|1f86030623[payload->].#||8,966
2025-08-03T17:48:31.365 0100|01|00|09|f501fe|1f86030514000038e4[payload->]....8.||58,424
2025-08-03T17:58:40.341 0100|01|00|09|f501fe|1f86030514000038e4[payload->]....8.||58,424
2025-08-03T18:08:48.808 0100|00|00|05|fa0001|1f86030623[payload->].#||8,966
2025-08-03T18:08:48.909 0100|01|00|09|f501fe|1f86030514000038e4[payload->]....8.||58,424
