2025-07-30T22:20:47.776 0100|00|00|05|fa000e|000002f601[payload->]..||0,502
2025-07-31T03:13:38.878 0100|00|00|05|fa0001|000002f601[payload->]..||0,502
2025-07-31T12:05:15.939 0100|00|00|05|fa500e|000002f601[payload->]..||0,502
2025-07-31T20:49:13.437 0100|06|f8|03|fe500e|000002[payload->]||0,512
2025-08-01T04:25:22.378 0100|00|00|05|fa500e|000002f601[payload->]..||0,502
2025-08-01T21:48:39.511 0100|06|f8|05|fe500e|000002f601[payload->]..||0,502
2025-08-01T22:43:49.305 0100|06|f8|09|fe500e|000002f60100000005[payload->]......||1,280
2025-08-01T22:49:09.668 0100|06|f8|21|fe500e|000002f60100000005fa0001200201cbf1010001000bf301fe200201ae8da80245[payload->]......... ............ ......E||17,666
2025-08-01T23:24:09.889 0100|06|f8|41|fe500e|000002f60100000005fa0003100301ecf10100010007f701fe100301ffff859c0100000005fa0003200401d3f30100010009f501fe200401ffffffff850d010000[payload->]..................................... ............ ...........||0,000
2025-08-02T00:18:09.456 0100|06|f8|03|fe500e|000002[payload->]||0,512
2025-08-02T00:38:09.465 0100|0e|f8|09|fe500e|000002f60100000005[payload->]......||1,280
2025-08-02T00:55:29.500 0100|06|f8|09|fe500e|000002f60100000005[payload->]......||1,280
2025-08-02T02:32:59.459 0100|06|f8|05|fe500e|000002f601[payload->]..||0,502
2025-08-02T02:47:19.286 0100|0e|f8|09|fe500e|000002f60100000005[payload->]......||1,280
2025-08-02T03:31:49.310 0100|06|f8|05|fe500e|000002f601[payload->]..||0,502
2025-08-02T03:41:59.727 0100|06|f8|41|fe520e|000002f60100000005fa0001200201cbf1010001000bf301fe200201ae8da802453b1e8d0100000005fa0003100301ecf10100010007f701fe100301ffff859c01[payload->]......... ............ ......E;...............................||0,412
2025-08-02T03:59:29.468 0100|06|f8|03|fe500e|000002[payload->]||0,512
2025-08-02T04:08:39.579 0100|06|f8|09|fe500e|000002f60100000005[payload->]......||1,280
2025-08-02T04:12:19.301 0100|06|f8|03|fe500e|000002[payload->]||0,512
2025-08-02T04:15:39.523 0100|0e|f8|09|fe500e|000002f60100000005[payload->]......||1,280
2025-08-02T04:52:39.592 0100|06|f8|05|fe500e|000002f601[payload->]..||0,502
2025-08-02T05:03:20.004 0100|06|f8|81|fe500e|000002f60100000005fa0001200201cbf1010001000bf301fe200201ae8da802453b1e8d0100000005fa0003100301ecf10100010007f701fe100301ffff859c0100000005fa0003200401d3f30100010009f501fe200401ffffffff850d0100000005fa000320020173f0010001000bf301fe2002010000000000006c4a010000[payload->]......... ............ ......E;...................................... ............ ................ ..s......... ........lJ...||0,000
2025-08-02T05:11:09.514 0100|06|f8|09|fe500e|000002f60100000005[payload->]......||1,280
2025-08-02T05:26:29.558 0100|06|f8|09|fe500e|000002f60100000005[payload->]......||1,280
2025-08-02T19:17:42.603 0100|06|f8|81|fe500e|000002f60100000005fa000320020173f0010001000bf301fe2002010000000000006c4a0100000005fa0001222c006b8c0100010006f801fe222c0001b08c0100000005fa0001504400b0030100010009f501fe50440007000000a24f0100000005fa000150450020020100010009f501fe504500bc000000976a0100000005fa[payload->]......... ..s......... ........lJ........",.k.........",............PD...........PD......O........PE. .........PE......j......||64,005
2025-08-03T01:19:18.755 0100|06|f8|03|fe500e|000002[payload->]||0,512
