2025-07-30T21:37:59.316 0100|01|00|06|f801fe|341501007199[payload->].q.||39,281
2025-07-30T22:57:49.330 0100|01|00|06|f801fe|341501007199[payload->].q.||39,281
2025-07-30T23:47:39.203 0100|01|00|06|f801fe|341501007199[payload->].q.||39,281
2025-07-31T00:58:39.241 0100|01|00|06|f801fe|341501007199[payload->].q.||39,281
2025-07-31T01:58:59.418 0100|01|00|06|f801fe|341501007199[payload->].q.||39,281
2025-07-31T03:41:20.675 0100|01|00|06|f801fe|341501007199[payload->].q.||39,281
2025-07-31T07:04:55.029 0100|01|00|06|f801fe|341501007199[payload->].q.||39,281
2025-07-31T08:48:25.778 0100|01|00|06|f801fe|341501007199[payload->].q.||39,281
2025-07-31T15:28:23.138 0100|01|00|06|f801fe|341501007199[payload->].q.||39,281
2025-07-31T15:54:03.583 0100|01|00|06|f801fe|341501007199[payload->].q.||39,281
2025-07-31T20:05:46.343 0100|01|00|06|f801fe|341501007199[payload->].q.||39,281
2025-07-31T21:37:37.085 0100|01|00|06|f801fe|341501007199[payload->].q.||39,281
2025-07-31T23:53:50.915 0100|00|00|05|fa0001|341501ff8f[payload->]..||36,863
2025-08-01T01:04:20.179 0100|01|00|06|f801fe|341501007199[payload->].q.||39,281
2025-08-01T02:24:12.004 0100|01|00|06|f801fe|341501007199[payload->].q.||39,281
2025-08-01T08:16:07.065 0100|01|00|06|f801fe|341501007199[payload->].q.||39,281
2025-08-01T08:46:07.039 0100|01|00|06|f801fe|341501007199[payload->].q.||39,281
2025-08-01T08:48:47.011 0100|01|00|06|f801fe|341501007199[payload->].q.||39,281
2025-08-01T10:30:17.079 0100|01|00|06|f801fe|341501007199[payload->].q.||39,281
2025-08-01T10:50:17.060 0100|01|00|06|f801fe|341501007199[payload->].q.||39,281
2025-08-01T11:13:27.068 0100|01|00|06|f801fe|341501007199[payload->].q.||39,281
2025-08-01T11:23:07.034 0100|01|00|06|f801fe|341501007199[payload->].q.||39,281
2025-08-01T11:28:57.067 0100|01|00|06|f801fe|341501007199[payload->].q.||39,281
2025-08-01T12:45:09.462 0100|01|00|06|f801fe|341501007199[payload->].q.||39,281
2025-08-01T13:16:40.028 0100|01|00|06|f801fe|341501007199[payload->].q.||39,281
2025-08-01T13:21:30.017 0100|01|00|06|f801fe|341501007199[payload->].q.||39,281
2025-08-01T14:14:42.004 0100|00|00|05|fa0001|341501ff8f[payload->]..||36,863
2025-08-01T19:42:55.025 0100|00|00|05|fa0001|341501ff8f[payload->]..||36,863
2025-08-01T21:43:40.098 0100|01|00|06|f801fe|341501007199[payload->].q.||39,281
2025-08-02T00:48:20.228 0100|01|00|06|f801fe|341501007199[payload->].q.||39,281
2025-08-02T01:36:20.253 0100|01|00|06|f801fe|341501007199[payload->].q.||39,281
2025-08-02T02:25:20.528 0100|01|00|06|f801fe|341501007199[payload->].q.||39,281
2025-08-02T03:51:49.999 0100|00|00|05|fa0001|341501ff8f[payload->]..||36,863
2025-08-02T04:14:00.127 0100|01|00|06|f801fe|341501007199[payload->].q.||39,281
2025-08-02T04:35:00.157 0100|00|00|05|fa0001|341501ff8f[payload->]..||36,863
2025-08-02T13:05:58.038 0100|01|00|06|f801fe|341501007199[payload->].q.||39,281
2025-08-02T16:27:11.580 0100|01|00|06|f801fe|341501007199[payload->].q.||39,281
2025-08-02T22:01:34.562 0100|01|00|06|f801fe|341501007199[payload->].q.||39,281
2025-08-02T23:57:57.603 0100|01|00|06|f801fe|341501007199[payload->].q.||39,281
2025-08-03T01:00:19.331 0100|01|00|06|f801fe|341501007199[payload->].q.||39,281
2025-08-03T08:33:54.378 0100|01|00|06|f801fe|341501007199[payload->].q.||39,281
2025-08-03T12:22:57.135 0100|01|00|06|f801fe|341501007199[payload->].q.||39,281
2025-08-03T13:09:27.511 0100|01|00|06|f801fe|341501007199[payload->].q.||39,281
2025-08-03T15:34:57.116 0100|01|00|06|f801fe|341501007199[payload->].q.||39,281
