2025-07-30T20:48:33.470 0100|00|00|05|fa0001|10020154f0[payload->]T.||61,524
2025-07-30T20:58:38.339 0100|01|00|07|f701fe|100201ffff859c[payload->]....||40,069
2025-07-30T21:46:38.808 0100|01|00|07|f701fe|100201ffff859c[payload->]....||40,069
2025-07-30T21:53:13.935 0100|01|00|07|f701fe|100201ffff859c[payload->]....||40,069
2025-07-30T21:57:23.423 0100|01|00|07|f701fe|100201ffff859c[payload->]....||40,069
2025-07-30T22:10:44.679 0100|01|00|07|f701fe|100201ffff859c[payload->]....||40,069
2025-07-30T22:23:34.567 0100|01|00|07|f701fe|100201ffff859c[payload->]....||40,069
2025-07-30T22:40:23.391 0100|01|00|07|f701fe|100201ffff859c[payload->]....||40,069
2025-07-30T22:49:08.400 0100|00|00|05|fa0001|10020154f0[payload->]T.||61,524
2025-07-30T23:20:04.016 0100|01|00|07|f701fe|100201ffff859c[payload->]....||40,069
2025-07-30T23:21:13.417 0100|01|00|07|f701fe|100201ffff859c[payload->]....||40,069
2025-07-30T23:49:53.457 0100|01|00|07|f701fe|100201ffff859c[payload->]....||40,069
2025-07-30T23:54:38.346 0100|01|00|07|f701fe|100201ffff859c[payload->]....||40,069
2025-07-30T23:59:08.393 0100|01|00|07|f701fe|100201ffff859c[payload->]....||40,069
2025-07-31T00:34:58.402 0100|01|00|07|f701fe|100201ffff859c[payload->]....||40,069
2025-07-31T00:42:53.429 0100|01|00|07|f701fe|100201ffff859c[payload->]....||40,069
2025-07-31T00:59:04.780 0100|01|00|07|f701fe|100201ffff859c[payload->]....||40,069
2025-07-31T00:59:58.370 0100|01|00|07|f701fe|100201ffff859c[payload->]....||40,069
2025-07-31T01:29:43.417 0100|01|00|07|f701fe|100201ffff859c[payload->]....||40,069
2025-07-31T01:35:53.959 0100|01|00|07|f701fe|100201ffff859c[payload->]....||40,069
2025-07-31T01:37:08.361 0100|01|00|07|f701fe|100201ffff859c[payload->]....||40,069
2025-07-31T01:59:03.448 0100|01|00|07|f701fe|100201ffff859c[payload->]....||40,069
2025-07-31T02:15:08.426 0100|01|00|07|f701fe|100201ffff859c[payload->]....||40,069
2025-07-31T02:16:18.395 0100|01|00|07|f701fe|100201ffff859c[payload->]....||40,069
2025-07-31T02:21:13.374 0100|01|00|07|f701fe|100201ffff859c[payload->]....||40,069
2025-07-31T02:26:38.332 0100|01|00|07|f701fe|100201ffff859c[payload->]....||40,069
2025-07-31T02:40:58.869 0100|01|00|07|f701fe|100201ffff859c[payload->]....||40,069
2025-07-31T03:33:08.409 0100|01|00|07|f701fe|100201ffff859c[payload->]....||40,069
2025-07-31T03:42:43.758 0100|01|00|07|f701fe|100201ffff859c[payload->]....||40,069
2025-07-31T03:48:45.929 0100|01|00|07|f701fe|100201ffff859c[payload->]....||40,069
2025-07-31T03:53:33.379 0100|01|00|07|f701fe|100201ffff859c[payload->]....||40,069
2025-07-31T04:10:48.349 0100|00|00|05|fa0001|10020154f0[payload->]T.||61,524
2025-07-31T04:20:58.442 0100|01|00|07|f701fe|100201ffff859c[payload->]....||40,069
2025-07-31T04:22:13.426 0100|01|00|07|f701fe|100201ffff859c[payload->]....||40,069
2025-07-31T04:33:03.393 0100|00|00|05|fa0001|10020154f0[payload->]T.||61,524
2025-07-31T04:38:53.846 0100|01|00|07|f701fe|100201ffff859c[payload->]....||40,069
2025-07-31T04:58:38.424 0100|01|00|07|f701fe|100201ffff859c[payload->]....||40,069
2025-07-31T05:16:07.840 0100|01|00|07|f701fe|100201ffff859c[payload->]....||40,069
2025-07-31T05:34:23.372 0100|01|00|07|f701fe|100201ffff859c[payload->]....||40,069
2025-07-31T05:50:28.411 0100|01|00|07|f701fe|100201ffff859c[payload->]....||40,069
2025-07-31T06:03:27.855 0100|01|00|07|f701fe|100201ffff859c[payload->]....||40,069
2025-07-31T06:07:57.762 0100|01|00|07|f701fe|100201ffff859c[payload->]....||40,069
2025-07-31T06:25:13.489 0100|01|00|07|f701fe|100201ffff859c[payload->]....||40,069
2025-07-31T06:26:03.343 0100|00|00|05|fa0001|10020154f0[payload->]T.||61,524
2025-07-31T06:54:43.628 0100|01|00|07|f701fe|100201ffff859c[payload->]....||40,069
2025-07-31T07:27:43.440 0100|01|00|07|f701fe|100201ffff859c[payload->]....||40,069
2025-07-31T07:51:18.432 0100|01|00|07|f701fe|100201ffff859c[payload->]....||40,069
2025-07-31T07:52:03.454 0100|01|00|07|f701fe|100201ffff859c[payload->]....||40,069
2025-07-31T09:20:49.091 0100|00|00|05|fa0003|100201ecf1[payload->]..||61,932
2025-07-31T10:00:48.567 0100|01|00|07|f701fe|100201ffff859c[payload->]....||40,069
2025-07-31T10:02:40.713 0100|01|00|07|f701fe|100201ffff859c[payload->]....||40,069
2025-07-31T10:14:08.574 0100|01|00|07|f701fe|100201ffff859c[payload->]....||40,069
2025-07-31T10:32:13.523 0100|01|00|07|f701fe|100201ffff859c[payload->]....||40,069
2025-07-31T10:35:58.410 0100|00|00|05|fa0001|10020154f0[payload->]T.||61,524
2025-07-31T11:22:18.487 0100|01|00|07|f701fe|100201ffff859c[payload->]....||40,069
2025-07-31T11:24:58.484 0100|01|00|07|f701fe|100201ffff859c[payload->]....||40,069
2025-07-31T11:33:49.211 0100|01|00|07|f701fe|100201ffff859c[payload->]....||40,069
2025-07-31T12:26:48.561 0100|01|00|07|f701fe|100201ffff859c[payload->]....||40,069
2025-07-31T12:52:38.478 0100|01|00|07|f701fe|100201ffff859c[payload->]....||40,069
2025-07-31T12:55:53.498 0100|01|00|07|f701fe|100201ffff859c[payload->]....||40,069
2025-07-31T12:57:13.446 0100|01|00|07|f701fe|100201ffff859c[payload->]....||40,069
2025-07-31T13:04:59.163 0100|01|00|07|f701fe|100201ffff859c[payload->]....||40,069
2025-07-31T13:46:04.301 0100|01|00|07|f701fe|100201ffff859c[payload->]....||40,069
2025-07-31T15:35:48.059 0100|01|00|07|f701fe|100201ffff859c[payload->]....||40,069
2025-07-31T16:34:38.003 0100|01|00|07|f701fe|100201ffff859c[payload->]....||40,069
2025-07-31T16:36:23.589 0100|01|00|07|f701fe|100201ffff859c[payload->]....||40,069
2025-07-31T16:44:38.079 0100|01|00|07|f701fe|100201ffff859c[payload->]....||40,069
2025-07-31T17:03:19.330 0100|01|00|07|f701fe|100201ffff859c[payload->]....||40,069
2025-07-31T17:43:39.059 0100|01|00|07|f701fe|100201ffff859c[payload->]....||40,069
2025-07-31T18:00:38.959 0100|00|00|05|fa0003|100201ecf1[payload->]..||61,932
2025-07-31T18:05:43.717 0100|01|00|07|f701fe|100201ffff859c[payload->]....||40,069
2025-07-31T18:21:13.698 0100|01|00|07|f701fe|100201ffff859c[payload->]....||40,069
2025-07-31T18:45:43.724 0100|01|00|07|f701fe|100201ffff859c[payload->]....||40,069
2025-07-31T18:58:21.013 0100|00|00|05|fa0001|10020154f0[payload->]T.||61,524
2025-07-31T19:38:38.624 0100|01|00|07|f701fe|100201ffff859c[payload->]....||40,069
2025-07-31T19:45:43.625 0100|01|00|07|f701fe|100201ffff859c[payload->]....||40,069
2025-07-31T19:46:33.686 0100|01|00|07|f701fe|100201ffff859c[payload->]....||40,069
2025-07-31T20:16:31.526 0100|01|00|07|f701fe|100201ffff859c[payload->]....||40,069
2025-07-31T20:57:03.670 0100|01|00|07|f701fe|100201ffff859c[payload->]....||40,069
2025-07-31T21:28:43.676 0100|01|00|07|f701fe|100201ffff859c[payload->]....||40,069
2025-07-31T22:14:38.656 0100|01|00|07|f701fe|100201ffff859c[payload->]....||40,069
2025-07-31T22:15:03.169 0100|01|00|07|f701fe|100201ffff859c[payload->]....||40,069
2025-07-31T22:29:03.616 0100|01|00|07|f701fe|100201ffff859c[payload->]....||40,069
2025-07-31T22:33:03.626 0100|01|00|07|f701fe|100201ffff859c[payload->]....||40,069
2025-07-31T22:42:23.618 0100|01|00|07|f701fe|100201ffff859c[payload->]....||40,069
2025-07-31T23:04:58.687 0100|01|00|07|f701fe|100201ffff859c[payload->]....||40,069
2025-07-31T23:09:58.852 0100|01|00|07|f701fe|100201ffff859c[payload->]....||40,069
2025-07-31T23:12:49.091 0100|01|00|07|f701fe|100201ffff859c[payload->]....||40,069
2025-07-31T23:26:14.104 0100|00|00|05|f20003|100201ecf1[payload->]..||61,932
2025-07-31T23:28:43.714 0100|01|00|07|f701fe|100201ffff859c[payload->]....||40,069
2025-07-31T23:32:49.438 0100|01|00|07|f701fe|100201ffff859c[payload->]....||40,069
2025-07-31T23:40:43.645 0100|01|00|07|f701fe|100201ffff859c[payload->]....||40,069
2025-07-31T23:44:58.690 0100|01|00|07|f701fe|100201ffff859c[payload->]....||40,069
2025-08-01T00:34:39.167 0100|01|00|07|f701fe|100201ffff859c[payload->]....||40,069
2025-08-01T00:41:03.710 0100|01|00|07|f701fe|100201ffff859c[payload->]....||40,069
2025-08-01T00:46:23.643 0100|01|00|07|f701fe|100201ffff859c[payload->]....||40,069
2025-08-01T00:47:58.735 0100|01|00|07|f701fe|100201ffff859c[payload->]....||40,069
2025-08-01T01:43:23.953 0100|00|00|05|fa0003|100201ecf1[payload->]..||61,932
2025-08-01T01:55:53.665 0100|01|00|07|f701fe|100201ffff859c[payload->]....||40,069
2025-08-01T02:09:58.789 0100|01|00|07|f701fe|100201ffff859c[payload->]....||40,069
2025-08-01T02:20:24.006 0100|00|00|05|fa0003|100201ecf1[payload->]..||61,932
2025-08-01T02:22:54.008 0100|00|00|05|fa0003|100201ecf1[payload->]..||61,932
2025-08-01T02:32:48.794 0100|01|00|07|f701fe|100201ffff859c[payload->]....||40,069
2025-08-01T03:06:43.752 0100|01|00|07|f701fe|100201ffff859c[payload->]....||40,069
2025-08-01T03:17:48.723 0100|01|00|07|f701fe|100201ffff859c[payload->]....||40,069
2025-08-01T03:23:53.670 0100|01|00|07|f701fe|100201ffff859c[payload->]....||40,069
2025-08-01T03:43:48.709 0100|01|00|07|f701fe|100201ffff859c[payload->]....||40,069
2025-08-01T03:59:03.640 0100|01|00|07|f701fe|100201ffff859c[payload->]....||40,069
2025-08-01T04:19:48.679 0100|01|00|07|f701fe|100201ffff859c[payload->]....||40,069
2025-08-01T04:22:18.654 0100|01|00|07|f701fe|100201ffff859c[payload->]....||40,069
2025-08-01T04:55:04.090 0100|01|00|07|f701fe|100201ffff859c[payload->]....||40,069
2025-08-01T04:57:39.077 0100|01|00|07|f701fe|100201ffff859c[payload->]....||40,069
2025-08-01T05:40:03.715 0100|01|00|07|f701fe|100201ffff859c[payload->]....||40,069
2025-08-01T06:15:43.708 0100|01|00|07|f701fe|100201ffff859c[payload->]....||40,069
2025-08-01T06:18:48.751 0100|01|00|07|f701fe|100201ffff859c[payload->]....||40,069
2025-08-01T06:35:33.676 0100|01|00|07|f701fe|100201ffff859c[payload->]....||40,069
2025-08-01T06:36:19.617 0100|01|00|07|f701fe|100201ffff859c[payload->]....||40,069
2025-08-01T06:45:34.326 0100|01|00|07|f701fe|100201ffff859c[payload->]....||40,069
2025-08-01T07:00:03.682 0100|01|00|07|f701fe|100201ffff859c[payload->]....||40,069
2025-08-01T07:30:43.755 0100|01|00|07|f701fe|100201ffff859c[payload->]....||40,069
2025-08-01T07:41:31.197 0100|01|00|07|f701fe|100201ffff859c[payload->]....||40,069
2025-08-01T07:44:09.548 0100|01|00|07|f701fe|100201ffff859c[payload->]....||40,069
2025-08-01T08:05:18.686 0100|01|00|07|f701fe|100201ffff859c[payload->]....||40,069
2025-08-01T08:56:51.471 0100|01|00|07|f701fe|100201ffff859c[payload->]....||40,069
2025-08-01T09:54:33.814 0100|01|00|07|f701fe|100201ffff859c[payload->]....||40,069
2025-08-01T09:56:58.889 0100|01|00|07|f701fe|100201ffff859c[payload->]....||40,069
2025-08-01T10:13:58.778 0100|01|00|07|f701fe|100201ffff859c[payload->]....||40,069
2025-08-01T10:27:23.761 0100|01|00|07|f701fe|100201ffff859c[payload->]....||40,069
2025-08-01T10:29:04.601 0100|01|00|07|f701fe|100201ffff859c[payload->]....||40,069
2025-08-01T10:42:59.078 0100|00|00|05|fa0003|100201ecf1[payload->]..||61,932
2025-08-01T11:01:58.889 0100|01|00|07|f701fe|100201ffff859c[payload->]....||40,069
2025-08-01T11:13:41.190 0100|01|00|07|f701fe|100201ffff859c[payload->]....||40,069
2025-08-01T11:16:48.758 0100|01|00|07|f701fe|100201ffff859c[payload->]....||40,069
2025-08-01T11:17:09.970 0100|01|00|07|f701fe|100201ffff859c[payload->]....||40,069
2025-08-01T11:36:53.714 0100|01|00|07|f701fe|100201ffff859c[payload->]....||40,069
2025-08-01T11:42:43.816 0100|01|00|07|f701fe|100201ffff859c[payload->]....||40,069
2025-08-01T11:46:03.764 0100|01|00|07|f701fe|100201ffff859c[payload->]....||40,069
2025-08-01T11:52:08.678 0100|00|00|05|fa0001|10020154f0[payload->]T.||61,524
2025-08-01T12:19:19.546 0100|01|00|07|f701fe|100201ffff859c[payload->]....||40,069
2025-08-01T12:32:39.546 0100|01|00|07|f701fe|100201ffff859c[payload->]....||40,069
2025-08-01T12:40:13.267 0100|01|00|07|f701fe|100201ffff859c[payload->]....||40,069
2025-08-01T12:49:34.040 0100|01|00|07|f701fe|100201ffff859c[payload->]....||40,069
2025-08-01T13:13:23.783 0100|01|00|07|f701fe|100201ffff859c[payload->]....||40,069
2025-08-01T13:51:23.798 0100|00|00|05|fa0001|10020154f0[payload->]T.||61,524
2025-08-01T13:56:23.905 0100|01|00|07|f701fe|100201ffff859c[payload->]....||40,069
2025-08-01T14:00:53.775 0100|01|00|07|f701fe|100201ffff859c[payload->]....||40,069
2025-08-01T14:05:33.776 0100|00|00|05|fa0001|10020154f0[payload->]T.||61,524
2025-08-01T14:07:43.787 0100|01|00|07|f701fe|100201ffff859c[payload->]....||40,069
2025-08-01T14:11:28.270 0100|00|00|05|fa0001|10020154f0[payload->]T.||61,524
2025-08-01T14:41:48.798 0100|01|00|07|f701fe|100201ffff859c[payload->]....||40,069
2025-08-01T14:54:18.884 0100|01|00|07|f701fe|100201ffff859c[payload->]....||40,069
2025-08-01T14:59:13.856 0100|01|00|07|f701fe|100201ffff859c[payload->]....||40,069
2025-08-01T15:04:14.257 0100|01|00|07|f701fe|100201ffff859c[payload->]....||40,069
2025-08-01T15:11:13.833 0100|01|00|07|f701fe|100201ffff859c[payload->]....||40,069
2025-08-01T15:17:19.981 0100|01|00|07|f701fe|100201ffff859c[payload->]....||40,069
2025-08-01T15:34:38.872 0100|01|00|07|f701fe|100201ffff859c[payload->]....||40,069
2025-08-01T15:41:39.764 0100|01|00|07|f701fe|100201ffff859c[payload->]....||40,069
2025-08-01T15:49:38.776 0100|01|00|07|f701fe|100201ffff859c[payload->]....||40,069
2025-08-01T16:02:29.509 0100|01|00|07|f701fe|100201ffff859c[payload->]....||40,069
2025-08-01T16:29:49.195 0100|01|00|07|f701fe|100201ffff859c[payload->]....||40,069
2025-08-01T17:07:23.873 0100|01|00|07|f701fe|100201ffff859c[payload->]....||40,069
2025-08-01T17:34:48.301 0100|00|00|05|fa0001|10020154f0[payload->]T.||61,524
2025-08-01T18:36:28.877 0100|01|00|07|f701fe|100201ffff859c[payload->]....||40,069
2025-08-01T18:42:28.881 0100|01|00|07|f701fe|100201ffff859c[payload->]....||40,069
2025-08-01T18:55:03.870 0100|01|00|07|f701fe|100201ffff859c[payload->]....||40,069
2025-08-01T18:58:19.537 0100|01|00|07|f701fe|100201ffff859c[payload->]....||40,069
2025-08-01T19:48:18.847 0100|01|00|07|f701fe|100201ffff859c[payload->]....||40,069
2025-08-01T19:49:23.905 0100|01|00|07|f701fe|100201ffff859c[payload->]....||40,069
2025-08-01T19:58:00.803 0100|00|00|05|fa0001|10020154f0[payload->]T.||61,524
2025-08-01T20:00:38.932 0100|01|00|07|f701fe|100201ffff859c[payload->]....||40,069
2025-08-01T20:06:23.914 0100|01|00|07|f701fe|100201ffff859c[payload->]....||40,069
2025-08-01T20:11:03.920 0100|01|00|07|f701fe|100201ffff859c[payload->]....||40,069
2025-08-01T20:16:54.313 0100|01|00|07|f701fe|100201ffff859c[payload->]....||40,069
2025-08-01T20:17:49.017 0100|01|00|07|f701fe|100201ffff859c[payload->]....||40,069
2025-08-01T20:19:18.893 0100|01|00|07|f701fe|100201ffff859c[payload->]....||40,069
2025-08-01T21:20:25.515 0100|00|00|05|fa0003|100201ecf1[payload->]..||61,932
2025-08-01T21:50:29.768 0100|01|00|07|f701fe|100201ffff859c[payload->]....||40,069
2025-08-01T22:33:13.897 0100|01|00|07|f701fe|100201ffff859c[payload->]....||40,069
2025-08-01T22:36:43.872 0100|01|00|07|f701fe|100201ffff859c[payload->]....||40,069
2025-08-01T22:38:18.945 0100|01|00|07|f701fe|100201ffff859c[payload->]....||40,069
2025-08-01T22:43:13.969 0100|01|00|07|f701fe|100201ffff859c[payload->]....||40,069
2025-08-01T22:51:24.164 0100|01|00|07|f701fe|100201ffff859c[payload->]....||40,069
2025-08-01T23:30:08.107 0100|01|00|07|f701fe|100201ffff859c[payload->]....||40,069
2025-08-01T23:42:13.960 0100|01|00|07|f701fe|100201ffff859c[payload->]....||40,069
2025-08-02T00:03:33.875 0100|00|00|05|fa0001|10020154f0[payload->]T.||61,524
2025-08-02T00:27:29.729 0100|01|00|07|f701fe|100201ffff859c[payload->]....||40,069
2025-08-02T00:29:54.554 0100|00|00|05|fa0003|100201ecf1[payload->]..||61,932
2025-08-02T00:39:38.975 0100|01|00|07|f701fe|100201ffff859c[payload->]....||40,069
2025-08-02T00:55:54.541 0100|00|00|05|fa0003|100201ecf1[payload->]..||61,932
2025-08-02T00:59:23.950 0100|01|00|07|f701fe|100201ffff859c[payload->]....||40,069
2025-08-02T01:05:23.957 0100|01|00|07|f701fe|100201ffff859c[payload->]....||40,069
2025-08-02T01:14:59.703 0100|01|00|07|f701fe|100201ffff859c[payload->]....||40,069
2025-08-02T02:01:23.964 0100|01|00|07|f701fe|100201ffff859c[payload->]....||40,069
2025-08-02T02:27:49.027 0100|01|00|07|f701fe|100201ffff859c[payload->]....||40,069
2025-08-02T03:05:29.041 0100|01|00|07|f701fe|100201ffff859c[payload->]....||40,069
2025-08-02T03:28:50.441 0100|00|00|05|fa0003|100201ecf1[payload->]..||61,932
2025-08-02T04:06:03.967 0100|01|00|07|f701fe|100201ffff859c[payload->]....||40,069
2025-08-02T04:36:53.974 0100|01|00|07|f701fe|100201ffff859c[payload->]....||40,069
2025-08-02T06:27:55.277 0100|01|00|07|f701fe|100201ffff859c[payload->]....||40,069
2025-08-02T06:35:33.975 0100|00|00|05|fa0001|10020154f0[payload->]T.||61,524
2025-08-02T06:45:39.636 0100|01|00|07|f701fe|100201ffff859c[payload->]....||40,069
2025-08-02T07:56:49.824 0100|01|00|07|f701fe|100201ffff859c[payload->]....||40,069
2025-08-02T08:53:54.112 0100|01|00|07|f701fe|100201ffff859c[payload->]....||40,069
2025-08-02T09:46:59.659 0100|00|00|05|fa0003|100201ecf1[payload->]..||61,932
2025-08-02T09:52:49.742 0100|01|00|07|f701fe|100201ffff859c[payload->]....||40,069
2025-08-02T09:54:54.088 0100|01|00|07|f701fe|100201ffff859c[payload->]....||40,069
2025-08-02T10:00:44.037 0100|03|00|07|f701fe|100201ffff859c[payload->]....||40,069
2025-08-02T10:06:09.153 0100|01|00|07|f701fe|100201ffff859c[payload->]....||40,069
2025-08-02T10:52:44.554 0100|01|00|07|f701fe|100201ffff859c[payload->]....||40,069
2025-08-02T11:52:29.831 0100|01|00|07|f701fe|100201ffff859c[payload->]....||40,069
2025-08-02T11:53:14.171 0100|01|08|07|f701fe|100201ffff859c[payload->]....||40,069
2025-08-02T12:30:35.034 0100|01|00|07|f701fe|100201ffff859c[payload->]....||40,069
2025-08-02T12:31:49.134 0100|01|00|07|f701fe|100201ffff859c[payload->]....||40,069
2025-08-02T13:11:24.676 0100|01|00|07|f701fe|100201ffff859c[payload->]....||40,069
2025-08-02T13:26:59.168 0100|01|00|07|f701fe|100201ffff859c[payload->]....||40,069
2025-08-02T13:49:19.615 0100|01|00|07|f701fe|100201ffff859c[payload->]....||40,069
2025-08-02T13:57:54.370 0100|01|00|07|f701fe|100201ffff859c[payload->]....||40,069
2025-08-02T14:45:39.153 0100|01|00|07|f701fe|100201ffff859c[payload->]....||40,069
2025-08-02T14:55:54.281 0100|01|00|07|f701fe|100201ffff859c[payload->]....||40,069
2025-08-02T15:25:09.219 0100|01|00|07|f701fe|100201ffff859c[payload->]....||40,069
2025-08-02T15:39:09.218 0100|01|00|07|f701fe|100201ffff859c[payload->]....||40,069
2025-08-02T16:21:54.695 0100|00|00|05|fa0003|100201ecf1[payload->]..||61,932
2025-08-02T16:24:14.894 0100|01|00|07|f701fe|100201ffff859c[payload->]....||40,069
2025-08-02T16:25:49.194 0100|01|00|07|f701fe|100201ffff859c[payload->]....||40,069
2025-08-02T16:45:59.170 0100|01|00|07|f701fe|100201ffff859c[payload->]....||40,069
2025-08-02T17:21:59.179 0100|01|00|07|f701fe|100201ffff859c[payload->]....||40,069
2025-08-02T17:45:44.302 0100|01|00|07|f701fe|100201ffff859c[payload->]....||40,069
2025-08-02T18:08:19.245 0100|01|00|07|f701fe|100201ffff859c[payload->]....||40,069
2025-08-02T18:43:24.254 0100|01|00|07|f701fe|100201ffff859c[payload->]....||40,069
2025-08-02T19:10:08.372 0100|00|00|05|fa0001|10020154f0[payload->]T.||61,524
2025-08-02T19:26:24.700 0100|01|00|07|f701fe|100201ffff859c[payload->]....||40,069
2025-08-02T19:46:30.187 0100|01|00|07|f701fe|100201ffff859c[payload->]....||40,069
2025-08-02T19:47:50.137 0100|00|00|05|fa0003|100201ecf1[payload->]..||61,932
2025-08-02T19:51:40.496 0100|01|04|07|f701fe|100201ffff859c[payload->]....||40,069
2025-08-02T20:23:55.153 0100|01|00|07|f701fe|100201ffff859c[payload->]....||40,069
2025-08-02T20:38:45.240 0100|01|00|07|f701fe|100201ffff859c[payload->]....||40,069
2025-08-02T20:57:54.776 0100|01|00|07|f701fe|100201ffff859c[payload->]....||40,069
2025-08-02T21:01:29.253 0100|01|00|07|f701fe|100201ffff859c[payload->]....||40,069
2025-08-02T21:25:41.041 0100|00|00|05|fa0003|100201ecf1[payload->]..||61,932
2025-08-02T21:27:35.227 0100|01|00|07|f701fe|100201ffff859c[payload->]....||40,069
2025-08-02T21:33:45.222 0100|01|00|07|f701fe|100201ffff859c[payload->]....||40,069
2025-08-02T21:41:34.759 0100|01|00|07|f701fe|100201ffff859c[payload->]....||40,069
2025-08-02T21:51:39.712 0100|01|00|07|f701fe|100201ffff859c[payload->]....||40,069
2025-08-02T21:54:45.177 0100|01|00|07|f701fe|100201ffff859c[payload->]....||40,069
2025-08-02T22:33:54.694 0100|00|00|05|fa0001|10020154f0[payload->]T.||61,524
2025-08-02T22:43:19.333 0100|01|00|07|f701fe|100201ffff859c[payload->]....||40,069
2025-08-02T22:51:09.288 0100|01|00|07|f701fe|100201ffff859c[payload->]....||40,069
2025-08-02T22:58:46.134 0100|00|00|05|fa0003|100201ecf1[payload->]..||61,932
2025-08-02T23:01:04.452 0100|01|00|07|f701fe|100201ffff859c[payload->]....||40,069
2025-08-02T23:29:45.574 0100|01|00|07|f701fe|100201ffff859c[payload->]....||40,069
2025-08-02T23:55:09.284 0100|00|00|05|fa0001|10020154f0[payload->]T.||61,524
2025-08-03T00:21:19.231 0100|01|00|07|f701fe|100201ffff859c[payload->]....||40,069
2025-08-03T01:37:44.301 0100|01|00|07|f701fe|100201ffff859c[payload->]....||40,069
2025-08-03T02:13:07.222 0100|00|00|05|fa0001|10020154f0[payload->]T.||61,524
2025-08-03T03:04:24.685 0100|00|00|05|fa0003|100201ecf1[payload->]..||61,932
2025-08-03T03:41:24.346 0100|01|00|07|f701fe|100201ffff859c[payload->]....||40,069
2025-08-03T03:50:34.823 0100|01|00|07|f701fe|100201ffff859c[payload->]....||40,069
2025-08-03T04:08:39.439 0100|01|00|07|f701fe|100201ffff859c[payload->]....||40,069
2025-08-03T04:33:44.398 0100|01|00|07|f701fe|100201ffff859c[payload->]....||40,069
2025-08-03T04:33:44.904 0100|01|00|07|f701fe|100201ffff859c[payload->]....||40,069
2025-08-03T04:38:39.406 0100|01|00|07|f701fe|100201ffff859c[payload->]....||40,069
2025-08-03T04:46:59.310 0100|00|00|05|fa0000|10020154f0[payload->]T.||61,524
2025-08-03T05:13:39.370 0100|01|00|07|f701fe|100201ffff859c[payload->]....||40,069
2025-08-03T05:16:54.338 0100|01|00|07|f701fe|100201ffff859c[payload->]....||40,069
2025-08-03T05:18:29.880 0100|01|00|07|f701fe|100201ffff859c[payload->]....||40,069
2025-08-03T05:42:59.517 0100|01|00|07|f701fe|100201ffff859c[payload->]....||40,069
2025-08-03T05:46:24.357 0100|01|00|07|f701fe|100201ffff859c[payload->]....||40,069
2025-08-03T05:52:49.811 0100|01|00|07|f701fe|100201ffff859c[payload->]....||40,069
2025-08-03T06:02:14.894 0100|01|00|07|f701fe|100201ffff859c[payload->]....||40,069
2025-08-03T06:09:19.712 0100|01|00|07|f701fe|100201ffff859c[payload->]....||40,069
2025-08-03T06:35:19.794 0100|01|00|07|f701fe|100201ffff859c[payload->]....||40,069
2025-08-03T06:35:34.338 0100|01|00|07|f701fe|100201ffff859c[payload->]....||40,069
2025-08-03T06:59:34.316 0100|01|00|07|f701fe|100201ffff859c[payload->]....||40,069
2025-08-03T07:00:04.318 0100|01|00|07|f701fe|100201ffff859c[payload->]....||40,069
2025-08-03T07:07:29.977 0100|01|00|07|f701fe|100201ffff859c[payload->]....||40,069
2025-08-03T07:34:58.690 0100|01|00|07|f701fe|100201ffff859c[payload->]....||40,069
2025-08-03T07:36:41.007 0100|01|00|07|f701fe|100201ffff859c[payload->]....||40,069
2025-08-03T07:37:54.319 0100|01|00|07|f701fe|100201ffff859c[payload->]....||40,069
2025-08-03T07:53:34.380 0100|01|00|07|f701fe|100201ffff859c[payload->]....||40,069
2025-08-03T08:05:24.355 0100|01|00|07|f701fe|100201ffff859c[payload->]....||40,069
2025-08-03T08:17:09.462 0100|01|00|07|f701fe|100201ffff859c[payload->]....||40,069
2025-08-03T08:22:24.502 0100|01|00|07|f701fe|100201ffff859c[payload->]....||40,069
2025-08-03T08:47:14.456 0100|01|00|07|f701fe|100201ffff859c[payload->]....||40,069
2025-08-03T08:47:39.800 0100|01|00|07|f701fe|100201ffff859c[payload->]....||40,069
2025-08-03T09:10:05.894 0100|01|00|07|f701fe|100201ffff859c[payload->]....||40,069
2025-08-03T10:06:50.646 0100|01|00|07|f701fe|100201ffff859c[payload->]....||40,069
2025-08-03T10:39:04.339 0100|01|00|07|f701fe|100201ffff859c[payload->]....||40,069
2025-08-03T10:39:10.497 0100|01|00|07|f701fe|100201ffff859c[payload->]....||40,069
2025-08-03T10:40:24.403 0100|01|00|07|f701fe|100201ffff859c[payload->]....||40,069
2025-08-03T10:55:44.384 0100|01|00|07|f701fe|100201ffff859c[payload->]....||40,069
2025-08-03T10:56:59.793 0100|00|00|05|fa0003|100201ecf1[payload->]..||61,932
2025-08-03T11:09:04.383 0100|01|00|07|f701fe|100201ffff859c[payload->]....||40,069
2025-08-03T11:14:39.450 0100|00|00|05|fa0001|10020154f0[payload->]T.||61,524
2025-08-03T11:21:44.446 0100|01|00|07|f701fe|100201ffff859c[payload->]....||40,069
2025-08-03T11:48:19.446 0100|01|00|07|f701fe|100201ffff859c[payload->]....||40,069
2025-08-03T11:52:19.451 0100|01|00|07|f701fe|100201ffff859c[payload->]....||40,069
2025-08-03T12:09:39.559 0100|01|00|07|f701fe|100201ffff859c[payload->]....||40,069
2025-08-03T12:10:35.331 0100|01|00|07|f701fe|100201ffff859c[payload->]....||40,069
2025-08-03T12:11:54.830 0100|00|00|05|fa0003|100201ecf1[payload->]..||61,932
2025-08-03T12:37:59.445 0100|01|00|07|f701fe|100201ffff859c[payload->]....||40,069
2025-08-03T12:40:21.060 0100|00|00|05|fa0001|10020154f0[payload->]T.||61,524
2025-08-03T13:40:59.488 0100|01|00|07|f701fe|100201ffff859c[payload->]....||40,069
2025-08-03T14:05:20.956 0100|01|00|07|f701fe|100201ffff859c[payload->]....||40,069
2025-08-03T14:07:41.106 0100|01|00|07|f701fe|100201ffff859c[payload->]....||40,069
2025-08-03T14:28:04.592 0100|01|00|07|f701fe|100201ffff859c[payload->]....||40,069
2025-08-03T14:44:39.569 0100|01|00|07|f701fe|100201ffff859c[payload->]....||40,069
2025-08-03T14:45:00.983 0100|00|00|05|fa0001|10020154f0[payload->]T.||61,524
2025-08-03T14:57:34.614 0100|01|00|07|f701fe|100201ffff859c[payload->]....||40,069
2025-08-03T15:06:10.499 0100|00|00|05|fa0001|10020154f0[payload->]T.||61,524
2025-08-03T15:11:31.069 0100|00|00|05|fa0001|10020154f0[payload->]T.||61,524
2025-08-03T15:11:54.472 0100|01|00|07|f701fe|100201ffff859c[payload->]....||40,069
2025-08-03T15:13:34.398 0100|00|00|05|fa0001|10020154f0[payload->]T.||61,524
2025-08-03T15:28:14.443 0100|01|00|07|f701fe|100201ffff859c[payload->]....||40,069
2025-08-03T15:33:31.011 0100|01|00|07|f701fe|100201ffff859c[payload->]....||40,069
2025-08-03T15:33:39.486 0100|01|00|07|f701fe|100201ffff859c[payload->]....||40,069
2025-08-03T15:43:42.544 0100|01|00|07|f701fe|100201ffff859c[payload->]....||40,069
2025-08-03T15:51:59.402 0100|01|00|07|f701fe|100201ffff859c[payload->]....||40,069
2025-08-03T16:08:19.388 0100|00|00|05|fa0001|10020154f0[payload->]T.||61,524
2025-08-03T17:08:00.939 0100|00|00|05|fa0001|10020154f0[payload->]T.||61,524
2025-08-03T17:25:54.454 0100|01|00|07|f701fe|100201ffff859c[payload->]....||40,069
2025-08-03T17:31:09.524 0100|01|00|07|f701fe|100201ffff859c[payload->]....||40,069
2025-08-03T17:46:39.857 0100|00|00|05|fa0003|100201ecf1[payload->]..||61,932
2025-08-03T18:12:44.060 0100|00|00|05|fa0001|10020154f0[payload->]T.||61,524
