2025-07-30T21:15:48.265 0100|01|08|37|bf8250|0f00000001000101501100000001000101501300000002200d0101501e00000002008001015015000000023e0d01015016000000010eaf[payload->].....P........P..... ...P.........P.....>...P.......||44,814
2025-07-30T22:15:47.673 0100|01|08|37|bf8250|0f0000000100010150110000000100010150130000000234120101501e00000002008001015015000000020c1201015016000000010e49[payload->].....P........P.....4...P.........P.........P......I||18,702
2025-07-30T23:15:47.665 0100|01|08|37|bf8250|0f00000001000101501100000001000101501300000002780f0101501e0000000200800101501500000002640f01015016000000010ef5[payload->].....P........P.....x...P.........P.....d...P.......||62,734
2025-07-31T00:15:47.613 0100|01|08|37|bf8250|0f00000001000101501100000001000101501300000002520d0101501e0000000200800101501500000002840d01015016000000010e8b[payload->].....P........P.....R...P.........P.........P.......||35,598
2025-07-31T01:15:47.768 0100|01|08|37|bf8250|0f00000001000101501100000001000001501300000002620c0101501e00000002008001015015000000029e0c01015016000000010e1d[payload->].....P........P.....b...P.........P.........P.......||7,438
2025-07-31T02:15:47.610 0100|01|08|37|bf8250|0f00000001000101501100000001000101501300000002cc0b0101501e0000000200800101501500000002fe0b01015016000000010eab[payload->].....P........P.........P.........P.........P.......||43,790
2025-07-31T03:15:47.780 0100|01|08|37|bf8250|0f000000010001015011000000010001015013000000025e0b0101501e0000000200800101501500000002900b01015016000000010ec2[payload->].....P........P.....^...P.........P.........P.......||49,678
2025-07-31T04:15:47.861 0100|01|08|37|bf8250|0f000000010001015011000000010001015013000000020e0b0101501e0000000200800101501500000002400b01015016000000010e2c[payload->].....P........P.........P.........P.....@...P......,||11,278
2025-07-31T05:15:47.633 0100|01|08|37|bf8250|0f00000001000101501100000001000101501300000002d20a0101501e00000002008001015015000000020e0b01015016000000010df7[payload->].....P........P.........P.........P.........P.......||63,245
2025-07-31T06:15:47.709 0100|01|08|37|bf8250|0f00000001000101501100000001000101501300000002aa0a0101501e0000000200800101501500000002dc0a01015016000000010d72[payload->].....P........P.........P.........P.........P......r||29,197
2025-07-31T07:15:47.871 0100|01|08|37|bf8250|0f00000001000101501100000001000101501300000002820a0101501e0000000200800101501500000002b40a01015016000000010d05[payload->].....P........P.........P.........P.........P.......||1,293
2025-07-31T08:15:47.747 0100|01|08|37|bf8250|0f000000010001015011000000010001015013000000026e0a0101501e0000000200800101501500000002a00a01015016000000010d4d[payload->].....P........P.....n...P.........P.........P......M||19,725
2025-07-31T09:15:47.592 0100|01|08|37|bf8250|0f00000001000101501100000001000101501300000002a6130101501e0000000200800101501500000002241301015016000000010efc[payload->].....P........P.........P.........P.....$...P.......||64,526
2025-07-31T10:15:48.124 0100|01|08|37|bf8250|0f00000001000101501100000001000101501300000002f00f0101501e0000000200800101501500000002c80f01015016000000010eeb[payload->].....P........P.........P.........P.........P.......||60,174
2025-07-31T11:15:47.641 0100|01|08|37|bf8250|0f000000010001015011000000010001015013000000021a0e0101501e0000000200800101501500000002060e01015016000000010e2e[payload->].....P........P.........P.........P.........P.......||11,790
2025-07-31T13:15:48.217 0100|01|08|37|bf8250|0f000000010001015011000000010001015013000000023a0c0101501e00000002008001015015000000024e0c01015016000000010e37[payload->].....P........P.....:...P.........P.....N...P......7||14,094
2025-07-31T14:15:47.794 0100|01|08|37|bf8250|0f00000001000101501100000001000101501300000002c20b0101501e0000000200800101501500000002e00b01015016000000010e44[payload->].....P........P.........P.........P.........P......D||17,422
2025-07-31T15:15:47.719 0100|01|08|37|bf8250|0f000000010001015011000000010001015013000000025e0b0101501e0000000200800101501500000002900b01015016000000010ec2[payload->].....P........P.....^...P.........P.........P.......||49,678
2025-07-31T16:15:47.730 0100|01|08|37|bf8250|0f00000001000101501100000001000101501300000002180b0101501e00000002008001015015000000024a0b01015016000000010e3e[payload->].....P........P.........P.........P.....J...P......>||15,886
2025-07-31T17:15:47.704 0100|01|08|37|bf8250|0f0000000104010150110000000120010150130000000278140101501e00000002008001015015000000027e130101501600000001111e[payload->].....P..... ..P.....x...P.........P.....~...P.......||7,697
2025-07-31T19:15:48.135 0100|01|08|37|bf8250|0f00000001000101501100000001000101501300000002600e0101501e0000000200800101501500000002560e01015016000000010ed5[payload->].....P........P.....`...P.........P.....V...P.......||54,542
2025-07-31T20:15:47.609 0100|01|08|37|bf8250|0f00000001000101501100000001000101501300000002200d0101501e00000002008001015015000000023e0d01015016000000010eaf[payload->].....P........P..... ...P.........P.....>...P.......||44,814
2025-07-31T21:15:47.682 0100|01|08|37|bf8250|0f00000001000101501100000001000101501300000002620c0101501e0000000200800101501500000002800c01015016000000010e35[payload->].....P........P.....b...P.........P.........P......5||13,582
2025-07-31T22:15:47.895 0100|01|08|37|bf8250|0f000000010401015011000000011e010150130000000270120101501e0000000200800101501500000002e010010150160000000111c2[payload->].....P........P.....p...P.........P.........P.......||49,681
2025-08-01T00:15:48.421 0100|01|08|37|bf8250|0f00000001000101501100000001000101000005fa000154190121bb0100010007f701fe5419013c00227b0100000005fa000154010121[payload->].....P..............T..!.........T..<."{........T..!||8,449
2025-08-01T02:15:47.609 0100|01|08|37|bf8250|0f00000001000101501100000001000101501300000002160d0101501e00000002008001015015000000023e0d01015016000000010eb7[payload->].....P........P.........P.........P.....>...P.......||46,862
2025-08-01T03:15:47.670 0100|01|08|37|bf8250|0f00000001000101501100000001000101501300000002580c0101501e00000002008001015015000000028a0c01015016000000010ef3[payload->].....P........P.....X...P.........P.........P.......||62,222
2025-08-01T04:15:47.560 0100|01|08|37|bf8250|0f00000001000101501100000001000101501300000002d60b0101501e0000000200800101501500000002080c01015016000000010e36[payload->].....P........P.........P.........P.........P......6||13,838
2025-08-01T05:15:47.687 0100|01|08|37|bf8250|0f00000001000101501100000000000101501300000002720b0101501e0000000200800101501500000002a40b01015016000000010e26[payload->].....P........P.....r...P.........P.........P......&||9,742
2025-08-01T06:15:47.548 0100|01|08|37|bf8250|0f000000010001015011000000010001015013000000022c0b0101501e00000002008001015015000000025e0b01015016000000010e17[payload->].....P........P.....,...P.........P.....^...P.......||5,902
2025-08-01T07:15:47.582 0100|01|08|37|bf8250|0f00000001000101501100000001000101501300000002f00a0101501e00000002008001015015000000022c0b01015016000000010e9d[payload->].....P........P.........P.........P.....,...P.......||40,206
2025-08-01T08:15:47.587 0100|01|08|37|bf8250|0f00000001000101501100000001000101501300000002c80a0101501e0000000200800101501500000002f00a01015016000000010d15[payload->].....P........P.........P.........P.........P.......||5,389
2025-08-01T09:15:47.580 0100|01|08|37|bf8250|0f00000001000101501100000001000101501300000002aa0a0101501e0000000200800101501500000002d20a01015016000000010d9a[payload->].....P........P.........P.........P.........P.......||39,437
2025-08-01T10:15:47.579 0100|01|08|37|bf8250|0f000000010001015011000000010001015013000000028c0a0101501e0000000200800101501500000002b40a01015016000000010dc2[payload->].....P........P.........P.........P.........P.......||49,677
2025-08-01T11:15:47.587 0100|01|08|37|bf8250|0f00000001040101501100000001200101501300000002aa140101501e0000000200800101501500000002b01301015016000000011191[payload->].....P..... ..P.........P.........P.........P.......||37,137
2025-08-01T12:15:47.567 0100|01|08|37|bf8250|0f000000010001015011000000010001015013000000025e100101501e0000000200800101501500000002401001015016000000010e81[payload->].....P........P.....^...P.........P.....@...P.......||33,038
2025-08-01T13:15:47.856 0100|01|08|37|bf8250|0f00000001000101501100000001000101501300000002560e0101501e00000002008001015005000000024c0e01015016000000010ed5[payload->].....P........P.....V...P.........P.....L...P.......||54,542
2025-08-01T14:15:47.621 0100|01|08|37|bf8250|0f00000001000101501100000001000101501300000002160d0101501e00000002008001015015000000022a0d01015016000000010e47[payload->].....P........P.........P.........P.....*...P......G||18,190
2025-08-01T14:44:20.538 0100|00|00|03|128200|0f0000[payload->]||0,000
2025-08-01T15:15:47.639 0100|01|08|37|bf8250|0f00000001000101501100000001000101501300000002580c0101501e0000000200800101501500000002760c01015016000000010ea0[payload->].....P........P.....X...P.........P.....v...P.......||40,974
2025-08-01T16:15:47.582 0100|01|08|37|bf8250|0f00000001000101501100000001000101501300000002d60b0101501e0000000200800101501500000002fe0b01015016000000010e67[payload->].....P........P.........P.........P.........P......g||26,382
2025-08-01T17:15:47.645 0100|01|08|37|bf8250|0f00000001000101501100000001000101501300000002720b0101501e0000000200800101501500000002a40b01015016000000010e26[payload->].....P........P.....r...P.........P.........P......&||9,742
2025-08-01T18:15:47.849 0100|01|08|37|bf8250|0f000000010401015011000000011e010150130000000246140101501e00000002008001015015000000024c1301015016000000011127[payload->].....P........P.....F...P.........P.....L...P......'||10,001
2025-08-01T19:15:47.600 0100|01|08|37|bf8250|0f0000000100010150110000000100010150130000000286100101501e0000000200800101501500000002721001015016000000010e58[payload->].....P........P.........P.........P.....r...P......X||22,542
2025-08-01T20:15:47.686 0100|01|08|37|bf8250|0f00000001000101501100000001000101501300000002880e0101501e0000000200800101501500000002880e01015016000000010e84[payload->].....P........P.........P.........P.........P.......||33,806
2025-08-01T21:15:48.920 0100|01|08|37|bf8250|0f000000010001015011000000010001015013000000025c0d0101501e00000002008001015015000000027a0d01015016000000010da6[payload->].....P........P.....\...P.........P.....z...P.......||42,509
2025-08-01T22:15:47.564 0100|01|08|37|bf8250|0f000000010001015011000000010001015013000000028a0c0101501e0000000200800101501500000002a80c01015016000000010dee[payload->].....P........P.........P.........P.........P.......||60,941
2025-08-01T23:15:47.571 0100|01|08|37|bf8250|0f00000001000101501100000001000101501300000002a6130101501e0000000200800101501500000002241301015016000000010efc[payload->].....P........P.........P.........P.....$...P.......||64,526
2025-08-02T00:15:47.551 0100|01|08|37|bf8250|0f0000000100010150110000000100010150130000000204100101501e0000000200800101501500000002fa0f01015016000000010d17[payload->].....P........P.........P.........P.........P.......||5,901
2025-08-02T01:15:47.651 0100|01|08|37|bf8250|0f00000001000101501100000001000101501300000002420e0101501e00000002008001015015000000024c0e01015016000000010ddf[payload->].....P........P.....B...P.........P.....L...P.......||57,101
2025-08-02T02:48:27.214 0100|01|08|37|bf8250|0f00000001000101501100000001000101501300000002a80c0101501e0000000200800101501500000002d00c01015016000000010d5c[payload->].....P........P.........P.........P.........P......\||23,565
2025-08-02T03:48:27.619 0100|01|08|37|bf8250|0f000000010001015011000000010001015013000000021c0c0101501e0000000200800101501500000002440c01015016000000010d3f[payload->].....P........P.........P.........P.....D...P......?||16,141
2025-08-02T04:48:27.575 0100|01|08|37|bf8250|0f00000001000101501100000001000101501300000002a40b0101501e0000000200800101501400000002e00b01015016000000010d70[payload->].....P........P.........P.........P.........P......p||28,685
2025-08-02T05:48:28.262 0100|01|08|37|bf8250|0f000000010001015011000000010001015013000000025e0b0101501e00000002008001015015000000029a0b01015016000000010d1b[payload->].....P........P.....^...P.........P.........P.......||6,925
2025-08-02T06:48:27.571 0100|01|08|37|bf8250|0f00000001000101501100000001000101501300000002180b0101501e00000002008001015015000000024a0b01015016000000010d3f[payload->].....P........P.........P.........P.....J...P......?||16,141
2025-08-02T07:48:27.521 0100|01|08|37|bf8250|0f00000001000101501100000001000101501300000002f00a0101501e00000002008001015015000000022c0b01015016000000010d9c[payload->].....P........P.........P.........P.....,...P.......||39,949
2025-08-02T08:48:27.571 0100|01|08|37|bf8250|0f00000001000101501100000001000101501300000002d20a0101501e0000000200800101501500000002f00a01015016000000010dd9[payload->].....P........P.........P.........P.........P.......||55,565
2025-08-02T09:48:27.566 0100|01|08|37|bf8250|0f00000001000101501100000001000101501300000002b40a0101501e0000000200800101501500000002dc0a01015016000000010d7c[payload->].....P........P.........P.........P.........P......|||31,757
2025-08-02T10:48:27.631 0100|01|08|37|bf8250|0f00000001000101501100000001000101501300000002a00a0101501e0000000200800101501500000002be0a01015016000000010dce[payload->].....P........P.........P.........P.........P.......||52,749
2025-08-02T12:48:27.704 0100|01|08|37|bf8250|0f00000001000101501100000001000101501300000002780a0101501e0000000200800101501500000002a00a01015016000000010d87[payload->].....P........P.....x...P.........P.........P.......||34,573
2025-08-02T13:48:27.628 0100|01|08|37|bf8250|0f00000001000101501100000001000101501300000002640a0101501e00000002008001015015000000028c0a01015016000000010dd8[payload->].....P........P.....d...P.........P.........P.......||55,309
2025-08-02T14:48:27.628 0100|01|08|37|bf8250|0f0000000100010150110000000100010150130000000222120101501e0000000200800101501500000002481201015016000000010efa[payload->].....P........P....."...P.........P.....H...P.......||64,014
2025-08-02T15:48:27.686 0100|01|08|37|bf8250|0f000000010001015011000000010001015013000000026e0f0100501e0000000200800101501500000002640f01015016000000010d3e[payload->].....P........P.....n...P.........P.....d...P......>||15,885
2025-08-02T16:48:27.684 0100|01|08|37|bf8250|0f00000001000101501100000001000101501300000002d40d0101501e0000000200800101501500000002d40d01015016000000010d00[payload->].....P........P.........P.........P.........P.......||0,013
2025-08-02T18:48:27.663 0100|01|08|37|bf8250|0f000000010001015011000000010001015013000000021c0c0101501e0000000200800101501500000002040c01015016000000010d3f[payload->].....P........P.........P.........P.........P......?||16,141
2025-08-02T20:48:27.900 0100|01|08|37|bf8250|0f000000010401015011000000011e0101501300000002e8120101501e0000000200800101501500000002ee110101501600000001116a[payload->].....P........P.........P.........P.........P......j||27,153
2025-08-02T21:48:28.822 0100|01|08|37|bf8250|0f00000001000101501100000001000101501300000002f4100101501e0000000200800101501500000002e01001015016000000010ddd[payload->].....P........P.........P.........P.........P.......||56,589
2025-08-02T22:48:28.433 0100|01|08|37|bf8250|0f000000010001015011000000010001015013000000021a130101501e0000000200800101501500000002c01201015016000000010e5f[payload->].....P........P.........P.........P.........P......_||24,334
2025-08-03T00:48:28.493 0100|01|08|37|bf8250|0f000000010001015011000000010001015013000000024c0e0101501e0000000200800101501500000002600e01015016000000010d88[payload->].....P........P.....L...P.........P.....`...P.......||34,829
2025-08-03T01:48:28.856 0100|01|08|37|bf8250|0f000000010001015011000000010001015013000000022a0d0101501e0000000200800101501500000002520d01015016000000010dfa[payload->].....P........P.....*...P.........P.....R...P.......||64,013
2025-08-03T02:48:28.507 0100|01|08|37|bf8250|0f000000010001015011000000010001015013000000026c0c0101501e0000000200800101501500000002940c01015016000000010d03[payload->].....P........P.....l...P.........P.........P.......||0,781
2025-08-03T03:48:28.428 0100|01|08|37|bf8250|0f00000001000101501100000001000101501300000002f40b0101501e00000002008001015015000000021c0c01015016000000010dd4[payload->].....P........P.........P.........P.........P.......||54,285
2025-08-03T05:48:28.569 0100|01|08|37|bf8250|0f0000000100010150110000000100010150130000000222100101501e0000000200800101501500000002b40f01015016000000010def[payload->].....P........P....."...P.........P.........P.......||61,197
2025-08-03T06:48:28.690 0100|01|08|37|bf8250|0f00000001000101501100000001000101501300000002f00f0101501e0000000200800101501500000002820f010005fa0000541d01e1[payload->].....P........P.........P.........P.............T...||57,601
2025-08-03T07:48:27.715 0100|01|08|37|bf8250|0f00000001000101501100000001000101501300000002c80f0101501e0000000200800101501500000002500f01015016000000010d57[payload->].....P........P.........P.........P.....P...P......W||22,285
2025-08-03T08:48:28.262 0100|01|08|37|bf8250|0f00000001000101501100000001000101501300000002280f0101501e0000000200800101501500000002000f01015016000000010de8[payload->].....P........P.....(...P.........P.........P.......||59,405
2025-08-03T09:48:27.917 0100|01|08|37|bf8250|0f00000001000101501100000000000101501300000002ce0e0101501e0000000200800101501500000002880e01015016000000010d62[payload->].....P........P.........P.........P.........P......b||25,101
2025-08-03T10:48:27.952 0100|01|08|37|bf8250|0f00000001000101501100000001000101501300000002240e0101501e0000000200800101501500000002fc0d01015016000000010d27[payload->].....P........P.....$...P.........P.........P......'||9,997
2025-08-03T11:48:27.924 0100|01|08|37|bf8250|0f00000001000101501100000001000101501300000002d40d0101501e0000000200800101501500000002a20d01015016000000010d49[payload->].....P........P.........P.........P.........P......I||18,701
2025-08-03T13:48:27.996 0100|01|08|37|bf8250|0f0000000100010150110000000100010150130000000212110101501e0000000200800101501500000002081101015016000000010e57[payload->].....P........P.........P.........P.........P......W||22,286
2025-08-03T14:48:28.027 0100|01|08|37|bf8250|0f00000001000101501100000001000101501300000002e20e0101501e0000000200800101501500000002e20e01015016000000010d6f[payload->].....P........P.........P.........P.........P......o||28,429
2025-08-03T15:48:27.949 0100|01|08|37|bf8250|0f00000001000101501100000001000101501300000002840d0101501e0000000200800101501500000002980d01015016000000010dbc[payload->].....P........P.........P.........P.........P.......||48,141
2025-08-03T16:48:28.066 0100|01|08|37|bf8250|0f00000001000101501100000001000101501300000002a80c0101501e0000000200800101501500000002c60c01015016000000010d14[payload->].....P........P.........P.........P.........P.......||5,133
2025-08-03T17:48:28.333 0100|01|08|37|bf8250|0f00000001000101501100000001000101501300000002120c0101501e00000002008001015015000000023a0c01015016000000010dd1[payload->].....P........P.........P.........P.....:...P.......||53,517
