2025-07-31T02:33:57.719 0100|01|00|07|f701fe|5c19013c00227b[payload->]<."{||31,522
2025-07-31T03:09:57.677 0100|01|00|07|f701fe|5c19013c00227b[payload->]<."{||31,522
2025-07-31T03:43:37.736 0100|01|00|07|f701fe|5c19013c00227b[payload->]<."{||31,522
2025-07-31T03:45:17.723 0100|01|00|07|f701fe|5c19013c00227b[payload->]<."{||31,522
2025-07-31T04:01:57.730 0100|01|00|07|f701fe|5c19013c00227b[payload->]<."{||31,522
2025-07-31T05:15:01.064 0100|01|00|07|f701fe|5c19013c00227b[payload->]<."{||31,522
2025-07-31T05:41:29.621 0100|01|00|07|f701fe|5c19013c00227b[payload->]<."{||31,522
2025-07-31T05:43:29.536 0100|01|00|07|f701fe|5c19013c00227b[payload->]<."{||31,522
2025-07-31T07:24:40.604 0100|01|00|07|f701fe|5c19013c00227b[payload->]<."{||31,522
2025-07-31T07:45:30.537 0100|01|00|07|f701fe|5c19013c00227b[payload->]<."{||31,522
2025-07-31T08:03:30.582 0100|01|00|07|f701fe|5c19013c00227b[payload->]<."{||31,522
2025-07-31T08:22:30.876 0100|01|00|07|f701fe|5c19013c00227b[payload->]<."{||31,522
2025-07-31T08:51:00.950 0100|01|00|07|f701fe|5c19013c00227b[payload->]<."{||31,522
2025-07-31T09:05:30.584 0100|01|00|07|f701fe|5c19013c00227b[payload->]<."{||31,522
2025-07-31T11:07:11.564 0100|01|00|07|f701fe|5c19013c00227b[payload->]<."{||31,522
2025-07-31T11:09:41.591 0100|01|00|07|f701fe|5c19013c00227b[payload->]<."{||31,522
2025-07-31T11:18:11.596 0100|01|00|07|f701fe|5c19013c00227b[payload->]<."{||31,522
2025-07-31T11:39:41.563 0100|01|00|07|f701fe|5c19013c00227b[payload->]<."{||31,522
2025-07-31T15:05:33.994 0100|01|00|07|f701fe|5c19013c00227b[payload->]<."{||31,522
2025-07-31T20:47:19.524 0100|01|00|07|f701fe|5c19013c00227b[payload->]<."{||31,522
2025-07-31T20:52:39.596 0100|01|00|07|f701fe|5c19013c00227b[payload->]<."{||31,522
2025-07-31T21:18:29.575 0100|01|00|07|f701fe|5c19013c00227b[payload->]<."{||31,522
2025-08-01T09:49:54.177 0100|01|00|07|f701fe|5c19013c00227b[payload->]<."{||31,522
2025-08-01T09:55:14.288 0100|01|00|07|f701fe|5c19013c00227b[payload->]<."{||31,522
2025-08-01T09:57:14.329 0100|01|00|07|f701fe|5c19013c00227b[payload->]<."{||31,522
2025-08-01T23:32:24.059 0100|01|00|07|f701fe|5c19013c00227b[payload->]<."{||31,522
2025-08-02T01:06:14.048 0100|01|00|07|ff09fe|5c19013c00227b[payload->]<."{||31,522
2025-08-02T01:13:04.109 0100|01|00|07|f701fe|5c19013c00227b[payload->]<."{||31,522
2025-08-02T01:14:54.050 0100|01|00|07|f709fe|5c19013c00227b[payload->]<."{||31,522
2025-08-02T01:15:04.042 0100|01|00|07|f709fe|5c19013c00227b[payload->]<."{||31,522
2025-08-02T01:18:54.054 0100|01|00|07|f701fe|5c19013c00227b[payload->]<."{||31,522
2025-08-02T01:19:44.714 0100|01|00|07|f709fe|5c19013c00227b[payload->]<."{||31,522
2025-08-02T01:21:14.143 0100|01|00|07|f781fe|5c19013c00227b[payload->]<."{||31,522
2025-08-02T01:22:34.156 0100|01|00|07|ff09fe|5c19013c00227b[payload->]<."{||31,522
2025-08-02T01:22:44.042 0100|01|00|07|f701fe|5c19013c00227b[payload->]<."{||31,522
2025-08-02T01:23:44.022 0100|01|00|07|f701fe|5c19013c00227b[payload->]<."{||31,522
2025-08-02T01:28:14.078 0100|01|00|0f|ff01fe|5c19013c00227b0100000005fa0001[payload->]<."{........||0,256
2025-08-02T01:33:44.124 0100|01|00|07|f701fe|5c19013c00227b[payload->]<."{||31,522
2025-08-02T02:12:34.043 0100|09|00|07|f701fe|5c19013c00227b[payload->]<."{||31,522
2025-08-02T17:33:08.168 0100|01|00|07|f701fe|5c19013c00227b[payload->]<."{||31,522
2025-08-02T18:53:28.247 0100|01|00|07|f701fe|5c19013c00227b[payload->]<."{||31,522
2025-08-02T19:33:39.444 0100|01|00|07|ff0bfe|5c19013c00227b[payload->]<."{||31,522
2025-08-03T05:09:37.157 0100|01|00|07|f70bfe|5c19013c00227b[payload->]<."{||31,522
2025-08-03T16:46:41.358 0100|01|00|07|f701fe|5c19013c08227b[payload->]<."{||31,522
2025-08-03T16:50:30.201 0100|01|00|07|ff09fe|5c19013c00227b[payload->]<."{||31,522
2025-08-03T17:01:00.267 0100|01|00|07|f701fe|5c19013c00227b[payload->]<."{||31,522
2025-08-03T17:05:30.678 0100|01|08|0f|f701fe|5c19013c00227bff010000d0012e04[payload->]<."{........||1,070
2025-08-03T17:22:30.375 0100|01|00|07|f701fe|5c19013c00227b[payload->]<."{||31,522
2025-08-03T18:10:11.411 0100|01|00|07|f701fe|5c19013c00227b[payload->]<."{||31,522
