2025-07-31T07:24:10.126 0100|01|00|0b|f301fe|302b00ec9e9601533ba3ea[payload->]....S;..||60,067
2025-07-31T07:29:10.048 0100|01|00|0b|f301fe|302b00fe329b01533b657b[payload->].2..S;e{||31,589
2025-07-31T07:40:10.541 0100|01|00|0b|f301fe|302b001e45a701533be694[payload->].E..S;..||38,118
2025-07-31T13:18:14.621 0100|01|00|0b|f301fe|302b0026c5da02533b5478[payload->]&...S;Tx||30,804
2025-07-31T15:18:36.195 0100|01|00|0b|f301fe|302b008ee44803533bc3a0[payload->]..H.S;..||41,155
2025-08-01T05:24:10.235 0100|01|00|0b|f301fe|302b0036a52801543b443a[payload->]6.(.T;D:||14,916
2025-08-01T15:37:10.578 0100|01|00|0b|f301fe|302b00a6f75903543b2424[payload->]..Y.T;$$||9,252
2025-08-01T15:39:40.479 0100|01|00|0b|f301fe|302b0096415c03543bc2e8[payload->].A\.T;..||59,586
2025-08-01T15:59:10.699 0100|01|00|0b|f301fe|302b00181c6e03543b5915[payload->]..n.T;Y.||5,465
2025-08-01T16:40:31.116 0100|01|00|0b|f301fe|302b00caf39303543b50e3[payload->]....T;P.||58,192
2025-08-01T16:52:20.629 0100|01|00|0b|f301fe|302b003ac99e03543b092d[payload->]:...T;.-||11,529
2025-08-01T17:16:20.677 0100|01|00|0b|f301fe|302b006cc2b403543be68c[payload->]l...T;..||36,070
2025-08-01T17:26:50.560 0100|01|00|0b|f301fe|302b00425bbe03543b6c95[payload->]B[..T;l.||38,252
2025-08-01T17:41:30.542 0100|01|00|0b|f301fe|302b00dccccb03543bc3e6[payload->]....T;..||59,075
2025-08-01T21:19:55.411 0100|01|00|0b|f301fe|302b00c6bf9304143b9343[payload->].....;.C||17,299
2025-08-02T01:48:20.070 0100|01|00|0b|f301fe|302b0072256300553b6a73[payload->]r%c.U;js||29,546
2025-08-02T16:46:08.453 0100|01|00|0b|f301fe|302b00461d9903553b0316[payload->]F...U;..||5,635
2025-08-02T19:24:09.405 0100|01|00|0b|f301fe|302b0088cc2904553b3e6d[payload->]..).U;>m||27,966
2025-08-02T19:34:20.740 0100|01|00|0b|f349fe|302b00141e3304553ba8cf[payload->]..3.U;..||53,160
2025-08-02T23:28:44.981 0100|01|00|0b|f301fe|302b00ccb60905553bb0e1[payload->]....U;..||57,776
2025-08-02T23:45:04.579 0100|01|00|0b|f301fe|302b00529a1805553b3469[payload->]R...U;4i||26,932
2025-08-02T23:49:24.957 0100|01|08|4b|f301fe|302b00f2911c05553b65d50100000005fa000110030154f00100010007f701fe100301ffff859c0100000005fa00012004016bf20100010009f501fe200401ffffffff850d0100000005fa[payload->]....U;e............T........................ ..k......... ..............||64,005
2025-08-03T06:28:51.877 0100|01|00|0b|f301fe|302b00fce46301563b6501[payload->]..c.V;e.||0,357
2025-08-03T09:22:13.566 0100|01|00|0b|f301fe|302b004aa20202563b007d[payload->]J...V;.}||32,000
2025-08-03T09:27:43.868 0100|01|00|0b|f301fe|302b005aab0702563b5da3[payload->]Z...V;].||41,821
2025-08-03T09:40:43.402 0100|01|00|0b|f301fe|302b006c921302563b3e3f[payload->]l...V;>?||16,190
2025-08-03T09:42:33.474 0100|01|00|0b|f301fe|302b001c401d02563b948c[payload->].@..V;..||35,988
2025-08-03T11:36:43.438 0100|01|00|0b|f301fe|302b0050c67d02563b2617[payload->]P.}.V;&.||5,926
2025-08-03T16:17:54.317 0100|01|00|0b|f301fe|302b003e357f03563bc54b[payload->]>5..V;.K||19,397
