2025-07-30T20:34:42.198 0100|00|00|05|fa0001|542e0111ad[payload->]..||44,305
2025-07-30T20:34:42.299 0100|01|00|07|f701fe|542e010080f665[payload->]...e||26,102
2025-07-30T20:44:42.330 0100|00|00|05|fa0001|542e0111ad[payload->]..||44,305
2025-07-30T20:44:42.331 0100|01|00|07|f701fe|542e010080f665[payload->]...e||26,102
2025-07-30T21:04:42.249 0100|00|00|05|fa0001|542e0111ad[payload->]..||44,305
2025-07-30T21:04:42.249 0100|01|00|07|f701fe|542e010080f665[payload->]...e||26,102
2025-07-30T21:14:42.685 0100|00|00|05|fa0001|542e0111ad[payload->]..||44,305
2025-07-30T21:14:42.685 0100|01|00|07|f701fe|542e010080f665[payload->]...e||26,102
2025-07-30T21:24:42.209 0100|00|00|05|fa0001|542e0111ad[payload->]..||44,305
2025-07-30T21:24:42.310 0100|01|00|07|f701fe|542e010080f665[payload->]...e||26,102
2025-07-30T21:34:42.254 0100|00|00|05|fa0001|542e0111ad[payload->]..||44,305
2025-07-30T21:34:42.254 0100|01|00|07|f701fe|542e010080f665[payload->]...e||26,102
2025-07-30T21:44:42.278 0100|00|00|05|fa0001|542e0111ad[payload->]..||44,305
2025-07-30T21:44:42.278 0100|01|00|07|f701fe|542e010000f665[payload->]...e||26,102
2025-07-30T21:54:42.201 0100|00|00|05|fa0001|542e0111ad[payload->]..||44,305
2025-07-30T21:54:42.402 0100|01|00|07|f701fe|542e010080f665[payload->]...e||26,102
2025-07-30T22:04:42.280 0100|00|00|05|fa0001|542e0111ad[payload->]..||44,305
2025-07-30T22:04:42.281 0100|01|00|07|f701fe|542e010080f665[payload->]...e||26,102
2025-07-30T22:14:42.239 0100|00|00|05|fa0001|542e0111ad[payload->]..||44,305
2025-07-30T22:24:42.208 0100|00|00|05|fa0001|542e0111ad[payload->]..||44,305
2025-07-30T22:24:42.309 0100|01|00|07|f701fe|542e010080f665[payload->]...e||26,102
2025-07-30T22:34:42.262 0100|00|00|05|fa0001|542e0111ad[payload->]..||44,305
2025-07-30T22:34:42.262 0100|01|00|07|f701fe|542e010080f665[payload->]...e||26,102
2025-07-30T22:44:42.247 0100|00|00|05|fa0001|542e0111ad[payload->]..||44,305
2025-07-30T22:44:42.348 0100|01|00|07|f701fe|542e010080f665[payload->]...e||26,102
2025-07-30T22:54:42.336 0100|00|00|05|fa0001|542e0111ad[payload->]..||44,305
2025-07-30T22:54:42.437 0100|01|00|07|f701fc|542e010080f665[payload->]...e||26,102
2025-07-30T23:04:42.255 0100|00|00|05|fa0001|542e0111ad[payload->]..||44,305
2025-07-30T23:04:42.256 0100|01|00|07|f701fe|542e010080f665[payload->]...e||26,102
2025-07-30T23:14:42.324 0100|00|00|05|fa0001|542e0111ad[payload->]..||44,305
2025-07-30T23:14:42.425 0100|01|00|07|f701fe|542e010080f665[payload->]...e||26,102
2025-07-30T23:24:42.213 0100|00|00|05|fa0001|542e0111ad[payload->]..||44,305
2025-07-30T23:24:42.314 0100|01|00|07|f701fe|542e010080f665[payload->]...e||26,102
2025-07-30T23:34:42.338 0100|00|00|05|fa0001|542e0111ad[payload->]..||44,305
2025-07-30T23:34:42.439 0100|01|00|07|f701fe|542e010080f665[payload->]...e||26,102
2025-07-30T23:44:42.490 0100|00|00|05|fa0001|542e0111ad[payload->]..||44,305
2025-07-30T23:44:42.591 0100|01|00|07|f701fe|542e010080f665[payload->]...e||26,102
2025-07-30T23:54:42.282 0100|00|00|05|fa0001|542e0111ad[payload->]..||44,305
2025-07-30T23:54:42.282 0100|01|00|07|f701fe|542e010080f665[payload->]...e||26,102
2025-07-31T00:04:43.057 0100|00|00|05|fa0001|542e0111ad[payload->]..||44,305
2025-07-31T00:04:43.158 0100|01|00|07|f701fe|542e010080f665[payload->]...e||26,102
2025-07-31T00:14:42.290 0100|00|00|05|fa0001|542e0111ad[payload->]..||44,305
2025-07-31T00:14:42.390 0100|01|00|07|f701fe|542e010080f665[payload->]...e||26,102
2025-07-31T00:24:42.242 0100|00|00|05|fa0001|542e0111ad[payload->]..||44,305
2025-07-31T00:24:42.242 0100|01|00|07|f701fe|542e010080f665[payload->]...e||26,102
2025-07-31T00:34:42.245 0100|00|00|05|fa0001|542e0111ad[payload->]..||44,305
2025-07-31T00:34:42.346 0100|01|00|07|f701fe|542e010080f665[payload->]...e||26,102
2025-07-31T00:44:42.264 0100|00|00|05|fa0001|542e0111ad[payload->]..||44,305
2025-07-31T00:44:42.265 0100|01|00|07|f701fe|542e010080f665[payload->]...e||26,102
2025-07-31T00:54:42.295 0100|00|00|05|fa0001|542e0111ad[payload->]..||44,305
2025-07-31T00:54:42.396 0100|01|00|07|f701fe|542e010080f665[payload->]...e||26,102
2025-07-31T01:04:42.285 0100|00|00|05|fa0001|542e0111ad[payload->]..||44,305
2025-07-31T01:04:42.286 0100|01|00|07|f701fe|542e010080f665[payload->]...e||26,102
2025-07-31T01:14:42.237 0100|00|00|05|fa0001|542e0111ad[payload->]..||44,305
2025-07-31T01:14:42.338 0100|01|00|07|f701fe|542e010080f665[payload->]...e||26,102
2025-07-31T01:24:42.273 0100|00|00|05|fa0001|542e0111ad[payload->]..||44,305
2025-07-31T01:24:42.274 0100|01|00|07|f701fe|542e010080f665[payload->]...e||26,102
2025-07-31T01:31:33.070 0100|00|00|05|fa0001|542e0111ad[payload->]..||44,305
2025-07-31T01:31:33.171 0100|01|00|07|f701fe|542e010080f665[payload->]...e||26,102
2025-07-31T01:34:42.959 0100|00|00|05|fa0001|542e0111ad[payload->]..||44,305
2025-07-31T01:34:42.960 0100|01|00|07|f701fe|542e010080f665[payload->]...e||26,102
2025-07-31T01:44:42.199 0100|00|00|05|fa0001|542e0111ad[payload->]..||44,305
2025-07-31T01:44:42.300 0100|01|00|07|f701fe|542e010080f665[payload->]...e||26,102
2025-07-31T01:54:42.198 0100|00|00|05|fa0001|542e0111ad[payload->]..||44,305
2025-07-31T01:54:42.299 0100|01|00|07|f701fe|542e010080f665[payload->]...e||26,102
2025-07-31T02:04:42.231 0100|00|00|05|fa0001|542e0111ad[payload->]..||44,305
2025-07-31T02:04:42.333 0100|01|00|07|f701fe|542e010080f665[payload->]...e||26,102
2025-07-31T02:14:42.287 0100|00|00|05|fa0001|542e0111ad[payload->]..||44,305
2025-07-31T02:14:42.287 0100|01|00|07|f701fe|542e010080f665[payload->]...e||26,102
2025-07-31T02:24:44.055 0100|00|00|05|fa0001|542e0111ad[payload->]..||44,305
2025-07-31T02:24:44.157 0100|01|00|07|f701fe|542e010080f665[payload->]...e||26,102
2025-07-31T02:31:31.482 0100|00|00|05|fa0001|542e0111ad[payload->]..||44,305
2025-07-31T02:31:31.583 0100|01|00|07|f701fe|542e010080f665[payload->]...e||26,102
2025-07-31T02:34:44.080 0100|00|00|05|fa0001|542e0111ad[payload->]..||44,305
2025-07-31T02:34:44.181 0100|01|00|07|f701fe|542e010080f665[payload->]...e||26,102
2025-07-31T02:44:44.006 0100|00|00|05|fa0001|542e0111ad[payload->]..||44,305
2025-07-31T02:44:44.107 0100|01|00|07|f701fe|542e010080f665[payload->]...e||26,102
2025-07-31T02:54:44.079 0100|00|00|05|fa0001|542e0111ad[payload->]..||44,305
2025-07-31T02:54:44.079 0100|01|00|07|f701fe|542e010080f665[payload->]...e||26,102
2025-07-31T03:04:44.093 0100|00|00|05|fa0001|542e0111ad[payload->]..||44,305
2025-07-31T03:04:44.194 0100|01|00|07|f701fe|542e010080f665[payload->]...e||26,102
2025-07-31T03:14:43.987 0100|00|00|05|fa0001|542e0111ad[payload->]..||44,305
2025-07-31T03:14:44.088 0100|01|00|07|f701fe|542e010080f665[payload->]...e||26,102
2025-07-31T03:24:44.033 0100|00|00|05|fa0001|542e0111ad[payload->]..||44,305
2025-07-31T03:24:44.134 0100|01|00|07|f701fe|542e010080f665[payload->]...e||26,102
2025-07-31T03:34:44.080 0100|00|00|05|fa0001|542e0111ad[payload->]..||44,305
2025-07-31T03:34:44.181 0100|01|00|07|f701fe|542e010080f665[payload->]...e||26,102
2025-07-31T03:44:44.096 0100|00|00|05|fa0001|542e0111ad[payload->]..||44,305
2025-07-31T03:44:44.197 0100|01|00|07|f701fe|542e010080f665[payload->]...e||26,102
2025-07-31T03:54:44.054 0100|00|00|05|fa0001|542e0111ad[payload->]..||44,305
2025-07-31T03:54:44.155 0100|01|00|07|f701fe|542e010080f665[payload->]...e||26,102
2025-07-31T04:04:44.665 0100|00|00|05|fa0001|542e0111ad[payload->]..||44,305
2025-07-31T04:04:44.767 0100|01|00|07|f701fe|542e010080f665[payload->]...e||26,102
2025-07-31T04:14:44.168 0100|00|00|05|fa0001|542e0111ad[payload->]..||44,305
2025-07-31T04:24:44.147 0100|00|00|05|fa0001|542e0111ad[payload->]..||44,305
2025-07-31T04:24:44.147 0100|01|00|07|f701fe|542e010080f665[payload->]...e||26,102
2025-07-31T04:34:45.088 0100|00|00|05|fa0001|542e0111ad[payload->]..||44,305
2025-07-31T04:34:45.189 0100|01|00|07|f701fe|542e010080f665[payload->]...e||26,102
2025-07-31T04:44:44.111 0100|00|00|05|fa0001|542e0111ad[payload->]..||44,305
2025-07-31T04:44:44.111 0100|01|00|07|f701fe|542e010080f665[payload->]...e||26,102
2025-07-31T04:54:45.946 0100|00|00|05|fa0001|542e0111ad[payload->]..||44,305
2025-07-31T04:54:46.048 0100|81|00|07|f701fe|542e010080f665[payload->]...e||26,102
2025-07-31T05:04:46.186 0100|00|00|05|fa0001|542e0111ad[payload->]..||44,305
2025-07-31T05:04:46.287 0100|41|00|07|f701fe|542e010080f665[payload->]...e||26,102
2025-07-31T05:14:45.919 0100|00|00|05|fa0001|542e0111ad[payload->]..||44,305
2025-07-31T05:14:46.020 0100|01|00|07|f701fe|542e010080f665[payload->]...e||26,102
2025-07-31T05:24:45.934 0100|00|00|05|fa0001|542e0111ad[payload->]..||44,305
2025-07-31T05:24:46.035 0100|01|00|07|f701fe|542e010080f665[payload->]...e||26,102
2025-07-31T05:31:31.955 0100|00|00|05|fa0001|542e0111ad[payload->]..||44,305
2025-07-31T05:31:32.057 0100|01|00|07|f701fe|542e010080f665[payload->]...e||26,102
2025-07-31T05:34:46.296 0100|00|00|05|fa0001|542e0111ad[payload->]..||44,305
2025-07-31T05:34:46.397 0100|01|00|07|f701fe|542e010080f665[payload->]...e||26,102
2025-07-31T05:44:45.938 0100|00|00|05|fa0001|542e0111ad[payload->]..||44,305
2025-07-31T05:44:46.039 0100|01|00|07|f701fe|542e010080f665[payload->]...e||26,102
2025-07-31T05:54:46.000 0100|00|00|05|fa0001|542e0111ad[payload->]..||44,305
2025-07-31T05:54:46.001 0100|01|00|07|f701fe|542e010080f665[payload->]...e||26,102
2025-07-31T06:04:46.418 0100|00|00|05|fa0001|542e0111ad[payload->]..||44,305
2025-07-31T06:04:46.419 0100|01|00|07|f701fe|542e010080f665[payload->]...e||26,102
2025-07-31T06:14:45.944 0100|00|00|05|fa0001|542e0111ad[payload->]..||44,305
2025-07-31T06:14:46.045 0100|01|00|07|f701fe|542e010080f665[payload->]...e||26,102
2025-07-31T06:24:45.945 0100|00|00|05|fa0001|542e0111ad[payload->]..||44,305
2025-07-31T06:24:46.046 0100|01|00|07|f701fe|542e010080f665[payload->]...e||26,102
2025-07-31T06:44:46.794 0100|00|00|05|fa0001|542e0111ad[payload->]..||44,305
2025-07-31T06:44:46.899 0100|01|00|07|f701fe|542e010080f665[payload->]...e||26,102
2025-07-31T06:54:46.769 0100|00|00|05|fa0001|542e0111ad[payload->]..||44,305
2025-07-31T06:54:46.769 0100|01|00|07|f701fe|542e010080f665[payload->]...e||26,102
2025-07-31T07:04:46.642 0100|00|00|05|fa0001|542e0111ad[payload->]..||44,305
2025-07-31T07:04:46.744 0100|01|00|07|f701fe|542e010080f665[payload->]...e||26,102
2025-07-31T07:14:46.689 0100|00|00|05|fa0001|542e0111ad[payload->]..||44,305
2025-07-31T07:14:46.790 0100|01|00|07|f701fe|542e010080f665[payload->]...e||26,102
2025-07-31T07:24:46.760 0100|00|00|05|fa0001|542e0111ad[payload->]..||44,305
2025-07-31T07:24:46.760 0100|01|00|07|f701fe|542e010080f665[payload->]...e||26,102
2025-07-31T07:34:46.714 0100|00|00|05|fa0001|542e0111ad[payload->]..||44,305
2025-07-31T07:34:46.816 0100|01|00|07|f701fe|542e010080f665[payload->]...e||26,102
2025-07-31T07:44:46.727 0100|00|00|05|fa0001|542e0111ad[payload->]..||44,305
2025-07-31T07:44:46.828 0100|01|00|07|f701fe|542e010080f665[payload->]...e||26,102
2025-07-31T07:54:46.740 0100|00|00|05|fa0001|542e0111ad[payload->]..||44,305
2025-07-31T07:54:46.841 0100|01|00|07|f701fe|542e010080f665[payload->]...e||26,102
2025-07-31T08:04:46.821 0100|00|00|05|fa0001|542e0111ad[payload->]..||44,305
2025-07-31T08:04:46.821 0100|01|00|07|f701fe|542e010080f665[payload->]...e||26,102
2025-07-31T08:14:46.775 0100|00|00|05|fa0001|542e0111ad[payload->]..||44,305
2025-07-31T08:14:46.775 0100|01|00|07|f701fe|542e010080f665[payload->]...e||26,102
2025-07-31T08:24:46.948 0100|00|00|05|fa0001|542e0111ad[payload->]..||44,305
2025-07-31T08:24:46.948 0100|01|00|07|f701fe|542e010080f665[payload->]...e||26,102
2025-07-31T08:34:46.709 0100|00|00|05|fa0001|542e0111ad[payload->]..||44,305
2025-07-31T08:34:46.810 0100|01|00|07|f701fe|542e010080f665[payload->]...e||26,102
2025-07-31T08:44:47.686 0100|00|00|05|fa0001|542e0111ad[payload->]..||44,305
2025-07-31T08:44:47.788 0100|01|00|07|f701fe|542e010080f665[payload->]...e||26,102
2025-07-31T08:54:46.696 0100|00|00|05|fa0001|542e0111ad[payload->]..||44,305
2025-07-31T08:54:46.797 0100|01|00|07|f701fe|542e010080f665[payload->]...e||26,102
2025-07-31T09:04:46.727 0100|00|00|05|fa0001|542e0111ad[payload->]..||44,305
2025-07-31T09:04:46.828 0100|01|00|07|f701fe|542e010080f665[payload->]...e||26,102
2025-07-31T09:14:46.718 0100|00|00|05|fa0001|542e0111ad[payload->]..||44,305
2025-07-31T09:14:46.819 0100|01|00|07|f701fe|542e010080f665[payload->]...e||26,102
2025-07-31T09:24:47.044 0100|00|00|05|fa0001|542e0111ad[payload->]..||44,305
2025-07-31T09:24:47.145 0100|01|00|07|f701fe|542e010080f665[payload->]...e||26,102
2025-07-31T09:31:31.196 0100|00|00|05|fa0001|542e0111ad[payload->]..||44,305
2025-07-31T09:31:31.298 0100|01|00|07|f701fe|542e010080f665[payload->]...e||26,102
2025-07-31T09:34:46.701 0100|00|00|05|fa0001|542e0111ad[payload->]..||44,305
2025-07-31T09:34:46.802 0100|01|00|07|f701fe|542e010080f665[payload->]...e||26,102
2025-07-31T09:44:46.642 0100|00|00|05|fa0001|542e0111ad[payload->]..||44,305
2025-07-31T09:44:46.743 0100|01|00|07|f701fe|542e010080f665[payload->]...e||26,102
2025-07-31T09:54:46.844 0100|00|00|05|fa0001|542e0111ad[payload->]..||44,305
2025-07-31T09:54:46.945 0100|01|00|07|f701fe|542e010080f665[payload->]...e||26,102
2025-07-31T10:04:46.725 0100|00|00|05|fa0001|542e0111ad[payload->]..||44,305
2025-07-31T10:04:46.725 0100|01|00|07|f701fe|542e010080f665[payload->]...e||26,102
2025-07-31T10:14:47.752 0100|00|00|05|fa0001|542e0111ad[payload->]..||44,305
2025-07-31T10:14:47.853 0100|01|00|07|f701fe|542e010080f665[payload->]...e||26,102
2025-07-31T10:24:47.793 0100|00|00|05|fa0001|542e0111ad[payload->]..||44,305
2025-07-31T10:24:47.793 0100|01|00|07|f701fe|542e010080f665[payload->]...e||26,102
2025-07-31T10:34:47.822 0100|00|00|05|fa0001|542e0111ad[payload->]..||44,305
2025-07-31T10:34:47.822 0100|01|00|07|f701fe|542e010080f665[payload->]...e||26,102
2025-07-31T10:44:47.741 0100|00|00|05|fa0001|542e0111ad[payload->]..||44,305
2025-07-31T10:44:47.843 0100|01|00|07|f701fe|542e010080f665[payload->]...e||26,102
2025-07-31T10:54:47.713 0100|00|00|05|fa0001|542e0111ad[payload->]..||44,305
2025-07-31T10:54:47.814 0100|01|00|07|f701fe|542e010080f665[payload->]...e||26,102
2025-07-31T11:04:47.789 0100|00|00|05|fa0001|542e0111ad[payload->]..||44,305
2025-07-31T11:04:47.790 0100|01|00|07|f701fe|542e010080f665[payload->]...e||26,102
2025-07-31T11:14:47.667 0100|00|00|05|fa0001|542e0111ad[payload->]..||44,305
2025-07-31T11:14:47.768 0100|01|00|07|f701fe|542e010080f665[payload->]...e||26,102
2025-07-31T11:24:47.793 0100|00|00|05|fa0001|542e0111ad[payload->]..||44,305
2025-07-31T11:24:47.793 0100|01|00|07|f701fe|542e010080f665[payload->]...e||26,102
2025-07-31T11:31:31.465 0100|00|00|05|fa0001|542e0111ad[payload->]..||44,305
2025-07-31T11:31:31.466 0100|01|00|07|f701fe|542e010080f665[payload->]...e||26,102
2025-07-31T11:34:47.972 0100|00|00|05|fa0001|542e0111ad[payload->]..||44,305
2025-07-31T11:34:48.073 0100|01|00|07|f701fe|542e010080f665[payload->]...e||26,102
2025-07-31T11:44:48.867 0100|00|00|05|fa0001|542e0111ad[payload->]..||44,305
2025-07-31T11:44:48.969 0100|01|00|07|f701fe|542e010080f665[payload->]...e||26,102
2025-07-31T11:54:48.859 0100|00|00|05|fa0001|542e0111ad[payload->]..||44,305
2025-07-31T11:54:48.960 0100|01|00|07|f701fe|542e010080f665[payload->]...e||26,102
2025-07-31T12:04:48.963 0100|00|00|05|fa0001|542e0111ad[payload->]..||44,305
2025-07-31T12:04:48.963 0100|01|00|07|f701fe|542e010080f665[payload->]...e||26,102
2025-07-31T12:14:48.869 0100|00|00|05|fa0001|542e0111ad[payload->]..||44,305
2025-07-31T12:14:48.970 0100|01|00|07|f701fe|542e010080f665[payload->]...e||26,102
2025-07-31T12:24:49.263 0100|00|00|05|fa0001|542e0111ad[payload->]..||44,305
2025-07-31T12:24:49.364 0100|01|00|07|f701fe|542e010080f665[payload->]...e||26,102
2025-07-31T12:31:37.502 0100|00|00|05|fa0001|542e0111ad[payload->]..||44,305
2025-07-31T12:31:37.604 0100|01|00|07|f701fe|542e010080f665[payload->]...e||26,102
2025-07-31T12:34:48.908 0100|00|00|05|fa0001|542e0111ad[payload->]..||44,305
2025-07-31T12:34:49.010 0100|01|00|07|f701fe|542e010080f665[payload->]...e||26,102
2025-07-31T12:44:49.209 0100|00|00|05|fa0001|542e0111ad[payload->]..||44,305
2025-07-31T12:44:49.209 0100|01|00|07|f701fe|542e010080f665[payload->]...e||26,102
2025-07-31T12:54:49.301 0100|00|00|05|fa0001|542e0111ad[payload->]..||44,305
2025-07-31T12:54:49.402 0100|01|00|07|f701fe|542e010080f665[payload->]...e||26,102
2025-07-31T13:04:48.962 0100|00|00|05|fa0001|542e0111ad[payload->]..||44,305
2025-07-31T13:04:49.063 0100|01|00|07|f701fe|542e010080f665[payload->]...e||26,102
2025-07-31T13:14:49.155 0100|00|00|05|fa0001|542e0111ad[payload->]..||44,305
2025-07-31T13:14:49.256 0100|01|00|07|f701fe|542e010080f665[payload->]...e||26,102
2025-07-31T13:24:48.835 0100|00|00|05|fa0001|542e0111a9[payload->]..||43,281
2025-07-31T13:24:49.037 0100|01|00|07|f701fe|542e010080f665[payload->]...e||26,102
2025-07-31T13:34:49.027 0100|00|00|05|fa0001|542e0111ad[payload->]..||44,305
2025-07-31T13:34:49.027 0100|01|00|07|f701fe|542e010080f665[payload->]...e||26,102
2025-07-31T13:44:50.280 0100|00|00|05|fa0001|542e0111ad[payload->]..||44,305
2025-07-31T13:44:50.381 0100|01|00|07|f701fe|542e010080f665[payload->]...e||26,102
2025-07-31T13:54:50.131 0100|00|00|05|fa0001|542e0111ad[payload->]..||44,305
2025-07-31T14:04:50.822 0100|00|00|05|fa0001|542e0111ad[payload->]..||44,305
2025-07-31T14:04:50.822 0100|01|00|07|f701fe|542e010080f665[payload->]...e||26,102
2025-07-31T14:14:49.961 0100|00|00|05|fa0001|542e0111ad[payload->]..||44,305
2025-07-31T14:14:50.062 0100|01|00|07|f701fe|542e010080f665[payload->]...e||26,102
2025-07-31T14:24:50.478 0100|00|00|05|fa0001|542e0111ad[payload->]..||44,305
2025-07-31T14:24:50.579 0100|01|00|07|f701fe|542e010080f665[payload->]...e||26,102
2025-07-31T14:31:31.813 0100|00|00|05|fa0001|542e0111ad[payload->]..||44,305
2025-07-31T14:31:31.915 0100|01|00|07|f701fe|542e010080f665[payload->]...e||26,102
2025-07-31T14:34:50.108 0100|00|00|05|fa0001|542e0111ad[payload->]..||44,305
2025-07-31T14:34:50.210 0100|01|00|07|f701fe|542e010080f665[payload->]...e||26,102
2025-07-31T14:44:50.711 0100|00|00|05|fa0001|542e0111ad[payload->]..||44,305
2025-07-31T14:44:50.712 0100|01|00|07|f701fe|542e010080f665[payload->]...e||26,102
2025-07-31T14:54:50.777 0100|00|00|05|fa0001|542e0111ad[payload->]..||44,305
2025-07-31T14:54:50.778 0100|01|00|07|f701fe|542e010080f665[payload->]...e||26,102
2025-07-31T15:04:50.778 0100|00|00|05|fa0001|542e0111ad[payload->]..||44,305
2025-07-31T15:04:50.779 0100|01|00|07|f701fe|542e010080f665[payload->]...e||26,102
2025-07-31T15:14:50.685 0100|00|00|05|fa0001|542e0111ad[payload->]..||44,305
2025-07-31T15:14:50.786 0100|01|00|07|f701fe|542e010080f665[payload->]...e||26,102
2025-07-31T15:24:53.072 0100|00|00|05|fa0001|542e0111ad[payload->]..||44,305
2025-07-31T15:24:53.173 0100|01|00|07|f701fe|542e010080f665[payload->]...e||26,102
2025-07-31T15:31:31.417 0100|00|00|05|fa0001|542e0111ad[payload->]..||44,305
2025-07-31T15:31:31.518 0100|01|00|07|f701fe|542e010080f665[payload->]...e||26,102
2025-07-31T15:34:53.095 0100|00|00|05|fa0001|542e0111ad[payload->]..||44,305
2025-07-31T15:34:53.196 0100|01|00|07|f701fe|542e010080f665[payload->]...e||26,102
2025-07-31T15:44:53.038 0100|00|00|05|fa0001|542e0111ad[payload->]..||44,305
2025-07-31T15:44:53.139 0100|01|00|07|f701fe|542e010080f665[payload->]...e||26,102
2025-07-31T15:54:53.095 0100|00|00|05|fa0001|542e0111ad[payload->]..||44,305
2025-07-31T15:54:53.095 0100|01|00|07|f701fe|542e010080f665[payload->]...e||26,102
2025-07-31T16:04:53.064 0100|00|00|05|fa0001|542e0111ad[payload->]..||44,305
2025-07-31T16:04:53.165 0100|01|00|07|f701fe|542e010080f665[payload->]...e||26,102
2025-07-31T16:14:53.109 0100|00|00|05|fa0001|542e0111ad[payload->]..||44,305
2025-07-31T16:14:53.210 0100|01|00|07|f701fe|542e010080f665[payload->]...e||26,102
2025-07-31T16:24:53.820 0100|00|00|05|fa0001|542e0111ad[payload->]..||44,305
2025-07-31T16:24:53.821 0100|01|00|07|f701fe|542e010080f665[payload->]...e||26,102
2025-07-31T16:34:54.376 0100|00|00|05|fa0001|542e0111ad[payload->]..||44,305
2025-07-31T16:34:54.478 0100|01|00|07|f701fe|542e010080f665[payload->]...e||26,102
2025-07-31T16:44:53.119 0100|00|00|05|fa0001|542e0111ad[payload->]..||44,305
2025-07-31T16:44:53.221 0100|01|00|06|f701fe|542e010080f6[payload->]...||63,104
2025-07-31T16:54:55.396 0100|00|00|05|fa0001|542e0111ad[payload->]..||44,305
2025-07-31T16:54:55.497 0100|01|00|07|f701fe|542e010080f665[payload->]...e||26,102
2025-07-31T17:04:54.270 0100|00|00|05|fa0001|542e0111ad[payload->]..||44,305
2025-07-31T17:04:54.371 0100|01|00|07|f701fe|542e010080f665[payload->]...e||26,102
2025-07-31T17:14:55.341 0100|00|00|05|fa0001|542e0111ad[payload->]..||44,305
2025-07-31T17:14:55.341 0100|01|00|07|f701fe|542e010080f665[payload->]...e||26,102
2025-07-31T17:24:54.418 0100|00|00|05|fa0001|542e0111ad[payload->]..||44,305
2025-07-31T17:31:31.852 0100|00|00|05|fa0001|542e0111ad[payload->]..||44,305
2025-07-31T17:31:31.852 0100|01|00|07|f701fe|542e010080f665[payload->]...e||26,102
2025-07-31T17:34:54.454 0100|00|00|05|fa0001|542e0111ad[payload->]..||44,305
2025-07-31T17:34:54.555 0100|01|00|07|f701fe|542e010080f665[payload->]...e||26,102
2025-07-31T17:44:54.370 0100|00|00|05|fa0001|542e0111ad[payload->]..||44,305
2025-07-31T17:44:54.471 0100|01|00|07|f701fe|542e010080f665[payload->]...e||26,102
2025-07-31T17:54:54.462 0100|00|00|05|fa0001|542e0111ad[payload->]..||44,305
2025-07-31T17:54:54.664 0100|03|00|07|f701fe|542e010080f665[payload->]...e||26,102
2025-07-31T18:04:54.314 0100|00|00|05|fa0001|542e0111ad[payload->]..||44,305
2025-07-31T18:04:54.415 0100|01|00|07|f701fe|542e010080f665[payload->]...e||26,102
2025-07-31T18:14:56.073 0100|00|00|05|fa0001|542e0111ad[payload->]..||44,305
2025-07-31T18:14:56.074 0100|01|00|07|f701fe|542e010080f665[payload->]...e||26,102
2025-07-31T18:24:55.967 0100|00|00|05|fa0001|542e0111ad[payload->]..||44,305
2025-07-31T18:24:56.068 0100|01|00|07|f701fe|542e010080f665[payload->]...e||26,102
2025-07-31T18:31:32.769 0100|00|00|05|fa0001|542e0111ad[payload->]..||44,305
2025-07-31T18:31:32.870 0100|01|00|07|f701fe|542e010080f665[payload->]...e||26,102
2025-07-31T18:34:56.354 0100|00|00|05|fa0001|542e0111ad[payload->]..||44,305
2025-07-31T18:34:56.455 0100|01|00|07|f701fe|542e010080f665[payload->]...e||26,102
2025-07-31T18:44:56.764 0100|00|00|05|fa0001|542e0111ad[payload->]..||44,305
2025-07-31T18:44:56.765 0100|01|00|07|f701fe|542e010080f665[payload->]...e||26,102
2025-07-31T18:54:57.123 0100|00|00|05|fa0001|542e0111ad[payload->]..||44,305
2025-07-31T18:54:57.123 0100|01|00|07|f701fe|542e010080f665[payload->]...e||26,102
2025-07-31T19:04:56.830 0100|00|00|05|fa0001|542e0111ad[payload->]..||44,305
2025-07-31T19:04:56.931 0100|01|00|07|f701fe|542e010080f665[payload->]...e||26,102
2025-07-31T19:14:56.824 0100|00|00|05|fa0001|542e0111ad[payload->]..||44,305
2025-07-31T19:14:56.925 0100|01|00|07|f701fe|542e010080f665[payload->]...e||26,102
2025-07-31T19:24:56.798 0100|00|00|05|fa0001|542e0111ad[payload->]..||44,305
2025-07-31T19:24:56.899 0100|01|00|07|f701fe|542e010080f665[payload->]...e||26,102
2025-07-31T19:34:56.691 0100|00|00|05|fa0001|542e0111ad[payload->]..||44,305
2025-07-31T19:34:56.691 0100|01|00|07|f701fe|542e010080f665[payload->]...e||26,102
2025-07-31T19:44:56.579 0100|00|00|05|fa0001|542e0111ad[payload->]..||44,305
2025-07-31T19:44:56.579 0100|01|00|07|f701fe|542e010080f665[payload->]...e||26,102
2025-07-31T19:54:56.639 0100|00|00|05|fa0001|542e0111ad[payload->]..||44,305
2025-07-31T19:54:56.740 0100|01|00|07|f701fe|542e010080f665[payload->]...e||26,102
2025-07-31T20:04:56.525 0100|00|00|05|fa0001|542e0111ad[payload->]..||44,305
2025-07-31T20:04:56.626 0100|01|00|07|f701fe|542e010080f665[payload->]...e||26,102
2025-07-31T20:14:56.619 0100|00|00|05|fa0001|542e0111ad[payload->]..||44,305
2025-07-31T20:14:56.720 0100|01|00|07|f701fe|542e010080f665[payload->]...e||26,102
2025-07-31T20:24:56.621 0100|00|00|05|fa0001|542e0111ad[payload->]..||44,305
2025-07-31T20:31:31.792 0100|00|00|05|fa0001|542e0111ad[payload->]..||44,305
2025-07-31T20:31:31.792 0100|01|00|07|f701fe|542e010080f665[payload->]...e||26,102
2025-07-31T20:34:56.560 0100|00|00|05|fa0001|542e0111ad[payload->]..||44,305
2025-07-31T20:34:56.661 0100|01|00|07|f701fe|542e010080f665[payload->]...e||26,102
2025-07-31T20:44:56.596 0100|00|00|05|fa0001|542e0111ad[payload->]..||44,305
2025-07-31T20:44:56.596 0100|01|00|07|f701fe|542e010080f665[payload->]...e||26,102
2025-07-31T20:54:56.685 0100|00|00|05|fa0001|542e0111ad[payload->]..||44,305
2025-07-31T20:54:56.685 0100|01|00|07|f701fe|542e010080f665[payload->]...e||26,102
2025-07-31T21:04:56.566 0100|00|00|05|fa0001|542e0111ad[payload->]..||44,305
2025-07-31T21:04:56.667 0100|01|00|07|f701fe|542e010080f665[payload->]...e||26,102
2025-07-31T21:14:56.686 0100|00|00|05|fa0001|542e0111ad[payload->]..||44,305
2025-07-31T21:14:56.686 0100|01|00|07|f701fe|542e010080f665[payload->]...e||26,102
2025-07-31T21:24:56.650 0100|00|00|05|fa0001|542e0111ad[payload->]..||44,305
2025-07-31T21:24:56.751 0100|01|00|07|f701fe|542e010080f665[payload->]...e||26,102
2025-07-31T21:31:31.809 0100|00|00|05|fa0001|542e0111ad[payload->]..||44,305
2025-07-31T21:31:31.810 0100|01|00|07|f701fe|542e010080f665[payload->]...e||26,102
2025-07-31T21:34:57.069 0100|00|00|05|fa0001|542e0111ad[payload->]..||44,305
2025-07-31T21:34:57.170 0100|01|00|07|f701fe|542e010080f665[payload->]...e||26,102
2025-07-31T21:44:57.107 0100|00|00|05|fa0001|542e0111ad[payload->]..||44,305
2025-07-31T21:44:57.208 0100|01|00|07|f701fe|542e010080f665[payload->]...e||26,102
2025-07-31T21:54:57.092 0100|00|00|05|fa0001|542e0111ad[payload->]..||44,305
2025-07-31T21:54:57.193 0100|01|00|07|f701fe|542e010080f665[payload->]...e||26,102
2025-07-31T22:04:57.122 0100|00|00|05|fa0001|542e0111ad[payload->]..||44,305
2025-07-31T22:04:57.223 0100|01|00|07|f701fe|542e010080f665[payload->]...e||26,102
2025-07-31T22:14:57.124 0100|00|00|05|fa0001|542e0111ad[payload->]..||44,305
2025-07-31T22:14:57.125 0100|01|00|07|f701fe|542e010080f665[payload->]...e||26,102
2025-07-31T22:24:57.146 0100|00|00|05|fa0001|542e0111ad[payload->]..||44,305
2025-07-31T22:24:57.247 0100|01|00|07|f701fe|542e010080f665[payload->]...e||26,102
2025-07-31T22:31:32.068 0100|00|00|05|fa0001|542e0111ad[payload->]..||44,305
2025-07-31T22:31:32.068 0100|01|00|07|f701fe|542e0100800100[payload->]....||0,001
2025-07-31T22:34:57.111 0100|00|00|05|fa0001|542e0111ad[payload->]..||44,305
2025-07-31T22:34:57.212 0100|01|00|07|f701fe|542e010080f665[payload->]...e||26,102
2025-07-31T22:44:57.091 0100|00|00|05|fa0001|542e0111ad[payload->]..||44,305
2025-07-31T22:44:57.192 0100|01|00|07|f701fe|542e010080f665[payload->]...e||26,102
2025-07-31T22:54:57.098 0100|00|00|05|fa0001|542e0111ad[payload->]..||44,305
2025-07-31T22:54:57.199 0100|01|00|07|f701fe|542e010080f665[payload->]...e||26,102
2025-07-31T23:04:58.282 0100|00|00|05|fa0001|542e0111ad[payload->]..||44,305
2025-07-31T23:04:58.383 0100|01|00|07|f701fe|542e010080f665[payload->]...e||26,102
2025-07-31T23:14:58.832 0100|00|00|05|fa0001|542e0111ad[payload->]..||44,305
2025-07-31T23:14:58.833 0100|01|00|07|f701fe|542e010080f665[payload->]...e||26,102
2025-07-31T23:24:58.272 0100|00|00|05|fa0001|542e0111ad[payload->]..||44,305
2025-07-31T23:24:58.373 0100|01|00|07|f701fe|542e010080f665[payload->]...e||26,102
2025-07-31T23:31:31.681 0100|00|00|05|fa0001|542e0111ad[payload->]..||44,305
2025-07-31T23:31:31.782 0100|01|00|06|f701fe|542e010080f6[payload->]...||63,104
2025-07-31T23:34:58.288 0100|00|00|05|fa0001|542e0111ad[payload->]..||44,305
2025-07-31T23:34:58.389 0100|01|00|07|f701fe|542e010080f665[payload->]...e||26,102
2025-07-31T23:44:58.284 0100|00|00|05|fa0001|542e0111ad[payload->]..||44,305
2025-07-31T23:44:58.284 0100|01|00|07|f701fe|542e010080f665[payload->]...e||26,102
2025-07-31T23:54:58.257 0100|00|00|05|fa0001|542e0111ad[payload->]..||44,305
2025-07-31T23:54:58.357 0100|01|00|07|f701fe|542e010080f665[payload->]...e||26,102
2025-08-01T00:04:58.252 0100|00|00|05|fa0001|542e0111ad[payload->]..||44,305
2025-08-01T00:04:58.353 0100|01|00|07|f701fe|542e010080f665[payload->]...e||26,102
2025-08-01T00:14:58.256 0100|00|00|05|fa0001|542e0111ad[payload->]..||44,305
2025-08-01T00:14:58.357 0100|01|00|07|f701fe|542e010080f665[payload->]...e||26,102
2025-08-01T00:24:58.347 0100|00|00|05|fa0001|542e0111ad[payload->]..||44,305
2025-08-01T00:24:58.348 0100|01|00|07|f701fe|542e010080f665[payload->]...e||26,102
2025-08-01T00:34:58.268 0100|00|00|05|fa0001|542e0111ad[payload->]..||44,305
2025-08-01T00:34:58.369 0100|01|00|07|f701fe|542e010080f665[payload->]...e||26,102
2025-08-01T00:44:58.242 0100|00|00|05|fa0001|542e0111ad[payload->]..||44,305
2025-08-01T00:44:58.343 0100|01|00|07|f701fe|542e010080f665[payload->]...e||26,102
2025-08-01T00:54:58.283 0100|00|00|05|fa0001|542e0111ad[payload->]..||44,305
2025-08-01T00:54:58.284 0100|01|00|07|f701fe|542e010080f665[payload->]...e||26,102
2025-08-01T01:04:58.239 0100|00|00|05|fa0001|542e0111ad[payload->]..||44,305
2025-08-01T01:04:58.340 0100|01|00|07|f701fe|542e010080f665[payload->]...e||26,102
2025-08-01T01:14:58.227 0100|00|00|05|fa0001|542e0111ad[payload->]..||44,305
2025-08-01T01:14:58.328 0100|01|00|07|f701fe|542e010080f665[payload->]...e||26,102
2025-08-01T01:24:58.286 0100|00|00|05|fa0001|542e0111ad[payload->]..||44,305
2025-08-01T01:24:58.286 0100|01|00|07|f701fe|542e010080f665[payload->]...e||26,102
2025-08-01T01:31:32.874 0100|01|00|07|f701fe|542e010080f665[payload->]...e||26,102
2025-08-01T01:34:58.287 0100|00|00|05|fa0001|542e0111ad[payload->]..||44,305
2025-08-01T01:34:58.287 0100|01|00|07|f701fe|542e010080f665[payload->]...e||26,102
2025-08-01T01:44:58.221 0100|00|00|05|fa0001|542e0111ad[payload->]..||44,305
2025-08-01T01:44:58.323 0100|01|00|07|f701fe|542e010080f665[payload->]...e||26,102
2025-08-01T01:55:00.067 0100|00|00|05|fa0001|542e0111ad[payload->]..||44,305
2025-08-01T01:55:00.168 0100|01|00|07|f701fe|542e010080f665[payload->]...e||26,102
2025-08-01T02:05:00.969 0100|00|00|05|fa0001|542e0111ad[payload->]..||44,305
2025-08-01T02:05:01.071 0100|01|00|07|f701fe|542e010080f665[payload->]...e||26,102
2025-08-01T02:15:00.059 0100|00|00|05|fa0001|542e0111ad[payload->]..||44,305
2025-08-01T02:15:00.160 0100|01|00|07|f701fe|542e010080f665[payload->]...e||26,102
2025-08-01T02:25:00.051 0100|00|00|05|fa0001|542e0111ad[payload->]..||44,305
2025-08-01T02:25:00.152 0100|01|00|07|f701fe|542e010080f665[payload->]...e||26,102
2025-08-01T02:31:31.966 0100|00|00|05|fa0001|542e0111ad[payload->]..||44,305
2025-08-01T02:31:31.966 0100|01|00|07|f701fe|542e010080f665[payload->]...e||26,102
2025-08-01T02:35:00.098 0100|00|00|05|fa0001|542e0111ad[payload->]..||44,305
2025-08-01T02:55:00.197 0100|00|00|05|fa0001|542e0111ad[payload->]..||44,305
2025-08-01T03:05:00.076 0100|00|00|05|fa0001|542e0111ad[payload->]..||44,305
2025-08-01T03:05:00.178 0100|01|00|07|f701fe|542e010080f665[payload->]...e||26,102
2025-08-01T03:25:01.362 0100|00|00|05|fa0001|542e0111ad[payload->]..||44,305
2025-08-01T03:25:01.463 0100|01|00|07|f701fe|542e010080f665[payload->]...e||26,102
2025-08-01T03:35:01.376 0100|00|00|05|fa0001|542e0111ad[payload->]..||44,305
2025-08-01T03:35:01.477 0100|01|00|07|f701fe|542e010080f665[payload->]...e||26,102
2025-08-01T03:45:02.030 0100|00|00|05|fa0001|542e0111ad[payload->]..||44,305
2025-08-01T03:45:02.132 0100|01|00|07|f701fe|542e010080f665[payload->]...e||26,102
2025-08-01T03:55:02.118 0100|00|00|05|fa0001|542e0111ad[payload->]..||44,305
2025-08-01T03:55:02.118 0100|01|00|07|f701fe|542e010080f665[payload->]...e||26,102
2025-08-01T04:05:03.554 0100|00|00|05|fa0001|542e0111ad[payload->]..||44,305
2025-08-01T04:05:03.554 0100|01|00|07|f701fe|542e010080f665[payload->]...e||26,102
2025-08-01T04:15:02.098 0100|00|00|05|fa0001|542e0111ad[payload->]..||44,305
2025-08-01T04:15:02.098 0100|01|00|07|f701fe|542e010080f665[payload->]...e||26,102
2025-08-01T04:25:02.069 0100|00|00|05|fa0001|542e0111ad[payload->]..||44,305
2025-08-01T04:25:02.171 0100|01|00|07|f701fe|542e010080f665[payload->]...e||26,102
2025-08-01T04:31:31.405 0100|00|00|05|fa0001|542e0111ad[payload->]..||44,305
2025-08-01T04:31:31.405 0100|01|00|07|f701fe|542e010080f665[payload->]...e||26,102
2025-08-01T04:35:02.094 0100|00|00|05|fa0001|542e0111ad[payload->]..||44,305
2025-08-01T04:35:02.094 0100|01|00|07|f701fe|542e010080f665[payload->]...e||26,102
2025-08-01T04:45:02.094 0100|00|00|05|fa0001|542e0111ad[payload->]..||44,305
2025-08-01T04:45:02.094 0100|01|00|07|f701fe|542e010080f665[payload->]...e||26,102
2025-08-01T04:55:02.073 0100|00|00|05|fa0001|542e0111ad[payload->]..||44,305
2025-08-01T04:55:02.073 0100|01|00|07|f701fe|542e010080f665[payload->]...e||26,102
2025-08-01T05:05:02.091 0100|00|00|05|fa0001|542e0111ad[payload->]..||44,305
2025-08-01T05:05:02.091 0100|01|00|07|f701fe|542e010080f665[payload->]...e||26,102
2025-08-01T05:15:03.079 0100|00|00|05|fa0001|542e0111ad[payload->]..||44,305
2025-08-01T05:15:03.180 0100|01|00|07|f701fe|542e010080f665[payload->]...e||26,102
2025-08-01T05:25:02.021 0100|00|00|05|fa0001|542e0111ad[payload->]..||44,305
2025-08-01T05:25:02.122 0100|01|00|07|f701fe|542e010080f665[payload->]...e||26,102
2025-08-01T05:31:32.876 0100|00|00|05|fa0001|542e0111ad[payload->]..||44,305
2025-08-01T05:31:32.978 0100|01|00|07|f701fe|542e010080f665[payload->]...e||26,102
2025-08-01T05:35:02.075 0100|00|00|05|fa0001|542e0111ad[payload->]..||44,305
2025-08-01T05:35:02.176 0100|01|00|07|f701fe|542e010080f665[payload->]...e||26,102
2025-08-01T05:45:02.062 0100|00|00|05|fa0001|542e0111ad[payload->]..||44,305
2025-08-01T05:45:02.163 0100|01|00|07|f701fe|542e010080f665[payload->]...e||26,102
2025-08-01T05:55:02.041 0100|00|00|05|fa0001|542e0111ad[payload->]..||44,305
2025-08-01T05:55:02.142 0100|01|00|07|f701fe|542e010080f665[payload->]...e||26,102
2025-08-01T06:05:02.136 0100|00|00|05|fa0001|542e0111ad[payload->]..||44,305
2025-08-01T06:05:02.137 0100|01|00|07|f701fe|542e010080f665[payload->]...e||26,102
2025-08-01T06:15:02.042 0100|00|00|05|fa0001|542e0111ad[payload->]..||44,305
2025-08-01T06:15:02.143 0100|01|00|07|f701fe|542e010080f665[payload->]...e||26,102
2025-08-01T06:25:02.087 0100|00|00|05|fa0001|542e0111ad[payload->]..||44,305
2025-08-01T06:25:02.188 0100|01|00|07|f701fe|542e010080f665[payload->]...e||26,102
2025-08-01T06:35:02.064 0100|00|00|05|fa0001|542e0111ad[payload->]..||44,305
2025-08-01T06:35:02.165 0100|01|00|07|f701fe|542e010080f665[payload->]...e||26,102
2025-08-01T06:45:02.124 0100|00|00|05|fa0001|542e0111ad[payload->]..||44,305
2025-08-01T06:45:02.125 0100|01|00|07|f701fe|542e010080f665[payload->]...e||26,102
2025-08-01T06:55:02.069 0100|00|00|05|fa0001|542e0111ad[payload->]..||44,305
2025-08-01T06:55:02.170 0100|01|00|07|f701fe|542e010080f665[payload->]...e||26,102
2025-08-01T07:05:02.079 0100|00|00|05|fa0001|542e0111ad[payload->]..||44,305
2025-08-01T07:05:02.080 0100|01|00|07|f701fe|542e010080f665[payload->]...e||26,102
2025-08-01T07:15:02.053 0100|00|00|05|fa0001|542e0111ad[payload->]..||44,305
2025-08-01T07:15:02.154 0100|01|00|07|f701fe|542e010080f665[payload->]...e||26,102
2025-08-01T07:25:03.332 0100|00|00|05|fa0001|542e0111ad[payload->]..||44,305
2025-08-01T07:25:03.332 0100|01|00|07|f701fe|542e010080f665[payload->]...e||26,102
2025-08-01T07:31:31.209 0100|00|00|05|fa0001|542e0111ad[payload->]..||44,305
2025-08-01T07:31:31.209 0100|01|00|07|f701fe|542e010080f665[payload->]...e||26,102
2025-08-01T07:35:04.649 0100|00|00|05|fa0001|542e0111ad[payload->]..||44,305
2025-08-01T07:35:04.649 0100|01|00|07|f701fe|542e010080f665[payload->]...e||26,102
2025-08-01T07:55:04.512 0100|00|00|05|fa0001|542e0111ad[payload->]..||44,305
2025-08-01T07:55:04.613 0100|01|00|07|f701fe|542e010080f665[payload->]...e||26,102
2025-08-01T08:05:04.950 0100|00|00|05|fa0001|542e0111ad[payload->]..||44,305
2025-08-01T08:05:05.051 0100|01|00|07|f701fe|542e010080f665[payload->]...e||26,102
2025-08-01T08:15:04.488 0100|00|00|05|fa0001|542e0111ad[payload->]..||44,305
2025-08-01T08:15:04.590 0100|01|00|07|f701fe|542e010080f665[payload->]...e||26,102
2025-08-01T08:31:31.430 0100|00|00|05|fa0001|542e0111ad[payload->]..||44,305
2025-08-01T08:31:31.531 0100|01|00|07|f701fe|542e010080f665[payload->]...e||26,102
2025-08-01T08:35:04.535 0100|00|00|05|fa0001|542e0111ad[payload->]..||44,305
2025-08-01T08:35:04.636 0100|01|00|07|f701fe|542e010080f665[payload->]...e||26,102
2025-08-01T08:45:04.654 0100|00|00|05|fa0001|542e0111ad[payload->]..||44,305
2025-08-01T08:45:04.756 0100|01|00|07|f701fe|542e010080f665[payload->]...e||26,102
2025-08-01T08:55:04.534 0100|00|00|05|fa0001|542e0111ad[payload->]..||44,305
2025-08-01T09:05:04.380 0100|00|00|05|fa0001|542e0111ad[payload->]..||44,305
2025-08-01T09:05:04.481 0100|01|00|07|f701fe|542e010080f665[payload->]...e||26,102
2025-08-01T09:15:04.469 0100|00|00|05|fa0001|542e0111ad[payload->]..||44,305
2025-08-01T09:15:04.469 0100|01|00|07|f701fe|542e010080f665[payload->]...e||26,102
2025-08-01T09:25:04.448 0100|00|00|05|fa0001|542e0111ad[payload->]..||44,305
2025-08-01T09:25:04.449 0100|01|00|07|f701fe|542e010080f665[payload->]...e||26,102
2025-08-01T09:35:04.439 0100|00|00|05|fa0001|542e0111ad[payload->]..||44,305
2025-08-01T09:35:04.540 0100|01|00|07|f701fe|542e010080f665[payload->]...e||26,102
2025-08-01T09:45:04.512 0100|00|00|05|fa0001|542e0111ad[payload->]..||44,305
2025-08-01T09:45:04.613 0100|01|00|07|f701fe|542e010080f665[payload->]...e||26,102
2025-08-01T09:55:04.803 0100|00|00|05|fa0001|542e0111ad[payload->]..||44,305
2025-08-01T09:55:04.904 0100|01|00|07|f701fe|542e010080f665[payload->]...e||26,102
2025-08-01T10:05:04.542 0100|00|00|05|fa0001|542e0111ad[payload->]..||44,305
2025-08-01T10:05:04.845 0100|01|42|47|f701fe|542e010080f6650100000005fa0003200401d3f30100010009f501fe200401ffffffff850d0100000005fa000150aa00104e0100010006f801fe50aa0000e1b70100000005fa00[payload->]...e........ ............ ................P...N........P............||0,250
2025-08-01T10:15:04.478 0100|00|00|05|fa0001|542e0111ad[payload->]..||44,305
2025-08-01T10:25:04.475 0100|00|00|05|fa0001|542e0111ad[payload->]..||44,305
2025-08-01T10:35:04.265 0100|00|00|05|fa0001|542e0111ad[payload->]..||44,305
2025-08-01T10:35:04.366 0100|01|00|07|f701fe|542e010080f665[payload->]...e||26,102
2025-08-01T10:45:04.437 0100|00|00|05|fa0001|542e0111ad[payload->]..||44,305
2025-08-01T10:45:04.537 0100|01|00|07|f701fe|542e010080f665[payload->]...e||26,102
2025-08-01T10:55:04.473 0100|00|00|05|fa0001|542e0111ad[payload->]..||44,305
2025-08-01T10:55:04.574 0100|01|00|07|f701fe|542e010080f665[payload->]...e||26,102
2025-08-01T11:05:04.466 0100|00|00|05|fa0001|542e0111ad[payload->]..||44,305
2025-08-01T11:05:04.567 0100|01|40|07|ff01fe|542e010080f665[payload->]...e||26,102
2025-08-01T11:15:04.888 0100|00|00|05|fa0001|542e0111ad[payload->]..||44,305
2025-08-01T11:15:04.989 0100|01|00|07|f701fe|542e010080f665[payload->]...e||26,102
2025-08-01T11:25:04.434 0100|00|00|05|fa0001|542e0111ad[payload->]..||44,305
2025-08-01T11:25:04.535 0100|01|00|07|f701fe|542e010080f665[payload->]...e||26,102
2025-08-01T11:31:36.190 0100|00|00|05|fa0001|542e0111ad[payload->]..||44,305
2025-08-01T11:31:36.190 0100|01|00|07|f701fe|542e010080f665[payload->]...e||26,102
2025-08-01T11:35:05.080 0100|00|00|05|fa0001|542e0111ad[payload->]..||44,305
2025-08-01T11:35:05.181 0100|01|00|07|f701fe|542e010080f665[payload->]...e||26,102
2025-08-01T11:45:04.414 0100|00|00|05|fa0001|542e0111ad[payload->]..||44,305
2025-08-01T11:45:04.515 0100|01|00|07|f701fe|542e010080f665[payload->]...e||26,102
2025-08-01T11:55:04.624 0100|00|00|05|fa0001|542e0111ad[payload->]..||44,305
2025-08-01T11:55:04.726 0100|01|00|07|f701fe|542e010080f665[payload->]...e||26,102
2025-08-01T12:05:04.440 0100|00|00|05|fa0001|542e0111ad[payload->]..||44,305
2025-08-01T12:05:04.541 0100|01|00|07|f701fe|542e010080f665[payload->]...e||26,102
2025-08-01T12:15:04.473 0100|00|00|05|fa0001|542e0111ad[payload->]..||44,305
2025-08-01T12:15:04.574 0100|01|00|07|f701fe|542e010080f665[payload->]...e||26,102
2025-08-01T12:25:05.214 0100|00|00|05|fa0001|542e0111ad[payload->]..||44,305
2025-08-01T12:25:05.315 0100|01|00|07|f701fe|542e010080f665[payload->]...e||26,102
2025-08-01T12:31:31.974 0100|00|00|05|fa0001|542e0111ad[payload->]..||44,305
2025-08-01T12:31:32.076 0100|01|00|07|f701fe|542e010080f665[payload->]...e||26,102
2025-08-01T12:35:05.245 0100|00|00|05|fa0001|542e0111ad[payload->]..||44,305
2025-08-01T12:35:05.346 0100|01|00|07|f701fe|542e010080f665[payload->]...e||26,102
2025-08-01T12:45:05.426 0100|00|00|05|fa0001|542e0111ad[payload->]..||44,305
2025-08-01T12:45:05.527 0100|01|00|07|f701fe|542e010080f665[payload->]...e||26,102
2025-08-01T12:55:05.267 0100|00|00|05|fa0001|542e0111ad[payload->]..||44,305
2025-08-01T12:55:05.267 0100|01|00|07|f701fe|542e010080f665[payload->]...e||26,102
2025-08-01T13:05:06.946 0100|00|00|05|fa0001|542e0111ad[payload->]..||44,305
2025-08-01T13:05:07.047 0100|01|40|07|f701fe|542e010080f665[payload->]...e||26,102
2025-08-01T13:15:06.606 0100|00|00|05|fa0001|542e0111ad[payload->]..||44,305
2025-08-01T13:15:06.707 0100|01|00|07|f701fe|542e010080f665[payload->]...e||26,102
2025-08-01T13:25:06.646 0100|00|00|05|fa0001|542e0111ad[payload->]..||44,305
2025-08-01T13:25:06.646 0100|01|00|07|f701fe|542e010080f665[payload->]...e||26,102
2025-08-01T13:31:32.112 0100|01|00|07|f701fe|542e010080f665[payload->]...e||26,102
2025-08-01T13:35:08.427 0100|00|00|05|fa0001|542e0111ad[payload->]..||44,305
2025-08-01T13:35:08.427 0100|01|00|07|f701fe|542e010080f665[payload->]...e||26,102
2025-08-01T13:45:08.533 0100|00|00|05|fa0001|542e0111ad[payload->]..||44,305
2025-08-01T13:45:08.534 0100|01|00|07|f701fe|542e010080f665[payload->]...e||26,102
2025-08-01T13:55:08.422 0100|00|00|05|fa0001|542e0111ad[payload->]..||44,305
2025-08-01T13:55:08.423 0100|01|00|07|f701fe|542e010080f665[payload->]...e||26,102
2025-08-01T14:05:09.238 0100|00|00|05|fa0001|542e0111ad[payload->]..||44,305
2025-08-01T14:05:09.238 0100|01|00|07|f701fe|542e010080f665[payload->]...e||26,102
2025-08-01T14:15:08.344 0100|00|00|05|fa0001|542e0111ad[payload->]..||44,305
2025-08-01T14:15:08.445 0100|01|00|07|f701fe|542e010080f665[payload->]...e||26,102
2025-08-01T14:25:09.632 0100|00|00|05|fa0001|542e0111ad[payload->]..||44,305
2025-08-01T14:25:09.632 0100|01|00|07|f701fe|542e010080f665[payload->]...e||26,102
2025-08-01T14:35:09.590 0100|00|00|05|fa0001|542e0111ad[payload->]..||44,305
2025-08-01T14:35:09.692 0100|01|00|07|f701fe|542e010080f665[payload->]...e||26,102
2025-08-01T14:45:09.521 0100|00|00|05|fa0001|542e0111ad[payload->]..||44,305
2025-08-01T14:45:09.622 0100|01|0a|07|f701fe|542e010080f665[payload->]...e||26,102
2025-08-01T14:55:09.699 0100|01|00|07|f701fe|542e010080f665[payload->]...e||26,102
2025-08-01T15:05:09.537 0100|00|00|05|fa0001|542e0111ad[payload->]..||44,305
2025-08-01T15:05:09.538 0100|01|00|07|f701fe|542e010080f665[payload->]...e||26,102
2025-08-01T15:15:09.473 0100|00|00|05|fa0001|542e0111ad[payload->]..||44,305
2025-08-01T15:15:09.575 0100|01|00|07|f701fe|542e010080f665[payload->]...e||26,102
2025-08-01T15:25:09.454 0100|00|00|05|fa0001|542e0111ad[payload->]..||44,305
2025-08-01T15:25:09.555 0100|01|00|07|f701fe|542e010080f665[payload->]...e||26,102
2025-08-01T15:31:32.013 0100|00|00|05|fa0001|542e0111ad[payload->]..||44,305
2025-08-01T15:31:32.114 0100|01|00|07|f701fe|542e010080f665[payload->]...e||26,102
2025-08-01T15:35:10.414 0100|00|00|05|fa0001|542e0111ad[payload->]..||44,305
2025-08-01T15:35:10.415 0100|01|00|07|f701fe|542e010080f665[payload->]...e||26,102
2025-08-01T15:55:10.344 0100|00|00|05|fa0001|542e0111ad[payload->]..||44,305
2025-08-01T15:55:10.445 0100|01|00|07|f701fe|542e010080f665[payload->]...e||26,102
2025-08-01T16:05:10.339 0100|00|00|05|fa0001|542e0111ad[payload->]..||44,305
2025-08-01T16:05:10.440 0100|01|00|07|f701fe|542e010080f665[payload->]...e||26,102
2025-08-01T16:15:10.387 0100|00|00|05|fa0001|542e0111ad[payload->]..||44,305
2025-08-01T16:15:10.387 0100|01|00|07|f701fe|542e010080f665[payload->]...e||26,102
2025-08-01T16:25:10.319 0100|00|00|05|fa0001|542e0111ad[payload->]..||44,305
2025-08-01T16:25:10.420 0100|01|00|07|f701fe|542e010080f665[payload->]...e||26,102
2025-08-01T16:31:32.701 0100|00|00|05|fa0001|542e0111ad[payload->]..||44,305
2025-08-01T16:35:10.546 0100|00|00|05|fa0001|542e0111ad[payload->]..||44,305
2025-08-01T16:35:10.546 0100|01|00|07|f701fe|542e010080f665[payload->]...e||26,102
2025-08-01T16:45:10.394 0100|00|00|05|fa0001|542e0111ad[payload->]..||44,305
2025-08-01T16:45:10.395 0100|01|00|07|f701fe|542e010080f665[payload->]...e||26,102
2025-08-01T16:55:10.395 0100|00|00|05|fa0001|542e0111ad[payload->]..||44,305
2025-08-01T16:55:10.496 0100|01|00|07|f701fe|542e010080f665[payload->]...e||26,102
2025-08-01T17:05:10.376 0100|00|00|05|fa0001|542e0111ad[payload->]..||44,305
2025-08-01T17:05:10.377 0100|01|00|07|f701fe|542e010080f665[payload->]...e||26,102
2025-08-01T17:15:10.408 0100|00|00|05|fa0001|542e0111ad[payload->]..||44,305
2025-08-01T17:15:10.510 0100|01|00|07|f701fe|542e010080f665[payload->]...e||26,102
2025-08-01T17:25:10.282 0100|00|00|05|fa0001|542e0111ad[payload->]..||44,305
2025-08-01T17:25:10.384 0100|01|00|07|f701fe|542e010080f665[payload->]...e||26,102
2025-08-01T17:31:32.149 0100|00|00|05|fa0001|542e0111ad[payload->]..||44,305
2025-08-01T17:31:32.250 0100|01|00|07|f701fe|542e010080f665[payload->]...e||26,102
2025-08-01T17:35:10.629 0100|00|00|05|fa0001|542e0111ad[payload->]..||44,305
2025-08-01T17:35:10.630 0100|01|00|07|f701fe|542e010080f665[payload->]...e||26,102
2025-08-01T17:45:10.600 0100|00|00|05|fa0001|542e0111ad[payload->]..||44,305
2025-08-01T17:45:10.600 0100|01|00|07|f701fe|542e010080f665[payload->]...e||26,102
2025-08-01T17:55:10.380 0100|00|00|05|fa0001|542e0111ad[payload->]..||44,305
2025-08-01T17:55:10.481 0100|01|00|07|f701fe|542e010080f665[payload->]...e||26,102
2025-08-01T18:05:10.342 0100|00|00|05|fa0001|542e0111ad[payload->]..||44,305
2025-08-01T18:05:10.443 0100|01|00|07|f701fe|542e010080f665[payload->]...e||26,102
2025-08-01T18:15:10.402 0100|00|00|05|fa0001|542e0111ad[payload->]..||44,305
2025-08-01T18:15:10.504 0100|01|00|07|f701fe|542e010080f665[payload->]...e||26,102
2025-08-01T18:25:10.381 0100|00|00|05|fa0001|542e0111ad[payload->]..||44,305
2025-08-01T18:25:10.483 0100|01|00|07|f701fe|542e010080f665[payload->]...e||26,102
2025-08-01T18:35:10.611 0100|00|00|05|fa0001|542e0111ad[payload->]..||44,305
2025-08-01T18:35:10.712 0100|01|00|07|f701fe|542e010080f665[payload->]...e||26,102
2025-08-01T18:45:10.376 0100|00|00|05|fa0001|542e0111ad[payload->]..||44,305
2025-08-01T18:45:10.477 0100|01|00|07|f701fe|542e010080f665[payload->]...e||26,102
2025-08-01T18:55:10.334 0100|00|00|05|fa0001|542e0111ad[payload->]..||44,305
2025-08-01T18:55:10.435 0100|01|00|07|f701fe|542e010080f665[payload->]...e||26,102
2025-08-01T19:05:10.588 0100|00|00|05|fa0001|542e0111ad[payload->]..||44,305
2025-08-01T19:05:10.588 0100|01|00|07|f701fe|542e010080f665[payload->]...e||26,102
2025-08-01T19:15:11.352 0100|00|00|05|fa0001|542e0111ad[payload->]..||44,305
2025-08-01T19:15:11.453 0100|01|00|07|f701fe|542e010080f665[payload->]...e||26,102
2025-08-01T19:25:11.404 0100|00|00|05|fa0001|542e0111ad[payload->]..||44,305
2025-08-01T19:25:11.405 0100|01|00|07|f701fe|542e010080f665[payload->]...e||26,102
2025-08-01T19:31:31.981 0100|00|00|05|fa0001|542e0111ad[payload->]..||44,305
2025-08-01T19:31:31.982 0100|01|00|07|f701fe|542e010080f665[payload->]...e||26,102
2025-08-01T19:35:11.446 0100|00|00|05|fa0001|542e0111ad[payload->]..||44,305
2025-08-01T19:35:11.446 0100|01|00|07|f701fe|542e010080f665[payload->]...e||26,102
2025-08-01T19:45:11.320 0100|00|00|05|fa0001|542e0111ad[payload->]..||44,305
2025-08-01T19:45:11.321 0100|01|00|07|f701fe|542e010080f665[payload->]...e||26,102
2025-08-01T19:55:12.228 0100|00|00|05|fa0001|542e0111ad[payload->]..||44,305
2025-08-01T19:55:12.329 0100|01|00|07|f701fe|542e010080f665[payload->]...e||26,102
2025-08-01T20:05:12.215 0100|00|00|05|fa0001|542e0111ad[payload->]..||44,305
2025-08-01T20:05:12.316 0100|01|00|07|f701fe|542e010080f665[payload->]...e||26,102
2025-08-01T20:15:13.339 0100|00|00|05|fa0001|542e0111ad[payload->]..||44,305
2025-08-01T20:15:13.340 0100|01|00|07|f701fe|542e010080f665[payload->]...e||26,102
2025-08-01T20:25:13.178 0100|00|00|05|fa0001|542e0111ad[payload->]..||44,305
2025-08-01T20:25:13.279 0100|01|00|07|f701fe|542e010080f665[payload->]...e||26,102
2025-08-01T20:35:13.407 0100|00|00|05|fa0001|542e0111ad[payload->]..||44,305
2025-08-01T20:35:13.508 0100|01|00|07|f701fe|542e010080f665[payload->]...e||26,102
2025-08-01T20:45:13.197 0100|00|00|05|fa0001|542e0111ad[payload->]..||44,305
2025-08-01T20:45:13.298 0100|01|00|07|f701fe|542e010080f665[payload->]...e||26,102
2025-08-01T20:55:14.207 0100|00|00|05|fa0001|542e0111ad[payload->]..||44,305
2025-08-01T20:55:14.308 0100|01|00|07|f701fe|542e010080f665[payload->]...e||26,102
2025-08-01T21:05:13.316 0100|00|00|05|fa0001|542e0111ad[payload->]..||44,305
2025-08-01T21:05:13.316 0100|01|00|07|f701fe|542e010080f665[payload->]...e||26,102
2025-08-01T21:12:51.810 0100|00|00|05|fa0001|542e0111ad[payload->]..||44,305
2025-08-01T21:12:51.810 0100|01|00|07|f701fe|542e010080f665[payload->]...e||26,102
2025-08-01T21:12:51.911 0100|00|00|05|fa0001|542e0111ad[payload->]..||44,305
2025-08-01T21:12:51.911 0100|01|00|07|f701fe|542e010080f665[payload->]...e||26,102
2025-08-01T21:15:13.304 0100|00|00|05|fa0001|542e0111ad[payload->]..||44,305
2025-08-01T21:15:13.304 0100|01|00|07|f701fe|542e010080f665[payload->]...e||26,102
2025-08-01T21:25:13.304 0100|00|00|05|fa0001|542e0111ad[payload->]..||44,305
2025-08-01T21:31:31.447 0100|00|00|05|fa0001|542e0111ad[payload->]..||44,305
2025-08-01T21:31:31.547 0100|01|00|07|f701fe|542e010080f665[payload->]...e||26,102
2025-08-01T21:35:13.216 0100|00|00|05|fa0001|542e0111ad[payload->]..||44,305
2025-08-01T21:35:13.317 0100|01|00|07|f701fe|542e010080f665[payload->]...e||26,102
2025-08-01T21:45:14.545 0100|00|00|05|fa0001|542e0111ad[payload->]..||44,305
2025-08-01T21:45:14.545 0100|01|00|07|f701fe|542e010080f665[payload->]...e||26,102
2025-08-01T21:55:14.484 0100|00|00|05|fa0001|542e0111ad[payload->]..||44,305
2025-08-01T21:55:14.485 0100|01|00|07|f701fe|542e010080f665[payload->]...e||26,102
2025-08-01T22:05:14.493 0100|00|00|05|fa0001|542e0111ad[payload->]..||44,305
2025-08-01T22:05:14.493 0100|01|00|07|f701fe|542e010080f665[payload->]...e||26,102
2025-08-01T22:15:14.463 0100|00|00|05|fa0001|542e0111ad[payload->]..||44,305
2025-08-01T22:15:14.564 0100|01|00|07|f701fe|542e010080f665[payload->]...e||26,102
2025-08-01T22:25:14.496 0100|00|00|05|fa0001|542e0111ad[payload->]..||44,305
2025-08-01T22:25:14.597 0100|01|00|07|f701fe|542e010080f665[payload->]...e||26,102
2025-08-01T22:31:31.641 0100|00|00|05|fa0001|542e0111ad[payload->]..||44,305
2025-08-01T22:31:31.641 0100|01|00|07|f701fe|542e010080f665[payload->]...e||26,102
2025-08-01T22:35:14.529 0100|00|00|05|fa0001|542e0111ad[payload->]..||44,305
2025-08-01T22:35:14.630 0100|01|00|07|f701fe|542e010080f665[payload->]...e||26,102
2025-08-01T22:45:14.572 0100|00|00|05|fa0001|542e0111ad[payload->]..||44,305
2025-08-01T22:45:14.673 0100|01|00|07|f701fe|542e010080f665[payload->]...e||26,102
2025-08-01T22:55:14.500 0100|00|00|05|fa0001|542e0111ad[payload->]..||44,305
2025-08-01T22:55:14.501 0100|01|00|07|f701fe|542e010080f665[payload->]...e||26,102
2025-08-01T23:05:14.525 0100|00|00|05|fa0001|542e0111ad[payload->]..||44,305
2025-08-01T23:05:14.525 0100|01|00|07|f701fe|542e010080f665[payload->]...e||26,102
2025-08-01T23:15:14.573 0100|00|00|05|fa0001|542e0111ad[payload->]..||44,305
2025-08-01T23:15:14.674 0100|01|00|07|f701fe|542e010080f665[payload->]...e||26,102
2025-08-01T23:25:14.488 0100|00|00|05|fa0001|542e0111ad[payload->]..||44,305
2025-08-01T23:25:14.589 0100|01|00|07|f701fe|542e010080f665[payload->]...e||26,102
2025-08-01T23:35:14.514 0100|00|00|05|fa0001|542e0111ad[payload->]..||44,305
2025-08-01T23:35:14.615 0100|01|00|07|f701fe|542e010080f665[payload->]...e||26,102
2025-08-01T23:45:14.823 0100|00|00|05|fa0001|542e0111ad[payload->]..||44,305
2025-08-01T23:45:14.925 0100|01|00|07|f701fe|542e010080f665[payload->]...e||26,102
2025-08-01T23:55:14.514 0100|00|00|05|fa0001|542e0111ad[payload->]..||44,305
2025-08-01T23:55:14.515 0100|01|00|07|f701fe|542e010080f665[payload->]...e||26,102
2025-08-02T00:05:14.434 0100|00|00|05|fa0001|542e0111ad[payload->]..||44,305
2025-08-02T00:05:14.536 0100|09|0a|0f|f701fe|542e010080f6650100000005fa0001[payload->]...e........||0,256
2025-08-02T00:15:14.329 0100|00|00|05|fa0001|542e0111ad[payload->]..||44,305
2025-08-02T00:15:14.430 0100|01|08|0f|ff01fe|542e010080f6650100000005fa0001[payload->]...e........||0,256
2025-08-02T00:25:14.564 0100|00|00|05|fa0001|542e0111ad[payload->]..||44,305
2025-08-02T00:25:14.665 0100|01|00|07|f701fe|542e010080f665[payload->]...e||26,102
2025-08-02T00:31:32.799 0100|00|00|05|fa0001|542e0111ad[payload->]..||44,305
2025-08-02T00:31:32.901 0100|01|00|07|f701fe|542e010080f665[payload->]...e||26,102
2025-08-02T00:35:14.414 0100|00|00|05|fa0001|542e0111ad[payload->]..||44,305
2025-08-02T00:35:14.415 0100|05|80|07|f701fe|542e010080f665[payload->]...e||26,102
2025-08-02T00:45:14.504 0100|00|00|05|fa0001|542e0111ad[payload->]..||44,305
2025-08-02T00:45:14.504 0100|01|00|07|f701fe|542e010080f665[payload->]...e||26,102
2025-08-02T01:05:14.365 0100|00|00|05|fa0001|542e0111ad[payload->]..||44,305
2025-08-02T01:05:14.365 0100|01|00|07|ff01fe|542e010080f665[payload->]...e||26,102
2025-08-02T01:15:14.333 0100|00|00|05|fa0001|542e0111ad[payload->]..||44,305
2025-08-02T01:15:14.737 0100|01|40|47|f703fe|542e010080f6650100000005fa0001200201cbf1010001000bf301fe200201ae8da802453b1e8d0100000005fa000150aa00104e0100010006f801fe50aa0000e1b70100000005[payload->]...e........ ............ ......E;..........P...N........P..........||1,280
2025-08-02T01:25:14.351 0100|00|00|05|fa0001|542e0111ad[payload->]..||44,305
2025-08-02T01:31:31.560 0100|00|00|05|fa0001|542e0111ad[payload->]..||44,305
2025-08-02T01:31:31.560 0100|03|02|07|f701fe|542e010080f665[payload->]...e||26,102
2025-08-02T01:35:14.357 0100|00|00|05|fa0001|542e0111ad[payload->]..||44,305
2025-08-02T01:35:14.459 0100|01|00|07|f701fe|542e010080f665[payload->]...e||26,102
2025-08-02T01:55:14.603 0100|00|00|05|fa0001|542e0111ad[payload->]..||44,305
2025-08-02T01:55:14.603 0100|01|00|07|f701fe|542e010080f665[payload->]...e||26,102
2025-08-02T02:15:14.396 0100|00|00|05|fa0001|542e0111ad[payload->]..||44,305
2025-08-02T02:15:14.396 0100|01|00|07|f701fe|542e010080f665[payload->]...e||26,102
2025-08-02T02:25:14.374 0100|00|00|05|fa0001|542e0111ad[payload->]..||44,305
2025-08-02T02:25:14.374 0100|01|00|07|f709fe|542e010080f665[payload->]...e||26,102
2025-08-02T02:31:31.650 0100|00|00|05|fa0001|542e0111ad[payload->]..||44,305
2025-08-02T02:31:31.650 0100|01|00|07|f701fe|542e010080f665[payload->]...e||26,102
2025-08-02T02:35:14.353 0100|00|00|05|fa0001|542e0111ad[payload->]..||44,305
2025-08-02T02:35:14.555 0100|01|04|27|f701fe|542e010080f6650100000005fa0001200201cbf1410001000bf301fe200201aa8da802453b1e8d[payload->]...e........ ....A....... ......E;..||36,126
2025-08-02T02:45:14.434 0100|00|00|05|fa0001|542e0111ad[payload->]..||44,305
2025-08-02T02:45:14.535 0100|01|00|07|f701fe|542e010080f665[payload->]...e||26,102
2025-08-02T02:55:15.083 0100|00|00|05|fa0001|542e0111ad[payload->]..||44,305
2025-08-02T02:55:15.184 0100|01|00|07|f701fe|542e010080f665[payload->]...e||26,102
2025-08-02T03:05:14.401 0100|00|00|05|fa0001|542e0111ad[payload->]..||44,305
2025-08-02T03:05:14.401 0100|01|00|07|f701fe|542e010080f665[payload->]...e||26,102
2025-08-02T03:15:14.790 0100|00|00|05|fa0001|542e0111ad[payload->]..||44,305
2025-08-02T03:15:14.891 0100|01|00|07|f701fe|542e010080f665[payload->]...e||26,102
2025-08-02T03:25:15.429 0100|00|00|05|fa0001|542e0111ad[payload->]..||44,305
2025-08-02T03:25:15.430 0100|01|00|07|f701fe|542e010080f665[payload->]...e||26,102
2025-08-02T03:35:14.361 0100|00|00|05|fa0001|542e0111ad[payload->]..||44,305
2025-08-02T03:35:14.462 0100|01|00|07|f701fe|542e010080f665[payload->]...e||26,102
2025-08-02T03:55:14.381 0100|00|00|05|fa0001|542e0111ad[payload->]..||44,305
2025-08-02T03:55:14.382 0100|01|00|07|f701fe|542e010080f665[payload->]...e||26,102
2025-08-02T04:15:14.400 0100|00|00|05|fa0001|542e0111ad[payload->]..||44,305
2025-08-02T04:15:14.400 0100|01|00|07|f701fe|542e010080f665[payload->]...e||26,102
2025-08-02T04:25:14.366 0100|00|00|05|fa0001|542e0111ad[payload->]..||44,305
2025-08-02T04:25:14.467 0100|01|00|07|f701fe|542e010080f665[payload->]...e||26,102
2025-08-02T04:31:31.688 0100|00|00|05|fa0001|542e0111ad[payload->]..||44,305
2025-08-02T04:31:31.789 0100|01|00|07|f701fe|542e010080f665[payload->]...e||26,102
2025-08-02T04:35:14.390 0100|00|00|05|fa0001|542e0111ad[payload->]..||44,305
2025-08-02T04:35:14.491 0100|01|00|07|f701fe|542e010080f665[payload->]...e||26,102
2025-08-02T04:45:14.379 0100|00|00|05|fa0001|542e0111ad[payload->]..||44,305
2025-08-02T04:45:14.480 0100|01|00|07|f701fe|542e010080f665[payload->]...e||26,102
2025-08-02T04:55:14.430 0100|00|00|05|fa0001|542e0111ad[payload->]..||44,305
2025-08-02T04:55:14.531 0100|01|00|07|f701fe|542e010080f665[payload->]...e||26,102
2025-08-02T05:05:14.358 0100|00|00|05|fa0001|542e0111ad[payload->]..||44,305
2025-08-02T05:05:14.459 0100|01|00|07|f701fe|542e010080f665[payload->]...e||26,102
2025-08-02T05:15:14.368 0100|00|00|05|fa0001|542e0111ad[payload->]..||44,305
2025-08-02T05:15:14.469 0100|01|00|07|f701fe|542e010080f665[payload->]...e||26,102
2025-08-02T05:25:14.339 0100|00|00|05|fa0001|542e0111ad[payload->]..||44,305
2025-08-02T05:25:14.440 0100|01|00|07|f701fe|542e010080f665[payload->]...e||26,102
2025-08-02T05:35:14.337 0100|00|00|05|fa0001|542e0111ad[payload->]..||44,305
2025-08-02T05:35:14.337 0100|01|00|07|f701fe|542e0100c0f665[payload->]...e||26,102
2025-08-02T05:45:16.518 0100|00|00|05|fa0001|542e0111ad[payload->]..||44,305
2025-08-02T05:45:16.619 0100|01|00|07|f701fe|542e010080f665[payload->]...e||26,102
2025-08-02T05:55:15.277 0100|00|00|05|fa0001|542e0111ad[payload->]..||44,305
2025-08-02T05:55:15.278 0100|01|00|07|f701fe|542e010080f665[payload->]...e||26,102
2025-08-02T06:05:15.206 0100|00|00|05|fa0001|542e0111ad[payload->]..||44,305
2025-08-02T06:05:15.307 0100|01|00|07|f701fe|542e010080f665[payload->]...e||26,102
2025-08-02T06:15:15.241 0100|00|00|05|fa0001|542e0111ad[payload->]..||44,305
2025-08-02T06:15:15.342 0100|01|00|07|f701fe|542e010080f665[payload->]...e||26,102
2025-08-02T06:25:15.240 0100|00|00|05|fa0001|542e0111ad[payload->]..||44,305
2025-08-02T06:25:15.341 0100|01|00|07|f701fe|542e010080f665[payload->]...e||26,102
2025-08-02T06:31:32.562 0100|00|00|05|fa0001|542e0111ad[payload->]..||44,305
2025-08-02T06:31:32.562 0100|01|00|07|f701fe|542e010080f665[payload->]...e||26,102
2025-08-02T06:35:15.301 0100|00|00|05|fa0001|542e0111ad[payload->]..||44,305
2025-08-02T06:35:15.402 0100|01|00|07|f701fe|542e010080f665[payload->]...e||26,102
2025-08-02T06:45:15.223 0100|00|00|05|fa0001|542e0111ad[payload->]..||44,305
2025-08-02T06:45:15.325 0100|01|00|07|f701fe|542e010080f665[payload->]...e||26,102
2025-08-02T06:55:15.294 0100|00|00|05|fa0001|542e0111ad[payload->]..||44,305
2025-08-02T06:55:15.294 0100|01|00|07|f701fe|542e010080f665[payload->]...e||26,102
2025-08-02T07:05:15.326 0100|00|00|05|fa0001|542e0111ad[payload->]..||44,305
2025-08-02T07:05:15.427 0100|01|00|07|f701fe|542e010080f665[payload->]...e||26,102
2025-08-02T07:15:15.257 0100|00|00|05|fa0001|542e0111ad[payload->]..||44,305
2025-08-02T07:15:15.358 0100|01|00|07|f701fe|542e010080f665[payload->]...e||26,102
2025-08-02T07:25:15.271 0100|00|00|05|fa0001|542e0111ad[payload->]..||44,305
2025-08-02T07:25:15.372 0100|01|00|07|f701fe|542e010080f665[payload->]...e||26,102
2025-08-02T07:31:31.302 0100|00|00|05|fa0001|542e0111ad[payload->]..||44,305
2025-08-02T07:31:31.303 0100|01|00|07|f701fe|542e010080f665[payload->]...e||26,102
2025-08-02T07:35:15.234 0100|00|00|05|fa0001|542e0111ad[payload->]..||44,305
2025-08-02T07:35:15.336 0100|01|00|07|f701fe|542e010080f665[payload->]...e||26,102
2025-08-02T07:45:16.343 0100|00|00|05|fa0001|542e0111ad[payload->]..||44,305
2025-08-02T07:45:16.444 0100|01|00|07|f701fe|542e010080f665[payload->]...e||26,102
2025-08-02T07:55:16.391 0100|00|00|05|fa0001|542e0111ad[payload->]..||44,305
2025-08-02T07:55:16.392 0100|01|00|07|f701fe|542e010080f665[payload->]...e||26,102
2025-08-02T08:05:16.317 0100|00|00|05|fa0001|542e0111ad[payload->]..||44,305
2025-08-02T08:05:16.418 0100|01|00|07|f701fe|542e010080f665[payload->]...e||26,102
2025-08-02T08:15:16.339 0100|00|00|05|fa0001|542e0111ad[payload->]..||44,305
2025-08-02T08:25:16.400 0100|00|00|05|fa0001|542e0111ad[payload->]..||44,305
2025-08-02T08:35:16.909 0100|00|00|05|fa0001|542e0111ad[payload->]..||44,305
2025-08-02T08:35:17.010 0100|01|00|07|f701fe|542e010080f665[payload->]...e||26,102
2025-08-02T08:45:16.399 0100|00|00|05|fa0001|542e0111ad[payload->]..||44,305
2025-08-02T08:45:16.500 0100|01|00|07|f701fe|542e010080f665[payload->]...e||26,102
2025-08-02T08:55:17.259 0100|00|00|05|fa0001|542e0111ad[payload->]..||44,305
2025-08-02T08:55:17.360 0100|01|00|07|f701fe|542e010080f665[payload->]...e||26,102
2025-08-02T09:05:16.366 0100|00|00|05|fa0001|542e0111ad[payload->]..||44,305
2025-08-02T09:05:16.467 0100|01|00|07|f701fe|542e010080f665[payload->]...e||26,102
2025-08-02T09:15:16.372 0100|00|00|05|fa0001|542e0111ad[payload->]..||44,305
2025-08-02T09:15:16.372 0100|01|00|07|f701fe|542e010080f665[payload->]...e||26,102
2025-08-02T09:25:16.439 0100|00|00|05|fa0001|542e0111ad[payload->]..||44,305
2025-08-02T09:25:16.439 0100|01|00|07|f701fe|542e010080f665[payload->]...e||26,102
2025-08-02T09:35:16.406 0100|00|00|05|fa0001|542e0111ad[payload->]..||44,305
2025-08-02T09:35:16.811 0100|00|00|05|fa0001|542e0111ad[payload->]..||44,305
2025-08-02T09:35:16.811 0100|01|00|07|f701fe|542e010080f665[payload->]...e||26,102
2025-08-02T09:45:16.406 0100|00|00|05|fa0001|542e0111ad[payload->]..||44,305
2025-08-02T09:45:16.507 0100|01|00|07|f701fe|542e010080f665[payload->]...e||26,102
2025-08-02T09:55:16.504 0100|00|00|05|fa0001|542e0111ad[payload->]..||44,305
2025-08-02T09:55:16.505 0100|01|00|07|f701fe|542e010080f665[payload->]...e||26,102
2025-08-02T10:05:17.241 0100|00|00|05|fa0001|542e0111ad[payload->]..||44,305
2025-08-02T10:05:17.342 0100|01|00|07|f701fe|542e010080f665[payload->]...e||26,102
2025-08-02T10:15:17.281 0100|00|00|05|fa0001|542e0111ad[payload->]..||44,305
2025-08-02T10:15:17.382 0100|01|00|07|f701fe|542e010080f665[payload->]...e||26,102
2025-08-02T10:25:17.269 0100|00|00|05|fa0001|542e0111ad[payload->]..||44,305
2025-08-02T10:25:17.269 0100|01|00|07|f701fe|542e010080f665[payload->]...e||26,102
2025-08-02T10:31:33.832 0100|01|00|07|f701fe|542e010080f665[payload->]...e||26,102
2025-08-02T10:35:17.263 0100|00|00|05|fa0001|542e0111ad[payload->]..||44,305
2025-08-02T10:35:17.263 0100|01|00|07|f701fe|542e010080f665[payload->]...e||26,102
2025-08-02T10:45:17.271 0100|00|00|05|fa0001|542e0111ad[payload->]..||44,305
2025-08-02T10:45:17.372 0100|01|00|07|f701fe|542e010080f665[payload->]...e||26,102
2025-08-02T11:05:17.269 0100|00|00|05|fa0001|542e0111ad[payload->]..||44,305
2025-08-02T11:05:17.370 0100|01|00|07|f701fe|542e010080f665[payload->]...e||26,102
2025-08-02T11:15:17.300 0100|00|00|05|fa0001|542e0111ad[payload->]..||44,305
2025-08-02T11:15:17.300 0100|01|00|07|f701fe|542e010080f665[payload->]...e||26,102
2025-08-02T11:25:17.258 0100|00|00|05|fa0001|542e0111ad[payload->]..||44,305
2025-08-02T11:31:31.536 0100|00|00|05|fa0001|542e0111ad[payload->]..||44,305
2025-08-02T11:31:31.637 0100|01|00|07|f701fe|542e010080f665[payload->]...e||26,102
2025-08-02T11:35:17.232 0100|00|00|05|fa0001|542e0111ad[payload->]..||44,305
2025-08-02T11:35:17.333 0100|01|00|07|f701fe|542e010080f665[payload->]...e||26,102
2025-08-02T11:45:18.653 0100|00|00|05|fa0001|542e0111ad[payload->]..||44,305
2025-08-02T11:45:18.653 0100|01|00|07|f701fe|542e010080f665[payload->]...e||26,102
2025-08-02T11:55:17.290 0100|00|00|05|fa0001|542e0111ad[payload->]..||44,305
2025-08-02T11:55:17.391 0100|01|00|07|f701fe|542e010080f665[payload->]...e||26,102
2025-08-02T12:05:18.094 0100|00|00|05|fa0001|542e0111ad[payload->]..||44,305
2025-08-02T12:05:18.195 0100|01|00|07|f701fe|542e010080f665[payload->]...e||26,102
2025-08-02T12:15:18.126 0100|00|00|05|fa0001|542e0111ad[payload->]..||44,305
2025-08-02T12:15:18.227 0100|01|00|07|f701fe|542e010080f665[payload->]...e||26,102
2025-08-02T12:25:18.136 0100|00|00|05|fa0001|542e0111ad[payload->]..||44,305
2025-08-02T12:25:18.237 0100|01|00|07|f701fe|542e010080f665[payload->]...e||26,102
2025-08-02T12:31:32.881 0100|00|00|05|fa0001|542e0111ad[payload->]..||44,305
2025-08-02T12:31:32.982 0100|01|00|07|f701fe|542e010080f665[payload->]...e||26,102
2025-08-02T12:35:19.132 0100|00|00|05|fa0001|542e0111ad[payload->]..||44,305
2025-08-02T12:35:19.133 0100|01|00|07|f701fe|542e010080f665[payload->]...e||26,102
2025-08-02T12:45:19.153 0100|00|00|05|fa0001|542e0111ad[payload->]..||44,305
2025-08-02T12:45:19.254 0100|09|00|0f|f701fe|542e010080f6650100000005fa0001[payload->]...e........||0,256
2025-08-02T12:55:19.125 0100|00|00|05|fa0001|542e0111ad[payload->]..||44,305
2025-08-02T13:05:20.983 0100|00|00|05|fa0001|542e0111ad[payload->]..||44,305
2025-08-02T13:05:20.983 0100|01|00|07|ff09fe|542e010082f665[payload->]...e||26,102
2025-08-02T13:15:21.293 0100|00|00|05|fa0001|542e0111ad[payload->]..||44,305
2025-08-02T13:15:21.294 0100|01|00|07|f701fe|542e010080f665[payload->]...e||26,102
2025-08-02T13:25:22.385 0100|00|00|05|fa0001|542e0111ad[payload->]..||44,305
2025-08-02T13:25:22.486 0100|01|00|07|f701fe|542e010080f665[payload->]...e||26,102
2025-08-02T13:35:22.403 0100|00|00|05|fa0001|542e0111ad[payload->]..||44,305
2025-08-02T13:45:22.418 0100|00|00|05|fa0001|542e0111ad[payload->]..||44,305
2025-08-02T13:45:22.418 0100|03|00|07|f701fe|542e010080f665[payload->]...e||26,102
2025-08-02T13:55:22.363 0100|00|00|05|fa0001|542e0111ad[payload->]..||44,305
2025-08-02T13:55:22.464 0100|01|00|07|f700fe|542e010080f665[payload->]...e||26,102
2025-08-02T14:05:22.420 0100|00|00|05|fa0001|542e0111ad[payload->]..||44,305
2025-08-02T14:05:22.521 0100|01|00|07|f701fe|542e010080f665[payload->]...e||26,102
2025-08-02T14:15:23.158 0100|00|00|05|fa0001|542e0111ad[payload->]..||44,305
2025-08-02T14:15:23.159 0100|01|00|07|f701fe|542e010080f665[payload->]...e||26,102
2025-08-02T14:25:22.376 0100|00|00|05|fa0001|542e0111ad[payload->]..||44,305
2025-08-02T14:25:22.477 0100|09|00|07|f701fe|542e010080f665[payload->]...e||26,102
2025-08-02T14:35:22.492 0100|00|00|05|fa0001|542e0111ad[payload->]..||44,305
2025-08-02T14:35:22.593 0100|01|00|07|f701fe|542e010080f665[payload->]...e||26,102
2025-08-02T14:45:22.406 0100|00|00|05|fa0001|542e0111ad[payload->]..||44,305
2025-08-02T14:45:22.508 0100|01|00|07|f701fe|542e010080f665[payload->]...e||26,102
2025-08-02T14:55:22.606 0100|00|00|05|fa0001|542e0111ad[payload->]..||44,305
2025-08-02T14:55:22.606 0100|01|00|07|f701fe|542e010080f665[payload->]...e||26,102
2025-08-02T15:05:23.703 0100|00|00|05|fa0001|542e0111ad[payload->]..||44,305
2025-08-02T15:05:23.804 0100|01|00|07|f701fe|542e010080f665[payload->]...e||26,102
2025-08-02T15:15:22.327 0100|00|00|05|fa0001|542e0111ad[payload->]..||44,305
2025-08-02T15:15:22.428 0100|01|00|07|f701fe|542e010080f665[payload->]...e||26,102
2025-08-02T15:25:22.341 0100|00|00|05|fa0001|542e0111ad[payload->]..||44,305
2025-08-02T15:25:22.443 0100|01|00|07|f701fe|542e010080f665[payload->]...e||26,102
2025-08-02T15:35:22.340 0100|00|00|05|fa0001|542e0111ad[payload->]..||44,305
2025-08-02T15:45:22.519 0100|00|00|05|fa0001|542e0111ad[payload->]..||44,305
2025-08-02T15:45:22.520 0100|01|00|07|f701fe|542e010080f665[payload->]...e||26,102
2025-08-02T15:55:22.548 0100|00|00|05|fa0001|542e0111ad[payload->]..||44,305
2025-08-02T15:55:22.549 0100|01|00|07|f701fe|542e010080f665[payload->]...e||26,102
2025-08-02T16:05:22.357 0100|00|00|05|fa0001|542e0111ad[payload->]..||44,305
2025-08-02T16:05:22.458 0100|01|00|07|f701fe|542e010080f665[payload->]...e||26,102
2025-08-02T16:15:22.411 0100|00|00|05|fa0001|542e0111ad[payload->]..||44,305
2025-08-02T16:15:22.511 0100|01|00|07|f701fe|542e010080f665[payload->]...e||26,102
2025-08-02T16:25:22.331 0100|00|00|05|fa0001|542e0111ad[payload->]..||44,305
2025-08-02T16:25:22.432 0100|01|00|07|f701fe|542e010080f665[payload->]...e||26,102
2025-08-02T16:35:22.622 0100|01|00|07|f701fe|542e010080f665[payload->]...e||26,102
2025-08-02T16:45:22.431 0100|00|00|05|fa0001|542e0111ad[payload->]..||44,305
2025-08-02T16:45:22.432 0100|01|00|07|f701fe|542e010080f665[payload->]...e||26,102
2025-08-02T16:55:22.355 0100|00|00|05|fa0001|542e0111ad[payload->]..||44,305
2025-08-02T16:55:22.456 0100|01|00|07|f701fe|542e010080f665[payload->]...e||26,102
2025-08-02T17:05:22.367 0100|00|00|05|fa0001|542e0111ad[payload->]..||44,305
2025-08-02T17:05:22.468 0100|01|00|07|f701fe|542e010080f665[payload->]...e||26,102
2025-08-02T17:15:22.587 0100|00|00|05|fa0001|542e0111ad[payload->]..||44,305
2025-08-02T17:15:22.587 0100|01|00|07|f701fe|542e010080f665[payload->]...e||26,102
2025-08-02T17:25:23.403 0100|00|00|05|fa0001|542e0111ad[payload->]..||44,305
2025-08-02T17:45:22.411 0100|00|00|05|fa0001|542e0111ad[payload->]..||44,305
2025-08-02T17:45:22.512 0100|01|00|07|f701fe|542e010080f665[payload->]...e||26,102
2025-08-02T17:55:22.328 0100|00|00|05|fa0001|542e0111ad[payload->]..||44,305
2025-08-02T17:55:22.429 0100|01|00|07|f701fe|542e010080f665[payload->]...e||26,102
2025-08-02T18:05:22.356 0100|00|00|05|fa0001|542e0111ad[payload->]..||44,305
2025-08-02T18:05:22.457 0100|01|00|07|f701fe|542e010080f665[payload->]...e||26,102
2025-08-02T18:15:22.431 0100|00|00|05|fa0001|542e0111ad[payload->]..||44,305
2025-08-02T18:15:22.532 0100|01|00|07|f701fe|542e010080f665[payload->]...e||26,102
2025-08-02T18:25:22.403 0100|00|00|05|fa0001|542e0111ad[payload->]..||44,305
2025-08-02T18:25:22.504 0100|01|00|07|f701fe|542e010080f665[payload->]...e||26,102
2025-08-02T18:31:32.476 0100|00|00|05|fa0001|542e0111ad[payload->]..||44,305
2025-08-02T18:31:32.476 0100|01|00|07|f701fe|542e010080f665[payload->]...e||26,102
2025-08-02T18:35:22.460 0100|00|00|05|fa0001|542e0111ad[payload->]..||44,305
2025-08-02T18:35:22.461 0100|01|00|07|f701fe|542e010080f665[payload->]...e||26,102
2025-08-02T18:45:22.450 0100|00|00|05|fa0001|542e0111ad[payload->]..||44,305
2025-08-02T18:45:22.450 0100|01|00|07|f701fe|542e010080f665[payload->]...e||26,102
2025-08-02T18:55:22.432 0100|00|00|05|fa0001|542e0111ad[payload->]..||44,305
2025-08-02T18:55:22.533 0100|01|00|07|f701fe|542e010080f665[payload->]...e||26,102
2025-08-02T19:15:22.482 0100|00|00|05|fa0001|542e0111ad[payload->]..||44,305
2025-08-02T19:25:23.416 0100|00|00|05|fa0001|542e0111ad[payload->]..||44,305
2025-08-02T19:25:23.517 0100|01|00|07|f701fe|542e010080f665[payload->]...e||26,102
2025-08-02T19:35:23.863 0100|00|00|05|fa0001|542e0111ad[payload->]..||44,305
2025-08-02T19:35:23.965 0100|01|00|07|f701fe|542e010080f665[payload->]...e||26,102
2025-08-02T19:45:23.348 0100|00|00|05|fa0001|542e0111ad[payload->]..||44,305
2025-08-02T19:45:23.449 0100|01|00|07|f701fe|542e010080f665[payload->]...e||26,102
2025-08-02T19:55:24.407 0100|00|00|05|fa0001|542e0111ad[payload->]..||44,305
2025-08-02T19:55:24.508 0100|01|00|07|f701fe|542e010080f665[payload->]...e||26,102
2025-08-02T20:05:25.180 0100|00|00|05|fa0001|542e0111ad[payload->]..||44,305
2025-08-02T20:05:25.281 0100|01|00|07|f701fe|542e010080f665[payload->]...e||26,102
2025-08-02T20:25:25.916 0100|00|00|05|fa0001|542e0111ad[payload->]..||44,305
2025-08-02T20:25:26.017 0100|01|00|07|f701fe|542e010080f665[payload->]...e||26,102
2025-08-02T20:35:27.009 0100|00|00|05|fa0001|542e0111ad[payload->]..||44,305
2025-08-02T20:35:27.010 0100|01|02|07|f709fe|542e010080f665[payload->]...e||26,102
2025-08-02T20:45:26.074 0100|01|00|07|f701fe|542e010080f665[payload->]...e||26,102
2025-08-02T20:55:25.836 0100|00|00|05|fa0001|542e0111ad[payload->]..||44,305
2025-08-02T20:55:25.938 0100|01|00|07|f701fe|542e010080f665[payload->]...e||26,102
2025-08-02T21:05:26.291 0100|00|00|05|fa0001|542e0111ad[payload->]..||44,305
2025-08-02T21:05:26.392 0100|01|00|07|f701fe|542e010080f665[payload->]...e||26,102
2025-08-02T21:15:26.019 0100|00|00|05|fa0001|542e0111ad[payload->]..||44,305
2025-08-02T21:25:26.096 0100|00|00|05|fa0001|542e0111ad[payload->]..||44,305
2025-08-02T21:25:26.197 0100|01|00|07|f701fe|542e010080f665[payload->]...e||26,102
2025-08-02T21:35:26.233 0100|00|00|05|fa0001|542e0111ad[payload->]..||44,305
2025-08-02T21:35:26.334 0100|03|0a|07|f701fe|542e010080f665[payload->]...e||26,102
2025-08-02T21:45:26.072 0100|00|00|05|fa0001|542e0111ad[payload->]..||44,305
2025-08-02T21:45:26.072 0100|01|00|07|f701fe|542e010080f665[payload->]...e||26,102
2025-08-02T21:55:25.976 0100|00|00|05|fa0001|542e0111ad[payload->]..||44,305
2025-08-02T21:55:26.077 0100|01|02|07|f701fe|542e010080f665[payload->]...e||26,102
2025-08-02T22:05:26.437 0100|00|00|05|fa0001|542e0111ad[payload->]..||44,305
2025-08-02T22:05:26.538 0100|01|00|07|f701fe|542e010080f665[payload->]...e||26,102
2025-08-02T22:15:25.963 0100|00|00|05|fa0001|542e0111ad[payload->]..||44,305
2025-08-02T22:15:25.964 0100|01|00|07|f701fe|542e010080f665[payload->]...e||26,102
2025-08-02T22:25:25.824 0100|00|00|05|fa0001|542e0111ad[payload->]..||44,305
2025-08-02T22:25:25.925 0100|01|00|07|f701fe|542e010080f665[payload->]...e||26,102
2025-08-02T22:35:26.523 0100|00|00|05|fa0001|542e0111ad[payload->]..||44,305
2025-08-02T22:35:26.624 0100|01|00|07|f701fe|542e010080f665[payload->]...e||26,102
2025-08-02T22:45:26.161 0100|00|00|05|fa0001|542e0111ad[payload->]..||44,305
2025-08-02T22:45:26.161 0100|01|00|07|f701fe|542e010080f665[payload->]...e||26,102
2025-08-02T22:55:25.803 0100|00|00|05|fa0001|542e0111ad[payload->]..||44,305
2025-08-02T22:55:25.804 0100|01|00|07|f701fe|542e010080f665[payload->]...e||26,102
2025-08-02T23:05:26.898 0100|00|00|05|fa0001|542e0111ad[payload->]..||44,305
2025-08-02T23:15:26.037 0100|00|00|05|fa0001|542e0111ad[payload->]..||44,305
2025-08-02T23:15:26.138 0100|01|00|07|f701fe|542e010080f665[payload->]...e||26,102
2025-08-02T23:25:27.626 0100|00|00|05|fa0001|542e0111ad[payload->]..||44,305
2025-08-02T23:25:27.727 0100|01|00|07|f701fe|542e010080f665[payload->]...e||26,102
2025-08-02T23:31:31.607 0100|00|00|05|fa0001|542e0111ad[payload->]..||44,305
2025-08-02T23:31:31.708 0100|01|00|07|f701fe|542e010080f665[payload->]...e||26,102
2025-08-02T23:45:27.416 0100|00|00|05|fa0001|542e0111ad[payload->]..||44,305
2025-08-02T23:45:27.518 0100|01|00|07|f701fe|542e010080f665[payload->]...e||26,102
2025-08-02T23:55:27.466 0100|00|00|05|fa0001|542e0111ad[payload->]..||44,305
2025-08-02T23:55:27.467 0100|01|00|07|f701fe|542e010080f665[payload->]...e||26,102
2025-08-03T00:15:27.636 0100|00|00|05|fa0001|542e0111ad[payload->]..||44,305
2025-08-03T00:15:27.838 0100|01|00|07|f701fe|542e010080f665[payload->]...e||26,102
2025-08-03T00:25:27.833 0100|00|00|05|fa0001|542e0111ad[payload->]..||44,305
2025-08-03T00:25:27.934 0100|01|00|0f|f701fe|542e010080f665ffffffffffff0100[payload->]...e........||0,001
2025-08-03T00:31:32.999 0100|00|00|05|fa0001|542e0111ad[payload->]..||44,305
2025-08-03T00:31:33.100 0100|01|00|07|f701fe|542e010080f665[payload->]...e||26,102
2025-08-03T00:45:28.046 0100|00|00|05|fa0001|542e0111ad[payload->]..||44,305
2025-08-03T00:45:28.147 0100|01|00|07|f701fe|542e010080f665[payload->]...e||26,102
2025-08-03T00:55:27.745 0100|00|00|05|fa0001|542e0111ad[payload->]..||44,305
2025-08-03T00:55:27.846 0100|01|00|07|f701fe|542e010080f665[payload->]...e||26,102
2025-08-03T01:05:30.142 0100|00|00|05|fa0001|542e0111ad[payload->]..||44,305
2025-08-03T01:15:30.689 0100|00|00|05|fa0001|542e0111ad[payload->]..||44,305
2025-08-03T01:15:30.891 0100|01|00|17|f701fe|542e010080f6650100000005fa000320020173f0010001[payload->]...e........ ..s....||0,256
2025-08-03T01:25:30.619 0100|00|00|05|fa0001|542e0111ad[payload->]..||44,305
2025-08-03T01:25:30.620 0100|01|00|07|f701fe|542e010080f665[payload->]...e||26,102
2025-08-03T01:35:31.079 0100|00|00|05|fa0001|542e0111ad[payload->]..||44,305
2025-08-03T01:45:30.859 0100|00|00|05|fa0001|542e0111ad[payload->]..||44,305
2025-08-03T01:45:30.960 0100|01|00|07|f701fe|542e010080f665[payload->]...e||26,102
2025-08-03T01:55:31.974 0100|00|00|05|fa0001|542e0111ad[payload->]..||44,305
2025-08-03T02:05:31.382 0100|00|00|05|fa0001|542e0111ad[payload->]..||44,305
2025-08-03T02:05:31.483 0100|01|00|07|f701fe|542e010080f665[payload->]...e||26,102
2025-08-03T02:15:31.044 0100|00|00|05|fa0001|542e0111ad[payload->]..||44,305
2025-08-03T02:15:31.246 0100|01|00|07|f701fe|542e010080f665[payload->]...e||26,102
2025-08-03T02:25:31.151 0100|00|00|05|fa0001|542e0111ad[payload->]..||44,305
2025-08-03T02:25:31.252 0100|01|00|07|f701fe|542e010080f665[payload->]...e||26,102
2025-08-03T02:35:32.328 0100|00|00|05|fa0001|542e0111ad[payload->]..||44,305
2025-08-03T02:35:32.429 0100|01|00|07|f701fe|542e010080f665[payload->]...e||26,102
2025-08-03T02:45:33.047 0100|00|00|05|fa0001|542e0111ad[payload->]..||44,305
2025-08-03T02:45:33.148 0100|01|00|07|f701fe|542e010080f665[payload->]...e||26,102
2025-08-03T02:55:32.126 0100|00|00|05|fa0001|542e0111ad[payload->]..||44,305
2025-08-03T02:55:32.227 0100|01|00|07|f701fe|542e010080f665[payload->]...e||26,102
2025-08-03T03:05:32.145 0100|00|00|05|fa0001|542e0111ad[payload->]..||44,305
2025-08-03T03:05:32.247 0100|01|00|07|f701fe|542e010080f665[payload->]...e||26,102
2025-08-03T03:15:31.179 0100|00|00|05|fa0001|542e0111ad[payload->]..||44,305
2025-08-03T03:15:31.280 0100|01|00|07|f701fe|542e010080f665[payload->]...e||26,102
2025-08-03T03:25:31.360 0100|00|00|05|fa0001|542e0111ad[payload->]..||44,305
2025-08-03T03:25:31.361 0100|01|00|07|f701fe|542e010080f665[payload->]...e||26,102
2025-08-03T03:35:32.018 0100|00|00|05|fa0001|542e0111ad[payload->]..||44,305
2025-08-03T03:35:32.019 0100|01|00|07|f701fe|542e010080f665[payload->]...e||26,102
2025-08-03T03:45:31.266 0100|00|00|05|fa0001|542e0111ad[payload->]..||44,305
2025-08-03T03:45:31.367 0100|01|00|07|f701fe|542e010080f665[payload->]...e||26,102
2025-08-03T03:55:31.233 0100|00|00|05|fa0001|542e0111ad[payload->]..||44,305
2025-08-03T03:55:31.233 0100|01|00|07|f701fe|542e010080f665[payload->]...e||26,102
2025-08-03T04:05:32.002 0100|00|00|05|fa0001|542e0111ad[payload->]..||44,305
2025-08-03T04:05:32.003 0100|01|00|07|f701fe|542e010080f665[payload->]...e||26,102
2025-08-03T04:15:31.450 0100|00|00|05|fa0001|542e0111ad[payload->]..||44,305
2025-08-03T04:15:31.451 0100|01|00|07|f701fe|542e010080f665[payload->]...e||26,102
2025-08-03T04:25:31.364 0100|00|00|05|fa0001|542e0111ad[payload->]..||44,305
2025-08-03T04:25:31.465 0100|01|00|07|f701fe|542e010080f665[payload->]...e||26,102
2025-08-03T04:35:31.870 0100|00|00|05|fa0001|542e0111ad[payload->]..||44,305
2025-08-03T04:35:31.971 0100|01|00|07|f701fe|542e010080f665[payload->]...e||26,102
2025-08-03T04:55:31.390 0100|00|00|05|fa0001|542e0111ad[payload->]..||44,305
2025-08-03T04:55:31.391 0100|01|00|07|f701fe|542e010080f665[payload->]...e||26,102
2025-08-03T05:05:32.778 0100|00|00|05|fa0001|542e0111ad[payload->]..||44,305
2025-08-03T05:05:32.879 0100|01|00|07|f701fe|542e010080f665[payload->]...e||26,102
2025-08-03T05:15:31.356 0100|00|00|05|fa0001|542e0111ad[payload->]..||44,305
2025-08-03T05:15:31.356 0100|01|00|07|f701fe|542e010080f665[payload->]...e||26,102
2025-08-03T05:25:31.917 0100|00|00|05|fa0001|542e0111ad[payload->]..||44,305
2025-08-03T05:25:32.019 0100|01|00|07|f701fe|542e010080f665[payload->]...e||26,102
2025-08-03T05:31:32.445 0100|00|00|05|fa0001|542e0111ad[payload->]..||44,305
2025-08-03T05:31:32.546 0100|01|00|07|f701fe|542e010080f665[payload->]...e||26,102
2025-08-03T05:35:32.104 0100|00|00|05|fa0001|542e0111ad[payload->]..||44,305
2025-08-03T05:35:32.206 0100|01|00|07|f701fe|542e010080f665[payload->]...e||26,102
2025-08-03T05:45:31.781 0100|00|00|05|fa0001|542e0111ad[payload->]..||44,305
2025-08-03T05:45:31.882 0100|01|00|07|f701fe|542e010080f665[payload->]...e||26,102
2025-08-03T05:55:31.518 0100|00|00|05|fa0001|542e0111ad[payload->]..||44,305
2025-08-03T05:55:31.719 0100|01|00|07|f701fe|542e010080f665[payload->]...e||26,102
2025-08-03T06:05:32.121 0100|00|00|05|fa0001|542e0111ad[payload->]..||44,305
2025-08-03T06:05:32.222 0100|01|00|07|f701fe|542e010080f665[payload->]...e||26,102
2025-08-03T06:15:31.651 0100|00|00|05|fa0001|542e0111ad[payload->]..||44,305
2025-08-03T06:15:31.752 0100|01|00|07|f701fe|542e010080f665[payload->]...e||26,102
2025-08-03T06:25:31.233 0100|00|00|05|fa0001|542e0111ad[payload->]..||44,305
2025-08-03T06:25:31.334 0100|01|00|07|f701fe|542e010080f665[payload->]...e||26,102
2025-08-03T06:31:32.908 0100|00|00|05|fa0001|542e0111ad[payload->]..||44,305
2025-08-03T06:31:33.009 0100|01|00|07|f701fe|542e010080f665[payload->]...e||26,102
2025-08-03T06:35:32.623 0100|00|00|05|fa0001|542e0111ad[payload->]..||44,305
2025-08-03T06:35:32.724 0100|01|00|07|f701fe|542e010080f665[payload->]...e||26,102
2025-08-03T06:45:31.381 0100|00|00|05|fa0001|542e0111ad[payload->]..||44,305
2025-08-03T06:45:31.382 0100|01|00|07|f701fe|542e010080f665[payload->]...e||26,102
2025-08-03T06:55:31.376 0100|00|00|05|fa0001|542e0111ad[payload->]..||44,305
2025-08-03T06:55:31.376 0100|01|00|07|f701fe|542e010080f665[payload->]...e||26,102
2025-08-03T07:05:32.213 0100|00|00|05|fa0001|542e0111ad[payload->]..||44,305
2025-08-03T07:05:32.314 0100|01|00|07|f701fe|542e010080f665[payload->]...e||26,102
2025-08-03T07:15:31.374 0100|00|00|05|fa0001|542e0111ad[payload->]..||44,305
2025-08-03T07:15:31.375 0100|01|00|07|f701fe|542e010080f665[payload->]...e||26,102
2025-08-03T07:25:31.327 0100|00|00|05|fa0001|542e0111ad[payload->]..||44,305
2025-08-03T07:25:31.328 0100|01|00|07|f701fe|542e010080f665[payload->]...e||26,102
2025-08-03T07:31:32.603 0100|00|00|05|fa0001|542e0111ad[payload->]..||44,305
2025-08-03T07:31:32.603 0100|01|00|07|f701fe|542e010080f665[payload->]...e||26,102
2025-08-03T07:35:32.522 0100|00|00|05|fa0001|542e0111ad[payload->]..||44,305
2025-08-03T07:45:32.321 0100|00|00|05|fa0001|542e0111ad[payload->]..||44,305
2025-08-03T07:45:32.322 0100|01|00|07|f701fe|542e010080f665[payload->]...e||26,102
2025-08-03T07:55:32.907 0100|00|00|05|fa0001|542e0111ad[payload->]..||44,305
2025-08-03T07:55:33.008 0100|01|00|07|f701fe|542e010080f661[payload->]...a||25,078
2025-08-03T08:05:32.339 0100|00|00|05|fa0001|542e0111ad[payload->]..||44,305
2025-08-03T08:05:32.441 0100|01|00|07|f701fe|542e010080f665[payload->]...e||26,102
2025-08-03T08:25:32.296 0100|00|00|05|fa0001|542e0111ad[payload->]..||44,305
2025-08-03T08:25:32.397 0100|01|00|07|f701fe|542e010080f665[payload->]...e||26,102
2025-08-03T08:35:33.453 0100|00|00|05|fa0001|542e0111ad[payload->]..||44,305
2025-08-03T08:35:33.554 0100|01|00|07|f701fe|542e010080f665[payload->]...e||26,102
2025-08-03T08:45:33.393 0100|00|00|05|fa0001|542e0111ad[payload->]..||44,305
2025-08-03T08:45:33.494 0100|01|00|07|f701fe|542e010080f665[payload->]...e||26,102
2025-08-03T08:55:33.624 0100|00|00|05|fa0001|542e0111ad[payload->]..||44,305
2025-08-03T08:55:33.825 0100|01|00|07|f701fe|542e010080f665[payload->]...e||26,102
2025-08-03T09:05:33.721 0100|00|00|05|fa0001|542e0111ad[payload->]..||44,305
2025-08-03T09:05:33.822 0100|01|00|07|f701fe|542e010080f665[payload->]...e||26,102
2025-08-03T09:15:33.485 0100|00|00|05|fa0001|542e0111ad[payload->]..||44,305
2025-08-03T09:15:33.586 0100|41|00|07|f701fe|542e010080f665[payload->]...e||26,102
2025-08-03T09:25:33.418 0100|00|00|05|fa0001|542e0111ad[payload->]..||44,305
2025-08-03T09:25:33.620 0100|01|00|07|f701fe|542e010080f665[payload->]...e||26,102
2025-08-03T09:35:33.834 0100|00|00|05|fa0001|542e0111ad[payload->]..||44,305
2025-08-03T09:35:33.935 0100|01|00|07|f701fe|542e010080f665[payload->]...e||26,102
2025-08-03T09:45:33.369 0100|00|00|05|fa0001|542e0111ad[payload->]..||44,305
2025-08-03T09:45:33.470 0100|01|00|07|f701fe|542e010080f665[payload->]...e||26,102
2025-08-03T09:55:33.373 0100|00|00|05|fa0001|542e0111ad[payload->]..||44,305
2025-08-03T09:55:33.474 0100|01|00|07|f701fe|542e010080f665[payload->]...e||26,102
2025-08-03T10:05:33.365 0100|00|00|05|fa0001|542e0111ad[payload->]..||44,305
2025-08-03T10:05:33.366 0100|01|00|07|f701fe|542e010080f665[payload->]...e||26,102
2025-08-03T10:15:33.371 0100|00|00|05|fa0001|542e0111ad[payload->]..||44,305
2025-08-03T10:15:33.472 0100|01|00|07|f701fe|542e010080f665[payload->]...e||26,102
2025-08-03T10:25:33.420 0100|00|00|05|fa0001|542e0111ad[payload->]..||44,305
2025-08-03T10:25:33.420 0100|01|00|07|f701fe|542e010080f665[payload->]...e||26,102
2025-08-03T10:31:31.826 0100|00|00|05|fa0001|542e0111ad[payload->]..||44,305
2025-08-03T10:31:31.927 0100|01|00|07|f701fe|542e010080f665[payload->]...e||26,102
2025-08-03T10:35:33.420 0100|00|00|05|fa0001|542e0111ad[payload->]..||44,305
2025-08-03T10:45:34.014 0100|00|00|05|fa0001|542e0111ad[payload->]..||44,305
2025-08-03T10:45:34.014 0100|01|00|07|f701fe|542e010080f665[payload->]...e||26,102
2025-08-03T10:55:33.383 0100|00|00|05|fa0001|542e0111ad[payload->]..||44,305
2025-08-03T11:05:33.490 0100|00|00|05|fa0001|542e0111ad[payload->]..||44,305
2025-08-03T11:05:33.591 0100|01|00|07|f701fe|542e010080f665[payload->]...e||26,102
2025-08-03T11:15:33.360 0100|00|00|05|fa0001|542e0111ad[payload->]..||44,305
2025-08-03T11:15:33.461 0100|01|00|07|f701fe|542e010080f665[payload->]...e||26,102
2025-08-03T11:25:33.467 0100|00|00|05|fa0001|542e0111ad[payload->]..||44,305
2025-08-03T11:31:31.729 0100|00|00|05|fa0001|542e0111ad[payload->]..||44,305
2025-08-03T11:31:31.730 0100|01|00|07|f701fe|542e010080f665[payload->]...e||26,102
2025-08-03T11:35:33.361 0100|00|00|05|fa0001|542e0111ad[payload->]..||44,305
2025-08-03T11:35:33.462 0100|01|00|07|f701fe|542e010080f665[payload->]...e||26,102
2025-08-03T11:45:34.160 0100|00|00|05|fa0001|542e0111ad[payload->]..||44,305
2025-08-03T11:45:34.261 0100|01|00|07|f701fe|542e010080f665[payload->]...e||26,102
2025-08-03T11:55:34.208 0100|00|00|05|fa0001|542e0111ad[payload->]..||44,305
2025-08-03T11:55:34.309 0100|01|00|07|f701fe|542e010080f665[payload->]...e||26,102
2025-08-03T12:05:34.200 0100|00|00|05|fa0001|542e0111ad[payload->]..||44,305
2025-08-03T12:05:34.301 0100|01|00|07|f701fe|542e010080f665[payload->]...e||26,102
2025-08-03T12:15:34.161 0100|00|00|05|fa0001|542e0111ad[payload->]..||44,305
2025-08-03T12:15:34.262 0100|01|00|07|f701fe|542e010080f665[payload->]...e||26,102
2025-08-03T12:25:34.240 0100|00|00|05|fa0001|542e0111ad[payload->]..||44,305
2025-08-03T12:25:34.241 0100|01|00|07|f701fe|542e010080f665[payload->]...e||26,102
2025-08-03T12:31:31.799 0100|01|00|07|f701fe|542e010080f665[payload->]...e||26,102
2025-08-03T12:35:34.251 0100|00|00|05|fa0001|542e0111ad[payload->]..||44,305
2025-08-03T12:35:34.353 0100|01|00|07|f701fe|542e010080f665[payload->]...e||26,102
2025-08-03T12:45:34.165 0100|00|00|05|fa0001|542e0111ad[payload->]..||44,305
2025-08-03T12:45:34.266 0100|01|00|07|f701fe|542e010080f665[payload->]...e||26,102
2025-08-03T12:55:34.300 0100|00|00|05|fa0001|542e0111ad[payload->]..||44,305
2025-08-03T12:55:34.300 0100|01|00|07|f701fe|542e010080f665[payload->]...e||26,102
2025-08-03T13:05:34.386 0100|00|00|05|fa0001|542e0111ad[payload->]..||44,305
2025-08-03T13:05:34.488 0100|01|00|07|f701fe|542e010080f665[payload->]...e||26,102
2025-08-03T13:15:34.224 0100|00|00|05|fa0001|542e0111ad[payload->]..||44,305
2025-08-03T13:15:34.225 0100|01|00|07|f701fe|542e010080f665[payload->]...e||26,102
2025-08-03T13:25:34.172 0100|00|00|05|fa0001|542e0111ad[payload->]..||44,305
2025-08-03T13:25:34.273 0100|01|00|07|f701fe|542e010080f665[payload->]...e||26,102
2025-08-03T13:35:34.314 0100|01|00|07|f701fe|542e010080f665[payload->]...e||26,102
2025-08-03T13:45:34.282 0100|00|00|05|fa0001|542e0111ad[payload->]..||44,305
2025-08-03T13:45:34.383 0100|01|00|07|f701fe|542e010080f665[payload->]...e||26,102
2025-08-03T13:55:34.192 0100|00|00|05|fa0001|542e0111ad[payload->]..||44,305
2025-08-03T13:55:34.293 0100|01|00|07|f701fe|542e010080f665[payload->]...e||26,102
2025-08-03T14:05:34.302 0100|00|00|05|fa0001|542e0111ad[payload->]..||44,305
2025-08-03T14:05:34.303 0100|01|00|07|f701fe|542e010080f665[payload->]...e||26,102
2025-08-03T14:15:35.872 0100|00|00|05|fa0001|542e0105fa[payload->]..||64,005
2025-08-03T14:25:34.257 0100|00|00|05|fa0001|542e0111ad[payload->]..||44,305
2025-08-03T14:25:34.358 0100|01|00|07|f701fe|542e010080f665[payload->]...e||26,102
2025-08-03T14:35:34.271 0100|00|00|05|fa0001|542e0111ad[payload->]..||44,305
2025-08-03T14:35:34.271 0100|01|00|07|f701fe|542e010080f665[payload->]...e||26,102
2025-08-03T14:45:34.385 0100|00|00|05|fa0001|542e0111ad[payload->]..||44,305
2025-08-03T14:45:34.385 0100|01|00|07|f701fe|542e010080f665[payload->]...e||26,102
2025-08-03T14:55:34.163 0100|00|00|05|fa0001|542e0111ad[payload->]..||44,305
2025-08-03T14:55:34.264 0100|01|00|07|f701fe|542e010080f665[payload->]...e||26,102
2025-08-03T15:05:34.246 0100|00|00|05|fa0001|542e0111ad[payload->]..||44,305
2025-08-03T15:05:34.347 0100|01|00|07|f701fe|542e010080f665[payload->]...e||26,102
2025-08-03T15:15:34.193 0100|00|00|05|fa0001|542e0111ad[payload->]..||44,305
2025-08-03T15:15:34.294 0100|01|00|07|f701fe|542e010080f665[payload->]...e||26,102
2025-08-03T15:25:34.232 0100|00|00|05|fa0001|542e0111ad[payload->]..||44,305
2025-08-03T15:25:34.333 0100|01|00|07|f701fe|542e010080f665[payload->]...e||26,102
2025-08-03T15:35:34.276 0100|00|00|05|fa0001|542e0111ad[payload->]..||44,305
2025-08-03T15:35:34.377 0100|01|00|07|f701fe|542e010080f665[payload->]...e||26,102
2025-08-03T15:45:34.231 0100|00|00|05|fa0001|542e0111ad[payload->]..||44,305
2025-08-03T15:45:34.232 0100|01|00|07|f701fe|542e010080f665[payload->]...e||26,102
2025-08-03T15:55:34.185 0100|00|00|05|fa0001|542e0111ad[payload->]..||44,305
2025-08-03T15:55:34.287 0100|01|00|07|f701fe|542e010080f665[payload->]...e||26,102
2025-08-03T16:05:34.284 0100|00|00|05|fa0001|542e0111ad[payload->]..||44,305
2025-08-03T16:05:34.284 0100|01|00|07|f701fe|542e010080f665[payload->]...e||26,102
2025-08-03T16:15:34.206 0100|00|00|05|fa0001|542e0111ad[payload->]..||44,305
2025-08-03T16:15:34.308 0100|01|00|07|f701fe|542e010080f665[payload->]...e||26,102
2025-08-03T16:25:34.241 0100|00|00|05|fa0001|542e0111ad[payload->]..||44,305
2025-08-03T16:25:34.242 0100|01|00|07|f701fe|542e010080f665[payload->]...e||26,102
2025-08-03T16:31:31.926 0100|00|00|05|fa0001|542e0111ad[payload->]..||44,305
2025-08-03T16:31:32.027 0100|01|00|07|f701fe|542e010080f665[payload->]...e||26,102
2025-08-03T16:35:37.014 0100|00|00|05|fa0001|542e0111ad[payload->]..||44,305
2025-08-03T16:35:37.115 0100|01|00|07|f701fe|542e010080f665[payload->]...e||26,102
2025-08-03T16:45:37.362 0100|00|00|05|fa0001|542e0111ad[payload->]..||44,305
2025-08-03T16:45:37.362 0100|01|00|07|f701fe|542e010080f665[payload->]...e||26,102
2025-08-03T17:15:36.987 0100|00|00|05|fa0001|542e0111ad[payload->]..||44,305
2025-08-03T17:15:37.088 0100|01|00|07|f701fe|542e010080f665[payload->]...e||26,102
2025-08-03T17:25:37.405 0100|00|00|05|fa0001|542e0111ad[payload->]..||44,305
2025-08-03T17:25:37.405 0100|01|00|07|f701fe|542e010080f665[payload->]...e||26,102
2025-08-03T17:35:37.117 0100|00|00|05|fa0001|542e0111ad[payload->]..||44,305
2025-08-03T17:35:37.218 0100|01|00|07|f701fe|542e010080f665[payload->]...e||26,102
2025-08-03T17:45:37.485 0100|00|00|05|fa0001|542e0111ad[payload->]..||44,305
2025-08-03T17:45:37.586 0100|01|00|07|f701fe|542e010080f665[payload->]...e||26,102
2025-08-03T17:55:37.343 0100|00|00|05|fa0001|542e0111ad[payload->]..||44,305
2025-08-03T17:55:37.445 0100|01|00|07|f701fe|542e010080f665[payload->]...e||26,102
2025-08-03T18:05:38.112 0100|00|00|05|fa0001|542e0111ad[payload->]..||44,305
2025-08-03T18:05:38.214 0100|01|00|07|f701fe|542e010080f665[payload->]...e||26,102
