2025-07-30T20:31:29.484 0100|00|00|05|fa0001|343e01cfa0[payload->]..||41,167
2025-07-30T20:31:29.586 0100|01|00|18|e601fe|343e0102c81024a00084ffffffffffffffffffffffffe9c4[payload->]...$.................||50,409
2025-07-30T20:35:03.432 0100|00|00|05|fa0001|343e01cfa0[payload->]..||41,167
2025-07-30T20:35:03.734 0100|01|00|18|e601fe|343e0102c81024a00084ffffffffffffffffffffffffe9c4[payload->]...$.................||50,409
2025-07-30T21:05:04.563 0100|00|00|05|fa0001|343e01cfa0[payload->]..||41,167
2025-07-30T21:05:04.765 0100|01|00|18|e601fe|343e0102c81024a00084ffffffffffffffffffffffffe9c4[payload->]...$.................||50,409
2025-07-30T21:35:04.785 0100|00|00|05|fa0001|343e01cfa0[payload->]..||41,167
2025-07-30T21:35:04.986 0100|01|02|18|e601fe|343e0102c81024a00084ffffffffffffffffffffffffe9c4[payload->]...$.................||50,409
2025-07-30T22:05:05.527 0100|00|00|05|fa0001|343e01cfa0[payload->]..||41,167
2025-07-30T22:05:05.628 0100|01|00|18|e601fe|343e0102c81024a00084ffffffffffffffffffffffffe9c4[payload->]...$.................||50,409
2025-07-30T22:31:29.257 0100|00|00|05|fa0001|343e01cfa0[payload->]..||41,167
2025-07-30T22:31:29.357 0100|01|00|18|e601fe|343e0102c81024a00084ffffffffffffffffffffffffe9c4[payload->]...$.................||50,409
2025-07-30T22:35:04.488 0100|00|00|05|fa0001|343e01cfa0[payload->]..||41,167
2025-07-30T22:35:04.690 0100|01|00|18|e601fe|343e0102c81024a00084ffffffffffffffffffffffffe9c4[payload->]...$.................||50,409
2025-07-30T23:05:04.701 0100|00|00|05|fa0001|343e01cfa0[payload->]..||41,167
2025-07-30T23:05:04.802 0100|01|00|18|e601fe|343e0102c81024a00084ffffffffffffffffffffffffe9c4[payload->]...$.................||50,409
2025-07-30T23:31:29.059 0100|00|00|05|fa0001|343e01cfa0[payload->]..||41,167
2025-07-30T23:31:29.261 0100|01|00|18|e601fe|343e0102c81024a00084ffffffffffffffffffffffffe9c4[payload->]...$.................||50,409
2025-07-30T23:35:04.568 0100|00|00|05|fa0001|343e01cfa0[payload->]..||41,167
2025-07-30T23:35:04.669 0100|01|00|18|e601fe|343e0102c81024a00084ffffffffffffffffffffffffe9c4[payload->]...$.................||50,409
2025-07-31T00:05:04.780 0100|00|00|05|fa0001|343e01cfa0[payload->]..||41,167
2025-07-31T00:05:04.881 0100|01|00|18|e601fe|343e0102c81024a00084ffffffffffffffffffffffffe9c4[payload->]...$.................||50,409
2025-07-31T01:05:04.610 0100|00|00|05|fa0001|343e01cfa0[payload->]..||41,167
2025-07-31T01:05:04.711 0100|01|00|18|e601fe|343e0102c81024a00084ffffffffffffffffffffffffe9c4[payload->]...$.................||50,409
2025-07-31T01:35:04.680 0100|00|00|05|fa0001|343e01cfa0[payload->]..||41,167
2025-07-31T01:35:04.882 0100|01|00|18|e601fe|343e0102c81024a00084ffffffffffffffffffffffffe9c4[payload->]...$.................||50,409
2025-07-31T02:05:05.781 0100|00|00|05|fa0001|343e01cfa0[payload->]..||41,167
2025-07-31T02:35:05.997 0100|00|00|05|fa0001|343e01cfa0[payload->]..||41,167
2025-07-31T02:35:06.199 0100|01|00|18|e601fe|343e0102c81024a00084ffffffffffffffffffffffffe1c4[payload->]...$.................||50,401
2025-07-31T03:05:05.947 0100|00|00|05|fa0001|343e01cfa0[payload->]..||41,167
2025-07-31T03:05:06.149 0100|01|00|18|e601fe|343e0102c81024a00084ffffffffffffffffffffffffe9c4[payload->]...$.................||50,409
2025-07-31T03:35:05.997 0100|00|00|05|fa0001|343e01cfa0[payload->]..||41,167
2025-07-31T03:35:06.199 0100|01|00|18|e601fe|343e0102c81024a00084ffffffffffffffffffffffffe9c4[payload->]...$.................||50,409
2025-07-31T04:05:06.182 0100|00|00|05|fa0001|343e01cfa0[payload->]..||41,167
2025-07-31T04:05:06.283 0100|01|00|18|e601fe|343e0102c81024a00084fbffffffffffffffffffffffe9c4[payload->]...$.................||50,409
2025-07-31T04:35:07.229 0100|00|00|05|fa0001|343e01cfa0[payload->]..||41,167
2025-07-31T04:35:07.431 0100|01|00|18|e601fe|343e0102c81024a00084ffffffffffffffffffffffffe9c4[payload->]...$.................||50,409
2025-07-31T05:35:07.823 0100|00|00|05|fa0001|343e01cfa0[payload->]..||41,167
2025-07-31T05:35:08.024 0100|01|00|18|e601fe|343e0102c81024a00084ffffffffffffffffffffffffe9c4[payload->]...$.................||50,409
2025-07-31T06:05:07.826 0100|00|00|05|fa0001|343e01cfa0[payload->]..||41,167
2025-07-31T06:05:08.028 0100|01|00|18|e601fe|343e0102c81024a00084ffffffffffffffffffffffffe9c4[payload->]...$.................||50,409
2025-07-31T06:31:28.529 0100|00|00|05|fa0001|343e01cfa0[payload->]..||41,167
2025-07-31T06:31:28.631 0100|01|00|18|e601fe|343e0102c81024a00084ffffff7fffffffffffffffffe9c4[payload->]...$.................||50,409
2025-07-31T06:35:10.108 0100|00|00|05|fa0001|343e01cfa0[payload->]..||41,167
2025-07-31T06:35:10.309 0100|03|02|18|e601fe|343e0102c81024a00084ffffffffffffffffffffffffe9c4[payload->]...$.................||50,409
2025-07-31T07:05:10.092 0100|00|00|05|fa0001|343e01cfa0[payload->]..||41,167
2025-07-31T07:05:10.294 0100|01|00|18|e601fe|343e0102c81024a00084ffffffffffffffffffffffffe9c4[payload->]...$.................||50,409
2025-07-31T07:35:10.146 0100|00|00|05|fa0001|343e01cfa0[payload->]..||41,167
2025-07-31T07:35:10.247 0100|01|00|18|e601fe|343e0102c81424a00084ffffffffffffffffffffffffe9c4[payload->]...$.................||50,409
2025-07-31T08:05:10.066 0100|00|00|05|fa0001|343e01cfa0[payload->]..||41,167
2025-07-31T08:05:10.167 0100|01|00|18|e601fe|343e0182c81024a00084ffffffffffffffffffffffffe9c4[payload->]...$.................||50,409
2025-07-31T08:35:10.148 0100|00|00|05|fa0001|343e01cfa0[payload->]..||41,167
2025-07-31T08:35:10.249 0100|01|00|18|e601fe|343e0102c81024a00084ffffffffffffffffffffffffe9c4[payload->]...$.................||50,409
2025-07-31T09:05:10.080 0100|00|00|05|fa0001|343e01cfa0[payload->]..||41,167
2025-07-31T09:05:10.181 0100|01|00|18|e601fe|343e0102c81024a00084ffffffffffffffffffffffffe9c4[payload->]...$.................||50,409
2025-07-31T09:35:10.031 0100|00|00|05|fa0001|343e01cfa0[payload->]..||41,167
2025-07-31T09:35:10.233 0100|01|00|18|e601fe|343e0102c81024a00084ffffffffffffffffffffffffe9c4[payload->]...$.................||50,409
2025-07-31T10:05:10.160 0100|00|00|05|fa0001|343e01cfa0[payload->]..||41,167
2025-07-31T10:05:10.261 0100|01|00|18|e601fe|343e0102c81024a00084ffffffffffffffffffffffffe9c4[payload->]...$.................||50,409
2025-07-31T10:35:11.878 0100|00|00|05|fa0001|343e01cfa0[payload->]..||41,167
2025-07-31T10:35:11.979 0100|01|00|18|e601fe|343e0102c81024a00084ffffffffffffffffffffffffe9c4[payload->]...$.................||50,409
2025-07-31T11:05:11.726 0100|00|00|05|fa0001|343e01cfa0[payload->]..||41,167
2025-07-31T11:05:11.928 0100|01|00|18|e601fe|343e0102c81024a00084ffffffffffffffffffffffffe9c4[payload->]...$.................||50,409
2025-07-31T11:35:11.823 0100|00|00|05|fa0001|343e01cfa0[payload->]..||41,167
2025-07-31T11:35:11.924 0100|01|00|18|e601fe|343e0102c81024a00084ffffffffffffffffffffffffe9c4[payload->]...$.................||50,409
2025-07-31T12:05:12.900 0100|00|00|05|fa0001|343e01cfa0[payload->]..||41,167
2025-07-31T12:05:13.002 0100|01|00|18|e601fe|343e0102c81024a00084ffffffffffffffffffffffffe9c4[payload->]...$.................||50,409
2025-07-31T12:31:33.753 0100|01|00|18|e601fe|343e0102c81024a00084ffffffffffffffffffffffffe9c4[payload->]...$.................||50,409
2025-07-31T12:35:12.745 0100|00|00|05|fa0001|343e01cfa0[payload->]..||41,167
2025-07-31T12:35:12.846 0100|01|00|18|e601fe|343e0102c81024a00084ffffffffffffffffffffffffe9c4[payload->]...$.................||50,409
2025-07-31T13:05:13.111 0100|00|00|05|fa0001|343e01cfa0[payload->]..||41,167
2025-07-31T13:05:13.313 0100|01|00|18|e601fe|343e0102c81024a00084ffffffffffffffffffffffffe9c4[payload->]...$.................||50,409
2025-07-31T13:31:29.554 0100|01|00|18|e601fe|343e0102c81024a00084ffffffffffffffffffffffffe9c4[payload->]...$.................||50,409
2025-07-31T13:35:14.481 0100|00|00|05|fa0001|343e01cfa0[payload->]..||41,167
2025-07-31T14:05:15.063 0100|00|00|05|fa0001|343e01cfa0[payload->]..||41,167
2025-07-31T14:05:15.164 0100|01|00|18|e601fe|343e0102c81024a00084ffffffffffffffffffffffffe9c4[payload->]...$.................||50,409
2025-07-31T14:35:14.858 0100|00|00|05|fa0001|343e01cfa0[payload->]..||41,167
2025-07-31T14:35:15.060 0100|01|00|18|e601fe|343e0102c81024a00084ffffffffffffffffffffffffe9c4[payload->]...$.................||50,409
2025-07-31T15:05:16.426 0100|00|00|05|fa0001|343e01cfa0[payload->]..||41,167
2025-07-31T15:05:16.528 0100|01|00|18|e601fe|343e0102c81024a00084ffffffffffffffffffffffffe9c4[payload->]...$.................||50,409
2025-07-31T15:31:28.682 0100|00|00|05|fa0001|343e01cfa0[payload->]..||41,167
2025-07-31T15:31:28.884 0100|01|00|18|e601fe|343e0102c81024a00084ffffffffffffffffffffffffe9c4[payload->]...$.................||50,409
2025-07-31T15:35:18.170 0100|00|00|05|fa0001|343e01cfa0[payload->]..||41,167
2025-07-31T15:35:18.271 0100|01|00|18|e601fe|343e0102c81024a00084ffffffffffffffffffffffffe9c4[payload->]...$.................||50,409
2025-07-31T16:05:18.115 0100|00|00|05|fa0001|343e01cfa0[payload->]..||41,167
2025-07-31T16:05:18.217 0100|01|00|18|e601fe|343e0102c81024a00084ffffffffffffffffffffffffe9c4[payload->]...$.................||50,409
2025-07-31T16:35:18.147 0100|00|00|05|fa0001|343e01cfa0[payload->]..||41,167
2025-07-31T16:35:18.249 0100|01|00|18|e601fe|343e0102c81024a00084ffffffffffffffffffffffffe9c4[payload->]...$.................||50,409
2025-07-31T17:35:19.408 0100|00|00|05|fa0001|343e01cfa0[payload->]..||41,167
2025-07-31T17:35:19.610 0100|01|00|18|e601fe|343e0102c81024a00084ffffffffffffffffffffffffe9c4[payload->]...$.................||50,409
2025-07-31T18:05:19.376 0100|00|00|05|fa0001|343e01cfa0[payload->]..||41,167
2025-07-31T18:05:19.477 0100|01|00|18|e601fe|343e0102c81024a00084ffffffffffffffffffffffffe9c4[payload->]...$.................||50,409
2025-07-31T18:35:20.198 0100|00|00|05|fa0001|343e01cfa0[payload->]..||41,167
2025-07-31T18:35:20.299 0100|01|00|18|e601fe|343e0102c81024a00084ffffffffffffffffffffffffe9c4[payload->]...$.................||50,409
2025-07-31T19:05:21.093 0100|00|00|05|fa0001|343e01cfa0[payload->]..||41,167
2025-07-31T19:05:21.194 0100|01|00|18|e601fe|343e0102c81024a00084ffffffffffffffffffffffffe9c4[payload->]...$.................||50,409
2025-07-31T19:35:21.137 0100|00|00|05|fa0001|343e01cfa0[payload->]..||41,167
2025-07-31T19:35:21.239 0100|01|00|18|e601fe|343e0102c81024a00084ffffffffffffffffffffffffe9c4[payload->]...$.................||50,409
2025-07-31T20:05:21.090 0100|00|00|05|fa0001|343e01cfa0[payload->]..||41,167
2025-07-31T20:05:21.191 0100|01|00|18|e601fe|343e0102c81024a00084ffffffffffffffffffffffffe9c4[payload->]...$.................||50,409
2025-07-31T20:31:28.853 0100|00|00|05|fa0001|343e01cfa0[payload->]..||41,167
2025-07-31T20:31:29.054 0100|01|00|18|e601fe|343e0102c81024a00084ffffffffffffffffffffffffe9c4[payload->]...$.................||50,409
2025-07-31T21:05:21.105 0100|00|00|05|fa0001|343e01cfa0[payload->]..||41,167
2025-07-31T21:05:21.206 0100|01|00|18|e601fe|343e0102c81024a00084ffffffffffffffffffffffffe9c4[payload->]...$.................||50,409
2025-07-31T21:35:22.125 0100|00|00|05|fa0001|343e01cfa0[payload->]..||41,167
2025-07-31T21:35:22.226 0100|01|00|18|e601fe|343e0102c81024a00084ffffffffffffffffffffffffe9c4[payload->]...$.................||50,409
2025-07-31T22:05:23.172 0100|00|00|05|fa0001|343e01cfa0[payload->]..||41,167
2025-07-31T22:05:23.273 0100|01|00|18|e601fe|343e0102c81024a00084efffffffffffffffffffffffe9c4[payload->]...$.................||50,409
2025-07-31T22:35:23.268 0100|00|00|05|fa0001|343e01cfa0[payload->]..||41,167
2025-07-31T22:35:23.369 0100|01|00|18|e601fe|343e0102c81024a00084ffffffffffffffffffffffffe9c4[payload->]...$.................||50,409
2025-07-31T23:05:26.364 0100|00|00|05|fa0001|343e01cfa0[payload->]..||41,167
2025-07-31T23:05:26.566 0100|01|00|18|e601fe|343e0102c81024a00084ffffffffffffffffffffffffe9c4[payload->]...$.................||50,409
2025-07-31T23:35:26.262 0100|00|00|05|fa0001|343e01cfa0[payload->]..||41,167
2025-07-31T23:35:26.464 0100|01|00|18|e601fe|343e0102c81024a00084ffffffffffffffffffffffffe9c4[payload->]...$.................||50,409
2025-08-01T00:05:26.235 0100|00|00|05|fa0001|343e01cfa0[payload->]..||41,167
2025-08-01T00:05:26.336 0100|01|00|18|e601fe|343e0102c81024a00084ffffffffffffffffffffffffe9c4[payload->]...$.................||50,409
2025-08-01T00:31:29.004 0100|00|00|05|fa0001|343e01cfa0[payload->]..||41,167
2025-08-01T00:31:29.105 0100|01|00|18|e601fe|343e0102c81024a00084ffffffffffffffffffffffdfe9c4[payload->]...$.................||50,409
2025-08-01T00:35:26.345 0100|00|00|05|fa0001|343e01cfa0[payload->]..||41,167
2025-08-01T00:35:26.446 0100|01|00|18|e601fe|343e0102c81024a00084ffffffffffffffffffffffffe9c4[payload->]...$.................||50,409
2025-08-01T01:35:26.267 0100|00|00|05|fa0001|343e01cfa0[payload->]..||41,167
2025-08-01T01:35:26.368 0100|01|00|18|e601fe|343e0102c81024a00084ffffffffffffffffffffffffe9c4[payload->]...$.................||50,409
2025-08-01T02:05:27.347 0100|00|00|05|fa0001|343e01cfa0[payload->]..||41,167
2025-08-01T02:05:27.549 0100|01|00|18|e601fe|343e0102c81024a00084ffffffffffffffffffffffffe9c4[payload->]...$.................||50,409
2025-08-01T02:35:27.368 0100|00|00|05|fa0001|343e01cfa0[payload->]..||41,167
2025-08-01T02:35:27.469 0100|01|00|18|e601fe|343e0102c81024a00084ffffffffdfffffffffffffffe9c4[payload->]...$.................||50,409
2025-08-01T03:05:27.340 0100|00|00|05|fa0001|343e01cfa0[payload->]..||41,167
2025-08-01T03:05:27.542 0100|01|00|18|e601fe|343e0102c81024a00084ffffffffffffffffffffffffe9c4[payload->]...$.................||50,409
2025-08-01T03:35:28.351 0100|00|00|05|fa0001|343e01cfa0[payload->]..||41,167
2025-08-01T03:35:28.452 0100|01|00|18|e601fe|343e0102c81024a00084ffffffffffffffffffffffffe9c4[payload->]...$.................||50,409
2025-08-01T04:05:29.631 0100|00|00|05|fa0001|343e01cfa0[payload->]..||41,167
2025-08-01T04:05:29.732 0100|01|00|18|e601fe|343e0102c81024a00084ffffffffffffffffffffffffe9c4[payload->]...$.................||50,409
2025-08-01T05:05:30.067 0100|00|00|05|fa0001|343e01cfa0[payload->]..||41,167
2025-08-01T05:05:30.269 0100|01|00|18|e601fe|343e0102c81024a00084ffffffffffffffffffffffffe9c4[payload->]...$.................||50,409
2025-08-01T05:35:30.049 0100|00|00|05|fa0001|343e01cfa0[payload->]..||41,167
2025-08-01T05:35:30.150 0100|01|00|18|e601fe|343e0102c81024a00084ffffffffffffffffffffffffe9c4[payload->]...$.................||50,409
2025-08-01T06:05:30.118 0100|00|00|05|fa0001|343e01cfa0[payload->]..||41,167
2025-08-01T06:05:30.220 0100|01|00|18|e601fe|343e0102c81024a00084ffffffffffffffffffffffffe9c4[payload->]...$.................||50,409
2025-08-01T06:35:30.139 0100|00|00|05|fa0001|343e01cfa0[payload->]..||41,167
2025-08-01T06:35:30.240 0100|01|00|18|e601fe|343e0102c81024a00084ffffffffffffffffffffffffe9c4[payload->]...$.................||50,409
2025-08-01T07:05:31.687 0100|00|00|05|fa0001|343e01cfa0[payload->]..||41,167
2025-08-01T07:05:31.889 0100|01|00|18|e601fe|343e0102c81024a00084ffffffffffffffffffffffffe9c4[payload->]...$.................||50,409
2025-08-01T07:35:33.421 0100|00|00|05|fa0001|343e01cfa0[payload->]..||41,167
2025-08-01T08:05:33.434 0100|00|00|05|fa0001|343e01cfa0[payload->]..||41,167
2025-08-01T08:05:33.636 0100|01|00|18|e601fe|343e0102c81024a00084ffffffffffffffffffffffffe9c4[payload->]...$.................||50,409
2025-08-01T08:35:34.430 0100|00|00|05|fa0001|343e01cfa0[payload->]..||41,167
2025-08-01T08:35:34.531 0100|01|00|18|e601fe|343e0102c81024a00084ffffffffffffffffffffffffe9c4[payload->]...$.................||50,409
2025-08-01T09:05:33.458 0100|00|00|05|fa0001|343e01cfa0[payload->]..||41,167
2025-08-01T09:05:33.660 0100|01|00|18|e601fe|343e0102c81024a00084ffffffffffffffffffffffffe9c4[payload->]...$.................||50,409
2025-08-01T09:31:28.777 0100|00|00|05|fa0001|343e01cfa0[payload->]..||41,167
2025-08-01T09:31:28.878 0100|01|00|18|e601fe|343e0102c81024a00084fffff7ffffffffffffffffffe9c4[payload->]...$.................||50,409
2025-08-01T09:35:33.440 0100|00|00|05|fa0001|343e01cfa0[payload->]..||41,167
2025-08-01T09:35:33.642 0100|01|00|18|e601fe|343e0102c81024a00084ffffffffffffffffffffffffe9c4[payload->]...$.................||50,409
2025-08-01T10:05:33.624 0100|00|00|05|fa0001|343e01cfa0[payload->]..||41,167
2025-08-01T10:05:33.826 0100|01|00|18|e601fe|343e0102c81024a00084ffffffffffffffffffffffffe9c4[payload->]...$.................||50,409
2025-08-01T10:35:33.464 0100|00|00|05|fa0001|343e01cfa0[payload->]..||41,167
2025-08-01T10:35:33.565 0100|01|00|18|e601fe|343e0102c81024a00084ffffffffffffffffffffffffe9c4[payload->]...$.................||50,409
2025-08-01T11:05:33.452 0100|00|00|05|fa0001|343e01cfa0[payload->]..||41,167
2025-08-01T11:05:33.654 0100|01|00|18|e601fe|343e0102c81024a00084ffffffffffffffffffffffffe9c4[payload->]...$.................||50,409
2025-08-01T11:35:33.458 0100|00|00|05|fa0001|343e01cfa0[payload->]..||41,167
2025-08-01T11:35:33.660 0100|01|00|18|e601fe|343e0102c81024a00084ffffffffffffffffffffffffe9c4[payload->]...$.................||50,409
2025-08-01T12:05:34.650 0100|00|00|05|fa0001|343e01cfa0[payload->]..||41,167
2025-08-01T12:05:34.751 0100|01|00|18|e601fe|343e0102c81024a00084ffffffffffffffffffffffffe9c4[payload->]...$.................||50,409
2025-08-01T12:35:35.440 0100|00|00|05|fa0001|343e01cfa0[payload->]..||41,167
2025-08-01T12:35:35.541 0100|01|00|18|e601fe|343e0102c81024a00084ffffffffffffffffffffffffe9c4[payload->]...$.................||50,409
2025-08-01T13:35:38.412 0100|00|00|05|fa0001|343e01cfa0[payload->]..||41,167
2025-08-01T13:35:38.614 0100|01|00|18|e601fe|343e0102c81024a00084ffffffffffffffffffffffffe9c4[payload->]...$.................||50,409
2025-08-01T14:05:38.429 0100|00|00|05|fa0001|343e01cfa0[payload->]..||41,167
2025-08-01T14:05:38.631 0100|01|00|18|e601fe|343e0102c81024a00084ffffffffffffffffffffffffe9c4[payload->]...$.................||50,409
2025-08-01T14:31:30.271 0100|00|00|05|fa0001|343e01cfa0[payload->]..||41,167
2025-08-01T14:31:30.473 0100|01|00|18|e601fe|343e013440016f810100010018e601fe34400102c81024a0[payload->]4@.o.........4@....$.||40,996
2025-08-01T14:35:40.505 0100|00|00|05|fa0001|343e01cfa0[payload->]..||41,167
2025-08-01T14:35:40.707 0100|01|00|18|e601fe|343e0102c81024a00084ffffffffffffffffffffffffe9c4[payload->]...$.................||50,409
2025-08-01T15:05:39.633 0100|00|00|05|fa0001|343e01cfa0[payload->]..||41,167
2025-08-01T15:35:40.530 0100|00|00|05|fa0001|343e01cfa0[payload->]..||41,167
2025-08-01T15:35:40.631 0100|01|00|18|e601fe|343e0102c81024a00084ffffffffffffffffffffffffe9c4[payload->]...$.................||50,409
2025-08-01T16:05:40.476 0100|00|00|05|fa0001|343e01cfa0[payload->]..||41,167
2025-08-01T16:05:40.678 0100|01|00|18|e601fe|343e0102c81024a00084ffffffffffffffffffffffffe9c4[payload->]...$.................||50,409
2025-08-01T16:31:29.059 0100|00|00|05|fa0001|343e01cfa0[payload->]..||41,167
2025-08-01T16:35:40.558 0100|00|00|05|fa0001|343e01cfa0[payload->]..||41,167
2025-08-01T16:35:40.659 0100|01|00|18|e601fe|343e0102c81024a00084ffffffffffffffffffffffffe9c4[payload->]...$.................||50,409
2025-08-01T17:35:40.827 0100|00|00|05|fa0001|343e01cfa0[payload->]..||41,167
2025-08-01T17:35:40.928 0100|01|00|18|e601fe|343e0102c81024a00084ffffffffffffffffffffffffe9c4[payload->]...$.................||50,409
2025-08-01T18:05:40.454 0100|00|00|05|fa0001|343e01cfa0[payload->]..||41,167
2025-08-01T18:05:40.959 0100|01|00|58|e601fe|343e0102c81024a00084ffffffffffffffffffffffffe9c40100000005fa0001343d013fa00100010018e601fe343d0102c81024a00084ffffffffffffffffffffffffdaf70100000005fa0001343c01afa10100010018e6[payload->]...$.........................4=.?.........4=....$.........................4<.........||58,904
2025-08-01T18:35:40.706 0100|00|00|05|fa0001|343e01cfa0[payload->]..||41,167
2025-08-01T18:35:40.807 0100|01|00|18|e601fe|343e0102c81024a00084ffffffffffffffffffffffffe9c4[payload->]...$.................||50,409
2025-08-01T19:05:40.476 0100|00|00|05|fa0001|343e01cfa0[payload->]..||41,167
2025-08-01T19:05:40.678 0100|01|00|18|e601fe|343e0102c81024a00084ffffffffffffffffffffffffe9c4[payload->]...$.................||50,409
2025-08-01T19:35:41.258 0100|00|00|05|fa0001|343e01cfa0[payload->]..||41,167
2025-08-01T19:35:41.459 0100|01|00|18|e601fe|343e0102c81024a00084ffffffffffffffffffffffffe9c4[payload->]...$.................||50,409
2025-08-01T20:05:42.410 0100|00|00|05|fa0001|343e01cfa0[payload->]..||41,167
2025-08-01T20:05:42.512 0100|01|00|18|e601fe|343e0102c81024a00084ffffffffffffffffffffffffe9c4[payload->]...$.................||50,409
2025-08-01T20:35:43.401 0100|00|00|05|fa0001|343e01cfa0[payload->]..||41,167
2025-08-01T20:35:43.502 0100|01|00|18|e601fe|343e0102c81024a00084ffffffffffffffffffffffffe9c4[payload->]...$.................||50,409
2025-08-01T21:05:43.530 0100|00|00|05|fa0001|343e01cfa0[payload->]..||41,167
2025-08-01T21:05:43.632 0100|01|00|18|e601fe|343e0102c81024a00084ffffffffffffffffffffffffe9c4[payload->]...$.................||50,409
2025-08-01T21:35:44.109 0100|00|00|05|fa0001|343e01cfa0[payload->]..||41,167
2025-08-01T21:35:44.210 0100|01|00|18|e601fe|343e0102c81024a00084ffffffffffffffffffffffffe9c4[payload->]...$.................||50,409
2025-08-01T22:05:46.215 0100|00|00|05|fa0001|343e01cfa0[payload->]..||41,167
2025-08-01T22:05:46.317 0100|01|00|18|e601fe|343e0102c81024a00084ffffffffffffffffffffffffe9c4[payload->]...$.................||50,409
2025-08-01T22:35:46.031 0100|00|00|05|fa0001|343e01cfa0[payload->]..||41,167
2025-08-01T22:35:46.233 0100|01|00|18|e601fe|343e0102c81024a00084ffffffffffffffffffffffffe9c4[payload->]...$.................||50,409
2025-08-01T23:05:46.154 0100|00|00|05|fa0001|343e01cfa0[payload->]..||41,167
2025-08-01T23:05:46.256 0100|01|00|18|e601fe|343e0102c81024a00084ffffffffffffffffffffffffe9c4[payload->]...$.................||50,409
2025-08-01T23:35:46.826 0100|00|00|05|fa0001|343e01cfa0[payload->]..||41,167
2025-08-01T23:35:47.028 0100|01|00|18|e601fe|343e0102c81024a00084ffffffffffffffffffffffffe9c4[payload->]...$.................||50,409
2025-08-02T00:05:46.049 0100|00|00|05|fa0001|343e01cfa0[payload->]..||41,167
2025-08-02T00:05:46.251 0100|01|00|18|e601fe|343e0102c81024a00084ffffffffffffffffffffffffe9c4[payload->]...$.................||50,409
2025-08-02T00:05:51.503 0100|01|00|18|e601fe|343e0102c81024a00084ffffffffffffffffffffffff6d81[payload->]...$...............m.||33,133
2025-08-02T00:35:46.142 0100|00|00|05|fa0001|343e01cfa0[payload->]..||41,167
2025-08-02T00:35:46.244 0100|01|00|18|e601fe|343e0102c81024a00084ffffffffffffffffffffffffe9c4[payload->]...$.................||50,409
2025-08-02T01:31:28.823 0100|00|00|05|fa0001|343e01cfa0[payload->]..||41,167
2025-08-02T01:31:29.025 0100|01|00|18|e601fe|343e0102c81024a00084ffffffffffffffffdfffffffe9c4[payload->]...$.................||50,409
2025-08-02T02:05:46.669 0100|00|00|05|fa0001|343e01cfa0[payload->]..||41,167
2025-08-02T02:05:46.770 0100|01|00|18|e601fe|343e0102c81024a00084ffffffffffffffffffffffffe9c4[payload->]...$.................||50,409
2025-08-02T03:05:47.035 0100|00|00|05|fa0001|343e01cfa0[payload->]..||41,167
2025-08-02T03:05:47.237 0100|01|00|18|e601fe|343e0102c81024a00084ffffffffffffffffffffffffe9c4[payload->]...$.................||50,409
2025-08-02T03:31:28.805 0100|00|00|05|fa0001|343e01cfa0[payload->]..||41,167
2025-08-02T03:35:46.210 0100|00|00|05|fa0001|343e01cfa0[payload->]..||41,167
2025-08-02T03:35:46.311 0100|01|00|18|e601fe|343e0102c81024a00084ffffffffffffffffffffffffe9c4[payload->]...$.................||50,409
2025-08-02T04:35:46.197 0100|00|00|05|fa0001|343e01cfa0[payload->]..||41,167
2025-08-02T04:35:46.298 0100|01|00|18|e601fe|343e0102c81024a00084ffffffffffffffffffffffffe9c4[payload->]...$.................||50,409
2025-08-02T05:05:46.186 0100|00|00|05|fa0001|343e01cfa0[payload->]..||41,167
2025-08-02T05:05:46.287 0100|01|00|18|e601fe|343e0102c81024a00084ffffffffffffffffffffffffe9c4[payload->]...$.................||50,409
2025-08-02T05:35:46.242 0100|00|00|05|fa0001|343e01cfa0[payload->]..||41,167
2025-08-02T05:35:46.343 0100|01|00|18|e601fe|343e0102c81024a00084ffffffffffffffffffffffffe9c4[payload->]...$.................||50,409
2025-08-02T06:05:48.108 0100|00|00|05|fa0001|343e01cfa0[payload->]..||41,167
2025-08-02T06:05:48.209 0100|01|00|18|e601fe|343e0102c81024a00084ffffffffffffffffffffffffe9c4[payload->]...$.................||50,409
2025-08-02T06:31:29.723 0100|00|00|05|fa0001|343e01cfa0[payload->]..||41,167
2025-08-02T06:31:29.824 0100|01|00|18|e601fe|343e0102c81024a00084ffffffffffffffffffffffffe9c4[payload->]...$.................||50,409
2025-08-02T06:35:48.128 0100|00|00|05|fa0001|343e01cfa0[payload->]..||41,167
2025-08-02T06:35:48.229 0100|01|00|18|e601fe|343e0102c81024a00084ffffffffffffffffffffffffe9c4[payload->]...$.................||50,409
2025-08-02T07:05:48.138 0100|00|00|05|fa0001|343e01cfa0[payload->]..||41,167
2025-08-02T07:05:48.240 0100|01|00|18|e601fe|343e0102c81024a00084ffffffffffffffffffffffffe9c4[payload->]...$.................||50,409
2025-08-02T07:35:48.063 0100|00|00|05|fa0001|343e01cfa0[payload->]..||41,167
2025-08-02T07:35:48.264 0100|01|00|18|e601fe|343e0102c81024a00084ffffffffffffffffffffffffe9c4[payload->]...$.................||50,409
2025-08-02T08:05:49.323 0100|00|00|05|fa0001|343e01cfa0[payload->]..||41,167
2025-08-02T08:35:49.327 0100|00|00|05|fa0001|343e01cfa0[payload->]..||41,167
2025-08-02T09:05:49.366 0100|00|00|05|fa0001|343e01cfa0[payload->]..||41,167
2025-08-02T09:35:49.320 0100|00|00|05|fa0001|343e01cfa0[payload->]..||41,167
2025-08-02T10:05:50.273 0100|00|00|05|fa0001|343e01cfa0[payload->]..||41,167
2025-08-02T10:05:50.475 0100|01|00|18|e601fe|343e0102c81024a00084ffffffffffffffffffffffffe9c4[payload->]...$.................||50,409
2025-08-02T10:35:50.377 0100|00|00|05|fa0001|343e01cfa0[payload->]..||41,167
2025-08-02T11:05:51.209 0100|00|00|05|fa0001|343e01cfa0[payload->]..||41,167
2025-08-02T11:05:51.309 0100|01|00|18|e601fe|343e0102c81024a00084ffffffffffffffffffffffffe9c4[payload->]...$.................||50,409
2025-08-02T11:35:52.081 0100|00|00|05|fa0001|343e01cfa0[payload->]..||41,167
2025-08-02T11:35:52.182 0100|01|00|18|e601fe|343e0102c81024a00084ffffffffffffffffffffffffe9c4[payload->]...$.................||50,409
2025-08-02T12:05:53.224 0100|00|00|05|fa0001|343e01cfa0[payload->]..||41,167
2025-08-02T12:05:53.426 0100|01|00|18|e601fe|343e0102c81024a00084ffffffffffffffffffffffffe9c4[payload->]...$.................||50,409
2025-08-02T12:35:54.386 0100|00|00|05|fa0001|343e01cfa0[payload->]..||41,167
2025-08-02T12:35:54.487 0100|01|00|18|e601fe|343e0102c81024a00084ffffffffffffffffffffffffe9c4[payload->]...$.................||50,409
2025-08-02T13:05:55.307 0100|00|00|05|fa0001|343e01cfa0[payload->]..||41,167
2025-08-02T13:05:55.408 0100|01|00|18|e601fe|343e0102c81024a00084ffffffffffffffffffffffffe9c4[payload->]...$.................||50,409
2025-08-02T13:31:28.963 0100|00|00|05|fa0001|343e01cfa0[payload->]..||41,167
2025-08-02T13:31:29.065 0100|01|00|18|e601fe|343e010ac81024a00084ffffffffffffffffffffffffe9c4[payload->]...$.................||50,409
2025-08-02T13:35:57.055 0100|00|00|05|fa0001|343e01cfa0[payload->]..||41,167
2025-08-02T13:35:57.257 0100|09|00|18|e601fe|343e0102c81024a00084ffffffffffffffffffffffffe9c4[payload->]...$.................||50,409
2025-08-02T14:05:58.070 0100|00|00|05|fa0001|343e01cfa0[payload->]..||41,167
2025-08-02T14:05:58.172 0100|01|00|18|e601fe|343e0102c81024a00084ffffffffffffffffffffffffe9c4[payload->]...$.................||50,409
2025-08-02T14:35:57.120 0100|00|00|05|fa0001|343e01cfa0[payload->]..||41,167
2025-08-02T14:35:57.322 0100|01|00|18|e601fe|343e0102c81024a00084ffffffffffffffffffffffffe9c4[payload->]...$.................||50,409
2025-08-02T15:05:57.152 0100|00|00|05|fa0001|343e01cfa0[payload->]..||41,167
2025-08-02T15:05:57.253 0100|01|00|18|e601fe|343e0102c81024a00084ffffffffffffffffffffffffe9c4[payload->]...$.................||50,409
2025-08-02T15:31:28.681 0100|00|00|05|fa0001|343e01cfa0[payload->]..||41,167
2025-08-02T15:31:28.782 0100|01|00|18|e601fe|343e0102c81024a00084ffffffffffffffffffffffffffff[payload->]...$.................||65,535
2025-08-02T15:35:58.322 0100|00|00|05|fa0001|343e01cfa0[payload->]..||41,167
2025-08-02T15:35:58.524 0100|01|00|18|e601fe|343e0102c81024a00084fffffffbffffffffffffffffe9c4[payload->]...$.................||50,409
2025-08-02T16:05:58.408 0100|00|00|05|fa0001|343e01cfa0[payload->]..||41,167
2025-08-02T16:05:58.509 0100|01|00|18|e601fe|343e0102c81024a00084ffffffffffffffffffffffffe9c4[payload->]...$.................||50,409
2025-08-02T16:31:28.670 0100|00|00|05|fa0001|343e01fa00[payload->]..||0,250
2025-08-02T16:35:58.570 0100|00|00|05|fa0001|343e01cfa0[payload->]..||41,167
2025-08-02T16:35:58.772 0100|01|00|18|e601fe|343e0102c81024a00084ffffffffffffffffffffffffe9c4[payload->]...$.................||50,409
2025-08-02T17:05:58.326 0100|00|00|05|fa0001|343e01cfa0[payload->]..||41,167
2025-08-02T17:05:58.528 0100|01|00|18|e601fe|343e0102c81024a00084ffffffffffffffffffffffffe9c4[payload->]...$.................||50,409
2025-08-02T17:35:58.318 0100|00|00|05|fa0001|343e01cfa0[payload->]..||41,167
2025-08-02T17:35:58.520 0100|01|00|18|e601fe|343e0102c81024a00084ffffffffffffffffffffffffe9c4[payload->]...$.................||50,409
2025-08-02T18:05:58.388 0100|00|00|05|fa0001|343e01cfa0[payload->]..||41,167
2025-08-02T18:35:58.326 0100|00|00|05|fa0001|343e01cfa0[payload->]..||41,167
2025-08-02T18:35:58.528 0100|01|00|18|e601fe|343e0102c81024a00084ffffffffffffffffffffffffe9c4[payload->]...$.................||50,409
2025-08-02T19:05:58.470 0100|00|00|05|fa0001|343e01cfa0[payload->]..||41,167
2025-08-02T19:05:58.672 0100|01|00|18|e601fe|343e0102c81024a00084ffffffffffffffffffffffffe9c4[payload->]...$.................||50,409
2025-08-02T19:31:29.086 0100|00|00|05|fa0001|343e01cfa0[payload->]..||41,167
2025-08-02T19:35:59.240 0100|00|00|05|fa0001|343e01cfa0[payload->]..||41,167
2025-08-02T19:35:59.442 0100|01|00|18|e601fe|343e0102c81024a00084ffffffffffffffffffffffffe9c4[payload->]...$.................||50,409
2025-08-02T20:06:01.443 0100|00|00|05|fa0001|343e01cfa0[payload->]..||41,167
2025-08-02T20:06:01.644 0100|01|00|18|e601fe|343e0102c81024a00084ffffffffffffffffffffffffe9c4[payload->]...$.................||50,409
2025-08-02T20:36:01.350 0100|00|00|05|fa0001|343e01cfa0[payload->]..||41,167
2025-08-02T21:06:01.243 0100|00|00|05|fa0001|343e01cfa0[payload->]..||41,167
2025-08-02T21:06:01.445 0100|01|00|18|e601fe|343e0102c81024a00084ffff7fffffffffffffffffffe9c4[payload->]...$.................||50,409
2025-08-02T21:36:01.286 0100|00|00|05|fa0001|343e01cfa0[payload->]..||41,167
2025-08-02T21:36:01.387 0100|01|00|18|e601fe|343e0102c81024a00084ffffffffffffffffffffffffe9c4[payload->]...$.................||50,409
2025-08-02T22:06:01.307 0100|00|00|05|fa0001|343e01cfa0[payload->]..||41,167
2025-08-02T22:06:01.408 0100|01|00|18|e601fe|343e0102c81024a00084ffffffffffffffffffffffffe9c4[payload->]...$.................||50,409
2025-08-02T22:36:02.180 0100|00|00|05|fa0001|343e01cfa0[payload->]..||41,167
2025-08-02T22:36:02.281 0100|01|00|18|e601fe|343e0102c81024a00084ffffffffffffffffffffffffe9c4[payload->]...$.................||50,409
2025-08-02T23:06:03.677 0100|00|00|05|fa0001|343e01cfa0[payload->]..||41,167
2025-08-02T23:06:03.879 0100|01|00|18|e601fe|343e0102c81024a00084ffffffffffffffffffffffffe9c4[payload->]...$.................||50,409
2025-08-02T23:36:04.496 0100|00|00|05|fa0001|343e01cfa0[payload->]..||41,167
2025-08-03T00:06:04.470 0100|00|00|05|fa0001|343e01cfa0[payload->]..||41,167
2025-08-03T00:06:04.672 0100|01|00|18|e601fe|343e0102c81024a00084ffffffffffffffffffffffffe9c4[payload->]...$.................||50,409
2025-08-03T00:36:04.487 0100|00|00|05|fa0001|343e01cfa0[payload->]..||41,167
2025-08-03T00:36:04.588 0100|01|00|18|e601fe|343e0102c81024a00084ffffffffffffffffffffffffe9c4[payload->]...$.................||50,409
2025-08-03T01:06:09.118 0100|00|00|05|fa0001|343e01cfa0[payload->]..||41,167
2025-08-03T01:06:09.320 0100|01|00|18|e601fe|343e0102c81024a00084ffffffffffffffffffffffffe9c4[payload->]...$.................||50,409
2025-08-03T01:31:29.623 0100|00|00|05|fa0001|343e01cfa0[payload->]..||41,167
2025-08-03T01:36:09.669 0100|00|00|05|fa0001|343e01cfa0[payload->]..||41,167
2025-08-03T01:36:09.870 0100|01|00|18|e601fe|343e0102c81024a00084ffffffffffffffffffffffffe9c4[payload->]...$.................||50,409
2025-08-03T02:06:09.767 0100|00|00|05|fa0001|343e01cfa0[payload->]..||41,167
2025-08-03T02:06:09.968 0100|01|00|18|e601fe|343e0102c81024a00084ffffffffffffffffffffffffe9c4[payload->]...$.................||50,409
2025-08-03T02:36:11.109 0100|00|00|05|fa0001|343e01cfa0[payload->]..||41,167
2025-08-03T02:36:11.310 0100|01|00|18|e601fe|343e0102c81024a0008cffffffffffffffffffffffffe9c4[payload->]...$.................||50,409
2025-08-03T03:06:11.154 0100|00|00|05|fa0001|343e01cfa0[payload->]..||41,167
2025-08-03T03:06:11.255 0100|01|00|18|e601fe|343e0102c81024a00084ffffffffffffffffffffffffe9c4[payload->]...$.................||50,409
2025-08-03T03:31:29.153 0100|01|00|18|e601fe|343e0102c81024a00084ffffffffffffffffffffffffe9c4[payload->]...$.................||50,409
2025-08-03T04:06:11.400 0100|00|00|05|fa0001|343e01cfa0[payload->]..||41,167
2025-08-03T04:06:11.502 0100|01|00|18|e601fe|343e0102c81024a00084ffffffffffffffffffffffffe9c4[payload->]...$.................||50,409
2025-08-03T04:36:11.177 0100|00|00|05|fa0001|343e01cfa0[payload->]..||41,167
2025-08-03T04:36:11.279 0100|01|00|18|e601fe|343e0102c89024a00084ffffffffffffffffffffffffe9c4[payload->]...$.................||50,409
2025-08-03T05:06:11.757 0100|00|00|05|fa0001|343e01cfa0[payload->]..||41,167
2025-08-03T05:06:11.858 0100|01|00|18|e601fe|343e0182c81024a00084ffffffffffffffffffffffffe9c4[payload->]...$.................||50,409
2025-08-03T05:36:11.209 0100|00|00|05|fa0001|343e01cfa0[payload->]..||41,167
2025-08-03T06:06:11.195 0100|00|00|05|fa0001|343e01cfa0[payload->]..||41,167
2025-08-03T06:06:11.397 0100|01|00|18|e601fe|343e0102c81024a00084ffffffffffffffffffffffffe9c4[payload->]...$.................||50,409
2025-08-03T06:31:29.265 0100|00|00|05|fa0001|343e01cfa0[payload->]..||41,167
2025-08-03T06:31:29.467 0100|01|00|18|e601fe|343e0102c81024a00084ffff1024a00084ffffffffffffff[payload->]...$......$..........||65,535
2025-08-03T06:36:11.121 0100|00|00|05|fa0001|343e01cfa0[payload->]..||41,167
2025-08-03T06:36:11.222 0100|01|00|18|e601fe|343e0102c85266e20084ffffffffffffffffffffffffe9c4[payload->]..Rf.................||50,409
2025-08-03T07:06:11.902 0100|00|00|05|fa0001|343e01cfa0[payload->]..||41,167
2025-08-03T07:06:12.003 0100|01|00|18|e601fe|343e0102c81024a00084ffffffffffffffffffffffffe9c4[payload->]...$.................||50,409
2025-08-03T07:36:11.718 0100|00|00|05|fa0001|343e01cfa0[payload->]..||41,167
2025-08-03T07:36:11.921 0100|01|02|18|e601fe|343e0102c81024a00084ffffffffffffffffffffffffe9c4[payload->]...$.................||50,409
2025-08-03T08:06:12.350 0100|00|00|05|fa0001|343e01cfa0[payload->]..||41,167
2025-08-03T08:06:12.551 0100|01|00|18|e601fe|343e0102c81024a00084ffffffffffffffffffffffffe9c4[payload->]...$.................||50,409
2025-08-03T08:36:11.936 0100|00|00|05|fa0001|343e01cfa0[payload->]..||41,167
2025-08-03T09:06:12.935 0100|00|00|05|fa0001|343e01cfa0[payload->]..||41,167
2025-08-03T09:06:13.136 0100|01|00|18|e601fe|343e0102c81024a00084ffffffffffffffffffffffffe9c4[payload->]...$.................||50,409
2025-08-03T09:36:13.938 0100|00|00|05|fa0001|343e01cfa0[payload->]..||41,167
2025-08-03T09:36:14.139 0100|01|00|18|e601fe|343e0102c81024a00084ffffffffffffffffffffffffe9c4[payload->]...$.................||50,409
2025-08-03T10:06:13.568 0100|00|00|05|fa0001|343e01cfa0[payload->]..||41,167
2025-08-03T10:06:13.670 0100|01|00|18|e601fe|343e0102c81024a00084ffffffffffffffffffffffffe9c4[payload->]...$.................||50,409
2025-08-03T10:36:13.521 0100|00|00|05|fa0001|343e01cfa0[payload->]..||41,167
2025-08-03T10:36:13.722 0100|01|00|18|e601fe|343e0102c81024a00084ffffffffffffffffffffffffe9c4[payload->]...$.................||50,409
2025-08-03T11:06:13.475 0100|00|00|05|fa0001|343e01cfa0[payload->]..||41,167
2025-08-03T11:06:13.577 0100|01|00|18|e601fe|343e0102c81024a00084ffffffffffffffffffffffffe9c4[payload->]...$.................||50,409
2025-08-03T11:31:28.689 0100|00|00|05|fa0001|343e01cfa0[payload->]..||41,167
2025-08-03T11:31:28.790 0100|01|00|18|e601fe|343e0102c81024a00084ffffffffffffffffffffffffe9c4[payload->]...$.................||50,409
2025-08-03T11:36:13.452 0100|00|00|05|fa0001|343e01cfa0[payload->]..||41,167
2025-08-03T11:36:13.653 0100|01|00|18|e601fe|343e0102c81024a00084ffffffffffffffffffffffffe9c4[payload->]...$.................||50,409
2025-08-03T12:06:14.281 0100|00|00|05|fa0001|343e01cfa0[payload->]..||41,167
2025-08-03T12:06:14.382 0100|01|00|18|e601fe|343e0102c81024a00084ffffffffffffffffffffffffe9c4[payload->]...$.................||50,409
2025-08-03T12:36:14.350 0100|00|00|05|fa0001|343e01cfa0[payload->]..||41,167
2025-08-03T12:36:14.452 0100|01|00|18|e601fe|343e0102c81024a00084fffffffffffffffffffffffee9c4[payload->]...$.................||50,409
2025-08-03T13:06:15.291 0100|00|00|05|fa0001|343e01cfa0[payload->]..||41,167
2025-08-03T13:06:15.392 0100|01|00|18|e601fe|343e0102c81024a00084ffffffffffffffffffffffffe9c4[payload->]...$.................||50,409
2025-08-03T13:36:14.318 0100|00|00|05|fa0001|343e01cfa0[payload->]..||41,167
2025-08-03T13:36:14.419 0100|01|00|18|e601fe|343e0102c81024a00084ffffffffffffffffffffffffe9c4[payload->]...$.................||50,409
2025-08-03T14:06:14.395 0100|00|00|05|fa0001|343e01cfa0[payload->]..||41,167
2025-08-03T14:06:14.496 0100|01|00|18|e601fe|343e0102c81024a00084ffffffffffffffffffffffffe9c4[payload->]...$.................||50,409
2025-08-03T14:36:14.593 0100|00|00|05|fa0001|343e01cfa0[payload->]..||41,167
2025-08-03T14:36:14.795 0100|01|00|18|ee01fe|343e0102c81024a00084ffffffffffffffffffffffffe9c4[payload->]...$.................||50,409
2025-08-03T15:31:28.742 0100|00|00|05|fa0001|343e01cfa0[payload->]..||41,167
2025-08-03T15:36:14.247 0100|00|00|05|fa0001|343e01cfa0[payload->]..||41,167
2025-08-03T15:36:14.448 0100|01|00|18|e601fe|343e0102c81024a00084ffffffffffffffffffffffffe9c4[payload->]...$.................||50,409
2025-08-03T16:06:14.272 0100|00|00|05|fa0001|343e01cfa0[payload->]..||41,167
2025-08-03T16:06:14.474 0100|01|00|18|e601fe|343e0102c81024a00084ffffffffffffffffffffffffe9c4[payload->]...$.................||50,409
2025-08-03T16:36:17.019 0100|00|00|05|fa0001|343e01cfa0[payload->]..||41,167
2025-08-03T16:36:17.120 0100|01|00|18|e601fe|343e0102c81024a00084ffffffffffffffffffffffffe9c4[payload->]...$.................||50,409
2025-08-03T17:31:29.337 0100|00|00|05|fa0001|343e01cfa0[payload->]..||41,167
2025-08-03T17:36:17.008 0100|00|00|05|fa0001|343e01cfa0[payload->]..||41,167
2025-08-03T17:36:17.109 0100|01|00|18|e601fe|343e0102c81024a00084ffffffffffffffffffffffffe9c4[payload->]...$.................||50,409
2025-08-03T18:06:17.643 0100|00|00|05|fa0001|343e01cfa0[payload->]..||41,167
2025-08-03T18:06:17.845 0100|01|00|18|e601fe|343e0102c81024a00084ffffffffffffffffffffffffe9c4[payload->]...$.................||50,409
