2025-07-30T20:32:19.698 0100|00|00|0d|f20401|581a000001d0453104523b514b[payload->]...E1.R;QK||19,281
2025-07-30T20:32:19.799 0100|01|00|05|f905fe|581a00a54b[payload->].K||19,365
2025-07-30T20:32:19.900 0100|00|00|0d|f20401|581a00000350346804523bc619[payload->]..P4h.R;..||6,598
2025-07-30T20:32:19.901 0100|01|00|05|f905fe|581a00a54b[payload->].K||19,365
2025-07-30T21:32:19.926 0100|00|00|0d|f20401|581a00000150346804523b063a[payload->]..P4h.R;.:||14,854
2025-07-30T21:32:20.027 0100|01|00|05|f905fe|581a00a54b[payload->].K||19,365
2025-07-30T21:32:20.129 0100|00|00|0d|f20401|581a000003d0229f04523bb17d[payload->]..."..R;.}||32,177
2025-07-30T21:32:20.230 0100|01|00|05|f905fe|581a00a54b[payload->].K||19,365
2025-07-30T22:32:20.772 0100|00|00|0d|f20401|581a000001d0229f04523b715e[payload->]..."..R;q^||24,177
2025-07-30T22:32:20.874 0100|01|00|05|f905fe|581a00a54b[payload->].K||19,365
2025-07-30T22:32:20.975 0100|00|00|0d|f20401|581a0000035011d604523b2970[payload->]..P...R;)p||28,713
2025-07-30T22:32:20.975 0100|01|00|05|f905fe|581a00a54b[payload->].K||19,365
2025-07-30T23:32:19.860 0100|00|00|0d|f20401|581a0000015011d604523be953[payload->]..P...R;.S||21,481
2025-07-30T23:32:19.961 0100|01|00|05|f905fe|581a00a54b[payload->].K||19,365
2025-07-30T23:32:20.062 0100|00|00|0d|f20401|581a000003d0ff0c05523b26ed[payload->]......R;&.||60,710
2025-07-30T23:32:20.164 0100|01|00|05|f905fe|581a00a50b[payload->]..||2,981
2025-07-31T00:32:19.760 0100|00|00|0d|f20401|581a000001d0ff0c05523be6ce[payload->]......R;..||52,966
2025-07-31T00:32:19.861 0100|01|00|05|f905fe|581a00a54b[payload->].K||19,365
2025-07-31T00:32:19.962 0100|00|00|0d|f20401|581a00000350921d00533b824b[payload->]..P...S;.K||19,330
2025-07-31T00:32:19.962 0100|01|00|05|f905fe|581a00a54b[payload->].K||19,365
2025-07-31T01:32:19.852 0100|00|00|0d|f20401|581a00000150921d00533b4268[payload->]..P...S;Bh||26,690
2025-07-31T01:32:19.853 0100|01|00|05|f905fe|581a00a54b[payload->].K||19,365
2025-07-31T01:32:19.954 0100|00|00|0d|f20401|581a000003d0805400533b1dfa[payload->]....T.S;..||64,029
2025-07-31T01:32:20.055 0100|01|00|05|f905fe|581a00a54b[payload->].K||19,365
2025-07-31T02:32:19.321 0100|00|00|0d|f20401|581a000001d0805400533bddd9[payload->]....T.S;..||55,773
2025-07-31T02:32:19.422 0100|01|00|05|f905fe|581a00a54b[payload->].K||19,365
2025-07-31T02:32:19.524 0100|00|00|0d|f20401|581a000003506f8b00533bde0b[payload->]..Po..S;..||3,038
2025-07-31T02:32:19.524 0100|01|00|05|f905fe|581a00a54b[payload->].K||19,365
2025-07-31T03:32:19.377 0100|00|00|0d|f20401|581a000001506f8b00533b1e28[payload->]..Po..S;.(||10,270
2025-07-31T03:32:19.479 0100|01|00|05|f905fe|581a00a54b[payload->].K||19,365
2025-07-31T03:32:19.580 0100|00|00|0d|f20401|581a000003d05dc200533b863b[payload->]...]..S;.;||15,238
2025-07-31T03:32:19.681 0100|01|00|05|f905fe|581a00a54b[payload->].K||19,365
2025-07-31T04:32:19.389 0100|00|00|0d|f20401|581a000001d05dc200533b4618[payload->]...]..S;F.||6,214
2025-07-31T04:32:19.490 0100|01|00|05|f905fe|581a00a54b[payload->].K||19,365
2025-07-31T04:32:19.591 0100|00|00|0d|f20401|581a000003504cf900533b61d5[payload->]..PL..S;a.||54,625
2025-07-31T04:32:19.592 0100|01|00|05|f905fe|581a00a54b[payload->].K||19,365
2025-07-31T05:32:19.718 0100|00|00|0d|f20401|581a000001504cf900533ba1f6[payload->]..PL..S;..||63,137
2025-07-31T05:32:19.719 0100|01|00|05|f905fe|581a00a54b[payload->].K||19,365
2025-07-31T05:32:19.820 0100|00|00|0d|f20401|581a000003d03a3001533b366d[payload->]...:0.S;6m||27,958
2025-07-31T05:32:19.820 0100|01|00|05|f905fe|581a00a54b[payload->].K||19,365
2025-07-31T06:32:19.737 0100|00|00|0d|f20401|581a000001d03a3001533bf64e[payload->]...:0.S;.N||20,214
2025-07-31T06:32:19.738 0100|01|00|05|f905fe|581a00a54b[payload->].K||19,365
2025-07-31T06:32:19.839 0100|00|00|0d|f20401|581a00000350296701533b41e7[payload->]..P)g.S;A.||59,201
2025-07-31T06:32:19.940 0100|01|00|05|f905fe|581a00a54b[payload->].K||19,365
2025-07-31T07:32:19.672 0100|00|00|0d|f20401|581a00000150296701533b81c4[payload->]..P)g.S;..||50,305
2025-07-31T07:32:19.778 0100|01|00|05|f905fe|581a00a54b[payload->].K||19,365
2025-07-31T07:32:19.778 0100|00|00|0d|f20401|581a000003d0179e01533bd8e1[payload->]......S;..||57,816
2025-07-31T07:32:19.879 0100|01|00|05|f905fe|581a00a54b[payload->].K||19,365
2025-07-31T08:32:22.005 0100|00|00|0d|f20401|581a000001d0179e01533b18c2[payload->]......S;..||49,688
2025-07-31T09:32:19.775 0100|00|00|0d|f20401|581a0000015006d501533b3f36[payload->]..P...S;?6||13,887
2025-07-31T09:32:19.876 0100|01|00|05|f905fe|581a00a54b[payload->].K||19,365
2025-07-31T09:32:20.078 0100|00|00|0d|f20401|581a000003d0f40b02533bc2f9[payload->]......S;..||63,938
2025-07-31T09:32:20.079 0100|01|00|05|f905fe|581a00a54b[payload->].K||19,365
2025-07-31T10:32:19.686 0100|00|00|0d|f20401|581a000001d0f40b02533b02da[payload->]......S;..||55,810
2025-07-31T10:32:19.787 0100|01|00|05|f905fe|581a00a54b[payload->].K||19,365
2025-07-31T10:32:20.092 0100|00|00|0d|f20401|581a00000350e34202533b5d84[payload->]..P.B.S;].||33,885
2025-07-31T10:32:20.193 0100|01|00|05|f905fe|581a00a54b[payload->].K||19,365
2025-07-31T11:32:19.842 0100|00|00|0d|f20401|581a00000150e34202533b9da7[payload->]..P.B.S;..||42,909
2025-07-31T11:32:19.943 0100|01|00|05|f905fe|581a00a54b[payload->].K||19,365
2025-07-31T11:32:20.247 0100|00|00|0d|f20401|581a000003d0d17902533b7daf[payload->]....y.S;}.||44,925
2025-07-31T11:32:20.348 0100|01|00|05|f905fe|581a00a54b[payload->].K||19,365
2025-07-31T12:32:19.991 0100|00|00|0d|f20401|581a000001d0d17902533bbd8c[payload->]....y.S;..||36,029
2025-07-31T12:32:19.991 0100|01|00|05|f905fe|581a00a54b[payload->].K||19,365
2025-07-31T12:32:20.092 0100|00|00|0d|f20401|581a00000350c0b002533b2273[payload->]..P...S;"s||29,474
2025-07-31T12:32:20.193 0100|01|00|05|f905fe|581a00a54b[payload->].K||19,365
2025-07-31T14:32:20.061 0100|00|00|0d|f20401|581a000001d0aee702533b9fb6[payload->]......S;..||46,751
2025-07-31T14:32:20.062 0100|03|00|05|f905fe|581a00a54b[payload->].K||19,365
2025-07-31T14:32:20.568 0100|00|00|0d|f20401|581a000003509d1e03533bc7ef[payload->]..P...S;..||61,383
2025-07-31T14:32:20.568 0100|01|00|05|f905fe|581a00a54b[payload->].K||19,365
2025-07-31T15:32:19.891 0100|00|00|0d|f20401|581a00000138a11e03533bea94[payload->]..8...S;..||38,122
2025-07-31T15:32:19.891 0100|01|00|05|f905fe|581a00a54b[payload->].K||19,365
2025-07-31T15:32:19.992 0100|00|00|0d|f20401|581a000003b88f5503533b0857[payload->]....U.S;.W||22,280
2025-07-31T15:32:20.093 0100|01|00|05|f905fe|581a00a54b[payload->].K||19,365
2025-07-31T16:32:19.859 0100|00|00|0d|f20401|581a000001b88f5503533bc874[payload->]....U.S;.t||29,896
2025-07-31T16:32:19.966 0100|01|00|05|f905fe|581a00a54b[payload->].K||19,365
2025-07-31T16:32:20.067 0100|00|00|0d|f20401|581a000003387e8c03533b410e[payload->]..8~..S;A.||3,649
2025-07-31T16:32:20.067 0100|01|00|05|f905fe|581a00a54b[payload->].K||19,365
2025-07-31T17:32:20.039 0100|00|00|0d|f20401|581a000001387e8c03533b812d[payload->]..8~..S;.-||11,649
2025-07-31T17:32:20.039 0100|01|00|05|f905fe|581a00a54b[payload->].K||19,365
2025-07-31T17:32:20.140 0100|00|00|0d|f20401|581a000003b86cc303533b56bf[payload->]...l..S;V.||48,982
2025-07-31T18:32:19.816 0100|00|00|0d|f20401|581a000001b86cc303533b969c[payload->]...l..S;..||40,086
2025-07-31T18:32:19.817 0100|01|00|05|f905fe|581a00a54b[payload->].K||19,365
2025-07-31T18:32:20.018 0100|00|00|0d|f20401|581a000003385bfa03533bce59[payload->]..8[..S;.Y||22,990
2025-07-31T18:32:20.018 0100|01|00|05|f905fe|581a00a54b[payload->].K||19,365
2025-07-31T19:32:19.980 0100|00|00|0d|f20401|581a000001385bfa03533b0e7a[payload->]..8[..S;.z||31,246
2025-07-31T19:32:19.980 0100|01|00|05|f905fe|581a00a54b[payload->].K||19,365
2025-07-31T19:32:20.081 0100|00|00|0d|f20401|581a000003b8493104533be871[payload->]...I1.S;.q||29,160
2025-07-31T19:32:20.183 0100|01|00|05|f905fe|581a00a54b[payload->].K||19,365
2025-07-31T20:32:19.860 0100|00|00|0d|f20401|581a000001b8493104533b2852[payload->]...I1.S;(R||21,032
2025-07-31T20:32:19.860 0100|01|00|05|f905fe|581a00a54b[payload->].K||19,365
2025-07-31T20:32:19.961 0100|00|00|0d|f20401|581a00000338386804533bbf00[payload->]..88h.S;..||0,191
2025-07-31T20:32:20.062 0100|01|00|05|f905fe|581a00a54b[payload->].K||19,365
2025-07-31T21:32:19.978 0100|00|00|0d|f20401|581a00000138386804533b7f23[payload->]..88h.S;.#||9,087
2025-07-31T21:32:20.079 0100|01|00|05|f905fe|581a00a54b[payload->].K||19,365
2025-07-31T21:32:20.180 0100|00|00|0d|f20401|581a000003b8269f04533b0985[payload->]...&..S;..||34,057
2025-07-31T21:32:20.180 0100|01|00|05|f905fe|581a00a54b[payload->].K||19,365
2025-07-31T22:32:19.632 0100|00|00|0d|f20401|581a000001b8269f04533bc9a6[payload->]...&..S;..||42,697
2025-07-31T22:32:19.733 0100|01|00|05|f905fe|581a00a54b[payload->].K||19,365
2025-07-31T22:32:19.834 0100|00|00|0d|f20401|581a0000033815d604533b9188[payload->]..8...S;..||34,961
2025-07-31T22:32:19.834 0100|01|00|05|f905fe|581a00a54b[payload->].K||19,365
2025-07-31T23:32:19.855 0100|00|00|0d|f20401|581a0000013815d604533b51ab[payload->]..8...S;Q.||43,857
2025-07-31T23:32:19.856 0100|01|00|05|f905fe|581a00a54b[payload->].K||19,365
2025-07-31T23:32:19.957 0100|00|00|0d|f20401|581a000003b8030d05533bb6b5[payload->]......S;..||46,518
2025-07-31T23:32:20.058 0100|01|00|05|f905fe|581a00a54b[payload->].K||19,365
2025-08-01T00:32:19.738 0100|00|00|0d|f20401|581a000001b8030d05533b7696[payload->]......S;v.||38,518
2025-08-01T00:32:19.839 0100|01|00|05|f905fe|581a00a54b[payload->].K||19,365
2025-08-01T00:32:19.840 0100|00|00|0d|f20401|581a00000338961d00543b9ab0[payload->]..8...T;..||45,210
2025-08-01T00:32:19.941 0100|01|00|05|f905fe|581a00a54b[payload->].K||19,365
2025-08-01T01:32:19.820 0100|00|00|0d|f20401|581a00000138961d00543b5a93[payload->]..8...T;Z.||37,722
2025-08-01T01:32:19.921 0100|01|00|05|f905fe|581a00a54b[payload->].K||19,365
2025-08-01T01:32:20.022 0100|00|00|0d|f20401|581a000003b8845400543b0501[payload->]....T.T;..||0,261
2025-08-01T01:32:20.023 0100|01|00|05|f905fe|581a00a54b[payload->].K||19,365
2025-08-01T02:32:20.116 0100|00|00|0d|f20401|581a000001b8845400543bc522[payload->]....T.T;."||8,901
2025-08-01T02:32:20.217 0100|01|00|05|f905fe|581a00a54b[payload->].K||19,365
2025-08-01T02:32:20.318 0100|00|00|0d|f20401|581a00000338738b00543bc4d0[payload->]..8s..T;..||53,444
2025-08-01T02:32:20.318 0100|01|00|05|f905fe|581a00a54b[payload->].K||19,365
2025-08-01T03:32:20.195 0100|00|00|0d|f20401|581a00000138738b00543b04f3[payload->]..8s..T;..||62,212
2025-08-01T03:32:20.296 0100|01|00|05|f905fe|581a00a54b[payload->].K||19,365
2025-08-01T03:32:20.397 0100|00|00|0d|f20401|581a000003b861c200543b5b61[payload->]...a..T;[a||24,923
2025-08-01T03:32:20.398 0100|01|00|05|f905fe|581a00a54b[payload->].K||19,365
2025-08-01T04:32:20.174 0100|00|00|0d|f20401|581a000001b861c200543b9b42[payload->]...a..T;.B||17,051
2025-08-01T04:32:20.174 0100|01|00|05|f905fe|581a00a54b[payload->].K||19,365
2025-08-01T04:32:20.276 0100|00|00|0d|f20401|581a0000033850f900543b7b0e[payload->]..8P..T;{.||3,707
2025-08-01T04:32:20.377 0100|01|00|05|f905fe|581a00a54b[payload->].K||19,365
2025-08-01T05:32:20.033 0100|00|00|0d|f20401|581a0000013850f900543bbb2d[payload->]..8P..T;.-||11,707
2025-08-01T05:32:20.034 0100|01|00|05|f905fe|581a00a54b[payload->].K||19,365
2025-08-01T05:32:20.135 0100|00|00|0d|f20401|581a000003b83e3001543b2e96[payload->]...>0.T;..||38,446
2025-08-01T05:32:20.236 0100|01|00|05|f905fe|581a00a54b[payload->].K||19,365
2025-08-01T06:32:20.027 0100|00|00|0d|f20401|581a000001b83e3001543beeb5[payload->]...>0.T;..||46,574
2025-08-01T06:32:20.128 0100|01|00|05|f905fe|581a00a54b[payload->].K||19,365
2025-08-01T06:32:20.230 0100|00|00|0d|f20401|581a000003382d6701543b591c[payload->]..8-g.T;Y.||7,257
2025-08-01T06:32:20.230 0100|01|00|05|f905fe|581a00a54b[payload->].K||19,365
2025-08-01T07:32:19.762 0100|00|00|0d|f20401|581a000001382d6701543b993f[payload->]..8-g.T;.?||16,281
2025-08-01T07:32:19.763 0100|01|00|05|f905fe|581a00a54b[payload->].K||19,365
2025-08-01T07:32:19.864 0100|00|00|0d|f20401|581a000003b81b9e01543b01fb[payload->]......T;..||64,257
2025-08-01T07:32:19.965 0100|01|00|05|f905fe|581a00a54b[payload->].K||19,365
2025-08-01T08:32:19.981 0100|00|00|0d|f20401|581a000001b81b9e01543bc1d8[payload->]......T;..||55,489
2025-08-01T08:32:20.083 0100|01|00|05|f905fe|581a00a54b[payload->].K||19,365
2025-08-01T08:32:20.184 0100|00|00|0d|f20401|581a000003380ad501543b260f[payload->]..8...T;&.||3,878
2025-08-01T08:32:20.184 0100|01|00|05|f905fe|581a00a54b[payload->].K||19,365
2025-08-01T09:32:19.974 0100|00|00|0d|f20401|581a000001380ad501543be62c[payload->]..8...T;.,||11,494
2025-08-01T09:32:20.076 0100|01|00|05|f905fe|581a00a54b[payload->].K||19,365
2025-08-01T09:32:20.076 0100|00|00|0d|f20401|581a000003b8f80b02543b1be3[payload->]......T;..||58,139
2025-08-01T09:32:20.177 0100|01|00|05|f905fe|581a00a54b[payload->].K||19,365
2025-08-01T09:58:19.236 0100|01|00|07|f701fe|581a005e0b01b4[payload->]^...||46,081
2025-08-01T10:32:20.019 0100|00|00|0d|f20401|581a000001b8f80b02543bdbc0[payload->]......T;..||49,371
2025-08-01T10:32:20.019 0100|01|00|05|f905fe|581a00a54b[payload->].K||19,365
2025-08-01T10:32:20.120 0100|00|00|0d|f20401|581a00000338e74202543b457f[payload->]..8.B.T;E.||32,581
2025-08-01T10:32:20.221 0100|01|00|05|f905fe|581a00a54b[payload->].K||19,365
2025-08-01T11:32:20.003 0100|00|00|0d|f20401|581a00000138e74202543b855c[payload->]..8.B.T;.\||23,685
2025-08-01T11:32:20.004 0100|01|00|05|f905fe|581a00a54b[payload->].K||19,365
2025-08-01T11:32:20.105 0100|00|00|0d|f20401|581a000003b8d57902543b6554[payload->]....y.T;eT||21,605
2025-08-01T11:32:20.206 0100|01|00|05|f905fe|581a00a54b[payload->].K||19,365
2025-08-01T12:32:20.131 0100|00|00|0d|f20401|581a000001b8d57902543ba577[payload->]....y.T;.w||30,629
2025-08-01T12:32:20.232 0100|01|00|05|f905fe|581a00a54b[payload->].K||19,365
2025-08-01T12:32:20.334 0100|00|00|0d|f20401|581a00000338c4b002543b3a88[payload->]..8...T;:.||34,874
2025-08-01T12:32:20.334 0100|01|00|05|f905fe|581a00a54b[payload->].K||19,365
2025-08-01T13:32:20.149 0100|00|00|0d|f20401|581a00000138c4b002543bfaab[payload->]..8...T;..||44,026
2025-08-01T13:32:20.150 0100|01|00|05|f905fe|581a00a54b[payload->].K||19,365
2025-08-01T13:32:20.251 0100|00|00|0d|f20401|581a000003b8b2e702543b454e[payload->]......T;EN||20,037
2025-08-01T13:32:20.352 0100|01|00|05|f905fe|581a00a54b[payload->].K||19,365
2025-08-01T14:32:20.352 0100|00|00|0d|f20401|581a000001b8b2e702543b856d[payload->]......T;.m||28,037
2025-08-01T14:32:20.453 0100|01|00|05|f905fe|581a00a54b[payload->].K||19,365
2025-08-01T14:32:20.656 0100|00|00|0d|f20401|581a00000338a11e03543b1ab5[payload->]..8...T;..||46,362
2025-08-01T14:32:20.656 0100|01|00|05|f905fe|581a00a54b[payload->].K||19,365
2025-08-01T15:32:20.973 0100|00|00|0d|f20401|581a00000138a11e03543bda96[payload->]..8...T;..||38,618
2025-08-01T15:32:21.074 0100|01|00|05|f905fe|581a00a54b[payload->].K||19,365
2025-08-01T15:32:21.175 0100|00|00|0d|f20401|581a000003b88f5503543b3855[payload->]....U.T;8U||21,816
2025-08-01T15:32:21.276 0100|01|00|05|f905fe|581a00a54b[payload->].K||19,365
2025-08-01T16:32:20.135 0100|00|00|0d|f20401|581a000001b88f5503543bf876[payload->]....U.T;.v||30,456
2025-08-01T16:32:20.135 0100|01|00|05|f905fe|581a00a54b[payload->].K||19,365
2025-08-01T16:32:20.236 0100|00|00|0d|f20401|581a000003387e8c03543b710c[payload->]..8~..T;q.||3,185
2025-08-01T16:32:20.338 0100|01|00|05|f905fe|581a00a54b[payload->].K||19,365
2025-08-01T17:32:20.315 0100|00|00|0d|f20401|581a000001387e8c03543bb12f[payload->]..8~..T;./||12,209
2025-08-01T17:32:20.315 0100|01|00|05|f905fe|581a00a54b[payload->].K||19,365
2025-08-01T17:32:20.416 0100|00|00|0d|f20401|581a000003b86cc303543b66bd[payload->]...l..T;f.||48,486
2025-08-01T17:32:20.518 0100|01|00|05|f905fe|581a00a54b[payload->].K||19,365
2025-08-01T18:32:20.058 0100|00|00|0d|f20401|581a000001b86cc303543ba69e[payload->]...l..T;..||40,614
2025-08-01T18:32:20.159 0100|01|00|05|f905fe|581a00a54b[payload->].K||19,365
2025-08-01T18:32:20.260 0100|00|00|0d|f20401|581a000003385bfa03543bfe5b[payload->]..8[..T;.[||23,550
2025-08-01T18:32:20.261 0100|01|00|05|f905fe|581a00a54b[payload->].K||19,365
2025-08-01T19:32:20.432 0100|00|00|0d|f20401|581a000001385bfa03543b3e78[payload->]..8[..T;>x||30,782
2025-08-01T19:32:20.533 0100|01|00|05|f905fe|581a00a54b[payload->].K||19,365
2025-08-01T19:32:20.634 0100|00|00|0d|f20401|581a000003b8493104543bd873[payload->]...I1.T;.s||29,656
2025-08-01T19:32:20.635 0100|01|00|05|f905fe|581a00a54b[payload->].K||19,365
2025-08-01T20:32:20.008 0100|00|00|0d|f20401|581a000001b8493104543b1850[payload->]...I1.T;.P||20,504
2025-08-01T20:32:20.109 0100|01|00|05|f905fe|581a00a54b[payload->].K||19,365
2025-08-01T20:32:20.211 0100|00|00|0d|f20401|581a00000338386804543b8f02[payload->]..88h.T;..||0,655
2025-08-01T20:32:20.211 0100|01|00|05|f905fe|581a00a54b[payload->].K||19,365
2025-08-01T21:32:19.902 0100|00|00|0d|f20401|581a00000138386804543b4f21[payload->]..88h.T;O!||8,527
2025-08-01T21:32:19.902 0100|01|00|05|f905fe|581a00a54b[payload->].K||19,365
2025-08-01T21:32:20.003 0100|00|00|0d|f20401|581a000003b8269f04543b3987[payload->]...&..T;9.||34,617
2025-08-01T21:32:20.104 0100|01|00|05|f905fe|581a00a54b[payload->].K||19,365
2025-08-01T22:32:20.201 0100|00|00|0d|f20401|581a000001b8269f04543bf9a4[payload->]...&..T;..||42,233
2025-08-01T22:32:20.302 0100|01|00|05|f905fe|581a00a54b[payload->].K||19,365
2025-08-01T22:32:20.403 0100|00|00|0d|f20401|581a0000033815d604543ba18a[payload->]..8...T;..||35,489
2025-08-01T22:32:20.403 0100|01|00|05|f905fe|581a00a54b[payload->].K||19,365
2025-08-01T23:32:20.225 0100|00|00|0d|f20401|581a0000013815d604543b61a9[payload->]..8...T;a.||43,361
2025-08-01T23:32:20.226 0100|01|00|05|f905fe|581a00a54b[payload->].K||19,365
2025-08-01T23:32:20.327 0100|00|00|0d|f20401|581a000003b8030d05543b86b7[payload->]......T;..||46,982
2025-08-01T23:32:20.428 0100|01|00|05|f905fe|581a00a54b[payload->].K||19,365
2025-08-02T00:32:20.227 0100|00|00|0d|f20401|581a000001b8030d05543b4694[payload->]......T;F.||37,958
2025-08-02T00:32:20.228 0100|01|00|05|f905fe|581a00a54b[payload->].K||19,365
2025-08-02T00:32:20.329 0100|00|00|0d|f20401|581a00000338961d00553b0ab1[payload->]..8...U;..||45,322
2025-08-02T00:32:20.430 0100|01|00|05|f905fe|581a00a54b[payload->].K||19,365
2025-08-02T01:32:20.616 0100|00|00|0d|f20401|581a00000138961d00553bca92[payload->]..8...U;..||37,578
2025-08-02T01:32:20.717 0100|01|00|05|f905fe|581a00a54b[payload->].K||19,365
2025-08-02T01:32:20.920 0100|00|00|0d|f20401|581a000003b8845400553b9500[payload->]....T.U;..||0,149
2025-08-02T01:32:20.920 0100|01|00|05|f905fe|581a00a54b[payload->].K||19,365
2025-08-02T02:32:20.218 0100|00|00|0d|f20401|581a000001b8845400553b5523[payload->]....T.U;U#||9,045
2025-08-02T02:32:20.319 0100|01|00|05|f905fe|581a00a54b[payload->].K||19,365
2025-08-02T02:32:20.421 0100|00|00|0d|f20401|581a00000338738b00553b54d1[payload->]..8s..U;T.||53,588
2025-08-02T02:32:20.421 0100|01|00|05|f905fe|581a00a54b[payload->].K||19,365
2025-08-02T03:32:20.216 0100|00|00|0d|f20401|581a00000138738b00553b94f2[payload->]..8s..U;..||62,100
2025-08-02T03:32:20.318 0100|01|00|05|f905fe|581a00a54b[payload->].K||19,365
2025-08-02T03:32:20.419 0100|00|00|0d|f20401|581a000003b861c200553bcb60[payload->]...a..U;.`||24,779
2025-08-02T03:32:20.419 0100|01|00|05|f905fe|581a00a54b[payload->].K||19,365
2025-08-02T04:32:20.246 0100|00|00|0d|f20401|581a000001b861c200553b0b43[payload->]...a..U;.C||17,163
2025-08-02T04:32:20.348 0100|01|00|05|f905fe|581a00a54b[payload->].K||19,365
2025-08-02T04:32:20.551 0100|00|00|0d|f20401|581a0000033850f900553beb0f[payload->]..8P..U;..||4,075
2025-08-02T04:32:20.551 0100|01|00|05|f905fe|581a00a54b[payload->].K||19,365
2025-08-02T05:32:20.245 0100|00|00|0d|f20401|581a0000013850f900553b2b2c[payload->]..8P..U;+,||11,307
2025-08-02T05:32:20.346 0100|01|00|05|f905fe|581a00a54b[payload->].K||19,365
2025-08-02T05:32:20.447 0100|00|00|0d|f20401|581a000003b83e3001553bbe97[payload->]...>0.U;..||38,846
2025-08-02T05:32:20.448 0100|01|00|05|f905fe|581a00a54b[payload->].K||19,365
2025-08-02T06:32:20.289 0100|00|00|0d|f20401|581a000001b83e3001553b7eb4[payload->]...>0.U;~.||46,206
2025-08-02T06:32:20.391 0100|01|00|05|f905fe|581a00a54b[payload->].K||19,365
2025-08-02T06:32:20.694 0100|00|00|0d|f20401|581a000003382d6701553bc91d[payload->]..8-g.U;..||7,625
2025-08-02T06:32:20.695 0100|01|00|05|f905fe|581a00a54b[payload->].K||19,365
2025-08-02T07:32:21.261 0100|00|00|0d|f20401|581a000001382d6701553b093e[payload->]..8-g.U;.>||15,881
2025-08-02T07:32:21.866 0100|01|00|85|f905fe|581a00a54b0100000005fa0001342101ffa8010001000bf301fe34210100000000000061f70100000005fa000120010afcb00190010409f501fe20010a1923f37901da0100000005fa0001500e00d0340100010006f801fe500e000002f6010000000df20401581a000003b81b9e01553b91fa0100010005f905fe581a00a54bffff010000[payload->].K........4!...........4!.......a......... ............ ...#.y..........P...4........P.............X........U;..........X...K.....||0,000
2025-08-02T08:32:20.608 0100|00|00|0d|f20401|581a000001b81b9e01553b51d9[payload->]......U;Q.||55,633
2025-08-02T08:32:20.608 0100|01|00|05|f905fe|581a00a54b[payload->].K||19,365
2025-08-02T08:32:20.709 0100|00|00|0d|f20401|581a000003380ad501553bb60e[payload->]..8...U;..||3,766
2025-08-02T08:32:20.810 0100|01|00|05|f905fe|581a00a54b[payload->].K||19,365
2025-08-02T09:32:20.471 0100|00|00|0d|f20401|581a000001380ad501553b762d[payload->]..8...U;v-||11,638
2025-08-02T09:32:20.471 0100|01|00|05|f905fe|581a00a54b[payload->].K||19,365
2025-08-02T09:32:20.775 0100|00|00|0d|f20401|581a000003b8f80b02553b8be2[payload->]......U;..||57,995
2025-08-02T09:32:20.775 0100|01|00|05|f905fe|581a00a54b[payload->].K||19,365
2025-08-02T10:32:20.187 0100|00|00|0d|f20401|581a000001b8f80b02553b4bc1[payload->]......U;K.||49,483
2025-08-02T10:32:20.187 0100|01|00|05|f905fe|581a00a54b[payload->].K||19,365
2025-08-02T10:32:20.592 0100|00|00|0d|f20401|581a00000338e74202553bd57e[payload->]..8.B.U;.~||32,469
2025-08-02T10:32:20.592 0100|01|00|05|f905fe|581a00a54b[payload->].K||19,365
2025-08-02T11:32:21.464 0100|00|00|0d|f20401|581a00000138e74202553b155d[payload->]..8.B.U;.]||23,829
2025-08-02T11:32:21.465 0100|01|00|05|f905fe|581a00a54b[payload->].K||19,365
2025-08-02T11:32:21.566 0100|00|00|0d|f20401|581a000003b8d57902553bf555[payload->]....y.U;.U||22,005
2025-08-02T11:32:21.667 0100|01|00|05|f905fe|581a00a54b[payload->].K||19,365
2025-08-02T12:32:20.120 0100|00|00|0d|f20401|581a000001b8d57902553b3576[payload->]....y.U;5v||30,261
2025-08-02T12:32:20.120 0100|01|00|05|f905fe|581a00a54b[payload->].K||19,365
2025-08-02T12:32:20.323 0100|00|00|0d|f20401|581a00000338c4b002553baa89[payload->]..8...U;..||35,242
2025-08-02T12:32:20.424 0100|01|00|05|f905fe|581a00a54b[payload->].K||19,365
2025-08-02T13:32:21.665 0100|00|00|0d|f20401|581a00000138c4b002553b6aaa[payload->]..8...U;j.||43,626
2025-08-02T13:32:21.766 0100|01|00|05|f905fe|581a00a54b[payload->].K||19,365
2025-08-02T13:32:21.969 0100|00|00|0d|f20401|581a000003b8b2e702553bd54f[payload->]......U;.O||20,437
2025-08-02T13:32:21.969 0100|01|00|05|f905fe|581a00a54b[payload->].K||19,365
2025-08-02T14:32:20.315 0100|00|00|0d|f20401|581a000001b8b2e702553b156c[payload->]......U;.l||27,669
2025-08-02T14:32:20.416 0100|01|00|05|f905fe|581a00a54b[payload->].K||19,365
2025-08-02T14:32:20.517 0100|00|00|0d|f20401|581a00000338a11e03553b8ab4[payload->]..8...U;..||46,218
2025-08-02T14:32:20.518 0100|01|00|05|f905fe|581a00a54b[payload->].K||19,365
2025-08-02T15:32:20.192 0100|00|00|0d|f20401|581a00000138a11e03553b4a97[payload->]..8...U;J.||38,730
2025-08-02T15:32:20.193 0100|01|00|05|f905fe|581a00a54b[payload->].K||19,365
2025-08-02T15:32:20.294 0100|00|00|0d|f20401|581a000003b88f5503553ba854[payload->]....U.U;.T||21,672
2025-08-02T15:32:20.395 0100|01|00|05|f905fe|581a00a54b[payload->].K||19,365
2025-08-02T16:32:20.186 0100|00|00|0d|f20401|581a000001b88f5503553b6877[payload->]....U.U;hw||30,568
2025-08-02T16:32:20.287 0100|01|00|05|f905fe|581a00a54b[payload->].K||19,365
2025-08-02T16:32:20.287 0100|00|00|0d|f20401|581a000003387e8c03553be10d[payload->]..8~..U;..||3,553
2025-08-02T16:32:20.388 0100|01|00|05|f905fe|581a00a54b[payload->].K||19,365
2025-08-02T17:32:20.220 0100|00|00|0d|f20401|581a000001387e8c03553b212e[payload->]..8~..U;!.||11,809
2025-08-02T17:32:20.220 0100|01|00|05|f905fe|581a00a54b[payload->].K||19,365
2025-08-02T17:32:20.321 0100|00|00|0d|f20401|581a000003b86cc303553bf6bc[payload->]...l..U;..||48,374
2025-08-02T17:32:20.422 0100|01|00|05|f905fe|581a00a54b[payload->].K||19,365
2025-08-02T18:32:20.223 0100|00|00|0d|f20401|581a000001b86cc303553b369f[payload->]...l..U;6.||40,758
2025-08-02T18:32:20.324 0100|01|00|05|f905fe|581a00a54b[payload->].K||19,365
2025-08-02T18:32:20.426 0100|00|00|0d|f20401|581a000003385bfa03553b6e5a[payload->]..8[..U;nZ||23,150
2025-08-02T18:32:20.426 0100|01|00|05|f905fe|581a00a54b[payload->].K||19,365
2025-08-02T19:32:20.881 0100|00|00|0d|f20401|581a000001385bfa03553bae79[payload->]..8[..U;.y||31,150
2025-08-02T19:32:20.982 0100|01|00|05|f905fe|581a00a54b[payload->].K||19,365
2025-08-02T19:32:21.184 0100|00|00|0d|f20401|581a000003b8493104553b4872[payload->]...I1.U;Hr||29,256
2025-08-02T19:32:21.184 0100|01|00|05|f905fe|581a00a54b[payload->].K||19,365
2025-08-02T20:32:20.614 0100|00|00|0d|f20401|581a000001b8493104553b8851[payload->]...I1.U;.Q||20,872
2025-08-02T20:32:20.716 0100|01|00|05|f905fe|581a00a54b[payload->].K||19,365
2025-08-02T20:32:20.817 0100|00|00|0d|f20401|581a00000338386804553b1f03[payload->]..88h.U;..||0,799
2025-08-02T20:32:20.918 0100|01|00|05|f905fe|581a00a54b[payload->].K||19,365
2025-08-02T21:32:20.518 0100|00|00|0d|f20401|581a00000138386804553bdf20[payload->]..88h.U;. ||8,415
2025-08-02T21:32:20.619 0100|01|00|05|f905fe|581a00a54b[payload->].K||19,365
2025-08-02T21:32:20.720 0100|00|00|0d|f20401|581a000003b8269f04553ba986[payload->]...&..U;..||34,473
2025-08-02T21:32:20.721 0100|01|00|05|f905fe|581a00a54b[payload->].K||19,365
2025-08-02T22:32:20.983 0100|00|00|0d|f20401|581a000001b8269f04553b69a5[payload->]...&..U;i.||42,345
2025-08-02T22:32:21.084 0100|01|00|05|f905fe|581a00a54b[payload->].K||19,365
2025-08-02T22:32:21.185 0100|00|00|0d|f20401|581a0000033815d604553b318b[payload->]..8...U;1.||35,633
2025-08-02T22:32:21.287 0100|01|00|05|f905fe|581a00a54b[payload->].K||19,365
2025-08-02T23:32:20.698 0100|00|00|0d|f20401|581a0000013815d604553bf1a8[payload->]..8...U;..||43,249
2025-08-02T23:32:20.799 0100|01|00|05|f905fe|581a00a54b[payload->].K||19,365
2025-08-02T23:32:20.900 0100|00|00|0d|f20401|581a000003b8030d05553b16b6[payload->]......U;..||46,614
2025-08-02T23:32:21.001 0100|01|00|05|f905fe|581a00a54b[payload->].K||19,365
2025-08-03T00:32:20.949 0100|00|00|0d|f20401|581a000001b8030d05553bd695[payload->]......U;..||38,358
2025-08-03T00:32:21.050 0100|01|00|05|f905fe|581a00a54b[payload->].K||19,365
2025-08-03T00:32:21.152 0100|00|00|0d|f20401|581a00000338961d00563bfab1[payload->]..8...V;..||45,562
2025-08-03T00:32:21.253 0100|01|00|05|f905fe|581a00a54b[payload->].K||19,365
2025-08-03T01:32:22.131 0100|00|00|0d|f20401|581a00000138961d00563b3a92[payload->]..8...V;:.||37,434
2025-08-03T01:32:22.232 0100|01|00|07|f905fe|581a00a54b0100[payload->].K..||0,001
2025-08-03T01:32:22.637 0100|00|00|0d|f20401|581a000003b8845400563b6500[payload->]....T.V;e.||0,101
2025-08-03T01:32:22.637 0100|01|00|05|f905fe|581a00a54b[payload->].K||19,365
2025-08-03T01:33:35.533 0100|01|00|07|f701fe|581a009e0c03a2[payload->]....||41,475
2025-08-03T02:32:21.489 0100|00|00|0d|f20401|581a000001b8845400563ba523[payload->]....T.V;.#||9,125
2025-08-03T02:32:21.490 0100|01|00|05|f905fe|581a00a54b[payload->].K||19,365
2025-08-03T02:32:21.591 0100|00|00|0d|f20401|581a00000338738b00563ba4d1[payload->]..8s..V;..||53,668
2025-08-03T02:32:21.692 0100|01|00|05|f905fe|581a00a54b[payload->].K||19,365
2025-08-03T03:32:21.563 0100|00|00|0d|f20401|581a00000138738b00563b64f2[payload->]..8s..V;d.||62,052
2025-08-03T03:32:21.563 0100|01|00|05|f905fe|581a00a54b[payload->].K||19,365
2025-08-03T03:32:21.664 0100|00|00|0d|f20401|581a000003b861c200563b3b60[payload->]...a..V;;`||24,635
2025-08-03T03:32:21.765 0100|01|00|05|f905fe|581a00a54b[payload->].K||19,365
2025-08-03T04:32:21.712 0100|00|00|0d|f20401|581a000001b861c200563bfb43[payload->]...a..V;.C||17,403
2025-08-03T04:32:21.813 0100|01|00|05|f905fe|581a00a54b[payload->].K||19,365
2025-08-03T04:32:21.914 0100|00|00|0d|f20401|581a0000033850f900563b1b0f[payload->]..8P..V;..||3,867
2025-08-03T04:32:21.915 0100|01|00|05|f905fe|581a00a54b[payload->].K||19,365
2025-08-03T05:32:21.538 0100|00|00|0d|f20401|581a0000013850f900563bdb2c[payload->]..8P..V;.,||11,483
2025-08-03T05:32:21.639 0100|01|00|05|f905fe|581a00a54b[payload->].K||19,365
2025-08-03T05:32:21.740 0100|00|00|0d|f20401|581a000003b83e3001563b4e97[payload->]...>0.V;N.||38,734
2025-08-03T05:32:21.741 0100|01|00|05|f905fe|581a00a54b[payload->].K||19,365
2025-08-03T06:32:21.754 0100|00|00|0d|f20401|581a000001b83e3001563b8eb4[payload->]...>0.V;..||46,222
2025-08-03T06:32:21.856 0100|01|00|05|f905fe|581a00a54b[payload->].K||19,365
2025-08-03T06:32:21.957 0100|00|00|0d|f20401|581a000003382d6701563b391d[payload->]..8-g.V;9.||7,481
2025-08-03T06:32:21.957 0100|01|00|05|f905fe|581a00a54b[payload->].K||19,365
2025-08-03T07:32:21.568 0100|00|00|0d|f20401|581a000001382d6701563bf93e[payload->]..8-g.V;.>||16,121
2025-08-03T07:32:21.568 0100|01|00|05|f905fe|581a00a54b[payload->].K||19,365
2025-08-03T07:32:21.669 0100|00|00|0d|f20401|581a000003b81b9e01563b61fa[payload->]......V;a.||64,097
2025-08-03T07:32:21.771 0100|01|00|05|f905fe|581a00a54b[payload->].K||19,365
2025-08-03T08:32:21.389 0100|00|00|0d|f20401|581a000001b81b9e01563ba1d9[payload->]......V;..||55,713
2025-08-03T08:32:21.490 0100|01|00|05|f905fe|581a00a54b[payload->].K||19,365
2025-08-03T08:32:21.490 0100|00|00|0d|f20401|581a000003380ad501563b460e[payload->]..8...V;F.||3,654
2025-08-03T08:32:21.692 0100|01|00|05|f905fe|581a00a54b[payload->].K||19,365
2025-08-03T09:32:21.513 0100|00|00|0d|f20401|581a000001380ad501563b862d[payload->]..8...V;.-||11,654
2025-08-03T09:32:21.614 0100|01|00|05|f905fe|581a00a54b[payload->].K||19,365
2025-08-03T09:32:21.716 0100|00|00|0d|f20401|581a000003b8f80b02563b7be2[payload->]......V;{.||57,979
2025-08-03T09:32:21.716 0100|01|00|05|f905fe|581a00a54b[payload->].K||19,365
2025-08-03T10:32:21.054 0100|00|00|0d|f20401|581a000001b8f80b02563bbbc1[payload->]......V;..||49,595
2025-08-03T10:32:21.155 0100|01|00|05|f905fe|581a00a54b[payload->].K||19,365
2025-08-03T10:32:21.155 0100|00|00|0d|f20401|581a00000338e74202563b257e[payload->]..8.B.V;%~||32,293
2025-08-03T10:32:21.256 0100|01|00|05|f905fe|581a00a54b[payload->].K||19,365
2025-08-03T11:32:20.880 0100|00|00|0d|f20401|581a00000138e74202563be55d[payload->]..8.B.V;.]||24,037
2025-08-03T11:32:20.981 0100|01|00|05|f905fe|581a00a54b[payload->].K||19,365
2025-08-03T11:32:21.082 0100|00|00|0d|f20401|581a000003b8d57902563b0555[payload->]....y.V;.U||21,765
2025-08-03T11:32:21.183 0100|01|00|05|f905fe|581a00a54b[payload->].K||19,365
2025-08-03T12:32:20.967 0100|00|00|0d|f20401|581a000001b8d57902563bc576[payload->]....y.V;.v||30,405
2025-08-03T12:32:20.968 0100|01|00|05|f905fe|581a00a54b[payload->].K||19,365
2025-08-03T12:32:21.069 0100|00|00|0d|f20401|581a00000338c4b002563b5a89[payload->]..8...V;Z.||35,162
2025-08-03T13:32:20.950 0100|00|00|0d|f20401|581a00000138c4b002563b9aaa[payload->]..8...V;..||43,674
2025-08-03T13:32:20.950 0100|01|00|05|f905fe|581a00a54b[payload->].K||19,365
2025-08-03T13:32:21.051 0100|00|00|0d|f20401|581a000003b8b2e702563b254f[payload->]......V;%O||20,261
2025-08-03T14:32:21.843 0100|00|00|0d|f20401|581a000001b8b2e702563be56c[payload->]......V;.l||27,877
2025-08-03T14:32:21.944 0100|01|00|05|f905fe|581a00a54b[payload->].K||19,365
2025-08-03T14:32:22.045 0100|00|00|0d|f20401|581a00000338a11e03563b7ab4[payload->]..8...V;z.||46,202
2025-08-03T14:32:22.046 0100|01|00|05|f905fe|581a00a54b[payload->].K||19,365
2025-08-03T15:32:20.949 0100|00|00|0d|f20401|581a00000138a11e03563bba97[payload->]..8...V;..||38,842
2025-08-03T15:32:21.051 0100|01|00|05|f905fe|581a00a54b[payload->].K||19,365
2025-08-03T15:32:21.051 0100|00|00|0d|f20401|581a000003b88f5503563b5854[payload->]....U.V;XT||21,592
2025-08-03T15:32:21.152 0100|01|00|05|f905fe|581a00a54b[payload->].K||19,365
2025-08-03T16:32:20.579 0100|00|00|0d|f20401|581a000001b88f5503563b9877[payload->]....U.V;.w||30,616
2025-08-03T16:32:20.579 0100|01|00|05|f905fe|581a00a54b[payload->].K||19,365
2025-08-03T16:32:20.680 0100|00|00|0d|f20401|581a000003387e8c03563b110d[payload->]..8~..V;..||3,345
2025-08-03T16:32:20.782 0100|01|00|05|f905fe|581a00a54b[payload->].K||19,365
2025-08-03T16:56:40.298 0100|01|00|07|f701fe|581a00440c63f9[payload->]D.c.||63,843
2025-08-03T17:32:20.737 0100|00|00|0d|f20401|581a000001387e8c03563bd12e[payload->]..8~..V;..||11,985
2025-08-03T17:32:20.737 0100|01|00|05|f905fe|581a00a54b[payload->].K||19,365
2025-08-03T17:32:20.838 0100|00|00|0d|f20401|581a000003b86cc303563b06bc[payload->]...l..V;..||48,134
2025-08-03T17:32:20.939 0100|01|00|05|f905fe|581a00a54b[payload->].K||19,365
