2025-07-31T00:50:51.074 0100|00|00|05|fa0001|14010121b1[payload->]!.||45,345
2025-07-31T01:05:22.303 0100|01|00|06|f801fe|14010100a1c6[payload->]...||50,849
2025-07-31T05:03:14.692 0100|01|00|06|f801fe|14010100a1c6[payload->]...||50,849
2025-07-31T16:37:22.450 0100|00|00|05|fa0001|14010121b1[payload->]!.||45,345
2025-07-31T16:59:43.279 0100|01|00|06|f801fe|140101016107[payload->].a.||1,889
2025-07-31T17:10:13.260 0100|01|00|06|f801fe|140101016107[payload->].a.||1,889
2025-07-31T17:20:03.157 0100|00|00|05|fa0001|14010121b1[payload->]!.||45,345
2025-07-31T21:00:06.216 0100|01|00|06|f801fe|14010100a1c6[payload->]...||50,849
2025-07-31T22:02:36.288 0100|01|00|06|f801fe|14010100a1c6[payload->]...||50,849
2025-07-31T22:40:36.307 0100|01|00|06|f801fe|140101016107[payload->].a.||1,889
2025-07-31T22:44:16.696 0100|01|00|06|f801fe|140101016107[payload->].a.||1,889
2025-07-31T23:19:17.319 0100|00|00|05|fa0001|14010121b1[payload->]!.||45,345
2025-07-31T23:19:47.492 0100|00|00|05|fa0001|14010121b1[payload->]!.||45,345
2025-07-31T23:27:17.305 0100|00|00|05|fa0001|14010121b1[payload->]!.||45,345
2025-07-31T23:49:47.323 0100|01|00|06|f801fe|14010100a1c6[payload->]...||50,849
2025-08-01T01:17:06.959 0100|00|00|05|fa0001|14010121b1[payload->]!.||45,345
2025-08-01T07:50:53.010 0100|01|00|06|f801fe|14010100a1c6[payload->]...||50,849
2025-08-01T11:08:13.059 0100|01|00|06|f801fe|140101016107[payload->].a.||1,889
2025-08-01T11:13:13.035 0100|00|00|05|fa0001|14010121b1[payload->]!.||45,345
2025-08-01T11:36:13.045 0100|01|00|06|f801fe|14010100a1c6[payload->]...||50,849
2025-08-01T13:19:15.102 0100|01|00|06|f801fe|14010100a1c6[payload->]...||50,849
2025-08-01T22:02:32.986 0100|01|00|06|f801fe|14010100a1c6[payload->]...||50,849
2025-08-01T22:14:33.073 0100|01|00|06|f801fe|14010100a1c6[payload->]...||50,849
2025-08-01T22:42:03.027 0100|01|00|06|f801fe|1401014058f0[payload->]@X.||61,528
2025-08-02T00:01:52.994 0100|01|00|06|f801fe|14010100a1c6[payload->]...||50,849
2025-08-02T04:59:52.967 0100|01|00|06|f801fe|14010100a1c6[payload->]...||50,849
2025-08-02T07:59:25.144 0100|01|00|06|f801fe|14010100a1c6[payload->]...||50,849
2025-08-02T13:26:51.097 0100|00|00|05|fa0001|14010121b1[payload->]!.||45,345
2025-08-02T13:33:41.017 0100|01|00|06|f801fe|14010100a1c6[payload->]...||50,849
2025-08-02T14:07:01.068 0100|01|00|06|f801fe|140101016107[payload->].a.||1,889
2025-08-02T15:18:31.129 0100|01|00|06|f801fe|14010100a1c6[payload->]...||50,849
2025-08-02T18:06:01.019 0100|00|00|05|fa0001|14010121b1[payload->]!.||45,345
2025-08-02T18:25:21.091 0100|01|00|06|f801fe|14010100a1c6[payload->]...||50,849
2025-08-02T21:33:44.311 0100|01|00|06|f801fe|14010100a1c6[payload->]...||50,849
2025-08-03T04:05:00.494 0100|01|00|06|f801fe|14010100a1c6[payload->]...||50,849
2025-08-03T09:27:02.289 0100|01|00|06|f801fe|14010100a1c6[payload->]...||50,849
2025-08-03T09:42:32.161 0100|01|00|06|f801fe|14010100a1c6[payload->]...||50,849
2025-08-03T10:38:42.140 0100|01|00|06|f801fe|14010100a1c6[payload->]...||50,849
