2025-07-31T07:04:11.075 0100|01|00|07|f701fe|180b01ffff859c[payload->]....||40,069
2025-08-01T22:24:43.916 0100|01|00|07|f701fe|180b01ffff859c[payload->]....||40,069
2025-08-02T08:04:20.496 0100|01|80|07|f701fe|180b01ffff859c[payload->]....||40,069
2025-08-02T08:22:59.281 0100|01|00|27|f701fe|180b01ffff859c0100000005fa00013023009e29010001000bf301fe302300dc78cc01553bfdf7[payload->]............0#..)........0#..x..U;..||63,485
2025-08-02T08:51:39.129 0100|01|00|07|f78dfe|180b01ffff859c[payload->]....||40,069
2025-08-02T08:54:09.143 0100|01|08|07|f701fe|180b01ffff859c[payload->]....||40,069
2025-08-02T10:57:39.163 0100|01|00|07|f701fe|180b01ffff859c[payload->]....||40,069
2025-08-02T13:12:39.264 0100|01|00|07|f701fe|180b01ffff859c[payload->]....||40,069
2025-08-02T13:25:44.683 0100|01|00|07|f701fe|180b01ffff859c[payload->]....||40,069
2025-08-02T15:57:34.430 0100|01|00|07|f709fe|180b01ffff859c[payload->]....||40,069
2025-08-02T18:37:50.494 0100|01|00|07|f701fe|180b01ffff859c[payload->]....||40,069
2025-08-02T19:58:20.789 0100|01|00|07|f701fe|180b01ffff859c[payload->]....||40,069
2025-08-02T21:02:15.097 0100|01|00|07|f701fe|180b01ffff859c[payload->]....||40,069
2025-08-03T02:03:25.229 0100|01|00|27|f701fe|180b01ffff859cf00100000005fa0003200401d3f30100010009f501fe200401ffffffff850d01[payload->]............. ............ .........||0,269
2025-08-03T02:53:07.851 0100|01|00|07|f701fe|180b01ffff879c[payload->]....||40,071
2025-08-03T02:57:28.574 0100|01|00|07|f701fe|180b01ffff8d9c[payload->]....||40,077
2025-08-03T03:13:47.782 0100|01|00|07|f709fe|180b01ffff859c[payload->]....||40,069
2025-08-03T03:15:18.950 0100|01|00|07|f701fe|180b01ffff859c[payload->]....||40,069
2025-08-03T04:22:28.741 0100|01|00|07|f709fe|180b01ffff859c[payload->]....||40,069
2025-08-03T04:33:38.143 0100|01|00|07|f701fe|180b01ffff859c[payload->]....||40,069
2025-08-03T05:51:07.713 0100|01|00|07|f701fe|180b01ffff859c[payload->]....||40,069
2025-08-03T06:06:19.479 0100|01|00|07|f701fe|180b01ffff859c[payload->]....||40,069
2025-08-03T06:28:18.307 0100|01|00|07|f701fe|180b01ffff859c[payload->]....||40,069
2025-08-03T06:57:07.795 0100|01|00|07|f701fe|180b01ffff859c[payload->]....||40,069
2025-08-03T07:13:07.804 0100|01|00|07|f701fe|180b01ffff859c[payload->]....||40,069
2025-08-03T10:01:40.323 0100|01|00|07|f701fe|180b01ffff859c[payload->]....||40,069
2025-08-03T11:04:59.558 0100|01|00|07|f701fe|180b01ffff859c[payload->]....||40,069
2025-08-03T11:30:59.596 0100|01|00|07|f709fe|180b01ffff859c[payload->]....||40,069
