2025-07-30T20:27:45.811 0100|00|00|05|fa0001|2007049832[payload->].2||12,952
2025-07-30T20:27:45.912 0100|01|00|0c|f201fe|200704100501000000008a3a[payload->]........:||14,986
2025-07-30T20:37:53.807 0100|00|00|05|fa0001|2007049832[payload->].2||12,952
2025-07-30T20:37:53.908 0100|01|00|0c|f201fe|200704100501000000008a3a[payload->]........:||14,986
2025-07-30T20:58:11.791 0100|00|00|05|fa0001|2007049832[payload->].2||12,952
2025-07-30T20:58:11.892 0100|01|00|0c|f201fe|200704100501000000008a3a[payload->]........:||14,986
2025-07-30T21:48:55.938 0100|00|00|05|fa0001|2007049832[payload->].2||12,952
2025-07-30T21:48:56.040 0100|01|00|0c|f201fe|200704100501000000008a3a[payload->]........:||14,986
2025-07-30T22:49:48.600 0100|00|00|05|fa0001|2007049832[payload->].2||12,952
2025-07-30T22:49:48.701 0100|01|00|0c|f201fe|200704100501000000008a3a[payload->]........:||14,986
2025-07-30T22:59:57.347 0100|00|00|05|fa0001|2007049832[payload->].2||12,952
2025-07-30T22:59:57.448 0100|01|00|0c|f201fe|200704100501000000010000[payload->].........||0,000
2025-07-30T23:10:05.078 0100|00|00|05|fa0001|2007049832[payload->].2||12,952
2025-07-30T23:10:05.179 0100|01|00|0c|f201fe|200704100501000000008a3a[payload->]........:||14,986
2025-07-30T23:20:14.639 0100|00|00|05|fa0001|2007049832[payload->].2||12,952
2025-07-30T23:20:14.639 0100|01|00|0c|f201fe|200704100501000000008a3a[payload->]........:||14,986
2025-07-30T23:30:23.199 0100|00|00|05|fa0001|2007049832[payload->].2||12,952
2025-07-30T23:30:23.300 0100|01|00|0c|f201fe|200704100501000000008a3a[payload->]........:||14,986
2025-07-30T23:40:33.333 0100|00|00|05|fa0001|2007049832[payload->].2||12,952
2025-07-30T23:40:33.434 0100|01|00|0c|f201fe|200704100501000000008a3a[payload->]........:||14,986
2025-07-30T23:50:41.661 0100|00|00|05|fa0001|2007049832[payload->].2||12,952
2025-07-30T23:50:41.762 0100|01|00|0c|f201fe|200704100501000000008a3a[payload->]........:||14,986
2025-07-31T00:10:59.571 0100|00|00|05|fa0001|2007049832[payload->].2||12,952
2025-07-31T00:10:59.672 0100|01|00|0c|f201fe|200704100501000000008a3a[payload->]........:||14,986
2025-07-31T00:31:17.209 0100|01|00|0c|f201fe|200704100501000000008a3a[payload->]........:||14,986
2025-07-31T00:41:25.598 0100|00|00|05|fa0001|2007049832[payload->].2||12,952
2025-07-31T00:41:25.699 0100|01|00|0c|f201fe|200704100501000000008a3a[payload->]........:||14,986
2025-07-31T00:51:34.095 0100|01|00|0c|f201fe|200704100501000000008a3a[payload->]........:||14,986
2025-07-31T01:01:42.897 0100|00|00|05|fa0001|2007049832[payload->].2||12,952
2025-07-31T01:01:42.998 0100|01|00|0c|f201fe|200704100501000000008a3a[payload->]........:||14,986
2025-07-31T01:21:59.399 0100|00|00|05|fa0001|2007049832[payload->].2||12,952
2025-07-31T01:21:59.500 0100|01|00|0c|f201fe|200704100501000000008a3a[payload->]........:||14,986
2025-07-31T01:32:08.425 0100|00|00|05|fa0001|2007049832[payload->].2||12,952
2025-07-31T01:32:08.527 0100|01|00|0c|f201fe|200704100501000000008a3a[payload->]........:||14,986
2025-07-31T01:42:17.216 0100|00|00|05|fa0001|2007049832[payload->].2||12,952
2025-07-31T01:42:17.317 0100|01|00|0c|f201fe|200704100501000000008a3a[payload->]........:||14,986
2025-07-31T01:52:26.093 0100|00|00|05|fa0001|2007049832[payload->].2||12,952
2025-07-31T01:52:26.195 0100|01|00|0c|f201fe|200704100501000000008a3a[payload->]........:||14,986
2025-07-31T02:02:34.977 0100|00|00|05|fa0001|2007049832[payload->].2||12,952
2025-07-31T02:02:35.078 0100|01|00|0c|f201fe|200704100501000000008a3a[payload->]........:||14,986
2025-07-31T02:12:44.160 0100|00|00|05|fa0001|2007049832[payload->].2||12,952
2025-07-31T02:12:44.261 0100|01|00|0c|f201fe|200704100501000000008a3a[payload->]........:||14,986
2025-07-31T02:22:53.416 0100|00|00|05|fa0001|2007049832[payload->].2||12,952
2025-07-31T02:22:53.517 0100|01|00|0c|f201fe|200704100501000000008a3a[payload->]........:||14,986
2025-07-31T02:33:02.156 0100|01|00|0c|f201fe|200704100501000000008a3a[payload->]........:||14,986
2025-07-31T02:43:10.514 0100|00|00|05|fa0001|2007049832[payload->].2||12,952
2025-07-31T02:43:10.615 0100|01|00|0c|fa01fe|200704100501000000008a3a[payload->]........:||14,986
2025-07-31T03:23:44.980 0100|00|00|05|fa0001|2007049832[payload->].2||12,952
2025-07-31T03:23:45.081 0100|01|00|0c|f201fe|200704100501000000008a3a[payload->]........:||14,986
2025-07-31T03:54:10.427 0100|00|00|05|fa0001|2007049832[payload->].2||12,952
2025-07-31T03:54:10.427 0100|01|00|0c|f201fe|200704100501000000008a3a[payload->]........:||14,986
2025-07-31T04:14:28.501 0100|00|00|05|fa0001|2007049832[payload->].2||12,952
2025-07-31T04:14:28.603 0100|01|00|0c|f201fe|200704100501000000008a3a[payload->]........:||14,986
2025-07-31T05:05:12.363 0100|01|00|0c|f201fe|200704100501000000008a3a[payload->]........:||14,986
2025-07-31T05:45:48.325 0100|00|00|05|fa0001|2007049832[payload->].2||12,952
2025-07-31T05:45:48.426 0100|01|00|0c|f201fe|200704100501000000008a3a[payload->]........:||14,986
2025-07-31T06:16:12.989 0100|00|00|05|fa0001|2007049832[payload->].2||12,952
2025-07-31T06:16:13.090 0100|01|00|0c|f201fe|200704100501000000008a3a[payload->]........:||14,986
2025-07-31T06:26:21.338 0100|00|00|05|fa0001|2007049832[payload->].2||12,952
2025-07-31T06:26:21.439 0100|01|00|0c|f201fe|200704100501000000008a3a[payload->]........:||14,986
2025-07-31T06:46:38.275 0100|00|00|05|fa0001|2007049832[payload->].2||12,952
2025-07-31T06:46:38.376 0100|01|00|0c|f201fe|200704100501000000008a3a[payload->]........:||14,986
2025-07-31T07:47:29.059 0100|00|00|05|fa0001|2007049832[payload->].2||12,952
2025-07-31T07:47:29.161 0100|01|00|0c|f201fe|200704100501000000008a3a[payload->]........:||14,986
2025-07-31T07:57:37.654 0100|00|00|05|fa0001|2007049832[payload->].2||12,952
2025-07-31T07:57:37.755 0100|01|00|0c|f201fe|200704100501000000008a3a[payload->]........:||14,986
2025-07-31T08:28:03.710 0100|00|00|05|fa0001|2007049832[payload->].2||12,952
2025-07-31T08:28:03.812 0100|01|00|0c|f201fe|200704100501000000008a3a[payload->]........:||14,986
2025-07-31T08:38:12.594 0100|00|00|05|fa0001|2007049832[payload->].2||12,952
2025-07-31T08:48:20.624 0100|01|00|0c|f201fe|200704100501000000008a3a[payload->]........:||14,986
2025-07-31T08:58:29.114 0100|00|00|05|fa0001|2007049832[payload->].2||12,952
2025-07-31T08:58:29.216 0100|01|00|0c|f201fe|200704100501000000008a3a[payload->]........:||14,986
2025-07-31T09:08:38.179 0100|01|00|0c|f201fe|200704100501000000008a3a[payload->]........:||14,986
2025-07-31T09:18:46.105 0100|00|00|05|fa0001|2007049832[payload->].2||12,952
2025-07-31T09:39:02.062 0100|01|00|0c|f201fe|200704100501000000008a3a[payload->]........:||14,986
2025-07-31T09:49:10.127 0100|01|00|0c|f201fe|200704100501000000008a3a[payload->]........:||14,986
2025-07-31T10:09:27.189 0100|00|00|05|fa0001|2007049832[payload->].2||12,952
2025-07-31T10:09:27.290 0100|01|00|0c|f201fe|200704100501000000008a3a[payload->]........:||14,986
2025-07-31T10:19:35.409 0100|01|00|0c|f201fe|200704100501000000008a3a[payload->]........:||14,986
2025-07-31T11:00:09.441 0100|00|00|05|fa0001|2007049832[payload->].2||12,952
2025-07-31T11:00:09.543 0100|01|00|0c|f201fe|200704100501000000008a3a[payload->]........:||14,986
2025-07-31T11:10:18.252 0100|01|00|0c|f201fe|200704100501000000008a3a[payload->]........:||14,986
2025-07-31T11:30:35.798 0100|00|00|05|fa0001|2007049832[payload->].2||12,952
2025-07-31T11:50:52.050 0100|00|00|05|fa0001|2007049832[payload->].2||12,952
2025-07-31T11:50:52.151 0100|01|00|0c|f209fe|200704100501000000008a3a[payload->]........:||14,986
2025-07-31T12:11:09.212 0100|00|00|05|fa0001|2007049832[payload->].2||12,952
2025-07-31T12:11:09.313 0100|01|00|0c|f201fe|200704100501000000008a3a[payload->]........:||14,986
2025-07-31T12:21:18.294 0100|00|00|05|fa0001|2007049832[payload->].2||12,952
2025-07-31T12:21:18.395 0100|01|00|0c|f201fe|200704100501000000008a3a[payload->]........:||14,986
2025-07-31T12:31:28.082 0100|00|00|05|fa0001|2007049832[payload->].2||12,952
2025-07-31T12:31:28.183 0100|01|00|0c|f201fe|200704100501000000008a3a[payload->]........:||14,986
2025-07-31T12:51:47.475 0100|00|00|05|fa0001|2007049832[payload->].2||12,952
2025-07-31T12:51:47.576 0100|01|00|0c|f201fe|200704100501000000008a3a[payload->]........:||14,986
2025-07-31T13:01:56.644 0100|00|00|05|fa0001|2007049832[payload->].2||12,952
2025-07-31T13:01:56.745 0100|01|00|0c|f201fe|200704100501000000008a3a[payload->]........:||14,986
2025-07-31T13:12:03.989 0100|00|00|05|fa0001|2007049832[payload->].2||12,952
2025-07-31T13:12:04.090 0100|01|00|0c|f201fe|200704100501000000008a3a[payload->]........:||14,986
2025-07-31T13:42:29.027 0100|00|00|05|fa0001|2007049832[payload->].2||12,952
2025-07-31T13:42:29.128 0100|01|00|0c|f201fe|200704100501000000008a3a[payload->]........:||14,986
2025-07-31T14:53:30.190 0100|00|00|05|fa0001|2007049832[payload->].2||12,952
2025-07-31T14:53:30.292 0100|01|00|0c|f201fe|200704100501000000008a3a[payload->]........:||14,986
2025-07-31T15:34:04.610 0100|00|00|05|fa0001|2007049832[payload->].2||12,952
2025-07-31T15:34:04.711 0100|01|00|0c|f201fe|200704100501000000008a3a[payload->]........:||14,986
2025-07-31T15:44:13.650 0100|00|00|05|fa0001|2007049832[payload->].2||12,952
2025-07-31T15:44:13.651 0100|01|00|0c|f201fe|200704100501000000008a3a[payload->]........:||14,986
2025-07-31T16:14:40.271 0100|00|00|05|fa0001|2007049832[payload->].2||12,952
2025-07-31T16:14:40.372 0100|01|00|0c|f201fe|200704100501000000008a3a[payload->]........:||14,986
2025-07-31T16:24:49.262 0100|00|00|05|fa0001|2007049832[payload->].2||12,952
2025-07-31T16:24:49.363 0100|01|00|0c|f201fe|200704100501000000008a3a[payload->]........:||14,986
2025-07-31T16:45:06.056 0100|00|00|05|fa0001|2007049832[payload->].2||12,952
2025-07-31T17:15:32.951 0100|00|00|05|fa0001|2007049832[payload->].2||12,952
2025-07-31T17:15:32.952 0100|01|00|0c|f201fe|200704100501000000008a3a[payload->]........:||14,986
2025-07-31T17:35:51.646 0100|00|00|05|fa0001|2007049832[payload->].2||12,952
2025-07-31T17:35:51.848 0100|01|00|0c|f201fe|200704100501000000008a3a[payload->]........:||14,986
2025-07-31T17:56:09.495 0100|00|00|05|fa0001|2007049832[payload->].2||12,952
2025-07-31T18:46:53.808 0100|01|00|0c|f201fe|200704100501000000008a3a[payload->]........:||14,986
2025-07-31T19:07:12.273 0100|00|00|05|fa0001|2007049832[payload->].2||12,952
2025-07-31T19:07:12.374 0100|01|00|0c|f201fe|200704100501000000008a3a[payload->]........:||14,986
2025-07-31T19:17:21.550 0100|00|00|05|fa0001|2007049832[payload->].2||12,952
2025-07-31T19:17:21.651 0100|01|00|0c|f201fe|200704100501000000008a3a[payload->]........:||14,986
2025-07-31T19:37:39.565 0100|00|00|05|fa0001|2007049832[payload->].2||12,952
2025-07-31T19:37:39.666 0100|01|00|0c|f201fe|200704100501000000008a3a[payload->]........:||14,986
2025-07-31T20:38:31.833 0100|00|00|05|fa0001|2007049832[payload->].2||12,952
2025-07-31T20:38:31.833 0100|01|00|0c|f201fe|200704100501000000008a3a[payload->]........:||14,986
2025-07-31T20:48:41.611 0100|01|00|0c|f201fe|200704100501000000008a3a[payload->]........:||14,986
2025-07-31T20:58:50.384 0100|00|00|05|fa0001|2007049832[payload->].2||12,952
2025-07-31T20:58:50.486 0100|01|00|0c|f201fe|200704100501000000008a3a[payload->]........:||14,986
2025-07-31T21:39:26.014 0100|01|00|0c|f201fe|200704100501000000008a3a[payload->]........:||14,986
2025-07-31T21:49:35.390 0100|00|00|05|fa0001|2007049832[payload->].2||12,952
2025-07-31T21:59:42.987 0100|00|00|05|fa0001|2007049832[payload->].2||12,952
2025-07-31T21:59:42.987 0100|01|00|0c|f201fe|200704100501000000008a3a[payload->]........:||14,986
2025-07-31T22:20:00.652 0100|00|00|05|fa0001|2007049832[payload->].2||12,952
2025-07-31T22:20:00.753 0100|01|00|0c|f201fe|200704100501000000008a3a[payload->]........:||14,986
2025-07-31T22:50:28.353 0100|00|00|05|fa0001|2007049832[payload->].2||12,952
2025-07-31T22:50:28.454 0100|01|00|0c|f201fe|200704100501000000008a3a[payload->]........:||14,986
2025-07-31T23:00:37.149 0100|00|00|05|fa0001|2007049832[payload->].2||12,952
2025-07-31T23:00:37.250 0100|01|00|0c|f201fe|200704100501000000008a3a[payload->]........:||14,986
2025-07-31T23:10:46.114 0100|00|00|05|fa0001|2007049832[payload->].2||12,952
2025-07-31T23:10:46.215 0100|01|00|0c|f201fe|200704100501000000008a3a[payload->]........:||14,986
2025-07-31T23:20:54.851 0100|00|00|05|fa0001|2007049832[payload->].2||12,952
2025-07-31T23:20:54.952 0100|01|00|0c|f201fe|200704100501000000008a3a[payload->]........:||14,986
2025-07-31T23:31:03.885 0100|00|00|05|fa0001|2007049832[payload->].2||12,952
2025-07-31T23:31:03.885 0100|01|00|0c|f201fe|200704100501000000008a3a[payload->]........:||14,986
2025-07-31T23:51:22.608 0100|00|00|05|fa0001|2007049832[payload->].2||12,952
2025-07-31T23:51:22.709 0100|01|00|0c|f201fe|200704100501000000008a3a[payload->]........:||14,986
2025-08-01T00:01:31.659 0100|00|00|05|fa0001|2007049832[payload->].2||12,952
2025-08-01T00:01:31.760 0100|01|00|0c|f201fe|200704100501000000008a3a[payload->]........:||14,986
2025-08-01T00:11:40.276 0100|00|00|05|fa0001|2007049832[payload->].2||12,952
2025-08-01T00:11:40.378 0100|01|00|0c|f201fe|200704100501000000008a3a[payload->]........:||14,986
2025-08-01T00:21:49.760 0100|00|00|05|fa0001|2007049832[payload->].2||12,952
2025-08-01T00:21:49.861 0100|01|00|0c|f201fe|200704100501000000008a3a[payload->]........:||14,986
2025-08-01T00:31:58.021 0100|00|00|05|fa0001|2007049832[payload->].2||12,952
2025-08-01T00:31:58.122 0100|01|00|0c|f201fe|200704100501000000008a3a[payload->]........:||14,986
2025-08-01T01:12:33.551 0100|00|00|05|fa0001|2007049832[payload->].2||12,952
2025-08-01T01:12:33.652 0100|01|00|0c|f201fe|200704100501000000008a3a[payload->]........:||14,986
2025-08-01T01:22:43.105 0100|00|00|05|fa0001|2007049832[payload->].2||12,952
2025-08-01T01:22:43.105 0100|01|00|0c|f201fe|200704100501000000008a3a[payload->]........:||14,986
2025-08-01T01:53:09.198 0100|00|00|05|fa0001|2007049832[payload->].2||12,952
2025-08-01T01:53:09.198 0100|01|00|0c|f201fe|200704100501000000008a3a[payload->]........:||14,986
2025-08-01T02:03:18.156 0100|00|00|05|fa0001|2007049832[payload->].2||12,952
2025-08-01T02:03:18.258 0100|01|00|0c|f201fe|200704100501000000008a3a[payload->]........:||14,986
2025-08-01T02:13:27.164 0100|00|00|05|fa0001|2007049832[payload->].2||12,952
2025-08-01T02:13:27.265 0100|01|00|0c|f201fe|200704100501000000008a3a[payload->]........:||14,986
2025-08-01T02:43:53.680 0100|00|00|05|fa0001|2007049832[payload->].2||12,952
2025-08-01T02:43:53.781 0100|01|00|0c|f201fe|200704100501000000008a3a[payload->]........:||14,986
2025-08-01T02:54:02.226 0100|00|00|05|fa0001|2007049832[payload->].2||12,952
2025-08-01T02:54:02.327 0100|01|00|0c|f201fe|200704100501000000008a3a[payload->]........:||14,986
2025-08-01T03:14:19.225 0100|00|00|05|fa0001|2007049832[payload->].2||12,952
2025-08-01T03:14:19.326 0100|01|00|0c|f201fe|2007041005e30100000005fa[payload->].........||64,005
2025-08-01T03:24:27.611 0100|00|00|05|fa0001|2007049832[payload->].2||12,952
2025-08-01T03:24:27.712 0100|01|00|0c|f201fe|200704100501000000008a3a[payload->]........:||14,986
2025-08-01T03:44:44.135 0100|00|00|05|fa0001|2007049832[payload->].2||12,952
2025-08-01T03:44:44.236 0100|01|00|0c|f201fe|200704100501000000008a3a[payload->]........:||14,986
2025-08-01T03:54:53.420 0100|00|00|05|fa0001|2007049832[payload->].2||12,952
2025-08-01T03:54:53.522 0100|01|00|0c|f201fe|200704100501000000008a3a[payload->]........:||14,986
2025-08-01T04:55:48.138 0100|00|00|05|fa0001|2007049832[payload->].2||12,952
2025-08-01T04:55:48.239 0100|01|00|0c|f201fe|200704100501000000008a3a[payload->]........:||14,986
2025-08-01T05:16:05.986 0100|00|00|05|fa0001|2007049832[payload->].2||12,952
2025-08-01T05:16:06.087 0100|01|00|0c|f201fe|200704100501000000008a3a[payload->]........:||14,986
2025-08-01T05:26:13.699 0100|00|00|05|fa0001|2007049832[payload->].2||12,952
2025-08-01T05:26:13.800 0100|01|00|0c|f201fe|200704100501000000008a3a[payload->]........:||14,986
2025-08-01T05:36:23.486 0100|00|00|05|fa0001|2007049832[payload->].2||12,952
2025-08-01T05:36:23.588 0100|01|00|0c|f201fe|200704100501000000008a3a[payload->]........:||14,986
2025-08-01T05:46:31.912 0100|00|00|05|fa0001|2007049832[payload->].2||12,952
2025-08-01T05:46:32.013 0100|01|00|0c|f201fe|200704100501000000008a3a[payload->]........:||14,986
2025-08-01T06:27:07.972 0100|00|00|05|fa0001|2007049832[payload->].2||12,952
2025-08-01T06:27:08.074 0100|01|00|0c|f201fe|200704100501000000008a3a[payload->]........:||14,986
2025-08-01T06:47:24.445 0100|00|00|05|fa0001|2007049832[payload->].2||12,952
2025-08-01T06:47:24.546 0100|01|00|0c|f201fe|200704100501000000008a3a[payload->]........:||14,986
2025-08-01T06:57:33.276 0100|00|00|05|fa0001|2007049832[payload->].2||12,952
2025-08-01T06:57:33.377 0100|01|00|0c|f201fe|200704100501000000008a3a[payload->]........:||14,986
2025-08-01T07:07:41.701 0100|00|00|05|fa0001|2007049832[payload->].2||12,952
2025-08-01T07:07:41.701 0100|01|00|0c|f201fe|200704100501000000008a3a[payload->]........:||14,986
2025-08-01T07:27:59.095 0100|00|00|05|fa0001|2007049832[payload->].2||12,952
2025-08-01T07:27:59.197 0100|01|00|0c|f201fe|200704100501000000008a3a[payload->]........:||14,986
2025-08-01T07:48:15.854 0100|01|00|0c|f201fe|200704100501000000008a3a[payload->]........:||14,986
2025-08-01T08:08:34.156 0100|01|00|0c|f201fe|200704100501000000008a3a[payload->]........:||14,986
2025-08-01T08:18:43.224 0100|00|00|05|fa0001|2007049832[payload->].2||12,952
2025-08-01T08:18:43.325 0100|01|00|0c|f201fe|200704100501000000008a3a[payload->]........:||14,986
2025-08-01T08:28:51.503 0100|00|00|05|fa0001|2007049832[payload->].2||12,952
2025-08-01T08:28:51.604 0100|01|00|0c|f201fe|200704100501000000008a3a[payload->]........:||14,986
2025-08-01T08:39:00.252 0100|00|00|05|fa0001|2007049832[payload->].2||12,952
2025-08-01T08:39:00.353 0100|01|00|0c|f201fe|200704100501000000008a3a[payload->]........:||14,986
2025-08-01T08:59:18.837 0100|00|00|05|fa0001|2007049832[payload->].2||12,952
2025-08-01T08:59:18.939 0100|01|00|0c|f201fe|200704100501000000008a3a[payload->]........:||14,986
2025-08-01T09:09:27.662 0100|00|00|05|fa0001|2007049832[payload->].2||12,952
2025-08-01T09:09:27.663 0100|01|00|0c|f201fe|200704100501000000008a3a[payload->]........:||14,986
2025-08-01T09:39:54.381 0100|00|00|05|fa0001|2007049832[payload->].2||12,952
2025-08-01T09:39:54.482 0100|01|00|0c|f201fe|200704100501000000008a3a[payload->]........:||14,986
2025-08-01T09:50:02.785 0100|00|00|05|fa0001|2007049832[payload->].2||12,952
2025-08-01T09:50:02.887 0100|01|00|0c|f201fe|200704100501000000008a3a[payload->]........:||14,986
2025-08-01T10:10:20.438 0100|00|00|05|fa0001|2007049832[payload->].2||12,952
2025-08-01T10:20:29.321 0100|00|00|05|fa0001|2007049832[payload->].2||12,952
2025-08-01T10:20:29.422 0100|01|00|0c|f201fe|200704100501000000008a3a[payload->]........:||14,986
2025-08-01T11:41:42.330 0100|00|00|05|fa0001|2007049832[payload->].2||12,952
2025-08-01T11:41:42.431 0100|01|00|0c|f201fe|200704100501000000008a3a[payload->]........:||14,986
2025-08-01T11:51:51.405 0100|00|00|05|fa0001|2007049832[payload->].2||12,952
2025-08-01T11:51:51.506 0100|01|00|0c|f201fe|200704100501000000008a3a[payload->]........:||14,986
2025-08-01T12:22:18.844 0100|00|00|05|fa0001|2007049832[payload->].2||12,952
2025-08-01T12:22:18.945 0100|01|00|0c|f200fe|200704100501000000008a3a[payload->]........:||14,986
2025-08-01T13:02:52.865 0100|00|00|05|fa0001|2007049832[payload->].2||12,952
2025-08-01T13:02:52.966 0100|01|00|0c|f201fe|200704100501000000008a3a[payload->]........:||14,986
2025-08-01T13:13:01.975 0100|00|00|05|fa0001|2007049832[payload->].2||12,952
2025-08-01T13:13:01.975 0100|01|00|0c|f201fe|200704100501000000008a3a[payload->]........:||14,986
2025-08-01T13:23:10.607 0100|00|00|05|fa0001|2007049832[payload->].2||12,952
2025-08-01T13:23:10.708 0100|01|00|0c|f201fe|200704100501000000008a3a[payload->]........:||14,986
2025-08-01T13:43:28.137 0100|00|00|05|fa0001|2007049832[payload->].2||12,952
2025-08-01T13:43:28.238 0100|01|00|0c|f201fe|200704100501000000008a3a[payload->]........:||14,986
2025-08-01T13:53:36.952 0100|00|00|05|fa0001|2007049832[payload->].2||12,952
2025-08-01T13:53:37.053 0100|01|00|0c|f201fe|200704100501000000008a3a[payload->]........:||14,986
2025-08-01T14:13:54.038 0100|00|00|05|fa0001|2007049832[payload->].2||12,952
2025-08-01T14:13:54.140 0100|01|00|0c|f201fe|200704100501000000008a3a[payload->]........:||14,986
2025-08-01T14:24:03.197 0100|00|00|05|fa0001|2007049832[payload->].2||12,952
2025-08-01T14:24:03.298 0100|01|00|0c|f201fe|200704100501000000008a3a[payload->]........:||14,986
2025-08-01T14:44:20.134 0100|00|00|05|fa0001|2007049832[payload->].2||12,952
2025-08-01T14:44:20.335 0100|01|00|0c|f201fe|200704100501000000008a3a[payload->]........:||14,986
2025-08-01T14:54:29.205 0100|00|00|05|fa0001|2007049832[payload->].2||12,952
2025-08-01T14:54:29.306 0100|01|00|0c|f201fe|200704100501000000008a3a[payload->]........:||14,986
2025-08-01T15:24:55.502 0100|01|00|0c|f201fe|200704100501000000008a3a[payload->]........:||14,986
2025-08-01T15:35:04.939 0100|00|00|05|fa0001|2007049832[payload->].2||12,952
2025-08-01T15:35:05.041 0100|01|00|0c|f201fe|200704100501000000008a3a[payload->]........:||14,986
2025-08-01T15:45:13.413 0100|00|00|05|fa0001|2007040100[payload->]..||0,001
2025-08-01T16:05:30.649 0100|00|00|05|fa0001|2007049832[payload->].2||12,952
2025-08-01T16:05:30.750 0100|01|00|0c|f201fe|200704100501000000008a3a[payload->]........:||14,986
2025-08-01T16:25:48.596 0100|00|00|05|fa0001|2007049832[payload->].2||12,952
2025-08-01T16:35:57.243 0100|00|00|05|fa0001|2007049832[payload->].2||12,952
2025-08-01T16:35:57.344 0100|01|00|0c|f201fe|200704100501000000008a3a[payload->]........:||14,986
2025-08-01T16:46:06.244 0100|00|00|05|fa0001|2007049832[payload->].2||12,952
2025-08-01T16:46:06.244 0100|01|00|0c|f201fe|200704100501000000008a3a[payload->]........:||14,986
2025-08-01T16:56:14.189 0100|00|00|05|fa0001|2007049832[payload->].2||12,952
2025-08-01T16:56:14.290 0100|01|00|0c|f201fe|200704100501000000008a3a[payload->]........:||14,986
2025-08-01T17:06:23.202 0100|00|00|05|fa0001|2007049832[payload->].2||12,952
2025-08-01T17:06:23.303 0100|01|00|0c|f201fe|200704100501000000008a3a[payload->]........:||14,986
2025-08-01T17:46:58.039 0100|00|00|05|fa0001|2007049832[payload->].2||12,952
2025-08-01T17:46:58.140 0100|01|00|0c|f201fe|200704100501000000008a3a[payload->]........:||14,986
2025-08-01T18:07:15.769 0100|00|00|05|fa0001|2007049832[payload->].2||12,952
2025-08-01T18:07:15.870 0100|01|00|0c|f201fe|200704100501000000008a3a[payload->]........:||14,986
2025-08-01T18:17:24.293 0100|00|00|05|fa0001|2007049832[payload->].2||12,952
2025-08-01T18:17:24.394 0100|01|00|0c|f201fe|200704100501000000008a3a[payload->]........:||14,986
2025-08-01T18:27:33.340 0100|00|00|05|fa0001|2007049832[payload->].2||12,952
2025-08-01T18:27:33.441 0100|01|00|0c|f201fe|200704100501000000008a3a[payload->]........:||14,986
2025-08-01T18:47:49.096 0100|00|00|05|fa0001|2007049832[payload->].2||12,952
2025-08-01T18:47:49.197 0100|01|00|0c|f201fe|200704100501000000008a3a[payload->]........:||14,986
2025-08-01T18:57:57.924 0100|00|00|05|fa0001|2007049832[payload->].2||12,952
2025-08-01T18:57:58.025 0100|01|00|0c|f201fe|200704100501000000008a3a[payload->]........:||14,986
2025-08-01T19:08:07.172 0100|00|00|05|fa0001|2007049832[payload->].2||12,952
2025-08-01T19:08:07.273 0100|01|00|0c|f201fe|200704100501000000008a3a[payload->]........:||14,986
2025-08-01T19:18:15.496 0100|01|00|0c|f201fe|200704100501000000008a3a[payload->]........:||14,986
2025-08-01T19:28:24.323 0100|00|00|05|fa0001|2007049832[payload->].2||12,952
2025-08-01T19:28:24.425 0100|01|00|0c|f201fe|200704100501000000008a3a[payload->]........:||14,986
2025-08-01T19:58:48.983 0100|00|00|05|fa0001|2007049832[payload->].2||12,952
2025-08-01T19:58:49.085 0100|01|00|0c|f201fe|200704100501000000008a3a[payload->]........:||14,986
2025-08-01T20:08:57.743 0100|00|00|05|fa0001|2007049832[payload->].2||12,952
2025-08-01T20:08:57.844 0100|01|00|0c|f201fe|200704100501000000008a3a[payload->]........:||14,986
2025-08-01T20:29:15.533 0100|00|00|05|fa0001|2007049832[payload->].2||12,952
2025-08-01T20:29:15.634 0100|01|00|0c|f201fe|200704100501000000008a3a[payload->]........:||14,986
2025-08-01T20:39:24.266 0100|00|00|05|fa0001|2007049832[payload->].2||12,952
2025-08-01T20:39:24.367 0100|01|00|0c|f201fe|200704100501000000008a3a[payload->]........:||14,986
2025-08-01T20:49:33.024 0100|00|00|05|fa0001|2007049832[payload->].2||12,952
2025-08-01T20:49:33.125 0100|01|00|0c|f201fe|200704100501000000008a3a[payload->]........:||14,986
2025-08-01T20:59:41.719 0100|00|00|05|fa0001|2007049832[payload->].2||12,952
2025-08-01T20:59:41.719 0100|01|00|0c|f200fe|200704100501000000008a3a[payload->]........:||14,986
2025-08-01T21:19:58.749 0100|00|00|05|fa0001|2007049832[payload->].2||12,952
2025-08-01T21:19:58.950 0100|01|00|0c|f201fe|200704100501000000008a3a[payload->]........:||14,986
2025-08-01T21:30:08.341 0100|00|00|05|fa0001|2007049832[payload->].2||12,952
2025-08-01T21:30:08.341 0100|01|00|0c|f201fe|200704100501000000008a3a[payload->]........:||14,986
2025-08-01T22:10:44.159 0100|00|00|05|fa0001|2007049832[payload->].2||12,952
2025-08-01T22:10:44.260 0100|01|00|0c|f201fe|200704100501000000008a3a[payload->]........:||14,986
2025-08-01T22:20:53.104 0100|00|00|05|fa0001|2007042007[payload->] .||1,824
2025-08-01T22:51:20.111 0100|00|00|05|fa0001|2007049832[payload->].2||12,952
2025-08-01T22:51:20.212 0100|01|00|0c|f201fe|200704100501000000008a3a[payload->]........:||14,986
2025-08-01T23:01:29.078 0100|00|00|05|fa0001|2007049832[payload->].2||12,952
2025-08-01T23:01:29.078 0100|01|00|0c|f201fe|200704100501000000008a3a[payload->]........:||14,986
2025-08-01T23:21:46.641 0100|01|00|0c|f201fe|200704100501000000008a3a[payload->]........:||14,986
2025-08-01T23:52:11.802 0100|00|00|05|fa0001|2007049832[payload->].2||12,952
2025-08-01T23:52:11.904 0100|01|00|0c|f201fe|200704100501000000008a3a[payload->]........:||14,986
2025-08-02T00:02:20.072 0100|00|00|05|fa0001|2007049832[payload->].2||12,952
2025-08-02T00:02:20.173 0100|01|00|0c|f201fe|200704100501000000008a3a[payload->]........:||14,986
2025-08-02T00:12:29.108 0100|01|00|0c|f201fe|200704100501000000008a3a[payload->]........:||14,986
2025-08-02T00:22:38.205 0100|00|00|05|fa0001|2007049832[payload->].2||12,952
2025-08-02T00:22:38.306 0100|01|00|0c|f201fe|200704100501000000008a3a[payload->]........:||14,986
2025-08-02T01:03:11.789 0100|00|00|05|fa0001|2007049832[payload->].2||12,952
2025-08-02T01:13:20.988 0100|00|00|05|fa0001|2007049832[payload->].2||12,952
2025-08-02T01:13:21.089 0100|01|00|0c|f201fe|200704100501000000008a3a[payload->]........:||14,986
2025-08-02T01:23:30.084 0100|00|00|05|fa0001|2007049832[payload->].2||12,952
2025-08-02T01:23:30.085 0100|01|00|0c|f201fe|200704100501000000008a3a[payload->]........:||14,986
2025-08-02T01:43:48.240 0100|00|00|05|fa0001|2007049832[payload->].2||12,952
2025-08-02T01:43:48.341 0100|01|00|0c|f201fe|200704100501000000008a3a[payload->]........:||14,986
2025-08-02T02:14:15.357 0100|00|00|05|fa0001|2007049832[payload->].2||12,952
2025-08-02T02:14:15.358 0100|01|00|0c|f201fe|200704100501000000008a3a[payload->]........:||14,986
2025-08-02T02:24:24.199 0100|00|00|05|fa0001|2007049832[payload->].2||12,952
2025-08-02T02:24:24.300 0100|01|00|0c|f201fe|200704100501000000008a3a[payload->]........:||14,986
2025-08-02T02:44:41.911 0100|00|00|05|fa0001|2007049832[payload->].2||12,952
2025-08-02T02:44:42.012 0100|01|00|0c|f201fe|200704100501000000008a3a[payload->]........:||14,986
2025-08-02T03:04:59.036 0100|00|00|05|fa0001|2007049832[payload->].2||12,952
2025-08-02T03:04:59.138 0100|01|00|0c|f201fe|200704100501000000008a3a[payload->]........:||14,986
2025-08-02T03:25:17.150 0100|00|00|05|fa0001|2007049832[payload->].2||12,952
2025-08-02T03:25:17.251 0100|01|00|0c|f201fe|200704100501000000008a3a[payload->]........:||14,986
2025-08-02T03:35:25.086 0100|00|00|05|fa0001|2007049832[payload->].2||12,952
2025-08-02T03:35:25.187 0100|01|00|0c|f201fe|200704100501000000008a3a[payload->]........:||14,986
2025-08-02T04:15:58.818 0100|00|00|05|fa0001|2007049832[payload->].2||12,952
2025-08-02T04:15:58.920 0100|01|00|0c|f201fe|200704100501000000008a3a[payload->]........:||14,986
2025-08-02T04:56:34.261 0100|00|00|05|fa0001|2007049832[payload->].2||12,952
2025-08-02T04:56:34.261 0100|01|00|0c|f201fe|200704100501000000008a3a[payload->]........:||14,986
2025-08-02T05:06:43.048 0100|00|00|05|fa0001|2007049832[payload->].2||12,952
2025-08-02T05:06:43.149 0100|01|00|0c|f201fe|200704100501000000008a3a[payload->]........:||14,986
2025-08-02T05:16:51.862 0100|00|00|05|fa0001|2007049832[payload->].2||12,952
2025-08-02T05:16:51.963 0100|01|00|0c|f201fe|200704100501000000008a3a[payload->]........:||14,986
2025-08-02T05:27:00.150 0100|00|00|05|fa0001|2007049832[payload->].2||12,952
2025-08-02T05:27:00.251 0100|01|00|0c|f201fe|200704100501000000008a3a[payload->]........:||14,986
2025-08-02T05:37:09.216 0100|00|00|05|fa0001|2007049832[payload->].2||12,952
2025-08-02T05:47:18.314 0100|00|00|05|fa0001|2007049832[payload->].2||12,952
2025-08-02T05:47:18.415 0100|01|00|0c|f201fe|200704100501000000008a3a[payload->]........:||14,986
2025-08-02T06:17:44.315 0100|00|00|05|fa0001|2007049832[payload->].2||12,952
2025-08-02T06:17:44.416 0100|01|00|0c|f201fe|200704100501000000008a3a[payload->]........:||14,986
2025-08-02T06:27:53.044 0100|01|00|0c|f201fe|200704100501000000008a3a[payload->]........:||14,986
2025-08-02T06:38:01.961 0100|00|00|05|fa0001|2007049832[payload->].2||12,952
2025-08-02T06:38:01.961 0100|01|00|0c|f201fe|200704100501000000008a3a[payload->]........:||14,986
2025-08-02T06:58:19.952 0100|01|00|0c|f201fe|200704100501000000008a3a[payload->]........:||14,986
2025-08-02T07:08:29.024 0100|00|00|05|fa0001|2007049832[payload->].2||12,952
2025-08-02T07:08:29.125 0100|01|00|0c|f201fe|200704100501000000008a3a[payload->]........:||14,986
2025-08-02T07:18:38.169 0100|00|00|05|fa0001|2007049832[payload->].2||12,952
2025-08-02T07:18:38.270 0100|01|00|0c|f201fe|200704100501000000008a3a[payload->]........:||14,986
2025-08-02T07:38:55.069 0100|00|00|05|fa0001|2007049832[payload->].2||12,952
2025-08-02T07:38:55.170 0100|01|00|0c|f201fe|200704100501000000008a3a[payload->]........:||14,986
2025-08-02T07:49:03.761 0100|00|00|05|fa0001|2007049832[payload->].2||12,952
2025-08-02T07:49:03.863 0100|01|00|0c|f201fe|200704100501000000008a3a[payload->]........:||14,986
2025-08-02T08:09:22.160 0100|01|00|0c|f201fe|200704100501000000008a3a[payload->]........:||14,986
2025-08-02T08:39:48.496 0100|00|00|05|fa0001|2007049832[payload->].2||12,952
2025-08-02T08:39:48.598 0100|01|00|0c|f201fe|200704100501000000008a3a[payload->]........:||14,986
2025-08-02T08:49:57.301 0100|01|00|0c|f201fe|200704100501000000008a3a[payload->]........:||14,986
2025-08-02T09:30:32.059 0100|00|00|05|fa0001|2007049832[payload->].2||12,952
2025-08-02T09:30:32.160 0100|01|00|0c|f201fe|200704100501000000008a3a[payload->]........:||14,986
2025-08-02T09:40:39.847 0100|00|00|05|fa0001|2007049832[payload->].2||12,952
2025-08-02T09:40:39.948 0100|01|00|0c|f201fe|200704100541480000008a3a[payload->]..AH....:||14,986
2025-08-02T09:50:49.201 0100|00|00|05|fa0001|2007049832[payload->].2||12,952
2025-08-02T09:50:49.302 0100|01|00|0c|f201fe|200704100501000000008a3a[payload->]........:||14,986
2025-08-02T10:21:15.519 0100|00|00|05|fa0001|2007049832[payload->].2||12,952
2025-08-02T11:11:59.944 0100|00|00|05|fa0001|2007049832[payload->].2||12,952
2025-08-02T11:12:00.046 0100|01|00|0c|f201fe|200704100501000000008a3a[payload->]........:||14,986
2025-08-02T11:22:08.292 0100|01|00|0c|f201fe|200704100501000000008a3a[payload->]........:||14,986
2025-08-02T11:32:17.613 0100|00|00|05|fa0001|2007049832[payload->].2||12,952
2025-08-02T11:32:17.714 0100|01|00|0c|fa01fe|20070410050000f439010000[payload->].....9...||0,000
2025-08-02T11:52:34.893 0100|00|00|05|fa0001|2007049832[payload->].2||12,952
2025-08-02T11:52:34.995 0100|01|00|0c|f201fe|200704100501000000008a3a[payload->]........:||14,986
2025-08-02T12:23:01.252 0100|00|00|05|fa0001|2007049832[payload->].2||12,952
2025-08-02T12:23:01.253 0100|01|00|0c|f201fe|200704100501000000008a3a[payload->]........:||14,986
2025-08-02T12:33:09.298 0100|00|00|05|fa0001|2007049832[payload->].2||12,952
2025-08-02T12:33:09.399 0100|01|00|0c|f201fe|200704100501000000008a3a[payload->]........:||14,986
2025-08-02T13:13:44.089 0100|00|00|05|fa0001|2007049832[payload->].2||12,952
2025-08-02T13:23:53.140 0100|00|00|05|fa0001|2007049832[payload->].2||12,952
2025-08-02T13:23:53.241 0100|01|00|0c|f201fe|200704100501000000008a3a[payload->]........:||14,986
2025-08-02T13:44:10.227 0100|01|00|0c|f201fe|200704100501000000008a3a[payload->]........:||14,986
2025-08-02T14:04:28.082 0100|00|00|05|fa0001|2007049832[payload->].2||12,952
2025-08-02T14:04:28.183 0100|01|00|0c|f201fe|200704100501000000008a3a[payload->]........:||14,986
2025-08-02T14:14:37.203 0100|01|00|0c|f201fe|200704100501000000008a3a[payload->]........:||14,986
2025-08-02T14:24:45.214 0100|00|00|05|fa0001|2007049832[payload->].2||12,952
2025-08-02T14:24:45.315 0100|01|00|0c|f201fe|200704100501000000008a3a[payload->]........:||14,986
2025-08-02T14:45:03.418 0100|00|00|05|fa0001|2007049832[payload->].2||12,952
2025-08-02T14:45:03.519 0100|01|00|0c|f201fe|200704100501000000008a3a[payload->]........:||14,986
2025-08-02T14:55:12.191 0100|00|00|05|fa0001|2007049832[payload->].2||12,952
2025-08-02T14:55:12.293 0100|01|00|0c|f201fe|200704100501000000008a3a[payload->]........:||14,986
2025-08-02T15:15:30.423 0100|00|00|05|fa0001|2007049832[payload->].2||12,952
2025-08-02T15:15:30.525 0100|01|00|0c|f201fe|200704100501000000008a3a[payload->]........:||14,986
2025-08-02T15:35:48.307 0100|00|00|05|fa0001|2007049832[payload->].2||12,952
2025-08-02T15:35:48.307 0100|01|00|0c|f201fe|200704100501000000008a3a[payload->]........:||14,986
2025-08-02T15:45:57.777 0100|00|00|05|fa0001|2007049832[payload->].2||12,952
2025-08-02T15:45:57.878 0100|01|00|0c|f201fe|200704100501000000008a3a[payload->]........:||14,986
2025-08-02T15:56:05.763 0100|00|00|05|fa0001|2007049832[payload->].2||12,952
2025-08-02T15:56:05.763 0100|01|00|0c|f201fe|200704100501000000008a3a[payload->]........:||14,986
2025-08-02T16:06:14.482 0100|00|00|05|fa0001|2007049832[payload->].2||12,952
2025-08-02T16:06:14.584 0100|01|00|0c|f201fe|200704100501000000008a3a[payload->]........:||14,986
2025-08-02T16:16:22.707 0100|00|00|05|fa0001|2007049832[payload->].2||12,952
2025-08-02T16:16:22.808 0100|01|00|0c|f201fe|200704100501000000008a3a[payload->]........:||14,986
2025-08-02T16:26:31.097 0100|00|00|05|fa0001|2007049832[payload->].2||12,952
2025-08-02T16:26:31.199 0100|01|00|0c|f209fe|200704100501000000008a3a[payload->]........:||14,986
2025-08-02T16:36:40.387 0100|00|00|05|fa0001|2007049832[payload->].2||12,952
2025-08-02T16:36:40.488 0100|01|00|0c|f201fe|2007040100000005fa000120[payload->]........ ||8,193
2025-08-02T16:46:49.156 0100|00|00|05|fa0001|2007049832[payload->].2||12,952
2025-08-02T16:46:49.257 0100|01|00|0c|f201fe|200704100501000000008a3a[payload->]........:||14,986
2025-08-02T17:17:16.047 0100|00|00|05|fa0001|2007049832[payload->].2||12,952
2025-08-02T17:17:16.148 0100|01|00|0c|f201fe|200704100501000000591801[payload->]......Y..||0,280
2025-08-02T17:27:24.130 0100|00|00|05|fa0001|2007049832[payload->].2||12,952
2025-08-02T17:27:24.232 0100|01|00|0c|f201fe|200704100501000000008a3a[payload->]........:||14,986
2025-08-02T17:37:33.037 0100|00|00|05|fa0001|2007049832[payload->].2||12,952
2025-08-02T17:37:33.138 0100|01|00|0c|f201fe|200704100501000000008a3a[payload->]........:||14,986
2025-08-02T18:08:00.454 0100|00|00|05|fa0001|2007049832[payload->].2||12,952
2025-08-02T18:08:00.555 0100|01|00|0c|f201fe|200704100501000000008a3a[payload->]........:||14,986
2025-08-02T18:18:09.046 0100|01|00|0c|f201fe|200704100501000000008a3a[payload->]........:||14,986
2025-08-02T18:38:27.360 0100|00|00|05|fa0001|2007049832[payload->].2||12,952
2025-08-02T18:48:35.773 0100|00|00|05|fa0001|2007049832[payload->].2||12,952
2025-08-02T18:48:35.874 0100|01|00|0c|f201fe|200704100501000000008a3a[payload->]........:||14,986
2025-08-02T19:19:02.477 0100|01|00|0c|f201fe|200704100501000000008a3a[payload->]........:||14,986
2025-08-02T19:49:29.617 0100|01|00|0c|f201fe|200704100501000000008a3a[payload->]........:||14,986
2025-08-02T19:59:38.639 0100|01|00|0c|f201fe|200704100501000000008a3a[payload->]........:||14,986
2025-08-02T20:09:47.703 0100|00|00|05|fa0001|2007049832[payload->].2||12,952
2025-08-02T20:09:47.804 0100|01|00|0c|f201fe|200704100501000000008a3a[payload->]........:||14,986
2025-08-02T20:19:55.883 0100|00|00|05|fa0001|2007049832[payload->].2||12,952
2025-08-02T20:19:55.883 0100|01|00|0c|f201fe|200704100501000000008a3a[payload->]........:||14,986
2025-08-02T20:30:04.267 0100|00|00|05|fa0001|2007049832[payload->].2||12,952
2025-08-02T20:30:04.468 0100|01|00|0c|f201fe|200704100501000000008a3a[payload->]........:||14,986
2025-08-02T20:40:12.790 0100|00|00|05|fa0001|2007049832[payload->].2||12,952
2025-08-02T21:00:30.572 0100|01|00|0c|f201fe|200704100501000000008a3a[payload->]........:||14,986
2025-08-02T21:10:40.029 0100|00|00|05|fa0001|2007049832[payload->].2||12,952
2025-08-02T21:10:40.130 0100|01|00|0c|f201fe|200704100501080b1282000f[payload->].........||3,840
2025-08-02T21:41:05.351 0100|00|00|05|fa0001|2007049832[payload->].2||12,952
2025-08-02T21:41:05.453 0100|01|00|0c|f201fe|200704100501000000008a3a[payload->]........:||14,986
2025-08-02T21:51:14.255 0100|00|00|05|fa0001|2007049832[payload->].2||12,952
2025-08-02T21:51:14.355 0100|01|00|0c|f201fe|200704100501000000008a3a[payload->]........:||14,986
2025-08-02T22:21:41.331 0100|00|00|05|fa0001|2007049832[payload->].2||12,952
2025-08-02T22:21:41.432 0100|01|00|0c|f201fe|200704100501000000008a3a[payload->]........:||14,986
2025-08-02T22:31:50.682 0100|00|00|05|fa0001|2007049832[payload->].2||12,952
2025-08-02T22:31:50.783 0100|01|00|0c|f201fe|200704100501000000008a3a[payload->]........:||14,986
2025-08-02T23:12:25.504 0100|00|00|05|fa0001|2007049832[payload->].2||12,952
2025-08-02T23:12:25.706 0100|01|00|0c|f201fe|200704100501000000008a3a[payload->]........:||14,986
2025-08-02T23:32:42.103 0100|00|00|05|fa0001|2007049832[payload->].2||12,952
2025-08-02T23:32:42.205 0100|01|00|0c|f201fe|200704100501000000008a3a[payload->]........:||14,986
2025-08-03T00:23:26.662 0100|00|00|05|fa0001|2007049832[payload->].2||12,952
2025-08-03T00:23:26.763 0100|01|00|0c|f201fe|200704100501000000008a3a[payload->]........:||14,986
2025-08-03T01:14:10.394 0100|00|00|05|fa0001|2007049832[payload->].2||12,952
2025-08-03T01:14:10.596 0100|01|00|0c|f201fe|200704100501000000008a3a[payload->]........:||14,986
2025-08-03T01:54:45.328 0100|00|00|05|fa0001|2007049832[payload->].2||12,952
2025-08-03T01:54:45.429 0100|01|00|0c|f201fe|200704100501000000008a3a[payload->]........:||14,986
2025-08-03T02:55:37.287 0100|00|00|05|fa0001|2007049832[payload->].2||12,952
2025-08-03T02:55:37.388 0100|01|00|0c|f201fe|200704100501000000008a3a[payload->]........:||14,986
2025-08-03T03:46:23.357 0100|00|00|05|fa0001|2007049832[payload->].2||12,952
2025-08-03T03:46:23.458 0100|01|00|0c|f201fe|200704100501000000008a3a[payload->]........:||14,986
2025-08-03T03:56:31.776 0100|00|00|05|fa0001|2007049832[payload->].2||12,952
2025-08-03T03:56:31.877 0100|01|00|0c|f201fe|200704100501000000008a3a[payload->]........:||14,986
2025-08-03T04:26:58.208 0100|00|00|05|fa0001|2007049832[payload->].2||12,952
2025-08-03T04:26:58.309 0100|01|00|0c|f201fe|200704100501000000008a3a[payload->]........:||14,986
2025-08-03T04:57:24.690 0100|00|00|05|fa0001|2007049832[payload->].2||12,952
2025-08-03T04:57:24.791 0100|01|00|0c|f201fe|200704100501000000008a3a[payload->]........:||14,986
2025-08-03T05:07:33.474 0100|00|00|05|fa0001|2007049832[payload->].2||12,952
2025-08-03T05:07:33.575 0100|01|00|0c|f201fe|200704100501000000008a3a[payload->]........:||14,986
2025-08-03T05:27:51.918 0100|00|00|05|fa0001|2007049832[payload->].2||12,952
2025-08-03T05:27:52.019 0100|01|00|0c|f201fe|200704100501000000008a30[payload->]........0||12,426
2025-08-03T06:08:26.816 0100|01|00|0c|f605fe|200704100501000000008a3a[payload->]........:||14,986
2025-08-03T06:18:35.821 0100|00|00|05|fa0001|2007049832[payload->].2||12,952
2025-08-03T06:18:36.022 0100|01|00|0c|f201fe|200704100501000000008a3a[payload->]........:||14,986
2025-08-03T06:38:53.388 0100|00|00|05|fa0001|2007049832[payload->].2||12,952
2025-08-03T06:38:53.489 0100|01|00|0c|f201fe|200704100501000000008a3a[payload->]........:||14,986
2025-08-03T06:49:01.619 0100|01|00|0c|f201fe|200704100501000000008a3a[payload->]........:||14,986
2025-08-03T07:49:55.358 0100|00|00|05|fa0001|2007049832[payload->].2||12,952
2025-08-03T07:49:55.459 0100|01|00|0c|f201fe|200704100501000000008a3a[payload->]........:||14,986
2025-08-03T09:21:13.463 0100|00|00|05|fa0001|2007049832[payload->].2||12,952
2025-08-03T09:41:29.957 0100|00|00|05|fa0001|2007049832[payload->].2||12,952
2025-08-03T09:41:30.058 0100|01|00|0c|f201fe|200704100501000000008a3a[payload->]........:||14,986
2025-08-03T09:51:39.441 0100|00|00|05|fa0001|2007049832[payload->].2||12,952
2025-08-03T09:51:39.542 0100|01|00|0c|f201fe|200704100501000000008a3a[payload->]........:||14,986
2025-08-03T10:42:23.321 0100|00|00|05|fa0001|2007049832[payload->].2||12,952
2025-08-03T10:42:23.422 0100|01|00|0c|f201fe|200704100501000000008a3a[payload->]........:||14,986
2025-08-03T11:33:08.359 0100|00|00|05|fa0001|2007049832[payload->].2||12,952
2025-08-03T11:33:08.460 0100|01|00|0c|f201fe|200704100501000000008a3a[payload->]........:||14,986
2025-08-03T12:13:44.074 0100|00|00|05|fa0001|2007049832[payload->].2||12,952
2025-08-03T12:13:44.074 0100|01|00|0c|f201fe|200704100501000000008a3a[payload->]........:||14,986
2025-08-03T12:23:52.860 0100|00|00|05|fa0001|2007049832[payload->].2||12,952
2025-08-03T12:23:52.961 0100|01|00|0c|f201fe|200704100501000000008a3a[payload->]........:||14,986
2025-08-03T12:34:02.451 0100|00|00|05|fa0001|2007049832[payload->].2||12,952
2025-08-03T12:34:02.552 0100|01|00|0c|f201fe|200704100501000000008a3a[payload->]........:||14,986
2025-08-03T12:44:11.378 0100|00|00|05|fa0001|2007049832[payload->].2||12,952
2025-08-03T12:44:11.479 0100|01|00|0c|f201fe|200704100501000000008a3a[payload->]........:||14,986
2025-08-03T13:14:38.403 0100|00|00|05|fa0001|2007049832[payload->].2||12,952
2025-08-03T13:14:38.504 0100|01|00|0c|f201fe|200704100501000000008a3a[payload->]........:||14,986
2025-08-03T13:55:14.398 0100|00|00|05|fa0001|2007049832[payload->].2||12,952
2025-08-03T13:55:14.499 0100|01|00|0c|f201fe|200704100501000000008a3a[payload->]........:||14,986
2025-08-03T14:05:22.983 0100|00|00|05|fa0001|2007049832[payload->].2||12,952
2025-08-03T14:05:23.084 0100|01|00|0c|f201fe|200704100501000000008a3a[payload->]........:||14,986
2025-08-03T14:15:32.839 0100|00|00|05|fa0001|2007049832[payload->].2||12,952
2025-08-03T14:15:32.940 0100|01|00|0c|f201fe|200704100501000000008a3a[payload->]........:||14,986
2025-08-03T14:35:49.439 0100|00|00|05|fa0001|2007049832[payload->].2||12,952
2025-08-03T14:35:49.540 0100|01|00|0c|f201fe|200704100501000000008a3a[payload->]........:||14,986
2025-08-03T15:36:42.161 0100|01|00|0c|f201fe|200704100501000000008a3a[payload->]........:||14,986
2025-08-03T15:46:51.354 0100|00|00|05|fa0001|2007049832[payload->].2||12,952
2025-08-03T15:46:51.455 0100|01|00|0c|f201fe|200704100501000000008a3a[payload->]........:||14,986
2025-08-03T15:57:00.001 0100|00|00|05|fa0001|2007049832[payload->].2||12,952
2025-08-03T15:57:00.103 0100|01|00|0c|f201fe|200704100501000000008a3a[payload->]........:||14,986
2025-08-03T16:17:17.163 0100|00|00|05|fa0001|2007049832[payload->].2||12,952
2025-08-03T16:17:17.264 0100|01|00|0c|f201fe|200704100501000000008a3a[payload->]........:||14,986
2025-08-03T16:37:34.385 0100|00|00|05|fa0001|2007049832[payload->].2||12,952
2025-08-03T16:37:34.486 0100|01|00|0c|f201fe|200704100501000000008a3a[payload->]........:||14,986
2025-08-03T16:47:42.836 0100|00|00|05|fa0001|2007049832[payload->].2||12,952
2025-08-03T16:47:42.937 0100|01|00|0c|f201fe|200704100501000000008a3a[payload->]........:||14,986
2025-08-03T17:18:09.608 0100|01|00|0c|f201fe|200704100501000000008a3a[payload->]........:||14,986
2025-08-03T18:08:53.977 0100|00|00|05|fa0001|2007049832[payload->].2||12,952
2025-08-03T18:08:53.977 0100|01|00|0c|f201fe|200704100501000000008a3a[payload->]........:||14,986
