2025-07-30T20:27:45.506 0100|00|00|05|fa0001|2007035a73[payload->]Zs||29,530
2025-07-30T20:27:45.608 0100|01|00|0c|f201fe|20070310040100000000bd7a[payload->]........z||31,421
2025-07-30T20:37:53.705 0100|00|00|05|fa0001|2007035a73[payload->]Zs||29,530
2025-07-30T20:37:53.806 0100|01|00|0c|f201fe|20070310040100000000bd7a[payload->]........z||31,421
2025-07-30T20:58:11.690 0100|00|00|05|fa0001|2007035a73[payload->]Zs||29,530
2025-07-30T20:58:11.791 0100|01|00|0c|f201fe|20070310040100000000bd7a[payload->]........z||31,421
2025-07-30T21:08:20.871 0100|00|00|05|fa0001|2007035a73[payload->]Zs||29,530
2025-07-30T21:08:20.972 0100|01|00|0c|f201fe|20070310040100000000bd7a[payload->]........z||31,421
2025-07-30T21:18:29.526 0100|00|00|05|fa0001|2007035a73[payload->]Zs||29,530
2025-07-30T21:18:29.627 0100|01|00|0c|f201fe|20070310040100000000bd7a[payload->]........z||31,421
2025-07-30T21:28:38.515 0100|00|00|05|fa0001|2007035a73[payload->]Zs||29,530
2025-07-30T21:28:38.616 0100|01|00|0c|f201fe|20070310040100000000bd7a[payload->]........z||31,421
2025-07-30T21:48:55.938 0100|01|00|0c|f201fe|20070310040100000000bd7a[payload->]........z||31,421
2025-07-30T22:19:21.935 0100|00|00|05|fa0001|2007035a73[payload->]Zs||29,530
2025-07-30T22:19:22.036 0100|01|00|0c|f201fe|20070310040100000000bd7a[payload->]........z||31,421
2025-07-30T22:29:30.890 0100|00|00|05|fa0001|2007035a73[payload->]Zs||29,530
2025-07-30T22:29:30.992 0100|01|00|0c|f201fe|20070310040100000000bd7a[payload->]........z||31,421
2025-07-30T22:49:48.498 0100|00|00|05|fa0001|2007035a73[payload->]Zs||29,530
2025-07-30T22:49:48.599 0100|01|00|0c|f201fe|20070310040100000000bd7a[payload->]........z||31,421
2025-07-30T22:59:57.245 0100|00|00|05|fa0001|2007035a73[payload->]Zs||29,530
2025-07-30T22:59:57.346 0100|01|00|0c|f201fe|20070310040100000000bd7a[payload->]........z||31,421
2025-07-30T23:20:14.335 0100|00|00|05|fa0001|2007035a73[payload->]Zs||29,530
2025-07-30T23:20:14.436 0100|01|00|0c|f201fe|20070310040100000000bd7a[payload->]........z||31,421
2025-07-30T23:30:23.097 0100|00|00|05|fa0001|2007035a73[payload->]Zs||29,530
2025-07-30T23:30:23.198 0100|01|00|0c|f201fe|20070310040100000000bd7a[payload->]........z||31,421
2025-07-30T23:40:33.231 0100|00|00|05|fa0001|2007035a73[payload->]Zs||29,530
2025-07-30T23:40:33.231 0100|01|00|0c|f201fe|20070310040100000000bd7a[payload->]........z||31,421
2025-07-30T23:50:41.559 0100|00|00|05|fa0001|2007035a73[payload->]Zs||29,530
2025-07-30T23:50:41.660 0100|01|00|0c|f201fe|20070310040100000000bd7a[payload->]........z||31,421
2025-07-31T00:10:59.267 0100|00|00|05|fa0001|2007035a73[payload->]Zs||29,530
2025-07-31T00:10:59.368 0100|01|00|0c|f201fe|20070310040100000000bd7a[payload->]........z||31,421
2025-07-31T00:41:25.496 0100|01|00|0c|f201fe|20070310040100000000bd7a[payload->]........z||31,421
2025-07-31T00:51:33.892 0100|00|00|05|fa0001|2007035a73[payload->]Zs||29,530
2025-07-31T01:01:42.796 0100|00|00|05|fa0001|2007035a73[payload->]Zs||29,530
2025-07-31T01:01:42.897 0100|01|00|0c|f201fe|20070310040100000000bd7a[payload->]........z||31,421
2025-07-31T01:21:59.095 0100|00|00|05|fa0001|2007035a73[payload->]Zs||29,530
2025-07-31T01:21:59.196 0100|01|00|0c|f201fe|20070310040100000000bd7a[payload->]........z||31,421
2025-07-31T01:32:08.223 0100|00|00|05|fa0001|2007035a73[payload->]Zs||29,530
2025-07-31T01:32:08.324 0100|01|00|0c|f201fe|20070310040100000000bd7a[payload->]........z||31,421
2025-07-31T01:42:17.114 0100|01|00|0c|f201fe|20070310040100000000bd7a[payload->]........z||31,421
2025-07-31T01:52:25.890 0100|01|00|0c|f201fe|20070310040100000000bd7a[payload->]........z||31,421
2025-07-31T02:12:43.958 0100|00|00|05|fa0001|2007035a73[payload->]Zs||29,530
2025-07-31T02:12:44.160 0100|01|00|0c|f201fe|20070310040100000000bd7a[payload->]........z||31,421
2025-07-31T02:22:53.314 0100|00|00|05|fa0001|2007035a73[payload->]Zs||29,530
2025-07-31T02:22:53.415 0100|01|00|0c|f201fe|20070310040100000000bd78[payload->]........x||30,909
2025-07-31T02:53:19.784 0100|00|00|05|fa0001|2007035a73[payload->]Zs||29,530
2025-07-31T02:53:19.785 0100|01|00|0c|f201fe|200703100401000000000005[payload->].........||1,280
2025-07-31T03:54:10.123 0100|00|00|05|fa0001|2007035a73[payload->]Zs||29,530
2025-07-31T03:54:10.224 0100|01|00|0c|f201fe|20070310040100000000bd7a[payload->]........z||31,421
2025-07-31T04:14:28.299 0100|00|00|05|fa0001|2007035a73[payload->]Zs||29,530
2025-07-31T04:14:28.400 0100|01|00|0c|f201fe|20070310040100000000bd7a[payload->]........z||31,421
2025-07-31T04:34:46.203 0100|01|00|0c|f201fe|20070310040100000000bd7a[payload->]........z||31,421
2025-07-31T04:44:54.736 0100|00|00|05|fa0001|2007035a73[payload->]Zs||29,530
2025-07-31T04:44:54.837 0100|01|00|0c|f201fe|20070310040100000000bd7a[payload->]........z||31,421
2025-07-31T04:55:03.425 0100|00|00|05|fa0001|2007035a73[payload->]Zs||29,530
2025-07-31T04:55:03.426 0100|01|00|0c|f201fe|20070310040100000000bd7a[payload->]........z||31,421
2025-07-31T05:25:30.657 0100|00|00|05|fa0001|2007035a73[payload->]Zs||29,530
2025-07-31T05:25:30.758 0100|01|00|0c|f201fe|20070310040100000000bd7a[payload->]........z||31,421
2025-07-31T05:45:48.224 0100|00|00|05|fa0001|2007035a73[payload->]Zs||29,530
2025-07-31T05:45:48.325 0100|01|00|0c|f201fe|20070310040100000000bd7a[payload->]........z||31,421
2025-07-31T05:55:56.980 0100|00|00|05|fa0001|2007035a73[payload->]Zs||29,530
2025-07-31T05:55:56.981 0100|01|00|0c|f201fe|20070310040100000000bd7a[payload->]........z||31,421
2025-07-31T06:06:04.896 0100|00|00|05|fa0001|2007035a73[payload->]Zs||29,530
2025-07-31T06:06:04.997 0100|01|00|0c|f201fe|20070310040100000000bd7a[payload->]........z||31,421
2025-07-31T06:16:12.887 0100|00|00|05|fa0001|2007035a73[payload->]Zs||29,530
2025-07-31T06:16:12.988 0100|01|00|0c|f201fe|20070310040100000000bd7a[payload->]........z||31,421
2025-07-31T06:26:21.237 0100|00|00|05|fa0001|2007035a73[payload->]Zs||29,530
2025-07-31T06:26:21.338 0100|01|00|0c|f201fe|20070310040100000000bd7a[payload->]........z||31,421
2025-07-31T06:36:29.687 0100|00|00|05|fa0001|2007035a73[payload->]Zs||29,530
2025-07-31T06:36:29.788 0100|01|00|0c|f201fe|20070310040100000000bd7a[payload->]........z||31,421
2025-07-31T06:46:38.174 0100|00|00|05|fa0001|2007035a73[payload->]Zs||29,530
2025-07-31T06:46:38.275 0100|01|00|0c|f201fe|20070310040100000000bd7a[payload->]........z||31,421
2025-07-31T07:27:12.337 0100|00|00|05|fa0001|2007035a73[payload->]Zs||29,530
2025-07-31T07:27:12.438 0100|01|00|0c|f201fe|20070310040100000000bd7a[payload->]........z||31,421
2025-07-31T07:47:28.755 0100|00|00|05|fa0001|2007035a73[payload->]Zs||29,530
2025-07-31T07:47:28.856 0100|01|00|0c|f201fe|20070310040100000000bd7a[payload->]........z||31,421
2025-07-31T07:57:37.553 0100|01|00|0c|f201fe|20070310040100000000bd7a[payload->]........z||31,421
2025-07-31T08:28:03.406 0100|00|00|05|fa0001|2007035a73[payload->]Zs||29,530
2025-07-31T08:28:03.508 0100|01|00|0c|f201fe|200703100401004240fd7a01[payload->]....B@.z.||0,378
2025-07-31T08:38:12.291 0100|00|00|05|fa0001|2007035a73[payload->]Zs||29,530
2025-07-31T08:38:12.593 0100|01|00|0c|f201fe|20070310040100000000bd7a[payload->]........z||31,421
2025-07-31T08:58:28.811 0100|00|00|05|fa0001|2007035a73[payload->]Zs||29,530
2025-07-31T08:58:28.912 0100|01|00|0c|f201fe|20070310040100000000bd7a[payload->]........z||31,421
2025-07-31T09:18:46.003 0100|00|00|05|fa0001|2007035a73[payload->]Zs||29,530
2025-07-31T09:18:46.104 0100|03|00|0c|f201fe|20070310040100000000bd7a[payload->]........z||31,421
2025-07-31T09:59:18.315 0100|00|00|05|fa0001|2007035a73[payload->]Zs||29,530
2025-07-31T09:59:18.416 0100|01|00|0c|f201fe|20070310040100000000bd7a[payload->]........z||31,421
2025-07-31T10:09:26.885 0100|00|00|05|fa0001|2007035a73[payload->]Zs||29,530
2025-07-31T10:09:26.986 0100|01|00|0c|f201fe|20070310040100000000bd7a[payload->]........z||31,421
2025-07-31T10:29:44.374 0100|00|00|05|fa0001|2007035a73[payload->]Zs||29,530
2025-07-31T10:29:44.475 0100|01|00|0c|f201fe|20070310040100000000bd7a[payload->]........z||31,421
2025-07-31T10:39:51.832 0100|00|00|05|fa0001|2007035a73[payload->]Zs||29,530
2025-07-31T10:39:51.832 0100|01|00|0c|f201fe|20070310040100000000bd7a[payload->]........z||31,421
2025-07-31T11:00:09.340 0100|00|00|05|fa0001|2007035a73[payload->]Zs||29,530
2025-07-31T11:00:09.340 0100|01|00|0c|f201fe|20070310040100000000bd7a[payload->]........z||31,421
2025-07-31T11:30:35.291 0100|00|00|05|fa0001|2007035a73[payload->]Zs||29,530
2025-07-31T11:30:35.392 0100|01|00|0c|f201fe|20070310040100000000bd7a[payload->]........z||31,421
2025-07-31T12:21:18.091 0100|00|00|05|fa0001|2007035a73[payload->]Zs||29,530
2025-07-31T12:21:18.193 0100|01|00|0c|f201fe|20070310040100000000bd7a[payload->]........z||31,421
2025-07-31T12:41:38.658 0100|01|00|0c|f201fe|200703030281000e0000f439[payload->]........9||14,836
2025-07-31T12:51:47.272 0100|00|00|05|fa0001|2007035a73[payload->]Zs||29,530
2025-07-31T12:51:47.373 0100|01|00|0c|f201fe|20070310040100000000bd7a[payload->]........z||31,421
2025-07-31T13:12:03.887 0100|00|00|05|fa0001|2007035a73[payload->]Zs||29,530
2025-07-31T13:12:03.888 0100|01|00|0c|f201fe|20070310040100000000bd7a[payload->]........z||31,421
2025-07-31T13:42:28.925 0100|00|00|05|fa0001|2007035a73[payload->]Zs||29,530
2025-07-31T13:42:29.027 0100|01|00|0c|f201fe|20070310040100000000bd7a[payload->]........z||31,421
2025-07-31T14:53:29.988 0100|00|00|05|fa0001|2007035a73[payload->]Zs||29,530
2025-07-31T14:53:30.089 0100|01|00|0c|f201fe|20070310040100000000bd7a[payload->]........z||31,421
2025-07-31T15:34:04.509 0100|00|00|05|fa0001|2007035a73[payload->]Zs||29,530
2025-07-31T15:34:04.610 0100|01|00|0c|f201fe|20070310040100000000bd7a[payload->]........z||31,421
2025-07-31T15:54:22.088 0100|00|00|05|fa0001|2007035a73[payload->]Zs||29,530
2025-07-31T15:54:22.189 0100|01|00|0c|f201fe|200703100707030281000e00[payload->].........||0,014
2025-07-31T16:14:39.966 0100|00|00|05|fa0001|2007035a73[payload->]Zs||29,530
2025-07-31T16:14:40.067 0100|01|00|0c|f201fe|20070310040100000000bd7a[payload->]........z||31,421
2025-07-31T16:24:49.059 0100|00|00|05|fa0001|2007035a73[payload->]Zs||29,530
2025-07-31T16:24:49.160 0100|01|00|0c|f201fe|20070310040100000000bd7a[payload->]........z||31,421
2025-07-31T16:45:05.954 0100|00|00|05|fa0001|2007035a73[payload->]Zs||29,530
2025-07-31T16:45:05.955 0100|01|00|0c|f201fe|20070310040100000000bd7a[payload->]........z||31,421
2025-07-31T17:15:32.850 0100|01|00|0c|f201fe|20070310040100000000bd7a[payload->]........z||31,421
2025-07-31T17:35:51.544 0100|00|00|05|fa0001|2007035a73[payload->]Zs||29,530
2025-07-31T17:35:51.645 0100|01|00|0c|f201fe|20070310040100000000bd7a[payload->]........z||31,421
2025-07-31T17:56:09.293 0100|00|00|05|fa0001|2007035a73[payload->]Zs||29,530
2025-07-31T17:56:09.394 0100|01|00|0c|f201fe|20070310040100000000bd7a[payload->]........z||31,421
2025-07-31T18:06:18.456 0100|00|00|05|fa0001|2007035a73[payload->]Zs||29,530
2025-07-31T18:06:18.557 0100|01|00|0c|f201fe|20070310040100000000bd7a[payload->]........z||31,421
2025-07-31T18:26:36.030 0100|00|00|05|fa0001|2007035a73[payload->]Zs||29,530
2025-07-31T18:26:36.131 0100|01|00|0c|f201fe|20070310040100000000bd7a[payload->]........z||31,421
2025-07-31T18:57:03.460 0100|00|00|05|fa0001|2007035a73[payload->]Zs||29,530
2025-07-31T18:57:03.461 0100|01|00|0c|f201fe|20070310040100000000bd7a[payload->]........z||31,421
2025-07-31T19:07:12.172 0100|00|00|05|fa0001|2007035a73[payload->]Zs||29,530
2025-07-31T19:07:12.273 0100|01|00|0c|f201fe|20070310040100000000bd7a[payload->]........z||31,421
2025-07-31T19:17:21.448 0100|00|00|05|fa0001|2007035a73[payload->]Zs||29,530
2025-07-31T19:17:21.549 0100|01|00|0c|f201fe|20070310040100000000bd7a[payload->]........z||31,421
2025-07-31T19:27:30.397 0100|00|00|05|fa0001|2007035a73[payload->]Zs||29,530
2025-07-31T19:37:39.261 0100|00|00|05|fa0001|2007035a73[payload->]Zs||29,530
2025-07-31T19:37:39.362 0100|01|00|0c|f201fe|20070310040100000000bd7a[payload->]........z||31,421
2025-07-31T20:28:23.373 0100|00|00|05|fa0001|2007035a73[payload->]Zs||29,530
2025-07-31T20:28:23.474 0100|01|00|0c|f201fe|20070310040100000000bd7a[payload->]........z||31,421
2025-07-31T21:19:08.238 0100|00|00|05|fa0001|2007035a73[payload->]Zs||29,530
2025-07-31T21:19:08.339 0100|01|00|0c|f201fe|20070310040100000e591801[payload->]......Y..||0,280
2025-07-31T21:49:35.086 0100|00|00|05|fa0001|2007035a73[payload->]Zs||29,530
2025-07-31T21:49:35.187 0100|01|00|0c|f201fe|20070310040100000000bd7a[payload->]........z||31,421
2025-07-31T21:59:42.886 0100|01|00|0c|f201fe|20070310040100000000bd7a[payload->]........z||31,421
2025-07-31T22:09:51.384 0100|00|00|05|fa0001|2007035a73[payload->]Zs||29,530
2025-07-31T22:09:51.485 0100|01|00|0c|f201fe|20070310040100000000bd7a[payload->]........z||31,421
2025-07-31T22:20:00.551 0100|01|00|0c|f201fe|20070310040100000000bd7a[payload->]........z||31,421
2025-07-31T22:50:28.251 0100|00|00|05|fa0001|2007035a73[payload->]Zs||29,530
2025-07-31T22:50:28.252 0100|01|00|0c|f201fe|20070310040100000000bd7a[payload->]........z||31,421
2025-07-31T23:00:37.047 0100|00|00|05|fa0001|2007035a73[payload->]Zs||29,530
2025-07-31T23:00:37.148 0100|01|00|0c|f201fe|20070310040100000000bd7a[payload->]........z||31,421
2025-07-31T23:10:46.013 0100|00|00|05|fa0001|2007035a73[payload->]Zs||29,530
2025-07-31T23:10:46.114 0100|01|00|0c|f201fe|20070310040100000000bd7a[payload->]........z||31,421
2025-07-31T23:20:54.749 0100|00|00|05|fa0001|2007035a73[payload->]Zs||29,530
2025-07-31T23:20:54.850 0100|01|00|0c|f201fe|20070310040100000000bd7a[payload->]........z||31,421
2025-07-31T23:31:03.682 0100|00|00|05|fa0001|2007035a73[payload->]Zs||29,530
2025-07-31T23:31:03.784 0100|01|00|0c|f201fe|20070310040100000000bd7a[payload->]........z||31,421
2025-07-31T23:41:13.044 0100|00|00|05|fa0001|2007035a73[payload->]Zs||29,530
2025-07-31T23:51:22.506 0100|00|00|05|fa0001|2007035a73[payload->]Zs||29,530
2025-07-31T23:51:22.607 0100|01|00|0c|f201fe|20070310040100000000bd7a[payload->]........z||31,421
2025-08-01T00:01:31.456 0100|00|00|05|fa0001|2007035a73[payload->]Zs||29,530
2025-08-01T00:01:31.558 0100|01|00|0c|f201fe|20070310040100000000bd7a[payload->]........z||31,421
2025-08-01T00:21:49.658 0100|00|00|05|fa0001|2007035a73[payload->]Zs||29,530
2025-08-01T00:21:49.759 0100|01|00|0c|f201fe|20070310040100000000bd7a[payload->]........z||31,421
2025-08-01T00:31:57.919 0100|00|00|05|fa0001|2007035a73[payload->]Zs||29,530
2025-08-01T00:31:58.021 0100|01|00|0c|f201fe|20070310040100000000bd7a[payload->]........z||31,421
2025-08-01T01:12:33.449 0100|01|00|0c|f201fe|20070310040100000000bd7a[payload->]........z||31,421
2025-08-01T01:22:42.902 0100|00|00|05|fa0001|2007035a73[payload->]Zs||29,530
2025-08-01T01:22:43.004 0100|01|00|0c|f201fe|20070310040100000000bd7a[payload->]........z||31,421
2025-08-01T01:43:00.725 0100|00|00|05|fa0001|2007035a73[payload->]Zs||29,530
2025-08-01T01:43:00.826 0100|01|00|0c|f201fe|20070310040100000000bd7a[payload->]........z||31,421
2025-08-01T01:53:08.995 0100|00|00|05|fa0001|2007035a73[payload->]Zs||29,530
2025-08-01T01:53:09.097 0100|01|00|0c|f201fe|20070310040100000000bd7a[payload->]........z||31,421
2025-08-01T02:03:17.954 0100|00|00|05|fa0001|2007035a73[payload->]Zs||29,530
2025-08-01T02:03:18.055 0100|01|00|0c|f201fe|20070310040100000000bd7a[payload->]........z||31,421
2025-08-01T02:13:27.062 0100|00|00|05|fa0001|2007035a73[payload->]Zs||29,530
2025-08-01T02:13:27.164 0100|01|00|0c|f201fe|20070310040100000000bd3a[payload->]........:||15,037
2025-08-01T02:43:53.478 0100|00|00|05|fa0001|2007035a73[payload->]Zs||29,530
2025-08-01T02:43:53.579 0100|01|00|0c|f201fe|20070310040100000000bd7a[payload->]........z||31,421
2025-08-01T02:54:02.124 0100|00|00|05|fa0001|2007035a73[payload->]Zs||29,530
2025-08-01T03:14:19.022 0100|00|00|05|fa0001|2007035a73[payload->]Zs||29,530
2025-08-01T03:14:19.124 0100|01|00|0c|f201fe|20070310040100000000bd7a[payload->]........z||31,421
2025-08-01T03:24:27.509 0100|00|00|05|fa0001|2007035a73[payload->]Zs||29,530
2025-08-01T03:24:27.610 0100|01|00|0c|f201fe|20070310040100000000bd7a[payload->]........z||31,421
2025-08-01T03:34:36.210 0100|00|00|05|fa0001|2007035a73[payload->]Zs||29,530
2025-08-01T03:34:36.311 0100|01|00|0c|f201fe|20070310040100000000bd7a[payload->]........z||31,421
2025-08-01T03:44:43.932 0100|00|00|05|fa0001|2007035a73[payload->]Zs||29,530
2025-08-01T03:44:44.033 0100|01|00|0c|f201fe|20070310040100000000bd7a[payload->]........z||31,421
2025-08-01T03:54:53.217 0100|00|00|05|fa0001|2007035a73[payload->]Zs||29,530
2025-08-01T03:54:53.218 0100|01|00|0c|f201fe|20070310040100000000bd7a[payload->]........z||31,421
2025-08-01T04:25:20.148 0100|00|00|05|fa0001|2007035a73[payload->]Zs||29,530
2025-08-01T04:25:20.249 0100|01|00|0c|f201fe|20070310040100000000bd7a[payload->]........z||31,421
2025-08-01T04:45:38.852 0100|00|00|05|fa0001|2007035a73[payload->]Zs||29,530
2025-08-01T04:45:38.954 0100|01|00|0c|f201fe|20070310040100000000bd7a[payload->]........z||31,421
2025-08-01T04:55:48.037 0100|00|00|05|fa0001|2007035a73[payload->]Zs||29,530
2025-08-01T04:55:48.138 0100|01|00|0c|f201fe|20070310040100000000bd7a[payload->]........z||31,421
2025-08-01T05:26:13.699 0100|01|00|0c|f201fe|20070310040100000000bd7a[payload->]........z||31,421
2025-08-01T05:36:23.183 0100|00|00|05|fa0001|2007035a73[payload->]Zs||29,530
2025-08-01T05:36:23.284 0100|01|00|0c|f201fe|20070310040100000000bd7a[payload->]........z||31,421
2025-08-01T06:06:49.977 0100|00|00|05|fa0001|2007035a73[payload->]Zs||29,530
2025-08-01T06:06:50.078 0100|01|00|0c|f201fe|200703100a18960100000005[payload->].........||1,280
2025-08-01T06:27:07.871 0100|00|00|05|fa0001|2007035a73[payload->]Zs||29,530
2025-08-01T06:27:07.972 0100|01|00|0c|f201fe|20070310040100000000bd7a[payload->]........z||31,421
2025-08-01T06:47:24.242 0100|00|00|05|fa0001|2007035a73[payload->]Zs||29,530
2025-08-01T06:47:24.243 0100|01|00|0c|f201fe|20070310040100000000bd7a[payload->]........z||31,421
2025-08-01T06:57:33.174 0100|00|00|05|fa0001|2007035a73[payload->]Zs||29,530
2025-08-01T06:57:33.175 0100|01|00|0c|f201fe|20070310040100000000bd7a[payload->]........z||31,421
2025-08-01T07:07:41.498 0100|00|00|05|fa0001|2007035a73[payload->]Zs||29,530
2025-08-01T07:07:41.599 0100|01|00|0c|f201fe|20070310040100000000bd7a[payload->]........z||31,421
2025-08-01T07:17:50.217 0100|00|00|05|fa0001|2007035a73[payload->]Zs||29,530
2025-08-01T07:17:50.318 0100|01|00|0c|f201fe|20070310040100000000bd7a[payload->]........z||31,421
2025-08-01T07:27:58.994 0100|00|00|05|fa0001|2007035a73[payload->]Zs||29,530
2025-08-01T07:27:59.095 0100|01|00|0c|f201fe|20070310040100000000bd7a[payload->]........z||31,421
2025-08-01T08:18:43.122 0100|00|00|05|fa0001|2007035a73[payload->]Zs||29,530
2025-08-01T08:18:43.223 0100|01|00|0c|f201fe|20070310040100000000bd7a[payload->]........z||31,421
2025-08-01T08:59:18.736 0100|00|00|05|fa0001|2007035a73[payload->]Zs||29,530
2025-08-01T08:59:18.837 0100|01|00|0c|f201fe|20070310040100000000bd7a[payload->]........z||31,421
2025-08-01T09:09:27.460 0100|00|00|05|fa0001|2007035a73[payload->]Zs||29,530
2025-08-01T09:09:27.561 0100|01|00|0c|f201fe|20070310040100000000bd7a[payload->]........z||31,421
2025-08-01T09:19:36.009 0100|00|00|05|fa0001|2007035a73[payload->]Zs||29,530
2025-08-01T09:19:36.110 0100|01|00|0c|f201fe|20070310040100000000bd7a[payload->]........z||31,421
2025-08-01T09:29:45.067 0100|00|00|05|fa0001|2007035a73[payload->]Zs||29,530
2025-08-01T09:29:45.168 0100|01|00|0c|f201fe|20070310040100000000bd7a[payload->]........z||31,421
2025-08-01T09:50:02.684 0100|00|00|05|fa0001|2007035a73[payload->]Zs||29,530
2025-08-01T09:50:02.785 0100|01|00|0c|f201fe|20070310040100000000bd7a[payload->]........z||31,421
2025-08-01T10:10:20.134 0100|01|00|0c|f201fe|20070310040100000000bd7a[payload->]........z||31,421
2025-08-01T10:20:29.118 0100|01|00|0c|f201fe|20070310040100000000bd7a[payload->]........z||31,421
2025-08-01T10:50:56.347 0100|00|00|05|fa0001|2007035a73[payload->]Zs||29,530
2025-08-01T10:50:56.448 0100|01|00|0c|f201fe|20070310040100000000bd7a[payload->]........z||31,421
2025-08-01T11:31:33.454 0100|00|00|05|fa0001|2007035a73[payload->]Zs||29,530
2025-08-01T11:31:33.555 0100|01|00|0c|f201fe|20070310040100000000bd7a[payload->]........z||31,421
2025-08-01T11:41:42.229 0100|00|00|05|fa0001|2007035a73[payload->]Zs||29,530
2025-08-01T11:41:42.330 0100|01|00|0c|f201fe|20070310040100000000bd7a[payload->]........z||31,421
2025-08-01T12:22:18.641 0100|00|00|05|fa0001|2007035a73[payload->]Zs||29,530
2025-08-01T12:22:18.742 0100|01|00|0c|f201fe|20070310040100000000bd7a[payload->]........z||31,421
2025-08-01T12:42:35.214 0100|00|00|05|fa0001|2007035a73[payload->]Zs||29,530
2025-08-01T12:52:43.923 0100|00|00|05|fa0001|2007035a73[payload->]Zs||29,530
2025-08-01T12:52:44.024 0100|01|00|0c|f201fe|20070310040100000000bd7a[payload->]........z||31,421
2025-08-01T13:02:52.662 0100|00|00|05|fa0001|2007035a73[payload->]Zs||29,530
2025-08-01T13:02:52.763 0100|01|00|0c|f201fe|20070310040100000000bd7a[payload->]........z||31,421
2025-08-01T13:13:01.772 0100|00|00|05|fa0001|2007035a73[payload->]Zs||29,530
2025-08-01T13:13:01.874 0100|01|00|0c|f201fe|20070310040100000000bd7a[payload->]........z||31,421
2025-08-01T13:33:19.497 0100|00|00|05|fa0001|2007035a73[payload->]Zs||29,530
2025-08-01T13:33:19.598 0100|01|00|0c|f201fe|20070310040100000000bd7a[payload->]........z||31,421
2025-08-01T13:43:28.137 0100|01|00|0c|f201fe|20070310040100000000bd7a[payload->]........z||31,421
2025-08-01T13:53:36.851 0100|01|00|0c|f201fe|20070310040100000000bd7a[payload->]........z||31,421
2025-08-01T14:13:53.937 0100|00|00|05|fa0001|2007035a73[payload->]Zs||29,530
2025-08-01T14:13:54.038 0100|01|00|0c|f201fe|20070310040100000000bd7a[payload->]........z||31,421
2025-08-01T14:24:02.995 0100|00|00|05|fa0001|2007035a73[payload->]Zs||29,530
2025-08-01T14:24:03.096 0100|01|00|0c|f201fe|20070310040100000000bd7a[payload->]........z||31,421
2025-08-01T14:44:20.032 0100|00|00|05|fa0001|2007035a73[payload->]Zs||29,530
2025-08-01T14:44:20.133 0100|01|00|0c|f201fe|20070310040100000000bd7a[payload->]........z||31,421
2025-08-01T14:54:29.003 0100|00|00|05|fa0001|2007035a73[payload->]Zs||29,530
2025-08-01T14:54:29.104 0100|01|00|0c|f201fe|20070310040100000000bd7a[payload->]........z||31,421
2025-08-01T15:35:04.737 0100|00|00|05|fa0001|2007035a73[payload->]Zs||29,530
2025-08-01T15:35:04.838 0100|01|00|0c|f201fe|20070310040100000000bd7a[payload->]........z||31,421
2025-08-01T15:45:13.312 0100|00|00|05|fa0001|2007035a73[payload->]Zs||29,530
2025-08-01T15:45:13.412 0100|01|00|0c|f201fe|20070310040100000000bd7a[payload->]........z||31,421
2025-08-01T16:05:30.446 0100|00|00|05|fa0001|2007035a73[payload->]Zs||29,530
2025-08-01T16:05:30.446 0100|01|00|0c|f201fe|20070310040100000000bd7a[payload->]........z||31,421
2025-08-01T16:25:48.394 0100|00|00|05|fa0001|2007035a73[payload->]Zs||29,530
2025-08-01T16:25:48.495 0100|01|00|0c|f201fe|20070310040100000000bd7a[payload->]........z||31,421
2025-08-01T16:35:57.242 0100|01|00|0c|f201fe|20070310040100000000bd7a[payload->]........z||31,421
2025-08-01T16:46:06.041 0100|00|00|05|fa0001|2007035a73[payload->]Zs||29,530
2025-08-01T16:46:06.143 0100|01|00|0c|f201fe|20070310040100000000bd7a[payload->]........z||31,421
2025-08-01T16:56:14.087 0100|00|00|05|fa0001|2007035a73[payload->]Zs||29,530
2025-08-01T16:56:14.188 0100|01|00|0c|f201fe|20070310040100000000bd7a[payload->]........z||31,421
2025-08-01T17:06:23.100 0100|00|00|05|fa0001|2007035a73[payload->]Zs||29,530
2025-08-01T17:06:23.202 0100|01|00|0c|f201fe|20070310040100000000bd7a[payload->]........z||31,421
2025-08-01T17:16:31.592 0100|00|00|05|fa0001|2007035a73[payload->]Zs||29,530
2025-08-01T17:16:31.693 0100|01|00|0c|f201fe|20070310040100000000bd7a[payload->]........z||31,421
2025-08-01T17:36:49.395 0100|00|00|05|fa0001|2007035a73[payload->]Zs||29,530
2025-08-01T17:36:49.496 0100|01|00|0c|f201fe|20070310040100000000bd7a[payload->]........z||31,421
2025-08-01T17:46:57.937 0100|00|00|05|fa0001|2007035a73[payload->]Zs||29,530
2025-08-01T17:46:58.038 0100|01|00|0c|f201fe|20070310040100000000bd7a[payload->]........z||31,421
2025-08-01T17:57:06.679 0100|00|00|05|fa0001|2007035a73[payload->]Zs||29,530
2025-08-01T17:57:06.780 0100|01|00|0c|f201fe|20070310040100000000bd7a[payload->]........z||31,421
2025-08-01T18:17:24.191 0100|00|00|05|fa0001|2007035a73[payload->]Zs||29,530
2025-08-01T18:17:24.292 0100|01|00|0c|f201fe|20070310040100000000bd7a[payload->]........z||31,421
2025-08-01T18:27:33.340 0100|01|00|0c|f201fe|20070310040100000000bd7a[payload->]........z||31,421
2025-08-01T18:47:48.894 0100|00|00|05|fa0001|2007035a73[payload->]Zs||29,530
2025-08-01T18:47:48.995 0100|01|00|0c|f201fe|20070310040100000000bd7a[payload->]........z||31,421
2025-08-01T18:57:57.822 0100|00|00|05|fa0001|2007035a73[payload->]Zs||29,530
2025-08-01T18:57:57.924 0100|01|00|0c|f201fe|20070310040100000000bd7a[payload->]........z||31,421
2025-08-01T19:08:07.070 0100|01|00|0c|f201fe|20070310040100000000bd7a[payload->]........z||31,421
2025-08-01T19:28:24.019 0100|00|00|05|fa0001|2007035a73[payload->]Zs||29,530
2025-08-01T19:28:24.120 0100|01|00|0c|f201fe|20070310040100000000bd7a[payload->]........z||31,421
2025-08-01T19:58:48.781 0100|00|00|05|fa0001|2007035a73[payload->]Zs||29,530
2025-08-01T19:58:48.882 0100|01|00|0c|f201fe|20070310040100000000bd7a[payload->]........z||31,421
2025-08-01T20:08:57.641 0100|00|00|05|fa0001|2007035a73[payload->]Zs||29,530
2025-08-01T20:08:57.642 0100|01|00|0c|f201fe|20070310040100000000bd7a[payload->]........z||31,421
2025-08-01T20:19:06.363 0100|00|00|05|fa0001|2007035a73[payload->]Zs||29,530
2025-08-01T20:19:06.464 0100|01|00|0c|f201fe|20070310040100000000bd7a[payload->]........z||31,421
2025-08-01T20:29:15.331 0100|01|00|0c|f201fe|20070310040100000000bd7a[payload->]........z||31,421
2025-08-01T20:39:24.063 0100|00|00|05|fa0001|2007035a73[payload->]Zs||29,530
2025-08-01T20:39:24.165 0100|01|00|0c|f201fe|20070310040100000000bd7a[payload->]........z||31,421
2025-08-01T20:49:32.720 0100|00|00|05|fa0001|2007035a73[payload->]Zs||29,530
2025-08-01T20:49:32.821 0100|01|00|0c|f201fe|20070310040100000000bd7a[payload->]........z||31,421
2025-08-01T20:59:41.617 0100|01|00|0c|f201fe|20070310040100000000bd7a[payload->]........z||31,421
2025-08-01T21:19:58.647 0100|00|00|05|fa0001|2007035a73[payload->]Zs||29,530
2025-08-01T21:19:58.748 0100|01|00|0c|f201fe|20070310040100000000bd7a[payload->]........z||31,421
2025-08-01T21:30:08.138 0100|00|00|05|fa0001|2007035a73[payload->]Zs||29,530
2025-08-01T21:30:08.240 0100|01|00|0c|f201fe|20070310040100000000bd7a[payload->]........z||31,421
2025-08-01T22:00:35.466 0100|00|00|05|fa0001|2007035a73[payload->]Zs||29,530
2025-08-01T22:10:44.159 0100|01|00|0c|f201fe|20070310040100000000bd7a[payload->]........z||31,421
2025-08-01T22:20:53.002 0100|00|00|05|fa0001|2007035a73[payload->]Zs||29,530
2025-08-01T22:20:53.104 0100|01|00|0c|f201fe|20070310040100000000bd7a[payload->]........z||31,421
2025-08-01T22:51:19.908 0100|00|00|05|fa0001|2007035a73[payload->]Zs||29,530
2025-08-01T22:51:20.009 0100|01|00|0c|f201fe|20070310040100000000bd7a[payload->]........z||31,421
2025-08-01T23:01:28.876 0100|00|00|05|fa0001|2007035a73[payload->]Zs||29,530
2025-08-01T23:01:28.977 0100|01|00|0c|f201fe|20070310040100000000bd7a[payload->]........z||31,421
2025-08-01T23:31:55.581 0100|00|00|05|fa0001|2007035a73[payload->]Zs||29,530
2025-08-01T23:31:55.581 0100|01|00|0c|f201fe|20070310040100000000bd7a[payload->]........z||31,421
2025-08-01T23:52:11.701 0100|00|00|05|fa0001|2007035a73[payload->]Zs||29,530
2025-08-01T23:52:11.802 0100|01|00|0c|f201fe|20070310040100000000bd7a[payload->]........z||31,421
2025-08-02T00:02:19.970 0100|00|00|05|fa0001|2007035a73[payload->]Zs||29,530
2025-08-02T00:02:20.071 0100|01|00|0c|f201fe|20070310040100000000bd7a[payload->]........z||31,421
2025-08-02T00:22:38.104 0100|00|00|05|fa0001|2007035a73[payload->]Zs||29,530
2025-08-02T00:22:38.205 0100|01|00|0c|f201fe|20070310040100000000bd7a[payload->]........z||31,421
2025-08-02T00:42:54.908 0100|00|00|05|fa0001|2007035a73[payload->]Zs||29,530
2025-08-02T00:42:55.009 0100|01|00|0c|f201fe|20070310040100000000bd7a[payload->]........z||31,421
2025-08-02T01:03:11.688 0100|00|00|05|fa0001|2007035a73[payload->]Zs||29,530
2025-08-02T01:03:11.688 0100|01|00|0c|f201fe|20070310040100000000bd7a[payload->]........z||31,421
2025-08-02T01:23:29.882 0100|00|00|05|fa0001|2007035a73[payload->]Zs||29,530
2025-08-02T01:23:29.983 0100|01|00|0c|f201fe|20070310040100000000bd7a[payload->]........z||31,421
2025-08-02T01:33:39.362 0100|00|00|05|fa0001|2007035a73[payload->]Zs||29,530
2025-08-02T01:33:39.463 0100|01|00|0c|f201ee|2007031004010000aeff0100[payload->].........||0,001
2025-08-02T01:43:48.138 0100|00|00|05|fa0001|2007035a73[payload->]Zs||29,530
2025-08-02T01:43:48.240 0100|01|00|0c|f201fe|20070310040100000000bd7a[payload->]........z||31,421
2025-08-02T02:44:41.709 0100|00|00|05|fa0001|2007035a73[payload->]Zs||29,530
2025-08-02T02:44:41.810 0100|01|00|0c|f201fe|20070310040100000000bd7a[payload->]........z||31,421
2025-08-02T03:04:58.935 0100|00|00|05|fa0001|2007035a73[payload->]Zs||29,530
2025-08-02T03:04:58.935 0100|01|00|0c|f201fe|20070310040100000000bd7a[payload->]........z||31,421
2025-08-02T03:25:17.049 0100|01|00|0c|f201fe|20070310040100000000bd7a[payload->]........z||31,421
2025-08-02T03:35:24.984 0100|00|00|05|fa0001|2007035873[payload->]Xs||29,528
2025-08-02T03:35:25.085 0100|01|00|0c|f201fe|20070310040100000000bd7a[payload->]........z||31,421
2025-08-02T04:15:58.717 0100|00|00|05|fa0001|2007035a73[payload->]Zs||29,530
2025-08-02T04:15:58.818 0100|01|00|0c|f201fe|20070310040100000000bd7a[payload->]........z||31,421
2025-08-02T04:46:25.352 0100|00|00|05|fa0001|2007035a73[payload->]Zs||29,530
2025-08-02T05:06:42.947 0100|00|00|05|fa0001|2007035a73[payload->]Zs||29,530
2025-08-02T05:06:43.048 0100|01|00|0c|f201fe|20070310040100000000bdfa[payload->].........||64,189
2025-08-02T05:16:51.659 0100|00|00|05|fa0001|2007035a73[payload->]Zs||29,530
2025-08-02T05:16:51.761 0100|01|00|0c|f201fe|20070310040100000000bd7a[payload->]........z||31,421
2025-08-02T05:27:00.048 0100|00|00|05|fa0001|2007035a73[payload->]Zs||29,530
2025-08-02T05:27:00.150 0100|01|00|0c|f201fe|20070310040100000000bd7a[payload->]........z||31,421
2025-08-02T05:37:09.014 0100|00|00|05|fa0001|2007035a73[payload->]Zs||29,530
2025-08-02T05:37:09.115 0100|01|00|0c|f201fe|20070310040100020000bd7a[payload->]........z||31,421
2025-08-02T05:47:18.213 0100|00|00|05|fa0001|2007035a73[payload->]Zs||29,530
2025-08-02T05:47:18.213 0100|01|00|0c|f201fe|20070310040100000000bd7a[payload->]........z||31,421
2025-08-02T06:17:44.213 0100|00|00|05|fa0001|2007035a73[payload->]Zs||29,530
2025-08-02T06:17:44.314 0100|01|00|0c|f201fe|20070310040100000000bd7a[payload->]........z||31,421
2025-08-02T06:38:01.759 0100|00|00|05|fa0001|2007035a73[payload->]Zs||29,530
2025-08-02T06:38:01.860 0100|01|00|0c|f201fe|20070310040100000000bd7a[payload->]........z||31,421
2025-08-02T06:48:10.798 0100|00|00|05|fa0001|2007035a73[payload->]Zs||29,530
2025-08-02T07:08:28.821 0100|00|00|05|fa0001|2007035a73[payload->]Zs||29,530
2025-08-02T07:08:28.922 0100|01|00|0c|f201fe|20070310040100000000bd7a[payload->]........z||31,421
2025-08-02T07:18:38.068 0100|00|00|05|fa0001|2007035a73[payload->]Zs||29,530
2025-08-02T07:18:38.169 0100|01|00|0c|f201fe|20070310040100000000bd7a[payload->]........z||31,421
2025-08-02T07:38:54.968 0100|00|00|05|fa0001|2007035a73[payload->]Zs||29,530
2025-08-02T07:38:55.069 0100|01|00|0c|f201fe|20070310040100000000bd7a[payload->]........z||31,421
2025-08-02T07:49:03.660 0100|01|00|0c|f201fe|20070310040100000000bd7a[payload->]........z||31,421
2025-08-02T08:19:31.123 0100|01|00|0c|f201fe|20070310040100000000bd7a[payload->]........z||31,421
2025-08-02T08:29:40.001 0100|00|00|05|fa0001|2007035a73[payload->]Zs||29,530
2025-08-02T08:29:40.102 0100|01|00|0c|f201fe|200703100401000000000e00[payload->].........||0,014
2025-08-02T08:39:48.192 0100|00|00|05|fa0001|2007035a73[payload->]Zs||29,530
2025-08-02T08:39:48.294 0100|01|00|0c|f201be|20070310040100000000bd7a[payload->]........z||31,421
2025-08-02T09:30:31.957 0100|00|00|05|fa0001|2007035a73[payload->]Zs||29,530
2025-08-02T09:30:32.058 0100|01|00|0c|f201fe|20070310040100000000bd7a[payload->]........z||31,421
2025-08-02T09:40:39.745 0100|00|00|05|fa0001|2007035a73[payload->]Zs||29,530
2025-08-02T09:40:39.746 0100|01|00|0c|f201fe|20070310040100000000bd7a[payload->]........z||31,421
2025-08-02T09:50:49.099 0100|00|00|05|fa0001|2007035a73[payload->]Zs||29,530
2025-08-02T09:50:49.100 0100|01|00|0c|f201fe|20070310040100000000bd7a[payload->]........z||31,421
2025-08-02T10:11:06.140 0100|01|00|0c|f201fe|20070310040100000000bd7a[payload->]........z||31,421
2025-08-02T10:21:15.418 0100|00|00|05|fa0001|2007035a73[payload->]Zs||29,530
2025-08-02T10:21:15.418 0100|01|00|0c|f201fe|20070310040100000000bd7a[payload->]........z||31,421
2025-08-02T10:51:42.779 0100|00|00|05|fa0001|2007035a73[payload->]Zs||29,530
2025-08-02T10:51:42.880 0100|01|00|0c|f201fe|20070310040100000000bd7a[payload->]........z||31,421
2025-08-02T11:11:59.843 0100|00|00|05|fa0001|2007035a73[payload->]Zs||29,530
2025-08-02T11:11:59.944 0100|01|00|0c|f201fe|20070310040100000000bd7a[payload->]........z||31,421
2025-08-02T11:22:08.089 0100|00|00|05|fa0001|2007035a73[payload->]Zs||29,530
2025-08-02T11:32:17.308 0100|00|00|05|fa0001|2007035a73[payload->]Zs||29,530
2025-08-02T11:32:17.410 0100|01|00|0c|f201fe|20070310040100000000bd7a[payload->]........z||31,421
2025-08-02T11:42:26.364 0100|00|00|05|fa0001|2007035a73[payload->]Zs||29,530
2025-08-02T11:42:26.767 0100|01|00|4c|f201fe|20070310040100000000bd7a0100000005fa00012007049832010001000cf201fe200704100501000000008a3a0100000005fa000154190121bb0100010007f701fe5419013c00227b010000[payload->]........z........ ...2........ ..........:........T..!.........T..<."{...||0,000
2025-08-02T11:52:34.792 0100|00|00|05|fa0001|2007035a73[payload->]Zs||29,530
2025-08-02T11:52:34.792 0100|01|00|0c|f201fe|20070310040100000000bd7a[payload->]........z||31,421
2025-08-02T12:33:09.196 0100|01|00|0c|f201fe|20070310040100000000bd7a[payload->]........z||31,421
2025-08-02T13:13:43.988 0100|00|00|05|fa0001|2007035a73[payload->]Zs||29,530
2025-08-02T13:13:43.988 0100|01|00|0c|f201fe|20070310040100000000bd7a[payload->]........z||31,421
2025-08-02T13:23:52.937 0100|00|00|05|fa0001|2007035a73[payload->]Zs||29,530
2025-08-02T13:23:53.039 0100|01|00|0c|f201fe|20070310040100000000bd7a[payload->]........z||31,421
2025-08-02T13:34:02.128 0100|00|00|05|fa0001|2007035a73[payload->]Zs||29,530
2025-08-02T13:34:02.230 0100|01|00|0c|f201fe|20070310040100000000bd7a[payload->]........z||31,421
2025-08-02T13:44:09.924 0100|00|00|05|fa0001|2007035a73[payload->]Zs||29,530
2025-08-02T14:04:27.981 0100|00|00|05|fa0001|2007035a73[payload->]Zs||29,530
2025-08-02T14:04:27.981 0100|01|00|0c|f201fe|20070310040100000000bd7a[payload->]........z||31,421
2025-08-02T14:24:45.112 0100|00|00|05|fa0001|2007035a73[payload->]Zs||29,530
2025-08-02T14:24:45.213 0100|01|00|0c|f201fe|20070310040100000000bd7a[payload->]........z||31,421
2025-08-02T14:45:03.216 0100|00|00|05|fa0001|2007035a73[payload->]Zs||29,530
2025-08-02T14:45:03.317 0100|01|00|0c|f201fe|20070310040100000000bd7a[payload->]........z||31,421
2025-08-02T14:55:12.090 0100|00|00|05|fa0001|2007035a73[payload->]Zs||29,530
2025-08-02T14:55:12.090 0100|01|00|0c|f201fe|20070310040100000000bd7a[payload->]........z||31,421
2025-08-02T15:15:30.120 0100|00|00|05|fa0001|2007035a73[payload->]Zs||29,530
2025-08-02T15:15:30.221 0100|01|00|0c|f201fe|20070310040100000000bd7a[payload->]........z||31,421
2025-08-02T15:25:39.107 0100|00|00|05|fa0001|2007035a73[payload->]Zs||29,530
2025-08-02T15:25:39.209 0100|01|00|0c|f201fe|20070310040100000000bd7a[payload->]........z||31,421
2025-08-02T15:35:48.105 0100|00|00|05|fa0001|2007035a73[payload->]Zs||29,530
2025-08-02T15:35:48.206 0100|01|00|0c|f201fe|20070310040100000000bd7a[payload->]........z||31,421
2025-08-02T15:56:05.561 0100|01|00|0c|f201fe|20070310040100000000bd7a[payload->]........z||31,421
2025-08-02T16:06:14.179 0100|00|00|05|fa0001|2007035a73[payload->]Zs||29,530
2025-08-02T16:06:14.280 0100|01|00|0c|f201fe|20070310040100000000bd7a[payload->]........z||31,421
2025-08-02T16:26:30.793 0100|00|00|05|fa0001|2007035a73[payload->]Zs||29,530
2025-08-02T16:26:30.895 0100|01|00|0c|f201fe|20070310040100000000bd7a[payload->]........z||31,421
2025-08-02T16:36:40.184 0100|00|00|05|fa0001|2007035a73[payload->]Zs||29,530
2025-08-02T16:36:40.285 0100|01|00|0c|f201fe|20070310040100000000bd7a[payload->]........z||31,421
2025-08-02T16:46:49.055 0100|01|00|0c|f201fe|20070310040100000000bd7a[payload->]........z||31,421
2025-08-02T16:56:58.360 0100|01|00|0c|f201fc|20070310040100000000bd7a[payload->]........z||31,421
2025-08-02T17:27:24.029 0100|00|00|05|fa0001|2007035a73[payload->]Zs||29,530
2025-08-02T17:27:24.130 0100|01|00|0c|f201fe|20070310040100000000bd7a[payload->]........z||31,421
2025-08-02T17:37:32.835 0100|00|00|05|fa0001|2007035a73[payload->]Zs||29,530
2025-08-02T17:37:32.936 0100|01|00|0c|f201fe|20070310040100000000bd7a[payload->]........z||31,421
2025-08-02T18:08:00.151 0100|00|00|05|fa0001|2007035a73[payload->]Zs||29,530
2025-08-02T18:08:00.252 0100|01|00|0c|f201fe|20070310040100000000bd7a[payload->]........z||31,421
2025-08-02T18:28:18.442 0100|00|00|05|fa0001|2007035a73[payload->]Zs||29,530
2025-08-02T18:38:27.360 0100|01|00|0c|f201fe|20070310040100000000bd7a[payload->]........z||31,421
2025-08-02T19:29:11.559 0100|00|00|05|fa0001|2007035a73[payload->]Zs||29,530
2025-08-02T19:29:11.660 0100|01|00|0c|f201fe|20070310040100000000bd7a[payload->]........z||31,421
2025-08-02T20:09:47.602 0100|01|00|0c|f201fe|20070310040100000000bd7a[payload->]........z||31,421
2025-08-02T20:19:55.579 0100|00|00|05|fa0001|2007035a73[payload->]Zs||29,530
2025-08-02T20:19:55.680 0100|01|00|0c|f201fe|20070310040100000000bd7a[payload->]........z||31,421
2025-08-02T20:30:04.065 0100|00|00|05|fa0001|2007035a73[payload->]Zs||29,530
2025-08-02T20:30:04.166 0100|01|00|0c|f201fe|20070310040100000000bd7a[payload->]........z||31,421
2025-08-02T20:40:12.587 0100|01|00|0c|f201fe|20070310040100000000bd7a[payload->]........z||31,421
2025-08-02T21:10:39.827 0100|00|00|05|fa0001|2007035a73[payload->]Zs||29,530
2025-08-02T21:10:40.028 0100|01|00|0c|f201fe|20070310040100000000bd7a[payload->]........z||31,421
2025-08-02T21:41:05.250 0100|01|00|0c|f201fe|20070310040100000000bd7a[payload->]........z||31,421
2025-08-02T21:51:13.952 0100|00|00|05|fa0001|2007035a73[payload->]Zs||29,530
2025-08-02T21:51:14.053 0100|01|00|0c|f201fe|20070310040100000000bd7a[payload->]........z||31,421
2025-08-02T22:31:50.480 0100|00|00|05|fa0001|2007035a73[payload->]Zs||29,530
2025-08-02T22:31:50.581 0100|01|00|0c|f201fe|20070310040100000000bd7a[payload->]........z||31,421
2025-08-02T23:12:25.302 0100|00|00|05|fa0001|2007035a73[payload->]Zs||29,530
2025-08-02T23:12:25.504 0100|01|00|0c|f201fe|20070310040100000000bd7a[payload->]........z||31,421
2025-08-02T23:22:32.832 0100|00|00|05|fa0001|2007035a73[payload->]Zs||29,530
2025-08-02T23:22:33.033 0100|01|00|0c|f201fe|20070310040100000000bd7a[payload->]........z||31,421
2025-08-02T23:32:41.901 0100|00|00|05|fa0001|2007035a73[payload->]Zs||29,530
2025-08-02T23:32:42.002 0100|01|00|0c|f201fe|20070310040100000000bd7a[payload->]........z||31,421
2025-08-03T00:33:35.091 0100|00|00|05|fa0001|2007035a73[payload->]Zs||29,530
2025-08-03T00:33:35.091 0100|01|00|0c|f201fe|20070310040100000000bd7a[payload->]........z||31,421
2025-08-03T00:53:52.828 0100|00|00|05|fa0001|2007035a73[payload->]Zs||29,530
2025-08-03T01:14:10.192 0100|00|00|05|fa0001|2007035a73[payload->]Zs||29,530
2025-08-03T01:14:10.293 0100|01|00|0c|f201fe|20070310040100000000bd7a[payload->]........z||31,421
2025-08-03T01:24:19.623 0100|00|00|05|fa0001|2007035a73[payload->]Zs||29,530
2025-08-03T01:24:19.725 0100|01|00|0c|f201fe|20070310040100000000bd7a[payload->]........z||31,421
2025-08-03T01:54:45.328 0100|01|00|0c|f201fe|20070310464300000000bd7a[payload->].FC.....z||31,421
2025-08-03T02:04:52.904 0100|00|00|05|fa0001|2007035a73[payload->]Zs||29,530
2025-08-03T02:04:53.005 0100|01|00|0c|f201fe|20070310040100000000bd7a[payload->]........z||31,421
2025-08-03T02:55:36.984 0100|00|00|05|fa0001|2007035a73[payload->]Zs||29,530
2025-08-03T02:55:37.186 0100|01|00|0c|f201fe|20070310040100000000bd7a[payload->]........z||31,421
2025-08-03T03:15:54.405 0100|00|00|05|fa0001|2007035a73[payload->]Zs||29,530
2025-08-03T03:36:13.325 0100|00|00|05|fa0001|2007035a73[payload->]Zs||29,530
2025-08-03T03:36:13.426 0100|01|00|0c|f201fe|20070310040100000000bd00[payload->].........||0,189
2025-08-03T03:46:23.054 0100|00|00|05|fa0001|2007035a73[payload->]Zs||29,530
2025-08-03T03:46:23.256 0100|01|00|0c|f201fe|20070310040100000000bd7a[payload->]........z||31,421
2025-08-03T03:56:31.574 0100|00|00|05|fa0001|2007035a73[payload->]Zs||29,530
2025-08-03T03:56:31.675 0100|01|00|0c|f243fe|20070310040100000000bd7a[payload->]........z||31,421
2025-08-03T04:06:40.506 0100|00|00|05|fa0001|2007035a73[payload->]Zs||29,530
2025-08-03T04:06:40.607 0100|01|00|0c|f201fe|20070310040100000000bd7a[payload->]........z||31,421
2025-08-03T04:26:58.006 0100|00|00|05|fa0001|2007035a73[payload->]Zs||29,530
2025-08-03T04:26:58.107 0100|01|00|0c|f201fe|20070310040100000000bd7a[payload->]........z||31,421
2025-08-03T04:37:06.418 0100|00|00|05|fa0001|2007035a73[payload->]Zs||29,530
2025-08-03T04:37:06.520 0100|01|00|0c|f201fe|20070310040100000000bd7a[payload->]........z||31,421
2025-08-03T04:57:24.589 0100|00|00|05|fa0001|2007035a73[payload->]Zs||29,530
2025-08-03T04:57:24.589 0100|01|00|0c|f201fe|20070310040100000000bd7a[payload->]........z||31,421
2025-08-03T05:07:33.272 0100|00|00|05|fa0001|2007035a73[payload->]Zs||29,530
2025-08-03T05:07:33.373 0100|01|00|0c|f201fe|20070310040100000000bd7a[payload->]........z||31,421
2025-08-03T05:48:10.081 0100|00|00|05|fa0001|2007035a73[payload->]Zs||29,530
2025-08-03T05:48:10.182 0100|01|00|0c|f201fe|20070310040100000000bd00[payload->].........||0,189
2025-08-03T06:18:35.619 0100|00|00|05|fa0001|2007035a73[payload->]Zs||29,530
2025-08-03T06:18:35.821 0100|01|00|0c|f201fe|20070310040100000000bd7a[payload->]........z||31,421
2025-08-03T06:38:53.186 0100|00|00|05|fa0001|2007035a73[payload->]Zs||29,530
2025-08-03T06:38:53.287 0100|01|00|0c|f201fe|20070310040100000000bd7a[payload->]........z||31,421
2025-08-03T07:49:55.156 0100|00|00|05|fa0001|2007035a73[payload->]Zs||29,530
2025-08-03T07:49:55.358 0100|01|00|0c|f201fe|20070310040100000000bd7a[payload->]........z||31,421
2025-08-03T08:00:03.065 0100|00|00|05|fa0001|2007035a73[payload->]Zs||29,530
2025-08-03T08:00:03.166 0100|01|00|0c|f201fe|20070310040100000000bd7a[payload->]........z||31,421
2025-08-03T08:20:20.602 0100|00|00|05|fa0001|2007035a73[payload->]Zs||29,530
2025-08-03T09:21:13.361 0100|00|00|05|fa0001|2007035a73[payload->]Zs||29,530
2025-08-03T09:21:13.463 0100|01|00|0c|f201fe|20070310040100000000bd7a[payload->]........z||31,421
2025-08-03T09:41:29.855 0100|00|00|05|fa0001|2007031a73[payload->].s||29,466
2025-08-03T09:41:29.956 0100|01|00|0c|f201fe|20070310040100000000bd7a[payload->]........z||31,421
2025-08-03T09:51:39.339 0100|00|00|05|fa0001|2007035a73[payload->]Zs||29,530
2025-08-03T09:51:39.441 0100|01|00|0c|f201fe|20070310040100000000bd7a[payload->]........z||31,421
2025-08-03T10:11:57.130 0100|00|00|05|fa0001|2007035a73[payload->]Zs||29,530
2025-08-03T10:42:23.118 0100|00|00|05|fa0001|2007035a73[payload->]Zs||29,530
2025-08-03T10:42:23.219 0100|01|00|0c|f201fe|20070310040100000000bd7a[payload->]........z||31,421
2025-08-03T11:33:08.257 0100|00|00|05|fa0001|2007035a73[payload->]Zs||29,530
2025-08-03T11:33:08.258 0100|01|00|0c|f201fe|20070310040100000000bd7a[payload->]........z||31,421
2025-08-03T11:43:17.134 0100|00|00|05|fa0001|2007035a73[payload->]Zs||29,530
2025-08-03T11:43:17.235 0100|01|00|0c|f201fe|20070310040100000000bd7a[payload->]........z||31,421
2025-08-03T11:53:26.766 0100|01|00|0c|f201fe|20070310040100000000bd7a[payload->]........z||31,421
2025-08-03T12:13:43.871 0100|00|00|05|fa0001|2007035a73[payload->]Zs||29,530
2025-08-03T12:13:43.972 0100|01|00|0c|f201fe|20070310040100000000bd7a[payload->]........z||31,421
2025-08-03T12:23:52.759 0100|01|00|0c|f201fe|20070310040100000000bd7a[payload->]........z||31,421
2025-08-03T12:34:02.350 0100|00|00|05|fa0001|2007035a73[payload->]Zs||29,530
2025-08-03T12:34:02.451 0100|01|00|0c|f201fe|20070310040100000000bd7a[payload->]........z||31,421
2025-08-03T12:44:11.175 0100|00|00|05|fa0001|2007035a73[payload->]Zs||29,530
2025-08-03T12:44:11.276 0100|01|00|0c|f201fe|20070310040100000000bd7a[payload->]........z||31,421
2025-08-03T12:54:20.391 0100|00|00|05|fa0001|2007035a73[payload->]Zs||29,530
2025-08-03T12:54:20.493 0100|01|00|0c|f201fe|20070310040100000000bd7a[payload->]........z||31,421
2025-08-03T13:14:38.201 0100|00|00|05|fa0001|2007035a73[payload->]Zs||29,530
2025-08-03T13:14:38.302 0100|01|00|0c|f201fe|20070310040100000000bd7a[payload->]........z||31,421
2025-08-03T13:24:47.104 0100|00|00|05|fa0001|2007035a73[payload->]Zs||29,530
2025-08-03T13:24:47.206 0100|01|00|0c|f201fe|20070310040100000000bd7a[payload->]........z||31,421
2025-08-03T13:45:05.192 0100|00|00|05|fa0001|2007035a73[payload->]Zs||29,530
2025-08-03T13:45:05.192 0100|01|00|0c|f201fe|20070310040100000000bd7a[payload->]........z||31,421
2025-08-03T13:55:14.195 0100|00|00|05|fa0001|2007035a73[payload->]Zs||29,530
2025-08-03T13:55:14.297 0100|01|00|0c|f201fe|20070310040100000000bd7a[payload->]........z||31,421
2025-08-03T14:05:22.881 0100|00|00|05|fa0001|2007035a73[payload->]Zs||29,530
2025-08-03T14:05:22.882 0100|01|00|0c|f201fe|20070310040100000000bd7a[payload->]........z||31,421
2025-08-03T14:15:32.535 0100|00|00|05|fa0001|2007035a73[payload->]Zs||29,530
2025-08-03T14:15:32.636 0100|01|00|0c|f201fe|20070310040100000000bd7a[payload->]........z||31,421
2025-08-03T15:57:00.001 0100|01|00|0c|f201fe|20070310040100000000bd7a[payload->]........z||31,421
2025-08-03T16:07:08.116 0100|00|00|05|fa0001|2007035a73[payload->]Zs||29,530
2025-08-03T16:07:08.116 0100|01|00|0c|f201fe|20070310040100000000bd7a[payload->]........z||31,421
2025-08-03T16:17:16.961 0100|00|00|05|fa0001|2007035a73[payload->]Zs||29,530
2025-08-03T16:17:17.062 0100|01|00|0c|f201fe|20070310040100000000bd7a[payload->]........z||31,421
2025-08-03T16:37:34.283 0100|00|00|05|fa0001|2007035a73[payload->]Zs||29,530
2025-08-03T16:37:34.384 0100|01|00|0c|f201fe|20070310040100000000bd7a[payload->]........z||31,421
2025-08-03T16:47:42.735 0100|00|00|05|fa0001|2007035a73[payload->]Zs||29,530
2025-08-03T16:47:42.836 0100|01|00|0c|f201fe|20070310040100000000bd7a[payload->]........z||31,421
2025-08-03T17:38:27.154 0100|00|00|05|fa0001|2007035a73[payload->]Zs||29,530
2025-08-03T17:58:45.406 0100|00|00|05|fa0001|2007035a73[payload->]Zs||29,530
2025-08-03T17:58:45.508 0100|01|00|0c|f201fe|20070310040100000000bd7a[payload->]........z||31,421
2025-08-03T18:08:53.774 0100|00|00|05|fa0001|2007035a73[payload->]Zs||29,530
2025-08-03T18:08:53.876 0100|01|00|0c|f201fe|20070310040100000000bd7a[payload->]........z||31,421
