2025-07-30T21:00:49.091 0100|01|00|06|f801fe|50a80000e1b7[payload->]...||47,073
2025-07-30T22:35:49.148 0100|01|00|06|f801fe|50a80000e1b7[payload->]...||47,073
2025-07-30T23:04:39.129 0100|01|00|06|f801fe|50a80000e1b7[payload->]...||47,073
2025-07-30T23:07:49.074 0100|01|00|06|f801fe|50a80000e1b7[payload->]...||47,073
2025-07-31T01:06:39.136 0100|00|00|05|fa0001|50a800104e[payload->].N||19,984
2025-07-31T01:16:59.261 0100|01|00|06|f801fe|50a80000e1b7[payload->]...||47,073
2025-07-31T04:59:52.595 0100|01|00|06|f801fe|50a80000e1b7[payload->]...||47,073
2025-07-31T05:09:52.598 0100|01|00|06|f801fe|50a80000e1b7[payload->]...||47,073
2025-07-31T06:16:02.564 0100|01|00|06|f801fe|50a80000e1b7[payload->]...||47,073
2025-07-31T07:33:14.605 0100|01|00|06|f801fe|50a80000e1b7[payload->]...||47,073
2025-07-31T07:34:04.988 0100|01|00|06|f801fe|50a80000e1b7[payload->]...||47,073
2025-07-31T07:40:55.467 0100|01|00|06|f801fe|50a80000e1b7[payload->]...||47,073
2025-07-31T09:43:14.552 0100|01|00|06|f801fe|50a80000e1b7[payload->]...||47,073
2025-07-31T23:13:48.153 0100|00|00|05|fa0001|50a800104e[payload->].N||19,984
2025-08-01T02:26:00.019 0100|00|00|05|fa0001|50a800104e[payload->].N||19,984
2025-08-01T03:05:50.164 0100|01|00|06|f801fe|50a80000e1b7[payload->]...||47,073
2025-08-01T03:39:32.942 0100|01|00|06|f801fe|50a80000e1b7[payload->]...||47,073
2025-08-01T04:02:02.003 0100|01|00|06|f801fe|50a80000e1b7[payload->]...||47,073
2025-08-01T07:00:32.046 0100|01|00|06|f801fe|50a80000e1b7[payload->]...||47,073
2025-08-01T07:11:12.023 0100|01|00|06|f801fe|50a80000e1b7[payload->]...||47,073
2025-08-01T12:47:05.145 0100|00|00|05|fa0001|50a800104e[payload->].N||19,984
2025-08-01T20:14:13.589 0100|00|00|05|fa0001|50a800104e[payload->].N||19,984
2025-08-02T05:03:14.641 0100|01|00|06|f801fe|50a80000e1b7[payload->]...||47,073
2025-08-02T09:05:36.441 0100|01|00|06|f801fe|50a80000e1b7[payload->]...||47,073
2025-08-02T19:21:35.650 0100|01|00|06|f801fe|50a80000e1b7[payload->]...||47,073
2025-08-02T19:43:55.708 0100|00|00|05|fa0001|50a800104e[payload->].N||19,984
2025-08-03T01:06:31.052 0100|01|00|06|f801fe|50a80000e3b7[payload->]...||47,075
2025-08-03T02:18:12.068 0100|01|00|06|f801fe|50a80000e1b7[payload->]...||47,073
2025-08-03T07:53:54.063 0100|01|00|06|f801fe|50a80000e1b7[payload->]...||47,073
2025-08-03T15:46:36.801 0100|01|00|06|f801fe|50a80000e1b7[payload->]...||47,073
