2025-07-30T20:32:18.684 0100|00|00|05|fa0001|200200cbf1[payload->]..||61,899
2025-07-30T20:46:04.296 0100|00|00|05|fa0003|20020073f0[payload->]s.||61,555
2025-07-30T20:54:18.530 0100|00|00|05|fa0001|200200cbf1[payload->]..||61,899
2025-07-30T21:16:59.091 0100|00|00|05|fa0003|20020073f0[payload->]s.||61,555
2025-07-30T22:13:29.150 0100|00|00|05|fa0003|20020073f0[payload->]s.||61,555
2025-07-30T22:29:35.046 0100|00|00|05|fa0001|200200cbf1[payload->]..||61,899
2025-07-30T22:46:29.074 0100|01|00|0b|f301fe|2002000000000000006c4a[payload->]......lJ||19,052
2025-07-30T23:11:03.735 0100|01|00|0b|f301fe|200200ae8da802453b1e8d[payload->]....E;..||36,126
2025-07-31T01:14:03.785 0100|01|00|0b|f301fe|200200ae8da802453b1e8d[payload->]....E;..||36,126
2025-07-31T01:17:39.024 0100|00|00|05|fa0003|20020073f0[payload->]s.||61,555
2025-07-31T02:20:03.922 0100|01|00|0b|f301fe|200200ae8da802453b1e8d[payload->]....E;..||36,126
2025-07-31T02:53:04.028 0100|00|00|05|fa0003|20020073f0[payload->]s.||61,555
2025-07-31T04:08:33.700 0100|01|00|0b|f301fe|200200ae8da802453b1e8d[payload->]....E;..||36,126
2025-07-31T04:21:23.973 0100|00|00|05|fa0003|20020073f0[payload->]s.||61,555
2025-07-31T04:35:38.736 0100|01|00|0b|f301fe|200200ae8da802453b1e8d[payload->]....E;..||36,126
2025-07-31T06:07:24.151 0100|00|00|05|fa0003|20020073f0[payload->]s.||61,555
2025-07-31T06:46:43.956 0100|01|00|0b|f301fe|200200ae8da802453b1e8d[payload->]....E;..||36,126
2025-07-31T08:34:28.833 0100|00|00|05|fa0001|200200cbf1[payload->]..||61,899
2025-07-31T09:53:39.308 0100|01|00|0b|f301fe|200200ae8da802453b1e8d[payload->]....E;..||36,126
2025-07-31T10:36:34.252 0100|01|00|0b|f301fe|200200ae8da802453b1e8d[payload->]....E;..||36,126
2025-07-31T10:39:15.163 0100|01|00|0b|f301fe|200200ae8da802453b1e8d[payload->]....E;..||36,126
2025-07-31T10:46:14.443 0100|01|00|0b|f301fe|200200ae8da802453b1e8d[payload->]....E;..||36,126
2025-07-31T10:55:18.814 0100|00|00|05|fa0001|200200cbf1[payload->]..||61,899
2025-07-31T11:04:29.010 0100|01|00|0b|f301fe|200200ae8da802453b1e8d[payload->]....E;..||36,126
2025-07-31T11:38:48.962 0100|01|00|0b|f301fe|200200ae8da802453b1e8d[payload->]....E;..||36,126
2025-07-31T11:43:38.924 0100|01|00|0b|f301fe|200200ae8da802453b1e8d[payload->]....E;..||36,126
2025-07-31T11:58:49.267 0100|01|00|0b|f301fe|200200ae8da802453b1e8d[payload->]....E;..||36,126
2025-07-31T12:04:09.372 0100|01|00|0b|f301fe|2002000000000000006c4a[payload->]......lJ||19,052
2025-07-31T12:28:34.439 0100|00|00|05|fa0003|20020073f0[payload->]s.||61,555
2025-07-31T14:40:54.248 0100|01|00|0b|f301fe|200200ae8da802453b1e8d[payload->]....E;..||36,126
2025-07-31T14:45:49.773 0100|00|00|05|fa0001|200200cbf1[payload->]..||61,899
2025-07-31T14:59:09.808 0100|01|00|0b|f301fe|2002000000000000006c4a[payload->]......lJ||19,052
2025-07-31T15:02:39.190 0100|01|00|0b|f301fe|200200ae8da802453b1e8d[payload->]....E;..||36,126
2025-07-31T15:31:53.930 0100|01|00|0b|f301fe|200200ae8da802453b1e8d[payload->]....E;..||36,126
2025-07-31T15:44:03.833 0100|01|00|0b|f301fe|200200ae8da802453b1e8d[payload->]....E;..||36,126
2025-07-31T15:45:44.020 0100|01|00|0b|f301fe|200200ae8da802453b1e8d[payload->]....E;..||36,126
2025-07-31T15:57:14.444 0100|01|00|0b|f301fe|200200ae8da802453b1e8d[payload->]....E;..||36,126
2025-07-31T16:14:44.730 0100|01|00|0b|f301fe|200200ae8da802453b1e8d[payload->]....E;..||36,126
2025-07-31T16:18:43.895 0100|00|00|05|fa0001|200200cbf1[payload->]..||61,899
2025-07-31T16:26:13.781 0100|00|00|05|fa0001|200200cbf1[payload->]..||61,899
2025-07-31T16:31:50.479 0100|01|00|0b|f301fe|2002000000000000006c4a[payload->]......lJ||19,052
2025-07-31T16:53:23.926 0100|01|00|0b|f301fe|200200ae8da802453b1e8d[payload->]....E;..||36,126
2025-07-31T17:36:59.194 0100|00|00|05|fa0001|200200cbf1[payload->]..||61,899
2025-07-31T18:20:39.371 0100|01|00|0b|f301fe|2002000000000000006c4a[payload->]......lJ||19,052
2025-07-31T18:29:58.973 0100|01|00|0b|f301fe|200200ae8da802453b1e8d[payload->]....E;..||36,126
2025-07-31T18:50:29.067 0100|00|00|05|fa0001|200200cbf1[payload->]..||61,899
2025-07-31T18:50:38.956 0100|00|00|05|fa0001|200200cbf1[payload->]..||61,899
2025-07-31T20:20:03.847 0100|01|00|0b|f301fe|200200ae8da802453b1e8d[payload->]....E;..||36,126
2025-07-31T20:21:28.948 0100|01|00|0b|f301fe|200200ae8da802453b1e8d[payload->]....E;..||36,126
2025-07-31T20:50:38.854 0100|01|00|0b|f301fe|200200ae8da802453b1e8d[payload->]....E;..||36,126
2025-07-31T20:53:18.969 0100|01|00|0b|f301fe|200200ae8da802453b1e8d[payload->]....E;..||36,126
2025-07-31T21:27:13.954 0100|01|00|0b|f301fe|200200ae8da802453b1e8d[payload->]....E;..||36,126
2025-07-31T21:44:28.938 0100|01|00|0b|f301fe|200200ae8da802453b1e8d[payload->]....E;..||36,126
2025-07-31T22:14:28.972 0100|01|00|0b|f301fe|200200ae8da802453b1e8d[payload->]....E;..||36,126
2025-07-31T22:37:49.222 0100|00|00|05|fa0003|20020073f0[payload->]s.||61,555
2025-07-31T22:38:38.881 0100|01|00|0b|f301fe|200200ae8da802453b1e8d[payload->]....E;..||36,126
2025-07-31T22:50:14.805 0100|00|00|05|fa0003|20020073f0[payload->]s.||61,555
2025-07-31T23:08:18.897 0100|01|00|0b|f301fe|200200ae8da802453b1e8d[payload->]....E;..||36,126
2025-07-31T23:12:59.508 0100|00|00|05|fa0003|20020073f0[payload->]s.||61,555
2025-07-31T23:28:38.975 0100|01|00|0b|f301fe|200200ae8da802453b1e8d[payload->]....E;..||36,126
2025-07-31T23:36:08.975 0100|01|00|0b|f301fe|200200ae8da802453b1e8d[payload->]....E;..||36,126
2025-08-01T00:03:44.545 0100|00|00|05|fa0003|20020073f0[payload->]s.||61,555
2025-08-01T00:13:19.431 0100|01|00|0b|f301fe|2002000000000000006c4a[payload->]......lJ||19,052
2025-08-01T00:13:28.811 0100|00|00|05|fa0001|200200cbf1[payload->]..||61,899
2025-08-01T00:22:59.428 0100|00|00|05|fa0003|20020073f0[payload->]s.||61,555
2025-08-01T00:23:03.859 0100|00|00|05|fa0001|200200cbf1[payload->]..||61,899
2025-08-01T00:27:03.915 0100|00|00|05|fa0001|2002004afc[payload->]J.||64,586
2025-08-01T00:30:58.817 0100|00|00|05|fa0001|200200cbf1[payload->]..||61,899
2025-08-01T00:41:28.850 0100|00|00|05|fa0001|200200cbf1[payload->]..||61,899
2025-08-01T00:58:38.921 0100|01|00|0b|f301fe|200200ae8da802453b1e8d[payload->]....E;..||36,126
2025-08-01T01:04:48.954 0100|01|00|0b|f301fe|200200ae8da802453b1e8d[payload->]....E;..||36,126
2025-08-01T01:40:04.387 0100|00|00|05|fa0003|20020073f0[payload->]s.||61,555
2025-08-01T01:44:33.891 0100|00|00|05|fa0001|200200cbf1[payload->]..||61,899
2025-08-01T02:02:39.464 0100|00|00|05|fa0003|20020073f0[payload->]s.||61,555
2025-08-01T02:03:24.330 0100|00|00|05|fa0003|20020073f0[payload->]s.||61,555
2025-08-01T02:04:09.058 0100|01|00|0b|f301fe|200200ae8da802453b1e8d[payload->]....E;..||36,126
2025-08-01T02:10:08.882 0100|00|00|05|fa0001|200200cbf1[payload->]..||61,899
2025-08-01T02:17:28.863 0100|01|00|0b|f301fe|200200ae8da802453b1e8d[payload->]....E;..||36,126
2025-08-01T02:20:44.290 0100|00|00|05|fa0003|20020073f0[payload->]s.||61,555
2025-08-01T02:28:49.095 0100|01|00|0b|f301fe|200200ae8da802453b1e8d[payload->]....E;..||36,126
2025-08-01T02:36:58.958 0100|01|00|0b|f301fe|200200ae8da802453b1e8d[payload->]....E;..||36,126
2025-08-01T03:12:59.879 0100|00|00|05|fa0003|20020073f0[payload->]s.||61,555
2025-08-01T03:21:19.126 0100|01|00|0b|f301fe|200200ae8da802453b1e8d[payload->]....E;..||36,126
2025-08-01T03:25:54.652 0100|01|00|0b|f301fe|200200ae8da802453b1e8d[payload->]....E;..||36,126
2025-08-01T03:26:03.942 0100|01|00|0b|f301fe|200200ae8da802453b1e8d[payload->]....E;..||36,126
2025-08-01T03:47:33.926 0100|01|00|0b|f301fe|200200ae8da802453b1e8d[payload->]....E;..||36,126
2025-08-01T03:47:34.433 0100|00|00|05|fa0003|20020073f0[payload->]s.||61,555
2025-08-01T04:02:14.007 0100|01|00|0b|f301fe|200200ae8da802453b1e8d[payload->]....E;..||36,126
2025-08-01T05:02:23.979 0100|01|00|0b|f301fe|200200ae8da802453b1e8d[payload->]....E;..||36,126
2025-08-01T05:13:54.542 0100|01|00|0b|f301fe|2002000000000000006c4a[payload->]......lJ||19,052
2025-08-01T05:23:54.393 0100|00|00|05|fa0003|20020073f0[payload->]s.||61,555
2025-08-01T05:28:28.949 0100|00|00|05|fa0001|200200cbf1[payload->]..||61,899
2025-08-01T05:43:59.081 0100|01|00|0b|f301fe|200200ae8da802453b1e8d[payload->]....E;..||36,126
2025-08-01T05:57:28.942 0100|01|00|0b|f301fe|200200ae8da802453b1e8d[payload->]....E;..||36,126
2025-08-01T06:11:54.416 0100|01|00|0b|f301fe|2002000000000000006c4a[payload->]......lJ||19,052
2025-08-01T06:13:44.004 0100|01|00|0b|f301fe|200200ae8da802453b1e8d[payload->]....E;..||36,126
2025-08-01T06:45:21.202 0100|00|00|05|fa0003|20020073f0[payload->]s.||61,555
2025-08-01T06:58:14.066 0100|01|00|0b|f301fe|200200ae8da802453b1e8d[payload->]....E;..||36,126
2025-08-01T07:18:48.957 0100|00|00|05|fa0001|200200cbf1[payload->]..||61,899
2025-08-01T07:21:33.985 0100|01|00|0b|f301fe|200200ae8da802453b1e8d[payload->]....E;..||36,126
2025-08-01T07:23:34.008 0100|01|00|0b|f301fe|200200ae8da802453b1e8d[payload->]....E;..||36,126
2025-08-01T07:25:59.052 0100|01|00|0b|f301fe|200200ae8da802453b1e8d[payload->]....E;..||36,126
2025-08-01T07:37:43.944 0100|00|00|05|fa0001|200200cbf1[payload->]..||61,899
2025-08-01T08:43:24.007 0100|01|00|0b|f301fe|200200ae8da802453b1e8d[payload->]....E;..||36,126
2025-08-01T09:02:44.047 0100|01|00|0b|f301fe|200200ae8da802453b1e8d[payload->]....E;..||36,126
2025-08-01T09:03:34.016 0100|01|00|0b|f301fe|200200ae8da802453b1e8d[payload->]....E;..||36,126
2025-08-01T09:25:44.107 0100|01|00|0b|f301fe|200200ae8da802453b1e8d[payload->]....E;..||36,126
2025-08-01T09:37:34.671 0100|00|00|05|fa0003|20020073f0[payload->]s.||61,555
2025-08-01T09:47:24.112 0100|01|00|0b|f301fe|200200ae8da802453b1e8d[payload->]....E;..||36,126
2025-08-01T09:59:28.982 0100|01|00|0b|f301fe|200200ae8da802453b1e8d[payload->]....E;..||36,126
2025-08-01T10:04:19.080 0100|01|00|0b|f301fe|200200ae8da802453b1e8d[payload->]....E;..||36,126
2025-08-01T10:07:04.104 0100|01|00|0b|f301fe|200200ae8da802453b1e8d[payload->]....E;..||36,126
2025-08-01T10:08:18.981 0100|00|00|05|fa0001|200200cbf1[payload->]..||61,899
2025-08-01T10:25:34.038 0100|01|00|0b|f301fe|200200ae8da802453b1e8d[payload->]....E;..||36,126
2025-08-01T10:40:34.590 0100|00|00|05|fa0003|20020073f0[payload->]s.||61,555
2025-08-01T10:41:09.142 0100|01|00|0b|f301fe|200200ae8da802453b1e8d[payload->]....E;..||36,126
2025-08-01T11:16:09.605 0100|00|00|05|fa0003|20020073f0[payload->]s.||61,555
2025-08-01T11:28:59.084 0100|01|00|0b|f301fe|200200ae8da802453b1e8d[payload->]....E;..||36,126
2025-08-01T11:37:39.547 0100|01|00|0b|f301fe|2002000000000000006c4a[payload->]......lJ||19,052
2025-08-01T11:44:23.927 0100|00|00|05|fa0001|200200cbf1[payload->]..||61,899
2025-08-01T12:22:59.030 0100|00|00|05|fa0001|200200cbf1[payload->]..||61,899
2025-08-01T12:35:24.327 0100|01|00|0b|f301fe|200200ae8da802453b1e8d[payload->]....E;..||36,126
2025-08-01T13:23:39.074 0100|01|00|0b|f301fe|200200ae8da802453b1e8d[payload->]....E;..||36,126
2025-08-01T13:39:24.022 0100|00|00|05|fa0001|200200cbf1[payload->]..||61,899
2025-08-01T15:04:49.125 0100|01|00|0b|f301fe|200200ae8da802453b1e8d[payload->]....E;..||36,126
2025-08-01T15:12:09.046 0100|00|00|05|fa0001|200200cbf1[payload->]..||61,899
2025-08-01T15:17:14.126 0100|01|00|0b|f301fe|200200ae8da802453b1e8d[payload->]....E;..||36,126
2025-08-01T15:38:44.550 0100|00|00|05|fa0003|20020073f0[payload->]s.||61,555
2025-08-01T16:34:04.806 0100|01|00|0b|f301fe|2002000000000000006c4a[payload->]......lJ||19,052
2025-08-01T16:51:34.292 0100|01|00|0b|f301fe|200200ae8da802453b1e8d[payload->]....E;..||36,126
2025-08-01T17:14:14.188 0100|01|00|0b|f301fe|200200ae8da802453b1e8d[payload->]....E;..||36,126
2025-08-01T18:12:14.529 0100|00|00|05|fa0003|20020073f0[payload->]s.||61,555
2025-08-01T18:17:30.064 0100|01|00|0b|f301fe|2002000000000000006c4a[payload->]......lJ||19,052
2025-08-01T19:40:54.103 0100|00|00|05|fa0001|200200cbf1[payload->]..||61,899
2025-08-01T20:01:04.163 0100|00|00|05|fa0001|200200cbf1[payload->]..||61,899
2025-08-01T20:06:34.210 0100|01|00|0b|f301fe|200200ae8da802453b1e8d[payload->]....E;..||36,126
2025-08-01T20:08:09.188 0100|01|00|0b|f301fe|200200ae8da802453b1e8d[payload->]....E;..||36,126
2025-08-01T20:52:19.602 0100|00|00|05|fa0003|20020073f0[payload->]s.||61,555
2025-08-01T21:05:04.537 0100|00|00|05|fa0003|20020073f0[payload->]s.||61,555
2025-08-01T21:28:39.276 0100|01|00|0b|f301fe|200200ae8da802453b1e8d[payload->]....E;..||36,126
2025-08-01T22:08:44.461 0100|01|00|0b|f301fe|200200ae8da802453b1e8d[payload->]....E;..||36,126
2025-08-02T00:10:44.425 0100|01|00|0b|f301fe|200200ae8da802453b1e8d[payload->]....E;..||36,126
2025-08-02T00:15:44.420 0100|01|00|0b|f301fe|200200ae8da802453b1e8d[payload->]....E;..||36,126
2025-08-02T00:17:00.020 0100|01|00|0b|f301fe|2002000000000000006c4a[payload->]......lJ||19,052
2025-08-02T00:37:39.884 0100|00|00|05|fa0003|20020073f0[payload->]s.||61,555
2025-08-02T00:50:14.556 0100|01|00|0b|f301fe|200200ae8da802453b1e8d[payload->]....E;..||36,126
2025-08-02T02:19:14.372 0100|00|00|05|fa0001|200200cbf1[payload->]..||61,899
2025-08-02T02:35:39.913 0100|00|00|05|fa0003|20020073f0[payload->]s.||61,555
2025-08-02T03:35:54.489 0100|01|00|0b|f301fe|200200ae8da802453b1e8d[payload->]....E;..||36,126
2025-08-02T03:41:44.906 0100|01|00|0b|f301fe|2002000000000000006c4a[payload->]......lJ||19,052
2025-08-02T04:13:30.047 0100|01|00|0b|f301fe|2002000000000000006c4a[payload->]......lJ||19,052
2025-08-02T04:32:50.729 0100|01|00|0b|f301fe|2002000000000000006c4a[payload->]......lJ||19,052
2025-08-02T04:51:39.646 0100|01|00|0b|f301fe|200200ae8da802453b1e8d[payload->]....E;..||36,126
2025-08-02T04:51:45.516 0100|00|00|05|fa0003|20020073f0[payload->]s.||61,555
2025-08-02T04:56:19.504 0100|00|00|05|fa0001|200200cbf1[payload->]..||61,899
2025-08-02T05:03:30.196 0100|00|00|05|fa0003|20020073f0[payload->]s.||61,555
2025-08-02T05:15:19.921 0100|01|00|0b|f301fe|2002000000000000006c4a[payload->]......lJ||19,052
2025-08-02T05:51:24.520 0100|01|00|0b|f301fe|200200ae8da802453b1e8d[payload->]....E;..||36,126
2025-08-02T05:53:24.488 0100|00|00|05|fa0001|200200cbf1[payload->]..||61,899
2025-08-02T05:54:39.443 0100|00|00|05|fa0001|200200cbf1[payload->]..||61,899
2025-08-02T07:02:59.878 0100|01|00|0b|f301fe|2002000000000000006c4a[payload->]......lJ||19,052
2025-08-02T07:07:34.905 0100|01|00|0b|f301fe|2002000000000000006c4a[payload->]......lJ||19,052
2025-08-02T07:25:54.610 0100|01|00|0b|f301fe|200200ae8da802453b1e8d[payload->]....E;..||36,126
2025-08-02T07:35:54.730 0100|01|00|0b|f301fe|200200ae8da802453b1e8d[payload->]....E;..||36,126
2025-08-02T08:18:44.708 0100|00|00|05|fa0003|20020073f0[payload->]s.||61,555
2025-08-02T09:38:09.833 0100|00|00|05|fa0003|20020073f0[payload->]s.||61,555
2025-08-02T10:08:14.419 0100|01|00|0b|f301fe|200200ae8da802453b1e8d[payload->]....E;..||36,126
2025-08-02T10:19:49.592 0100|01|00|0b|f301fe|200200ae8da802453b1e8d[payload->]....E;..||36,126
2025-08-02T10:50:44.925 0100|01|08|0b|f301fe|2002000000000000006c4a[payload->]......lJ||19,052
2025-08-02T10:51:54.395 0100|00|00|05|fa0001|200200cbf1[payload->]..||61,899
2025-08-02T11:12:29.430 0100|00|00|05|fa0001|200200cbf1[payload->]..||61,899
2025-08-02T11:35:09.555 0100|00|00|05|fa0001|200200cbf1[payload->]..||61,899
2025-08-02T12:10:54.567 0100|01|00|0b|f301fe|200200ae8da802453b1e8d[payload->]....E;..||36,126
2025-08-02T12:16:54.503 0100|00|00|05|fa0001|200200cbf1[payload->]..||61,899
2025-08-02T13:18:14.793 0100|01|00|0b|f301fe|200200ae8da802453b1e8d[payload->]....E;..||36,126
2025-08-02T13:39:44.877 0100|00|00|05|fa0003|20020073f0[payload->]s.||61,555
2025-08-02T13:45:19.490 0100|01|00|0b|f301fe|200200ae8da802453b1e8d[payload->]....E;..||36,126
2025-08-02T13:48:54.570 0100|01|00|0b|f301fe|200200ae8da802453b1e8d[payload->]....E;..||36,126
2025-08-02T14:00:24.564 0100|01|00|0b|f301fe|200200ae8da802453b1e8d[payload->]....E;..||36,126
2025-08-02T14:14:44.897 0100|01|00|0b|f301fe|2002000000000000006c4a[payload->]......lJ||19,052
2025-08-02T14:28:15.073 0100|01|00|0b|f301fe|2002000000000000006c4a[payload->]......lJ||19,052
2025-08-02T14:35:49.445 0100|01|00|0b|f301fe|200200ae8da802453b1e8d[payload->]....E;..||36,126
2025-08-02T14:40:44.502 0100|00|00|05|fa0001|200200cbf1[payload->]..||61,899
2025-08-02T14:52:39.377 0100|00|00|05|fa0001|200200cbf1[payload->]..||61,899
2025-08-02T15:00:44.886 0100|01|00|0b|f301fe|2002000000000000006c4a[payload->]......lJ||19,052
2025-08-02T15:38:24.524 0100|01|00|0b|f301fe|200200ae8da802453b1e8d[payload->]....E;..||36,126
2025-08-02T15:39:04.680 0100|00|00|05|fa0001|200200cbf1[payload->]..||61,899
2025-08-02T16:12:19.704 0100|01|00|0b|f301fe|200200ae8da802453b1e8d[payload->]....E;..||36,126
2025-08-02T16:15:15.044 0100|00|00|05|fa0003|20020073f0[payload->]s.||61,555
2025-08-02T16:15:39.469 0100|00|00|05|fa0001|200200cbf1[payload->]..||61,899
2025-08-02T17:13:29.475 0100|01|00|0b|f301fe|200200ae8da802453b1e8d[payload->]....E;..||36,126
2025-08-02T17:56:29.456 0100|01|00|0b|f301fe|200200ae8da802453b1e8d[payload->]....E;..||36,126
2025-08-02T17:56:49.755 0100|00|00|05|fa0001|200200cbf1[payload->]..||61,899
2025-08-02T18:03:29.792 0100|00|00|05|fa0003|20020073f0[payload->]s.||61,555
2025-08-02T18:51:39.415 0100|00|00|05|fa0001|200200cbf1[payload->]..||61,899
2025-08-02T19:14:35.540 0100|00|00|05|fa0001|200200cbf1[payload->]..||61,899
2025-08-02T19:33:24.489 0100|00|00|05|fa0001|200200cbf1[payload->]..||61,899
2025-08-02T19:43:54.493 0100|01|00|0b|f301fe|200200ae8da802453b1e8d[payload->]....E;..||36,126
2025-08-02T20:12:45.410 0100|01|00|0b|f301fe|200200ae8da802453b1e8d[payload->]....E;..||36,126
2025-08-02T20:17:35.421 0100|01|00|0b|f301fe|2002000000000000006c4a[payload->]......lJ||19,052
2025-08-02T20:27:25.253 0100|01|00|0b|f301fe|200200ae8da802453b1e8d[payload->]....E;..||36,126
2025-08-02T21:26:55.052 0100|01|00|0b|f301fe|200200ae8da802453b1e8d[payload->]....E;..||36,126
2025-08-02T21:32:45.349 0100|01|00|0b|f301fe|200200ae8da802453b1e8d[payload->]....E;..||36,126
2025-08-02T21:42:25.233 0100|01|00|0b|f301fe|200200ae8da802453b1e8d[payload->]....E;..||36,126
2025-08-02T21:45:35.364 0100|00|00|05|fa0003|20020073f0[payload->]s.||61,555
2025-08-02T21:51:00.005 0100|00|00|05|fa0003|20020073f0[payload->]s.||61,555
2025-08-02T21:52:35.134 0100|01|00|0b|f301fe|200200ae8da802453b1e8d[payload->]....E;..||36,126
2025-08-02T22:07:49.989 0100|00|00|05|fa0003|20020073f0[payload->]s.||61,555
2025-08-02T22:37:49.936 0100|00|00|05|fa0003|20020073f0[payload->]s.||61,555
2025-08-02T22:38:55.559 0100|00|00|05|fa0003|20020073f0[payload->]s.||61,555
2025-08-02T22:40:29.780 0100|01|00|0b|e301fe|200200ae8da802453b1e8d[payload->]....E;..||36,126
2025-08-02T23:05:59.939 0100|01|00|0b|f301fe|200200ae8da802453b1e8d[payload->]....E;..||36,126
2025-08-02T23:23:40.089 0100|00|00|05|fa0003|20020073f0[payload->]s.||61,555
2025-08-02T23:25:45.592 0100|00|00|05|fa0003|20020073f0[payload->]s.||61,555
2025-08-02T23:49:50.023 0100|01|00|0b|f301fe|2002000000000000006c4a[payload->]......lJ||19,052
2025-08-03T00:04:19.658 0100|01|00|0b|f301fe|200200ae8da802453b1e8d[payload->]....E;..||36,126
2025-08-03T01:02:19.603 0100|01|00|0b|f301fe|200200ae8da802453b1e8d[payload->]....E;..||36,126
2025-08-03T01:18:00.015 0100|00|00|05|fa0001|200200cbf1[payload->]..||61,899
2025-08-03T01:23:34.476 0100|00|00|05|fa0001|200200cbf1[payload->]..||61,899
2025-08-03T01:55:54.676 0100|01|00|0b|f301fe|200200ae8da802453b1e8d[payload->]....E;..||36,126
2025-08-03T02:03:04.430 0100|00|00|05|fa0001|200200cbf1[payload->]..||61,899
2025-08-03T02:31:15.131 0100|01|00|0b|f301fe|2002000000000000006c4a[payload->]......lJ||19,052
2025-08-03T02:34:49.905 0100|01|00|0b|f301fe|200200ae8da802453b1e8d[payload->]....E;..||36,126
2025-08-03T02:35:34.648 0100|01|00|0b|f301fe|200200ae8da802453b1e8d[payload->]....E;..||36,126
2025-08-03T03:24:34.420 0100|00|00|05|fa0001|200200cbf1[payload->]..||61,899
2025-08-03T03:33:10.026 0100|01|00|0b|f301fe|2002000000000000006c4a[payload->]......lJ||19,052
2025-08-03T03:50:30.187 0100|00|00|05|fa0003|20020073f0[payload->]s.||61,555
2025-08-03T04:45:24.926 0100|00|00|05|fa0003|20020073f0[payload->]s.||61,555
2025-08-03T04:46:04.702 0100|01|00|0b|f301fe|200200ae8da802453b1e8d[payload->]....E;..||36,126
2025-08-03T04:46:59.814 0100|01|00|0b|f301fe|200200ae8da802453b1e8d[payload->]....E;..||36,126
2025-08-03T05:06:24.792 0100|01|00|0b|f301fe|200200ae8da802453b1e8d[payload->]....E;..||36,126
2025-08-03T05:14:04.620 0100|00|00|05|fa0001|200200cbf1[payload->]..||61,899
2025-08-03T05:22:49.762 0100|01|00|0b|f301fe|200200ae8da802453b1e8d[payload->]....E;..||36,126
2025-08-03T05:28:05.155 0100|00|00|05|fa0003|20020073f0[payload->]s.||61,555
2025-08-03T05:45:35.210 0100|01|00|0b|f301fe|2002000000000000006c4a[payload->]......lJ||19,052
2025-08-03T05:55:09.602 0100|01|00|0b|f301fe|200200ae8da802453b1e8d[payload->]....E;..||36,126
2025-08-03T05:55:24.644 0100|00|00|05|fa0001|200200cbf1[payload->]..||61,899
2025-08-03T05:56:40.168 0100|01|00|0b|f301fe|2002000000000000006c4a[payload->]......lJ||19,052
2025-08-03T07:28:25.286 0100|00|00|05|fa0003|20020073f0[payload->]s.||61,555
2025-08-03T07:58:00.105 0100|00|00|05|fa0003|20020073f0[payload->]s.||61,555
2025-08-03T07:58:20.291 0100|00|00|05|fa0003|20020073f0[payload->]s.||61,555
2025-08-03T08:05:39.811 0100|01|0a|0b|fb01fe|200200ae8da802453b1e8d[payload->]....E;..||36,126
2025-08-03T08:30:11.466 0100|01|00|0b|f301fe|2002000005fa0003200201[payload->]..... ..||0,258
2025-08-03T09:54:34.628 0100|00|00|05|fa0001|200200cbf1[payload->]..||61,899
2025-08-03T10:08:09.981 0100|01|00|0b|f301fe|200200ae8da802453b1e8d[payload->]....E;..||36,126
2025-08-03T10:13:14.659 0100|03|00|0b|f301fe|200200ae8da802453b1e8d[payload->]....E;..||36,126
2025-08-03T10:27:45.980 0100|01|00|0b|f301fe|200200ae8da802453b1e8d[payload->]....E;..||36,126
2025-08-03T11:14:54.894 0100|00|00|05|fa0003|20020073f0[payload->]s.||61,555
2025-08-03T11:21:39.809 0100|01|00|0b|f301fe|200200ae8da802453b1e8d[payload->]....E;..||36,126
2025-08-03T11:48:40.049 0100|01|00|0b|f301fe|2002000000000000006c4a[payload->]......lJ||19,052
2025-08-03T11:57:44.877 0100|00|00|05|fa0001|200200cbf1[payload->]..||61,899
2025-08-03T13:00:14.725 0100|01|00|0b|f301fe|200200ae8da802453b1e8d[payload->]....E;..||36,126
2025-08-03T13:08:34.704 0100|01|00|0b|f301fe|200200ae8da802453b1e8d[payload->]....E;..||36,126
2025-08-03T13:13:39.746 0100|01|00|0b|f301fe|200200ae8da802453b1e8d[payload->]....E;..||36,126
2025-08-03T13:22:10.015 0100|00|00|05|fa0003|20020073f0[payload->]s.||61,555
2025-08-03T13:40:49.680 0100|01|00|0b|f301fe|200200ae8da802453b1e8d[payload->]....E;..||36,126
2025-08-03T13:45:24.897 0100|01|00|0b|f301fe|200200ae8da802453b1e8d[payload->]....E;..||36,126
2025-08-03T13:52:44.793 0100|00|00|05|fa0001|200200cbf1[payload->]..||61,899
2025-08-03T14:19:25.399 0100|01|00|0b|f301fe|2002000000000000006c4a[payload->]......lJ||19,052
2025-08-03T14:25:20.125 0100|01|00|0b|f301fe|2002000000000000006c4a[payload->]......lJ||19,052
2025-08-03T14:37:36.379 0100|01|00|0b|f301fe|2002000000000000006c4a[payload->]......lJ||19,052
2025-08-03T14:45:56.204 0100|00|00|05|fa0001|200200cbf1[payload->]..||61,899
2025-08-03T14:51:04.860 0100|01|00|0b|f301fe|200200ae8da802453b1e8d[payload->]....E;..||36,126
2025-08-03T15:18:10.123 0100|00|00|05|fa0003|20020073f0[payload->]s.||61,555
2025-08-03T15:23:30.082 0100|00|00|05|fa0003|20020073f0[payload->]s.||61,555
2025-08-03T15:27:14.792 0100|01|00|0b|f301fe|200200ae8da802453b1e8d[payload->]....E;..||36,126
2025-08-03T15:54:34.749 0100|01|00|0b|f301fe|200200ae8da802453b1e8d[payload->]....E;..||36,126
2025-08-03T17:00:24.631 0100|00|00|05|fa0001|200200cbf1[payload->]..||61,899
2025-08-03T17:10:50.329 0100|01|00|0b|f301fe|200200ae8da802453b1e8d[payload->]....E;..||36,126
2025-08-03T17:20:30.053 0100|00|00|05|fa0003|20020073f0[payload->]s.||61,555
2025-08-03T17:51:00.070 0100|01|00|0b|f301fe|2002000000000000006c4a[payload->]......lJ||19,052
