2025-07-30T20:33:58.165 0100|00|00|05|fa0001|3436010fa7[payload->]..||42,767
2025-07-30T20:33:58.265 0100|01|00|18|e601fe|34360102c81024a00084ffffffffffffffffffffffffa14d[payload->]...$................M||19,873
2025-07-30T21:03:58.118 0100|00|00|05|fa0001|3436010fa7[payload->]..||42,767
2025-07-30T21:03:58.220 0100|01|00|18|e601fe|34360102c81024a00084ffffffffffffffffffffffffa14d[payload->]...$................M||19,873
2025-07-30T21:33:58.127 0100|00|00|05|fa0001|3436010fa7[payload->]..||42,767
2025-07-30T21:33:58.228 0100|01|00|18|e601fe|34360102c81024a00084ffffffffffffffffffffffffa14d[payload->]...$................M||19,873
2025-07-30T22:03:58.542 0100|00|00|05|fa0001|3436010fa7[payload->]..||42,767
2025-07-30T22:03:58.643 0100|01|00|18|e601fe|34360102c81024a00084ffffffffffffffffffffffffa14d[payload->]...$................M||19,873
2025-07-30T22:31:28.852 0100|00|00|05|fa0001|3436010fa7[payload->]..||42,767
2025-07-30T22:31:28.954 0100|01|00|18|e601fe|34360102c81024a00084ffffffff0102c81024a00084ffff[payload->]...$...........$.....||65,535
2025-07-30T22:33:58.113 0100|00|00|05|fa0001|3436010fa7[payload->]..||42,767
2025-07-30T22:33:58.214 0100|01|00|18|e601fe|34360102c81024200084ffffffffffffffffffffffffa14d[payload->]...$ ...............M||19,873
2025-07-30T23:03:58.121 0100|00|00|05|fa0001|3436010fa7[payload->]..||42,767
2025-07-30T23:03:58.222 0100|01|00|18|e601fe|34360102c81024a00084ffffffffffffffffffffffffa14d[payload->]...$................M||19,873
2025-07-30T23:31:28.654 0100|00|00|05|fa0001|3436010fa7[payload->]..||42,767
2025-07-30T23:31:28.756 0100|01|00|18|e601fe|34360102c81024a00084ffffffffffffffffffffffffa14d[payload->]...$................M||19,873
2025-07-30T23:33:58.189 0100|00|00|05|fa0001|3436010fa7[payload->]..||42,767
2025-07-30T23:33:58.291 0100|01|00|18|e601fe|34360102c81024a00084fffffffffffffffffffff7ffa14d[payload->]...$................M||19,873
2025-07-31T00:03:58.098 0100|00|00|05|fa0001|3436010fa7[payload->]..||42,767
2025-07-31T00:03:58.300 0100|01|00|18|e601fe|34360102c81024a00084ffffffffffffffffffffffffa14d[payload->]...$................M||19,873
2025-07-31T00:33:58.706 0100|00|00|05|fa0001|3436010fa7[payload->]..||42,767
2025-07-31T00:33:58.808 0100|01|00|18|e601fe|34360102c81024a00084ffffffffffffffffffffffffa14d[payload->]...$................M||19,873
2025-07-31T01:03:58.088 0100|00|00|05|fa0001|3436010fa7[payload->]..||42,767
2025-07-31T01:03:58.290 0100|01|00|18|e601fe|34360102c81024a00084ffffffffffffffffffffffffa14d[payload->]...$................M||19,873
2025-07-31T01:31:28.612 0100|01|00|18|e601ee|34360102c81024a00084ffffffffffffffffffffffffa14d[payload->]...$................M||19,873
2025-07-31T01:33:58.100 0100|00|00|05|fa0001|3436010fa7[payload->]..||42,767
2025-07-31T01:33:58.302 0100|01|00|18|e601fe|34360102c81024a00084ffffffffffffffffffffffffa14d[payload->]...$................M||19,873
2025-07-31T02:03:58.185 0100|00|00|05|fa0001|3436010fa7[payload->]..||42,767
2025-07-31T02:03:58.387 0100|01|00|18|e601fe|34360102c81024a00084fffffffffffffeffffffffffa14d[payload->]...$................M||19,873
2025-07-31T02:33:59.641 0100|00|00|05|fa0001|3436010fa7[payload->]..||42,767
2025-07-31T02:33:59.843 0100|01|00|18|e601fe|34360102c81024a00084fffffffffffffffeffffffffa14d[payload->]...$................M||19,873
2025-07-31T03:03:59.668 0100|00|00|05|fa0001|3436010fa7[payload->]..||42,767
2025-07-31T03:33:59.639 0100|00|00|05|fa0001|3436010fa7[payload->]..||42,767
2025-07-31T03:33:59.741 0100|01|00|18|e601fe|34360102c81024a00084ffffffffffffffffffffffffa14d[payload->]...$................M||19,873
2025-07-31T04:03:59.682 0100|00|00|05|fa0001|3436010fa7[payload->]..||42,767
2025-07-31T04:03:59.784 0100|01|00|18|e601fe|34360102c81024a00084ffffffffffffffffffffffffa14d[payload->]...$................M||19,873
2025-07-31T04:33:59.718 0100|00|00|05|fa0001|3436010fa7[payload->]..||42,767
2025-07-31T04:33:59.819 0100|01|00|18|e601fe|34360102c81024a00084ffffffffffffffffffffffffa14d[payload->]...$................M||19,873
2025-07-31T05:04:01.636 0100|00|00|05|fa0001|3436010fa7[payload->]..||42,767
2025-07-31T05:04:01.737 0100|01|00|18|e601fe|34360102c81024a00084ffffffffffffffffffffffffa14d[payload->]...$................M||19,873
2025-07-31T05:34:01.565 0100|00|00|05|fa0001|3436010fa7[payload->]..||42,767
2025-07-31T05:34:01.767 0100|01|00|18|e601fe|34360102c81024a00084ffffffffffffffffffffffffa14d[payload->]...$................M||19,873
2025-07-31T06:04:01.564 0100|00|00|05|fa0001|3436010fa7[payload->]..||42,767
2025-07-31T06:04:01.766 0100|01|00|18|e601fe|34360102c81024a00084ffffffffffffffffffffffffa14d[payload->]...$................M||19,873
2025-07-31T06:31:28.024 0100|00|00|05|fa0001|3436010fa7[payload->]..||42,767
2025-07-31T06:31:28.226 0100|01|00|18|e601fe|34360102c81024a00084ffffffffffffffffffffffffa14d[payload->]...$................M||19,873
2025-07-31T06:34:02.636 0100|00|00|05|fa0001|3436010fa7[payload->]..||42,767
2025-07-31T06:34:02.737 0100|01|00|18|e601fe|34360102c81024a00084ffffffffffffffffffffffffa14d[payload->]...$................M||19,873
2025-07-31T07:04:02.677 0100|00|00|05|fa0001|3436010fa7[payload->]..||42,767
2025-07-31T07:04:02.883 0100|01|00|18|e601fe|34360102c81024a00084ffffffffffffffffffffffffa14d[payload->]...$................M||19,873
2025-07-31T07:34:02.662 0100|00|00|05|fa0001|3436010fa7[payload->]..||42,767
2025-07-31T07:34:02.763 0100|01|04|18|e601fe|34360102c81024a00084ffffffffffffffffffffffffa14d[payload->]...$................M||19,873
2025-07-31T08:04:02.695 0100|00|00|05|fa0001|3436010fa7[payload->]..||42,767
2025-07-31T08:04:02.796 0100|01|00|18|e601fe|34360102c81024a00084ffffffffffffffffffffffffa14d[payload->]...$................M||19,873
2025-07-31T08:34:02.671 0100|00|00|05|fa0001|3436010fa7[payload->]..||42,767
2025-07-31T09:04:02.696 0100|00|00|05|fa0001|3436010fa7[payload->]..||42,767
2025-07-31T09:04:02.798 0100|01|00|18|e601fe|34360102c81024a00084ffffffffffffffffffffffffa14d[payload->]...$................M||19,873
2025-07-31T09:31:27.855 0100|00|00|05|fa0001|3436010fa7[payload->]..||42,767
2025-07-31T09:31:28.056 0100|01|00|18|e601fe|34360102c81024a00084ffffffffffffffffffffffffa14d[payload->]...$................M||19,873
2025-07-31T09:34:02.652 0100|00|00|05|fa0001|3436010fa7[payload->]..||42,767
2025-07-31T09:34:02.753 0100|01|00|18|e601fe|34360102c81024a00084ffffffffffffffffffffffffa14d[payload->]...$................M||19,873
2025-07-31T10:04:02.791 0100|00|00|05|fa0001|3436010fa7[payload->]..||42,767
2025-07-31T10:04:02.993 0100|01|00|18|e601fe|34360102c81024a00084ffffffffffffffffffffffffa14d[payload->]...$................M||19,873
2025-07-31T10:31:28.485 0100|01|00|18|e601fe|34360102c81024a00084ffffffffffffffffffffffffa14d[payload->]...$................M||19,873
2025-07-31T10:34:03.897 0100|00|00|05|fa0001|3436010fa7[payload->]..||42,767
2025-07-31T10:34:04.099 0100|01|00|18|e601fe|34360102c81024a00084ffffffffffffffffffffffffa14d[payload->]...$................M||19,873
2025-07-31T11:04:03.851 0100|00|00|05|fa0001|3436010fa7[payload->]..||42,767
2025-07-31T11:04:03.953 0100|01|00|18|e601fe|34360102c81024a00084ffffffffffffffffffffffffa14d[payload->]...$................M||19,873
2025-07-31T11:34:04.050 0100|00|00|05|fa0001|3436010fa7[payload->]..||42,767
2025-07-31T11:34:04.151 0100|01|00|18|e601fe|34360102c81024a00084ffffffffffffffffffffffffa14d[payload->]...$................M||19,873
2025-07-31T12:04:04.012 0100|00|00|05|fa0001|3436010fa7[payload->]..||42,767
2025-07-31T12:04:04.113 0100|01|00|18|e601fe|34360102c81024a00084ffffffffffffffffffffffffa14d[payload->]...$................M||19,873
2025-07-31T12:31:32.843 0100|00|00|05|fa0001|3436010fa7[payload->]..||42,767
2025-07-31T12:31:32.945 0100|01|00|18|e601fe|34360102c81024a00084ffffffffffffffffffffffffa14d[payload->]...$................M||19,873
2025-07-31T12:34:03.855 0100|00|00|05|fa0001|3436010fa7[payload->]..||42,767
2025-07-31T12:34:03.957 0100|01|00|18|e601fe|34360102c81024a00084ffffffffffffffffffffffffa14d[payload->]...$................M||19,873
2025-07-31T13:04:05.022 0100|00|00|05|fa0001|3436010fa7[payload->]..||42,767
2025-07-31T13:04:05.325 0100|01|00|18|e601fe|34360102c81024a00084ffffffffffffffffffffffffa14d[payload->]...$................M||19,873
2025-07-31T13:31:28.544 0100|00|00|05|fa0001|3436010fa7[payload->]..||42,767
2025-07-31T13:31:28.746 0100|01|00|18|e601fe|34360102c81024a00084ffffffffffffffffffffffffa14d[payload->]...$................M||19,873
2025-07-31T13:34:03.757 0100|00|00|05|fa0001|3436010fa7[payload->]..||42,767
2025-07-31T13:34:03.959 0100|01|00|18|e601fe|34360102c81024a00084ffffffffffffffffffffffffa14d[payload->]...$................M||19,873
2025-07-31T14:04:04.073 0100|00|00|05|fa0001|3436010fa7[payload->]..||42,767
2025-07-31T14:04:04.275 0100|01|00|18|e603fe|34360102c81024a00084ffffffffffffffffffffffffa14d[payload->]...$................M||19,873
2025-07-31T14:34:04.044 0100|00|00|05|fa0001|3436010fa7[payload->]..||42,767
2025-07-31T14:34:04.146 0100|01|00|18|e643fe|34360102c81024a00084ffffffffffffffffffffffffa14d[payload->]...$................M||19,873
2025-07-31T15:04:03.815 0100|00|00|05|fa0001|3436010fa7[payload->]..||42,767
2025-07-31T16:04:06.145 0100|00|00|05|fa0001|3436010fa7[payload->]..||42,767
2025-07-31T16:04:06.347 0100|01|00|18|e601fe|34360102c81024a00084ffffffffffffffffffffffffa14d[payload->]...$................M||19,873
2025-07-31T16:34:06.201 0100|00|00|05|fa0001|3436010fa7[payload->]..||42,767
2025-07-31T16:34:06.302 0100|01|00|18|e601fe|34360102c81024a00084ffffffffffffffffffffffffa14d[payload->]...$................M||19,873
2025-07-31T17:04:07.386 0100|00|00|05|fa0001|3436010fa7[payload->]..||42,767
2025-07-31T17:04:07.487 0100|01|00|18|e601fe|34360102c81024a00084ffffffffffffffffffffffffa14d[payload->]...$................M||19,873
2025-07-31T17:31:28.408 0100|01|00|18|e601fe|34360102881024a00084ffffffffffffffffffffffffa14d[payload->]...$................M||19,873
2025-07-31T17:34:07.579 0100|00|00|05|fa0001|3436010fa7[payload->]..||42,767
2025-07-31T17:34:07.680 0100|01|00|18|e601fe|34360102c81024a00084ffffffffffffffffffffffffa14d[payload->]...$................M||19,873
2025-07-31T18:04:07.242 0100|00|00|05|fa0001|3436010fa7[payload->]..||42,767
2025-07-31T18:04:07.444 0100|01|00|18|e601fe|34360102c81024a00084ffffffffffffffffffffffffa14d[payload->]...$................M||19,873
2025-07-31T18:34:08.160 0100|00|00|05|fa0001|3436010fa7[payload->]..||42,767
2025-07-31T18:34:08.261 0100|01|00|18|e601fe|34360102c81024a00084ffffffffffffffffffffffffa14d[payload->]...$................M||19,873
2025-07-31T19:04:09.671 0100|00|00|05|fa0001|3436010fa7[payload->]..||42,767
2025-07-31T19:04:09.773 0100|01|00|18|ee01fe|34360102c81024a00084ffffffffffffffffffffffffa14d[payload->]...$................M||19,873
2025-07-31T19:34:09.418 0100|00|00|05|fa0001|3436010fa7[payload->]..||42,767
2025-07-31T19:34:09.620 0100|01|00|18|e601fe|34360102c81024a00084ffffffffffffffffffffffffa14d[payload->]...$................M||19,873
2025-07-31T20:04:09.272 0100|00|00|05|fa0001|3436010fa7[payload->]..||42,767
2025-07-31T20:34:09.479 0100|00|00|05|fa0001|3436010fa7[payload->]..||42,767
2025-07-31T20:34:09.681 0100|01|00|18|e601fe|34360102c81024a00084ffffffffffffffffffffffffa14d[payload->]...$................M||19,873
2025-07-31T21:04:09.303 0100|00|00|05|fa0001|3436010fa7[payload->]..||42,767
2025-07-31T21:04:09.506 0100|01|00|18|e601fe|34360102c81024a00084ffffffffffffffffffffffffa14d[payload->]...$................M||19,873
2025-07-31T21:31:28.875 0100|00|00|05|fa0001|3436010fa7[payload->]..||42,767
2025-07-31T21:31:29.077 0100|01|00|18|e601fe|34360102c81024a00084fffffffbffffffffffffffffa14d[payload->]...$................M||19,873
2025-07-31T21:34:10.715 0100|00|00|05|fa0001|3436010fa7[payload->]..||42,767
2025-07-31T21:34:10.816 0100|01|00|18|e601fe|34360102c81024a00084ffffffffffffffffffffffffa14d[payload->]...$................M||19,873
2025-07-31T22:04:10.164 0100|00|00|05|fa0001|3436010fa7[payload->]..||42,767
2025-07-31T22:04:10.265 0100|01|00|18|e601fe|34360102c81024a00084ffffffffffffffffffffffffa14d[payload->]...$................M||19,873
2025-07-31T22:34:10.165 0100|00|00|05|fa0001|3436010fa7[payload->]..||42,767
2025-07-31T22:34:10.266 0100|01|00|18|e601fe|34360102c81024a00084ffffffffffffffffffffffffa14d[payload->]...$................M||19,873
2025-07-31T23:04:10.196 0100|00|00|05|fa0001|3436010fa7[payload->]..||42,767
2025-07-31T23:04:10.297 0100|01|00|18|e601fe|34360102c81024a00084ffffffffffffffffffffffffa14d[payload->]...$................M||19,873
2025-07-31T23:34:10.108 0100|00|00|05|fa0001|3436010fa7[payload->]..||42,767
2025-07-31T23:34:10.209 0100|01|00|18|e601fe|34360102c81024a00084ffffffffffffffffffffffffa14d[payload->]...$................M||19,873
2025-08-01T00:04:10.088 0100|00|00|05|fa0001|3436010fa7[payload->]..||42,767
2025-08-01T00:04:10.289 0100|01|00|18|e601fe|34360102c81024a00084ffffffffffffffffffffffffa14d[payload->]...$................M||19,873
2025-08-01T00:34:10.199 0100|00|00|05|fa0001|3436010fa7[payload->]..||42,767
2025-08-01T00:34:10.300 0100|01|00|18|e601fe|34360102c81024a00084ffffffffffffffffffffffffa14d[payload->]...$................M||19,873
2025-08-01T01:04:10.181 0100|00|00|05|fa0001|3436010fa7[payload->]..||42,767
2025-08-01T01:04:10.383 0100|01|00|18|e601fe|34360102c81020a00084ffffffffffffffffffffffffa14d[payload->]... ................M||19,873
2025-08-01T01:34:10.117 0100|00|00|05|fa0001|3436010fa7[payload->]..||42,767
2025-08-01T01:34:10.319 0100|01|00|18|e601fe|34360102c81024a00084ffffffffffffffffffffffffa14d[payload->]...$................M||19,873
2025-08-01T02:04:11.277 0100|00|00|05|fa0001|3436010fa7[payload->]..||42,767
2025-08-01T02:04:11.479 0100|01|00|18|e601fe|34360102c81024a00084ffffffffffffffffffffffffa14d[payload->]...$................M||19,873
2025-08-01T02:31:28.020 0100|00|00|05|fa0001|3436010fa7[payload->]..||42,767
2025-08-01T02:31:28.121 0100|01|00|18|e601fe|34360102c81024a00084ffffffffffffffffffffffffa14d[payload->]...$................M||19,873
2025-08-01T02:34:11.218 0100|00|00|05|fa0001|3436010fa7[payload->]..||42,767
2025-08-01T02:34:11.319 0100|01|00|18|e601fe|34360102c81024a00084ffffffffffffffffffffffffa14d[payload->]...$................M||19,873
2025-08-01T03:34:11.226 0100|00|00|05|fa0001|3436010fa7[payload->]..||42,767
2025-08-01T03:34:11.327 0100|01|00|18|e601fe|34360102c81024a00084ffffffffffffffffffffffffa14d[payload->]...$................M||19,873
2025-08-01T04:04:11.203 0100|00|00|05|fa0001|3436010fa7[payload->]..||42,767
2025-08-01T04:04:11.405 0100|01|00|18|e601fe|34360102c81024a00084ffffffffffffffffffffffffa14d[payload->]...$................M||19,873
2025-08-01T04:34:11.219 0100|00|00|05|fa0001|3436010fa7[payload->]..||42,767
2025-08-01T04:34:11.320 0100|01|00|18|e601fe|34360102c81024a00084ffffffffffffffffffffffffa14d[payload->]...$................M||19,873
2025-08-01T05:04:11.296 0100|00|00|05|fa0001|3436010fa7[payload->]..||42,767
2025-08-01T05:04:11.397 0100|01|00|18|e601fe|34360102c81024a00084fffffffeffffffffffffffffa14d[payload->]...$................M||19,873
2025-08-01T05:31:29.127 0100|00|00|05|fa0001|3436010fa7[payload->]..||42,767
2025-08-01T05:31:29.228 0100|01|00|18|e601fe|34360102c81024a00084ffffffffffffffffffffffffa14d[payload->]...$................M||19,873
2025-08-01T05:34:11.278 0100|00|00|05|fa0001|3436010fa7[payload->]..||42,767
2025-08-01T05:34:11.379 0100|01|00|18|e601fe|34360102c81024a00084ffffffffffffffffffffffffa14d[payload->]...$................M||19,873
2025-08-01T06:04:11.238 0100|00|00|05|fa0001|3436010fa7[payload->]..||42,767
2025-08-01T06:04:11.339 0100|01|00|18|e601fe|34360102c81024a00084ffffffffffffffffffffffffa14d[payload->]...$................M||19,873
2025-08-01T06:34:11.268 0100|00|00|05|fa0001|3436010fa7[payload->]..||42,767
2025-08-01T06:34:11.369 0100|01|00|18|e601fe|34360102c81024a00084ffffffffffffffffffffffffa14d[payload->]...$................M||19,873
2025-08-01T07:04:12.308 0100|00|00|05|fa0001|3436010fa7[payload->]..||42,767
2025-08-01T07:04:12.509 0100|01|00|18|e601fe|34360102c81024a00084ffffffffffffff7fffffffffa14d[payload->]...$................M||19,873
2025-08-01T07:34:11.224 0100|00|00|05|fa0001|3436010fa7[payload->]..||42,767
2025-08-01T07:34:11.325 0100|01|00|18|e601fe|34360102c81024a00084ffffffffffffffffffffffffa14d[payload->]...$................M||19,873
2025-08-01T08:04:12.148 0100|00|00|05|fa0001|3436010fa7[payload->]..||42,767
2025-08-01T08:04:12.249 0100|01|00|18|e601fe|34360102c81024a00084ffffffffffffffffffffffffa14d[payload->]...$................M||19,873
2025-08-01T08:34:12.112 0100|00|00|05|fa0001|3436010fa7[payload->]..||42,767
2025-08-01T08:34:12.213 0100|01|00|18|e601fe|34360102c81024a00084ffffffffffffffffffffffffa14d[payload->]...$................M||19,873
2025-08-01T09:04:12.079 0100|00|00|05|fa0001|3436010fa7[payload->]..||42,767
2025-08-01T09:04:12.281 0100|01|00|18|e601fe|34360102c81024a00084ffffffffffffffffffffffffa14d[payload->]...$................M||19,873
2025-08-01T09:34:12.117 0100|00|00|05|fa0001|3436010fa7[payload->]..||42,767
2025-08-01T09:34:12.319 0100|01|00|18|e601fe|34360102c81024a00084ffffffffffffffffffffffffa14d[payload->]...$................M||19,873
2025-08-01T10:04:12.112 0100|00|00|05|fa0001|3436010fa7[payload->]..||42,767
2025-08-01T10:04:12.213 0100|01|00|18|e601fe|34360102c81024a00084fffffffffffffff7ffffffffa14d[payload->]...$................M||19,873
2025-08-01T10:34:12.179 0100|00|00|05|fa0001|3436010fa7[payload->]..||42,767
2025-08-01T10:34:12.280 0100|01|00|18|e601fe|34360102c81024a00084ffffffffffffffffffffffffa14d[payload->]...$................M||19,873
2025-08-01T11:04:03.164 0100|01|00|18|e601fe|34360102c81024a00084fffffffffffcf1ffffffff305d01[payload->]...$..............0].||0,349
2025-08-01T11:04:12.149 0100|00|00|05|fa0001|3436010fa7[payload->]..||42,767
2025-08-01T11:04:12.251 0100|01|00|18|e601fe|34360102c81024a00084ffffffffffffffffffffffffa14d[payload->]...$................M||19,873
2025-08-01T11:34:12.168 0100|00|00|05|fa0001|3436010fa7[payload->]..||42,767
2025-08-01T11:34:12.369 0100|01|00|18|e601fe|34360102c81024a00084ffffffffffffffffffffffffa14d[payload->]...$................M||19,873
2025-08-01T12:04:12.228 0100|00|00|05|fa0001|3436010fa7[payload->]..||42,767
2025-08-01T12:04:12.330 0100|01|00|18|e601fe|34360102c81024a00084ffffffffffffffffffffffffa14d[payload->]...$................M||19,873
2025-08-01T12:34:13.142 0100|00|00|05|fa0001|3436010fa7[payload->]..||42,767
2025-08-01T12:34:13.244 0100|01|00|18|e601fe|34360102c81024a00084ffffffffffffffffffffffffa14d[payload->]...$................M||19,873
2025-08-01T13:04:13.119 0100|00|00|05|fa0001|3436010fa7[payload->]..||42,767
2025-08-01T13:04:13.321 0100|01|00|18|e601fe|34360102c81024a00084ffffffffffffffffffffffffa14d[payload->]...$................M||19,873
2025-08-01T13:31:28.771 0100|00|00|05|fa0001|3436010fa7[payload->]..||42,767
2025-08-01T13:31:28.873 0100|01|00|18|e601fe|34360102c81024a00084ffffffffffffffffffffffffa14d[payload->]...$................M||19,873
2025-08-01T13:34:13.113 0100|00|00|05|fa0001|3436010fa7[payload->]..||42,767
2025-08-01T13:34:13.214 0100|01|00|18|e601fe|34360102c81024a00084fffffffffffbffffffffffffa14d[payload->]...$................M||19,873
2025-08-01T14:04:15.125 0100|00|00|05|fa0001|3436010fa7[payload->]..||42,767
2025-08-01T14:04:15.226 0100|01|00|18|e601fe|34360102c81024a00084ffffffffffffffffffffffffa14d[payload->]...$................M||19,873
2025-08-01T14:34:15.767 0100|00|00|05|fa0001|3436010fa7[payload->]..||42,767
2025-08-01T14:34:15.868 0100|01|00|18|e601fe|34360102c81024a00084ffffffffffffffffffffffffa14d[payload->]...$................M||19,873
2025-08-01T15:04:15.065 0100|00|00|05|fa0001|3436010fa7[payload->]..||42,767
2025-08-01T15:04:15.266 0100|01|00|18|e601fe|34360102c81024a00084ffffffffffffffffffffffffa14d[payload->]...$................M||19,873
2025-08-01T15:34:16.144 0100|00|00|05|fa0001|3436010fa7[payload->]..||42,767
2025-08-01T15:34:16.246 0100|01|00|18|e601fe|34360102c81024a00084ffffffffffffffffffffffffa14d[payload->]...$................M||19,873
2025-08-01T16:04:16.114 0100|00|00|05|fa0001|3436010fa7[payload->]..||42,767
2025-08-01T16:04:16.317 0100|01|00|18|e601fe|34360102c81024a00084ffffffffffffffffffffffffa14d[payload->]...$................M||19,873
2025-08-01T16:31:28.149 0100|00|00|05|fa0001|3436010fa7[payload->]..||42,767
2025-08-01T16:31:28.351 0100|01|00|18|e601fe|34360102c81024a00084ffffffffffffffffffffffffa14d[payload->]...$................M||19,873
2025-08-01T16:34:16.132 0100|00|00|05|fa0001|3436010fa7[payload->]..||42,767
2025-08-01T16:34:16.334 0100|01|00|18|e601fe|34360102c81024a00084ffffffffffffffffffffffffa14d[payload->]...$................M||19,873
2025-08-01T17:04:16.154 0100|00|00|05|fa0001|3436010fa7[payload->]..||42,767
2025-08-01T17:04:16.355 0100|01|00|18|e601fe|34360102c81024a00084ffffffffffffffffffffffffa14d[payload->]...$................M||19,873
2025-08-01T17:34:16.203 0100|00|00|05|fa0001|3436010fa7[payload->]..||42,767
2025-08-01T17:34:16.304 0100|01|00|18|e601fe|34360102c81024a00084ffffffffffffffffffffffffa14d[payload->]...$................M||19,873
2025-08-01T18:04:16.109 0100|00|00|05|fa0001|3436010fa7[payload->]..||42,767
2025-08-01T18:04:16.312 0100|01|00|18|e601fe|34360102c81024a00084ffffffffffffffffffffffffa14d[payload->]...$................M||19,873
2025-08-01T18:34:16.167 0100|00|00|05|fa0001|3436010fa7[payload->]..||42,767
2025-08-01T18:34:16.269 0100|01|00|18|e601fe|34360102c81024a00084ffffffffffffffffffffffffa14d[payload->]...$................M||19,873
2025-08-01T19:04:16.155 0100|00|00|05|fa0001|3436010fa7[payload->]..||42,767
2025-08-01T19:04:16.357 0100|01|00|18|e601fe|34360102c81024a00084ffffffffffffffffffffffffa14d[payload->]...$................M||19,873
2025-08-01T19:34:17.012 0100|00|00|05|fa0001|3436010fa7[payload->]..||42,767
2025-08-01T19:34:17.113 0100|01|00|18|e601fe|34360102c81024a00084ffffffffffffffffffffffffa14d[payload->]...$................M||19,873
2025-08-01T20:04:17.973 0100|00|00|05|fa0001|3436010fa7[payload->]..||42,767
2025-08-01T20:04:18.176 0100|01|00|18|e601fe|34360102c81024a00084ffffffffffffffffffffffffa14d[payload->]...$................M||19,873
2025-08-01T20:34:19.141 0100|00|00|05|fa0001|3436010fa7[payload->]..||42,767
2025-08-01T20:34:19.243 0100|01|00|18|e601fe|34360102c81024a00084ffffffffffffffffffffffffa14d[payload->]...$................M||19,873
2025-08-01T21:04:19.082 0100|00|00|05|fa0001|3436010fa7[payload->]..||42,767
2025-08-01T21:04:19.183 0100|01|00|18|e601fe|34360102c81024a00084ffffffffffffffffffffffffa14d[payload->]...$................M||19,873
2025-08-01T21:31:28.107 0100|00|00|05|fa0001|3436010fa7[payload->]..||42,767
2025-08-01T21:31:28.209 0100|01|00|18|e601fe|34360102c81024a00084ffffffffffffffffffffffffa14d[payload->]...$................M||19,873
2025-08-01T21:34:19.092 0100|00|00|05|fa0001|3436010fa7[payload->]..||42,767
2025-08-01T21:34:19.194 0100|01|00|18|e601fe|34360102c81024a00084ffffffffffffffffffffffffa14d[payload->]...$................M||19,873
2025-08-01T22:04:20.180 0100|00|00|05|fa0001|3436010fa7[payload->]..||42,767
2025-08-01T22:04:20.381 0100|01|00|18|e601fe|34360102c81024a00084ffffffffffffffffffffffffa14d[payload->]...$................M||19,873
2025-08-01T22:31:28.201 0100|00|00|05|fa0001|3436010fa7[payload->]..||42,767
2025-08-01T22:31:28.303 0100|01|00|18|e601fe|34360102c81024a00084ffffffffffffffffffffffffa14d[payload->]...$................M||19,873
2025-08-01T22:34:20.117 0100|00|00|05|fa0001|3436010fa7[payload->]..||42,767
2025-08-01T22:34:20.319 0100|01|00|18|e601fe|34360102c81024a00084ffffffffffffffffffffffffa14d[payload->]...$................M||19,873
2025-08-01T23:04:21.425 0100|00|00|05|fa0001|3436010fa7[payload->]..||42,767
2025-08-01T23:04:21.526 0100|01|00|18|e601fe|34360102c81024a00084ffffffffffffffffffffffffa14d[payload->]...$................M||19,873
2025-08-01T23:34:20.155 0100|00|00|05|fa0001|3436010fa7[payload->]..||42,767
2025-08-01T23:34:20.257 0100|01|00|18|e601fe|34360102c81024a00084ffffffffffffffffffffffffa14d[payload->]...$................M||19,873
2025-08-02T00:04:20.213 0100|00|00|05|fa0001|3436010fa7[payload->]..||42,767
2025-08-02T00:04:20.315 0100|01|00|18|e601fe|34360102c81024a00084ffffffffffffffffffffffffa14d[payload->]...$................M||19,873
2025-08-02T00:34:20.197 0100|00|00|05|fa0001|3436010fa7[payload->]..||42,767
2025-08-02T00:34:20.298 0100|01|00|18|e601fe|34360102c81024a00084fffffffffffffeffffffffffa14d[payload->]...$................M||19,873
2025-08-02T01:04:20.149 0100|00|00|05|fa0001|3436010fa7[payload->]..||42,767
2025-08-02T01:04:20.351 0100|01|00|18|e601fe|34360102c81024a00084ffffffffffffffffffffffffa14d[payload->]...$................M||19,873
2025-08-02T01:34:20.142 0100|00|00|05|fa0001|3436010fa7[payload->]..||42,767
2025-08-02T01:34:20.345 0100|01|00|18|e601fe|34360102c81024a00084ffffffffffffffffffffffffa14d[payload->]...$................M||19,873
2025-08-02T02:04:20.242 0100|00|00|05|fa0001|3436010fa7[payload->]..||42,767
2025-08-02T02:04:20.343 0100|01|00|18|e601fe|34360102c81024a00084ffffffffffffffffffffffffa14d[payload->]...$................M||19,873
2025-08-02T02:34:20.233 0100|00|00|05|fa0001|3436010fa7[payload->]..||42,767
2025-08-02T02:34:20.334 0100|01|00|18|e601fe|34360102c81024a00084ffffffffffffffffffffffffa14d[payload->]...$................M||19,873
2025-08-02T03:04:20.233 0100|00|00|05|fa0001|3436010fa7[payload->]..||42,767
2025-08-02T03:04:20.335 0100|01|00|18|e601fe|34360102c81024a00084ffffffffffffffffffffffffa14d[payload->]...$................M||19,873
2025-08-02T03:34:20.242 0100|00|00|05|fa0001|3436010fa7[payload->]..||42,767
2025-08-02T03:34:20.343 0100|01|00|18|e601fe|34360102c81024a00084ffffffffffffffffffffffffa14d[payload->]...$................M||19,873
2025-08-02T04:04:20.240 0100|00|00|05|fa0001|3436010fa7[payload->]..||42,767
2025-08-02T04:04:20.341 0100|01|00|18|e601fe|34360102c81024a00084ffffffffffffffffffffffffa14d[payload->]...$................M||19,873
2025-08-02T04:34:20.178 0100|00|00|05|fa0001|3436010fa7[payload->]..||42,767
2025-08-02T04:34:20.379 0100|01|00|18|e601fe|34360102c81024a00084ffffffffffffffffffffffffa14d[payload->]...$................M||19,873
2025-08-02T05:04:20.573 0100|00|00|05|fa0001|3436010fa7[payload->]..||42,767
2025-08-02T05:04:20.775 0100|01|00|18|e601fe|34360102c81024a00084ffffffffffffffffffffffffa14d[payload->]...$................M||19,873
2025-08-02T05:34:20.236 0100|00|00|05|fa0001|3436010fa7[payload->]..||42,767
2025-08-02T05:34:20.338 0100|01|00|18|e601fe|34360102c81024a00084ffffffffffffffffffffffffa14d[payload->]...$................M||19,873
2025-08-02T06:04:21.120 0100|00|00|05|fa0001|3436010fa7[payload->]..||42,767
2025-08-02T06:04:21.221 0100|01|00|18|e601fe|34360102c81024a00084ffffffffffffffffffffffffa14d[payload->]...$................M||19,873
2025-08-02T06:34:21.098 0100|00|00|05|fa0001|3436010fa7[payload->]..||42,767
2025-08-02T06:34:21.199 0100|01|00|18|e601fe|34360102c81024a00084ffffffffffffffffffffffffa14d[payload->]...$................M||19,873
2025-08-02T07:04:21.125 0100|00|00|05|fa0001|3436010fa7[payload->]..||42,767
2025-08-02T07:04:21.227 0100|01|00|18|e601fe|34360102c81024a00084ffffffffffffffffffffffffa14d[payload->]...$................M||19,873
2025-08-02T07:31:28.262 0100|00|00|05|fa0001|3436010fa7[payload->]..||42,767
2025-08-02T07:31:28.363 0100|01|00|18|e601fe|34360102c81024a00084ffffffffffffffffffffffffa14d[payload->]...$................M||19,873
2025-08-02T07:34:21.142 0100|00|00|05|fa0001|3436010fa7[payload->]..||42,767
2025-08-02T07:34:21.243 0100|01|00|18|e601fe|34360102c81024a00084ffffffffffffffffffffffffa14d[payload->]...$................M||19,873
2025-08-02T08:04:21.202 0100|00|00|05|fa0001|3436010fa7[payload->]..||42,767
2025-08-02T08:04:21.303 0100|01|00|18|e601fe|34360102c81024a00084ffffffffffffffffffffffffa14d[payload->]...$................M||19,873
2025-08-02T08:34:21.113 0100|00|00|05|fa0001|3436010fa7[payload->]..||42,767
2025-08-02T08:34:21.215 0100|01|00|18|e601fe|34360102c81024a00084ffffffffffffffffffffffffa14d[payload->]...$................M||19,873
2025-08-02T09:04:21.151 0100|00|00|05|fa0001|3436010fa7[payload->]..||42,767
2025-08-02T09:04:21.252 0100|01|00|18|e601fe|34360102c81024a00084ffffffffffffffffffffffffa14d[payload->]...$................M||19,873
2025-08-02T09:34:21.086 0100|00|00|05|fa0001|3436010fa7[payload->]..||42,767
2025-08-02T09:34:21.288 0100|01|00|18|e601fe|34360102c81024a00084ffffffffffffffffffffffffa14d[payload->]...$................M||19,873
2025-08-02T10:04:21.110 0100|00|00|05|fa0001|3436010fa7[payload->]..||42,767
2025-08-02T10:04:21.312 0100|01|00|18|e601fe|34360102c81024a00084ffffffffffffffffffffffffa14d[payload->]...$................M||19,873
2025-08-02T10:34:21.134 0100|00|00|05|fa0001|3436010fa7[payload->]..||42,767
2025-08-02T10:34:21.235 0100|01|00|18|e601fe|34360102c81024a00084ffffffffffffffffffffffffa14d[payload->]...$................M||19,873
2025-08-02T11:04:22.252 0100|00|00|05|fa0001|3436010fa7[payload->]..||42,767
2025-08-02T11:04:22.353 0100|01|00|18|e601fe|34360102c81024a00084ffffffffffffffffffffffffa14d[payload->]...$................M||19,873
2025-08-02T11:34:21.096 0100|00|00|05|fa0001|3436010fa7[payload->]..||42,767
2025-08-02T11:34:21.297 0100|01|00|18|e601fe|34360102c81024a00084ffffffffffffffffffffffffa14d[payload->]...$................M||19,873
2025-08-02T12:04:22.262 0100|00|00|05|fa0001|3436010fa7[payload->]..||42,767
2025-08-02T12:04:22.363 0100|01|00|18|e601fe|34360102c81024a00084ffffffffffffffffffffffffa14d[payload->]...$................M||19,873
2025-08-02T12:31:28.425 0100|00|00|05|fa0001|3436010fa7[payload->]..||42,767
2025-08-02T12:31:28.527 0100|01|00|18|e601fe|34360102c81024a00084ffffffffffffffffffffffffa14d[payload->]...$................M||19,873
2025-08-02T12:34:22.286 0100|00|00|05|fa0001|3436010fa7[payload->]..||42,767
2025-08-02T12:34:22.387 0100|01|00|18|e601fe|34360102c81024a00084ffffffffffffffffffffffffa14d[payload->]...$................M||19,873
2025-08-02T13:04:22.212 0100|00|00|05|fa0001|3436010fa7[payload->]..||42,767
2025-08-02T13:04:22.313 0100|01|00|18|e601fe|34360102c81024a00084ffffffffffffffffffffffffa14d[payload->]...$................M||19,873
2025-08-02T13:34:24.160 0100|00|00|05|fa0001|3436010fa7[payload->]..||42,767
2025-08-02T13:34:24.261 0100|01|00|18|e601fe|34360102c81024a08084ffffffffffffffffffffffffa14d[payload->]...$................M||19,873
2025-08-02T14:34:24.176 0100|00|00|05|fa0001|3436010fa7[payload->]..||42,767
2025-08-02T14:34:24.278 0100|01|00|18|e601fe|34360102c81024a00084ffffffffffffffffffffffffa14d[payload->]...$................M||19,873
2025-08-02T15:04:24.200 0100|00|00|05|fa0001|3436010fa7[payload->]..||42,767
2025-08-02T15:04:24.301 0100|01|00|18|e601fe|34360102c81024a00084ffffffffffffffffffffffffa14d[payload->]...$................M||19,873
2025-08-02T15:31:28.176 0100|00|00|05|fa0001|3436010fa7[payload->]..||42,767
2025-08-02T15:31:28.378 0100|01|00|18|e601fe|34360102c81024a00084ffffffffffffffffffffffffa14d[payload->]...$................M||19,873
2025-08-02T15:34:24.167 0100|00|00|05|fa0001|3436010fa7[payload->]..||42,767
2025-08-02T15:34:24.268 0100|01|00|18|e601fe|34360102c81024a00084ffffffffffffffffffffffffa14d[payload->]...$................M||19,873
2025-08-02T16:04:24.110 0100|00|00|05|fa0001|3436010fa7[payload->]..||42,767
2025-08-02T16:04:24.211 0100|01|00|18|e601fe|34360102c81024a00084ffffffffffffffffffffffffa14d[payload->]...$................M||19,873
2025-08-02T16:34:24.153 0100|00|00|05|fa0001|3436010fa7[payload->]..||42,767
2025-08-02T16:34:24.355 0100|01|00|18|e601fe|34360102c81024a00084ffffffffffffffffffffffffa14d[payload->]...$................M||19,873
2025-08-02T17:04:24.225 0100|00|00|05|fa0001|3436010fa7[payload->]..||42,767
2025-08-02T17:04:24.326 0100|01|00|18|e601fe|34360102c81024a00084ffffffffffffffffffffffffa14d[payload->]...$................M||19,873
2025-08-02T17:34:24.093 0100|00|00|05|fa0001|3436010fa7[payload->]..||42,767
2025-08-02T17:34:24.295 0100|01|00|18|e601fe|34360102c81024a00084ffffffffffffffffffffffffa14f[payload->]...$................O||20,385
2025-08-02T18:04:24.100 0100|00|00|05|fa0001|3436010fa7[payload->]..||42,767
2025-08-02T18:04:24.302 0100|01|00|18|e601fe|34360102c81024a00084ffffffffffffffffffffffffa14d[payload->]...$................M||19,873
2025-08-02T18:34:24.091 0100|00|00|05|fa0001|3436010fa7[payload->]..||42,767
2025-08-02T18:34:24.293 0100|01|00|18|e601fe|34360102c81024a00084ffffffffffffffffffffffffa14d[payload->]...$................M||19,873
2025-08-02T19:04:24.159 0100|00|00|05|fa0001|3436010fa7[payload->]..||42,767
2025-08-02T19:04:24.360 0100|01|00|18|e601fe|34360102c81024a00084ffffffffffffffffffffffffa14d[payload->]...$................M||19,873
2025-08-02T19:34:24.173 0100|00|00|05|fa0001|3436010fa7[payload->]..||42,767
2025-08-02T19:34:24.274 0100|01|00|18|e601fe|34360102c81024a00084ffffffffffffffffffffffffa14d[payload->]...$................M||19,873
2025-08-02T20:04:25.407 0100|00|00|05|fa0001|3436010fa7[payload->]..||42,767
2025-08-02T20:04:25.609 0100|01|00|18|e601fe|34360102c81024a00084ffffffffffffffffffffffffa14d[payload->]...$................M||19,873
2025-08-02T20:34:25.813 0100|00|00|05|fa0001|3436010fa7[payload->]..||42,767
2025-08-02T20:34:26.015 0100|01|00|18|ee09fe|34360102c81024a00084ffffffffffffffffffffffffa14d[payload->]...$................M||19,873
2025-08-02T21:04:25.794 0100|00|00|05|fa0001|3436010fa7[payload->]..||42,767
2025-08-02T21:04:26.096 0100|01|00|18|e601fe|34360102c81024a00084ffffffffffffffffffffffffa14d[payload->]...$................M||19,873
2025-08-02T21:34:25.933 0100|00|00|05|fa0001|3436010fa7[payload->]..||42,767
2025-08-02T22:04:26.242 0100|00|00|05|fa0001|3436010fa7[payload->]..||42,767
2025-08-02T22:04:26.344 0100|01|00|18|e601fe|34360102c81024a00084fffffffffffffffff7ffffffa14d[payload->]...$................M||19,873
2025-08-02T22:34:25.719 0100|00|00|05|fa0001|3436010fa7[payload->]..||42,767
2025-08-02T22:34:25.820 0100|01|00|18|e601fe|34360102c81024a00084ffffffffffffffffffffffffa149[payload->]...$................I||18,849
2025-08-02T23:04:27.021 0100|00|00|05|fa0001|3436010fa7[payload->]..||42,767
2025-08-02T23:04:27.223 0100|01|00|18|e601fe|34360102c81024a00084ffffffffffffffffffffffffa14d[payload->]...$................M||19,873
2025-08-02T23:34:27.725 0100|00|00|05|fa0001|3436010fa7[payload->]..||42,767
2025-08-02T23:34:27.827 0100|01|00|18|e601fe|34360102c81024a00084ffffffffffffffffffffffffa14d[payload->]...$................M||19,873
2025-08-03T00:04:27.434 0100|00|00|05|fa0001|3436010fa7[payload->]..||42,767
2025-08-03T00:04:27.636 0100|01|00|18|e601fe|34360102c81024a00084ffffffffffffffffffffffffa14d[payload->]...$................M||19,873
2025-08-03T00:34:27.518 0100|00|00|05|fa0001|3436010fa7[payload->]..||42,767
2025-08-03T00:34:27.821 0100|01|00|18|e601fe|34360102c81024a00084ffffffffffffffffffffffffa14d[payload->]...$................M||19,873
2025-08-03T01:04:27.546 0100|00|00|05|fa0001|3436010fa7[payload->]..||42,767
2025-08-03T01:04:27.748 0100|01|00|18|e601fe|34360102c81024a00084ffffffffffffffffffffffffa14d[payload->]...$................M||19,873
2025-08-03T01:34:29.872 0100|00|00|05|fa0001|3436010fa7[payload->]..||42,767
2025-08-03T01:34:30.074 0100|01|00|18|e601fe|34360102c81024a00084ffffffffffffffffffffffffa14d[payload->]...$................M||19,873
2025-08-03T02:04:28.359 0100|00|00|05|fa0001|3436010fa7[payload->]..||42,767
2025-08-03T02:04:28.460 0100|01|00|18|e601fe|34360102c81024a00084ffffffffffffffffffffffffa14d[payload->]...$................M||19,873
2025-08-03T02:34:29.113 0100|00|00|05|fa0001|3436010fa7[payload->]..||42,767
2025-08-03T02:34:29.315 0100|01|00|18|e601fe|34360102c81024a00084ffffffffffffffffffffffffa14d[payload->]...$................M||19,873
2025-08-03T03:04:29.132 0100|00|00|05|fa0001|3436010fa7[payload->]..||42,767
2025-08-03T03:04:29.334 0100|01|00|18|e601fe|34360102c81024a00084ffffffffffffffffffffffffa14d[payload->]...$................M||19,873
2025-08-03T03:34:29.099 0100|00|00|05|fa0001|3436010fa7[payload->]..||42,767
2025-08-03T03:34:29.300 0100|01|00|18|e601fe|34360102c81024a00084ffffffffffffffffffffffffa14d[payload->]...$................M||19,873
2025-08-03T04:04:29.092 0100|00|00|05|fa0001|3436010fa7[payload->]..||42,767
2025-08-03T04:04:29.294 0100|01|00|18|e601fe|34360102c81024a00084ffffffffffffffffffffffffa14d[payload->]...$................M||19,873
2025-08-03T04:31:28.601 0100|00|00|05|fa0001|3436010fa7[payload->]..||42,767
2025-08-03T04:31:28.702 0100|01|00|18|e601fe|34360102c81024a00084ffffffffffffffffffffffffa14d[payload->]...$................M||19,873
2025-08-03T04:34:29.149 0100|00|00|05|fa0001|3436010fa7[payload->]..||42,767
2025-08-03T04:34:29.250 0100|01|00|18|e601fe|34360102c81024a00084fffffffffffff7ffffffffffa14d[payload->]...$................M||19,873
2025-08-03T05:04:29.364 0100|00|00|05|fa0001|3436010fa7[payload->]..||42,767
2025-08-03T05:04:29.465 0100|01|00|18|e601fe|34360102c81024a00084ffffffffffffffffffffffffa14d[payload->]...$................M||19,873
2025-08-03T05:34:29.291 0100|00|00|05|fa0001|3436010fa7[payload->]..||42,767
2025-08-03T05:34:29.492 0100|01|00|18|e601fe|34360102c81024a00084ffffffffffffffffffffffffa14d[payload->]...$................M||19,873
2025-08-03T06:04:29.208 0100|00|00|05|fa0001|3436010fa7[payload->]..||42,767
2025-08-03T06:04:29.409 0100|01|00|18|e601fe|34360102c81024a00084ffffffffffffffffffffffffa14d[payload->]...$................M||19,873
2025-08-03T06:34:29.194 0100|00|00|05|fa0001|3436010fa7[payload->]..||42,767
2025-08-03T06:34:29.396 0100|01|00|18|e601fe|34360102c81024a00084ffffffffffffffffffffffffa14d[payload->]...$................M||19,873
2025-08-03T07:04:29.197 0100|00|00|05|fa0001|3436010fa7[payload->]..||42,767
2025-08-03T07:04:29.399 0100|01|00|18|e601fe|34360102c81024a00084ffffffffffffffffffffffffa14d[payload->]...$................M||19,873
2025-08-03T07:34:30.302 0100|00|00|05|fa0001|3436010fa7[payload->]..||42,767
2025-08-03T08:04:30.526 0100|00|00|05|fa0001|3436010fa7[payload->]..||42,767
2025-08-03T08:04:30.627 0100|01|00|18|e601fe|34360102c81024a00084ffffffffbfffffffffffffffa14d[payload->]...$................M||19,873
2025-08-03T08:34:30.433 0100|00|00|05|fa0001|3436010fa7[payload->]..||42,767
2025-08-03T08:34:30.534 0100|01|00|18|e601fe|34360102c81024a00084ffffffffffffffffffffffffa14d[payload->]...$................M||19,873
2025-08-03T09:04:31.605 0100|00|00|05|fa0001|3436010fa7[payload->]..||42,767
2025-08-03T09:04:31.706 0100|01|00|18|e601fe|34360102c81024a00084ffffffffffffffffffffffffa14d[payload->]...$................M||19,873
2025-08-03T09:34:31.705 0100|00|00|05|fa0001|3436010fa7[payload->]..||42,767
2025-08-03T09:34:31.907 0100|01|00|18|e601fe|34360102c81024a00084ffffffffffffffffffffffffa14d[payload->]...$................M||19,873
2025-08-03T10:04:31.076 0100|00|00|05|fa0001|3436010fa7[payload->]..||42,767
2025-08-03T10:04:31.278 0100|01|00|18|e601fe|34360102c81024a00084ffffffffffffffffffffffffa14d[payload->]...$................M||19,873
2025-08-03T10:34:31.115 0100|00|00|05|fa0001|3436010fa7[payload->]..||42,767
2025-08-03T10:34:31.217 0100|01|00|18|e601fe|34360102c81024a00084ffffffffffffffffffffffffa14d[payload->]...$................M||19,873
2025-08-03T11:04:31.089 0100|00|00|05|fa0001|3436010fa7[payload->]..||42,767
2025-08-03T11:04:31.291 0100|01|00|18|e601fe|34360102c81024a00084ffffffffffffffffffffffffa14d[payload->]...$................M||19,873
2025-08-03T11:34:31.160 0100|00|00|05|fa0001|3436010fa7[payload->]..||42,767
2025-08-03T11:34:31.262 0100|01|00|18|e601fe|34360102c81024a00084ffffffffffffffffffffffffa14d[payload->]...$................M||19,873
2025-08-03T12:04:32.101 0100|00|00|05|fa0001|3436010fa7[payload->]..||42,767
2025-08-03T12:04:32.202 0100|01|00|18|e601fe|34360102c81024a00084ffffffffffffffffffffffffa14d[payload->]...$................M||19,873
2025-08-03T12:34:32.054 0100|00|00|05|fa0001|3436010fa7[payload->]..||42,767
2025-08-03T12:34:32.256 0100|01|00|18|e601fe|34360102c81024a00084ffffffffffffffffffffffffa14d[payload->]...$................M||19,873
2025-08-03T13:04:33.198 0100|00|00|05|fa0001|3436010fa7[payload->]..||42,767
2025-08-03T13:04:33.400 0100|01|00|18|e601fe|34360102c81024a00084ffffffffffffffffffff8fffa14d[payload->]...$................M||19,873
2025-08-03T13:34:32.088 0100|00|00|05|fa0001|3436010fa7[payload->]..||42,767
2025-08-03T13:34:32.291 0100|01|00|18|e601fe|34360102c81024a00084ffffffffffffffffffffffffa14d[payload->]...$................M||19,873
2025-08-03T14:04:32.065 0100|00|00|05|fa0001|3436010fa7[payload->]..||42,767
2025-08-03T14:04:32.267 0100|01|00|18|e601fe|34360102c81024a00084ffffffffffffffffffffffffa14d[payload->]...$................M||19,873
2025-08-03T14:34:32.078 0100|00|00|05|fa0001|3436010fa7[payload->]..||42,767
2025-08-03T14:34:32.280 0100|01|00|18|e601fe|34360102c81024a00084ffffffffffffffffffffffffa14d[payload->]...$................M||19,873
2025-08-03T15:04:32.070 0100|00|00|05|fa0001|3436010fa7[payload->]..||42,767
2025-08-03T15:04:32.372 0100|01|00|18|e601fe|34360102c81024a00084ffffffffffffffffffffffffa14d[payload->]...$................M||19,873
2025-08-03T15:31:28.236 0100|00|00|05|fa0001|3436010fa7[payload->]..||42,767
2025-08-03T15:31:28.337 0100|01|00|18|e601fe|34360102c81024a00084ffffffffffffffffffffffffa14d[payload->]...$................M||19,873
2025-08-03T15:34:32.085 0100|00|00|05|fa0001|3436010fa7[payload->]..||42,767
2025-08-03T15:34:32.287 0100|01|00|18|e601fe|34360102c81024a00084ffffffffffffffffffffffffa14d[payload->]...$................M||19,873
2025-08-03T16:04:32.098 0100|00|00|05|fa0001|3436010fa7[payload->]..||42,767
2025-08-03T16:04:32.199 0100|01|00|18|e601fe|34360102c81024a00084ffffffffffffffffffffffffa14d[payload->]...$................M||19,873
2025-08-03T16:34:33.207 0100|00|00|05|fa0001|3436010fa7[payload->]..||42,767
2025-08-03T16:34:33.308 0100|01|00|18|e601fe|34360102c81024a00084ffffffffffffffffffffffffa14d[payload->]...$................M||19,873
2025-08-03T17:04:33.265 0100|00|00|05|fa0001|3436010fa7[payload->]..||42,767
2025-08-03T17:04:33.366 0100|01|00|18|e601fe|34360102c81024a00084ffffffffffffffffffffffffa14d[payload->]...$................M||19,873
2025-08-03T17:34:33.200 0100|00|00|05|fa0001|3436010fa7[payload->]..||42,767
2025-08-03T17:34:33.402 0100|01|00|18|e601fe|34360102c81024a00084ffffffffffffffffffffffffa14d[payload->]...$................M||19,873
2025-08-03T18:04:33.999 0100|00|00|05|fa0001|3436010fa7[payload->]..||42,767
