2025-07-31T12:14:52.701 0100|01|00|07|f701fe|100309ffffc59c[payload->]....||40,133
2025-07-31T12:20:22.650 0100|01|00|07|f701fe|100309ffff859c[payload->]....||40,069
2025-07-31T15:24:03.703 0100|01|00|07|f701fe|100309ffff859c[payload->]....||40,069
2025-08-01T04:09:34.210 0100|01|00|07|f701fe|100309ffff859c[payload->]....||40,069
2025-08-01T07:26:10.251 0100|01|00|07|f701fe|100309ffff859c[payload->]....||40,069
2025-08-01T09:34:14.342 0100|01|00|07|f701fe|100309ffff859c[payload->]....||40,069
2025-08-01T17:51:08.316 0100|01|00|07|f701fe|100309ffff859c[payload->]....||40,069
2025-08-02T03:04:55.996 0100|01|00|07|f701fe|100309ffff859c[payload->]....||40,069
2025-08-02T04:03:44.106 0100|01|00|07|f701fe|100309ffffc59c[payload->]....||40,133
2025-08-02T04:10:39.886 0100|01|00|07|f701fe|100309ffff859c[payload->]....||40,069
2025-08-02T04:30:44.821 0100|01|00|07|f701fe|100309ffff859c[payload->]....||40,069
2025-08-02T05:01:14.031 0100|01|00|07|f701fe|100309ffff859c[payload->]....||40,069
2025-08-02T05:27:00.453 0100|00|00|05|fa0001|100309fe28[payload->].(||10,494
2025-08-02T06:08:04.656 0100|01|00|07|f701fe|100309ffff859c[payload->]....||40,069
2025-08-02T06:30:39.558 0100|01|00|07|f701fe|100309ffff859c[payload->]....||40,069
2025-08-02T06:45:29.245 0100|01|04|07|f701fe|100309ffff859c[payload->]....||40,069
2025-08-02T06:49:54.741 0100|01|00|07|f701fe|100309ffff859c[payload->]....||40,069
2025-08-02T07:01:19.175 0100|01|00|07|f701fe|100309ffffc79c[payload->]....||40,135
2025-08-02T07:20:39.579 0100|01|00|07|f701fe|100309ffff859c[payload->]....||40,069
2025-08-02T08:49:20.360 0100|01|00|07|f701fe|100309ffff859c[payload->]....||40,069
2025-08-02T08:53:22.146 0100|01|00|97|f709fe|100309ffff859cffff010000d0012e047874010001d0012d0588890100000005fa0001541d01e1b90100010006f801fe541d0101a7c60100000005fa0001500e00d0340100010006f801fe500e000002f6010000d0012e047875010001d0012d0588890100000005fa000154080171b70100010007f701fe54080100001e6f0100000005fa00013422010fa8010001000bf301fe342201[payload->].............xt.....-...........T............T.............P...4........P............xu.....-...........T..q.........T.....o........4"...........4".||0,290
2025-08-02T10:37:34.663 0100|01|00|87|f701fe|100309ffff859c0100000005fa00013458016f8b0100010006f801fe34580100b2080100000005fa00012004016bf20100010009f501fe200401ffffffff850d0100000005fa0001200201cbf1410001000bf301fe200201ae8da802453b1e8d0100000005fa0003100301ecf10100010007f701fe100301ffff859c0100000005fa0003200401[payload->]............4X.o.........4X............ ..k......... ................ ....A....... ......E;...................................... ..||0,260
2025-08-02T10:50:44.116 0100|01|00|07|f701fe|100309ffff859c[payload->]....||40,069
2025-08-02T11:31:19.291 0100|01|00|07|f701fe|100309ffff859c[payload->]....||40,069
2025-08-02T12:00:00.488 0100|01|00|07|f701fe|100309ffff859c[payload->]....||40,069
2025-08-02T12:11:54.212 0100|01|04|07|f701fe|100309ffff859c[payload->]....||40,069
2025-08-02T12:36:25.182 0100|81|04|07|f701fe|100309ffff859c[payload->]....||40,069
2025-08-02T13:12:34.320 0100|01|00|07|f701fe|100309ffff859c[payload->]....||40,069
2025-08-02T13:14:24.356 0100|01|00|07|f701fe|100309ffff859c[payload->]....||40,069
2025-08-02T13:18:34.468 0100|01|00|07|f701fe|100309ffff85de[payload->]....||56,965
2025-08-02T13:29:44.276 0100|01|00|07|f701fe|100309ffff859c[payload->]....||40,069
2025-08-02T13:48:54.671 0100|01|00|07|f701fe|100309ffff859c[payload->]....||40,069
2025-08-02T13:59:14.314 0100|01|00|07|ff0bfe|100309ffff859c[payload->]....||40,069
2025-08-02T14:00:38.290 0100|01|00|07|f701fe|100309ffff859c[payload->]....||40,069
2025-08-02T14:35:44.296 0100|01|00|07|f701fe|100309ffff859c[payload->]....||40,069
2025-08-02T15:35:34.854 0100|01|00|07|f701fe|100309ffff859c[payload->]....||40,069
2025-08-02T17:40:28.283 0100|01|00|07|f701fe|100309ffff859c[payload->]....||40,069
2025-08-02T17:54:05.112 0100|01|00|07|f701fe|100309ffff859c[payload->]....||40,069
2025-08-02T18:36:28.316 0100|01|00|07|f701fe|100309ffff859c[payload->]....||40,069
2025-08-02T18:39:55.412 0100|01|00|07|f701fe|100309ffff859c[payload->]....||40,069
2025-08-02T19:21:50.188 0100|01|00|07|f703fe|100309ffff859c[payload->]....||40,069
2025-08-02T20:34:01.157 0100|01|00|07|f701fe|100309ffff859c[payload->]....||40,069
2025-08-02T22:19:24.787 0100|01|00|07|f743fe|100309ffff859c[payload->]....||40,069
2025-08-02T22:56:39.314 0100|01|00|07|f701fe|100309ffff859c[payload->]....||40,069
2025-08-02T23:12:26.313 0100|01|00|07|f701fe|100309ffff859c[payload->]....||40,069
2025-08-03T01:13:27.674 0100|01|00|07|f701fe|100309ffff859c[payload->]....||40,069
2025-08-03T01:15:07.363 0100|01|00|07|ff09fe|100309ffff859c[payload->]....||40,069
2025-08-03T01:19:07.155 0100|01|00|07|f701fe|100309ffff859c[payload->]....||40,069
2025-08-03T01:21:17.080 0100|01|00|07|f701fe|100309ffff859c[payload->]....||40,069
2025-08-03T02:03:17.155 0100|01|00|07|f701fe|100309ffff859c[payload->]....||40,069
2025-08-03T02:12:27.358 0100|01|00|07|f701fe|100309ffff859c[payload->]....||40,069
2025-08-03T02:15:19.721 0100|01|00|07|f701fe|100309ffff859c[payload->]....||40,069
2025-08-03T02:47:27.937 0100|01|00|07|f701fe|100309ffff859c[payload->]....||40,069
2025-08-03T02:51:57.602 0100|01|00|07|f701fe|100309ffff859c[payload->]....||40,069
2025-08-03T03:39:28.474 0100|01|00|07|f701fe|100309ffff8d9c[payload->]....||40,077
2025-08-03T03:51:37.920 0100|01|00|07|f701fe|100309ffff859c[payload->]....||40,069
2025-08-03T04:52:55.004 0100|01|00|07|f701fe|100309ffff859c[payload->]....||40,069
2025-08-03T05:46:37.694 0100|01|00|07|f701fe|100309ffff859c[payload->]....||40,069
2025-08-03T06:12:04.271 0100|01|00|07|f701fe|100309ffff859c[payload->]....||40,069
2025-08-03T06:46:08.014 0100|01|00|07|f701fe|100309ffff859c[payload->]....||40,069
2025-08-03T08:16:39.179 0100|01|80|07|f701fe|100309ffff859c[payload->]....||40,069
2025-08-03T08:28:28.886 0100|01|00|07|f701fe|100309ffff859c[payload->]....||40,069
2025-08-03T09:32:00.699 0100|01|00|07|ff09fe|100309ffff859c[payload->]....||40,069
2025-08-03T09:57:19.675 0100|01|00|07|f701fe|100309ffff859c[payload->]....||40,069
2025-08-03T11:01:10.430 0100|01|00|07|f701fe|100309ffff859c[payload->]....||40,069
2025-08-03T12:08:14.487 0100|01|00|07|f701fe|100309ffff859c[payload->]....||40,069
