2025-07-31T11:59:42.660 0100|01|00|07|f701fe|100b01ffff859c[payload->]....||40,069
2025-07-31T12:49:52.774 0100|01|00|07|f701fe|100b01ffff859c[payload->]....||40,069
2025-07-31T12:55:42.801 0100|01|00|07|f701fe|100b01ffff859c[payload->]....||40,069
2025-07-31T13:26:53.722 0100|01|00|07|f701fe|100b01ffff859c[payload->]....||40,069
2025-08-01T05:52:49.399 0100|01|00|07|f701fe|100b01ffff859c[payload->]....||40,069
2025-08-01T18:00:08.869 0100|01|00|07|f701fe|100b01ffff859c[payload->]....||40,069
2025-08-01T22:12:08.965 0100|01|00|07|f701fe|100b01ffff859c[payload->]....||40,069
2025-08-01T22:46:49.559 0100|01|00|07|f701fe|100b01ffff859c[payload->]....||40,069
2025-08-02T05:01:24.021 0100|01|00|07|f709fe|100b01ffff859c[payload->]....||40,069
2025-08-02T05:16:38.915 0100|01|00|0f|f701fe|100b01ffff859c0100000005fa0001[payload->]............||0,256
2025-08-02T06:00:54.635 0100|01|00|07|f701fe|100b01ffff859c[payload->]....||40,069
2025-08-02T06:26:19.491 0100|01|08|0f|ff01fe|100b01ffff859c0100000005fa0001[payload->]............||0,256
2025-08-02T06:29:39.324 0100|81|00|07|f701fe|100b01ffff859c[payload->]....||40,069
2025-08-02T06:36:19.317 0100|41|0c|07|f701fe|100b01ffff859c[payload->]....||40,069
2025-08-02T07:55:20.525 0100|01|00|07|ff09fe|100b01ffff859c[payload->]....||40,069
2025-08-02T08:08:34.811 0100|01|00|07|f701fe|100b01ffff859c[payload->]....||40,069
2025-08-02T08:57:59.486 0100|01|00|47|f701fe|100b01ffff859c0100000005fa00013023009e29010001000bf301fe3023002e84ec01553b3bb90100000005fa00012004016bf20100010009f501fe200401ffffffff850d0100[payload->]............0#..)........0#.....U;;......... ..k......... ..........||0,001
2025-08-02T08:58:19.759 0100|01|00|07|f701fe|100b01ffff859c[payload->]....||40,069
2025-08-02T09:40:19.819 0100|01|00|0f|ff09fe|100b01ffff859c0100000005fa0001[payload->]............||0,256
2025-08-02T09:44:35.131 0100|01|00|0f|f701fe|100b01ffff859c0100000005fa0001[payload->]............||0,256
2025-08-02T10:58:29.127 0100|01|00|07|f701fe|100b01ffff8d9c[payload->]....||40,077
2025-08-02T11:04:09.116 0100|01|00|07|f701fe|100b01ffff859c[payload->]....||40,069
2025-08-02T11:04:44.162 0100|01|00|07|f701fe|100b01ffff859c[payload->]....||40,069
2025-08-02T11:04:59.197 0100|01|00|07|f789fe|100b01ffff859c[payload->]....||40,069
2025-08-02T11:37:39.679 0100|01|00|07|f701fe|100b01ffff859c[payload->]....||40,069
2025-08-02T12:05:54.437 0100|01|00|47|f709fe|100b01ffff859c0100000005fa000110030154f00100010007f701fe100301ffff859c0100000005fa0001343f015fa10100010018e601fe343f0102c81024a00084ffffffffff[payload->]...............T........................4?._.........4?....$........||65,535
2025-08-02T12:13:44.176 0100|01|00|07|f709fe|100b01ffff859c[payload->]....||40,069
2025-08-02T12:52:24.375 0100|01|00|0f|f709fe|100b01ffff859c0100000005fa0001[payload->]............||0,256
2025-08-02T13:14:14.267 0100|01|00|07|f701fe|100b01ffff859c[payload->]....||40,069
2025-08-02T13:16:24.881 0100|01|00|87|f70dfe|100b01ffff859c0100000005fa00012004016bf20100010009f501fe200401ffffffff850d0100000005fa0001200201cbf1010001000bf301fe200201ae8da802453b1e8d0100000005fa0003100301ecf10100010007f701fe100301ffff859c0100000005fa0003200401d3f30100010009f501fe200401ffffffff850d0100000005fa0003[payload->]............ ..k......... ................ ............ ......E;...................................... ............ ................||0,768
2025-08-02T13:25:58.299 0100|01|00|07|f701fe|100b01ffff859c[payload->]....||40,069
2025-08-02T13:44:55.568 0100|01|04|07|f701fe|100b01ffff859c[payload->]....||40,069
2025-08-02T15:47:34.384 0100|01|00|07|f709fe|100b01ffff859c[payload->]....||40,069
2025-08-02T16:35:44.330 0100|01|00|07|f709fe|100b01ffff859c[payload->]....||40,069
2025-08-02T16:51:14.948 0100|01|00|07|f709fe|100b01ffff859c[payload->]....||40,069
2025-08-02T16:53:04.878 0100|01|00|07|ff01fe|100b01ffff859c[payload->]....||40,069
2025-08-02T16:56:34.923 0100|01|00|07|f701fe|100b01ffff859c[payload->]....||40,069
2025-08-02T19:10:08.473 0100|01|00|0f|ff01fe|100b01ffff859c0100000005f20001[payload->]............||0,256
2025-08-02T20:18:19.929 0100|01|00|07|f701fe|100b01ffff859c[payload->]....||40,069
2025-08-02T21:31:19.811 0100|01|00|07|f701fe|100b01ffff859c[payload->]....||40,069
2025-08-02T22:56:49.613 0100|01|00|07|f701fe|100b01ffff859c[payload->]....||40,069
2025-08-03T01:49:27.517 0100|01|00|07|f701fe|100b01ffff8d9c[payload->]....||40,077
2025-08-03T02:11:57.262 0100|01|00|07|f701fe|100b01ffff859c[payload->]....||40,069
2025-08-03T03:05:45.994 0100|01|00|0f|f701fe|100b01ffff859c0100000005fa0003[payload->]............||0,768
2025-08-03T03:25:37.715 0100|01|00|07|f705fe|100b01ffff859c[payload->]....||40,069
2025-08-03T03:41:47.578 0100|01|00|07|f701fe|100b01ffff859c[payload->]....||40,069
2025-08-03T03:53:27.863 0100|01|00|07|f743fe|100b01ffff859c[payload->]....||40,069
2025-08-03T04:11:07.756 0100|01|00|07|f701fe|100b01ffff859c[payload->]....||40,069
2025-08-03T04:19:57.902 0100|01|00|07|f701fe|100b01ffff859c[payload->]....||40,069
2025-08-03T04:38:28.103 0100|01|00|07|f701fe|100b01ffff859c[payload->]....||40,069
2025-08-03T05:05:17.722 0100|01|00|07|f701fe|100b01ffff859c[payload->]....||40,069
2025-08-03T05:09:08.178 0100|01|00|07|f701fe|100b01ffff859c[payload->]....||40,069
2025-08-03T05:59:19.736 0100|01|08|07|f701fe|100b01ffff859c[payload->]....||40,069
2025-08-03T06:50:07.966 0100|01|00|07|f701fe|100b01ffff859c[payload->]....||40,069
2025-08-03T07:10:29.193 0100|01|00|07|ff09fe|100b01ffff859c[payload->]....||40,069
2025-08-03T07:37:38.856 0100|01|00|07|f701fe|100b01ffff859c[payload->]....||40,069
2025-08-03T07:47:38.838 0100|01|00|07|f701fe|100b01ffff859c[payload->]....||40,069
2025-08-03T08:00:29.017 0100|01|08|0f|f701fe|100b01ffff859c0100000005fa0001[payload->]............||0,256
2025-08-03T08:36:29.834 0100|01|00|07|f701fe|100b01ffff859c[payload->]....||40,069
2025-08-03T09:13:29.493 0100|01|00|07|f701fe|100b01ffff8d9c[payload->]....||40,077
