2025-07-30T20:31:31.309 0100|01|00|07|f701fe|501e000080f6ca[payload->]....||51,958
2025-07-31T01:31:31.650 0100|00|00|05|fa0001|501e001039[payload->].9||14,608
2025-07-31T01:31:31.651 0100|01|00|07|f701fe|501e000080f6ca[payload->]....||51,958
2025-07-31T07:31:32.525 0100|00|00|05|fa0001|501e001039[payload->].9||14,608
2025-07-31T10:31:31.015 0100|00|00|05|fa0001|501e001039[payload->].9||14,608
2025-07-31T10:31:31.116 0100|01|00|07|f701fe|501e000080f6ca[payload->]....||51,958
2025-07-31T11:31:30.447 0100|00|00|05|fa0001|501e001039[payload->].9||14,608
2025-07-31T11:31:30.548 0100|01|00|07|f701fe|501e000080f6ca[payload->]....||51,958
2025-07-31T15:19:51.599 0100|01|00|06|f801fe|501e000ec1f7[payload->]...||63,425
2025-07-31T17:31:31.342 0100|00|00|05|fa0001|501e001039[payload->].9||14,608
2025-07-31T18:31:32.162 0100|00|00|05|fa0001|501e001039[payload->].9||14,608
2025-07-31T18:31:32.263 0100|01|00|07|f701fe|501e000080f6ca[payload->]....||51,958
2025-07-31T19:31:31.318 0100|00|00|05|fa0001|501e001039[payload->].9||14,608
2025-07-31T19:31:31.318 0100|01|00|07|f701fe|501e000080f6ca[payload->]....||51,958
2025-07-31T21:31:30.998 0100|00|00|05|fa0001|501e001039[payload->].9||14,608
2025-07-31T21:31:31.099 0100|01|00|07|f701fe|501e000080f6ca[payload->]....||51,958
2025-08-01T02:31:30.953 0100|00|00|05|fa0001|501e001039[payload->].9||14,608
2025-08-01T02:31:31.054 0100|01|00|07|f701fe|501e000080f6ca[payload->]....||51,958
2025-08-01T06:31:30.655 0100|01|00|07|f701fe|501e000080f6ca[payload->]....||51,958
2025-08-01T07:31:30.803 0100|00|00|05|fa0001|501e001039[payload->].9||14,608
2025-08-01T07:31:30.804 0100|01|00|07|f701fe|501e000080f6ca[payload->]....||51,958
2025-08-01T10:31:30.940 0100|00|00|05|fa0001|501e001039[payload->].9||14,608
2025-08-01T10:31:30.940 0100|01|00|07|f701fe|501e000080f6ca[payload->]....||51,958
2025-08-01T11:31:33.961 0100|00|00|05|fa0001|501e001039[payload->].9||14,608
2025-08-01T11:31:34.062 0100|01|00|07|f701fe|501e000080f6ca[payload->]....||51,958
2025-08-01T12:31:31.264 0100|00|00|05|fa0001|501e001039[payload->].9||14,608
2025-08-01T12:31:31.365 0100|01|00|07|f701fe|501e000080f6ca[payload->]....||51,958
2025-08-01T14:31:32.298 0100|00|00|05|fa0001|501e001039[payload->].9||14,608
2025-08-01T14:31:32.299 0100|01|00|07|f701fe|501e000080f6ca[payload->]....||51,958
2025-08-01T18:31:31.183 0100|00|00|05|fa0001|501e001039[payload->].9||14,608
2025-08-01T18:31:31.183 0100|01|00|07|f701fe|501e000080f6ca[payload->]....||51,958
2025-08-01T19:31:30.765 0100|00|00|05|fa0001|501e001039[payload->].9||14,608
2025-08-01T19:31:30.866 0100|01|00|07|f701fe|501e000080f6ca[payload->]....||51,958
2025-08-01T20:31:30.728 0100|00|00|05|fa0001|501e001039[payload->].9||14,608
2025-08-01T20:31:30.829 0100|01|00|07|f701fe|501e000080f6ca[payload->]....||51,958
2025-08-01T21:31:30.636 0100|01|00|07|f701fe|501e000080f6ca[payload->]....||51,958
2025-08-01T22:31:30.829 0100|00|00|05|fa0001|501e001039[payload->].9||14,608
2025-08-01T22:31:30.830 0100|01|00|07|f701fe|501e000080f6ca[payload->]....||51,958
2025-08-02T01:31:30.748 0100|00|00|05|fa0001|501e001039[payload->].9||14,608
2025-08-02T01:31:30.749 0100|01|00|07|f701fe|501e000080f6ca[payload->]....||51,958
2025-08-02T03:31:30.730 0100|00|00|05|fa0001|501e001039[payload->].9||14,608
2025-08-02T03:31:30.730 0100|01|00|07|f701fe|501e000080f6ca[payload->]....||51,958
2025-08-02T03:45:14.723 0100|01|0c|86|f801fe|501e000dc0b70100000005fa00012004016bf20100010009f501fe200401ffffffff850d0100000005fa0001542e0111ad0100010007f701fe542e010080f6650100000005fa000150aa00104e010001004efa03fe50aa0000e1b70100000005fa0001200201cbf1010041000bf301fe200201ae8da802453b1e8d0100000005fa0003100301[payload->]........... ..k......... ................T............T.....e........P...N....N...P............. ......A..... ......E;.............||0,259
2025-08-02T04:31:30.977 0100|49|02|07|f701fe|501e000080f6ca[payload->]....||51,958
2025-08-02T05:31:30.881 0100|01|00|07|f701fe|501e000080f6ca[payload->]....||51,958
2025-08-02T09:31:31.020 0100|00|00|05|fa0001|501e001039[payload->].9||14,608
2025-08-02T09:31:31.122 0100|01|00|07|f701fe|501e000080f6ca[payload->]....||51,958
2025-08-02T12:31:32.272 0100|00|00|05|fa0001|501e001039[payload->].9||14,608
2025-08-02T12:31:32.273 0100|01|00|07|f701fe|501e000080f6ca[payload->]....||51,958
2025-08-02T23:31:31.404 0100|00|00|05|fa0001|501e001039[payload->].9||14,608
2025-08-02T23:31:31.505 0100|01|00|07|f701fe|501e000080f6ca[payload->]....||51,958
2025-08-03T01:31:31.646 0100|00|00|05|fa0001|501e001039[payload->].9||14,608
2025-08-03T01:31:31.747 0100|01|00|07|f701fe|501e000080f6ca[payload->]....||51,958
2025-08-03T05:31:31.435 0100|01|00|07|f701fe|501e000080f6ca[payload->]....||51,958
2025-08-03T07:31:31.996 0100|00|00|05|fa0001|501e001039[payload->].9||14,608
2025-08-03T07:31:32.097 0100|01|00|07|f701fe|501e000080f6ca[payload->]....||51,958
2025-08-03T10:31:30.914 0100|00|00|05|fa0001|501e001039[payload->].9||14,608
2025-08-03T10:31:30.914 0100|01|00|07|f701fe|501e000080f6ca[payload->]....||51,958
2025-08-03T12:31:30.884 0100|00|00|05|fa0001|501e001039[payload->].9||14,608
2025-08-03T12:31:30.985 0100|01|00|07|f701fe|501e000080f6ca[payload->]....||51,958
2025-08-03T15:31:30.975 0100|00|00|05|fa0001|501e001039[payload->].9||14,608
