2025-07-30T22:40:46.516 0100|00|00|10|a00101|0000ffffff05a103010000ffffff00a2[payload->].............||41,472
2025-07-31T00:02:36.317 0100|0d|00|10|5e0301|0000ffffff005f01010000ffffff0560[payload->]..._........`||24,581
2025-07-31T06:26:26.197 0100|00|00|05|fa0001|0000ffffff[payload->]..||65,535
2025-07-31T14:09:06.380 0100|00|00|05|fa0001|0000ffffff[payload->]..||65,535
2025-07-31T22:28:46.576 0100|00|00|05|fa0001|0000ffffff[payload->]..||65,535
2025-08-01T07:06:17.011 0100|00|00|10|f60301|0000ffffff00f701010000ffffff05f8[payload->].............||63,493
2025-08-01T07:39:56.537 0100|00|00|05|500101|0000ffffff[payload->]..||65,535
2025-08-01T10:15:16.800 0100|00|00|05|fa0103|0000ffffff[payload->]..||65,535
2025-08-01T11:16:07.182 0100|01|00|10|740301|0000ffffff0075c1031f00a014001076[payload->]...u........v||30,224
2025-08-02T01:23:56.649 0100|00|00|05|fa0101|0000ffffff[payload->]..||65,535
2025-08-02T02:14:16.882 0100|00|00|05|680101|0000ffffff[payload->]..||65,535
2025-08-02T15:17:16.934 0100|00|00|05|fa0001|0000ffffff[payload->]..||65,535
2025-08-02T18:44:07.041 0100|00|ff|05|c00301|0000ffffff[payload->]..||65,535
2025-08-02T18:53:37.344 0100|00|00|10|760101|0000ffffff0569c1031800120c00106a[payload->]...i........j||27,152
2025-08-02T22:25:37.746 0100|ff|ff|05|480301|0000ffffff[payload->]..||65,535
2025-08-02T22:31:27.741 0100|00|00|10|b60301|0000ffffff00b701010420ffffff05b8[payload->]....... .....||47,109
2025-08-02T23:36:07.432 0100|00|ff|05|420301|0000ffffff[payload->]..||65,535
2025-08-03T11:43:17.336 0100|00|00|10|2c0101|0000ffffff052d03010000ffffff002e[payload->]...-.........||11,776
2025-08-03T12:31:27.446 0100|00|00|05|900301|0000ffffff[payload->]..||65,535
2025-08-03T12:35:47.392 0100|00|00|05|fa0301|0000ffffff[payload->]..||65,535
