2025-07-31T04:50:21.593 0100|01|00|06|f801fe|50aa0200e1b7[payload->]...||47,073
2025-07-31T07:22:44.530 0100|01|00|06|f801fe|50aa0200e1b7[payload->]...||47,073
2025-08-01T03:08:00.480 0100|01|00|06|f801fe|50aa0200e1b7[payload->]...||47,073
2025-08-01T14:56:19.344 0100|01|00|06|f801fe|50aa0200e1b7[payload->]...||47,073
2025-08-01T21:45:54.315 0100|01|00|06|fa03fe|50aa0200e1b7[payload->]...||47,073
2025-08-01T21:46:14.600 0100|01|40|4e|fa03fe|50aa0200e1b70100000005fa0001200201cbf1010001000bf301fe200201ae8da802453b1e8d0100000005fa0003100301ecf10100010007f701fe100301ffff859c0100000005fa0003200401d3[payload->]........... ............ ......E;...................................... ...||54,017
2025-08-01T22:10:04.279 0100|01|48|06|f801fe|50aa0200e1b7[payload->]...||47,073
2025-08-01T22:47:24.374 0100|01|00|06|f801fe|50aa0200e1b7[payload->]...||47,073
2025-08-01T22:51:24.770 0100|01|00|46|f801fe|50aa0200e1b70100000005fa0001200201cbf1010001000bf301fe200201ae8da802453b1e8dfb0100000005fa0003100301ecf10100010007f701fe100301ffff859c010000[payload->]........... ............ ......E;..................................||0,000
2025-08-01T22:57:54.165 0100|01|00|06|f801fe|50aa0202e3b7[payload->]...||47,075
2025-08-01T23:39:54.317 0100|01|00|06|f801fe|50aa0200e1b7[payload->]...||47,073
2025-08-01T23:45:54.386 0100|01|00|06|f801fe|50aa0200e3b7[payload->]...||47,075
2025-08-01T23:50:14.375 0100|01|00|06|f801fe|50aa0200e1b7[payload->]...||47,073
2025-08-01T23:55:24.300 0100|01|00|06|f801fe|50aa0200e1b7[payload->]...||47,073
2025-08-02T00:04:14.664 0100|01|00|06|f801fe|50aa0242e3b7[payload->]B..||47,075
2025-08-02T02:04:14.592 0100|41|00|06|f803fe|50aa0200e1b7[payload->]...||47,073
2025-08-02T02:09:14.207 0100|01|00|06|f801fe|50aa0200e1b7[payload->]...||47,073
2025-08-02T03:07:34.213 0100|41|4a|06|fa41fe|50aa0200e1b7[payload->]...||47,073
2025-08-02T03:11:44.222 0100|01|00|06|f801fe|50aa0202e1f7[payload->]...||63,457
2025-08-02T03:53:54.529 0100|01|00|4e|fa41fe|50aa0200e1b70100000005fa00012004016bf20104050009f501fe200401ffffffff850d0100000005fa0001200201cbf1010001000bf301fe200201ae8da802453b1e8d0100000005fa00031003[payload->]........... ..k......... ................ ............ ......E;............||0,784
2025-08-02T04:19:04.550 0100|01|00|46|f849fe|50aa0240e1b70100000005fa00012004016bf20100010009f501fe200401ffffffff850d0100000005fa0001200201cbf1010001000bf301fe200201ae8da802453b1e8d0100[payload->]@.......... ..k......... ................ ............ ......E;....||0,001
2025-08-02T04:41:34.571 0100|03|4a|46|f801fe|50aa0200e1b70100000005fa00012004016bf20100010009f501fe200401ffffffff850d0100000005fa0001200201cbf1010001000bf301fe200201ae8da802453b1e8d0100[payload->]........... ..k......... ................ ............ ......E;....||0,001
2025-08-02T05:06:04.251 0100|01|00|06|f801fe|50aa0200e1b7[payload->]...||47,073
2025-08-02T05:28:04.258 0100|01|00|06|f809fe|50aa0200e1b7[payload->]...||47,073
2025-08-02T05:29:34.302 0100|01|00|06|f801fe|50aa0200e1b7[payload->]...||47,073
2025-08-02T05:31:54.313 0100|01|00|0e|fa09fe|50aa0200e1b70100000005fa0001[payload->]...........||0,256
2025-08-02T05:32:34.271 0100|01|00|06|f841fe|50aa0200e1b7[payload->]...||47,073
2025-08-02T07:15:05.576 0100|01|00|06|f801fe|50aa0200e3bf[payload->]...||49,123
2025-08-02T10:02:36.731 0100|09|08|0e|f801fe|50aa0200e1b7feff000000d0012e[payload->]...........||11,777
2025-08-02T10:16:57.185 0100|09|00|06|f801fe|50aa0200e1b7[payload->]...||47,073
2025-08-02T11:27:19.173 0100|01|00|46|f809fe|50aa0200e1b7ff010000d0012e047875010001d0012d0588890100000005fa0001340a010fb60100010007f701fe340a013c00aeff0100000005fa000154100171bd01000100[payload->]...........xu.....-...........4............4..<...........T..q.....||0,001
2025-08-02T14:15:24.273 0100|01|00|06|f801fe|50aa0208e1bf[payload->]...||49,121
2025-08-02T15:39:54.149 0100|01|00|06|f801fe|50aa0200e3b7[payload->]...||47,075
2025-08-03T14:11:46.797 0100|01|00|06|f801fe|50aa0200e1b7[payload->]...||47,073
2025-08-03T17:19:48.152 0100|01|00|06|f801fe|50aa0200e1b7[payload->]...||47,073
