2025-07-30T20:30:19.307 0100|01|00|0b|f301fe|30030042536604523b6cfc[payload->]BSf.R;l.||64,620
2025-07-31T00:23:19.855 0100|01|00|06|f801fe|30030001d5b9[payload->]...||47,573
2025-07-31T01:19:14.627 0100|01|00|0b|f301fe|300300727c4800533b2365[payload->]r|H.S;#e||25,891
2025-07-31T02:35:36.110 0100|01|00|0b|f301fe|30030020658e00533bdb49[payload->] e..S;.I||18,907
2025-07-31T03:32:10.674 0100|01|00|06|f801fe|30030001c4b9[payload->]...||47,556
2025-07-31T08:14:40.212 0100|01|00|0b|f301fe|300300dcdac401533be40f[payload->]....S;..||4,068
2025-07-31T08:56:14.822 0100|01|00|06|f801fe|30030001c4b9[payload->]...||47,556
2025-07-31T10:28:51.873 0100|01|00|0b|f301fe|30030092b83f02533be638[payload->]..?.S;.8||14,566
2025-07-31T12:28:02.833 0100|01|00|0b|f301fe|3003005cd6ac02533b45ec[payload->]\...S;E.||60,485
2025-07-31T12:31:42.753 0100|01|00|0b|f301fe|300300bc31b002533ba3c9[payload->].1..S;..||51,619
2025-07-31T16:59:19.557 0100|01|00|0b|f301fe|3003009823a503533b8822[payload->].#..S;."||8,840
2025-07-31T18:40:20.164 0100|00|00|05|fa0001|3003009e29[payload->].)||10,654
2025-07-31T20:06:19.662 0100|01|00|0b|f301fe|30030048595004533bdf6a[payload->]HYP.S;.j||27,359
2025-07-31T21:04:19.903 0100|01|00|06|f801fe|30030001d5b9[payload->]...||47,573
2025-07-31T22:48:53.141 0100|00|00|05|fa0001|3003009e29[payload->].)||10,654
2025-08-01T02:43:37.406 0100|00|00|05|fa0001|3003009e29[payload->].)||10,654
2025-08-01T02:45:19.908 0100|01|00|06|f801fe|30030001d5b9[payload->]...||47,573
2025-08-01T02:49:32.073 0100|01|00|06|f801fe|30030001c4b9[payload->]...||47,556
2025-08-01T03:01:47.709 0100|01|00|0b|f301fe|300300f059a600543bde01[payload->].Y..T;..||0,478
2025-08-01T07:55:03.298 0100|00|00|05|fa0001|3003009e29[payload->].)||10,654
2025-08-01T10:20:19.806 0100|01|00|0b|f301fe|30030026e13702543b0f3f[payload->]&.7.T;.?||16,143
2025-08-01T12:01:55.529 0100|01|00|0b|f301fe|300300bee19402543b5301[payload->]....T;S.||0,339
2025-08-01T14:02:19.890 0100|01|00|06|f801fe|30030001d5b9[payload->]...||47,573
2025-08-01T14:17:19.763 0100|01|00|06|f801fe|30030001d5b9[payload->]...||47,573
2025-08-01T14:34:20.017 0100|01|00|0b|f301fe|300300be6e2003543bbc22[payload->].n .T;."||8,892
2025-08-01T20:36:14.305 0100|00|00|05|fa0001|3003009e29[payload->].)||10,654
2025-08-01T22:01:06.173 0100|00|00|05|fa0001|3003009e29[payload->].)||10,654
2025-08-01T23:05:20.079 0100|01|00|06|f801fe|30030001d5b9[payload->]...||47,573
2025-08-01T23:33:26.442 0100|01|00|0b|f301fe|3003000a010e05543b2804[payload->]....T;(.||1,064
2025-08-01T23:49:06.261 0100|01|00|0b|f301fe|300300ea581c05543b3d0b[payload->].X..T;=.||2,877
2025-08-02T00:46:20.013 0100|01|00|0b|f301fe|300300ce612a00553bc58f[payload->].a*.U;..||36,805
2025-08-02T00:52:20.018 0100|01|00|0b|f301fe|3003000ee02f00553b17a2[payload->]../.U;..||41,495
2025-08-02T01:01:46.175 0100|01|00|0b|f301fe|3003008e843800553babc9[payload->]..8.U;..||51,627
2025-08-02T02:08:26.165 0100|00|00|05|fa0001|3003009e29[payload->].)||10,654
2025-08-02T05:32:46.297 0100|01|00|0b|f301fe|30030028a13001553b0acf[payload->](.0.U;..||53,002
2025-08-02T06:15:38.034 0100|01|00|0b|f301fe|3003006ce05701553b35e3[payload->]l.W.U;5.||58,165
2025-08-02T07:05:38.033 0100|01|00|0b|f301fe|3003005ea78501553b506a[payload->]^...U;Pj||27,216
2025-08-02T07:14:20.257 0100|01|00|06|f801fe|30030001d5b9[payload->]...||47,573
2025-08-02T13:40:26.954 0100|00|00|05|fa0001|3003009e29[payload->].)||10,654
2025-08-02T14:51:17.120 0100|01|00|0b|f301fe|300300bef52f03553be445[payload->]../.U;.E||17,892
2025-08-02T19:09:57.272 0100|01|00|06|f801fe|30030001c4b9[payload->]...||47,556
2025-08-02T20:12:00.277 0100|01|00|06|f801fe|30030001c4b9[payload->]...||47,556
2025-08-02T23:22:20.300 0100|01|00|0b|f301fe|300300a6d80305553bab02[payload->]....U;..||0,683
2025-08-03T07:47:07.227 0100|01|00|06|f801fe|30030001c4b9[payload->]...||47,556
2025-08-03T12:11:20.215 0100|00|00|05|fa0001|3003009e29[payload->].)||10,654
2025-08-03T16:40:57.274 0100|01|00|0b|f301fe|300300764c9403563b63ec[payload->]vL..V;c.||60,515
2025-08-03T17:33:16.971 0100|01|00|0b|f301fe|3003004836c403563b7720[payload->]H6..V;w ||8,311
