2025-07-30T20:35:12.133 0100|00|00|05|fa0001|341601cfbe[payload->]..||48,847
2025-07-30T20:35:12.234 0100|01|00|06|f801fe|3416010fa128[payload->]..(||10,401
2025-07-30T21:05:13.267 0100|00|00|05|fa0001|341601cfbe[payload->]..||48,847
2025-07-30T21:05:13.267 0100|01|00|06|f801fe|3416010fa128[payload->]..(||10,401
2025-07-30T21:31:32.086 0100|00|00|05|fa0001|341601cfbe[payload->]..||48,847
2025-07-30T21:35:13.172 0100|00|00|05|fa0001|341601cfbe[payload->]..||48,847
2025-07-30T21:35:13.273 0100|01|00|06|f801fe|3416010fa128[payload->]..(||10,401
2025-07-30T22:05:13.208 0100|00|00|05|fa0001|341601cfbe[payload->]..||48,847
2025-07-30T22:05:13.309 0100|01|00|06|f801fe|3416010fa128[payload->]..(||10,401
2025-07-30T22:35:13.277 0100|00|00|05|fa0001|341601cfbe[payload->]..||48,847
2025-07-30T22:35:13.277 0100|01|00|06|f801fe|3416010fa128[payload->]..(||10,401
2025-07-30T23:05:13.291 0100|00|00|05|fa0001|341601cfbe[payload->]..||48,847
2025-07-30T23:05:13.291 0100|01|00|06|f801fe|3416010fa128[payload->]..(||10,401
2025-07-30T23:31:30.577 0100|00|00|05|fa0001|341601cfbe[payload->]..||48,847
2025-07-30T23:31:30.678 0100|01|00|06|f801fe|3416010fa128[payload->]..(||10,401
2025-07-30T23:35:13.767 0100|00|00|05|fa0001|341601cfbe[payload->]..||48,847
2025-07-30T23:35:13.767 0100|01|00|06|f801fe|3416010fa128[payload->]..(||10,401
2025-07-31T00:05:13.266 0100|00|00|05|fa0001|341601cfbe[payload->]..||48,847
2025-07-31T00:05:13.267 0100|01|00|06|f801fe|3416010fa128[payload->]..(||10,401
2025-07-31T00:35:13.268 0100|00|00|05|fa0001|341601cfbe[payload->]..||48,847
2025-07-31T00:35:13.269 0100|01|00|06|f801fe|3416010fa128[payload->]..(||10,401
2025-07-31T01:05:13.198 0100|00|00|05|fa0001|341601cfbe[payload->]..||48,847
2025-07-31T01:05:13.299 0100|01|00|06|f801fe|3416010fa128[payload->]..(||10,401
2025-07-31T01:31:30.535 0100|00|00|05|fa0001|341601cfbe[payload->]..||48,847
2025-07-31T01:31:30.536 0100|01|00|06|f801fe|3416010fa128[payload->]..(||10,401
2025-07-31T01:35:13.269 0100|00|00|05|fa0001|341601cfbe[payload->]..||48,847
2025-07-31T01:35:13.270 0100|01|00|06|f801fe|3416010fa128[payload->]..(||10,401
2025-07-31T02:05:13.259 0100|00|00|05|fa0001|341601cfbe[payload->]..||48,847
2025-07-31T02:05:13.360 0100|01|00|06|f801fe|3416010fa128[payload->]..(||10,401
2025-07-31T02:31:30.569 0100|00|00|05|fa0001|341601cfbe[payload->]..||48,847
2025-07-31T02:31:30.671 0100|01|00|06|f801fe|3416010fa128[payload->]..(||10,401
2025-07-31T02:35:14.788 0100|00|00|05|fa0001|341601cfbe[payload->]..||48,847
2025-07-31T02:35:14.890 0100|01|00|06|f801fe|3416010fa128[payload->]..(||10,401
2025-07-31T03:03:59.769 0100|01|00|18|e601fe|34160102c81024a00084ffffffffffffffffffffffffa14d[payload->]...$................M||19,873
2025-07-31T03:05:14.748 0100|00|00|05|fa0001|341601cfbe[payload->]..||48,847
2025-07-31T03:05:14.849 0100|01|00|06|f801fe|3416010fa128[payload->]..(||10,401
2025-07-31T03:35:14.687 0100|00|00|05|fa0001|341601cfbe[payload->]..||48,847
2025-07-31T03:35:14.788 0100|01|00|06|f801fe|3416010fa128[payload->]..(||10,401
2025-07-31T04:05:14.772 0100|00|00|05|fa0001|341601cfbe[payload->]..||48,847
2025-07-31T04:05:14.773 0100|01|00|06|f801fe|3416010fa128[payload->]..(||10,401
2025-07-31T04:35:14.917 0100|00|00|05|fa0001|341601cfbe[payload->]..||48,847
2025-07-31T04:35:14.917 0100|01|00|06|f801fe|3416010fa128[payload->]..(||10,401
2025-07-31T05:05:17.732 0100|00|00|05|fa0001|341601cfbe[payload->]..||48,847
2025-07-31T05:05:17.833 0100|01|00|06|f801fe|3416010fa128[payload->]..(||10,401
2025-07-31T05:31:30.738 0100|00|00|05|fa0001|341601cfbe[payload->]..||48,847
2025-07-31T05:31:30.738 0100|01|00|06|f801fe|3416010fa128[payload->]..(||10,401
2025-07-31T05:35:16.619 0100|00|00|05|fa0001|341601cfbe[payload->]..||48,847
2025-07-31T05:35:16.720 0100|01|00|06|f801fe|3416010fa128[payload->]..(||10,401
2025-07-31T06:05:16.720 0100|00|00|05|fa0001|341601cfbe[payload->]..||48,847
2025-07-31T06:05:16.720 0100|01|00|06|f801fe|3416010fa128[payload->]..(||10,401
2025-07-31T06:31:30.050 0100|00|00|05|fa0001|341601cfbe[payload->]..||48,847
2025-07-31T06:31:30.151 0100|01|00|06|f801fe|3416010fa128[payload->]..(||10,401
2025-07-31T06:35:18.897 0100|00|00|05|fa0001|341601cfbe[payload->]..||48,847
2025-07-31T06:35:18.998 0100|01|00|06|f801fe|3416010fa128[payload->]..(||10,401
2025-07-31T07:05:18.902 0100|00|00|05|fa0001|341601cfbe[payload->]..||48,847
2025-07-31T07:05:18.907 0100|05|00|06|f801fe|3416010fa128[payload->]..(||10,401
2025-07-31T07:31:31.714 0100|00|00|05|fa0001|341601cfbe[payload->]..||48,847
2025-07-31T07:31:31.815 0100|01|00|06|f801fe|3416010fa128[payload->]..(||10,401
2025-07-31T07:35:18.934 0100|00|00|05|fa0001|341601cfbe[payload->]..||48,847
2025-07-31T07:35:19.236 0100|01|00|46|f801fe|3416010fa1280100000005fa0001200201cbf1010001000bf301fe200201ae8da802453b1e8d0100000005fa0003100301ecf10100010007f701fe100301ffff859c01000000[payload->]..(........ ............ ......E;..................................||0,000
2025-07-31T08:05:19.062 0100|00|00|05|fa0001|341601cfbe[payload->]..||48,847
2025-07-31T08:35:18.942 0100|00|00|05|fa0001|341601cfbe[payload->]..||48,847
2025-07-31T08:35:18.942 0100|01|00|06|f801fe|3416010fa128[payload->]..(||10,401
2025-07-31T09:05:18.974 0100|00|00|05|fa0001|341601cfbe[payload->]..||48,847
2025-07-31T09:05:19.075 0100|01|00|06|f801fe|3416010fa128[payload->]..(||10,401
2025-07-31T09:31:29.675 0100|00|00|05|fa0001|341601cfbe[payload->]..||48,847
2025-07-31T09:31:29.776 0100|01|00|06|f801fe|3416010fa128[payload->]..(||10,401
2025-07-31T10:05:18.951 0100|00|00|05|fa0001|341601cfbe[payload->]..||48,847
2025-07-31T10:05:19.052 0100|01|00|06|f801fe|3416010fa128[payload->]..(||10,401
2025-07-31T10:31:30.306 0100|00|00|05|fa0001|341601cfbe[payload->]..||48,847
2025-07-31T10:31:30.306 0100|01|00|06|f801fe|3416010fa128[payload->]..(||10,401
2025-07-31T10:35:20.676 0100|00|00|05|fa0001|341601cfbe[payload->]..||48,847
2025-07-31T10:35:20.676 0100|01|00|06|f801fe|3416010fa128[payload->]..(||10,401
2025-07-31T11:05:20.724 0100|00|00|05|fa0001|341601cfbe[payload->]..||48,847
2025-07-31T11:05:20.724 0100|01|00|06|f801fe|3416010fa128[payload->]..(||10,401
2025-07-31T11:35:20.719 0100|01|00|06|f801fe|3416010fa128[payload->]..(||10,401
2025-07-31T12:05:21.497 0100|00|00|05|fa0001|341601cfbe[payload->]..||48,847
2025-07-31T12:05:21.598 0100|01|00|06|f801fe|3416010fa128[payload->]..(||10,401
2025-07-31T12:31:35.982 0100|00|00|05|fa0001|341601cfbe[payload->]..||48,847
2025-07-31T12:31:35.983 0100|01|00|06|f801fe|3416010fa128[payload->]..(||10,401
2025-07-31T12:35:21.544 0100|00|00|05|fa0001|341601cfbe[payload->]..||48,847
2025-07-31T12:35:21.645 0100|01|00|06|f801fe|3416010fa128[payload->]..(||10,401
2025-07-31T13:05:21.504 0100|00|00|05|fa0001|341601cfbe[payload->]..||48,847
2025-07-31T13:05:21.605 0100|01|00|06|f801fe|3416010fa128[payload->]..(||10,401
2025-07-31T13:35:22.568 0100|00|00|05|fa0001|341601cfbe[payload->]..||48,847
2025-07-31T13:35:22.668 0100|01|00|06|f801fe|3416010fa128[payload->]..(||10,401
2025-07-31T14:05:24.357 0100|00|00|05|fa0001|341601cfbe[payload->]..||48,847
2025-07-31T14:05:24.458 0100|01|00|06|f801fe|3416010fa128[payload->]..(||10,401
2025-07-31T14:35:24.064 0100|00|00|05|fa0001|341601cfbe[payload->]..||48,847
2025-07-31T14:35:24.165 0100|01|00|06|f801fe|3416010fa128[payload->]..(||10,401
2025-07-31T15:05:24.815 0100|00|00|05|fa0001|341601cfbe[payload->]..||48,847
2025-07-31T15:31:30.301 0100|00|00|05|fa0001|341601cfbe[payload->]..||48,847
2025-07-31T15:31:30.302 0100|01|00|06|f801fe|3416010fa128[payload->]..(||10,401
2025-07-31T15:35:27.167 0100|00|00|05|fa0001|341601cfbe[payload->]..||48,847
2025-07-31T15:35:27.268 0100|01|00|06|f801fe|3416010fa128[payload->]..(||10,401
2025-07-31T16:05:27.121 0100|00|00|05|fa0001|341601cfbe[payload->]..||48,847
2025-07-31T16:05:27.227 0100|01|00|06|f801fe|3416010fa128[payload->]..(||10,401
2025-07-31T16:31:29.971 0100|00|00|05|fa0001|341601cfbe[payload->]..||48,847
2025-07-31T16:31:29.971 0100|01|00|06|f801fe|3416010fa128[payload->]..(||10,401
2025-07-31T16:35:27.249 0100|00|00|05|fa0001|341601cfbe[payload->]..||48,847
2025-07-31T16:35:27.349 0100|01|00|06|f801fe|3416010fa128[payload->]..(||10,401
2025-07-31T17:05:29.243 0100|00|00|05|fa0001|341601cfbe[payload->]..||48,847
2025-07-31T17:05:29.344 0100|01|00|06|f801fe|3416010fa128[payload->]..(||10,401
2025-07-31T17:31:30.330 0100|00|00|05|fa0001|341601cfbe[payload->]..||48,847
2025-07-31T17:31:30.431 0100|01|00|06|f801fe|3416010fa128[payload->]..(||10,401
2025-07-31T17:35:27.999 0100|00|00|05|fa0001|341601cfbe[payload->]..||48,847
2025-07-31T17:35:27.999 0100|01|00|06|f801fe|3416010fa128[payload->]..(||10,401
2025-07-31T18:05:27.969 0100|00|00|05|fa0001|341601cfbe[payload->]..||48,847
2025-07-31T18:31:31.451 0100|00|00|05|fa0001|341601cfbe[payload->]..||48,847
2025-07-31T18:31:31.552 0100|01|00|06|f801fe|3416010fa128[payload->]..(||10,401
2025-07-31T18:35:29.396 0100|00|00|05|fa0001|341601cfbe[payload->]..||48,847
2025-07-31T18:35:29.497 0100|01|00|06|f801fe|3416010fa128[payload->]..(||10,401
2025-07-31T19:05:30.292 0100|00|00|05|fa0001|341601cfbe[payload->]..||48,847
2025-07-31T19:05:30.292 0100|01|00|06|f801fe|3416010fa128[payload->]..(||10,401
2025-07-31T19:31:30.710 0100|00|00|05|fa0001|341601cfbe[payload->]..||48,847
2025-07-31T19:31:30.710 0100|01|00|06|f801fe|3416010fa128[payload->]..(||10,401
2025-07-31T19:35:30.034 0100|00|00|05|fa0001|341601cfbe[payload->]..||48,847
2025-07-31T19:35:30.035 0100|01|00|06|f801fe|3416010fa128[payload->]..(||10,401
2025-07-31T20:05:30.088 0100|00|00|05|fa0001|341601cfbe[payload->]..||48,847
2025-07-31T20:05:30.088 0100|01|00|06|f801fe|3416010fa128[payload->]..(||10,401
2025-07-31T20:31:30.170 0100|00|00|05|fa0001|341601cfbe[payload->]..||48,847
2025-07-31T20:31:30.271 0100|01|00|06|f801fe|3416010fa128[payload->]..(||10,401
2025-07-31T21:05:29.994 0100|00|00|05|fa0001|341601cfbe[payload->]..||48,847
2025-07-31T21:05:29.995 0100|01|00|06|f801fe|3416010fa128[payload->]..(||10,401
2025-07-31T21:35:31.021 0100|00|00|05|fa0001|341601cfbe[payload->]..||48,847
2025-07-31T21:35:31.122 0100|01|00|06|f801fe|3416010fa128[payload->]..(||10,401
2025-07-31T22:05:31.968 0100|00|00|05|fa0001|341601cfbe[payload->]..||48,847
2025-07-31T22:05:32.069 0100|01|00|06|f801fe|3416010fa128[payload->]..(||10,401
2025-07-31T22:35:31.964 0100|00|00|05|fa0001|341601cfbe[payload->]..||48,847
2025-07-31T22:35:32.064 0100|01|00|06|f801fe|3416010fa128[payload->]..(||10,401
2025-07-31T23:05:34.357 0100|00|00|05|fa0001|341601cfbe[payload->]..||48,847
2025-07-31T23:05:34.459 0100|01|00|06|f801fe|3416010fa128[payload->]..(||10,401
2025-07-31T23:31:30.566 0100|00|00|05|fa0001|341601cfbe[payload->]..||48,847
2025-07-31T23:31:30.566 0100|01|00|06|f801fe|3416010fa128[payload->]..(||10,401
2025-07-31T23:35:34.343 0100|00|00|05|fa0001|341601cfbe[payload->]..||48,847
2025-07-31T23:35:34.343 0100|01|00|06|f801fe|3416010fa128[payload->]..(||10,401
2025-08-01T00:05:34.119 0100|00|00|05|fa0001|341601cfbe[payload->]..||48,847
2025-08-01T00:05:34.220 0100|01|00|06|f801fe|3416010fa128[payload->]..(||10,401
2025-08-01T00:31:30.625 0100|00|00|05|fa0001|341601cfbe[payload->]..||48,847
2025-08-01T00:31:30.626 0100|01|00|06|f801fe|3416010fa128[payload->]..(||10,401
2025-08-01T00:35:34.328 0100|00|00|05|fa0001|341601cfbe[payload->]..||48,847
2025-08-01T00:35:34.530 0100|01|00|06|f801fe|3416010fa128[payload->]..(||10,401
2025-08-01T01:05:34.214 0100|00|00|05|fa0001|341601cfbe[payload->]..||48,847
2025-08-01T01:05:34.315 0100|01|00|06|f801fe|3416010fa128[payload->]..(||10,401
2025-08-01T01:31:31.758 0100|00|00|05|fa0001|341601cfbe[payload->]..||48,847
2025-08-01T01:31:31.859 0100|01|00|06|f801fe|3416010fa128[payload->]..(||10,401
2025-08-01T01:35:34.350 0100|00|00|05|fa0001|341601cfbe[payload->]..||48,847
2025-08-01T01:35:34.351 0100|01|00|06|f801fe|3416010fa128[payload->]..(||10,401
2025-08-01T02:05:36.242 0100|00|00|05|fa0001|341601cfbe[payload->]..||48,847
2025-08-01T02:05:36.343 0100|01|00|06|f801fe|3416010fa128[payload->]..(||10,401
2025-08-01T02:35:36.583 0100|00|00|05|fa0001|341601cfbe[payload->]..||48,847
2025-08-01T02:35:36.684 0100|01|00|06|f801fe|3416010fa128[payload->]..(||10,401
2025-08-01T03:05:36.429 0100|00|00|05|fa0001|341601cfbe[payload->]..||48,847
2025-08-01T03:05:36.429 0100|01|00|06|f801fe|3416010fa128[payload->]..(||10,401
2025-08-01T03:31:30.207 0100|00|00|05|fa0001|341601cfbe[payload->]..||48,847
2025-08-01T03:31:30.308 0100|01|00|06|f801fe|3416010fa128[payload->]..(||10,401
2025-08-01T03:35:37.145 0100|00|00|05|fa0001|341601cfbe[payload->]..||48,847
2025-08-01T03:35:37.146 0100|01|00|06|f801fe|3416010fa128[payload->]..(||10,401
2025-08-01T04:05:38.118 0100|00|00|05|fa0001|341601cfbe[payload->]..||48,847
2025-08-01T04:05:38.219 0100|01|00|06|f801fe|3416010fa128[payload->]..(||10,401
2025-08-01T04:31:29.985 0100|00|00|05|fa0001|341601cfbe[payload->]..||48,847
2025-08-01T04:31:30.086 0100|01|00|06|f801fe|3416010fa128[payload->]..(||10,401
2025-08-01T04:35:38.109 0100|00|00|05|fa0001|341601cfbe[payload->]..||48,847
2025-08-01T04:35:38.110 0100|01|00|06|f801fe|3416010fa128[payload->]..(||10,401
2025-08-01T05:05:39.072 0100|00|00|05|fa0001|341601cfbe[payload->]..||48,847
2025-08-01T05:05:39.072 0100|01|00|06|f801fe|3416010fa128[payload->]..(||10,401
2025-08-01T05:31:31.254 0100|00|00|05|fa0001|341601cfbe[payload->]..||48,847
2025-08-01T05:31:31.355 0100|01|00|06|f801fe|3416010fa128[payload->]..(||10,401
2025-08-01T05:35:38.131 0100|00|00|05|fa0001|341601cfbe[payload->]..||48,847
2025-08-01T05:35:38.131 0100|01|00|06|f801fe|3416010fa128[payload->]..(||10,401
2025-08-01T06:05:38.097 0100|00|00|05|fa0001|341601cfbe[payload->]..||48,847
2025-08-01T06:05:38.198 0100|01|00|06|f801fe|3416010fa128[payload->]..(||10,401
2025-08-01T06:31:29.844 0100|00|00|05|fa0001|341601cfbe[payload->]..||48,847
2025-08-01T06:31:29.844 0100|01|00|06|f801fe|3416010fa128[payload->]..(||10,401
2025-08-01T06:35:38.119 0100|00|00|05|fa0001|341601cfbe[payload->]..||48,847
2025-08-01T06:35:38.120 0100|01|00|06|f801fe|3416010fa128[payload->]..(||10,401
2025-08-01T07:05:38.149 0100|00|00|05|fa0001|341601cfbe[payload->]..||48,847
2025-08-01T07:05:38.250 0100|01|00|06|f801fe|3416010fa128[payload->]..(||10,401
2025-08-01T07:35:40.295 0100|00|00|05|fa0001|341601cfbe[payload->]..||48,847
2025-08-01T07:35:40.396 0100|01|00|06|f801fe|3416010fa128[payload->]..(||10,401
2025-08-01T08:05:40.010 0100|00|00|05|fa0001|341601cfbe[payload->]..||48,847
2025-08-01T08:05:40.010 0100|01|00|06|f801fe|3416010fa128[payload->]..(||10,401
2025-08-01T08:35:39.989 0100|00|00|05|fa0001|341601cfbe[payload->]..||48,847
2025-08-01T08:35:40.090 0100|01|00|06|f801fe|3416010fa128[payload->]..(||10,401
2025-08-01T09:05:40.032 0100|00|00|05|fa0001|341601cfbe[payload->]..||48,847
2025-08-01T09:05:40.032 0100|01|00|06|f801fe|3416010fa128[payload->]..(||10,401
2025-08-01T09:35:40.011 0100|00|00|05|fa0001|341601cfbe[payload->]..||48,847
2025-08-01T09:35:40.011 0100|01|00|06|f801fe|3416010fa128[payload->]..(||10,401
2025-08-01T10:05:40.099 0100|00|00|05|fa0001|341601cfbe[payload->]..||48,847
2025-08-01T10:05:40.200 0100|01|00|06|f801fe|3416010fa128[payload->]..(||10,401
2025-08-01T10:35:39.937 0100|00|00|05|fa0001|341601cfbe[payload->]..||48,847
2025-08-01T10:35:40.038 0100|01|00|06|f801fe|3416010fa128[payload->]..(||10,401
2025-08-01T11:05:40.442 0100|00|00|05|fa0001|341601cfbc[payload->]..||48,335
2025-08-01T11:05:40.442 0100|01|00|06|f801fe|3416010fa128[payload->]..(||10,401
2025-08-01T11:31:32.743 0100|00|00|05|fa0001|341601cfbe[payload->]..||48,847
2025-08-01T11:31:32.744 0100|01|00|06|f801fe|3416010fa128[payload->]..(||10,401
2025-08-01T11:35:40.032 0100|00|00|05|fa0001|341601cfbe[payload->]..||48,847
2025-08-01T11:35:40.032 0100|01|00|06|f801fe|3416010fa128[payload->]..(||10,401
2025-08-01T12:05:41.118 0100|00|00|05|fa0001|341601cfbe[payload->]..||48,847
2025-08-01T12:05:41.219 0100|01|00|06|f801fe|3416010fa128[payload->]..(||10,401
2025-08-01T12:31:30.453 0100|00|00|05|fa0001|341601cfbe[payload->]..||48,847
2025-08-01T12:31:30.554 0100|01|00|06|f801fe|3416010fa128[payload->]..(||10,401
2025-08-01T12:35:42.106 0100|00|00|05|fa0001|341601cfbe[payload->]..||48,847
2025-08-01T12:35:42.207 0100|01|00|06|f801fe|3416010fa128[payload->]..(||10,401
2025-08-01T13:05:43.320 0100|00|00|05|fa0001|341601cfbe[payload->]..||48,847
2025-08-01T13:05:43.421 0100|01|00|06|f801fe|3416010fa128[payload->]..(||10,401
2025-08-01T13:35:45.277 0100|00|00|05|fa0001|341601cfbe[payload->]..||48,847
2025-08-01T13:35:45.278 0100|01|00|06|f801fe|3416010fa128[payload->]..(||10,401
2025-08-01T14:05:45.298 0100|00|00|05|fa0001|341601cfbe[payload->]..||48,847
2025-08-01T14:05:45.299 0100|01|00|06|f801fe|3416010fa128[payload->]..(||10,401
2025-08-01T14:31:32.095 0100|00|00|05|fa0001|341601cfbe[payload->]..||48,847
2025-08-01T14:31:32.096 0100|01|00|06|f801fe|3416010fa128[payload->]..(||10,401
2025-08-01T14:35:46.364 0100|00|00|05|fa0001|341601cfbe[payload->]..||48,847
2025-08-01T14:35:46.465 0100|01|00|06|f801fe|3416010fa128[payload->]..(||10,401
2025-08-01T15:05:46.404 0100|00|00|05|fa0001|341601cfbe[payload->]..||48,847
2025-08-01T15:05:46.404 0100|01|00|06|f801fe|3416010fa128[payload->]..(||10,401
2025-08-01T15:31:30.391 0100|00|00|05|fa0001|341601cfbe[payload->]..||48,847
2025-08-01T15:31:30.492 0100|01|00|06|f801fe|3416010fa128[payload->]..(||10,401
2025-08-01T15:35:47.296 0100|00|00|05|fa0001|341601cfbe[payload->]..||48,847
2025-08-01T15:35:47.397 0100|01|00|06|f801fe|3416010fa128[payload->]..(||10,401
2025-08-01T16:05:47.343 0100|00|00|05|fa0001|341601cfbe[payload->]..||48,847
2025-08-01T16:05:47.444 0100|01|00|06|f801fe|3416010fa128[payload->]..(||10,401
2025-08-01T16:31:30.476 0100|00|00|05|fa0001|341601cfbe[payload->]..||48,847
2025-08-01T16:31:30.577 0100|01|00|06|f801fe|3416010fa128[payload->]..(||10,401
2025-08-01T16:35:47.225 0100|00|00|05|fa0001|341601cfbe[payload->]..||48,847
2025-08-01T16:35:47.326 0100|01|00|06|f801fe|3416010fa128[payload->]..(||10,401
2025-08-01T17:05:47.152 0100|00|00|05|fa0001|341601cfbe[payload->]..||48,847
2025-08-01T17:05:47.253 0100|01|00|06|f801fe|3416010fa128[payload->]..(||10,401
2025-08-01T17:31:30.426 0100|00|00|05|fa0001|341601cfbe[payload->]..||48,847
2025-08-01T17:31:30.527 0100|01|00|06|f801fe|3416010fa128[payload->]..(||10,401
2025-08-01T17:35:47.291 0100|00|00|05|fa0001|341601cfbe[payload->]..||48,847
2025-08-01T17:35:47.392 0100|01|00|06|f801fe|3416010fa128[payload->]..(||10,401
2025-08-01T18:05:47.322 0100|00|00|05|fa0001|341601cfbe[payload->]..||48,847
2025-08-01T18:05:47.322 0100|01|00|06|f801fe|3416010fa128[payload->]..(||10,401
2025-08-01T18:35:48.595 0100|00|00|05|fa0001|341601cfbe[payload->]..||48,847
2025-08-01T18:35:48.595 0100|01|00|06|f801fe|3416010fa128[payload->]..(||10,401
2025-08-01T19:05:47.243 0100|00|00|05|fa0001|341601cfbe[payload->]..||48,847
2025-08-01T19:05:47.243 0100|01|00|06|f801fe|3416010fa128[payload->]..(||10,401
2025-08-01T19:31:30.044 0100|00|00|05|fa0001|341601cfbe[payload->]..||48,847
2025-08-01T19:31:30.145 0100|01|00|06|f801fe|3416010fa128[payload->]..(||10,401
2025-08-01T19:35:48.224 0100|00|00|05|fa0001|341601cfbe[payload->]..||48,847
2025-08-01T19:35:48.325 0100|01|00|06|f801fe|3416010fa128[payload->]..(||10,401
2025-08-01T20:05:49.278 0100|00|00|05|fa0001|341601cfbe[payload->]..||48,847
2025-08-01T20:05:49.379 0100|01|00|06|f801fe|3416010fa128[payload->]..(||10,401
2025-08-01T20:31:30.120 0100|00|00|05|fa0001|341601cfbe[payload->]..||48,847
2025-08-01T20:31:30.221 0100|01|00|06|f801fe|3416010fa128[payload->]..(||10,401
2025-08-01T20:35:50.275 0100|00|00|05|fa0001|341601cfbe[payload->]..||48,847
2025-08-01T20:35:50.275 0100|01|00|06|f801fe|3416010fa128[payload->]..(||10,401
2025-08-01T21:05:50.203 0100|00|00|05|fa0001|341601cfbe[payload->]..||48,847
2025-08-01T21:05:50.304 0100|01|00|06|f801fe|3416010fa128[payload->]..(||10,401
2025-08-01T21:35:50.276 0100|00|00|05|fa0001|341601cfbe[payload->]..||48,847
2025-08-01T21:35:50.277 0100|01|00|06|f801fe|3416010fa128[payload->]..(||10,401
2025-08-01T22:05:51.267 0100|00|00|05|fa0001|341601cfbe[payload->]..||48,847
2025-08-01T22:05:51.268 0100|01|00|06|f801fe|3416010fa128[payload->]..(||10,401
2025-08-01T22:35:51.281 0100|00|00|05|fa0001|341601cfbe[payload->]..||48,847
2025-08-01T22:35:51.383 0100|01|00|06|f801fe|3416010fa128[payload->]..(||10,401
2025-08-01T23:05:51.205 0100|00|00|05|fa0001|341601cfbe[payload->]..||48,847
2025-08-01T23:05:51.306 0100|01|00|06|f801fe|3416010fa128[payload->]..(||10,401
2025-08-01T23:35:51.281 0100|00|00|05|fa0001|341601cfbe[payload->]..||48,847
2025-08-01T23:35:51.282 0100|01|00|06|f801fe|3416010fa128[payload->]..(||10,401
2025-08-02T00:05:51.200 0100|00|00|05|fa0001|341601cfbe[payload->]..||48,847
2025-08-02T00:05:51.301 0100|01|00|06|f801fe|3416010fa128[payload->]..(||10,401
2025-08-02T00:31:31.481 0100|00|00|05|fa0001|341601cfbe[payload->]..||48,847
2025-08-02T00:31:31.482 0100|01|00|06|f801fe|3416010fa128[payload->]..(||10,401
2025-08-02T00:35:51.194 0100|00|00|05|fa0001|341601cfbe[payload->]..||48,847
2025-08-02T00:35:51.295 0100|01|00|06|f801fe|3416010fa128[payload->]..(||10,401
2025-08-02T01:05:51.223 0100|00|00|05|fa0001|341601cfbe[payload->]..||48,847
2025-08-02T01:05:51.324 0100|01|00|06|f801fe|3416010fa128[payload->]..(||10,401
2025-08-02T01:31:29.735 0100|01|00|06|f80101|341601cfbe01[payload->]...||0,446
2025-08-02T01:35:51.223 0100|00|00|05|fa0001|341601cfbe[payload->]..||48,847
2025-08-02T01:35:51.424 0100|01|00|06|f801fe|3416010fa128[payload->]..(||10,401
2025-08-02T02:05:51.730 0100|00|00|05|fa0001|341601cfbe[payload->]..||48,847
2025-08-02T02:05:51.831 0100|01|00|06|f801fe|3416010fa128[payload->]..(||10,401
2025-08-02T02:35:51.227 0100|00|00|05|fa0001|341601cfbe[payload->]..||48,847
2025-08-02T02:35:51.328 0100|01|00|06|f801fe|3416010fa128[payload->]..(||10,401
2025-08-02T03:05:51.282 0100|00|00|05|fa0001|341601cfbe[payload->]..||48,847
2025-08-02T03:05:51.283 0100|01|00|06|f801fe|3416010fa128[payload->]..(||10,401
2025-08-02T03:35:51.262 0100|00|00|05|fa0001|341601cfbe[payload->]..||48,847
2025-08-02T03:35:51.262 0100|01|00|06|f801fe|3416010fa128[payload->]..(||10,401
2025-08-02T04:05:52.362 0100|01|00|06|f801fe|3416010fa128[payload->]..(||10,401
2025-08-02T04:31:29.863 0100|00|00|05|fa0001|341601cfbe[payload->]..||48,847
2025-08-02T04:31:29.863 0100|01|00|06|f801fe|3416010fa128[payload->]..(||10,401
2025-08-02T04:35:51.249 0100|00|00|05|fa0001|341601cfbe[payload->]..||48,847
2025-08-02T04:35:51.350 0100|01|00|06|f801fe|3416010fa128[payload->]..(||10,401
2025-08-02T05:05:51.338 0100|01|00|06|f801fe|3416010fa128[payload->]..(||10,401
2025-08-02T05:35:51.815 0100|00|00|05|fa0001|341601cfbe[payload->]..||48,847
2025-08-02T05:35:51.916 0100|01|00|06|f801fe|3416010fa128[payload->]..(||10,401
2025-08-02T06:05:52.354 0100|00|00|05|fa0001|341601cfbe[payload->]..||48,847
2025-08-02T06:05:52.455 0100|05|00|06|f801fe|3416010fa128[payload->]..(||10,401
2025-08-02T06:31:31.143 0100|00|00|05|fa0001|341601cfbe[payload->]..||48,847
2025-08-02T06:31:31.244 0100|01|00|06|f801fe|3416010fa128[payload->]..(||10,401
2025-08-02T06:35:52.372 0100|00|00|05|fa0001|341601cfbe[payload->]..||48,847
2025-08-02T06:35:52.474 0100|01|00|06|f801fe|3416010fa128[payload->]..(||10,401
2025-08-02T07:05:52.385 0100|00|00|05|fa0001|341601cfbe[payload->]..||48,847
2025-08-02T07:05:52.486 0100|09|00|06|f801fe|3416010fa128[payload->]..(||10,401
2025-08-02T07:35:52.408 0100|00|00|05|fa0001|341601cfbe[payload->]..||48,847
2025-08-02T07:35:52.509 0100|01|00|06|f801fe|3416010fa128[payload->]..(||10,401
2025-08-02T08:05:53.266 0100|00|00|05|fa0001|341601cfbe[payload->]..||48,847
2025-08-02T08:05:53.367 0100|01|00|06|f801fe|3416010fa128[payload->]..(||10,401
2025-08-02T08:35:53.168 0100|00|00|05|fa0001|341601cfbe[payload->]..||48,847
2025-08-02T08:35:53.269 0100|01|00|06|f801fe|3416010fa128[payload->]..(||10,401
2025-08-02T09:05:53.308 0100|00|00|05|fa0001|341601cfbe[payload->]..||48,847
2025-08-02T09:05:53.308 0100|01|00|06|f801fe|3416010fa128[payload->]..(||10,401
2025-08-02T09:31:30.109 0100|00|00|05|fa0001|341601cfbe[payload->]..||48,847
2025-08-02T09:31:30.210 0100|01|00|06|f801fe|3416010fa128[payload->]..(||10,401
2025-08-02T09:35:53.263 0100|00|00|05|fa0001|341601cfbe[payload->]..||48,847
2025-08-02T09:35:53.364 0100|01|00|06|f801fe|3416010fa128[payload->]..(||10,401
2025-08-02T10:05:54.211 0100|00|00|05|fa0001|341601cfbe[payload->]..||48,847
2025-08-02T10:05:54.312 0100|01|00|06|f801fe|3416010fa128[payload->]..(||10,401
2025-08-02T10:31:32.414 0100|00|00|05|fa0001|341601cfbe[payload->]..||48,847
2025-08-02T10:31:32.515 0100|01|00|06|f801fe|3416010fa128[payload->]..(||10,401
2025-08-02T10:35:54.111 0100|00|00|05|fa0001|341601cfbe[payload->]..||48,847
2025-08-02T11:35:55.422 0100|01|00|06|f801fe|3416010fa128[payload->]..(||10,401
2025-08-02T12:05:57.366 0100|00|00|05|fa0001|341601cfbe[payload->]..||48,847
2025-08-02T12:05:57.467 0100|01|00|06|f801fe|3416010fa128[payload->]..(||10,401
2025-08-02T12:31:31.157 0100|00|00|05|fa0001|341601cfbe[payload->]..||48,847
2025-08-02T12:31:31.258 0100|01|00|06|f801fe|3416010fa128[payload->]..(||10,401
2025-08-02T12:35:58.230 0100|00|00|05|fa0001|341601cfbe[payload->]..||48,847
2025-08-02T12:35:58.331 0100|01|00|06|f801fe|3416010fa128[payload->]..(||10,401
2025-08-02T13:05:59.148 0100|00|00|05|fa0001|341601cfbe[payload->]..||48,847
2025-08-02T13:05:59.249 0100|01|00|06|f801fe|3416010fa128[payload->]..(||10,401
2025-08-02T13:36:01.199 0100|00|00|05|fa0001|341601cfbe[payload->]..||48,847
2025-08-02T13:36:01.300 0100|01|00|06|f801fe|3416010fa128[payload->]..(||10,401
2025-08-02T14:06:01.211 0100|00|00|05|fa0001|341601cfbe[payload->]..||48,847
2025-08-02T14:06:01.312 0100|01|00|06|f801fe|3416010fa128[payload->]..(||10,401
2025-08-02T14:36:01.264 0100|00|00|05|fa0001|341601cfbe[payload->]..||48,847
2025-08-02T14:36:01.265 0100|01|00|06|f801fe|3416010fa128[payload->]..(||10,401
2025-08-02T15:06:01.296 0100|00|00|05|fa0001|341601cfbe[payload->]..||48,847
2025-08-02T15:06:01.296 0100|01|00|06|f801fe|3416010fa128[payload->]..(||10,401
2025-08-02T15:36:01.154 0100|00|00|05|fa0001|341601cfbe[payload->]..||48,847
2025-08-02T15:36:01.256 0100|01|00|06|f801fe|3416010fa128[payload->]..(||10,401
2025-08-02T16:06:01.240 0100|00|00|05|fa0001|341601cfbe[payload->]..||48,847
2025-08-02T16:06:01.342 0100|01|00|06|f801fe|3416010fa128[payload->]..(||10,401
2025-08-02T17:06:01.160 0100|00|00|05|fa0001|341601cfbe[payload->]..||48,847
2025-08-02T17:06:01.261 0100|01|00|06|f801fe|3416010fa128[payload->]..(||10,401
2025-08-02T17:36:01.152 0100|00|00|05|fa0001|341601cfbe[payload->]..||48,847
2025-08-02T17:36:01.253 0100|01|00|06|f801fe|3416010fa128[payload->]..(||10,401
2025-08-02T18:06:01.222 0100|00|00|05|fa0001|341601cfbe[payload->]..||48,847
2025-08-02T18:06:01.324 0100|01|00|06|f801fe|3416010fa128[payload->]..(||10,401
2025-08-02T18:36:01.159 0100|00|00|05|fa0001|341601cfbe[payload->]..||48,847
2025-08-02T18:36:01.260 0100|01|00|06|f801fe|3416010fa128[payload->]..(||10,401
2025-08-02T19:06:01.304 0100|00|00|05|fa0001|341601cfbe[payload->]..||48,847
2025-08-02T19:06:01.405 0100|01|00|06|f801fe|3416010fa128[payload->]..(||10,401
2025-08-02T19:31:30.399 0100|01|00|06|f801fe|3416010fa128[payload->]..(||10,401
2025-08-02T19:36:02.680 0100|00|00|05|fa0001|341601cfbe[payload->]..||48,847
2025-08-02T19:36:02.680 0100|01|00|06|f801fe|3416010fa128[payload->]..(||10,401
2025-08-02T20:06:04.073 0100|00|00|05|fa0001|341601cfbe[payload->]..||48,847
2025-08-02T20:06:04.174 0100|01|00|06|f801fe|3416010fa128[payload->]..(||10,401
2025-08-02T20:36:04.683 0100|00|00|05|fa0001|341601cfbe[payload->]..||48,847
2025-08-02T20:36:04.785 0100|01|00|06|f801fe|3416010fa128[payload->]..(||10,401
2025-08-02T21:06:04.475 0100|00|00|05|fa0001|341601cfbe[payload->]..||48,847
2025-08-02T21:06:04.576 0100|01|00|06|f801fe|3416010fa128[payload->]..(||10,401
2025-08-02T21:31:30.319 0100|00|00|05|fa0001|341601cfbe[payload->]..||48,847
2025-08-02T21:31:30.320 0100|01|00|06|f801fe|3416010fa128[payload->]..(||10,401
2025-08-02T21:36:04.823 0100|00|00|05|fa0001|341601cfbe[payload->]..||48,847
2025-08-02T21:36:04.924 0100|01|00|06|f801fe|3416010fa128[payload->]..(||10,401
2025-08-02T22:06:04.440 0100|00|00|05|fa0001|341601cfbe[payload->]..||48,847
2025-08-02T22:06:04.541 0100|01|00|06|f801fe|3416010fa128[payload->]..(||10,401
2025-08-02T22:31:30.568 0100|00|00|05|fa0001|341601cfbe[payload->]..||48,847
2025-08-02T22:31:30.669 0100|01|00|06|f801fe|3416010fa128[payload->]..(||10,401
2025-08-02T22:36:05.924 0100|00|00|05|fa0001|341601cfbe[payload->]..||48,847
2025-08-02T22:36:06.025 0100|01|00|06|f801fe|3416010fa128[payload->]..(||10,401
2025-08-02T23:06:05.093 0100|00|00|05|fa0001|341601cfbe[payload->]..||48,847
2025-08-02T23:06:05.195 0100|01|00|06|f801fe|3416010fa128[payload->]..(||10,401
2025-08-02T23:36:06.622 0100|00|00|05|fa0001|341601cfbe[payload->]..||48,847
2025-08-02T23:36:06.723 0100|01|00|06|f801fe|3416010fa128[payload->]..(||10,401
2025-08-03T00:06:06.899 0100|00|00|05|fa0001|341601cfbe[payload->]..||48,847
2025-08-03T00:06:07.000 0100|01|00|06|f801fe|3416010fa128[payload->]..(||10,401
2025-08-03T00:31:31.786 0100|00|00|05|fa0001|341601cfbe[payload->]..||48,847
2025-08-03T00:31:31.887 0100|01|00|06|f801fe|3416010fa128[payload->]..(||10,401
2025-08-03T00:36:06.713 0100|00|00|05|fa0001|341601cfbe[payload->]..||48,847
2025-08-03T00:36:06.713 0100|01|00|06|f801fe|3416010fa128[payload->]..(||10,401
2025-08-03T01:06:09.016 0100|00|00|05|fa0001|341601cfbe[payload->]..||48,847
2025-08-03T01:06:09.117 0100|01|00|06|f801fe|3416010fa128[payload->]..(||10,401
2025-08-03T01:31:30.938 0100|00|00|05|fa0001|341601cfbe[payload->]..||48,847
2025-08-03T01:36:09.568 0100|00|00|05|fa0001|341601cfbe[payload->]..||48,847
2025-08-03T01:36:09.669 0100|01|00|06|f801fe|3416010fa128[payload->]..(||10,401
2025-08-03T02:06:09.666 0100|00|00|05|fa0001|341601cfbe[payload->]..||48,847
2025-08-03T02:06:09.766 0100|01|00|06|f801fe|3416010fa128[payload->]..(||10,401
2025-08-03T02:31:30.793 0100|00|00|05|fa0001|341601cfbe[payload->]..||48,847
2025-08-03T02:36:11.007 0100|00|00|05|fa0001|341601cfbe[payload->]..||48,847
2025-08-03T02:36:11.108 0100|01|00|06|f801fe|3416010fa128[payload->]..(||10,401
2025-08-03T03:06:10.951 0100|00|00|05|fa0001|341601cfbe[payload->]..||48,847
2025-08-03T03:06:11.052 0100|01|00|06|f801fe|3416010fa128[payload->]..(||10,401
2025-08-03T03:31:30.569 0100|00|00|05|fa0001|341601cfbe[payload->]..||48,847
2025-08-03T03:31:30.671 0100|01|00|06|f801fe|3416010fa128[payload->]..(||10,401
2025-08-03T03:36:12.212 0100|00|00|05|fa0001|341601cfbe[payload->]..||48,847
2025-08-03T04:06:11.299 0100|00|00|05|fa0001|341601cfbe[payload->]..||48,847
2025-08-03T04:06:11.299 0100|01|00|06|f801fe|3416010fa128[payload->]..(||10,401
2025-08-03T04:36:10.975 0100|00|00|05|fa0001|341601cfbe[payload->]..||48,847
2025-08-03T04:36:11.076 0100|01|00|06|f801fe|3416010fa128[payload->]..(||10,401
2025-08-03T05:06:11.555 0100|00|00|05|fa0001|341601cfbe[payload->]..||48,847
2025-08-03T05:06:11.555 0100|01|00|06|f801fe|3416010fa128[payload->]..(||10,401
2025-08-03T05:36:11.108 0100|00|00|05|fa0001|341601cfbe[payload->]..||48,847
2025-08-03T05:36:11.209 0100|01|00|06|f801fe|3416010fa128[payload->]..(||10,401
2025-08-03T06:06:11.094 0100|00|00|05|fa0001|341601cfbe[payload->]..||48,847
2025-08-03T06:06:11.094 0100|01|00|06|f801fe|3416010fa128[payload->]..(||10,401
2025-08-03T06:31:30.477 0100|01|00|06|f801fe|3416010fa128[payload->]..(||10,401
2025-08-03T06:36:11.019 0100|00|00|05|fa0001|341601cfbe[payload->]..||48,847
2025-08-03T06:36:11.019 0100|01|00|06|f801fe|3416010fa128[payload->]..(||10,401
2025-08-03T07:06:11.699 0100|00|00|05|fa0001|341601cfbe[payload->]..||48,847
2025-08-03T07:06:11.801 0100|01|00|06|f801fe|3416010fa128[payload->]..(||10,401
2025-08-03T07:36:11.617 0100|00|00|05|fa0001|341601cfbe[payload->]..||48,847
2025-08-03T07:36:11.617 0100|01|00|06|f801fe|3416010fa128[payload->]..(||10,401
2025-08-03T08:06:12.248 0100|00|00|05|fa0001|341601cfbe[payload->]..||48,847
2025-08-03T08:06:12.349 0100|01|00|06|f801fe|3416010fa128[payload->]..(||10,401
2025-08-03T08:36:11.734 0100|00|00|05|fa0001|341601cfbe[payload->]..||48,847
2025-08-03T08:36:11.835 0100|01|00|06|f801fe|3416010fa128[payload->]..(||10,401
2025-08-03T09:06:12.732 0100|00|00|05|fa0001|341601cfbe[payload->]..||48,847
2025-08-03T09:06:12.833 0100|01|00|06|f801fe|3416010fa128[payload->]..(||10,401
2025-08-03T09:36:13.736 0100|00|00|05|fa0001|341601cfbe[payload->]..||48,847
2025-08-03T09:36:13.736 0100|01|00|06|f801fe|3416010fa128[payload->]..(||10,401
2025-08-03T10:06:13.467 0100|00|00|05|fa0001|341601cfbe[payload->]..||48,847
2025-08-03T10:06:13.467 0100|01|00|06|f801fe|3416010fa128[payload->]..(||10,401
2025-08-03T10:31:30.103 0100|00|00|05|fa0001|341601cfbe[payload->]..||48,847
2025-08-03T10:31:30.205 0100|01|00|06|f801fe|3416010fa128[payload->]..(||10,401
2025-08-03T10:36:13.419 0100|00|00|05|fa0001|341601cfbe[payload->]..||48,847
2025-08-03T10:36:13.420 0100|01|00|06|f801fe|3416010fa128[payload->]..(||10,401
2025-08-03T11:06:13.374 0100|00|00|05|fa0001|341601cfbe[payload->]..||48,847
2025-08-03T11:06:13.374 0100|01|00|06|f801fe|3416010fa128[payload->]..(||10,401
2025-08-03T11:36:13.350 0100|00|00|05|fa0001|341601cfbe[payload->]..||48,847
2025-08-03T11:36:13.451 0100|01|00|06|f801fe|3416010fa128[payload->]..(||10,401
2025-08-03T12:06:14.179 0100|00|00|05|fa0001|341601cfbe[payload->]..||48,847
2025-08-03T12:06:14.281 0100|01|00|06|f801fe|3416010fa128[payload->]..(||10,401
2025-08-03T12:31:30.073 0100|00|00|05|fa0001|341601cfbe[payload->]..||48,847
2025-08-03T12:31:30.074 0100|01|40|06|f801fe|3416010fa128[payload->]..(||10,401
2025-08-03T12:36:14.249 0100|00|00|05|fa0001|341601cfbe[payload->]..||48,847
2025-08-03T12:36:14.249 0100|01|00|06|f801fe|3416010fa128[payload->]..(||10,401
2025-08-03T13:06:15.189 0100|00|00|05|fa0001|341601cfbe[payload->]..||48,847
2025-08-03T13:06:15.291 0100|01|00|06|f801fe|3416010fa128[payload->]..(||10,401
2025-08-03T13:31:31.402 0100|01|00|06|f801fe|3416010fa128[payload->]..(||10,401
2025-08-03T13:36:14.216 0100|00|00|05|fa0001|341601cfbe[payload->]..||48,847
2025-08-03T13:36:14.317 0100|01|00|06|f801fe|3416010fa128[payload->]..(||10,401
2025-08-03T14:06:14.293 0100|00|00|05|fa0001|341601cfbe[payload->]..||48,847
2025-08-03T14:06:14.294 0100|01|00|06|f801fe|3416010fa128[payload->]..(||10,401
2025-08-03T14:36:14.391 0100|00|00|05|fa0001|341601cfbe[payload->]..||48,847
2025-08-03T14:36:14.492 0100|01|00|06|f801fe|3416010fa128[payload->]..(||10,401
2025-08-03T15:31:30.060 0100|00|00|05|fa0001|341601cfbe[payload->]..||48,847
2025-08-03T15:31:30.161 0100|01|00|06|f801fe|3416010fa128[payload->]..(||10,401
2025-08-03T15:36:14.145 0100|00|00|05|fa0001|341601cfbe[payload->]..||48,847
2025-08-03T15:36:14.246 0100|01|00|06|f801fe|3416010fa128[payload->]..(||10,401
2025-08-03T16:06:14.171 0100|00|00|05|fa0001|341601cfbe[payload->]..||48,847
2025-08-03T16:36:16.918 0100|00|00|05|fa0001|341601cfbe[payload->]..||48,847
2025-08-03T16:36:17.019 0100|01|00|06|f801fe|3416010fa128[payload->]..(||10,401
2025-08-03T17:36:16.906 0100|00|00|05|fa0001|341601cfbe[payload->]..||48,847
2025-08-03T17:36:17.007 0100|01|00|06|f801fe|3416010fa128[payload->]..(||10,401
2025-08-03T18:06:17.541 0100|00|00|05|fa0001|341601cfbe[payload->]..||48,847
2025-08-03T18:06:17.642 0100|01|00|06|f801fe|3416010fa128[payload->]..(||10,401
