2025-08-01T07:43:24.550 0100|06|f8|11|fe50aa|0000e1b70100000005fa0003200401d3f3[payload->]......... ....||62,419
2025-08-01T21:35:33.203 0100|06|f8|05|fe50aa|0000e1b701[payload->]..||0,439
2025-08-01T21:55:14.687 0100|06|f8|09|fe50aa|0000e1b70100000005[payload->]......||1,280
2025-08-01T22:32:34.329 0100|06|f8|03|fe58aa|0000e1[payload->]||57,600
2025-08-01T22:42:04.539 0100|46|f8|43|fe50aa|0000e1b70100000005fa0001200201cbf10f8c09080bf301fe200201ae8da802453b1e8d0100000005fa0003100301ecf10100010007f701fe100301ffff859c010000[payload->]......... ............ ......E;.................................||0,000
2025-08-01T23:16:44.603 0100|06|f8|41|fe50aa|0000e1b70100000005fa0001200201cbf1010001000bf201fe200201ae8da802453b1e8d0100000005fa0003100301ecf10100010007f701fe100301ffff859c01[payload->]......... ............ ......E;...............................||0,412
2025-08-01T23:55:54.591 0100|06|f8|41|fe50aa|0000e1b70100000005fa0001200201cbf1010001000bf301fe200201ae8da802453b1e8d0100000005fa0003100301ecf10100010007f701fe100301ffff859c01[payload->]......... ............ ......E;...............................||0,412
2025-08-02T03:19:54.551 0100|06|f8|41|fe50aa|0000e1b70100000005fa00012004016bf20100010009f501fe200401ffffffff850d0100000005fa0001200201cbf1010001000bf301fe200201ae8da802453b1e[payload->]......... ..k......... ................ ............ ......E;.||7,739
2025-08-02T04:22:04.229 0100|0e|f8|09|fe50aa|0000e1b70100000005[payload->]......||1,280
2025-08-02T04:22:54.292 0100|06|f8|05|fe50aa|0000e1b701[payload->]..||0,439
2025-08-02T04:36:44.291 0100|0e|f8|09|fe50aa|0000e1b70100000005[payload->]......||1,280
2025-08-02T05:12:04.313 0100|06|f8|05|fe50aa|0000e1b701[payload->]..||0,439
2025-08-02T05:37:24.267 0100|06|fa|0b|fe50aa|0000e1b70100000005fa00[payload->]........||0,250
2025-08-02T07:02:05.193 0100|06|f8|03|fe50aa|0000e1[payload->]||57,600
2025-08-02T10:41:07.210 0100|06|f8|03|fe50aa|0000e1[payload->]||57,600
2025-08-02T11:54:59.123 0100|06|f8|09|fe50aa|0000e1b70100000005[payload->]......||1,280
2025-08-02T17:26:25.170 0100|06|f8|05|fe50aa|0000e1b701[payload->]..||0,439
2025-08-03T11:19:55.931 0100|06|f8|41|fe50aa|0000e1b7ff010000d0012e047875010001d0012d0588890100000005fa0001506c00b01d0100010844b20101fe506c008cc1031800240e00108d01010000ffffff[payload->].........xu.....-...........Pl.......D....Pl......$...........||65,535
2025-08-03T11:51:26.779 0100|46|fa|03|fe50aa|0000e1[payload->]||57,600
2025-08-03T14:34:09.038 0100|06|f8|81|fe50aa|0000e1b7ff010000d0012e047875010001d0012d0588890100000005fa0001345501ff8f0100010006f801fe345501007199010000d0012e047875010001d0412d0588890100000005fa00013423019fa9010001000bf301fe342301000000000000b876ff010000d0012e047875010001d0012d058889ff0100000005fa000154[payload->].........xu.....-...........4U...........4U..q........xu....A-...........4#...........4#........v........xu.....-............T||21,505
2025-08-03T14:37:46.778 0100|06|f8|03|fe50aa|0000e1[payload->]||57,600
