2025-07-31T00:10:16.159 0100|01|00|07|f701fe|5409013c00227b[payload->]<."{||31,522
2025-07-31T12:07:17.749 0100|01|00|06|f801fe|54090100a1c6[payload->]...||50,849
2025-07-31T14:05:52.522 0100|01|00|07|f701fe|5409013c00227b[payload->]<."{||31,522
2025-08-01T00:43:51.112 0100|01|00|07|f701fe|5409013c00227b[payload->]<."{||31,522
2025-08-01T02:14:43.094 0100|01|00|07|f701fe|5409013c00227b[payload->]<."{||31,522
2025-08-01T13:00:45.041 0100|01|00|07|f701fe|5409013c00227b[payload->]<."{||31,522
2025-08-01T16:20:30.308 0100|01|00|06|f801fe|54090100a1c6[payload->]...||50,849
2025-08-01T20:32:23.036 0100|01|00|07|f701fe|5409013c00227b[payload->]<."{||31,522
2025-08-01T21:33:03.099 0100|01|00|07|f701fe|5409013c00227b[payload->]<."{||31,522
2025-08-02T02:01:13.268 0100|01|00|06|f801fe|54090100a1c6[payload->]...||50,849
2025-08-02T05:11:13.146 0100|01|00|06|f821fe|54090100a1c6[payload->]...||50,849
2025-08-02T05:31:13.200 0100|01|00|06|f801fe|54090100a1c6[payload->]...||50,849
2025-08-02T06:30:15.030 0100|01|00|07|f701fe|5409013c00227b[payload->]<."{||31,522
2025-08-02T06:51:14.255 0100|05|08|06|f801fe|54090108a1c6[payload->]...||50,849
2025-08-02T07:31:29.679 0100|01|00|06|f801fe|54090100a1c6[payload->]...||50,849
2025-08-02T08:10:45.017 0100|01|00|07|f701fe|5409013c00227b[payload->]<."{||31,522
2025-08-02T10:08:07.350 0100|01|00|06|f801fe|54090108a1c6[payload->]...||50,849
2025-08-02T17:00:12.360 0100|01|00|0e|f809fe|54090100a1c60100000005fa0001[payload->]...........||0,256
2025-08-02T19:54:03.446 0100|01|00|06|f801fe|54090100a1c6[payload->]...||50,849
2025-08-02T21:40:11.206 0100|01|00|07|f701fe|5409013c00227b[payload->]<."{||31,522
2025-08-02T23:43:32.026 0100|01|00|07|f701fe|5409013c00227b[payload->]<."{||31,522
2025-08-03T02:55:46.682 0100|01|00|07|f701fe|5409013c00227b[payload->]<."{||31,522
2025-08-03T04:14:40.362 0100|01|00|06|f801fe|54090100e1c6[payload->]...||50,913
2025-08-03T08:10:37.122 0100|01|00|07|f701fe|5409013c00227b[payload->]<."{||31,522
2025-08-03T09:19:48.337 0100|01|00|07|f701fe|5409013c00227b[payload->]<."{||31,522
2025-08-03T17:42:46.979 0100|01|00|06|f801fe|54090100a1c6[payload->]...||50,849
