2025-07-30T20:27:48.043 0100|00|00|05|fa0001|20000669b1[payload->]i.||45,417
2025-07-30T20:27:48.144 0100|01|00|06|f801fe|20000605a24e[payload->]..N||20,130
2025-07-30T20:48:05.190 0100|00|00|05|fa0001|20000669b1[payload->]i.||45,417
2025-07-30T20:48:05.291 0100|01|00|06|f801fe|20000605a24e[payload->]..N||20,130
2025-07-30T21:18:32.059 0100|00|00|05|fa0001|20000669b1[payload->]i.||45,417
2025-07-30T21:18:32.060 0100|01|00|06|f801fe|20000605a24e[payload->]..N||20,130
2025-07-30T21:28:40.539 0100|00|00|05|fa0001|20000669b1[payload->]i.||45,417
2025-07-30T21:28:40.639 0100|01|00|06|f801fe|20000605a24e[payload->]..N||20,130
2025-07-30T21:38:49.992 0100|00|00|05|fa0001|20000669b1[payload->]i.||45,417
2025-07-30T21:38:50.093 0100|01|00|06|f801fe|20000605a24e[payload->]..N||20,130
2025-07-30T21:48:58.167 0100|00|00|05|fa0001|20000669b1[payload->]i.||45,417
2025-07-30T21:48:58.268 0100|01|00|06|f801fe|20000605a24e[payload->]..N||20,130
2025-07-30T22:29:32.919 0100|00|00|05|fa0001|20000669b1[payload->]i.||45,417
2025-07-30T22:29:33.020 0100|01|00|06|f801fe|20000605a24e[payload->]..N||20,130
2025-07-30T22:39:41.686 0100|00|00|05|fa0001|20000669b1[payload->]i.||45,417
2025-07-30T22:39:41.687 0100|01|00|06|f801fe|20000605a24e[payload->]..N||20,130
2025-07-30T22:49:50.525 0100|00|00|05|fa0001|20000669b1[payload->]i.||45,417
2025-07-30T22:49:50.627 0100|01|00|06|f801fe|20000605a24e[payload->]..N||20,130
2025-07-30T22:59:59.474 0100|00|00|05|fa0001|20000669b1[payload->]i.||45,417
2025-07-30T22:59:59.474 0100|01|00|06|f801fe|20000605a24e[payload->]..N||20,130
2025-07-30T23:10:07.814 0100|00|00|05|fa0001|20000669b1[payload->]i.||45,417
2025-07-30T23:10:07.814 0100|01|00|06|f801fe|20000605a24e[payload->]..N||20,130
2025-07-30T23:30:25.732 0100|00|00|05|fa0001|20000669b1[payload->]i.||45,417
2025-07-30T23:30:25.833 0100|01|00|06|f801fe|20000605a24e[payload->]..N||20,130
2025-07-30T23:40:35.664 0100|00|00|05|fa0001|20000669b1[payload->]i.||45,417
2025-07-30T23:40:35.765 0100|01|00|06|f801fe|20000605a24e[payload->]..N||20,130
2025-07-30T23:50:43.992 0100|00|00|05|fa0001|20000669b1[payload->]i.||45,417
2025-07-30T23:50:43.992 0100|01|00|06|f801fe|20000605a24e[payload->]..N||20,130
2025-07-31T00:00:52.817 0100|00|00|05|fa0001|20000669b1[payload->]i.||45,417
2025-07-31T00:00:52.918 0100|01|00|06|f801fe|20000605a24e[payload->]..N||20,130
2025-07-31T01:01:44.619 0100|00|00|05|fa0001|20000669b1[payload->]i.||45,417
2025-07-31T01:01:44.721 0100|01|00|06|f801fe|20000605a24e[payload->]..N||20,130
2025-07-31T01:11:53.341 0100|00|00|05|fa0001|20000669b1[payload->]i.||45,417
2025-07-31T01:11:53.341 0100|01|00|06|f801fe|20000605a24e[payload->]..N||20,130
2025-07-31T01:32:11.459 0100|00|00|05|fa0001|20000669b1[payload->]i.||45,417
2025-07-31T01:32:11.460 0100|01|00|06|f801fe|20000605a24e[payload->]..N||20,130
2025-07-31T02:02:37.509 0100|00|00|05|fa0001|20000669b1[payload->]i.||45,417
2025-07-31T02:02:37.509 0100|01|00|06|f801fe|20000605a24e[payload->]..N||20,130
2025-07-31T02:33:04.386 0100|00|00|05|fa0001|20000669b1[payload->]i.||45,417
2025-07-31T02:33:04.487 0100|01|00|06|f801fe|20000605a24e[payload->]..N||20,130
2025-07-31T02:43:13.049 0100|00|00|05|fa0001|20000669b1[payload->]i.||45,417
2025-07-31T02:43:13.049 0100|01|00|06|f801fe|20000605a24e[payload->]..N||20,130
2025-07-31T03:03:30.872 0100|00|00|05|fa0001|20000669b1[payload->]i.||45,417
2025-07-31T03:03:30.974 0100|01|00|06|f801fe|20000605a24e[payload->]..N||20,130
2025-07-31T03:13:39.080 0100|01|00|06|f801fe|20000605a24e[payload->]..N||20,130
2025-07-31T03:23:47.207 0100|00|00|05|fa0001|20000669b1[payload->]i.||45,417
2025-07-31T03:23:47.308 0100|85|0c|06|f801fe|20000605a24e[payload->]..N||20,130
2025-07-31T03:44:03.206 0100|00|00|05|fa0001|20000669b1[payload->]i.||45,417
2025-07-31T03:44:03.206 0100|01|00|06|f801fe|20000605a24e[payload->]..N||20,130
2025-07-31T03:54:12.858 0100|00|00|05|fa0001|20000669b1[payload->]i.||45,417
2025-07-31T03:54:12.859 0100|01|00|06|f801fe|20000605a24e[payload->]..N||20,130
2025-07-31T04:04:21.922 0100|00|00|05|fa0001|20000669b1[payload->]i.||45,417
2025-07-31T04:04:22.024 0100|01|00|06|f801fe|20000605a24e[payload->]..N||20,130
2025-07-31T04:14:30.631 0100|00|00|05|fa0001|20000669b1[payload->]i.||45,417
2025-07-31T04:14:30.632 0100|01|00|06|f801fe|20000605a24e[payload->]..N||20,130
2025-07-31T04:24:39.588 0100|00|00|05|fa0001|20000669b1[payload->]i.||45,417
2025-07-31T04:24:39.689 0100|01|00|06|f801fe|20000605a24e[payload->]..N||20,130
2025-07-31T04:34:48.730 0100|00|00|05|fa0001|20000669b1[payload->]i.||45,417
2025-07-31T04:34:48.831 0100|01|00|06|f801fe|20000605a24e[payload->]..N||20,130
2025-07-31T04:44:57.168 0100|00|00|05|fa0001|20000669b1[payload->]i.||45,417
2025-07-31T04:44:57.269 0100|01|00|06|f801fe|20000605a24e[payload->]..N||20,130
2025-07-31T05:35:41.686 0100|00|00|05|fa0001|20000669b1[payload->]i.||45,417
2025-07-31T05:35:41.686 0100|01|00|06|f801fe|20000605a24e[payload->]..N||20,130
2025-07-31T05:55:59.008 0100|00|00|05|fa0001|20000669b1[payload->]i.||45,417
2025-07-31T05:55:59.109 0100|01|00|06|f801fe|20000605a24e[payload->]..N||20,130
2025-07-31T06:06:07.428 0100|00|00|05|fa0001|20000669b1[payload->]i.||45,417
2025-07-31T06:06:07.428 0100|01|00|06|f801fe|20000605a24e[payload->]..N||20,130
2025-07-31T06:26:23.670 0100|00|00|05|fa0001|20000669b1[payload->]i.||45,417
2025-07-31T06:26:23.670 0100|01|00|06|f801fe|20000605a24e[payload->]..N||20,130
2025-07-31T06:36:32.222 0100|00|00|05|fa0001|20000669b1[payload->]i.||45,417
2025-07-31T06:36:32.222 0100|01|00|06|f801fe|20000605a24e[payload->]..N||20,130
2025-07-31T06:46:40.713 0100|00|00|05|fa0001|20000669b1[payload->]i.||45,417
2025-07-31T06:46:40.714 0100|01|00|06|f801fe|20000605a24e[payload->]..N||20,130
2025-07-31T06:56:49.340 0100|00|00|05|fa0001|20000669b1[payload->]i.||45,417
2025-07-31T06:56:49.441 0100|01|00|06|f801fe|20000605a24e[payload->]..N||20,130
2025-07-31T07:27:14.566 0100|00|00|05|fa0001|20000669b1[payload->]i.||45,417
2025-07-31T07:27:14.668 0100|01|00|06|f801fe|20000605a24e[payload->]..N||20,130
2025-07-31T07:37:23.256 0100|00|00|05|fa0001|20000669b1[payload->]i.||45,417
2025-07-31T07:37:23.357 0100|01|00|06|f801fe|20000605a24e[payload->]..N||20,130
2025-07-31T07:47:31.188 0100|00|00|05|fa0001|20000669b1[payload->]i.||45,417
2025-07-31T07:47:31.289 0100|01|00|06|f801fe|20000605a24e[payload->]..N||20,130
2025-07-31T08:17:57.488 0100|00|00|05|fa0001|20000669b1[payload->]i.||45,417
2025-07-31T08:17:57.589 0100|01|00|06|f801fe|20000605a24e[payload->]..N||20,130
2025-07-31T08:48:23.752 0100|00|00|05|fa0001|20000669b1[payload->]i.||45,417
2025-07-31T08:48:23.853 0100|01|00|06|f801fe|20000605a24e[payload->]..N||20,130
2025-07-31T09:08:40.510 0100|00|00|05|fa0001|20000669b1[payload->]i.||45,417
2025-07-31T09:18:47.823 0100|00|00|05|fa0001|20000669b1[payload->]i.||45,417
2025-07-31T09:18:47.823 0100|01|00|06|f801fe|20000605a24e[payload->]..N||20,130
2025-07-31T09:39:04.190 0100|00|00|05|fa0001|20000669b1[payload->]i.||45,417
2025-07-31T09:39:04.291 0100|01|00|06|f801fe|20000605a24e[payload->]..N||20,130
2025-07-31T09:49:12.153 0100|00|00|05|fa0001|20000669b1[payload->]i.||45,417
2025-07-31T09:49:12.153 0100|01|00|06|f801fe|20000605a24e[payload->]..N||20,130
2025-07-31T10:19:37.944 0100|00|00|05|fa0001|20000669b1[payload->]i.||45,417
2025-07-31T10:19:38.045 0100|01|00|06|f801fe|20000605a24e[payload->]..N||20,130
2025-07-31T10:39:53.959 0100|00|00|05|fa0001|20000669b1[payload->]i.||45,417
2025-07-31T10:39:54.060 0100|01|00|06|f801fe|20000605a24e[payload->]..N||20,130
2025-07-31T10:50:02.518 0100|00|00|05|fa0001|20000669b1[payload->]i.||45,417
2025-07-31T10:50:02.619 0100|01|00|06|f801fe|20000605a24e[payload->]..N||20,130
2025-07-31T11:00:11.570 0100|00|00|05|fa0001|20000669b1[payload->]i.||45,417
2025-07-31T11:00:11.570 0100|01|00|06|f801fe|20000605a24e[payload->]..N||20,130
2025-07-31T11:20:28.631 0100|00|00|05|fa0001|20000669b1[payload->]i.||45,417
2025-07-31T11:20:28.632 0100|01|00|06|f801fe|20000605a24e[payload->]..N||20,130
2025-07-31T11:40:45.908 0100|00|00|05|fa0001|20000669b1[payload->]i.||45,417
2025-07-31T11:40:46.009 0100|01|00|06|f801fe|20000605a24e[payload->]..N||20,130
2025-07-31T12:11:11.644 0100|00|00|05|fa0001|20000669b1[payload->]i.||45,417
2025-07-31T12:11:11.745 0100|01|00|06|f801fe|20000605a24e[payload->]..N||20,130
2025-07-31T12:21:20.828 0100|00|00|05|fa0001|20000669b1[payload->]i.||45,417
2025-07-31T12:21:20.828 0100|01|00|06|f801fe|20000605a24e[payload->]..N||20,130
2025-07-31T12:31:31.628 0100|01|00|06|f801fe|20000605a24e[payload->]..N||20,130
2025-07-31T12:41:40.786 0100|01|00|06|f801fe|20000605a24e[payload->]..N||20,130
2025-07-31T12:51:50.107 0100|00|00|05|fa0001|20000669b1[payload->]i.||45,417
2025-07-31T12:51:50.208 0100|01|00|06|f801fe|20000605a24e[payload->]..N||20,130
2025-07-31T13:12:06.520 0100|01|00|06|f801fe|20000605a24e[payload->]..N||20,130
2025-07-31T13:22:14.044 0100|00|00|05|fa0001|20000669b1[payload->]i.||45,417
2025-07-31T13:22:14.145 0100|01|00|06|f801fe|20000605a24e[payload->]..N||20,130
2025-07-31T13:42:31.558 0100|00|00|05|fa0001|20000669b1[payload->]i.||45,417
2025-07-31T13:42:31.559 0100|01|00|06|f801fe|20000605a24e[payload->]..N||20,130
2025-07-31T14:12:58.441 0100|00|00|05|fa0001|20000669b1[payload->]i.||45,417
2025-07-31T14:12:58.441 0100|01|00|06|f801fe|20000605a24e[payload->]..N||20,130
2025-07-31T14:23:07.410 0100|00|00|05|fa0001|20000669b1[payload->]i.||45,417
2025-07-31T14:23:07.511 0100|01|00|06|f801fe|20000605a24e[payload->]..N||20,130
2025-07-31T14:33:14.878 0100|00|00|05|fa0001|20000669b1[payload->]i.||45,417
2025-07-31T14:33:14.879 0100|01|00|06|f801fe|20000605a24e[payload->]..N||20,130
2025-07-31T14:43:23.672 0100|00|00|05|fa0001|20000669b1[payload->]i.||45,417
2025-07-31T14:43:23.673 0100|01|00|06|f801fe|20000605a24e[payload->]..N||20,130
2025-07-31T14:53:32.522 0100|00|00|05|fa0001|20000669b1[payload->]i.||45,417
2025-07-31T14:53:32.523 0100|01|00|06|f801fe|20000605a24e[payload->]..N||20,130
2025-07-31T15:03:41.498 0100|00|00|05|fa0001|20000669b1[payload->]i.||45,417
2025-07-31T15:03:41.498 0100|01|00|06|f801fe|20000605a24e[payload->]..N||20,130
2025-07-31T15:13:49.063 0100|00|00|05|fa0001|20000669b1[payload->]i.||45,417
2025-07-31T15:13:49.064 0100|01|00|06|f801fe|20000605a24e[payload->]..N||20,130
2025-07-31T15:34:07.043 0100|00|00|05|fa0001|20000669b1[payload->]i.||45,417
2025-07-31T15:34:07.145 0100|01|00|06|f801fe|20000605a24e[payload->]..N||20,130
2025-07-31T15:44:15.780 0100|00|00|05|fa0001|20000669b1[payload->]i.||45,417
2025-07-31T15:44:15.780 0100|01|00|06|f801fe|20000605a24e[payload->]..N||20,130
2025-07-31T15:54:24.524 0100|00|00|05|fa0001|20000669b1[payload->]i.||45,417
2025-07-31T16:04:33.854 0100|00|00|05|fa0001|20000669b1[payload->]i.||45,417
2025-07-31T16:14:42.602 0100|00|00|05|fa0001|20000669b1[payload->]i.||45,417
2025-07-31T16:14:42.703 0100|01|00|06|f801fe|20000605a24e[payload->]..N||20,130
2025-07-31T16:24:51.388 0100|00|00|05|fa0001|20000669b1[payload->]i.||45,417
2025-07-31T16:24:51.388 0100|01|00|06|f801fe|20000605a24e[payload->]..N||20,130
2025-07-31T16:45:08.687 0100|00|00|05|fa0001|20000669b1[payload->]i.||45,417
2025-07-31T17:05:27.722 0100|00|00|05|fa0001|20000669b1[payload->]i.||45,417
2025-07-31T17:05:27.823 0100|01|00|06|f801fe|20000605a24e[payload->]..N||20,130
2025-07-31T17:25:44.320 0100|00|00|05|fa0001|20000669b1[payload->]i.||45,417
2025-07-31T17:25:44.320 0100|01|00|06|f801fe|20000605a24e[payload->]..N||20,130
2025-07-31T17:46:02.594 0100|00|00|05|fa0001|20000669b1[payload->]i.||45,417
2025-07-31T17:46:02.695 0100|01|00|06|f801fe|20000605a24e[payload->]..N||20,130
2025-07-31T17:56:11.527 0100|00|00|05|fa0001|20000669b1[payload->]i.||45,417
2025-07-31T17:56:11.627 0100|01|00|06|f801fe|20000605a24e[payload->]..N||20,130
2025-07-31T18:06:20.482 0100|00|00|05|fa0001|20000669b1[payload->]i.||45,417
2025-07-31T18:06:20.583 0100|01|00|06|f801fe|20000605a24e[payload->]..N||20,130
2025-07-31T18:16:29.824 0100|00|00|05|fa0001|20000669b1[payload->]i.||45,417
2025-07-31T18:16:29.925 0100|01|00|06|f801fe|20000605a24e[payload->]..N||20,130
2025-07-31T18:36:47.754 0100|00|00|05|fa0001|20000669b1[payload->]i.||45,417
2025-07-31T18:36:47.855 0100|01|00|06|f801fe|20000605a24e[payload->]..N||20,130
2025-07-31T18:57:05.890 0100|00|00|05|fa0001|20000669b1[payload->]i.||45,417
2025-07-31T18:57:06.092 0100|01|00|06|f801fe|20000605a24e[payload->]..N||20,130
2025-07-31T19:17:23.574 0100|00|00|05|fa0001|20000669b1[payload->]i.||45,417
2025-07-31T19:17:23.574 0100|01|00|06|f801fe|20000605a24e[payload->]..N||20,130
2025-07-31T19:37:42.100 0100|00|00|05|fa0001|20000669b1[payload->]i.||45,417
2025-07-31T19:37:42.101 0100|01|00|06|f801fe|20000605a24e[payload->]..N||20,130
2025-07-31T19:57:59.701 0100|00|00|05|fa0001|20000669b1[payload->]i.||45,417
2025-07-31T19:57:59.702 0100|01|00|06|f801fe|20000605a24e[payload->]..N||20,130
2025-07-31T20:28:25.603 0100|00|00|05|fa0001|20000669b1[payload->]i.||45,417
2025-07-31T20:28:25.604 0100|01|00|06|f801fe|20000605a24e[payload->]..N||20,130
2025-07-31T20:38:34.265 0100|00|00|05|fa0001|20000669b1[payload->]i.||45,417
2025-07-31T20:38:34.366 0100|01|00|06|f801fe|20000605a24e[payload->]..N||20,130
2025-07-31T20:48:43.537 0100|00|00|05|fa0001|20000669b1[payload->]i.||45,417
2025-07-31T20:48:43.638 0100|01|00|06|f801fe|20000605a24e[payload->]..N||20,130
2025-07-31T20:58:52.614 0100|00|00|05|fa0001|20000669b1[payload->]i.||45,417
2025-07-31T20:58:52.614 0100|01|00|06|f801fe|20000605a24e[payload->]..N||20,130
2025-07-31T21:09:02.003 0100|00|00|05|fa0001|20000669b1[payload->]i.||45,417
2025-07-31T21:09:02.003 0100|01|00|06|f801fe|20000605a24e[payload->]..N||20,130
2025-07-31T21:19:10.772 0100|00|00|05|fa0001|20000669b1[payload->]i.||45,417
2025-07-31T21:19:10.873 0100|01|00|06|f801fe|20000605a24e[payload->]..N||20,130
2025-07-31T21:29:19.454 0100|00|00|05|fa0001|20000669b1[payload->]i.||45,417
2025-07-31T21:29:19.555 0100|01|00|06|f801fe|20000605a24e[payload->]..N||20,130
2025-07-31T21:59:44.813 0100|00|00|05|fa0001|20000669b1[payload->]i.||45,417
2025-07-31T21:59:44.914 0100|01|00|06|f801fe|20000605a24e[payload->]..N||20,130
2025-07-31T22:20:02.679 0100|00|00|05|fa0001|20000669b1[payload->]i.||45,417
2025-07-31T22:20:02.680 0100|01|00|06|f801fe|20000605a24e[payload->]..N||20,130
2025-07-31T23:00:39.586 0100|00|00|05|fa0001|20000669b1[payload->]i.||45,417
2025-07-31T23:00:39.586 0100|01|00|06|f801fe|20000605a24e[payload->]..N||20,130
2025-07-31T23:20:57.485 0100|00|00|05|fa0001|20000669b1[payload->]i.||45,417
2025-07-31T23:20:57.586 0100|01|00|06|f801fe|20000605a24e[payload->]..N||20,130
2025-07-31T23:31:06.013 0100|00|00|05|fa0001|20000669b1[payload->]i.||45,417
2025-07-31T23:31:06.114 0100|01|00|06|f801fe|20000605a24e[payload->]..N||20,130
2025-07-31T23:51:24.433 0100|00|00|05|fa0001|20000669b1[payload->]i.||45,417
2025-07-31T23:51:24.433 0100|01|00|06|f801fe|20000605a24e[payload->]..N||20,130
2025-08-01T00:01:33.687 0100|00|00|05|fa0001|20000669b1[payload->]i.||45,417
2025-08-01T00:01:33.787 0100|01|00|06|f801fe|20000605a24e[payload->]..N||20,130
2025-08-01T00:11:42.710 0100|01|00|06|f801fe|20000605a24e[payload->]..N||20,130
2025-08-01T00:21:51.583 0100|00|00|05|fa0001|20000669b1[payload->]i.||45,417
2025-08-01T00:21:51.583 0100|01|00|06|f801fe|20000605a24e[payload->]..N||20,130
2025-08-01T00:42:09.246 0100|00|00|05|fa0001|20000669b1[payload->]i.||45,417
2025-08-01T00:42:09.246 0100|01|00|06|f801fe|20000605a24e[payload->]..N||20,130
2025-08-01T01:02:27.694 0100|00|00|05|fa0001|20000669b1[payload->]i.||45,417
2025-08-01T01:02:27.795 0100|01|00|06|f801fe|20000605a24e[payload->]..N||20,130
2025-08-01T01:32:53.575 0100|00|00|05|fa0001|20000669b1[payload->]i.||45,417
2025-08-01T01:32:53.576 0100|01|00|06|f801fe|20000605a24e[payload->]..N||20,130
2025-08-01T01:43:02.953 0100|00|00|05|fa0001|20000669b1[payload->]i.||45,417
2025-08-01T01:43:03.055 0100|01|00|06|f801fe|20000605a24e[payload->]..N||20,130
2025-08-01T02:03:21.192 0100|00|00|05|fa0001|20000669b1[payload->]i.||45,417
2025-08-01T02:23:38.066 0100|00|00|05|fa0001|20000669b1[payload->]i.||45,417
2025-08-01T02:23:38.167 0100|01|00|06|f801fe|20000605a24e[payload->]..N||20,130
2025-08-01T02:33:46.578 0100|00|00|05|fa0001|20000669b1[payload->]i.||45,417
2025-08-01T02:33:46.579 0100|01|00|06|f801fe|20000605a24e[payload->]..N||20,130
2025-08-01T02:43:56.415 0100|00|00|05|fa0001|20000669b1[payload->]i.||45,417
2025-08-01T02:43:56.516 0100|01|00|06|f801fe|20000605a24e[payload->]..N||20,130
2025-08-01T02:54:03.948 0100|00|00|05|fa0001|20000669b1[payload->]i.||45,417
2025-08-01T02:54:03.948 0100|01|00|06|f801fe|20000605a24e[payload->]..N||20,130
2025-08-01T03:24:29.940 0100|00|00|05|fa0001|20000669b1[payload->]i.||45,417
2025-08-01T03:24:30.042 0100|01|00|06|f801fe|20000605a24e[payload->]..N||20,130
2025-08-01T03:34:38.540 0100|00|00|05|fa0001|20000669b1[payload->]i.||45,417
2025-08-01T03:34:38.641 0100|01|00|06|f801fe|20000605a24e[payload->]..N||20,130
2025-08-01T03:54:55.752 0100|00|00|05|fa0001|20000669b1[payload->]i.||45,417
2025-08-01T03:54:55.753 0100|01|00|06|f801fe|20000605a24e[payload->]..N||20,130
2025-08-01T04:05:04.264 0100|00|00|05|fa0001|20000669b1[payload->]i.||45,417
2025-08-01T04:05:04.264 0100|01|00|06|f801fe|20000605a24e[payload->]..N||20,130
2025-08-01T04:25:22.580 0100|01|00|06|f801fe|20000605a24e[payload->]..N||20,130
2025-08-01T04:35:32.040 0100|00|00|05|fa0001|20000669b1[payload->]i.||45,417
2025-08-01T04:35:32.141 0100|01|00|06|f801fe|20000605a24e[payload->]..N||20,130
2025-08-01T04:55:50.674 0100|00|00|05|fa0001|20000669b1[payload->]i.||45,417
2025-08-01T04:55:50.674 0100|01|00|06|f801fe|20000605a24e[payload->]..N||20,130
2025-08-01T05:05:59.099 0100|00|00|05|fa0001|20000669b1[payload->]i.||45,417
2025-08-01T05:05:59.201 0100|01|00|06|f801fe|20000605a24e[payload->]..N||20,130
2025-08-01T05:16:08.520 0100|00|00|05|fa0001|20000669b1[payload->]i.||45,417
2025-08-01T05:16:08.621 0100|01|00|06|f801fe|20000605a24e[payload->]..N||20,130
2025-08-01T05:26:16.132 0100|00|00|05|fa0001|20000669b1[payload->]i.||45,417
2025-08-01T05:26:16.133 0100|01|00|06|f801fe|20000605a24e[payload->]..N||20,130
2025-08-01T05:36:25.412 0100|00|00|05|fa0001|20000669b1[payload->]i.||45,417
2025-08-01T05:36:25.413 0100|01|00|06|f801fe|20000605a24e[payload->]..N||20,130
2025-08-01T05:56:43.104 0100|00|00|05|fa0001|20000669b1[payload->]i.||45,417
2025-08-01T05:56:43.205 0100|01|00|06|f801fe|20000605a24e[payload->]..N||20,130
2025-08-01T06:06:52.513 0100|00|00|05|fa0001|20000669b1[payload->]i.||45,417
2025-08-01T06:06:52.614 0100|01|00|06|f801fe|20000605a24e[payload->]..N||20,130
2025-08-01T06:17:01.666 0100|00|00|05|fa0001|20000669b1[payload->]i.||45,417
2025-08-01T06:17:01.767 0100|01|00|06|f801fe|20000605a24e[payload->]..N||20,130
2025-08-01T06:27:10.404 0100|00|00|05|fa0001|20000669b1[payload->]i.||45,417
2025-08-01T06:37:18.089 0100|00|00|05|fa0001|20000669b1[payload->]i.||45,417
2025-08-01T06:37:18.090 0100|01|00|06|f801fe|20000605a24e[payload->]..N||20,130
2025-08-01T06:57:35.405 0100|01|00|06|f801fe|20000605a24e[payload->]..N||20,130
2025-08-01T07:07:43.626 0100|00|00|05|fa0001|20000669b1[payload->]i.||45,417
2025-08-01T07:07:43.727 0100|01|00|06|f801fe|20000605a24e[payload->]..N||20,130
2025-08-01T07:17:52.548 0100|00|00|05|fa0001|20000669b1[payload->]i.||45,417
2025-08-01T07:17:52.649 0100|01|00|06|f801fe|20000605a24e[payload->]..N||20,130
2025-08-01T07:58:27.427 0100|00|00|05|fa0001|20000669b1[payload->]i.||45,417
2025-08-01T07:58:27.528 0100|01|02|06|f801fe|20000605a24e[payload->]..N||20,130
2025-08-01T08:18:45.861 0100|00|00|05|fa0001|20000669b1[payload->]i.||45,417
2025-08-01T08:18:45.962 0100|01|00|06|f801fe|20000605a24e[payload->]..N||20,130
2025-08-01T09:09:29.691 0100|00|00|05|fa0001|20000669b1[payload->]i.||45,417
2025-08-01T09:09:29.792 0100|01|00|06|f801fe|20000605a24e[payload->]..N||20,130
2025-08-01T09:19:38.641 0100|00|00|05|fa0001|20000669b1[payload->]i.||45,417
2025-08-01T09:19:38.642 0100|01|00|06|f801fe|20000605a24e[payload->]..N||20,130
2025-08-01T09:29:47.498 0100|00|00|05|fa0001|20000669b1[payload->]i.||45,417
2025-08-01T09:29:47.600 0100|01|00|06|f801fe|20000605a24e[payload->]..N||20,130
2025-08-01T09:50:05.219 0100|00|00|05|fa0001|20000669b1[payload->]i.||45,417
2025-08-01T10:00:13.434 0100|00|00|05|fa0001|20000669b1[payload->]i.||45,417
2025-08-01T10:00:13.434 0100|01|00|06|f801fe|20000605a24e[payload->]..N||20,130
2025-08-01T10:10:22.769 0100|00|00|05|fa0001|20000669b1[payload->]i.||45,417
2025-08-01T10:10:22.770 0100|01|00|06|f801fe|20000605a24e[payload->]..N||20,130
2025-08-01T10:30:40.825 0100|00|00|05|fa0001|20000669b1[payload->]i.||45,417
2025-08-01T10:30:40.926 0100|01|00|06|f801fe|20000605a24e[payload->]..N||20,130
2025-08-01T10:40:49.556 0100|00|00|05|fa0001|20000669b1[payload->]i.||45,417
2025-08-01T10:50:59.181 0100|00|00|05|fa0001|20000669b1[payload->]i.||45,417
2025-08-01T10:50:59.282 0100|01|00|06|f801fe|20000605a24e[payload->]..N||20,130
2025-08-01T11:21:26.089 0100|01|00|06|f801fe|20000605a24e[payload->]..N||20,130
2025-08-01T11:41:44.762 0100|00|00|05|fa0001|20000669b1[payload->]i.||45,417
2025-08-01T11:41:44.863 0100|01|00|06|f801fe|20000605a24e[payload->]..N||20,130
2025-08-01T12:12:11.353 0100|00|00|05|fa0001|20000669b1[payload->]i.||45,417
2025-08-01T12:12:11.353 0100|01|00|06|f801fe|20000605a24e[payload->]..N||20,130
2025-08-01T12:32:29.246 0100|00|00|05|fa0001|20000669b1[payload->]i.||45,417
2025-08-01T12:32:29.246 0100|01|00|06|f801fe|20000605a24e[payload->]..N||20,130
2025-08-01T12:52:46.661 0100|00|00|05|fa0001|20000669b1[payload->]i.||45,417
2025-08-01T12:52:46.661 0100|01|00|06|f801fe|20000605a24e[payload->]..N||20,130
2025-08-01T13:13:03.798 0100|00|00|05|fa0001|20000669b1[payload->]i.||45,417
2025-08-01T13:13:03.899 0100|01|00|06|f801fe|20000605a24e[payload->]..N||20,130
2025-08-01T13:23:12.837 0100|00|00|05|fa0001|20000669b1[payload->]i.||45,417
2025-08-01T13:23:12.938 0100|01|00|06|f801fe|20000605a24e[payload->]..N||20,130
2025-08-01T13:33:21.825 0100|00|00|05|fa0001|20000669b1[payload->]i.||45,417
2025-08-01T13:33:21.926 0100|01|00|06|f801fe|20000605a24e[payload->]..N||20,130
2025-08-01T14:13:56.471 0100|00|00|05|fa0001|20000669b1[payload->]i.||45,417
2025-08-01T14:34:13.538 0100|00|00|05|fa0001|20000669b1[payload->]i.||45,417
2025-08-01T14:34:13.740 0100|01|00|06|f801fe|20000605a24e[payload->]..N||20,130
2025-08-01T14:54:31.943 0100|00|00|05|fa0001|20000669b1[payload->]i.||45,417
2025-08-01T14:54:31.943 0100|01|00|06|f801fe|20000605a24e[payload->]..N||20,130
2025-08-01T15:14:49.487 0100|00|00|05|fa0001|20000669b1[payload->]i.||45,417
2025-08-01T15:14:49.588 0100|01|00|06|f801fe|20000605a24e[payload->]..N||20,130
2025-08-01T15:45:15.339 0100|00|00|05|fa0001|20000669b1[payload->]i.||45,417
2025-08-01T15:55:24.000 0100|00|00|05|fa0001|20000669b1[payload->]i.||45,417
2025-08-01T15:55:24.000 0100|01|00|06|f801fe|20000605a24e[payload->]..N||20,130
2025-08-01T16:05:32.880 0100|00|00|05|fa0001|20000669b1[payload->]i.||45,417
2025-08-01T16:05:32.880 0100|01|00|06|f801fe|20000605a24e[payload->]..N||20,130
2025-08-01T16:15:41.419 0100|00|00|05|fa0001|20000669b1[payload->]i.||45,417
2025-08-01T16:15:41.520 0100|01|00|06|f801fe|20000605a24e[payload->]..N||20,130
2025-08-01T16:35:59.166 0100|00|00|05|fa0001|20000669b1[payload->]i.||45,417
2025-08-01T16:35:59.166 0100|01|00|06|f801fe|20000605a24e[payload->]..N||20,130
2025-08-01T16:46:07.966 0100|00|00|05|fa0001|20000669b1[payload->]i.||45,417
2025-08-01T16:46:07.966 0100|01|00|06|f801fe|20000605a24e[payload->]..N||20,130
2025-08-01T17:16:33.919 0100|00|00|05|fa0001|20000669b1[payload->]i.||45,417
2025-08-01T17:16:34.020 0100|01|00|06|f801fe|20000605a24e[payload->]..N||20,130
2025-08-01T17:16:34.122 0100|01|00|09|f501fe|200006a534f90e0325[payload->].4...%||9,475
2025-08-01T17:26:42.872 0100|00|00|05|fa0001|20000669b1[payload->]i.||45,417
2025-08-01T17:26:42.973 0100|01|00|06|f801fe|20000605a24e[payload->]..N||20,130
2025-08-01T18:07:18.401 0100|00|00|05|fa0001|20000669b1[payload->]i.||45,417
2025-08-01T18:07:18.502 0100|01|00|06|f801fe|20000605a24e[payload->]..N||20,130
2025-08-01T18:17:26.219 0100|00|00|05|fa0001|20000669b1[payload->]i.||45,417
2025-08-01T18:17:26.320 0100|01|00|06|f801fe|20000605a24e[payload->]..N||20,130
2025-08-01T18:37:43.396 0100|00|00|05|fa0001|20000669b1[payload->]i.||45,417
2025-08-01T18:37:43.497 0100|01|00|06|f801fe|20000605a24e[payload->]..N||20,130
2025-08-01T18:47:51.635 0100|00|00|05|fa0001|20000669b1[payload->]i.||45,417
2025-08-01T18:47:51.635 0100|01|00|06|f801fe|20000605a24e[payload->]..N||20,130
2025-08-01T19:08:08.895 0100|00|00|05|fa0001|20000669b1[payload->]i.||45,417
2025-08-01T19:08:08.996 0100|01|00|06|f801fe|20000605a04e[payload->]..N||20,128
2025-08-01T19:18:17.827 0100|00|00|05|fa0001|20000669b1[payload->]i.||45,417
2025-08-01T19:18:17.928 0100|01|00|06|f801fe|20000605a24e[payload->]..N||20,130
2025-08-01T19:28:26.555 0100|00|00|05|fa0001|20000669b1[payload->]i.||45,417
2025-08-01T19:28:26.656 0100|01|00|06|f801fe|20000605a24e[payload->]..N||20,130
2025-08-01T19:48:43.513 0100|00|00|05|fa0001|20000669b1[payload->]i.||45,417
2025-08-01T19:48:43.614 0100|01|00|06|f801fe|20000605a24e[payload->]..N||20,130
2025-08-01T20:09:00.270 0100|01|00|06|f801fe|20000605a24e[payload->]..N||20,130
2025-08-01T20:19:08.896 0100|00|00|05|fa0001|20000669b1[payload->]i.||45,417
2025-08-01T20:19:08.997 0100|01|00|06|f801fe|20000605a24e[payload->]..N||20,130
2025-08-01T20:59:43.747 0100|00|00|05|fa0001|20000669b1[payload->]i.||45,417
2025-08-01T20:59:43.747 0100|01|00|06|f801be|20000605a24e[payload->]..N||20,130
2025-08-01T21:20:01.785 0100|00|00|05|fa0001|20000669b1[payload->]i.||45,417
2025-08-01T21:20:01.785 0100|01|00|06|f801fe|20000605a24e[payload->]..N||20,130
2025-08-01T21:40:19.649 0100|00|00|05|fa0001|20000669b1[payload->]i.||45,417
2025-08-01T21:40:19.751 0100|01|00|06|f801fe|20000605a24e[payload->]..N||20,130
2025-08-01T22:00:37.694 0100|00|00|05|fa0001|20000669b1[payload->]i.||45,417
2025-08-01T22:00:37.796 0100|01|00|06|f801fe|20000605a24e[payload->]..N||20,130
2025-08-01T22:10:46.794 0100|00|00|05|fa0001|20000669b1[payload->]i.||45,417
2025-08-01T22:10:46.794 0100|01|00|06|f801fe|20000605a24e[payload->]..N||20,130
2025-08-01T22:20:55.536 0100|00|00|05|fa0001|20000669b1[payload->]i.||45,417
2025-08-01T22:20:55.637 0100|01|00|06|f801fe|20000605a24e[payload->]..N||20,130
2025-08-01T22:31:04.565 0100|00|00|05|fa0001|20000669b1[payload->]i.||45,417
2025-08-01T22:31:04.565 0100|01|00|06|f801fe|20000605a24e[payload->]..N||20,130
2025-08-01T22:41:13.485 0100|00|00|05|fa0001|20000669b1[payload->]i.||45,417
2025-08-01T22:41:13.486 0100|01|00|06|f801fe|20000605a24e[payload->]..N||20,130
2025-08-01T22:51:22.341 0100|00|00|05|fa0001|20000669b1[payload->]i.||45,417
2025-08-01T22:51:22.442 0100|01|00|06|f801fe|20000605a24e[payload->]..N||20,130
2025-08-01T23:01:31.207 0100|00|00|05|fa0001|20000669b1[payload->]i.||45,417
2025-08-01T23:01:31.208 0100|01|00|06|f801fe|20000605a24e[payload->]..N||20,130
2025-08-01T23:11:39.874 0100|00|00|05|fa0001|20000669b1[payload->]i.||45,417
2025-08-01T23:11:39.975 0100|01|00|06|f801fe|20000605a24e[payload->]..N||20,130
2025-08-01T23:21:49.073 0100|00|00|05|fa0001|20000669b1[payload->]i.||45,417
2025-08-01T23:21:49.073 0100|01|00|06|f801fe|20000605a24e[payload->]..N||20,130
2025-08-01T23:31:57.202 0100|00|00|05|fa0001|20000669b1[payload->]i.||45,417
2025-08-01T23:31:57.304 0100|01|00|06|f801fe|20000605a24e[payload->]..N||20,130
2025-08-01T23:42:05.772 0100|00|00|05|fa0001|20000669b1[payload->]i.||45,417
2025-08-02T00:02:22.100 0100|00|00|05|fa0001|20000669b1[payload->]i.||45,417
2025-08-02T00:02:22.201 0100|01|00|06|f801fe|20000605a24e[payload->]..N||20,130
2025-08-02T00:22:40.435 0100|01|00|06|f801fe|20000605a24e[payload->]..N||20,130
2025-08-02T00:32:49.033 0100|00|00|05|fa0001|20000669b1[payload->]i.||45,417
2025-08-02T00:32:49.034 0100|01|00|06|f801fe|20000605a24e[payload->]..N||20,130
2025-08-02T01:03:14.325 0100|00|00|05|fa0001|20000669b1[payload->]i.||45,417
2025-08-02T01:03:14.426 0100|09|00|06|f809fe|20000605a24e[payload->]..N||20,130
2025-08-02T01:13:23.320 0100|00|00|05|fa0001|20000669b1[payload->]i.||45,417
2025-08-02T01:13:23.421 0100|01|00|06|f801fe|20000605a24e[payload->]..N||20,130
2025-08-02T01:33:41.594 0100|00|00|05|fa0001|20000669b1[payload->]i.||45,417
2025-08-02T01:33:41.695 0100|01|00|06|f801fe|20000605a24e[payload->]..N||20,130
2025-08-02T01:43:50.469 0100|00|00|05|fa0001|20000669b1[payload->]i.||45,417
2025-08-02T01:43:50.469 0100|01|00|06|f801fe|20000605a24e[payload->]..N||20,130
2025-08-02T01:53:59.393 0100|00|00|05|fa0001|20000669b1[payload->]i.||45,417
2025-08-02T01:53:59.394 0100|01|00|06|f801fe|20000605a24e[payload->]..N||20,130
2025-08-02T02:04:08.624 0100|00|00|05|fa0001|20000669b1[payload->]i.||45,417
2025-08-02T02:04:08.625 0100|01|00|06|f801fe|20000605a24e[payload->]..N||20,130
2025-08-02T02:14:18.193 0100|01|00|06|f801fe|20000605a24e[payload->]..N||20,130
2025-08-02T02:24:26.527 0100|00|00|05|fa0001|20000669b1[payload->]i.||45,417
2025-08-02T02:24:26.628 0100|01|00|06|f801fe|20000605a24e[payload->]..N||20,130
2025-08-02T02:34:35.612 0100|00|00|05|fa0001|20000669b1[payload->]i.||45,417
2025-08-02T02:34:35.713 0100|01|00|06|f801fe|20000605a24e[payload->]..N||20,130
2025-08-02T02:54:53.045 0100|00|00|05|fa0001|20000669b1[payload->]i.||45,417
2025-08-02T02:54:53.046 0100|01|00|06|f801fe|20000605a24e[payload->]..N||20,130
2025-08-02T03:15:11.241 0100|00|00|05|fa0001|20000669b1[payload->]i.||45,417
2025-08-02T03:15:11.343 0100|01|00|06|f801fe|20000605a24e[payload->]..N||20,130
2025-08-02T03:45:36.249 0100|00|00|05|fa0001|20000669b1[payload->]i.||45,417
2025-08-02T03:45:36.249 0100|01|00|06|fa0bfe|20000605a24e[payload->]..N||20,130
2025-08-02T03:55:44.688 0100|09|00|46|fa01fe|20000605a24e0100000005fa000154010121b10100010006f801fe54010100a1c60100000005fa0001200007a9700100010009f501fe200007a534f90e03250100000005fa00[payload->]..N........T..!.........T............. ...p........ ...4...%.......||0,250
2025-08-02T04:05:52.362 0100|00|00|05|fa0001|20000669b1[payload->]i.||45,417
2025-08-02T04:05:52.463 0100|0d|08|0e|f809fe|20000605a24e0100000005fa0001[payload->]..N........||0,256
2025-08-02T04:36:19.158 0100|00|00|05|fa0001|20000669b1[payload->]i.||45,417
2025-08-02T04:56:36.489 0100|00|00|05|fa0001|20000669b1[payload->]i.||45,417
2025-08-02T04:56:36.590 0100|01|00|06|f801fe|20000605a24e[payload->]..N||20,130
2025-08-02T05:06:45.279 0100|00|00|05|fa0001|20000669b1[payload->]i.||45,417
2025-08-02T05:06:45.279 0100|01|00|06|f801fe|20000605a24e[payload->]..N||20,130
2025-08-02T05:16:54.495 0100|00|00|05|fa0001|20000669b1[payload->]i.||45,417
2025-08-02T05:16:54.495 0100|01|00|06|f801fe|20000605a24e[payload->]..N||20,130
2025-08-02T05:27:02.482 0100|01|00|06|f801fe|20000605a24e[payload->]..N||20,130
2025-08-02T05:37:11.243 0100|00|00|05|fa0001|20000669b1[payload->]i.||45,417
2025-08-02T05:37:11.344 0100|01|00|06|f801fe|20000605a24e[payload->]..N||20,130
2025-08-02T05:57:29.001 0100|00|00|05|fa0001|20000669b1[payload->]i.||45,417
2025-08-02T05:57:29.001 0100|01|00|06|f801fe|20000605a24e[payload->]..N||20,130
2025-08-02T06:07:37.814 0100|00|00|05|fa0001|20000669b1[payload->]i.||45,417
2025-08-02T06:27:55.480 0100|00|00|05|fa0001|20000669b1[payload->]i.||45,417
2025-08-02T06:27:55.480 0100|01|00|06|f801fe|20000605a24e[payload->]..N||20,130
2025-08-02T06:58:22.279 0100|00|00|05|fa0001|20000669b1[payload->]i.||45,417
2025-08-02T06:58:22.279 0100|01|00|06|f801fe|20000605a24e[payload->]..N||20,130
2025-08-02T07:08:31.348 0100|00|00|05|fa0001|20000669b1[payload->]i.||45,417
2025-08-02T07:08:31.450 0100|01|00|06|f801fe|20000605a24e[payload->]..N||20,130
2025-08-02T07:18:40.399 0100|00|00|05|fa0001|20000669b1[payload->]i.||45,417
2025-08-02T07:18:40.500 0100|01|00|06|f801fe|20000605a24e[payload->]..N||20,130
2025-08-02T07:28:49.298 0100|00|00|05|fa0001|20000669b1[payload->]i.||45,417
2025-08-02T07:28:49.399 0100|01|00|06|f801fe|20000605a24e[payload->]..N||20,130
2025-08-02T07:38:57.496 0100|00|00|05|fa0001|20000669b1[payload->]i.||45,417
2025-08-02T07:38:57.597 0100|01|00|06|f801fe|20000605a24e[payload->]..N||20,130
2025-08-02T07:49:06.396 0100|00|00|05|fa0001|20000669b1[payload->]i.||45,417
2025-08-02T07:49:06.396 0100|41|02|06|f801fe|20000605a24e[payload->]..N||20,130
2025-08-02T08:29:42.534 0100|00|00|05|fa0001|20000669b1[payload->]i.||45,417
2025-08-02T08:29:42.534 0100|01|00|06|f801fe|20000605a24e[payload->]..N||20,130
2025-08-02T08:49:59.429 0100|00|00|05|fa0001|20000669b1[payload->]i.||45,417
2025-08-02T08:49:59.530 0100|01|00|06|f801fe|20000605a24e[payload->]..N||20,130
2025-08-02T09:00:07.754 0100|00|00|05|fa0001|20000669b1[payload->]i.||45,417
2025-08-02T09:00:07.854 0100|01|00|06|f801fe|20000605a24e[payload->]..N||20,130
2025-08-02T09:10:16.617 0100|00|00|05|fa0001|20000669b1[payload->]i.||45,417
2025-08-02T09:10:16.717 0100|01|00|06|f801fe|20000605a24e[payload->]..N||20,130
2025-08-02T09:20:25.320 0100|00|00|05|fa0001|20000669b1[payload->]i.||45,417
2025-08-02T09:20:25.320 0100|01|00|06|f801fe|20000605a24e[payload->]..N||20,130
2025-08-02T10:00:59.810 0100|00|00|05|fa0001|20000669b1[payload->]i.||45,417
2025-08-02T10:00:59.911 0100|01|00|06|f801fe|20000605a24e[payload->]..N||20,130
2025-08-02T10:11:08.362 0100|00|00|05|fa0001|20000669b1[payload->]i.||45,417
2025-08-02T10:11:08.463 0100|01|00|06|f801fe|20000605a24e[payload->]..N||20,130
2025-08-02T11:01:53.546 0100|00|00|05|fa0001|20000669b1[payload->]i.||45,417
2025-08-02T11:01:53.546 0100|01|00|06|f801fe|20000605a24e[payload->]..N||20,130
2025-08-02T11:12:02.072 0100|00|00|05|fa0001|20000669b1[payload->]i.||45,417
2025-08-02T11:12:02.173 0100|01|00|06|f801fe|20000605a24e[payload->]..N||20,130
2025-08-02T11:22:10.724 0100|00|00|05|fa0001|20000669b1[payload->]i.||45,417
2025-08-02T11:22:10.724 0100|01|00|06|f801fe|20000605a24e[payload->]..N||20,130
2025-08-02T11:32:19.134 0100|00|00|05|fa0001|20000669b1[payload->]i.||45,417
2025-08-02T11:32:19.235 0100|01|00|06|f801fe|20000605a24e[payload->]..N||20,130
2025-08-02T11:42:28.490 0100|00|00|05|fa0001|20000669b1[payload->]i.||45,417
2025-08-02T11:42:28.491 0100|01|00|06|f801fe|20000605a24e[payload->]..N||20,130
2025-08-02T11:52:37.834 0100|00|00|05|fa0001|20000669b1[payload->]i.||45,417
2025-08-02T11:52:37.835 0100|01|00|06|f801fe|20000605a24e[payload->]..N||20,130
2025-08-02T12:02:46.255 0100|00|00|05|fa0001|20000669b1[payload->]i.||45,417
2025-08-02T12:02:46.356 0100|01|00|06|f801fe|20000605a24e[payload->]..N||20,130
2025-08-02T12:12:55.009 0100|00|00|05|fa0001|20000669b1[payload->]i.||45,417
2025-08-02T12:12:55.110 0100|01|00|06|f801fe|20000605a24e[payload->]..N||20,130
2025-08-02T12:53:29.407 0100|00|00|05|fa0001|20000669b1[payload->]i.||45,417
2025-08-02T12:53:29.508 0100|01|00|06|f801fe|20000605a24e[payload->]..N||20,130
2025-08-02T13:34:03.954 0100|00|00|05|fa0001|20000669b1[payload->]i.||45,417
2025-08-02T13:34:04.055 0100|01|00|06|f801fe|20000605a24e[payload->]..N||20,130
2025-08-02T13:44:12.457 0100|00|00|05|fa0001|20000669b1[payload->]i.||45,417
2025-08-02T13:44:12.558 0100|01|00|06|f801fe|20000605a24e[payload->]..N||20,130
2025-08-02T13:54:21.604 0100|00|00|05|fa0001|20000669b1[payload->]i.||45,417
2025-08-02T14:14:39.433 0100|00|00|05|fa0001|20000669b1[payload->]i.||45,417
2025-08-02T14:14:39.433 0100|01|00|06|f801fe|20000605a24e[payload->]..N||20,130
2025-08-02T14:34:56.612 0100|00|00|05|fa0001|20000669b1[payload->]i.||45,417
2025-08-02T15:05:23.804 0100|00|00|05|fa0001|20000669b1[payload->]i.||45,417
2025-08-02T15:05:23.905 0100|01|00|06|f801fe|20000605a24e[payload->]..N||20,130
2025-08-02T15:25:41.839 0100|00|00|05|fa0001|20000669b1[payload->]i.||45,417
2025-08-02T15:25:41.940 0100|01|00|06|f801fe|20000605a24e[payload->]..N||20,130
2025-08-02T15:45:59.500 0100|00|00|05|fa0001|20000669b1[payload->]i.||45,417
2025-08-02T15:45:59.601 0100|01|00|06|f801fe|20000605a24e[payload->]..N||20,130
2025-08-02T16:16:24.937 0100|00|00|05|fa0001|20000669b1[payload->]i.||45,417
2025-08-02T16:16:24.937 0100|01|00|06|f801fe|20000605a24e[payload->]..N||20,130
2025-08-02T16:26:33.525 0100|00|00|05|fa0001|20000669b1[payload->]i.||45,417
2025-08-02T16:26:33.526 0100|01|00|06|f801fe|20000605a24e[payload->]..N||20,130
2025-08-02T16:46:51.284 0100|00|00|05|fa0001|20000669b1[payload->]i.||45,417
2025-08-02T16:46:51.385 0100|01|00|06|f801fe|20000605a24e[payload->]..N||20,130
2025-08-02T17:07:09.436 0100|00|00|05|fa0001|20000669b1[payload->]i.||45,417
2025-08-02T17:07:09.436 0100|01|00|06|f801fe|20000605a24e[payload->]..N||20,130
2025-08-02T17:17:18.170 0100|01|00|06|f801fe|20000605a24e[payload->]..N||20,130
2025-08-02T17:37:35.266 0100|00|00|05|fa0001|20000669b1[payload->]i.||45,417
2025-08-02T17:37:35.367 0100|01|00|06|f801fe|20000605a24e[payload->]..N||20,130
2025-08-02T17:47:44.357 0100|00|00|05|fa0001|20000669b1[payload->]i.||45,417
2025-08-02T17:47:44.458 0100|01|00|06|f801fe|20000605a24e[payload->]..N||20,130
2025-08-02T17:57:53.466 0100|00|00|05|fa0001|20000669b1[payload->]i.||45,417
2025-08-02T17:57:53.466 0100|01|00|06|f801fe|20000605a24e[payload->]..N||20,130
2025-08-02T18:18:11.478 0100|00|00|05|fa0001|20000669b1[payload->]i.||45,417
2025-08-02T18:18:11.579 0100|01|00|06|f801fe|20000605a24e[payload->]..N||20,130
2025-08-02T18:58:47.109 0100|00|00|05|fa0001|20000669b1[payload->]i.||45,417
2025-08-02T18:58:47.210 0100|01|00|06|f801fe|20000605a24e[payload->]..N||20,130
2025-08-02T19:19:04.805 0100|00|00|05|fa0001|20000669b1[payload->]i.||45,417
2025-08-02T19:19:04.906 0100|01|00|06|f801fe|20000605a24e[payload->]..N||20,130
2025-08-02T20:19:58.111 0100|00|00|05|fa0001|20000669b1[payload->]i.||45,417
2025-08-02T20:19:58.212 0100|01|00|06|f801fe|20000605a24e[payload->]..N||20,130
2025-08-02T20:30:07.804 0100|00|00|05|fa0001|20000669b1[payload->]i.||45,417
2025-08-02T20:50:24.655 0100|00|00|05|fa0001|20000669b1[payload->]i.||45,417
2025-08-02T20:50:24.756 0100|01|00|06|f801fe|20000605a24e[payload->]..N||20,130
2025-08-02T21:00:33.306 0100|00|00|05|fa0001|20000669b1[payload->]i.||45,417
2025-08-02T21:00:33.407 0100|01|00|06|f801fe|20000605a24e[payload->]..N||20,130
2025-08-02T21:10:41.852 0100|00|00|05|fa0001|20000669b1[payload->]i.||45,417
2025-08-02T21:10:41.953 0100|01|00|06|f801fe|20000605a24e[payload->]..N||20,130
2025-08-02T21:20:50.526 0100|00|00|05|fa0001|20000669b1[payload->]i.||45,417
2025-08-02T21:20:50.728 0100|01|00|06|f801fe|20000605a24e[payload->]..N||20,130
2025-08-02T21:51:16.886 0100|00|00|05|fa0001|20000669b1[payload->]i.||45,417
2025-08-02T21:51:16.886 0100|01|00|06|f801fe|20000605a24e[payload->]..N||20,130
2025-08-02T22:01:25.672 0100|00|00|05|fa0001|20000669b1[payload->]i.||45,417
2025-08-02T22:01:25.773 0100|01|00|06|f801fe|20000605a24e[payload->]..N||20,130
2025-08-02T22:11:35.101 0100|00|00|05|fa0001|20000669b1[payload->]i.||45,417
2025-08-02T22:11:35.102 0100|01|00|06|f801fe|20000605a24e[payload->]..N||20,130
2025-08-02T22:31:53.011 0100|00|00|05|fa0001|20000669b1[payload->]i.||45,417
2025-08-02T22:42:00.775 0100|00|00|05|fa0001|20000669b1[payload->]i.||45,417
2025-08-02T22:52:09.904 0100|00|00|05|fa0001|20000669b1[payload->]i.||45,417
2025-08-02T22:52:09.905 0100|01|00|06|f801fe|20000605a24e[payload->]..N||20,130
2025-08-02T23:22:35.564 0100|00|00|05|fa0001|20000669b1[payload->]i.||45,417
2025-08-02T23:22:35.666 0100|01|00|06|f801fe|20000605a24e[payload->]..N||20,130
2025-08-02T23:42:53.044 0100|00|00|05|fa0001|20000669b1[payload->]i.||45,417
2025-08-02T23:42:53.145 0100|01|00|06|f801fe|20000605a24e[payload->]..N||20,130
2025-08-02T23:53:02.080 0100|00|00|05|fa0001|20000669b1[payload->]i.||45,417
2025-08-02T23:53:02.080 0100|01|00|06|f801fe|20000605a24e[payload->]..N||20,130
2025-08-03T00:13:20.165 0100|00|00|05|fa0001|20000669b1[payload->]i.||45,417
2025-08-03T00:13:20.266 0100|01|00|06|f801fe|20000605a24e[payload->]..N||20,130
2025-08-03T00:23:28.788 0100|00|00|05|fa0001|20000669b1[payload->]i.||45,417
2025-08-03T00:53:55.156 0100|00|00|05|fa0001|20000669b1[payload->]i.||45,417
2025-08-03T00:53:55.257 0100|01|00|06|f801fe|20000605a24e[payload->]..N||20,130
2025-08-03T01:44:39.338 0100|00|00|05|fa0001|20000669b1[payload->]i.||45,417
2025-08-03T01:44:39.439 0100|01|00|06|f801fe|20000605a24e[payload->]..N||20,130
2025-08-03T02:25:12.963 0100|00|00|05|fa0001|20000669b1[payload->]i.||45,417
2025-08-03T02:25:12.964 0100|01|00|06|f801fe|20000605a24e[payload->]..N||20,130
2025-08-03T02:35:22.210 0100|00|00|05|fa0001|20000669b1[payload->]i.||45,417
2025-08-03T02:35:22.311 0100|01|00|06|f801fe|20000605a24e[payload->]..N||20,130
2025-08-03T02:55:39.608 0100|00|00|05|fa0001|20000669b1[payload->]i.||45,417
2025-08-03T02:55:39.608 0100|01|00|06|f801fe|20000605a24e[payload->]..N||20,130
2025-08-03T03:15:56.633 0100|00|00|05|fa0001|20000669b1[payload->]i.||45,417
2025-08-03T03:15:56.734 0100|01|00|06|f801fe|20000605a24e[payload->]..N||20,130
2025-08-03T03:26:05.600 0100|00|00|05|fa0001|20000669b1[payload->]i.||45,417
2025-08-03T03:26:05.701 0100|01|00|06|f801fe|20000605a24e[payload->]..N||20,130
2025-08-03T03:46:25.180 0100|00|00|05|fa0001|20000669b1[payload->]i.||45,417
2025-08-03T03:46:25.281 0100|01|00|06|f801fe|20000605a24e[payload->]..N||20,130
2025-08-03T04:06:43.033 0100|00|00|05|fa0001|20000669b1[payload->]i.||45,417
2025-08-03T04:06:43.033 0100|01|00|06|f801fe|20000605fa00[payload->]...||0,250
2025-08-03T04:37:09.659 0100|00|00|05|fa0001|20000669b1[payload->]i.||45,417
2025-08-03T05:38:03.302 0100|00|00|05|fa0001|20000669b1[payload->]i.||45,417
2025-08-03T05:38:03.403 0100|01|00|06|f801fe|20000605a24e[payload->]..N||20,130
2025-08-03T05:48:12.206 0100|00|00|05|fa0001|20000669b1[payload->]i.||45,417
2025-08-03T05:48:12.307 0100|01|00|06|f801fe|20000605a24e[payload->]..N||20,130
2025-08-03T05:58:20.379 0100|00|00|05|fa0001|20000669b1[payload->]i.||45,417
2025-08-03T05:58:20.480 0100|01|00|06|f801fe|20000605a24e[payload->]..N||20,130
2025-08-03T06:08:29.139 0100|00|00|05|fa0001|20000669b1[payload->]i.||45,417
2025-08-03T06:08:29.241 0100|01|00|06|f801fe|20000605a24e[payload->]..N||20,130
2025-08-03T07:19:31.888 0100|00|00|05|fa0001|20000669b1[payload->]i.||45,417
2025-08-03T07:19:31.989 0100|01|00|06|f801fe|20000605a24e[payload->]..N||20,130
2025-08-03T07:29:40.421 0100|00|00|05|fa0001|20000669b1[payload->]i.||45,417
2025-08-03T07:29:40.522 0100|01|00|06|f801fe|20000605a24e[payload->]..N||20,130
2025-08-03T07:39:49.132 0100|00|00|05|fa0001|20000669b1[payload->]i.||45,417
2025-08-03T07:39:49.233 0100|03|00|06|f801fe|20000605a24e[payload->]..N||20,130
2025-08-03T08:00:05.389 0100|01|00|06|f801fe|20000605a24e[payload->]..N||20,130
2025-08-03T08:10:14.191 0100|00|00|05|fa0001|20000669b1[payload->]i.||45,417
2025-08-03T08:10:14.191 0100|01|00|06|f801fe|20000605a24e[payload->]..N||20,130
2025-08-03T08:40:40.962 0100|00|00|05|fa0001|20000669b1[payload->]i.||45,417
2025-08-03T08:40:41.064 0100|01|00|06|f801fe|20000605a24e[payload->]..N||20,130
2025-08-03T08:50:49.348 0100|00|00|05|fa0001|20000669b1[payload->]i.||45,417
2025-08-03T08:50:49.449 0100|41|00|06|f801fe|20000605a24e[payload->]..N||20,130
2025-08-03T09:00:58.837 0100|00|00|05|fa0001|20000669b1[payload->]i.||45,417
2025-08-03T09:00:58.838 0100|01|00|06|f801fe|20000605a24e[payload->]..N||20,130
2025-08-03T09:31:24.340 0100|00|00|05|fa0001|20000669b1[payload->]i.||45,417
2025-08-03T09:31:24.441 0100|01|00|06|f801fe|20000605a24e[payload->]..N||20,130
2025-08-03T09:51:41.875 0100|00|00|05|fa0001|20000669b1[payload->]i.||45,417
2025-08-03T09:51:41.976 0100|21|04|06|f801fe|20000605a24e[payload->]..N||20,130
2025-08-03T10:01:50.740 0100|00|00|05|fa0001|20000669b1[payload->]i.||45,417
2025-08-03T10:01:50.841 0100|01|00|06|f801fe|20000605a24e[payload->]..N||20,130
2025-08-03T10:11:59.757 0100|00|00|05|fa0001|20000669b1[payload->]i.||45,417
2025-08-03T10:11:59.858 0100|01|00|06|f801fe|20000605a24e[payload->]..N||20,130
2025-08-03T10:32:16.601 0100|00|00|05|fa0001|20000669b1[payload->]i.||45,417
2025-08-03T10:32:16.702 0100|01|00|06|f801fe|20000605a24e[payload->]..N||20,130
2025-08-03T10:42:25.546 0100|00|00|05|fa0001|20000669b1[payload->]i.||45,417
2025-08-03T10:42:25.647 0100|01|00|06|f801fe|20000605a24e[payload->]..N||20,130
2025-08-03T10:52:34.703 0100|00|00|05|fa0001|20000669b1[payload->]i.||45,417
2025-08-03T10:52:34.703 0100|01|00|06|f801fe|20000605a24e[payload->]..N||20,130
2025-08-03T11:02:43.842 0100|00|00|05|fa0001|20000669b1[payload->]i.||45,417
2025-08-03T11:02:43.843 0100|01|00|06|f801fe|20000605a24e[payload->]..N||20,130
2025-08-03T11:43:19.453 0100|00|00|05|fa0001|20000669b1[payload->]i.||45,417
2025-08-03T11:43:19.454 0100|01|00|06|f801fe|20000605a24e[payload->]..N||20,130
2025-08-03T11:53:28.788 0100|00|00|05|fa0001|20000669b1[payload->]i.||45,417
2025-08-03T11:53:28.889 0100|01|00|06|f801fe|20000605a24e[payload->]..N||20,130
2025-08-03T12:13:46.912 0100|00|00|05|fa0001|20000669b1[payload->]i.||45,417
2025-08-03T12:13:46.913 0100|01|00|06|f801fe|20000605a24e[payload->]..N||20,130
2025-08-03T12:34:04.581 0100|00|00|05|fa0001|20000669b1[payload->]i.||45,417
2025-08-03T12:34:04.682 0100|01|00|06|f801fe|20000605a24e[payload->]..N||20,130
2025-08-03T12:44:13.302 0100|00|00|05|fa0001|20000669b1[payload->]i.||45,417
2025-08-03T12:44:13.404 0100|01|00|06|f801fe|20000605a24e[payload->]..N||20,130
2025-08-03T12:54:22.626 0100|00|00|05|fa0001|20000669b1[payload->]i.||45,417
2025-08-03T12:54:22.727 0100|01|00|06|f801fe|20000605a24e[payload->]..N||20,130
2025-08-03T13:04:32.084 0100|00|00|05|fa0001|20000669b1[payload->]i.||45,417
2025-08-03T13:24:49.226 0100|00|00|05|fa0001|20000669b1[payload->]i.||45,417
2025-08-03T13:24:49.327 0100|01|00|06|f801fe|20000605a24e[payload->]..N||20,130
2025-08-03T13:34:58.570 0100|00|00|05|fa0001|20000669b1[payload->]i.||45,417
2025-08-03T13:34:58.671 0100|01|00|06|f801fe|20000605a24e[payload->]..N||20,130
2025-08-03T13:55:16.932 0100|00|00|05|fa0001|20000669b1[payload->]i.||45,417
2025-08-03T13:55:17.033 0100|01|00|06|f801fe|20000605a24e[payload->]..N||20,130
2025-08-03T14:05:25.416 0100|00|00|05|fa0001|20000669b1[payload->]i.||45,417
2025-08-03T14:05:25.517 0100|01|00|06|f801fe|20000605a24e[payload->]..N||20,130
2025-08-03T14:15:34.960 0100|00|00|05|fa0001|20000669b1[payload->]i.||45,417
2025-08-03T14:15:34.960 0100|01|00|06|f801fe|20000605a24e[payload->]..N||20,130
2025-08-03T14:25:43.270 0100|00|00|05|fa0001|20000669b1[payload->]i.||45,417
2025-08-03T14:25:43.270 0100|01|00|06|f801fe|20000605a24e[payload->]..N||20,130
2025-08-03T14:46:00.456 0100|00|00|05|fa0001|20000669b1[payload->]i.||45,417
2025-08-03T14:46:00.557 0100|01|00|06|f801fe|20000605a24e[payload->]..N||20,130
2025-08-03T14:56:09.213 0100|00|00|05|fa0001|20000669b1[payload->]i.||45,417
2025-08-03T14:56:09.314 0100|01|00|06|f801fe|20000605a24e[payload->]..N||20,130
2025-08-03T15:06:18.293 0100|00|00|05|fa0001|20000669b1[payload->]i.||45,417
2025-08-03T15:06:18.293 0100|01|00|06|f801fe|20000605a24e[payload->]..N||20,130
2025-08-03T15:26:35.336 0100|00|00|05|fa0001|20000669b1[payload->]i.||45,417
2025-08-03T15:26:35.437 0100|01|00|06|f801fe|20000605a24e[payload->]..N||20,130
2025-08-03T15:36:44.087 0100|00|00|05|fa0001|20000669b1[payload->]i.||45,417
2025-08-03T15:36:44.087 0100|01|00|06|f801fe|20000605a24e[payload->]..N||20,130
2025-08-03T15:57:02.231 0100|00|00|05|fa0001|20000669b1[payload->]i.||45,417
2025-08-03T15:57:02.332 0100|01|00|06|f801fe|20000605a24e[payload->]..N||20,130
2025-08-03T16:07:10.346 0100|00|00|05|fa0001|20000669b1[payload->]i.||45,417
2025-08-03T16:07:10.446 0100|01|00|06|f801fe|20000605a24e[payload->]..N||20,130
2025-08-03T16:17:19.392 0100|01|00|06|f801fe|20000605a24e[payload->]..N||20,130
2025-08-03T16:37:37.120 0100|00|00|05|fa0001|20000669b1[payload->]i.||45,417
2025-08-03T16:57:53.708 0100|00|00|05|fa0001|20000669b1[payload->]i.||45,417
2025-08-03T16:57:53.709 0100|01|00|06|f801fe|20000605a24e[payload->]..N||20,130
2025-08-03T17:08:03.066 0100|00|00|05|fa0001|20000669b1[payload->]i.||45,417
2025-08-03T17:08:03.067 0100|01|00|06|f801fe|20000605a24e[payload->]..N||20,130
2025-08-03T17:28:20.336 0100|00|00|05|fa0001|20000669b1[payload->]i.||45,417
2025-08-03T17:28:20.336 0100|01|00|06|f801fe|20000605a24e[payload->]..N||20,130
2025-08-03T17:38:29.378 0100|00|00|05|fa0001|20000669b1[payload->]i.||45,417
2025-08-03T17:38:29.378 0100|01|00|06|f801fe|20000605a24e[payload->]..N||20,130
2025-08-03T17:48:38.755 0100|00|00|05|fa0001|20000669b1[payload->]i.||45,417
