2025-07-31T08:44:00.435 0100|01|00|09|f501fe|220401ffffffff850d[payload->]......||3,461
2025-07-31T11:25:14.029 0100|01|00|09|f501fe|220401ffffffff850d[payload->]......||3,461
2025-07-31T13:12:34.052 0100|01|00|09|f501fe|220401ffffffff850d[payload->]......||3,461
2025-07-31T14:41:23.921 0100|01|00|09|f501fe|220401ffffffff850d[payload->]......||3,461
2025-08-01T04:36:34.432 0100|01|00|09|f501fe|220401ffffffff850d[payload->]......||3,461
2025-08-01T21:55:34.055 0100|01|00|09|f501fe|220401ffffffff850d[payload->]......||3,461
2025-08-01T21:56:34.112 0100|01|02|09|f501fe|220401ffffffff850d[payload->]......||3,461
2025-08-01T21:56:49.045 0100|01|00|09|f501fe|220401ffffffff850d[payload->]......||3,461
2025-08-01T22:02:39.036 0100|01|00|09|f501fe|220401ffffffff850d[payload->]......||3,461
2025-08-01T23:08:49.266 0100|01|00|09|f543fe|220401ffffffff850d[payload->]......||3,461
2025-08-01T23:56:09.631 0100|01|00|49|f541fe|220401ffffffff850d0100000005fa0001500e00d0340100010006f801fe500e000002f60100000005fa0001200201cbf1010001000bf301fe200201ae8da802453b1e8d0100000005[payload->]..............P...4........P............. ............ ......E;.......||1,280
2025-08-02T01:09:24.173 0100|01|00|09|f501fe|220401ffffffff850d[payload->]......||3,461
2025-08-02T01:41:34.240 0100|01|00|09|f501fe|220401ffffffff850d[payload->]......||3,461
2025-08-02T01:49:54.511 0100|01|00|49|f503fe|220401ffffffff850d0100000005fa000150aa00104e0100010006f801fe50aa0000e1b70100000005fa0001200201cbf1010001000bf301fe200201ae8da802453b1e8d0100000005[payload->]..............P...N........P............. ............ ......E;.......||1,280
2025-08-02T01:51:44.222 0100|01|00|09|f501fe|220401ffffffff850d[payload->]......||3,461
2025-08-02T02:05:19.304 0100|01|00|09|f541fe|220401ffffffff850d[payload->]......||3,461
2025-08-02T02:17:04.507 0100|01|08|4b|f503fe|220401ffffffff850d0100000005fa000150aa00104e0100010006f801fe50aa0000e1b70100000005fa0001200201cbf1010001000bf301fe200201ae8da802453b1e8d0100000005fa00[payload->]..............P...N........P............. ............ ......E;.........||0,250
2025-08-02T02:28:44.217 0100|01|00|09|f501fe|220401ffffffff850d[payload->]......||3,461
2025-08-02T02:40:59.238 0100|01|00|09|f543fe|220401ffffffff850d[payload->]......||3,461
2025-08-02T02:47:39.357 0100|01|00|0b|f543fe|220401ffffffff850d0100[payload->]........||0,001
2025-08-02T03:01:29.241 0100|01|00|09|f503fe|220401ffffffff850d[payload->]......||3,461
2025-08-02T03:48:49.341 0100|01|00|09|f501fe|220401ffffffff850d[payload->]......||3,461
2025-08-02T04:09:59.421 0100|43|42|09|f501fe|220401ffffffff850d[payload->]......||3,461
2025-08-02T04:11:29.546 0100|01|00|49|f501fe|220401ffffffff850d0100000005fa000150010020310100010006f801fe5001000001c60100000005fa0001500e00d0340100010006f801fe500e000002f60100000005fa00012002[payload->]..............P.. 1........P.............P...4........P............. .||0,544
2025-08-02T04:47:19.348 0100|01|00|09|f501fe|220401ffffffff850d[payload->]......||3,461
2025-08-02T04:49:59.326 0100|01|00|09|f501fe|220401ffffffff850d[payload->]......||3,461
2025-08-02T05:10:29.338 0100|01|00|09|fd01fe|220401ffffffff850d[payload->]......||3,461
2025-08-02T05:12:09.357 0100|01|00|09|f541fe|220401ffffffff850d[payload->]......||3,461
2025-08-02T05:30:49.286 0100|01|00|09|f543fe|220401ffffffff850d[payload->]......||3,461
2025-08-02T05:46:09.276 0100|01|00|09|f501fe|220401ffffffff850d[payload->]......||3,461
2025-08-02T06:28:14.752 0100|01|00|09|f501fe|220401ffffffff850d[payload->]......||3,461
2025-08-02T07:00:09.861 0100|01|00|09|f541fe|220401ffffffff850d[payload->]......||3,461
2025-08-02T07:07:59.312 0100|01|00|0f|ff01fe|220401ffffffff850d0100000005fa[payload->]............||64,005
2025-08-02T07:08:34.794 0100|01|00|09|f501fe|220401ffffffff850d[payload->]......||3,461
2025-08-02T07:28:19.807 0100|01|00|09|f501fe|220401ffffffff850d[payload->]......||3,461
2025-08-02T07:31:59.250 0100|01|00|09|f541fe|220401ffffffff850d[payload->]......||3,461
2025-08-02T09:46:24.628 0100|01|00|09|f501fe|220401ffffffff850d[payload->]......||3,461
2025-08-02T10:22:34.772 0100|01|00|09|f501fe|220401ffffffff850d[payload->]......||3,461
2025-08-02T13:03:14.637 0100|01|00|09|f501fe|220401ffffffff850d[payload->]......||3,461
2025-08-02T13:46:14.803 0100|01|00|09|f501fe|220401ffffffff850d[payload->]......||3,461
2025-08-02T14:01:04.749 0100|01|40|09|f501fe|220401ffffffff850d[payload->]......||3,461
2025-08-02T14:05:14.855 0100|01|00|09|fd43fe|220401ffffffff850d[payload->]......||3,461
2025-08-02T15:17:34.694 0100|01|00|0b|f503fe|220401ffffffff850d0100[payload->]........||0,001
2025-08-02T17:43:44.902 0100|01|00|09|f501fe|220401ffffffff850d[payload->]......||3,461
2025-08-02T19:10:35.146 0100|01|00|4b|f503fe|220401ffffffff850d0100000005fa0001200201cbf1010001000bf301fe200201ae8da802453b1e8d0100000005fa0003100301ecf10100010007f701fe100301ffff859c0100000005fa[payload->].............. ............ ......E;....................................||64,005
2025-08-02T20:13:49.809 0100|01|00|09|f501fe|220401ffffffff850d[payload->]......||3,461
2025-08-02T23:25:15.892 0100|01|00|09|f503fe|220401ffffffff850d[payload->]......||3,461
2025-08-02T23:39:16.046 0100|01|00|09|f543fe|220401ffffffff850d[payload->]......||3,461
2025-08-03T06:56:20.145 0100|01|00|0b|f703fe|220401ffffffff850d0100[payload->]........||0,001
2025-08-03T09:34:09.968 0100|01|00|09|f543fe|220401ffffffff850d[payload->]......||3,461
2025-08-03T14:45:14.600 0100|01|00|09|f501fe|220401ffffffff850d[payload->]......||3,461
2025-08-03T15:56:34.548 0100|4b|4a|0b|f741fe|220401ffffffff850d0100[payload->]........||0,001
2025-08-03T16:18:39.949 0100|01|00|49|fd41fe|220401ffffffff850d0100000005fa0001200201cbf1010001000bf301fe200201ae8da802453b1e8d0100000005fa0003100301ecf10100010007f701fe100301ffff859c01000000[payload->].............. ............ ......E;..................................||0,000
2025-08-03T16:37:35.905 0100|01|00|09|f501fe|220401ffffffff850d[payload->]......||3,461
