2025-07-30T20:51:03.100 0100|01|00|07|f701fe|54000100001e6f[payload->]...o||28,446
2025-07-30T21:03:01.195 0100|01|00|06|f801fe|54000100a1c6[payload->]...||50,849
2025-07-30T21:09:53.015 0100|01|00|07|f701fe|54000100001e6f[payload->]...o||28,446
2025-07-30T23:16:43.093 0100|01|00|07|f701fe|54000100001e6f[payload->]...o||28,446
2025-07-30T23:17:41.260 0100|00|00|05|fa0001|54000121b1[payload->]!.||45,345
2025-07-30T23:21:52.997 0100|01|00|07|f701fe|54000100001e6f[payload->]...o||28,446
2025-07-30T23:36:53.003 0100|01|00|07|f701fe|54000100001e6f[payload->]...o||28,446
2025-07-31T00:44:44.488 0100|00|00|05|fa0001|54000171b2[payload->]q.||45,681
2025-07-31T00:46:13.025 0100|00|00|05|fa0001|54000171b7[payload->]q.||46,961
2025-07-31T01:01:12.988 0100|01|00|07|f701fe|54000100001e6f[payload->]...o||28,446
2025-07-31T01:10:13.053 0100|01|00|07|f701fe|54000100001e6f[payload->]...o||28,446
2025-07-31T01:11:52.732 0100|01|00|06|f801fe|54000100a1c6[payload->]...||50,849
2025-07-31T01:14:53.052 0100|01|00|07|f701fe|54000100001e6f[payload->]...o||28,446
2025-07-31T01:15:53.030 0100|01|00|07|f701fe|54000100001e6f[payload->]...o||28,446
2025-07-31T01:30:34.409 0100|01|00|07|f701fe|540001f0004e28[payload->]..N(||10,318
2025-07-31T01:50:44.423 0100|01|00|07|f701fe|540001f0004e28[payload->]..N(||10,318
2025-07-31T02:03:31.338 0100|01|00|06|f801fe|54000100a1c6[payload->]...||50,849
2025-07-31T02:20:34.308 0100|01|00|07|f701fe|540001f0004e28[payload->]..N(||10,318
2025-07-31T02:23:54.588 0100|01|00|07|f701fe|54000100001e6f[payload->]...o||28,446
2025-07-31T02:28:54.580 0100|01|00|07|f701fe|54000100001e6f[payload->]...o||28,446
2025-07-31T03:49:14.606 0100|01|00|07|f701fe|54000100001e6f[payload->]...o||28,446
2025-07-31T04:08:36.630 0100|01|00|06|f801fe|540001026517[payload->].e.||5,989
2025-07-31T05:39:24.561 0100|01|00|06|f801fe|54000100a1c6[payload->]...||50,849
2025-07-31T10:42:23.281 0100|00|00|05|fa0001|54000171bd[payload->]q.||48,497
2025-07-31T12:47:37.602 0100|00|00|05|fa0001|54000121b1[payload->]!.||45,345
2025-07-31T13:19:38.009 0100|00|00|05|fa0001|54000121b1[payload->]!.||45,345
2025-07-31T13:30:37.549 0100|01|00|06|f801fe|54000100a1c6[payload->]...||50,849
2025-07-31T14:56:17.394 0100|01|00|06|f801fe|540001026517[payload->].e.||5,989
2025-07-31T15:50:47.031 0100|01|00|07|f701fe|54000100001e6f[payload->]...o||28,446
2025-07-31T16:37:27.096 0100|01|00|07|f701fe|54000100001e6f[payload->]...o||28,446
2025-07-31T17:41:40.313 0100|01|00|06|f801fe|540001026517[payload->].e.||5,989
2025-07-31T17:45:03.147 0100|00|00|05|fa0001|54000121b1[payload->]!.||45,345
2025-07-31T18:29:34.442 0100|01|00|06|f801fe|54000100a1c6[payload->]...||50,849
2025-07-31T18:30:17.039 0100|01|00|07|f701fe|54000100001e6f[payload->]...o||28,446
2025-07-31T18:45:26.668 0100|01|00|07|f701fe|540001f0004e28[payload->]..N(||10,318
2025-07-31T18:47:51.262 0100|01|00|06|f801fe|540001026517[payload->].e.||5,989
2025-07-31T19:08:32.346 0100|01|00|06|f801fe|540001026517[payload->].e.||5,989
2025-07-31T19:18:12.437 0100|01|00|06|f801fe|540001026517[payload->].e.||5,989
2025-07-31T19:46:58.003 0100|01|00|07|f701fe|54000100001e6f[payload->]...o||28,446
2025-07-31T20:04:47.034 0100|01|00|07|f701fe|540001f0004e28[payload->]..N(||10,318
2025-07-31T20:06:17.039 0100|01|00|07|f701fe|540001f0004e28[payload->]..N(||10,318
2025-07-31T20:10:18.125 0100|00|00|05|fa0001|54000171b7[payload->]q.||46,961
2025-07-31T20:59:48.054 0100|01|00|07|f701fe|54000100001e6f[payload->]...o||28,446
2025-07-31T21:01:32.215 0100|01|00|06|f801fe|540001026517[payload->].e.||5,989
2025-07-31T21:30:58.069 0100|01|00|07|f701fe|54000100001e6f[payload->]...o||28,446
2025-07-31T22:00:28.017 0100|01|00|07|f701fe|54000100001e6f[payload->]...o||28,446
2025-07-31T22:06:48.092 0100|01|00|07|f701fe|54000100001e6f[payload->]...o||28,446
2025-07-31T22:29:58.032 0100|01|00|07|f701fe|54000100001e6f[payload->]...o||28,446
2025-07-31T23:11:08.236 0100|01|00|07|f701fe|54000100001e6f[payload->]...o||28,446
2025-07-31T23:14:56.503 0100|01|00|06|f801fe|540001026517[payload->].e.||5,989
2025-07-31T23:22:26.641 0100|01|00|06|f801fe|540001026517[payload->].e.||5,989
2025-07-31T23:37:49.213 0100|00|00|05|fa0001|54000171b2[payload->]q.||45,681
2025-07-31T23:38:56.542 0100|01|00|06|f801fe|540001026517[payload->].e.||5,989
2025-08-01T00:19:57.276 0100|01|00|06|f801fe|54000100a1c6[payload->]...||50,849
2025-08-01T00:30:48.022 0100|01|00|07|f701fe|54000100001e6f[payload->]...o||28,446
2025-08-01T00:33:57.983 0100|00|00|05|fa0001|54000171b7[payload->]q.||46,961
2025-08-01T00:50:48.120 0100|01|00|07|f701fe|54000100001e6f[payload->]...o||28,446
2025-08-01T01:26:47.414 0100|01|00|06|f801fe|54000100a1c6[payload->]...||50,849
2025-08-01T01:29:37.993 0100|00|00|05|fa0001|54000171b7[payload->]q.||46,961
2025-08-01T02:27:18.042 0100|01|00|07|f701fe|54000100001e6f[payload->]...o||28,446
2025-08-01T03:11:18.033 0100|01|00|07|f701fe|54000100001e6f[payload->]...o||28,446
2025-08-01T03:31:18.066 0100|01|00|07|f701fe|54000100001e6f[payload->]...o||28,446
2025-08-01T04:29:10.073 0100|01|00|06|f801fe|540001026517[payload->].e.||5,989
2025-08-01T05:06:01.227 0100|01|00|06|f801fe|540001026517[payload->].e.||5,989
2025-08-01T05:20:38.101 0100|01|00|07|f701fe|54000100001e6f[payload->]...o||28,446
2025-08-01T05:29:18.002 0100|01|00|07|f701fe|54000100001e6f[payload->]...o||28,446
2025-08-01T05:39:50.407 0100|01|00|06|f801fe|540001026517[payload->].e.||5,989
2025-08-01T05:40:48.035 0100|00|00|05|fa0001|54000171b7[payload->]q.||46,961
2025-08-01T05:43:30.030 0100|01|00|06|f801fe|540001026517[payload->].e.||5,989
2025-08-01T05:45:11.444 0100|01|00|06|f801fe|54000100a1c6[payload->]...||50,849
2025-08-01T06:04:57.990 0100|00|00|05|fa0001|54000171b7[payload->]q.||46,961
2025-08-01T06:09:08.066 0100|01|00|07|f701fe|54000100001e6f[payload->]...o||28,446
2025-08-01T07:01:18.072 0100|01|00|07|f701fe|54000100001e6f[payload->]...o||28,446
2025-08-01T07:08:41.156 0100|01|00|07|f701fe|540001f0004e28[payload->]..N(||10,318
2025-08-01T07:57:48.032 0100|01|00|07|f701fe|54000100001e6f[payload->]...o||28,446
2025-08-01T08:01:53.034 0100|01|00|06|f801fe|54000100a1c6[payload->]...||50,849
2025-08-01T08:06:22.209 0100|01|00|07|f701fe|540001eb00be22[payload->]..."||8,894
2025-08-01T08:07:48.096 0100|01|00|07|f701fe|54000100001e6f[payload->]...o||28,446
2025-08-01T08:44:22.552 0100|01|00|06|f801fe|540001026517[payload->].e.||5,989
2025-08-01T09:18:52.999 0100|00|00|05|fa0001|54000121b1[payload->]!.||45,345
2025-08-01T09:19:58.025 0100|00|00|05|fa0001|54000171b7[payload->]q.||46,961
2025-08-01T10:00:27.982 0100|00|00|05|fa0001|54000171b7[payload->]q.||46,961
2025-08-01T10:10:24.189 0100|00|00|05|fa0001|54000121b1[payload->]!.||45,345
2025-08-01T10:22:23.073 0100|01|00|06|f801fe|54000100a1c6[payload->]...||50,849
2025-08-01T10:49:32.328 0100|01|00|06|f801fe|540001026517[payload->].e.||5,989
2025-08-01T10:51:38.043 0100|00|00|05|fa0001|54000171b7[payload->]q.||46,961
2025-08-01T11:22:53.007 0100|01|00|06|f801fe|54000100a1c6[payload->]...||50,849
2025-08-01T11:36:08.003 0100|01|00|07|f701fe|54000100001e6f[payload->]...o||28,446
2025-08-01T12:06:43.091 0100|01|00|06|f801fe|54000100a1c6[payload->]...||50,849
2025-08-01T12:34:44.135 0100|00|00|05|fa0001|54000121b1[payload->]!.||45,345
2025-08-01T14:09:00.095 0100|01|00|07|f701fe|54000100001e6f[payload->]...o||28,446
2025-08-01T15:06:10.046 0100|01|00|07|f701fe|54000100001e6f[payload->]...o||28,446
2025-08-01T15:29:30.051 0100|01|00|07|f701fe|54000100001e6f[payload->]...o||28,446
2025-08-01T15:33:50.005 0100|00|00|05|fa0001|54000171b7[payload->]q.||46,961
2025-08-01T15:53:00.141 0100|01|00|07|f701fe|54000100001e6f[payload->]...o||28,446
2025-08-01T16:20:40.105 0100|01|00|07|f701fe|54000100001e6f[payload->]...o||28,446
2025-08-01T16:31:00.060 0100|01|00|07|f701fe|54000100001e6f[payload->]...o||28,446
2025-08-01T16:36:30.080 0100|01|00|07|f701fe|54000100001e6f[payload->]...o||28,446
2025-08-01T16:37:29.122 0100|01|00|06|f801fe|54000100a1c6[payload->]...||50,849
2025-08-01T16:38:30.087 0100|01|00|07|f701fe|54000100001e6f[payload->]...o||28,446
2025-08-01T16:40:50.087 0100|01|00|07|f701fe|54000100001e6f[payload->]...o||28,446
2025-08-01T17:05:20.069 0100|00|00|05|fa0001|54000171b7[payload->]q.||46,961
2025-08-01T17:42:20.287 0100|01|00|07|f701fe|54000100001e6f[payload->]...o||28,446
2025-08-01T18:51:09.994 0100|00|00|05|fa0001|54000171b7[payload->]q.||46,961
2025-08-01T19:51:09.776 0100|01|00|07|f701fe|540001f0004e28[payload->]..N(||10,318
2025-08-01T20:43:51.046 0100|01|00|07|f701fe|54000100001e6f[payload->]...o||28,446
2025-08-01T20:53:42.193 0100|01|00|06|f801fe|54000100a1c6[payload->]...||50,849
2025-08-01T21:37:32.023 0100|01|00|06|f801fe|54000100a1c6[payload->]...||50,849
2025-08-01T21:37:51.085 0100|01|00|07|f701fe|54000100001e6f[payload->]...o||28,446
2025-08-01T21:42:02.085 0100|01|00|06|f801fe|54000100a1c6[payload->]...||50,849
2025-08-01T21:42:31.978 0100|01|00|06|f801fe|54000100a1c6[payload->]...||50,849
2025-08-01T22:07:52.990 0100|00|00|05|fa0001|54000121b1[payload->]!.||45,345
2025-08-01T22:51:33.046 0100|01|00|06|f801fe|540001016107[payload->].a.||1,889
2025-08-01T22:58:52.094 0100|01|00|07|f701fe|54000100001e6f[payload->]...o||28,446
2025-08-01T23:00:12.042 0100|01|00|07|f701fe|54000100001e6f[payload->]...o||28,446
2025-08-01T23:28:55.037 0100|01|00|06|f801fe|540001026517[payload->].e.||5,989
2025-08-01T23:40:35.005 0100|00|00|05|fa0001|54000171bd[payload->]q.||48,497
2025-08-01T23:52:23.026 0100|01|00|06|f801fe|54000100a1c6[payload->]...||50,849
2025-08-01T23:52:25.046 0100|01|00|06|f801fe|540001026517[payload->].e.||5,989
2025-08-01T23:54:23.027 0100|00|00|05|fa0001|54000121b1[payload->]!.||45,345
2025-08-02T00:51:32.999 0100|01|00|06|f801fe|54000100a1c6[payload->]...||50,849
2025-08-02T01:06:55.015 0100|00|00|05|fa0001|54000171bd[payload->]q.||48,497
2025-08-02T01:50:03.092 0100|01|00|06|f801fe|54000100a1c6[payload->]...||50,849
2025-08-02T02:06:05.068 0100|01|00|06|f801fe|540001026517[payload->].e.||5,989
2025-08-02T02:08:23.036 0100|01|00|06|f801fe|54000100a1c6[payload->]...||50,849
2025-08-02T02:10:32.338 0100|01|00|07|f701fe|540001f5001e2b[payload->]...+||11,038
2025-08-02T02:10:42.022 0100|01|00|07|f701fe|54000100001e6f[payload->]...o||28,446
2025-08-02T02:12:14.986 0100|00|00|05|fa0001|54000171bd[payload->]q.||48,497
2025-08-02T02:18:23.014 0100|01|00|06|f801fe|54000100a1c6[payload->]...||50,849
2025-08-02T02:30:55.084 0100|01|00|06|f801fe|540001026517[payload->].e.||5,989
2025-08-02T02:34:02.955 0100|00|00|05|fa0001|54000121b1[payload->]!.||45,345
2025-08-02T02:52:11.953 0100|00|00|05|fa0001|54000171b7[payload->]q.||46,961
2025-08-02T02:52:33.036 0100|01|00|06|f801fe|54000100a1c6[payload->]...||50,849
2025-08-02T03:06:05.201 0100|01|00|06|f801fe|540001026517[payload->].e.||5,989
2025-08-02T04:27:02.101 0100|01|00|07|f701fe|54000100001e6f[payload->]...o||28,446
2025-08-02T04:29:42.754 0100|01|00|07|f701fe|54000100001e6f[payload->]...o||28,446
2025-08-02T04:37:55.039 0100|01|00|06|f801fe|540001026517[payload->].e.||5,989
2025-08-02T04:56:12.039 0100|00|00|05|fa0001|54000171b7[payload->]q.||46,961
2025-08-02T05:14:32.977 0100|01|00|06|f801fe|54000100a1c6[payload->]...||50,849
2025-08-02T05:27:55.080 0100|01|00|06|f801fe|540001026517[payload->].e.||5,989
2025-08-02T05:34:11.963 0100|00|00|05|fa0001|54000171b7[payload->]q.||46,961
2025-08-02T07:22:02.039 0100|01|00|07|f701fe|54000100001e6f[payload->]...o||28,446
2025-08-02T09:01:52.104 0100|01|00|07|f701fe|54000100001e6f[payload->]...o||28,446
2025-08-02T11:45:42.069 0100|01|00|07|f701fe|54000100001e6f[payload->]...o||28,446
2025-08-02T11:57:03.067 0100|01|00|07|f701fe|540001f0004e28[payload->]..N(||10,318
2025-08-02T12:55:58.098 0100|01|00|06|f801fe|54000100a1c6[payload->]...||50,849
2025-08-02T13:12:00.089 0100|01|00|06|f801fe|54000100a1c6[payload->]...||50,849
2025-08-02T13:18:10.251 0100|00|00|05|fa0001|54000121b1[payload->]!.||45,345
2025-08-02T13:20:15.414 0100|01|00|07|f701fe|540001eb00be22[payload->]..."||8,894
2025-08-02T13:37:53.036 0100|01|00|07|f701fe|54000100001e6f[payload->]...o||28,446
2025-08-02T13:39:21.142 0100|01|00|06|f801fe|54000100a1c6[payload->]...||50,849
2025-08-02T13:50:31.371 0100|01|00|06|f801fe|54000100a1c6[payload->]...||50,849
2025-08-02T13:50:33.083 0100|01|00|07|f701fe|54000100001e6f[payload->]...o||28,446
2025-08-02T13:56:46.350 0100|01|00|07|f701fe|540001eb00be22[payload->]..."||8,894
2025-08-02T14:00:06.395 0100|00|00|05|fa0001|54000171b2[payload->]q.||45,681
2025-08-02T14:15:13.045 0100|00|00|05|fa0001|54000171b7[payload->]q.||46,961
2025-08-02T14:25:13.087 0100|01|00|07|f701fe|54000100001e6f[payload->]...o||28,446
2025-08-02T14:28:53.014 0100|00|00|05|fa0001|54000171b7[payload->]q.||46,961
2025-08-02T14:31:41.044 0100|00|00|05|fa0001|54000121b1[payload->]!.||45,345
2025-08-02T14:34:33.058 0100|01|00|07|f701fe|54000100001e6f[payload->]...o||28,446
2025-08-02T14:47:06.280 0100|00|00|05|fa0001|54000171b2[payload->]q.||45,681
2025-08-02T15:47:00.983 0100|01|00|06|f801fe|54000100a1c6[payload->]...||50,849
2025-08-02T15:59:01.070 0100|01|00|06|f801fe|54000100a1c6[payload->]...||50,849
2025-08-02T16:01:01.012 0100|00|00|05|fa0001|54000121b1[payload->]!.||45,345
2025-08-02T16:23:52.997 0100|00|00|05|fa0001|54000171b7[payload->]q.||46,961
2025-08-02T16:29:53.080 0100|01|00|07|f701fe|54000100001e6f[payload->]...o||28,446
2025-08-02T16:45:53.014 0100|01|00|07|f701fe|54000100001e6f[payload->]...o||28,446
2025-08-02T16:56:59.981 0100|00|00|05|fa0001|54000136d7[payload->]6.||55,094
2025-08-02T17:20:23.093 0100|01|00|07|f701fe|54000100001e6f[payload->]...o||28,446
2025-08-02T17:21:21.240 0100|01|00|06|f801fe|54000100a1c6[payload->]...||50,849
2025-08-02T17:56:56.616 0100|01|00|06|f801fe|540001026517[payload->].e.||5,989
2025-08-02T19:08:06.798 0100|00|00|05|fa0001|54000171b2[payload->]q.||45,681
2025-08-02T19:13:41.117 0100|01|00|06|f801fe|54000100a1c6[payload->]...||50,849
2025-08-02T19:19:53.077 0100|01|00|07|f701fe|54000100001e6f[payload->]...o||28,446
2025-08-02T19:24:46.652 0100|01|00|07|f701fe|540001eb00be22[payload->]..."||8,894
2025-08-02T19:41:43.050 0100|01|00|07|f701fe|54000100001e6f[payload->]...o||28,446
2025-08-02T19:43:36.531 0100|00|00|05|fa0001|54000171b2[payload->]q.||45,681
2025-08-02T20:08:04.311 0100|01|00|07|f701fe|54000100001e6f[payload->]...o||28,446
2025-08-02T20:29:37.106 0100|01|00|07|f701fe|540001eb00be22[payload->]..."||8,894
2025-08-02T20:59:29.685 0100|01|00|06|f801fe|540001026517[payload->].e.||5,989
2025-08-02T21:01:47.344 0100|01|00|07|f701fe|540001f0004e28[payload->]..N(||10,318
2025-08-02T21:08:19.063 0100|01|00|06|f801fe|540001026517[payload->].e.||5,989
2025-08-02T21:28:23.076 0100|00|00|05|fa0001|54000171b7[payload->]q.||46,961
2025-08-02T21:38:03.052 0100|01|00|07|f701fe|54000100001e6f[payload->]...o||28,446
2025-08-02T21:54:47.399 0100|01|00|07|f701fe|540001f0004e28[payload->]..N(||10,318
2025-08-02T21:59:57.096 0100|01|00|07|f701fe|540001f0004e28[payload->]..N(||10,318
2025-08-02T22:14:24.450 0100|01|00|06|f801fe|540001016107[payload->].a.||1,889
2025-08-02T22:25:43.189 0100|01|00|07|f701fe|54000100001e6f[payload->]...o||28,446
2025-08-02T23:15:40.067 0100|00|00|05|fa0001|54000171bd[payload->]q.||48,497
2025-08-03T00:01:03.458 0100|01|00|07|f701fe|54000100001e6f[payload->]...o||28,446
2025-08-03T00:36:58.210 0100|01|00|07|f701fe|540001f5001e2b[payload->]...+||11,038
2025-08-03T00:38:03.134 0100|00|00|05|fa0001|54000171b7[payload->]q.||46,961
2025-08-03T00:55:37.437 0100|01|00|06|f801fe|54000100a1c6[payload->]...||50,849
2025-08-03T01:10:33.040 0100|01|00|07|f701fe|54000100001e6f[payload->]...o||28,446
2025-08-03T01:20:55.375 0100|01|00|06|f801fe|540001026517[payload->].e.||5,989
2025-08-03T01:28:03.050 0100|01|00|07|f701fe|54000100001e6f[payload->]...o||28,446
2025-08-03T02:10:33.176 0100|01|00|07|f701fe|54000100001e6f[payload->]...o||28,446
2025-08-03T02:38:12.966 0100|00|00|05|fa0001|54000171b7[payload->]q.||46,961
2025-08-03T02:39:53.029 0100|01|00|07|f701fe|54000100001e6f[payload->]...o||28,446
2025-08-03T02:49:21.734 0100|01|00|07|f701fe|540001f5001e2b[payload->]...+||11,038
2025-08-03T03:42:50.378 0100|01|00|06|f801fe|54000100a1c6[payload->]...||50,849
2025-08-03T03:51:43.062 0100|01|00|07|f701fe|54000100001e6f[payload->]...o||28,446
2025-08-03T03:52:02.258 0100|00|00|05|fa0001|54000171b2[payload->]q.||45,681
2025-08-03T04:00:50.712 0100|01|00|06|f801fe|54000100a1c6[payload->]...||50,849
2025-08-03T04:49:13.006 0100|00|00|05|fa0001|54000171b7[payload->]q.||46,961
2025-08-03T04:50:02.981 0100|01|00|07|f701fe|54000100001e6f[payload->]...o||28,446
2025-08-03T05:11:02.987 0100|00|00|05|fa0001|54000171b7[payload->]q.||46,961
2025-08-03T05:11:10.661 0100|01|00|06|f801fe|54000100a1c6[payload->]...||50,849
2025-08-03T05:57:50.602 0100|01|00|06|f801fe|54000100a1c6[payload->]...||50,849
2025-08-03T06:04:31.333 0100|01|00|07|f701fe|540001f5001e2b[payload->]...+||11,038
2025-08-03T06:08:41.155 0100|01|00|07|f701fe|540001f5001e2b[payload->]...+||11,038
2025-08-03T07:42:31.986 0100|01|00|07|f701fe|540001f0004e28[payload->]..N(||10,318
2025-08-03T07:52:12.178 0100|01|00|07|f701fe|540001f0004e28[payload->]..N(||10,318
2025-08-03T08:48:23.019 0100|01|00|07|f701fe|54000100001e6f[payload->]...o||28,446
2025-08-03T08:59:12.215 0100|01|00|06|f801fe|54000100a1c6[payload->]...||50,849
2025-08-03T10:50:13.043 0100|00|00|05|fa0001|54000171b7[payload->]q.||46,961
2025-08-03T11:22:02.110 0100|01|00|06|f801fe|54000100a1c6[payload->]...||50,849
2025-08-03T12:03:53.016 0100|01|00|07|f701fe|54000100001e6f[payload->]...o||28,446
2025-08-03T12:06:24.302 0100|01|00|07|f701fe|54000100001e6f[payload->]...o||28,446
2025-08-03T12:18:24.035 0100|01|00|07|f701fe|540001eb00be22[payload->]..."||8,894
2025-08-03T13:04:42.992 0100|00|00|05|fa0001|54000171b7[payload->]q.||46,961
2025-08-03T14:45:53.974 0100|01|00|07|f701fe|54000100001e6f[payload->]...o||28,446
2025-08-03T15:19:44.016 0100|01|00|07|f701fe|540001f0004e28[payload->]..N(||10,318
2025-08-03T15:20:41.437 0100|01|00|06|f801fe|540001026517[payload->].e.||5,989
2025-08-03T15:21:53.089 0100|01|00|07|f701fe|54000100001e6f[payload->]...o||28,446
2025-08-03T15:29:03.998 0100|01|00|07|f701fe|540001f0004e28[payload->]..N(||10,318
2025-08-03T15:36:45.404 0100|00|00|05|fa0001|54000171b2[payload->]q.||45,681
2025-08-03T15:38:23.095 0100|01|00|07|f701fe|54000100001e6f[payload->]...o||28,446
2025-08-03T15:50:53.095 0100|01|00|07|f701fe|54000100001e6f[payload->]...o||28,446
2025-08-03T16:15:23.010 0100|00|00|05|fa0001|54000171b7[payload->]q.||46,961
2025-08-03T16:47:15.260 0100|01|00|07|f701fe|540001f0004e28[payload->]..N(||10,318
2025-08-03T17:26:42.102 0100|01|00|06|f801fe|540001026517[payload->].e.||5,989
2025-08-03T17:46:03.006 0100|01|00|07|f701fe|54000100001e6f[payload->]...o||28,446
2025-08-03T17:54:53.109 0100|41|00|07|f701fe|54000100001e6f[payload->]...o||28,446
