2025-07-30T20:34:44.626 0100|00|00|05|fa0001|364f015f25[payload->]_%||9,567
2025-07-30T20:34:44.727 0100|01|00|18|e601fe|364f01020010240000840000000000000000000000007147[payload->]...$...............qG||18,289
2025-07-30T21:04:45.682 0100|00|00|05|fa0001|364f015f25[payload->]_%||9,567
2025-07-30T21:04:45.783 0100|01|00|18|e601fe|364f01020010240000840000000000000000000000007147[payload->]...$...............qG||18,289
2025-07-30T21:31:26.325 0100|00|00|05|fa0001|364f015f25[payload->]_%||9,567
2025-07-30T21:31:26.426 0100|01|00|18|e601fe|364f01020010240000840000000000000000000000007147[payload->]...$...............qG||18,289
2025-07-30T21:34:45.589 0100|00|00|05|fa0001|364f015f25[payload->]_%||9,567
2025-07-30T21:34:45.791 0100|01|00|18|e601fe|364f01020010240000840000000000000000000000007147[payload->]...$...............qG||18,289
2025-07-30T22:04:45.516 0100|00|00|05|fa0001|364f015f25[payload->]_%||9,567
2025-07-30T22:04:45.617 0100|01|00|18|e601fe|364f01020010240000840000000000000000000000007147[payload->]...$...............qG||18,289
2025-07-30T22:34:45.599 0100|00|00|05|fa0001|364f015f25[payload->]_%||9,567
2025-07-30T22:34:45.700 0100|01|00|18|e601fe|364f01020010240000840000000000000000000000007147[payload->]...$...............qG||18,289
2025-07-30T23:04:45.491 0100|00|00|05|fa0001|364f015f25[payload->]_%||9,567
2025-07-30T23:04:45.693 0100|01|00|18|e601fe|364f01020010240000840000000000000000000000007147[payload->]...$...............qG||18,289
2025-07-30T23:34:45.977 0100|00|00|05|fa0001|364f015f25[payload->]_%||9,567
2025-07-30T23:34:46.078 0100|01|00|18|e601fe|364f01020010240000840000000000000000000000007147[payload->]...$...............qG||18,289
2025-07-31T00:04:45.690 0100|00|00|05|fa0001|364f015f25[payload->]_%||9,567
2025-07-31T00:04:45.892 0100|01|00|18|e601fe|364f01020010240000840000000000000000000000007147[payload->]...$...............qG||18,289
2025-07-31T00:34:45.581 0100|00|00|05|fa0001|364f015f25[payload->]_%||9,567
2025-07-31T00:34:45.783 0100|01|00|18|e601fe|364f01020010240000840000000000000000000000007147[payload->]...$...............qG||18,289
2025-07-31T01:04:45.522 0100|00|00|05|fa0001|364f015f25[payload->]_%||9,567
2025-07-31T01:04:45.724 0100|01|00|18|e601fe|364f01020010240000840000000000000000000000007147[payload->]...$...............qG||18,289
2025-07-31T01:31:26.087 0100|00|00|05|fa0001|364f015f25[payload->]_%||9,567
2025-07-31T01:31:26.289 0100|01|00|18|e601fe|364f01020010240000840000000000000000000000007147[payload->]...$...............qG||18,289
2025-07-31T01:34:45.492 0100|00|00|05|fa0001|364f015f25[payload->]_%||9,567
2025-07-31T01:34:45.693 0100|01|00|18|e601fe|364f01020010240000840000000000000000000000007147[payload->]...$...............qG||18,289
2025-07-31T02:04:45.669 0100|00|00|05|fa0001|364f015f25[payload->]_%||9,567
2025-07-31T02:04:45.770 0100|01|00|18|e601fe|364f01020010240000840000000000000000000000007147[payload->]...$...............qG||18,289
2025-07-31T02:31:25.911 0100|00|00|05|fa0001|364f015f25[payload->]_%||9,567
2025-07-31T02:31:26.012 0100|01|00|18|e601fe|364f01020010240000840000000000000000000000007147[payload->]...$...............qG||18,289
2025-07-31T02:34:46.507 0100|00|00|05|fa0001|364f015f25[payload->]_%||9,567
2025-07-31T02:34:46.709 0100|01|00|18|e601fe|364f01020010240000840000000000000000000000007147[payload->]...$...............qG||18,289
2025-07-31T03:04:46.520 0100|00|00|05|fa0001|364f015f25[payload->]_%||9,567
2025-07-31T03:04:46.822 0100|01|00|18|e601fe|364f01020010240000840000000000000000000000007147[payload->]...$...............qG||18,289
2025-07-31T03:31:26.057 0100|00|00|05|fa0001|364f015f25[payload->]_%||9,567
2025-07-31T03:31:26.259 0100|01|00|18|e601fe|364f01020010240000840000000000000000000000007147[payload->]...$...............qG||18,289
2025-07-31T03:34:46.506 0100|00|00|05|fa0001|364f015f25[payload->]_%||9,567
2025-07-31T04:04:46.993 0100|00|00|05|fa0001|364f015f25[payload->]_%||9,567
2025-07-31T04:04:47.195 0100|01|00|18|e601fe|364f01020010240000840000000000000000000000007147[payload->]...$...............qG||18,289
2025-07-31T04:34:47.818 0100|00|00|05|fa0001|364f015f25[payload->]_%||9,567
2025-07-31T04:34:47.919 0100|01|00|18|e601fe|364f01020010240000840000000000000000000000007147[payload->]...$...............qG||18,289
2025-07-31T05:04:48.810 0100|00|00|05|fa0001|364f015f25[payload->]_%||9,567
2025-07-31T05:04:48.912 0100|01|00|18|e601fe|364f01020010240000840000000000000000000000007147[payload->]...$...............qG||18,289
2025-07-31T05:34:48.820 0100|00|00|05|fa0001|364f015f25[payload->]_%||9,567
2025-07-31T05:34:48.921 0100|01|00|18|e601fe|364f01020010240000840000000000000000000000007147[payload->]...$...............qG||18,289
2025-07-31T06:04:48.741 0100|00|00|05|fa0001|364f015f25[payload->]_%||9,567
2025-07-31T06:04:48.843 0100|01|00|18|e601fe|364f01020010240000840000000000000000000000007147[payload->]...$...............qG||18,289
2025-07-31T06:34:50.715 0100|00|00|05|fa0001|364f015f25[payload->]_%||9,567
2025-07-31T06:34:50.917 0100|01|00|18|e601fe|364f01020010240000840000000000000000000000007147[payload->]...$...............qG||18,289
2025-07-31T07:04:50.783 0100|01|00|18|e601fe|364f01020010240000840000000000000000000000007147[payload->]...$...............qG||18,289
2025-07-31T07:31:25.733 0100|00|00|05|fa0001|364f015f25[payload->]_%||9,567
2025-07-31T07:31:25.935 0100|01|00|18|e601fe|364f01020010240000840000000000000000000000007147[payload->]...$...............qG||18,289
2025-07-31T07:34:50.652 0100|00|00|05|fa0001|364f015f25[payload->]_%||9,567
2025-07-31T07:34:50.754 0100|01|00|18|e601fe|364f01020010240000840000000000000000000000007147[payload->]...$...............qG||18,289
2025-07-31T08:04:50.658 0100|00|00|05|fa0001|364f015f25[payload->]_%||9,567
2025-07-31T08:04:50.759 0100|01|00|18|e609fe|364f01020010240000840000000000000000000000007147[payload->]...$...............qG||18,289
2025-07-31T08:31:26.353 0100|00|00|05|fa0001|364f015f25[payload->]_%||9,567
2025-07-31T08:31:26.454 0100|01|00|18|e601fe|364f01020010240000840000000000000000000000007147[payload->]...$...............qG||18,289
2025-07-31T08:34:50.754 0100|00|00|05|fa0001|364f015f25[payload->]_%||9,567
2025-07-31T08:34:50.856 0100|01|00|18|e601fe|364f01020010240000840000000000000000000000007147[payload->]...$...............qG||18,289
2025-07-31T09:04:51.691 0100|00|00|05|fa0001|364f015f25[payload->]_%||9,567
2025-07-31T09:04:51.793 0100|01|00|18|e601fe|364f01020010240000840000000000000000000000007147[payload->]...$...............qG||18,289
2025-07-31T09:34:50.640 0100|00|00|05|fa0001|364f015f25[payload->]_%||9,567
2025-07-31T09:34:50.741 0100|01|00|18|e601fe|364f01020010240000840000000000000000000000007147[payload->]...$...............qG||18,289
2025-07-31T10:04:51.267 0100|00|00|05|fa0001|364f015f25[payload->]_%||9,567
2025-07-31T10:04:51.368 0100|01|00|18|e601fe|364f01020010240000840000000000000000000000007147[payload->]...$...............qG||18,289
2025-07-31T10:34:52.565 0100|00|00|05|fa0001|364f015f25[payload->]_%||9,567
2025-07-31T10:34:52.666 0100|01|00|18|e601fe|364f01020010240000840000000000000000000000007147[payload->]...$...............qG||18,289
2025-07-31T11:04:52.532 0100|00|00|05|fa0001|364f015f25[payload->]_%||9,567
2025-07-31T11:04:52.633 0100|01|00|18|e601fe|364f01020010240000840000000000000000000000007147[payload->]...$...............qG||18,289
2025-07-31T11:34:52.530 0100|00|00|05|fa0001|364f015f25[payload->]_%||9,567
2025-07-31T11:34:52.732 0100|01|00|18|e601fe|364f01020010240000840000000000000000000000007147[payload->]...$...............qG||18,289
2025-07-31T12:04:53.909 0100|00|00|05|fa0001|364f015f25[payload->]_%||9,567
2025-07-31T12:04:54.111 0100|01|00|18|e601fe|364f01020010240000840000000000000000000000007147[payload->]...$...............qG||18,289
2025-07-31T12:34:53.855 0100|00|00|05|fa0001|364f015f25[payload->]_%||9,567
2025-07-31T12:34:53.956 0100|01|00|18|e601fe|364f01020010240800840000000000000000000000007147[payload->]...$...............qG||18,289
2025-07-31T13:04:53.809 0100|00|00|05|fa0001|364f015f25[payload->]_%||9,567
2025-07-31T13:04:54.011 0100|0b|00|18|e601fe|364f01020010240000840000000000000000000000007147[payload->]...$...............qG||18,289
2025-07-31T13:34:53.870 0100|00|00|05|fa0001|364f015f25[payload->]_%||9,567
2025-07-31T13:34:53.971 0100|01|00|18|e601fe|364f01020010240000840000000000000000000000007147[payload->]...$...............qG||18,289
2025-07-31T14:04:56.075 0100|00|00|05|fa0001|364f015f25[payload->]_%||9,567
2025-07-31T14:04:56.277 0100|01|00|18|e601fe|364f01020010240000840000000000000000000000007147[payload->]...$...............qG||18,289
2025-07-31T14:31:27.160 0100|00|00|05|fa0001|364f015f25[payload->]_%||9,567
2025-07-31T14:31:27.361 0100|01|00|18|e601fe|364f01020010240000840000000000000000000000007147[payload->]...$...............qG||18,289
2025-07-31T14:34:55.453 0100|00|00|05|fa0001|364f015f25[payload->]_%||9,567
2025-07-31T14:34:55.554 0100|01|00|18|e601fe|364f01020010240000840000000000000000000000007147[payload->]...$...............qG||18,289
2025-07-31T15:04:55.825 0100|00|00|05|fa0001|364f015f25[payload->]_%||9,567
2025-07-31T15:04:55.926 0100|01|00|18|e601fe|364f01020010240000840000000000000000000000007147[payload->]...$...............qG||18,289
2025-07-31T15:34:58.044 0100|00|00|05|fa0001|364f015f24[payload->]_$||9,311
2025-07-31T15:34:58.246 0100|01|00|18|e601fe|364f01020010240000840000000000000000000000007147[payload->]...$...............qG||18,289
2025-07-31T16:04:58.011 0100|00|00|05|fa0001|364f015f25[payload->]_%||9,567
2025-07-31T17:04:59.216 0100|00|00|05|fa0001|364f015f25[payload->]_%||9,567
2025-07-31T17:04:59.418 0100|01|00|18|e601fe|364f01020010240000840000000000000000000000007147[payload->]...$...............qG||18,289
2025-07-31T17:34:59.603 0100|00|00|05|fa0001|364f015f25[payload->]_%||9,567
2025-07-31T17:35:00.206 0100|01|00|18|e601fe|364f01020010240000840000000000000000000000007147[payload->]...$...............qG||18,289
2025-07-31T18:04:59.265 0100|00|00|05|fa0001|364f015f25[payload->]_%||9,567
2025-07-31T18:04:59.467 0100|01|00|18|e601fe|364f01020010240000840000000000000000000000007147[payload->]...$...............qG||18,289
2025-07-31T18:34:59.991 0100|00|00|05|fa0001|364f015f25[payload->]_%||9,567
2025-07-31T18:35:00.294 0100|01|00|18|e601fe|364f01020010240000840000000000000000000000007147[payload->]...$...............qG||18,289
2025-07-31T19:05:00.973 0100|00|00|05|fa0001|364f015f25[payload->]_%||9,567
2025-07-31T19:05:01.175 0100|01|00|18|e601fe|364f01020010240000840000000000000000000000007147[payload->]...$...............qG||18,289
2025-07-31T19:35:00.934 0100|00|00|05|fa0001|364f015f25[payload->]_%||9,567
2025-07-31T19:35:01.035 0100|01|00|18|e601fe|364f01020010240000840000000000000000000000007147[payload->]...$...............qG||18,289
2025-07-31T20:05:01.189 0100|00|00|05|fa0001|364f015f25[payload->]_%||9,567
2025-07-31T20:05:01.390 0100|01|00|18|e601fe|364f01020010240000840000000000000000000000007147[payload->]...$...............qG||18,289
2025-07-31T20:31:25.818 0100|00|00|05|fa0001|364f015f25[payload->]_%||9,567
2025-07-31T20:31:25.920 0100|01|00|18|e601fe|364f01020010240000840000000000000000000000007147[payload->]...$...............qG||18,289
2025-07-31T20:35:01.002 0100|00|00|05|fa0001|364f015f25[payload->]_%||9,567
2025-07-31T20:35:01.103 0100|01|00|18|e601fe|364f01020010240000840000000000000000000000007147[payload->]...$...............qG||18,289
2025-07-31T21:05:01.006 0100|00|00|05|fa0001|364f015f25[payload->]_%||9,567
2025-07-31T21:05:01.107 0100|01|00|18|e601fe|364f01020010240000840000000000000000000000007147[payload->]...$...............qG||18,289
2025-07-31T21:35:02.014 0100|00|00|05|fa0001|364f015f25[payload->]_%||9,567
2025-07-31T21:35:02.115 0100|01|00|18|e601fe|364f01020010240000840000000000000000000000007147[payload->]...$...............qG||18,289
2025-07-31T22:05:01.965 0100|00|00|05|fa0001|364f015f25[payload->]_%||9,567
2025-07-31T22:05:02.167 0100|01|00|18|e601fe|364f01020010240000840000000000000000000000007147[payload->]...$...............qG||18,289
2025-07-31T22:31:26.400 0100|01|00|18|e601fe|364f01020010240000840000000000000000000000007147[payload->]...$...............qG||18,289
2025-07-31T22:35:02.474 0100|01|00|18|e601fe|364f01020010240000840000000000000000000000007147[payload->]...$...............qG||18,289
2025-07-31T23:05:04.340 0100|00|00|05|fa0001|364f015f25[payload->]_%||9,567
2025-07-31T23:05:04.541 0100|01|00|18|e601fe|364f01020010240000840000000000000000000000007147[payload->]...$...............qG||18,289
2025-07-31T23:35:04.344 0100|00|00|05|fa0001|364f015f25[payload->]_%||9,567
2025-07-31T23:35:04.445 0100|01|00|18|e601fe|364f01020010240000840000000000000000000000007147[payload->]...$...............qG||18,289
2025-08-01T00:05:04.305 0100|00|00|05|fa0001|364f015f25[payload->]_%||9,567
2025-08-01T00:05:04.507 0100|01|00|18|e601fe|364f01020010240000840000000000000000000000007147[payload->]...$...............qG||18,289
2025-08-01T00:35:04.426 0100|00|00|05|fa0001|364f015f25[payload->]_%||9,567
2025-08-01T00:35:04.728 0100|01|00|18|e601fe|364f01020010240000840000000000000000000000007147[payload->]...$...............qG||18,289
2025-08-01T01:05:04.396 0100|00|00|05|fa0001|364f015f25[payload->]_%||9,567
2025-08-01T01:05:04.498 0100|01|00|18|e601fe|364f01020010240000840000000000000000000000007147[payload->]...$...............qG||18,289
2025-08-01T01:31:27.201 0100|01|00|18|e601fe|364f01020010240000840000000000000000000000007147[payload->]...$...............qG||18,289
2025-08-01T01:35:04.343 0100|00|00|05|fa0001|364f015f25[payload->]_%||9,567
2025-08-01T01:35:04.444 0100|01|00|18|e601fe|364f01020010240000840000000000000000000000007147[payload->]...$...............qG||18,289
2025-08-01T02:05:06.335 0100|00|00|05|fa0001|364f015f25[payload->]_%||9,567
2025-08-01T02:05:06.536 0100|01|00|18|e601fe|364f01020010240000840000000000000000000000007147[payload->]...$...............qG||18,289
2025-08-01T02:31:25.895 0100|00|00|05|fa0001|364f015f25[payload->]_%||9,567
2025-08-01T02:31:25.996 0100|01|00|18|e601fe|364f01020010240000840000000000000000000000007147[payload->]...$...............qG||18,289
2025-08-01T02:35:06.254 0100|00|00|05|fa0001|364f015f25[payload->]_%||9,567
2025-08-01T02:35:06.355 0100|01|00|18|e601fe|364f01020010240000840000000000000000000000007147[payload->]...$...............qG||18,289
2025-08-01T03:05:06.232 0100|00|00|05|fa0001|364f015f25[payload->]_%||9,567
2025-08-01T03:05:06.333 0100|01|00|18|e601fe|364f01020010240000840000000000000000000000007147[payload->]...$...............qG||18,289
2025-08-01T03:31:25.652 0100|00|00|05|fa0001|364f015f25[payload->]_%||9,567
2025-08-01T03:35:07.129 0100|00|00|05|fa0001|364f015f25[payload->]_%||9,567
2025-08-01T04:05:08.112 0100|00|00|05|fa0001|364f015f25[payload->]_%||9,567
2025-08-01T04:05:08.213 0100|01|00|18|e601fe|364f01020010240000840000000000000000000000007147[payload->]...$...............qG||18,289
2025-08-01T04:35:08.872 0100|00|00|05|fa0001|364f015f25[payload->]_%||9,567
2025-08-01T04:35:08.973 0100|01|00|18|e601fe|364f01020010240000840000000000000000000000007147[payload->]...$...............qG||18,289
2025-08-01T05:05:08.147 0100|00|00|05|fa0001|364f015f25[payload->]_%||9,567
2025-08-01T05:05:08.248 0100|01|00|18|e601fe|364f01020010240000840000000000000000000000007147[payload->]...$...............qG||18,289
2025-08-01T05:35:08.130 0100|00|00|05|fa0001|364f015f25[payload->]_%||9,567
2025-08-01T05:35:08.231 0100|01|00|18|e601fe|364f01020010240000840000000000000000000000007147[payload->]...$...............qG||18,289
2025-08-01T06:05:08.089 0100|00|00|05|fa0001|364f015f25[payload->]_%||9,567
2025-08-01T06:05:08.290 0100|01|00|18|e601fe|364f01020010240000840000000000000000000000007147[payload->]...$...............qG||18,289
2025-08-01T06:35:08.117 0100|00|00|05|fa0001|364f015f25[payload->]_%||9,567
2025-08-01T06:35:08.219 0100|01|00|18|e601fe|364f01020010240000840000000000000000000000007147[payload->]...$...............qG||18,289
2025-08-01T07:05:08.134 0100|00|00|05|fa0001|364f015f25[payload->]_%||9,567
2025-08-01T07:05:08.235 0100|01|00|18|e601fe|364f01020010240000840000000000000000000000007147[payload->]...$...............qG||18,289
2025-08-01T07:35:09.998 0100|00|00|05|fa0001|364f015f25[payload->]_%||9,567
2025-08-01T07:35:10.300 0100|01|00|18|e601fe|364f01020010240000840000000000000000000000007147[payload->]...$...............qG||18,289
2025-08-01T08:05:10.003 0100|00|00|05|fa0001|364f015f25[payload->]_%||9,567
2025-08-01T08:05:10.104 0100|01|00|18|e601fe|364f01020010240000840000000000000000000000007147[payload->]...$...............qG||18,289
2025-08-01T08:35:09.985 0100|00|00|05|fa0001|364f015f25[payload->]_%||9,567
2025-08-01T09:05:09.932 0100|00|00|05|fa0001|364f015f25[payload->]_%||9,567
2025-08-01T09:05:10.033 0100|01|00|18|e601fe|364f01020010240000840000000000000000000000007147[payload->]...$...............qG||18,289
2025-08-01T09:35:09.993 0100|00|00|05|fa0001|364f015f25[payload->]_%||9,567
2025-08-01T09:35:10.094 0100|01|00|18|e601fe|364f01020010240000840000000000000000000000007147[payload->]...$...............qG||18,289
2025-08-01T10:05:09.993 0100|00|00|05|fa0001|364f015f25[payload->]_%||9,567
2025-08-01T10:05:10.094 0100|01|00|18|e601fe|364f01020010240000840000000000000000000000007147[payload->]...$...............qG||18,289
2025-08-01T10:35:09.919 0100|00|00|05|fa0001|364f015f25[payload->]_%||9,567
2025-08-01T10:35:10.020 0100|01|00|18|e601fe|364f01020010240000840000000000000000000000007147[payload->]...$...............qG||18,289
2025-08-01T11:05:10.121 0100|00|00|05|fa0001|364f015f25[payload->]_%||9,567
2025-08-01T11:05:10.323 0100|01|00|18|e601fe|364f01020010240000840000000000000000000000007147[payload->]...$...............qG||18,289
2025-08-01T11:35:09.930 0100|00|00|05|fa0001|364f015f25[payload->]_%||9,567
2025-08-01T11:35:10.031 0100|01|00|18|e601fe|364f01020010240000840000000000000000000000007147[payload->]...$...............qG||18,289
2025-08-01T12:05:09.991 0100|00|00|05|fa0001|364f015f25[payload->]_%||9,567
2025-08-01T12:05:10.092 0100|01|00|18|e601fe|364f01020010240000840000000000000000000000007147[payload->]...$...............qG||18,289
2025-08-01T12:35:11.201 0100|00|00|05|fa0001|364f015f25[payload->]_%||9,567
2025-08-01T12:35:11.302 0100|01|00|18|e601fe|364f01020010240000840000000000000000000000007147[payload->]...$...............qG||18,289
2025-08-01T13:05:11.994 0100|00|00|05|fa0001|364f015f25[payload->]_%||9,567
2025-08-01T13:05:12.095 0100|01|00|18|e601fe|364f01020010240000840000000000000000000000007147[payload->]...$...............qG||18,289
2025-08-01T13:35:14.177 0100|00|00|05|fa0001|364f015f25[payload->]_%||9,567
2025-08-01T13:35:14.278 0100|01|00|18|e601fe|364f01020010240000840000000000000000000000007147[payload->]...$...............qG||18,289
2025-08-01T14:05:14.189 0100|00|00|05|fa0001|364f015f25[payload->]_%||9,567
2025-08-01T14:05:14.291 0100|01|00|18|e601fe|364f01020010240000840000000000000000000000007147[payload->]...$...............qG||18,289
2025-08-01T14:31:27.234 0100|00|00|05|fa0001|364f015f25[payload->]_%||9,567
2025-08-01T14:31:27.335 0100|01|00|18|e601fe|364f01020010240000840000000000000000000000007147[payload->]...$...............qG||18,289
2025-08-01T14:35:15.241 0100|00|00|05|fa0001|364f015f25[payload->]_%||9,567
2025-08-01T14:35:15.343 0100|01|00|18|e601fe|364f01020010240000840000000000000000000000007147[payload->]...$...............qG||18,289
2025-08-01T15:05:15.087 0100|00|00|05|fa0001|364f015f25[payload->]_%||9,567
2025-08-01T15:05:15.188 0100|01|00|18|e601fe|364f01020010240000840000000000000000000000007147[payload->]...$...............qG||18,289
2025-08-01T15:35:16.167 0100|00|00|05|fa0001|364f015f25[payload->]_%||9,567
2025-08-01T15:35:16.369 0100|01|00|18|e601fe|364f01020010240000840000000000000000000000007147[payload->]...$...............qG||18,289
2025-08-01T16:05:16.192 0100|00|00|05|fa0001|364f015f25[payload->]_%||9,567
2025-08-01T16:05:16.293 0100|01|00|18|e601fe|364f01020010240000840000000000000000000000007147[payload->]...$...............qG||18,289
2025-08-01T16:35:16.720 0100|00|00|05|fa0001|364f015f25[payload->]_%||9,567
2025-08-01T16:35:16.922 0100|01|00|18|e601fe|364f01020010240000840000000000000000000000007147[payload->]...$...............qG||18,289
2025-08-01T17:05:16.230 0100|00|00|05|fa0001|364f015f25[payload->]_%||9,567
2025-08-01T17:05:16.331 0100|01|00|18|e601fe|364f01020010240000840000000000000000000000007147[payload->]...$...............qG||18,289
2025-08-01T17:35:16.180 0100|00|00|05|fa0001|364f015f25[payload->]_%||9,567
2025-08-01T17:35:16.382 0100|01|00|18|e601fe|364f01020010240000840000000000000000000000007147[payload->]...$...............qG||18,289
2025-08-01T18:05:16.295 0100|00|00|05|fa0001|364f015f25[payload->]_%||9,567
2025-08-01T18:05:16.496 0100|01|00|18|e601fe|364f01020010240000840000000000000000000000007147[payload->]...$...............qG||18,289
2025-08-01T18:35:16.162 0100|00|00|05|fa0001|364f015f25[payload->]_%||9,567
2025-08-01T18:35:16.364 0100|01|00|18|e601fe|364f01020010240000840000000000000000000000007147[payload->]...$...............qG||18,289
2025-08-01T19:05:16.338 0100|00|00|05|fa0001|364f015f25[payload->]_%||9,567
2025-08-01T19:05:16.439 0100|01|00|18|e601fe|364f01020010240000840000000000000000000000007147[payload->]...$...............qG||18,289
2025-08-01T19:35:16.996 0100|00|00|05|fa0001|364f015f25[payload->]_%||9,567
2025-08-01T19:35:17.097 0100|01|00|18|e601fe|364f01020010240000840000000000000000000000007147[payload->]...$...............qG||18,289
2025-08-01T20:05:17.966 0100|00|00|05|fa0001|364f015f25[payload->]_%||9,567
2025-08-01T20:05:18.168 0100|01|00|18|e601fe|364f01020010240000840000000000000000000000007147[payload->]...$...............qG||18,289
2025-08-01T20:31:25.971 0100|00|00|05|fa0001|364f015f25[payload->]_%||9,567
2025-08-01T20:31:26.073 0100|01|00|18|e601fe|364f01020010240000840000000000000000000000007147[payload->]...$...............qG||18,289
2025-08-01T20:35:19.060 0100|00|00|05|fa0001|364f015f25[payload->]_%||9,567
2025-08-01T20:35:19.262 0100|01|00|18|e601fe|364f01020010240000840000000000000000000000007147[payload->]...$...............qG||18,289
2025-08-01T21:05:19.170 0100|00|00|05|fa0001|364f015f25[payload->]_%||9,567
2025-08-01T21:05:19.272 0100|01|00|18|e601fe|364f01020010240000840000000000000000000000007147[payload->]...$...............qG||18,289
2025-08-01T21:35:19.171 0100|00|00|05|fa0001|364f015f25[payload->]_%||9,567
2025-08-01T21:35:19.273 0100|01|00|18|e601fe|364f01020010240000840000000000000000000000007147[payload->]...$...............qG||18,289
2025-08-01T22:05:20.151 0100|00|00|05|fa0001|364f015f25[payload->]_%||9,567
2025-08-01T22:05:20.252 0100|01|00|18|e601fe|364f01020010240000840000000000000000000000007147[payload->]...$...............qG||18,289
2025-08-01T22:35:20.286 0100|00|00|05|fa0001|364f015f25[payload->]_%||9,567
2025-08-01T22:35:20.488 0100|01|00|18|e601fe|364f01020010240000840000000000000000000000007147[payload->]...$...............qG||18,289
2025-08-01T23:05:20.181 0100|00|00|05|fa0001|364f015f25[payload->]_%||9,567
2025-08-01T23:05:20.282 0100|01|00|18|e601fe|364f01020010240000840000000000000000000000007147[payload->]...$...............qG||18,289
2025-08-01T23:35:20.169 0100|00|00|05|fa0001|364f015f25[payload->]_%||9,567
2025-08-01T23:35:20.271 0100|01|00|18|e601fe|364f01020010240000840000000000000000000000007147[payload->]...$...............qG||18,289
2025-08-02T00:05:20.193 0100|00|00|05|fa0001|364f015f25[payload->]_%||9,567
2025-08-02T00:05:20.295 0100|01|00|18|e601fe|364f01020010240000840000000000000000000000007147[payload->]...$...............qG||18,289
2025-08-02T00:35:20.174 0100|00|00|05|fa0001|364f015f25[payload->]_%||9,567
2025-08-02T00:35:20.275 0100|01|00|18|e601fe|364f01020010240000840000000000000000000000007147[payload->]...$...............qG||18,289
2025-08-02T01:05:20.226 0100|00|00|05|fa0001|364f015f25[payload->]_%||9,567
2025-08-02T01:05:20.327 0100|01|00|18|e601fe|364f01020010240000840000000000000000000000007147[payload->]...$...............qG||18,289
2025-08-02T01:31:25.887 0100|00|00|05|fa0001|364f015f25[payload->]_%||9,567
2025-08-02T01:31:26.090 0100|01|00|18|e601fe|364f01020010240000840000000000000000000000007147[payload->]...$...............qG||18,289
2025-08-02T01:35:20.218 0100|00|00|05|fa0001|364f015f25[payload->]_%||9,567
2025-08-02T01:35:20.319 0100|01|00|18|e601fe|364f01020010240000840000000000000000000000007147[payload->]...$...............qG||18,289
2025-08-02T02:05:20.216 0100|00|00|05|fa0001|364f015f25[payload->]_%||9,567
2025-08-02T02:05:20.318 0100|01|00|18|e601fe|364f01020010240000840000000000000000000000007147[payload->]...$...............qG||18,289
2025-08-02T02:35:20.633 0100|00|00|05|fa0001|364f015f25[payload->]_%||9,567
2025-08-02T02:35:20.835 0100|01|00|18|e601fe|364f010200102400008c0000000000000000000000007147[payload->]...$...............qG||18,289
2025-08-02T03:05:20.159 0100|00|00|05|fa0001|364f015f25[payload->]_%||9,567
2025-08-02T03:05:20.361 0100|01|00|18|e601fe|364f01020010240000840000000000000000000000007147[payload->]...$...............qG||18,289
2025-08-02T03:35:21.340 0100|00|00|05|fa0001|364f015f25[payload->]_%||9,567
2025-08-02T03:35:21.542 0100|01|00|18|e601fe|364f01020010240000840000000000000000000000007147[payload->]...$...............qG||18,289
2025-08-02T04:05:20.202 0100|00|00|05|fa0001|364f015f25[payload->]_%||9,567
2025-08-02T04:05:20.304 0100|01|00|18|e601fe|364f01020010240000840000000000000000000000007147[payload->]...$...............qG||18,289
2025-08-02T04:35:20.249 0100|00|00|05|fa0001|364f015f25[payload->]_%||9,567
2025-08-02T05:05:20.724 0100|00|00|05|fa0001|364f015f25[payload->]_%||9,567
2025-08-02T05:05:20.826 0100|01|00|18|e601fe|364f01020010240000840000000000000000000000007147[payload->]...$...............qG||18,289
2025-08-02T05:31:25.929 0100|00|00|05|fa0001|364f015f25[payload->]_%||9,567
2025-08-02T05:35:20.195 0100|00|00|05|fa0001|364f015f25[payload->]_%||9,567
2025-08-02T05:35:20.296 0100|01|00|18|e601fe|364f01020010240000840000000000000000000000007147[payload->]...$...............qG||18,289
2025-08-02T06:05:21.062 0100|00|00|05|fa0001|364f015f25[payload->]_%||9,567
2025-08-02T06:05:21.264 0100|01|00|18|e601fe|364f01020010240000840000000000000000000000007147[payload->]...$...............qG||18,289
2025-08-02T06:35:21.057 0100|00|00|05|fa0001|364f015f25[payload->]_%||9,567
2025-08-02T06:35:21.259 0100|01|00|18|e601fe|364f01020010240000840000000000000000000000007147[payload->]...$...............qG||18,289
2025-08-02T07:05:21.081 0100|00|00|05|fa0001|364f015f25[payload->]_%||9,567
2025-08-02T07:05:21.283 0100|01|00|18|e601fe|364f01020010240000840000000000000000000000007147[payload->]...$...............qG||18,289
2025-08-02T07:31:26.035 0100|01|00|18|e601fe|364f01020010240000840000000000000000000000007147[payload->]...$...............qG||18,289
2025-08-02T07:35:21.090 0100|00|00|05|fa0001|364f015f25[payload->]_%||9,567
2025-08-02T07:35:21.292 0100|01|00|18|e601fe|364f01020010240000840000000000000000000000007147[payload->]...$...............qG||18,289
2025-08-02T08:05:22.272 0100|00|00|05|fa0001|364f015f25[payload->]_%||9,567
2025-08-02T08:05:22.373 0100|01|00|18|e601fe|364f01020010240000840000000000000000000000007147[payload->]...$...............qG||18,289
2025-08-02T08:35:22.277 0100|00|00|05|fa0001|364f015f25[payload->]_%||9,567
2025-08-02T08:35:22.378 0100|01|00|18|e601fe|364f01020010240000840000000000000000000000007147[payload->]...$...............qG||18,289
2025-08-02T09:05:22.217 0100|00|00|05|fa0001|364f015f25[payload->]_%||9,567
2025-08-02T09:05:22.419 0100|01|00|18|e601fe|364f01020010240000840000000000000000000000007147[payload->]...$...............qG||18,289
2025-08-02T09:31:25.768 0100|00|00|05|fa0001|364f015f25[payload->]_%||9,567
2025-08-02T09:31:25.970 0100|01|00|18|e601fe|364f01020010240000840000000000000000000000007147[payload->]...$...............qG||18,289
2025-08-02T09:35:22.262 0100|00|00|05|fa0001|364f015f25[payload->]_%||9,567
2025-08-02T09:35:22.363 0100|01|00|18|e601fe|364f01020010240000840000000000000000000000007147[payload->]...$...............qG||18,289
2025-08-02T10:05:23.297 0100|00|00|05|fa0001|364f015f25[payload->]_%||9,567
2025-08-02T10:05:23.398 0100|01|00|18|e601fe|364f01020010240000840000000000000000000000007147[payload->]...$...............qG||18,289
2025-08-02T10:35:23.222 0100|00|00|05|fa0001|364f015f25[payload->]_%||9,567
2025-08-02T10:35:23.424 0100|01|00|18|e601fe|364f01020010240000840000000000000000000000007147[payload->]...$...............qG||18,289
2025-08-02T11:05:24.642 0100|00|00|05|fa0001|364f015f25[payload->]_%||9,567
2025-08-02T11:05:24.743 0100|01|00|18|e601fe|364f01020010240000840000000000000000000000007147[payload->]...$...............qG||18,289
2025-08-02T11:31:25.866 0100|00|00|05|fa0001|364f015f25[payload->]_%||9,567
2025-08-02T11:31:26.068 0100|01|00|18|e601fe|364f01020010240000840000000000000000000000007147[payload->]...$...............qG||18,289
2025-08-02T11:35:23.994 0100|00|00|05|fa0001|364f015f25[payload->]_%||9,567
2025-08-02T11:35:24.196 0100|01|00|18|e601fe|364f01020010240000840000000000000000000000007147[payload->]...$...............qG||18,289
2025-08-02T12:05:26.473 0100|00|00|05|fa0001|364f015f25[payload->]_%||9,567
2025-08-02T12:35:27.107 0100|00|00|05|fa0001|364f015f25[payload->]_%||9,567
2025-08-02T12:35:27.208 0100|01|00|18|e601fe|364f01020010240000840000000000000000000000007147[payload->]...$...............qG||18,289
2025-08-02T13:05:27.948 0100|00|00|05|fa0001|364f015f25[payload->]_%||9,567
2025-08-02T13:05:28.150 0100|01|00|18|e601fe|364f01020010240000840000000000000000000000007147[payload->]...$...............qG||18,289
2025-08-02T13:35:31.300 0100|00|00|05|fa0001|364f015f25[payload->]_%||9,567
2025-08-02T13:35:31.401 0100|01|00|18|e601fe|364f01020010240000840000000000000000000000007147[payload->]...$...............qG||18,289
2025-08-02T14:05:29.994 0100|00|00|05|fa0001|364f015f25[payload->]_%||9,567
2025-08-02T14:05:30.095 0100|01|00|18|e601fe|364f01020010240000840000000000000000000000007147[payload->]...$...............qG||18,289
2025-08-02T14:35:29.966 0100|00|00|05|fa0001|364f015f25[payload->]_%||9,567
2025-08-02T15:05:29.977 0100|00|00|05|fa0001|364f015f25[payload->]_%||9,567
2025-08-02T15:05:30.179 0100|01|00|18|e601fe|364f01020010240000840000000000000000000000007147[payload->]...$...............qG||18,289
2025-08-02T15:35:30.111 0100|00|00|05|fa0001|364f015f25[payload->]_%||9,567
2025-08-02T15:35:30.313 0100|01|00|18|e601fe|364f01020010240000840000000000000000000000007147[payload->]...$...............qG||18,289
2025-08-02T16:05:30.030 0100|00|00|05|fa0001|364f015f25[payload->]_%||9,567
2025-08-02T16:05:30.131 0100|01|00|18|e601fe|364f01020010240000840000000000000000000000007147[payload->]...$...............qG||18,289
2025-08-02T16:31:25.941 0100|00|00|05|fa0001|364f015f25[payload->]_%||9,567
2025-08-02T16:31:26.042 0100|01|00|18|e601fe|364f01020010240000840000000000000000000000007147[payload->]...$...............qG||18,289
2025-08-02T16:35:30.195 0100|00|00|05|fa0001|364f015f25[payload->]_%||9,567
2025-08-02T17:05:29.958 0100|00|00|05|fa0001|364f015f25[payload->]_%||9,567
2025-08-02T17:05:30.160 0100|01|00|18|e601fe|364f01020010240000840000000000000000000000007147[payload->]...$...............qG||18,289
2025-08-02T17:35:30.024 0100|00|00|05|fa0001|364f015f25[payload->]_%||9,567
2025-08-02T17:35:30.226 0100|01|00|18|e601fe|364f01020010240000840000000000000000000000007147[payload->]...$...............qG||18,289
2025-08-02T18:05:30.029 0100|00|00|05|fa0001|364f015f25[payload->]_%||9,567
2025-08-02T18:05:30.130 0100|01|00|18|e601fe|364f01020010240000840000000000000000000000007147[payload->]...$...............qG||18,289
2025-08-02T18:35:30.034 0100|00|00|05|fa0001|364f015f25[payload->]_%||9,567
2025-08-02T18:35:30.135 0100|01|00|18|e601fe|364f01020010240000840000000000000000000000007147[payload->]...$...............qG||18,289
2025-08-02T19:05:30.096 0100|00|00|05|fa0001|364f015f25[payload->]_%||9,567
2025-08-02T19:05:30.298 0100|01|00|18|e601fe|364f01020010240000840000000000000000000000007147[payload->]...$...............qG||18,289
2025-08-02T19:31:26.254 0100|00|00|05|fa0001|364f015f25[payload->]_%||9,567
2025-08-02T19:31:26.455 0100|01|00|18|e601fe|364f01020010240000840000000000000000000000007147[payload->]...$...............qG||18,289
2025-08-02T19:35:31.947 0100|00|00|05|fa0001|364f015f25[payload->]_%||9,567
2025-08-02T19:35:32.149 0100|01|00|18|e601fe|364f01020010240000840000000000000000000000007147[payload->]...$...............qG||18,289
2025-08-02T20:05:32.150 0100|00|00|05|fa0001|364f015f25[payload->]_%||9,567
2025-08-02T20:05:32.351 0100|01|00|18|e601fe|364f01020010240000840000000000000000000000007147[payload->]...$...............qG||18,289
2025-08-02T20:35:33.375 0100|00|00|05|fa0001|364f015f25[payload->]_%||9,567
2025-08-02T20:35:33.577 0100|01|00|18|e601fe|364f010200102c0000840000000000000000000000007147[payload->]...,...............qG||18,289
2025-08-02T21:05:33.461 0100|00|00|05|fa0001|364f015f25[payload->]_%||9,567
2025-08-02T21:05:33.663 0100|01|00|18|e601fe|364f01020010240000840000000000000000000000007147[payload->]...$...............qG||18,289
2025-08-02T21:35:33.406 0100|00|00|05|fa0001|364f015f25[payload->]_%||9,567
2025-08-02T22:05:33.507 0100|00|00|05|fa0001|364f015f25[payload->]_%||9,567
2025-08-02T22:31:26.527 0100|00|00|05|fa0001|364f015f25[payload->]_%||9,567
2025-08-02T22:31:26.628 0100|01|00|18|e601fe|364f01020010240000840000000000000000000000007147[payload->]...$...............qG||18,289
2025-08-02T22:35:33.494 0100|00|00|05|fa0001|364f015f25[payload->]_%||9,567
2025-08-02T22:35:33.696 0100|01|00|18|e601fe|364f01020010240000840000000000000000000000007147[payload->]...$...............qG||18,289
2025-08-02T23:05:33.472 0100|00|00|05|fa0001|364f015f25[payload->]_%||9,567
2025-08-02T23:05:33.674 0100|01|00|18|e601fe|364f01020010240000840000000000000000000000007147[payload->]...$...............qG||18,289
2025-08-02T23:35:34.284 0100|00|00|05|fa0001|364f015f25[payload->]_%||9,567
2025-08-02T23:35:34.485 0100|01|00|18|e601fe|364f01020010240000840000000000000000000000007147[payload->]...$...............qG||18,289
2025-08-03T00:05:34.274 0100|00|00|05|fa0001|364f015f25[payload->]_%||9,567
2025-08-03T00:05:34.375 0100|01|00|18|e601fe|364f01020010240000840000000000000000000000007147[payload->]...$...............qG||18,289
2025-08-03T00:35:34.479 0100|00|00|05|fa0001|364f015f25[payload->]_%||9,567
2025-08-03T00:35:34.580 0100|01|00|18|e601fe|364f01020010240000840000000000000000000000007147[payload->]...$...............qG||18,289
2025-08-03T01:05:37.516 0100|00|00|05|fa0001|364f015f25[payload->]_%||9,567
2025-08-03T01:05:37.617 0100|01|00|18|e601fe|364f01020010240000840000000000000000000000007147[payload->]...$...............qG||18,289
2025-08-03T01:35:38.665 0100|00|00|05|fa0001|364f015f25[payload->]_%||9,567
2025-08-03T01:35:38.766 0100|01|00|18|e601fe|364f01020010240000840000000000000000000000007147[payload->]...$...............qG||18,289
2025-08-03T02:05:38.148 0100|00|00|05|fa0001|364f015f25[payload->]_%||9,567
2025-08-03T02:05:38.250 0100|01|00|18|e601fe|364f01020010240000840000000000000000000000007147[payload->]...$...............qG||18,289
2025-08-03T02:35:38.989 0100|00|00|05|fa0001|364f015f24[payload->]_$||9,311
2025-08-03T02:35:39.191 0100|01|00|18|e601fe|364f01020010240000840000000000000000000000007147[payload->]...$...............qG||18,289
2025-08-03T03:05:39.516 0100|00|00|05|fa0001|364f015f25[payload->]_%||9,567
2025-08-03T03:05:39.617 0100|01|00|18|e601fe|364f01020010240000840000000000000000000000007147[payload->]...$...............qG||18,289
2025-08-03T03:35:39.080 0100|00|00|05|fa0001|364f015f25[payload->]_%||9,567
2025-08-03T03:35:39.282 0100|01|00|18|e601fe|364f01020010240000840000000000000000000000007147[payload->]...$...............qG||18,289
2025-08-03T04:05:40.289 0100|00|00|05|fa0001|364f015f25[payload->]_%||9,567
2025-08-03T04:05:40.793 0100|01|00|58|e601fe|364f010200102400008400000000000000000000000071470100000005fa0001500e00d0340100030046f801fe500e000002f60100000005fa000110030154f00100010007f701fe100301ffff859c0100000005fa000120[payload->]...$...............qG........P...4....F...P................T........................ ||8,193
2025-08-03T04:35:39.038 0100|00|00|05|fa0001|364f015f25[payload->]_%||9,567
2025-08-03T04:35:39.240 0100|01|00|18|e601fe|364f01020010240000840000000000000000000000007147[payload->]...$...............qG||18,289
2025-08-03T05:05:39.040 0100|00|00|05|fa0001|364f015f25[payload->]_%||9,567
2025-08-03T05:05:39.242 0100|01|00|18|e601fe|364f01020010240000840000000000000000000000007147[payload->]...$...............qG||18,289
2025-08-03T05:35:39.070 0100|00|00|05|fa0001|364f015f25[payload->]_%||9,567
2025-08-03T05:35:39.171 0100|01|00|18|e601fe|364f01020010240000840000000000000000000000007147[payload->]...$...............qG||18,289
2025-08-03T06:05:38.982 0100|00|00|05|fa0001|364f015f25[payload->]_%||9,567
2025-08-03T06:05:39.184 0100|01|00|18|e601fe|364f01020010240000840000000000000000000000007147[payload->]...$...............qG||18,289
2025-08-03T06:35:38.984 0100|00|00|05|fa0001|364f015f25[payload->]_%||9,567
2025-08-03T06:35:39.185 0100|01|00|18|e601fe|364f01020010240000840000000000000000000000007147[payload->]...$...............qG||18,289
2025-08-03T07:05:38.979 0100|00|00|05|fa0001|364f015f25[payload->]_%||9,567
2025-08-03T07:05:39.180 0100|01|00|18|e601fe|364f01020010240000840000000000000000000000007147[payload->]...$...............qG||18,289
2025-08-03T07:35:41.312 0100|00|00|05|fa0001|364f015f25[payload->]_%||9,567
2025-08-03T07:35:41.514 0100|01|00|18|e601fe|364f01020010240000840000000000000000000000007147[payload->]...$...............qG||18,289
2025-08-03T08:05:40.418 0100|00|00|05|fa0001|364f015f25[payload->]_%||9,567
2025-08-03T08:05:40.519 0100|01|00|18|e601fe|364f01020010240000840000000000000000000000007147[payload->]...$...............qG||18,289
2025-08-03T08:35:40.328 0100|00|00|05|fa0001|364f015f25[payload->]_%||9,567
2025-08-03T08:35:40.530 0100|01|00|18|e601fe|364f01020010240000840000000000000000000000007147[payload->]...$...............qG||18,289
2025-08-03T09:05:40.994 0100|00|00|05|fa0001|364f015f25[payload->]_%||9,567
2025-08-03T09:05:41.196 0100|01|00|18|e601fe|364f01020010240000840000000000000000000000007147[payload->]...$...............qG||18,289
2025-08-03T09:35:42.323 0100|00|00|05|fa0001|364f015f25[payload->]_%||9,567
2025-08-03T09:35:42.525 0100|01|00|18|e601fe|364f01020010240000840000000000000000000000007147[payload->]...$...............qG||18,289
2025-08-03T10:05:42.371 0100|00|00|05|fa0001|364f015f25[payload->]_%||9,567
2025-08-03T10:05:42.472 0100|01|00|18|e601fe|364f01020010240000840000000000000000000000007147[payload->]...$...............qG||18,289
2025-08-03T10:35:42.306 0100|00|00|05|fa0001|364f015f25[payload->]_%||9,567
2025-08-03T10:35:42.407 0100|01|00|18|e601fe|364f01020010240000840000000000000000000000007147[payload->]...$...............qG||18,289
2025-08-03T11:05:42.173 0100|00|00|05|fa0001|364f015f25[payload->]_%||9,567
2025-08-03T11:05:42.375 0100|01|00|18|e601fe|364f01020010240000840000000000000000000000007147[payload->]...$...............qG||18,289
2025-08-03T11:35:42.146 0100|00|00|05|fa0001|364f015f25[payload->]_%||9,567
2025-08-03T11:35:42.348 0100|01|00|18|e601fe|364f01020010240000840000000000000000000000007147[payload->]...$...............qG||18,289
2025-08-03T12:05:43.286 0100|00|00|05|fa0001|364f015f25[payload->]_%||9,567
2025-08-03T12:05:43.488 0100|01|00|18|e601fe|364f01020010240000840000000000000000000000007147[payload->]...$...............qG||18,289
2025-08-03T12:35:43.337 0100|00|00|05|fa0001|364f015f25[payload->]_%||9,567
2025-08-03T12:35:43.439 0100|01|00|18|e601fe|364f01020010240000840000000000000000000000007147[payload->]...$...............qG||18,289
2025-08-03T13:05:43.370 0100|00|00|05|fa0001|364f015f25[payload->]_%||9,567
2025-08-03T13:05:43.471 0100|01|00|18|e601fe|364f01020010240000840000000000000000000000007147[payload->]...$...............qG||18,289
2025-08-03T13:35:43.421 0100|00|00|05|fa0001|364f015f25[payload->]_%||9,567
2025-08-03T13:35:43.523 0100|01|00|18|e601fe|364f01020010240000840000000000000000000000007147[payload->]...$...............qG||18,289
2025-08-03T14:05:43.388 0100|00|00|05|fa0001|364f015f25[payload->]_%||9,567
2025-08-03T14:05:43.489 0100|01|00|18|e601fe|364f01020010240000840000000000000000000000007147[payload->]...$...............qG||18,289
2025-08-03T14:31:26.714 0100|00|00|05|fa0001|364f015f25[payload->]_%||9,567
2025-08-03T14:35:43.968 0100|00|00|05|fa0001|364f015f25[payload->]_%||9,567
2025-08-03T14:35:44.170 0100|01|00|18|e601fe|364f01020010240000840000000000000000000000007147[payload->]...$...............qG||18,289
2025-08-03T15:05:43.329 0100|00|00|05|fa0001|364f015f25[payload->]_%||9,567
2025-08-03T15:05:43.430 0100|01|00|18|e601fe|364f01020010240000840000000000000000000000007147[payload->]...$...............qG||18,289
2025-08-03T15:35:43.260 0100|00|00|05|fa0001|364f015f25[payload->]_%||9,567
2025-08-03T15:35:43.462 0100|01|00|18|e601fe|364f01020010240000840000000000000000000000007147[payload->]...$...............qG||18,289
2025-08-03T16:05:43.263 0100|00|00|05|fa0001|364f015f25[payload->]_%||9,567
2025-08-03T16:05:43.465 0100|01|00|18|e601fe|364f01020010240000840000000000000000000000007147[payload->]...$...............qG||18,289
2025-08-03T16:31:25.955 0100|00|00|05|fa0001|364f015f25[payload->]_%||9,567
2025-08-03T16:31:26.156 0100|01|00|18|e601fe|364f01020010240000840000000000000000000000000000[payload->]...$.................||0,000
2025-08-03T16:35:45.393 0100|00|00|05|fa0001|364f015f25[payload->]_%||9,567
2025-08-03T16:35:45.494 0100|01|00|18|e601fe|364f01020010240000840000000000000000000000007147[payload->]...$...............qG||18,289
2025-08-03T17:05:45.432 0100|00|00|05|fa0001|364f015f25[payload->]_%||9,567
2025-08-03T17:05:45.634 0100|01|00|18|e601fe|364f01020010240000840000000000000000000000007147[payload->]...$...............qG||18,289
2025-08-03T17:35:45.397 0100|00|00|05|fa0001|364f015f25[payload->]_%||9,567
2025-08-03T17:35:45.498 0100|01|00|18|e601fe|364f01020010240000840000000000000000000000007147[payload->]...$...............qG||18,289
2025-08-03T18:05:47.097 0100|00|00|05|fa0001|364f015f25[payload->]_%||9,567
2025-08-03T18:05:47.199 0100|01|00|18|e601fe|364f01020010240000840000000000000000000000007147[payload->]...$...............qG||18,289
