2025-07-30T21:19:57.540 0100|01|00|07|f701fe|5411013c00227b[payload->]<."{||31,522
2025-07-31T02:46:27.674 0100|01|00|07|f701fe|5411013c00227b[payload->]<."{||31,522
2025-07-31T04:04:27.686 0100|01|00|07|f701fe|5411013c00227b[payload->]<."{||31,522
2025-07-31T11:47:22.788 0100|00|00|05|fa0001|54110121bb[payload->]!.||47,905
2025-07-31T11:48:42.514 0100|01|00|07|f701fe|5411013c00227b[payload->]<."{||31,522
2025-07-31T12:56:42.867 0100|01|00|07|f701fe|5411013c00227b[payload->]<."{||31,522
2025-07-31T23:48:31.097 0100|01|00|07|f701fe|5411013c00227b[payload->]<."{||31,522
2025-07-31T23:53:41.109 0100|01|00|07|f701fe|5411013c00227b[payload->]<."{||31,522
2025-08-01T01:24:11.158 0100|01|00|07|f701fe|5411013c00227b[payload->]<."{||31,522
2025-08-01T02:13:03.009 0100|00|00|05|fa0001|54110121bb[payload->]!.||47,905
2025-08-01T03:01:13.067 0100|01|00|07|f701fe|5411013c00227b[payload->]<."{||31,522
2025-08-01T04:09:43.085 0100|01|00|07|f701fe|5411013c00227b[payload->]<."{||31,522
2025-08-01T04:23:13.054 0100|01|00|07|f701fe|5411013c00227b[payload->]<."{||31,522
2025-08-01T05:54:03.085 0100|01|00|07|f701fe|5411013c00227b[payload->]<."{||31,522
2025-08-01T08:46:44.165 0100|01|00|07|f701fe|5411013c00227b[payload->]<."{||31,522
2025-08-01T12:47:05.044 0100|01|00|07|f701fe|5411013c00227b[payload->]<."{||31,522
2025-08-01T20:13:33.121 0100|01|00|07|f701fe|5411013c00227b[payload->]<."{||31,522
2025-08-02T06:58:55.207 0100|01|00|07|f701fe|5411013c00227b[payload->]<."{||31,522
2025-08-02T09:20:15.088 0100|01|00|07|f701fe|5411013c00227b[payload->]<."{||31,522
2025-08-02T09:20:45.013 0100|01|00|07|f701fe|5411013c00227b[payload->]<."{||31,522
2025-08-02T09:30:55.479 0100|03|00|07|f701fe|5411013c00227b[payload->]<."{||31,522
2025-08-02T09:39:45.010 0100|01|00|07|f701fe|5411013c00227b[payload->]<."{||31,522
2025-08-02T10:01:44.941 0100|00|00|05|fa0001|54110121bb[payload->]!.||47,905
2025-08-02T10:05:15.322 0100|00|00|05|fa0001|54110121bb[payload->]!.||47,905
2025-08-02T11:16:15.036 0100|01|00|07|f701fe|5411013c00227b[payload->]<."{||31,522
2025-08-02T11:55:05.077 0100|01|00|07|f701fe|5411013c00227b[payload->]<."{||31,522
2025-08-02T21:15:01.064 0100|01|00|07|f701fe|5411013c00227b[payload->]<."{||31,522
2025-08-02T22:57:31.027 0100|01|00|07|f701fe|5411013c00227b[payload->]<."{||31,522
2025-08-02T23:26:42.116 0100|01|00|07|f701fe|5411013c00227b[payload->]<."{||31,522
2025-08-03T00:56:42.668 0100|01|00|07|f701fe|5411013c00227b[payload->]<."{||31,522
2025-08-03T02:14:15.366 0100|01|00|07|f701fe|5411013c00227b[payload->]<."{||31,522
2025-08-03T04:51:26.760 0100|00|00|05|fa0001|54110121bb[payload->]!.||47,905
2025-08-03T09:16:28.719 0100|01|00|07|f701fe|5411013c00227b[payload->]<."{||31,522
