2025-07-31T07:30:10.221 0100|01|00|0b|f301fe|3023402c1d9c01533ba5bd[payload->],...S;..||48,549
2025-07-31T08:11:10.192 0100|01|00|0b|f301fe|302340bea6c101533ba056[payload->]....S;.V||22,176
2025-08-01T15:51:30.530 0100|01|00|0b|f301fe|30234038176703543b64b4[payload->]8.g.T;d.||46,180
2025-08-01T17:20:40.613 0100|01|00|0b|f301fe|302340dab9b803543bea71[payload->]....T;.q||29,162
2025-08-01T17:35:30.726 0100|01|00|0b|f301fe|3023409c4ec603543bb192[payload->].N..T;..||37,553
2025-08-02T04:02:16.182 0100|01|00|0b|f301fe|302340d4c5dd00553b52ce[payload->]....U;R.||52,818
2025-08-02T06:28:18.699 0100|01|00|0b|f301fe|3023402c7b6303553bd9ff[payload->],{c.U;..||65,497
2025-08-02T10:10:30.370 0100|01|00|0b|f301fe|302340aae82e02553bcefa[payload->]....U;..||64,206
2025-08-02T19:45:19.506 0100|01|00|0b|f301fe|302340786d3d04553b28c0[payload->]xm=.U;(.||49,192
2025-08-02T23:55:54.625 0100|01|00|0b|f301fe|3023406a852205553bdef5[payload->]j.".U;..||62,942
2025-08-03T00:49:17.950 0100|01|00|0b|f301fe|302340d6052d00563b91f2[payload->]..-.V;..||62,097
2025-08-03T03:51:50.940 0100|01|00|0b|f301fe|3023408627d400563b9a38[payload->].'..V;.8||14,490
2025-08-03T05:15:51.037 0100|01|00|0b|f301fe|302340e2fb2001563b9d82[payload->].. .V;..||33,437
2025-08-03T08:16:32.907 0100|01|00|0b|f30bfe|3023408878c601563b01f9[payload->].x..V;..||63,745
2025-08-03T09:45:03.589 0100|01|00|0b|f301fe|3023404c8a1702563bac17[payload->]L...V;..||6,060
2025-08-03T10:11:23.606 0100|01|00|0b|f349fe|3023401ea62f02563b7888[payload->]../.V;x.||34,936
2025-08-03T10:38:33.563 0100|01|00|0b|f301fe|3023404e874a02563b9b5e[payload->]N.J.V;.^||24,219
2025-08-03T11:26:33.640 0100|01|00|0b|f301fe|302340ba777602563b227f[payload->].wv.V;".||32,546
2025-08-03T11:34:13.485 0100|01|00|0b|f301fe|302340607c7b02563b85cb[payload->]`|{.V;..||52,101
2025-08-03T15:40:35.026 0100|01|00|0b|f301fe|30234070075d03563b9777[payload->]p.].V;.w||30,615
