2025-07-31T00:17:24.247 0100|01|00|07|f701fe|240a013c00aeff[payload->]<...||65,454
2025-07-31T06:17:17.596 0100|01|00|07|f701fe|240a013c00aeff[payload->]<...||65,454
2025-08-01T01:12:06.375 0100|01|00|07|f701fe|240a013c00aeff[payload->]<...||65,454
2025-08-01T01:21:36.459 0100|01|00|07|f701fe|240a013c00aeff[payload->]<...||65,454
2025-08-01T02:12:37.077 0100|01|00|07|f701fe|240a013c00aeff[payload->]<...||65,454
2025-08-01T03:30:27.084 0100|01|00|07|f701fe|240a013c00aeff[payload->]<...||65,454
2025-08-01T03:49:17.088 0100|01|00|07|f701fe|240a013c00aeff[payload->]<...||65,454
2025-08-01T04:08:37.078 0100|01|00|07|f701fe|240a013c00aeff[payload->]<...||65,454
2025-08-01T04:36:07.069 0100|01|00|07|f701fe|240a013c00aeff[payload->]<...||65,454
2025-08-01T06:15:57.362 0100|01|00|07|f701fe|240a013c00aeff[payload->]<...||65,454
2025-08-01T06:53:17.103 0100|01|00|07|f701fe|240a013c00aeff[payload->]<...||65,454
2025-08-01T17:28:21.987 0100|00|00|05|fa0001|240a010fb6[payload->]..||46,607
2025-08-01T17:29:42.022 0100|01|00|07|f701fe|240a013c00aeff[payload->]<...||65,454
2025-08-01T17:46:02.095 0100|01|00|07|f701fe|240a013c00aeff[payload->]<...||65,454
2025-08-01T18:57:11.973 0100|00|00|05|fa0001|240a010fb6[payload->]..||46,607
2025-08-01T19:52:03.069 0100|01|00|07|f701fe|240a013c00aeff[payload->]<...||65,454
2025-08-01T21:04:05.262 0100|01|00|07|f701fe|240a013c00aeff[payload->]<...||65,454
2025-08-02T00:07:38.098 0100|01|00|07|f701fe|240a013c00aeff[payload->]<...||65,454
2025-08-02T01:37:58.005 0100|01|00|07|f701fe|240a013c00aeff[payload->]<...||65,454
2025-08-02T01:38:58.045 0100|01|00|07|f701fe|240a013c00aeff[payload->]<...||65,454
2025-08-02T02:08:27.979 0100|01|00|07|f701fe|240a013c00aeff[payload->]<...||65,454
2025-08-02T02:47:38.045 0100|01|00|07|f701fe|240a013c00aeff[payload->]<...||65,454
2025-08-02T02:49:28.079 0100|01|00|07|f701fe|240a013c00aeff[payload->]<...||65,454
2025-08-02T03:35:29.337 0100|01|00|07|f701fe|240a013c00aeff[payload->]<...||65,454
2025-08-02T08:11:09.218 0100|00|00|05|fa0001|240a010fb6[payload->]..||46,607
2025-08-02T12:06:20.190 0100|01|00|07|f701fe|240a013c00aeff[payload->]<...||65,454
2025-08-02T12:26:49.978 0100|00|00|05|fa0001|240a010fb6[payload->]..||46,607
2025-08-02T13:38:12.302 0100|01|00|07|f701fe|240a013c00aeff[payload->]<...||65,454
2025-08-02T14:09:02.266 0100|01|00|07|f701fe|240a013c00aeff[payload->]<...||65,454
2025-08-02T18:22:22.130 0100|00|00|05|fa0001|240a010fb6[payload->]..||46,607
2025-08-02T18:23:22.188 0100|00|00|05|fa0001|240a010fb6[payload->]..||46,607
2025-08-02T19:11:02.494 0100|00|00|05|fa0001|240a010fb6[payload->]..||46,607
2025-08-02T19:27:42.213 0100|01|00|07|f701fe|240a013c00aeff[payload->]<...||65,454
