2025-07-30T20:34:39.275 0100|01|00|06|f801fe|50a20000e1b7[payload->]...||47,073
2025-07-30T21:06:39.148 0100|00|00|05|fa0001|50a200104e[payload->].N||19,984
2025-07-30T22:54:09.109 0100|01|00|06|f801fe|50a20000e1b7[payload->]...||47,073
2025-07-30T23:11:29.297 0100|01|00|06|f801fe|50a20000e1b7[payload->]...||47,073
2025-07-31T01:34:59.223 0100|00|00|05|fa0001|50a200104e[payload->].N||19,984
2025-07-31T09:55:44.596 0100|01|00|06|f801fe|50a20000e1b7[payload->]...||47,073
2025-07-31T10:21:06.171 0100|01|00|06|f801fe|50a20000e1b7[payload->]...||47,073
2025-07-31T10:31:57.085 0100|01|00|06|f801fe|50a20000e1b7[payload->]...||47,073
2025-08-01T03:43:32.036 0100|01|00|06|f801fe|50a20000e1b7[payload->]...||47,073
2025-08-01T04:47:02.049 0100|01|00|06|f801fe|50a20000e1b7[payload->]...||47,073
2025-08-01T05:05:32.092 0100|01|00|06|f801fe|50a20000e1b7[payload->]...||47,073
2025-08-01T05:09:11.969 0100|01|00|06|f801fe|50a20000e1b7[payload->]...||47,073
2025-08-01T07:12:01.992 0100|00|00|05|fa0001|50a200104e[payload->].N||19,984
2025-08-01T11:54:54.213 0100|00|00|05|fa0001|50a200104e[payload->].N||19,984
2025-08-01T13:02:35.176 0100|01|00|06|f801fe|50a20000e1b7[payload->]...||47,073
2025-08-02T03:51:54.539 0100|00|00|05|fa0001|50a200104e[payload->].N||19,984
2025-08-02T07:58:26.288 0100|01|00|06|f801fe|50a20000e1b7[payload->]...||47,073
2025-08-02T11:59:00.142 0100|01|00|06|f801fe|50a20000e1b7[payload->]...||47,073
2025-08-02T12:50:11.458 0100|01|00|06|f801fe|50a20000e1b7[payload->]...||47,073
2025-08-02T23:46:38.296 0100|00|00|05|fa0001|50a200104e[payload->].N||19,984
2025-08-03T08:58:45.671 0100|01|00|06|f801fe|50a20000e1b7[payload->]...||47,073
2025-08-03T09:03:05.460 0100|00|00|05|fa0001|50a200104e[payload->].N||19,984
2025-08-03T10:21:55.237 0100|00|00|05|fa0001|50a200104e[payload->].N||19,984
