2025-07-30T20:34:48.376 0100|00|00|05|fa0001|364e01cf24[payload->].$||9,423
2025-07-30T20:34:48.578 0100|01|00|18|e601fe|364e0102001024000084000000000000000000000000a057[payload->]...$................W||22,432
2025-07-30T21:04:49.114 0100|00|00|05|fa0001|364e01cf24[payload->].$||9,423
2025-07-30T21:04:49.316 0100|01|00|18|e601fe|364e0102001024000084000000000000000000000000a057[payload->]...$................W||22,432
2025-07-30T21:34:49.124 0100|00|00|05|fa0001|364e01cf24[payload->].$||9,423
2025-07-30T21:34:49.326 0100|01|00|18|e601fe|364e0102001024000084000000000000000000000000a057[payload->]...$................W||22,432
2025-07-30T22:04:49.152 0100|00|00|05|fa0001|364e01cf24[payload->].$||9,423
2025-07-30T22:04:49.354 0100|01|00|18|e601fe|364e0102001024000084000000000000000000000000a057[payload->]...$................W||22,432
2025-07-30T22:34:49.235 0100|00|00|05|fa0001|364e01cf24[payload->].$||9,423
2025-07-30T22:34:49.336 0100|01|00|18|e601fe|364e0102001024000084000000000000000000000000a057[payload->]...$................W||22,432
2025-07-30T23:04:50.449 0100|00|00|05|fa0001|364e01cf24[payload->].$||9,423
2025-07-30T23:04:50.551 0100|01|00|18|e601fe|364e0102001024000084000000000000000000000000a057[payload->]...$................W||22,432
2025-07-30T23:31:26.225 0100|00|00|05|fa0001|364e01cf24[payload->].$||9,423
2025-07-30T23:31:26.326 0100|01|00|18|e601fe|364e010200102400008400000000000000000001506c00b0[payload->]...$.............Pl..||45,056
2025-07-30T23:34:49.412 0100|00|00|05|fa0001|364e01cf24[payload->].$||9,423
2025-07-31T00:04:49.325 0100|00|00|05|fa0001|364e01cf24[payload->].$||9,423
2025-07-31T00:04:49.427 0100|01|00|18|e601fe|364e0102001024000084000000000000000000000000a057[payload->]...$................W||22,432
2025-07-31T00:31:26.015 0100|00|00|05|fa0001|364e01cf24[payload->].$||9,423
2025-07-31T00:31:26.217 0100|01|00|18|e601fe|364e0102001024000084000000000000000000000000a057[payload->]...$................W||22,432
2025-07-31T00:34:49.218 0100|00|00|05|fa0001|364e01cf24[payload->].$||9,423
2025-07-31T00:34:49.421 0100|01|00|18|e601fe|364e0102001024000084000000000000000000000000a057[payload->]...$................W||22,432
2025-07-31T01:04:49.258 0100|01|00|18|e601fe|364e0102001024000084000000000000000000000000a057[payload->]...$................W||22,432
2025-07-31T01:34:49.229 0100|00|00|05|fa0001|364e01cf24[payload->].$||9,423
2025-07-31T01:34:49.330 0100|01|00|18|e601fe|364e0102001024000084000000000000000000000000a057[payload->]...$................W||22,432
2025-07-31T02:04:49.306 0100|00|00|05|fa0001|364e01cf24[payload->].$||9,423
2025-07-31T02:04:49.407 0100|01|00|18|e601fe|364e0102001024000084000000000000000000000000a057[payload->]...$................W||22,432
2025-07-31T02:31:25.708 0100|01|00|18|e601fe|364e0102001024000084000000000000000000000000a057[payload->]...$................W||22,432
2025-07-31T02:34:50.644 0100|00|00|05|fa0001|364e01cf24[payload->].$||9,423
2025-07-31T02:34:50.745 0100|01|00|18|e601fe|364e0102001024000084000000000000000000000000a057[payload->]...$................W||22,432
2025-07-31T03:04:50.657 0100|00|00|05|fa0001|364e01cf24[payload->].$||9,423
2025-07-31T03:04:50.758 0100|01|00|18|e601fe|364e0102001024000084000000000000000000000000a057[payload->]...$................W||22,432
2025-07-31T03:34:50.643 0100|00|00|05|fa0001|364e01cf24[payload->].$||9,423
2025-07-31T03:34:50.744 0100|01|00|18|e601fe|364e0102001024000084000000000000000000000000a057[payload->]...$................W||22,432
2025-07-31T04:04:50.628 0100|00|00|05|fa0001|364e01cf24[payload->].$||9,423
2025-07-31T04:04:50.729 0100|01|00|18|e601fe|364e0102001024000084000000000000000000000000a057[payload->]...$................W||22,432
2025-07-31T04:34:50.960 0100|00|00|05|fa0001|364e01cf24[payload->].$||9,423
2025-07-31T04:34:51.162 0100|01|00|18|e601fe|364e0102001024000084000000000000000000000000a057[payload->]...$................W||22,432
2025-07-31T05:04:52.642 0100|00|00|05|fa0001|364e01cf24[payload->].$||9,423
2025-07-31T05:04:52.743 0100|01|00|18|e601fe|364e0102001024000084000000000000000000000000a057[payload->]...$................W||22,432
2025-07-31T05:31:26.181 0100|00|00|05|fa0001|364e01cf24[payload->].$||9,423
2025-07-31T05:31:26.383 0100|01|00|18|e601fe|364e01020010240000840000008400000000000000000000[payload->]...$.................||0,000
2025-07-31T05:34:52.552 0100|00|00|05|fa0001|364e01cf24[payload->].$||9,423
2025-07-31T05:34:52.754 0100|01|00|18|e601fe|364e0102001024000084000000000000000000000000a057[payload->]...$................W||22,432
2025-07-31T06:04:52.573 0100|00|00|05|fa0001|364e01cf24[payload->].$||9,423
2025-07-31T06:04:52.875 0100|01|00|18|e601fe|364e0102001024000084000000000000000000000000a057[payload->]...$................W||22,432
2025-07-31T06:34:54.651 0100|00|00|05|fa0001|364e01cf24[payload->].$||9,423
2025-07-31T06:34:54.752 0100|01|00|18|e601fe|364e0102001024000084000000000000000000000000a057[payload->]...$................W||22,432
2025-07-31T07:04:54.616 0100|00|00|05|fa0001|364e01cf24[payload->].$||9,423
2025-07-31T07:04:54.721 0100|01|00|18|e601fe|364e0102001024000084000000000000000000000000a057[payload->]...$................W||22,432
2025-07-31T07:31:25.531 0100|00|00|05|fa0001|364e01cf24[payload->].$||9,423
2025-07-31T07:31:25.632 0100|01|00|18|e601fe|364e0102001024000084000000000000000000000000a057[payload->]...$................W||22,432
2025-07-31T07:34:54.588 0100|00|00|05|fa0001|364e01cf24[payload->].$||9,423
2025-07-31T07:34:54.790 0100|01|00|18|e601fe|364e0102001024000084000000000000000000000000a057[payload->]...$................W||22,432
2025-07-31T08:04:54.593 0100|00|00|05|fa0001|364e01cf24[payload->].$||9,423
2025-07-31T08:04:54.795 0100|01|00|18|e601fe|364e0102001024000084000000000000000000000000a057[payload->]...$................W||22,432
2025-07-31T08:31:26.151 0100|00|00|05|fa0001|364e01cf24[payload->].$||9,423
2025-07-31T08:31:26.252 0100|01|00|18|e601fe|364e0102001024000084000000000000000000000000a057[payload->]...$................W||22,432
2025-07-31T08:34:54.591 0100|00|00|05|fa0001|364e01cf24[payload->].$||9,423
2025-07-31T08:34:54.792 0100|01|00|18|e601fe|364e0102001024000084000000000000000000000000a057[payload->]...$................W||22,432
2025-07-31T09:04:54.622 0100|00|00|05|fa0001|364e01cf24[payload->].$||9,423
2025-07-31T09:04:54.723 0100|01|00|18|e601fe|364e0102001024000084000000000000000000000000a057[payload->]...$................W||22,432
2025-07-31T09:34:54.574 0100|00|00|05|fa0001|364e01cf24[payload->].$||9,423
2025-07-31T09:34:54.776 0100|01|00|18|e601fe|364e0102001024000084000000000000000000000000a057[payload->]...$................W||22,432
2025-07-31T10:04:54.700 0100|00|00|05|fa0001|364e01cf24[payload->].$||9,423
2025-07-31T10:04:54.802 0100|01|00|18|e601fe|364e0102001024000084000000000000000000000000a057[payload->]...$................W||22,432
2025-07-31T10:34:56.706 0100|00|00|05|fa0001|364e01cf24[payload->].$||9,423
2025-07-31T10:34:56.908 0100|01|00|18|e601fe|364e0102001024000084000000000000000000000000a057[payload->]...$................W||22,432
2025-07-31T11:04:56.874 0100|00|00|05|fa0001|364e01cf24[payload->].$||9,423
2025-07-31T11:04:57.076 0100|01|00|18|e601fe|364e0102001024000084000000000000000000000000a057[payload->]...$................W||22,432
2025-07-31T11:34:56.772 0100|00|00|05|fa0001|364e01cf24[payload->].$||9,423
2025-07-31T11:34:56.874 0100|01|00|18|e601fe|364e0102001024000084000000000000000000000000a057[payload->]...$................W||22,432
2025-07-31T12:04:57.743 0100|00|00|05|fa0001|364e01cf24[payload->].$||9,423
2025-07-31T12:04:57.845 0100|01|00|18|e601fe|364e0102001024000084000000000000000000000000a057[payload->]...$................W||22,432
2025-07-31T12:34:57.690 0100|00|00|05|fa0001|364e01cf24[payload->].$||9,423
2025-07-31T12:34:57.791 0100|01|00|18|e601fe|364e0102001024000084000000000000000000000000a057[payload->]...$................W||22,432
2025-07-31T13:04:57.648 0100|00|00|05|fa0001|364e01cf24[payload->].$||9,423
2025-07-31T13:04:57.849 0100|01|00|18|e601fe|364e0102001024000084000000000000000000000000a057[payload->]...$................W||22,432
2025-07-31T13:34:59.120 0100|00|00|05|fa0001|364e01cf24[payload->].$||9,423
2025-07-31T13:34:59.322 0100|01|00|18|e601fe|364e0102001024000084000000000000000000000000a057[payload->]...$................W||22,432
2025-07-31T14:05:00.418 0100|00|00|05|fa0001|364e01cf24[payload->].$||9,423
2025-07-31T14:05:00.620 0100|01|00|18|e601fe|364e0102001024000084000000000000000000000000a057[payload->]...$................W||22,432
2025-07-31T14:31:26.756 0100|01|00|18|e601fe|364e0102001024000084000000000000000000000000a057[payload->]...$................W||22,432
2025-07-31T14:35:00.508 0100|00|00|05|fa0001|364e01cf24[payload->].$||9,423
2025-07-31T14:35:01.011 0100|01|00|18|e601fe|364e0102001024000084000000000000000000000000a057[payload->]...$................W||22,432
2025-07-31T15:05:00.870 0100|00|00|05|fa0001|364e01cf24[payload->].$||9,423
2025-07-31T15:05:01.072 0100|01|00|18|e601fe|364e0102001024000084000000000000000000000000a057[payload->]...$................W||22,432
2025-07-31T15:35:03.292 0100|00|00|05|fa0001|364e01cf24[payload->].$||9,423
2025-07-31T15:35:03.494 0100|01|00|18|e601fe|364e0102001024000084000000000000000000000000a057[payload->]...$................W||22,432
2025-07-31T16:05:03.260 0100|00|00|05|fa0001|364e01cf24[payload->].$||9,423
2025-07-31T16:05:03.362 0100|01|00|18|e601fe|364e0102001024000084000000000000000000000000a057[payload->]...$................W||22,432
2025-07-31T16:35:03.689 0100|00|00|05|fa0001|364e01cf24[payload->].$||9,423
2025-07-31T16:35:03.791 0100|01|00|18|e601fe|364e0102001024000084000000000000000000000000a057[payload->]...$................W||22,432
2025-07-31T17:05:04.463 0100|00|00|05|fa0001|364e01cf24[payload->].$||9,423
2025-07-31T17:05:04.665 0100|01|00|18|e601fe|364e0102001024000084000000000000000000000000a057[payload->]...$................W||22,432
2025-07-31T17:35:04.755 0100|00|00|05|fa0001|364e01cf24[payload->].$||9,423
2025-07-31T18:05:04.513 0100|00|00|05|fa0001|364e01cf24[payload->].$||9,423
2025-07-31T18:05:04.715 0100|01|00|18|e601fe|364e0102001024000084000000000000000000000000a057[payload->]...$................W||22,432
2025-07-31T18:35:06.452 0100|00|00|05|fa0001|364e01cf24[payload->].$||9,423
2025-07-31T18:35:06.653 0100|01|00|18|e601fe|364e0102001024000084000000000000000000000000a057[payload->]...$................W||22,432
2025-07-31T19:35:06.487 0100|00|00|05|fa0001|364e01cf24[payload->].$||9,423
2025-07-31T19:35:06.689 0100|01|00|18|e601fe|364e0102001024000084000000000000000000000000a057[payload->]...$................W||22,432
2025-07-31T20:05:06.441 0100|00|00|05|fa0001|364e01cf24[payload->].$||9,423
2025-07-31T20:05:06.542 0100|01|00|18|e601fe|364e0102001024000084000000000000000000000000a057[payload->]...$................W||22,432
2025-07-31T20:31:25.717 0100|01|00|18|e601fe|364e0102001024000084000000000000000000000000a057[payload->]...$................W||22,432
2025-07-31T20:35:06.557 0100|00|00|05|fa0001|364e01cf24[payload->].$||9,423
2025-07-31T21:05:06.661 0100|00|00|05|fa0001|364e01cf24[payload->].$||9,423
2025-07-31T21:05:06.762 0100|01|00|18|e601fe|364e0102001024000084000000000000000000000000a057[payload->]...$................W||22,432
2025-07-31T21:35:07.163 0100|00|00|05|fa0001|364e01cf24[payload->].$||9,423
2025-07-31T21:35:07.364 0100|01|00|18|e601fe|364e0102001024000084000000000000000000000000a057[payload->]...$................W||22,432
2025-07-31T22:05:08.225 0100|00|00|05|fa0001|364e01cf24[payload->].$||9,423
2025-07-31T22:05:08.326 0100|01|00|18|e601fe|364e0102001024000084000000000000000000000000a057[payload->]...$................W||22,432
2025-07-31T22:35:08.326 0100|00|00|05|fa0001|364e01cf24[payload->].$||9,423
2025-07-31T22:35:08.528 0100|01|00|18|e601fe|364e0102001024000084000000000000000000000000a057[payload->]...$................W||22,432
2025-07-31T23:05:10.199 0100|00|00|05|fa0001|364e01cf24[payload->].$||9,423
2025-07-31T23:05:10.300 0100|01|00|18|e601fe|364e0102001024000084000000000000000000000000a057[payload->]...$................W||22,432
2025-07-31T23:31:25.606 0100|00|00|05|fa0001|364e01cf24[payload->].$||9,423
2025-07-31T23:31:25.707 0100|01|00|18|e601fe|364e01e601fe365101020010240000840000000000000000[payload->]...6Q....$...........||0,000
2025-07-31T23:35:10.202 0100|00|00|05|fa0001|364e01cf24[payload->].$||9,423
2025-07-31T23:35:10.303 0100|01|00|18|e601fe|364e01020010240000840000000000000000000000008057[payload->]...$................W||22,400
2025-08-01T00:05:10.065 0100|00|00|05|fa0001|364e01cf24[payload->].$||9,423
2025-08-01T00:05:10.267 0100|01|00|18|e601fe|364e0102001024000084000000000000000000000000a057[payload->]...$................W||22,432
2025-08-01T00:35:10.180 0100|00|00|05|fa0001|364e01cf24[payload->].$||9,423
2025-08-01T00:35:10.381 0100|01|00|18|e601fe|364e0102001024000084000000000000000000000000a057[payload->]...$................W||22,432
2025-08-01T01:05:11.280 0100|00|00|05|fa0001|364e01cf24[payload->].$||9,423
2025-08-01T01:05:11.381 0100|01|00|18|e601fe|364e0102001024000084000000000000000000000000a057[payload->]...$................W||22,432
2025-08-01T01:31:26.999 0100|00|00|05|fa0001|364e01cf24[payload->].$||9,423
2025-08-01T01:35:10.203 0100|00|00|05|fa0001|364e01cf24[payload->].$||9,423
2025-08-01T01:35:10.304 0100|01|00|18|e601fe|364e0102001024000084000000000000000000000000a057[payload->]...$................W||22,432
2025-08-01T02:05:11.988 0100|00|00|05|fa0001|364e01cf24[payload->].$||9,423
2025-08-01T02:05:12.190 0100|01|00|18|e601fe|364e0102001024000084000000000000000000000000a057[payload->]...$................W||22,432
2025-08-01T02:35:12.006 0100|00|00|05|fa0001|364e01cf24[payload->].$||9,423
2025-08-01T02:35:12.208 0100|01|00|18|e601fe|364e0102001024000084000000000000000000000000a057[payload->]...$................W||22,432
2025-08-01T03:05:11.982 0100|00|00|05|fa0001|364e01cf24[payload->].$||9,423
2025-08-01T03:05:12.184 0100|01|00|18|e601fe|364e0102001024000084000000000000000000000000a057[payload->]...$................W||22,432
2025-08-01T03:35:13.182 0100|00|00|05|fa0001|364e01cf24[payload->].$||9,423
2025-08-01T03:35:13.283 0100|01|00|18|e601fe|364e0102001024000084000000000000000000000000a057[payload->]...$................W||22,432
2025-08-01T04:05:14.069 0100|00|00|05|fa0001|364e01cf24[payload->].$||9,423
2025-08-01T04:05:14.271 0100|01|00|18|e601fe|364e0102001024000084000000000000000000000000a057[payload->]...$................W||22,432
2025-08-01T04:35:14.126 0100|00|00|05|fa0001|364e01cf24[payload->].$||9,423
2025-08-01T04:35:14.328 0100|01|00|18|e601fe|364e0102001024000084000000000000000000000000a057[payload->]...$................W||22,432
2025-08-01T05:05:14.103 0100|00|00|05|fa0001|364e01cf24[payload->].$||9,423
2025-08-01T05:05:14.305 0100|01|00|18|e601fe|364e0102001024000084000000000000000000000000a057[payload->]...$................W||22,432
2025-08-01T05:35:14.185 0100|00|00|05|fa0001|364e01cf24[payload->].$||9,423
2025-08-01T05:35:14.287 0100|01|00|18|e601fe|364e0102001024000084000000000000000000000000a057[payload->]...$................W||22,432
2025-08-01T06:05:14.146 0100|00|00|05|fa0001|364e01cf24[payload->].$||9,423
2025-08-01T06:05:14.348 0100|01|00|18|e601fe|364e0102001024000084000000000000000000000000a057[payload->]...$................W||22,432
2025-08-01T06:35:14.174 0100|00|00|05|fa0001|364e01cf24[payload->].$||9,423
2025-08-01T06:35:14.376 0100|01|00|18|e601fe|364e0102001024000084000000000000000000000000a057[payload->]...$................W||22,432
2025-08-01T07:05:15.115 0100|00|00|05|fa0001|364e01cf24[payload->].$||9,423
2025-08-01T07:05:15.317 0100|01|00|18|e601fe|364e0102001024000084000000000000000000000080a057[payload->]...$................W||22,432
2025-08-01T07:35:16.563 0100|00|00|05|fa0001|364e01cf24[payload->].$||9,423
2025-08-01T07:35:16.664 0100|01|00|18|e601fe|364e0102001024000084000000000000000000000000a057[payload->]...$................W||22,432
2025-08-01T08:05:16.366 0100|00|00|05|fa0001|364e01cf24[payload->].$||9,423
2025-08-01T08:05:16.568 0100|01|00|18|e601fe|364e0102001024000084000000000000000000000000a057[payload->]...$................W||22,432
2025-08-01T08:31:26.159 0100|00|00|05|fa0001|364e01cf24[payload->].$||9,423
2025-08-01T08:31:26.260 0100|01|00|18|e601fe|364e010200fe365101020010240000840000000000000000[payload->]...6Q....$...........||0,000
2025-08-01T08:35:16.447 0100|00|00|05|fa0001|364e01cf24[payload->].$||9,423
2025-08-01T08:35:16.549 0100|01|00|18|e601fe|364e0102001024000084000000000000000000000000a057[payload->]...$................W||22,432
2025-08-01T09:05:16.394 0100|00|00|05|fa0001|364e01cf24[payload->].$||9,423
2025-08-01T09:05:16.596 0100|01|00|18|e601fe|364e0102001024000084000000000000000000000000a057[payload->]...$................W||22,432
2025-08-01T09:35:16.557 0100|00|00|05|fa0001|364e01cf24[payload->].$||9,423
2025-08-01T09:35:16.759 0100|01|00|18|e601fe|364e0102001024000084000000000000000000000000a057[payload->]...$................W||22,432
2025-08-01T10:05:16.757 0100|00|00|05|fa0001|364e01cf24[payload->].$||9,423
2025-08-01T10:05:16.959 0100|01|00|18|e601fe|364e0102001024000084000000000000000000000000a057[payload->]...$................W||22,432
2025-08-01T10:35:16.604 0100|00|00|05|fa0001|364e01cf24[payload->].$||9,423
2025-08-01T10:35:16.705 0100|01|00|18|e601fe|364e0102001024000084000000000000000000000000a057[payload->]...$................W||22,432
2025-08-01T11:05:16.383 0100|00|00|05|fa0001|364e01cf24[payload->].$||9,423
2025-08-01T11:05:16.484 0100|01|00|18|e601fe|364e0102001024000084000000000000000000000000a057[payload->]...$................W||22,432
2025-08-01T11:35:16.393 0100|00|00|05|fa0001|364e01cf24[payload->].$||9,423
2025-08-01T11:35:16.595 0100|01|00|18|e601fe|364e0102001024000084000000000000000000000000a057[payload->]...$................W||22,432
2025-08-01T12:05:16.956 0100|00|00|05|fa0001|364e01cf24[payload->].$||9,423
2025-08-01T12:05:17.158 0100|01|00|18|e601fe|364e0102001024000084000000000000000000000000a057[payload->]...$................W||22,432
2025-08-01T12:35:17.965 0100|00|00|05|fa0001|364e01cf24[payload->].$||9,423
2025-08-01T12:35:18.167 0100|01|00|18|e601fe|364e0102001024000084000000000000000000000000a057[payload->]...$................W||22,432
2025-08-01T13:05:19.572 0100|01|00|18|e601fe|364e0102001020000084000000000000000000000000a057[payload->]... ................W||22,432
2025-08-01T13:35:21.149 0100|00|00|05|fa0001|364e01cf24[payload->].$||9,423
2025-08-01T13:35:21.250 0100|01|00|18|e601fe|364e0102001024000084000000000000000000000000a057[payload->]...$................W||22,432
2025-08-01T14:05:21.161 0100|00|00|05|fa0001|364e01cf24[payload->].$||9,423
2025-08-01T14:05:21.262 0100|01|00|18|e601fe|364e0102001024000084000000000000000000000000a057[payload->]...$................W||22,432
2025-08-01T14:31:27.132 0100|01|00|18|e601fe|364e0102001024000084000000000000000000000000a057[payload->]...$................W||22,432
2025-08-01T14:35:22.211 0100|00|00|05|fa0001|364e01cf24[payload->].$||9,423
2025-08-01T14:35:22.312 0100|01|00|18|e601fe|364e0102001024000084000000000000000000000000a057[payload->]...$................W||22,432
2025-08-01T15:05:22.159 0100|00|00|05|fa0001|364e01cf24[payload->].$||9,423
2025-08-01T15:05:22.260 0100|01|00|18|e601fe|364e0102001024000084000000000000000000000000a057[payload->]...$................W||22,432
2025-08-01T15:35:23.132 0100|00|00|05|fa0001|364e01cf24[payload->].$||9,423
2025-08-01T15:35:23.233 0100|01|00|18|e601fe|364e0102001024000084000000000000000000000000a057[payload->]...$................W||22,432
2025-08-01T16:05:23.156 0100|00|00|05|fa0001|364e01cf24[payload->].$||9,423
2025-08-01T16:05:23.257 0100|01|00|18|e601fe|364e0102001024000084000000000000000000000000a057[payload->]...$................W||22,432
2025-08-01T16:35:23.583 0100|00|00|05|fa0001|364e01cf24[payload->].$||9,423
2025-08-01T16:35:23.885 0100|01|00|18|e601fe|364e0102001024000084000000000000000000000000a057[payload->]...$................W||22,432
2025-08-01T17:05:23.094 0100|00|00|05|fa0001|364e01cf24[payload->].$||9,423
2025-08-01T17:05:23.296 0100|01|00|18|e601fe|364e0102001024000084000000000000000000000000a057[payload->]...$................W||22,432
2025-08-01T17:35:23.144 0100|00|00|05|fa0001|364e01cf24[payload->].$||9,423
2025-08-01T17:35:23.246 0100|01|00|18|e601fe|364e0102001024000084000000000000000000000000a057[payload->]...$................W||22,432
2025-08-01T18:05:23.060 0100|00|00|05|fa0001|364e01cf24[payload->].$||9,423
2025-08-01T18:35:23.127 0100|00|00|05|fa0001|364e01cf24[payload->].$||9,423
2025-08-01T18:35:23.228 0100|01|00|18|e601fe|364e0102001024000084000000000000000000000000a057[payload->]...$................W||22,432
2025-08-01T19:05:23.101 0100|00|00|05|fa0001|364e01cf24[payload->].$||9,423
2025-08-01T19:05:23.202 0100|01|00|18|e601fe|364e0102001024000084000000000000000000000000a057[payload->]...$................W||22,432
2025-08-01T19:35:24.984 0100|00|00|05|fa0001|364e01cf24[payload->].$||9,423
2025-08-01T19:35:25.086 0100|01|00|18|e601fe|364e0102001024000084000000000000000000000000a057[payload->]...$................W||22,432
2025-08-01T20:05:25.037 0100|00|00|05|fa0001|364e01cf24[payload->].$||9,423
2025-08-01T20:05:25.239 0100|01|00|18|e601fe|364e0102001024000084000000000000000000000000a057[payload->]...$................W||22,432
2025-08-01T20:31:25.971 0100|01|00|18|e601fe|364e0102001024000084000000000000000000000000a057[payload->]...$................W||22,432
2025-08-01T20:35:26.229 0100|00|00|05|fa0001|364e01cf24[payload->].$||9,423
2025-08-01T20:35:26.331 0100|01|00|18|e601fe|364e0102001024000084000000000000000000000000a057[payload->]...$................W||22,432
2025-08-01T21:05:26.242 0100|00|00|05|fa0001|364e01cf24[payload->].$||9,423
2025-08-01T21:05:26.344 0100|01|00|18|e601fe|364e0102001024000084000000000000000000000000a057[payload->]...$................W||22,432
2025-08-01T21:35:26.139 0100|00|00|05|fa0001|364e01cf24[payload->].$||9,423
2025-08-01T21:35:26.341 0100|01|00|18|e601fe|364e0102001024000084000000000000000000000000a057[payload->]...$................W||22,432
2025-08-01T22:05:27.826 0100|00|00|05|fa0001|364e01cf24[payload->].$||9,423
2025-08-01T22:05:27.928 0100|01|00|18|e601fe|364e0102001024000084000000000000000000000000a057[payload->]...$................W||22,432
2025-08-01T22:35:27.251 0100|00|00|05|fa0001|364e01cf24[payload->].$||9,423
2025-08-01T22:35:27.352 0100|01|00|18|e601fe|364e0102001024000084000000000000000000000000a057[payload->]...$................W||22,432
2025-08-01T23:05:27.267 0100|00|00|05|fa0001|364e01cf24[payload->].$||9,423
2025-08-01T23:05:27.468 0100|01|00|18|e601fe|364e0102001024000084000000000000000000000000a057[payload->]...$................W||22,432
2025-08-01T23:35:27.232 0100|00|00|05|fa0001|364e01cf24[payload->].$||9,423
2025-08-01T23:35:27.434 0100|01|00|18|e601fe|364e0102001024000084000000000000000000000000a057[payload->]...$................W||22,432
2025-08-02T00:05:27.259 0100|00|00|05|fa0001|364e01cf24[payload->].$||9,423
2025-08-02T00:05:27.360 0100|01|00|18|e601fe|364e0102001024000084000000000000000000000000a057[payload->]...$................W||22,432
2025-08-02T00:35:27.237 0100|00|00|05|fa0001|364e01cf24[payload->].$||9,423
2025-08-02T00:35:27.439 0100|01|00|18|e601fe|364e0102001024000084000000000000000000000000a057[payload->]...$................W||22,432
2025-08-02T01:05:27.291 0100|00|00|05|fa0001|364e01cf24[payload->].$||9,423
2025-08-02T01:05:27.392 0100|01|00|18|e601fe|364e0102001024000084000000000000000000000000a057[payload->]...$................W||22,432
2025-08-02T01:31:25.685 0100|00|00|05|fa0001|364e01cf24[payload->].$||9,423
2025-08-02T01:31:25.887 0100|01|00|18|e601fe|364e0102001024000084000000000000000000000000a057[payload->]...$................W||22,432
2025-08-02T01:35:28.401 0100|00|00|05|fa0001|364e01cf24[payload->].$||9,423
2025-08-02T01:35:28.502 0100|01|00|18|e601fe|364e0102001024000084000000000000000000000000a057[payload->]...$................W||22,432
2025-08-02T02:05:27.285 0100|00|00|05|fa0001|364e01cf24[payload->].$||9,423
2025-08-02T02:05:27.386 0100|01|00|18|e601fe|364e0102001024000084000000000000000000000000a057[payload->]...$................W||22,432
2025-08-02T02:31:25.786 0100|00|00|05|fa0001|364e01cf24[payload->].$||9,423
2025-08-02T02:35:27.296 0100|00|00|05|fa0001|364e01cf24[payload->].$||9,423
2025-08-02T02:35:27.396 0100|01|00|18|e601fe|364e0102001024000084000000000000000000000000a057[payload->]...$................W||22,432
2025-08-02T03:05:27.225 0100|00|00|05|fa0001|364e01cf24[payload->].$||9,423
2025-08-02T03:05:27.427 0100|01|00|18|e601fe|364e0102001024000084000000000000000000000000a057[payload->]...$................W||22,432
2025-08-02T03:35:28.627 0100|00|00|05|fa0001|364e01cf24[payload->].$||9,423
2025-08-02T03:35:28.829 0100|01|00|18|e601fe|364e0102001024000084000000000000000000000000a057[payload->]...$................W||22,432
2025-08-02T04:05:27.270 0100|00|00|05|fa0001|364e01cf24[payload->].$||9,423
2025-08-02T04:05:27.371 0100|01|00|18|e601fe|364e0102001024000084000000000000000000000000a057[payload->]...$................W||22,432
2025-08-02T04:35:27.214 0100|00|00|05|fa0001|364e01cf24[payload->].$||9,423
2025-08-02T04:35:27.516 0100|01|00|18|e601fe|364e0102001024000084000000000000000000000000a057[payload->]...$................W||22,432
2025-08-02T05:05:27.203 0100|00|00|05|fa0001|364e01cf24[payload->].$||9,423
2025-08-02T05:05:27.404 0100|01|00|18|e601fe|364e0102001024000084000000000000000000000000a057[payload->]...$................W||22,432
2025-08-02T05:31:25.827 0100|00|00|05|fa0001|364e01cf24[payload->].$||9,423
2025-08-02T05:31:25.928 0100|01|00|18|e601fe|364e0102001024000084000000000000000000000000a057[payload->]...$................W||22,432
2025-08-02T05:35:27.259 0100|00|00|05|fa0001|364e01cf24[payload->].$||9,423
2025-08-02T05:35:27.361 0100|01|00|18|e601fe|364e0102001024000084000000000000000000000000a057[payload->]...$................W||22,432
2025-08-02T06:05:28.121 0100|00|00|05|fa0001|364e01cf24[payload->].$||9,423
2025-08-02T06:05:28.223 0100|01|00|18|e601fe|364e0102001024000084000000000000000000000000a057[payload->]...$................W||22,432
2025-08-02T06:35:28.119 0100|00|00|05|fa0001|364e01cf24[payload->].$||9,423
2025-08-02T06:35:28.221 0100|01|00|18|e601fe|364e0102001024000084000000000000000000000000a057[payload->]...$................W||22,432
2025-08-02T07:05:28.142 0100|00|00|05|fa0001|364e01cf24[payload->].$||9,423
2025-08-02T07:05:28.244 0100|01|00|18|e601fe|364e0102001024000084000000000000000000000000a057[payload->]...$................W||22,432
2025-08-02T07:31:25.732 0100|00|00|05|fa0001|364e01cf24[payload->].$||9,423
2025-08-02T07:31:25.833 0100|01|08|18|e601fe|364e0102001024000084000000000000000000000000a057[payload->]...$................W||22,432
2025-08-02T07:35:28.768 0100|00|00|05|fa0001|364e01cf24[payload->].$||9,423
2025-08-02T07:35:28.869 0100|01|00|18|e601fe|364e0102001024000084000000000000000000000000a057[payload->]...$................W||22,432
2025-08-02T08:05:29.233 0100|00|00|05|fa0001|364e01cf24[payload->].$||9,423
2025-08-02T08:05:29.334 0100|01|00|18|e601fe|364e0102001024000084000000000000000000000008a057[payload->]...$................W||22,432
2025-08-02T08:35:29.337 0100|00|00|05|fa0001|364e01cf24[payload->].$||9,423
2025-08-02T08:35:29.438 0100|01|00|18|e601fe|364e0102001024000084000000000000000000000008a857[payload->]...$................W||22,440
2025-08-02T09:05:29.270 0100|00|00|05|fa0001|364e01cf24[payload->].$||9,423
2025-08-02T09:05:29.371 0100|01|00|18|e601fe|364e0102001024000084000000000000000000000000a057[payload->]...$................W||22,432
2025-08-02T09:31:25.566 0100|00|00|05|fa0001|364e01cf24[payload->].$||9,423
2025-08-02T09:31:25.768 0100|01|00|18|e601fe|364e0102001024000084000000000000000000000000a057[payload->]...$................W||22,432
2025-08-02T09:35:29.223 0100|00|00|05|fa0001|364e01cf24[payload->].$||9,423
2025-08-02T09:35:29.324 0100|01|00|18|e601fe|364e0102001024000084000000000000000000004200a057[payload->]...$.............B..W||22,432
2025-08-02T10:05:30.265 0100|00|00|05|fa0001|364e01cf24[payload->].$||9,423
2025-08-02T10:05:30.366 0100|01|00|18|e601fe|364e0102001024000084000000000000000000000000a057[payload->]...$................W||22,432
2025-08-02T11:05:31.113 0100|00|00|05|fa0001|364e01cf24[payload->].$||9,423
2025-08-02T11:05:31.215 0100|01|00|18|e601fe|364e0102001024000084000000000000000000000000a057[payload->]...$................W||22,432
2025-08-02T11:31:25.765 0100|01|00|18|e601fe|364e0102001024000084000000000000000000000000a057[payload->]...$................W||22,432
2025-08-02T11:35:31.065 0100|00|00|05|fa0001|364e01cf24[payload->].$||9,423
2025-08-02T11:35:31.267 0100|01|00|18|e601fe|364e0102001024000084000000000000000000000000a057[payload->]...$................W||22,432
2025-08-02T12:05:33.130 0100|00|00|05|fa0001|364e01cf24[payload->].$||9,423
2025-08-02T12:05:33.231 0100|01|00|18|e601fe|364e0102001024000084000000000000000000000000a057[payload->]...$................W||22,432
2025-08-02T12:35:34.168 0100|00|00|05|fa0001|364e01cf24[payload->].$||9,423
2025-08-02T12:35:34.270 0100|01|00|18|e601fe|364e0102001024000084000000000000000000000000a057[payload->]...$................W||22,432
2025-08-02T13:05:35.016 0100|00|00|05|fa0001|364e01cf24[payload->].$||9,423
2025-08-02T13:05:35.117 0100|01|00|18|e601fe|364e0102001024000084000000000000000000000000a057[payload->]...$................W||22,432
2025-08-02T13:35:36.960 0100|00|00|05|fa0001|364e01cf24[payload->].$||9,423
2025-08-02T14:05:36.958 0100|00|00|05|fa0001|364e01ce24[payload->].$||9,422
2025-08-02T14:05:37.160 0100|01|00|18|e601fe|364e0102001024000084000000000000000000000000a057[payload->]...$................W||22,432
2025-08-02T14:31:25.980 0100|00|00|05|fa0001|364e01cf24[payload->].$||9,423
2025-08-02T14:35:30.168 0100|01|00|18|e601fe|364e01020010240000840000000000000000000000007147[payload->]...$...............qG||18,289
2025-08-02T14:35:37.029 0100|00|00|05|fa0001|364e01cf24[payload->].$||9,423
2025-08-02T14:35:37.130 0100|01|00|18|e601fe|364e0102001024000084000000000000000000000000a057[payload->]...$................W||22,432
2025-08-02T15:05:37.039 0100|00|00|05|fa0001|364e01cf24[payload->].$||9,423
2025-08-02T15:05:37.241 0100|01|00|18|e601fe|364e0102001024000084000000000000000000000000a057[payload->]...$................W||22,432
2025-08-02T15:35:36.975 0100|00|00|05|fa0001|364e01cf24[payload->].$||9,423
2025-08-02T15:35:37.177 0100|01|00|18|e601fe|364e0102001024000084000000000000000000000000a057[payload->]...$................W||22,432
2025-08-02T16:35:37.060 0100|00|00|05|fa0001|364e01cf24[payload->].$||9,423
2025-08-02T16:35:37.261 0100|01|00|18|e601fe|364e0102001024000084000000000000000000000000a057[payload->]...$................W||22,432
2025-08-02T17:05:37.022 0100|00|00|05|fa0001|364e01cf24[payload->].$||9,423
2025-08-02T17:05:37.123 0100|01|00|18|e601fe|364e0102001024000084000000000000000000000000a057[payload->]...$................W||22,432
2025-08-02T17:05:59.743 0100|01|00|18|e601fe|364e0102081024000084000000000000000000000000e8de[payload->]...$.................||57,064
2025-08-02T17:35:36.989 0100|00|00|05|fa0001|364e01cf24[payload->].$||9,423
2025-08-02T17:35:37.091 0100|01|00|18|e601fe|364e0102001024000084000000000000000000000000a057[payload->]...$................W||22,432
2025-08-02T18:05:36.992 0100|00|00|05|fa0001|364e01cf24[payload->].$||9,423
2025-08-02T18:05:37.194 0100|01|00|18|e601fe|364e0102001024000084000000000000000000000000a057[payload->]...$................W||22,432
2025-08-02T18:31:26.002 0100|00|00|05|fa0001|364e01cf24[payload->].$||9,423
2025-08-02T18:31:26.204 0100|01|00|18|e601fe|364e0102001024000084000000000000000000000000a057[payload->]...$................W||22,432
2025-08-02T18:35:36.998 0100|00|00|05|fa0001|364e01cf24[payload->].$||9,423
2025-08-02T18:35:37.100 0100|01|00|18|e601fe|364e0102001024000084000000000000000000000000a057[payload->]...$................W||22,432
2025-08-02T18:35:59.743 0100|01|8c|18|ee01fe|364e0102001024000084000000000000000000000000e8de[payload->]...$.................||57,064
2025-08-02T19:05:37.562 0100|00|00|05|fa0001|364e01cf24[payload->].$||9,423
2025-08-02T19:05:37.763 0100|01|00|18|e601fe|364e0102001024000084000000000000000000000000a057[payload->]...$................W||22,432
2025-08-02T19:35:38.828 0100|00|00|05|fa0001|364e01cf24[payload->].$||9,423
2025-08-02T20:05:39.015 0100|00|00|05|fa0001|364e01cf24[payload->].$||9,423
2025-08-02T20:05:39.216 0100|01|00|18|e601fe|364e0102001024000084000000000000000000000000a057[payload->]...$................W||22,432
2025-08-02T20:31:26.886 0100|00|00|05|fa0001|364e01cf24[payload->].$||9,423
2025-08-02T20:31:26.988 0100|01|00|18|e601fe|364e01ff859cff0100000005fa0001340f015fb501000100[payload->]............4.._.....||0,001
2025-08-02T20:35:40.043 0100|00|00|05|fa0001|364e01cf24[payload->].$||9,423
2025-08-02T20:35:40.144 0100|01|00|18|e601fe|364e0102001024000084000000000000000000000000a057[payload->]...$................W||22,432
2025-08-02T21:05:40.124 0100|00|00|05|fa0001|364e01cf24[payload->].$||9,423
2025-08-02T21:05:40.426 0100|01|00|18|e601fe|364e0102001024000084000000000000000000000000a057[payload->]...$................W||22,432
2025-08-02T21:31:26.476 0100|00|00|05|fa0001|364e01cf24[payload->].$||9,423
2025-08-02T21:35:40.277 0100|00|00|05|fa0001|364e01cf24[payload->].$||9,423
2025-08-02T21:35:40.478 0100|01|00|18|e601fe|364e0102001024000084000000000000000000000000a057[payload->]...$................W||22,432
2025-08-02T22:05:41.804 0100|00|00|05|fa0001|364e01cf24[payload->].$||9,423
2025-08-02T22:05:41.905 0100|01|00|18|e601fe|364e0102001024000084000000000000000000000000a057[payload->]...$................W||22,432
2025-08-02T22:35:40.164 0100|00|00|05|fa0001|364e01cf24[payload->].$||9,423
2025-08-02T22:35:40.365 0100|01|00|18|e601fe|364e0102001024000084000000000000000000000000a057[payload->]...$................W||22,432
2025-08-02T23:05:40.241 0100|00|00|05|fa0001|364e01cf24[payload->].$||9,423
2025-08-02T23:05:40.544 0100|01|00|18|e601fe|364e0102001024000084000000000000000000000000a057[payload->]...$................W||22,432
2025-08-02T23:35:40.954 0100|00|00|05|fa0001|364e01cf24[payload->].$||9,423
2025-08-02T23:35:41.156 0100|01|00|18|e601fe|364e0102001024000084000000000000000000000000a057[payload->]...$................W||22,432
2025-08-03T00:05:41.046 0100|00|00|05|fa0001|364e01cf24[payload->].$||9,423
2025-08-03T00:05:41.248 0100|01|00|18|e601fe|364e0102001024000084000000000000000000000000a057[payload->]...$................W||22,432
2025-08-03T00:35:41.051 0100|00|00|05|fa0001|364e01cf24[payload->].$||9,423
2025-08-03T00:35:41.252 0100|01|00|18|e601fe|364e0102001024000084000000000000000000000000a057[payload->]...$................W||22,432
2025-08-03T01:05:44.276 0100|00|00|05|fa0001|364e01cf24[payload->].$||9,423
2025-08-03T01:05:44.377 0100|01|00|18|e601fe|364e0102001024000084000000000000000000000000a057[payload->]...$................W||22,432
2025-08-03T01:35:45.430 0100|00|00|05|fa0001|364e01cf24[payload->].$||9,423
2025-08-03T02:05:45.617 0100|00|00|05|fa0001|364e01cf24[payload->].$||9,423
2025-08-03T02:35:46.762 0100|00|00|05|fa0001|364e01cf24[payload->].$||9,423
2025-08-03T03:31:26.021 0100|00|00|05|fa0001|364e01cf24[payload->].$||9,423
2025-08-03T03:35:46.854 0100|00|00|05|fa0001|364e01cf24[payload->].$||9,423
2025-08-03T03:35:46.956 0100|01|00|18|e601fe|364e0102001024000084000000000000000000000000a057[payload->]...$................W||22,432
2025-08-03T04:05:46.755 0100|00|00|05|fa0001|364e01cf24[payload->].$||9,423
2025-08-03T04:05:46.856 0100|01|00|18|e601fe|364e0102001024000084000000000000000000000000a057[payload->]...$................W||22,432
2025-08-03T04:35:46.911 0100|00|00|05|fa0001|364e01cf24[payload->].$||9,423
2025-08-03T04:35:47.113 0100|01|00|18|e601fe|364e0102001024000084000000000000000000000000a057[payload->]...$................W||22,432
2025-08-03T05:05:47.116 0100|00|00|05|fa0001|364e01cf24[payload->].$||9,423
2025-08-03T05:05:47.217 0100|01|00|18|e601fe|364e0102001024000084000000000000000000000000a057[payload->]...$................W||22,432
2025-08-03T05:35:46.943 0100|00|00|05|fa0001|364e01cf24[payload->].$||9,423
2025-08-03T05:35:47.145 0100|01|00|18|e601fe|364e0102001024000084000000000000000000000000a057[payload->]...$................W||22,432
2025-08-03T06:05:46.958 0100|00|00|05|fa0001|364e01cf24[payload->].$||9,423
2025-08-03T06:05:47.160 0100|01|00|18|e601fe|364e0102001024000084000000000000000000000000a057[payload->]...$................W||22,432
2025-08-03T06:35:47.885 0100|00|00|05|fa0001|364e01cf24[payload->].$||9,423
2025-08-03T06:35:47.986 0100|0b|0a|1a|e603fe|364e0102001024000084000000000000000000000000a0570100[payload->]...$................W..||0,001
2025-08-03T07:05:47.254 0100|00|00|05|fa0001|364e01cf24[payload->].$||9,423
2025-08-03T07:05:47.456 0100|01|00|18|e601fe|364e0102001024000084000000000000000000000000a057[payload->]...$................W||22,432
2025-08-03T07:35:47.475 0100|00|00|05|fa0001|364e01cf24[payload->].$||9,423
2025-08-03T07:35:47.677 0100|01|00|18|e601fe|364e0102001024000084000000000000000000000000a057[payload->]...$................W||22,432
2025-08-03T08:05:47.182 0100|00|00|05|fa0001|364e01cf24[payload->].$||9,423
2025-08-03T09:05:48.362 0100|00|00|05|fa0001|364e01cf24[payload->].$||9,423
2025-08-03T09:35:49.492 0100|00|00|05|fa0001|364e01cf24[payload->].$||9,423
2025-08-03T09:35:49.593 0100|01|00|18|e601fe|364e0102001024080084000000000000000000000000a057[payload->]...$................W||22,432
2025-08-03T10:05:49.437 0100|00|00|05|fa0001|364e01cf24[payload->].$||9,423
2025-08-03T10:35:49.369 0100|00|00|05|fa0001|364e01cf24[payload->].$||9,423
2025-08-03T10:35:49.471 0100|01|00|18|e601fe|364e0102001024000084000000000000000000000000a057[payload->]...$................W||22,432
2025-08-03T11:05:49.437 0100|00|00|05|fa0001|364e01cf24[payload->].$||9,423
2025-08-03T11:05:49.539 0100|01|00|18|e601fe|364e0102001024004a84000000000000000000000000a057[payload->]...$.J..............W||22,432
2025-08-03T11:35:49.312 0100|00|00|05|fa0001|364e01cf24[payload->].$||9,423
2025-08-03T11:35:49.514 0100|01|00|18|e601fe|364e0102005024000084000000000000000000000000a057[payload->]..P$................W||22,432
2025-08-03T12:05:50.457 0100|00|00|05|fa0001|364e01cf24[payload->].$||9,423
2025-08-03T12:05:50.659 0100|01|00|18|e601fe|364e0102001024000084000000000000000000000000a057[payload->]...$................W||22,432
2025-08-03T12:35:50.330 0100|00|00|05|fa0001|364e01cf24[payload->].$||9,423
2025-08-03T12:35:50.532 0100|01|00|18|e601fe|364e0102001024000084000000000000000000000000a057[payload->]...$................W||22,432
2025-08-03T13:05:50.439 0100|00|00|05|fa0001|364e01cf24[payload->].$||9,423
2025-08-03T13:05:50.540 0100|01|00|18|e601fe|364e0102001024000084000000000000000000000000a057[payload->]...$................W||22,432
2025-08-03T13:31:26.144 0100|00|00|05|fa0001|364e01cffa[payload->]..||64,207
2025-08-03T13:35:50.492 0100|00|00|05|fa0001|364e01cf24[payload->].$||9,423
2025-08-03T13:35:50.593 0100|01|00|18|e601fe|364e0102001024000084000000000000000000000000a057[payload->]...$................W||22,432
2025-08-03T14:05:50.356 0100|00|00|05|fa0001|364e01cf24[payload->].$||9,423
2025-08-03T14:05:50.558 0100|01|00|18|e601fe|364e0102001024000084000000000000000000000000a057[payload->]...$................W||22,432
2025-08-03T14:31:26.613 0100|00|00|05|fa0001|364e01cf24[payload->].$||9,423
2025-08-03T14:31:26.714 0100|01|00|18|e601fe|364e0102001024000084000000000000000000000000a057[payload->]...$................W||22,432
2025-08-03T15:05:50.498 0100|00|00|05|fa0001|364e01cf24[payload->].$||9,423
2025-08-03T15:05:50.800 0100|01|00|18|e601fe|364e0102001024000084000000000000000000000000a057[payload->]...$................W||22,432
2025-08-03T15:35:50.426 0100|00|00|05|fa0001|364e01cf24[payload->].$||9,423
2025-08-03T15:35:50.527 0100|01|00|18|e601fe|364e0102001024000084000000000000000000000000a057[payload->]...$................W||22,432
2025-08-03T16:05:50.549 0100|00|00|05|fa0001|364e01cf24[payload->].$||9,423
2025-08-03T16:05:50.650 0100|01|00|18|e601fe|364e0102001024000084000000000000000000000000a057[payload->]...$................W||22,432
2025-08-03T16:31:25.752 0100|00|00|05|fa0001|364e01cf24[payload->].$||9,423
2025-08-03T16:31:25.954 0100|01|00|18|e601fe|364e0102001024000084000000000000000000000000a057[payload->]...$................W||22,432
2025-08-03T16:35:52.153 0100|00|00|05|fa0001|364e01cf24[payload->].$||9,423
2025-08-03T17:05:52.094 0100|00|00|05|fa0001|364e01cf24[payload->].$||9,423
2025-08-03T17:05:52.296 0100|01|00|18|e601fe|364e0102001024000084000000000000000000000000a057[payload->]...$................W||22,432
2025-08-03T17:31:25.791 0100|00|00|05|fa0001|364e01cf24[payload->].$||9,423
2025-08-03T17:31:25.993 0100|01|00|18|e601fe|364e0102001024000084000000000000000000000000a057[payload->]...$................W||22,432
2025-08-03T17:35:52.158 0100|00|00|05|fa0001|364e01cf24[payload->].$||9,423
2025-08-03T17:35:52.259 0100|01|00|18|e601fe|364e0102001024000084000000000000000000000000a057[payload->]...$................W||22,432
2025-08-03T18:05:53.253 0100|00|00|05|fa0001|364e01cf24[payload->].$||9,423
2025-08-03T18:05:53.354 0100|01|00|18|e601fe|364e0102001024000084000000000000000000000000a057[payload->]...$................W||22,432
