2025-07-30T20:37:53.908 0100|00|00|05|fa0001|20070558f3[payload->]X.||62,296
2025-07-30T20:37:54.009 0100|01|00|0c|f201fe|200705010184000a000a1896[payload->].........||38,424
2025-07-30T20:58:11.994 0100|00|00|05|fa0001|20070558f3[payload->]X.||62,296
2025-07-30T20:58:11.994 0100|01|00|0c|f201fe|200705010184000a000a1896[payload->].........||38,424
2025-07-30T21:38:47.462 0100|00|00|05|fa0001|20070558f3[payload->]X.||62,296
2025-07-30T21:38:47.563 0100|01|00|0c|f201fe|200705010184000a000a1896[payload->].........||38,424
2025-07-30T21:48:56.444 0100|00|00|05|fa0001|20070558f3[payload->]X.||62,296
2025-07-30T21:48:56.545 0100|01|00|0c|f201fe|200705010184000a000a1896[payload->].........||38,424
2025-07-30T22:09:12.793 0100|01|00|0c|f201fe|200705010184000a000a1896[payload->].........||38,424
2025-07-30T22:49:48.802 0100|00|00|05|fa0001|20070558f3[payload->]X.||62,296
2025-07-30T22:49:48.903 0100|01|00|0c|f201fe|200705010184000a000a1896[payload->].........||38,424
2025-07-30T23:40:33.434 0100|00|00|05|fa0001|20070558f3[payload->]X.||62,296
2025-07-30T23:40:33.535 0100|01|00|0c|f201fe|200705010184000a000a1896[payload->].........||38,424
2025-07-30T23:50:41.863 0100|00|00|05|fa0001|20070558f3[payload->]X.||62,296
2025-07-30T23:50:41.964 0100|01|00|0c|f201fe|200705010184000a000a1896[payload->].........||38,424
2025-07-31T00:10:59.673 0100|00|00|05|fa0001|20070558f3[payload->]X.||62,296
2025-07-31T00:10:59.774 0100|01|00|0c|f201fe|200705010184000a000a1896[payload->].........||38,424
2025-07-31T00:21:08.191 0100|00|00|05|fa0001|20070558f3[payload->]X.||62,296
2025-07-31T00:21:08.292 0100|01|00|0c|f201fe|200705010184000a000a1896[payload->].........||38,424
2025-07-31T00:31:17.412 0100|00|00|05|fa0001|20070558f3[payload->]X.||62,296
2025-07-31T00:31:17.513 0100|01|00|0c|f201fe|200705010184000a000a1896[payload->].........||38,424
2025-07-31T00:41:25.901 0100|00|00|05|fa0001|20070558f3[payload->]X.||62,296
2025-07-31T00:41:26.003 0100|01|00|0c|f201fe|200705010184000a000a1896[payload->].........||38,424
2025-07-31T00:51:34.196 0100|00|00|05|fa0001|20070558f3[payload->]X.||62,296
2025-07-31T00:51:34.197 0100|01|00|0c|f201fe|200705010184000a000a1896[payload->].........||38,424
2025-07-31T01:01:43.099 0100|00|00|05|fa0001|20070558f3[payload->]X.||62,296
2025-07-31T01:01:43.201 0100|01|00|0c|f201fe|200705010184000a000a1896[payload->].........||38,424
2025-07-31T01:21:59.702 0100|01|00|0c|f201fe|200705010184000a000a1896[payload->].........||38,424
2025-07-31T01:32:08.628 0100|00|00|05|fa0001|20070558f3[payload->]X.||62,296
2025-07-31T01:32:08.729 0100|01|00|0c|f201fe|200705010184000a000a1896[payload->].........||38,424
2025-07-31T01:42:17.317 0100|00|00|05|fa0001|20070558f3[payload->]X.||62,296
2025-07-31T01:42:17.418 0100|01|00|0c|f201fe|200705010184000a000a1896[payload->].........||38,424
2025-07-31T01:52:26.296 0100|00|00|05|fa0001|20070558f3[payload->]X.||62,296
2025-07-31T01:52:26.296 0100|01|00|0c|f201fe|200705010184000a000a1896[payload->].........||38,424
2025-07-31T02:12:44.362 0100|00|00|05|fa0001|20070558f3[payload->]X.||62,296
2025-07-31T02:12:44.363 0100|01|00|0c|f201fe|200705010184000a000a1896[payload->].........||38,424
2025-07-31T02:22:53.517 0100|00|00|05|fa0001|20070558f3[payload->]X.||62,296
2025-07-31T02:33:02.156 0100|00|00|05|fa0001|20070558f3[payload->]X.||62,296
2025-07-31T02:33:02.257 0100|01|00|0c|f201fe|200705010184000a000a1896[payload->].........||38,424
2025-07-31T02:43:10.716 0100|00|00|05|fa0001|20070558f3[payload->]X.||62,296
2025-07-31T02:43:10.717 0100|01|00|0c|f201fe|200705010184000a000a1896[payload->].........||38,424
2025-07-31T03:03:28.339 0100|01|00|0c|f201fe|200705010184000a000a1896[payload->].........||38,424
2025-07-31T03:13:37.257 0100|00|00|05|fa0001|20070558f3[payload->]X.||62,296
2025-07-31T03:13:37.257 0100|01|00|0c|f201fe|200705010184000a000a1896[payload->].........||38,424
2025-07-31T03:23:45.283 0100|00|00|05|fa0001|20070558f3[payload->]X.||62,296
2025-07-31T03:44:01.583 0100|00|00|05|fa0001|20070558f3[payload->]X.||62,296
2025-07-31T03:44:01.583 0100|01|00|0c|f201fe|200705010184000a000a1896[payload->].........||38,424
2025-07-31T04:14:28.603 0100|00|00|05|fa0001|20070558f3[payload->]X.||62,296
2025-07-31T04:14:28.704 0100|01|00|0c|f201fe|200705010184000a000a1896[payload->].........||38,424
2025-07-31T04:24:37.459 0100|00|00|05|fa0001|20070558f3[payload->]X.||62,296
2025-07-31T04:24:37.560 0100|01|00|0c|f201fe|200705010184000a000a1896[payload->].........||38,424
2025-07-31T05:05:12.464 0100|00|00|05|fa0001|20070558f3[payload->]X.||62,296
2025-07-31T05:05:12.565 0100|01|00|0c|f201fe|200705010184000a000a1896[payload->].........||38,424
2025-07-31T05:35:39.150 0100|00|00|05|fa0001|20070558f3[payload->]X.||62,296
2025-07-31T05:35:39.251 0100|01|00|0c|f201fe|200705010184000a000a1896[payload->].........||38,424
2025-07-31T05:45:48.527 0100|00|00|05|fa0001|20070558f3[payload->]X.||62,296
2025-07-31T05:45:48.629 0100|01|00|0c|f201fe|200705010184000a000a1896[payload->].........||38,424
2025-07-31T06:16:13.191 0100|00|00|05|fa0001|20070558f3[payload->]X.||62,296
2025-07-31T06:16:13.293 0100|01|00|0c|f201fe|200705010184000a000a1896[payload->].........||38,424
2025-07-31T06:46:38.477 0100|00|00|05|fa0001|20070558f3[payload->]X.||62,296
2025-07-31T06:46:38.478 0100|01|00|0c|f201fe|200705010184000a000a1896[payload->].........||38,424
2025-07-31T06:56:47.309 0100|01|00|0c|f201fe|200705010184000a000a1896[payload->].........||38,424
2025-07-31T07:06:55.036 0100|00|00|05|fa0001|20070558f3[payload->]X.||62,296
2025-07-31T07:06:55.137 0100|01|00|0c|f201fe|200705010184000a000a1896[payload->].........||38,424
2025-07-31T07:47:29.262 0100|00|00|05|fa0001|20070558f3[payload->]X.||62,296
2025-07-31T07:47:29.262 0100|01|00|0c|f201fe|200705010184000a000a1896[payload->].........||38,424
2025-07-31T08:58:29.216 0100|00|00|05|fa0001|20070558f3[payload->]X.||62,296
2025-07-31T08:58:29.317 0100|01|00|0c|f201fe|200705010184000a000a1896[payload->].........||38,424
2025-07-31T09:08:38.179 0100|00|00|05|fa0001|20070558f3[payload->]X.||62,296
2025-07-31T09:08:38.281 0100|01|00|0c|f201fe|200705010184000a000a1896[payload->].........||38,424
2025-07-31T09:28:54.073 0100|00|00|05|fa0001|20070558f3[payload->]X.||62,296
2025-07-31T09:28:54.175 0100|01|00|0c|f201fe|200705010184000a000a1896[payload->].........||38,424
2025-07-31T09:39:02.062 0100|00|00|05|fa0001|20070558f3[payload->]X.||62,296
2025-07-31T09:39:02.163 0100|01|00|0c|f201fe|200705010184000a000a1896[payload->].........||38,424
2025-07-31T09:49:10.329 0100|00|00|05|fa0001|20070558f3[payload->]X.||62,296
2025-07-31T09:49:10.431 0100|01|00|0c|f201fe|200705010184000a000a1896[payload->].........||38,424
2025-07-31T10:19:35.612 0100|00|00|05|fa0001|20070558f3[payload->]X.||62,296
2025-07-31T10:19:35.713 0100|01|00|0c|f201fe|200705010184000a000a1896[payload->].........||38,424
2025-07-31T10:50:00.491 0100|00|00|05|fa0001|20070558f3[payload->]X.||62,296
2025-07-31T10:50:00.593 0100|01|00|0c|f201fe|200705010184000a000a1896[payload->].........||38,424
2025-07-31T11:00:09.543 0100|00|00|05|fa0001|20070558f3[payload->]X.||62,296
2025-07-31T11:00:09.644 0100|01|00|0c|f201fe|200705010184000a000a1896[payload->].........||38,424
2025-07-31T11:10:18.556 0100|00|00|05|fa0001|20070558f3[payload->]X.||62,296
2025-07-31T11:10:18.657 0100|01|02|0c|f201fe|200705010184000a000a1896[payload->].........||38,424
2025-07-31T11:20:27.010 0100|00|00|05|fa0001|20070558f3[payload->]X.||62,296
2025-07-31T11:20:27.010 0100|01|00|0c|f201fe|200705010184000a000a1896[payload->].........||38,424
2025-07-31T11:40:43.475 0100|00|00|05|fa0001|20070558f3[payload->]X.||62,296
2025-07-31T11:40:43.576 0100|01|00|0c|f201fe|200705010184000a000a1896[payload->].........||38,424
2025-07-31T11:50:52.353 0100|00|00|05|fa0001|20070558f3[payload->]X.||62,296
2025-07-31T11:50:52.454 0100|01|00|0c|f201fe|200705010184000a00001100[payload->].........||0,017
2025-07-31T12:01:01.104 0100|01|00|0c|f201fe|200705010184000a000a1896[payload->].........||38,424
2025-07-31T12:11:09.313 0100|00|00|05|fa0001|20070558f3[payload->]X.||62,296
2025-07-31T12:11:09.414 0100|01|00|0c|f201fe|200705010184000a000a1896[payload->].........||38,424
2025-07-31T12:21:18.396 0100|00|00|05|fa0001|20070558f3[payload->]X.||62,296
2025-07-31T12:21:18.497 0100|01|00|0c|f201fe|200705010184000a000a1896[payload->].........||38,424
2025-07-31T12:51:47.576 0100|00|00|05|fa0001|20070558f3[payload->]X.||62,296
2025-07-31T12:51:47.677 0100|01|00|0c|f201fe|200705010184000a000a1896[payload->].........||38,424
2025-07-31T13:12:04.090 0100|00|00|05|fa0001|20070558f3[payload->]X.||62,296
2025-07-31T13:12:04.191 0100|01|00|0c|f201fe|200705010184000a000a1896[payload->].........||38,424
2025-07-31T13:22:12.323 0100|00|00|05|fa0001|20070558f3[payload->]X.||62,296
2025-07-31T13:22:12.424 0100|01|00|0c|f201fe|200705010184000a000a1896[payload->].........||38,424
2025-07-31T13:42:29.229 0100|00|00|05|fa0001|20070558f3[payload->]X.||62,296
2025-07-31T13:42:29.331 0100|01|00|0c|f201fe|200705010184000a000a1896[payload->].........||38,424
2025-07-31T14:02:47.429 0100|01|00|0c|f201fe|200705010184000a000a1896[payload->].........||38,424
2025-07-31T14:12:56.019 0100|00|00|05|fa0001|20070558f3[payload->]X.||62,296
2025-07-31T14:12:56.120 0100|01|20|0c|f201fe|200705010184000a000a1896[payload->].........||38,424
2025-07-31T14:23:03.873 0100|00|00|05|fa0001|20070558f3[payload->]X.||62,296
2025-07-31T14:23:03.874 0100|01|00|0c|f201fe|200705010184000a000a1896[payload->].........||38,424
2025-07-31T14:43:21.848 0100|01|00|0c|f203fe|200705010184000a000a1896[payload->].........||38,424
2025-07-31T14:53:30.393 0100|00|00|05|fa0001|20070558f3[payload->]X.||62,296
2025-07-31T14:53:30.494 0100|01|00|0c|f201fe|200705010184000a000a1896[payload->].........||38,424
2025-07-31T15:13:47.344 0100|00|00|05|fa0001|20070558f3[payload->]X.||62,296
2025-07-31T15:13:47.445 0100|01|00|0c|f201fe|200705010184000a000a1896[payload->].........||38,424
2025-07-31T15:23:55.215 0100|00|00|05|fa0001|20070558f3[payload->]X.||62,296
2025-07-31T15:23:55.316 0100|01|00|0c|f201fe|200705010184000a000a1896[payload->].........||38,424
2025-07-31T15:34:04.712 0100|00|00|05|fa0001|20070558f3[payload->]X.||62,296
2025-07-31T15:34:04.813 0100|01|00|0c|f201fe|200705010184000a000a1896[payload->].........||38,424
2025-07-31T15:44:13.853 0100|00|00|05|fa0001|20070558f3[payload->]X.||62,296
2025-07-31T15:44:13.954 0100|01|00|0c|f201fe|200705010184000a000a1896[payload->].........||38,424
2025-07-31T16:04:31.523 0100|01|00|0c|f201fe|200705010184000a000a1896[payload->].........||38,424
2025-07-31T16:14:40.574 0100|00|00|05|fa0001|20070558f3[payload->]X.||62,296
2025-07-31T16:14:40.575 0100|01|00|0c|f201fe|200705010184000a000a1896[payload->].........||38,424
2025-07-31T16:55:16.212 0100|01|00|0c|f201fe|200705010184000a000a1896[payload->].........||38,424
2025-07-31T17:05:24.284 0100|00|00|05|fa0001|20070558f3[payload->]X.||62,296
2025-07-31T17:05:24.385 0100|01|00|0c|f201fe|200705010184000a000a1896[payload->].........||38,424
2025-07-31T17:15:33.053 0100|00|00|05|fa0001|20070558f3[payload->]X.||62,296
2025-07-31T17:15:33.154 0100|01|00|0c|f201fe|200705010184000a000a1896[payload->].........||38,424
2025-07-31T17:46:01.174 0100|00|00|05|fa0001|20070558f3[payload->]X.||62,296
2025-07-31T17:46:01.275 0100|01|00|0c|f201fe|200705010184000a000a1896[payload->].........||38,424
2025-07-31T18:16:27.695 0100|00|00|05|fa0001|20070558f3[payload->]X.||62,296
2025-07-31T18:16:27.695 0100|01|00|0c|f201fe|200705010184000a00001100[payload->].........||0,017
2025-07-31T18:36:45.427 0100|01|00|0c|f201fe|200705010184000a000a1896[payload->].........||38,424
2025-07-31T18:46:53.910 0100|00|00|05|fa0001|20070558f3[payload->]X.||62,296
2025-07-31T19:17:21.752 0100|00|00|05|fa0001|20070558f3[payload->]X.||62,296
2025-07-31T19:17:21.853 0100|01|00|0c|f201fe|200705010184000a000a1896[payload->].........||38,424
2025-07-31T19:37:39.666 0100|00|00|05|fa0001|20070558f3[payload->]X.||62,296
2025-07-31T19:37:39.767 0100|01|00|0c|f201fe|200705fe2007090141840011[payload->]. ...A...||4,352
2025-07-31T20:38:31.935 0100|00|00|05|fa0001|20070558f3[payload->]X.||62,296
2025-07-31T20:38:32.036 0100|01|00|0c|f201fe|200705010184000a000a1896[payload->].........||38,424
2025-07-31T20:48:41.712 0100|00|00|05|fa0001|20070558f3[payload->]X.||62,296
2025-07-31T20:48:41.814 0100|01|00|0c|f201fe|200705010184000a000a1896[payload->].........||38,424
2025-07-31T21:08:59.570 0100|01|00|0c|f201fe|200705010184000a000a1896[payload->].........||38,424
2025-07-31T21:29:17.730 0100|01|00|0c|f201fe|200705010184000a000a1896[payload->].........||38,424
2025-07-31T21:39:26.115 0100|00|00|05|fa0001|20070558f3[payload->]X.||62,296
2025-07-31T21:39:26.217 0100|01|00|0c|f201fe|200705010184000a000a1896[payload->].........||38,424
2025-07-31T21:59:43.088 0100|00|00|05|fa0001|20070558f3[payload->]X.||62,296
2025-07-31T21:59:43.189 0100|01|00|0c|f201fe|200705010184000a000a1896[payload->].........||38,424
2025-07-31T22:20:00.754 0100|00|00|05|fa0001|20070558f3[payload->]X.||62,296
2025-07-31T22:20:00.855 0100|01|00|0c|f201fe|200705010184000a000a1896[payload->].........||38,424
2025-07-31T22:30:09.657 0100|01|00|0c|f201fe|200705010184000a000a1896[payload->].........||38,424
2025-07-31T22:50:28.454 0100|00|00|05|fa0001|20070558f3[payload->]X.||62,296
2025-07-31T22:50:28.555 0100|01|00|0c|f201fe|200705010184000a000a1896[payload->].........||38,424
2025-07-31T23:00:37.351 0100|00|00|05|fa0001|20070558f3[payload->]X.||62,296
2025-07-31T23:00:37.453 0100|01|00|0c|f201fe|200705010184000a000a1896[payload->].........||38,424
2025-07-31T23:10:46.317 0100|00|00|05|fa0001|20070558f3[payload->]X.||62,296
2025-07-31T23:10:46.317 0100|01|00|0c|f201fe|200705010184000a000a1896[payload->].........||38,424
2025-07-31T23:31:03.987 0100|00|00|05|fa0001|20070558f3[payload->]X.||62,296
2025-07-31T23:31:04.088 0100|01|00|0c|f201fe|200705010184000a000a1896[payload->].........||38,424
2025-08-01T00:01:31.861 0100|00|00|05|fa0001|20070558f3[payload->]X.||62,296
2025-08-01T00:01:31.862 0100|01|00|0c|f201fe|200705010184000a000a1896[payload->].........||38,424
2025-08-01T00:11:40.479 0100|00|00|05|fa0001|20070558f3[payload->]X.||62,296
2025-08-01T00:11:40.580 0100|01|00|0c|f201fe|200705010184000a000a1896[payload->].........||38,424
2025-08-01T00:21:49.962 0100|00|00|05|fa0001|20070558f3[payload->]X.||62,296
2025-08-01T00:21:50.063 0100|01|00|0c|f201fe|200705010184000a000a1896[payload->].........||38,424
2025-08-01T00:31:58.223 0100|00|00|05|fa0001|20070558f3[payload->]X.||62,296
2025-08-01T00:31:58.224 0100|01|00|0c|f201fe|200705010184000a000a1896[payload->].........||38,424
2025-08-01T01:02:24.655 0100|00|00|05|fa0001|20070558f3[payload->]X.||62,296
2025-08-01T01:02:24.756 0100|01|00|0c|f201fe|200705010184000a000a1896[payload->].........||38,424
2025-08-01T01:12:33.652 0100|00|00|05|fa0001|20070558f3[payload->]X.||62,296
2025-08-01T01:12:33.753 0100|01|00|0c|f201fe|200705010184000a000a1896[payload->].........||38,424
2025-08-01T01:22:43.206 0100|00|00|05|fa0001|20070558f3[payload->]X.||62,296
2025-08-01T01:22:43.307 0100|01|00|0c|f201fe|200705010184000a000a1896[payload->].........||38,424
2025-08-01T01:32:51.752 0100|01|00|0c|f201fe|200705010184000a000a1896[payload->].........||38,424
2025-08-01T01:53:09.299 0100|00|00|05|fa0001|20070558f3[payload->]X.||62,296
2025-08-01T01:53:09.400 0100|01|00|0c|f201fe|200705010184000a000a1896[payload->].........||38,424
2025-08-01T02:03:18.258 0100|00|00|05|fa0001|20070558f3[payload->]X.||62,296
2025-08-01T02:03:18.359 0100|01|00|0c|f201fe|200705010184000a000a1896[payload->].........||38,424
2025-08-01T02:13:27.366 0100|00|00|05|fa0001|20070558f3[payload->]X.||62,296
2025-08-01T02:13:27.468 0100|01|00|0c|f201fe|200705010184000a000a1896[payload->].........||38,424
2025-08-01T02:23:35.734 0100|00|00|05|fa0001|20070558f3[payload->]X.||62,296
2025-08-01T02:23:35.836 0100|01|00|0c|f201fe|200705010184000a000a1896[payload->].........||38,424
2025-08-01T02:43:53.781 0100|00|00|05|fa0001|20070558f3[payload->]X.||62,296
2025-08-01T02:43:53.883 0100|01|00|0c|f201fe|200705010184000a000a1896[payload->].........||38,424
2025-08-01T03:04:10.666 0100|00|00|05|fa0001|20070558f3[payload->]X.||62,296
2025-08-01T03:04:10.767 0100|01|00|0c|f201fe|200705010184000a000a1896[payload->].........||38,424
2025-08-01T03:24:27.813 0100|00|00|05|fa0001|20070558f3[payload->]X.||62,296
2025-08-01T03:24:27.915 0100|01|00|0c|f201fe|200705010184000a000a1896[payload->].........||38,424
2025-08-01T04:35:29.201 0100|01|00|0c|f201fe|200705010184000a000a1896[payload->].........||38,424
2025-08-01T04:55:48.240 0100|00|00|05|fa0001|20070558f3[payload->]X.||62,296
2025-08-01T04:55:48.341 0100|01|00|0c|f201fe|200705010184000a000a1896[payload->].........||38,424
2025-08-01T05:16:06.188 0100|00|00|05|fa0001|20070558f3[payload->]X.||62,296
2025-08-01T05:16:06.290 0100|01|00|0c|f201fe|200705010184000a000a1896[payload->].........||38,424
2025-08-01T05:26:13.902 0100|00|00|05|fa0001|20070558f3[payload->]X.||62,296
2025-08-01T05:26:13.902 0100|01|00|0c|f201fe|200705010184000a000a1896[payload->].........||38,424
2025-08-01T05:36:23.588 0100|00|00|05|fa0001|20070558f3[payload->]X.||62,296
2025-08-01T05:36:23.689 0100|01|00|0c|f201fc|200705010184000a000a1896[payload->].........||38,424
2025-08-01T05:46:32.114 0100|00|00|05|fa0001|20070558f3[payload->]X.||62,296
2025-08-01T05:46:32.216 0100|01|00|0c|f201fe|200705010184000a000a1896[payload->].........||38,424
2025-08-01T05:56:41.379 0100|00|00|05|fa0001|20070558f3[payload->]X.||62,296
2025-08-01T05:56:41.481 0100|01|00|0c|f201fe|200705010184000a000a1896[payload->].........||38,424
2025-08-01T06:27:08.175 0100|00|00|05|fa0001|20070558f3[payload->]X.||62,296
2025-08-01T06:27:08.276 0100|01|00|0c|f201fe|200705010184000a000a1896[payload->].........||38,424
2025-08-01T06:37:15.759 0100|00|00|05|fa0001|20070558f3[payload->]X.||62,296
2025-08-01T06:37:15.860 0100|01|00|0c|f201fe|200705010184000a000a1896[payload->].........||38,424
2025-08-01T07:17:50.419 0100|01|00|0c|f201fe|200705010184000a000a1896[payload->].........||38,424
2025-08-01T07:27:59.298 0100|00|00|05|fa0001|20070558f3[payload->]X.||62,296
2025-08-01T07:27:59.298 0100|01|00|0c|f201fe|200705010184000a000a1896[payload->].........||38,424
2025-08-01T07:38:08.311 0100|00|00|05|fa0001|20070558f3[payload->]X.||62,296
2025-08-01T07:38:08.412 0100|01|00|0c|f201fe|200705010184000a000a1896[payload->].........||38,424
2025-08-01T07:48:16.057 0100|00|00|05|fa0001|20070558f3[payload->]X.||62,296
2025-08-01T07:48:16.158 0100|01|00|0c|f201fe|200705010184000a000a1896[payload->].........||38,424
2025-08-01T07:58:25.599 0100|00|00|05|fa0001|20070558f3[payload->]X.||62,296
2025-08-01T07:58:25.701 0100|01|00|0c|f201fe|200705010184000a000a1896[payload->].........||38,424
2025-08-01T08:08:34.156 0100|00|00|05|fa0001|20070558f3[payload->]X.||62,296
2025-08-01T08:08:34.258 0100|01|00|0c|f201fe|200705010184000a000a1896[payload->].........||38,424
2025-08-01T08:28:51.705 0100|00|00|05|fa0001|20070558f3[payload->]X.||62,296
2025-08-01T08:28:51.705 0100|01|00|0c|f201fe|200705010184000a000a1896[payload->].........||38,424
2025-08-01T08:39:00.556 0100|00|00|05|fa0001|20070558f3[payload->]X.||62,296
2025-08-01T08:39:00.657 0100|01|00|0c|f201fe|200705010184000a000a1896[payload->].........||38,424
2025-08-01T08:49:09.326 0100|01|00|0c|f201fe|200705010184000a000a1896[payload->].........||38,424
2025-08-01T08:59:18.939 0100|00|00|05|fa0001|20070558f3[payload->]X.||62,296
2025-08-01T08:59:19.040 0100|01|00|0c|f201fe|200705010184000a000a1896[payload->].........||38,424
2025-08-01T09:09:27.764 0100|00|00|05|fa0001|20070558f3[payload->]X.||62,296
2025-08-01T09:09:27.865 0100|01|00|0c|f201fe|200705010184000a000a1896[payload->].........||38,424
2025-08-01T09:39:54.583 0100|00|00|05|fa0001|20070558f3[payload->]X.||62,296
2025-08-01T09:39:54.684 0100|01|00|0c|f201fe|200705010184000a000a1896[payload->].........||38,424
2025-08-01T09:50:02.988 0100|00|00|05|fa0001|20070558f3[payload->]X.||62,296
2025-08-01T09:50:02.988 0100|01|00|0c|f201fe|200705010184000a000a1896[payload->].........||38,424
2025-08-01T10:20:29.625 0100|00|00|05|fa0001|20070558f3[payload->]X.||62,296
2025-08-01T10:20:29.726 0100|01|00|0c|f201fe|200705010184000a000a1896[payload->].........||38,424
2025-08-01T11:01:04.874 0100|00|00|05|fa0001|20070558f3[payload->]X.||62,296
2025-08-01T11:01:05.076 0100|01|00|0c|f201fe|200705010184000a000a1896[payload->].........||38,424
2025-08-01T11:41:42.533 0100|00|00|05|fa0001|20070558f3[payload->]X.||62,296
2025-08-01T11:41:42.533 0100|01|00|0c|f201fe|200705010184000a000a1896[payload->].........||38,424
2025-08-01T11:51:51.506 0100|00|00|05|fa0001|20070558f3[payload->]X.||62,296
2025-08-01T11:51:51.607 0100|01|00|0c|f201fe|200705010184000a000a1896[payload->].........||38,424
2025-08-01T12:02:00.585 0100|00|00|05|fa0001|20070558f3[payload->]X.||62,296
2025-08-01T12:02:00.585 0100|01|00|0c|f201fe|200705010184000a000a1896[payload->].........||38,424
2025-08-01T12:12:09.224 0100|01|00|0c|f201fe|200705010184000a000a1896[payload->].........||38,424
2025-08-01T12:22:19.046 0100|00|00|05|fa0001|20070558f3[payload->]X.||62,296
2025-08-01T12:22:19.047 0100|01|00|0c|f201fe|200705010184000a000a1896[payload->].........||38,424
2025-08-01T13:02:52.966 0100|00|00|05|fa0001|20070558f3[payload->]X.||62,296
2025-08-01T13:13:02.076 0100|00|00|05|fa0001|20070558f3[payload->]X.||62,296
2025-08-01T13:13:02.178 0100|01|00|0c|f201fe|200705010184000a000a1896[payload->].........||38,424
2025-08-01T13:43:28.339 0100|00|00|05|fa0001|20070558f3[payload->]X.||62,296
2025-08-01T13:43:28.340 0100|01|00|0c|f201fe|2007050101000005fa000154[payload->]........T||21,505
2025-08-01T13:53:37.154 0100|00|00|05|fa0001|20070558f3[payload->]X.||62,296
2025-08-01T13:53:37.154 0100|01|00|0c|f201fe|200705010184000a000a1896[payload->].........||38,424
2025-08-01T14:03:45.715 0100|00|00|05|fa0001|20070558f3[payload->]X.||62,296
2025-08-01T14:03:45.816 0100|01|00|0c|f201fe|200705010184000a000a1896[payload->].........||38,424
2025-08-01T14:13:54.241 0100|00|00|05|fa0001|20070558f3[payload->]X.||62,296
2025-08-01T14:13:54.241 0100|01|00|0c|f201fe|200705010184000a000a1896[payload->].........||38,424
2025-08-01T14:24:03.299 0100|00|00|05|fa0001|20070558f3[payload->]X.||62,296
2025-08-01T14:24:03.400 0100|01|00|0c|f201fe|200705010184000a000a1896[payload->].........||38,424
2025-08-01T14:34:11.612 0100|01|00|0c|f201fe|200705010184000a000a1896[payload->].........||38,424
2025-08-01T14:44:20.336 0100|00|00|05|fa0001|20070558f3[payload->]X.||62,296
2025-08-01T14:44:20.437 0100|01|00|0c|f201fe|200705010184000a000a1896[payload->].........||38,424
2025-08-01T15:14:47.053 0100|01|00|0c|f201fe|200705010184000a000a1896[payload->].........||38,424
2025-08-01T15:24:55.705 0100|00|00|05|fa0001|20070558f3[payload->]X.||62,296
2025-08-01T15:24:55.807 0100|01|00|0c|f201fe|200705010184000a000a1896[payload->].........||38,424
2025-08-01T15:35:05.041 0100|00|00|05|fa0001|20070558f3[payload->]X.||62,296
2025-08-01T15:55:21.872 0100|00|00|05|fa0001|20070558f3[payload->]X.||62,296
2025-08-01T15:55:21.872 0100|01|00|0c|f201fe|200705010184000a000a1896[payload->].........||38,424
2025-08-01T16:35:57.344 0100|00|00|05|fa0001|20070558f3[payload->]X.||62,296
2025-08-01T16:35:57.545 0100|01|00|0c|f201fe|200705010184000a000a1896[payload->].........||38,424
2025-08-01T16:56:14.391 0100|00|00|05|fa0001|20070558f3[payload->]X.||62,296
2025-08-01T16:56:14.391 0100|01|00|0c|f201fe|200705010184000a000a1896[payload->].........||38,424
2025-08-01T17:06:23.404 0100|00|00|05|fa0001|20070558f3[payload->]X.||62,296
2025-08-01T17:06:23.506 0100|01|00|0c|f201fe|200705010184000a000a1896[payload->].........||38,424
2025-08-01T17:46:58.241 0100|00|00|05|fa0001|20070558f3[payload->]X.||62,296
2025-08-01T18:07:15.971 0100|00|00|05|fa0001|20070558f3[payload->]X.||62,296
2025-08-01T18:07:15.972 0100|01|00|0c|f201fe|200705010184000a000a1896[payload->].........||38,424
2025-08-01T18:47:49.198 0100|00|00|05|fa0001|20070558f3[payload->]X.||62,296
2025-08-01T18:57:58.025 0100|00|00|05|fa0001|20070558f3[payload->]X.||62,296
2025-08-01T18:57:58.126 0100|01|00|0c|f201fe|200705010184000a000a1896[payload->].........||38,424
2025-08-01T19:18:15.597 0100|00|00|05|fa0001|20070558f3[payload->]X.||62,296
2025-08-01T19:18:15.597 0100|01|00|0c|f201fe|200705010184000a000a1896[payload->].........||38,424
2025-08-01T19:28:24.425 0100|00|00|05|fa0001|20070558f3[payload->]X.||62,296
2025-08-01T19:28:24.526 0100|01|00|0c|f201fe|200705010184000a000a1896[payload->].........||38,424
2025-08-01T19:58:49.085 0100|00|00|05|fa0001|20070558f3[payload->]X.||62,296
2025-08-01T19:58:49.186 0100|01|00|0c|f201fe|200705010184000a000a1896[payload->].........||38,424
2025-08-01T20:08:57.945 0100|00|00|05|fa0001|20070558f3[payload->]X.||62,296
2025-08-01T20:08:57.945 0100|01|00|0c|f201fe|200705010184000a000a1896[payload->].........||38,424
2025-08-01T20:29:15.837 0100|00|00|05|fa0001|20070558f3[payload->]X.||62,296
2025-08-01T20:29:15.938 0100|01|00|0c|f201fe|200705010184000a000a1896[payload->].........||38,424
2025-08-01T20:39:24.367 0100|00|00|05|fa0001|20070558f3[payload->]X.||62,296
2025-08-01T20:39:24.469 0100|01|00|0c|f201fe|200705010184000a000a1896[payload->].........||38,424
2025-08-01T20:49:33.125 0100|00|00|05|fa0001|20070558f3[payload->]X.||62,296
2025-08-01T20:49:33.226 0100|01|00|0c|f201fe|200705010184000a000a1896[payload->].........||38,424
2025-08-01T20:59:41.820 0100|00|00|05|fa0001|20070558f3[payload->]X.||62,296
2025-08-01T20:59:41.921 0100|01|00|0c|f201fe|200705010184000a000a1896[payload->].........||38,424
2025-08-01T21:09:49.650 0100|00|00|05|fa0001|20070558f3[payload->]X.||62,296
2025-08-01T21:09:49.751 0100|01|00|0c|f201fe|200705010184000a000a1896[payload->].........||38,424
2025-08-01T21:19:58.951 0100|00|00|05|fa0001|20070558f3[payload->]X.||62,296
2025-08-01T21:19:59.052 0100|01|00|0c|f201fe|200705010184000a000a1896[payload->].........||38,424
2025-08-01T21:30:08.442 0100|00|00|05|fa0001|20070558f3[payload->]X.||62,296
2025-08-01T21:30:08.543 0100|01|00|0c|f201fe|200705010184000a000a1896[payload->].........||38,424
2025-08-01T22:10:44.361 0100|00|00|05|fa0001|20070558f3[payload->]X.||62,296
2025-08-01T22:10:44.462 0100|01|00|0c|f201fe|200705010184000a000a1896[payload->].........||38,424
2025-08-01T22:41:11.153 0100|00|00|05|fa0001|20070558f3[payload->]X.||62,296
2025-08-01T22:41:11.154 0100|01|00|0c|f281fe|200705010184000a000a1896[payload->].........||38,424
2025-08-01T22:51:20.212 0100|00|00|05|fa0001|20070558f3[payload->]X.||62,296
2025-08-01T22:51:20.313 0100|01|00|0c|f201fe|200705010184000a000a1896[payload->].........||38,424
2025-08-01T23:01:29.179 0100|00|00|05|fa0001|20070558f3[payload->]X.||62,296
2025-08-01T23:01:29.281 0100|01|00|0c|f201fe|200705010184000a000a1896[payload->].........||38,424
2025-08-01T23:21:46.642 0100|00|00|05|fa0001|20070558f3[payload->]X.||62,296
2025-08-01T23:21:46.743 0100|01|00|0c|f201fe|200705010184000a000a1896[payload->].........||38,424
2025-08-01T23:42:03.341 0100|01|00|0c|f201fe|200705010184000a000a1896[payload->].........||38,424
2025-08-01T23:52:11.904 0100|00|00|05|fa0001|20070558f3[payload->]X.||62,296
2025-08-01T23:52:12.005 0100|01|00|0c|f201fe|200705010184000a000a1896[payload->].........||38,424
2025-08-02T00:12:29.108 0100|00|00|05|fa0001|20070558f3[payload->]X.||62,296
2025-08-02T00:12:29.210 0100|01|00|0c|f201fe|200705010184000a000a1896[payload->].........||38,424
2025-08-02T00:22:38.408 0100|00|00|05|fa0001|20070558f3[payload->]X.||62,296
2025-08-02T00:22:38.408 0100|01|00|0c|f201fe|200705010184000a000a1896[payload->].........||38,424
2025-08-02T01:03:11.992 0100|01|00|0c|f201fe|200705010184000a000a1896[payload->].........||38,424
2025-08-02T01:23:30.186 0100|00|00|05|fa0001|20070558f3[payload->]X.||62,296
2025-08-02T01:23:30.287 0100|01|00|0c|f201fe|200705010184000a000a1896[payload->].........||38,424
2025-08-02T01:43:48.543 0100|00|00|05|fa0001|20070558f3[payload->]X.||62,296
2025-08-02T01:43:48.644 0100|01|00|0c|f201fe|200705010184000a000a1896[payload->].........||38,424
2025-08-02T02:04:06.191 0100|00|00|05|fa0001|20070558f3[payload->]X.||62,296
2025-08-02T02:04:06.293 0100|01|00|0c|f201fe|200705010184000a000a1896[payload->].........||38,424
2025-08-02T02:14:15.560 0100|00|00|05|fa0001|20070558f3[payload->]X.||62,296
2025-08-02T02:14:15.662 0100|01|00|0c|f201fe|200705010184000a000a1896[payload->].........||38,424
2025-08-02T02:24:24.402 0100|00|00|05|fa0001|20070558f3[payload->]X.||62,296
2025-08-02T02:24:24.503 0100|01|00|0c|f201fe|200705010184000a000a1896[payload->].........||38,424
2025-08-02T02:44:42.013 0100|00|00|05|fa0001|20070558f3[payload->]X.||62,296
2025-08-02T02:44:42.113 0100|01|00|0c|f201fe|200705010184000a000a1896[payload->].........||38,424
2025-08-02T02:54:51.429 0100|01|00|4e|f203fe|200705010184000a000a18960100000005fa000120070659b3010001000cf201fe2007060304810000000e59180100000005fa0001345501ff8f0104010006f801fe3455010071990100000005fa[payload->]................. ..Y......... .........Y.........4U...........4U..q.......||64,005
2025-08-02T03:04:59.138 0100|00|00|05|fa0001|20070558f3[payload->]X.||62,296
2025-08-02T03:04:59.239 0100|01|00|0c|f201fe|200705010184000a000a1896[payload->].........||38,424
2025-08-02T03:25:17.252 0100|00|00|05|fa0001|20070558f3[payload->]X.||62,296
2025-08-02T03:25:17.353 0100|01|00|0c|f201fe|200705010184000a000a1896[payload->].........||38,424
2025-08-02T03:45:33.714 0100|00|00|05|fa0001|20070558f3[payload->]X.||62,296
2025-08-02T03:45:33.815 0100|01|00|0c|f201fe|200705010184000a000a1896[payload->].........||38,424
2025-08-02T04:05:50.337 0100|00|00|05|fa0001|20070558f3[payload->]X.||62,296
2025-08-02T04:05:50.438 0100|01|00|0c|f201fe|200705010184000a000a1896[payload->].........||38,424
2025-08-02T04:15:59.021 0100|00|00|05|fa0001|20070558f3[payload->]X.||62,296
2025-08-02T04:15:59.122 0100|01|00|0c|f201fe|200705010184000a000a1896[payload->].........||38,424
2025-08-02T04:26:08.491 0100|00|00|05|fa0001|20070558f3[payload->]X.||62,296
2025-08-02T04:26:08.592 0100|01|00|0c|f201fe|200705010184000a000a1896[payload->].........||38,424
2025-08-02T04:56:34.362 0100|00|00|05|fa0001|20070558f3[payload->]X.||62,296
2025-08-02T04:56:34.464 0100|01|00|0c|f201fe|200705010184000a000a1896[payload->].........||38,424
2025-08-02T05:06:43.251 0100|00|00|05|fa0001|20070558f3[payload->]X.||62,296
2025-08-02T05:16:51.964 0100|00|00|05|fa0001|20070558f3[payload->]X.||62,296
2025-08-02T05:16:52.065 0100|01|00|0c|f201fe|200705010184000a000a1896[payload->].........||38,424
2025-08-02T05:27:00.352 0100|00|00|05|fa0001|20070558f3[payload->]X.||62,296
2025-08-02T05:27:00.352 0100|01|00|0c|f201fe|200705010184000a000a1896[payload->].........||38,424
2025-08-02T05:37:09.417 0100|01|00|0c|f201fe|200705010184000a000a1896[payload->].........||38,424
2025-08-02T05:47:18.618 0100|00|00|05|fa0001|20070558f3[payload->]X.||62,296
2025-08-02T05:47:18.719 0100|01|00|0c|f201fe|200705010709014184001100[payload->]....A....||0,017
2025-08-02T05:57:27.176 0100|01|00|0c|f201fe|200705010184000a000a1896[payload->].........||38,424
2025-08-02T06:07:35.488 0100|01|00|0c|f201fe|200705010184000a000a1896[payload->].........||38,424
2025-08-02T06:27:53.145 0100|00|00|05|fa0001|20070558f3[payload->]X.||62,296
2025-08-02T06:27:53.246 0100|01|00|0c|f201fe|200705010184000a000a1896[payload->].........||38,424
2025-08-02T06:38:02.063 0100|00|00|05|fa0001|20070558f3[payload->]X.||62,296
2025-08-02T06:58:20.053 0100|00|00|05|fa0001|20070558f3[payload->]X.||62,296
2025-08-02T06:58:20.154 0100|01|00|0c|f201fe|200705010184000a000a1896[payload->].........||38,424
2025-08-02T07:08:29.226 0100|00|00|05|fa0001|20070558f3[payload->]X.||62,296
2025-08-02T07:08:29.327 0100|01|00|0c|f201fe|200705010184000a000a1896[payload->].........||38,424
2025-08-02T07:38:55.272 0100|00|00|05|fa0001|20070558f3[payload->]X.||62,296
2025-08-02T07:38:55.373 0100|01|00|0c|f201fe|200705010184000a000a1896[payload->].........||38,424
2025-08-02T07:49:03.863 0100|00|00|05|fa0001|20070558f3[payload->]X.||62,296
2025-08-02T07:49:03.964 0100|01|00|0c|f201fe|200705010184000a000a1896[payload->].........||38,424
2025-08-02T07:59:13.025 0100|00|00|05|fa0001|20070558f3[payload->]X.||62,296
2025-08-02T07:59:13.126 0100|01|00|0c|f201fe|200705010184000a000a1896[payload->].........||38,424
2025-08-02T08:09:22.261 0100|00|00|05|fa0001|20070558f3[payload->]X.||62,296
2025-08-02T08:09:22.262 0100|01|00|0c|f201fe|200705010184000a000a1896[payload->].........||38,424
2025-08-02T08:49:57.504 0100|00|00|05|fa0001|20070558f3[payload->]X.||62,296
2025-08-02T09:00:05.727 0100|00|00|05|fa0001|20070558f3[payload->]X.||62,296
2025-08-02T09:00:05.929 0100|01|00|0c|f201fe|200705010184000a000a1896[payload->].........||38,424
2025-08-02T09:40:39.948 0100|00|00|05|fa0001|20070558f3[payload->]X.||62,296
2025-08-02T09:40:40.050 0100|01|00|0c|f201fe|200705010184000a000a1896[payload->].........||38,424
2025-08-02T10:41:33.896 0100|00|00|05|fa0001|20070558f3[payload->]X.||62,296
2025-08-02T10:41:33.997 0100|01|00|0c|f201fe|200705010184000a000a1896[payload->].........||38,424
2025-08-02T11:01:51.417 0100|00|00|05|fa0001|20070558f3[payload->]X.||62,296
2025-08-02T11:01:51.518 0100|01|00|0c|f201fe|200705010186020a000a1896[payload->].........||38,424
2025-08-02T11:12:00.046 0100|00|00|05|fa0001|20070558f3[payload->]X.||62,296
2025-08-02T11:12:00.147 0100|01|00|0c|f201fe|200705010184000a000a1896[payload->].........||38,424
2025-08-02T11:22:08.494 0100|00|00|05|fa0001|20070558f3[payload->]X.||62,296
2025-08-02T11:22:08.596 0100|01|00|0c|f201fe|200705010184000a000a1896[payload->].........||38,424
2025-08-02T11:42:26.869 0100|01|08|0c|f201fe|200705000f0000e46e010000[payload->].....n...||0,000
2025-08-02T11:52:34.995 0100|00|00|05|fa0001|20070558f3[payload->]X.||62,296
2025-08-02T11:52:35.096 0100|01|00|0c|f201fe|200705010184000a000a1896[payload->].........||38,424
2025-08-02T12:23:01.353 0100|00|00|05|fa0001|20070558f3[payload->]X.||62,296
2025-08-02T12:23:01.455 0100|01|00|0c|f201fe|200705010184000a000a1896[payload->].........||38,424
2025-08-02T12:33:09.602 0100|00|00|05|fa0001|20070558f3[payload->]X.||62,296
2025-08-02T12:33:09.703 0100|01|00|0c|f201fe|200705010184000a000a1896[payload->].........||38,424
2025-08-02T12:43:18.522 0100|00|00|05|fa0001|20070558f3[payload->]X.||62,296
2025-08-02T13:13:44.393 0100|01|00|0c|f201fe|200705010184000a000a1896[payload->].........||38,424
2025-08-02T13:23:53.241 0100|00|00|05|fa0001|20070558f3[payload->]X.||62,296
2025-08-02T13:23:53.342 0100|01|00|0c|f201fe|200705010184000a000a1896[payload->].........||38,424
2025-08-02T13:44:10.227 0100|00|00|05|fa0001|20070558f3[payload->]X.||62,296
2025-08-02T13:44:10.328 0100|01|00|0c|f201fe|200705010184000a000a1896[payload->].........||38,424
2025-08-02T13:54:19.171 0100|00|00|05|fa0001|20070558f3[payload->]X.||62,296
2025-08-02T13:54:19.272 0100|01|00|0c|f201fe|200705010184000a000a1896[payload->].........||38,424
2025-08-02T14:04:28.183 0100|00|00|05|fa0001|20070558f3[payload->]X.||62,296
2025-08-02T14:04:28.285 0100|01|00|0c|f201fe|200705010184000a000a1896[payload->].........||38,424
2025-08-02T14:14:37.203 0100|00|00|05|fa0001|20070558f3[payload->]X.||62,296
2025-08-02T14:14:37.304 0100|01|00|0c|f201fe|200705010184000a000a1896[payload->].........||38,424
2025-08-02T14:34:53.978 0100|00|00|05|fa0001|20070558f3[payload->]X.||62,296
2025-08-02T14:34:53.978 0100|01|00|0c|f201fe|200705010184000a000a1896[payload->].........||38,424
2025-08-02T14:45:03.722 0100|00|00|05|fa0001|20070558f3[payload->]X.||62,296
2025-08-02T14:45:03.823 0100|01|00|0c|f201fe|20070501010f0000e46e0100[payload->]......n..||0,001
2025-08-02T14:55:12.293 0100|00|00|05|fa0001|20070558f3[payload->]X.||62,296
2025-08-02T14:55:12.394 0100|01|00|0c|f201fe|200705010184000a000a1896[payload->].........||38,424
2025-08-02T15:15:30.727 0100|00|00|05|fa0001|20070558f3[payload->]X.||62,296
2025-08-02T15:15:30.829 0100|01|00|0c|f201fe|200705010184000a000a1896[payload->].........||38,424
2025-08-02T15:35:48.408 0100|00|00|05|fa0001|20070558f3[payload->]X.||62,296
2025-08-02T15:35:48.510 0100|01|00|0c|f201fe|200705010184000a000a1896[payload->].........||38,424
2025-08-02T15:45:57.979 0100|00|00|05|fa0001|20070558f3[payload->]X.||62,296
2025-08-02T15:45:57.980 0100|01|00|0c|f201fe|200705010184000a000a1896[payload->].........||38,424
2025-08-02T16:16:22.808 0100|00|00|05|fa0001|20070558f3[payload->]X.||62,296
2025-08-02T16:16:22.910 0100|01|00|0c|f201fe|200705010184000a000a1896[payload->].........||38,424
2025-08-02T16:26:31.199 0100|00|00|05|fa0001|20070558f3[payload->]X.||62,296
2025-08-02T16:26:31.300 0100|01|00|0c|f201fe|200705010184000a000a1896[payload->].........||38,424
2025-08-02T17:27:24.333 0100|00|00|05|fa0001|20070558f3[payload->]X.||62,296
2025-08-02T17:27:24.434 0100|01|00|0c|f201fe|200705010184000a000a1896[payload->].........||38,424
2025-08-02T17:47:41.923 0100|00|00|05|fa0001|20070558f3[payload->]X.||62,296
2025-08-02T17:47:42.024 0100|01|00|0c|f201fe|200705010184000a000a1896[payload->].........||38,424
2025-08-02T17:57:50.836 0100|00|00|05|fa0001|20070558f3[payload->]X.||62,296
2025-08-02T17:57:50.938 0100|01|00|0c|f201fe|200705010184000a000a1896[payload->].........||38,424
2025-08-02T18:07:59.948 0100|01|00|0c|f201fe|20070502010400000001f0c4[payload->].........||50,416
2025-08-02T18:08:00.556 0100|00|00|05|fa0001|20070558f3[payload->]X.||62,296
2025-08-02T18:08:00.657 0100|01|00|0c|f201fe|2007050100f4390100000005[payload->]...9.....||1,280
2025-08-02T18:18:09.147 0100|00|00|05|fa0001|20070558f3[payload->]X.||62,296
2025-08-02T18:18:09.249 0100|01|00|0c|f201fe|200705010184000a000a1896[payload->].........||38,424
2025-08-02T18:38:27.664 0100|00|00|05|fa0001|20070558f3[payload->]X.||62,296
2025-08-02T18:38:27.765 0100|01|00|0c|f201fe|200705010184000a000a1896[payload->].........||38,424
2025-08-02T18:58:44.783 0100|00|00|05|fa0001|20070558f3[payload->]X.||62,296
2025-08-02T18:58:44.985 0100|01|00|0c|f201fe|200705010184000a000a1896[payload->].........||38,424
2025-08-02T19:19:02.579 0100|00|00|05|fa0001|20070558f3[payload->]X.||62,296
2025-08-02T19:19:02.680 0100|01|00|0c|f201fe|200705010184000a000a1896[payload->].........||38,424
2025-08-02T19:39:20.385 0100|01|00|0c|f201fe|200705010184000a000a1896[payload->].........||38,424
2025-08-02T19:49:29.617 0100|00|00|05|fa0001|20070558f3[payload->]X.||62,296
2025-08-02T19:49:29.718 0100|01|00|0c|f201fe|200705010184000a000a1896[payload->].........||38,424
2025-08-02T19:59:38.740 0100|00|00|05|fa0001|20070558f3[payload->]X.||62,296
2025-08-02T19:59:38.841 0100|01|00|0c|f201fe|200705010184000a000a1896[payload->].........||38,424
2025-08-02T20:09:47.906 0100|00|00|05|fa0001|20070558f3[payload->]X.||62,296
2025-08-02T20:09:48.007 0100|01|00|0c|f201fe|200705010184000a000a1896[payload->].........||38,424
2025-08-02T20:19:56.187 0100|00|00|05|fa0001|20070558f3[payload->]X.||62,296
2025-08-02T20:19:56.288 0100|01|00|0c|f201fe|200705010184000a000a1896[payload->].........||38,424
2025-08-02T20:30:04.570 0100|00|00|05|fa0001|20070558f3[payload->]X.||62,296
2025-08-02T20:30:04.671 0100|01|00|0c|f201fe|200705010184000a000a1896[payload->].........||38,424
2025-08-02T21:00:30.775 0100|00|00|05|fa0001|20070558f3[payload->]X.||62,296
2025-08-02T21:00:30.876 0100|01|00|0c|f201fe|200705090184000a000a1896[payload->].........||38,424
2025-08-02T21:30:56.166 0100|00|00|05|fa0001|20070558f3[payload->]X.||62,296
2025-08-02T21:30:56.267 0100|01|00|0c|f201fe|200705010184000a000a1896[payload->].........||38,424
2025-08-02T21:41:05.756 0100|00|00|05|fa0001|20070558f3[payload->]X.||62,296
2025-08-02T21:41:05.857 0100|01|00|0c|f201fe|200705010184000a000a1896[payload->].........||38,424
2025-08-02T21:51:14.356 0100|00|00|05|fa0001|20070558f3[payload->]X.||62,296
2025-08-02T21:51:14.456 0100|01|00|0c|f201fe|200705010184000a000a1896[payload->].........||38,424
2025-08-02T22:01:23.546 0100|01|00|0c|f201fe|200705010184000a000a1896[payload->].........||38,424
2025-08-02T22:21:41.433 0100|00|00|05|fa0001|20070558f3[payload->]X.||62,296
2025-08-02T22:21:41.534 0100|01|00|0c|f201fe|200705010184000a000a1896[payload->].........||38,424
2025-08-02T22:31:50.885 0100|00|00|05|fa0001|20070558f3[payload->]X.||62,296
2025-08-02T22:31:50.986 0100|01|00|0c|f201fe|200705010184000a000a1896[payload->].........||38,424
2025-08-02T22:41:59.056 0100|01|00|0c|f201fe|200705010184000a000a1896[payload->].........||38,424
2025-08-02T23:42:50.818 0100|01|00|0c|f201fe|200705010184000a000a1896[payload->].........||38,424
2025-08-02T23:52:59.855 0100|00|00|05|fa0001|20070558f3[payload->]X.||62,296
2025-08-03T01:04:01.786 0100|01|00|0c|f201fe|200705010184000a000a1896[payload->].........||38,424
2025-08-03T01:14:10.698 0100|00|00|05|fa0001|20070558f3[payload->]X.||62,296
2025-08-03T01:14:10.799 0100|01|00|0c|f201fe|200705010184000a000a1896[payload->].........||38,424
2025-08-03T01:54:45.530 0100|00|00|05|fa0001|20070558f3[payload->]X.||62,296
2025-08-03T01:54:45.631 0100|01|00|0c|f201fe|200705010184000a000a1896[payload->].........||38,424
2025-08-03T02:15:02.332 0100|01|00|0c|f201fe|200705010184000a000a1896[payload->].........||38,424
2025-08-03T02:25:10.838 0100|01|00|0c|f201fe|200705010184000a000a1896[payload->].........||38,424
2025-08-03T03:46:23.559 0100|00|00|05|fa0001|20070558f3[payload->]X.||62,296
2025-08-03T03:46:23.660 0100|01|00|0c|f201fe|200705010184000a000a1896[payload->].........||38,424
2025-08-03T04:16:49.594 0100|00|00|05|fa0001|20070558f3[payload->]X.||62,296
2025-08-03T04:16:49.796 0100|01|00|0c|f201fe|200705010184000a000a1896[payload->].........||38,424
2025-08-03T04:26:58.410 0100|00|00|05|fa0001|20070558f3[payload->]X.||62,296
2025-08-03T04:26:58.511 0100|01|00|0c|f201fe|200705010184000a000a1896[payload->].........||38,424
2025-08-03T04:57:24.892 0100|00|00|05|fa0001|20070558f3[payload->]X.||62,296
2025-08-03T04:57:24.994 0100|01|00|0c|f201fe|200705010184000a000a1896[payload->].........||38,424
2025-08-03T05:07:33.676 0100|00|00|05|fa0001|2007052007[payload->] .||1,824
2025-08-03T06:08:27.019 0100|00|00|05|fa0001|20070558f3[payload->]X.||62,296
2025-08-03T06:08:27.120 0100|01|00|0c|f201fe|200705010184000a000a1896[payload->].........||38,424
2025-08-03T06:59:10.678 0100|01|00|0c|f201fe|200705010184000a000a1896[payload->].........||38,424
2025-08-03T07:09:20.329 0100|01|00|0c|f201fe|200705010184000a000a1896[payload->].........||38,424
2025-08-03T07:29:38.596 0100|01|00|0c|f201fe|200705010184000a000a1896[payload->].........||38,424
2025-08-03T07:39:46.299 0100|00|00|05|fa0001|20070558f3[payload->]X.||62,296
2025-08-03T07:39:46.401 0100|01|00|0c|f201fe|200705010184000a000a1896[payload->].........||38,424
2025-08-03T07:49:55.560 0100|00|00|05|fa0001|20070558f3[payload->]X.||62,296
2025-08-03T07:49:55.762 0100|01|00|0c|f201fe|200705010184000a000a1896[payload->].........||38,424
2025-08-03T08:10:11.765 0100|00|00|05|fa0001|20070558f3[payload->]X.||62,296
2025-08-03T08:10:12.470 0100|01|00|8c|f201fe|200705010184000a000a18960100000005fa0001500e00d0340100010006f801fe500e000002f60f89280100000005fa000120070a5cb3010001000cf201fe20070a031b8400150013ae070100000005fa0003301900863a0100010006f801fe3019000006580100000005fa0003200700e3320100010006f801fe2007000100fd0100000005fa0003200701[payload->].................P...4........P.......(........ ..\......... ...................0...:........0....X........ ...2........ ............. ..||0,263
2025-08-03T09:11:04.372 0100|00|00|05|fa0001|20070558f3[payload->]X.||62,296
2025-08-03T09:11:04.372 0100|01|00|0c|f201fe|200705010184000a000a1896[payload->].........||38,424
2025-08-03T09:31:21.304 0100|00|00|05|fa0001|20070558f3[payload->]X.||62,296
2025-08-03T09:31:21.405 0100|01|00|0c|f201fe|200705010184000a000a1896[payload->].........||38,424
2025-08-03T09:41:30.058 0100|00|00|05|fa0001|20070558f3[payload->]X.||62,296
2025-08-03T09:41:30.159 0100|01|00|0c|f201fe|200705010184000a000a1896[payload->].........||38,424
2025-08-03T10:22:05.858 0100|01|00|0c|f201fe|200705010184000a000a1896[payload->].........||38,424
2025-08-03T10:42:23.423 0100|00|00|05|fa0001|20070558f3[payload->]X.||62,296
2025-08-03T10:42:23.523 0100|01|00|0c|f201fe|200705010184000a000a1896[payload->].........||38,424
2025-08-03T11:02:41.713 0100|00|00|05|fa0001|20070558f3[payload->]X.||62,296
2025-08-03T11:02:41.815 0100|01|00|0c|f201fe|200705010184000a000a1896[payload->].........||38,424
2025-08-03T11:12:49.622 0100|00|00|05|fa0001|20070558f3[payload->]X.||62,296
2025-08-03T11:12:49.723 0100|01|00|0c|f201fe|200705010184000a000a1896[payload->].........||38,424
2025-08-03T11:22:59.278 0100|01|00|0c|f201fe|200705010184000a000a1896[payload->].........||38,424
2025-08-03T11:33:08.460 0100|00|00|05|fa0001|20070558f3[payload->]X.||62,296
2025-08-03T11:33:08.561 0100|01|00|0c|f201fe|200705010184000a000a1896[payload->].........||38,424
2025-08-03T12:13:44.175 0100|00|00|05|fa0001|20070558f3[payload->]X.||62,296
2025-08-03T12:13:44.276 0100|01|00|0c|f201fe|200705010184000a000a1896[payload->].........||38,424
2025-08-03T12:23:53.062 0100|00|00|05|fa0001|20070558f3[payload->]X.||62,296
2025-08-03T12:23:53.163 0100|01|00|0c|f201fe|200705010184000a000a1896[payload->].........||38,424
2025-08-03T13:34:56.650 0100|00|00|05|fa0001|20070558f3[payload->]X.||62,296
2025-08-03T13:34:57.154 0100|01|00|4e|f203fe|200705010184000a000a18960100000005fa000120070659b3010001000cf201fe2007060304810000000e59180100000005fa00012007079972010001000cf201fe200707030281000e0000f439[payload->]................. ..Y......... .........Y......... ...r........ ..........9||14,836
2025-08-03T14:05:23.084 0100|00|00|05|fa0001|20070558f3[payload->]X.||62,296
2025-08-03T14:05:23.185 0100|01|00|0c|f201fe|200705010184000a000a1896[payload->].........||38,424
2025-08-03T14:15:32.940 0100|00|00|05|fa0001|20070558f3[payload->]X.||62,296
2025-08-03T14:15:33.041 0100|01|00|0c|f201fe|200705010184000a00021896[payload->].........||38,424
2025-08-03T14:25:41.344 0100|01|00|0c|f201fe|200705010184000a000a1896[payload->].........||38,424
2025-08-03T14:45:58.326 0100|01|00|0c|f201fe|200705010184000a000a1896[payload->].........||38,424
2025-08-03T14:56:07.091 0100|01|00|0c|f201fe|200705010184000a000a1896[payload->].........||38,424
2025-08-03T15:06:15.863 0100|00|00|05|fa0001|20070558f3[payload->]X.||62,296
2025-08-03T15:06:15.964 0100|01|40|0c|f201fe|200705010184000a000a1896[payload->].........||38,424
2025-08-03T15:26:32.903 0100|01|00|0c|f201fe|200705010184000a000a1896[payload->].........||38,424
2025-08-03T15:36:42.263 0100|00|00|05|fa0001|20070558f3[payload->]X.||62,296
2025-08-03T15:36:42.364 0100|01|00|0c|f201fe|200705010184000a000a1896[payload->].........||38,424
2025-08-03T15:46:51.760 0100|00|00|05|fa0001|20070558fe[payload->]X.||65,112
2025-08-03T15:57:00.204 0100|00|00|05|fa0001|20070558f3[payload->]X.||62,296
2025-08-03T15:57:00.204 0100|01|00|0c|f201fe|200705010184000a000a1896[payload->].........||38,424
2025-08-03T16:27:25.316 0100|00|00|05|fa0001|20070558f3[payload->]X.||62,296
2025-08-03T16:37:34.587 0100|00|00|05|fa0001|20070558f3[payload->]X.||62,296
2025-08-03T16:37:34.587 0100|01|00|0c|f201fe|200705010184000a000a1896[payload->].........||38,424
2025-08-03T17:18:09.608 0100|00|00|05|fa0001|20070558f3[payload->]X.||62,296
2025-08-03T17:18:09.709 0100|01|00|0c|f201fe|200705010184000a00081896[payload->].........||38,424
2025-08-03T17:48:36.128 0100|00|00|05|fa0001|20070558f3[payload->]X.||62,296
2025-08-03T17:48:36.229 0100|01|00|0c|f201fe|200705010184000a000a1896[payload->].........||38,424
2025-08-03T18:08:54.078 0100|00|00|05|fa0001|20070558f3[payload->]X.||62,296
2025-08-03T18:08:54.180 0100|01|00|0c|f201fe|200705010184000a000a1896[payload->].........||38,424
