2025-07-31T00:37:35.212 0100|01|08|44|b20101|fc506c00d8c1031800e40c0010d903010000ffffff00da01010000ffffff05dbc1031800e40c0010cec1031800f80c0010cf03010000ffffff00d003010000ffffff005a[payload->]................................................................Z||23,040
2025-07-31T00:57:05.157 0100|01|08|44|b20101|fc506c003601010000ffffff0537c10318009e0c00103803010000ffffff002bc10318009e0c00102c03010000ffffff002d01010000ffffff052ec10318009e0c001090[payload->].6........7........8........+........,........-..................||36,880
2025-07-31T01:24:45.206 0100|01|08|44|b20101|fc506c002001010000ffffff0521c10318004e0c00102203010000ffffff002301010000ffffff0524c10318004e0c00102503010000ffffff002601010000ffffff05dc[payload->]. ........!....N..."........#........$....N...%........&.........||56,325
2025-07-31T02:46:55.220 0100|01|08|44|b20101|fc506c00de01010000ffffff05dfc1031800900b0010e003010000ffffff00e101010000ffffff05e2c1031800900b0010e303010000ffffff00e401010000ffffff0554[payload->]................................................................T||21,509
2025-07-31T03:36:45.240 0100|01|08|44|b20101|fc506c005e01010000ffffff055fc1031800400b00106003010000ffffff006101010000ffffff0562c1031800400b00106303010000ffffff006401010000ffffff0541[payload->].^........_....@...`........a........b....@...c........d........A||16,645
2025-07-31T06:20:55.196 0100|01|08|44|b20101|fc506c00dac1031800a00a0010db03010000ffffff00dc01010000ffffff05ddc1031800a00a0010de03010000ffffff00df01010000ffffff05e0c1031800a00a00107e[payload->]................................................................~||32,272
2025-07-31T08:33:05.410 0100|01|08|44|b20101|fc506c002603010000ffffff00270101041effffff0528c1031f0ca21200102903010000ffffff002a0101041effffff052bc1031f0c8e1200102c03010000ffffff009c[payload->].&........'........(........)........*........+........,.........||39,936
2025-07-31T08:51:55.360 0100|01|08|44|b20101|fc506c0076c1031f00601300107703010000ffffff00780101041effffff0579c1031f00601300107a03010000ffffff007b0101041effffff057cc1031f0074130010e4[payload->].v....`...w........x........y....`...z........{........|....t....||58,384
2025-07-31T09:00:15.325 0100|01|08|44|b20101|fc506c001003010000ffffff00110101041effffff0512c1031f003c1400101303010000ffffff0006c1031f00321400100703010000ffffff00080101041effffff0581[payload->]........................<.................2......................||33,029
2025-07-31T09:33:15.314 0100|01|08|44|b20101|fc506c005c03010000ffffff005d01010000ffffff055ec1031800201200105f03010000ffffff006001010000ffffff0561c1031800201200106203010000ffffff0084[payload->].\........]........^.... ..._........`........a.... ...b.........||33,792
2025-07-31T12:39:25.308 0100|01|08|44|b20101|fc506c006e03010000ffffff006f01010000ffffff0570c10318009e0c00106301010000ffffff0564c10318009e0c00106503010000ffffff006601010000ffffff057b[payload->].n........o........p........c........d........e........f........{||31,493
2025-07-31T13:03:06.527 0100|01|08|44|b20101|fc506c0012c1031800580c00101301010000ffffff051403010000ffffff0015c1031800580c00101601010000ffffff051703010000ffffff0018c1031800580c0010a5[payload->]......X..........................X..........................X....||42,256
2025-07-31T14:01:25.327 0100|01|08|44|b20101|fc506c002c01010000ffffff052d03010000ffffff002ec1031800d60b00102103010000ffffff0022c1031800d60b00102301010000ffffff052403010000ffffff000e[payload->].,........-.................!........"........#........$.........||3,584
2025-08-01T01:53:45.669 0100|01|08|44|b20101|fc506c001a01010000ffffff051bc10318007a0d00101c03010000ffffff001d01010000ffffff051003010000ffffff001101010000ffffff0512c10318007a0d0010d3[payload->]...............z............................................z....||54,032
2025-08-01T03:54:05.744 0100|01|08|44|b20101|fc506c0086c1031800fe0b00108703010000ffffff008801010000ffffff0589c1031800fe0b00108a03010000ffffff007dc1031800fe0b00107e03010000ffffff009e[payload->]..............................................}........~.........||40,448
2025-08-01T07:20:55.729 0100|01|08|44|b20101|fc506c0004c1031800f00a00100501010000ffffff050603010000ffffff0007c1031800f00a0010fa03010000ffffff00fbc1031800f00a0010fc01010000ffffff0559[payload->]................................................................Y||22,789
2025-08-01T07:56:15.666 0100|01|08|44|b20101|fc506c007a01010000ffffff057bc1031800d20a00107c03010000ffffff007d01010000ffffff057ec1031800d20a00107f03010000ffffff008001010000ffffff0503[payload->].z........{........|........}........~...........................||0,773
2025-08-01T09:48:25.676 0100|01|08|44|b20101|fc506c005a01010000ffffff055b03010000ffffff005cc1031800a00a00104f03010000ffffff0050c1030800a00a00105101010000ffffff055203010000ffffff0033[payload->].Z........[........\........O........P........Q........R........3||13,056
2025-08-01T11:07:55.708 0100|01|08|44|b20101|fc506c00eec1031f00e2130010e103010000ffffff00e2c1031f00ce130010e30101041effffff05e403010000ffffff00e5c1031f00d8130010e60101041effffff05e5[payload->].................................................................||58,629
2025-08-01T11:10:45.604 0100|01|08|44|b20101|fc506c0018c1031f001e140010190101041effffff051a03010000ffffff001bc1031f00281400101c0101041effffff051d03010000ffffff001ec1031f00321400101d[payload->].................................(..........................2....||7,440
2025-08-01T12:04:05.571 0100|01|08|44|b20101|fc506c00de03010000ffffff00d1c1031800f4100010d203010000ffffff00d301010000ffffff05d4c1031800f4100010d503010000ffffff00d601010000ffffff0572[payload->]................................................................r||29,189
2025-08-01T13:04:45.642 0100|01|08|44|b20101|fc506c0014c1031800a60e00101503010000ffffff001601010000ffffff0517c1031800a60e00101803010000ffffff001901010000ffffff051ac1031800a60e001029[payload->]................................................................)||10,512
2025-08-01T13:28:15.623 0100|01|08|44|b20101|fc506c00b801010000ffffff05b9c1031800060e0010ba03010000ffffff00bb01010000ffffff05bcc1031800060e0010bd03010000ffffff00be01010000ffffff0506[payload->].................................................................||1,541
2025-08-01T14:40:25.536 0100|01|08|44|b20101|fc506c00ce01010000ffffff05cfc1031800c60c0010d003010000fffffd00d101010000ffffff05d2c1031800c60c0010c501010000ffffff05c6c1031800c60c00102e[payload->].................................................................||11,792
2025-08-01T17:59:45.664 0100|01|08|44|b20101|fc506c00c0c1031f00ac120010c10101041effffff05c203010000ffffff00c3c1031f00b6120010c40101041effffff05c503010000ffffff00c6c1031f00b6120010b6[payload->].................................................................||46,608
2025-08-01T18:00:25.645 0100|01|08|44|b20101|fc506c00ce03010000ffffff00cfc1031f00ca120010d00101041effffff05d103010000ffffff00d2c1031f00d4120010d30101041effffff05d403010000ffffff006b[payload->]................................................................k||27,392
2025-08-01T18:46:05.692 0100|01|08|44|b20101|fc506c000803010000ffffff000901010000ffffff05fc03010000ffffff00fd01010000ffffff05fec10318002a120010ff03010000ffffff000001010000ffffff05e1[payload->]..........................................*......................||57,605
2025-08-01T19:33:35.634 0100|01|08|44|b20101|fc506c005e03010000ffffff005f01010000ffffff055203010000ffffff005301010000ffffff0554c1031800dc0f00105503010000ffffff005601010000ffffff05cb[payload->].^........_........R........S........T........U........V.........||51,973
2025-08-01T19:40:05.751 0100|01|08|44|b20101|fc506c00ce01010000ffffff05cf03010000ffffff00d0c1031800960f0010d101010000ffffff05d203010000ffffff00d3c1031800960f0010d401010000ffffff05a0[payload->].................................................................||40,965
2025-08-01T21:05:16.146 0100|01|08|44|b20101|fc506c00c4c1031800ca0d0010c501010000ffffff05c603010000ffffff00c7c1031800ca0d0010c801010000ffffff05c903010000ffffff00cac1031800ca0d001046[payload->]................................................................F||17,936
2025-08-01T21:52:15.652 0100|01|08|44|b20101|fc506c000c03010000ffffff000dc1031800c60c00100e01010000ffffff050f03010000ffffff0010c1031800c60c00101101010000ffffff051203010000ffffff00b2[payload->].................................................................||45,568
2025-08-01T23:30:55.861 0100|01|08|44|b20101|fc506c00fe01010000ffffff05ffc10318005c1200100003010000ffffff000101010000ffffff0502c103180052120010f501010000ffffff05f6c1031800661200109e[payload->]...............\..........................R.................f....||40,464
2025-08-02T01:39:55.760 0100|01|08|44|b20101|fc506c000403010000ffffff000501010000ffffff0506c1031800c00d00100703010000ffffff000801010000ffffff0509c1031800c00d00100a03010000ffffff00e0[payload->].................................................................||57,344
2025-08-02T03:49:15.779 0100|01|08|44|b20101|fc506c001803010000ffffff001901010000ffffff051ac1031800120c00100d01010000ffffff050ec10318001c0c00100f03010000ffffff801001010000ffffff052b[payload->]................................................................+||11,013
2025-08-02T04:42:05.753 0100|01|08|44|b20101|fc506c00c203010000ffffff00c301010000ffffff05c4c1031800b80b0010c503010000ffffff00c601010000ffffff05c7c1031804b80b0010c803010000ffffff00a1[payload->].................................................................||41,216
2025-08-02T04:58:15.709 0100|01|08|44|b20101|fc506c00e803010000ffffff00e901010000ffffff05eac1031800a40b0010eb03010000ffffff00ec01010000ffffff05edc1031800a40b0010ee03010000ffffff00f5[payload->].................................................................||62,720
2025-08-02T05:53:15.818 0100|01|08|44|b20101|fc506c00cac10318005e0b0010bd01010000ffffff05bec10318005e0b0010bf03010000ffffff00c809090000ffffff05c1c10318005e0b0010c203010000ffffff00f9[payload->]......^.................^..........................^.............||63,744
2025-08-02T09:17:55.866 0100|01|08|44|b20101|fc506c001e03010000ffffff001f01010000ffffff0520c1031800be0a00101301010000ffffff0514c1031800be0a00101503010000ffffff001601010000ffffff051e[payload->]................... .............................................||7,685
2025-08-02T13:51:35.872 0100|01|08|44|b20101|fc506c004201010000ffffff0543c1031800640a00104403010000ffffff004501010000ffffff0546c1031800640a00104703010000ffffff004801010000ffffff0526[payload->].B........C....d...D........E........F....d...G........H........&||9,733
2025-08-02T20:13:36.388 0100|01|08|44|b20101|fc506c000e03010000ffffff000fc1031800900b00101001010000fffffe0503c1031800900b00100401010000ffffff050503010000ffffff0006c1031800900b001068[payload->]................................................................h||26,640
2025-08-02T20:22:36.006 0100|01|08|44|b20101|fc506c00a8c1031800860b0010a901010000ffffff05aa03010000fffffe00abc1031800860b0010ac01010000ffffff05ad03010000ffffff00aec1031800860b0010e1[payload->].................................................................||57,616
2025-08-02T21:06:06.698 0100|01|08|44|b20101|fc506c00b80101041effffff05b903010000ffffff00bac1031f0028140010bb0101041effffff05bc03010000ffffff00bdc1031f0028140010be0101041effffff0598[payload->]........................(..........................(.............||38,917
2025-08-02T23:29:37.596 0100|01|08|44|b20101|fc506c00c8c1031800c2100010c901010000ffffff05ca03010000ffffff00cbc1031800c2100010cc01010000ffffff05cd03010000ffffff00cac1031800c210001048[payload->]................................................................H||18,448
2025-08-03T03:13:46.163 0100|01|08|44|b20101|fc506c007ac10318003a0c00107b01010000ffffff057c03010000ffffff007dc10318003a0c00107e01010000ffffff057f03010000ffffff0080c10318003a0c0010e1[payload->].z....:...{........|........}....:...~......................:....||57,616
2025-08-03T05:35:16.242 0100|01|08|44|b20101|fc506c006e01010000ffffff0561c1031800401000106201010000ffffff056303010000ffffff0064c1031800401000106501010000ffffff056603010000ffffff005d[payload->].n........a....@...b........c........d....@...e........f........]||23,808
2025-08-03T07:39:36.388 0100|01|08|44|b20101|fc506c002001010000ffffff052103010000ffffff0022c1031800d20f00102301010000ffffff052403010000ffffff0025c1031800d20f00102601010000ffffff0552[payload->]. ........!........"........#........$........%........&........R||20,997
2025-08-03T08:12:46.246 0100|01|08|44|b20101|fc506c006cc1031800960f00106d01010000ffffff056e03010000ffffff006fc1031800960f00107001010000ffffff057103010000ffffff0072c1031800960f001050[payload->].l........m........n........o........p........q........r........P||20,496
2025-08-03T09:12:46.172 0100|01|08|44|b20101|fc506c00a203010000ffffff00a3c1031800000f0010a401010000ffffff05a503010000ffffff00a6c1031800000f0010a701010000ffffff05a803010000ffffff004e[payload->]................................................................N||19,968
2025-08-03T09:37:26.156 0100|01|08|44|b20101|fc506c006203010000ffffff0063c1031800ec0e00106401010000ffffff056503010000ffffff0066c1031800ec0e00106701010000ffffff055ac1031800ec0e001031[payload->].b........c........d........e........f........g........Z........1||12,560
2025-08-03T10:14:07.352 0100|01|08|44|b20101|fc506c00f403010000ffffff00f5c1031800600e0010f601010000ffffff05f703010000ffffff00f8c1031800600e0010f901010000ffffff05ecc1031800600e0010fa[payload->]...............`..........................`.................`....||64,016
2025-08-03T12:12:06.215 0100|01|08|44|b20101|fc506c0036c1031800840d00103701010000ffffff053803010000ffffff0039c10318007a0d00103a01010000ffffff053b03010000ffffff003cc10318007a0d001005[payload->].6........7........8........9....z...:........;........<....z....||1,296
2025-08-03T13:01:06.111 0100|01|08|44|b20101|fc506c00a801010420ffffff05a9c1031f0082140010aa03010000ffffff00ab01010420ffffff05acc1031f00821400109f01010420ffffff05a0c1031f0078140010e6[payload->]..... .......................... ................. .........x....||58,896
2025-08-03T13:27:36.219 0100|01|08|44|b20101|fc506c0084c1031800661200108503010000ffffff008601010000ffffff058703010000ffffff0088c10318005c1200108901010000ffffff057c03010000ffffff008a[payload->]......f...................................\............|.........||35,328
2025-08-03T14:02:57.400 0100|01|08|44|b20101|fc506c00fa01010000ffffff05fb03010000ffffff00fcc103180068100010fd01010000ffffff0bf301fe34220100000000000074b70100000005fa0001222c006b8c01[payload->]........................h...............4".......t.........",.k..||0,396
2025-08-03T14:37:26.269 0100|01|08|44|b20101|fc506c006201010000ffffff056303010000ffffff0064c1031800320f00106501010000ffffff056603010000ffffff0067c1031800320f00106801010000ffffff0539[payload->].b........c........d....2...e........f........g....2...h........9||14,597
2025-08-03T17:22:16.220 0100|01|08|44|b20101|fc506c00fa03010000ffffff00ed01010000ffffff05ee03010000ffffff00efc1031800440c0010f001010000ffffff05f103010000ffffff00f2c1031800440c00107c[payload->].................................D..........................D...|||31,760
