2025-07-30T21:00:13.005 0100|00|00|05|fa0001|50080171b7[payload->]q.||46,961
2025-07-30T22:51:03.030 0100|01|00|07|f701fe|50080100001e6f[payload->]...o||28,446
2025-07-31T01:02:43.082 0100|01|00|07|f701fe|50080100001e6f[payload->]...o||28,446
2025-07-31T15:41:47.047 0100|01|00|07|f701fe|50080100001e6f[payload->]...o||28,446
2025-07-31T16:44:17.074 0100|01|00|07|f701fe|50080100001e6f[payload->]...o||28,446
2025-07-31T16:50:47.241 0100|01|00|07|f701fe|50080100001e6f[payload->]...o||28,446
2025-07-31T16:55:37.128 0100|01|00|07|f701fe|50080100001e6f[payload->]...o||28,446
2025-07-31T19:10:08.055 0100|00|00|05|fa0001|50080171b7[payload->]q.||46,961
2025-07-31T21:46:28.025 0100|01|00|07|f701fe|50080100001e6f[payload->]...o||28,446
2025-08-01T00:31:48.112 0100|01|00|07|f701fe|50080100001e6f[payload->]...o||28,446
2025-08-01T01:07:38.080 0100|01|00|07|f701fe|50080100001e6f[payload->]...o||28,446
2025-08-01T01:25:38.065 0100|01|00|07|f701fe|50080100001e6f[payload->]...o||28,446
2025-08-01T02:55:18.055 0100|01|00|07|f701fe|50080100001e6f[payload->]...o||28,446
2025-08-01T04:13:28.044 0100|01|00|07|f701fe|50080100001e6f[payload->]...o||28,446
2025-08-01T04:30:38.086 0100|01|00|07|f701fe|50080100001e6f[payload->]...o||28,446
2025-08-01T08:13:18.093 0100|01|00|07|f701fe|50080100001e6f[payload->]...o||28,446
2025-08-01T09:45:48.010 0100|01|00|07|f701fe|50080100001e6f[payload->]...o||28,446
2025-08-01T16:34:50.052 0100|01|00|07|f701fe|50080100001e6f[payload->]...o||28,446
2025-08-01T18:50:00.149 0100|01|00|07|f701fe|50080100001e6f[payload->]...o||28,446
2025-08-01T23:12:12.068 0100|01|00|07|f701fe|50080100001e6f[payload->]...o||28,446
2025-08-02T05:47:23.179 0100|00|00|05|fa0001|50080171b7[payload->]q.||46,961
2025-08-02T08:37:32.080 0100|01|00|07|f701fe|50080100001e6f[payload->]...o||28,446
2025-08-02T09:26:42.086 0100|01|00|07|f701fe|50080100001e6f[payload->]...o||28,446
2025-08-02T10:59:02.020 0100|00|00|05|fa0001|50080171b7[payload->]q.||46,961
2025-08-02T12:21:02.037 0100|01|00|07|f701fe|50080100001e6f[payload->]...o||28,446
2025-08-02T15:43:52.992 0100|00|00|05|fa0001|50080171b7[payload->]q.||46,961
2025-08-02T16:06:03.055 0100|01|00|07|f701fe|50080100001e6f[payload->]...o||28,446
2025-08-02T16:28:02.950 0100|00|00|05|fa0001|50080171b7[payload->]q.||46,961
2025-08-02T17:29:23.037 0100|01|00|07|f701fe|50080100001e6f[payload->]...o||28,446
2025-08-02T17:57:03.070 0100|01|00|07|f701fe|50080100001e6f[payload->]...o||28,446
2025-08-02T20:03:54.396 0100|01|00|07|f701fe|50080100001e6f[payload->]...o||28,446
2025-08-02T20:20:22.946 0100|00|00|05|fa0001|50080171b7[payload->]q.||46,961
2025-08-02T20:22:03.094 0100|01|00|07|f701fe|50080100001e6f[payload->]...o||28,446
2025-08-02T20:52:23.002 0100|01|00|07|f701fe|50080100001e6f[payload->]...o||28,446
2025-08-02T21:48:23.066 0100|01|00|07|f701fe|50080100001e6f[payload->]...o||28,446
2025-08-02T22:00:23.057 0100|01|00|07|f701fe|50080100001e6f[payload->]...o||28,446
2025-08-02T22:49:53.057 0100|01|00|07|f701fe|50080100001e6f[payload->]...o||28,446
2025-08-02T23:18:33.026 0100|01|00|07|f701fe|50080100001e6f[payload->]...o||28,446
2025-08-02T23:51:23.015 0100|01|00|07|f701fe|50080100001e6f[payload->]...o||28,446
2025-08-03T00:40:13.088 0100|01|00|07|f701fe|50080100001e6f[payload->]...o||28,446
2025-08-03T01:14:43.142 0100|01|00|07|f701fe|50080100001e6f[payload->]...o||28,446
2025-08-03T01:52:43.062 0100|01|00|07|f701fe|50080100001e6f[payload->]...o||28,446
2025-08-03T02:29:12.963 0100|00|00|05|fa0001|50080171b7[payload->]q.||46,961
2025-08-03T03:42:13.004 0100|01|00|07|f701fe|50080100001e6f[payload->]...o||28,446
2025-08-03T05:00:23.008 0100|01|00|07|f701fe|50080100001e6f[payload->]...o||28,446
2025-08-03T07:45:43.021 0100|01|00|07|f701fe|50080100001e6f[payload->]...o||28,446
2025-08-03T08:52:43.063 0100|00|00|05|fa0001|50080171b7[payload->]q.||46,961
2025-08-03T12:03:13.600 0100|01|00|07|f701fe|50080100001e6f[payload->]...o||28,446
2025-08-03T14:30:53.073 0100|01|00|07|f701fe|50080100001e6f[payload->]...o||28,446
2025-08-03T14:42:53.107 0100|01|00|07|f701fe|50080100001e6f[payload->]...o||28,446
2025-08-03T14:57:02.916 0100|00|00|05|fa0001|50080171b7[payload->]q.||46,961
2025-08-03T17:04:33.063 0100|01|00|07|f701fe|50080100001e6f[payload->]...o||28,446
