2025-07-31T03:34:47.717 0100|01|00|07|f743fe|5619013c00227b[payload->]<."{||31,522
2025-07-31T05:03:59.622 0100|01|00|07|f701fe|5619013c00227b[payload->]<."{||31,522
2025-07-31T05:12:59.643 0100|01|00|07|f701fe|5619013c00227b[payload->]<."{||31,522
2025-07-31T06:11:59.615 0100|01|00|07|f701fe|5619013c00227b[payload->]<."{||31,522
2025-07-31T06:22:59.648 0100|01|00|07|f701fe|5619013c00227b[payload->]<."{||31,522
2025-07-31T06:36:51.012 0100|01|00|07|f701fe|5619013c00227b[payload->]<."{||31,522
2025-07-31T07:00:00.676 0100|01|00|07|f701fe|5619013c00227b[payload->]<."{||31,522
2025-07-31T07:21:30.540 0100|01|00|07|f741fe|5619013c00227b[payload->]<."{||31,522
2025-07-31T08:11:30.600 0100|01|00|07|f701fe|5619013c00227b[payload->]<."{||31,522
2025-07-31T08:35:31.176 0100|01|00|07|f703fe|5619013c00227b[payload->]<."{||31,522
2025-07-31T11:04:21.531 0100|01|00|07|f701fe|5619013c00227b[payload->]<."{||31,522
2025-07-31T11:32:21.557 0100|01|00|07|f701fe|5619013c00227b[payload->]<."{||31,522
2025-07-31T11:34:51.722 0100|01|00|07|f701fe|5619013c00227b[payload->]<."{||31,522
2025-07-31T11:57:02.479 0100|01|00|07|f701fe|5619013c00227b[payload->]<."{||31,522
2025-07-31T15:09:54.023 0100|01|00|07|f743fe|5619013c00227b[payload->]<."{||31,522
2025-07-31T21:02:09.569 0100|01|00|07|f701fe|5619013c00227b[payload->]<."{||31,522
2025-08-01T09:04:34.182 0100|01|00|07|f701fe|5619013c00227b[payload->]<."{||31,522
2025-08-01T10:06:14.333 0100|01|00|07|f701fe|5619013c00227b[payload->]<."{||31,522
2025-08-02T01:01:54.059 0100|01|00|07|f703fe|5619013c00227b[payload->]<."{||31,522
2025-08-02T01:10:44.108 0100|01|00|07|f701fe|5619013c02227b[payload->]<."{||31,522
2025-08-02T01:19:34.105 0100|01|00|07|f701fe|5619013c00227b[payload->]<."{||31,522
2025-08-02T01:20:54.060 0100|01|00|07|f701fe|5619013c00227b[payload->]<."{||31,522
2025-08-02T01:27:44.100 0100|01|00|07|f701fe|5619013c00227b[payload->]<."{||31,522
2025-08-02T01:30:34.115 0100|01|00|07|f701fe|5619017c02627b[payload->]|.b{||31,586
2025-08-02T01:32:14.035 0100|01|00|07|f741fe|5619013c00627b[payload->]<.b{||31,586
2025-08-02T04:03:44.005 0100|01|00|07|f743fe|5619013c00227b[payload->]<."{||31,522
2025-08-02T04:46:44.036 0100|01|00|07|f701fe|5619013c00227b[payload->]<."{||31,522
2025-08-02T06:40:15.167 0100|01|00|07|f701fe|5619017c00227b[payload->]|."{||31,522
2025-08-02T07:01:25.032 0100|01|00|07|f701fe|5619013c00227b[payload->]<."{||31,522
2025-08-03T16:39:50.348 0100|01|02|07|f701fe|5619013c00227b[payload->]<."{||31,522
2025-08-03T17:01:31.163 0100|01|00|47|f743fe|5619013c00227bff010000d0012e047875010001d0012d0588890100000005fa0001342101ffa8010001000bf301fe34210100000000000061f70100000005fa0001340a010fb6[payload->]<."{........xu.....-...........4!...........4!.......a.........4....||46,607
2025-08-03T17:20:00.265 0100|01|00|07|f701fe|5619013c00227b[payload->]<."{||31,522
2025-08-03T17:25:01.159 0100|01|40|47|f701fe|5619013c00227b010000d0012e047875010001d0012d0588890100000005fa0001342101ffa8010001000bf301fe34210100000000000061f70100000005fa0001340a010fb601[payload->]<."{.......xu.....-...........4!...........4!.......a.........4.....||0,438
