2025-07-30T20:35:07.481 0100|00|00|05|fa0001|343b019fa3[payload->]..||41,887
2025-07-30T21:05:07.293 0100|00|00|05|fa0001|343b019fa3[payload->]..||41,887
2025-07-30T21:05:07.394 0100|01|00|18|e601fe|343b0102c81024a00084ffffffffffffffffffffffffbc91[payload->]...$.................||37,308
2025-07-30T21:31:29.963 0100|00|00|05|fa0001|343b019fa3[payload->]..||41,887
2025-07-30T21:35:08.222 0100|00|00|05|fa0001|343b019fa3[payload->]..||41,887
2025-07-30T21:35:08.424 0100|01|00|18|e601fe|343b0102c81024a00084ffffffffffffffffffffffffbc91[payload->]...$.................||37,308
2025-07-30T22:05:07.653 0100|00|00|05|fa0001|343b019fa3[payload->]..||41,887
2025-07-30T22:05:07.854 0100|01|00|18|e601fe|343b0102c81024a00084ffffffffffffffffffffffffbc91[payload->]...$.................||37,308
2025-07-30T22:35:07.422 0100|00|00|05|fa0001|343b019fa3[payload->]..||41,887
2025-07-30T22:35:07.524 0100|01|00|18|e601fe|343b0102c81024a00084ffffffffffffffffffffffffbc91[payload->]...$.................||37,308
2025-07-30T23:05:07.836 0100|00|00|05|fa0001|343b019fa3[payload->]..||41,887
2025-07-30T23:05:07.938 0100|01|00|18|e601fe|343b0102c81024a00084ffffffffffffffffffffffffbc91[payload->]...$.................||37,308
2025-07-30T23:35:07.603 0100|00|00|05|fa0001|343b019fa3[payload->]..||41,887
2025-07-30T23:35:07.704 0100|01|00|18|e601fe|343b0102c81024a00084ffffffffffffffffffffffffbc91[payload->]...$.................||37,308
2025-07-31T00:05:07.512 0100|00|00|05|fa0001|343b019fa3[payload->]..||41,887
2025-07-31T00:05:07.714 0100|01|00|18|e601fe|343b0102c81024a00084ffffffffffffffffffffffffbc91[payload->]...$.................||37,308
2025-07-31T01:05:07.141 0100|00|00|05|fa0001|343b019fa3[payload->]..||41,887
2025-07-31T01:05:07.242 0100|01|00|18|e601fe|343b0102c81024a00084ffffffffffffffffffffffffbc91[payload->]...$.................||37,308
2025-07-31T01:35:07.412 0100|00|00|05|fa0001|343b019fa3[payload->]..||41,887
2025-07-31T01:35:07.614 0100|01|00|18|e601fe|343b0102c81024a00084fffffffffffffffffffffeffbc91[payload->]...$.................||37,308
2025-07-31T02:05:07.299 0100|00|00|05|fa0001|343b019fa3[payload->]..||41,887
2025-07-31T02:05:07.501 0100|01|00|18|e601fe|343b0102c81024a00084ffffffffffffffffffffffffbc91[payload->]...$.................||37,308
2025-07-31T02:31:28.745 0100|00|00|05|fa0001|343b019fa3[payload->]..||41,887
2025-07-31T02:31:28.947 0100|01|00|18|e601fe|343b0102c81024a00084ffffffffffffffffffffffffbc91[payload->]...$.................||37,308
2025-07-31T02:35:08.527 0100|00|00|05|fa0001|343b019fa3[payload->]..||41,887
2025-07-31T02:35:08.728 0100|01|00|18|e601fe|343b0102c81024a00084ffffffffffffffffffffffffbc91[payload->]...$.................||37,308
2025-07-31T03:05:08.587 0100|00|00|05|fa0001|343b019fa3[payload->]..||41,887
2025-07-31T03:05:08.689 0100|01|00|18|e601fe|343b0102c81024a00084ffffffffffffffffffffffffbc91[payload->]...$.................||37,308
2025-07-31T03:35:08.627 0100|00|00|05|fa0001|343b019fa3[payload->]..||41,887
2025-07-31T03:35:08.829 0100|01|00|18|e601fe|343b0102c81024a00084ffffffffffffffffffffffffbc91[payload->]...$.................||37,308
2025-07-31T04:05:08.611 0100|00|00|05|fa0001|343b019fa3[payload->]..||41,887
2025-07-31T04:05:08.813 0100|01|00|18|e601fe|343b0102c81024a00084ffffffffffffffffffffffffbc91[payload->]...$.................||37,308
2025-07-31T04:31:28.388 0100|00|00|05|fa0001|343b019fa3[payload->]..||41,887
2025-07-31T04:31:28.690 0100|01|00|18|e601fe|343b0102c81024a00084ffffffffffffffffffffffffbc91[payload->]...$.................||37,308
2025-07-31T04:35:09.559 0100|00|00|05|fa0001|343b019fa3[payload->]..||41,887
2025-07-31T04:35:09.660 0100|01|00|18|e601fe|343b0102c81024a00084ffffffffffffffffffffffffbc91[payload->]...$.................||37,308
2025-07-31T05:35:10.759 0100|00|00|05|fa0001|343b019fa3[payload->]..||41,887
2025-07-31T05:35:10.961 0100|01|00|18|e601fe|343b0102c81024a00084ffffffffffffffffffffffffbc91[payload->]...$.................||37,308
2025-07-31T06:05:10.660 0100|00|00|05|fa0001|343b019fa3[payload->]..||41,887
2025-07-31T06:05:10.761 0100|01|00|18|e601fe|343b0102c81024a00084ffffffffffffffffffffffffbc91[payload->]...$.................||37,308
2025-07-31T06:35:12.635 0100|00|00|05|fa0001|343b019fa3[payload->]..||41,887
2025-07-31T06:35:12.837 0100|01|00|18|e601fe|343b0102c81024a00084ffffffffffffffffffffffffbc91[payload->]...$.................||37,308
2025-07-31T07:05:13.944 0100|00|00|05|fa0001|343b019fa3[payload->]..||41,887
2025-07-31T07:05:14.050 0100|01|00|18|e601fe|343b0102c81024a00084ffffffffffffffffffffffffbc91[payload->]...$.................||37,308
2025-07-31T07:35:12.674 0100|00|00|05|fa0001|343b019fa3[payload->]..||41,887
2025-07-31T07:35:12.775 0100|01|00|18|e601fe|343b0102c81024a00084ffffffffffffffffffffffffbc91[payload->]...$.................||37,308
2025-07-31T08:05:12.693 0100|00|00|05|fa0001|343b019fa3[payload->]..||41,887
2025-07-31T08:05:12.895 0100|01|00|18|e601fe|343b0102c81024a00084ffffffffffffffffffffffffbc91[payload->]...$.................||37,308
2025-07-31T08:35:12.978 0100|00|00|05|fa0001|343b019fa3[payload->]..||41,887
2025-07-31T08:35:13.079 0100|01|00|18|e601fe|343b0102c81024a00084ffffffffffffffffffffffffbc91[payload->]...$.................||37,308
2025-07-31T09:05:12.608 0100|00|00|05|fa0001|343b019fa3[payload->]..||41,887
2025-07-31T09:05:12.809 0100|01|00|18|e601fe|343b0102c81024a00084ffffffffffffffffffffffffbc91[payload->]...$.................||37,308
2025-07-31T09:31:28.360 0100|00|00|05|fa0001|343b019fa3[payload->]..||41,887
2025-07-31T09:31:28.562 0100|01|00|18|e601fe|343b0102c81024a00084ffffffffffffffffffffffffbc91[payload->]...$.................||37,308
2025-07-31T09:35:12.758 0100|00|00|05|fa0001|343b019fa3[payload->]..||41,887
2025-07-31T09:35:12.859 0100|01|00|18|e601fe|343b0102c81024a00084ffffffffffffffffffffffffbc91[payload->]...$.................||37,308
2025-07-31T10:05:12.686 0100|00|00|05|fa0001|343b019fa3[payload->]..||41,887
2025-07-31T10:05:12.787 0100|01|00|18|e601fe|343b0102c81024a00084ffffffffffffffffffffffffbc91[payload->]...$.................||37,308
2025-07-31T10:31:29.091 0100|01|00|18|e601fe|343b0102c81024a00084ffffffffffffffffffffffffbc91[payload->]...$.................||37,308
2025-07-31T10:35:15.014 0100|00|00|05|fa0001|343b019fa3[payload->]..||41,887
2025-07-31T10:35:15.115 0100|01|00|18|e601fe|343b0102c81024a00084ffffffffffffffffffffffffbc91[payload->]...$.................||37,308
2025-07-31T11:05:14.863 0100|00|00|05|fa0001|343b019fa3[payload->]..||41,887
2025-07-31T11:05:15.065 0100|01|00|18|e601fe|343b0102c81024a00084ffffffffffffffffffffffffbc91[payload->]...$.................||37,308
2025-07-31T11:35:14.859 0100|00|00|05|fa0001|343b019fa3[payload->]..||41,887
2025-07-31T12:31:33.551 0100|01|00|18|e601fe|343b0102c81024a00084ffffffffffffffffffffffffbc91[payload->]...$.................||37,308
2025-07-31T12:35:16.289 0100|00|00|05|fa0001|343b019fa3[payload->]..||41,887
2025-07-31T12:35:16.390 0100|01|00|18|e601fe|343b0102c81024a00084ffffffffffffffffffffffffbc91[payload->]...$.................||37,308
2025-07-31T13:35:17.214 0100|00|00|05|fa0001|343b019fa3[payload->]..||41,887
2025-07-31T13:35:17.416 0100|01|00|18|e601fe|343b0102c81024a00084ffffffffffffffffffffffffbc91[payload->]...$.................||37,308
2025-07-31T14:05:18.296 0100|00|00|05|fa0001|343b019fa3[payload->]..||41,887
2025-07-31T14:05:18.397 0100|09|08|18|e601fe|343b0102c81024a00084ffffffffffffffffffffffffbc91[payload->]...$.................||37,308
2025-07-31T14:35:17.688 0100|00|00|05|fa0001|343b019fa3[payload->]..||41,887
2025-07-31T14:35:17.789 0100|01|00|18|e601fe|343b0102c81024a00084ffffffffffffffffffffffffbc91[payload->]...$.................||37,308
2025-07-31T15:05:18.854 0100|00|00|05|fa0001|343b019fa3[payload->]..||41,887
2025-07-31T15:05:19.056 0100|01|00|18|e601fe|343b0102c81024a00084ffffffffffffffffffffffffbc91[payload->]...$.................||37,308
2025-07-31T15:35:21.308 0100|00|00|05|fa0001|343b019fa3[payload->]..||41,887
2025-07-31T15:35:21.409 0100|01|00|18|e601fe|343b0102c81024a00084ffffffffffffffffffffffffbc91[payload->]...$.................||37,308
2025-07-31T16:05:21.258 0100|00|00|05|fa0001|343b019fa3[payload->]..||41,887
2025-07-31T16:05:21.362 0100|01|00|18|e601fe|343b0102c81024a00084ffffffffffffffffffffffffbc91[payload->]...$.................||37,308
2025-07-31T16:31:28.452 0100|00|00|05|fa0001|343b019fa3[payload->]..||41,887
2025-07-31T16:31:28.554 0100|01|00|18|e601fe|343b0102c81024a00084ffffffffffffffffffffffffbc91[payload->]...$.................||37,308
2025-07-31T16:35:21.187 0100|00|00|05|fa0001|343b019fa3[payload->]..||41,887
2025-07-31T16:35:21.489 0100|01|00|18|e601fe|343b0102c81024a00084ffffffffffffffffffffffffbc91[payload->]...$.................||37,308
2025-07-31T17:35:22.339 0100|00|00|05|fa0001|343b019fa3[payload->]..||41,887
2025-07-31T17:35:22.541 0100|01|00|18|e601fe|343b0102c81024a00084ffffffffffffffffffffffffbc91[payload->]...$.................||37,308
2025-07-31T18:05:22.311 0100|00|00|05|fa0001|343b019fa3[payload->]..||41,887
2025-07-31T18:05:22.412 0100|01|00|18|e601fe|343b0102c81024a00084ffffffffffffffffffffffffbc91[payload->]...$.................||37,308
2025-07-31T18:35:23.431 0100|00|00|05|fa0001|343b019fa3[payload->]..||41,887
2025-07-31T18:35:23.734 0100|01|00|18|e601fe|343b0102c81024a00084ffffffffffffffffffffffffbc91[payload->]...$.................||37,308
2025-07-31T19:05:24.732 0100|00|00|05|fa0001|343b019fa3[payload->]..||41,887
2025-07-31T19:05:25.035 0100|01|00|18|e601fe|343b0102c81024a00084ffffffffffffffffffffffffbc91[payload->]...$.................||37,308
2025-07-31T19:31:28.988 0100|00|00|05|fa0001|343b019fa3[payload->]..||41,887
2025-07-31T19:31:29.190 0100|01|00|18|e601fe|343b0102c81024a00084ffffffffffffffffffffffffbc91[payload->]...$.................||37,308
2025-07-31T19:35:24.575 0100|00|00|05|fa0001|343b019fa3[payload->]..||41,887
2025-07-31T19:35:24.777 0100|01|00|18|e601fe|343b0102c81024a00084ffffffffffffffffffffffffbc91[payload->]...$.................||37,308
2025-07-31T20:05:24.630 0100|00|00|05|fa0001|343b019fa3[payload->]..||41,887
2025-07-31T20:05:24.731 0100|01|00|18|e601fe|343b0102c81024a00084ffffffffffffffffffffffffbc91[payload->]...$.................||37,308
2025-07-31T20:35:25.162 0100|00|00|05|fa0001|343b019fa3[payload->]..||41,887
2025-07-31T20:35:25.263 0100|01|00|18|e601fe|343b0102c81024a00084ffffffffffffffffffffffffbc91[payload->]...$.................||37,308
2025-07-31T21:05:24.544 0100|00|00|05|fa0001|343b019fa3[payload->]..||41,887
2025-07-31T21:05:24.946 0100|01|00|1c|e601fe|343b0102c81024a00084ffffffffffffffffffffffffbc91010000d0[payload->]...$.....................||53,248
2025-07-31T21:35:26.071 0100|00|00|05|fa0001|343b019fa3[payload->]..||41,887
2025-07-31T21:35:26.273 0100|01|00|18|e601fe|343b0102c81024a00084ffffffffffffffffffffffffbc91[payload->]...$.................||37,308
2025-07-31T22:05:27.224 0100|00|00|05|fa0001|343b019fa3[payload->]..||41,887
2025-07-31T22:05:27.325 0100|01|00|18|e601fe|343b0102c81024a00084ffffffffffffffffffffffffbc91[payload->]...$.................||37,308
2025-07-31T22:35:27.518 0100|00|00|05|fa0001|343b019fa3[payload->]..||41,887
2025-07-31T22:35:27.721 0100|01|00|18|e601fe|343b0102c81024a00084ffffffffffffffffffffffffbc91[payload->]...$.................||37,308
2025-07-31T23:35:28.491 0100|00|00|05|fa0001|343b019fa3[payload->]..||41,887
2025-07-31T23:35:28.592 0100|01|00|18|e601fe|343b0102c81024a00084ffffffffffffffffffffffffbc91[payload->]...$.................||37,308
2025-08-01T00:05:28.465 0100|00|00|05|fa0001|343b019fa3[payload->]..||41,887
2025-08-01T00:05:28.566 0100|01|00|18|e601fe|343b0102c81024a00084ffffffffffffffffffffffffbc91[payload->]...$.................||37,308
2025-08-01T00:35:28.473 0100|00|00|05|fa0001|343b019fa3[payload->]..||41,887
2025-08-01T00:35:28.675 0100|01|00|18|e601fe|343b0102c81024a00084ffffffffffffffffffffffffbc91[payload->]...$.................||37,308
2025-08-01T01:05:28.464 0100|00|00|05|fa0001|343b019fa3[payload->]..||41,887
2025-08-01T01:05:28.565 0100|01|00|18|e601fe|343b0102c81024a00084ffffffffffffffffffffffffbc91[payload->]...$.................||37,308
2025-08-01T01:35:28.497 0100|00|00|05|fa0001|343b019fa3[payload->]..||41,887
2025-08-01T01:35:28.597 0100|01|00|18|e601fe|343b0102c81024a00084ffffffffffffffffffffffffbc91[payload->]...$.................||37,308
2025-08-01T02:05:30.386 0100|00|00|05|fa0001|343b019fa3[payload->]..||41,887
2025-08-01T02:05:30.588 0100|01|00|18|e601fe|343b0102c81024a00084ffffffffffffffffffffffffbc91[payload->]...$.................||37,308
2025-08-01T02:31:28.526 0100|01|00|18|e601fe|343b0102c81024a00084ffffffffffffffffffffffffbc91[payload->]...$.................||37,308
2025-08-01T02:35:31.216 0100|00|00|05|fa0001|343b019fa3[payload->]..||41,887
2025-08-01T02:35:31.417 0100|01|00|18|e601fe|343b0102c81024a00084ffffffffffffffffffffffffbc91[payload->]...$.................||37,308
2025-08-01T03:05:30.877 0100|01|00|18|e601fe|343b0102c81024a00084ffffffffffffffffffffffffbc91[payload->]...$.................||37,308
2025-08-01T03:35:31.390 0100|00|00|05|fa0001|343b019fa3[payload->]..||41,887
2025-08-01T03:35:31.491 0100|01|00|18|e601fe|343b0102c81024a00084fffffbffffffffffffffffffbc91[payload->]...$.................||37,308
2025-08-01T04:05:32.061 0100|00|00|05|fa0001|343b019fa3[payload->]..||41,887
2025-08-01T04:05:32.162 0100|01|00|18|e601fe|343b0102c81024a00084ffffffffffffffffffffffffbc91[payload->]...$.................||37,308
2025-08-01T04:35:33.660 0100|00|00|05|fa0001|343b019fa3[payload->]..||41,887
2025-08-01T04:35:33.762 0100|01|00|18|e601fe|343b0102c81024a00084ffffffffffffffffffffffffbc91[payload->]...$.................||37,308
2025-08-01T05:05:33.099 0100|00|00|05|fa0001|343b019fa3[payload->]..||41,887
2025-08-01T05:05:33.301 0100|01|00|18|e601fe|343b0102c81024a00084ffffffffffffffffffffffffbc91[payload->]...$.................||37,308
2025-08-01T05:31:29.734 0100|00|00|05|fa0001|343b019fa3[payload->]..||41,887
2025-08-01T05:31:29.835 0100|01|00|18|e601fe|343b0102c81024a00084ffffffffffffffffffffffffbc91[payload->]...$.................||37,308
2025-08-01T05:35:33.182 0100|00|00|05|fa0001|343b019fa3[payload->]..||41,887
2025-08-01T05:35:33.283 0100|01|00|18|e601fe|343b0102c81024a00084ffffffffffffffffffffffffbc91[payload->]...$.................||37,308
2025-08-01T06:05:33.149 0100|00|00|05|fa0001|343b019fa3[payload->]..||41,887
2025-08-01T06:05:33.250 0100|01|00|18|ee01fe|343b0102c81024a00084ffffffffffffffffffffffffbc91[payload->]...$.................||37,308
2025-08-01T06:31:28.324 0100|00|00|05|fa0001|343b019fa3[payload->]..||41,887
2025-08-01T06:31:28.526 0100|01|00|18|e601fe|343b0102c81024a00084ffffffffffffffffffffffffbc91[payload->]...$.................||37,308
2025-08-01T06:35:33.172 0100|00|00|05|fa0001|343b019fa3[payload->]..||41,887
2025-08-01T06:35:33.273 0100|01|00|18|e601fe|343b0102c81024a00084ffffffffffffffffffffffffbc91[payload->]...$.................||37,308
2025-08-01T07:05:34.214 0100|00|00|05|fa0001|343b019fa3[payload->]..||41,887
2025-08-01T07:05:34.416 0100|01|00|18|e601fe|343b0102c81024a00084ffffffffffffffffffffffffbc91[payload->]...$.................||37,308
2025-08-01T07:35:37.063 0100|00|00|05|fa0001|343b019fa3[payload->]..||41,887
2025-08-01T07:35:37.265 0100|01|00|18|e601fe|343b0102c81024a00084fffffeffffffffffffffffffbc91[payload->]...$.................||37,308
2025-08-01T08:05:36.778 0100|00|00|05|fa0001|343b019fa3[payload->]..||41,887
2025-08-01T08:05:36.879 0100|01|00|18|e601fe|343b0102c81024a00084ffffffffffffffffffffffffbc91[payload->]...$.................||37,308
2025-08-01T08:31:28.691 0100|01|00|18|e601fe|343b0102c81024a00084ffffffffffffffffffffffffbc91[payload->]...$.................||37,308
2025-08-01T09:05:36.800 0100|00|00|05|fa0001|343b019fa3[payload->]..||41,887
2025-08-01T09:05:36.901 0100|01|00|18|e601fe|343b0102c81024a00084ffffffffffffffffffffffffbc91[payload->]...$.................||37,308
2025-08-01T09:35:37.181 0100|00|00|05|fa0001|343b019fa3[payload->]..||41,887
2025-08-01T09:35:37.283 0100|01|00|18|e601fe|343b0102c81024a00084ffffffffffffffffffffffffbc91[payload->]...$.................||37,308
2025-08-01T10:05:37.972 0100|00|00|05|fa0001|343b019fa3[payload->]..||41,887
2025-08-01T10:05:38.073 0100|01|00|18|e601fe|343b0102c81024a00084ffffffffffffffffffffffffbc91[payload->]...$.................||37,308
2025-08-01T10:35:36.806 0100|00|00|05|fa0001|343b019fa3[payload->]..||41,887
2025-08-01T10:35:36.907 0100|01|00|18|e601fe|343b0102c81024a00084ffffffffffffffffffffffffbc91[payload->]...$.................||37,308
2025-08-01T11:35:37.100 0100|00|00|05|fa0001|343b019fa3[payload->]..||41,887
2025-08-01T11:35:37.302 0100|01|00|18|e601fe|343b0102c81024a00084ffffffffffffffffffffffffbc91[payload->]...$.................||37,308
2025-08-01T12:05:37.383 0100|00|00|05|fa0001|343b019fa3[payload->]..||41,887
2025-08-01T12:05:37.484 0100|01|00|18|e601fe|343b0102c81024a00084ffffffffffffffffffffffffbc91[payload->]...$.................||37,308
2025-08-01T12:31:29.036 0100|00|00|05|fa0001|343b019fa3[payload->]..||41,887
2025-08-01T12:31:29.137 0100|01|00|18|e601fe|343b0102c81024a00084ffffffffffffffffffffffffffff[payload->]...$.................||65,535
2025-08-01T12:35:38.071 0100|00|00|05|fa0001|343b019fa3[payload->]..||41,887
2025-08-01T12:35:38.273 0100|01|00|18|e601fe|343b0102c81024a00084ffffffffffffffffffffffffbc91[payload->]...$.................||37,308
2025-08-01T13:35:41.243 0100|00|00|05|fa0001|343b019fa3[payload->]..||41,887
2025-08-01T13:35:41.344 0100|01|00|18|e601fe|343b0102c81024a00084ffffffffffffffffffffffffbc91[payload->]...$.................||37,308
2025-08-01T14:05:41.261 0100|00|00|05|fa0001|343b019fa3[payload->]..||41,887
2025-08-01T14:05:41.362 0100|01|00|18|e601fe|343b0102c81024a00084ffffffffffffffffffffffffbc91[payload->]...$.................||37,308
2025-08-01T14:35:42.124 0100|00|00|05|fa0001|343b019fa3[payload->]..||41,887
2025-08-01T14:35:42.326 0100|01|00|18|e601fe|343b0102c81024a00084ffffffffffffffffffffffffbc91[payload->]...$.................||37,308
2025-08-01T15:05:42.060 0100|00|00|05|fa0001|343b019fa3[payload->]..||41,887
2025-08-01T15:05:42.262 0100|01|00|18|e601fe|343b0102c81024a00084ffffffffffffffffffffffffbc91[payload->]...$.................||37,308
2025-08-01T15:35:43.155 0100|00|00|05|fa0001|343b019fa3[payload->]..||41,887
2025-08-01T15:35:43.256 0100|01|00|18|e601fe|343b0102c81024a00084ffffffffffffffffffffffffbc91[payload->]...$.................||37,308
2025-08-01T16:05:43.099 0100|00|00|05|fa0001|343b019fa3[payload->]..||41,887
2025-08-01T16:05:43.201 0100|01|00|18|e601fe|343b0102c81024a00084ffffffffffffffffffffffffbc91[payload->]...$.................||37,308
2025-08-01T16:35:43.182 0100|00|00|05|fa0001|343b019fa3[payload->]..||41,887
2025-08-01T16:35:43.384 0100|01|00|18|e601fe|343b0102c81024a00084ffffffffffffffffffffffffbc91[payload->]...$.................||37,308
2025-08-01T17:05:43.110 0100|00|00|05|fa0001|343b019fa3[payload->]..||41,887
2025-08-01T17:05:43.211 0100|01|00|18|e601fe|343b0102c81024a00084ffffffffffffffffffffffffbc91[payload->]...$.................||37,308
2025-08-01T17:35:43.150 0100|00|00|05|fa0001|343b019fa3[payload->]..||41,887
2025-08-01T17:35:43.251 0100|01|00|18|e601fe|343b0102c81024a00084ffffffffffffffffffffffffbc91[payload->]...$.................||37,308
2025-08-01T18:05:43.279 0100|01|00|18|e601fe|343b0102c81024a00084ffffffffffffffffffffffffbc91[payload->]...$.................||37,308
2025-08-01T18:35:43.130 0100|00|00|05|fa0001|343b019fa3[payload->]..||41,887
2025-08-01T18:35:43.231 0100|01|00|18|e601fe|343b0102c81024a00084ffffffffffffffffffffffffbc91[payload->]...$.................||37,308
2025-08-01T19:05:43.100 0100|00|00|05|fa0001|343b019fa3[payload->]..||41,887
2025-08-01T19:05:43.201 0100|01|00|18|e601fe|343b0102c81024a00084ffffffffffffffffffffffffbc91[payload->]...$.................||37,308
2025-08-01T19:35:44.186 0100|00|00|05|fa0001|343b019fa3[payload->]..||41,887
2025-08-01T19:35:44.388 0100|01|00|18|e601fe|343b0102c81024a00084ffffffffffffffffffffffffbc91[payload->]...$.................||37,308
2025-08-01T20:05:45.141 0100|00|00|05|fa0001|343b019fa3[payload->]..||41,887
2025-08-01T20:05:45.242 0100|01|00|18|e601fe|343b0102c81024a00084ffffffffffffffffffffffffbc91[payload->]...$.................||37,308
2025-08-01T20:31:28.299 0100|00|00|05|fa0001|343b019fa3[payload->]..||41,887
2025-08-01T20:31:28.401 0100|01|00|18|e601fe|343b0102c81024a00084ffffffffffffffffffffffffbc91[payload->]...$.................||37,308
2025-08-01T20:35:46.438 0100|00|00|05|fa0001|343b019fa3[payload->]..||41,887
2025-08-01T20:35:46.640 0100|01|00|18|e601fe|343b0102c81024a00084ffffffffffffffffffffffffbc91[payload->]...$.................||37,308
2025-08-01T21:05:46.466 0100|00|00|05|fa0001|343b019fa3[payload->]..||41,887
2025-08-01T21:05:46.668 0100|01|00|18|e601fe|343b0102c81024a00084ffffffffffffffffffffffffbc91[payload->]...$.................||37,308
2025-08-01T21:35:47.548 0100|00|00|05|fa0001|343b019fa3[payload->]..||41,887
2025-08-01T21:35:47.649 0100|01|00|18|e601fe|343b0102c81024a00084ffffffffffffffffffffffffbc91[payload->]...$.................||37,308
2025-08-01T22:05:49.550 0100|00|00|05|fa0001|343b019fa3[payload->]..||41,887
2025-08-01T22:05:49.752 0100|01|40|18|e601fe|343b0102c81024a00084fffffffffffffffffffffeffbc91[payload->]...$.................||37,308
2025-08-01T22:35:49.566 0100|00|00|05|fa0001|343b019fa3[payload->]..||41,887
2025-08-01T22:35:49.667 0100|01|00|18|e601fe|343b0102c81024a00084ffffffffffffffffffffffffbc91[payload->]...$.................||37,308
2025-08-01T23:05:49.489 0100|00|00|05|fa0001|343b019fa3[payload->]..||41,887
2025-08-01T23:35:50.167 0100|00|00|05|fa0001|343b019fa3[payload->]..||41,887
2025-08-01T23:35:50.369 0100|01|00|18|e601fe|343b0102c81024a00084ffffffffffffffffffffffffbc91[payload->]...$.................||37,308
2025-08-02T00:05:49.483 0100|00|00|05|fa0001|343b019fa3[payload->]..||41,887
2025-08-02T00:05:49.685 0100|01|00|18|e601fe|343b0102c81024a00084ffffffffffffffffffffffffbc91[payload->]...$.................||37,308
2025-08-02T00:31:29.860 0100|00|00|05|fa0001|343b019fa3[payload->]..||41,887
2025-08-02T00:31:29.961 0100|01|00|18|e601fe|343b0102c81024a00084ffffffffffffffffffffffffbc91[payload->]...$.................||37,308
2025-08-02T00:35:49.477 0100|00|00|05|fa0001|343b019fa3[payload->]..||41,887
2025-08-02T00:35:49.578 0100|01|00|18|e601fe|343b0102c81024a00084ffffffffffffffffffffffffbc91[payload->]...$.................||37,308
2025-08-02T01:05:49.404 0100|00|00|05|fa0001|343b019fa3[payload->]..||41,887
2025-08-02T01:35:49.505 0100|00|00|05|fa0001|343b019fa3[payload->]..||41,887
2025-08-02T01:35:49.606 0100|03|00|1a|e601fe|343b0102c81024a00084ffffffffffffffffffffffffbc910100[payload->]...$...................||0,001
2025-08-02T02:05:49.402 0100|00|00|05|fa0001|343b019fa3[payload->]..||41,887
2025-08-02T02:05:49.604 0100|01|08|18|e609fe|343b0102c81024a00084ffffffffffffffffffffffffbc91[payload->]...$.................||37,308
2025-08-02T02:35:49.408 0100|00|00|05|fa0001|343b019fa3[payload->]..||41,887
2025-08-02T03:05:49.465 0100|00|00|05|fa0001|343b019fa3[payload->]..||41,887
2025-08-02T03:35:50.152 0100|00|00|05|fa0001|343b019fa3[payload->]..||41,887
2025-08-02T03:35:50.253 0100|01|00|18|e601fe|343b0102c81024a00084ffffffffffffffffffffffffbc91[payload->]...$.................||37,308
2025-08-02T04:05:51.653 0100|01|00|18|e601fe|343b0102c81024a00084ffffffffffffffffffffffffbc91[payload->]...$.................||37,308
2025-08-02T04:35:50.140 0100|00|00|05|fa0001|343b019fa3[payload->]..||41,887
2025-08-02T04:35:50.241 0100|01|00|18|e601fe|343b0102c81024a00084ffffffffffffffffffffffffbc91[payload->]...$.................||37,308
2025-08-02T05:05:50.228 0100|00|00|05|fa0001|343b019fa3[payload->]..||41,887
2025-08-02T05:05:50.329 0100|03|00|18|e601fe|343b0102c81024a00084ffffffffffffffffffffffffbc91[payload->]...$.................||37,308
2025-08-02T05:35:51.308 0100|00|00|05|fa0001|343b019fa3[payload->]..||41,887
2025-08-02T05:35:51.409 0100|01|00|18|e601fe|343b0102c81024a00084ffffffffffffffffffffffffbc91[payload->]...$.................||37,308
2025-08-02T06:05:52.455 0100|00|00|05|fa0001|343b019fa3[payload->]..||41,887
2025-08-02T06:05:52.556 0100|01|00|18|e601fe|343b0102c81024a00084ffffffffffffffffffffffffbc91[payload->]...$.................||37,308
2025-08-02T06:35:52.474 0100|00|00|05|fa0001|343b019fa3[payload->]..||41,887
2025-08-02T06:35:52.575 0100|01|00|18|e601fe|343b0102c81024a00084ffffffffffffffffffffffffbc91[payload->]...$.................||37,308
2025-08-02T07:05:52.486 0100|00|00|05|fa0001|343b019fa3[payload->]..||41,887
2025-08-02T07:05:52.588 0100|01|00|18|e601fe|343b0102c81024a00084feffffffffffffffffffffffbc91[payload->]...$.................||37,308
2025-08-02T07:35:52.610 0100|00|00|05|fa0001|343b019fa3[payload->]..||41,887
2025-08-02T07:35:52.711 0100|01|00|18|e601fe|343b0102c81024a00084ffffffffffffffffffffffffbc91[payload->]...$.................||37,308
2025-08-02T08:05:53.367 0100|00|00|05|fa0001|343b019fa3[payload->]..||41,887
2025-08-02T08:05:53.569 0100|01|00|18|e601fe|343b0102c81024a00084ffffffffffffffffffffffffbc91[payload->]...$.................||37,308
2025-08-02T08:35:53.270 0100|00|00|05|fa0001|343b019fa3[payload->]..||41,887
2025-08-02T08:35:53.471 0100|01|00|18|e601fe|343b0102c81024a00084ffffffffffffffffffffffffbc91[payload->]...$.................||37,308
2025-08-02T09:05:53.409 0100|00|00|05|fa0001|343b019fa3[payload->]..||41,887
2025-08-02T09:05:53.510 0100|01|00|18|e601fe|343b0102c81024a00084ffffffffffffffffffffffffbc91[payload->]...$.................||37,308
2025-08-02T09:31:28.798 0100|01|00|18|e601fe|343b0102c81024a00084ffffffffffffffffffffffffbc91[payload->]...$.................||37,308
2025-08-02T09:35:53.364 0100|00|00|05|fa0001|343b019fa3[payload->]..||41,887
2025-08-02T09:35:53.566 0100|01|00|18|e601fe|343b0102c81024a00084ffffffffffffffffffffffffbc91[payload->]...$.................||37,308
2025-08-02T10:05:54.313 0100|00|00|05|fa0001|343b019fa3[payload->]..||41,887
2025-08-02T10:05:54.515 0100|0b|0a|1a|e601fe|343b0102c81024a00084ffffffffffffffffffffffffbc910100[payload->]...$...................||0,001
2025-08-02T10:35:54.319 0100|00|00|05|fa0001|343b019fa3[payload->]..||41,887
2025-08-02T10:35:54.420 0100|01|00|18|e601fe|343b0102c81024a00084ffffffffffffffffffffffffbc91[payload->]...$.................||37,308
2025-08-02T11:05:55.357 0100|00|00|05|fa0001|343b019fa3[payload->]..||41,887
2025-08-02T11:05:55.458 0100|01|00|18|e601fe|343b0102c81024a00084ffffffffffffffffffffffffbc91[payload->]...$.................||37,308
2025-08-02T11:31:28.497 0100|01|00|18|e601fe|343b0102c81024a00084ffffffffffffffffffffffffbc91[payload->]...$.................||37,308
2025-08-02T11:35:55.523 0100|00|00|05|fa0001|343b019fa3[payload->]..||41,887
2025-08-02T11:35:55.624 0100|01|00|18|e601fe|343b0102c81024a00084ffffffffffffffffffffffffbc91[payload->]...$.................||37,308
2025-08-02T12:05:57.467 0100|00|00|05|fa0001|343b019fa3[payload->]..||41,887
2025-08-02T12:05:57.568 0100|01|00|18|e601fe|343b0102c81024a00084ffffffffffffffffffffffffbc91[payload->]...$.................||37,308
2025-08-02T12:31:29.234 0100|00|00|05|fa0001|343b019fa3[payload->]..||41,887
2025-08-02T12:31:29.436 0100|01|00|18|e601fe|343b0102c81024a00084ffffffffffffffffffffffffbc91[payload->]...$.................||37,308
2025-08-02T12:35:58.331 0100|00|00|05|fa0001|343b019fa3[payload->]..||41,887
2025-08-02T12:35:58.432 0100|01|00|18|e601fe|343b0102c81024a80884ffffffffffffffffffffffffbc91[payload->]...$.................||37,308
2025-08-02T13:05:59.350 0100|00|00|05|fa0001|343b019fa3[payload->]..||41,887
2025-08-02T13:05:59.451 0100|01|00|18|e601fe|343b0102c81024a00084ffffffffffffffffffffffffbc91[payload->]...$.................||37,308
2025-08-02T13:36:01.301 0100|00|00|05|fa0001|343b019fa3[payload->]..||41,887
2025-08-02T13:36:01.502 0100|01|00|18|e601fe|343b0102c81024a00084ffffffffffffffffffffffffbc91[payload->]...$.................||37,308
2025-08-02T14:06:01.312 0100|00|00|05|fa0001|343b019fa3[payload->]..||41,887
2025-08-02T14:06:01.413 0100|01|00|18|e601fe|343b0102c8102ca00084ffffffffffffffffffffffffbc91[payload->]...,.................||37,308
2025-08-02T14:31:28.607 0100|00|00|05|fa0001|343b019fa3[payload->]..||41,887
2025-08-02T14:31:28.709 0100|01|00|18|e601fe|343b0102c81024a00084ffffffffffffffffffffffffbc91[payload->]...$.................||37,308
2025-08-02T14:36:01.366 0100|00|00|05|fa0001|343b019fa3[payload->]..||41,887
2025-08-02T14:36:01.467 0100|03|08|18|e601fe|343b0102c81024a00084ffffffffffffffffffffffffbc91[payload->]...$.................||37,308
2025-08-02T15:06:01.397 0100|00|00|05|fa0001|343b019fa3[payload->]..||41,887
2025-08-02T15:06:01.498 0100|01|00|18|e601fe|343b0102c81024a00084ffffffffffffffffffffffffbc91[payload->]...$.................||37,308
2025-08-02T15:36:02.365 0100|00|00|05|fa0001|343b019fa3[payload->]..||41,887
2025-08-02T15:36:02.466 0100|01|00|18|e601fe|343b0102c81024a00084ffffffffffffffffffffffffbc91[payload->]...$.................||37,308
2025-08-02T16:06:02.250 0100|00|00|05|fa0001|343b019fa3[payload->]..||41,887
2025-08-02T16:06:02.451 0100|01|00|18|e601fe|343b0102c81024a00084ffffffffffffffffffffffffbc91[payload->]...$.................||37,308
2025-08-02T16:36:03.425 0100|00|00|05|fa0001|343b019fa3[payload->]..||41,887
2025-08-02T16:36:03.526 0100|01|00|18|e601fe|343b0102c81024a00084ffffffffffffffffffffffffbc91[payload->]...$.................||37,308
2025-08-02T17:06:02.270 0100|00|00|05|fa0001|343b019fa3[payload->]..||41,887
2025-08-02T17:06:02.372 0100|01|00|18|e601fe|343b0102c81024a00084ffffffffffffffffffffffffbc91[payload->]...$.................||37,308
2025-08-02T17:36:02.261 0100|00|00|05|fa0001|343b019fa3[payload->]..||41,887
2025-08-02T17:36:02.362 0100|01|00|18|e601fe|343b0102c81024a00084ffffffffffffffffffffffffbc91[payload->]...$.................||37,308
2025-08-02T18:06:02.333 0100|00|00|05|fa0001|343b019fa3[payload->]..||41,887
2025-08-02T18:06:02.434 0100|01|00|18|e601fe|343b0102c81024a00084ffffffffffffffffffffffffbc91[payload->]...$.................||37,308
2025-08-02T18:36:02.269 0100|00|00|05|fa0001|343b019fa3[payload->]..||41,887
2025-08-02T18:36:02.370 0100|01|00|18|e601fe|343b0102c81024a00084ffffffffffffffffffffffffbc91[payload->]...$.................||37,308
2025-08-02T19:06:02.315 0100|00|00|05|fa0001|343b019fa3[payload->]..||41,887
2025-08-02T19:06:02.416 0100|01|00|18|e601fe|343b0102c81024a00084ffffffffffffffffffffffffbc91[payload->]...$.................||37,308
2025-08-02T19:36:03.287 0100|00|00|05|fa0001|343b019fa3[payload->]..||41,887
2025-08-02T19:36:03.488 0100|01|00|18|e601fe|343b0102c81024a00084ffffffffffffffffffffffffbc91[payload->]...$.................||37,308
2025-08-02T20:06:04.477 0100|00|00|05|fa0001|343b019fa3[payload->]..||41,887
2025-08-02T20:06:04.679 0100|01|00|18|e601fe|343b0102c81024a00084ffffffffffffffffffffffffbc91[payload->]...$.................||37,308
2025-08-02T20:31:29.511 0100|01|00|18|e601fe|343b0102c81024a00084ffffbfffffffffffffffffffbc91[payload->]...$.................||37,308
2025-08-02T20:36:05.999 0100|00|00|05|fa0001|343b019fa3[payload->]..||41,887
2025-08-02T20:36:06.201 0100|01|00|18|e601fe|343b0102c81024a00084ffffffffffffffffffffffffbc91[payload->]...$.................||37,308
2025-08-02T21:06:05.790 0100|00|00|05|fa0001|343b019fa3[payload->]..||41,887
2025-08-02T21:06:05.992 0100|01|00|18|e601fe|343b0102c81024a00084ffffffffffffffffffffffffbc91[payload->]...$.................||37,308
2025-08-02T21:36:06.139 0100|00|00|05|fa0001|343b019fa3[payload->]..||41,887
2025-08-02T21:36:06.342 0100|01|00|18|e601fe|343b0102c81024a00084fffffffffffffeffffffffffbc91[payload->]...$.................||37,308
2025-08-02T22:06:05.857 0100|00|00|05|fa0001|343b019fa3[payload->]..||41,887
2025-08-02T22:06:05.958 0100|01|40|18|e601fe|343b0102c81024a00084ffffffffffffffffffffffffbc91[payload->]...$.................||37,308
2025-08-02T23:06:09.035 0100|00|00|05|fa0001|343b019fa3[payload->]..||41,887
2025-08-02T23:06:09.136 0100|01|00|18|e601fe|343b0102c81024a00084ffffffffffffffffffffffffbc91[payload->]...$.................||37,308
2025-08-02T23:31:29.481 0100|00|00|05|fa0001|343b019fa3[payload->]..||41,887
2025-08-03T00:31:30.369 0100|01|00|18|e601fe|343b0102c81024a00084ffffffffffffffffffffffffbc91[payload->]...$.................||37,308
2025-08-03T00:36:09.134 0100|00|00|05|fa0001|343b019fa3[payload->]..||41,887
2025-08-03T00:36:09.236 0100|01|00|18|e601fe|343b0102c81024a00084ffffffffffffffffffffffffbc91[payload->]...$.................||37,308
2025-08-03T01:36:13.209 0100|00|00|05|fa0001|343b019fa3[payload->]..||41,887
2025-08-03T01:36:13.411 0100|01|00|18|e601fe|343b0102c81024a00084ffffffffffffffffffffffffbc91[payload->]...$.................||37,308
2025-08-03T02:06:13.608 0100|00|00|05|fa0001|343b019fa3[payload->]..||41,887
2025-08-03T02:06:13.709 0100|01|00|18|e601fe|343b0102c81024a00084ffffffffffffffffffffffffbc91[payload->]...$.................||37,308
2025-08-03T02:36:14.040 0100|00|00|05|fa0001|343b019fa3[payload->]..||41,887
2025-08-03T02:36:14.141 0100|01|00|18|e601fe|343b0102c81024a00084ffffffffffffffffffffffffbc91[payload->]...$.................||37,308
2025-08-03T03:06:13.985 0100|00|00|05|fa0001|343b019fa3[payload->]..||41,887
2025-08-03T03:06:14.187 0100|01|00|18|e601fe|343b0102c81024a00084ffffffffffffffffffffffffbc91[payload->]...$.................||37,308
2025-08-03T03:31:28.749 0100|00|00|05|fa0001|343b019fa3[payload->]..||41,887
2025-08-03T04:06:14.032 0100|00|00|05|fa0001|343b019fa3[payload->]..||41,887
2025-08-03T04:06:14.133 0100|01|00|18|e601fe|343b0102c81024a00084ffffffffffffffffffffffffbc91[payload->]...$.................||37,308
2025-08-03T04:36:14.010 0100|00|00|05|fa0001|343b019fa3[payload->]..||41,887
2025-08-03T04:36:14.112 0100|01|00|18|e601fe|343b0102c81024a00084ffffffffffffffffffffffffbc91[payload->]...$.................||37,308
2025-08-03T05:06:14.387 0100|00|00|05|fa0001|343b019fa3[payload->]..||41,887
2025-08-03T05:06:14.588 0100|01|00|18|e601fe|343b0102c81024a00084ffffffffffffffffffffffffbc91[payload->]...$.................||37,308
2025-08-03T05:31:29.312 0100|00|00|05|fa0001|343b019fa3[payload->]..||41,887
2025-08-03T05:31:29.615 0100|01|00|18|e601fe|343b0102c81024a00084ffffffffffffffffffffffffbc91[payload->]...$.................||37,308
2025-08-03T05:36:14.042 0100|00|00|05|fa0001|343b019fa3[payload->]..||41,887
2025-08-03T06:06:14.028 0100|00|00|05|fa0001|343b019fa3[payload->]..||41,887
2025-08-03T06:06:14.129 0100|01|00|18|e601fe|343b0102c81024a00084ffffffffffffffffffffffffbc91[payload->]...$.................||37,308
2025-08-03T06:36:13.952 0100|00|00|05|fa0001|343b019fa3[payload->]..||41,887
2025-08-03T06:36:14.153 0100|01|00|18|e601fe|343b0102c81024a00084ffffffffffffffffffffffffbc91[payload->]...$.................||37,308
2025-08-03T07:06:14.436 0100|01|00|18|e601fe|343b0102c81024a00084ffffffffffffffffffffffffbc91[payload->]...$.................||37,308
2025-08-03T07:36:15.460 0100|00|00|05|fa0001|343b019fa3[payload->]..||41,887
2025-08-03T07:36:15.661 0100|01|00|18|e601fe|343b0102c81024a00084ffffffffffffffffffffffffbc91[payload->]...$.................||37,308
2025-08-03T08:06:15.790 0100|00|00|05|fa0001|343b019fa3[payload->]..||41,887
2025-08-03T08:06:15.991 0100|01|00|18|e601fe|343b0102c81024a00084ffffffffffffffffffffffffbc91[payload->]...$.................||37,308
2025-08-03T08:36:15.582 0100|00|00|05|fa0001|343b019fa3[payload->]..||41,887
2025-08-03T08:36:15.683 0100|01|00|18|e601fe|343b0102c81024a00084ffffffffffffffffffffffffbc91[payload->]...$.................||37,308
2025-08-03T09:06:17.988 0100|00|00|05|fa0001|343b019fa3[payload->]..||41,887
2025-08-03T09:06:18.089 0100|01|00|18|e601fe|343b0102c81024a00084ffffffffffffffffffffffffbc91[payload->]...$.................||37,308
2025-08-03T10:06:17.010 0100|00|00|05|fa0001|343b019fa3[payload->]..||41,887
2025-08-03T10:06:17.212 0100|01|00|18|e601fe|343b0102c81024a00084ffffffffffffffffffffffffbc91[payload->]...$.................||37,308
2025-08-03T11:06:17.018 0100|00|00|05|fa0001|343b019fa3[payload->]..||41,887
2025-08-03T11:06:17.220 0100|01|00|18|e601fe|343b0102c81024a00084ffffffffffffffffffffffffbc91[payload->]...$.................||37,308
2025-08-03T11:36:17.094 0100|00|00|05|fa0001|343b019fa3[payload->]..||41,887
2025-08-03T11:36:17.195 0100|01|00|18|e601fe|343b0102c81024a00084ffffffffffffffffffffffffbc91[payload->]...$.................||37,308
2025-08-03T12:06:18.125 0100|00|00|05|fa0001|343b019fa3[payload->]..||41,887
2025-08-03T12:06:18.226 0100|01|00|18|e601fe|343b0102c81024a00084ffffffffffffffffffffffffbc91[payload->]...$.................||37,308
2025-08-03T12:36:18.191 0100|00|00|05|fa0001|343b019fa3[payload->]..||41,887
2025-08-03T12:36:18.292 0100|01|00|18|e601fe|343b0102c81024a00084ffffffffffffffffffffffffbc91[payload->]...$.................||37,308
2025-08-03T13:06:18.628 0100|00|00|05|fa0001|343b019fa3[payload->]..||41,887
2025-08-03T13:36:18.163 0100|00|00|05|fa0001|343b019fa3[payload->]..||41,887
2025-08-03T13:36:18.264 0100|01|00|18|e601fe|343b0102c81024200084ffffffffffffffffffffffffbc91[payload->]...$ ................||37,308
2025-08-03T14:06:18.139 0100|00|00|05|fa0001|343b019fa3[payload->]..||41,887
2025-08-03T14:06:18.240 0100|01|00|18|e601fe|343b0102c81024a00084ffffffffffffffffffffffffbc91[payload->]...$.................||37,308
2025-08-03T14:36:18.237 0100|00|00|05|fa0001|343b019fa3[payload->]..||41,887
2025-08-03T14:36:18.338 0100|01|00|18|e601fe|343b0102c81024a00084ffffffffffffffffffffffffbc91[payload->]...$.................||37,308
2025-08-03T15:06:19.912 0100|00|00|05|fa0001|343b019fa3[payload->]..||41,887
2025-08-03T15:06:20.013 0100|01|00|18|e601fe|343b0102c81024a00084ffffffffffffffffffffffffbc91[payload->]...$.................||37,308
2025-08-03T15:36:18.190 0100|00|00|05|fa0001|343b019fa3[payload->]..||41,887
2025-08-03T15:36:18.894 0100|09|00|1a|e601fe|343b0102c81024a00084ffffffffffffffffffffffffbc91ff01[payload->]...$...................||0,511
2025-08-03T16:06:18.115 0100|00|00|05|fa0001|343b019fa3[payload->]..||41,887
2025-08-03T16:06:18.216 0100|01|00|18|e601fe|343b0102c81024a00084fffffffffffffffeffffffffbc91[payload->]...$.................||37,308
2025-08-03T16:36:20.359 0100|00|00|05|fa0001|343b019fa3[payload->]..||41,887
2025-08-03T16:36:20.460 0100|01|00|18|e601fe|343b0102c81024a00084ffffffffffffffffffffffffbc91[payload->]...$.................||37,308
2025-08-03T17:06:20.471 0100|00|00|05|fa0001|343b019fa3[payload->]..||41,887
2025-08-03T17:06:20.572 0100|01|00|18|e601fe|343b0102c81024a00084ffffffffffffffffffffffffbc91[payload->]...$.................||37,308
2025-08-03T17:36:20.347 0100|00|00|05|fa0001|343b019fa3[payload->]..||41,887
2025-08-03T17:36:20.449 0100|01|00|18|e601fe|343b0102c81024a00084ffffffffffffffffffffffffbc91[payload->]...$.................||37,308
2025-08-03T18:06:21.285 0100|00|00|05|fa0001|343b019fa3[payload->]..||41,887
2025-08-03T18:06:21.386 0100|01|00|18|e601fe|343b0102c81024a00084ffffffffffffffffffffffffbc91[payload->]...$.................||37,308
