2025-07-30T20:34:35.838 0100|00|00|05|fa0001|3431013fa5[payload->]?.||42,303
2025-07-30T20:34:36.040 0100|01|00|18|e601fe|34310102c81024a00084ffffffffffffffffffffffff163b[payload->]...$................;||15,126
2025-07-30T21:04:35.989 0100|00|00|05|fa0001|3431013fa5[payload->]?.||42,303
2025-07-30T21:04:36.090 0100|01|00|18|e601fe|34310102c81024a00084ffffffffffffffffffffffff163b[payload->]...$................;||15,126
2025-07-30T21:31:29.154 0100|00|00|05|fa0001|3431013fa5[payload->]?.||42,303
2025-07-30T21:31:29.255 0100|01|00|18|e601fe|343101fffffffffffffffffffff4180100000005fa000134[payload->]....................4||13,313
2025-07-30T22:04:35.814 0100|00|00|05|fa0001|3431013fa5[payload->]?.||42,303
2025-07-30T22:04:36.016 0100|01|00|18|e601fe|34310102c81024a00084ffffffffffffffffffffffff163b[payload->]...$................;||15,126
2025-07-30T22:34:35.698 0100|00|00|05|fa0001|3431013fa5[payload->]?.||42,303
2025-07-30T22:34:35.799 0100|01|00|18|e601fe|34310102c81024a00084ffffffffffffffffffffffff163b[payload->]...$................;||15,126
2025-07-30T23:04:36.092 0100|00|00|05|fa0001|3431013fa5[payload->]?.||42,303
2025-07-30T23:04:36.194 0100|01|00|18|e601fe|34310102c81024a00084ffffffffffffffffffffffff163b[payload->]...$................;||15,126
2025-07-30T23:34:35.772 0100|00|00|05|fa0001|3431013fa5[payload->]?.||42,303
2025-07-31T00:04:35.870 0100|00|00|05|fa0001|3431013fa5[payload->]?.||42,303
2025-07-31T00:04:36.072 0100|01|00|18|e601fe|34310102c81024a00084ffffffffffffffffffffffff163b[payload->]...$................;||15,126
2025-07-31T00:34:35.781 0100|00|00|05|fa0001|3431013fa5[payload->]?.||42,303
2025-07-31T00:34:35.882 0100|01|00|18|e601fe|34310102c81024a00084ffffffffffffffffffffffff163b[payload->]...$................;||15,126
2025-07-31T01:04:35.720 0100|00|00|05|fa0001|3431013fa5[payload->]?.||42,303
2025-07-31T01:04:35.922 0100|01|00|1c|e601fe|34310102c81024a00084ffffffffffffffffffffffff163b01000000[payload->]...$................;....||0,000
2025-07-31T01:34:35.671 0100|00|00|05|fa0001|3431013fa5[payload->]?.||42,303
2025-07-31T02:04:35.769 0100|00|00|05|fa0001|3431013fa5[payload->]?.||42,303
2025-07-31T02:04:35.870 0100|09|00|18|e601fe|34310102c81024a00084ffffffffffffffffffffffff163b[payload->]...$................;||15,126
2025-07-31T02:34:36.610 0100|00|00|05|fa0001|3431013fa5[payload->]?.||42,303
2025-07-31T02:34:36.711 0100|01|00|18|e601fe|34310102c81024a00084ffffffffffffffffffffffff163b[payload->]...$................;||15,126
2025-07-31T03:04:36.622 0100|00|00|05|fa0001|3431013fa5[payload->]?.||42,303
2025-07-31T03:04:36.824 0100|01|00|18|e601fe|34310102c81024a00084ffffffffffffffffffffffff163b[payload->]...$................;||15,126
2025-07-31T03:34:36.609 0100|00|00|05|fa0001|3431013fa5[payload->]?.||42,303
2025-07-31T03:34:36.710 0100|01|00|18|e601fe|34310102c81024a00084ffffffffffffffffffffffff163b[payload->]...$................;||15,126
2025-07-31T04:04:36.572 0100|00|00|05|fa0001|3431013fa5[payload->]?.||42,303
2025-07-31T04:04:36.774 0100|01|00|18|e601fe|34310102c81020a00084ffffffffffffffffffffbfff163b[payload->]... ................;||15,126
2025-07-31T04:34:36.582 0100|00|00|05|fa0001|3431013fa5[payload->]?.||42,303
2025-07-31T04:34:36.784 0100|01|00|18|e601fe|34310102c81024a00084ffffffffffffffffffffffff163b[payload->]...$................;||15,126
2025-07-31T05:04:38.912 0100|00|00|05|fa0001|3431013fa5[payload->]?.||42,303
2025-07-31T05:04:39.013 0100|01|00|18|e601fe|34310102c81024a00084ffffffffffffffffffffffff163b[payload->]...$................;||15,126
2025-07-31T05:34:38.917 0100|00|00|05|fa0001|3431013fa5[payload->]?.||42,303
2025-07-31T05:34:39.019 0100|01|00|18|e601fe|34310102c81024a00084ffffffffffffffffffffffff163b[payload->]...$................;||15,126
2025-07-31T06:04:38.943 0100|00|00|05|fa0001|3431013fa5[payload->]?.||42,303
2025-07-31T06:04:39.145 0100|01|00|18|e601fe|34310102c81024a00084ffffffffffffffffffffffff163b[payload->]...$................;||15,126
2025-07-31T06:34:40.600 0100|00|00|05|fa0001|3431013fa5[payload->]?.||42,303
2025-07-31T06:34:40.802 0100|01|00|18|e601fe|34310102c81024a00084ffffffffefffffffffffffff163b[payload->]...$................;||15,126
2025-07-31T07:04:40.879 0100|00|00|05|fa0001|3431013fa5[payload->]?.||42,303
2025-07-31T07:04:40.980 0100|01|00|18|e601fe|34310102c81024a00084ffffffffffffffffffffffff163b[payload->]...$................;||15,126
2025-07-31T07:31:28.466 0100|00|00|05|fa0001|3431013fa5[payload->]?.||42,303
2025-07-31T07:31:28.567 0100|01|00|18|e601fe|34310102c81024a00084ffffffffffffffffffffffff163b[payload->]...$................;||15,126
2025-07-31T07:34:41.155 0100|00|00|05|fa0001|3431013fa5[payload->]?.||42,303
2025-07-31T07:34:41.257 0100|01|00|18|e601fe|34310102c81024a00084ffffffffffffffffffffffff163b[payload->]...$................;||15,126
2025-07-31T08:04:41.864 0100|00|00|05|fa0001|3431013fa5[payload->]?.||42,303
2025-07-31T08:04:42.066 0100|01|00|18|e601fe|34310102c81024a00084ffffffffffffffffffffffff163b[payload->]...$................;||15,126
2025-07-31T08:34:41.150 0100|00|00|05|fa0001|3431013fa5[payload->]?.||42,303
2025-07-31T08:34:41.251 0100|01|00|18|e601fe|34310102c81024a00084ffffffffffffffffffffffff163b[payload->]...$................;||15,126
2025-07-31T09:04:40.565 0100|00|00|05|fa0001|3431013fa5[payload->]?.||42,303
2025-07-31T09:04:40.767 0100|01|00|18|e601fe|34310102c81024a00084ffffffffffffffffffffffff163b[payload->]...$................;||15,126
2025-07-31T09:31:27.551 0100|01|00|18|e601fe|34310102c81024a00084ffffffffffffffffffffffff163b[payload->]...$................;||15,126
2025-07-31T09:34:40.542 0100|00|00|05|fa0001|3431013fa5[payload->]?.||42,303
2025-07-31T09:34:40.744 0100|01|00|18|e601fe|34310102c81024a00084fffffffffffffffdffffffff163b[payload->]...$................;||15,126
2025-07-31T10:04:41.866 0100|00|00|05|fa0001|3431013fa5[payload->]?.||42,303
2025-07-31T10:04:42.068 0100|01|00|18|e601fe|34310102c81024a00084ffffffffffffffffffffffff163b[payload->]...$................;||15,126
2025-07-31T10:34:42.465 0100|00|00|05|fa0001|3431013fa5[payload->]?.||42,303
2025-07-31T10:34:42.566 0100|01|00|18|e601fe|34310102c81024a00084ffffffffffffffffffffffff163b[payload->]...$................;||15,126
2025-07-31T11:04:42.434 0100|00|00|05|fa0001|3431013fa5[payload->]?.||42,303
2025-07-31T11:04:42.535 0100|01|00|18|e601fe|34310102c81024a00084ffffffffffffffffffffffff163b[payload->]...$................;||15,126
2025-07-31T11:34:42.421 0100|00|00|05|fa0001|3431013fa5[payload->]?.||42,303
2025-07-31T11:34:42.624 0100|01|00|18|e601fe|34310102c81024a00084ffffffffffffffffffffffff163b[payload->]...$................;||15,126
2025-07-31T12:04:44.114 0100|00|00|05|fa0001|3431013fa5[payload->]?.||42,303
2025-07-31T12:04:44.215 0100|01|00|18|e601fe|34310102c81024a00084ffffffffffffffffffffffff163b[payload->]...$................;||15,126
2025-07-31T12:34:44.159 0100|00|00|05|fa0001|3431013fa5[payload->]?.||42,303
2025-07-31T12:34:44.361 0100|01|00|18|e601fe|34310102c81024a00084ffffffffffffffffffffffff163b[payload->]...$................;||15,126
2025-07-31T13:04:44.209 0100|00|00|05|fa0001|3431013fa5[payload->]?.||42,303
2025-07-31T13:04:44.411 0100|01|00|18|e601fe|34310102c81024a00084ffffffffffffffffffffffff163b[payload->]...$................;||15,126
2025-07-31T13:34:44.173 0100|00|00|05|fa0001|3431013fa5[payload->]?.||42,303
2025-07-31T13:34:44.376 0100|01|00|18|e601fe|34310102c81024a00084ffffffffffffffffffffffff163b[payload->]...$................;||15,126
2025-07-31T14:04:46.378 0100|00|00|05|fa0001|3431013fa5[payload->]?.||42,303
2025-07-31T14:04:46.479 0100|01|00|18|e601fe|34310102c81024a00084ffffffffffffffffffffffff163b[payload->]...$................;||15,126
2025-07-31T14:34:44.954 0100|00|00|05|fa0001|34310137a5[payload->]7.||42,295
2025-07-31T15:04:46.935 0100|00|00|05|fa0001|3431013fa5[payload->]?.||42,303
2025-07-31T15:04:47.136 0100|01|00|18|e601fe|34310102c81024a00084ffffffffffffffffffffffff163b[payload->]...$................;||15,126
2025-07-31T15:34:48.046 0100|00|00|05|fa0001|3431013fa5[payload->]?.||42,303
2025-07-31T15:34:48.147 0100|01|00|18|e601fe|34310102c81024a00084ffffffffffffffffffffffff163b[payload->]...$................;||15,126
2025-07-31T16:04:48.003 0100|00|00|05|fa0001|3431013fa5[payload->]?.||42,303
2025-07-31T16:04:48.109 0100|01|00|18|e601fe|34310102c81024a00084ffffffffffffffffffffffff163b[payload->]...$................;||15,126
2025-07-31T16:34:48.100 0100|00|00|05|fa0001|3431013fa5[payload->]?.||42,303
2025-07-31T16:34:48.302 0100|01|00|18|e601fe|34310102c81024a00084ffffffffffffffffffffffff163b[payload->]...$................;||15,126
2025-07-31T17:04:49.217 0100|00|00|05|fa0001|3431013fa5[payload->]?.||42,303
2025-07-31T17:04:49.318 0100|01|00|18|e601fe|34310102c81024a00084ffffffffffffffffffffffff163b[payload->]...$................;||15,126
2025-07-31T17:34:49.201 0100|00|00|05|fa0001|3431013fa5[payload->]?.||42,303
2025-07-31T17:34:49.403 0100|01|00|18|e601fe|34310102c81024a00084ffffffffffffffffffffffff163b[payload->]...$................;||15,126
2025-07-31T18:04:49.161 0100|00|00|05|fa0001|3431013fa5[payload->]?.||42,303
2025-07-31T18:04:49.363 0100|01|00|18|e601fe|34310102c81024a00084ffffffffffffffffffffffff163b[payload->]...$................;||15,126
2025-07-31T18:34:49.992 0100|00|00|05|fa0001|3431013fa5[payload->]?.||42,303
2025-07-31T18:34:50.194 0100|01|00|18|e601fe|34310102c81024a00080ffffffffffffffffffffffff163b[payload->]...$................;||15,126
2025-07-31T19:04:50.969 0100|00|00|05|fa0001|3431013fa5[payload->]?.||42,303
2025-07-31T19:04:51.171 0100|01|00|18|e601fe|34310102c81024a00084fffffdffffffffffffffffff163b[payload->]...$................;||15,126
2025-07-31T19:34:51.035 0100|00|00|05|fa0001|3431013fa5[payload->]?.||42,303
2025-07-31T19:34:51.137 0100|01|00|18|e601fe|34310102c81024a00084ffffffffffffffffffffffff163b[payload->]...$................;||15,126
2025-07-31T20:04:50.965 0100|00|00|05|fa0001|3431013fa5[payload->]?.||42,303
2025-07-31T20:04:51.167 0100|01|00|18|e601fe|34310102c81024a00084ffffffffffffffffffffffff163b[payload->]...$................;||15,126
2025-07-31T20:34:51.004 0100|00|00|05|fa0001|3431013fa5[payload->]?.||42,303
2025-07-31T20:34:51.205 0100|01|00|18|e601fe|34310102c81024a00084ffffffffffffffffffffffff163b[payload->]...$................;||15,126
2025-07-31T21:04:51.007 0100|00|00|05|fa0001|3431013fa5[payload->]?.||42,303
2025-07-31T21:04:51.108 0100|01|00|18|e601ee|34310102c81024a00084ffffffffffffffffffffffff163b[payload->]...$................;||15,126
2025-07-31T21:34:52.016 0100|00|00|05|fa0001|3431013fa5[payload->]?.||42,303
2025-07-31T21:34:52.218 0100|01|00|18|e601fe|34310102c81024a00084ffffffffffffffffffffffff163b[payload->]...$................;||15,126
2025-07-31T22:04:51.966 0100|00|00|05|fa0001|3431013fa5[payload->]?.||42,303
2025-07-31T22:04:52.168 0100|01|00|18|e601fe|34310102c81024a00084ffffffffffffffffffffffff163b[payload->]...$................;||15,126
2025-07-31T22:34:51.956 0100|00|00|05|fa0001|3431013fa5[payload->]?.||42,303
2025-07-31T22:34:52.157 0100|01|00|18|e601fe|34310102c81024a00084ffffffffffffffffffffffff163b[payload->]...$................;||15,126
2025-07-31T23:04:54.237 0100|00|00|05|fa0001|3431013fa5[payload->]?.||42,303
2025-07-31T23:04:54.439 0100|01|00|18|e601fe|34310102c81024a00084ffffffffffffffffffffffff163b[payload->]...$................;||15,126
2025-07-31T23:31:27.733 0100|00|00|05|fa0001|3431013fa5[payload->]?.||42,303
2025-07-31T23:31:27.834 0100|01|00|18|e601fe|34310102c81024a00084ffffffffffffffffffffffff163b[payload->]...$................;||15,126
2025-07-31T23:34:54.948 0100|00|00|05|fa0001|3431013fa5[payload->]?.||42,303
2025-07-31T23:34:55.150 0100|01|00|18|e601fe|34310102c81024a00084ffffffffffffffffffffffff163b[payload->]...$................;||15,126
2025-08-01T00:04:54.307 0100|00|00|05|fa0001|3431013fa5[payload->]?.||42,303
2025-08-01T00:04:54.408 0100|01|00|18|e601fe|34310102c81024a00084ffffffffffffffffffffffff163b[payload->]...$................;||15,126
2025-08-01T00:34:54.323 0100|00|00|05|fa0001|3431013fa5[payload->]?.||42,303
2025-08-01T00:34:54.525 0100|01|00|18|e601fe|34310102c81024a00084fffffffffffffffffffeffff163b[payload->]...$................;||15,126
2025-08-01T01:04:54.396 0100|00|00|05|fa0001|3431013fa5[payload->]?.||42,303
2025-08-01T01:04:54.497 0100|01|00|18|e601fe|34310102c81024a00084ffffffffffffffffffffffff163b[payload->]...$................;||15,126
2025-08-01T01:34:54.343 0100|00|00|05|fa0001|3431013fa5[payload->]?.||42,303
2025-08-01T01:34:54.444 0100|01|00|18|e601fe|34310102c81024a00084ffffffffffffffffffffffff163b[payload->]...$................;||15,126
2025-08-01T02:04:56.515 0100|00|00|05|fa0001|3431013fa5[payload->]?.||42,303
2025-08-01T02:04:56.616 0100|01|00|18|e601fe|34310102c81024a00084ffffffffffffffffffffffff163b[payload->]...$................;||15,126
2025-08-01T02:31:27.716 0100|01|00|18|e601fe|34310102c81024a00084ffffffffffffffffffffffff163b[payload->]...$................;||15,126
2025-08-01T02:34:56.352 0100|00|00|05|fa0001|3431013fa5[payload->]?.||42,303
2025-08-01T02:34:56.453 0100|01|00|18|e601fe|34310102c81024a00084ffffffffffffffffffffffff163b[payload->]...$................;||15,126
2025-08-01T03:04:56.334 0100|00|00|05|fa0001|3431013fa5[payload->]?.||42,303
2025-08-01T03:04:56.436 0100|01|00|18|e601fe|34310102c81024a00084ffffffffffffffffffffffff163b[payload->]...$................;||15,126
2025-08-01T03:31:27.576 0100|00|00|05|fa0001|3431013fa5[payload->]?.||42,303
2025-08-01T03:31:27.778 0100|01|00|18|e601fe|34310102c81024a00084ffffffffffffffffffffffff163b[payload->]...$................;||15,126
2025-08-01T03:34:57.130 0100|00|00|05|fa0001|3431013fa5[payload->]?.||42,303
2025-08-01T03:34:57.231 0100|01|00|18|e601fe|34310102c81024a00084ffffffffffffffffffffffff163b[payload->]...$................;||15,126
2025-08-01T04:04:59.697 0100|00|00|05|fa0001|3431013fa5[payload->]?.||42,303
2025-08-01T04:04:59.798 0100|01|00|18|e601fe|34310102c81024a00084ffffffffffffffffffffffff163b[payload->]...$................;||15,126
2025-08-01T04:34:58.152 0100|00|00|05|fa0001|3431013fa5[payload->]?.||42,303
2025-08-01T04:34:58.253 0100|01|00|18|e601fe|34310102c81024a00084ffffffffffffffffffffffff163b[payload->]...$................;||15,126
2025-08-01T05:04:58.149 0100|00|00|05|fa0001|3431013fa5[payload->]?.||42,303
2025-08-01T05:04:58.250 0100|01|00|18|e601fe|34310102c81024a00084ffffffffffffffffffffffff163b[payload->]...$................;||15,126
2025-08-01T05:34:58.936 0100|00|00|05|fa0001|3431013fa5[payload->]?.||42,303
2025-08-01T05:34:59.137 0100|01|00|18|e601fe|34310102c81024a00084ffffffffffffffffffffffff163b[payload->]...$................;||15,126
2025-08-01T06:04:58.092 0100|00|00|05|fa0001|3431013fa5[payload->]?.||42,303
2025-08-01T06:04:58.293 0100|01|00|18|e601fe|34310102c81024a00084ffffffffffffffffffffffff163b[payload->]...$................;||15,126
2025-08-01T06:31:27.515 0100|00|00|05|fa0001|3431013fa5[payload->]?.||42,303
2025-08-01T06:31:27.717 0100|01|00|18|e601fe|34310102c81024a00084ffffffffffffffffffffffffffff[payload->]...$.................||65,535
2025-08-01T06:34:58.120 0100|00|00|05|fa0001|3431013fa5[payload->]?.||42,303
2025-08-01T06:34:58.222 0100|01|00|18|e601fe|34310102c81024a00084ffffffffffffffffffffffff163b[payload->]...$................;||15,126
2025-08-01T07:04:58.136 0100|00|00|05|fa0001|3431013fa5[payload->]?.||42,303
2025-08-01T07:04:58.237 0100|01|00|18|e601fe|34310102c81024a00084ffffffffffffffffffffffff163b[payload->]...$................;||15,126
2025-08-01T07:35:00.103 0100|00|00|05|fa0001|3431013fa5[payload->]?.||42,303
2025-08-01T07:35:00.204 0100|01|00|18|e601fe|34310102c81024a00084ffffffffffffffffffffffff163b[payload->]...$................;||15,126
2025-08-01T08:05:00.200 0100|00|00|05|fa0001|3431013fa5[payload->]?.||42,303
2025-08-01T08:05:00.301 0100|01|00|18|e601fe|3431010ac81024a00084ffffffffffffffffffffffff163b[payload->]...$................;||15,126
2025-08-01T08:35:00.187 0100|00|00|05|fa0001|3431013fa5[payload->]?.||42,303
2025-08-01T08:35:00.389 0100|01|00|18|e601fe|34310102c81024a00084ffffffffffffffffffffffff163b[payload->]...$................;||15,126
2025-08-01T09:05:00.040 0100|00|00|05|fa0001|3431013fa5[payload->]?.||42,303
2025-08-01T09:05:00.241 0100|01|00|18|e601fe|34310102c81024a00084ffffffffffffffffffffffff163b[payload->]...$................;||15,126
2025-08-01T09:35:00.197 0100|00|00|05|fa0001|3431013fa5[payload->]?.||42,303
2025-08-01T09:35:00.298 0100|01|00|18|e603fe|34310102c81024a00084ffffffffffffffffffffffff163b[payload->]...$................;||15,126
2025-08-01T10:05:00.098 0100|00|00|05|fa0001|3431013fa5[payload->]?.||42,303
2025-08-01T10:05:00.299 0100|03|00|18|e601fe|34310102c81024a00084ffffffffffffffffffffffff163b[payload->]...$................;||15,126
2025-08-01T10:35:00.126 0100|00|00|05|fa0001|3431013fa5[payload->]?.||42,303
2025-08-01T11:05:00.123 0100|00|00|05|fa0001|3431013fa5[payload->]?.||42,303
2025-08-01T11:05:00.224 0100|01|00|18|e601fe|34310102c81024a00084ffffffffffffffffffffffff163b[payload->]...$................;||15,126
2025-08-01T11:31:28.490 0100|00|00|05|fa0001|3431013fa5[payload->]?.||42,303
2025-08-01T11:31:28.591 0100|01|00|18|e601fe|34310102c81024a00084ffffffffffffffffffffffff163b[payload->]...$................;||15,126
2025-08-01T11:35:00.117 0100|00|00|05|fa0001|3431013fa5[payload->]?.||42,303
2025-08-01T11:35:00.219 0100|01|00|18|e601fe|34310102c81024a00084ffffffffffffffffffffffff163b[payload->]...$................;||15,126
2025-08-01T12:05:00.099 0100|00|00|05|fa0001|3431013fa5[payload->]?.||42,303
2025-08-01T12:05:00.200 0100|01|00|18|e601fe|34310102c81024a00084ffffffffffffffffffffffff163b[payload->]...$................;||15,126
2025-08-01T12:35:01.104 0100|00|00|05|fa0001|3431013fa5[payload->]?.||42,303
2025-08-01T12:35:01.305 0100|01|00|18|e601fe|34310102c81024a00084fffffffffffffffffffffff7163b[payload->]...$................;||15,126
2025-08-01T13:05:01.995 0100|00|00|05|fa0001|3431013fa5[payload->]?.||42,303
2025-08-01T13:05:02.097 0100|01|00|18|e601fe|34310102c81024a00084ffffffffffffffffffffffff163b[payload->]...$................;||15,126
2025-08-01T13:35:04.081 0100|00|00|05|fa0001|3431013fa5[payload->]?.||42,303
2025-08-01T13:35:04.283 0100|01|00|18|e601fe|34310102c81024a00084ffffffffffffffffffffffff163b[payload->]...$................;||15,126
2025-08-01T14:05:04.179 0100|00|00|05|fa0001|3431013fa5[payload->]?.||42,303
2025-08-01T14:05:04.280 0100|01|00|18|e601fe|34310102c81024a00084ffffffffffffffffffffffff163b[payload->]...$................;||15,126
2025-08-01T14:35:05.144 0100|00|00|05|fa0001|3431013fa5[payload->]?.||42,303
2025-08-01T14:35:05.346 0100|01|00|18|e601fe|34310102c81024a00084ffffffffffffffffffffffff163b[payload->]...$................;||15,126
2025-08-01T15:05:05.192 0100|00|00|05|fa0001|3431013fa5[payload->]?.||42,303
2025-08-01T15:05:05.294 0100|01|00|18|e601fe|34310102c81024a00084ffffffffffffffffffffffff163b[payload->]...$................;||15,126
2025-08-01T15:35:07.470 0100|00|00|05|fa0001|3431013fa5[payload->]?.||42,303
2025-08-01T15:35:07.571 0100|01|00|18|e601fe|34310102c81024a00084ffffffffffffffffffffffff163b[payload->]...$................;||15,126
2025-08-01T16:05:06.297 0100|00|00|05|fa0001|3431013fa5[payload->]?.||42,303
2025-08-01T16:05:06.398 0100|01|00|18|e601fe|34310102c81024a00084ffffffffffffffffffffffff163b[payload->]...$................;||15,126
2025-08-01T16:31:27.846 0100|01|00|18|e601fe|34310102c81024a00084ffffffffffffffffffffffff163b[payload->]...$................;||15,126
2025-08-01T16:35:06.704 0100|00|00|05|fa0001|3431013fa5[payload->]?.||42,303
2025-08-01T16:35:06.805 0100|01|00|18|e601fe|34310102c81024a00084ffffffffffefffffffffffff163b[payload->]...$................;||15,126
2025-08-01T17:05:06.336 0100|00|00|05|fa0001|3431013fa5[payload->]?.||42,303
2025-08-01T17:05:06.437 0100|01|00|18|e601fe|34310102c81024a00084ffffffffffffffffffffffff163b[payload->]...$................;||15,126
2025-08-01T17:35:07.690 0100|00|00|05|fa0001|3431013fa5[payload->]?.||42,303
2025-08-01T17:35:07.792 0100|01|00|18|e601fe|34310102c81024a00084ffffffffffffffffffffffff163b[payload->]...$................;||15,126
2025-08-01T18:05:06.297 0100|00|00|05|fa0001|3431013fa5[payload->]?.||42,303
2025-08-01T18:05:06.399 0100|01|00|18|e601fe|34310102c81024a00084ffffffffffffffffffffffff163b[payload->]...$................;||15,126
2025-08-01T18:35:06.468 0100|00|00|05|fa0001|3431013fa5[payload->]?.||42,303
2025-08-01T18:35:06.569 0100|01|00|18|e601fe|34310102c81024a00084ffffffffffffffffffffffff163b[payload->]...$................;||15,126
2025-08-01T19:05:07.347 0100|00|00|05|fa0001|3431013fa5[payload->]?.||42,303
2025-08-01T19:05:07.549 0100|01|00|18|e601fe|34310102c81024a00084ffffffffffffffffffffffff163b[payload->]...$................;||15,126
2025-08-01T19:35:07.098 0100|00|00|05|fa0001|3431013fa5[payload->]?.||42,303
2025-08-01T19:35:07.199 0100|01|00|18|e601fe|34310102c81024a00084ffffffffffffffffffffffff163b[payload->]...$................;||15,126
2025-08-01T20:05:07.969 0100|00|00|05|fa0001|3431013fa5[payload->]?.||42,303
2025-08-01T20:05:08.171 0100|01|00|18|e601fe|34310102c81024a00084ffffffffffffffffffffffff163b[payload->]...$................;||15,126
2025-08-01T20:35:09.861 0100|00|00|05|fa0001|3431013fa5[payload->]?.||42,303
2025-08-01T20:35:09.962 0100|01|00|18|e601fe|34310102c81024a00084ffffffffffffffffffffffff163b[payload->]...$................;||15,126
2025-08-01T21:05:08.972 0100|00|00|05|fa0001|3431013fa5[payload->]?.||42,303
2025-08-01T21:05:09.174 0100|01|00|18|e601fe|34310102c81024a00084ffffffffffffffffffffffff163b[payload->]...$................;||15,126
2025-08-01T21:35:09.076 0100|00|00|05|fa0001|3431013fa5[payload->]?.||42,303
2025-08-01T21:35:09.177 0100|01|00|18|e601fe|34310102c81024a00084ffffffffffffffffffffffff1e3b[payload->]...$................;||15,134
2025-08-01T22:05:10.251 0100|00|00|05|fa0001|3431013fa5[payload->]?.||42,303
2025-08-01T22:05:10.352 0100|01|00|18|e601fe|34310102c81024a00084ffffffffffffffffffffffff163b[payload->]...$................;||15,126
2025-08-01T22:31:27.796 0100|00|00|05|fa0001|3431013fa5[payload->]?.||42,303
2025-08-01T22:31:27.897 0100|01|00|18|e601fe|34310102c81024a00084ffffffffffffffffffffffff1e3b[payload->]...$................;||15,134
2025-08-01T22:35:10.488 0100|00|00|05|fa0001|3431013fa5[payload->]?.||42,303
2025-08-01T22:35:10.589 0100|01|00|18|e601fe|34310102c81024a00084ffffffffffffffffffffffff163b[payload->]...$................;||15,126
2025-08-01T23:05:10.283 0100|00|00|05|fa0001|3431013fa5[payload->]?.||42,303
2025-08-01T23:05:10.384 0100|01|00|18|e601fe|34310102c81024a00084fffffffffffffffffffffeff163b[payload->]...$................;||15,126
2025-08-01T23:35:10.272 0100|00|00|05|fa0001|3431013fa5[payload->]?.||42,303
2025-08-01T23:35:10.373 0100|01|00|18|e601fe|34310102c81024a00084ffffffffffffffffffffffff163b[payload->]...$................;||15,126
2025-08-02T00:05:10.991 0100|00|00|05|fa0001|3431013fa5[payload->]?.||42,303
2025-08-02T00:05:11.092 0100|01|00|18|e601fe|34310102c81024a00084ffffffffffffffffffffffff163b[payload->]...$................;||15,126
2025-08-02T00:31:28.848 0100|00|00|05|fa0001|3431013fa5[payload->]?.||42,303
2025-08-02T00:31:28.950 0100|01|00|18|e601fe|34310102c81024a000fffffffff4180100000005fa000134[payload->]...$................4||13,313
2025-08-02T00:35:10.275 0100|00|00|05|fa0001|3431013f85[payload->]?.||34,111
2025-08-02T00:35:10.376 0100|01|00|18|e601fe|34310102c81024a00084fffffffffffffffeffffffff163b[payload->]...$................;||15,126
2025-08-02T01:05:10.225 0100|00|00|05|fa0001|3431013fa5[payload->]?.||42,303
2025-08-02T01:05:10.427 0100|01|00|18|e601fe|34310102c81024a00084ffffffffffffffffffffffff163b[payload->]...$................;||15,126
2025-08-02T01:31:27.710 0100|00|00|05|fa0001|3431013fa5[payload->]?.||42,303
2025-08-02T01:35:10.217 0100|00|00|05|fa0001|3431013fa5[payload->]?.||42,303
2025-08-02T01:35:10.419 0100|01|00|18|e601fe|34310102c81024a00084ffffffffffffffffffffffff163b[payload->]...$................;||15,126
2025-08-02T02:05:10.319 0100|00|00|05|fa0001|3431013fa5[payload->]?.||42,303
2025-08-02T02:05:10.420 0100|01|00|18|e601fe|34310102c81024a00084ffffffffffffffffffffffff163b[payload->]...$................;||15,126
2025-08-02T02:35:10.214 0100|00|00|05|fa0001|3431013fa5[payload->]?.||42,303
2025-08-02T02:35:10.416 0100|01|00|18|e601fe|34310102c81024a00084ffffffffffffffffffffffff163b[payload->]...$................;||15,126
2025-08-02T03:05:10.261 0100|00|00|05|fa0001|3431013fa5[payload->]?.||42,303
2025-08-02T03:05:10.362 0100|01|00|18|e601fe|34310102c81024a00084ffffffffffffffffffffffff163b[payload->]...$................;||15,126
2025-08-02T03:35:10.322 0100|00|00|05|fa0001|3431013fa5[payload->]?.||42,303
2025-08-02T03:35:10.523 0100|01|00|18|e601fe|34310102c81024a00084ffffffffffffffffffffffff163b[payload->]...$................;||15,126
2025-08-02T04:05:10.305 0100|00|00|05|fa0001|3431013fa5[payload->]?.||42,303
2025-08-02T04:05:10.506 0100|01|00|18|e601fe|34310102c81024a00084ffffffffffffffffffffffff163b[payload->]...$................;||15,126
2025-08-02T04:31:27.838 0100|01|00|18|e601fe|34310102c81024a00084ffffffffffffffffffffffff163b[payload->]...$................;||15,126
2025-08-02T04:35:10.251 0100|00|00|05|fa0001|3431013fa5[payload->]?.||42,303
2025-08-02T04:35:10.452 0100|01|00|18|e601fe|34310102c81024a00084ffffffffffffffffffffffff163b[payload->]...$................;||15,126
2025-08-02T05:05:10.319 0100|00|00|05|fa0001|3431013f25[payload->]?%||9,535
2025-08-02T05:05:10.421 0100|01|00|18|e601fe|34310102c81024a00084ffffffffffffffffffffffff163b[payload->]...$................;||15,126
2025-08-02T05:31:27.852 0100|00|00|05|fa0001|3431013fa5[payload->]?.||42,303
2025-08-02T05:31:27.953 0100|01|00|18|e601fe|34310102c81024a00084fffffffffffffffffff7ffff163b[payload->]...$................;||15,126
2025-08-02T05:35:10.299 0100|00|00|05|fa0001|3431013fa5[payload->]?.||42,303
2025-08-02T05:35:10.501 0100|01|00|18|e601fe|34310102c81024a00084ffffffffffffffffffffffff163b[payload->]...$................;||15,126
2025-08-02T06:05:12.478 0100|00|00|05|fa0001|3431013fa5[payload->]?.||42,303
2025-08-02T06:05:12.579 0100|01|00|18|e601fe|34310102c81024a00084ffffffffffffffffffffffff163b[payload->]...$................;||15,126
2025-08-02T06:35:11.262 0100|00|00|05|fa0001|3431013fa5[payload->]?.||42,303
2025-08-02T06:35:11.363 0100|01|00|18|e601fe|34310102c81024a00084ffffffffffffffffffffffff163b[payload->]...$................;||15,126
2025-08-02T07:05:11.289 0100|00|00|05|fa0001|3431013fa5[payload->]?.||42,303
2025-08-02T07:05:11.390 0100|01|00|18|e601fe|34310102c81024a00084ffffffffffffffffffffffff163b[payload->]...$................;||15,126
2025-08-02T07:35:11.296 0100|00|00|05|fa0001|3431013fa5[payload->]?.||42,303
2025-08-02T07:35:11.397 0100|01|00|18|e601fe|34310102c81024a00084ffffffffffffffffffffffff163b[payload->]...$................;||15,126
2025-08-02T08:02:57.946 0100|00|00|05|fa0001|343101ffa2[payload->]..||41,727
2025-08-02T08:05:12.174 0100|00|00|05|fa0001|3431013fa5[payload->]?.||42,303
2025-08-02T08:05:12.375 0100|01|00|18|e601fe|34310102c81024a00084ffffffffffffffffffffffff163b[payload->]...$................;||15,126
2025-08-02T08:35:12.166 0100|00|00|05|fa0001|3431013fa5[payload->]?.||42,303
2025-08-02T08:35:12.368 0100|01|00|18|e601fe|34310102c81024a00084ffffffffffffffffffffffff163b[payload->]...$................;||15,126
2025-08-02T09:05:12.226 0100|00|00|05|fa0001|3431013fa5[payload->]?.||42,303
2025-08-02T09:05:12.327 0100|01|00|18|e601fe|34310102c81024a00084ffffffffffffffffffffffff163b[payload->]...$................;||15,126
2025-08-02T09:35:12.264 0100|00|00|05|fa0001|3431013fa5[payload->]?.||42,303
2025-08-02T09:35:12.365 0100|01|00|18|e601fe|34310102c81024a00084ffffffffffffffffffffffff163b[payload->]...$................;||15,126
2025-08-02T10:05:13.097 0100|00|00|05|fa0001|3431013fa5[payload->]?.||42,303
2025-08-02T10:05:13.198 0100|01|00|18|e601fe|34310102c81024a00084ffffffffffffffffffffffff163b[payload->]...$................;||15,126
2025-08-02T10:35:13.120 0100|00|00|05|fa0001|3431013fa5[payload->]?.||42,303
2025-08-02T10:35:13.221 0100|01|00|18|e601fe|34310102c81024a00084ffffffffffffffffffffffff163b[payload->]...$................;||15,126
2025-08-02T11:05:13.930 0100|00|00|05|fa0001|3431013fa5[payload->]?.||42,303
2025-08-02T11:05:14.132 0100|01|00|18|e601fe|34310102c81024a00084ffffffffffffffffffffffff163b[payload->]...$................;||15,126
2025-08-02T11:31:27.891 0100|00|00|05|fa0001|3431013fa5[payload->]?.||42,303
2025-08-02T11:35:13.994 0100|00|00|05|fa0001|3431013fa5[payload->]?.||42,303
2025-08-02T11:35:14.095 0100|01|00|18|e601fe|34310102c81024a00084ffffffffffffffffffffffff163b[payload->]...$................;||15,126
2025-08-02T12:05:16.776 0100|00|00|05|fa0001|3431013fa5[payload->]?.||42,303
2025-08-02T12:35:17.213 0100|00|00|05|fa0001|3431013fa5[payload->]?.||42,303
2025-08-02T12:35:17.315 0100|01|00|18|e601fe|34310102c81024a00084fffffffff7ffffffffffffff163b[payload->]...$................;||15,126
2025-08-02T13:05:18.349 0100|00|00|05|fa0001|3431013fa5[payload->]?.||42,303
2025-08-02T13:05:18.451 0100|01|00|18|e601fe|34310102c81024a00084ffffffffffffffffffffffff163b[payload->]...$................;||15,126
2025-08-02T13:35:20.379 0100|00|00|05|fa0001|3431013fa5[payload->]?.||42,303
2025-08-02T13:35:20.480 0100|01|00|18|e601fe|34310102c81024a00084ffffffffffffffffffffffff163b[payload->]...$................;||15,126
2025-08-02T14:05:20.304 0100|00|00|05|fa0001|3431013fa5[payload->]?.||42,303
2025-08-02T14:05:20.505 0100|01|00|18|e601fe|34310102c81024a00084ffffffffffffffffffffffff163b[payload->]...$................;||15,126
2025-08-02T14:35:20.772 0100|00|00|05|fa0001|3431013fa5[payload->]?.||42,303
2025-08-02T14:35:20.974 0100|01|00|18|e601fe|34310102c81024a00084ffffffffffffffffffffffff163b[payload->]...$................;||15,126
2025-08-02T15:05:21.373 0100|00|00|05|fa0001|3431013fa5[payload->]?.||42,303
2025-08-02T15:05:21.575 0100|01|00|18|e601fe|34310102c81024a00084ffffffffffffffffffffffff163b[payload->]...$................;||15,126
2025-08-02T15:31:27.771 0100|00|00|05|fa0001|3431013fa5[payload->]?.||42,303
2025-08-02T15:35:20.417 0100|00|00|05|fa0001|3431013fa5[payload->]?.||42,303
2025-08-02T15:35:20.619 0100|01|00|18|e601fe|34310102c81024a00084ffffffffffffffffffffffff163b[payload->]...$................;||15,126
2025-08-02T16:05:20.335 0100|00|00|05|fa0001|3431013fa5[payload->]?.||42,303
2025-08-02T16:05:20.436 0100|01|00|18|e601fe|34310102c81024a00084ffffffffffffffffffffffff163b[payload->]...$................;||15,126
2025-08-02T16:35:20.601 0100|00|00|05|fa0001|3431013fa5[payload->]?.||42,303
2025-08-02T16:35:20.703 0100|01|00|18|e601fe|34310102c81024a00084ffffffffffffffffffffffff163b[payload->]...$................;||15,126
2025-08-02T17:05:20.345 0100|00|00|05|fa0001|3431013fa5[payload->]?.||42,303
2025-08-02T17:05:20.447 0100|01|00|18|e601fe|34310102c81024a00084ffffffffffffffffffffffff163b[payload->]...$................;||15,126
2025-08-02T17:35:20.329 0100|00|00|05|fa0001|3431013fa5[payload->]?.||42,303
2025-08-02T17:35:20.531 0100|01|00|18|e601fe|34310102c81024a00084ffffffffffffffffffffffff163b[payload->]...$................;||15,126
2025-08-02T18:05:20.433 0100|00|00|05|fa0001|3431013fa5[payload->]?.||42,303
2025-08-02T18:05:20.535 0100|01|00|18|e601fe|34310102c81024a00084ffffffffffffffffffffffff163b[payload->]...$................;||15,126
2025-08-02T18:31:27.823 0100|00|00|05|fa0001|3431013fa5[payload->]?.||42,303
2025-08-02T18:31:27.924 0100|01|00|18|e601fe|34310102c81024a00084ffffffffffffffffffffffff163b[payload->]...$................;||15,126
2025-08-02T18:35:20.539 0100|00|00|05|fa0001|3431013fa5[payload->]?.||42,303
2025-08-02T18:35:20.640 0100|01|00|18|e601fe|34310102c81024a00084ffffffffffffffffffffffff163b[payload->]...$................;||15,126
2025-08-02T19:05:20.805 0100|00|00|05|fa0001|3431013fa5[payload->]?.||42,303
2025-08-02T19:05:21.007 0100|01|00|18|e601fe|34310102c81024a00084ffffffffffffffffffffffff163b[payload->]...$................;||15,126
2025-08-02T19:35:21.437 0100|00|00|05|fa0001|3431013fa5[payload->]?.||42,303
2025-08-02T19:35:21.639 0100|01|00|18|e601fe|34310102c81024a00084ffffffffffffffffffffffff163b[payload->]...$................;||15,126
2025-08-02T20:05:21.949 0100|00|00|05|fa0001|3431013fa5[payload->]?.||42,303
2025-08-02T20:05:22.252 0100|01|00|18|e601fe|34310102c81024a00084ffffffffffffffffffffffff163b[payload->]...$................;||15,126
2025-08-02T20:35:24.785 0100|00|00|05|fa0001|3431013fa5[payload->]?.||42,303
2025-08-02T20:35:24.987 0100|01|00|18|e601fe|34310102c81024a00084ffffffffffffffffffffffff163b[payload->]...$................;||15,126
2025-08-02T21:05:23.559 0100|00|00|05|fa0001|3431013fa5[payload->]?.||42,303
2025-08-02T21:05:23.660 0100|01|00|18|e601fe|34310102c81224a0008cffffffffffffffffffffffff163b[payload->]...$................;||15,126
2025-08-02T21:35:23.502 0100|00|00|05|fa0001|3431013fa5[payload->]?.||42,303
2025-08-02T21:35:23.704 0100|01|00|18|e601fe|34310102c81024a00084ffffffffffffffffffffffff163b[payload->]...$................;||15,126
2025-08-02T22:05:23.505 0100|00|00|05|fa0001|3431013fa5[payload->]?.||42,303
2025-08-02T22:05:23.707 0100|01|00|18|e601fe|34310102c81024a00084ffffffffffffffffffffffff163b[payload->]...$................;||15,126
2025-08-02T22:35:23.490 0100|00|00|05|fa0001|3431013fa5[payload->]?.||42,303
2025-08-02T22:35:23.692 0100|01|00|18|e601fe|34310102c81024a00084ffffffffffffffffffffffff163b[payload->]...$................;||15,126
2025-08-02T23:05:23.763 0100|01|00|18|e601fe|34310102c81024a00084ffffffffffffffffffffffff163b[payload->]...$................;||15,126
2025-08-02T23:34:37.118 0100|01|00|18|e601fe|34310102c81024a00084ffffffffffffffffffffffff927e[payload->]...$................~||32,402
2025-08-02T23:35:24.388 0100|00|00|05|fa0001|3431013fa5[payload->]?.||42,303
2025-08-02T23:35:24.590 0100|01|00|18|e601fe|34310102c81024a00084ffffffffffffffffffffffff163b[payload->]...$................;||15,126
2025-08-03T00:05:24.279 0100|00|00|05|fa0001|3431013fa5[payload->]?.||42,303
2025-08-03T00:05:24.581 0100|01|00|18|e601fe|34310102c81024a00084ffffffffffffffffffffffff163b[payload->]...$................;||15,126
2025-08-03T00:31:29.559 0100|01|00|18|e601fe|34310104c81024a00084ffffffffffffffffffffffff163b[payload->]...$................;||15,126
2025-08-03T00:35:24.481 0100|00|00|05|fa0001|3431013fa5[payload->]?.||42,303
2025-08-03T00:35:24.683 0100|01|00|18|e601fe|34310102c81024a00084ffffffffffffffffffffffff163b[payload->]...$................;||15,126
2025-08-03T01:05:27.514 0100|00|00|05|fa0001|3431013fa5[payload->]?.||42,303
2025-08-03T01:05:27.716 0100|01|00|18|e601fe|34310102c81024a00084ffffffffffffffffffffffff163b[payload->]...$................;||15,126
2025-08-03T01:35:28.448 0100|00|00|05|fa0001|3431013fa5[payload->]?.||42,303
2025-08-03T01:35:28.650 0100|01|00|18|e601fe|34310102c81024a00084ffffffffffffffffffffffff163b[payload->]...$................;||15,126
2025-08-03T02:05:28.451 0100|00|00|05|fa0001|3431013fa5[payload->]?.||42,303
2025-08-03T02:05:28.552 0100|01|00|18|e601fe|34310102c81024a00084ffffffffffffffffffffffff163b[payload->]...$................;||15,126
2025-08-03T02:35:29.495 0100|00|00|05|fa0001|3431013fa5[payload->]?.||42,303
2025-08-03T03:05:29.213 0100|00|00|05|fa0001|3431013fa5[payload->]?.||42,303
2025-08-03T03:05:29.414 0100|01|00|18|e601fe|34310102c81024a00084ffffffffffffffffffffffff163b[payload->]...$................;||15,126
2025-08-03T03:35:29.185 0100|00|00|05|fa0001|3431013fa5[payload->]?.||42,303
2025-08-03T03:35:29.387 0100|01|00|18|e601fe|34310102c81024a00084ffffffffffffffffffffffff163b[payload->]...$................;||15,126
2025-08-03T04:05:29.269 0100|00|00|05|fa0001|3431013fa5[payload->]?.||42,303
2025-08-03T04:35:29.237 0100|00|00|05|fa0001|3431013fa5[payload->]?.||42,303
2025-08-03T04:35:29.439 0100|01|00|18|e601fe|34310102c81024a00084fffffffffffffbffffffffff163b[payload->]...$................;||15,126
2025-08-03T05:05:31.059 0100|00|00|05|fa0001|3431013fa5[payload->]?.||42,303
2025-08-03T05:05:31.261 0100|01|00|18|e601fe|34310102c81024a00084ffffffffffffffffffffffff163b[payload->]...$................;||15,126
2025-08-03T05:35:29.170 0100|00|00|05|fa0001|3431013fa5[payload->]?.||42,303
2025-08-03T05:35:29.372 0100|01|00|18|e601fe|34310102c81024a00084ffffffffffffffffffffffff163b[payload->]...$................;||15,126
2025-08-03T06:05:29.188 0100|00|00|05|fa0001|3431013fa5[payload->]?.||42,303
2025-08-03T06:05:29.390 0100|01|00|18|e601fe|34310102c81024a00084ffffffffffffffffffffffff163b[payload->]...$................;||15,126
2025-08-03T06:35:29.287 0100|00|00|05|fa0001|3431013fa5[payload->]?.||42,303
2025-08-03T06:35:29.388 0100|01|00|18|e601fe|34310102c81024a00084ffffffffffffffffffffffff163b[payload->]...$................;||15,126
2025-08-03T07:05:29.179 0100|00|00|05|fa0001|3431013fa5[payload->]?.||42,303
2025-08-03T07:05:29.380 0100|01|00|18|e601fe|34310102c81024a00084ffffffffffffffffffffffff163b[payload->]...$................;||15,126
2025-08-03T07:35:30.499 0100|00|00|05|fa0001|3431013fa5[payload->]?.||42,303
2025-08-03T07:35:30.702 0100|01|00|18|e601fe|34310102c81024a00084fffeffffffffffffffffffff163b[payload->]...$................;||15,126
2025-08-03T08:05:30.417 0100|00|00|05|fa0001|3431013fa5[payload->]?.||42,303
2025-08-03T08:05:30.619 0100|01|00|18|e601fe|34310102c81024a00084ffffffffffffffffffffffff163b[payload->]...$................;||15,126
2025-08-03T08:31:27.866 0100|00|00|05|fa0001|3431013fa5[payload->]?.||42,303
2025-08-03T08:31:28.068 0100|01|00|18|e601fe|34310102c81024a00018e601fe34370102c81024a00084ff[payload->]...$......47....$....||65,412
2025-08-03T08:35:31.332 0100|00|00|05|fa0001|3431013fa5[payload->]?.||42,303
2025-08-03T08:35:31.433 0100|41|00|18|e601fe|34310102c81024a00084ffffffffffffffffffffffff163b[payload->]...$................;||15,126
2025-08-03T09:05:31.698 0100|00|00|05|fa0001|3431013fa5[payload->]?.||42,303
2025-08-03T09:05:31.799 0100|01|00|18|e601fe|34310102c81024a00084ffffffffffffffffffffffff163b[payload->]...$................;||15,126
2025-08-03T09:35:31.207 0100|00|00|05|fa0001|3431013fa5[payload->]?.||42,303
2025-08-03T09:35:31.409 0100|01|00|18|e601fe|34310102c81024a00084ffffffffffffffffffffffff163b[payload->]...$................;||15,126
2025-08-03T10:05:31.143 0100|00|00|05|fa0001|3431013fa5[payload->]?.||42,303
2025-08-03T10:05:31.345 0100|01|00|18|e601fe|34310102c81024a00084ffffffffffffffffffffffff163b[payload->]...$................;||15,126
2025-08-03T10:35:31.097 0100|00|00|05|fa0001|3431013fa5[payload->]?.||42,303
2025-08-03T10:35:31.299 0100|01|00|18|e601fe|34310102c81024a00084ffffffffffffffffffffffff163b[payload->]...$................;||15,126
2025-08-03T11:05:31.972 0100|01|00|18|e601fe|34310102c81024a00084ffffffffffffffffffffffff163b[payload->]...$................;||15,126
2025-08-03T11:35:31.138 0100|00|00|05|fa0001|3431013fa5[payload->]?.||42,303
2025-08-03T11:35:31.340 0100|01|00|18|e601fe|34310102c81024a00084ffffffffffffffffffffffff163b[payload->]...$................;||15,126
2025-08-03T12:05:32.077 0100|00|00|05|fa0001|3431013fa5[payload->]?.||42,303
2025-08-03T12:35:32.129 0100|00|00|05|fa0001|3431013fa5[payload->]?.||42,303
2025-08-03T12:35:32.230 0100|01|00|18|e601fe|34310102c81024a00084ffffffffffffffffffffffff163b[payload->]...$................;||15,126
2025-08-03T13:05:32.063 0100|00|00|05|fa0001|3431013fa5[payload->]?.||42,303
2025-08-03T13:05:32.265 0100|01|00|18|e601fe|34310102c81024a00084ffffffffffdfffffffffffff163b[payload->]...$................;||15,126
2025-08-03T13:35:32.091 0100|00|00|05|fa0001|3431013fa5[payload->]?.||42,303
2025-08-03T13:35:32.293 0100|01|00|18|e601fe|34310102c81024a00084ffffffffffffffffffffffff163b[payload->]...$................;||15,126
2025-08-03T14:05:32.080 0100|00|00|05|fa0001|3431013fa5[payload->]?.||42,303
2025-08-03T14:05:32.282 0100|01|00|18|e601fe|34310102c81024a00084ffffffffffffffffffffffff163b[payload->]...$................;||15,126
2025-08-03T14:35:32.150 0100|00|00|05|fa0001|3431013fa5[payload->]?.||42,303
2025-08-03T14:35:32.251 0100|01|00|18|e601fe|34310102c81024a00084ffffffffffffffffffffffff163b[payload->]...$................;||15,126
2025-08-03T15:05:32.124 0100|00|00|05|fa0001|3431013fa5[payload->]?.||42,303
2025-08-03T15:05:32.225 0100|01|00|18|e601fe|34310102c81024a00084ffffffffffffffffffffffff163b[payload->]...$................;||15,126
2025-08-03T15:35:32.053 0100|00|00|05|fa0001|3431013fa5[payload->]?.||42,303
2025-08-03T16:05:32.163 0100|00|00|05|fa0001|3431013fa5[payload->]?.||42,303
2025-08-03T16:05:32.264 0100|01|00|18|e601fe|34310102c81024a00084ffffffffffffffffffffffff163b[payload->]...$................;||15,126
2025-08-03T16:35:33.980 0100|00|00|05|fa0001|3431013fa5[payload->]?.||42,303
2025-08-03T16:35:34.081 0100|01|00|18|e601fe|34310102c81024a00084ffffffffffffffffffffffff163b[payload->]...$................;||15,126
2025-08-03T17:05:34.827 0100|00|00|05|fa0001|3431013fa5[payload->]?.||42,303
2025-08-03T17:05:34.928 0100|01|00|18|e601fe|34310102c81024a00084ffffffffffffffffffffffff163b[payload->]...$................;||15,126
2025-08-03T17:31:28.426 0100|00|00|05|fa0001|3431013fa5[payload->]?.||42,303
2025-08-03T17:31:28.628 0100|01|00|18|e601fe|34310102c81024a00084ffffffffffffff1024a00084ffff[payload->]...$...........$.....||65,535
2025-08-03T17:35:33.979 0100|00|00|05|fa0001|3431013fa5[payload->]?.||42,303
2025-08-03T17:35:34.081 0100|01|00|18|e601fe|34310102c81024a00084ffffffffffffffffffffffff163b[payload->]...$................;||15,126
2025-08-03T18:05:35.282 0100|00|00|05|fa0001|3431013fa5[payload->]?.||42,303
2025-08-03T18:05:35.383 0100|4b|00|18|e601fe|34310102c81024a00084ffffffffffffffffffffffff163b[payload->]...$................;||15,126
