2025-07-30T20:31:28.268 0100|00|00|05|fa0001|340d03fe35[payload->].5||13,822
2025-07-30T20:31:28.370 0100|01|00|0f|ef01fe|340d03506f7a6120646f6d656d47be[payload->]Poza domemG.||48,711
2025-07-30T20:33:10.194 0100|00|00|05|fa0001|340d03fe35[payload->].5||13,822
2025-07-30T20:33:10.295 0100|01|00|0f|ef01fe|340d03506f7a6120646f6d656d47be[payload->]Poza domemG.||48,711
2025-07-30T21:03:09.985 0100|00|00|05|fa0001|340d03fe35[payload->].5||13,822
2025-07-30T21:03:10.086 0100|01|00|0f|ef01fe|340d03506f7a6120646f6d656d47be[payload->]Poza domemG.||48,711
2025-07-30T21:31:28.648 0100|00|00|05|fa0001|340d03fe35[payload->].5||13,822
2025-07-30T21:31:28.749 0100|01|00|0f|ef01fe|340d03506f7a6120646f6d656d47be[payload->]Poza domemG.||48,711
2025-07-30T21:33:09.977 0100|00|00|05|fa0001|340d03fe35[payload->].5||13,822
2025-07-30T21:33:10.078 0100|01|00|0f|ef01fe|340d03506f7a6120646f6d656d47be[payload->]Poza domemG.||48,711
2025-07-30T22:03:09.977 0100|00|00|05|fa0001|340d03fe35[payload->].5||13,822
2025-07-30T22:03:10.078 0100|01|00|0f|ef01fe|340d03506f7a6120646f6d656d47be[payload->]Poza domemG.||48,711
2025-07-30T22:31:28.042 0100|00|00|05|fa0001|340d03fe35[payload->].5||13,822
2025-07-30T22:31:28.244 0100|41|00|0f|ef01fe|340d03506f7a6120646f6d656d47be[payload->]Poza domemG.||48,711
2025-07-30T22:33:10.037 0100|00|00|05|fa0001|340d03fe35[payload->].5||13,822
2025-07-30T22:33:10.138 0100|01|00|0f|ef01fe|340d03506f7a6120646f6d656d47be[payload->]Poza domemG.||48,711
2025-07-30T23:03:09.952 0100|00|00|05|fa0001|340d03fe35[payload->].5||13,822
2025-07-30T23:03:10.053 0100|01|00|0f|ef01fe|340d03506f7a6120646f6d656d47be[payload->]Poza domemG.||48,711
2025-07-30T23:31:27.844 0100|00|00|05|fa0001|340d03fe35[payload->].5||13,822
2025-07-30T23:31:27.945 0100|01|00|0f|ef01fe|340d03506f7a6120646f6d656d47be[payload->]Poza domemG.||48,711
2025-07-30T23:33:11.236 0100|00|00|05|fa0001|340d03fe35[payload->].5||13,822
2025-07-30T23:33:11.338 0100|01|00|0f|ef01fe|340d03506f7a6120646f6d656d47be[payload->]Poza domemG.||48,711
2025-07-31T00:03:10.129 0100|00|00|05|fa0001|340d03fe35[payload->].5||13,822
2025-07-31T00:03:10.230 0100|01|00|0f|ef01fe|340d03506f7a6120646f6d656d47be[payload->]Poza domemG.||48,711
2025-07-31T00:33:09.941 0100|00|00|05|fa0001|340d03fe35[payload->].5||13,822
2025-07-31T00:33:10.042 0100|01|00|0f|ef01fe|340d03506f7a6120646f6d656d47be[payload->]Poza domemG.||48,711
2025-07-31T01:03:10.034 0100|00|00|05|fa0001|340d03fe35[payload->].5||13,822
2025-07-31T01:03:10.135 0100|01|00|0f|ef01fe|340d03506f7a6120646f6d656d47be[payload->]Poza domemG.||48,711
2025-07-31T01:33:09.925 0100|00|00|05|fa0001|340d03fe35[payload->].5||13,822
2025-07-31T01:33:10.026 0100|01|00|0f|ef01fe|340d03506f7a6120646f6d656d47be[payload->]Poza domemG.||48,711
2025-07-31T02:03:10.039 0100|00|00|05|fa0001|340d03fe35[payload->].5||13,822
2025-07-31T02:03:10.140 0100|01|00|0f|ef01fe|340d03506f7a6120646f6d656d47be[payload->]Poza domemG.||48,711
2025-07-31T02:33:11.467 0100|00|00|05|fa0001|340d03fe35[payload->].5||13,822
2025-07-31T02:33:11.568 0100|01|00|0f|ef01fe|340d03506f7a6120646f6d656d47be[payload->]Poza domemG.||48,711
2025-07-31T03:03:11.564 0100|00|00|05|fa0001|340d03fe35[payload->].5||13,822
2025-07-31T03:03:11.665 0100|01|00|0f|ef01fe|340d03506f7a6120646f6d656d47be[payload->]Poza domemG.||48,711
2025-07-31T03:33:11.438 0100|00|00|05|fa0001|340d03fe35[payload->].5||13,822
2025-07-31T03:33:11.539 0100|01|00|0f|ef01fe|340d03506f7a6120646f6d656d47be[payload->]Poza domemG.||48,711
2025-07-31T04:03:11.521 0100|00|00|05|fa0001|340d03fe35[payload->].5||13,822
2025-07-31T04:03:11.623 0100|01|00|0f|ef01fe|340d03506f7a6120646f6d656d47be[payload->]Poza domemG.||48,711
2025-07-31T04:33:11.475 0100|00|00|05|fa0001|340d03fe35[payload->].5||13,822
2025-07-31T04:33:11.576 0100|01|00|0f|ef01fe|340d03546f7a6120646f6d656d47be[payload->]Toza domemG.||48,711
2025-07-31T05:03:12.464 0100|00|00|05|fa0001|340d03fe35[payload->].5||13,822
2025-07-31T05:03:12.566 0100|01|00|0f|ef01fe|340d03506f7a6120646f6d656d47be[payload->]Poza domemG.||48,711
2025-07-31T05:31:27.902 0100|00|00|05|fa0001|340d03fe35[payload->].5||13,822
2025-07-31T05:31:28.002 0100|01|00|0f|ef01fe|340d03506f7a6120646f6d656d47be[payload->]Poza domemG.||48,711
2025-07-31T05:33:12.505 0100|00|00|05|fa0001|340d03fe35[payload->].5||13,822
2025-07-31T05:33:12.606 0100|01|00|0f|ef01fe|340d03506f7a6120646f6d656d47be[payload->]Poza domemG.||48,711
2025-07-31T06:03:12.499 0100|00|00|05|fa0001|340d03fe35[payload->].5||13,822
2025-07-31T06:03:12.599 0100|01|00|0f|ef01fe|340d03506f7a6120646f6d656d47be[payload->]Poza domemG.||48,711
2025-07-31T06:31:27.416 0100|00|00|05|fa0001|340d03fe35[payload->].5||13,822
2025-07-31T06:31:27.518 0100|01|00|0f|ef01fe|340d03506f7a6120646f6d656d47be[payload->]Poza domemG.||48,711
2025-07-31T06:33:11.634 0100|01|00|0f|ef01fe|340d034e6f6300000000000000e374[payload->]Noc........t||29,923
2025-07-31T06:33:12.542 0100|00|00|05|fa0001|340d03fe35[payload->].5||13,822
2025-07-31T06:33:12.643 0100|01|00|0f|ef01fe|340d03506f7a6120646f6d656d47be[payload->]Poza domemG.||48,711
2025-07-31T07:03:12.496 0100|00|00|05|fa0001|340d03fe35[payload->].5||13,822
2025-07-31T07:03:12.597 0100|01|00|0f|ef01fe|340d03506f7a6120646f6d656d47be[payload->]Poza domemG.||48,711
2025-07-31T07:33:12.481 0100|00|00|05|fa0001|340d03fe35[payload->].5||13,822
2025-07-31T07:33:12.583 0100|01|00|0f|ef01fe|340d03506f7a6120646f6d656d47be[payload->]Poza domemG.||48,711
2025-07-31T08:03:12.510 0100|00|00|05|fa0001|340d03fe35[payload->].5||13,822
2025-07-31T08:03:12.611 0100|01|00|0f|ef01fe|340d03506f7a6120646f6d656d47be[payload->]Poza domemG.||48,711
2025-07-31T08:33:12.475 0100|00|00|05|fa0001|340d03fe35[payload->].5||13,822
2025-07-31T08:33:12.576 0100|01|00|0f|ef01fe|340d03506f7a6120646f6d656d47be[payload->]Poza domemG.||48,711
2025-07-31T09:03:12.505 0100|00|00|05|fa0001|340d03fe35[payload->].5||13,822
2025-07-31T09:03:12.606 0100|01|00|0f|ef01fe|340d03506f7a6120646f6d656d47be[payload->]Poza domemG.||48,711
2025-07-31T09:33:12.684 0100|00|00|05|fa0001|340d03fe35[payload->].5||13,822
2025-07-31T09:33:12.785 0100|01|00|0f|ef01fe|340d03506f7a6120646f6d656d47be[payload->]Poza domemG.||48,711
2025-07-31T10:03:12.617 0100|00|00|05|fa0001|340d03fe35[payload->].5||13,822
2025-07-31T10:03:12.718 0100|01|00|0e|ef01fe|340d03506f7a6120646f6d656d47[payload->]Poza domemG||18,285
2025-07-31T10:33:12.488 0100|00|00|05|fa0001|340d03fe35[payload->].5||13,822
2025-07-31T10:33:12.589 0100|01|00|0f|ef01fe|340d03506f7a6120646f6d656d47be[payload->]Poza domemG.||48,711
2025-07-31T11:03:12.465 0100|00|00|05|fa0001|340d03fe35[payload->].5||13,822
2025-07-31T11:03:12.566 0100|01|00|0f|ef01fe|340d03506f7a6120646f6d656d47be[payload->]Poza domemG.||48,711
2025-07-31T11:33:12.445 0100|00|00|05|fa0001|340d03fe35[payload->].5||13,822
2025-07-31T11:33:12.546 0100|01|00|0f|ef01fe|340d03506f7a6120646f6d656d47be[payload->]Poza domemG.||48,711
2025-07-31T12:03:12.634 0100|00|00|05|fa0001|340d03fe35[payload->].5||13,822
2025-07-31T12:03:12.735 0100|01|00|0f|ef01fe|340d03506f7a6120646f6d656d47be[payload->]Poza domemG.||48,711
2025-07-31T12:31:31.325 0100|00|00|05|fa0001|340d03fe35[payload->].5||13,822
2025-07-31T12:31:31.426 0100|01|00|0f|ef01fe|340d03506f7a6120646f6d656d47be[payload->]Poza domemG.||48,711
2025-07-31T12:33:12.464 0100|00|00|05|fa0001|340d03fe35[payload->].5||13,822
2025-07-31T12:33:12.565 0100|01|00|0f|ef01fe|340d03506f7a6120646f6d656d47be[payload->]Poza domemG.||48,711
2025-07-31T13:03:12.487 0100|00|00|05|fa0001|340d03fe35[payload->].5||13,822
2025-07-31T13:03:12.689 0100|01|00|0f|ef01fe|340d03506f7a6120646f6d656d47be[payload->]Poza domemG.||48,711
2025-07-31T13:33:12.455 0100|00|00|05|fa0001|340d03fe35[payload->].5||13,822
2025-07-31T13:33:12.657 0100|01|00|0f|ef01fe|340d03506f7a6120646f6d656d47be[payload->]Poza domemG.||48,711
2025-07-31T14:03:12.481 0100|00|00|05|fa0001|340d03fe35[payload->].5||13,822
2025-07-31T14:03:13.185 0100|01|00|0f|ef01fe|340d03506f7a6120646f6d656d47be[payload->]Poza domemG.||48,711
2025-07-31T14:33:13.864 0100|00|00|05|fa0001|340d03fe35[payload->].5||13,822
2025-07-31T14:33:13.966 0100|01|00|0f|ef01fe|340d03506f7a6120646f6d656d47be[payload->]Poza domemG.||48,711
2025-07-31T15:03:12.496 0100|00|00|05|fa0001|340d03fe35[payload->].5||13,822
2025-07-31T15:03:12.597 0100|01|00|0f|ef01fe|340d03506f7a6120646f6d656d47be[payload->]Poza domemG.||48,711
2025-07-31T15:33:14.412 0100|00|00|05|fa0001|340d03fe35[payload->].5||13,822
2025-07-31T15:33:14.514 0100|01|00|0f|ef01fe|340d03506f7a6120646f6d656d47be[payload->]Poza domemG.||48,711
2025-07-31T16:03:14.418 0100|00|00|05|fa0001|340d03fe35[payload->].5||13,822
2025-07-31T16:03:14.620 0100|01|00|0f|ef01fe|340d03506f7a6120646f6d656d47be[payload->]Poza domemG.||48,711
2025-07-31T16:33:14.291 0100|00|00|05|fa0001|340d03fe35[payload->].5||13,822
2025-07-31T16:33:14.392 0100|01|00|0f|ef01fe|340d03506f7a6120646f6d656d47be[payload->]Poza domemG.||48,711
2025-07-31T17:03:14.469 0100|00|00|05|fa0001|340d03fe35[payload->].5||13,822
2025-07-31T17:03:14.570 0100|01|00|0f|ef01fe|340d03506f7a6120646f6d656d47be[payload->]Poza domemG.||48,711
2025-07-31T17:31:27.598 0100|00|00|05|fa0001|340d03fe35[payload->].5||13,822
2025-07-31T17:31:27.699 0100|01|00|0f|ef01fe|340d03506f7a6120646f6d656d47be[payload->]Poza domemG.||48,711
2025-07-31T17:33:14.358 0100|00|00|05|fa0001|340d03fe35[payload->].5||13,822
2025-07-31T17:33:14.459 0100|01|00|0f|ef01fe|340d03506f7a6120646f6d656d47be[payload->]Poza domemG.||48,711
2025-07-31T18:03:14.454 0100|00|00|05|fa0001|340d03fe35[payload->].5||13,822
2025-07-31T18:03:14.556 0100|01|00|0f|ef01fe|340d03506f7a6120646f6d656d47be[payload->]Poza domemG.||48,711
2025-07-31T18:33:14.436 0100|00|00|05|fa0001|340d03fe35[payload->].5||13,822
2025-07-31T18:33:14.638 0100|01|00|0f|ef01fe|340d03506f7a6120646f6d656d47be[payload->]Poza domemG.||48,711
2025-07-31T19:03:16.548 0100|00|00|05|fa0001|340d03fe35[payload->].5||13,822
2025-07-31T19:03:16.650 0100|01|00|0f|ef01fe|340d03506f7a6120646f6d656d47be[payload->]Poza domemG.||48,711
2025-07-31T19:31:27.772 0100|01|00|0f|ef01fe|340d03506f7a6120646f6d656d47be[payload->]Poza domemG.||48,711
2025-07-31T19:33:16.006 0100|00|00|05|fa0001|340d03fe35[payload->].5||13,822
2025-07-31T19:33:16.107 0100|01|00|0f|ef01fe|340d03506f7a6120646f6d656d47be[payload->]Poza domemG.||48,711
2025-07-31T20:03:15.260 0100|00|00|05|fa0001|340d03fe35[payload->].5||13,822
2025-07-31T20:03:15.361 0100|01|00|0f|ef01fe|340d03506f7a6120646f6d656d47be[payload->]Poza domemG.||48,711
2025-07-31T21:03:15.488 0100|00|00|05|fa0001|340d03fe35[payload->].5||13,822
2025-07-31T21:03:15.589 0100|01|00|0f|ef01fe|340d03506f7a6120646f6d656d47be[payload->]Poza domemG.||48,711
2025-07-31T21:31:27.863 0100|00|00|05|fa0001|340d03fe35[payload->].5||13,822
2025-07-31T21:31:28.065 0100|01|00|0f|ef01fe|340d03506f7a6120646f6d656d47be[payload->]Poza domemG.||48,711
2025-07-31T21:33:15.294 0100|00|00|05|fa0001|340d03fe35[payload->].5||13,822
2025-07-31T21:33:15.395 0100|01|00|0f|ef01fe|340d03506f7a6120646f6d656d47be[payload->]Poza domemG.||48,711
2025-07-31T22:03:15.540 0100|00|00|05|fa0001|340d03fe35[payload->].5||13,822
2025-07-31T22:03:15.541 0100|01|00|0f|ef01fe|340d03506f7a6120646f6d656d47be[payload->]Poza domemG.||48,711
2025-07-31T22:31:27.913 0100|00|00|05|fa0001|340d03fe35[payload->].5||13,822
2025-07-31T22:31:28.014 0100|01|00|0f|ef01fe|340d03506f7a6120646f6d656d47be[payload->]Poza domemG.||48,711
2025-07-31T22:33:15.337 0100|00|00|05|fa0001|340d03fe35[payload->].5||13,822
2025-07-31T22:33:15.438 0100|01|00|0f|ef01fe|340d03506f7a6120646f6d656d47be[payload->]Poza domemG.||48,711
2025-07-31T23:03:15.153 0100|00|00|05|fa0001|340d03fe35[payload->].5||13,822
2025-07-31T23:03:15.254 0100|01|00|0f|ef01fe|340d03506f7a6120646f6d656d47be[payload->]Poza domemG.||48,711
2025-07-31T23:31:27.327 0100|00|00|05|fa0001|340d03fe35[payload->].5||13,822
2025-07-31T23:31:27.429 0100|01|00|0f|ef01fe|340d03506f7a6120646f6d656d47be[payload->]Poza domemG.||48,711
2025-07-31T23:33:15.174 0100|00|00|05|fa0001|340d03fe35[payload->].5||13,822
2025-07-31T23:33:15.275 0100|01|00|0f|ef01fe|340d03506f7a6120646f6d656d47be[payload->]Poza domemG.||48,711
2025-08-01T00:03:15.468 0100|00|00|05|fa0001|340d03fe35[payload->].5||13,822
2025-08-01T00:03:15.569 0100|01|00|0f|ef01fe|340d03506f7a6120646f6d656d47be[payload->]Poza domemG.||48,711
2025-08-01T00:31:27.383 0100|00|00|05|fa0001|340d03fe35[payload->].5||13,822
2025-08-01T00:31:27.484 0100|01|00|0f|ef01fe|340d03506f7a6120646f6d656d47be[payload->]Poza domemG.||48,711
2025-08-01T00:33:15.160 0100|00|00|05|fa0001|340d03fe35[payload->].5||13,822
2025-08-01T00:33:15.261 0100|01|00|0f|ef01fe|340d03506f7a6120646f6d656d47be[payload->]Poza domemG.||48,711
2025-08-01T01:03:15.148 0100|00|00|05|fa0001|340d03fe35[payload->].5||13,822
2025-08-01T01:03:15.249 0100|01|00|0f|ef01fe|340d03506f7a6120646f6d656d47be[payload->]Poza domemG.||48,711
2025-08-01T01:31:28.822 0100|00|00|05|fa0001|340d03fe35[payload->].5||13,822
2025-08-01T01:31:28.923 0100|01|00|0f|ef01fe|340d03506f7a6120646f6d656d47be[payload->]Poza domemG.||48,711
2025-08-01T01:33:15.183 0100|00|00|05|fa0001|340d03fe35[payload->].5||13,822
2025-08-01T01:33:15.285 0100|01|00|0f|ef01fe|340d03506f7a6120646f6d656d47be[payload->]Poza domemG.||48,711
2025-08-01T02:33:15.233 0100|00|00|05|fa0001|340d03fe35[payload->].5||13,822
2025-08-01T02:33:15.335 0100|01|00|0f|ef01fe|340d03506f7a6120646f6d656d47be[payload->]Poza domemG.||48,711
2025-08-01T03:03:15.216 0100|00|00|05|fa0001|340d03fe35[payload->].5||13,822
2025-08-01T03:03:15.317 0100|01|00|0f|ef01fe|340d03506f7a6120646f6d656d47be[payload->]Poza domemG.||48,711
2025-08-01T03:33:16.312 0100|00|00|05|fa0001|340d03fe35[payload->].5||13,822
2025-08-01T03:33:16.413 0100|01|00|0f|ef01fe|340d0350d018010000b0024d0002b4[payload->]P.......M...||46,082
2025-08-01T04:03:15.176 0100|00|00|05|fa0001|340d03fe35[payload->].5||13,822
2025-08-01T04:03:15.277 0100|01|00|0f|ef01fe|340d03506f7a6120646f6d656d47be[payload->]Poza domemG.||48,711
2025-08-01T04:33:15.187 0100|00|00|05|fa0001|340d03fe35[payload->].5||13,822
2025-08-01T04:33:15.288 0100|01|00|0f|ef01fe|340d03506f7a6120646f6d656d47be[payload->]Poza domemG.||48,711
2025-08-01T05:03:15.156 0100|00|00|05|fa0001|340d03fe35[payload->].5||13,822
2025-08-01T05:03:15.258 0100|01|00|0f|ef01fe|340d03506f7a6120646f6d656d47be[payload->]Poza domemG.||48,711
2025-08-01T05:33:15.153 0100|00|00|05|fa0001|340d03fe35[payload->].5||13,822
2025-08-01T05:33:15.254 0100|01|00|0f|ef01fe|340d03506f7a6120646f6d656d47be[payload->]Poza domemG.||48,711
2025-08-01T06:03:15.109 0100|00|00|05|fa0001|340d03fe35[payload->].5||13,822
2025-08-01T06:03:15.211 0100|01|00|0f|ef01fe|340d03506f7a6120646f6d656d47be[payload->]Poza domemG.||48,711
2025-08-01T06:33:15.139 0100|00|00|05|fa0001|340d03fe35[payload->].5||13,822
2025-08-01T06:33:15.241 0100|01|00|0f|ef01fe|340d03506f7a6120646f6d656d47be[payload->]Poza domemG.||48,711
2025-08-01T07:03:15.171 0100|00|00|05|fa0001|340d03fe35[payload->].5||13,822
2025-08-01T07:03:15.273 0100|01|00|0f|ef01fe|340d03506f7a6120646f6d656d47be[payload->]Poza domemG.||48,711
2025-08-01T07:31:27.065 0100|00|00|05|fa0001|340d03fe35[payload->].5||13,822
2025-08-01T07:31:27.167 0100|01|00|0f|ef01fe|340d03506f7a6120646f6d656d47be[payload->]Poza domemG.||48,711
2025-08-01T07:33:15.186 0100|00|00|05|fa0001|340d03fe35[payload->].5||13,822
2025-08-01T07:33:15.287 0100|01|00|0f|ef01fe|340d03506f7a6120646f6d656d47be[payload->]Poza domemG.||48,711
2025-08-01T08:03:15.113 0100|00|00|05|fa0001|340d03fe35[payload->].5||13,822
2025-08-01T08:03:15.214 0100|01|00|0f|ef01fe|340d03506f7a6120646f6d656d47be[payload->]Poza domemG.||48,711
2025-08-01T08:31:27.881 0100|00|00|05|fa0001|340d03fe35[payload->].5||13,822
2025-08-01T08:31:27.983 0100|01|00|0f|ef01fe|340d030100000005fa00013433015f[payload->]........43._||24,321
2025-08-01T08:33:15.305 0100|00|00|05|fa0001|340d03fe35[payload->].5||13,822
2025-08-01T08:33:15.406 0100|01|00|0f|ef01fe|340d03506f7a6120646f6d656d47be[payload->]Poza domemG.||48,711
2025-08-01T09:03:15.248 0100|00|00|05|fa0001|340d03fe35[payload->].5||13,822
2025-08-01T09:03:15.349 0100|01|00|0f|ef01fe|340d03506f7a6120646f6d656d47be[payload->]Poza domemG.||48,711
2025-08-01T09:33:16.089 0100|00|00|05|fa0001|340d03fe35[payload->].5||13,822
2025-08-01T09:33:16.089 0100|01|00|0f|ef01fe|340d03506f7a6120646f6d656d47be[payload->]Poza domemG.||48,711
2025-08-01T10:03:15.367 0100|00|00|05|fa0001|340d03fe35[payload->].5||13,822
2025-08-01T10:03:15.468 0100|01|00|0f|ef01fe|340d03506f7a6120646f6d656d47be[payload->]Poza domemG.||48,711
2025-08-01T11:03:15.414 0100|00|00|05|fa0001|340d03fe35[payload->].5||13,822
2025-08-01T11:03:15.515 0100|01|00|0f|ef01fe|340d03506f7a6120646f6d656d47be[payload->]Poza domemG.||48,711
2025-08-01T11:31:27.882 0100|00|00|05|fa0001|340d03fe35[payload->].5||13,822
2025-08-01T11:31:27.983 0100|01|00|0f|ef01fe|340d03506f7a6120646f6d656d47be[payload->]Poza domemG.||48,711
2025-08-01T11:33:15.228 0100|00|00|05|fa0001|340d03fe25[payload->].%||9,726
2025-08-01T11:33:15.330 0100|01|00|0f|ef01fe|340d03506f7a6120646f6d656d47be[payload->]Poza domemG.||48,711
2025-08-01T12:03:15.403 0100|00|00|05|fa0001|340d03fe35[payload->].5||13,822
2025-08-01T12:03:15.504 0100|01|00|0f|ef01fe|340d03506f7a6120646f6d656d47be[payload->]Poza domemG.||48,711
2025-08-01T12:33:16.604 0100|00|00|05|fa0001|340d03fe35[payload->].5||13,822
2025-08-01T12:33:16.705 0100|01|00|0f|ef01fe|340d03506f7a6120646f6d656d47be[payload->]Poza domemG.||48,711
2025-08-01T13:31:27.963 0100|00|00|05|fa0001|340d03fe35[payload->].5||13,822
2025-08-01T14:03:16.917 0100|00|00|05|fa0001|340d03fe35[payload->].5||13,822
2025-08-01T14:03:17.018 0100|01|00|0f|ef01fe|340d03506f7a6120646f6d656d47be[payload->]Poza domemG.||48,711
2025-08-01T14:33:17.071 0100|00|00|05|fa0001|340d03fe35[payload->].5||13,822
2025-08-01T14:33:17.172 0100|01|00|0f|ef01fe|340d03506f7a6120646f6d656d47be[payload->]Poza domemG.||48,711
2025-08-01T15:03:17.018 0100|00|00|05|fa0001|340d03fe35[payload->].5||13,822
2025-08-01T15:03:17.119 0100|01|00|0f|ef01fe|340d03506f7a6120646f6d656d47be[payload->]Poza domemG.||48,711
2025-08-01T15:31:27.455 0100|00|00|05|fa0001|340d03fe35[payload->].5||13,822
2025-08-01T15:31:27.556 0100|01|00|0f|ef01fe|340d03506f7a6120646f6d656d47be[payload->]Poza domemG.||48,711
2025-08-01T15:33:16.978 0100|00|00|05|fa0001|340d03fe35[payload->].5||13,822
2025-08-01T15:33:17.080 0100|01|00|0f|ef01fe|340d03506f7a6120646f6d656d47be[payload->]Poza domemG.||48,711
2025-08-01T16:03:17.056 0100|00|00|05|fa0001|340d03fe35[payload->].5||13,822
2025-08-01T16:03:17.157 0100|01|00|0f|ef01fe|340d03506f7a6120646f6d656d47be[payload->]Poza domemG.||48,711
2025-08-01T16:31:27.239 0100|00|00|05|fa0001|340d03fe35[payload->].5||13,822
2025-08-01T16:31:27.340 0100|01|00|0f|ef01fe|340d03506f7a6120646f6d656d47be[payload->]Poza domemG.||48,711
2025-08-01T16:33:17.064 0100|00|00|05|fa0001|340d03fe35[payload->].5||13,822
2025-08-01T16:33:17.166 0100|01|00|0f|ef01fe|340d03506f7a6120646f6d656d47be[payload->]Poza domemG.||48,711
2025-08-01T17:03:17.088 0100|00|00|05|fa0001|340d03fe35[payload->].5||13,822
2025-08-01T17:03:17.189 0100|01|00|0f|ef01fe|340d03506f726120646f6d656d47be[payload->]Pora domemG.||48,711
2025-08-01T17:33:17.034 0100|00|00|05|fa0001|340d03fe35[payload->].5||13,822
2025-08-01T17:33:17.236 0100|01|00|0f|ef01fe|340d03506f7a6120646f6d656d47be[payload->]Poza domemG.||48,711
2025-08-01T18:03:17.044 0100|00|00|05|fa0001|340d03fe35[payload->].5||13,822
2025-08-01T18:03:17.145 0100|01|00|0f|ef01fe|340d03506f7a6120646f6d656d47be[payload->]Poza domemG.||48,711
2025-08-01T18:33:16.992 0100|00|00|05|fa0001|340d03fe35[payload->].5||13,822
2025-08-01T18:33:17.093 0100|01|00|0f|ef01fe|340d03506f7a6120646f6d656d47be[payload->]Poza domemG.||48,711
2025-08-01T19:03:17.098 0100|00|00|05|fa0001|340d03fe35[payload->].5||13,822
2025-08-01T19:03:17.199 0100|01|00|0e|ef01fe|340d03506f7a6120646f6d656d47[payload->]Poza domemG||18,285
2025-08-01T19:31:27.107 0100|00|00|05|fa0001|340d03fe35[payload->].5||13,822
2025-08-01T19:33:17.241 0100|00|00|05|fa0001|340d03fe35[payload->].5||13,822
2025-08-01T19:33:17.342 0100|01|00|0f|ef01fe|340d03506f7a6120646f6d656d47be[payload->]Poza domemG.||48,711
2025-08-01T20:03:18.013 0100|00|00|05|fa0001|340d03fe35[payload->].5||13,822
2025-08-01T20:03:18.114 0100|01|00|0f|ef01fe|340d03506f7a6120646f6d656d47be[payload->]Poza domemG.||48,711
2025-08-01T20:33:18.054 0100|00|00|05|fa0001|340d03fe35[payload->].5||13,822
2025-08-01T20:33:18.155 0100|01|00|0f|ef01fe|340d03506f7a6120646f6d656d47be[payload->]Poza domemG.||48,711
2025-08-01T21:03:18.006 0100|00|00|05|fa0001|340d03fe35[payload->].5||13,822
2025-08-01T21:03:18.108 0100|01|00|0f|ef01fe|340d03506f7a6120646f6d656d47be[payload->]Poza domemG.||48,711
2025-08-01T21:33:18.084 0100|00|00|05|fa0001|340d03fe35[payload->].5||13,822
2025-08-01T21:33:18.185 0100|01|00|0f|ef01fe|340d03506f7a6120646f6d656d47be[payload->]Poza domemG.||48,711
2025-08-01T22:03:19.100 0100|00|00|05|fa0001|340d03fe35[payload->].5||13,822
2025-08-01T22:03:19.201 0100|01|00|0f|ef01fe|340d03506f7a6120646f6d656d47be[payload->]Poza domemG.||48,711
2025-08-01T22:33:19.042 0100|00|00|05|fa0001|340d03fe35[payload->].5||13,822
2025-08-01T22:33:19.143 0100|01|00|0f|ef01fe|340d03506f7a6120646f6d656d47be[payload->]Poza domemG.||48,711
2025-08-01T23:03:19.441 0100|00|00|05|fa0001|340d03fe35[payload->].5||13,822
2025-08-01T23:03:19.542 0100|01|00|0f|ef01fe|340d03506f7a6120646f6d656d47be[payload->]Poza domemG.||48,711
2025-08-01T23:33:19.171 0100|00|00|05|fa0001|340d03fe35[payload->].5||13,822
2025-08-01T23:33:19.273 0100|01|00|0f|ef01fe|340d03506f7a6120646f6d656d47be[payload->]Poza domemG.||48,711
2025-08-02T00:03:19.138 0100|00|00|05|fa0001|340d03fe35[payload->].5||13,822
2025-08-02T00:03:19.239 0100|01|00|0f|ef01fe|340d03506f7a6120646f6d656d47be[payload->]Poza domemG.||48,711
2025-08-02T00:33:19.015 0100|00|00|05|fa0001|340d03fe35[payload->].5||13,822
2025-08-02T01:03:18.973 0100|00|00|05|fa0001|340d03fe35[payload->].5||13,822
2025-08-02T01:33:19.030 0100|00|00|05|fa0001|340d03fe35[payload->].5||13,822
2025-08-02T01:33:19.132 0100|01|00|0f|ef01fe|340d03506f7a6120646f6d656d47be[payload->]Poza domemG.||48,711
2025-08-02T02:03:19.020 0100|00|00|05|fa0001|340d03fe35[payload->].5||13,822
2025-08-02T02:03:19.121 0100|01|00|0f|ef01fe|340d03506f7a6120646f6d656d47be[payload->]Poza domemG.||48,711
2025-08-02T02:33:18.958 0100|00|00|05|fa0001|340d03fe35[payload->].5||13,822
2025-08-02T02:33:19.059 0100|01|00|0f|ef01fe|340d03506f7a6120646f6d656d47be[payload->]Poza domemG.||48,711
2025-08-02T03:03:19.047 0100|00|00|05|fa0001|340d03fe35[payload->].5||13,822
2025-08-02T03:03:19.149 0100|01|00|0f|ef01fe|340d03506f7a6120646f6d656d47be[payload->]Poza domemG.||48,711
2025-08-02T03:33:19.056 0100|00|00|05|fa0001|340d03fe35[payload->].5||13,822
2025-08-02T03:33:19.158 0100|01|00|0f|ef01fe|340d03506f7a6120646f6d656d47be[payload->]Poza domemG.||48,711
2025-08-02T04:03:18.957 0100|00|00|05|fa0001|340d03fe35[payload->].5||13,822
2025-08-02T04:03:19.058 0100|01|00|0f|ef01fe|340d03506f7a6120646f6d656d47be[payload->]Poza domemG.||48,711
2025-08-02T04:31:27.332 0100|00|00|05|fa0001|340d03fe35[payload->].5||13,822
2025-08-02T04:31:27.433 0100|01|00|0f|ef01fe|340d03506f7a6120646f6d656d47be[payload->]Poza domemG.||48,711
2025-08-02T04:33:19.093 0100|00|00|05|fa0001|340d03fe35[payload->].5||13,822
2025-08-02T04:33:19.195 0100|01|00|0f|ef01fe|340d03506f7a6120646f6d656d47be[payload->]Poza domemG.||48,711
2025-08-02T05:03:18.993 0100|00|00|05|fa0001|340d03fe35[payload->].5||13,822
2025-08-02T05:03:19.094 0100|01|00|0f|ef01fe|340d03506f7a6120646f6d656d47be[payload->]Poza domemG.||48,711
2025-08-02T05:33:19.079 0100|00|00|05|fa0001|340d03fe35[payload->].5||13,822
2025-08-02T05:33:19.180 0100|01|00|0f|ef01fe|340d03506f7a6120646f6d656d47be[payload->]Poza domemG.||48,711
2025-08-02T06:03:19.137 0100|00|00|05|fa0001|340d03fe35[payload->].5||13,822
2025-08-02T06:03:19.238 0100|01|00|0f|ef01fe|340d03506f7a6120646f6d656d47be[payload->]Poza domemG.||48,711
2025-08-02T06:33:19.117 0100|00|00|05|fa0001|340d03fe35[payload->].5||13,822
2025-08-02T06:33:19.218 0100|01|00|0f|ef01fe|340d03506f7a6120646f6d656d47be[payload->]Poza domemG.||48,711
2025-08-02T07:03:19.146 0100|00|00|05|fa0001|340d03fe35[payload->].5||13,822
2025-08-02T07:03:19.247 0100|01|00|0f|ef01fe|340d03506f7a6120646f6d656d47be[payload->]Poza domemG.||48,711
2025-08-02T07:33:19.063 0100|01|00|0f|ef01fe|340d03506f7a6120646f6d656d47be[payload->]Poza domemG.||48,711
2025-08-02T08:03:19.027 0100|00|00|05|fa0001|340d03fe35[payload->].5||13,822
2025-08-02T08:03:19.128 0100|01|00|0f|ef01fe|340d03506f7a6120646f6d656d47be[payload->]Poza domemG.||48,711
2025-08-02T08:33:19.032 0100|00|00|05|fa0001|340d03fe35[payload->].5||13,822
2025-08-02T09:03:18.972 0100|00|00|05|fa0001|340d03fe35[payload->].5||13,822
2025-08-02T09:33:19.202 0100|00|00|05|fa0001|340d03fe35[payload->].5||13,822
2025-08-02T09:33:19.303 0100|01|00|0f|ef01fe|340d03506f7a6120646f6d656d47be[payload->]Poza domemG.||48,711
2025-08-02T10:03:19.009 0100|00|00|05|fa0001|340d03fe35[payload->].5||13,822
2025-08-02T10:03:19.110 0100|01|00|0f|ef01fe|340d03506f7a69286c6f6d656d47be[payload->]Pozi(lomemG.||48,711
2025-08-02T10:33:19.032 0100|00|00|05|fa0001|340d03fe35[payload->].5||13,822
2025-08-02T10:33:19.134 0100|01|00|0f|ef01fe|340d03506f7a6120646f6d656d47be[payload->]Poza domemG.||48,711
2025-08-02T11:03:19.558 0100|00|00|05|fa0001|340d03fe35[payload->].5||13,822
2025-08-02T11:03:19.659 0100|01|00|0f|ef01fe|340d03506f7a6120646f6d656d47be[payload->]Poza domemG.||48,711
2025-08-02T11:33:18.995 0100|00|00|05|fa0001|340d03fe35[payload->].5||13,822
2025-08-02T11:33:19.097 0100|01|00|0f|ef01fe|340d03506f7a6120646f6d656d47be[payload->]Poza domemG.||48,711
2025-08-02T12:03:18.970 0100|00|00|05|fa0001|340d03fe35[payload->].5||13,822
2025-08-02T12:03:19.071 0100|01|00|0f|ef01fe|340d03506f7a6120646f6d656d47be[payload->]Poza domemG.||48,711
2025-08-02T12:31:27.517 0100|00|00|05|fa0001|340d03fe35[payload->].5||13,822
2025-08-02T12:33:19.009 0100|00|00|05|fa0001|340d03fe35[payload->].5||13,822
2025-08-02T12:33:19.110 0100|01|00|0f|ef01fe|340d03506f7a6120646f6d656d47be[payload->]Poza domemG.||48,711
2025-08-02T13:03:18.973 0100|00|00|05|fa0001|340d03fe35[payload->].5||13,822
2025-08-02T13:03:19.174 0100|01|00|0f|ef01fe|340d03506f7a6120646f6d656d47be[payload->]Poza domemG.||48,711
2025-08-02T13:31:27.749 0100|01|00|0f|ef01fe|340d03506f7a6120646f6d656d47be[payload->]Poza domemG.||48,711
2025-08-02T13:33:20.507 0100|00|00|05|fa0001|340d03fe35[payload->].5||13,822
2025-08-02T13:33:20.608 0100|01|00|0f|ef01fe|340d03506f7a6120646f6d656d47be[payload->]Poza domemG.||48,711
2025-08-02T14:03:20.617 0100|00|00|05|fa0001|340d03fe35[payload->].5||13,822
2025-08-02T14:03:20.718 0100|01|00|0f|ef01fe|340d03506f7a6120646f6d656d47be[payload->]Poza domemG.||48,711
2025-08-02T14:33:20.480 0100|00|00|05|fa0001|340d03fe35[payload->].5||13,822
2025-08-02T14:33:20.581 0100|01|00|0f|ef01fe|340d03506f7a6120646f6d656d47be[payload->]Poza domemG.||48,711
2025-08-02T15:03:20.710 0100|00|00|05|fa0001|340d03fe35[payload->].5||13,822
2025-08-02T15:03:20.812 0100|01|00|0f|ef01fe|340d03506f7a6120646f6d656d47be[payload->]Poza domemG.||48,711
2025-08-02T15:31:27.467 0100|00|00|05|fa0001|340d03fe35[payload->].5||13,822
2025-08-02T15:31:27.568 0100|01|00|0f|ef01fe|340d03506f7a6120646f6d656d47be[payload->]Poza domemG.||48,711
2025-08-02T15:33:20.664 0100|00|00|05|fa0001|340d03fe35[payload->].5||13,822
2025-08-02T15:33:20.765 0100|01|00|0f|ef01fe|340d03506f7a6120646f6d656d47be[payload->]Poza domemG.||48,711
2025-08-02T16:03:20.811 0100|00|00|05|fa0001|340d03fe35[payload->].5||13,822
2025-08-02T16:03:20.912 0100|01|00|0f|ef01fe|340d03506f7a6120646f6d656d47be[payload->]Poza domemG.||48,711
2025-08-02T16:33:20.453 0100|00|00|05|fa0001|340d03fe35[payload->].5||13,822
2025-08-02T16:33:20.555 0100|01|00|0f|ef01fe|340d03506f7a6120646f6d656d47be[payload->]Poza domemG.||48,711
2025-08-02T17:03:21.518 0100|00|00|05|fa0001|340d03fe35[payload->].5||13,822
2025-08-02T17:03:21.619 0100|01|00|0f|ef01fe|340d03506f7a6120646f6d656d47be[payload->]Poza domemG.||48,711
2025-08-02T17:33:20.489 0100|00|00|05|fa0001|340d03fe35[payload->].5||13,822
2025-08-02T17:33:20.590 0100|01|00|0f|ef01fe|340d03506f7a6120646f6d656d47be[payload->]Poza domemG.||48,711
2025-08-02T18:03:20.506 0100|00|00|05|fa0001|340d03fe35[payload->].5||13,822
2025-08-02T18:03:20.607 0100|01|00|0f|ef01fe|340d03506f7a6120646f6d656d47be[payload->]Poza domemG.||48,711
2025-08-02T18:31:27.417 0100|01|00|0f|ef01fe|340d03506f7a6120646f6d656d47be[payload->]Poza domemG.||48,711
2025-08-02T18:33:20.388 0100|00|00|05|fa0001|340d03fe35[payload->].5||13,822
2025-08-02T18:33:20.489 0100|01|00|0f|ef01fe|340d03506f7a6120646f6d656d47be[payload->]Poza domemG.||48,711
2025-08-02T19:03:20.836 0100|00|00|05|fa0001|340d03fe35[payload->].5||13,822
2025-08-02T19:03:20.938 0100|01|00|0f|ef01fe|340d03506f7a6120646f6d656d47be[payload->]Poza domemG.||48,711
2025-08-02T19:33:20.751 0100|00|00|05|fa0001|340d03fe35[payload->].5||13,822
2025-08-02T19:33:20.752 0100|01|00|0f|ef01fe|340d03506f7a6120646f6d656d47be[payload->]Poza domemG.||48,711
2025-08-02T20:03:21.166 0100|00|00|05|fa0001|340d03fe35[payload->].5||13,822
2025-08-02T20:03:21.267 0100|01|00|0f|ef01fe|340d03506f7a6120646f6d656d47be[payload->]Poza domemG.||48,711
2025-08-02T20:33:21.280 0100|00|00|05|fa0001|340d03fe35[payload->].5||13,822
2025-08-02T20:33:21.381 0100|01|00|0f|ef01fe|340d03506f7a6120646f6d656d47be[payload->]Poza domemG.||48,711
2025-08-02T21:03:20.843 0100|00|00|05|fa0001|340d03fe35[payload->].5||13,822
2025-08-02T21:03:20.944 0100|01|00|0f|ef01fe|340d03506f7a6120646f6d656d47be[payload->]Poza domemG.||48,711
2025-08-02T21:33:20.990 0100|00|00|05|fa0001|340d03fe35[payload->].5||13,822
2025-08-02T21:33:21.191 0100|01|00|0f|ef01fe|340d03506f7a6120646f6d656d47be[payload->]Poza domemG.||48,711
2025-08-02T22:03:20.886 0100|00|00|05|fa0001|340d03fe35[payload->].5||13,822
2025-08-02T22:03:20.988 0100|01|00|0f|ef01fe|340d03506f7a6120646f6d656d47be[payload->]Poza domemG.||48,711
2025-08-02T22:33:20.766 0100|00|00|05|fa0001|340d03fe35[payload->].5||13,822
2025-08-02T22:33:20.867 0100|01|00|0f|ef01fe|340d03506f7a6120646f6d656d47be[payload->]Poza domemG.||48,711
2025-08-02T23:03:20.761 0100|00|00|05|fa0001|340d03fe35[payload->].5||13,822
2025-08-02T23:03:20.862 0100|01|00|0f|ef01fe|340d03506f7a6120646f6d656d47be[payload->]Poza domemG.||48,711
2025-08-02T23:33:20.677 0100|00|00|05|fa0001|340d03fe35[payload->].5||13,822
2025-08-02T23:33:20.878 0100|01|00|0f|ef01fe|340d03506f7a6120646f6d656d47be[payload->]Poza domemG.||48,711
2025-08-03T00:03:20.589 0100|00|00|05|fa0001|340d03fe35[payload->].5||13,822
2025-08-03T00:03:20.690 0100|01|00|0f|ef01fe|340d03506f7a6120646f6d656d47be[payload->]Poza domemG.||48,711
2025-08-03T00:33:20.840 0100|00|00|05|fa0001|340d03fe35[payload->].5||13,822
2025-08-03T00:33:20.941 0100|01|00|0f|ef01fe|340d03506f7a6120646f6d656d47be[payload->]Poza domemG.||48,711
2025-08-03T01:03:20.785 0100|00|00|05|fa0001|340d03fe35[payload->].5||13,822
2025-08-03T01:03:20.986 0100|01|00|0f|ef01fe|340d03506f7a6120646f6d656d47be[payload->]Poza domemG.||48,711
2025-08-03T01:31:27.904 0100|01|00|0f|ef01fe|340d03506f7a6122646f6d656d47be[payload->]Poza"domemG.||48,711
2025-08-03T01:33:20.475 0100|00|00|05|fa0001|340d03fe35[payload->].5||13,822
2025-08-03T01:33:20.577 0100|01|00|0f|ef01fe|340d03506f7a6120646f6d656d47be[payload->]Poza domemG.||48,711
2025-08-03T02:03:20.793 0100|00|00|05|fa0001|340d03fe35[payload->].5||13,822
2025-08-03T02:03:20.995 0100|01|00|0f|ef01fe|340d03506f7a6120646f6d656d47be[payload->]Poza domemG.||48,711
2025-08-03T02:33:21.055 0100|00|00|05|fa0001|340d03fe35[payload->].5||13,822
2025-08-03T02:33:21.156 0100|01|00|0f|ef01fe|340d03506f7a6120646f6d656d47be[payload->]Poza domemG.||48,711
2025-08-03T03:03:20.867 0100|00|00|05|fa0001|340d03fe35[payload->].5||13,822
2025-08-03T03:03:20.968 0100|01|00|0f|ef01fe|340d03506f7a6120646f6d656d47be[payload->]Poza domemG.||48,711
2025-08-03T03:31:27.134 0100|00|00|05|fa0001|340d03fe35[payload->].5||13,822
2025-08-03T03:31:27.235 0100|01|00|0f|ef01fe|340d03506f7a6120646f6d656d47be[payload->]Poza domemG.||48,711
2025-08-03T03:33:21.131 0100|00|00|05|fa0001|340d03fe35[payload->].5||13,822
2025-08-03T03:33:21.131 0100|01|00|0f|ef01fe|340d03506f7a6120646f6d656d47be[payload->]Poza domemG.||48,711
2025-08-03T04:03:21.321 0100|00|00|05|fa0001|340d03fe35[payload->].5||13,822
2025-08-03T04:03:21.523 0100|01|00|0f|ef01fe|340d03506f7a6120646f6d656d47be[payload->]Poza domemG.||48,711
2025-08-03T04:33:21.278 0100|00|00|05|fa0001|340d03fe35[payload->].5||13,822
2025-08-03T04:33:21.480 0100|01|00|0f|ef01fe|340d03506f7a6120646f6d656d47be[payload->]Poza domemG.||48,711
2025-08-03T05:03:21.087 0100|00|00|05|fa0001|340d03fe35[payload->].5||13,822
2025-08-03T05:03:21.187 0100|01|00|0f|ef01fe|340d03506f7a6120646f6d656d47be[payload->]Poza domemG.||48,711
2025-08-03T05:33:21.520 0100|00|00|05|fa0001|340d03fe35[payload->].5||13,822
2025-08-03T05:33:21.520 0100|01|00|0f|ef01fe|340d03506f7a6120646f6d656d47be[payload->]Poza domemG.||48,711
2025-08-03T06:03:21.338 0100|00|00|05|fa0001|340d03fe35[payload->].5||13,822
2025-08-03T06:03:21.540 0100|01|00|0f|ef01fe|340d03506f7a6120646f6d656d47be[payload->]Poza domemG.||48,711
2025-08-03T06:33:21.139 0100|00|00|05|fa0001|340d03fe35[payload->].5||13,822
2025-08-03T06:33:21.341 0100|01|00|0f|ef01fe|340d03506f7a6120646f6d656d47be[payload->]Poza domemG.||48,711
2025-08-03T07:03:21.431 0100|00|00|05|fa0001|340d03fe35[payload->].5||13,822
2025-08-03T07:03:21.633 0100|01|00|0f|ef01fe|340d03506f7a6120646f6d656d47be[payload->]Poza domemG.||48,711
2025-08-03T07:33:20.626 0100|00|00|05|fa0001|340d03fe35[payload->].5||13,822
2025-08-03T07:33:20.727 0100|01|00|0f|ef01fe|340d03506f7a6120646f6d656d47be[payload->]Poza domemG.||48,711
2025-08-03T08:03:20.949 0100|00|00|05|fa0001|340d03fe35[payload->].5||13,822
2025-08-03T08:03:21.050 0100|01|00|0f|ef01fe|340d03506f7a6120646f6d656d47be[payload->]Poza domemG.||48,711
2025-08-03T08:33:22.062 0100|00|00|05|fa0001|340d03fe35[payload->].5||13,822
2025-08-03T08:33:22.163 0100|01|00|0f|ef01fe|340d03506f7a6120646f6d656d47be[payload->]Poza domemG.||48,711
2025-08-03T09:03:21.110 0100|00|00|05|fa0001|340d03fe35[payload->].5||13,822
2025-08-03T09:03:21.211 0100|01|00|0f|ef01fe|340d03506f7a6120646f6d656d47be[payload->]Poza domemG.||48,711
2025-08-03T09:33:20.996 0100|00|00|05|fa0001|340d03fe35[payload->].5||13,822
2025-08-03T09:33:21.097 0100|01|00|0f|ef01fe|340d03506f7a6120646f6d656d47be[payload->]Poza domemG.||48,711
2025-08-03T10:03:20.490 0100|00|00|05|fa0001|340d03fe35[payload->].5||13,822
2025-08-03T10:03:20.490 0100|01|00|0f|ef01fe|340d03506f7a6120646f6d656d47be[payload->]Poza domemG.||48,711
2025-08-03T10:33:20.517 0100|00|00|05|fa0001|340d03fe35[payload->].5||13,822
2025-08-03T10:33:20.619 0100|01|00|0f|ef01fe|340d03506f7a6120646f6d656d47be[payload->]Poza domemG.||48,711
2025-08-03T11:03:20.584 0100|00|00|05|fa0001|340d03fe35[payload->].5||13,822
2025-08-03T11:03:20.686 0100|01|00|0f|ef01fe|340d03506f7a6120646f6d656d47be[payload->]Poza domemG.||48,711
2025-08-03T11:31:27.267 0100|01|00|0f|ef01fe|340d03506f7a6120646f6d656d47be[payload->]Poza domemG.||48,711
2025-08-03T11:33:20.688 0100|00|00|05|fa0001|340d03fe35[payload->].5||13,822
2025-08-03T11:33:20.890 0100|01|00|0f|ef01fe|340d03506f7a6120646f6d656d47be[payload->]Poza domemG.||48,711
2025-08-03T12:03:20.374 0100|00|00|05|fa0001|340d03fe35[payload->].5||13,822
2025-08-03T12:03:20.374 0100|01|00|0f|ef01fe|340d03506f7a6120646f6d656d47be[payload->]Poza domemG.||48,711
2025-08-03T12:33:20.321 0100|00|00|05|fa0001|340d03fe35[payload->].5||13,822
2025-08-03T12:33:20.423 0100|01|00|0f|ef01fe|340d03506f7a6120646f6d656d47be[payload->]Poza domemG.||48,711
2025-08-03T13:03:20.362 0100|00|00|05|fa0001|340d03fe35[payload->].5||13,822
2025-08-03T13:03:20.464 0100|01|00|0f|ef01fe|340d03506f7a6120646f6d656d47be[payload->]Poza domemG.||48,711
2025-08-03T13:33:20.407 0100|00|00|05|fa0001|340d03fe35[payload->].5||13,822
2025-08-03T13:33:20.610 0100|01|00|0f|ef01fe|340d03506f7a6120646f6d656d47be[payload->]Poza domemG.||48,711
2025-08-03T14:03:20.309 0100|00|00|05|fa0001|340d03fe35[payload->].5||13,822
2025-08-03T14:03:20.511 0100|01|00|0f|ef01fe|340d03506f7a6120646f6d656d47be[payload->]Poza domemG.||48,711
2025-08-03T14:33:21.090 0100|00|00|05|fa0001|340d03fe35[payload->].5||13,822
2025-08-03T14:33:21.191 0100|01|00|0f|ef01fe|340d03506f7a6120646f6d656d47be[payload->]Poza domemG.||48,711
2025-08-03T15:03:20.387 0100|00|00|05|fa0001|340d03fe35[payload->].5||13,822
2025-08-03T15:03:20.489 0100|01|00|0f|ef01fe|340d03506f7a6120646f6d656d47be[payload->]Poza domemG.||48,711
2025-08-03T15:31:27.425 0100|00|00|05|fa0001|340d03fe35[payload->].5||13,822
2025-08-03T15:33:20.403 0100|00|00|05|fa0001|340d03fe35[payload->].5||13,822
2025-08-03T15:33:20.505 0100|01|00|0f|ef01fe|340d03506f7a6120646f6d656d47be[payload->]Poza domemG.||48,711
2025-08-03T16:03:20.305 0100|00|00|05|fa0001|340d03fe35[payload->].5||13,822
2025-08-03T16:03:20.406 0100|01|00|0f|ef01fe|340d03506f7a6120646f6d656d47be[payload->]Poza domemG.||48,711
2025-08-03T16:33:20.328 0100|00|00|05|fa0001|340d03fe35[payload->].5||13,822
2025-08-03T16:33:20.429 0100|01|00|0f|ef01fe|340d03506f7a6120646f6d656d47be[payload->]Poza domemG.||48,711
2025-08-03T17:03:20.257 0100|00|00|05|fa0001|340d03fe35[payload->].5||13,822
2025-08-03T17:03:20.358 0100|01|00|0f|ef01fe|340d03506f7a6120646f6d656d47be[payload->]Poza domemG.||48,711
2025-08-03T17:33:20.303 0100|00|00|05|fa0001|340d03fe35[payload->].5||13,822
2025-08-03T17:33:20.404 0100|01|00|0f|ef01fe|340d03506f7a6120646f6d656d47be[payload->]Poza domemG.||48,711
2025-08-03T18:03:21.400 0100|00|00|05|fa0001|340d03fe35[payload->].5||13,822
2025-08-03T18:03:21.501 0100|01|00|0f|ef01fe|340d03506f7a6120646f6d656d47be[payload->]Poza domemG.||48,711
