2025-07-30T20:58:09.262 0100|00|00|05|fa0001|20010e3fb1[payload->]?.||45,375
2025-07-30T20:58:09.263 0100|01|00|07|f701fe|20010e00008aec[payload->]....||60,554
2025-07-30T21:08:17.935 0100|00|00|05|fa0001|20010e3fb1[payload->]?.||45,375
2025-07-30T21:08:18.036 0100|01|00|07|f701fe|20010e00008aec[payload->]....||60,554
2025-07-30T21:38:44.222 0100|00|00|05|fa0001|20010e3fb1[payload->]?.||45,375
2025-07-30T21:38:44.323 0100|01|00|07|f701fe|20010e00008aec[payload->]....||60,554
2025-07-30T21:48:52.999 0100|00|00|05|fa0001|20010e3fb1[payload->]?.||45,375
2025-07-30T21:48:53.100 0100|01|00|07|f701fe|20010e00008aec[payload->]....||60,554
2025-07-30T21:59:01.475 0100|00|00|05|fa0001|20010e3fb1[payload->]?.||45,375
2025-07-30T21:59:01.576 0100|01|00|07|f701fe|20010e00008aec[payload->]....||60,554
2025-07-30T21:59:02.287 0100|00|00|05|fa0003|20010e87b0[payload->]..||45,191
2025-07-30T21:59:02.387 0100|01|00|07|f701fe|20010e00014a2d[payload->]..J-||11,594
2025-07-30T22:19:19.199 0100|00|00|05|fa0001|20010e3fb1[payload->]?.||45,375
2025-07-30T22:19:19.300 0100|01|00|07|f701fe|20010e00008aec[payload->]....||60,554
2025-07-30T22:29:27.953 0100|00|00|05|fa0001|20010e3fb1[payload->]?.||45,375
2025-07-30T22:29:28.054 0100|01|00|07|f701fe|20010e00008aec[payload->]....||60,554
2025-07-30T22:39:36.820 0100|00|00|05|fa0001|20010e3fb1[payload->]?.||45,375
2025-07-30T22:39:36.821 0100|01|00|07|f701fe|20010e00008aec[payload->]....||60,554
2025-07-30T22:39:37.631 0100|00|00|05|fa0003|20010e87b0[payload->]..||45,191
2025-07-30T22:39:37.631 0100|01|00|07|f701fe|20010e00014a2d[payload->]..J-||11,594
2025-07-30T22:49:45.763 0100|00|00|05|fa0001|20010e3fb1[payload->]?.||45,375
2025-07-30T22:49:45.864 0100|01|00|07|f701fe|20010e00008aec[payload->]....||60,554
2025-07-30T22:49:46.978 0100|00|00|05|fa0003|20010e87b0[payload->]..||45,191
2025-07-30T22:49:47.079 0100|01|00|07|f701fe|20010e00014a2d[payload->]..J-||11,594
2025-07-30T22:59:53.803 0100|00|00|05|fa0001|20010e3fb1[payload->]?.||45,375
2025-07-30T22:59:53.904 0100|01|00|07|f701fe|20010e00008aec[payload->]....||60,554
2025-07-30T22:59:54.917 0100|01|00|07|f701fe|20010e00014a2d[payload->]..J-||11,594
2025-07-30T23:30:21.374 0100|00|00|05|fa0003|20010e87b0[payload->]..||45,191
2025-07-30T23:30:21.475 0100|01|00|07|f701fe|20010e00014a2d[payload->]..J-||11,594
2025-07-30T23:40:30.192 0100|00|00|05|fa0001|20010e3fb1[payload->]?.||45,375
2025-07-30T23:40:30.293 0100|01|00|07|f701fe|20010e00008aec[payload->]....||60,554
2025-07-30T23:40:31.307 0100|00|00|05|fa0003|20010e87b0[payload->]..||45,191
2025-07-30T23:40:31.408 0100|01|00|07|f701fe|20010e00014a2d[payload->]..J-||11,594
2025-07-30T23:50:39.331 0100|00|00|05|fa0001|20010e3fb1[payload->]?.||45,375
2025-07-30T23:50:39.432 0100|01|00|07|f701fe|20010e00008aec[payload->]....||60,554
2025-07-31T00:00:48.162 0100|00|00|05|fa0001|20010e3fb1[payload->]?.||45,375
2025-07-31T00:00:48.263 0100|01|00|07|f701fe|20010e00008aec[payload->]....||60,554
2025-07-31T00:10:58.052 0100|00|00|05|fa0003|20010e87b0[payload->]..||45,191
2025-07-31T00:10:58.052 0100|01|00|07|f701fe|20010e00014a2d[payload->]..J-||11,594
2025-07-31T00:31:14.070 0100|00|00|05|fa0001|20010e3fb1[payload->]?.||45,375
2025-07-31T00:31:14.171 0100|01|00|07|f701fe|20010e00008aec[payload->]....||60,554
2025-07-31T00:41:23.063 0100|00|00|05|fa0001|20010e3fb1[payload->]?.||45,375
2025-07-31T00:41:23.064 0100|00|00|07|f701fe|20010e00008aec[payload->]....||60,554
2025-07-31T00:51:31.460 0100|00|00|05|fa0001|20010e3fb1[payload->]?.||45,375
2025-07-31T00:51:31.561 0100|01|00|07|f701fe|20010e00008aec[payload->]....||60,554
2025-07-31T01:01:40.464 0100|00|00|05|fa0001|20010e3fb1[payload->]?.||45,375
2025-07-31T01:01:40.565 0100|01|00|07|f701fe|20010e00008aec[payload->]....||60,554
2025-07-31T01:11:48.982 0100|00|00|05|fa0003|20010e87b0[payload->]..||45,191
2025-07-31T01:11:49.083 0100|01|00|07|f701fe|20010e00014a2d[payload->]..J-||11,594
2025-07-31T01:21:56.967 0100|00|00|05|fa0001|20010e3fb1[payload->]?.||45,375
2025-07-31T01:21:57.068 0100|01|00|07|f701fe|20010e00008aec[payload->]....||60,554
2025-07-31T01:42:14.075 0100|00|00|05|fa0001|20010e3fb1[payload->]?.||45,375
2025-07-31T01:42:14.176 0100|01|00|07|f701fe|20010e00008aec[payload->]....||60,554
2025-07-31T01:52:22.952 0100|00|00|05|fa0001|20010e3fb1[payload->]?.||45,375
2025-07-31T01:52:22.952 0100|01|00|07|f701fe|20010e00008aec[payload->]....||60,554
2025-07-31T01:52:23.964 0100|00|00|05|fa0003|20010e87b0[payload->]..||45,191
2025-07-31T01:52:24.065 0100|01|00|07|f701fe|20010e00014a2d[payload->]..J-||11,594
2025-07-31T02:02:33.455 0100|00|00|05|fa0003|20010e87b0[payload->]..||45,191
2025-07-31T02:02:33.556 0100|01|00|07|f701fe|20010e00014a2d[payload->]..J-||11,594
2025-07-31T02:22:50.576 0100|00|00|05|fa0001|20010e3fb1[payload->]?.||45,375
2025-07-31T02:22:50.677 0100|01|00|07|f701fe|20010e00008aec[payload->]....||60,554
2025-07-31T02:22:51.286 0100|00|00|05|fa0003|20010e87b0[payload->]..||45,191
2025-07-31T02:22:51.286 0100|01|00|07|f701fe|20010e00014a2d[payload->]..J-||11,594
2025-07-31T02:32:59.724 0100|00|00|05|fa0001|20010e3fb1[payload->]?.||45,375
2025-07-31T02:32:59.724 0100|01|00|07|f701fe|20010e00008aec[payload->]....||60,554
2025-07-31T02:33:00.534 0100|00|00|05|fa0003|20010e87b0[payload->]..||45,191
2025-07-31T02:33:00.635 0100|01|00|07|f701fe|20010e00014a2d[payload->]..J-||11,594
2025-07-31T02:43:07.473 0100|00|00|05|fa0001|20010e3fb1[payload->]?.||45,375
2025-07-31T02:43:07.574 0100|01|00|07|f701fe|20010e00008aec[payload->]....||60,554
2025-07-31T03:03:25.405 0100|00|00|05|fa0001|20010e3fb1[payload->]?.||45,375
2025-07-31T03:03:25.506 0100|01|00|07|f701fe|20010e00008aec[payload->]....||60,554
2025-07-31T03:03:26.216 0100|00|00|05|fa0003|20010e87b0[payload->]..||45,191
2025-07-31T03:03:26.318 0100|01|00|07|f701fe|20010e00014a2d[payload->]..J-||11,594
2025-07-31T03:13:34.317 0100|00|00|05|fa0001|20010e3fb1[payload->]?.||45,375
2025-07-31T03:13:34.418 0100|01|00|07|f701fe|20010e00008ae8[payload->]....||59,530
2025-07-31T03:23:42.343 0100|00|00|05|fa0001|20010e3fb1[payload->]?.||45,375
2025-07-31T03:23:42.444 0100|01|00|07|f701fe|20010e00008aec[payload->]....||60,554
2025-07-31T03:23:43.153 0100|00|00|05|fa0003|20010e87b0[payload->]..||45,191
2025-07-31T03:23:43.153 0100|01|00|07|f701fe|20010e00014a2d[payload->]..J-||11,594
2025-07-31T03:33:50.325 0100|00|00|05|fa0001|20010e3fb1[payload->]?.||45,375
2025-07-31T03:33:50.426 0100|01|00|07|f701fe|20010e00008aec[payload->]....||60,554
2025-07-31T03:33:51.237 0100|00|00|05|fa0003|20010e87b0[payload->]..||45,191
2025-07-31T03:33:51.338 0100|09|00|07|ff01fe|20010e00014a2d[payload->]..J-||11,594
2025-07-31T03:43:58.649 0100|00|00|05|fa0001|20010e3fb1[payload->]?.||45,375
2025-07-31T03:43:58.650 0100|01|00|07|f701fe|20010e00008aec[payload->]....||60,554
2025-07-31T03:54:07.487 0100|00|00|05|fa0001|20010e3fb1[payload->]?.||45,375
2025-07-31T03:54:07.487 0100|01|00|07|f701fe|20010e00008aec[payload->]....||60,554
2025-07-31T03:54:08.197 0100|00|00|05|fa0003|20010e87b0[payload->]..||45,191
2025-07-31T03:54:08.298 0100|01|00|07|f701fe|20010e00014a2d[payload->]..J-||11,594
2025-07-31T04:24:35.133 0100|00|00|05|fa0003|20010e87b0[payload->]..||45,191
2025-07-31T04:24:35.234 0100|01|00|07|f701fe|20010e00014a2d[payload->]..J-||11,594
2025-07-31T04:34:43.059 0100|00|00|05|fa0001|20010e3fb1[payload->]?.||45,375
2025-07-31T04:34:43.060 0100|01|00|07|f701fe|20010e00008aec[payload->]....||60,554
2025-07-31T04:34:43.871 0100|01|00|07|f701fe|20010e00014a2d[payload->]..J-||11,594
2025-07-31T04:44:52.405 0100|00|00|05|fa0001|20010e3fb1[payload->]?.||45,375
2025-07-31T04:44:52.406 0100|01|00|07|f701fe|20010e00008aec[payload->]....||60,554
2025-07-31T04:44:53.013 0100|00|00|05|fa0003|20010e87b0[payload->]..||45,191
2025-07-31T04:44:53.114 0100|01|00|07|f701fe|20010e00014a2d[payload->]..J-||11,594
2025-07-31T04:55:00.586 0100|00|00|05|fa0001|20010e3fb1[payload->]?.||45,375
2025-07-31T04:55:00.586 0100|01|00|07|f701fe|20010e00008aec[payload->]....||60,554
2025-07-31T05:05:10.640 0100|01|00|07|f701fe|20010e00014a2d[payload->]..J-||11,594
2025-07-31T05:15:19.451 0100|00|00|05|fa0003|20010e87b0[payload->]..||45,191
2025-07-31T05:15:19.552 0100|01|00|07|f701fe|20010e00014a2d[payload->]..J-||11,594
2025-07-31T05:25:27.313 0100|00|00|05|fa0001|20010e3fb1[payload->]?.||45,375
2025-07-31T05:25:27.414 0100|01|00|07|f701fe|20010e00008aec[payload->]....||60,554
2025-07-31T05:35:36.719 0100|00|00|05|fa0001|20010e3fb1[payload->]?.||45,375
2025-07-31T05:35:36.820 0100|01|00|07|f701fe|20010e00008aec[payload->]....||60,554
2025-07-31T05:35:37.428 0100|00|00|05|fa0003|20010e87b0[payload->]..||45,191
2025-07-31T05:35:37.529 0100|01|00|07|f701fe|20010e00014a2d[payload->]..J-||11,594
2025-07-31T05:55:53.943 0100|00|00|05|fa0001|20010e3fb1[payload->]?.||45,375
2025-07-31T05:55:53.943 0100|01|00|07|f701fe|20010e00008aec[payload->]....||60,554
2025-07-31T05:55:54.652 0100|00|00|05|fa0003|20010e87b0[payload->]..||45,191
2025-07-31T05:55:54.652 0100|01|00|07|f701fe|20010e00014a2d[payload->]..J-||11,594
2025-07-31T06:06:02.362 0100|00|00|05|fa0001|20010e3fb1[payload->]?.||45,375
2025-07-31T06:06:02.463 0100|01|00|07|f701fe|20010e00008aec[payload->]....||60,554
2025-07-31T06:06:03.071 0100|00|00|05|fa0003|20010e87b0[payload->]..||45,191
2025-07-31T06:06:03.173 0100|01|00|07|f701fe|20010e00014a2d[payload->]..J-||11,594
2025-07-31T06:16:10.758 0100|00|00|05|fa0001|20010e3fb1[payload->]?.||45,375
2025-07-31T06:16:10.758 0100|01|00|07|f701fe|20010e00008aec[payload->]....||60,554
2025-07-31T06:26:18.601 0100|00|00|05|fa0001|20010e3fb1[payload->]?.||45,375
2025-07-31T06:26:18.602 0100|01|00|07|f701fe|20010e00008aec[payload->]....||60,554
2025-07-31T06:26:19.209 0100|00|00|05|fa0003|20010e87b0[payload->]..||45,191
2025-07-31T06:26:19.311 0100|01|00|07|f701fe|20010e00014a2d[payload->]..J-||11,594
2025-07-31T06:36:27.458 0100|00|00|05|fa0001|20010e3fb1[payload->]?.||45,375
2025-07-31T06:36:27.459 0100|01|00|07|f701fe|20010e00008aec[payload->]....||60,554
2025-07-31T06:36:27.965 0100|00|00|05|fa0003|20010e87b0[payload->]..||45,191
2025-07-31T06:36:28.066 0100|01|00|07|f701fe|20010e00014a2d[payload->]..J-||11,594
2025-07-31T06:46:36.852 0100|00|00|05|fa0003|20010e87b0[payload->]..||45,191
2025-07-31T06:46:36.958 0100|01|00|07|f701fe|20010e00014a2d[payload->]..J-||11,594
2025-07-31T06:56:44.268 0100|01|00|07|f701fe|20010e00008aec[payload->]....||60,554
2025-07-31T06:56:45.180 0100|00|00|05|fa0003|20010e87b0[payload->]..||45,191
2025-07-31T06:56:45.281 0100|01|00|07|f701fe|20010e00014a2d[payload->]..J-||11,594
2025-07-31T07:06:53.212 0100|00|00|05|fa0003|20010e87b0[payload->]..||45,191
2025-07-31T07:06:53.313 0100|01|00|07|f701fe|20010e00014a2d[payload->]..J-||11,594
2025-07-31T07:17:01.082 0100|00|00|05|fa0001|20010e3fb1[payload->]?.||45,375
2025-07-31T07:27:09.402 0100|00|00|05|fa0001|20010e3fb1[payload->]?.||45,375
2025-07-31T07:27:09.402 0100|01|00|07|f701fe|20010e00008aec[payload->]....||60,554
2025-07-31T07:27:10.314 0100|00|00|05|fa0003|20010e87b0[payload->]..||45,191
2025-07-31T07:37:19.000 0100|00|00|05|fa0001|20010e3fb1[payload->]?.||45,375
2025-07-31T07:37:19.102 0100|01|00|07|f701fe|20010e00008aec[payload->]....||60,554
2025-07-31T07:57:34.417 0100|00|00|05|fa0001|20010e3fb1[payload->]?.||45,375
2025-07-31T07:57:34.518 0100|01|00|07|f701fe|20010e00008aec[payload->]....||60,554
2025-07-31T08:07:43.433 0100|00|00|05|fa0001|20010e3fb1[payload->]?.||45,375
2025-07-31T08:07:43.433 0100|01|00|07|f701fe|20010e00008aec[payload->]....||60,554
2025-07-31T08:07:44.042 0100|00|00|05|fa0003|20010e87b0[payload->]..||45,191
2025-07-31T08:07:44.143 0100|01|00|07|f701fe|20010e00014a2d[payload->]..J-||11,594
2025-07-31T08:17:53.136 0100|00|00|05|fa0001|20010e3fb1[payload->]?.||45,375
2025-07-31T08:17:53.137 0100|01|00|07|f701fe|20010e00008aec[payload->]....||60,554
2025-07-31T08:28:00.479 0100|00|00|05|fa0001|20010e3fb1[payload->]?.||45,375
2025-07-31T08:28:00.479 0100|01|00|07|f701fe|20010e00008aec[payload->]....||60,554
2025-07-31T08:58:26.581 0100|00|00|05|fa0001|20010e3fb1[payload->]?.||45,375
2025-07-31T08:58:26.682 0100|01|00|07|f701fe|20010e00008aec[payload->]....||60,554
2025-07-31T08:58:27.391 0100|00|00|05|fa0003|20010e87b0[payload->]..||45,191
2025-07-31T08:58:27.392 0100|01|00|07|f701fe|20010e00014a2d[payload->]..J-||11,594
2025-07-31T09:18:43.266 0100|00|00|05|fa0001|20010e3fb1[payload->]?.||45,375
2025-07-31T09:18:43.267 0100|01|00|07|f701fe|20010e00008aec[payload->]....||60,554
2025-07-31T09:18:43.975 0100|00|00|05|fa0003|20010e87b0[payload->]..||45,191
2025-07-31T09:18:43.975 0100|01|00|07|f701fe|20010e00014a2d[payload->]..J-||11,594
2025-07-31T09:28:52.456 0100|00|00|05|fa0003|20010e87b0[payload->]..||45,191
2025-07-31T09:28:52.557 0100|01|00|07|f701fe|20010e00014a2d[payload->]..J-||11,594
2025-07-31T09:38:59.021 0100|00|00|05|fa0001|20010e3fb1[payload->]?.||45,375
2025-07-31T09:38:59.122 0100|01|00|07|f701fe|20010e00008aec[payload->]....||60,554
2025-07-31T09:38:59.933 0100|00|00|05|fa0003|20010e87b0[payload->]..||45,191
2025-07-31T09:39:00.034 0100|01|00|07|f701fe|20010e00014a2d[payload->]..J-||11,594
2025-07-31T10:19:32.675 0100|01|00|07|f701fe|20010e00008aec[payload->]....||60,554
2025-07-31T10:19:33.485 0100|00|00|05|fa0003|20010e87b0[payload->]..||45,191
2025-07-31T10:19:33.485 0100|01|00|07|f701fe|20010e00014a2d[payload->]..J-||11,594
2025-07-31T10:29:42.046 0100|00|00|05|fa0003|20010e87b0[payload->]..||45,191
2025-07-31T10:29:42.147 0100|01|00|07|f701fe|20010e00014a2d[payload->]..J-||11,594
2025-07-31T10:39:49.296 0100|00|00|05|fa0001|20010e3fb1[payload->]?.||45,375
2025-07-31T10:39:49.296 0100|01|00|07|f701fe|20010e00008aec[payload->]....||60,554
2025-07-31T10:39:50.006 0100|00|00|05|fa0003|20010e87b0[payload->]..||45,191
2025-07-31T10:39:50.107 0100|01|00|07|f701fe|20010e00014a2d[payload->]..J-||11,594
2025-07-31T10:49:57.650 0100|00|00|05|fa0001|20010e3fb1[payload->]?.||45,375
2025-07-31T10:49:57.751 0100|01|00|07|f701fe|20010e00008aec[payload->]....||60,554
2025-07-31T10:49:58.565 0100|00|00|05|fa0003|20010e87b0[payload->]..||45,191
2025-07-31T10:49:58.667 0100|01|00|07|f701fe|20010e00014a2d[payload->]..J-||11,594
2025-07-31T11:20:24.174 0100|00|00|05|fa0001|20010e3fb1[payload->]?.||45,375
2025-07-31T11:20:24.174 0100|01|00|07|f701fe|20010e00008aec[payload->]....||60,554
2025-07-31T11:20:24.985 0100|00|00|05|fa0003|20010e87b0[payload->]..||45,191
2025-07-31T11:20:24.985 0100|01|00|07|f701fe|20010e00014a2d[payload->]..J-||11,594
2025-07-31T11:30:33.265 0100|00|00|05|fa0003|20010e87b0[payload->]..||45,191
2025-07-31T11:30:33.365 0100|01|00|07|f701fe|20010e00014a2d[payload->]..J-||11,594
2025-07-31T11:40:41.549 0100|00|00|05|fa0001|20010e3fb1[payload->]?.||45,375
2025-07-31T11:40:41.549 0100|01|00|07|f701fe|20010e00008aec[payload->]....||60,554
2025-07-31T11:40:42.359 0100|00|00|05|fa0003|20010e87b0[payload->]..||45,191
2025-07-31T11:40:42.460 0100|01|00|07|f701fe|20010e00014a2d[payload->]..J-||11,594
2025-07-31T11:50:49.117 0100|00|00|05|fa0001|20010e3fb1[payload->]?.||45,375
2025-07-31T11:50:49.218 0100|01|00|07|f701fe|20010e000001fe[payload->]....||65,025
2025-07-31T11:50:50.433 0100|00|00|05|fa0003|20010e87b0[payload->]..||45,191
2025-07-31T11:50:50.534 0100|01|00|07|f701fe|20010e00014a2d[payload->]..J-||11,594
2025-07-31T12:00:57.764 0100|00|00|05|fa0001|20010e3fb1[payload->]?.||45,375
2025-07-31T12:00:57.865 0100|01|00|07|f701fe|20010e00008aec[payload->]....||60,554
2025-07-31T12:21:15.558 0100|00|00|05|fa0001|20010e3fb1[payload->]?.||45,375
2025-07-31T12:21:15.559 0100|01|00|07|f701fe|20010e00008aec[payload->]....||60,554
2025-07-31T12:31:24.228 0100|00|00|05|fa0001|20010e3fb1[payload->]?.||45,375
2025-07-31T12:31:24.329 0100|01|00|07|f701fe|20010e00008aec[payload->]....||60,554
2025-07-31T12:31:25.545 0100|00|00|05|fa0003|20010e87b0[payload->]..||45,191
2025-07-31T12:31:25.546 0100|01|00|07|f701fe|20010e00014a2d[payload->]..J-||11,594
2025-07-31T12:41:35.220 0100|00|00|05|fa0001|20010e3fb1[payload->]?.||45,375
2025-07-31T12:41:35.421 0100|01|00|07|f701fe|20010e00008aec[payload->]....||60,554
2025-07-31T12:51:44.642 0100|00|00|05|fa0001|20010e3fb1[payload->]?.||45,375
2025-07-31T12:51:44.743 0100|01|00|07|f701fe|20010e00008aec[payload->]....||60,554
2025-07-31T12:51:45.452 0100|01|00|07|f701fe|20010e00014a2d[payload->]..J-||11,594
2025-07-31T13:01:53.307 0100|00|00|05|fa0001|20010e3fb1[payload->]?.||45,375
2025-07-31T13:01:53.407 0100|01|00|07|f701fe|20010e00008aec[payload->]....||60,554
2025-07-31T13:01:54.115 0100|00|00|05|fa0003|20010e87b0[payload->]..||45,191
2025-07-31T13:01:54.216 0100|01|00|07|f701fe|20010e00014a2d[payload->]..J-||11,594
2025-07-31T13:22:09.588 0100|00|00|05|fa0001|20010e3fb1[payload->]?.||45,375
2025-07-31T13:22:09.689 0100|01|00|07|f701fe|20010e00008aec[payload->]....||60,554
2025-07-31T13:22:10.803 0100|00|00|05|fa0003|20010e87b0[payload->]..||45,191
2025-07-31T13:22:10.904 0100|01|00|07|f701fe|20010e00014a2d[payload->]..J-||11,594
2025-07-31T13:32:18.532 0100|00|00|05|fa0003|20010e87b0[payload->]..||45,191
2025-07-31T13:32:18.532 0100|01|00|07|f701fe|20010e00014a2d[payload->]..J-||11,594
2025-07-31T14:02:44.087 0100|00|00|05|fa0001|20010e3fb1[payload->]?.||45,375
2025-07-31T14:02:44.188 0100|01|00|07|f701fe|20010e00008aec[payload->]....||60,554
2025-07-31T14:12:53.687 0100|00|00|05|fa0003|20010e87b0[payload->]..||45,191
2025-07-31T14:12:53.788 0100|01|00|07|f701fe|20010e00014a2d[payload->]..J-||11,594
2025-07-31T14:23:01.550 0100|00|00|05|fa0001|20010e3fb1[payload->]?.||45,375
2025-07-31T14:23:01.651 0100|01|00|07|f701fe|20010e00008aec[payload->]....||60,554
2025-07-31T14:23:03.063 0100|00|00|05|fa0003|20010e87b0[payload->]..||45,191
2025-07-31T14:23:03.164 0100|01|00|07|f701fe|20010e00014a2d[payload->]..J-||11,594
2025-07-31T14:33:11.031 0100|00|00|05|fa0003|20010e87b0[payload->]..||45,191
2025-07-31T14:33:11.232 0100|01|00|07|f701fe|20010e00014a2d[payload->]..J-||11,594
2025-07-31T14:43:18.505 0100|00|00|05|fa0001|20010e3fb1[payload->]?.||45,375
2025-07-31T14:43:18.505 0100|01|00|07|f701fe|20010e00008aec[payload->]....||60,554
2025-07-31T14:53:28.776 0100|00|00|05|fa0003|20010e87b0[payload->]..||45,191
2025-07-31T14:53:28.877 0100|01|00|07|f701fe|20010e00014a2d[payload->]..J-||11,594
2025-07-31T15:03:35.117 0100|00|00|05|fa0001|20010e3fb1[payload->]?.||45,375
2025-07-31T15:03:35.117 0100|01|00|07|f701fe|20010e00008aec[payload->]....||60,554
2025-07-31T15:03:36.029 0100|00|00|05|fa0003|20010e87b0[payload->]..||45,191
2025-07-31T15:03:36.029 0100|01|00|07|f701fe|20010e00014a2d[payload->]..J-||11,594
2025-07-31T15:13:44.003 0100|00|00|05|fa0001|20010e3fb1[payload->]?.||45,375
2025-07-31T15:13:44.104 0100|01|00|07|f701fe|20010e00008aec[payload->]....||60,554
2025-07-31T15:34:01.872 0100|00|00|05|fa0001|20010e3fb1[payload->]?.||45,375
2025-07-31T15:34:01.873 0100|01|00|07|f701fe|20010e00008aec[payload->]....||60,554
2025-07-31T15:34:02.581 0100|00|00|05|fa0003|20010e87b0[payload->]..||45,191
2025-07-31T15:34:02.582 0100|01|00|07|f701fe|20010e00014a2d[payload->]..J-||11,594
2025-07-31T15:44:11.622 0100|00|00|05|fa0003|20010e07b0[payload->]..||45,063
2025-07-31T15:44:11.623 0100|01|00|07|f701fe|20010e00014a2d[payload->]..J-||11,594
2025-07-31T15:54:19.454 0100|00|00|05|fa0001|20010e3fb1[payload->]?.||45,375
2025-07-31T15:54:19.555 0100|01|00|07|f701fe|20010e00008aec[payload->]....||60,554
2025-07-31T15:54:20.467 0100|00|00|05|fa0003|20010e87b0[payload->]..||45,191
2025-07-31T15:54:20.467 0100|01|00|07|f701fe|20010e00014a2d[payload->]..J-||11,594
2025-07-31T16:04:28.787 0100|00|00|05|fa0001|20010e3fb1[payload->]?.||45,375
2025-07-31T16:04:28.888 0100|01|00|07|f701fe|20010e00008aec[payload->]....||60,554
2025-07-31T16:04:29.394 0100|00|00|05|fa0003|20010e87b0[payload->]..||45,191
2025-07-31T16:04:29.495 0100|01|00|07|f701fe|20010e00014a2d[payload->]..J-||11,594
2025-07-31T16:34:54.376 0100|01|00|07|f701fe|20010e00008aec[payload->]....||60,554
2025-07-31T16:34:55.693 0100|00|00|05|fa0003|20010e87b0[payload->]..||45,191
2025-07-31T16:34:55.693 0100|01|00|07|f701fe|20010e00014a2d[payload->]..J-||11,594
2025-07-31T17:05:22.359 0100|00|00|05|fa0003|20010e87b0[payload->]..||45,191
2025-07-31T17:05:22.359 0100|01|00|07|f701fe|20010e00014a2d[payload->]..J-||11,594
2025-07-31T17:25:40.067 0100|00|00|05|fa0003|20010e87b0[payload->]..||45,191
2025-07-31T17:25:40.168 0100|01|00|07|f701fe|20010e00014a2d[payload->]..J-||11,594
2025-07-31T17:35:49.420 0100|00|00|05|fa0003|20010e87b0[payload->]..||45,191
2025-07-31T17:35:49.420 0100|01|00|07|f701fe|20010e00014a2d[payload->]..J-||11,594
2025-07-31T17:45:58.343 0100|00|00|05|fa0003|20010e87b0[payload->]..||45,191
2025-07-31T17:45:58.444 0100|01|00|07|f701fe|20010e00014a2d[payload->]..J-||11,594
2025-07-31T18:06:15.520 0100|00|00|05|fa0001|20010e3fb1[payload->]?.||45,375
2025-07-31T18:06:15.621 0100|01|00|07|f701fe|20010e00008aec[payload->]....||60,554
2025-07-31T18:06:16.633 0100|00|00|05|fa0003|20010e87b0[payload->]..||45,191
2025-07-31T18:16:24.054 0100|00|00|05|fa0001|20010e3fb1[payload->]?.||45,375
2025-07-31T18:16:24.155 0100|01|00|07|f701fe|20010e00008aec[payload->]....||60,554
2025-07-31T18:36:42.597 0100|00|00|05|fa0001|20010e3fb1[payload->]?.||45,375
2025-07-31T18:36:42.698 0100|01|00|07|f701fe|20010e00008aec[payload->]....||60,554
2025-07-31T18:46:52.592 0100|00|00|05|fa0003|20010e87b0[payload->]..||45,191
2025-07-31T18:46:52.693 0100|01|00|07|f701fe|20010e00014a2d[payload->]..J-||11,594
2025-07-31T18:57:01.435 0100|00|00|05|fa0003|20010e87b0[payload->]..||45,191
2025-07-31T18:57:01.537 0100|01|00|07|f701fe|20010e00014a2d[payload->]..J-||11,594
2025-07-31T19:07:09.439 0100|00|00|05|fa0001|20010e3fb1[payload->]?.||45,375
2025-07-31T19:07:09.539 0100|01|00|07|f701fe|20010e00008aec[payload->]....||60,554
2025-07-31T19:17:19.017 0100|00|00|05|fa0001|20010e3fb1[payload->]?.||45,375
2025-07-31T19:17:19.017 0100|01|00|07|f701fe|20010e00008aec[payload->]....||60,554
2025-07-31T19:17:19.524 0100|00|00|05|fa0003|20010e87b0[payload->]..||45,191
2025-07-31T19:17:19.625 0100|01|00|07|f701fe|20010e00014a2d[payload->]..J-||11,594
2025-07-31T19:27:28.879 0100|00|00|05|fa0003|20010e87b0[payload->]..||45,191
2025-07-31T19:27:28.980 0100|01|00|07|f701fe|20010e00014a2d[payload->]..J-||11,594
2025-07-31T19:37:37.740 0100|01|00|07|f701fe|20010e00014a2d[payload->]..J-||11,594
2025-07-31T19:57:54.033 0100|00|00|05|fa0001|20010e3fb1[payload->]?.||45,375
2025-07-31T19:57:54.134 0100|01|00|07|f701fe|20010e00008aec[payload->]....||60,554
2025-07-31T19:57:55.045 0100|00|00|05|fa0003|20010e87b0[payload->]..||45,191
2025-07-31T19:57:55.147 0100|01|00|07|f701fe|20010e00014a2d[payload->]..J-||11,594
2025-07-31T20:08:03.132 0100|00|00|05|fa0001|20010e3fb1[payload->]?.||45,375
2025-07-31T20:08:03.132 0100|01|00|07|f701fe|20010e00008aec[payload->]....||60,554
2025-07-31T20:08:03.841 0100|00|00|05|fa0003|20010e87b0[payload->]..||45,191
2025-07-31T20:08:03.942 0100|01|00|07|f701fe|20010e00014a2d[payload->]..J-||11,594
2025-07-31T20:18:11.265 0100|00|00|05|fa0001|20010e3fb1[payload->]?.||45,375
2025-07-31T20:18:11.366 0100|01|00|07|f701fe|20010e00008aec[payload->]....||60,554
2025-07-31T20:28:20.941 0100|00|00|05|fa0001|20010e3fb1[payload->]?.||45,375
2025-07-31T20:28:21.042 0100|01|00|07|f701fe|20010e00008aec[payload->]....||60,554
2025-07-31T20:28:21.751 0100|01|00|07|f701fe|20010e00014a2d[payload->]..J-||11,594
2025-07-31T20:48:39.789 0100|00|00|05|fa0003|20010e87b0[payload->]..||45,191
2025-07-31T20:48:39.890 0100|01|00|07|f701fe|20010e00014a2d[payload->]..J-||11,594
2025-07-31T20:58:48.663 0100|00|00|05|fa0003|20010e87b0[payload->]..||45,191
2025-07-31T20:58:48.764 0100|01|00|07|f701fe|20010e00014a2d[payload->]..J-||11,594
2025-07-31T21:29:14.184 0100|00|00|05|fa0001|20010e3fb1[payload->]?.||45,375
2025-07-31T21:29:14.285 0100|01|00|07|f701fe|20010e00008aec[payload->]....||60,554
2025-07-31T21:29:15.197 0100|00|00|05|fa0003|20010e87b0[payload->]..||45,191
2025-07-31T21:29:15.298 0100|01|00|07|f701fe|20010e00014a2d[payload->]..J-||11,594
2025-07-31T21:39:22.771 0100|00|00|05|fa0001|20010e3fb1[payload->]?.||45,375
2025-07-31T21:39:22.872 0100|01|00|07|f701fe|20010e00008aec[payload->]....||60,554
2025-07-31T21:39:24.189 0100|00|00|05|fa0003|20010e87b0[payload->]..||45,191
2025-07-31T21:49:33.160 0100|00|00|05|fa0003|20010e87b0[payload->]..||45,191
2025-07-31T21:49:33.261 0100|01|00|07|f701fe|20010e00014a2d[payload->]..J-||11,594
2025-07-31T22:09:48.647 0100|00|00|05|fa0001|20010e3fb1[payload->]?.||45,375
2025-07-31T22:09:48.748 0100|01|00|07|f701fe|20010e00008aec[payload->]....||60,554
2025-07-31T22:09:49.357 0100|00|00|05|fa0003|20010e87b0[payload->]..||45,191
2025-07-31T22:09:49.357 0100|01|00|07|f701fe|20010e00014a2d[payload->]..J-||11,594
2025-07-31T22:19:58.114 0100|00|00|05|fa0001|20010e3fb1[payload->]?.||45,375
2025-07-31T22:19:58.114 0100|01|00|07|f701fe|20010e00008aec[payload->]....||60,554
2025-07-31T22:19:58.726 0100|00|00|05|fa0003|20010e87b0[payload->]..||45,191
2025-07-31T22:19:58.827 0100|01|00|07|f701fe|20010e00014a2d[payload->]..J-||11,594
2025-07-31T22:30:07.024 0100|00|00|05|fa0001|20010e3fb1[payload->]?.||45,375
2025-07-31T22:30:07.125 0100|01|00|07|f701fe|20010e00008aec[payload->]....||60,554
2025-07-31T22:30:07.835 0100|00|00|05|fa0003|20010e87b0[payload->]..||45,191
2025-07-31T22:30:07.936 0100|01|00|07|f701fe|20010e00014a2d[payload->]..J-||11,594
2025-07-31T22:40:15.786 0100|00|00|05|fa0001|20010e3fb1[payload->]?.||45,375
2025-07-31T22:40:15.786 0100|01|00|07|f701fe|20010e00008aec[payload->]....||60,554
2025-07-31T22:50:25.218 0100|00|00|05|fa0001|20010e3fb1[payload->]?.||45,375
2025-07-31T22:50:25.319 0100|01|00|07|f701fe|20010e00008aec[payload->]....||60,554
2025-07-31T23:00:33.704 0100|00|00|05|fa0001|20010e3fb1[payload->]?.||45,375
2025-07-31T23:00:33.805 0100|01|00|07|f701fe|20010e00008aec[payload->]....||60,554
2025-07-31T23:10:43.174 0100|00|00|05|fa0001|20010e3fb1[payload->]?.||45,375
2025-07-31T23:10:43.275 0100|01|00|07|f701fe|20010e00008aec[payload->]....||60,554
2025-07-31T23:20:53.330 0100|00|00|05|fa0003|20010e87b0[payload->]..||45,191
2025-07-31T23:20:53.330 0100|01|00|07|f701fe|20010e00014a2d[payload->]..J-||11,594
2025-07-31T23:31:01.452 0100|00|00|05|fa0001|20010e3fb1[payload->]?.||45,375
2025-07-31T23:31:01.553 0100|01|00|07|f701fe|20010e00008aec[payload->]....||60,554
2025-08-01T00:01:29.131 0100|00|00|05|fa0001|20010e3fb1[payload->]?.||45,375
2025-08-01T00:01:29.233 0100|01|00|07|f701fe|20010e00008aec[payload->]....||60,554
2025-08-01T00:11:38.754 0100|00|00|05|fa0003|20010e87b0[payload->]..||45,191
2025-08-01T00:11:38.755 0100|01|00|07|f701fe|20010e00014a2d[payload->]..J-||11,594
2025-08-01T00:31:54.784 0100|00|00|05|fa0001|20010e3fb1[payload->]?.||45,375
2025-08-01T00:31:54.885 0100|01|00|07|f701fe|20010e00008aec[payload->]....||60,554
2025-08-01T00:31:56.000 0100|00|00|05|fa0003|20010e87b0[payload->]..||45,191
2025-08-01T00:31:56.000 0100|01|00|07|f701fe|20010e00014a2d[payload->]..J-||11,594
2025-08-01T00:42:04.689 0100|00|00|05|fa0003|20010e87b0[payload->]..||45,191
2025-08-01T00:42:04.690 0100|01|00|07|f701fe|20010e00014a2d[payload->]..J-||11,594
2025-08-01T00:52:13.023 0100|00|00|05|fa0001|20010e3fb1[payload->]?.||45,375
2025-08-01T00:52:13.124 0100|01|00|07|f701fe|20010e00008aec[payload->]....||60,554
2025-08-01T00:52:14.138 0100|00|00|05|fa0003|20010e87b0[payload->]..||45,191
2025-08-01T00:52:14.239 0100|01|00|07|f701fe|20010e00014a2d[payload->]..J-||11,594
2025-08-01T01:02:22.423 0100|00|00|05|fa0001|20010e3fb1[payload->]?.||45,375
2025-08-01T01:02:22.424 0100|01|00|07|f701fe|20010e00008aec[payload->]....||60,554
2025-08-01T01:22:40.571 0100|00|00|05|fa0001|20010e3fb1[payload->]?.||45,375
2025-08-01T01:22:40.571 0100|01|00|07|f701fe|20010e00008aec[payload->]....||60,554
2025-08-01T01:32:49.928 0100|00|00|05|fa0003|20010e87b0[payload->]..||45,191
2025-08-01T01:32:49.929 0100|01|00|07|f701fe|20010e00014a2d[payload->]..J-||11,594
2025-08-01T01:42:58.499 0100|00|00|05|fa0003|20010e87b0[payload->]..||45,191
2025-08-01T01:42:58.600 0100|01|00|07|f701fe|20010e00014a2d[payload->]..J-||11,594
2025-08-01T02:03:15.527 0100|00|00|05|fa0001|20010e3fb1[payload->]?.||45,375
2025-08-01T02:03:15.628 0100|01|00|07|f701fe|20010e00008aec[payload->]....||60,554
2025-08-01T02:03:16.236 0100|00|00|05|fa0003|20010e87b0[payload->]..||45,191
2025-08-01T02:03:16.338 0100|01|00|07|f701fe|20010e00014a2d[payload->]..J-||11,594
2025-08-01T02:13:24.021 0100|00|00|05|fa0001|20010e3fb1[payload->]?.||45,375
2025-08-01T02:13:24.021 0100|01|00|07|f701fe|20010e00008aec[payload->]....||60,554
2025-08-01T02:13:24.730 0100|01|00|07|f701fe|20010e00014a2d[payload->]..J-||11,594
2025-08-01T02:23:33.301 0100|00|00|05|fa0001|20010e3fb1[payload->]?.||45,375
2025-08-01T02:23:33.402 0100|01|00|07|f701fe|20010e00008aec[payload->]....||60,554
2025-08-01T02:23:34.112 0100|00|00|05|fa0003|20010e87b0[payload->]..||45,191
2025-08-01T02:23:34.112 0100|01|00|07|f701fe|20010e00014a2d[payload->]..J-||11,594
2025-08-01T02:33:41.617 0100|00|00|05|fa0001|20010e3fb1[payload->]?.||45,375
2025-08-01T02:33:41.819 0100|01|00|07|f701fe|20010e00008aec[payload->]....||60,554
2025-08-01T02:33:42.426 0100|00|00|05|fa0003|20010e87b0[payload->]..||45,191
2025-08-01T02:33:42.527 0100|01|00|07|f701fe|20010e00014a2d[payload->]..J-||11,594
2025-08-01T02:43:52.162 0100|00|00|05|fa0003|20010e87b0[payload->]..||45,191
2025-08-01T02:43:52.263 0100|01|00|07|f701fe|20010e00014a2d[payload->]..J-||11,594
2025-08-01T02:53:59.086 0100|00|00|05|fa0001|20010e3fb1[payload->]?.||45,375
2025-08-01T02:53:59.187 0100|01|00|07|f701fe|20010e00008aec[payload->]....||60,554
2025-08-01T02:54:00.301 0100|00|00|05|fa0003|20010e87b0[payload->]..||45,191
2025-08-01T02:54:00.302 0100|01|00|07|f701fe|20010e0001ecf1[payload->]....||61,932
2025-08-01T03:04:07.731 0100|00|00|05|fa0001|20010e3fb1[payload->]?.||45,375
2025-08-01T03:04:07.732 0100|01|00|07|f701fe|20010e00008aec[payload->]....||60,554
2025-08-01T03:04:08.644 0100|00|00|05|fa0003|20010e87b0[payload->]..||45,191
2025-08-01T03:04:08.745 0100|01|00|07|f701fe|20010e00014a2d[payload->]..J-||11,594
2025-08-01T03:14:16.291 0100|00|00|05|fa0001|20010e3fb1[payload->]?.||45,375
2025-08-01T03:14:16.291 0100|01|00|07|f701fe|20010e00008aec[payload->]....||60,554
2025-08-01T03:24:24.873 0100|00|00|05|fa0001|20010e3fb1[payload->]?.||45,375
2025-08-01T03:24:24.975 0100|01|00|07|f701fe|20010e00008aec[payload->]....||60,554
2025-08-01T03:24:26.090 0100|00|00|05|fa0003|20010e87b0[payload->]..||45,191
2025-08-01T03:24:26.090 0100|01|00|07|f701fe|20010e00014a2d[payload->]..J-||11,594
2025-08-01T03:34:33.372 0100|00|00|05|fa0001|20010e3fb1[payload->]?.||45,375
2025-08-01T03:34:33.372 0100|01|00|07|f701fe|20010e00008aec[payload->]....||60,554
2025-08-01T03:44:41.499 0100|01|00|07|f701fe|20010e00008aec[payload->]....||60,554
2025-08-01T03:44:41.904 0100|00|00|05|fa0003|20010e87b0[payload->]..||45,191
2025-08-01T03:44:42.005 0100|01|00|07|f701fe|20010e00014a2d[payload->]..J-||11,594
2025-08-01T03:54:50.277 0100|00|00|05|fa0001|20010e3fb1[payload->]?.||45,375
2025-08-01T03:54:50.379 0100|01|00|07|f701fe|20010e00008aec[payload->]....||60,554
2025-08-01T04:04:59.292 0100|00|00|05|fa0001|20010e3fb1[payload->]?.||45,375
2025-08-01T04:04:59.393 0100|01|00|07|f701fe|20010e00008aec[payload->]....||60,554
2025-08-01T04:15:08.673 0100|00|00|05|fa0001|20010e3fb1[payload->]?.||45,375
2025-08-01T04:15:08.774 0100|01|00|07|f701fe|20010e00008aec[payload->]....||60,554
2025-08-01T04:15:09.281 0100|00|00|05|fa0003|20010e87b0[payload->]..||45,191
2025-08-01T04:15:09.282 0100|01|00|07|f701fe|20010e00014a2d[payload->]..J-||11,594
2025-08-01T04:25:18.728 0100|00|00|05|fa0003|20010e87b0[payload->]..||45,191
2025-08-01T04:25:18.729 0100|01|00|07|f701fe|20010e00014a2d[payload->]..J-||11,594
2025-08-01T04:35:26.363 0100|00|00|05|fa0001|20010e3fb1[payload->]?.||45,375
2025-08-01T04:35:26.465 0100|01|00|07|f701fe|20010e00008aec[payload->]....||60,554
2025-08-01T04:35:27.478 0100|00|00|05|fa0003|20010e87b0[payload->]..||45,191
2025-08-01T04:35:27.479 0100|01|00|07|f701fe|20010e00014a2d[payload->]..J-||11,594
2025-08-01T04:45:36.118 0100|00|00|05|fa0001|20010e3fb1[payload->]?.||45,375
2025-08-01T04:55:45.194 0100|00|00|05|fa0001|20010e3fb1[payload->]?.||45,375
2025-08-01T04:55:45.194 0100|01|00|07|f701fe|20010e00008aec[payload->]....||60,554
2025-08-01T05:05:54.541 0100|00|00|05|fa0001|20010e3fb1[payload->]?.||45,375
2025-08-01T05:05:54.642 0100|01|00|07|f701fe|20010e00008aec[payload->]....||60,554
2025-08-01T05:05:55.554 0100|00|00|05|fa0003|20010e87b0[payload->]..||45,191
2025-08-01T05:16:04.065 0100|00|00|05|fa0003|20010e87b0[payload->]..||45,191
2025-08-01T05:16:04.166 0100|01|00|07|f701fe|20010e00014a2d[payload->]..J-||11,594
2025-08-01T05:26:11.165 0100|00|00|05|fa0001|20010e3fb1[payload->]?.||45,375
2025-08-01T05:26:11.266 0100|01|00|07|f701fe|20010e00008aec[payload->]....||60,554
2025-08-01T05:26:11.975 0100|00|00|05|fa0003|20010e87b0[payload->]..||45,191
2025-08-01T05:26:12.077 0100|01|00|07|f701fe|20010e00014a2d[payload->]..J-||11,594
2025-08-01T05:36:20.349 0100|00|00|05|fa0001|20010e3fb1[payload->]?.||45,375
2025-08-01T05:36:20.450 0100|01|00|07|f701fe|20010e00008aec[payload->]....||60,554
2025-08-01T05:46:29.073 0100|00|00|05|fa0001|20010e3fb1[payload->]?.||45,375
2025-08-01T05:46:29.782 0100|00|00|05|fa0003|20010e87b0[payload->]..||45,191
2025-08-01T05:46:29.783 0100|01|00|07|f701fe|20010e00014a2d[payload->]..J-||11,594
2025-08-01T06:06:48.154 0100|00|00|05|fa0003|20010e87b0[payload->]..||45,191
2025-08-01T06:06:48.255 0100|01|00|07|f701fe|20010e00014a2d[payload->]..J-||11,594
2025-08-01T06:27:05.136 0100|00|00|05|fa0001|20010e3fb1[payload->]?.||45,375
2025-08-01T06:27:05.136 0100|01|00|07|f701fe|20010e00008aec[payload->]....||60,554
2025-08-01T06:27:06.251 0100|00|00|05|fa0003|20010e87b0[payload->]..||45,191
2025-08-01T06:27:06.352 0100|01|00|07|f701fe|20010e00014a2d[payload->]..J-||11,594
2025-08-01T06:37:13.427 0100|00|00|05|fa0001|20010e3fb1[payload->]?.||45,375
2025-08-01T06:37:13.427 0100|01|00|07|f701fe|20010e00008aec[payload->]....||60,554
2025-08-01T06:37:14.036 0100|00|00|05|fa0003|20010e87b0[payload->]..||45,191
2025-08-01T06:37:14.137 0100|01|00|07|f701fe|20010e00014a2d[payload->]..J-||11,594
2025-08-01T06:47:21.505 0100|00|00|05|fa0001|20010e3fb1[payload->]?.||45,375
2025-08-01T06:47:22.620 0100|01|00|07|f701fe|20010e00014a2d[payload->]..J-||11,594
2025-08-01T06:57:29.832 0100|00|00|05|fa0001|20010e3fb1[payload->]?.||45,375
2025-08-01T06:57:29.933 0100|01|00|07|f701fe|20010e00008aec[payload->]....||60,554
2025-08-01T07:07:39.571 0100|00|00|05|fa0003|20010e87b0[payload->]..||45,191
2025-08-01T07:07:39.572 0100|01|00|07|f701fe|20010e00014a2d[payload->]..J-||11,594
2025-08-01T07:17:48.699 0100|00|00|05|fa0003|20010e87b0[payload->]..||45,191
2025-08-01T07:17:48.699 0100|01|00|07|f701fe|20010e00014a2d[payload->]..J-||11,594
2025-08-01T07:38:05.576 0100|00|00|05|fa0001|20010e3fb1[payload->]?.||45,375
2025-08-01T07:38:05.577 0100|01|00|07|f701fe|20010e00008aec[payload->]....||60,554
2025-08-01T07:58:22.456 0100|00|00|05|fa0001|20010e3fb1[payload->]?.||45,375
2025-08-01T07:58:22.557 0100|01|00|07|f701fe|20010e00008aec[payload->]....||60,554
2025-08-01T07:58:23.267 0100|00|00|05|fa0003|20010e87b0[payload->]..||45,191
2025-08-01T07:58:23.368 0100|01|00|07|f701fe|20010e00014a2d[payload->]..J-||11,594
2025-08-01T08:08:31.826 0100|00|00|05|fa0001|20010e3fb1[payload->]?.||45,375
2025-08-01T08:08:32.535 0100|00|00|05|fa0003|20010e87b0[payload->]..||45,191
2025-08-01T08:08:32.535 0100|01|00|07|f701fe|20010e00014a2d[payload->]..J-||11,594
2025-08-01T08:18:40.284 0100|00|00|05|fa0001|20010e3fb1[payload->]?.||45,375
2025-08-01T08:18:40.385 0100|01|00|07|f701fe|20010e00008aec[payload->]....||60,554
2025-08-01T08:18:41.399 0100|00|00|05|fa0003|20010e87b0[payload->]..||45,191
2025-08-01T08:18:41.500 0100|01|00|07|f701fe|20010e00014a2d[payload->]..J-||11,594
2025-08-01T08:28:49.171 0100|00|00|05|fa0001|20010e3fb1[payload->]?.||45,375
2025-08-01T08:28:49.171 0100|01|00|07|f701fe|20010e00008aec[payload->]....||60,554
2025-08-01T08:28:50.083 0100|00|00|05|fa0003|20010e87b0[payload->]..||45,191
2025-08-01T08:28:50.184 0100|01|00|07|f701fe|20010e00014a2d[payload->]..J-||11,594
2025-08-01T08:59:15.499 0100|00|00|05|fa0001|20010e3fb1[payload->]?.||45,375
2025-08-01T08:59:15.600 0100|01|00|07|f701fe|20010e00008aec[payload->]....||60,554
2025-08-01T08:59:16.816 0100|00|00|05|fa0003|20010e87b0[payload->]..||45,191
2025-08-01T08:59:16.917 0100|01|00|07|f701fe|20010e00014a2d[payload->]..J-||11,594
2025-08-01T09:19:33.075 0100|00|00|05|fa0001|20010e3fb1[payload->]?.||45,375
2025-08-01T09:19:33.176 0100|01|00|07|f701fe|20010e00008aec[payload->]....||60,554
2025-08-01T09:29:43.343 0100|00|00|05|fa0003|20010e87b0[payload->]..||45,191
2025-08-01T09:29:43.444 0100|01|00|07|f701fe|20010e00014a2d[payload->]..J-||11,594
2025-08-01T09:50:00.248 0100|00|00|05|fa0001|20010e3fb1[payload->]?.||45,375
2025-08-01T09:50:00.248 0100|01|00|07|f701fe|20010e00008aec[payload->]....||60,554
2025-08-01T10:10:17.904 0100|00|00|05|fa0001|20010e3fb1[payload->]?.||45,375
2025-08-01T10:10:18.006 0100|01|00|07|f701fe|20010e00008aec[payload->]....||60,554
2025-08-01T10:10:18.614 0100|00|00|05|fa0003|20010e87b0[payload->]..||45,191
2025-08-01T10:10:18.715 0100|01|00|07|f701fe|20010e00014a2d[payload->]..J-||11,594
2025-08-01T10:20:26.887 0100|01|00|07|f701fe|20010e00008aec[payload->]....||60,554
2025-08-01T10:30:36.676 0100|00|00|05|fa0003|20010e87b0[payload->]..||45,191
2025-08-01T10:30:36.676 0100|01|00|07|f701fe|20010e00010100[payload->]....||0,001
2025-08-01T10:40:44.088 0100|00|00|05|fa0001|20010e3fb1[payload->]?.||45,375
2025-08-01T10:40:44.190 0100|01|00|07|f701fe|20010e00008aec[payload->]....||60,554
2025-08-01T10:50:53.106 0100|00|00|05|fa0001|20010e3fb1[payload->]?.||45,375
2025-08-01T10:50:53.106 0100|01|00|07|f701fe|20010e00008aec[payload->]....||60,554
2025-08-01T11:01:02.748 0100|00|00|05|fa0001|20010e3fb1[payload->]?.||45,375
2025-08-01T11:01:03.458 0100|00|00|05|fa0003|20010e87b0[payload->]..||45,191
2025-08-01T11:01:03.559 0100|01|00|07|f701fe|20010e00014a2d[payload->]..J-||11,594
2025-08-01T11:11:11.271 0100|00|00|05|fa0001|20010e3fb1[payload->]?.||45,375
2025-08-01T11:11:11.372 0100|01|00|07|f701fe|20010e00008aec[payload->]....||60,554
2025-08-01T11:11:11.778 0100|00|00|05|fa0003|20010e87b0[payload->]..||45,191
2025-08-01T11:11:11.879 0100|01|00|07|f701fe|20010e00014a2d[payload->]..J-||11,594
2025-08-01T11:21:20.720 0100|00|00|05|fa0001|20010e3fb1[payload->]?.||45,375
2025-08-01T11:41:41.114 0100|00|00|05|fa0003|20010e87b0[payload->]..||45,191
2025-08-01T11:41:41.114 0100|01|00|07|f701fe|20010e00014a2d[payload->]..J-||11,594
2025-08-01T11:51:48.466 0100|00|00|05|fa0001|20010e3eb1[payload->]>.||45,374
2025-08-01T11:51:48.467 0100|01|00|07|f701fe|20010e00008aec[payload->]....||60,554
2025-08-01T12:01:58.662 0100|00|00|05|fa0003|20010e87b0[payload->]..||45,191
2025-08-01T12:01:58.763 0100|01|00|07|f701fe|20010e00014a2d[payload->]..J-||11,594
2025-08-01T12:12:07.906 0100|00|00|05|fa0003|20010e87b0[payload->]..||45,191
2025-08-01T12:12:07.906 0100|01|00|07|f701fe|20010e00014a2d[payload->]..J-||11,594
2025-08-01T12:22:15.399 0100|00|00|05|fa0001|20010e3fb1[payload->]?.||45,375
2025-08-01T12:22:15.399 0100|01|00|07|f701fe|20010e00008aec[payload->]....||60,554
2025-08-01T12:32:23.982 0100|00|00|05|fa0001|20010e3fb1[payload->]?.||45,375
2025-08-01T12:32:23.983 0100|01|00|07|f701fe|20010e00008aec[payload->]....||60,554
2025-08-01T13:02:49.926 0100|00|00|05|fa0001|20010e3fb1[payload->]?.||45,375
2025-08-01T13:02:49.927 0100|01|00|07|f701fe|20010e00008aec[payload->]....||60,554
2025-08-01T13:23:08.581 0100|01|00|07|f701fe|20010e00014a2d[payload->]..J-||11,594
2025-08-01T13:43:25.201 0100|00|00|05|fa0001|20010e3fb1[payload->]?.||45,375
2025-08-01T13:43:25.302 0100|01|00|07|f701fe|20010e00008aec[payload->]....||60,554
2025-08-01T13:53:33.810 0100|00|00|05|fa0001|20010e3fb1[payload->]?.||45,375
2025-08-01T13:53:33.811 0100|01|00|07|f701fe|20010e00008aec[payload->]....||60,554
2025-08-01T13:53:35.026 0100|00|00|05|fa0003|20010e87b0[payload->]..||45,191
2025-08-01T13:53:35.127 0100|01|00|07|f701fe|20010e00014a2d[payload->]..J-||11,594
2025-08-01T14:03:42.976 0100|00|00|05|fa0001|20010e3fb1[payload->]?.||45,375
2025-08-01T14:03:43.077 0100|01|00|07|f701fe|20010e00008aec[payload->]....||60,554
2025-08-01T14:03:43.686 0100|00|00|05|fa0003|20010e87b0[payload->]..||45,191
2025-08-01T14:03:43.687 0100|01|00|07|f701fe|20010e00014a2d[payload->]..J-||11,594
2025-08-01T14:13:51.606 0100|00|00|05|fa0001|20010e3fb1[payload->]?.||45,375
2025-08-01T14:13:51.606 0100|01|00|07|f701fe|20010e00008aec[payload->]....||60,554
2025-08-01T14:13:52.112 0100|00|00|05|fa0003|20010e87b0[payload->]..||45,191
2025-08-01T14:13:52.213 0100|01|00|07|f701fe|20010e00014a2d[payload->]..J-||11,594
2025-08-01T14:24:00.969 0100|00|00|05|fa0001|20010e3fb1[payload->]?.||45,375
2025-08-01T14:24:01.070 0100|01|00|07|f701fe|20010e00008aec[payload->]....||60,554
2025-08-01T14:24:01.476 0100|00|00|05|fa0003|20010e87b0[payload->]..||45,191
2025-08-01T14:24:01.577 0100|01|00|07|f701fe|20010e00014a2d[payload->]..J-||11,594
2025-08-01T14:34:08.572 0100|00|00|05|fa0001|20010e3fb1[payload->]?.||45,375
2025-08-01T14:34:08.673 0100|01|00|07|f701fe|20010e00008aec[payload->]....||60,554
2025-08-01T14:34:09.383 0100|00|00|05|fa0003|20010e87b0[payload->]..||45,191
2025-08-01T14:34:09.383 0100|01|00|07|f701fe|20010e00014a2d[payload->]..J-||11,594
2025-08-01T14:44:18.211 0100|00|00|05|fa0003|20010e87b0[payload->]..||45,191
2025-08-01T14:44:18.312 0100|01|00|07|f701fe|20010e00014a2d[payload->]..J-||11,594
2025-08-01T15:04:34.666 0100|00|00|05|fa0001|20010e3fb1[payload->]?.||45,375
2025-08-01T15:04:34.767 0100|01|00|07|f701fe|20010e00008aec[payload->]....||60,554
2025-08-01T15:14:43.809 0100|00|00|05|fa0001|20010e3fb1[payload->]?.||45,375
2025-08-01T15:14:43.910 0100|01|00|07|f701fe|20010e00008aec[payload->]....||60,554
2025-08-01T15:24:53.276 0100|00|00|05|fa0001|20010e3fb1[payload->]?.||45,375
2025-08-01T15:24:53.377 0100|01|00|07|f701fe|20010e00008aec[payload->]....||60,554
2025-08-01T15:24:53.783 0100|00|00|05|fa0003|20010e87b0[payload->]..||45,191
2025-08-01T15:24:53.884 0100|01|00|07|f701fe|20010e00014a2d[payload->]..J-||11,594
2025-08-01T15:35:02.304 0100|00|00|05|fa0001|20010e3fb1[payload->]?.||45,375
2025-08-01T15:35:02.406 0100|01|00|07|f701fe|20010e00008aec[payload->]....||60,554
2025-08-01T15:35:03.014 0100|00|00|05|fa0003|20010e87b0[payload->]..||45,191
2025-08-01T15:35:03.116 0100|01|00|07|f701fe|20010e00014a2d[payload->]..J-||11,594
2025-08-01T15:45:11.588 0100|00|00|05|fa0003|20010e87b0[payload->]..||45,191
2025-08-01T15:45:11.689 0100|01|00|07|f701fe|20010e00014a2d[payload->]..J-||11,594
2025-08-01T15:55:19.339 0100|00|00|05|fa0003|20010e87b0[payload->]..||45,191
2025-08-01T15:55:19.340 0100|01|00|07|f701fe|20010e00014a2d[payload->]..J-||11,594
2025-08-01T16:05:28.318 0100|01|00|07|f701fe|20010e00014a2d[payload->]..J-||11,594
2025-08-01T16:25:46.571 0100|00|00|05|fa0003|20010e87b0[payload->]..||45,191
2025-08-01T16:25:46.672 0100|01|00|07|f701fe|20010e00014a2d[payload->]..J-||11,594
2025-08-01T16:35:53.801 0100|00|00|05|fa0001|20010e3fb1[payload->]?.||45,375
2025-08-01T16:35:53.903 0100|01|00|07|f701fe|20010e00008aec[payload->]....||60,554
2025-08-01T16:35:54.915 0100|00|00|05|fa0003|20010e87b0[payload->]..||45,191
2025-08-01T16:35:55.016 0100|01|00|07|f701fe|20010e00014a2d[payload->]..J-||11,594
2025-08-01T16:46:04.317 0100|00|00|05|fa0003|20010e87b0[payload->]..||45,191
2025-08-01T16:46:04.317 0100|01|00|07|f701fe|20010e00014a2d[payload->]..J-||11,594
2025-08-01T16:56:11.659 0100|00|00|05|fa0001|20010e3fb1[payload->]?.||45,375
2025-08-01T16:56:11.760 0100|01|00|07|f701fe|20010e00008aec[payload->]....||60,554
2025-08-01T16:56:12.672 0100|00|00|05|fa0003|20010e87b0[payload->]..||45,191
2025-08-01T16:56:12.773 0100|01|00|07|f701fe|20010e00014a2d[payload->]..J-||11,594
2025-08-01T17:16:28.656 0100|01|00|07|f701fe|20010e00008aec[payload->]....||60,554
2025-08-01T17:26:38.409 0100|00|00|05|fa0003|20010e87b0[payload->]..||45,191
2025-08-01T17:26:38.409 0100|01|00|07|f701fe|20010e00014a2d[payload->]..J-||11,594
2025-08-01T17:46:54.695 0100|00|00|05|fa0001|20010e3fb1[payload->]?.||45,375
2025-08-01T17:46:54.796 0100|01|00|07|f701fe|20010e00008aec[payload->]....||60,554
2025-08-01T17:46:56.115 0100|00|00|05|fa0003|20010e87b0[payload->]..||45,191
2025-08-01T17:46:56.216 0100|01|00|07|f701fe|20010e00014a2d[payload->]..J-||11,594
2025-08-01T17:57:04.246 0100|00|00|05|fa0001|20010e3fb1[payload->]?.||45,375
2025-08-01T17:57:04.347 0100|01|00|07|f701fe|20010e00008aec[payload->]....||60,554
2025-08-01T17:57:04.854 0100|00|00|05|fa0003|20010e87b0[payload->]..||45,191
2025-08-01T17:57:04.955 0100|01|00|07|f701fe|20010e00014a2d[payload->]..J-||11,594
2025-08-01T18:07:14.349 0100|00|00|05|fa0003|20010e87b0[payload->]..||45,191
2025-08-01T18:07:14.349 0100|01|00|07|f701fe|20010e00014a2d[payload->]..J-||11,594
2025-08-01T18:17:22.569 0100|00|00|05|fa0003|20010e87b0[payload->]..||45,191
2025-08-01T18:17:22.670 0100|01|00|07|f701fe|20010e00014a2d[payload->]..J-||11,594
2025-08-01T18:37:38.326 0100|00|00|05|fa0001|20010e3fb1[payload->]?.||45,375
2025-08-01T18:37:38.327 0100|01|00|07|f701fe|20010e00008aec[payload->]....||60,554
2025-08-01T18:47:46.053 0100|00|00|05|fa0001|20010e3fb1[payload->]?.||45,375
2025-08-01T18:47:46.155 0100|01|00|07|f701fe|20010e00008aec[payload->]....||60,554
2025-08-01T18:47:46.966 0100|00|00|05|fa0003|20010e87b0[payload->]..||45,191
2025-08-01T18:47:47.068 0100|01|00|07|f701fe|20010e00014a2d[payload->]..J-||11,594
2025-08-01T18:57:54.787 0100|00|00|05|fa0001|20010e3fb1[payload->]?.||45,375
2025-08-01T18:57:54.888 0100|01|00|07|f701fe|20010e00008aec[payload->]....||60,554
2025-08-01T18:57:56.105 0100|00|00|05|fa0003|20010e87b0[payload->]..||45,191
2025-08-01T18:57:56.206 0100|01|00|07|f701fe|20010e00014a2d[payload->]..J-||11,594
2025-08-01T19:08:04.437 0100|00|00|05|fa0001|20010e3fb1[payload->]?.||45,375
2025-08-01T19:08:04.538 0100|01|00|07|f701fe|20010e00008aec[payload->]....||60,554
2025-08-01T19:08:05.044 0100|00|00|05|fa0003|20010e87b0[payload->]..||45,191
2025-08-01T19:08:05.145 0100|01|00|07|f701fe|20010e00014a2d[payload->]..J-||11,594
2025-08-01T19:18:13.873 0100|00|00|05|fa0003|20010e87b0[payload->]..||45,191
2025-08-01T19:18:13.874 0100|01|00|07|f701fe|20010e00014a2d[payload->]..J-||11,594
2025-08-01T19:38:29.928 0100|00|00|05|fa0001|20010e3fb1[payload->]?.||45,375
2025-08-01T19:38:30.030 0100|01|00|07|f701fe|20010e00008aec[payload->]....||60,554
2025-08-01T19:38:31.145 0100|00|00|05|fa0003|20010e87b0[payload->]..||45,191
2025-08-01T19:38:31.145 0100|01|00|07|f701fe|20010e00014a2d[payload->]..J-||11,594
2025-08-01T19:58:46.147 0100|01|00|07|f701fe|20010e00008aec[payload->]....||60,554
2025-08-01T19:58:47.464 0100|00|00|05|fa0003|20010e87b0[payload->]..||45,191
2025-08-01T20:08:56.425 0100|00|00|05|fa0003|20010e87b0[payload->]..||45,191
2025-08-01T20:08:56.425 0100|01|00|07|f701fe|20010e00014a2d[payload->]..J-||11,594
2025-08-01T20:19:03.425 0100|01|00|07|f701fe|20010e00008aec[payload->]....||60,554
2025-08-01T20:39:21.634 0100|00|00|05|fa0001|20010e3fb1[payload->]?.||45,375
2025-08-01T20:39:21.634 0100|01|00|07|f701fe|20010e00008aec[payload->]....||60,554
2025-08-01T20:39:22.141 0100|00|00|05|fa0003|20010e87b0[payload->]..||45,191
2025-08-01T20:39:22.242 0100|01|00|07|f701fe|20010e00014a2d[payload->]..J-||11,594
2025-08-01T20:49:30.084 0100|00|00|05|fa0001|20010e3fb1[payload->]?.||45,375
2025-08-01T20:49:30.185 0100|01|00|07|f701fe|20010e00008aec[payload->]....||60,554
2025-08-01T20:59:39.591 0100|00|00|05|fa0003|20010e87b0[payload->]..||45,191
2025-08-01T20:59:39.591 0100|01|00|07|f701fe|20010e00014a2d[payload->]..J-||11,594
2025-08-01T21:40:14.182 0100|00|00|05|fa0001|20010e3fb1[payload->]?.||45,375
2025-08-01T21:40:14.283 0100|01|00|07|f701fe|20010e00008aec[payload->]....||60,554
2025-08-01T21:50:24.304 0100|00|00|05|fa0003|20010e87b0[payload->]..||45,191
2025-08-01T21:50:24.405 0100|01|00|07|f701fe|20010e00014a2d[payload->]..J-||11,594
2025-08-01T22:10:42.436 0100|00|00|05|fa0003|20010e87b0[payload->]..||45,191
2025-08-01T22:10:42.537 0100|01|00|07|f701fe|20010e00014a2d[payload->]..J-||11,594
2025-08-01T22:20:50.366 0100|00|00|05|fa0001|20010e3fb1[payload->]?.||45,375
2025-08-01T22:20:50.366 0100|01|00|07|f701fe|20010e00008aec[payload->]....||60,554
2025-08-01T22:20:51.177 0100|00|00|05|fa0003|20010e87b0[payload->]..||45,191
2025-08-01T22:20:51.279 0100|01|00|07|f701fe|20010e00014a2d[payload->]..J-||11,594
2025-08-01T22:30:59.199 0100|00|00|05|fa0001|20010e3fb1[payload->]?.||45,375
2025-08-01T22:31:00.111 0100|00|00|05|fa0003|20010e87b0[payload->]..||45,191
2025-08-01T22:31:00.111 0100|01|00|07|f701fe|20010e00014a2d[payload->]..J-||11,594
2025-08-01T22:41:08.318 0100|00|00|05|fa0001|20010e3fb1[payload->]?.||45,375
2025-08-01T22:41:08.419 0100|01|00|07|f701fe|20010e00008aec[payload->]....||60,554
2025-08-01T22:41:09.027 0100|00|00|05|fa0003|20010e87b0[payload->]..||45,191
2025-08-01T22:41:09.128 0100|01|00|07|f701fe|20010e00014a2d[payload->]..J-||11,594
2025-08-01T22:51:17.475 0100|00|00|05|fa0001|20010e3fb1[payload->]?.||45,375
2025-08-01T22:51:17.475 0100|01|00|07|f701fe|20010e00008aec[payload->]....||60,554
2025-08-01T22:51:17.982 0100|00|00|05|fa0003|20010e87b0[payload->]..||45,191
2025-08-01T22:51:18.083 0100|01|00|07|f701fe|20010e00014a2d[payload->]..J-||11,594
2025-08-01T23:01:26.240 0100|00|00|05|fa0001|20010e3fb1[payload->]?.||45,375
2025-08-01T23:01:26.241 0100|01|00|07|f701fe|20010e00008aec[payload->]....||60,554
2025-08-01T23:01:27.051 0100|00|00|05|fa0003|20010e87b0[payload->]..||45,191
2025-08-01T23:01:27.152 0100|01|00|07|f701fe|20010e00014a2d[payload->]..J-||11,594
2025-08-01T23:21:43.607 0100|00|00|05|fa0001|20010e3fb1[payload->]?.||45,375
2025-08-01T23:21:43.709 0100|01|00|07|f701fe|20010e00008aec[payload->]....||60,554
2025-08-01T23:21:44.519 0100|00|00|05|fa0003|20010e87b0[payload->]..||45,191
2025-08-01T23:21:44.621 0100|01|00|07|f701fe|20010e00014a2d[payload->]..J-||11,594
2025-08-01T23:31:53.151 0100|01|00|07|f701fe|20010e00014a2d[payload->]..J-||11,594
2025-08-01T23:42:00.300 0100|00|00|05|fa0001|20010e3fb1[payload->]?.||45,375
2025-08-01T23:42:00.301 0100|01|00|07|f701fe|20010e00008aec[payload->]....||60,554
2025-08-01T23:52:09.269 0100|00|00|05|fa0001|20010e3fb1[payload->]?.||45,375
2025-08-01T23:52:09.370 0100|01|00|07|f701fe|20010e00008aec[payload->]....||60,554
2025-08-01T23:52:10.079 0100|00|00|05|fa0003|20010e87b0[payload->]..||45,191
2025-08-01T23:52:10.181 0100|01|00|07|f701fe|20010e00014a2d[payload->]..J-||11,594
2025-08-02T00:12:26.277 0100|00|00|05|fa0001|20010e3fb1[payload->]?.||45,375
2025-08-02T00:12:26.277 0100|03|00|07|f701fe|20010e00008aec[payload->]....||60,554
2025-08-02T00:22:35.571 0100|00|00|05|fa0001|20010e3fb1[payload->]?.||45,375
2025-08-02T00:22:35.672 0100|01|00|07|f701fe|20010e00008aec[payload->]....||60,554
2025-08-02T00:22:36.381 0100|00|00|05|fa0003|20010e87b0[payload->]..||45,191
2025-08-02T00:32:44.172 0100|00|00|05|fa0001|20010e3fb1[payload->]?.||45,375
2025-08-02T00:32:44.172 0100|01|00|07|f701fe|20010e00008aec[payload->]....||60,554
2025-08-02T00:32:45.084 0100|00|00|05|fa0003|20010e87b0[payload->]..||45,191
2025-08-02T00:32:45.084 0100|01|00|07|f701fe|20010e00014a2d[payload->]..J-||11,594
2025-08-02T00:42:52.170 0100|00|00|05|fa0001|20010e3fb1[payload->]?.||45,375
2025-08-02T00:42:52.271 0100|01|00|07|f701fe|20010e00008aec[payload->]....||60,554
2025-08-02T00:52:59.996 0100|00|00|05|fa0001|20010e3fb1[payload->]?.||45,375
2025-08-02T00:53:00.097 0100|01|00|07|f701fe|20010e00008aec[payload->]....||60,554
2025-08-02T00:53:00.908 0100|00|00|05|fa0003|20010e87b0[payload->]..||45,191
2025-08-02T00:53:00.909 0100|01|00|07|f701fe|20010e00014a2d[payload->]..J-||11,594
2025-08-02T01:03:09.260 0100|00|00|05|fa0001|20010e3fb1[payload->]?.||45,375
2025-08-02T01:03:09.260 0100|01|00|07|f701fe|20010e00008aec[payload->]....||60,554
2025-08-02T01:03:10.070 0100|00|00|05|fa0003|20010e87b0[payload->]..||45,191
2025-08-02T01:03:10.171 0100|01|00|07|f701fe|20010e00014a2d[payload->]..J-||11,594
2025-08-02T01:13:18.455 0100|00|00|05|fa0001|20010e3fb1[payload->]?.||45,375
2025-08-02T01:13:18.556 0100|01|00|07|f701fe|20010e00008aec[payload->]....||60,554
2025-08-02T01:33:36.325 0100|00|00|05|fa0001|20010e3fb1[payload->]?.||45,375
2025-08-02T01:33:36.325 0100|01|00|07|f701fe|20010e00008aec[payload->]....||60,554
2025-08-02T01:33:37.133 0100|00|00|05|fa0003|20010e87b0[payload->]..||45,191
2025-08-02T01:33:37.234 0100|01|00|07|f701fe|20010e00014a2d[payload->]..J-||11,594
2025-08-02T01:43:46.422 0100|00|00|05|fa0003|20010e87b0[payload->]..||45,191
2025-08-02T01:43:46.422 0100|01|00|07|f701fe|20010e00014a2d[payload->]..J-||11,594
2025-08-02T01:53:55.035 0100|00|00|05|fa0003|20010e87b0[payload->]..||45,191
2025-08-02T01:53:55.136 0100|01|00|07|f701fe|20010e00014a2d[payload->]..J-||11,594
2025-08-02T02:04:03.048 0100|00|00|05|fa0001|20010e3fb1[payload->]?.||45,375
2025-08-02T02:04:03.149 0100|01|00|07|f701fe|20010e00008aec[payload->]....||60,554
2025-08-02T02:04:04.365 0100|00|00|05|fa0003|20010e87b0[payload->]..||45,191
2025-08-02T02:04:04.467 0100|01|00|07|f701fe|20010e00014a2d[payload->]..J-||11,594
2025-08-02T02:14:12.723 0100|00|00|05|fa0001|20010e3fb1[payload->]?.||45,375
2025-08-02T02:14:12.824 0100|03|00|07|f70bfe|20010e00008aec[payload->]....||60,554
2025-08-02T02:14:13.432 0100|00|00|05|fa0003|20010e87b0[payload->]..||45,191
2025-08-02T02:14:13.533 0100|01|00|07|f701fe|20010e00014a2d[payload->]..J-||11,594
2025-08-02T02:24:22.273 0100|00|00|05|fa0003|20010e87b0[payload->]..||45,191
2025-08-02T02:24:22.273 0100|01|00|07|f701fe|20010e00014a2d[payload->]..J-||11,594
2025-08-02T02:34:30.343 0100|00|00|05|fa0001|20010e3fb1[payload->]?.||45,375
2025-08-02T02:34:30.444 0100|01|00|07|f701fe|20010e00008aec[payload->]....||60,554
2025-08-02T02:44:39.377 0100|00|00|05|fa0001|20010e3fb1[payload->]?.||45,375
2025-08-02T02:44:39.378 0100|01|00|07|f701fe|20010e00008aec[payload->]....||60,554
2025-08-02T02:44:40.187 0100|00|00|05|fa0003|20010e87b0[payload->]..||45,191
2025-08-02T02:44:40.188 0100|01|00|07|f701fe|20010e00014a2d[payload->]..J-||11,594
2025-08-02T02:54:48.391 0100|00|00|05|fa0001|20010e3fb1[payload->]?.||45,375
2025-08-02T02:54:48.492 0100|01|00|07|f701fe|20010e00008aec[payload->]....||60,554
2025-08-02T02:54:49.100 0100|00|00|05|fa0003|20010e87b0[payload->]..||45,191
2025-08-02T02:54:49.101 0100|01|00|07|f701fe|20010e00014a2d[payload->]..J-||11,594
2025-08-02T03:04:56.402 0100|00|00|05|fa0001|20010e3fb1[payload->]?.||45,375
2025-08-02T03:04:56.503 0100|09|00|07|f701fe|20010e00088aec[payload->]....||60,554
2025-08-02T03:04:57.112 0100|00|00|05|fa0003|20010e87b0[payload->]..||45,191
2025-08-02T03:04:57.213 0100|01|00|07|f701fe|20010e00014a2d[payload->]..J-||11,594
2025-08-02T03:15:05.976 0100|00|00|05|fa0001|20010e3fb1[payload->]?.||45,375
2025-08-02T03:15:06.077 0100|01|00|07|f701fe|20010e00008aec[payload->]....||60,554
2025-08-02T03:15:06.888 0100|00|00|05|fa0003|20010e87b0[payload->]..||45,191
2025-08-02T03:15:06.989 0100|01|00|07|f701fe|20010e00014a2d[payload->]..J-||11,594
2025-08-02T03:25:14.212 0100|00|00|05|fa0001|20010e3fb1[payload->]?.||45,375
2025-08-02T03:25:14.314 0100|01|00|07|f701fe|20010e00008aec[payload->]....||60,554
2025-08-02T03:25:15.125 0100|00|00|05|fa0003|20010e87b0[payload->]..||45,191
2025-08-02T03:25:15.126 0100|01|00|07|f701fe|20010e00014a2d[payload->]..J-||11,594
2025-08-02T03:55:39.222 0100|00|00|05|fa0001|20010e3fb1[payload->]?.||45,375
2025-08-02T03:55:39.222 0100|01|00|07|f701fe|20010e00008aec[payload->]....||60,554
2025-08-02T03:55:40.135 0100|00|00|05|fa0003|20010e87b0[payload->]..||45,191
2025-08-02T03:55:40.135 0100|01|00|07|f701fe|20010e00014a2d[payload->]..J-||11,594
2025-08-02T04:05:47.295 0100|00|00|05|fa0001|20010e3fb1[payload->]?.||45,375
2025-08-02T04:05:48.308 0100|00|00|05|fa0003|20010e87b0[payload->]..||45,191
2025-08-02T04:05:48.410 0100|01|00|07|f701fe|20010e00014a2d[payload->]..J-||11,594
2025-08-02T04:26:05.658 0100|01|00|07|f701fe|20010e00008aec[payload->]....||60,554
2025-08-02T04:36:14.299 0100|00|00|05|fa0001|20010e3fb1[payload->]?.||45,375
2025-08-02T04:36:14.300 0100|01|00|07|f701fe|20010e00008aec[payload->]....||60,554
2025-08-02T04:36:15.211 0100|00|00|05|fa0003|20010e87b0[payload->]..||45,191
2025-08-02T04:36:15.211 0100|01|00|07|f701fe|20010e00014a2d[payload->]..J-||11,594
2025-08-02T04:46:22.616 0100|00|00|05|fa0001|20010e3fb1[payload->]?.||45,375
2025-08-02T04:46:22.717 0100|01|00|07|f701fe|20010e00008aec[payload->]....||60,554
2025-08-02T04:56:31.429 0100|00|00|05|fa0001|20010e3fb1[payload->]?.||45,375
2025-08-02T04:56:31.530 0100|01|00|07|f701fe|20010e00008aec[payload->]....||60,554
2025-08-02T05:06:40.007 0100|00|00|05|fa0001|20010e3fb1[payload->]?.||45,375
2025-08-02T05:06:40.108 0100|01|00|07|f701fe|20010e00008aec[payload->]....||60,554
2025-08-02T05:06:40.919 0100|00|00|05|fa0003|20010e87b0[payload->]..||45,191
2025-08-02T05:06:40.919 0100|01|00|07|f701fe|20010e00014a2d[payload->]..J-||11,594
2025-08-02T05:26:57.414 0100|00|00|05|fa0001|20010e3fb1[payload->]?.||45,375
2025-08-02T05:26:57.514 0100|01|00|07|f701fe|20010e00008aec[payload->]....||60,554
2025-08-02T05:26:58.731 0100|00|00|05|fa0003|20010e87b0[payload->]..||45,191
2025-08-02T05:26:58.832 0100|01|00|07|f701fe|20010e00014a2d[payload->]..J-||11,594
2025-08-02T05:37:06.279 0100|00|00|05|fa0001|20010e3fb1[payload->]?.||45,375
2025-08-02T05:37:06.380 0100|01|00|07|f701fe|20010e00008aec[payload->]....||60,554
2025-08-02T05:37:07.291 0100|00|00|05|fa0003|20010e87b0[payload->]..||45,191
2025-08-02T05:37:07.291 0100|01|00|07|f701fe|20010e00014a2d[payload->]..J-||11,594
2025-08-02T05:47:15.276 0100|00|00|05|fa0001|20010e3fb1[payload->]?.||45,375
2025-08-02T05:47:15.276 0100|01|00|07|f701fe|20010e00008aec[payload->]....||60,554
2025-08-02T05:47:16.289 0100|01|00|0f|f701fe|20010e00014a2d0100000005fa0003[payload->]..J-........||0,768
2025-08-02T05:57:24.239 0100|00|00|05|fa0001|20010e3fb1[payload->]?.||45,375
2025-08-02T05:57:24.240 0100|01|00|07|f701fe|20010e00008aec[payload->]....||60,554
2025-08-02T05:57:24.949 0100|00|00|05|fa0003|20010e87b0[payload->]..||45,191
2025-08-02T05:57:25.050 0100|01|00|07|f701fe|20010e00014a2d[payload->]..J-||11,594
2025-08-02T06:27:49.904 0100|00|00|05|fa0001|20010e3fb1[payload->]?.||45,375
2025-08-02T06:27:50.005 0100|01|00|07|f701fe|20010e00008aec[payload->]....||60,554
2025-08-02T06:37:59.326 0100|00|00|05|fa0001|20010e3fb1[payload->]?.||45,375
2025-08-02T06:37:59.326 0100|01|00|07|f701fe|20010e00008aec[payload->]....||60,554
2025-08-02T06:38:00.035 0100|00|00|05|fa0003|20010e87b0[payload->]..||45,191
2025-08-02T06:38:00.137 0100|01|00|07|f701fe|20010e00014a2d[payload->]..J-||11,594
2025-08-02T06:48:09.176 0100|00|00|05|fa0003|20010e87b0[payload->]..||45,191
2025-08-02T06:48:09.277 0100|01|00|07|f701fe|20010e00014a2d[payload->]..J-||11,594
2025-08-02T07:08:27.301 0100|00|00|05|fa0003|20010e87b0[payload->]..||45,191
2025-08-02T07:08:27.402 0100|01|00|07|f701fe|20010e00014a2d[payload->]..J-||11,594
2025-08-02T07:28:44.127 0100|00|00|05|fa0001|20010e3fb1[payload->]?.||45,375
2025-08-02T07:28:44.128 0100|01|00|07|f701fe|20010e00008aec[payload->]....||60,554
2025-08-02T07:28:44.938 0100|00|00|05|fa0003|20010e87b0[payload->]..||45,191
2025-08-02T07:28:44.938 0100|01|00|07|f701fe|20010e00014a2d[payload->]..J-||11,594
2025-08-02T07:49:02.140 0100|00|00|05|fa0003|20010e87b0[payload->]..||45,191
2025-08-02T07:49:02.140 0100|01|00|07|f701fe|20010e00014a2d[payload->]..J-||11,594
2025-08-02T07:59:09.985 0100|00|00|05|fa0001|20010e3fb1[payload->]?.||45,375
2025-08-02T07:59:09.985 0100|01|00|07|f701fe|20010e00008aec[payload->]....||60,554
2025-08-02T07:59:11.099 0100|00|00|05|fa0003|20010e87b0[payload->]..||45,191
2025-08-02T07:59:11.099 0100|01|84|07|f701fe|20010e00014a2d[payload->]..J-||11,594
2025-08-02T08:09:18.916 0100|00|00|05|fa0001|20010e3fb1[payload->]?.||45,375
2025-08-02T08:09:18.917 0100|01|00|07|f701fe|20010e00008aec[payload->]....||60,554
2025-08-02T08:09:20.031 0100|00|00|05|fa0003|20010e87b0[payload->]..||45,191
2025-08-02T08:09:20.032 0100|01|00|07|f701fe|20010e00014a2d[payload->]..J-||11,594
2025-08-02T08:29:38.279 0100|00|00|05|fa0003|20010e87b0[payload->]..||45,191
2025-08-02T08:29:38.280 0100|01|00|07|f701fe|20010e00014a2d[payload->]..J-||11,594
2025-08-02T08:39:45.361 0100|00|00|05|fa0001|20010e3fb1[payload->]?.||45,375
2025-08-02T08:39:45.462 0100|01|00|07|f701fe|20010e00008aec[payload->]....||60,554
2025-08-02T08:49:54.161 0100|00|00|05|fa0001|20010e3fb1[payload->]?.||45,375
2025-08-02T08:49:54.161 0100|01|00|07|f701fe|20010e00008aec[payload->]....||60,554
2025-08-02T09:00:02.689 0100|00|00|05|fa0001|20010e3fb1[payload->]?.||45,375
2025-08-02T09:00:02.790 0100|01|00|07|f701fe|20010e00008aec[payload->]....||60,554
2025-08-02T09:00:03.600 0100|00|00|05|fa0003|20010e87b0[payload->]..||45,191
2025-08-02T09:00:03.701 0100|01|00|07|f701fe|20010e00014a2d[payload->]..J-||11,594
2025-08-02T09:10:12.056 0100|00|00|05|fa0003|20010e87b0[payload->]..||45,191
2025-08-02T09:10:12.056 0100|01|00|07|f701fe|20010e00014a2d[payload->]..J-||11,594
2025-08-02T09:20:19.845 0100|00|00|05|fa0001|20010e3fb1[payload->]?.||45,375
2025-08-02T09:20:19.846 0100|01|00|07|f701fe|20010e00008aec[payload->]....||60,554
2025-08-02T09:20:21.062 0100|01|00|07|f701fe|20010e00014a2d[payload->]..J-||11,594
2025-08-02T09:30:29.635 0100|00|00|05|fa0001|20010e3fb1[payload->]?.||45,375
2025-08-02T09:30:29.635 0100|01|00|07|f701fe|20010e00008aec[payload->]....||60,554
2025-08-02T09:40:37.515 0100|00|00|05|fa0001|20010e3fb1[payload->]?.||45,375
2025-08-02T09:40:37.515 0100|01|00|07|f701fe|20010e00008aec[payload->]....||60,554
2025-08-02T09:40:38.022 0100|00|00|05|fa0003|20010e87b0[payload->]..||45,191
2025-08-02T09:40:38.123 0100|01|00|07|f701fe|20010e00014a2d[payload->]..J-||11,594
2025-08-02T09:50:46.160 0100|00|00|05|fa0001|20010e3fb1[payload->]?.||45,375
2025-08-02T09:50:46.160 0100|01|00|07|f701fe|20010e00008aec[payload->]....||60,554
2025-08-02T09:50:47.274 0100|00|00|05|fa0003|20010e87b0[payload->]..||45,191
2025-08-02T09:50:47.375 0100|01|00|07|f701fe|20010e00014a2d[payload->]..J-||11,594
2025-08-02T10:00:55.154 0100|00|00|05|fa0001|20010e3fb1[payload->]?.||45,375
2025-08-02T10:00:55.154 0100|01|00|07|f701fe|20010e00008aec[payload->]....||60,554
2025-08-02T10:11:04.419 0100|00|00|05|fa0003|20010e87b0[payload->]..||45,191
2025-08-02T10:11:04.419 0100|01|00|07|f701fe|20010e00014a2d[payload->]..J-||11,594
2025-08-02T10:21:12.579 0100|00|00|05|fa0001|20010e3fb1[payload->]?.||45,375
2025-08-02T10:21:12.681 0100|01|00|07|f701fe|20010e00008aec[payload->]....||60,554
2025-08-02T10:21:13.593 0100|00|00|05|fa0003|20010e87b0[payload->]..||45,191
2025-08-02T10:21:13.694 0100|01|00|07|f701fe|20010e00014a2d[payload->]..J-||11,594
2025-08-02T10:41:31.260 0100|00|00|05|fa0001|20010e3fb1[payload->]?.||45,375
2025-08-02T10:41:31.260 0100|01|00|07|f701fe|20010e00008aec[payload->]....||60,554
2025-08-02T10:41:32.173 0100|00|00|05|fa0003|20010e87b0[payload->]..||45,191
2025-08-02T10:41:32.173 0100|01|00|07|f701fe|20010e00014a2d[payload->]..J-||11,594
2025-08-02T10:51:39.839 0100|00|00|05|fa0001|20010e3fb1[payload->]?.||45,375
2025-08-02T10:51:39.940 0100|01|00|07|f701fe|20010e00008aec[payload->]....||60,554
2025-08-02T11:01:48.580 0100|00|00|05|fa0001|20010e3fb1[payload->]?.||45,375
2025-08-02T11:01:48.580 0100|01|00|07|f701fe|20010e00008aec[payload->]....||60,554
2025-08-02T11:22:05.252 0100|00|00|05|fa0001|20010e3fb1[payload->]?.||45,375
2025-08-02T11:22:05.353 0100|01|00|07|f701fe|20010e00008aec[payload->]....||60,554
2025-08-02T11:22:06.164 0100|00|00|05|fa0003|20010e87b0[payload->]..||45,191
2025-08-02T11:22:06.165 0100|43|42|07|f701fe|20010e00014a2d[payload->]..J-||11,594
2025-08-02T11:32:14.471 0100|00|00|05|fa0001|20010e3fb1[payload->]?.||45,375
2025-08-02T11:32:14.572 0100|01|00|07|f701fe|20010e00008aec[payload->]....||60,554
2025-08-02T11:32:15.181 0100|00|00|05|fa0003|20010e87b0[payload->]..||45,191
2025-08-02T11:32:15.181 0100|01|00|07|f701fe|20010e00014a2d[payload->]..J-||11,594
2025-08-02T11:52:32.563 0100|00|00|05|fa0001|20010e3fb1[payload->]?.||45,375
2025-08-02T11:52:32.564 0100|01|00|07|f701fe|20010e00008aec[payload->]....||60,554
2025-08-02T11:52:33.070 0100|00|00|05|fa0003|20010e87b0[payload->]..||45,191
2025-08-02T11:52:33.171 0100|01|00|07|f701fe|20010e00014a2d[payload->]..J-||11,594
2025-08-02T12:12:50.047 0100|00|00|05|fa0001|20010e3fb1[payload->]?.||45,375
2025-08-02T12:33:07.372 0100|00|00|05|fa0003|20010e87b0[payload->]..||45,191
2025-08-02T12:43:16.604 0100|00|00|05|fa0003|20010e87b0[payload->]..||45,191
2025-08-02T12:43:16.604 0100|01|00|07|f701fe|20010e00014a2d[payload->]..J-||11,594
2025-08-02T12:53:24.445 0100|00|00|05|fa0001|20010e3fb1[payload->]?.||45,375
2025-08-02T12:53:24.446 0100|01|00|07|f701fe|20010e00008aec[payload->]....||60,554
2025-08-02T13:13:42.773 0100|01|00|07|f701fe|20010e00014a2d[payload->]..J-||11,594
2025-08-02T13:23:50.301 0100|00|00|05|fa0001|20010e3fb1[payload->]?.||45,375
2025-08-02T13:23:50.302 0100|01|00|07|f701fe|20010e00008aec[payload->]....||60,554
2025-08-02T13:23:51.011 0100|00|00|05|fa0003|20010e87b0[payload->]..||45,191
2025-08-02T13:23:51.112 0100|01|00|07|f701fe|20010e00014a2d[payload->]..J-||11,594
2025-08-02T13:33:59.089 0100|00|00|05|fa0001|20010e3fb1[payload->]?.||45,375
2025-08-02T13:33:59.190 0100|01|00|07|f701fe|20010e00008aec[payload->]....||60,554
2025-08-02T13:34:00.102 0100|00|00|05|fa0003|20010e87b0[payload->]..||45,191
2025-08-02T13:34:00.203 0100|01|00|07|f701fe|20010e00014a2d[payload->]..J-||11,594
2025-08-02T13:54:16.439 0100|01|00|07|f701fe|20010e00008aec[payload->]....||60,554
2025-08-02T14:04:25.146 0100|00|00|05|fa0001|20010e3fb1[payload->]?.||45,375
2025-08-02T14:04:25.247 0100|01|00|07|f701fe|20010e00008aec[payload->]....||60,554
2025-08-02T14:14:34.266 0100|00|00|05|fa0001|20010e3fb1[payload->]?.||45,375
2025-08-02T14:14:34.367 0100|01|00|07|f701fe|20010e00008aec[payload->]....||60,554
2025-08-02T14:14:35.279 0100|00|00|05|fa0003|20010e87b0[payload->]..||45,191
2025-08-02T14:34:51.546 0100|00|00|05|fa0001|20010e3fb1[payload->]?.||45,375
2025-08-02T14:34:51.647 0100|01|00|07|f701fe|20010e00008aec[payload->]....||60,554
2025-08-02T14:34:52.154 0100|00|00|05|fa0003|20010e87b0[payload->]..||45,191
2025-08-02T14:34:52.154 0100|01|00|07|f701fe|20010e00014a2d[payload->]..J-||11,594
2025-08-02T14:45:01.594 0100|00|00|05|fa0003|20010e87b0[payload->]..||45,191
2025-08-02T14:45:01.594 0100|01|00|07|f701fe|20010e00014a2d[payload->]..J-||11,594
2025-08-02T14:55:10.065 0100|00|00|05|fa0003|20010e87b0[payload->]..||45,191
2025-08-02T14:55:10.166 0100|01|00|07|f701fe|20010e00014a2d[payload->]..J-||11,594
2025-08-02T15:05:18.536 0100|00|00|05|fa0001|20010e3fb1[payload->]?.||45,375
2025-08-02T15:05:18.638 0100|01|00|07|f701fe|20010e00008aec[payload->]....||60,554
2025-08-02T15:15:27.690 0100|01|00|07|f701fe|20010e00008aec[payload->]....||60,554
2025-08-02T15:15:28.703 0100|00|00|05|fa0003|20010e87b0[payload->]..||45,191
2025-08-02T15:15:28.804 0100|01|00|07|f701fe|20010e00014a2d[payload->]..J-||11,594
2025-08-02T15:25:36.681 0100|00|00|05|fa0001|20010e3fb1[payload->]?.||45,375
2025-08-02T15:25:36.782 0100|01|00|07|f701fe|20010e00008aec[payload->]....||60,554
2025-08-02T15:45:55.452 0100|00|00|05|fa0003|20010e87b0[payload->]..||45,191
2025-08-02T15:45:55.453 0100|01|00|07|f701fe|20010e00014a2d[payload->]..J-||11,594
2025-08-02T16:06:12.563 0100|00|00|05|fa0003|20010e87b0[payload->]..||45,191
2025-08-02T16:06:12.664 0100|01|00|07|f701fe|20010e00014a2d[payload->]..J-||11,594
2025-08-02T16:16:20.070 0100|00|00|05|fa0001|20010e3fb1[payload->]?.||45,375
2025-08-02T16:16:20.172 0100|01|00|07|f701fe|20010e00008aec[payload->]....||60,554
2025-08-02T16:26:29.272 0100|00|00|05|fa0003|20010e87b0[payload->]..||45,191
2025-08-02T16:26:29.273 0100|01|00|07|f701fe|20010e00014a2d[payload->]..J-||11,594
2025-08-02T16:36:38.765 0100|00|00|05|fa0003|20010e87b0[payload->]..||45,191
2025-08-02T16:36:38.765 0100|01|00|07|f701fe|20010e00014a2d[payload->]..J-||11,594
2025-08-02T16:56:55.119 0100|00|00|05|fa0001|20010e3fb1[payload->]?.||45,375
2025-08-02T16:56:55.220 0100|01|00|07|f701fe|20010e00008aec[payload->]....||60,554
2025-08-02T16:56:56.232 0100|00|00|05|fa0003|20010e87b0[payload->]..||45,191
2025-08-02T16:56:56.232 0100|01|00|07|f701fe|20010e00014a2d[payload->]..J-||11,594
2025-08-02T17:07:04.576 0100|00|00|05|fa0001|20010e3fb1[payload->]?.||45,375
2025-08-02T17:07:04.677 0100|01|00|07|f701fe|20010e00008aec[payload->]....||60,554
2025-08-02T17:07:05.487 0100|01|00|07|f701fe|20010e00014a2d[payload->]..J-||11,594
2025-08-02T17:17:13.311 0100|00|00|05|fa0001|20010e3fb1[payload->]?.||45,375
2025-08-02T17:17:13.412 0100|01|00|07|f701fe|20010e00008aec[payload->]....||60,554
2025-08-02T17:17:14.021 0100|00|00|05|fa0003|20010e87b0[payload->]..||45,191
2025-08-02T17:17:14.122 0100|01|00|07|f701fc|20010e00014a2d[payload->]..J-||11,594
2025-08-02T17:27:22.407 0100|00|00|05|fa0003|20010e87b0[payload->]..||45,191
2025-08-02T17:27:22.508 0100|01|00|07|f701fe|20010e00014a2d[payload->]..J-||11,594
2025-08-02T17:37:30.097 0100|00|00|05|fa0001|20010e3fb1[payload->]?.||45,375
2025-08-02T17:37:30.198 0100|01|00|07|f701fe|20010e00008aec[payload->]....||60,554
2025-08-02T17:37:30.807 0100|00|00|05|fa0003|20010e87b0[payload->]..||45,191
2025-08-02T17:37:30.908 0100|01|00|07|f701fe|20010e00014a2d[payload->]..J-||11,594
2025-08-02T17:47:40.199 0100|00|00|05|fa0003|20010e87b0[payload->]..||45,191
2025-08-02T17:47:40.300 0100|01|00|07|f701fe|20010e00014a2d[payload->]..J-||11,594
2025-08-02T17:57:48.303 0100|00|00|05|fa0001|20010e3fb1[payload->]?.||45,375
2025-08-02T17:57:48.304 0100|01|00|07|f701fe|20010e00008aec[payload->]....||60,554
2025-08-02T17:57:48.810 0100|00|00|05|fa0003|20010e87b0[payload->]..||45,191
2025-08-02T17:57:48.911 0100|01|00|07|f701fe|20010e00014a2d[payload->]..J-||11,594
2025-08-02T18:07:58.630 0100|00|00|05|fa0003|20010e87b0[payload->]..||45,191
2025-08-02T18:07:58.731 0100|01|00|07|f701fe|20010e00014a2d[payload->]..J-||11,594
2025-08-02T18:18:06.815 0100|00|00|05|fa0001|20010e3fb1[payload->]?.||45,375
2025-08-02T18:18:06.816 0100|01|00|07|f701fe|20010e00008aec[payload->]....||60,554
2025-08-02T18:18:07.829 0100|00|00|05|fa0003|20010e87b0[payload->]..||45,191
2025-08-02T18:18:07.930 0100|01|20|0f|f701fe|20010e00014a2d0100000005fa0001[payload->]..J-........||0,256
2025-08-02T18:28:15.006 0100|00|00|05|fa0001|20010e3eb1[payload->]>.||45,374
2025-08-02T18:28:15.107 0100|01|00|07|f701fe|20010e00008aec[payload->]....||60,554
2025-08-02T18:38:24.625 0100|00|00|05|fa0001|20010e3fb1[payload->]?.||45,375
2025-08-02T18:38:24.626 0100|01|00|07|f701fe|20010e00008aec[payload->]....||60,554
2025-08-02T18:38:25.233 0100|00|00|05|fa0003|20010e87b0[payload->]..||45,191
2025-08-02T18:38:25.234 0100|01|00|07|f701fe|20010e00014a2d[payload->]..J-||11,594
2025-08-02T19:18:59.644 0100|00|00|05|fa0001|20010e3fb1[payload->]?.||45,375
2025-08-02T19:19:00.859 0100|00|00|05|fa0003|20010e87b0[payload->]..||45,191
2025-08-02T19:19:00.960 0100|01|00|07|f701fe|20010e00014a2d[payload->]..J-||11,594
2025-08-02T19:29:08.833 0100|00|00|05|fa0001|20010e3fb1[payload->]?.||45,375
2025-08-02T19:39:18.361 0100|00|00|05|fa0001|20010e3fb1[payload->]?.||45,375
2025-08-02T19:39:18.463 0100|01|00|07|f701fe|20010e00008aec[payload->]....||60,554
2025-08-02T19:49:26.790 0100|00|00|05|fa0001|20010e3fb1[payload->]?.||45,375
2025-08-02T19:49:26.790 0100|01|00|07|f701fe|20010e00008aec[payload->]....||60,554
2025-08-02T19:59:35.707 0100|00|00|05|fa0001|20010e3fb1[payload->]?.||45,375
2025-08-02T19:59:35.808 0100|01|00|07|f701fe|20010e00008aec[payload->]....||60,554
2025-08-02T19:59:36.516 0100|00|00|05|fa0003|20010e87b0[payload->]..||45,191
2025-08-02T19:59:36.617 0100|01|00|07|f701fe|20010e00014a2d[payload->]..J-||11,594
2025-08-02T20:09:46.084 0100|00|00|05|fa0003|20010e0001[payload->]..||0,256
2025-08-02T20:19:53.350 0100|00|00|05|fa0001|20010e3fb1[payload->]?.||45,375
2025-08-02T20:19:53.350 0100|01|00|07|f701fe|20010e00008aec[payload->]....||60,554
2025-08-02T20:19:54.059 0100|00|00|05|fa0003|20010e87b0[payload->]..||45,191
2025-08-02T20:40:10.765 0100|00|00|05|fa0001|20010e3fb1[payload->]?.||45,375
2025-08-02T20:40:10.866 0100|01|00|07|f701fe|20010e00008aec[payload->]....||60,554
2025-08-02T20:50:19.493 0100|00|00|05|fa0001|20010e3fb1[payload->]?.||45,375
2025-08-02T20:50:19.594 0100|01|00|07|f701fe|20010e00008aec[payload->]....||60,554
2025-08-02T20:50:20.403 0100|00|00|05|fa0003|20010e87b0[payload->]..||45,191
2025-08-02T20:50:20.504 0100|01|00|07|f701fe|20010e00014a2d[payload->]..J-||11,594
2025-08-02T21:00:28.852 0100|00|00|05|fa0003|20010e87b0[payload->]..||45,191
2025-08-02T21:00:28.953 0100|01|00|07|f701fe|20010e00014a2d[payload->]..J-||11,594
2025-08-02T21:10:37.600 0100|00|00|05|fa0001|20010e3fb1[payload->]?.||45,375
2025-08-02T21:10:37.701 0100|01|00|07|f701fe|20010e00008aec[payload->]....||60,554
2025-08-02T21:30:53.735 0100|00|00|05|fa0001|20010e3fb1[payload->]?.||45,375
2025-08-02T21:30:53.836 0100|01|00|07|f701fe|20010e00008aec[payload->]....||60,554
2025-08-02T21:30:54.545 0100|00|00|05|fa0003|20010e87b0[payload->]..||45,191
2025-08-02T21:30:54.646 0100|01|00|07|f701fe|20010e00014a2d[payload->]..J-||11,594
2025-08-02T21:41:03.528 0100|00|00|05|fa0003|20010e87b0[payload->]..||45,191
2025-08-02T21:41:03.629 0100|01|00|07|f701fe|20010e00014a2d[payload->]..J-||11,594
2025-08-02T21:51:12.436 0100|00|00|05|fa0003|20010e87b0[payload->]..||45,191
2025-08-02T21:51:12.537 0100|01|00|07|f701fe|20010e00014a2d[payload->]..J-||11,594
2025-08-02T22:11:30.141 0100|00|00|05|fa0001|20010e3fb1[payload->]?.||45,375
2025-08-02T22:11:30.243 0100|01|00|07|f701fe|20010e00008aec[payload->]....||60,554
2025-08-02T22:11:30.950 0100|00|00|05|fa0003|20010e87b0[payload->]..||45,191
2025-08-02T22:11:30.951 0100|01|00|07|f701fe|20010e00014a2d[payload->]..J-||11,594
2025-08-02T22:21:39.106 0100|00|00|05|fa0001|20010e3fb1[payload->]?.||45,375
2025-08-02T22:21:39.207 0100|01|00|07|f701fe|20010e00008aec[payload->]....||60,554
2025-08-02T22:21:40.116 0100|00|00|05|fa0003|20010e87b0[payload->]..||45,191
2025-08-02T22:21:40.217 0100|01|00|07|f701fe|20010e00014a2d[payload->]..J-||11,594
2025-08-02T22:31:48.761 0100|00|00|05|fa0003|20010e87b0[payload->]..||45,191
2025-08-02T22:31:48.862 0100|01|00|07|f701fe|20010e00014a2d[payload->]..J-||11,594
2025-08-02T23:02:15.023 0100|00|00|05|fa0003|20010e87b0[payload->]..||45,191
2025-08-02T23:02:15.024 0100|01|00|07|f701fe|20010e00014a2d[payload->]..J-||11,594
2025-08-02T23:12:23.479 0100|00|00|05|fa0003|20010e87b0[payload->]..||45,191
2025-08-02T23:12:23.480 0100|01|00|07|f701fe|20010e00014a2d[payload->]..J-||11,594
2025-08-02T23:22:30.504 0100|00|00|05|fa0001|20010e3fb1[payload->]?.||45,375
2025-08-02T23:22:30.605 0100|01|00|07|f701fe|20010e00008aec[payload->]....||60,554
2025-08-02T23:22:31.718 0100|00|00|05|fa0003|20010e87b0[payload->]..||45,191
2025-08-02T23:32:39.168 0100|00|00|05|fa0001|20010e3fb1[payload->]?.||45,375
2025-08-02T23:32:39.269 0100|01|00|07|f701fe|20010e00008aec[payload->]....||60,554
2025-08-02T23:42:49.301 0100|00|00|05|fa0003|20010e87b0[payload->]..||45,191
2025-08-02T23:42:49.402 0100|01|00|07|f701fe|20010e00014a2d[payload->]..J-||11,594
2025-08-02T23:52:56.724 0100|00|00|05|fa0001|20010e3fb1[payload->]?.||45,375
2025-08-02T23:52:56.826 0100|01|00|07|f701fe|20010e00008aec[payload->]....||60,554
2025-08-03T00:23:24.840 0100|00|00|05|fa0003|20010e87b0[payload->]..||45,191
2025-08-03T00:23:24.840 0100|01|00|07|f701fe|20010e00014a2d[payload->]..J-||11,594
2025-08-03T00:33:32.663 0100|00|00|05|fa0001|20010e3fb1[payload->]?.||45,375
2025-08-03T00:33:32.864 0100|01|00|07|f701fe|20010e00008aec[payload->]....||60,554
2025-08-03T00:33:33.673 0100|00|00|05|fa0003|20010e87b0[payload->]..||45,191
2025-08-03T00:33:33.774 0100|01|00|07|f701fe|20010e00014a2d[payload->]..J-||11,594
2025-08-03T00:43:41.409 0100|00|00|05|fa0001|20010e3fb1[payload->]?.||45,375
2025-08-03T00:43:41.511 0100|01|00|07|f701fe|20010e00008aec[payload->]....||60,554
2025-08-03T00:53:50.601 0100|00|00|05|fa0001|20010e3fb1[payload->]?.||45,375
2025-08-03T00:53:50.701 0100|01|00|07|f701fe|20010e00008aec[payload->]....||60,554
2025-08-03T01:03:59.862 0100|00|00|05|fa0003|20010e87b0[payload->]..||45,191
2025-08-03T01:03:59.963 0100|01|00|07|f701fe|20010e00014a2d[payload->]..J-||11,594
2025-08-03T01:14:08.775 0100|00|00|05|fa0003|20010e87b0[payload->]..||45,191
2025-08-03T01:14:08.876 0100|01|00|07|f701fe|20010e00014a2d[payload->]..J-||11,594
2025-08-03T01:24:17.902 0100|00|00|05|fa0003|20010e87b0[payload->]..||45,191
2025-08-03T01:24:18.004 0100|01|00|07|f701fe|20010e00014a2d[payload->]..J-||11,594
2025-08-03T01:34:26.430 0100|00|00|05|fa0003|20010e87b0[payload->]..||45,191
2025-08-03T01:44:35.393 0100|00|00|05|fa0003|20010e87b0[payload->]..||45,191
2025-08-03T01:44:35.494 0100|01|00|07|f701fe|20010e00014a2d[payload->]..J-||11,594
2025-08-03T01:54:43.507 0100|00|00|05|fa0003|20010e87b0[payload->]..||45,191
2025-08-03T01:54:43.608 0100|01|00|07|f701fe|20010e00014a2d[payload->]..J-||11,594
2025-08-03T02:14:59.499 0100|00|00|05|fa0001|20010e3fb1[payload->]?.||45,375
2025-08-03T02:14:59.500 0100|01|00|07|f701fe|20010e00008aec[payload->]....||60,554
2025-08-03T02:14:59.803 0100|01|00|07|f701fe|20010e00014a2d[payload->]..J-||11,594
2025-08-03T02:25:09.220 0100|00|00|05|fa0003|20010e87b0[payload->]..||45,191
2025-08-03T02:25:09.321 0100|01|00|07|f701fe|20010e00014a2d[payload->]..J-||11,594
2025-08-03T02:55:34.554 0100|00|00|05|fa0001|20010e3fb1[payload->]?.||45,375
2025-08-03T02:55:34.554 0100|01|00|07|f701fe|20010e00008aec[payload->]....||60,554
2025-08-03T02:55:35.565 0100|00|00|05|fa0003|20010e87b0[payload->]..||45,191
2025-08-03T02:55:35.667 0100|01|00|07|f701fe|20010e00014a2d[payload->]..J-||11,594
2025-08-03T03:15:52.481 0100|01|00|07|f701fe|20010e00014a2d[payload->]..J-||11,594
2025-08-03T03:26:01.452 0100|00|00|05|fa0003|20010e87b0[payload->]..||45,191
2025-08-03T03:26:01.654 0100|01|00|07|f701fe|20010e00014a2d[payload->]..J-||11,594
2025-08-03T03:36:10.091 0100|00|00|05|fa0001|20010e3fb1[payload->]?.||45,375
2025-08-03T03:36:10.192 0100|01|00|07|f701fe|20010e00008aec[payload->]....||60,554
2025-08-03T03:46:21.131 0100|00|00|05|fa0003|20010e87b0[payload->]..||45,191
2025-08-03T03:46:21.132 0100|01|00|07|f701fe|20010e00014a2d[payload->]..J-||11,594
2025-08-03T03:56:29.688 0100|00|00|05|fa0003|20010e87b0[payload->]..||45,191
2025-08-03T03:56:29.789 0100|01|00|07|f701fe|20010e00014a2d[payload->]..J-||11,594
2025-08-03T04:16:46.558 0100|00|00|05|fa0001|20010e3fb1[payload->]?.||45,375
2025-08-03T04:16:47.670 0100|00|00|05|fa0003|20010e87b0[payload->]..||45,191
2025-08-03T04:16:47.772 0100|01|00|07|f701fe|20010e00494a2d[payload->].IJ-||11,594
2025-08-03T04:26:55.272 0100|00|00|05|fa0001|20010e3fb1[payload->]?.||45,375
2025-08-03T04:26:55.373 0100|01|00|07|f701fe|20010e00008aec[payload->]....||60,554
2025-08-03T04:37:04.498 0100|00|00|05|fa0003|20010e87b0[payload->]..||45,191
2025-08-03T04:37:04.599 0100|01|00|07|f701fe|20010e00014a2d[payload->]..J-||11,594
2025-08-03T04:47:12.743 0100|00|00|05|fa0001|20010e3fb1[payload->]?.||45,375
2025-08-03T04:47:12.845 0100|09|08|07|f701fe|20010e00008aec[payload->]....||60,554
2025-08-03T04:57:21.656 0100|00|00|05|fa0001|20010e3fb1[payload->]?.||45,375
2025-08-03T04:57:21.757 0100|01|00|07|f701fe|20010e00008aec[payload->]....||60,554
2025-08-03T04:57:23.074 0100|00|00|05|fa0003|20010e87b0[payload->]..||45,191
2025-08-03T04:57:23.175 0100|01|00|07|f701fe|20010e00014a2d[payload->]..J-||11,594
2025-08-03T05:17:39.983 0100|01|00|07|f701fe|20010e00008aec[payload->]....||60,554
2025-08-03T05:27:48.680 0100|00|00|05|fa0001|20010e3fb1[payload->]?.||45,375
2025-08-03T05:27:48.781 0100|01|00|07|f701fe|20010e00008aec[payload->]....||60,554
2025-08-03T05:37:58.751 0100|00|00|05|fa0003|20010e87b0[payload->]..||45,191
2025-08-03T05:37:58.852 0100|01|00|07|f701fe|20010e00014a2d[payload->]..J-||11,594
2025-08-03T05:48:07.754 0100|00|00|05|fa0003|20010e87b0[payload->]..||45,191
2025-08-03T05:48:07.855 0100|01|00|07|f701fe|20010e00014a2d[payload->]..J-||11,594
2025-08-03T06:08:24.897 0100|00|00|05|fa0003|20010e87b0[payload->]..||45,191
2025-08-03T06:08:24.898 0100|01|00|07|f701fe|20010e00014a2d[payload->]..J-||11,594
2025-08-03T06:18:34.101 0100|00|00|05|fa0003|20010e87b0[payload->]..||45,191
2025-08-03T06:18:34.202 0100|01|00|07|f701fe|20010e00014a2d[payload->]..J-||11,594
2025-08-03T06:28:42.975 0100|00|00|05|fa0003|20010e87b0[payload->]..||45,191
2025-08-03T06:28:43.076 0100|01|00|07|f701fe|20010e00014a2d[payload->]..J-||11,594
2025-08-03T06:48:59.893 0100|00|00|05|fa0003|20010e87b0[payload->]..||45,191
2025-08-03T06:48:59.893 0100|01|00|07|f701fe|20010e00014a2d[payload->]..J-||11,594
2025-08-03T07:09:17.194 0100|00|00|05|fa0001|20010e3fb1[payload->]?.||45,375
2025-08-03T07:09:17.194 0100|01|00|07|f701fe|20010e00008aec[payload->]....||60,554
2025-08-03T07:29:36.068 0100|00|00|05|fa0003|20010e87b0[payload->]..||45,191
2025-08-03T07:29:36.169 0100|01|00|07|f701fe|20010e00014a2d[payload->]..J-||11,594
2025-08-03T07:49:52.426 0100|00|00|05|fa0001|20010e3fb1[payload->]?.||45,375
2025-08-03T07:49:52.426 0100|01|00|07|f701fe|20010e00008aec[payload->]....||60,554
2025-08-03T07:49:53.841 0100|00|00|05|fa0003|20010e87b0[payload->]..||45,191
2025-08-03T07:49:53.942 0100|01|00|07|f701fe|20010e00014a2d[payload->]..J-||11,594
2025-08-03T08:00:00.589 0100|00|00|05|fa0001|20010e3fb1[payload->]?.||45,375
2025-08-03T08:10:09.742 0100|00|00|05|fa0003|20010e87b0[payload->]..||45,191
2025-08-03T08:10:09.843 0100|01|00|07|f701fe|20010e00014a2d[payload->]..J-||11,594
2025-08-03T08:30:26.930 0100|00|00|05|fa0001|20010e3fb1[payload->]?.||45,375
2025-08-03T08:30:27.032 0100|01|00|07|f701fe|20010e00008aec[payload->]....||60,554
2025-08-03T08:50:44.895 0100|01|00|07|f701fe|20010e00008aec[payload->]....||60,554
2025-08-03T09:00:53.714 0100|00|00|05|fa0001|20010e7eb1[payload->]~.||45,438
2025-08-03T09:00:53.815 0100|01|00|07|f701fe|20010e00008aec[payload->]....||60,554
2025-08-03T09:11:01.943 0100|00|00|05|fa0001|20010e3fb1[payload->]?.||45,375
2025-08-03T09:11:02.044 0100|01|00|07|ff01fe|20010e00008aec[payload->]....||60,554
2025-08-03T09:11:02.752 0100|01|00|07|f701fe|20010e00014a2d[payload->]..J-||11,594
2025-08-03T09:41:27.422 0100|01|00|07|f701fe|20010e08008aec[payload->]....||60,554
2025-08-03T09:51:36.708 0100|00|00|05|fa0001|20010e3fb1[payload->]?.||45,375
2025-08-03T09:51:36.809 0100|01|00|07|f701fe|20010e00008aec[payload->]....||60,554
2025-08-03T10:01:45.582 0100|00|00|05|fa0001|20010e3fb1[payload->]?.||45,375
2025-08-03T10:01:45.784 0100|01|00|27|f701fe|20010e00008aec00000005fa00012004016bf20100010009f501fe200401ffffffff850d010000[payload->]........... ..k......... ...........||0,000
2025-08-03T10:01:46.492 0100|00|00|05|fa0003|20010e87b0[payload->]..||45,191
2025-08-03T10:01:46.593 0100|01|00|07|f701fe|20010e00014a2d[payload->]..J-||11,594
2025-08-03T10:11:54.299 0100|00|00|05|fa0001|20010e3fb1[payload->]?.||45,375
2025-08-03T10:11:54.400 0100|01|00|07|f701fe|20010e00008aec[payload->]....||60,554
2025-08-03T10:11:55.311 0100|00|00|05|fa0003|20010e87b0[payload->]..||45,191
2025-08-03T10:11:55.311 0100|01|00|07|f701fe|20010e00014a2d[payload->]..J-||11,594
2025-08-03T10:32:11.630 0100|00|00|05|fa0001|20010e3fb1[payload->]?.||45,375
2025-08-03T10:32:11.731 0100|01|00|07|f701fe|20010e00008aec[payload->]....||60,554
2025-08-03T10:32:12.340 0100|00|00|05|fa0003|20010e87b0[payload->]..||45,191
2025-08-03T10:32:12.441 0100|01|00|07|f701fe|20010e00014a2d[payload->]..J-||11,594
2025-08-03T10:42:20.589 0100|00|00|05|fa0001|20010e3fb1[payload->]?.||45,375
2025-08-03T10:52:30.452 0100|00|00|05|fa0003|20010e87b0[payload->]..||45,191
2025-08-03T10:52:30.553 0100|01|00|07|f701fe|20010e00014a2d[payload->]..J-||11,594
2025-08-03T11:02:38.572 0100|00|00|05|fa0001|20010e3fb1[payload->]?.||45,375
2025-08-03T11:02:38.674 0100|01|00|07|f701fe|20010e00008aec[payload->]....||60,554
2025-08-03T11:02:39.281 0100|00|00|05|fa0003|20010e87b0[payload->]..||45,191
2025-08-03T11:02:39.281 0100|01|00|07|f701fe|20010e00014a2d[payload->]..J-||11,594
2025-08-03T11:22:56.442 0100|00|00|05|fa0001|20010e3fb1[payload->]?.||45,375
2025-08-03T11:22:56.544 0100|01|00|0f|ff01fe|20010e00008aec0100000005fa0001[payload->]............||0,256
2025-08-03T11:33:05.420 0100|00|00|05|fa0001|20010e3fb1[payload->]?.||45,375
2025-08-03T11:33:05.522 0100|01|00|07|f701fe|20010e00008aec[payload->]....||60,554
2025-08-03T11:33:06.029 0100|00|00|05|fa0003|20010e87b0[payload->]..||45,191
2025-08-03T11:33:06.130 0100|01|00|07|f701fe|20010e00014a2d[payload->]..J-||11,594
2025-08-03T11:43:14.300 0100|01|00|07|f701fe|20010e00008aec[payload->]....||60,554
2025-08-03T11:43:15.312 0100|00|00|05|fa0003|20010e87b0[payload->]..||45,191
2025-08-03T11:43:15.413 0100|01|00|07|f701fe|20010e00014a2d[payload->]..J-||11,594
2025-08-03T11:53:23.933 0100|00|00|05|fa0001|20010e3fb1[payload->]?.||45,375
2025-08-03T11:53:23.934 0100|01|00|07|f701fe|20010e00008aec[payload->]....||60,554
2025-08-03T11:53:24.844 0100|00|00|05|fa0003|20010e87b0[payload->]..||45,191
2025-08-03T11:53:24.845 0100|01|00|07|f701fe|20010e00014a2d[payload->]..J-||11,594
2025-08-03T12:03:32.604 0100|00|00|05|fa0001|20010e3fb1[payload->]?.||45,375
2025-08-03T12:03:32.705 0100|01|00|07|f701fe|20010e00008aec[payload->]....||60,554
2025-08-03T12:13:41.339 0100|00|00|05|fa0001|20010e3fb1[payload->]?.||45,375
2025-08-03T12:13:41.440 0100|01|00|07|f701fe|20010e00008aec[payload->]....||60,554
2025-08-03T12:13:42.452 0100|00|00|05|fa0003|20010e87b0[payload->]..||45,191
2025-08-03T12:13:42.452 0100|01|00|07|f701fe|20010e00014a2d[payload->]..J-||11,594
2025-08-03T12:23:49.922 0100|00|00|05|fa0001|20010e3fb1[payload->]?.||45,375
2025-08-03T12:23:51.036 0100|00|00|05|fa0003|20010e87b0[payload->]..||45,191
2025-08-03T12:23:51.036 0100|01|00|07|f701fe|20010e00014a2d[payload->]..J-||11,594
2025-08-03T12:44:09.046 0100|00|00|05|fa0003|20010e87b0[payload->]..||45,191
2025-08-03T12:44:09.148 0100|01|00|07|f701fe|20010e00014a2d[payload->]..J-||11,594
2025-08-03T12:54:18.871 0100|00|00|05|fa0003|20010e87b0[payload->]..||45,191
2025-08-03T12:54:18.871 0100|01|00|07|f701fe|20010e00014a2d[payload->]..J-||11,594
2025-08-03T13:04:26.612 0100|00|00|05|fa0001|20010e3fb1[payload->]?.||45,375
2025-08-03T13:04:26.713 0100|01|00|07|f701fe|20010e00008aec[payload->]....||60,554
2025-08-03T13:04:27.726 0100|00|00|05|fa0003|20010e87b0[payload->]..||45,191
2025-08-03T13:04:27.827 0100|01|00|07|f701fe|20010e00014a2d[payload->]..J-||11,594
2025-08-03T13:14:35.262 0100|00|00|05|fa0001|20010e3fb1[payload->]?.||45,375
2025-08-03T13:14:35.363 0100|01|00|07|f701fe|20010e00008aec[payload->]....||60,554
2025-08-03T13:24:44.367 0100|00|00|05|fa0001|20010e3fb1[payload->]?.||45,375
2025-08-03T13:24:44.468 0100|01|00|07|f701fe|20010e00008aec[payload->]....||60,554
2025-08-03T13:34:53.408 0100|00|00|05|fa0001|20010e3fb1[payload->]?.||45,375
2025-08-03T13:34:53.509 0100|01|00|07|f701fe|20010e00008aec[payload->]....||60,554
2025-08-03T13:34:54.016 0100|00|00|05|fa0003|20010e87b0[payload->]..||45,191
2025-08-03T13:34:54.016 0100|01|00|07|f701fe|20010e00014a2d[payload->]..J-||11,594
2025-08-03T13:45:02.657 0100|00|00|05|fa0001|20010e3fb1[payload->]?.||45,375
2025-08-03T13:45:02.758 0100|01|00|07|f701fe|20010e00008aec[payload->]....||60,554
2025-08-03T13:45:03.265 0100|00|00|05|fa0003|20010e87b0[payload->]..||45,191
2025-08-03T13:45:03.265 0100|01|00|07|f701fe|20010e00014a2d[payload->]..J-||11,594
2025-08-03T13:55:12.572 0100|00|00|05|fa0003|20010e87b0[payload->]..||45,191
2025-08-03T13:55:12.672 0100|01|00|07|f701fe|20010e00014a2d[payload->]..J-||11,594
2025-08-03T14:05:20.449 0100|00|00|05|fa0001|20010e3fb1[payload->]?.||45,375
2025-08-03T14:05:20.449 0100|01|00|07|f701fe|20010e00008aec[payload->]....||60,554
2025-08-03T14:15:30.402 0100|00|00|05|fa0003|20010e87b0[payload->]..||45,191
2025-08-03T14:15:30.503 0100|01|00|07|f701fe|20010e00014a2d[payload->]..J-||11,594
2025-08-03T14:35:47.007 0100|00|00|05|fa0001|20010e3fb1[payload->]?.||45,375
2025-08-03T14:35:47.108 0100|01|00|07|f701fe|20010e00008aec[payload->]....||60,554
2025-08-03T14:45:55.900 0100|00|00|05|fa0003|20010e87b0[payload->]..||45,191
2025-08-03T14:45:56.001 0100|01|00|07|f701fe|20010e00014a2d[payload->]..J-||11,594
2025-08-03T14:56:03.746 0100|00|00|05|fa0001|20010e3fb1[payload->]?.||45,375
2025-08-03T15:26:30.069 0100|00|00|05|fa0001|20010e3fb1[payload->]?.||45,375
2025-08-03T15:26:30.069 0100|01|00|07|f701fe|20010e00008aec[payload->]....||60,554
2025-08-03T15:36:40.133 0100|00|00|05|fa0003|20010e87b0[payload->]..||45,191
2025-08-03T15:36:40.133 0100|01|00|07|f701fe|20010e00014a2d[payload->]..J-||11,594
2025-08-03T15:46:49.429 0100|00|00|05|fa0003|20010e87b0[payload->]..||45,191
2025-08-03T15:46:49.429 0100|01|00|07|f701fe|20010e00014a2d[payload->]..J-||11,594
2025-08-03T16:07:05.078 0100|00|00|05|fa0001|20010e3fb1[payload->]?.||45,375
2025-08-03T16:07:05.078 0100|01|00|07|f701fe|20010e00008aec[payload->]....||60,554
2025-08-03T16:07:05.988 0100|00|00|05|fa0003|20010e87b0[payload->]..||45,191
2025-08-03T16:07:06.090 0100|01|00|07|f701fe|20010e00014a2d[payload->]..J-||11,594
2025-08-03T16:17:14.125 0100|00|00|05|fa0001|20010e3fb1[payload->]?.||45,375
2025-08-03T16:17:14.226 0100|01|00|07|f701fe|20010e00008aec[payload->]....||60,554
2025-08-03T16:17:15.441 0100|00|00|05|fa0003|20010e87b0[payload->]..||45,191
2025-08-03T16:17:15.441 0100|01|00|07|f701fe|20010e00014a2d[payload->]..J-||11,594
2025-08-03T16:27:22.878 0100|00|00|05|fa0001|20010e3fb1[payload->]?.||45,375
2025-08-03T16:27:22.979 0100|01|00|07|f701fe|20010e00008aec[payload->]....||60,554
2025-08-03T16:27:23.689 0100|00|00|05|fa0003|20010e87b0[payload->]..||45,191
2025-08-03T16:27:23.689 0100|01|00|07|f701fe|20010e00014a2d[payload->]..J-||11,594
2025-08-03T16:57:49.450 0100|00|00|05|fa0003|20010e87b0[payload->]..||45,191
2025-08-03T16:57:49.551 0100|01|00|07|f701fe|20010e00014a2d[payload->]..J-||11,594
2025-08-03T17:07:58.710 0100|00|00|05|fa0003|20010e87b0[payload->]..||45,191
2025-08-03T17:07:58.711 0100|01|00|07|f701fe|20010e00014a2d[payload->]..J-||11,594
2025-08-03T17:21:23.644 0100|01|00|09|f501fe|20010e1923f37901da[payload->].#.y..||55,809
2025-08-03T17:28:15.369 0100|00|00|05|fa0001|20010e3fb1[payload->]?.||45,375
2025-08-03T17:28:15.369 0100|01|00|07|f701fe|20010e00008aec[payload->]....||60,554
2025-08-03T17:38:24.215 0100|00|00|05|fa0001|20010e3fb1[payload->]?.||45,375
2025-08-03T17:38:24.317 0100|01|00|07|f701fe|20010e00008aec[payload->]....||60,554
2025-08-03T17:38:25.027 0100|00|00|05|fa0003|20010e87b0[payload->]..||45,191
2025-08-03T17:38:25.027 0100|01|00|07|f701fe|20010e00014a2d[payload->]..J-||11,594
2025-08-03T17:48:34.403 0100|00|00|05|fa0003|20010e87b0[payload->]..||45,191
2025-08-03T17:48:34.404 0100|01|00|07|f701fe|20010e00014a2d[payload->]..J-||11,594
2025-08-03T17:58:42.772 0100|00|00|05|fa0001|20010e3fb1[payload->]?.||45,375
2025-08-03T17:58:42.873 0100|01|00|07|f701fe|20010e00008aec[payload->]....||60,554
2025-08-03T17:58:43.480 0100|00|00|05|fa0003|20010e87b0[payload->]..||45,191
2025-08-03T17:58:43.481 0100|01|00|07|f701fe|20010e00014a2d[payload->]..J-||11,594
2025-08-03T18:08:51.241 0100|00|00|05|fa0001|20010e3fb1[payload->]?.||45,375
