2025-07-31T13:05:52.590 0100|01|00|07|f701fe|120301ffff859c[payload->]....||40,069
2025-08-01T01:23:06.955 0100|01|00|07|f701fe|120301ffff859c[payload->]....||40,069
2025-08-01T07:25:40.187 0100|01|00|07|f701fe|120301ffff859c[payload->]....||40,069
2025-08-01T09:59:34.144 0100|01|00|07|f701fe|120301ffff859c[payload->]....||40,069
2025-08-01T10:35:34.578 0100|01|00|07|f701fe|120301ffff859c[payload->]....||40,069
2025-08-01T12:47:59.658 0100|01|00|07|f701fe|120301ffff859c[payload->]....||40,069
2025-08-01T13:20:44.294 0100|01|00|07|f701fe|120301ffff859c[payload->]....||40,069
2025-08-01T21:10:28.941 0100|01|00|07|f701fe|120301ffff859c[payload->]....||40,069
2025-08-01T22:31:59.717 0100|01|00|07|f701fe|120301ffff859c[payload->]....||40,069
2025-08-01T22:44:43.896 0100|01|00|07|f701fe|120301ffff859c[payload->]....||40,069
2025-08-02T01:21:34.018 0100|01|00|07|f701fe|120301ffff859c[payload->]....||40,069
2025-08-02T02:28:34.024 0100|01|40|07|f703fe|120301ffff859c[payload->]....||40,069
2025-08-02T04:05:44.254 0100|01|00|07|f701fe|120301ffff859c[payload->]....||40,069
2025-08-02T04:40:39.248 0100|01|00|07|f701fe|120301ffff859c[payload->]....||40,069
2025-08-02T05:08:43.986 0100|01|00|07|f703fe|120301ffff859c[payload->]....||40,069
2025-08-02T05:15:54.044 0100|01|00|07|f701fe|120301ffff859c[payload->]....||40,069
2025-08-02T05:22:43.981 0100|01|00|07|f701fe|120301ffff859c[payload->]....||40,069
2025-08-02T05:41:19.000 0100|01|00|07|f743fe|120301ffff859c[payload->]....||40,069
2025-08-02T05:46:09.073 0100|01|00|07|f701fe|120301ffff859c[payload->]....||40,069
2025-08-02T05:50:39.526 0100|01|00|07|f701fe|120301ffff859c[payload->]....||40,069
2025-08-02T05:52:28.995 0100|01|00|07|f701fe|120301ffff859c[payload->]....||40,069
2025-08-02T05:53:29.125 0100|01|00|07|f701fe|120301ffff859c[payload->]....||40,069
2025-08-02T05:56:09.255 0100|49|08|07|ff03fe|120301ffff859c[payload->]....||40,069
2025-08-02T06:42:59.318 0100|43|4a|07|f741fe|120301ffff859c[payload->]....||40,069
2025-08-02T07:00:39.515 0100|01|00|07|f701fe|120301ffff859c[payload->]....||40,069
2025-08-02T07:00:50.523 0100|01|00|07|f703fe|120301ffff859c[payload->]....||40,069
2025-08-02T07:09:29.280 0100|03|08|07|f701fe|120301ffff859c[payload->]....||40,069
2025-08-02T07:25:09.514 0100|09|42|47|f701fe|120301ffff859c0100000005fa000110030154f00100010007f701fe100301ffff859c0100000005fa00012004016bf20100010009f501fe200401ffffffff850d0100000005fa[payload->]...............T........................ ..k......... ..............||64,005
2025-08-02T07:25:49.264 0100|09|00|07|f741fe|120301ffff859c[payload->]....||40,069
2025-08-02T07:39:20.506 0100|01|00|07|f701fe|120301ffff859c[payload->]....||40,069
2025-08-02T07:47:04.796 0100|01|00|07|f701fe|120301ffff859c[payload->]....||40,069
2025-08-02T07:47:49.167 0100|01|00|07|ff41fe|120301ffff859c[payload->]....||40,069
2025-08-02T07:52:34.168 0100|01|00|07|f701fe|120301ffff859c[payload->]....||40,069
2025-08-02T08:25:09.535 0100|01|00|47|f743fe|120301ffff859c0100000005fa00013023009e29010001000bf301fe302300ac74ce01553b74ed0100000005fa00012004016bf20100010009f501fe200401ffffffff850d0100[payload->]............0#..)........0#..t..U;t......... ..k......... ..........||0,001
2025-08-02T08:50:19.721 0100|01|00|07|f703fe|120301ffff859c[payload->]....||40,069
2025-08-02T08:58:19.152 0100|01|40|07|f743fe|120301ffff859c[payload->]....||40,069
2025-08-02T09:19:29.191 0100|01|02|07|ff43fe|120301ffff859c[payload->]....||40,069
2025-08-02T09:25:20.475 0100|01|00|07|ff0bfe|120301ffff859c[payload->]....||40,069
2025-08-02T09:45:09.136 0100|01|00|07|f703fe|120301ffff859c[payload->]....||40,069
2025-08-02T10:06:04.406 0100|01|00|47|ff01fe|120301ffff859c0100000005fa00013458016f8b0100010006f801fe34580100b2080100000005fa00012004016bf20100010009f501f6200401ffffffff850d0100000005fa00[payload->]............4X.o.........4X............ ..k......... ...............||0,250
2025-08-02T10:16:24.194 0100|01|00|07|f701fe|120301ffff859c[payload->]....||40,069
2025-08-02T10:42:04.482 0100|01|40|47|f703fe|120301ffff859c0100000005fa00013458016f8b0100010006f801fe34580100b2080100000005fa00012004016bf20100010009f501fe200401ffffffff850d0100000005fa00[payload->]............4X.o.........4X............ ..k......... ...............||0,250
2025-08-02T10:59:19.186 0100|01|00|07|f741fe|120301ffff859c[payload->]....||40,069
2025-08-02T11:33:45.162 0100|01|00|07|f701fe|120301ffff859c[payload->]....||40,069
2025-08-02T11:36:44.569 0100|01|00|07|f701fe|120301ffff859c[payload->]....||40,069
2025-08-02T11:38:19.548 0100|01|40|47|ff01fe|120301ffff859c0100000005fa00012004016bf20100010009f501fe200401ffffffff850d0100000005fa0001200201cbf1010001000bf301fe200201ae8da802453b1e8d0100[payload->]............ ..k......... ................ ............ ......E;....||0,001
2025-08-02T11:40:14.734 0100|01|00|07|f701fe|120301ffff859c[payload->]....||40,069
2025-08-02T12:18:14.212 0100|01|00|07|f701fe|120301ffff859c[payload->]....||40,069
2025-08-02T12:21:24.850 0100|01|00|07|f701fe|120301ffff859c[payload->]....||40,069
2025-08-02T12:56:54.317 0100|01|00|07|f701fe|120301ffff859c[payload->]....||40,069
2025-08-02T13:21:34.242 0100|01|00|07|f701fe|120301ffff859c[payload->]....||40,069
2025-08-02T13:33:14.247 0100|01|00|0f|f741fe|120301ffff859c0100000005fa0001[payload->]............||0,256
2025-08-02T13:38:14.322 0100|01|00|07|ff4bfe|120301ffff859c[payload->]....||40,069
2025-08-02T15:46:14.348 0100|01|00|07|f701fe|120301ffff859c[payload->]....||40,069
2025-08-02T15:57:44.528 0100|01|00|07|f701fe|120301ffff859c[payload->]....||40,069
2025-08-02T16:00:49.613 0100|01|00|07|f741fe|120301ffff859c[payload->]....||40,069
2025-08-02T16:10:34.308 0100|01|00|07|f701fe|120301ffff859c[payload->]....||40,069
2025-08-02T17:09:40.049 0100|01|00|07|f701fe|120301ffff859c[payload->]....||40,069
2025-08-02T17:27:04.623 0100|01|00|4f|f701fe|120301ffff859c0100000005fa00013660016f39010001000bf301fe366001000000000000fd2b0100000005fa00012004016bf20100014a4bf701fe000401ffffffff850d0100000005fa00012002[payload->]............6`.o9........6`........+........ ..k....JK.................... .||0,544
2025-08-02T17:34:04.401 0100|01|00|07|f701fe|120301ffff859c[payload->]....||40,069
2025-08-02T17:49:34.911 0100|01|08|07|f701fe|120301ffff859c[payload->]....||40,069
2025-08-02T17:59:34.305 0100|01|00|07|f743fe|120301ffff859c[payload->]....||40,069
2025-08-02T18:05:34.365 0100|01|00|07|f74bfe|120301ffff859c[payload->]....||40,069
2025-08-02T18:15:58.386 0100|01|08|07|f701fe|120301ffff859c[payload->]....||40,069
2025-08-02T19:09:24.776 0100|0b|40|47|f701fe|120301ffff859c0100000005fa00012004016bf20100010009f501fe200401ffffffff850dfe0100000005fa0001200201cbf1010001000bf301fe200201ae8da802453b1e8d01[payload->]............ ..k......... ................. ............ ......E;...||0,397
2025-08-02T19:37:04.876 0100|01|00|07|ff01fe|120301ffff859c[payload->]....||40,069
2025-08-02T22:21:26.174 0100|01|00|07|f701fe|120301ffff859c[payload->]....||40,069
2025-08-02T22:43:54.680 0100|01|00|07|f701fe|120301ffff859c[payload->]....||40,069
2025-08-02T23:23:09.887 0100|01|00|07|f701fe|120301ffff859c[payload->]....||40,069
2025-08-02T23:25:24.894 0100|01|00|07|f701fe|120301ffff859c[payload->]....||40,069
2025-08-02T23:35:49.741 0100|01|00|07|f701fe|120301ffff859c[payload->]....||40,069
2025-08-03T00:06:09.726 0100|01|00|07|f701fe|120301ffff859c[payload->]....||40,069
2025-08-03T02:17:27.532 0100|01|00|07|f701fe|120301ffff859c[payload->]....||40,069
2025-08-03T02:25:27.512 0100|01|00|07|f749fe|120301ffffc59c[payload->]....||40,133
2025-08-03T02:29:07.715 0100|01|00|07|f701fe|120301ffff859c[payload->]....||40,069
2025-08-03T02:38:07.823 0100|01|00|07|f701fe|120301ffff859c[payload->]....||40,069
2025-08-03T02:42:19.795 0100|0b|02|0f|ff01fe|120301ffff859c0100000005fa0001[payload->]............||0,256
2025-08-03T02:49:37.781 0100|01|00|07|f701fe|120301ffff859c[payload->]....||40,069
2025-08-03T03:50:37.553 0100|01|00|07|f741fe|120301ffff859c[payload->]....||40,069
2025-08-03T04:23:39.001 0100|01|00|47|f743fe|120301ffff859c0100000005fa00013423019fa9010001000bf301fe342301000000000000b876fffffffc010000d0012e047875010001d0012d0588890100000005fa0001500e[payload->]............4#...........4#........v...........xu.....-...........P.||3,664
2025-08-03T05:08:09.007 0100|01|00|47|f701fe|120301ffff859c0100000005fa00013423019fa9010001000bf301fe342301000000000000b876ff010000d0012e047875010001d0012d0588890100000005fa0001500e00d034[payload->]............4#...........4#........v........xu.....-...........P...4||13,520
2025-08-03T05:09:57.675 0100|01|00|07|f703fe|120301ffff859c[payload->]....||40,069
2025-08-03T05:34:28.683 0100|01|00|07|f701fe|120301ffff859c[payload->]....||40,069
2025-08-03T05:43:37.784 0100|01|00|07|f703fe|120301ffff859c[payload->]....||40,069
2025-08-03T05:48:38.379 0100|01|00|07|f743fe|120301ffff859c[payload->]....||40,069
2025-08-03T06:39:17.822 0100|01|00|07|f701fe|120301ffff859c[payload->]....||40,069
2025-08-03T07:22:18.194 0100|01|00|07|f701fe|120301ffff859c[payload->]....||40,069
2025-08-03T07:27:28.251 0100|01|00|07|f701fe|120301ffff859c[payload->]....||40,069
2025-08-03T08:24:28.886 0100|01|00|07|f701fe|120301ffff859c[payload->]....||40,069
2025-08-03T09:00:14.520 0100|01|00|07|f701fe|120301ffff859c[payload->]....||40,069
2025-08-03T09:07:29.584 0100|01|00|07|f701fe|120301ffff859c[payload->]....||40,069
2025-08-03T09:27:00.679 0100|01|00|07|f701fe|120301ffff859c[payload->]....||40,069
2025-08-03T09:42:59.530 0100|41|02|07|f703fe|120301ffff859c[payload->]....||40,069
2025-08-03T09:52:30.545 0100|01|00|07|f701fe|120301ffffc59c[payload->]....||40,133
2025-08-03T09:58:40.329 0100|01|00|07|f701fe|120301ffff859c[payload->]....||40,069
2025-08-03T09:59:00.309 0100|01|02|07|f703fe|120301ffff859c[payload->]....||40,069
2025-08-03T10:13:30.611 0100|01|00|07|ff43fe|120301ffff859c[payload->]....||40,069
2025-08-03T10:18:10.029 0100|01|00|47|f741fe|120301ffff859c0100000005fa00012004016bf20300410249f501fe200401ffffffff850d0100000005fa0001200201cbf1010001000bf301fe200201ae8da802453b1e8d0100[payload->]............ ..k...A.I... ................ ............ ......E;....||0,001
2025-08-03T10:48:10.588 0100|01|00|07|f741fe|120301ffff859c[payload->]....||40,069
2025-08-03T10:54:30.601 0100|01|00|07|f701fe|120301ffff859c[payload->]....||40,069
2025-08-03T10:56:00.433 0100|01|00|07|f701fe|120301ffff859c[payload->]....||40,069
2025-08-03T11:19:00.301 0100|01|00|07|f701fe|120301ffff859c[payload->]....||40,069
