2025-07-31T03:04:00.676 0100|01|00|06|f801fe|50aa0800e1b7[payload->]...||47,073
2025-07-31T06:54:44.647 0100|01|00|06|f801fe|50aa0800e1b7[payload->]...||47,073
2025-08-01T02:24:01.709 0100|01|00|06|f801fe|50aa0800e1b7[payload->]...||47,073
2025-08-01T07:39:55.422 0100|01|00|06|f801fe|50aa0800e1b7[payload->]...||47,073
2025-08-01T14:37:59.294 0100|01|00|06|f801fe|50aa0800e1b7[payload->]...||47,073
2025-08-01T15:03:09.350 0100|01|00|06|f801fe|50aa0800e1b7[payload->]...||47,073
2025-08-01T15:55:10.547 0100|01|00|06|f801fe|50aa0800e1b7[payload->]...||47,073
2025-08-01T21:49:44.313 0100|01|00|06|f801fe|50aa0800e1b7[payload->]...||47,073
2025-08-01T22:11:14.248 0100|01|00|06|f801fe|50aa0800e9b7[payload->]...||47,081
2025-08-01T22:12:54.895 0100|01|00|06|f801fe|50aa0808e1b7[payload->]...||47,073
2025-08-01T22:15:04.272 0100|01|00|06|f809fe|50aa0800e1b7[payload->]...||47,073
2025-08-01T22:22:14.252 0100|01|00|06|f801fe|50aa0800e1b7[payload->]...||47,073
2025-08-01T22:28:24.344 0100|01|00|06|f801fe|50aa0800e9b7[payload->]...||47,081
2025-08-01T22:36:14.510 0100|01|00|06|f801fe|50aa0880e1b7[payload->]...||47,073
2025-08-01T23:50:24.364 0100|01|00|06|f809fe|50aa0800e1b7[payload->]...||47,073
2025-08-02T01:40:14.430 0100|01|00|06|f801fe|50aa0808e1b7[payload->]...||47,073
2025-08-02T01:55:34.396 0100|01|00|06|f801fe|50aa0800e1b7[payload->]...||47,073
2025-08-02T01:59:14.266 0100|01|00|06|f841fe|50aa0800e1b7[payload->]...||47,073
2025-08-02T02:04:34.266 0100|01|00|06|f801fe|50aa0800e1b7[payload->]...||47,073
2025-08-02T03:15:44.156 0100|01|00|06|f801fe|50aa0808e1b7[payload->]...||47,073
2025-08-02T03:20:24.215 0100|01|00|06|f80dfe|50aa0800e1b7[payload->]...||47,073
2025-08-02T03:25:34.220 0100|01|00|06|f801fe|50aa0800e1b7[payload->]...||47,073
2025-08-02T03:27:34.220 0100|01|00|06|f809fe|50aa0800e1f7[payload->]...||63,457
2025-08-02T03:37:14.229 0100|01|08|06|f801fe|50aa0800e1b7[payload->]...||47,073
2025-08-02T03:44:44.254 0100|01|00|06|f881fe|50aa0800e1b7[payload->]...||47,073
2025-08-02T03:49:54.241 0100|01|00|0e|f809fe|50aa0800e1b70100000005fa0001[payload->]...........||0,256
2025-08-02T04:06:24.253 0100|01|00|06|f801fe|50aa0800e1b7[payload->]...||47,073
2025-08-02T04:11:34.290 0100|05|40|0e|f801fe|50aa0800e1b70100000005fa0001[payload->]...........||0,256
2025-08-02T04:18:24.277 0100|01|00|06|f801fe|50aa0808e9b7[payload->]...||47,081
2025-08-02T04:20:34.204 0100|01|00|06|f801fe|50aa0800e1bf[payload->]...||49,121
2025-08-02T04:36:34.304 0100|01|00|06|f809fe|50aa0800e1b7[payload->]...||47,073
2025-08-02T04:51:34.298 0100|01|00|06|f801fe|50aa0804e1b7[payload->]...||47,073
2025-08-02T04:59:44.190 0100|01|00|06|f801fe|50aa0808e1b7[payload->]...||47,073
2025-08-02T05:19:34.774 0100|01|00|86|f801fe|50aa0800e1b70100000005fa00012004016bf20100010009f501fe200401ffffffff850d0100000005fa0001200201cbf1010001000bf301fe200201ae8da802453b1e8d0100000005fa0003100301ecf10100010007f701fe100301ffff859c0100000005fa0003200401d3f30100010009f501fe200401ffffffff850d0100000005fa0003[payload->]........... ..k......... ................ ............ ......E;...................................... ............ ................||0,768
2025-08-02T05:21:04.277 0100|01|00|06|f801fe|50aa080aebf7[payload->]...||63,467
2025-08-02T05:33:14.237 0100|01|00|06|f801fe|50aa0808e1b7[payload->]...||47,073
2025-08-02T05:40:24.624 0100|01|00|06|f801fe|50aa0800ebbf[payload->]...||49,131
2025-08-02T13:22:34.188 0100|01|00|06|f801fe|50aa0802e1b7[payload->]...||47,073
2025-08-02T13:40:34.212 0100|01|00|06|f801fe|50aa0808e1b7[payload->]...||47,073
2025-08-02T20:43:17.460 0100|01|00|06|f801fe|50aa0800e1b7[payload->]...||47,073
2025-08-03T12:01:26.801 0100|01|00|06|f801fe|50aa0808e1b7[payload->]...||47,073
