2025-07-30T20:31:25.033 0100|00|00|05|fa0001|3641013f21[payload->]?!||8,511
2025-07-30T20:31:25.235 0100|01|00|18|e601fe|36410103e6002ae6006ce60087000000000000000000daf0[payload->]...*..l..............||61,658
2025-07-30T20:33:58.467 0100|00|00|05|fa0001|3641013f21[payload->]?!||8,511
2025-07-30T20:33:58.568 0100|01|00|18|e601fe|36410103e6002ae6006ce60087000000000000000000daf0[payload->]...*..l..............||61,658
2025-07-30T21:03:58.321 0100|00|00|05|fa0001|3641013f21[payload->]?!||8,511
2025-07-30T21:03:58.422 0100|01|00|18|e601fe|36410103e6002ae6006ce60087000000000000000000daf0[payload->]...*..l..............||61,658
2025-07-30T21:31:24.502 0100|00|00|05|fa0001|3641013f21[payload->]?!||8,511
2025-07-30T21:31:24.603 0100|01|00|18|e601fe|36410103e6002ae6006ce60087000000000000000000daf0[payload->]...*..l..............||61,658
2025-07-30T21:33:58.329 0100|00|00|05|fa0001|3641013f21[payload->]?!||8,511
2025-07-30T21:33:58.430 0100|01|00|18|e601fe|36410103e6002ae6006ce60087000000000000000000daf0[payload->]...*..l..............||61,658
2025-07-30T22:03:58.845 0100|00|00|05|fa0001|3641013f21[payload->]?!||8,511
2025-07-30T22:03:58.947 0100|01|00|18|e601fe|36410103e6002ae6006ce60087000000000000000000daf0[payload->]...*..l..............||61,658
2025-07-30T22:31:24.804 0100|00|00|05|fa0001|3641013f21[payload->]?!||8,511
2025-07-30T22:31:24.906 0100|01|00|18|e601fe|36410103e6002ae6006ce60087000000000000000000daf0[payload->]...*..l..............||61,658
2025-07-30T22:33:58.316 0100|00|00|05|fa0001|3641013f21[payload->]?!||8,511
2025-07-30T22:33:58.417 0100|01|00|18|e601fe|36410103e6002ae6006ce60087000000000000000000daf0[payload->]...*..l..............||61,658
2025-07-30T23:03:58.323 0100|00|00|05|fa0001|3641013f21[payload->]?!||8,511
2025-07-30T23:03:58.525 0100|01|00|18|e601fe|36410103e6002ae6006ce60087000000000000000000daf0[payload->]...*..l..............||61,658
2025-07-30T23:31:24.706 0100|00|00|05|fa0001|3641013f21[payload->]?!||8,511
2025-07-30T23:31:24.808 0100|01|00|18|e601fe|36410103e6002ae6006ce60087000000000000000000daf0[payload->]...*..l..............||61,658
2025-07-30T23:33:58.392 0100|00|00|05|fa0001|3641013f21[payload->]?!||8,511
2025-07-30T23:33:58.594 0100|01|00|18|e601fe|36410103e6002ae6006ce60087000000000000000000daf0[payload->]...*..l..............||61,658
2025-07-31T00:03:58.301 0100|00|00|05|fa0001|3641013f21[payload->]?!||8,511
2025-07-31T00:03:58.503 0100|01|00|18|e601fe|36410103e6002ae6006ce60087000000000000000000daf0[payload->]...*..l..............||61,658
2025-07-31T00:31:24.597 0100|00|00|05|fa0001|3641013f21[payload->]?!||8,511
2025-07-31T00:31:24.698 0100|01|00|18|e601fe|36410103e6002ae6006ce60087000000000000000000daf0[payload->]...*..l..............||61,658
2025-07-31T00:33:59.010 0100|00|00|05|fa0001|3641013f21[payload->]?!||8,511
2025-07-31T00:33:59.212 0100|01|00|18|e601fe|36410103e6002ae6006ce60087000000000000000000daf0[payload->]...*..l..............||61,658
2025-07-31T00:34:59.417 0100|00|00|05|fa0001|364101ff26[payload->].&||9,983
2025-07-31T01:03:58.291 0100|00|00|05|fa0001|3641013f21[payload->]?!||8,511
2025-07-31T01:03:58.492 0100|01|00|18|e601fe|36410103e6002ae6006ce60087000000000000000000daf0[payload->]...*..l..............||61,658
2025-07-31T01:31:24.974 0100|00|00|05|fa0001|3641013f21[payload->]?!||8,511
2025-07-31T01:31:25.176 0100|01|00|18|e601fe|36410103e6002ae6006ce60087000000000000000000daf0[payload->]...*..l..............||61,658
2025-07-31T01:33:58.303 0100|00|00|05|fa0001|3641013f21[payload->]?!||8,511
2025-07-31T01:33:58.404 0100|01|00|18|e601fe|36410103e6002ae6006ce60087000000000000000000daf0[payload->]...*..l..............||61,658
2025-07-31T02:03:58.387 0100|00|00|05|fa0001|3641013f21[payload->]?!||8,511
2025-07-31T02:03:58.488 0100|01|00|18|e601fe|36410103e6002ae6006ce60087000000000000000000daf0[payload->]...*..l..............||61,658
2025-07-31T02:31:24.797 0100|00|00|05|fa0001|3641013f21[payload->]?!||8,511
2025-07-31T02:31:24.899 0100|01|00|18|e601fe|36410103e6002ae6006ce60087000000000000000000daf0[payload->]...*..l..............||61,658
2025-07-31T02:33:59.843 0100|00|00|05|fa0001|3641013f21[payload->]?!||8,511
2025-07-31T02:34:00.045 0100|01|00|18|e601fe|36410103e6002ae6006ce60087000000000000000000daf0[payload->]...*..l..............||61,658
2025-07-31T03:03:59.871 0100|00|00|05|fa0001|3641013f21[payload->]?!||8,511
2025-07-31T03:03:59.972 0100|01|00|18|e601fe|36410103e6002ae6006ce60087000000000000000000daf0[payload->]...*..l..............||61,658
2025-07-31T03:31:24.741 0100|00|00|05|fa0001|3641013f21[payload->]?!||8,511
2025-07-31T03:31:24.842 0100|01|00|18|e601fe|36410103e6002ae6006ce60087000000000000000000daf0[payload->]...*..l..............||61,658
2025-07-31T03:33:59.842 0100|00|00|05|fa0001|3641013f21[payload->]?!||8,511
2025-07-31T03:33:59.943 0100|01|00|18|e601fe|36410103e6002ae6006ce60087000000000000000000daf0[payload->]...*..l..............||61,658
2025-07-31T04:03:59.885 0100|00|00|05|fa0001|3641013f21[payload->]?!||8,511
2025-07-31T04:03:59.986 0100|01|00|18|e601fe|36410103e6002ae6006ce60087000000000000000000daf0[payload->]...*..l..............||61,658
2025-07-31T04:31:24.646 0100|00|00|05|fa0001|3641013f01[payload->]?.||0,319
2025-07-31T04:31:24.747 0100|01|00|18|e601fe|36410103e6002ae6006ce60087000000000000000000daf0[payload->]...*..l..............||61,658
2025-07-31T04:33:59.819 0100|00|00|05|fa0001|3641013f21[payload->]?!||8,511
2025-07-31T04:34:00.021 0100|01|00|18|e601fe|36410103e6002ae6006ce60087000000000000000000daf0[payload->]...*..l..............||61,658
2025-07-31T05:04:01.939 0100|00|00|05|fa0001|3641013f21[payload->]?!||8,511
2025-07-31T05:04:02.140 0100|01|00|18|e601fe|36410103e6002ae6006ce60087000000000000000000daf0[payload->]...*..l..............||61,658
2025-07-31T05:31:25.170 0100|00|00|05|fa0001|3641013f21[payload->]?!||8,511
2025-07-31T05:31:25.271 0100|01|00|18|e601fe|36410103e6002ae6006ce60087000000000000000000daf0[payload->]...*..l..............||61,658
2025-07-31T05:34:01.767 0100|00|00|05|fa0001|3641013f21[payload->]?!||8,511
2025-07-31T05:34:01.969 0100|01|00|18|e601fe|36410103e6002ae6006ce60087000000000000000000daf0[payload->]...*..l..............||61,658
2025-07-31T06:04:01.767 0100|00|00|05|fa0001|3641013f21[payload->]?!||8,511
2025-07-31T06:04:01.968 0100|01|00|18|e601fe|36410103e6002ae6006ce60087000000000000000000daf0[payload->]...*..l..............||61,658
2025-07-31T06:31:24.785 0100|00|00|05|fa0001|3641013f21[payload->]?!||8,511
2025-07-31T06:31:24.886 0100|01|00|18|e601fe|36410103e6002ae6006cc60087000000000000000000daf0[payload->]...*..l..............||61,658
2025-07-31T06:34:02.838 0100|00|00|05|fa0001|3641013f21[payload->]?!||8,511
2025-07-31T06:34:02.940 0100|01|00|18|e601fe|36410103e6002ae6006ce60087000000000000000000daf0[payload->]...*..l..............||61,658
2025-07-31T07:04:02.883 0100|00|00|05|fa0001|3641013f21[payload->]?!||8,511
2025-07-31T07:04:02.984 0100|01|00|18|e601fe|36410103e6002ae6006ce60087000000000000000000daf0[payload->]...*..l..............||61,658
2025-07-31T07:31:24.519 0100|00|00|05|fa0001|3641013f21[payload->]?!||8,511
2025-07-31T07:31:24.721 0100|01|00|18|e601fe|36410103e6002ae6006ce60087000000000000000000daf0[payload->]...*..l..............||61,658
2025-07-31T07:34:02.865 0100|00|00|05|fa0001|3641013f21[payload->]?!||8,511
2025-07-31T07:34:02.966 0100|01|00|18|e601fe|36410103e6002ae6006ce60087000000000000000000daf0[payload->]...*..l..............||61,658
2025-07-31T08:04:02.897 0100|00|00|05|fa0001|3641013f21[payload->]?!||8,511
2025-07-31T08:04:02.999 0100|01|00|18|e601fe|36410103e6002ae6006ce60087000000000000000000daf0[payload->]...*..l..............||61,658
2025-07-31T08:31:24.737 0100|00|00|05|fa0001|3641013f21[payload->]?!||8,511
2025-07-31T08:31:24.939 0100|01|00|18|e601fe|36410103e6002ae6006ce60087000000000000000000daf0[payload->]...*..l..............||61,658
2025-07-31T08:34:02.873 0100|00|00|05|fa0001|3641013f21[payload->]?!||8,511
2025-07-31T08:34:02.974 0100|01|00|18|e601fe|36410103e6002ae6006ce60087000000000000000000daf0[payload->]...*..l..............||61,658
2025-07-31T09:04:02.899 0100|00|00|05|fa0001|3641013f21[payload->]?!||8,511
2025-07-31T09:04:03.000 0100|01|00|18|e601fe|36410103e6002ae6006ce60087000000000000000000daf0[payload->]...*..l..............||61,658
2025-07-31T09:31:24.619 0100|00|00|05|fa0001|3641013f21[payload->]?!||8,511
2025-07-31T09:31:24.720 0100|01|00|18|e601fe|36410103e6002ae6006ce60087000000000000000000daf0[payload->]...*..l..............||61,658
2025-07-31T09:34:02.854 0100|00|00|05|fa0001|3641013f21[payload->]?!||8,511
2025-07-31T10:04:03.094 0100|00|00|05|fa0001|3641013f21[payload->]?!||8,511
2025-07-31T10:04:03.296 0100|01|00|18|e601fe|36410103e6002ae6006ce60087000000000000000000daf0[payload->]...*..l..............||61,658
2025-07-31T10:31:24.839 0100|00|00|05|fa0001|3641013f21[payload->]?!||8,511
2025-07-31T10:31:24.941 0100|01|00|18|e601fe|36410103e6002ae6006ce60087000000000000000000daf0[payload->]...*..l..............||61,658
2025-07-31T10:34:04.302 0100|00|00|05|fa0001|3641013f21[payload->]?!||8,511
2025-07-31T10:34:04.403 0100|01|00|18|e601fe|36410103e6002ae6006ce60087000000000000000000daf0[payload->]...*..l..............||61,658
2025-07-31T11:04:04.156 0100|00|00|05|fa0001|3641013f21[payload->]?!||8,511
2025-07-31T11:04:04.257 0100|01|00|18|e601fe|36410103e6002ae6006ce60087000000000000000000daf0[payload->]...*..l..............||61,658
2025-07-31T11:31:24.473 0100|00|00|05|fa0001|3641013f21[payload->]?!||8,511
2025-07-31T11:31:24.675 0100|01|00|18|e601fe|36410103e6002ae6006ce60087000000000000000000daf0[payload->]...*..l..............||61,658
2025-07-31T11:34:04.354 0100|00|00|05|fa0001|3641013f21[payload->]?!||8,511
2025-07-31T11:34:04.455 0100|01|00|18|e601fe|36410103e6002ae6006ce60087000000000000000000daf0[payload->]...*..l..............||61,658
2025-07-31T12:04:04.924 0100|00|00|05|fa0001|3641013f21[payload->]?!||8,511
2025-07-31T12:04:05.026 0100|01|00|18|e601fe|36410103e6002ae6006ce60087000000000000000000daf0[payload->]...*..l..............||61,658
2025-07-31T12:34:04.767 0100|00|00|05|fa0001|3641013f21[payload->]?!||8,511
2025-07-31T12:34:04.868 0100|01|00|18|e601fe|36410103e6002ae6006ce60087000000000000000000daf0[payload->]...*..l..............||61,658
2025-07-31T13:04:06.134 0100|01|00|18|e601fe|36410103e6002ae6006ce60087000000000000000000daf0[payload->]...*..l..............||61,658
2025-07-31T13:34:05.175 0100|00|00|05|fa0001|3641013f21[payload->]?!||8,511
2025-07-31T13:34:05.276 0100|01|00|18|e601fe|36410103e6002ae6006ce60087000000000000000000daf0[payload->]...*..l..............||61,658
2025-07-31T14:04:04.985 0100|00|00|05|fa0001|3641013f21[payload->]?!||8,511
2025-07-31T14:31:24.436 0100|00|00|05|fa0001|3641013f21[payload->]?!||8,511
2025-07-31T14:31:24.638 0100|01|00|18|e601fe|36410103e6002ae6006ce60087000000000000000000daf0[payload->]...*..l..............||61,658
2025-07-31T14:34:04.754 0100|00|00|05|fa0001|3641013f21[payload->]?!||8,511
2025-07-31T15:04:05.938 0100|00|00|05|fa0001|3641013f21[payload->]?!||8,511
2025-07-31T15:04:06.039 0100|01|00|18|e601fe|36410103e6002ae6006ce60087000000000000000000daf0[payload->]...*..l..............||61,658
2025-07-31T15:34:09.368 0100|00|00|05|fa0001|3641013f21[payload->]?!||8,511
2025-07-31T15:34:09.469 0100|01|00|18|e601fe|36410103e6002ae6006ce60087000000000000000000daf0[payload->]...*..l..............||61,658
2025-07-31T16:04:07.958 0100|00|00|05|fa0001|3641013f21[payload->]?!||8,511
2025-07-31T16:04:08.164 0100|01|00|18|e601fe|36410103e6002ae6006ce60087000000000000000000daf0[payload->]...*..l..............||61,658
2025-07-31T16:34:08.014 0100|00|00|05|fa0001|3641013f21[payload->]?!||8,511
2025-07-31T16:34:08.116 0100|01|00|18|e601fe|36410103e6002ae6006ce60087000000000000000000daf0[payload->]...*..l..............||61,658
2025-07-31T17:04:09.102 0100|00|00|05|fa0001|3641013f21[payload->]?!||8,511
2025-07-31T17:04:09.203 0100|01|00|18|e601fe|36410103e6002ae6006ce60087000000000000000000daf0[payload->]...*..l..............||61,658
2025-07-31T17:34:09.296 0100|00|00|05|fa0001|3641013f21[payload->]?!||8,511
2025-07-31T18:04:09.775 0100|00|00|05|fa0001|3641013f21[payload->]?!||8,511
2025-07-31T18:04:09.876 0100|01|00|18|e601fe|36410103e6002ae6006ce60087000000000000000000daf0[payload->]...*..l..............||61,658
2025-07-31T18:31:24.787 0100|00|00|05|fa0001|3641013f21[payload->]?!||8,511
2025-07-31T18:31:24.888 0100|01|00|18|e401fe|36410103e6002ae6006ce60087000000000000000000daf0[payload->]...*..l..............||61,658
2025-07-31T18:34:10.079 0100|00|00|05|fa0001|3641013f21[payload->]?!||8,511
2025-07-31T18:34:10.281 0100|01|00|18|e601fe|36410103e6002ae6006ce60087000000000000000000daf0[payload->]...*..l..............||61,658
2025-07-31T19:04:11.184 0100|00|00|05|fa0001|3641013f21[payload->]?!||8,511
2025-07-31T19:04:11.386 0100|01|00|18|e601fe|36410103e6002ae6006ce60087000000000000000000daf0[payload->]...*..l..............||61,658
2025-07-31T19:34:11.133 0100|00|00|05|fa0001|3641013f21[payload->]?!||8,511
2025-07-31T19:34:11.235 0100|01|00|18|e601fe|36410103e6002ae6006ce60087000000000000000000daf0[payload->]...*..l..............||61,658
2025-07-31T20:04:11.087 0100|00|00|05|fa0001|3641013f21[payload->]?!||8,511
2025-07-31T20:04:11.288 0100|01|00|18|e601fe|36410103e6002ae6006ce60087000000000000000000daf0[payload->]...*..l..............||61,658
2025-07-31T20:31:24.705 0100|00|00|05|fa0001|3641013f21[payload->]?!||8,511
2025-07-31T20:31:24.806 0100|01|00|18|e601fe|36410103e6002ae6006ce60087000000000000000000daf0[payload->]...*..l..............||61,658
2025-07-31T20:34:11.093 0100|00|00|05|fa0001|3641013f21[payload->]?!||8,511
2025-07-31T20:34:11.295 0100|01|00|18|e601fe|36410103e6002ae6006ce60087000000000000000000daf0[payload->]...*..l..............||61,658
2025-07-31T21:04:11.118 0100|00|00|05|fa0001|3641013f21[payload->]?!||8,511
2025-07-31T21:04:11.220 0100|01|00|18|e601fe|36410103e6002ae6006ce60087000000000000000000daf0[payload->]...*..l..............||61,658
2025-07-31T21:31:24.832 0100|00|00|05|fa0001|3641013f21[payload->]?!||8,511
2025-07-31T21:31:24.933 0100|01|00|18|e601fe|36410103e6002ae6006ce60087000000000000000000daf0[payload->]...*..l..............||61,658
2025-07-31T21:34:12.741 0100|00|00|05|fa0001|3641013f21[payload->]?!||8,511
2025-07-31T21:34:12.943 0100|01|00|18|e601fe|36410103e6002ae6006ce60087000000000000000000daf0[payload->]...*..l..............||61,658
2025-07-31T22:04:11.977 0100|00|00|05|fa0001|3641013f21[payload->]?!||8,511
2025-07-31T22:04:12.179 0100|01|00|18|e601fe|36410103e6002ae6006ce60087000000000000000000daf0[payload->]...*..l..............||61,658
2025-07-31T22:31:24.783 0100|00|00|05|fa0001|3641013f21[payload->]?!||8,511
2025-07-31T22:31:24.985 0100|01|00|18|e601fe|36410103e6002ae6006ce60087000000000000000000daf0[payload->]...*..l..............||61,658
2025-07-31T22:34:11.977 0100|00|00|05|fa0001|3641013f21[payload->]?!||8,511
2025-07-31T22:34:12.178 0100|01|00|18|e601fe|36410103e6002ae6006ce60087000000000000000000daf0[payload->]...*..l..............||61,658
2025-07-31T23:04:13.014 0100|00|00|05|fa0001|3641013f21[payload->]?!||8,511
2025-07-31T23:04:13.115 0100|01|00|18|e601fe|36410103e6002ae6006ce60087000000000000000000daf0[payload->]...*..l..............||61,658
2025-07-31T23:31:24.595 0100|00|00|05|fa0001|3641013f21[payload->]?!||8,511
2025-07-31T23:31:24.797 0100|01|00|18|e601fe|36410103e6002ae6006ce60087000000000000000000daf0[payload->]...*..l..............||61,658
2025-07-31T23:34:13.029 0100|00|00|05|fa0001|3641013f21[payload->]?!||8,511
2025-07-31T23:34:13.130 0100|01|00|18|e601fe|36410103e6002ae6006ce60087000000000000000000daf0[payload->]...*..l..............||61,658
2025-08-01T00:04:13.007 0100|00|00|05|fa0001|3641013f21[payload->]?!||8,511
2025-08-01T00:04:13.108 0100|01|00|18|e601fe|36410103e6002ae6006ce60087000000000000000000daf0[payload->]...*..l..............||61,658
2025-08-01T00:31:24.449 0100|00|00|05|fa0001|3641013f21[payload->]?!||8,511
2025-08-01T00:31:24.550 0100|01|00|18|e601fe|36410103e6002ae6006ce60087000000000000000000daf0[payload->]...*..l..............||61,658
2025-08-01T00:34:13.018 0100|00|00|05|fa0001|3641013f21[payload->]?!||8,511
2025-08-01T00:34:13.119 0100|01|00|18|e601fe|36410103e6002ae6006ce60087000000000000000000daf0[payload->]...*..l..............||61,658
2025-08-01T01:04:13.000 0100|00|00|05|fa0001|3641013f21[payload->]?!||8,511
2025-08-01T01:04:13.101 0100|01|00|18|e601fe|36410103e6002ae6006ce60087000000000000000000daf0[payload->]...*..l..............||61,658
2025-08-01T01:31:24.366 0100|00|00|05|fa0001|3641013f21[payload->]?!||8,511
2025-08-01T01:31:24.568 0100|01|00|18|e601fe|36410103e6002ae6006ce60087000000000000000000daf0[payload->]...*..l..............||61,658
2025-08-01T01:34:12.936 0100|00|00|05|fa0001|3641013f21[payload->]?!||8,511
2025-08-01T01:34:13.038 0100|01|00|18|e601fe|36410103e6002ae6006ce60087000000000000000000daf0[payload->]...*..l..............||61,658
2025-08-01T02:04:16.123 0100|00|00|05|fa0001|3641013f21[payload->]?!||8,511
2025-08-01T02:04:16.426 0100|01|00|18|e601fe|36410103e6002ae6006ce60087000000000000000000daf0[payload->]...*..l..............||61,658
2025-08-01T02:34:15.456 0100|00|00|05|fa0001|3641013f21[payload->]?!||8,511
2025-08-01T02:34:15.557 0100|01|00|18|e601fe|36410103e6002ae6006ce60087000000000000000000daf0[payload->]...*..l..............||61,658
2025-08-01T03:04:15.427 0100|00|00|05|fa0001|3641013f21[payload->]?!||8,511
2025-08-01T03:04:15.528 0100|01|00|18|e601fe|36410103e6002ae6006ce60087000000000000000000daf0[payload->]...*..l..............||61,658
2025-08-01T03:31:24.639 0100|00|00|05|fa0001|3641013f21[payload->]?!||8,511
2025-08-01T03:31:24.741 0100|01|00|18|e601fe|36410103e6002ae6006ce60087000000000000000000daf0[payload->]...*..l..............||61,658
2025-08-01T03:34:15.364 0100|00|00|05|fa0001|3641013f21[payload->]?!||8,511
2025-08-01T03:34:15.465 0100|01|00|18|e601fe|36410103e6002ae6006ce60087000000000000000000daf0[payload->]...*..l..............||61,658
2025-08-01T04:04:15.343 0100|00|00|05|fa0001|3641013f21[payload->]?!||8,511
2025-08-01T04:04:15.545 0100|01|00|18|e601fe|36410103e6002ae6006ce60087000000000000000000daf0[payload->]...*..l..............||61,658
2025-08-01T04:31:24.523 0100|00|00|05|fa0001|3641013f21[payload->]?!||8,511
2025-08-01T04:31:24.725 0100|01|00|18|e601fe|36410103e6002ae6006ce60087000000000000000000daf0[payload->]...*..l..............||61,658
2025-08-01T04:34:15.359 0100|00|00|05|fa0001|3641013f21[payload->]?!||8,511
2025-08-01T04:34:15.561 0100|01|00|18|e601fe|36410103e6002ae6006ce60087000000000000000000daf0[payload->]...*..l..............||61,658
2025-08-01T05:04:15.334 0100|00|00|05|fa0001|3641013f21[payload->]?!||8,511
2025-08-01T05:04:15.537 0100|01|00|18|e601fe|36410103e6002ae6006ce60087000000000000000000daf0[payload->]...*..l..............||61,658
2025-08-01T05:31:25.989 0100|00|00|05|fa0001|3641013f21[payload->]?!||8,511
2025-08-01T05:31:26.090 0100|01|00|18|e601fe|36410103e6002ae6006ce60087000000000000000000daf0[payload->]...*..l..............||61,658
2025-08-01T05:34:15.318 0100|00|00|05|fa0001|3641013f21[payload->]?!||8,511
2025-08-01T05:34:15.419 0100|01|00|18|e601fe|36410103e6002ae6006ce60087000000000000000000daf0[payload->]...*..l..............||61,658
2025-08-01T06:04:15.479 0100|00|00|05|fa0001|3641013f21[payload->]?!||8,511
2025-08-01T06:04:15.580 0100|01|00|18|e601fe|36410103e6002ae6006ce60087000000000000000000daf0[payload->]...*..l..............||61,658
2025-08-01T06:31:24.476 0100|00|00|05|fa0001|3641013f21[payload->]?!||8,511
2025-08-01T06:31:24.577 0100|01|00|18|e601fe|36410103e6002ae6006ce60087000000000000000000daf0[payload->]...*..l..............||61,658
2025-08-01T06:34:15.408 0100|00|00|05|fa0001|3641013f21[payload->]?!||8,511
2025-08-01T06:34:15.509 0100|01|00|18|e601fe|36410103e6002ae6006ce60087000000000000000000daf0[payload->]...*..l..............||61,658
2025-08-01T07:04:15.343 0100|00|00|05|fa0001|3641013f21[payload->]?!||8,511
2025-08-01T07:04:15.545 0100|01|00|18|e601fe|36410103e6002ae6006ce60087000000000000000000daf0[payload->]...*..l..............||61,658
2025-08-01T07:31:24.534 0100|00|00|05|fa0001|3641013f21[payload->]?!||8,511
2025-08-01T07:31:24.736 0100|01|00|18|e601fe|36410103e6002ae6006ce60087000000000000000000daf0[payload->]...*..l..............||61,658
2025-08-01T07:34:17.279 0100|00|00|05|fa0001|3641013f21[payload->]?!||8,511
2025-08-01T07:34:17.380 0100|01|00|18|e601fe|36410103e6002ae6006ce60087000000000000000000daf0[payload->]...*..l..............||61,658
2025-08-01T08:04:16.295 0100|00|00|05|fa0001|3641013f21[payload->]?!||8,511
2025-08-01T08:04:16.396 0100|01|00|18|e601fe|36410103e6002ae6006ce60087000000000000000000daf0[payload->]...*..l..............||61,658
2025-08-01T08:31:24.945 0100|00|00|05|fa0001|3641013f21[payload->]?!||8,511
2025-08-01T08:31:25.046 0100|01|00|18|e601fe|36410103e6002ae6006ce60087000000000000000000daf0[payload->]...*..l..............||61,658
2025-08-01T08:34:16.157 0100|00|00|05|fa0001|3641013f21[payload->]?!||8,511
2025-08-01T08:34:16.358 0100|01|00|18|e601fe|36410103e6002ae6006ce60087000000000000000000daf0[payload->]...*..l..............||61,658
2025-08-01T09:04:16.226 0100|00|00|05|fa0001|3641013f21[payload->]?!||8,511
2025-08-01T09:04:16.327 0100|01|00|18|e601fe|36410103e6002ae6006ce60087000000000000000000daf0[payload->]...*..l..............||61,658
2025-08-01T09:31:25.035 0100|00|00|05|fa0001|3641013f21[payload->]?!||8,511
2025-08-01T09:31:25.136 0100|01|00|18|e601fe|36410103e6002ae6006ce60087000000000000000000daf0[payload->]...*..l..............||61,658
2025-08-01T09:34:16.164 0100|00|00|05|fa0001|3641013f21[payload->]?!||8,511
2025-08-01T09:34:16.366 0100|01|00|18|e601fe|36410103e6002ae6006ce60087000000000000000000daf0[payload->]...*..l..............||61,658
2025-08-01T10:04:16.460 0100|00|00|05|fa0001|3641013f21[payload->]?!||8,511
2025-08-01T10:04:16.561 0100|01|00|18|e601fe|36410103e6002ae6006ce60087000000000000000000daf0[payload->]...*..l..............||61,658
2025-08-01T10:31:24.971 0100|00|00|05|fa0001|3641013f21[payload->]?!||8,511
2025-08-01T10:31:25.072 0100|01|00|18|e601fe|36410103e6002ae6006ce60087000000000000000000daf0[payload->]...*..l..............||61,658
2025-08-01T10:34:16.226 0100|00|00|05|fa0001|3641013f21[payload->]?!||8,511
2025-08-01T10:34:16.327 0100|01|00|18|e601fe|36410103e6002ae6006ce60087000000000000000000daf0[payload->]...*..l..............||61,658
2025-08-01T11:04:16.296 0100|00|00|05|fa0001|3641013f21[payload->]?!||8,511
2025-08-01T11:04:16.397 0100|01|00|18|e601fe|36410103e6002ae6006ce60087000000000000000000daf0[payload->]...*..l..............||61,658
2025-08-01T11:31:25.047 0100|00|00|05|fa0001|3641013f21[payload->]?!||8,511
2025-08-01T11:31:25.148 0100|01|00|18|e601fe|36410101e6002ae6006c660087000000000000000000daf0[payload->]...*..lf.............||61,658
2025-08-01T11:34:16.212 0100|00|00|05|fa0001|3641013f21[payload->]?!||8,511
2025-08-01T11:34:16.313 0100|01|00|18|e601fe|36410103e6002ae6006ce60087000000000000000000daf0[payload->]...*..l..............||61,658
2025-08-01T12:04:16.978 0100|00|00|05|fa0001|3641013f21[payload->]?!||8,511
2025-08-01T12:04:17.079 0100|01|00|18|e601fe|36410103e6002ae6006ce60087000000000000000000daf0[payload->]...*..l..............||61,658
2025-08-01T12:34:17.188 0100|00|00|05|fa0001|3641013f21[payload->]?!||8,511
2025-08-01T12:34:17.390 0100|01|00|18|e601fe|36410103e6002ae6006ce60087000000000000000000daf0[payload->]...*..l..............||61,658
2025-08-01T13:04:17.672 0100|00|00|05|fa0001|3641013f21[payload->]?!||8,511
2025-08-01T13:04:17.874 0100|01|00|18|e601fe|36410103e6002ae6006ce60087000000000000000000daf0[payload->]...*..l..............||61,658
2025-08-01T13:31:24.826 0100|00|00|05|fa0001|3641013f21[payload->]?!||8,511
2025-08-01T13:31:24.927 0100|01|00|18|e601fe|36410103e6002ae6006ce60087000000000000000000daf0[payload->]...*..l..............||61,658
2025-08-01T13:34:17.158 0100|00|00|05|fa0001|3641013f21[payload->]?!||8,511
2025-08-01T13:34:17.259 0100|01|00|18|e601fe|36410103e6002ae6006ce60083000000000000000000daf0[payload->]...*..l..............||61,658
2025-08-01T14:04:19.169 0100|00|00|05|fa0001|3641013f21[payload->]?!||8,511
2025-08-01T14:04:19.271 0100|01|00|18|e601fe|36410103e6002ae6006ce60087000000000000000000daf0[payload->]...*..l..............||61,658
2025-08-01T14:34:20.422 0100|00|00|05|fa0001|3641013f21[payload->]?!||8,511
2025-08-01T14:34:20.523 0100|01|00|18|e601fe|36410103e6002ae6006ce60087000000000000000000daf0[payload->]...*..l..............||61,658
2025-08-01T15:04:20.422 0100|00|00|05|fa0001|3641013f21[payload->]?!||8,511
2025-08-01T15:04:20.523 0100|01|00|18|e601fe|36410103e6002ae6006ce60087000000000000000000daf0[payload->]...*..l..............||61,658
2025-08-01T15:31:24.419 0100|00|00|05|fa0001|3641013f21[payload->]?!||8,511
2025-08-01T15:31:24.621 0100|01|00|18|e601fe|36410103e6002ae6006ce60087000000000000000000daf0[payload->]...*..l..............||61,658
2025-08-01T15:34:20.995 0100|00|00|05|fa0001|3641013f21[payload->]?!||8,511
2025-08-01T15:34:21.096 0100|01|00|18|e601fe|36410103e6002ae6006ce60087000000000000000000daf0[payload->]...*..l..............||61,658
2025-08-01T16:04:20.964 0100|00|00|05|fa0001|3641013f21[payload->]?!||8,511
2025-08-01T16:04:21.166 0100|01|00|18|e601fe|36410103e6002ae6006ce60087000000000000000000daf0[payload->]...*..l..............||61,658
2025-08-01T16:34:20.984 0100|00|00|05|fa0001|3641013f21[payload->]?!||8,511
2025-08-01T16:34:21.186 0100|01|00|18|e601fe|36410103e6002ae6006ce60087000000000000000000daf0[payload->]...*..l..............||61,658
2025-08-01T17:04:21.003 0100|00|00|05|fa0001|3641013f21[payload->]?!||8,511
2025-08-01T17:04:21.104 0100|01|00|18|e601fe|36410103e6002ae6006ce60087000000000000000000daf0[payload->]...*..l..............||61,658
2025-08-01T17:31:24.454 0100|00|00|05|fa0001|3641013f21[payload->]?!||8,511
2025-08-01T17:34:21.053 0100|00|00|05|fa0001|3641013f21[payload->]?!||8,511
2025-08-01T17:34:21.154 0100|01|00|18|e601fe|36410103e6002ae6006ce60087000000000000000000daf0[payload->]...*..l..............||61,658
2025-08-01T18:04:20.958 0100|00|00|05|fa0001|3641013f21[payload->]?!||8,511
2025-08-01T18:04:21.060 0100|01|00|18|e601fe|36410103e6002ae6006ce60087000000000000000000daf0[payload->]...*..l..............||61,658
2025-08-01T18:31:24.505 0100|00|00|05|fa0001|3641013f21[payload->]?!||8,511
2025-08-01T18:31:24.606 0100|01|00|18|e601fe|36410103e6002ae6006ce60087000000000000000000daf0[payload->]...*..l..............||61,658
2025-08-01T18:34:21.020 0100|00|00|05|fa0001|3641013f21[payload->]?!||8,511
2025-08-01T18:34:21.121 0100|01|00|18|e601fe|36410103e6002ae6006ce60087000000000000000000daf0[payload->]...*..l..............||61,658
2025-08-01T19:04:21.006 0100|00|00|05|fa0001|3641013f21[payload->]?!||8,511
2025-08-01T19:04:21.107 0100|01|00|18|e601fe|36410103e6002ae6006ce60087000000000000000000daf0[payload->]...*..l..............||61,658
2025-08-01T19:31:24.376 0100|00|00|05|fa0001|3641013f21[payload->]?!||8,511
2025-08-01T19:31:24.477 0100|01|00|18|e601fe|36410103e6002ae6006ce60087000000000000000000daf0[payload->]...*..l..............||61,658
2025-08-01T19:34:22.981 0100|00|00|05|fa0001|3641013f21[payload->]?!||8,511
2025-08-01T20:04:23.126 0100|01|00|18|e601fe|36410103e6002ae6006ce60087000000000000000000daf0[payload->]...*..l..............||61,658
2025-08-01T20:31:24.960 0100|00|00|05|fa0001|3641013f21[payload->]?!||8,511
2025-08-01T20:31:25.061 0100|01|00|18|e601fe|36410103e6002ae6006ce60087000000000000000000daf0[payload->]...*..l..............||61,658
2025-08-01T20:34:24.030 0100|00|00|05|fa0001|3641013f21[payload->]?!||8,511
2025-08-01T20:34:24.232 0100|01|00|18|e601fe|36410103e6002ae6006ce60087000000000000000000daf0[payload->]...*..l..............||61,658
2025-08-01T21:04:24.033 0100|00|00|05|fa0001|3641013f21[payload->]?!||8,511
2025-08-01T21:04:24.235 0100|01|00|18|e601fe|36410103e6002ae6006ce60087000000000000000000daf0[payload->]...*..l..............||61,658
2025-08-01T21:31:24.771 0100|00|00|05|fa0001|3641013f21[payload->]?!||8,511
2025-08-01T21:31:24.872 0100|01|00|18|e601fe|36410103e6002ae6006ce60087000000000000000000daf0[payload->]...*..l..............||61,658
2025-08-01T21:34:24.039 0100|00|00|05|fa0001|3641013f21[payload->]?!||8,511
2025-08-01T21:34:24.241 0100|01|00|18|e601fe|36410103e6002ae6006ce6008700000000000a420000daf0[payload->]...*..l.........B....||61,658
2025-08-01T22:04:26.139 0100|00|00|05|fa0001|3641013f21[payload->]?!||8,511
2025-08-01T22:04:26.241 0100|01|00|18|e601fe|36410103e6002ae6006ce60087000000000000000000daf0[payload->]...*..l..............||61,658
2025-08-01T22:31:24.556 0100|00|00|05|fa0001|3641013f21[payload->]?!||8,511
2025-08-01T22:34:24.962 0100|00|00|05|fa0001|3641013f21[payload->]?!||8,511
2025-08-01T22:34:25.164 0100|01|00|18|e601fe|36410103e6002ae6006ce60087000000000000000000daf0[payload->]...*..l..............||61,658
2025-08-01T23:04:24.963 0100|00|00|05|fa0001|3641013f21[payload->]?!||8,511
2025-08-01T23:04:25.165 0100|01|00|18|e601fe|36410103e6002ae6006ce60087000000000000000000daf0[payload->]...*..l..............||61,658
2025-08-01T23:31:24.840 0100|00|00|05|fa0001|3641013f21[payload->]?!||8,511
2025-08-01T23:31:24.941 0100|01|00|18|e601fe|36410103e6002ae6006ce60087000000000000000000daf0[payload->]...*..l..............||61,658
2025-08-01T23:34:24.999 0100|00|00|05|fa0001|3641013f21[payload->]?!||8,511
2025-08-01T23:34:25.100 0100|01|00|18|e601fe|36410103e6002ae6006ce60087000000000000000000daf0[payload->]...*..l..............||61,658
2025-08-02T00:04:24.959 0100|00|00|05|fa0001|3641013f21[payload->]?!||8,511
2025-08-02T00:04:25.161 0100|01|00|18|e601fe|36410103e6002ae6006ce60087000000000000000000daf0[payload->]...*..l..............||61,658
2025-08-02T00:31:24.695 0100|00|00|05|fa0001|3641013f21[payload->]?!||8,511
2025-08-02T00:31:24.796 0100|01|00|18|e601fe|36410103e6002ae6006ce60087000000000000000000daf0[payload->]...*..l..............||61,658
2025-08-02T00:34:24.938 0100|00|00|05|fa0001|3641013f21[payload->]?!||8,511
2025-08-02T00:34:25.139 0100|01|00|18|e601fe|36410103e6002ae6006ce60087000000000000000000daf0[payload->]...*..l..............||61,658
2025-08-02T01:04:24.993 0100|00|00|05|fa0001|3641013f21[payload->]?!||8,511
2025-08-02T01:04:25.095 0100|01|00|18|e601fe|36410103e6002ae6006ce60087000000000000000000daf0[payload->]...*..l..............||61,658
2025-08-02T01:31:24.572 0100|00|00|05|fa0001|3641013f21[payload->]?!||8,511
2025-08-02T01:31:24.774 0100|01|00|18|e601fe|36410103e6002ae6006ce60087000000000000000000daf0[payload->]...*..l..............||61,658
2025-08-02T02:04:24.984 0100|00|00|05|fa0001|3641013f21[payload->]?!||8,511
2025-08-02T02:04:25.085 0100|01|00|18|e601fe|36410103e6002ae6006ce60087000000000000000000daf0[payload->]...*..l..............||61,658
2025-08-02T02:31:24.673 0100|00|00|05|fa0001|3641013f21[payload->]?!||8,511
2025-08-02T02:31:24.875 0100|01|00|18|e601fe|36410103e6002ae6006ce60087000000000000000000daf0[payload->]...*..l..............||61,658
2025-08-02T02:34:24.977 0100|00|00|05|fa0001|3641013f21[payload->]?!||8,511
2025-08-02T02:34:25.179 0100|01|00|18|e601fe|36410103e6002ae6006ce60087000000000000000000daf0[payload->]...*..l..............||61,658
2025-08-02T03:04:24.974 0100|00|00|05|fa0001|3641013f21[payload->]?!||8,511
2025-08-02T03:04:25.176 0100|01|00|18|e601fe|36410103e6002ae6006ce60087000000000000000000daf0[payload->]...*..l..............||61,658
2025-08-02T03:31:24.653 0100|00|00|05|fa0001|3641013f21[payload->]?!||8,511
2025-08-02T03:31:24.754 0100|01|00|18|e601fe|36410103e6002ae6006ce60087000000000000000000daf0[payload->]...*..l..............||61,658
2025-08-02T03:34:24.984 0100|00|00|05|fa0001|3641013f21[payload->]?!||8,511
2025-08-02T03:34:25.085 0100|01|00|18|e601fe|36410103e6002ae6006ce60087000000000000000000daf0[payload->]...*..l..............||61,658
2025-08-02T04:04:24.978 0100|00|00|05|fa0001|3641013f21[payload->]?!||8,511
2025-08-02T04:31:24.601 0100|00|00|05|fa0001|3641013f21[payload->]?!||8,511
2025-08-02T04:31:24.702 0100|01|00|18|e601fe|36410103e6002ae6006ce60087000000000000000000daf0[payload->]...*..l..............||61,658
2025-08-02T04:34:25.022 0100|00|00|05|fa0001|3641013f21[payload->]?!||8,511
2025-08-02T04:34:25.224 0100|01|00|18|e601fe|36410103e6002ae6006ce60087000000000000000000daf0[payload->]...*..l..............||61,658
2025-08-02T05:04:25.010 0100|00|00|05|fa0001|3641013f21[payload->]?!||8,511
2025-08-02T05:04:25.111 0100|01|00|18|e601fa|36410103e6002ae6006ce60087000000000000000000daf0[payload->]...*..l..............||61,658
2025-08-02T05:31:24.613 0100|00|00|05|fa0001|3641013f21[payload->]?!||8,511
2025-08-02T05:31:24.815 0100|01|00|18|e601fe|36410103e6002ae6006ce60087000000000000000000daf0[payload->]...*..l..............||61,658
2025-08-02T05:34:24.980 0100|00|00|05|fa0001|3641013f21[payload->]?!||8,511
2025-08-02T05:34:25.182 0100|01|00|18|e601fe|36410103e6002ae6006ce60087000000000000000000daf0[payload->]...*..l..............||61,658
2025-08-02T06:04:26.163 0100|00|00|05|fa0001|3641013f21[payload->]?!||8,511
2025-08-02T06:04:26.264 0100|01|00|18|e601fe|36410103e6002ae6006ce60087000000000000000000daf0[payload->]...*..l..............||61,658
2025-08-02T06:31:24.654 0100|00|00|05|fa0001|3641013f21[payload->]?!||8,511
2025-08-02T06:31:24.756 0100|01|00|18|e601fe|36410103e6002ae6006ce60087000000000000000000daf0[payload->]...*..l..............||61,658
2025-08-02T06:34:26.348 0100|00|00|05|fa0001|3641013f21[payload->]?!||8,511
2025-08-02T06:34:26.449 0100|01|00|18|e601fe|36410103e6002ae6006ce60087000000000000000000daf0[payload->]...*..l..............||61,658
2025-08-02T07:04:26.271 0100|00|00|05|fa0001|3641013f21[payload->]?!||8,511
2025-08-02T07:04:26.372 0100|01|00|18|e601fe|36410103e6002ae6006ce60087000000000000000000daf0[payload->]...*..l..............||61,658
2025-08-02T07:31:24.619 0100|00|00|05|fa0001|3641013f21[payload->]?!||8,511
2025-08-02T07:31:24.721 0100|01|00|18|e601fe|36410103e6002ae6006ce60087000000000000000000daf0[payload->]...*..l..............||61,658
2025-08-02T07:31:25.024 0100|01|00|18|e601fe|36410102001024000084000000000000000000000000dbed[payload->]...$.................||60,891
2025-08-02T08:04:26.248 0100|00|00|05|fa0001|3641013f21[payload->]?!||8,511
2025-08-02T08:04:26.349 0100|01|00|18|e601fe|36410103e6002ae6006ce60087000000000000000000daf0[payload->]...*..l..............||61,658
2025-08-02T08:31:25.085 0100|00|00|05|fa0001|3641013f21[payload->]?!||8,511
2025-08-02T08:31:25.286 0100|01|00|18|e601fe|36410103e6002a440103e6002ae6006ce600870000000000[payload->]...*D....*..l........||0,000
2025-08-02T08:34:26.261 0100|00|00|05|fa0001|3641013f21[payload->]?!||8,511
2025-08-02T09:04:26.297 0100|00|00|05|fa0001|3641013f21[payload->]?!||8,511
2025-08-02T09:04:26.399 0100|01|00|18|e601fe|36410103e6002ae6006ce60087000000000000000000daf0[payload->]...*..l..............||61,658
2025-08-02T09:31:24.756 0100|00|00|05|fa0001|3641013f21[payload->]?!||8,511
2025-08-02T09:31:24.857 0100|01|00|18|e601fe|36410103e6002ae6006ce60087000000000000000000daf0[payload->]...*..l..............||61,658
2025-08-02T09:34:26.334 0100|00|00|05|fa0001|3641013f21[payload->]?!||8,511
2025-08-02T09:34:26.436 0100|01|00|18|e601fe|36410103e6002ae6006ce60087000000000000000000daf0[payload->]...*..l..............||61,658
2025-08-02T10:04:26.258 0100|00|00|05|fa0001|3641013f21[payload->]?!||8,511
2025-08-02T10:04:26.359 0100|01|00|18|e601fe|36410103e6002ae6006ce60087000000000000000000daf0[payload->]...*..l..............||61,658
2025-08-02T10:34:26.279 0100|00|00|05|fa0001|3641013f21[payload->]?!||8,511
2025-08-02T10:34:26.380 0100|01|00|18|e601fe|36410103e6002ae6006ce60087000000000000000000daf0[payload->]...*..l..............||61,658
2025-08-02T11:04:26.301 0100|00|00|05|fa0001|3641013f21[payload->]?!||8,511
2025-08-02T11:04:26.402 0100|01|00|18|e601fe|36410103e6002ae6006ce60087000000000000000000daf0[payload->]...*..l..............||61,658
2025-08-02T11:31:24.753 0100|00|00|05|fa0001|3641013f21[payload->]?!||8,511
2025-08-02T11:31:24.854 0100|01|00|18|e601fe|36410103e6002ae6006ce60087000000000000000000daf0[payload->]...*..l..............||61,658
2025-08-02T11:34:26.243 0100|00|00|05|fa0001|3641013f21[payload->]?!||8,511
2025-08-02T11:34:26.444 0100|01|00|18|e601fe|36410103e6002ae6006ce60087000000000000000000daf0[payload->]...*..l..............||61,658
2025-08-02T12:04:27.107 0100|00|00|05|fa0001|3641013f21[payload->]?!||8,511
2025-08-02T12:04:27.208 0100|01|00|18|e601fe|36410103e6002ae6006ce60087000000000000000000daf0[payload->]...*..l..............||61,658
2025-08-02T12:31:24.682 0100|00|00|05|fa0001|3641013f21[payload->]?!||8,511
2025-08-02T12:31:24.784 0100|01|00|18|e601fe|36410103e6002ae6006ce60087000000000000000000daf0[payload->]...*..l..............||61,658
2025-08-02T12:34:27.130 0100|00|00|05|fa0001|3641013f21[payload->]?!||8,511
2025-08-02T12:34:27.231 0100|01|00|18|e601fe|36410103e6002ae6006ce60087000000000000000000daf0[payload->]...*..l..............||61,658
2025-08-02T13:04:27.158 0100|00|00|05|fa0001|3641013f21[payload->]?!||8,511
2025-08-02T13:04:27.360 0100|01|00|18|e601fe|36410103e6002ae6006ce60087000000000000000000daf0[payload->]...*..l..............||61,658
2025-08-02T13:31:24.613 0100|00|00|05|fa0001|3641013f21[payload->]?!||8,511
2025-08-02T13:31:24.714 0100|01|00|18|e601fe|36410103e6002ae6806ce60087000800000000000000daf0[payload->]...*..l..............||61,658
2025-08-02T13:34:29.016 0100|00|00|05|fa0001|3641013f21[payload->]?!||8,511
2025-08-02T13:34:29.218 0100|01|00|18|e601fe|36410103e6002ae6006ce60087000000000000000000daf0[payload->]...*..l..............||61,658
2025-08-02T14:04:30.312 0100|00|00|05|fa0001|3641013f21[payload->]?!||8,511
2025-08-02T14:04:30.514 0100|01|00|18|e601fe|36410103e6002ae6006ce60087000000000000000000daf0[payload->]...*..l..............||61,658
2025-08-02T14:31:24.766 0100|00|00|05|fa0001|3641013f21[payload->]?!||8,511
2025-08-02T14:31:24.967 0100|01|00|18|e601fe|36410103e6002ae6006ce60087000000000000000000daf0[payload->]...*..l..............||61,658
2025-08-02T14:34:29.020 0100|00|00|05|fa0001|3641013f21[payload->]?!||8,511
2025-08-02T14:34:29.121 0100|01|00|18|e601fe|36410103e6002ae6006ce60087000000000000000000daf0[payload->]...*..l..............||61,658
2025-08-02T15:04:29.045 0100|00|00|05|fa0001|3641013f21[payload->]?!||8,511
2025-08-02T15:04:29.147 0100|01|00|18|e601fe|36410103e6002ae6006ce60087000000000000000000daf0[payload->]...*..l..............||61,658
2025-08-02T15:31:24.633 0100|00|00|05|fa0001|3641013f21[payload->]?!||8,511
2025-08-02T15:31:24.734 0100|01|00|18|e601fe|36410103e6002ae6006ce60087000000000000000000daf0[payload->]...*..l..............||61,658
2025-08-02T15:34:29.012 0100|00|00|05|fa0001|3641013f21[payload->]?!||8,511
2025-08-02T15:34:29.112 0100|01|00|18|e601fe|36410103e6002ae6006ce60087000000000000000000daf0[payload->]...*..l..............||61,658
2025-08-02T16:04:29.054 0100|00|00|05|fa0001|3641013f21[payload->]?!||8,511
2025-08-02T16:04:29.155 0100|01|00|18|e601fe|36410103e6002ae6006ce60087000000000000000000daf0[payload->]...*..l..............||61,658
2025-08-02T16:31:24.525 0100|00|00|05|fa0001|3641013f21[payload->]?!||8,511
2025-08-02T16:31:24.727 0100|01|00|18|e601fe|36410103e6002ae6006ce60087000000000000000000daf0[payload->]...*..l..............||61,658
2025-08-02T16:34:28.998 0100|00|00|05|fa0001|3641013f21[payload->]?!||8,511
2025-08-02T16:34:29.201 0100|01|00|18|e601fe|36410103e6002ae6006ce60087000000000000000000daf0[payload->]...*..l..............||61,658
2025-08-02T17:04:28.969 0100|00|00|05|fa0001|3641013f21[payload->]?!||8,511
2025-08-02T17:04:29.171 0100|01|00|18|e601fe|36410103e6002ae6006ce60087000000000000000000daf0[payload->]...*..l..............||61,658
2025-08-02T17:31:24.578 0100|00|00|05|fa0001|3641013f21[payload->]?!||8,511
2025-08-02T17:31:24.779 0100|01|00|18|e601fe|36410103e6002ae6006ce60087000000000000000000daf0[payload->]...*..l..............||61,658
2025-08-02T17:34:29.038 0100|00|00|05|fa0001|3641013f21[payload->]?!||8,511
2025-08-02T17:34:29.139 0100|01|00|18|e601fe|36410103e6002ae6006ce60087000000000000000000daf0[payload->]...*..l..............||61,658
2025-08-02T18:04:29.044 0100|00|00|05|fa0001|3641013f21[payload->]?!||8,511
2025-08-02T18:04:29.145 0100|01|00|18|e601fe|36410103e6002ae6006ce60087000000000000000000daf0[payload->]...*..l..............||61,658
2025-08-02T18:31:24.687 0100|00|00|05|fa0001|3641013f21[payload->]?!||8,511
2025-08-02T18:31:24.789 0100|01|00|18|e601fe|36410103e6002ae6006ce60087000000000000000000daf0[payload->]...*..l..............||61,658
2025-08-02T18:34:29.038 0100|00|00|05|fa0001|3641013f21[payload->]?!||8,511
2025-08-02T18:34:29.140 0100|01|00|18|e601fe|36410103e6002ae6006ce60087000000000000000000daf0[payload->]...*..l..............||61,658
2025-08-02T19:04:29.005 0100|00|00|05|fa0001|3641013f21[payload->]?!||8,511
2025-08-02T19:04:29.207 0100|01|00|18|e601fe|36410103e6002ae6006ce60087000000000000000000daf0[payload->]...*..l..............||61,658
2025-08-02T19:34:30.037 0100|00|00|05|fa0001|3641013f21[payload->]?!||8,511
2025-08-02T19:34:30.239 0100|01|00|18|e601fe|36410103e6002ae6006ce60087000000000000000000daf0[payload->]...*..l..............||61,658
2025-08-02T20:04:30.148 0100|00|00|05|fa0001|3641013f21[payload->]?!||8,511
2025-08-02T20:04:30.350 0100|01|00|18|e601fe|36410103e6002ae6006ce60087000000000000000000daf0[payload->]...*..l..............||61,658
2025-08-02T20:31:25.572 0100|00|00|05|fa0001|3641013f21[payload->]?!||8,511
2025-08-02T20:31:25.774 0100|01|00|18|e601fe|364101e601fe36440103e6002ae6006ce600870000000000[payload->]...6D....*..l........||0,000
2025-08-02T20:34:30.257 0100|00|00|05|fa0001|3641013f21[payload->]?!||8,511
2025-08-02T20:34:30.458 0100|01|00|18|e601fe|36410103e6002ae6006ce60087000000000000000000daf0[payload->]...*..l..............||61,658
2025-08-02T21:04:30.439 0100|00|00|05|fa0001|3641013f21[payload->]?!||8,511
2025-08-02T21:04:30.540 0100|01|00|18|e601fe|36410103e6002ae6006ce60087000000000000000000daf0[payload->]...*..l..............||61,658
2025-08-02T21:34:30.074 0100|00|00|05|fa0001|3641013f21[payload->]?!||8,511
2025-08-02T21:34:30.175 0100|01|00|18|e601fe|36410103e6002ae6006ce60087000000000000000000daf0[payload->]...*..l..............||61,658
2025-08-02T22:04:30.283 0100|00|00|05|fa0001|3641013f21[payload->]?!||8,511
2025-08-02T22:04:30.384 0100|01|00|18|e601fe|36410103e6002ae6006ce60087000000000000000000daf0[payload->]...*..l..............||61,658
2025-08-02T22:31:25.314 0100|00|00|05|fa0001|3641013f21[payload->]?!||8,511
2025-08-02T22:31:25.415 0100|01|00|18|e601fe|36410103e6002ae6006ce60087000000000000000000daf0[payload->]...*..l..............||61,658
2025-08-02T22:34:29.961 0100|00|00|05|fa0001|3641013f21[payload->]?!||8,511
2025-08-02T22:34:30.162 0100|01|00|18|e601fe|36410103e6002ae6006ce60087000000000000000000daf0[payload->]...*..l..............||61,658
2025-08-02T23:04:30.256 0100|00|00|05|fa0001|3641013f21[payload->]?!||8,511
2025-08-02T23:04:30.357 0100|01|00|18|e601fe|36410103e6002ae6006ce60087000000000000000000daf0[payload->]...*..l..............||61,658
2025-08-02T23:34:30.958 0100|00|00|05|fa0001|3641013f21[payload->]?!||8,511
2025-08-02T23:34:31.059 0100|01|00|18|e601fe|36410103e6002ae6006ce60087000000000000000000daf0[payload->]...*..l..............||61,658
2025-08-03T00:04:30.967 0100|00|00|05|fa0001|3641013f21[payload->]?!||8,511
2025-08-03T00:04:31.068 0100|01|00|18|e601fe|36410103e6002ae6006ce60087000000000000000000daf0[payload->]...*..l..............||61,658
2025-08-03T00:31:24.911 0100|00|00|05|fa0001|3641013f21[payload->]?!||8,511
2025-08-03T00:31:25.113 0100|01|00|18|e601fe|36410103e6002ae6006ce60087000000000000000000daf0[payload->]...*..l..............||61,658
2025-08-03T00:34:30.953 0100|00|00|05|fa0001|3641013f21[payload->]?!||8,511
2025-08-03T00:34:31.155 0100|01|00|18|e601fe|36410103e6002ae6006ce60087000000000000000000daf0[payload->]...*..l..............||61,658
2025-08-03T01:04:31.986 0100|00|00|05|fa0001|3641013f21[payload->]?!||8,511
2025-08-03T01:04:32.188 0100|01|00|18|e601fe|36410103e6002ae6006ce60087000000000000000000daf0[payload->]...*..l..............||61,658
2025-08-03T01:34:34.025 0100|00|00|05|fa0001|3641013f21[payload->]?!||8,511
2025-08-03T01:34:34.227 0100|01|00|18|e601fe|36410103e6002ae6006ce60087000000000000000000daf0[payload->]...*..l..............||61,658
2025-08-03T02:04:33.202 0100|00|00|05|fa0001|3641013f21[payload->]?!||8,511
2025-08-03T02:04:33.404 0100|01|00|18|e601fe|36410103e6002ae6006ce60087000000000000000000daf0[payload->]...*..l..............||61,658
2025-08-03T02:31:25.237 0100|00|00|05|fa0001|3641013f21[payload->]?!||8,511
2025-08-03T02:31:25.439 0100|01|00|18|e601fe|36410103e6002ae6006ce600874701020010240000840000[payload->]...*..l...G....$.....||0,000
2025-08-03T02:34:34.157 0100|00|00|05|fa0001|3641013f21[payload->]?!||8,511
2025-08-03T02:34:34.258 0100|01|00|18|e601fe|36410103e6002ae6006ce60087000000000000000000daf0[payload->]...*..l..............||61,658
2025-08-03T03:04:34.077 0100|00|00|05|fa0001|3641013f21[payload->]?!||8,511
2025-08-03T03:04:34.178 0100|01|00|18|e601fe|36410103e6002ae6006ce60087000000000000000000daf0[payload->]...*..l..............||61,658
2025-08-03T03:34:34.043 0100|00|00|05|fa0001|3641013f21[payload->]?!||8,511
2025-08-03T03:34:34.245 0100|01|00|18|e601fe|36410103e6002ae6006ce60087000000000000000000daf0[payload->]...*..l..............||61,658
2025-08-03T04:04:35.158 0100|00|00|05|fa0001|3641013f21[payload->]?!||8,511
2025-08-03T04:04:35.360 0100|01|00|18|e601fe|36410103e6002ae6006ce60087000000000000000000daf0[payload->]...*..l..............||61,658
2025-08-03T04:34:34.092 0100|00|00|05|fa0001|3641013f21[payload->]?!||8,511
2025-08-03T04:34:34.295 0100|01|00|18|e601fe|36410103e6002ae6006ce60087000000000000000000daf0[payload->]...*..l..............||61,658
2025-08-03T05:04:34.108 0100|00|00|05|fa0001|3641013f21[payload->]?!||8,511
2025-08-03T05:04:34.209 0100|01|00|18|e601fe|36410103e6002ae6006ce60087000000000000000000daf0[payload->]...*..l..............||61,658
2025-08-03T05:34:34.032 0100|00|00|05|fa0001|3641013f21[payload->]?!||8,511
2025-08-03T05:34:34.234 0100|01|00|18|e601fe|36410103e6002ae6006ce60087000000000000000000daf0[payload->]...*..l..............||61,658
2025-08-03T06:04:34.153 0100|00|00|05|fa0001|3641013f21[payload->]?!||8,511
2025-08-03T06:04:34.254 0100|01|00|18|e601fe|36410103e6002ae6006ce60087000000000000000000daf0[payload->]...*..l..............||61,658
2025-08-03T06:34:34.137 0100|00|00|05|fa0001|3641013f21[payload->]?!||8,511
2025-08-03T06:34:34.339 0100|01|00|18|e601fe|36410103e6002ae6006ce60087000000000000000000daf0[payload->]...*..l..............||61,658
2025-08-03T07:04:34.039 0100|00|00|05|fa0001|3641013f21[payload->]?!||8,511
2025-08-03T07:04:34.140 0100|01|00|18|e601fe|36410103e6002ae6006ce60087000000000000000000daf0[payload->]...*..l..............||61,658
2025-08-03T07:34:36.375 0100|00|00|05|fa0001|3641013f21[payload->]?!||8,511
2025-08-03T07:34:36.577 0100|01|00|18|e601fe|36410103e6002ae6006ce60087000000000000000000daf0[payload->]...*..l..............||61,658
2025-08-03T08:04:35.671 0100|00|00|05|fa0001|3641013f21[payload->]?!||8,511
2025-08-03T08:04:35.873 0100|01|00|18|e601fe|36410103e6002ae6006ce60087000000000000000000daf0[payload->]...*..l..............||61,658
2025-08-03T08:31:25.540 0100|00|00|05|fa0001|3641013f21[payload->]?!||8,511
2025-08-03T08:31:25.742 0100|01|00|18|e601fe|36410103e6002ae6006ce60087000000000000000000daf0[payload->]...*..l..............||61,658
2025-08-03T08:34:35.683 0100|00|00|05|fa0001|3641013f21[payload->]?!||8,511
2025-08-03T08:34:35.784 0100|01|00|18|e601fe|36410103e6002ae6006ce60087000000000000000000daf0[payload->]...*..l..............||61,658
2025-08-03T09:04:37.158 0100|00|00|05|fa0001|3641013f21[payload->]?!||8,511
2025-08-03T09:04:37.460 0100|01|00|18|e601fe|36410103e6002ae6006ce60087000000000000000000daf0[payload->]...*..l..............||61,658
2025-08-03T09:34:36.958 0100|00|00|05|fa0001|3641013f21[payload->]?!||8,511
2025-08-03T09:34:37.059 0100|01|00|18|e601fe|36410103e6002ae6006ce60087000000000000000000daf0[payload->]...*..l..............||61,658
2025-08-03T10:31:24.845 0100|00|00|05|fa0001|3641013f21[payload->]?!||8,511
2025-08-03T10:31:25.047 0100|01|00|18|e601fe|36410103e6002ae6006ce60087000000000000000000daf0[payload->]...*..l..............||61,658
2025-08-03T10:34:36.668 0100|00|00|05|fa0001|3641013f21[payload->]?!||8,511
2025-08-03T10:34:36.870 0100|01|00|18|e601fe|36410103e6002ae6006ce60087000000000000000000daf0[payload->]...*..l..............||61,658
2025-08-03T11:04:36.944 0100|00|00|05|fa0001|3641013f21[payload->]?!||8,511
2025-08-03T11:31:24.940 0100|00|00|05|fa0001|3641013f21[payload->]?!||8,511
2025-08-03T11:31:25.142 0100|01|00|18|e601fe|36410103e6002ae6006ce60087000000000000000000daf0[payload->]...*..l..............||61,658
2025-08-03T11:34:36.712 0100|00|00|05|fa0001|3641013f21[payload->]?!||8,511
2025-08-03T11:34:36.813 0100|01|00|18|e601fe|36410103e6002ae6006ce60087000000000000000000daf0[payload->]...*..l..............||61,658
2025-08-03T12:04:37.050 0100|00|00|05|fa0001|3641013f21[payload->]?!||8,511
2025-08-03T12:04:37.252 0100|01|00|18|e601fe|36410103e6002ae6006ce60087000000000000000000daf0[payload->]...*..l..............||61,658
2025-08-03T12:31:24.915 0100|00|00|05|fa0001|3641013f21[payload->]?!||8,511
2025-08-03T12:31:25.016 0100|01|00|18|e601fe|36410103e6002a66006ce60087000000000000000000daf0[payload->]...*f.l..............||61,658
2025-08-03T12:34:37.000 0100|00|00|05|fa0001|3641013f21[payload->]?!||8,511
2025-08-03T12:34:37.202 0100|01|00|18|e601fe|36410103e6002ae6006ce60087000000000000000000daf0[payload->]...*..l..............||61,658
2025-08-03T13:04:37.042 0100|00|00|05|fa0001|3641013f21[payload->]?!||8,511
2025-08-03T13:04:37.244 0100|01|00|18|e601fe|36410103e6002ae6006ce60087000000000000000000daf0[payload->]...*..l..............||61,658
2025-08-03T13:31:24.928 0100|00|00|05|fa0001|3641013f21[payload->]?!||8,511
2025-08-03T13:31:25.029 0100|01|00|18|e601fe|36410103e6002ae6006ce60087000000000000000000daf0[payload->]...*..l..............||61,658
2025-08-03T13:34:38.147 0100|00|00|05|fa0001|3641013f21[payload->]?!||8,511
2025-08-03T13:34:38.349 0100|01|00|18|e601fe|36410103e6002ae6006ce60087000000000000000000daf0[payload->]...*..l..............||61,658
2025-08-03T14:04:37.114 0100|00|00|05|fa0001|3641013f21[payload->]?!||8,511
2025-08-03T14:04:37.215 0100|01|00|18|e601fe|36410103e6002ae6006ce60087000000000000000000daf0[payload->]...*..l..............||61,658
2025-08-03T14:31:25.298 0100|01|20|18|e601fe|36410103e6002ae6006ce60087000000000000000000daf0[payload->]...*..l..............||61,658
2025-08-03T15:04:37.018 0100|00|00|05|fa0001|3641013f21[payload->]?!||8,511
2025-08-03T15:04:37.220 0100|01|00|18|e601fe|36410103e6002ae6006ce60087000000000000000000daf0[payload->]...*..l..............||61,658
2025-08-03T15:34:37.033 0100|00|00|05|fa0001|3641013f21[payload->]?!||8,511
2025-08-03T15:34:37.235 0100|01|00|18|e601fe|36410103e6002ae6006ce60087000000000000000000daf0[payload->]...*..l..............||61,658
2025-08-03T16:04:37.147 0100|00|00|05|fa0001|3641013f21[payload->]?!||8,511
2025-08-03T16:04:37.349 0100|01|00|18|e601fe|36410103e6002ae6006ce60087000000000000000000daf0[payload->]...*..l..............||61,658
2025-08-03T16:31:24.639 0100|00|00|05|fa0001|3641013f21[payload->]?!||8,511
2025-08-03T16:31:24.740 0100|01|00|18|e601fe|36410103e6002ae6006ce60087000000000000404240daf0[payload->]...*..l.........@B@..||61,658
2025-08-03T16:34:38.153 0100|00|00|05|fa0001|3641013f21[payload->]?!||8,511
2025-08-03T16:34:38.255 0100|01|00|18|e601fe|36410103e6002ae6006ce60087000000000000000000daf0[payload->]...*..l..............||61,658
2025-08-03T17:04:38.111 0100|00|00|05|fa0001|3641013f21[payload->]?!||8,511
2025-08-03T17:04:38.212 0100|01|00|18|e601fe|36410103e6002ae6006ce60087000000000000000000daf0[payload->]...*..l..............||61,658
2025-08-03T17:31:24.679 0100|00|00|05|fa0001|3641013f21[payload->]?!||8,511
2025-08-03T17:31:24.780 0100|01|00|18|e601fe|36410103e6002ae6006ce60087000000000000000000daf0[payload->]...*..l..............||61,658
2025-08-03T17:34:38.153 0100|00|00|05|fa0001|3641013f21[payload->]?!||8,511
2025-08-03T17:34:38.254 0100|01|00|18|e601fe|36410102e6002ae6006ce60087000000000000000000daf0[payload->]...*..l..............||61,658
2025-08-03T18:04:39.151 0100|00|00|05|fa0001|3641013f21[payload->]?!||8,511
2025-08-03T18:04:39.252 0100|01|00|18|e601fe|36410103e6002ae6006ce60087000000000000000000daf0[payload->]...*..l..............||61,658
