2025-07-31T09:08:17.572 0100|01|00|06|f801fe|441d0101a7c6[payload->]...||50,855
2025-07-31T09:28:47.592 0100|01|00|06|f801fe|441d0101a7c6[payload->]...||50,855
2025-07-31T15:40:11.233 0100|01|00|06|f801fe|441d0101a7c6[payload->]...||50,855
2025-07-31T15:59:01.133 0100|01|00|06|f801fe|441d0101a7c6[payload->]...||50,855
2025-07-31T18:03:01.004 0100|01|00|06|f801fe|441d0101a7c6[payload->]...||50,855
2025-07-31T20:29:33.036 0100|01|00|06|f801fe|441d0101a7c6[payload->]...||50,855
2025-07-31T20:36:43.090 0100|01|00|06|f801fe|441d0101a7c6[payload->]...||50,855
2025-08-01T03:11:25.101 0100|00|00|05|fa0001|441d01e1b9[payload->]..||47,585
2025-08-01T04:45:15.216 0100|01|00|06|f801fe|441d0101a7c6[payload->]...||50,855
2025-08-01T08:49:25.096 0100|00|00|05|fa0001|441d01e1b9[payload->]..||47,585
2025-08-01T14:44:07.002 0100|01|00|06|f801fe|441d0101a7c6[payload->]...||50,855
2025-08-01T15:26:07.081 0100|01|00|06|f801fe|441d0101a7c6[payload->]...||50,855
2025-08-01T16:11:37.009 0100|01|00|06|f801fe|441d0101a7c6[payload->]...||50,855
2025-08-01T17:12:07.028 0100|01|00|06|f801fe|441d0101a7c6[payload->]...||50,855
2025-08-01T21:45:41.102 0100|01|00|06|f801fe|441d0101a7c6[payload->]...||50,855
2025-08-02T00:42:01.101 0100|01|00|06|f801fe|441d0101a7c6[payload->]...||50,855
2025-08-02T01:33:00.966 0100|00|00|05|fa0001|441d01e1b9[payload->]..||47,585
2025-08-02T01:42:31.035 0100|00|00|05|fa0001|441d01e1b9[payload->]..||47,585
2025-08-02T05:08:31.475 0100|01|00|06|f801fe|441d0101a7c6[payload->]...||50,855
2025-08-02T07:10:31.029 0100|01|00|06|f801fe|441d0101a7c6[payload->]...||50,855
2025-08-02T10:15:41.097 0100|01|00|06|f801fe|441d0101a7c6[payload->]...||50,855
2025-08-02T17:04:43.199 0100|01|00|06|f801fe|441d0101a7c6[payload->]...||50,855
2025-08-03T06:11:07.239 0100|00|00|05|fa0001|441d01e1b9[payload->]..||47,585
2025-08-03T07:42:48.327 0100|01|00|06|f801fe|441d0101a7c6[payload->]...||50,855
2025-08-03T15:23:39.060 0100|01|00|06|f801fe|441d0101a7c6[payload->]...||50,855
2025-08-03T17:04:58.998 0100|01|00|06|f801fe|441d0101a7c6[payload->]...||50,855
