2025-07-31T01:22:00.209 0100|00|00|05|fe2004|01ffffffff[payload->]..||65,535
2025-07-31T16:35:00.245 0100|00|00|05|fa0003|01ffff859c[payload->]..||40,069
2025-08-01T00:35:09.067 0100|01|07|5f|101003|01ffff859c0100000005fa00012004016bf20100010009f501fe200401ffffffff850d0100000005fa0001200201cbf1010001000bf301fe200201ae8da802453b1e8d0100000005fa0003100301ecf10100010007f701fe100301ffff859c[payload->].......... ..k......... ................ ............ ......E;..............................||40,069
2025-08-01T09:39:55.696 0100|07|f7|09|fe1003|01ffff859c01000000[payload->]......||0,000
2025-08-01T13:28:34.606 0100|07|f7|41|fe1003|01ffff859c0100000005fa0003100301ecf10100010007f701fe100301ffff859c0100000005fa0003200401d3f30100010009f501fe200401ffffffff850d0100[payload->]...................................... ............ ..........||0,001
2025-08-01T15:34:59.771 0100|07|f7|41|fe1003|01ffff859c0100000005fa00011f860306230100010009f501fe1f86030514000038e40100000005fa00011f880067670100010006f801fe1f8800033e41010000[payload->]..............#...............8............gg............>A...||0,000
2025-08-01T19:58:51.008 0100|00|00|05|fa2004|01ffffffff[payload->]..||65,535
2025-08-01T21:27:39.813 0100|07|f7|85|fe1003|01ffff859c0100000005fa00012004016bf20100010009f501fe200401ffffffff850d0100000005fa0001200201cbf1010001000bf301fe200201ae8da802453b1e8dff0100000005fa0003100301ecf10100090007f701fe100301ffff859cff0100000005fa0003200401d3f30100010009f501fe200401ffffffff850d0100000005fa[payload->].......... ..k......... ................ ............ ......E;........................................ ............ ..............||64,005
2025-08-01T22:09:40.154 0100|09|f5|41|fe2004|01ffffffff850d0100000005fa0001500e00d0340100010006f801fe500e000002f60100000005fa0001301902ffba8184010009f501fe30190201010102308a01[payload->]............P...4........P.............0............0......0..||0,394
2025-08-02T00:48:29.507 0100|09|f5|41|fe2004|01ffffffff850d0100000005fa000150010020310100010006f801fe5001000001c60100000005fa0001500e00d0340100010806f801fe500e000002f601000000[payload->]............P.. 1........P.............P...4........P.........||0,000
2025-08-02T01:34:14.693 0100|09|f5|81|fe2404|01ffffffff850d0100000005fa0001340c056cb40100010007f701fe340c056e0087830100000005fa000154190121bb0180010007f701fe5419013c00227b0100000005fa0001200201cbf1010001000bf301fe200201ae8da802453b1e8d0100000005fa000150aa00104e0100010006f801fe50aa0000e1b70100000005fa00[payload->]............4..l.........4..n...........T..!.........T..<."{........ ............ ......E;..........P...N........P............||0,250
2025-08-02T01:55:19.042 0100|09|f5|03|fe2004|01ffff[payload->]||65,535
2025-08-02T02:09:59.217 0100|49|f7|03|fe2004|01ffff[payload->]||65,535
2025-08-02T02:42:19.578 0100|09|f5|41|fe2004|01ffffffff850d0100000005fa0001500e00d0340100010006f801fe500e000002f6fefc0100000005fa0001200201cbf1010001000bf301fe200201ae8da80245[payload->]............P...4........P............... ............ ......E||17,666
2025-08-02T02:48:04.403 0100|4b|f5|03|fe2004|01ffff[payload->]||65,535
2025-08-02T03:09:39.260 0100|0b|f7|03|fe2004|01ffff[payload->]||65,535
2025-08-02T03:24:39.579 0100|09|f5|03|fe2004|01ffff[payload->]||65,535
2025-08-02T03:56:14.274 0100|09|f5|09|fe2004|01ffffffff850d0100[payload->]......||0,001
2025-08-02T04:44:44.322 0100|49|f5|03|fe2004|01ffff[payload->]||65,535
2025-08-02T04:54:58.983 0100|07|f7|41|fe1003|01ffff859c0100000005fa0001560f0181140100010006f801fe560f01011a67ffffff0100000005fa000110030154f00140010007f701fe100301ffff859c0100[payload->]..........V............V....g..............T..@...............||0,001
2025-08-02T05:36:04.428 0100|09|f5|09|fe2004|01ffffffff850d0100[payload->]......||0,001
2025-08-02T05:51:09.486 0100|09|fd|09|fe2004|01ffffffff850d0100[payload->]......||0,001
2025-08-02T06:05:29.231 0100|47|f7|03|fe1003|01ffff[payload->]||65,535
2025-08-02T06:12:19.269 0100|07|ff|09|fe1003|01ffff859c01000000[payload->]......||0,000
2025-08-02T06:24:49.293 0100|07|f7|09|fe1003|01ffff859c01000000[payload->]......||0,000
2025-08-02T06:33:59.297 0100|47|f7|03|fe1003|01ffff[payload->]||65,535
2025-08-02T06:37:19.256 0100|07|f7|03|fe1003|01ffff[payload->]||65,535
2025-08-02T06:39:39.332 0100|07|f7|09|fe1003|01ffff859c01000000[payload->]......||0,000
2025-08-02T07:06:09.843 0100|07|f7|81|fe1003|01ffff859c0100000005fa00012004016bf20100010009f501fe200401ffffffff850d0100000005fa0001365f019f28010001000bf301fe365f01000000000000a9680100000005fa0001200201cbf1010001000bf341fe600201ae8da802453b1e8d0100000005fa0001365e010f29010001000bf301fe365e01000000000000[payload->].......... ..k......... ................6_..(........6_........h........ ..........A.`......E;..........6^..)........6^.......||0,000
2025-08-02T07:11:49.315 0100|07|f7|05|fe1003|01ffff859c[payload->]..||40,069
2025-08-02T07:16:29.304 0100|0f|ff|03|fe1003|01ffff[payload->]||65,535
2025-08-02T07:21:39.327 0100|07|f7|03|fe1003|01ffff[payload->]||65,535
2025-08-02T07:22:59.558 0100|07|f7|41|fe1003|01ffff859c0100000005fa00012004016bf20100010009f501fe200401ffffffff850d0100000005fa0001200201cbf1010001000bf301fe200201ae8da802453b[payload->].......... ..k......... ................ ............ ......E;||15,173
2025-08-02T07:24:09.483 0100|07|f7|41|fe1003|01ffff859c0100000005fa00012004016bf20100010009f501fe200401ffffffff850d0100000005fa0001200201cbf1010001000bf301fe200001ae8da802453b[payload->].......... ..k......... ................ ............ ......E;||15,173
2025-08-02T07:26:59.282 0100|0f|f7|09|fe1003|01ffff859c01000000[payload->]......||0,000
2025-08-02T07:30:09.319 0100|07|f7|03|fe1003|01ffff[payload->]||65,535
2025-08-02T07:31:04.822 0100|07|f7|03|fe1003|01ffff[payload->]||65,535
2025-08-02T07:33:19.468 0100|0f|ff|03|fe1003|01ffff[payload->]||65,535
2025-08-02T07:33:29.476 0100|07|ff|09|fe1003|01ffff859c01000000[payload->]......||0,000
2025-08-02T08:34:00.401 0100|07|f7|03|fe1003|01ffff[payload->]||65,535
2025-08-02T08:50:39.389 0100|07|f7|41|fe1003|01ffff859c0100000005fa00013023009e29010001000bf301fe3023006ecde501553ba9690100000005fa00012004016bf20100010009f501fe200401ffffffff[payload->]..........0#..)........0#.n...U;.i........ ..k......... ......||65,535
2025-08-02T08:51:05.630 0100|0b|f7|03|fe2004|01ffff[payload->]||65,535
2025-08-02T09:23:04.159 0100|07|f7|03|fe5003|01ffff[payload->]||65,535
2025-08-02T09:31:31.628 0100|00|00|05|fa1003|01ffff859c[payload->]..||40,069
2025-08-02T09:33:09.212 0100|07|f7|09|fe1003|01ffff859c01000000[payload->]......||0,000
2025-08-02T09:33:44.638 0100|09|f5|09|fe2004|01ffffffff850d0100[payload->]......||0,001
2025-08-02T09:40:29.223 0100|07|f7|09|fe1003|01ffff859c01000000[payload->]......||0,000
2025-08-02T09:58:49.164 0100|07|f7|03|fe1003|01ffff[payload->]||65,535
2025-08-02T10:00:04.558 0100|09|f5|09|fe2004|01ffffffff810d0100[payload->]......||0,001
2025-08-02T10:21:34.104 0100|07|f7|03|fe1003|01ffff[payload->]||65,535
2025-08-02T10:21:54.186 0100|07|f7|03|fe1003|01ffff[payload->]||65,535
2025-08-02T10:33:39.225 0100|07|f7|09|fe1003|01ffff859c01000000[payload->]......||0,000
2025-08-02T10:36:34.811 0100|09|f5|03|fe2004|01ffff[payload->]||65,535
2025-08-02T10:57:39.771 0100|09|f5|03|fe2004|01ffff[payload->]||65,535
2025-08-02T10:59:24.436 0100|07|f7|41|fe1003|01ffff859c0100000005fa00012004016bf20100010009f501fe200401ffffffff850d0100000005fa0001200201cbf1010001000bf301fe200201ae8da802453b[payload->].......... ..k......... ................ ............ ......E;||15,173
2025-08-02T11:11:09.156 0100|07|ff|09|fe1003|01ffff859c01000000[payload->]......||0,000
2025-08-02T11:15:24.158 0100|0f|ff|09|fe1003|01ffff859c01000000[payload->]......||0,000
2025-08-02T11:18:14.236 0100|07|f7|09|fe1003|01ffff859c01000000[payload->]......||0,000
2025-08-02T11:33:00.028 0100|09|f5|41|fe2004|01ffffffff850d0100000005fa000320020173f0010001000bf301fe2002010000000000006c4a0100000005fa0001342001ffa8010001000bf301fe3421010000[payload->]............ ..s......... ........lJ........4 ...........4!...||0,000
2025-08-02T12:03:34.302 0100|07|f7|09|fe1003|01ffff859c01000000[payload->]......||0,000
2025-08-02T12:09:54.209 0100|07|f7|09|fe1003|01ffff859c01000000[payload->]......||0,000
2025-08-02T12:17:49.592 0100|0f|f7|09|fe1003|01ffff859c01000000[payload->]......||0,000
2025-08-02T12:25:34.276 0100|0f|f7|03|fe1003|01ffff[payload->]||65,535
2025-08-02T12:27:44.375 0100|07|f7|41|fe1003|01ffff859c0100000005fa000110030154f00100010007f701fe100301ffff859c0100000005fa00012004016bf20100010009f501fe200401ffffffff850d0100[payload->].............T........................ ..k......... ..........||0,001
2025-08-02T12:30:04.644 0100|49|f5|03|fe2004|01ffff[payload->]||65,535
2025-08-02T12:49:15.031 0100|07|f7|41|fe1003|01ffff859c0100000005fa0003200401d3f30100010009f501fe200401ffffffff850d0100000005fa000320020173f0010001000bf301fe200201000000000000[payload->].......... ............ ................ ..s......... ........||0,000
2025-08-02T12:58:54.528 0100|49|ff|03|fe6004|01ffff[payload->]||65,535
2025-08-02T13:01:24.306 0100|07|f7|09|fe1003|01ffff859c01000000[payload->]......||0,000
2025-08-02T13:04:54.703 0100|09|f5|03|fe2004|01ffff[payload->]||65,535
2025-08-02T13:10:29.758 0100|09|f5|09|fe2004|01ffffffff850d0100[payload->]......||0,001
2025-08-02T13:17:09.590 0100|07|f7|41|fe1003|01ffff859c0100000005fa0001365401af2f0100010007f701fe365401ac0d43380100000005fa0001345501ff8f0100010106f801fe3455010071990100000005[payload->]..........6T../........6T...C8........4U...........4U..q......||1,280
2025-08-02T13:34:08.308 0100|07|f7|03|fe1003|01ffff[payload->]||65,535
2025-08-02T13:44:44.253 0100|07|f7|03|fe1003|01ffff[payload->]||65,535
2025-08-02T14:02:20.051 0100|09|f5|41|fe2004|01ffffffff850d0100000005fa000320020173f0010001000bf301fe2002010000000000006c4a0100000005fa00013023009e29010001000bf301fe3023001c24[payload->]............ ..s......... ........lJ........0#..)........0#..$||9,244
2025-08-02T14:13:24.306 0100|07|f7|09|fe1003|01ffff859c01000000[payload->]......||0,000
2025-08-02T15:21:28.980 0100|07|f7|09|fe100b|01ffff859c01000000[payload->]......||0,000
2025-08-02T15:33:29.441 0100|07|f7|40|ff1003|01ffff859c0100000005fa00012004016bf20100010009f501fe200401ffffffff850d0100000005fa0001200201cbf1010001000bf301fe200201ae8da80245[payload->].......... ..k......... ................ ............ ......E||17,666
2025-08-02T15:44:10.046 0100|09|f5|41|fe2004|01ffffffff850d0100000005fa000320020173f0010001000bf301fe2002010000000000006c4a0100000005fa0001560f0181140100010006f801fe560f01011a[payload->]............ ..s......... ........lJ........V............V....||6,657
2025-08-02T15:44:14.688 0100|09|f5|03|fe2004|01ffff[payload->]||65,535
2025-08-02T17:51:19.890 0100|09|f5|41|fe2004|01ffffffff850d0100000005fa0001200201cbf1010001000bf301fe200201ae8da802453b1e8d0100000005fa0003100301ecf10100050007f701fe100301ffff[payload->]............ ............ ......E;............................||65,535
2025-08-02T17:54:09.353 0100|09|f5|03|fe2004|01ffff[payload->]||65,535
2025-08-02T18:06:19.517 0100|07|f7|03|fe1003|01ffff[payload->]||65,535
2025-08-02T18:24:04.861 0100|07|f7|03|fe1003|01ffff[payload->]||65,535
2025-08-02T18:38:04.820 0100|09|f5|09|fe2004|01ffffffff850d0100[payload->]......||0,001
2025-08-02T18:55:29.090 0100|07|f7|41|fe1003|01ffff859c0100000005fa00013023009e29010001000bf301fe302300128a0f04553b43f2010000d0012e047875090001d0012d0588890100000005fa0001500e[payload->]..........0#..)........0#.....U;C........xu.....-...........P.||3,664
2025-08-02T19:02:38.421 0100|07|f7|05|fe1003|01ffff859c[payload->]..||40,069
2025-08-02T19:39:34.734 0100|4f|f7|03|fe1003|01ffff[payload->]||65,535
2025-08-02T19:45:59.275 0100|07|f7|09|fe1003|01ffff859c01000000[payload->]......||0,000
2025-08-02T23:51:09.787 0100|07|f7|03|fe1003|01ffff[payload->]||65,535
2025-08-03T00:36:51.748 0100|0f|f7|81|fe1003|01ffff859c0100000005fa0003200401d3f30100010009f501fe200401ffffffff850d0100000005fa000320020173f0010001000bf301fe2002010000000000006c4aff010000d0012e047875010001d0012d0588890100000005fa000154100171bd0100010006f801fe541001026517ffffff010000d0012e047875010001d0[payload->].......... ............ ................ ..s......... ........lJ........xu.....-...........T..q.........T...e...........xu....||53,249
2025-08-03T00:46:04.994 0100|07|f7|09|fe1003|01ffff859c01000000[payload->]......||0,000
2025-08-03T01:13:57.065 0100|07|ff|09|fe1003|01ffff859cffff0100[payload->]......||0,001
2025-08-03T01:46:34.254 0100|07|f7|09|fe1003|01ffff859c01000000[payload->]......||0,000
2025-08-03T02:22:35.145 0100|07|f7|41|fe1003|01ffff859c0100000005fa0003200401d3f30100010009f501fe200401ffffffff850d0100000005fa000320020173f0010001000bf301fe200201000000000000[payload->].......... ............ ................ ..s......... ........||0,000
2025-08-03T02:39:20.109 0100|0f|f7|41|fe1003|01ffff859c0100000005fa00012004016bf20100010009f501fe200401ffffffff850d0100000005fa0001200201cbf1010001000bf301fe200201ae8da802453b[payload->].......... ..k......... ................ ............ ......E;||15,173
2025-08-03T02:47:37.728 0100|0f|ff|09|fe1003|01ffff859cffffffff[payload->]......||65,535
2025-08-03T03:57:29.843 0100|07|f7|03|fe1003|01ffff[payload->]||65,535
2025-08-03T04:20:17.985 0100|07|ff|09|fe1803|01ffff859c01000000[payload->]......||0,000
2025-08-03T05:53:07.777 0100|07|f7|03|fe1003|01ffff[payload->]||65,535
2025-08-03T09:23:14.464 0100|07|f7|03|fe1003|01ffff[payload->]||65,535
2025-08-03T10:11:00.292 0100|07|ff|09|fe1003|01ffff859c01000000[payload->]......||0,000
2025-08-03T10:13:49.684 0100|07|f7|05|fe1003|01ffff859c[payload->]..||40,069
2025-08-03T10:23:49.747 0100|09|f5|03|fe2004|01ffff[payload->]||65,535
2025-08-03T11:04:19.760 0100|09|f5|03|fe2004|01ffff[payload->]||65,535
2025-08-03T11:09:41.541 0100|47|f7|03|fe1003|01ffff[payload->]||65,535
2025-08-03T11:25:30.538 0100|09|fd|09|fe2004|01ffffffff850d0100[payload->]......||0,001
2025-08-03T11:54:14.606 0100|09|f5|05|fe2004|01ffffffff[payload->]..||65,535
2025-08-03T12:22:24.560 0100|07|f7|09|fe1003|01ffff859c01000000[payload->]......||0,000
2025-08-03T12:26:24.803 0100|07|f7|43|fe1003|01ffff859c0100000005fa00012004016bf20100010009f501fe200401ffffffff850d0100000005fa0001200201cbf1010001000bf301fe200201ae8da802453b1e8d[payload->].......... ..k......... ................ ............ ......E;..||36,126
2025-08-03T12:33:55.158 0100|09|f5|85|fe2004|01ffffffff850d0100000005fa0001200201cbf1010001000bf301fe200201ae8da802453b1e8d0100000005fa0003100301ecf10100010007f701fe100301ffff859c0100000005fa0003200401d3f30100010009f501fe200401ffffffff850d0100000005fa000320020173f0010001000bf301fe2002010000000000006c4a01000000[payload->]............ ............ ......E;...................................... ............ ................ ..s......... ........lJ....||0,000
2025-08-03T12:45:14.562 0100|09|f5|03|fe2004|01ffff[payload->]||65,535
2025-08-03T13:59:04.852 0100|07|f7|41|fe1003|01ffff859c0100000005fa00012004016bf20100010009f501fe200401ffffffff850d0100000005fa0001200201cbf1010001000bf301fe200201ae8da802453b[payload->].......... ..k......... ................ ............ ......E;||15,173
2025-08-03T15:03:24.731 0100|09|f5|03|fe2004|01ffff[payload->]||65,535
2025-08-03T15:57:01.014 0100|00|00|04|fe1003|01ffff85[payload->].||34,303
2025-08-03T16:55:29.559 0100|09|f5|03|fe2004|01ffff[payload->]||65,535
2025-08-03T16:58:59.737 0100|09|fd|09|fe200c|01ffffffff850dfefb[payload->]......||64,510
2025-08-03T17:12:55.694 0100|09|f5|81|fe2004|01ffffffff850d0100000005fa0001200201cbf1010001000bf301fe200201ae8da802453b1e8d0100000005fa0003100301ecf10100010007f701fe100301ffff859c0100000005fa0003200401d3f30100010009f501fe200401ffffffff850d0100000005fa000320020173f0010001000bf301fe2002010000000000006c4a[payload->]............ ............ ......E;...................................... ............ ................ ..s......... ........lJ||19,052
2025-08-03T17:14:44.589 0100|09|f5|03|fe2004|01ffff[payload->]||65,535
2025-08-03T17:17:05.103 0100|09|f5|03|fe2004|01ffff[payload->]||65,535
2025-08-03T17:27:14.987 0100|4b|f7|43|fe2004|01ffffffff850d0100000005fa0001200201cbf1010001000bf301fe200201aecda802453b1e8d0100000005fa0003100301ecf10100010007f701fe100301ffff859c[payload->]............ ............ ......E;..............................||40,069
2025-08-03T17:28:59.720 0100|09|f7|03|fe2044|01ffff[payload->]||65,535
2025-08-03T17:45:59.579 0100|49|f5|03|fe2004|01ffff[payload->]||65,535
2025-08-03T17:58:40.240 0100|07|f7|41|fe1003|01ffff859c0100000005fa00011f860007630100010006f801fe1f860003fd200100000005fa00012004016bf28100010009f501fe200401ffffffff850d010000[payload->]..............c............. ........ ..k......... ...........||0,000
